# ["--attributes=5", "--values=4", "--game_size=10", "--vocab_size_factor=3", "--n_epochs=60", "--batch_size=32", "--learning_rate=0.001", "--hidden_size=128", "--temp_update=0.97", "--temperature=1.5"]
Creating train_ds and val_ds...

Creating test_ds...
{"loss": 0.3910427689552307, "acc": 0.8147073984146118, "length": 5.8779473304748535, "mode": "train", "epoch": 1}
{"loss": 0.32272353768348694, "acc": 0.8554907441139221, "length": 6.0, "mode": "test", "epoch": 1}
{"loss": 0.29294973611831665, "acc": 0.86780846118927, "length": 5.999270439147949, "mode": "train", "epoch": 2}
{"loss": 0.26471343636512756, "acc": 0.8850440979003906, "length": 6.0, "mode": "test", "epoch": 2}
{"loss": 0.25369319319725037, "acc": 0.8902406096458435, "length": 5.999879360198975, "mode": "train", "epoch": 3}
{"loss": 0.24960024654865265, "acc": 0.8965243697166443, "length": 6.0, "mode": "test", "epoch": 3}
{"loss": 0.21861766278743744, "acc": 0.9111344814300537, "length": 5.999953746795654, "mode": "train", "epoch": 4}
{"loss": 0.22964002192020416, "acc": 0.9083232879638672, "length": 6.0, "mode": "test", "epoch": 4}
{"loss": 0.1968528926372528, "acc": 0.9223313331604004, "length": 5.99998140335083, "mode": "train", "epoch": 5}
{"loss": 0.20237886905670166, "acc": 0.9188100695610046, "length": 6.0, "mode": "test", "epoch": 5}
{"loss": 0.1875429004430771, "acc": 0.9267681837081909, "length": 5.999993324279785, "mode": "train", "epoch": 6}
{"loss": 0.21230044960975647, "acc": 0.9158594608306885, "length": 6.0, "mode": "test", "epoch": 6}
{"loss": 0.18462742865085602, "acc": 0.9280022978782654, "length": 5.999990940093994, "mode": "train", "epoch": 7}
{"loss": 0.19080056250095367, "acc": 0.9258452653884888, "length": 6.0, "mode": "test", "epoch": 7}
{"loss": 0.18160080909729004, "acc": 0.9289116263389587, "length": 5.999996662139893, "mode": "train", "epoch": 8}
{"loss": 0.1829225718975067, "acc": 0.9290603995323181, "length": 6.0, "mode": "test", "epoch": 8}
{"loss": 0.17691664397716522, "acc": 0.9308515191078186, "length": 5.999995708465576, "mode": "train", "epoch": 9}
{"loss": 0.17991755902767181, "acc": 0.9310997724533081, "length": 6.0, "mode": "test", "epoch": 9}
{"loss": 0.16948994994163513, "acc": 0.9344790577888489, "length": 5.999998569488525, "mode": "train", "epoch": 10}
{"loss": 0.1812276691198349, "acc": 0.93060302734375, "length": 6.0, "mode": "test", "epoch": 10}
{"loss": 0.17013776302337646, "acc": 0.9342896938323975, "length": 5.999998092651367, "mode": "train", "epoch": 11}
{"loss": 0.17756418883800507, "acc": 0.9324519038200378, "length": 6.0, "mode": "test", "epoch": 11}
{"loss": 0.1713539958000183, "acc": 0.9343904852867126, "length": 5.999999046325684, "mode": "train", "epoch": 12}
{"loss": 0.1759871542453766, "acc": 0.9344570636749268, "length": 6.0, "mode": "test", "epoch": 12}
{"loss": 0.17041756212711334, "acc": 0.9351849555969238, "length": 5.999999523162842, "mode": "train", "epoch": 13}
{"loss": 0.17047207057476044, "acc": 0.9355449080467224, "length": 6.0, "mode": "test", "epoch": 13}
{"loss": 0.16746088862419128, "acc": 0.9369559288024902, "length": 6.0, "mode": "train", "epoch": 14}
{"loss": 0.17177337408065796, "acc": 0.9359836578369141, "length": 6.0, "mode": "test", "epoch": 14}
{"loss": 0.16893449425697327, "acc": 0.9364156723022461, "length": 6.0, "mode": "train", "epoch": 15}
{"loss": 0.17457543313503265, "acc": 0.9334855079650879, "length": 6.0, "mode": "test", "epoch": 15}
{"loss": 0.17611977458000183, "acc": 0.9322378039360046, "length": 6.0, "mode": "train", "epoch": 16}
{"loss": 0.1918475478887558, "acc": 0.9265143871307373, "length": 6.0, "mode": "test", "epoch": 16}
{"loss": 0.16707302629947662, "acc": 0.9370307326316833, "length": 6.0, "mode": "train", "epoch": 17}
{"loss": 0.172531858086586, "acc": 0.9356369972229004, "length": 6.0, "mode": "test", "epoch": 17}
{"loss": 0.1683008074760437, "acc": 0.9371660351753235, "length": 6.0, "mode": "train", "epoch": 18}
{"loss": 0.1963953971862793, "acc": 0.9248697757720947, "length": 6.0, "mode": "test", "epoch": 18}
{"loss": 0.17655803263187408, "acc": 0.9336519241333008, "length": 6.0, "mode": "train", "epoch": 19}
{"loss": 0.17528632283210754, "acc": 0.935058057308197, "length": 6.0, "mode": "test", "epoch": 19}
{"loss": 0.18062081933021545, "acc": 0.932196319103241, "length": 6.0, "mode": "train", "epoch": 20}
{"loss": 0.19393344223499298, "acc": 0.9287540316581726, "length": 6.0, "mode": "test", "epoch": 20}
{"loss": 0.17101828753948212, "acc": 0.9366323947906494, "length": 6.0, "mode": "train", "epoch": 21}
{"loss": 0.17610765993595123, "acc": 0.9340425133705139, "length": 6.0, "mode": "test", "epoch": 21}
{"loss": 0.1779247671365738, "acc": 0.9318482279777527, "length": 6.0, "mode": "train", "epoch": 22}
{"loss": 0.174220010638237, "acc": 0.9350761771202087, "length": 6.0, "mode": "test", "epoch": 22}
{"loss": 0.174479678273201, "acc": 0.934105634689331, "length": 6.0, "mode": "train", "epoch": 23}
{"loss": 0.18272899091243744, "acc": 0.9318810701370239, "length": 6.0, "mode": "test", "epoch": 23}
{"loss": 0.18556050956249237, "acc": 0.9293053150177002, "length": 6.0, "mode": "train", "epoch": 24}
{"loss": 0.19317109882831573, "acc": 0.9262961149215698, "length": 6.0, "mode": "test", "epoch": 24}
{"loss": 0.19387219846248627, "acc": 0.9260038733482361, "length": 6.0, "mode": "train", "epoch": 25}
{"loss": 0.2012777179479599, "acc": 0.9230269193649292, "length": 6.0, "mode": "test", "epoch": 25}
{"loss": 0.18704095482826233, "acc": 0.9288797378540039, "length": 6.0, "mode": "train", "epoch": 26}
{"loss": 0.18774716556072235, "acc": 0.928826093673706, "length": 6.0, "mode": "test", "epoch": 26}
{"loss": 0.1853783279657364, "acc": 0.9292252659797668, "length": 6.0, "mode": "train", "epoch": 27}
{"loss": 0.1897890716791153, "acc": 0.9275079369544983, "length": 6.0, "mode": "test", "epoch": 27}
{"loss": 0.18372231721878052, "acc": 0.9302513003349304, "length": 6.0, "mode": "train", "epoch": 28}
{"loss": 0.18589705228805542, "acc": 0.9298277497291565, "length": 6.0, "mode": "test", "epoch": 28}
{"loss": 0.17958536744117737, "acc": 0.93257075548172, "length": 6.0, "mode": "train", "epoch": 29}
{"loss": 0.18912391364574432, "acc": 0.9287479519844055, "length": 6.0, "mode": "test", "epoch": 29}
{"loss": 0.18108263611793518, "acc": 0.9323524832725525, "length": 6.0, "mode": "train", "epoch": 30}
{"loss": 0.19258689880371094, "acc": 0.927395761013031, "length": 6.0, "mode": "test", "epoch": 30}
{"loss": 0.19794350862503052, "acc": 0.9240947961807251, "length": 6.0, "mode": "train", "epoch": 31}
{"loss": 0.21290002763271332, "acc": 0.9183332324028015, "length": 6.0, "mode": "test", "epoch": 31}
{"loss": 0.18971118330955505, "acc": 0.9277237057685852, "length": 6.0, "mode": "train", "epoch": 32}
{"loss": 0.19218909740447998, "acc": 0.9268949627876282, "length": 6.0, "mode": "test", "epoch": 32}
{"loss": 0.1916266828775406, "acc": 0.9272220134735107, "length": 6.0, "mode": "train", "epoch": 33}
{"loss": 0.22342942655086517, "acc": 0.9131010174751282, "length": 6.0, "mode": "test", "epoch": 33}
{"loss": 0.2101011574268341, "acc": 0.9178622364997864, "length": 6.0, "mode": "train", "epoch": 34}
{"loss": 0.2429477423429489, "acc": 0.8992487788200378, "length": 6.0, "mode": "test", "epoch": 34}
{"loss": 0.21299821138381958, "acc": 0.9155114889144897, "length": 6.0, "mode": "train", "epoch": 35}
{"loss": 0.2156686633825302, "acc": 0.9161519408226013, "length": 6.0, "mode": "test", "epoch": 35}
{"loss": 0.21262672543525696, "acc": 0.9162300825119019, "length": 6.0, "mode": "train", "epoch": 36}
{"loss": 0.23736901581287384, "acc": 0.9045211672782898, "length": 6.0, "mode": "test", "epoch": 36}
{"loss": 0.22968530654907227, "acc": 0.9071776270866394, "length": 6.0, "mode": "train", "epoch": 37}
{"loss": 0.23726250231266022, "acc": 0.9037660360336304, "length": 6.0, "mode": "test", "epoch": 37}
{"loss": 0.22624026238918304, "acc": 0.9104263186454773, "length": 6.0, "mode": "train", "epoch": 38}
{"loss": 0.2264590859413147, "acc": 0.9124318361282349, "length": 6.0, "mode": "test", "epoch": 38}
{"loss": 0.23723265528678894, "acc": 0.9051939249038696, "length": 6.0, "mode": "train", "epoch": 39}
{"loss": 0.2642523944377899, "acc": 0.8919370770454407, "length": 6.0, "mode": "test", "epoch": 39}
{"loss": 0.23998980224132538, "acc": 0.9037516117095947, "length": 6.0, "mode": "train", "epoch": 40}
{"loss": 0.23970773816108704, "acc": 0.9052383899688721, "length": 6.0, "mode": "test", "epoch": 40}
{"loss": 0.2372770756483078, "acc": 0.9040670990943909, "length": 6.0, "mode": "train", "epoch": 41}
{"loss": 0.2403051257133484, "acc": 0.9028885364532471, "length": 6.0, "mode": "test", "epoch": 41}
{"loss": 0.2417590320110321, "acc": 0.9027376174926758, "length": 6.0, "mode": "train", "epoch": 42}
{"loss": 0.25451093912124634, "acc": 0.8974999189376831, "length": 6.0, "mode": "test", "epoch": 42}
{"loss": 0.24918213486671448, "acc": 0.8998719453811646, "length": 6.0, "mode": "train", "epoch": 43}
{"loss": 0.2726128399372101, "acc": 0.8888621926307678, "length": 6.0, "mode": "test", "epoch": 43}
{"loss": 0.25842270255088806, "acc": 0.8948188424110413, "length": 6.0, "mode": "train", "epoch": 44}
{"loss": 0.25655505061149597, "acc": 0.8962439894676208, "length": 6.0, "mode": "test", "epoch": 44}
{"loss": 0.2457796186208725, "acc": 0.9011740684509277, "length": 6.0, "mode": "train", "epoch": 45}
{"loss": 0.25064319372177124, "acc": 0.8995993733406067, "length": 6.0, "mode": "test", "epoch": 45}
{"loss": 0.26427409052848816, "acc": 0.8913235664367676, "length": 6.0, "mode": "train", "epoch": 46}
{"loss": 0.28736820816993713, "acc": 0.8795012831687927, "length": 6.0, "mode": "test", "epoch": 46}
{"loss": 0.2694872319698334, "acc": 0.888184130191803, "length": 6.0, "mode": "train", "epoch": 47}
{"loss": 0.29155445098876953, "acc": 0.8769550919532776, "length": 6.0, "mode": "test", "epoch": 47}
{"loss": 0.2635248303413391, "acc": 0.890304684638977, "length": 5.9999918937683105, "mode": "train", "epoch": 48}
{"loss": 0.2686927616596222, "acc": 0.8881450891494751, "length": 6.0, "mode": "test", "epoch": 48}
{"loss": 0.24999922513961792, "acc": 0.897308349609375, "length": 6.0, "mode": "train", "epoch": 49}
{"loss": 0.25172606110572815, "acc": 0.897167444229126, "length": 6.0, "mode": "test", "epoch": 49}
{"loss": 0.25650909543037415, "acc": 0.8927683234214783, "length": 6.0, "mode": "train", "epoch": 50}
{"loss": 0.26472175121307373, "acc": 0.8893510699272156, "length": 6.0, "mode": "test", "epoch": 50}
{"loss": 0.2461678385734558, "acc": 0.8989907503128052, "length": 6.0, "mode": "train", "epoch": 51}
{"loss": 0.2488640695810318, "acc": 0.8977464437484741, "length": 6.0, "mode": "test", "epoch": 51}
{"loss": 0.24104174971580505, "acc": 0.9015637040138245, "length": 6.0, "mode": "train", "epoch": 52}
{"loss": 0.23624898493289948, "acc": 0.9043489098548889, "length": 6.0, "mode": "test", "epoch": 52}
{"loss": 0.23305197060108185, "acc": 0.9061510562896729, "length": 6.0, "mode": "train", "epoch": 53}
{"loss": 0.24185357987880707, "acc": 0.9027262926101685, "length": 6.0, "mode": "test", "epoch": 53}
{"loss": 0.23252034187316895, "acc": 0.9064692854881287, "length": 6.0, "mode": "train", "epoch": 54}
{"loss": 0.24841852486133575, "acc": 0.8999539613723755, "length": 6.0, "mode": "test", "epoch": 54}
{"loss": 0.24071857333183289, "acc": 0.9033860564231873, "length": 6.0, "mode": "train", "epoch": 55}
{"loss": 0.25545743107795715, "acc": 0.8970552682876587, "length": 6.0, "mode": "test", "epoch": 55}
{"loss": 0.24744585156440735, "acc": 0.8991469144821167, "length": 6.0, "mode": "train", "epoch": 56}
{"loss": 0.25791263580322266, "acc": 0.8941887617111206, "length": 6.0, "mode": "test", "epoch": 56}
{"loss": 0.245096817612648, "acc": 0.8994476199150085, "length": 6.0, "mode": "train", "epoch": 57}
{"loss": 0.25037896633148193, "acc": 0.8978727459907532, "length": 6.0, "mode": "test", "epoch": 57}
{"loss": 0.24276727437973022, "acc": 0.9014668464660645, "length": 6.0, "mode": "train", "epoch": 58}
{"loss": 0.2582181990146637, "acc": 0.8937018513679504, "length": 6.0, "mode": "test", "epoch": 58}
{"loss": 0.24484239518642426, "acc": 0.8998025059700012, "length": 6.0, "mode": "train", "epoch": 59}
{"loss": 0.252103716135025, "acc": 0.8967687487602234, "length": 6.0, "mode": "test", "epoch": 59}
{"loss": 0.2454400360584259, "acc": 0.8990447521209717, "length": 6.0, "mode": "train", "epoch": 60}
{"loss": 0.24456295371055603, "acc": 0.8989202380180359, "length": 6.0, "mode": "test", "epoch": 60}
test accuracy: 0.8931862711906433
