# ["--attributes=5", "--values=4", "--game_size=10", "--vocab_size_factor=3", "--n_epochs=60", "--batch_size=32", "--learning_rate=0.0005", "--hidden_size=128", "--temp_update=0.99", "--temperature=2"]
Creating train_ds and val_ds...

Creating test_ds...
{"loss": 0.4250938296318054, "acc": 0.7935759425163269, "length": 5.876492023468018, "mode": "train", "epoch": 1}
{"loss": 0.4376949965953827, "acc": 0.7900688648223877, "length": 6.0, "mode": "test", "epoch": 1}
{"loss": 0.3180471658706665, "acc": 0.8550204634666443, "length": 5.998669624328613, "mode": "train", "epoch": 2}
{"loss": 0.3588601052761078, "acc": 0.8359594345092773, "length": 6.0, "mode": "test", "epoch": 2}
{"loss": 0.2843998968601227, "acc": 0.8729625344276428, "length": 5.999197959899902, "mode": "train", "epoch": 3}
{"loss": 0.3217471241950989, "acc": 0.8505961894989014, "length": 6.0, "mode": "test", "epoch": 3}
{"loss": 0.2566617727279663, "acc": 0.8862977027893066, "length": 5.999835014343262, "mode": "train", "epoch": 4}
{"loss": 0.27028748393058777, "acc": 0.8782171010971069, "length": 6.0, "mode": "test", "epoch": 4}
{"loss": 0.2432616800069809, "acc": 0.8930009603500366, "length": 5.999948978424072, "mode": "train", "epoch": 5}
{"loss": 0.2632669508457184, "acc": 0.885685384273529, "length": 6.0, "mode": "test", "epoch": 5}
{"loss": 0.22523514926433563, "acc": 0.9019170999526978, "length": 5.999984264373779, "mode": "train", "epoch": 6}
{"loss": 0.23590555787086487, "acc": 0.9016204476356506, "length": 6.0, "mode": "test", "epoch": 6}
{"loss": 0.20961101353168488, "acc": 0.9101701974868774, "length": 5.999995708465576, "mode": "train", "epoch": 7}
{"loss": 0.21802504360675812, "acc": 0.9041994214057922, "length": 6.0, "mode": "test", "epoch": 7}
{"loss": 0.2197152078151703, "acc": 0.9059462547302246, "length": 5.999999046325684, "mode": "train", "epoch": 8}
{"loss": 0.226259246468544, "acc": 0.9046133756637573, "length": 6.0, "mode": "test", "epoch": 8}
{"loss": 0.20373199880123138, "acc": 0.9158286452293396, "length": 6.0, "mode": "train", "epoch": 9}
{"loss": 0.21875710785388947, "acc": 0.9077024459838867, "length": 6.0, "mode": "test", "epoch": 9}
{"loss": 0.19541409611701965, "acc": 0.919236421585083, "length": 6.0, "mode": "train", "epoch": 10}
{"loss": 0.20527935028076172, "acc": 0.9128521084785461, "length": 6.0, "mode": "test", "epoch": 10}
{"loss": 0.18636569380760193, "acc": 0.9222155213356018, "length": 6.0, "mode": "train", "epoch": 11}
{"loss": 0.1978256106376648, "acc": 0.915382981300354, "length": 6.0, "mode": "test", "epoch": 11}
{"loss": 0.18242204189300537, "acc": 0.9232231378555298, "length": 6.0, "mode": "train", "epoch": 12}
{"loss": 0.18652907013893127, "acc": 0.9229853749275208, "length": 6.0, "mode": "test", "epoch": 12}
{"loss": 0.18604391813278198, "acc": 0.9209151864051819, "length": 6.0, "mode": "train", "epoch": 13}
{"loss": 0.2038717120885849, "acc": 0.9111135005950928, "length": 6.0, "mode": "test", "epoch": 13}
{"loss": 0.18913941085338593, "acc": 0.9198042750358582, "length": 6.0, "mode": "train", "epoch": 14}
{"loss": 0.19324739277362823, "acc": 0.9137343764305115, "length": 6.0, "mode": "test", "epoch": 14}
{"loss": 0.17992399632930756, "acc": 0.9235849976539612, "length": 6.0, "mode": "train", "epoch": 15}
{"loss": 0.18696071207523346, "acc": 0.9217588901519775, "length": 6.0, "mode": "test", "epoch": 15}
{"loss": 0.18254823982715607, "acc": 0.9217137098312378, "length": 6.0, "mode": "train", "epoch": 16}
{"loss": 0.20237880945205688, "acc": 0.9128521084785461, "length": 6.0, "mode": "test", "epoch": 16}
{"loss": 0.1867954432964325, "acc": 0.9212591648101807, "length": 6.0, "mode": "train", "epoch": 17}
{"loss": 0.18912450969219208, "acc": 0.9196123480796814, "length": 6.0, "mode": "test", "epoch": 17}
{"loss": 0.1822003275156021, "acc": 0.9230331778526306, "length": 6.0, "mode": "train", "epoch": 18}
{"loss": 0.21929319202899933, "acc": 0.9032029509544373, "length": 6.0, "mode": "test", "epoch": 18}
{"loss": 0.177496537566185, "acc": 0.9243915677070618, "length": 6.0, "mode": "train", "epoch": 19}
{"loss": 0.18517953157424927, "acc": 0.9185439348220825, "length": 6.0, "mode": "test", "epoch": 19}
{"loss": 0.17597390711307526, "acc": 0.9246894121170044, "length": 6.0, "mode": "train", "epoch": 20}
{"loss": 0.18242143094539642, "acc": 0.921430766582489, "length": 6.0, "mode": "test", "epoch": 20}
{"loss": 0.17888256907463074, "acc": 0.9235003590583801, "length": 6.0, "mode": "train", "epoch": 21}
{"loss": 0.18303488194942474, "acc": 0.922169029712677, "length": 6.0, "mode": "test", "epoch": 21}
{"loss": 0.17741306126117706, "acc": 0.9241503477096558, "length": 6.0, "mode": "train", "epoch": 22}
{"loss": 0.178599551320076, "acc": 0.9241216778755188, "length": 6.0, "mode": "test", "epoch": 22}
{"loss": 0.17535339295864105, "acc": 0.9249253273010254, "length": 6.0, "mode": "train", "epoch": 23}
{"loss": 0.17514292895793915, "acc": 0.925025999546051, "length": 6.0, "mode": "test", "epoch": 23}
{"loss": 0.17465835809707642, "acc": 0.9249774217605591, "length": 6.0, "mode": "train", "epoch": 24}
{"loss": 0.17551812529563904, "acc": 0.9265225529670715, "length": 6.0, "mode": "test", "epoch": 24}
{"loss": 0.17613184452056885, "acc": 0.9243909120559692, "length": 6.0, "mode": "train", "epoch": 25}
{"loss": 0.18119022250175476, "acc": 0.9230633974075317, "length": 6.0, "mode": "test", "epoch": 25}
{"loss": 0.1772611290216446, "acc": 0.9239643812179565, "length": 6.0, "mode": "train", "epoch": 26}
{"loss": 0.18253880739212036, "acc": 0.9226071834564209, "length": 6.0, "mode": "test", "epoch": 26}
{"loss": 0.17270097136497498, "acc": 0.9259384870529175, "length": 6.0, "mode": "train", "epoch": 27}
{"loss": 0.18115021288394928, "acc": 0.923855721950531, "length": 6.0, "mode": "test", "epoch": 27}
{"loss": 0.17541718482971191, "acc": 0.924824059009552, "length": 6.0, "mode": "train", "epoch": 28}
{"loss": 0.17448648810386658, "acc": 0.9257882237434387, "length": 6.0, "mode": "test", "epoch": 28}
{"loss": 0.1737242490053177, "acc": 0.9255185127258301, "length": 6.0, "mode": "train", "epoch": 29}
{"loss": 0.1798049807548523, "acc": 0.925706148147583, "length": 6.0, "mode": "test", "epoch": 29}
{"loss": 0.1742713302373886, "acc": 0.9252932667732239, "length": 6.0, "mode": "train", "epoch": 30}
{"loss": 0.18038180470466614, "acc": 0.9213929176330566, "length": 6.0, "mode": "test", "epoch": 30}
{"loss": 0.17490991950035095, "acc": 0.9249792695045471, "length": 6.0, "mode": "train", "epoch": 31}
{"loss": 0.18007305264472961, "acc": 0.923597514629364, "length": 6.0, "mode": "test", "epoch": 31}
{"loss": 0.173240527510643, "acc": 0.9255093336105347, "length": 6.0, "mode": "train", "epoch": 32}
{"loss": 0.1732490509748459, "acc": 0.9268705248832703, "length": 6.0, "mode": "test", "epoch": 32}
{"loss": 0.17332500219345093, "acc": 0.9257164001464844, "length": 6.0, "mode": "train", "epoch": 33}
{"loss": 0.17767930030822754, "acc": 0.9245958924293518, "length": 6.0, "mode": "test", "epoch": 33}
{"loss": 0.17325982451438904, "acc": 0.9256457686424255, "length": 6.0, "mode": "train", "epoch": 34}
{"loss": 0.17350926995277405, "acc": 0.9266405701637268, "length": 6.0, "mode": "test", "epoch": 34}
{"loss": 0.17198635637760162, "acc": 0.9259737133979797, "length": 6.0, "mode": "train", "epoch": 35}
{"loss": 0.17444221675395966, "acc": 0.9255542159080505, "length": 6.0, "mode": "test", "epoch": 35}
{"loss": 0.17309077084064484, "acc": 0.9255706071853638, "length": 6.0, "mode": "train", "epoch": 36}
{"loss": 0.1758953183889389, "acc": 0.9246739149093628, "length": 6.0, "mode": "test", "epoch": 36}
{"loss": 0.1718876212835312, "acc": 0.9258177876472473, "length": 6.0, "mode": "train", "epoch": 37}
{"loss": 0.173151895403862, "acc": 0.9261583089828491, "length": 6.0, "mode": "test", "epoch": 37}
{"loss": 0.17244665324687958, "acc": 0.9258403778076172, "length": 6.0, "mode": "train", "epoch": 38}
{"loss": 0.1712920367717743, "acc": 0.9269566535949707, "length": 6.0, "mode": "test", "epoch": 38}
{"loss": 0.1732177734375, "acc": 0.9252498149871826, "length": 6.0, "mode": "train", "epoch": 39}
{"loss": 0.1738155037164688, "acc": 0.9258143305778503, "length": 6.0, "mode": "test", "epoch": 39}
{"loss": 0.17459505796432495, "acc": 0.9247481226921082, "length": 6.0, "mode": "train", "epoch": 40}
{"loss": 0.17670838534832, "acc": 0.924907922744751, "length": 6.0, "mode": "test", "epoch": 40}
{"loss": 0.17256610095500946, "acc": 0.9254924654960632, "length": 6.0, "mode": "train", "epoch": 41}
{"loss": 0.1811181753873825, "acc": 0.9225132465362549, "length": 6.0, "mode": "test", "epoch": 41}
{"loss": 0.17333745956420898, "acc": 0.9255185127258301, "length": 6.0, "mode": "train", "epoch": 42}
{"loss": 0.17178305983543396, "acc": 0.9266945719718933, "length": 6.0, "mode": "test", "epoch": 42}
{"loss": 0.17107518017292023, "acc": 0.9261623024940491, "length": 6.0, "mode": "train", "epoch": 43}
{"loss": 0.17714832723140717, "acc": 0.9251859784126282, "length": 6.0, "mode": "test", "epoch": 43}
{"loss": 0.17249390482902527, "acc": 0.9258190393447876, "length": 6.0, "mode": "train", "epoch": 44}
{"loss": 0.1715681105852127, "acc": 0.9273747801780701, "length": 6.0, "mode": "test", "epoch": 44}
{"loss": 0.17221631109714508, "acc": 0.9256418347358704, "length": 6.0, "mode": "train", "epoch": 45}
{"loss": 0.17333199083805084, "acc": 0.9258382320404053, "length": 6.0, "mode": "test", "epoch": 45}
{"loss": 0.17218878865242004, "acc": 0.9258729815483093, "length": 6.0, "mode": "train", "epoch": 46}
{"loss": 0.17288388311862946, "acc": 0.9266064167022705, "length": 6.0, "mode": "test", "epoch": 46}
{"loss": 0.17173504829406738, "acc": 0.9260750412940979, "length": 6.0, "mode": "train", "epoch": 47}
{"loss": 0.17282474040985107, "acc": 0.9265924692153931, "length": 6.0, "mode": "test", "epoch": 47}
{"loss": 0.1751166582107544, "acc": 0.9249680638313293, "length": 6.0, "mode": "train", "epoch": 48}
{"loss": 0.17120128870010376, "acc": 0.9271786212921143, "length": 6.0, "mode": "test", "epoch": 48}
{"loss": 0.17281219363212585, "acc": 0.9256024360656738, "length": 6.0, "mode": "train", "epoch": 49}
{"loss": 0.18088482320308685, "acc": 0.922889232635498, "length": 6.0, "mode": "test", "epoch": 49}
{"loss": 0.17733356356620789, "acc": 0.923428475856781, "length": 6.0, "mode": "train", "epoch": 50}
{"loss": 0.17288130521774292, "acc": 0.9271526336669922, "length": 6.0, "mode": "test", "epoch": 50}
{"loss": 0.1716170608997345, "acc": 0.9262629747390747, "length": 6.0, "mode": "train", "epoch": 51}
{"loss": 0.17535676062107086, "acc": 0.9257623553276062, "length": 6.0, "mode": "test", "epoch": 51}
{"loss": 0.17239217460155487, "acc": 0.9257797002792358, "length": 6.0, "mode": "train", "epoch": 52}
{"loss": 0.17100562155246735, "acc": 0.9272686839103699, "length": 6.0, "mode": "test", "epoch": 52}
{"loss": 0.17319466173648834, "acc": 0.9257118105888367, "length": 6.0, "mode": "train", "epoch": 53}
{"loss": 0.17389173805713654, "acc": 0.9264824390411377, "length": 6.0, "mode": "test", "epoch": 53}
{"loss": 0.17358478903770447, "acc": 0.9255877733230591, "length": 6.0, "mode": "train", "epoch": 54}
{"loss": 0.17214831709861755, "acc": 0.9270507097244263, "length": 6.0, "mode": "test", "epoch": 54}
{"loss": 0.17199696600437164, "acc": 0.9260276556015015, "length": 6.0, "mode": "train", "epoch": 55}
{"loss": 0.17507916688919067, "acc": 0.9257901310920715, "length": 6.0, "mode": "test", "epoch": 55}
{"loss": 0.17333748936653137, "acc": 0.9255179166793823, "length": 6.0, "mode": "train", "epoch": 56}
{"loss": 0.17317576706409454, "acc": 0.9271107316017151, "length": 6.0, "mode": "test", "epoch": 56}
{"loss": 0.1731710284948349, "acc": 0.9258264303207397, "length": 6.0, "mode": "train", "epoch": 57}
{"loss": 0.17390957474708557, "acc": 0.9259482622146606, "length": 6.0, "mode": "test", "epoch": 57}
{"loss": 0.1727723777294159, "acc": 0.9256951212882996, "length": 6.0, "mode": "train", "epoch": 58}
{"loss": 0.17155751585960388, "acc": 0.9271805882453918, "length": 6.0, "mode": "test", "epoch": 58}
{"loss": 0.17421355843544006, "acc": 0.9249526262283325, "length": 6.0, "mode": "train", "epoch": 59}
{"loss": 0.17267197370529175, "acc": 0.9263283610343933, "length": 6.0, "mode": "test", "epoch": 59}
{"loss": 0.173440083861351, "acc": 0.9253392219543457, "length": 6.0, "mode": "train", "epoch": 60}
{"loss": 0.17413632571697235, "acc": 0.926350474357605, "length": 6.0, "mode": "test", "epoch": 60}
test accuracy: 0.9243590831756592
