# ["--attributes=5", "--values=4", "--game_size=10", "--vocab_size_factor=3", "--n_epochs=60", "--batch_size=32", "--learning_rate=0.0005", "--hidden_size=256", "--temp_update=0.97", "--temperature=2"]
Creating train_ds and val_ds...

Creating test_ds...
{"loss": 0.40437376499176025, "acc": 0.8078393340110779, "length": 5.601846218109131, "mode": "train", "epoch": 1}
{"loss": 0.30430173873901367, "acc": 0.864018440246582, "length": 6.0, "mode": "test", "epoch": 1}
{"loss": 0.2648925185203552, "acc": 0.8864297270774841, "length": 5.999084949493408, "mode": "train", "epoch": 2}
{"loss": 0.25294655561447144, "acc": 0.8932010531425476, "length": 6.0, "mode": "test", "epoch": 2}
{"loss": 0.22644661366939545, "acc": 0.9051688313484192, "length": 5.999771595001221, "mode": "train", "epoch": 3}
{"loss": 0.2231188714504242, "acc": 0.9050461053848267, "length": 6.0, "mode": "test", "epoch": 3}
{"loss": 0.21197713911533356, "acc": 0.9115921854972839, "length": 5.999914646148682, "mode": "train", "epoch": 4}
{"loss": 0.23793187737464905, "acc": 0.8979127407073975, "length": 6.0, "mode": "test", "epoch": 4}
{"loss": 0.205037459731102, "acc": 0.9149964451789856, "length": 5.999964237213135, "mode": "train", "epoch": 5}
{"loss": 0.20240537822246552, "acc": 0.9180007576942444, "length": 6.0, "mode": "test", "epoch": 5}
{"loss": 0.1907380372285843, "acc": 0.9230985045433044, "length": 5.9999871253967285, "mode": "train", "epoch": 6}
{"loss": 0.1995483785867691, "acc": 0.9203606247901917, "length": 6.0, "mode": "test", "epoch": 6}
{"loss": 0.1812048852443695, "acc": 0.9276959300041199, "length": 5.999996185302734, "mode": "train", "epoch": 7}
{"loss": 0.18327592313289642, "acc": 0.9255008101463318, "length": 6.0, "mode": "test", "epoch": 7}
{"loss": 0.17198921740055084, "acc": 0.9321385025978088, "length": 5.999999046325684, "mode": "train", "epoch": 8}
{"loss": 0.17522859573364258, "acc": 0.929182767868042, "length": 6.0, "mode": "test", "epoch": 8}
{"loss": 0.15716853737831116, "acc": 0.9389614462852478, "length": 6.0, "mode": "train", "epoch": 9}
{"loss": 0.17629007995128632, "acc": 0.930250346660614, "length": 6.0, "mode": "test", "epoch": 9}
{"loss": 0.15235485136508942, "acc": 0.9414617419242859, "length": 6.0, "mode": "train", "epoch": 10}
{"loss": 0.16492128372192383, "acc": 0.9348719120025635, "length": 6.0, "mode": "test", "epoch": 10}
{"loss": 0.1575605720281601, "acc": 0.9393215775489807, "length": 6.0, "mode": "train", "epoch": 11}
{"loss": 0.16278670728206635, "acc": 0.9390705823898315, "length": 6.0, "mode": "test", "epoch": 11}
{"loss": 0.14799880981445312, "acc": 0.9447237253189087, "length": 6.0, "mode": "train", "epoch": 12}
{"loss": 0.17262834310531616, "acc": 0.9330748915672302, "length": 6.0, "mode": "test", "epoch": 12}
{"loss": 0.14294971525669098, "acc": 0.9470481276512146, "length": 6.0, "mode": "train", "epoch": 13}
{"loss": 0.15468859672546387, "acc": 0.9405109286308289, "length": 6.0, "mode": "test", "epoch": 13}
{"loss": 0.13767240941524506, "acc": 0.9489696621894836, "length": 6.0, "mode": "train", "epoch": 14}
{"loss": 0.14339034259319305, "acc": 0.9467548131942749, "length": 6.0, "mode": "test", "epoch": 14}
{"loss": 0.1360505074262619, "acc": 0.9498339295387268, "length": 6.0, "mode": "train", "epoch": 15}
{"loss": 0.1414848119020462, "acc": 0.9465163946151733, "length": 6.0, "mode": "test", "epoch": 15}
{"loss": 0.13411706686019897, "acc": 0.9502662420272827, "length": 6.0, "mode": "train", "epoch": 16}
{"loss": 0.13885359466075897, "acc": 0.9475920796394348, "length": 6.0, "mode": "test", "epoch": 16}
{"loss": 0.13546223938465118, "acc": 0.9497419595718384, "length": 6.0, "mode": "train", "epoch": 17}
{"loss": 0.13723120093345642, "acc": 0.9496814608573914, "length": 6.0, "mode": "test", "epoch": 17}
{"loss": 0.13439026474952698, "acc": 0.9504055380821228, "length": 6.0, "mode": "train", "epoch": 18}
{"loss": 0.13817083835601807, "acc": 0.9489722847938538, "length": 6.0, "mode": "test", "epoch": 18}
{"loss": 0.13299991190433502, "acc": 0.9507089853286743, "length": 6.0, "mode": "train", "epoch": 19}
{"loss": 0.1474839597940445, "acc": 0.9437480568885803, "length": 6.0, "mode": "test", "epoch": 19}
{"loss": 0.13564667105674744, "acc": 0.9492790102958679, "length": 6.0, "mode": "train", "epoch": 20}
{"loss": 0.14510402083396912, "acc": 0.94460529088974, "length": 6.0, "mode": "test", "epoch": 20}
{"loss": 0.13494256138801575, "acc": 0.949349045753479, "length": 6.0, "mode": "train", "epoch": 21}
{"loss": 0.13503575325012207, "acc": 0.949974000453949, "length": 6.0, "mode": "test", "epoch": 21}
{"loss": 0.13306736946105957, "acc": 0.9502968788146973, "length": 6.0, "mode": "train", "epoch": 22}
{"loss": 0.13787420094013214, "acc": 0.9492368102073669, "length": 6.0, "mode": "test", "epoch": 22}
{"loss": 0.13452529907226562, "acc": 0.9496371150016785, "length": 6.0, "mode": "train", "epoch": 23}
{"loss": 0.1556999385356903, "acc": 0.9396934509277344, "length": 6.0, "mode": "test", "epoch": 23}
{"loss": 0.13424746692180634, "acc": 0.9501500129699707, "length": 6.0, "mode": "train", "epoch": 24}
{"loss": 0.1363319307565689, "acc": 0.948747992515564, "length": 6.0, "mode": "test", "epoch": 24}
{"loss": 0.13145679235458374, "acc": 0.9511263370513916, "length": 6.0, "mode": "train", "epoch": 25}
{"loss": 0.133675217628479, "acc": 0.9505689740180969, "length": 6.0, "mode": "test", "epoch": 25}
{"loss": 0.13422711193561554, "acc": 0.9499226212501526, "length": 6.0, "mode": "train", "epoch": 26}
{"loss": 0.13662725687026978, "acc": 0.9495912790298462, "length": 6.0, "mode": "test", "epoch": 26}
{"loss": 0.1319209635257721, "acc": 0.9508817791938782, "length": 6.0, "mode": "train", "epoch": 27}
{"loss": 0.1325211524963379, "acc": 0.9508794546127319, "length": 6.0, "mode": "test", "epoch": 27}
{"loss": 0.13325440883636475, "acc": 0.9504035711288452, "length": 6.0, "mode": "train", "epoch": 28}
{"loss": 0.1331368237733841, "acc": 0.9512881636619568, "length": 6.0, "mode": "test", "epoch": 28}
{"loss": 0.13195279240608215, "acc": 0.9507035613059998, "length": 6.0, "mode": "train", "epoch": 29}
{"loss": 0.13444378972053528, "acc": 0.9498978853225708, "length": 6.0, "mode": "test", "epoch": 29}
{"loss": 0.13344484567642212, "acc": 0.9506535530090332, "length": 6.0, "mode": "train", "epoch": 30}
{"loss": 0.14269788563251495, "acc": 0.9459095597267151, "length": 6.0, "mode": "test", "epoch": 30}
{"loss": 0.13527067005634308, "acc": 0.9498625993728638, "length": 6.0, "mode": "train", "epoch": 31}
{"loss": 0.14589843153953552, "acc": 0.9465245008468628, "length": 6.0, "mode": "test", "epoch": 31}
{"loss": 0.13373452425003052, "acc": 0.9503527879714966, "length": 6.0, "mode": "train", "epoch": 32}
{"loss": 0.1400303840637207, "acc": 0.9484755992889404, "length": 6.0, "mode": "test", "epoch": 32}
{"loss": 0.1345466822385788, "acc": 0.9501960873603821, "length": 6.0, "mode": "train", "epoch": 33}
{"loss": 0.13913680613040924, "acc": 0.948908269405365, "length": 6.0, "mode": "test", "epoch": 33}
{"loss": 0.13563227653503418, "acc": 0.9495044350624084, "length": 6.0, "mode": "train", "epoch": 34}
{"loss": 0.13830342888832092, "acc": 0.9490464925765991, "length": 6.0, "mode": "test", "epoch": 34}
{"loss": 0.13952013850212097, "acc": 0.9484427571296692, "length": 6.0, "mode": "train", "epoch": 35}
{"loss": 0.1431666761636734, "acc": 0.9488982558250427, "length": 6.0, "mode": "test", "epoch": 35}
{"loss": 0.13435274362564087, "acc": 0.9506009221076965, "length": 6.0, "mode": "train", "epoch": 36}
{"loss": 0.13436640799045563, "acc": 0.9507191777229309, "length": 6.0, "mode": "test", "epoch": 36}
{"loss": 0.13221605122089386, "acc": 0.9511143565177917, "length": 6.0, "mode": "train", "epoch": 37}
{"loss": 0.13539937138557434, "acc": 0.9509034156799316, "length": 6.0, "mode": "test", "epoch": 37}
{"loss": 0.13468486070632935, "acc": 0.95030677318573, "length": 6.0, "mode": "train", "epoch": 38}
{"loss": 0.1379970759153366, "acc": 0.9485396146774292, "length": 6.0, "mode": "test", "epoch": 38}
{"loss": 0.14817431569099426, "acc": 0.9441795349121094, "length": 6.0, "mode": "train", "epoch": 39}
{"loss": 0.14680349826812744, "acc": 0.9457693099975586, "length": 6.0, "mode": "test", "epoch": 39}
{"loss": 0.1439652144908905, "acc": 0.9458721876144409, "length": 6.0, "mode": "train", "epoch": 40}
{"loss": 0.14886130392551422, "acc": 0.9442889094352722, "length": 6.0, "mode": "test", "epoch": 40}
{"loss": 0.14269845187664032, "acc": 0.947526216506958, "length": 6.0, "mode": "train", "epoch": 41}
{"loss": 0.1400439590215683, "acc": 0.9484895467758179, "length": 6.0, "mode": "test", "epoch": 41}
{"loss": 0.13963305950164795, "acc": 0.9481785893440247, "length": 6.0, "mode": "train", "epoch": 42}
{"loss": 0.14012940227985382, "acc": 0.9490746259689331, "length": 6.0, "mode": "test", "epoch": 42}
{"loss": 0.14103248715400696, "acc": 0.9480018615722656, "length": 6.0, "mode": "train", "epoch": 43}
{"loss": 0.14364689588546753, "acc": 0.9475060105323792, "length": 6.0, "mode": "test", "epoch": 43}
{"loss": 0.1474713832139969, "acc": 0.9453528523445129, "length": 6.0, "mode": "train", "epoch": 44}
{"loss": 0.14848101139068604, "acc": 0.9460095763206482, "length": 6.0, "mode": "test", "epoch": 44}
{"loss": 0.14363600313663483, "acc": 0.9474216103553772, "length": 6.0, "mode": "train", "epoch": 45}
{"loss": 0.14340081810951233, "acc": 0.9483954906463623, "length": 6.0, "mode": "test", "epoch": 45}
{"loss": 0.14210884273052216, "acc": 0.9480172395706177, "length": 6.0, "mode": "train", "epoch": 46}
{"loss": 0.15711387991905212, "acc": 0.9402543902397156, "length": 6.0, "mode": "test", "epoch": 46}
{"loss": 0.14459958672523499, "acc": 0.9470882415771484, "length": 6.0, "mode": "train", "epoch": 47}
{"loss": 0.1508525311946869, "acc": 0.9460236430168152, "length": 6.0, "mode": "test", "epoch": 47}
{"loss": 0.14368289709091187, "acc": 0.947711706161499, "length": 6.0, "mode": "train", "epoch": 48}
{"loss": 0.15018311142921448, "acc": 0.9458993673324585, "length": 6.0, "mode": "test", "epoch": 48}
{"loss": 0.14434437453746796, "acc": 0.9473422169685364, "length": 6.0, "mode": "train", "epoch": 49}
{"loss": 0.14688369631767273, "acc": 0.9468008279800415, "length": 6.0, "mode": "test", "epoch": 49}
{"loss": 0.14050370454788208, "acc": 0.9483707547187805, "length": 6.0, "mode": "train", "epoch": 50}
{"loss": 0.1409885436296463, "acc": 0.9490164518356323, "length": 6.0, "mode": "test", "epoch": 50}
{"loss": 0.14666229486465454, "acc": 0.9459529519081116, "length": 6.0, "mode": "train", "epoch": 51}
{"loss": 0.1556210219860077, "acc": 0.9435977935791016, "length": 6.0, "mode": "test", "epoch": 51}
{"loss": 0.14796213805675507, "acc": 0.9457982182502747, "length": 6.0, "mode": "train", "epoch": 52}
{"loss": 0.153448224067688, "acc": 0.9421274065971375, "length": 6.0, "mode": "test", "epoch": 52}
{"loss": 0.1479819118976593, "acc": 0.9451706409454346, "length": 6.0, "mode": "train", "epoch": 53}
{"loss": 0.16017873585224152, "acc": 0.9407171010971069, "length": 6.0, "mode": "test", "epoch": 53}
{"loss": 0.1483989804983139, "acc": 0.9453588724136353, "length": 6.0, "mode": "train", "epoch": 54}
{"loss": 0.14775873720645905, "acc": 0.9460256099700928, "length": 6.0, "mode": "test", "epoch": 54}
{"loss": 0.14850834012031555, "acc": 0.9448145031929016, "length": 6.0, "mode": "train", "epoch": 55}
{"loss": 0.15121538937091827, "acc": 0.9448679089546204, "length": 6.0, "mode": "test", "epoch": 55}
{"loss": 0.14742138981819153, "acc": 0.9445658326148987, "length": 6.0, "mode": "train", "epoch": 56}
{"loss": 0.14653457701206207, "acc": 0.9463040828704834, "length": 6.0, "mode": "test", "epoch": 56}
{"loss": 0.14406874775886536, "acc": 0.9463098049163818, "length": 6.0, "mode": "train", "epoch": 57}
{"loss": 0.1515108048915863, "acc": 0.9434876441955566, "length": 6.0, "mode": "test", "epoch": 57}
{"loss": 0.1421017050743103, "acc": 0.9474649429321289, "length": 6.0, "mode": "train", "epoch": 58}
{"loss": 0.14369574189186096, "acc": 0.9467067122459412, "length": 6.0, "mode": "test", "epoch": 58}
{"loss": 0.15193632245063782, "acc": 0.943477988243103, "length": 6.0, "mode": "train", "epoch": 59}
{"loss": 0.16403014957904816, "acc": 0.9397695660591125, "length": 6.0, "mode": "test", "epoch": 59}
{"loss": 0.15045420825481415, "acc": 0.944509744644165, "length": 6.0, "mode": "train", "epoch": 60}
{"loss": 0.14956232905387878, "acc": 0.9449119567871094, "length": 6.0, "mode": "test", "epoch": 60}
test accuracy: 0.9436623454093933
