# ["--attributes=3", "--values=3", "--game_size=3", "--vocab_size_factor=3", "--n_epochs=100", "--batch_size=32", "--learning_rate=0.001", "--hidden_size=128", "--temp_update=0.97", "--temperature=1"]
Creating train_ds and val_ds...

Creating test_ds...
{"loss": 0.7001674771308899, "acc": 0.5195926427841187, "length": 3.495048999786377, "mode": "train", "epoch": 1}
{"loss": 0.6928526759147644, "acc": 0.5173611044883728, "length": 1.0114942789077759, "mode": "test", "epoch": 1}
{"loss": 0.704474151134491, "acc": 0.5277534127235413, "length": 3.307607650756836, "mode": "train", "epoch": 2}
{"loss": 0.6952340602874756, "acc": 0.5019157528877258, "length": 1.0, "mode": "test", "epoch": 2}
{"loss": 0.6969769597053528, "acc": 0.5167350172996521, "length": 3.038010835647583, "mode": "train", "epoch": 3}
{"loss": 0.6936027407646179, "acc": 0.5344827771186829, "length": 1.0, "mode": "test", "epoch": 3}
{"loss": 0.6920785903930664, "acc": 0.5184680223464966, "length": 2.278286933898926, "mode": "train", "epoch": 4}
{"loss": 0.6846289038658142, "acc": 0.562010645866394, "length": 1.0689655542373657, "mode": "test", "epoch": 4}
{"loss": 0.683821439743042, "acc": 0.5602125525474548, "length": 2.547445058822632, "mode": "train", "epoch": 5}
{"loss": 0.6624014377593994, "acc": 0.6273868680000305, "length": 2.0114941596984863, "mode": "test", "epoch": 5}
{"loss": 0.6516655683517456, "acc": 0.6515617370605469, "length": 2.7094058990478516, "mode": "train", "epoch": 6}
{"loss": 0.6245737075805664, "acc": 0.7000615000724792, "length": 2.724138021469116, "mode": "test", "epoch": 6}
{"loss": 0.6198304891586304, "acc": 0.7168218493461609, "length": 2.8832015991210938, "mode": "train", "epoch": 7}
{"loss": 0.5866044163703918, "acc": 0.702640950679779, "length": 3.160919427871704, "mode": "test", "epoch": 7}
{"loss": 0.5504545569419861, "acc": 0.7439361214637756, "length": 3.3192100524902344, "mode": "train", "epoch": 8}
{"loss": 0.5363761782646179, "acc": 0.7319726347923279, "length": 3.4137930870056152, "mode": "test", "epoch": 8}
{"loss": 0.5249701738357544, "acc": 0.7794914841651917, "length": 3.3393537998199463, "mode": "train", "epoch": 9}
{"loss": 0.5360379219055176, "acc": 0.7427015900611877, "length": 3.4827585220336914, "mode": "test", "epoch": 9}
{"loss": 0.5186954140663147, "acc": 0.7707857489585876, "length": 3.449924945831299, "mode": "train", "epoch": 10}
{"loss": 0.5197319984436035, "acc": 0.7382064461708069, "length": 3.379310369491577, "mode": "test", "epoch": 10}
{"loss": 0.4705043435096741, "acc": 0.7612027525901794, "length": 3.3642494678497314, "mode": "train", "epoch": 11}
{"loss": 0.5455509424209595, "acc": 0.7222221493721008, "length": 3.5517241954803467, "mode": "test", "epoch": 11}
{"loss": 0.4807378053665161, "acc": 0.7816585898399353, "length": 3.547745943069458, "mode": "train", "epoch": 12}
{"loss": 0.5220593810081482, "acc": 0.7565852999687195, "length": 3.5862069129943848, "mode": "test", "epoch": 12}
{"loss": 0.49629369378089905, "acc": 0.7733548879623413, "length": 3.5087532997131348, "mode": "train", "epoch": 13}
{"loss": 0.5430227518081665, "acc": 0.7098378539085388, "length": 3.5172414779663086, "mode": "test", "epoch": 13}
{"loss": 0.4615488052368164, "acc": 0.7794063091278076, "length": 3.4595694541931152, "mode": "train", "epoch": 14}
{"loss": 0.5572762489318848, "acc": 0.7292214035987854, "length": 3.471264362335205, "mode": "test", "epoch": 14}
{"loss": 0.48842689394950867, "acc": 0.7935730814933777, "length": 3.490666627883911, "mode": "train", "epoch": 15}
{"loss": 0.5470801591873169, "acc": 0.7365978956222534, "length": 3.6781609058380127, "mode": "test", "epoch": 15}
{"loss": 0.4626178741455078, "acc": 0.7881430387496948, "length": 3.5737273693084717, "mode": "train", "epoch": 16}
{"loss": 0.5166928172111511, "acc": 0.7346900105476379, "length": 3.6666667461395264, "mode": "test", "epoch": 16}
{"loss": 0.43742766976356506, "acc": 0.793391227722168, "length": 3.535764217376709, "mode": "train", "epoch": 17}
{"loss": 0.5210923552513123, "acc": 0.7623662948608398, "length": 3.689655065536499, "mode": "test", "epoch": 17}
{"loss": 0.46091169118881226, "acc": 0.8093618154525757, "length": 3.685354709625244, "mode": "train", "epoch": 18}
{"loss": 0.5064477920532227, "acc": 0.7434954643249512, "length": 3.8045976161956787, "mode": "test", "epoch": 18}
{"loss": 0.4830961227416992, "acc": 0.7826311588287354, "length": 3.582378625869751, "mode": "train", "epoch": 19}
{"loss": 0.5015308856964111, "acc": 0.7480219006538391, "length": 3.7011494636535645, "mode": "test", "epoch": 19}
{"loss": 0.45669853687286377, "acc": 0.7920420169830322, "length": 3.598543405532837, "mode": "train", "epoch": 20}
{"loss": 0.5307451486587524, "acc": 0.7716375589370728, "length": 3.5172414779663086, "mode": "test", "epoch": 20}
{"loss": 0.466715931892395, "acc": 0.8153776526451111, "length": 3.419257164001465, "mode": "train", "epoch": 21}
{"loss": 0.5347350239753723, "acc": 0.7623714804649353, "length": 3.2643678188323975, "mode": "test", "epoch": 21}
{"loss": 0.42530012130737305, "acc": 0.8193321228027344, "length": 3.3583950996398926, "mode": "train", "epoch": 22}
{"loss": 0.5363975763320923, "acc": 0.7554062008857727, "length": 3.5517241954803467, "mode": "test", "epoch": 22}
{"loss": 0.4376537501811981, "acc": 0.8080684542655945, "length": 3.5472617149353027, "mode": "train", "epoch": 23}
{"loss": 0.5179752111434937, "acc": 0.7709036469459534, "length": 3.620689630508423, "mode": "test", "epoch": 23}
{"loss": 0.4264647364616394, "acc": 0.8156676292419434, "length": 3.574279546737671, "mode": "train", "epoch": 24}
{"loss": 0.5106233954429626, "acc": 0.7769370079040527, "length": 3.620689630508423, "mode": "test", "epoch": 24}
{"loss": 0.4102003872394562, "acc": 0.81337970495224, "length": 3.6392879486083984, "mode": "train", "epoch": 25}
{"loss": 0.4982060194015503, "acc": 0.7732253670692444, "length": 3.712643623352051, "mode": "test", "epoch": 25}
{"loss": 0.40049418807029724, "acc": 0.8229600191116333, "length": 3.6638972759246826, "mode": "train", "epoch": 26}
{"loss": 0.5064986944198608, "acc": 0.7803962826728821, "length": 3.689655065536499, "mode": "test", "epoch": 26}
{"loss": 0.39586949348449707, "acc": 0.8149749040603638, "length": 3.665313482284546, "mode": "train", "epoch": 27}
{"loss": 0.49704381823539734, "acc": 0.7730536460876465, "length": 3.6781609058380127, "mode": "test", "epoch": 27}
{"loss": 0.41791296005249023, "acc": 0.8304574489593506, "length": 3.6861090660095215, "mode": "train", "epoch": 28}
{"loss": 0.49422210454940796, "acc": 0.788899838924408, "length": 3.7011494636535645, "mode": "test", "epoch": 28}
{"loss": 0.4036138355731964, "acc": 0.8290460705757141, "length": 3.66739559173584, "mode": "train", "epoch": 29}
{"loss": 0.5009870529174805, "acc": 0.7871975898742676, "length": 3.7011494636535645, "mode": "test", "epoch": 29}
{"loss": 0.40147826075553894, "acc": 0.829748809337616, "length": 3.6827657222747803, "mode": "train", "epoch": 30}
{"loss": 0.4886817932128906, "acc": 0.792692244052887, "length": 3.712643623352051, "mode": "test", "epoch": 30}
{"loss": 0.38103026151657104, "acc": 0.8350041508674622, "length": 3.6444616317749023, "mode": "train", "epoch": 31}
{"loss": 0.4929233193397522, "acc": 0.7874135971069336, "length": 3.7011494636535645, "mode": "test", "epoch": 31}
{"loss": 0.38943788409233093, "acc": 0.8408436179161072, "length": 3.77024507522583, "mode": "train", "epoch": 32}
{"loss": 0.47725316882133484, "acc": 0.7938218116760254, "length": 3.9195401668548584, "mode": "test", "epoch": 32}
{"loss": 0.36153194308280945, "acc": 0.8299205303192139, "length": 3.894113302230835, "mode": "train", "epoch": 33}
{"loss": 0.46255621314048767, "acc": 0.8081897497177124, "length": 3.9885058403015137, "mode": "test", "epoch": 33}
{"loss": 0.3929883539676666, "acc": 0.8382007479667664, "length": 3.9035027027130127, "mode": "train", "epoch": 34}
{"loss": 0.48036062717437744, "acc": 0.7832021713256836, "length": 3.94252872467041, "mode": "test", "epoch": 34}
{"loss": 0.417680948972702, "acc": 0.8157264590263367, "length": 3.8597824573516846, "mode": "train", "epoch": 35}
{"loss": 0.48428723216056824, "acc": 0.7980723977088928, "length": 3.94252872467041, "mode": "test", "epoch": 35}
{"loss": 0.38201379776000977, "acc": 0.8211761116981506, "length": 3.8223767280578613, "mode": "train", "epoch": 36}
{"loss": 0.4496020972728729, "acc": 0.8238199353218079, "length": 3.816092014312744, "mode": "test", "epoch": 36}
{"loss": 0.3300632834434509, "acc": 0.8577030897140503, "length": 3.84175443649292, "mode": "train", "epoch": 37}
{"loss": 0.4540099501609802, "acc": 0.8198166489601135, "length": 3.839080572128296, "mode": "test", "epoch": 37}
{"loss": 0.34567558765411377, "acc": 0.8609455227851868, "length": 3.7794384956359863, "mode": "train", "epoch": 38}
{"loss": 0.45225244760513306, "acc": 0.8080178499221802, "length": 3.7586207389831543, "mode": "test", "epoch": 38}
{"loss": 0.3289351165294647, "acc": 0.8665494918823242, "length": 3.7880101203918457, "mode": "train", "epoch": 39}
{"loss": 0.4578514099121094, "acc": 0.8089470863342285, "length": 3.8045976161956787, "mode": "test", "epoch": 39}
{"loss": 0.3140173852443695, "acc": 0.8696379661560059, "length": 3.8239760398864746, "mode": "train", "epoch": 40}
{"loss": 0.43243664503097534, "acc": 0.8141085505485535, "length": 3.781609296798706, "mode": "test", "epoch": 40}
{"loss": 0.4011378288269043, "acc": 0.8789297938346863, "length": 3.805229663848877, "mode": "train", "epoch": 41}
{"loss": 0.4255973696708679, "acc": 0.8207302689552307, "length": 3.781609296798706, "mode": "test", "epoch": 41}
{"loss": 0.3211348056793213, "acc": 0.8807563781738281, "length": 3.7778241634368896, "mode": "train", "epoch": 42}
{"loss": 0.40848565101623535, "acc": 0.8255794048309326, "length": 3.8045976161956787, "mode": "test", "epoch": 42}
{"loss": 0.3379444479942322, "acc": 0.8640885949134827, "length": 3.832760810852051, "mode": "train", "epoch": 43}
{"loss": 0.43223437666893005, "acc": 0.8138691782951355, "length": 3.7931034564971924, "mode": "test", "epoch": 43}
{"loss": 0.325354665517807, "acc": 0.8659717440605164, "length": 3.759749412536621, "mode": "train", "epoch": 44}
{"loss": 0.4141031503677368, "acc": 0.8129320740699768, "length": 3.8045976161956787, "mode": "test", "epoch": 44}
{"loss": 0.3293594419956207, "acc": 0.8747467994689941, "length": 3.799603223800659, "mode": "train", "epoch": 45}
{"loss": 0.41265639662742615, "acc": 0.8210296034812927, "length": 3.816092014312744, "mode": "test", "epoch": 45}
{"loss": 0.312364399433136, "acc": 0.884200394153595, "length": 3.799368381500244, "mode": "train", "epoch": 46}
{"loss": 0.40493685007095337, "acc": 0.8238511085510254, "length": 3.7931034564971924, "mode": "test", "epoch": 46}
{"loss": 0.2808210253715515, "acc": 0.8805140852928162, "length": 3.7335100173950195, "mode": "train", "epoch": 47}
{"loss": 0.39752861857414246, "acc": 0.8291741013526917, "length": 3.747126340866089, "mode": "test", "epoch": 47}
{"loss": 0.26478084921836853, "acc": 0.8872250914573669, "length": 3.7574901580810547, "mode": "train", "epoch": 48}
{"loss": 0.3784968852996826, "acc": 0.8336483240127563, "length": 3.839080572128296, "mode": "test", "epoch": 48}
{"loss": 0.26362866163253784, "acc": 0.8883379101753235, "length": 3.8555140495300293, "mode": "train", "epoch": 49}
{"loss": 0.3682824373245239, "acc": 0.8411783576011658, "length": 3.908046007156372, "mode": "test", "epoch": 49}
{"loss": 0.25360536575317383, "acc": 0.8897547125816345, "length": 3.8618850708007812, "mode": "train", "epoch": 50}
{"loss": 0.3619273602962494, "acc": 0.8449473977088928, "length": 3.94252872467041, "mode": "test", "epoch": 50}
{"loss": 0.26142287254333496, "acc": 0.8982492685317993, "length": 3.8822288513183594, "mode": "train", "epoch": 51}
{"loss": 0.36670953035354614, "acc": 0.8540834188461304, "length": 3.931034564971924, "mode": "test", "epoch": 51}
{"loss": 0.2543436586856842, "acc": 0.89200359582901, "length": 3.8919641971588135, "mode": "train", "epoch": 52}
{"loss": 0.3710213303565979, "acc": 0.8351293802261353, "length": 3.9540228843688965, "mode": "test", "epoch": 52}
{"loss": 0.2541290521621704, "acc": 0.8850303888320923, "length": 3.922224760055542, "mode": "train", "epoch": 53}
{"loss": 0.37273845076560974, "acc": 0.8491041660308838, "length": 3.931034564971924, "mode": "test", "epoch": 53}
{"loss": 0.23833982646465302, "acc": 0.8926391005516052, "length": 3.8780553340911865, "mode": "train", "epoch": 54}
{"loss": 0.3603072762489319, "acc": 0.847105085849762, "length": 3.8850574493408203, "mode": "test", "epoch": 54}
{"loss": 0.26614490151405334, "acc": 0.9039931297302246, "length": 3.833613157272339, "mode": "train", "epoch": 55}
{"loss": 0.3583490252494812, "acc": 0.8515430092811584, "length": 3.816092014312744, "mode": "test", "epoch": 55}
{"loss": 0.2533051669597626, "acc": 0.8972585201263428, "length": 3.7928051948547363, "mode": "train", "epoch": 56}
{"loss": 0.35360822081565857, "acc": 0.8524202108383179, "length": 3.839080572128296, "mode": "test", "epoch": 56}
{"loss": 0.24528458714485168, "acc": 0.9026468396186829, "length": 3.870436906814575, "mode": "train", "epoch": 57}
{"loss": 0.3692600727081299, "acc": 0.8524201512336731, "length": 3.908046007156372, "mode": "test", "epoch": 57}
{"loss": 0.2412002682685852, "acc": 0.907753586769104, "length": 3.8386261463165283, "mode": "train", "epoch": 58}
{"loss": 0.3684808015823364, "acc": 0.8446246385574341, "length": 3.8505747318267822, "mode": "test", "epoch": 58}
{"loss": 0.2670527398586273, "acc": 0.8839946985244751, "length": 3.765641450881958, "mode": "train", "epoch": 59}
{"loss": 0.3939596116542816, "acc": 0.8460276126861572, "length": 3.781609296798706, "mode": "test", "epoch": 59}
{"loss": 0.2374935895204544, "acc": 0.8983256816864014, "length": 3.7669970989227295, "mode": "train", "epoch": 60}
{"loss": 0.38513731956481934, "acc": 0.8374849557876587, "length": 3.7701148986816406, "mode": "test", "epoch": 60}
{"loss": 0.24357600510120392, "acc": 0.8914417028427124, "length": 3.724154233932495, "mode": "train", "epoch": 61}
{"loss": 0.35952967405319214, "acc": 0.8410561084747314, "length": 3.747126340866089, "mode": "test", "epoch": 61}
{"loss": 0.24192769825458527, "acc": 0.9005331993103027, "length": 3.8051226139068604, "mode": "train", "epoch": 62}
{"loss": 0.34789180755615234, "acc": 0.8655855655670166, "length": 3.873563289642334, "mode": "test", "epoch": 62}
{"loss": 0.2399352341890335, "acc": 0.9032740592956543, "length": 3.8671822547912598, "mode": "train", "epoch": 63}
{"loss": 0.3539482057094574, "acc": 0.852011501789093, "length": 3.8275861740112305, "mode": "test", "epoch": 63}
{"loss": 0.2233796864748001, "acc": 0.9081964492797852, "length": 3.8018417358398438, "mode": "train", "epoch": 64}
{"loss": 0.3598470389842987, "acc": 0.8579981327056885, "length": 3.8275861740112305, "mode": "test", "epoch": 64}
{"loss": 0.23964425921440125, "acc": 0.9060488939285278, "length": 3.8818747997283936, "mode": "train", "epoch": 65}
{"loss": 0.34960341453552246, "acc": 0.8712882399559021, "length": 3.9540228843688965, "mode": "test", "epoch": 65}
{"loss": 0.22169314324855804, "acc": 0.9112694263458252, "length": 3.9081873893737793, "mode": "train", "epoch": 66}
{"loss": 0.34230732917785645, "acc": 0.8639014959335327, "length": 3.94252872467041, "mode": "test", "epoch": 66}
{"loss": 0.20165163278579712, "acc": 0.9069710969924927, "length": 3.893738269805908, "mode": "train", "epoch": 67}
{"loss": 0.3354613184928894, "acc": 0.8613504767417908, "length": 3.931034564971924, "mode": "test", "epoch": 67}
{"loss": 0.2057768553495407, "acc": 0.9164385795593262, "length": 3.862852096557617, "mode": "train", "epoch": 68}
{"loss": 0.34836477041244507, "acc": 0.8737428784370422, "length": 3.94252872467041, "mode": "test", "epoch": 68}
{"loss": 0.19780130684375763, "acc": 0.9148227572441101, "length": 3.891944169998169, "mode": "train", "epoch": 69}
{"loss": 0.3396613597869873, "acc": 0.8783525228500366, "length": 3.9540228843688965, "mode": "test", "epoch": 69}
{"loss": 0.19797161221504211, "acc": 0.9163599014282227, "length": 3.9103362560272217, "mode": "train", "epoch": 70}
{"loss": 0.347182035446167, "acc": 0.8724519610404968, "length": 3.8965516090393066, "mode": "test", "epoch": 70}
{"loss": 0.18744085729122162, "acc": 0.9203611612319946, "length": 3.8416922092437744, "mode": "train", "epoch": 71}
{"loss": 0.355566143989563, "acc": 0.8690706491470337, "length": 3.8620688915252686, "mode": "test", "epoch": 71}
{"loss": 0.18905878067016602, "acc": 0.9166131615638733, "length": 3.7834973335266113, "mode": "train", "epoch": 72}
{"loss": 0.3565220534801483, "acc": 0.8678759932518005, "length": 3.839080572128296, "mode": "test", "epoch": 72}
{"loss": 0.17964240908622742, "acc": 0.9205118417739868, "length": 3.8466413021087646, "mode": "train", "epoch": 73}
{"loss": 0.34648019075393677, "acc": 0.8716006278991699, "length": 3.8965516090393066, "mode": "test", "epoch": 73}
{"loss": 0.17421884834766388, "acc": 0.9232011437416077, "length": 3.8735315799713135, "mode": "train", "epoch": 74}
{"loss": 0.33301055431365967, "acc": 0.8700805902481079, "length": 3.8850574493408203, "mode": "test", "epoch": 74}
{"loss": 0.19806598126888275, "acc": 0.9224669933319092, "length": 3.874615430831909, "mode": "train", "epoch": 75}
{"loss": 0.34512218832969666, "acc": 0.865840494632721, "length": 3.873563289642334, "mode": "test", "epoch": 75}
{"loss": 0.20337052643299103, "acc": 0.9220887422561646, "length": 3.8109641075134277, "mode": "train", "epoch": 76}
{"loss": 0.34451431035995483, "acc": 0.8676365613937378, "length": 3.8620688915252686, "mode": "test", "epoch": 76}
{"loss": 0.21530956029891968, "acc": 0.9212788343429565, "length": 3.8180582523345947, "mode": "train", "epoch": 77}
{"loss": 0.35499709844589233, "acc": 0.8712466955184937, "length": 3.8275861740112305, "mode": "test", "epoch": 77}
{"loss": 0.18784956634044647, "acc": 0.9167556166648865, "length": 3.7862086296081543, "mode": "train", "epoch": 78}
{"loss": 0.35183167457580566, "acc": 0.8709681630134583, "length": 3.873563289642334, "mode": "test", "epoch": 78}
{"loss": 0.18919649720191956, "acc": 0.9268518686294556, "length": 3.8143112659454346, "mode": "train", "epoch": 79}
{"loss": 0.3503694236278534, "acc": 0.87119460105896, "length": 3.8620688915252686, "mode": "test", "epoch": 79}
{"loss": 0.19200879335403442, "acc": 0.9269474148750305, "length": 3.824558973312378, "mode": "train", "epoch": 80}
{"loss": 0.35328221321105957, "acc": 0.8651819229125977, "length": 3.839080572128296, "mode": "test", "epoch": 80}
{"loss": 0.25033852458000183, "acc": 0.9196731448173523, "length": 3.7746753692626953, "mode": "train", "epoch": 81}
{"loss": 0.38459786772727966, "acc": 0.8623344898223877, "length": 3.8505747318267822, "mode": "test", "epoch": 81}
{"loss": 0.2832189202308655, "acc": 0.9170545339584351, "length": 3.8126063346862793, "mode": "train", "epoch": 82}
{"loss": 0.3695126175880432, "acc": 0.859093964099884, "length": 3.873563289642334, "mode": "test", "epoch": 82}
{"loss": 0.1953020989894867, "acc": 0.913347601890564, "length": 3.8701276779174805, "mode": "train", "epoch": 83}
{"loss": 0.37774333357810974, "acc": 0.8520116806030273, "length": 3.9540228843688965, "mode": "test", "epoch": 83}
{"loss": 0.2169746607542038, "acc": 0.9223543405532837, "length": 3.8758814334869385, "mode": "train", "epoch": 84}
{"loss": 0.3193754255771637, "acc": 0.8745471239089966, "length": 3.8275861740112305, "mode": "test", "epoch": 84}
{"loss": 0.19368232786655426, "acc": 0.9293081760406494, "length": 3.80741024017334, "mode": "train", "epoch": 85}
{"loss": 0.32912516593933105, "acc": 0.869497537612915, "length": 3.816092014312744, "mode": "test", "epoch": 85}
{"loss": 0.18021659553050995, "acc": 0.9266893267631531, "length": 3.770169973373413, "mode": "train", "epoch": 86}
{"loss": 0.31777089834213257, "acc": 0.8720248937606812, "length": 3.8275861740112305, "mode": "test", "epoch": 86}
{"loss": 0.16959160566329956, "acc": 0.925406813621521, "length": 3.803574800491333, "mode": "train", "epoch": 87}
{"loss": 0.30258142948150635, "acc": 0.8716657161712646, "length": 3.8620688915252686, "mode": "test", "epoch": 87}
{"loss": 0.15416750311851501, "acc": 0.9313292503356934, "length": 3.8282668590545654, "mode": "train", "epoch": 88}
{"loss": 0.298936128616333, "acc": 0.8770043253898621, "length": 3.873563289642334, "mode": "test", "epoch": 88}
{"loss": 0.15711864829063416, "acc": 0.9388095140457153, "length": 3.8457963466644287, "mode": "train", "epoch": 89}
{"loss": 0.30723127722740173, "acc": 0.8750573396682739, "length": 3.8850574493408203, "mode": "test", "epoch": 89}
{"loss": 0.1562841683626175, "acc": 0.9424212574958801, "length": 3.8358805179595947, "mode": "train", "epoch": 90}
{"loss": 0.3195159137248993, "acc": 0.8708224892616272, "length": 3.8505747318267822, "mode": "test", "epoch": 90}
{"loss": 0.1675376147031784, "acc": 0.94413161277771, "length": 3.794127941131592, "mode": "train", "epoch": 91}
{"loss": 0.30987584590911865, "acc": 0.874796986579895, "length": 3.8505747318267822, "mode": "test", "epoch": 91}
{"loss": 0.1391715556383133, "acc": 0.9450833201408386, "length": 3.814391851425171, "mode": "train", "epoch": 92}
{"loss": 0.29366356134414673, "acc": 0.8711270093917847, "length": 3.873563289642334, "mode": "test", "epoch": 92}
{"loss": 0.15253406763076782, "acc": 0.9380168318748474, "length": 3.819472312927246, "mode": "train", "epoch": 93}
{"loss": 0.31509730219841003, "acc": 0.8667672872543335, "length": 3.8850574493408203, "mode": "test", "epoch": 93}
{"loss": 0.13539528846740723, "acc": 0.9468822479248047, "length": 3.8408124446868896, "mode": "train", "epoch": 94}
{"loss": 0.2997323274612427, "acc": 0.8781130313873291, "length": 3.8850574493408203, "mode": "test", "epoch": 94}
{"loss": 0.14070235192775726, "acc": 0.9478778839111328, "length": 3.8838324546813965, "mode": "train", "epoch": 95}
{"loss": 0.30679798126220703, "acc": 0.8762831687927246, "length": 3.931034564971924, "mode": "test", "epoch": 95}
{"loss": 0.15401148796081543, "acc": 0.9404080510139465, "length": 3.886884927749634, "mode": "train", "epoch": 96}
{"loss": 0.2971632480621338, "acc": 0.8815644979476929, "length": 3.8850574493408203, "mode": "test", "epoch": 96}
{"loss": 0.1748775839805603, "acc": 0.9480704665184021, "length": 3.840134859085083, "mode": "train", "epoch": 97}
{"loss": 0.317579448223114, "acc": 0.8747137784957886, "length": 3.8965516090393066, "mode": "test", "epoch": 97}
{"loss": 0.14542070031166077, "acc": 0.9365445375442505, "length": 3.8841004371643066, "mode": "train", "epoch": 98}
{"loss": 0.3265080451965332, "acc": 0.8636854290962219, "length": 3.9195401668548584, "mode": "test", "epoch": 98}
{"loss": 0.16227002441883087, "acc": 0.9439717531204224, "length": 3.8744893074035645, "mode": "train", "epoch": 99}
{"loss": 0.2920660674571991, "acc": 0.8805467486381531, "length": 3.908046007156372, "mode": "test", "epoch": 99}
{"loss": 0.1532975286245346, "acc": 0.9514259099960327, "length": 3.8954734802246094, "mode": "train", "epoch": 100}
{"loss": 0.29326754808425903, "acc": 0.8829023241996765, "length": 3.9540228843688965, "mode": "test", "epoch": 100}
test accuracy: 0.7538055181503296
