# ["--attributes=3", "--values=3", "--game_size=3", "--vocab_size_factor=3", "--n_epochs=100", "--batch_size=32", "--learning_rate=0.001", "--hidden_size=256", "--temp_update=0.99", "--temperature=2"]
Creating train_ds and val_ds...

Creating test_ds...
{"loss": 0.7136645913124084, "acc": 0.5132683515548706, "length": 3.3447320461273193, "mode": "train", "epoch": 1}
{"loss": 0.6962902545928955, "acc": 0.4980843663215637, "length": 1.0, "mode": "test", "epoch": 1}
{"loss": 0.6880227327346802, "acc": 0.5263291001319885, "length": 2.033207654953003, "mode": "train", "epoch": 2}
{"loss": 0.7058011293411255, "acc": 0.49808430671691895, "length": 1.0, "mode": "test", "epoch": 2}
{"loss": 0.6879162788391113, "acc": 0.5558353662490845, "length": 1.451332688331604, "mode": "train", "epoch": 3}
{"loss": 0.7163004875183105, "acc": 0.5061063766479492, "length": 1.034482717514038, "mode": "test", "epoch": 3}
{"loss": 0.6649705767631531, "acc": 0.6064867973327637, "length": 2.2310991287231445, "mode": "train", "epoch": 4}
{"loss": 0.6559895277023315, "acc": 0.6161788702011108, "length": 1.6896551847457886, "mode": "test", "epoch": 4}
{"loss": 0.6027755737304688, "acc": 0.6431401371955872, "length": 2.0502281188964844, "mode": "train", "epoch": 5}
{"loss": 0.6388555765151978, "acc": 0.6554717421531677, "length": 2.8275861740112305, "mode": "test", "epoch": 5}
{"loss": 0.5900994539260864, "acc": 0.7127103805541992, "length": 2.527148962020874, "mode": "train", "epoch": 6}
{"loss": 0.634851336479187, "acc": 0.6433866620063782, "length": 2.2068965435028076, "mode": "test", "epoch": 6}
{"loss": 0.5232364535331726, "acc": 0.7245586514472961, "length": 2.399197816848755, "mode": "train", "epoch": 7}
{"loss": 0.5889546871185303, "acc": 0.7106941938400269, "length": 2.5517241954803467, "mode": "test", "epoch": 7}
{"loss": 0.5240343809127808, "acc": 0.7262610793113708, "length": 2.4814798831939697, "mode": "train", "epoch": 8}
{"loss": 0.5940660834312439, "acc": 0.6837154626846313, "length": 2.5862069129943848, "mode": "test", "epoch": 8}
{"loss": 0.5031191110610962, "acc": 0.7533674836158752, "length": 2.4884109497070312, "mode": "train", "epoch": 9}
{"loss": 0.5441603660583496, "acc": 0.7533472776412964, "length": 2.8620688915252686, "mode": "test", "epoch": 9}
{"loss": 0.4985506236553192, "acc": 0.7805691361427307, "length": 2.6062870025634766, "mode": "train", "epoch": 10}
{"loss": 0.5282505750656128, "acc": 0.7867498397827148, "length": 2.8965516090393066, "mode": "test", "epoch": 10}
{"loss": 0.4587114155292511, "acc": 0.7777414321899414, "length": 2.70467209815979, "mode": "train", "epoch": 11}
{"loss": 0.5748926401138306, "acc": 0.773425817489624, "length": 2.965517282485962, "mode": "test", "epoch": 11}
{"loss": 0.4302085041999817, "acc": 0.7930006980895996, "length": 2.717013120651245, "mode": "train", "epoch": 12}
{"loss": 0.5131101608276367, "acc": 0.7785587310791016, "length": 3.0, "mode": "test", "epoch": 12}
{"loss": 0.43748196959495544, "acc": 0.8087236881256104, "length": 2.6621994972229004, "mode": "train", "epoch": 13}
{"loss": 0.5470267534255981, "acc": 0.7759479880332947, "length": 2.8620688915252686, "mode": "test", "epoch": 13}
{"loss": 0.43346071243286133, "acc": 0.823626697063446, "length": 2.7795495986938477, "mode": "train", "epoch": 14}
{"loss": 0.475355863571167, "acc": 0.8006517291069031, "length": 2.931034564971924, "mode": "test", "epoch": 14}
{"loss": 0.37371835112571716, "acc": 0.8379051685333252, "length": 2.6962735652923584, "mode": "train", "epoch": 15}
{"loss": 0.454237699508667, "acc": 0.8236246109008789, "length": 3.2413792610168457, "mode": "test", "epoch": 15}
{"loss": 0.3375633656978607, "acc": 0.8484897017478943, "length": 2.9939403533935547, "mode": "train", "epoch": 16}
{"loss": 0.38323450088500977, "acc": 0.8462461233139038, "length": 3.2988505363464355, "mode": "test", "epoch": 16}
{"loss": 0.3164830803871155, "acc": 0.8660117387771606, "length": 3.0036818981170654, "mode": "train", "epoch": 17}
{"loss": 0.373397558927536, "acc": 0.8616498708724976, "length": 3.4137930870056152, "mode": "test", "epoch": 17}
{"loss": 0.27436429262161255, "acc": 0.8828974962234497, "length": 3.260437250137329, "mode": "train", "epoch": 18}
{"loss": 0.3802519738674164, "acc": 0.8641539216041565, "length": 3.5172414779663086, "mode": "test", "epoch": 18}
{"loss": 0.28111037611961365, "acc": 0.8860712051391602, "length": 3.2811968326568604, "mode": "train", "epoch": 19}
{"loss": 0.3567532002925873, "acc": 0.8665382266044617, "length": 3.379310369491577, "mode": "test", "epoch": 19}
{"loss": 0.3038862943649292, "acc": 0.8836199045181274, "length": 3.156332015991211, "mode": "train", "epoch": 20}
{"loss": 0.3741786479949951, "acc": 0.8748047947883606, "length": 3.3333332538604736, "mode": "test", "epoch": 20}
{"loss": 0.2893041670322418, "acc": 0.8840250968933105, "length": 3.279235601425171, "mode": "train", "epoch": 21}
{"loss": 0.4000595510005951, "acc": 0.8459520936012268, "length": 3.620689630508423, "mode": "test", "epoch": 21}
{"loss": 0.26418015360832214, "acc": 0.892275869846344, "length": 3.2428412437438965, "mode": "train", "epoch": 22}
{"loss": 0.3800140619277954, "acc": 0.8858280181884766, "length": 3.4137930870056152, "mode": "test", "epoch": 22}
{"loss": 0.28455764055252075, "acc": 0.8960564732551575, "length": 3.233438730239868, "mode": "train", "epoch": 23}
{"loss": 0.3379349708557129, "acc": 0.8800210356712341, "length": 3.4827585220336914, "mode": "test", "epoch": 23}
{"loss": 0.25054314732551575, "acc": 0.8902868628501892, "length": 3.2484495639801025, "mode": "train", "epoch": 24}
{"loss": 0.3653525710105896, "acc": 0.8856327533721924, "length": 3.344827651977539, "mode": "test", "epoch": 24}
{"loss": 0.2622598707675934, "acc": 0.8985172510147095, "length": 3.261972665786743, "mode": "train", "epoch": 25}
{"loss": 0.34509730339050293, "acc": 0.8919784426689148, "length": 3.724138021469116, "mode": "test", "epoch": 25}
{"loss": 0.21352535486221313, "acc": 0.9048680663108826, "length": 3.3034331798553467, "mode": "train", "epoch": 26}
{"loss": 0.34303605556488037, "acc": 0.896385133266449, "length": 3.528735637664795, "mode": "test", "epoch": 26}
{"loss": 0.23380637168884277, "acc": 0.9093906879425049, "length": 3.2782649993896484, "mode": "train", "epoch": 27}
{"loss": 0.3225332200527191, "acc": 0.9069111943244934, "length": 3.712643623352051, "mode": "test", "epoch": 27}
{"loss": 0.2360231578350067, "acc": 0.9083462357521057, "length": 3.34912371635437, "mode": "train", "epoch": 28}
{"loss": 0.3224746882915497, "acc": 0.9049798250198364, "length": 3.4252872467041016, "mode": "test", "epoch": 28}
{"loss": 0.22592973709106445, "acc": 0.9171276092529297, "length": 3.234797477722168, "mode": "train", "epoch": 29}
{"loss": 0.3195558190345764, "acc": 0.9059402346611023, "length": 3.6091954708099365, "mode": "test", "epoch": 29}
{"loss": 0.1948126256465912, "acc": 0.9144993424415588, "length": 3.3661890029907227, "mode": "train", "epoch": 30}
{"loss": 0.3698018193244934, "acc": 0.8906874656677246, "length": 3.655172348022461, "mode": "test", "epoch": 30}
{"loss": 0.19727545976638794, "acc": 0.9163766503334045, "length": 3.339862585067749, "mode": "train", "epoch": 31}
{"loss": 0.3548985421657562, "acc": 0.895057737827301, "length": 3.620689630508423, "mode": "test", "epoch": 31}
{"loss": 0.20982405543327332, "acc": 0.9254847764968872, "length": 3.390693187713623, "mode": "train", "epoch": 32}
{"loss": 0.36451196670532227, "acc": 0.8955340385437012, "length": 3.620689630508423, "mode": "test", "epoch": 32}
{"loss": 0.21578148007392883, "acc": 0.9105103611946106, "length": 3.362855911254883, "mode": "train", "epoch": 33}
{"loss": 0.39576226472854614, "acc": 0.8729177713394165, "length": 3.5862069129943848, "mode": "test", "epoch": 33}
{"loss": 0.22612853348255157, "acc": 0.9010838866233826, "length": 3.269451856613159, "mode": "train", "epoch": 34}
{"loss": 0.4082193076610565, "acc": 0.8721863031387329, "length": 3.7011494636535645, "mode": "test", "epoch": 34}
{"loss": 0.22343917191028595, "acc": 0.9083065986633301, "length": 3.494084596633911, "mode": "train", "epoch": 35}
{"loss": 0.36382097005844116, "acc": 0.882243812084198, "length": 3.747126340866089, "mode": "test", "epoch": 35}
{"loss": 0.18718485534191132, "acc": 0.921930730342865, "length": 3.3906941413879395, "mode": "train", "epoch": 36}
{"loss": 0.40516015887260437, "acc": 0.8862548470497131, "length": 3.6436781883239746, "mode": "test", "epoch": 36}
{"loss": 0.1974494308233261, "acc": 0.9214939475059509, "length": 3.4214558601379395, "mode": "train", "epoch": 37}
{"loss": 0.34702345728874207, "acc": 0.8927202820777893, "length": 3.7011494636535645, "mode": "test", "epoch": 37}
{"loss": 0.20400124788284302, "acc": 0.9231340289115906, "length": 3.4145030975341797, "mode": "train", "epoch": 38}
{"loss": 0.338376522064209, "acc": 0.9052323698997498, "length": 3.724138021469116, "mode": "test", "epoch": 38}
{"loss": 0.1802440583705902, "acc": 0.9280501008033752, "length": 3.4719419479370117, "mode": "train", "epoch": 39}
{"loss": 0.37264132499694824, "acc": 0.8967313170433044, "length": 3.7586207389831543, "mode": "test", "epoch": 39}
{"loss": 0.2076137810945511, "acc": 0.9325075149536133, "length": 3.4996585845947266, "mode": "train", "epoch": 40}
{"loss": 0.35258251428604126, "acc": 0.9005029797554016, "length": 3.7701148986816406, "mode": "test", "epoch": 40}
{"loss": 0.19541460275650024, "acc": 0.9291930794715881, "length": 3.395437717437744, "mode": "train", "epoch": 41}
{"loss": 0.32877200841903687, "acc": 0.8914865851402283, "length": 3.597701072692871, "mode": "test", "epoch": 41}
{"loss": 0.2323634922504425, "acc": 0.9167474508285522, "length": 3.357340097427368, "mode": "train", "epoch": 42}
{"loss": 0.32929715514183044, "acc": 0.9144515991210938, "length": 3.6781609058380127, "mode": "test", "epoch": 42}
{"loss": 0.18996942043304443, "acc": 0.9277379512786865, "length": 3.4658963680267334, "mode": "train", "epoch": 43}
{"loss": 0.322296142578125, "acc": 0.9155058860778809, "length": 3.655172348022461, "mode": "test", "epoch": 43}
{"loss": 0.19783681631088257, "acc": 0.9193617701530457, "length": 3.3729331493377686, "mode": "train", "epoch": 44}
{"loss": 0.45760834217071533, "acc": 0.8983476758003235, "length": 3.7356321811676025, "mode": "test", "epoch": 44}
{"loss": 0.1776243895292282, "acc": 0.9308485388755798, "length": 3.459068536758423, "mode": "train", "epoch": 45}
{"loss": 0.31527554988861084, "acc": 0.9176246523857117, "length": 3.689655065536499, "mode": "test", "epoch": 45}
{"loss": 0.16688692569732666, "acc": 0.9350082278251648, "length": 3.4671337604522705, "mode": "train", "epoch": 46}
{"loss": 0.31242746114730835, "acc": 0.9244493246078491, "length": 3.712643623352051, "mode": "test", "epoch": 46}
{"loss": 0.16351564228534698, "acc": 0.9363288879394531, "length": 3.427687406539917, "mode": "train", "epoch": 47}
{"loss": 0.3263602554798126, "acc": 0.9158285856246948, "length": 3.712643623352051, "mode": "test", "epoch": 47}
{"loss": 0.16881200671195984, "acc": 0.9367266297340393, "length": 3.477426528930664, "mode": "train", "epoch": 48}
{"loss": 0.3023788630962372, "acc": 0.9153496623039246, "length": 3.724138021469116, "mode": "test", "epoch": 48}
{"loss": 0.16112132370471954, "acc": 0.9326497912406921, "length": 3.600505828857422, "mode": "train", "epoch": 49}
{"loss": 0.3097332715988159, "acc": 0.9254071712493896, "length": 3.7586207389831543, "mode": "test", "epoch": 49}
{"loss": 0.15053309500217438, "acc": 0.9440242648124695, "length": 3.5484347343444824, "mode": "train", "epoch": 50}
{"loss": 0.3013085126876831, "acc": 0.9225335717201233, "length": 3.7356321811676025, "mode": "test", "epoch": 50}
{"loss": 0.1919763684272766, "acc": 0.9392898678779602, "length": 3.520550489425659, "mode": "train", "epoch": 51}
{"loss": 0.3076821565628052, "acc": 0.9263051152229309, "length": 3.7356321811676025, "mode": "test", "epoch": 51}
{"loss": 0.16416043043136597, "acc": 0.9327198266983032, "length": 3.487912654876709, "mode": "train", "epoch": 52}
{"loss": 0.287145733833313, "acc": 0.9258860349655151, "length": 3.7586207389831543, "mode": "test", "epoch": 52}
{"loss": 0.1534862071275711, "acc": 0.941372275352478, "length": 3.5547585487365723, "mode": "train", "epoch": 53}
{"loss": 0.32016611099243164, "acc": 0.9236112833023071, "length": 3.7586207389831543, "mode": "test", "epoch": 53}
{"loss": 0.14261086285114288, "acc": 0.9439331889152527, "length": 3.5399911403656006, "mode": "train", "epoch": 54}
{"loss": 0.2985552251338959, "acc": 0.9240901470184326, "length": 3.747126340866089, "mode": "test", "epoch": 54}
{"loss": 0.1469295769929886, "acc": 0.9496913552284241, "length": 3.5635228157043457, "mode": "train", "epoch": 55}
{"loss": 0.2787643373012543, "acc": 0.927502453327179, "length": 3.7586207389831543, "mode": "test", "epoch": 55}
{"loss": 0.1279979944229126, "acc": 0.949360728263855, "length": 3.553954601287842, "mode": "train", "epoch": 56}
{"loss": 0.2885149121284485, "acc": 0.9252275228500366, "length": 3.7586207389831543, "mode": "test", "epoch": 56}
{"loss": 0.1320914924144745, "acc": 0.9477517604827881, "length": 3.56327223777771, "mode": "train", "epoch": 57}
{"loss": 0.28915834426879883, "acc": 0.9336686134338379, "length": 3.7701148986816406, "mode": "test", "epoch": 57}
{"loss": 0.2222183644771576, "acc": 0.9491223692893982, "length": 3.637732982635498, "mode": "train", "epoch": 58}
{"loss": 0.2809257507324219, "acc": 0.9354048371315002, "length": 3.7701148986816406, "mode": "test", "epoch": 58}
{"loss": 0.14306119084358215, "acc": 0.9453687071800232, "length": 3.5702295303344727, "mode": "train", "epoch": 59}
{"loss": 0.28879082202911377, "acc": 0.9134339094161987, "length": 3.7701148986816406, "mode": "test", "epoch": 59}
{"loss": 0.17940574884414673, "acc": 0.9445627331733704, "length": 3.586214303970337, "mode": "train", "epoch": 60}
{"loss": 0.27866488695144653, "acc": 0.9293583035469055, "length": 3.7586207389831543, "mode": "test", "epoch": 60}
{"loss": 0.1680586040019989, "acc": 0.9429503083229065, "length": 3.5604796409606934, "mode": "train", "epoch": 61}
{"loss": 0.2619628310203552, "acc": 0.9261255264282227, "length": 3.7586207389831543, "mode": "test", "epoch": 61}
{"loss": 0.15760335326194763, "acc": 0.9384296536445618, "length": 3.5088205337524414, "mode": "train", "epoch": 62}
{"loss": 0.2603006660938263, "acc": 0.9318726658821106, "length": 3.7356321811676025, "mode": "test", "epoch": 62}
{"loss": 0.17708054184913635, "acc": 0.9468410015106201, "length": 3.578988552093506, "mode": "train", "epoch": 63}
{"loss": 0.25406476855278015, "acc": 0.9254071712493896, "length": 3.839080572128296, "mode": "test", "epoch": 63}
{"loss": 0.15909896790981293, "acc": 0.9223443269729614, "length": 3.8161075115203857, "mode": "train", "epoch": 64}
{"loss": 0.2661592364311218, "acc": 0.9232519865036011, "length": 3.8505747318267822, "mode": "test", "epoch": 64}
{"loss": 0.14489419758319855, "acc": 0.9414750337600708, "length": 3.749472141265869, "mode": "train", "epoch": 65}
{"loss": 0.25955283641815186, "acc": 0.9339680075645447, "length": 3.8505747318267822, "mode": "test", "epoch": 65}
{"loss": 0.15151241421699524, "acc": 0.9498252868652344, "length": 3.7116925716400146, "mode": "train", "epoch": 66}
{"loss": 0.266629159450531, "acc": 0.9296575784683228, "length": 3.873563289642334, "mode": "test", "epoch": 66}
{"loss": 0.15178225934505463, "acc": 0.9510781764984131, "length": 3.7229526042938232, "mode": "train", "epoch": 67}
{"loss": 0.2819472551345825, "acc": 0.9165469408035278, "length": 3.8505747318267822, "mode": "test", "epoch": 67}
{"loss": 0.13306963443756104, "acc": 0.9466257691383362, "length": 3.747579336166382, "mode": "train", "epoch": 68}
{"loss": 0.3473396301269531, "acc": 0.8902658224105835, "length": 3.8620688915252686, "mode": "test", "epoch": 68}
{"loss": 0.16362902522087097, "acc": 0.9475291967391968, "length": 3.782874345779419, "mode": "train", "epoch": 69}
{"loss": 0.25393185019493103, "acc": 0.9343870282173157, "length": 3.8965516090393066, "mode": "test", "epoch": 69}
{"loss": 0.15093457698822021, "acc": 0.9440804123878479, "length": 3.811293363571167, "mode": "train", "epoch": 70}
{"loss": 0.27546510100364685, "acc": 0.9148706793785095, "length": 3.8850574493408203, "mode": "test", "epoch": 70}
{"loss": 0.13072453439235687, "acc": 0.947125256061554, "length": 3.802561044692993, "mode": "train", "epoch": 71}
{"loss": 0.28978031873703003, "acc": 0.9244492650032043, "length": 3.8850574493408203, "mode": "test", "epoch": 71}
{"loss": 0.12116280943155289, "acc": 0.9567045569419861, "length": 3.8351404666900635, "mode": "train", "epoch": 72}
{"loss": 0.2725854814052582, "acc": 0.9295378923416138, "length": 3.8965516090393066, "mode": "test", "epoch": 72}
{"loss": 0.15491290390491486, "acc": 0.9575474858283997, "length": 3.8397912979125977, "mode": "train", "epoch": 73}
{"loss": 0.2837233543395996, "acc": 0.9235513806343079, "length": 3.8965516090393066, "mode": "test", "epoch": 73}
{"loss": 0.12604908645153046, "acc": 0.9437770843505859, "length": 3.8555397987365723, "mode": "train", "epoch": 74}
{"loss": 0.25845417380332947, "acc": 0.9193606972694397, "length": 3.8850574493408203, "mode": "test", "epoch": 74}
{"loss": 0.10943159461021423, "acc": 0.9572988748550415, "length": 3.8118982315063477, "mode": "train", "epoch": 75}
{"loss": 0.24978730082511902, "acc": 0.9305557012557983, "length": 3.8850574493408203, "mode": "test", "epoch": 75}
{"loss": 0.10478007048368454, "acc": 0.9611591100692749, "length": 3.800833225250244, "mode": "train", "epoch": 76}
{"loss": 0.2523282766342163, "acc": 0.9326509237289429, "length": 3.8850574493408203, "mode": "test", "epoch": 76}
{"loss": 0.13727673888206482, "acc": 0.9574267268180847, "length": 3.84843111038208, "mode": "train", "epoch": 77}
{"loss": 0.2373962253332138, "acc": 0.9285799264907837, "length": 3.8965516090393066, "mode": "test", "epoch": 77}
{"loss": 0.09561292827129364, "acc": 0.9623121619224548, "length": 3.8252458572387695, "mode": "train", "epoch": 78}
{"loss": 0.2789041996002197, "acc": 0.928101122379303, "length": 3.8965516090393066, "mode": "test", "epoch": 78}
{"loss": 0.0992095023393631, "acc": 0.9644762873649597, "length": 3.8456368446350098, "mode": "train", "epoch": 79}
{"loss": 0.26689180731773376, "acc": 0.9269636273384094, "length": 3.8850574493408203, "mode": "test", "epoch": 79}
{"loss": 0.10004577785730362, "acc": 0.9583284258842468, "length": 3.8293497562408447, "mode": "train", "epoch": 80}
{"loss": 0.26727837324142456, "acc": 0.9324711561203003, "length": 3.8965516090393066, "mode": "test", "epoch": 80}
{"loss": 0.10273997485637665, "acc": 0.9623130559921265, "length": 3.8426802158355713, "mode": "train", "epoch": 81}
{"loss": 0.2656439542770386, "acc": 0.9377993941307068, "length": 3.8965516090393066, "mode": "test", "epoch": 81}
{"loss": 0.10773567110300064, "acc": 0.9588955044746399, "length": 3.8500187397003174, "mode": "train", "epoch": 82}
{"loss": 0.2555532455444336, "acc": 0.9419301152229309, "length": 3.8965516090393066, "mode": "test", "epoch": 82}
{"loss": 0.10609421879053116, "acc": 0.9612863659858704, "length": 3.83695650100708, "mode": "train", "epoch": 83}
{"loss": 0.23119041323661804, "acc": 0.9461207985877991, "length": 3.931034564971924, "mode": "test", "epoch": 83}
{"loss": 0.1023302674293518, "acc": 0.9587104916572571, "length": 3.8517119884490967, "mode": "train", "epoch": 84}
{"loss": 0.23859688639640808, "acc": 0.9418104290962219, "length": 3.9195401668548584, "mode": "test", "epoch": 84}
{"loss": 0.1413513720035553, "acc": 0.9610297083854675, "length": 3.842742919921875, "mode": "train", "epoch": 85}
{"loss": 0.2637473940849304, "acc": 0.9249881505966187, "length": 3.8850574493408203, "mode": "test", "epoch": 85}
{"loss": 0.10061825066804886, "acc": 0.9582189321517944, "length": 3.807642936706543, "mode": "train", "epoch": 86}
{"loss": 0.27028027176856995, "acc": 0.9309147596359253, "length": 3.9195401668548584, "mode": "test", "epoch": 86}
{"loss": 0.09212352335453033, "acc": 0.967465877532959, "length": 3.854271173477173, "mode": "train", "epoch": 87}
{"loss": 0.25512439012527466, "acc": 0.9388171434402466, "length": 3.8965516090393066, "mode": "test", "epoch": 87}
{"loss": 0.09910038113594055, "acc": 0.9695334434509277, "length": 3.8671417236328125, "mode": "train", "epoch": 88}
{"loss": 0.260267972946167, "acc": 0.9309147596359253, "length": 3.908046007156372, "mode": "test", "epoch": 88}
{"loss": 0.09539227187633514, "acc": 0.9707580804824829, "length": 3.867319345474243, "mode": "train", "epoch": 89}
{"loss": 0.2840414047241211, "acc": 0.9270235300064087, "length": 3.9540228843688965, "mode": "test", "epoch": 89}
{"loss": 0.0885080024600029, "acc": 0.9690207839012146, "length": 3.9009501934051514, "mode": "train", "epoch": 90}
{"loss": 0.2510380446910858, "acc": 0.942050039768219, "length": 3.9540228843688965, "mode": "test", "epoch": 90}
{"loss": 0.08562840521335602, "acc": 0.9691831469535828, "length": 3.866816520690918, "mode": "train", "epoch": 91}
{"loss": 0.24792002141475677, "acc": 0.9206777811050415, "length": 3.8505747318267822, "mode": "test", "epoch": 91}
{"loss": 0.0835723876953125, "acc": 0.9708060026168823, "length": 3.862870693206787, "mode": "train", "epoch": 92}
{"loss": 0.24674642086029053, "acc": 0.9458813071250916, "length": 3.9195401668548584, "mode": "test", "epoch": 92}
{"loss": 0.07841774821281433, "acc": 0.9731515049934387, "length": 3.8361973762512207, "mode": "train", "epoch": 93}
{"loss": 0.234749898314476, "acc": 0.9420498609542847, "length": 3.8965516090393066, "mode": "test", "epoch": 93}
{"loss": 0.08049044758081436, "acc": 0.9694044589996338, "length": 3.7963571548461914, "mode": "train", "epoch": 94}
{"loss": 0.24752244353294373, "acc": 0.9422293305397034, "length": 3.873563289642334, "mode": "test", "epoch": 94}
{"loss": 0.0982242003083229, "acc": 0.9756231904029846, "length": 3.8274219036102295, "mode": "train", "epoch": 95}
{"loss": 0.26556289196014404, "acc": 0.934327244758606, "length": 3.8965516090393066, "mode": "test", "epoch": 95}
{"loss": 0.10473332554101944, "acc": 0.9778937101364136, "length": 3.850794553756714, "mode": "train", "epoch": 96}
{"loss": 0.25278353691101074, "acc": 0.9382184147834778, "length": 3.931034564971924, "mode": "test", "epoch": 96}
{"loss": 0.11561454832553864, "acc": 0.9563581943511963, "length": 3.872952699661255, "mode": "train", "epoch": 97}
{"loss": 0.3134077191352844, "acc": 0.9376795887947083, "length": 3.931034564971924, "mode": "test", "epoch": 97}
{"loss": 0.11639392375946045, "acc": 0.9615851044654846, "length": 3.834353446960449, "mode": "train", "epoch": 98}
{"loss": 0.2835298478603363, "acc": 0.9327706694602966, "length": 3.931034564971924, "mode": "test", "epoch": 98}
{"loss": 0.10407723486423492, "acc": 0.9590246677398682, "length": 3.9180681705474854, "mode": "train", "epoch": 99}
{"loss": 0.2507321834564209, "acc": 0.9385775923728943, "length": 3.9885058403015137, "mode": "test", "epoch": 99}
{"loss": 0.1065090224146843, "acc": 0.9584470987319946, "length": 3.9615635871887207, "mode": "train", "epoch": 100}
{"loss": 0.2690507173538208, "acc": 0.9272031188011169, "length": 3.9770114421844482, "mode": "test", "epoch": 100}
test accuracy: 0.8226772546768188
