# ["--attributes=3", "--values=3", "--game_size=10", "--vocab_size_factor=3", "--n_epochs=100", "--batch_size=32", "--learning_rate=0.0005", "--hidden_size=128", "--temp_update=0.97", "--temperature=2"]
Creating train_ds and val_ds...

Creating test_ds...
{"loss": 0.6971985697746277, "acc": 0.5049604773521423, "length": 3.499828577041626, "mode": "train", "epoch": 1}
{"loss": 0.6923170685768127, "acc": 0.49399295449256897, "length": 1.0, "mode": "test", "epoch": 1}
{"loss": 0.689439594745636, "acc": 0.5320033431053162, "length": 3.263155698776245, "mode": "train", "epoch": 2}
{"loss": 0.6657993197441101, "acc": 0.6289215683937073, "length": 2.8021202087402344, "mode": "test", "epoch": 2}
{"loss": 0.6474384069442749, "acc": 0.6496384143829346, "length": 3.5644705295562744, "mode": "train", "epoch": 3}
{"loss": 0.5857303142547607, "acc": 0.6856669783592224, "length": 3.9893991947174072, "mode": "test", "epoch": 3}
{"loss": 0.5767969489097595, "acc": 0.6859180331230164, "length": 3.8843085765838623, "mode": "train", "epoch": 4}
{"loss": 0.5549417734146118, "acc": 0.71378093957901, "length": 4.0, "mode": "test", "epoch": 4}
{"loss": 0.5404854416847229, "acc": 0.7288632392883301, "length": 3.907985210418701, "mode": "train", "epoch": 5}
{"loss": 0.4885386824607849, "acc": 0.7858657836914062, "length": 4.0, "mode": "test", "epoch": 5}
{"loss": 0.48075178265571594, "acc": 0.7698754072189331, "length": 3.9444074630737305, "mode": "train", "epoch": 6}
{"loss": 0.46890777349472046, "acc": 0.7673144936561584, "length": 4.0, "mode": "test", "epoch": 6}
{"loss": 0.44460615515708923, "acc": 0.7941197752952576, "length": 3.975989580154419, "mode": "train", "epoch": 7}
{"loss": 0.45161211490631104, "acc": 0.8031801581382751, "length": 4.0, "mode": "test", "epoch": 7}
{"loss": 0.42685508728027344, "acc": 0.8098371028900146, "length": 3.9839484691619873, "mode": "train", "epoch": 8}
{"loss": 0.43604645133018494, "acc": 0.8053002953529358, "length": 4.0, "mode": "test", "epoch": 8}
{"loss": 0.4147513508796692, "acc": 0.8143072724342346, "length": 3.989323139190674, "mode": "train", "epoch": 9}
{"loss": 0.43394431471824646, "acc": 0.8106006979942322, "length": 4.0, "mode": "test", "epoch": 9}
{"loss": 0.40441209077835083, "acc": 0.8191204071044922, "length": 3.9917142391204834, "mode": "train", "epoch": 10}
{"loss": 0.4232613146305084, "acc": 0.8213780522346497, "length": 4.0, "mode": "test", "epoch": 10}
{"loss": 0.38684752583503723, "acc": 0.8267467617988586, "length": 3.992910146713257, "mode": "train", "epoch": 11}
{"loss": 0.39800775051116943, "acc": 0.8314487934112549, "length": 4.0, "mode": "test", "epoch": 11}
{"loss": 0.3657909631729126, "acc": 0.8367488384246826, "length": 3.9945085048675537, "mode": "train", "epoch": 12}
{"loss": 0.37882885336875916, "acc": 0.8371025323867798, "length": 4.0, "mode": "test", "epoch": 12}
{"loss": 0.3485485315322876, "acc": 0.8487706780433655, "length": 3.994783401489258, "mode": "train", "epoch": 13}
{"loss": 0.37263384461402893, "acc": 0.8340989351272583, "length": 4.0, "mode": "test", "epoch": 13}
{"loss": 0.33591920137405396, "acc": 0.8588660359382629, "length": 3.996196985244751, "mode": "train", "epoch": 14}
{"loss": 0.3478355407714844, "acc": 0.8583038449287415, "length": 4.0, "mode": "test", "epoch": 14}
{"loss": 0.3203589618206024, "acc": 0.8627623319625854, "length": 3.9942822456359863, "mode": "train", "epoch": 15}
{"loss": 0.3358190953731537, "acc": 0.8614841103553772, "length": 4.0, "mode": "test", "epoch": 15}
{"loss": 0.30470162630081177, "acc": 0.8730305433273315, "length": 3.9963157176971436, "mode": "train", "epoch": 16}
{"loss": 0.32028594613075256, "acc": 0.8643108606338501, "length": 4.0, "mode": "test", "epoch": 16}
{"loss": 0.2891925275325775, "acc": 0.8781090974807739, "length": 3.997225284576416, "mode": "train", "epoch": 17}
{"loss": 0.32062187790870667, "acc": 0.8598939776420593, "length": 4.0, "mode": "test", "epoch": 17}
{"loss": 0.2799265682697296, "acc": 0.8846666812896729, "length": 3.9974615573883057, "mode": "train", "epoch": 18}
{"loss": 0.287701278924942, "acc": 0.8833920955657959, "length": 4.0, "mode": "test", "epoch": 18}
{"loss": 0.2656141221523285, "acc": 0.8947409391403198, "length": 3.996750831604004, "mode": "train", "epoch": 19}
{"loss": 0.2993067800998688, "acc": 0.8747350573539734, "length": 4.0, "mode": "test", "epoch": 19}
{"loss": 0.25309211015701294, "acc": 0.8979974389076233, "length": 3.99609375, "mode": "train", "epoch": 20}
{"loss": 0.2975938618183136, "acc": 0.8842756748199463, "length": 4.0, "mode": "test", "epoch": 20}
{"loss": 0.24207858741283417, "acc": 0.9018526673316956, "length": 3.998277425765991, "mode": "train", "epoch": 21}
{"loss": 0.28303489089012146, "acc": 0.8849824070930481, "length": 4.0, "mode": "test", "epoch": 21}
{"loss": 0.2338917851448059, "acc": 0.9085637331008911, "length": 3.998047351837158, "mode": "train", "epoch": 22}
{"loss": 0.2645109295845032, "acc": 0.894523024559021, "length": 4.0, "mode": "test", "epoch": 22}
{"loss": 0.22192315757274628, "acc": 0.9104189276695251, "length": 3.9988386631011963, "mode": "train", "epoch": 23}
{"loss": 0.2539317309856415, "acc": 0.8998234868049622, "length": 4.0, "mode": "test", "epoch": 23}
{"loss": 0.22088909149169922, "acc": 0.9127806425094604, "length": 3.9991190433502197, "mode": "train", "epoch": 24}
{"loss": 0.2518652379512787, "acc": 0.8945230841636658, "length": 4.0, "mode": "test", "epoch": 24}
{"loss": 0.21674592792987823, "acc": 0.9111354947090149, "length": 3.9991977214813232, "mode": "train", "epoch": 25}
{"loss": 0.24798698723316193, "acc": 0.9037103652954102, "length": 4.0, "mode": "test", "epoch": 25}
{"loss": 0.20426596701145172, "acc": 0.9196908473968506, "length": 3.9992082118988037, "mode": "train", "epoch": 26}
{"loss": 0.2344392091035843, "acc": 0.9111307859420776, "length": 4.0, "mode": "test", "epoch": 26}
{"loss": 0.19781532883644104, "acc": 0.9227698445320129, "length": 3.9995458126068115, "mode": "train", "epoch": 27}
{"loss": 0.23758037388324738, "acc": 0.9068906307220459, "length": 4.0, "mode": "test", "epoch": 27}
{"loss": 0.20151382684707642, "acc": 0.9214476346969604, "length": 3.998722791671753, "mode": "train", "epoch": 28}
{"loss": 0.23410378396511078, "acc": 0.910953938961029, "length": 4.0, "mode": "test", "epoch": 28}
{"loss": 0.19674760103225708, "acc": 0.9219762682914734, "length": 3.998983383178711, "mode": "train", "epoch": 29}
{"loss": 0.22925932705402374, "acc": 0.9162544012069702, "length": 4.0, "mode": "test", "epoch": 29}
{"loss": 0.1946965903043747, "acc": 0.9240157008171082, "length": 3.9997668266296387, "mode": "train", "epoch": 30}
{"loss": 0.22164204716682434, "acc": 0.9148409962654114, "length": 4.0, "mode": "test", "epoch": 30}
{"loss": 0.1856277585029602, "acc": 0.9255544543266296, "length": 3.99981427192688, "mode": "train", "epoch": 31}
{"loss": 0.2140803039073944, "acc": 0.9185511469841003, "length": 4.0, "mode": "test", "epoch": 31}
{"loss": 0.1801009476184845, "acc": 0.9304850697517395, "length": 3.9987549781799316, "mode": "train", "epoch": 32}
{"loss": 0.22443631291389465, "acc": 0.9151943325996399, "length": 4.0, "mode": "test", "epoch": 32}
{"loss": 0.17414286732673645, "acc": 0.9348282814025879, "length": 3.9976818561553955, "mode": "train", "epoch": 33}
{"loss": 0.20956571400165558, "acc": 0.9284453392028809, "length": 4.0, "mode": "test", "epoch": 33}
{"loss": 0.1787584125995636, "acc": 0.933051586151123, "length": 3.9998440742492676, "mode": "train", "epoch": 34}
{"loss": 0.20532770454883575, "acc": 0.9316254258155823, "length": 4.0, "mode": "test", "epoch": 34}
{"loss": 0.16955849528312683, "acc": 0.9346458315849304, "length": 3.9998209476470947, "mode": "train", "epoch": 35}
{"loss": 0.2107495218515396, "acc": 0.9190813899040222, "length": 4.0, "mode": "test", "epoch": 35}
{"loss": 0.17201583087444305, "acc": 0.9373586177825928, "length": 3.9996495246887207, "mode": "train", "epoch": 36}
{"loss": 0.20984716713428497, "acc": 0.9256184101104736, "length": 4.0, "mode": "test", "epoch": 36}
{"loss": 0.188450887799263, "acc": 0.9283329844474792, "length": 3.999907970428467, "mode": "train", "epoch": 37}
{"loss": 0.22355195879936218, "acc": 0.9190812706947327, "length": 4.0, "mode": "test", "epoch": 37}
{"loss": 0.17014198005199432, "acc": 0.9356493949890137, "length": 3.999875783920288, "mode": "train", "epoch": 38}
{"loss": 0.20871789753437042, "acc": 0.9219081997871399, "length": 4.0, "mode": "test", "epoch": 38}
{"loss": 0.17110946774482727, "acc": 0.9344744682312012, "length": 3.9982399940490723, "mode": "train", "epoch": 39}
{"loss": 0.21804291009902954, "acc": 0.9219080805778503, "length": 4.0, "mode": "test", "epoch": 39}
{"loss": 0.16401726007461548, "acc": 0.9397863745689392, "length": 3.99997615814209, "mode": "train", "epoch": 40}
{"loss": 0.21019722521305084, "acc": 0.927738606929779, "length": 4.0, "mode": "test", "epoch": 40}
{"loss": 0.16753984987735748, "acc": 0.9368021488189697, "length": 3.9989233016967773, "mode": "train", "epoch": 41}
{"loss": 0.2180010974407196, "acc": 0.9196113348007202, "length": 4.0, "mode": "test", "epoch": 41}
{"loss": 0.16267402470111847, "acc": 0.9395509958267212, "length": 3.999987840652466, "mode": "train", "epoch": 42}
{"loss": 0.19858549535274506, "acc": 0.9273853302001953, "length": 4.0, "mode": "test", "epoch": 42}
{"loss": 0.157562717795372, "acc": 0.9408483505249023, "length": 3.999946355819702, "mode": "train", "epoch": 43}
{"loss": 0.20144861936569214, "acc": 0.9284451007843018, "length": 4.0, "mode": "test", "epoch": 43}
{"loss": 0.15680871903896332, "acc": 0.939136803150177, "length": 3.999976873397827, "mode": "train", "epoch": 44}
{"loss": 0.203039288520813, "acc": 0.9291518926620483, "length": 4.0, "mode": "test", "epoch": 44}
{"loss": 0.15219753980636597, "acc": 0.9444506764411926, "length": 3.999997138977051, "mode": "train", "epoch": 45}
{"loss": 0.21305261552333832, "acc": 0.9263250827789307, "length": 4.0, "mode": "test", "epoch": 45}
{"loss": 0.166713684797287, "acc": 0.9401414394378662, "length": 3.9999961853027344, "mode": "train", "epoch": 46}
{"loss": 0.2305416613817215, "acc": 0.926855206489563, "length": 4.0, "mode": "test", "epoch": 46}
{"loss": 0.155854731798172, "acc": 0.9392558336257935, "length": 3.999993085861206, "mode": "train", "epoch": 47}
{"loss": 0.21967417001724243, "acc": 0.9242048859596252, "length": 4.0, "mode": "test", "epoch": 47}
{"loss": 0.16913296282291412, "acc": 0.9381344318389893, "length": 3.9999985694885254, "mode": "train", "epoch": 48}
{"loss": 0.2159699946641922, "acc": 0.9307421445846558, "length": 4.0, "mode": "test", "epoch": 48}
{"loss": 0.15564946830272675, "acc": 0.9414958953857422, "length": 3.999915361404419, "mode": "train", "epoch": 49}
{"loss": 0.2044132500886917, "acc": 0.9275619387626648, "length": 4.0, "mode": "test", "epoch": 49}
{"loss": 0.15194255113601685, "acc": 0.9422207474708557, "length": 3.9992587566375732, "mode": "train", "epoch": 50}
{"loss": 0.21120336651802063, "acc": 0.928091824054718, "length": 4.0, "mode": "test", "epoch": 50}
{"loss": 0.15233114361763, "acc": 0.9433293342590332, "length": 3.999998092651367, "mode": "train", "epoch": 51}
{"loss": 0.20116505026817322, "acc": 0.9300353527069092, "length": 4.0, "mode": "test", "epoch": 51}
{"loss": 0.1512622833251953, "acc": 0.9461484551429749, "length": 3.9998369216918945, "mode": "train", "epoch": 52}
{"loss": 0.20054589211940765, "acc": 0.9242048859596252, "length": 4.0, "mode": "test", "epoch": 52}
{"loss": 0.1469016671180725, "acc": 0.945307195186615, "length": 3.997972011566162, "mode": "train", "epoch": 53}
{"loss": 0.19269390404224396, "acc": 0.93109530210495, "length": 4.0, "mode": "test", "epoch": 53}
{"loss": 0.13777883350849152, "acc": 0.9488780498504639, "length": 3.9999964237213135, "mode": "train", "epoch": 54}
{"loss": 0.2016558200120926, "acc": 0.9325087070465088, "length": 4.0, "mode": "test", "epoch": 54}
{"loss": 0.13362473249435425, "acc": 0.9484062194824219, "length": 3.999999761581421, "mode": "train", "epoch": 55}
{"loss": 0.18687473237514496, "acc": 0.9356890320777893, "length": 4.0, "mode": "test", "epoch": 55}
{"loss": 0.139155313372612, "acc": 0.9462770819664001, "length": 3.9999630451202393, "mode": "train", "epoch": 56}
{"loss": 0.197161003947258, "acc": 0.9307420253753662, "length": 4.0, "mode": "test", "epoch": 56}
{"loss": 0.12985555827617645, "acc": 0.9516528248786926, "length": 3.9999988079071045, "mode": "train", "epoch": 57}
{"loss": 0.18441744148731232, "acc": 0.9328621625900269, "length": 4.0, "mode": "test", "epoch": 57}
{"loss": 0.12703214585781097, "acc": 0.9539549350738525, "length": 3.9999942779541016, "mode": "train", "epoch": 58}
{"loss": 0.18334919214248657, "acc": 0.9365726113319397, "length": 4.0, "mode": "test", "epoch": 58}
{"loss": 0.1319768726825714, "acc": 0.9512395858764648, "length": 3.999999761581421, "mode": "train", "epoch": 59}
{"loss": 0.19536182284355164, "acc": 0.9318021535873413, "length": 4.0, "mode": "test", "epoch": 59}
{"loss": 0.1366511434316635, "acc": 0.948878288269043, "length": 3.999999761581421, "mode": "train", "epoch": 60}
{"loss": 0.194591224193573, "acc": 0.9367490410804749, "length": 4.0, "mode": "test", "epoch": 60}
{"loss": 0.13013164699077606, "acc": 0.9520663022994995, "length": 3.9999990463256836, "mode": "train", "epoch": 61}
{"loss": 0.18597030639648438, "acc": 0.9390458464622498, "length": 4.0, "mode": "test", "epoch": 61}
{"loss": 0.1230807825922966, "acc": 0.9541913270950317, "length": 3.999999761581421, "mode": "train", "epoch": 62}
{"loss": 0.17912408709526062, "acc": 0.9416961073875427, "length": 4.0, "mode": "test", "epoch": 62}
{"loss": 0.12819930911064148, "acc": 0.9522430300712585, "length": 3.9999959468841553, "mode": "train", "epoch": 63}
{"loss": 0.1924530416727066, "acc": 0.9404594302177429, "length": 4.0, "mode": "test", "epoch": 63}
{"loss": 0.12911932170391083, "acc": 0.9518295526504517, "length": 3.999995470046997, "mode": "train", "epoch": 64}
{"loss": 0.1769600659608841, "acc": 0.9415193796157837, "length": 4.0, "mode": "test", "epoch": 64}
{"loss": 0.12389864027500153, "acc": 0.9539552330970764, "length": 4.0, "mode": "train", "epoch": 65}
{"loss": 0.1963195502758026, "acc": 0.9355124831199646, "length": 4.0, "mode": "test", "epoch": 65}
{"loss": 0.1398729830980301, "acc": 0.9493458867073059, "length": 3.999948024749756, "mode": "train", "epoch": 66}
{"loss": 0.18110209703445435, "acc": 0.9397525787353516, "length": 4.0, "mode": "test", "epoch": 66}
{"loss": 0.12532904744148254, "acc": 0.9538370370864868, "length": 3.999999523162842, "mode": "train", "epoch": 67}
{"loss": 0.1804865598678589, "acc": 0.942226231098175, "length": 4.0, "mode": "test", "epoch": 67}
{"loss": 0.12158621102571487, "acc": 0.952125072479248, "length": 3.9999988079071045, "mode": "train", "epoch": 68}
{"loss": 0.17617933452129364, "acc": 0.9395760297775269, "length": 4.0, "mode": "test", "epoch": 68}
{"loss": 0.12659110128879547, "acc": 0.9531877040863037, "length": 3.9999985694885254, "mode": "train", "epoch": 69}
{"loss": 0.17416676878929138, "acc": 0.941872775554657, "length": 4.0, "mode": "test", "epoch": 69}
{"loss": 0.1210111677646637, "acc": 0.9548995494842529, "length": 3.999999761581421, "mode": "train", "epoch": 70}
{"loss": 0.2010883390903473, "acc": 0.938515841960907, "length": 4.0, "mode": "test", "epoch": 70}
{"loss": 0.12957730889320374, "acc": 0.9491734504699707, "length": 3.9999969005584717, "mode": "train", "epoch": 71}
{"loss": 0.1853184700012207, "acc": 0.9429329037666321, "length": 4.0, "mode": "test", "epoch": 71}
{"loss": 0.11495950818061829, "acc": 0.9565525054931641, "length": 4.0, "mode": "train", "epoch": 72}
{"loss": 0.16708286106586456, "acc": 0.9445229172706604, "length": 4.0, "mode": "test", "epoch": 72}
{"loss": 0.11232435703277588, "acc": 0.9600354433059692, "length": 3.999999523162842, "mode": "train", "epoch": 73}
{"loss": 0.16924288868904114, "acc": 0.9431095123291016, "length": 4.0, "mode": "test", "epoch": 73}
{"loss": 0.11148608475923538, "acc": 0.9602715373039246, "length": 4.0, "mode": "train", "epoch": 74}
{"loss": 0.17160674929618835, "acc": 0.9425793886184692, "length": 4.0, "mode": "test", "epoch": 74}
{"loss": 0.11373303085565567, "acc": 0.9578511714935303, "length": 3.999999761581421, "mode": "train", "epoch": 75}
{"loss": 0.18449397385120392, "acc": 0.9374557733535767, "length": 4.0, "mode": "test", "epoch": 75}
{"loss": 0.11464257538318634, "acc": 0.9577922821044922, "length": 4.0, "mode": "train", "epoch": 76}
{"loss": 0.16304142773151398, "acc": 0.941872775554657, "length": 4.0, "mode": "test", "epoch": 76}
{"loss": 0.11186561733484268, "acc": 0.9579102396965027, "length": 3.999997138977051, "mode": "train", "epoch": 77}
{"loss": 0.1899963915348053, "acc": 0.9422261118888855, "length": 4.0, "mode": "test", "epoch": 77}
{"loss": 0.11513005197048187, "acc": 0.9572609066963196, "length": 4.0, "mode": "train", "epoch": 78}
{"loss": 0.1811496913433075, "acc": 0.9432861804962158, "length": 4.0, "mode": "test", "epoch": 78}
{"loss": 0.11212120205163956, "acc": 0.9576741456985474, "length": 4.0, "mode": "train", "epoch": 79}
{"loss": 0.2039407193660736, "acc": 0.938515841960907, "length": 4.0, "mode": "test", "epoch": 79}
{"loss": 0.11589466035366058, "acc": 0.9596813321113586, "length": 4.0, "mode": "train", "epoch": 80}
{"loss": 0.1768902987241745, "acc": 0.9411659836769104, "length": 4.0, "mode": "test", "epoch": 80}
{"loss": 0.10525340586900711, "acc": 0.9617474675178528, "length": 4.0, "mode": "train", "epoch": 81}
{"loss": 0.17368605732917786, "acc": 0.9427561163902283, "length": 4.0, "mode": "test", "epoch": 81}
{"loss": 0.10362810641527176, "acc": 0.9609209895133972, "length": 3.999999523162842, "mode": "train", "epoch": 82}
{"loss": 0.16432985663414001, "acc": 0.9445229172706604, "length": 4.0, "mode": "test", "epoch": 82}
{"loss": 0.10015499591827393, "acc": 0.9639046788215637, "length": 3.9997446537017822, "mode": "train", "epoch": 83}
{"loss": 0.15546941757202148, "acc": 0.948939859867096, "length": 4.0, "mode": "test", "epoch": 83}
{"loss": 0.10356980562210083, "acc": 0.9628689885139465, "length": 3.999999761581421, "mode": "train", "epoch": 84}
{"loss": 0.17416761815547943, "acc": 0.9436395168304443, "length": 4.0, "mode": "test", "epoch": 84}
{"loss": 0.11600570380687714, "acc": 0.9572017192840576, "length": 4.0, "mode": "train", "epoch": 85}
{"loss": 0.18785923719406128, "acc": 0.9420493841171265, "length": 4.0, "mode": "test", "epoch": 85}
{"loss": 0.1101469174027443, "acc": 0.960389256477356, "length": 3.9999873638153076, "mode": "train", "epoch": 86}
{"loss": 0.17258799076080322, "acc": 0.9434627890586853, "length": 4.0, "mode": "test", "epoch": 86}
{"loss": 0.11644132435321808, "acc": 0.9600945115089417, "length": 4.0, "mode": "train", "epoch": 87}
{"loss": 0.19551123678684235, "acc": 0.9395759701728821, "length": 4.0, "mode": "test", "epoch": 87}
{"loss": 0.12094715982675552, "acc": 0.9548995494842529, "length": 3.999999523162842, "mode": "train", "epoch": 88}
{"loss": 0.1937623918056488, "acc": 0.9429329633712769, "length": 4.0, "mode": "test", "epoch": 88}
{"loss": 0.11023817956447601, "acc": 0.9589137434959412, "length": 3.999999523162842, "mode": "train", "epoch": 89}
{"loss": 0.16263772547245026, "acc": 0.9473498463630676, "length": 4.0, "mode": "test", "epoch": 89}
{"loss": 0.11078309267759323, "acc": 0.9586777091026306, "length": 3.999999523162842, "mode": "train", "epoch": 90}
{"loss": 0.17910872399806976, "acc": 0.9446996450424194, "length": 4.0, "mode": "test", "epoch": 90}
{"loss": 0.11200269311666489, "acc": 0.9592680335044861, "length": 4.0, "mode": "train", "epoch": 91}
{"loss": 0.1762446016073227, "acc": 0.9411659836769104, "length": 4.0, "mode": "test", "epoch": 91}
{"loss": 0.11803208291530609, "acc": 0.9580281972885132, "length": 3.999999523162842, "mode": "train", "epoch": 92}
{"loss": 0.16078022122383118, "acc": 0.9413427114486694, "length": 4.0, "mode": "test", "epoch": 92}
{"loss": 0.10560230165719986, "acc": 0.9623968601226807, "length": 4.0, "mode": "train", "epoch": 93}
{"loss": 0.17246785759925842, "acc": 0.9459366798400879, "length": 4.0, "mode": "test", "epoch": 93}
{"loss": 0.09780888259410858, "acc": 0.9647579789161682, "length": 4.0, "mode": "train", "epoch": 94}
{"loss": 0.14922448992729187, "acc": 0.9501767754554749, "length": 4.0, "mode": "test", "epoch": 94}
{"loss": 0.10169667750597, "acc": 0.9630460143089294, "length": 4.0, "mode": "train", "epoch": 95}
{"loss": 0.15863196551799774, "acc": 0.949823260307312, "length": 4.0, "mode": "test", "epoch": 95}
{"loss": 0.1209714487195015, "acc": 0.9564933776855469, "length": 3.999999523162842, "mode": "train", "epoch": 96}
{"loss": 0.20766276121139526, "acc": 0.9371024370193481, "length": 4.0, "mode": "test", "epoch": 96}
{"loss": 0.1153319850564003, "acc": 0.9594430923461914, "length": 3.9999780654907227, "mode": "train", "epoch": 97}
{"loss": 0.16790540516376495, "acc": 0.9455830454826355, "length": 4.0, "mode": "test", "epoch": 97}
{"loss": 0.10991104692220688, "acc": 0.9628689885139465, "length": 4.0, "mode": "train", "epoch": 98}
{"loss": 0.1649245172739029, "acc": 0.9469964504241943, "length": 4.0, "mode": "test", "epoch": 98}
{"loss": 0.09540698677301407, "acc": 0.9655844569206238, "length": 4.0, "mode": "train", "epoch": 99}
{"loss": 0.15931330621242523, "acc": 0.9484099745750427, "length": 4.0, "mode": "test", "epoch": 99}
{"loss": 0.09291091561317444, "acc": 0.9651710987091064, "length": 4.0, "mode": "train", "epoch": 100}
{"loss": 0.18787558376789093, "acc": 0.9431095123291016, "length": 4.0, "mode": "test", "epoch": 100}
test accuracy: 0.7882258296012878
