# ["--attributes=3", "--values=3", "--game_size=10", "--vocab_size_factor=3", "--n_epochs=100", "--batch_size=32", "--learning_rate=0.0005", "--hidden_size=256", "--temp_update=0.99", "--temperature=1"]
Creating train_ds and val_ds...

Creating test_ds...
{"loss": 0.7000589966773987, "acc": 0.5150139927864075, "length": 2.558560848236084, "mode": "train", "epoch": 1}
{"loss": 0.6908970475196838, "acc": 0.5215278267860413, "length": 1.0, "mode": "test", "epoch": 1}
{"loss": 0.6325415372848511, "acc": 0.6490135192871094, "length": 2.223280906677246, "mode": "train", "epoch": 2}
{"loss": 0.576968789100647, "acc": 0.7078667879104614, "length": 2.3645832538604736, "mode": "test", "epoch": 2}
{"loss": 0.5273048877716064, "acc": 0.7517086267471313, "length": 2.669825553894043, "mode": "train", "epoch": 3}
{"loss": 0.48445701599121094, "acc": 0.7928060293197632, "length": 3.0729167461395264, "mode": "test", "epoch": 3}
{"loss": 0.4253959357738495, "acc": 0.8231686949729919, "length": 3.0857126712799072, "mode": "train", "epoch": 4}
{"loss": 0.4358482360839844, "acc": 0.8249512910842896, "length": 2.9791667461395264, "mode": "test", "epoch": 4}
{"loss": 0.3890947699546814, "acc": 0.84222811460495, "length": 3.008265972137451, "mode": "train", "epoch": 5}
{"loss": 0.42461881041526794, "acc": 0.8317763209342957, "length": 3.0416667461395264, "mode": "test", "epoch": 5}
{"loss": 0.36895623803138733, "acc": 0.8495798707008362, "length": 3.0518040657043457, "mode": "train", "epoch": 6}
{"loss": 0.42164111137390137, "acc": 0.8245279788970947, "length": 3.1458332538604736, "mode": "test", "epoch": 6}
{"loss": 0.3357906937599182, "acc": 0.8601523637771606, "length": 3.126298189163208, "mode": "train", "epoch": 7}
{"loss": 0.3697904348373413, "acc": 0.8543240427970886, "length": 3.28125, "mode": "test", "epoch": 7}
{"loss": 0.30445340275764465, "acc": 0.8765648007392883, "length": 3.2006914615631104, "mode": "train", "epoch": 8}
{"loss": 0.3676659166812897, "acc": 0.8515191078186035, "length": 3.274305582046509, "mode": "test", "epoch": 8}
{"loss": 0.2879229187965393, "acc": 0.8849393129348755, "length": 3.24458384513855, "mode": "train", "epoch": 9}
{"loss": 0.34948769211769104, "acc": 0.8500054478645325, "length": 3.215277671813965, "mode": "test", "epoch": 9}
{"loss": 0.2801785171031952, "acc": 0.8848409652709961, "length": 3.3398032188415527, "mode": "train", "epoch": 10}
{"loss": 0.34540584683418274, "acc": 0.8587186336517334, "length": 3.4479167461395264, "mode": "test", "epoch": 10}
{"loss": 0.25723931193351746, "acc": 0.8929590582847595, "length": 3.57932710647583, "mode": "train", "epoch": 11}
{"loss": 0.32840684056282043, "acc": 0.8776041865348816, "length": 3.5729167461395264, "mode": "test", "epoch": 11}
{"loss": 0.24216686189174652, "acc": 0.9004920125007629, "length": 3.6135926246643066, "mode": "train", "epoch": 12}
{"loss": 0.28005874156951904, "acc": 0.8840656876564026, "length": 3.59375, "mode": "test", "epoch": 12}
{"loss": 0.2352439910173416, "acc": 0.9034292697906494, "length": 3.601778268814087, "mode": "train", "epoch": 13}
{"loss": 0.280037522315979, "acc": 0.8903266191482544, "length": 3.6354167461395264, "mode": "test", "epoch": 13}
{"loss": 0.22490191459655762, "acc": 0.9082111120223999, "length": 3.624175548553467, "mode": "train", "epoch": 14}
{"loss": 0.2641434669494629, "acc": 0.8918729424476624, "length": 3.53125, "mode": "test", "epoch": 14}
{"loss": 0.21847110986709595, "acc": 0.91283118724823, "length": 3.5885562896728516, "mode": "train", "epoch": 15}
{"loss": 0.2490331381559372, "acc": 0.9044271111488342, "length": 3.59375, "mode": "test", "epoch": 15}
{"loss": 0.20754733681678772, "acc": 0.9143144488334656, "length": 3.6162612438201904, "mode": "train", "epoch": 16}
{"loss": 0.24507470428943634, "acc": 0.904296875, "length": 3.569444417953491, "mode": "test", "epoch": 16}
{"loss": 0.19487005472183228, "acc": 0.922817051410675, "length": 3.5751290321350098, "mode": "train", "epoch": 17}
{"loss": 0.23467294871807098, "acc": 0.9053764343261719, "length": 3.555555582046509, "mode": "test", "epoch": 17}
{"loss": 0.18634656071662903, "acc": 0.928123414516449, "length": 3.574019432067871, "mode": "train", "epoch": 18}
{"loss": 0.22227483987808228, "acc": 0.9205892086029053, "length": 3.538194417953491, "mode": "test", "epoch": 18}
{"loss": 0.1735723465681076, "acc": 0.9335589408874512, "length": 3.586275100708008, "mode": "train", "epoch": 19}
{"loss": 0.2112865447998047, "acc": 0.9257106781005859, "length": 3.5798611640930176, "mode": "test", "epoch": 19}
{"loss": 0.16299819946289062, "acc": 0.936825156211853, "length": 3.6441707611083984, "mode": "train", "epoch": 20}
{"loss": 0.2107705920934677, "acc": 0.9257541298866272, "length": 3.6388888359069824, "mode": "test", "epoch": 20}
{"loss": 0.15550631284713745, "acc": 0.9424353241920471, "length": 3.6403939723968506, "mode": "train", "epoch": 21}
{"loss": 0.18748846650123596, "acc": 0.9349501132965088, "length": 3.621527671813965, "mode": "test", "epoch": 21}
{"loss": 0.14960822463035583, "acc": 0.9443656802177429, "length": 3.6277594566345215, "mode": "train", "epoch": 22}
{"loss": 0.17994284629821777, "acc": 0.9397027492523193, "length": 3.649305582046509, "mode": "test", "epoch": 22}
{"loss": 0.14347964525222778, "acc": 0.9454982876777649, "length": 3.666553497314453, "mode": "train", "epoch": 23}
{"loss": 0.16313937306404114, "acc": 0.9405273795127869, "length": 3.621527671813965, "mode": "test", "epoch": 23}
{"loss": 0.13431577384471893, "acc": 0.9504643082618713, "length": 3.6888787746429443, "mode": "train", "epoch": 24}
{"loss": 0.18242886662483215, "acc": 0.9373643398284912, "length": 3.694444417953491, "mode": "test", "epoch": 24}
{"loss": 0.13340233266353607, "acc": 0.9507991671562195, "length": 3.713792324066162, "mode": "train", "epoch": 25}
{"loss": 0.18618562817573547, "acc": 0.9333497285842896, "length": 3.711805582046509, "mode": "test", "epoch": 25}
{"loss": 0.1274249255657196, "acc": 0.9508682489395142, "length": 3.65771746635437, "mode": "train", "epoch": 26}
{"loss": 0.1587965041399002, "acc": 0.9382107257843018, "length": 3.6701388359069824, "mode": "test", "epoch": 26}
{"loss": 0.12253523617982864, "acc": 0.9533805847167969, "length": 3.709861993789673, "mode": "train", "epoch": 27}
{"loss": 0.1442733258008957, "acc": 0.9440159201622009, "length": 3.725694417953491, "mode": "test", "epoch": 27}
{"loss": 0.11589053273200989, "acc": 0.9573686718940735, "length": 3.722198486328125, "mode": "train", "epoch": 28}
{"loss": 0.14046235382556915, "acc": 0.9475530982017517, "length": 3.690972328186035, "mode": "test", "epoch": 28}
{"loss": 0.12038995325565338, "acc": 0.9533012509346008, "length": 3.741732358932495, "mode": "train", "epoch": 29}
{"loss": 0.1399465799331665, "acc": 0.9479003548622131, "length": 3.722222328186035, "mode": "test", "epoch": 29}
{"loss": 0.10485050827264786, "acc": 0.9595575332641602, "length": 3.7402572631835938, "mode": "train", "epoch": 30}
{"loss": 0.12613384425640106, "acc": 0.9527669548988342, "length": 3.7291667461395264, "mode": "test", "epoch": 30}
{"loss": 0.1164700910449028, "acc": 0.9547258615493774, "length": 3.714813470840454, "mode": "train", "epoch": 31}
{"loss": 0.142970472574234, "acc": 0.9456759691238403, "length": 3.715277671813965, "mode": "test", "epoch": 31}
{"loss": 0.11039985716342926, "acc": 0.9589847326278687, "length": 3.7307043075561523, "mode": "train", "epoch": 32}
{"loss": 0.11476314067840576, "acc": 0.9595919847488403, "length": 3.7395832538604736, "mode": "test", "epoch": 32}
{"loss": 0.09924048185348511, "acc": 0.9610535502433777, "length": 3.7679476737976074, "mode": "train", "epoch": 33}
{"loss": 0.14521200954914093, "acc": 0.9548557996749878, "length": 3.784722328186035, "mode": "test", "epoch": 33}
{"loss": 0.09781789779663086, "acc": 0.9632410407066345, "length": 3.7434937953948975, "mode": "train", "epoch": 34}
{"loss": 0.14245817065238953, "acc": 0.9496962428092957, "length": 3.711805582046509, "mode": "test", "epoch": 34}
{"loss": 0.09521316736936569, "acc": 0.9633420705795288, "length": 3.755035400390625, "mode": "train", "epoch": 35}
{"loss": 0.11829975992441177, "acc": 0.9604493379592896, "length": 3.753472328186035, "mode": "test", "epoch": 35}
{"loss": 0.08737146109342575, "acc": 0.9668077826499939, "length": 3.7758097648620605, "mode": "train", "epoch": 36}
{"loss": 0.1434638798236847, "acc": 0.9507867097854614, "length": 3.7673611640930176, "mode": "test", "epoch": 36}
{"loss": 0.09150395542383194, "acc": 0.9653432965278625, "length": 3.7901644706726074, "mode": "train", "epoch": 37}
{"loss": 0.14896845817565918, "acc": 0.9492296576499939, "length": 3.809027671813965, "mode": "test", "epoch": 37}
{"loss": 0.10725114494562149, "acc": 0.9556941390037537, "length": 3.769530773162842, "mode": "train", "epoch": 38}
{"loss": 0.15300147235393524, "acc": 0.9447265267372131, "length": 3.788194417953491, "mode": "test", "epoch": 38}
{"loss": 0.10619322210550308, "acc": 0.9586358666419983, "length": 3.8078010082244873, "mode": "train", "epoch": 39}
{"loss": 0.1334185153245926, "acc": 0.9562499523162842, "length": 3.7986111640930176, "mode": "test", "epoch": 39}
{"loss": 0.08379440009593964, "acc": 0.9677330851554871, "length": 3.8044846057891846, "mode": "train", "epoch": 40}
{"loss": 0.11133207380771637, "acc": 0.9612739086151123, "length": 3.7916667461395264, "mode": "test", "epoch": 40}
{"loss": 0.09000197798013687, "acc": 0.9624759554862976, "length": 3.7888002395629883, "mode": "train", "epoch": 41}
{"loss": 0.10416743159294128, "acc": 0.963709831237793, "length": 3.777777671813965, "mode": "test", "epoch": 41}
{"loss": 0.09525001794099808, "acc": 0.9649239182472229, "length": 3.7947397232055664, "mode": "train", "epoch": 42}
{"loss": 0.1086687222123146, "acc": 0.9605361223220825, "length": 3.788194417953491, "mode": "test", "epoch": 42}
{"loss": 0.08279925584793091, "acc": 0.9683359265327454, "length": 3.778930425643921, "mode": "train", "epoch": 43}
{"loss": 0.13083310425281525, "acc": 0.9587239027023315, "length": 3.7916667461395264, "mode": "test", "epoch": 43}
{"loss": 0.07914980500936508, "acc": 0.970099151134491, "length": 3.801560401916504, "mode": "train", "epoch": 44}
{"loss": 0.12962602078914642, "acc": 0.9587292075157166, "length": 3.819444417953491, "mode": "test", "epoch": 44}
{"loss": 0.07896675914525986, "acc": 0.968303918838501, "length": 3.8137176036834717, "mode": "train", "epoch": 45}
{"loss": 0.1271815001964569, "acc": 0.9583441615104675, "length": 3.8263888359069824, "mode": "test", "epoch": 45}
{"loss": 0.08511806279420853, "acc": 0.9642303586006165, "length": 3.8209147453308105, "mode": "train", "epoch": 46}
{"loss": 0.1397102028131485, "acc": 0.9504719972610474, "length": 3.8333332538604736, "mode": "test", "epoch": 46}
{"loss": 0.08244394510984421, "acc": 0.9674670696258545, "length": 3.81441330909729, "mode": "train", "epoch": 47}
{"loss": 0.11388035863637924, "acc": 0.9673286080360413, "length": 3.8125, "mode": "test", "epoch": 47}
{"loss": 0.07158522307872772, "acc": 0.9705876111984253, "length": 3.808013677597046, "mode": "train", "epoch": 48}
{"loss": 0.10351976752281189, "acc": 0.9648383259773254, "length": 3.819444417953491, "mode": "test", "epoch": 48}
{"loss": 0.06563746929168701, "acc": 0.9725831747055054, "length": 3.829584836959839, "mode": "train", "epoch": 49}
{"loss": 0.10669813305139542, "acc": 0.9670301079750061, "length": 3.8333332538604736, "mode": "test", "epoch": 49}
{"loss": 0.06868796795606613, "acc": 0.9733893275260925, "length": 3.8710615634918213, "mode": "train", "epoch": 50}
{"loss": 0.08924854546785355, "acc": 0.9705295562744141, "length": 3.899305582046509, "mode": "test", "epoch": 50}
{"loss": 0.07163482159376144, "acc": 0.9725068211555481, "length": 3.8955705165863037, "mode": "train", "epoch": 51}
{"loss": 0.08830473572015762, "acc": 0.9738553166389465, "length": 3.9583332538604736, "mode": "test", "epoch": 51}
{"loss": 0.07155754417181015, "acc": 0.9708108901977539, "length": 3.9323034286499023, "mode": "train", "epoch": 52}
{"loss": 0.11608312278985977, "acc": 0.9674966335296631, "length": 3.965277671813965, "mode": "test", "epoch": 52}
{"loss": 0.07315310835838318, "acc": 0.971141517162323, "length": 3.928661823272705, "mode": "train", "epoch": 53}
{"loss": 0.20182950794696808, "acc": 0.9471191763877869, "length": 3.9861111640930176, "mode": "test", "epoch": 53}
{"loss": 0.08534418046474457, "acc": 0.9701462984085083, "length": 3.953730583190918, "mode": "train", "epoch": 54}
{"loss": 0.1163005456328392, "acc": 0.9641005396842957, "length": 3.9826388359069824, "mode": "test", "epoch": 54}
{"loss": 0.06216510757803917, "acc": 0.9761594533920288, "length": 3.9608633518218994, "mode": "train", "epoch": 55}
{"loss": 0.1298132687807083, "acc": 0.9633462429046631, "length": 3.996527671813965, "mode": "test", "epoch": 55}
{"loss": 0.06441584974527359, "acc": 0.9727912545204163, "length": 3.962346315383911, "mode": "train", "epoch": 56}
{"loss": 0.08779285103082657, "acc": 0.9756565093994141, "length": 3.9826388359069824, "mode": "test", "epoch": 56}
{"loss": 0.053763728588819504, "acc": 0.9784978628158569, "length": 3.9446210861206055, "mode": "train", "epoch": 57}
{"loss": 0.1280113160610199, "acc": 0.9665582180023193, "length": 3.9826388359069824, "mode": "test", "epoch": 57}
{"loss": 0.06259177625179291, "acc": 0.9774905443191528, "length": 3.95469069480896, "mode": "train", "epoch": 58}
{"loss": 0.1165211871266365, "acc": 0.966639518737793, "length": 3.9826388359069824, "mode": "test", "epoch": 58}
{"loss": 0.06743419915437698, "acc": 0.9730250239372253, "length": 3.9488327503204346, "mode": "train", "epoch": 59}
{"loss": 0.1414867788553238, "acc": 0.9514540433883667, "length": 3.972222328186035, "mode": "test", "epoch": 59}
{"loss": 0.05909198522567749, "acc": 0.9748169779777527, "length": 3.9461417198181152, "mode": "train", "epoch": 60}
{"loss": 0.1267351508140564, "acc": 0.9663031697273254, "length": 3.9895832538604736, "mode": "test", "epoch": 60}
{"loss": 0.05992348492145538, "acc": 0.9754138588905334, "length": 3.96159029006958, "mode": "train", "epoch": 61}
{"loss": 0.12624569237232208, "acc": 0.9624836444854736, "length": 3.9895832538604736, "mode": "test", "epoch": 61}
{"loss": 0.07087327539920807, "acc": 0.968842625617981, "length": 3.958102226257324, "mode": "train", "epoch": 62}
{"loss": 0.14537182450294495, "acc": 0.9615342617034912, "length": 3.9791667461395264, "mode": "test", "epoch": 62}
{"loss": 0.0761490985751152, "acc": 0.9666715264320374, "length": 3.9490339756011963, "mode": "train", "epoch": 63}
{"loss": 0.08793888241052628, "acc": 0.9703286290168762, "length": 3.965277671813965, "mode": "test", "epoch": 63}
{"loss": 0.061476148664951324, "acc": 0.97254878282547, "length": 3.9516074657440186, "mode": "train", "epoch": 64}
{"loss": 0.17219164967536926, "acc": 0.9622558951377869, "length": 3.9895832538604736, "mode": "test", "epoch": 64}
{"loss": 0.09080184251070023, "acc": 0.9679558277130127, "length": 3.9512760639190674, "mode": "train", "epoch": 65}
{"loss": 0.1183038055896759, "acc": 0.9599176049232483, "length": 3.96875, "mode": "test", "epoch": 65}
{"loss": 0.07144945859909058, "acc": 0.9724520444869995, "length": 3.941887140274048, "mode": "train", "epoch": 66}
{"loss": 0.17675647139549255, "acc": 0.9528591632843018, "length": 3.9861111640930176, "mode": "test", "epoch": 66}
{"loss": 0.08591251075267792, "acc": 0.9672556519508362, "length": 3.952392101287842, "mode": "train", "epoch": 67}
{"loss": 0.1245860680937767, "acc": 0.9604493379592896, "length": 3.9826388359069824, "mode": "test", "epoch": 67}
{"loss": 0.06166481971740723, "acc": 0.9747906923294067, "length": 3.9635169506073, "mode": "train", "epoch": 68}
{"loss": 0.11907967180013657, "acc": 0.9710611701011658, "length": 3.975694417953491, "mode": "test", "epoch": 68}
{"loss": 0.06514285504817963, "acc": 0.9742410182952881, "length": 3.9677371978759766, "mode": "train", "epoch": 69}
{"loss": 0.14270590245723724, "acc": 0.9635091423988342, "length": 3.993055582046509, "mode": "test", "epoch": 69}
{"loss": 0.06644108146429062, "acc": 0.9718413949012756, "length": 3.9682576656341553, "mode": "train", "epoch": 70}
{"loss": 0.08600630611181259, "acc": 0.9740614295005798, "length": 3.993055582046509, "mode": "test", "epoch": 70}
{"loss": 0.06745725870132446, "acc": 0.9712701439857483, "length": 3.9610073566436768, "mode": "train", "epoch": 71}
{"loss": 0.11380422115325928, "acc": 0.9697320461273193, "length": 3.993055582046509, "mode": "test", "epoch": 71}
{"loss": 0.055873703211545944, "acc": 0.9774580597877502, "length": 3.9773082733154297, "mode": "train", "epoch": 72}
{"loss": 0.09804321080446243, "acc": 0.9687607884407043, "length": 3.993055582046509, "mode": "test", "epoch": 72}
{"loss": 0.05567922443151474, "acc": 0.9749199151992798, "length": 3.9695868492126465, "mode": "train", "epoch": 73}
{"loss": 0.114433154463768, "acc": 0.9655110239982605, "length": 3.975694417953491, "mode": "test", "epoch": 73}
{"loss": 0.051893360912799835, "acc": 0.9772055149078369, "length": 3.959691047668457, "mode": "train", "epoch": 74}
{"loss": 0.10018154978752136, "acc": 0.9697102308273315, "length": 3.9791667461395264, "mode": "test", "epoch": 74}
{"loss": 0.04332323372364044, "acc": 0.9814223647117615, "length": 3.9532558917999268, "mode": "train", "epoch": 75}
{"loss": 0.1157400980591774, "acc": 0.9658148288726807, "length": 3.96875, "mode": "test", "epoch": 75}
{"loss": 0.051139749586582184, "acc": 0.978744626045227, "length": 3.9505348205566406, "mode": "train", "epoch": 76}
{"loss": 0.1143605187535286, "acc": 0.9648600816726685, "length": 3.96875, "mode": "test", "epoch": 76}
{"loss": 0.054162006825208664, "acc": 0.9775744080543518, "length": 3.9435842037200928, "mode": "train", "epoch": 77}
{"loss": 0.10581556707620621, "acc": 0.9718044996261597, "length": 3.975694417953491, "mode": "test", "epoch": 77}
{"loss": 0.05261964350938797, "acc": 0.9772859811782837, "length": 3.9412567615509033, "mode": "train", "epoch": 78}
{"loss": 0.08794170618057251, "acc": 0.969080924987793, "length": 3.9791667461395264, "mode": "test", "epoch": 78}
{"loss": 0.05147530883550644, "acc": 0.9786080121994019, "length": 3.953744649887085, "mode": "train", "epoch": 79}
{"loss": 0.0645529180765152, "acc": 0.9733669757843018, "length": 3.972222328186035, "mode": "test", "epoch": 79}
{"loss": 0.05011020973324776, "acc": 0.9797062277793884, "length": 3.9605512619018555, "mode": "train", "epoch": 80}
{"loss": 0.06780587881803513, "acc": 0.9768012166023254, "length": 3.9791667461395264, "mode": "test", "epoch": 80}
{"loss": 0.051090165972709656, "acc": 0.9787036776542664, "length": 3.961900234222412, "mode": "train", "epoch": 81}
{"loss": 0.08076056092977524, "acc": 0.9719997048377991, "length": 3.975694417953491, "mode": "test", "epoch": 81}
{"loss": 0.050251927226781845, "acc": 0.9788538813591003, "length": 3.956528902053833, "mode": "train", "epoch": 82}
{"loss": 0.09596679359674454, "acc": 0.9697211384773254, "length": 3.972222328186035, "mode": "test", "epoch": 82}
{"loss": 0.0511874258518219, "acc": 0.9808887839317322, "length": 3.94278621673584, "mode": "train", "epoch": 83}
{"loss": 0.10851133614778519, "acc": 0.9687663316726685, "length": 3.9791667461395264, "mode": "test", "epoch": 83}
{"loss": 0.05427311733365059, "acc": 0.9779994487762451, "length": 3.9646973609924316, "mode": "train", "epoch": 84}
{"loss": 0.10909143835306168, "acc": 0.9687392115592957, "length": 3.9826388359069824, "mode": "test", "epoch": 84}
{"loss": 0.0425555445253849, "acc": 0.9804262518882751, "length": 3.955756902694702, "mode": "train", "epoch": 85}
{"loss": 0.08533713966608047, "acc": 0.9730957746505737, "length": 3.972222328186035, "mode": "test", "epoch": 85}
{"loss": 0.06225832924246788, "acc": 0.977391242980957, "length": 3.951876163482666, "mode": "train", "epoch": 86}
{"loss": 0.10513529926538467, "acc": 0.9645127058029175, "length": 3.9826388359069824, "mode": "test", "epoch": 86}
{"loss": 0.09095372259616852, "acc": 0.971412181854248, "length": 3.965214252471924, "mode": "train", "epoch": 87}
{"loss": 0.12790663540363312, "acc": 0.9602214097976685, "length": 3.9791667461395264, "mode": "test", "epoch": 87}
{"loss": 0.0700240284204483, "acc": 0.973290741443634, "length": 3.962294101715088, "mode": "train", "epoch": 88}
{"loss": 0.07298130542039871, "acc": 0.9735081195831299, "length": 3.9791667461395264, "mode": "test", "epoch": 88}
{"loss": 0.06280950456857681, "acc": 0.9737486243247986, "length": 3.9558751583099365, "mode": "train", "epoch": 89}
{"loss": 0.07412735372781754, "acc": 0.9725748896598816, "length": 3.965277671813965, "mode": "test", "epoch": 89}
{"loss": 0.05653727054595947, "acc": 0.9786204695701599, "length": 3.9670586585998535, "mode": "train", "epoch": 90}
{"loss": 0.07164826989173889, "acc": 0.9735243320465088, "length": 3.972222328186035, "mode": "test", "epoch": 90}
{"loss": 0.04941878095269203, "acc": 0.9799560308456421, "length": 3.9522736072540283, "mode": "train", "epoch": 91}
{"loss": 0.07718189805746078, "acc": 0.9741047620773315, "length": 3.965277671813965, "mode": "test", "epoch": 91}
{"loss": 0.04572102800011635, "acc": 0.9809064269065857, "length": 3.9563450813293457, "mode": "train", "epoch": 92}
{"loss": 0.07010017335414886, "acc": 0.9714463353157043, "length": 3.9826388359069824, "mode": "test", "epoch": 92}
{"loss": 0.043080732226371765, "acc": 0.9808579683303833, "length": 3.9713289737701416, "mode": "train", "epoch": 93}
{"loss": 0.05914090946316719, "acc": 0.9779134392738342, "length": 3.9826388359069824, "mode": "test", "epoch": 93}
{"loss": 0.04044444486498833, "acc": 0.9827098250389099, "length": 3.964219570159912, "mode": "train", "epoch": 94}
{"loss": 0.06323280185461044, "acc": 0.9763672351837158, "length": 3.965277671813965, "mode": "test", "epoch": 94}
{"loss": 0.035631705075502396, "acc": 0.9848446846008301, "length": 3.948704957962036, "mode": "train", "epoch": 95}
{"loss": 0.05753425136208534, "acc": 0.9795790910720825, "length": 3.972222328186035, "mode": "test", "epoch": 95}
{"loss": 0.037847477942705154, "acc": 0.984670102596283, "length": 3.959028959274292, "mode": "train", "epoch": 96}
{"loss": 0.06721395254135132, "acc": 0.9764431715011597, "length": 3.9791667461395264, "mode": "test", "epoch": 96}
{"loss": 0.04692232236266136, "acc": 0.9814276695251465, "length": 3.9700350761413574, "mode": "train", "epoch": 97}
{"loss": 0.07863136380910873, "acc": 0.9673556089401245, "length": 3.9826388359069824, "mode": "test", "epoch": 97}
{"loss": 0.04420972242951393, "acc": 0.9809302091598511, "length": 3.953519821166992, "mode": "train", "epoch": 98}
{"loss": 0.07296735793352127, "acc": 0.9725098013877869, "length": 3.96875, "mode": "test", "epoch": 98}
{"loss": 0.037732917815446854, "acc": 0.9833396077156067, "length": 3.9681270122528076, "mode": "train", "epoch": 99}
{"loss": 0.0620466023683548, "acc": 0.979242742061615, "length": 3.9791667461395264, "mode": "test", "epoch": 99}
{"loss": 0.03595724329352379, "acc": 0.9841726422309875, "length": 3.9580018520355225, "mode": "train", "epoch": 100}
{"loss": 0.039214689284563065, "acc": 0.985682487487793, "length": 3.9826388359069824, "mode": "test", "epoch": 100}
test accuracy: 0.8105173110961914
