# ["--attributes=3", "--values=3", "--game_size=10", "--vocab_size_factor=3", "--n_epochs=100", "--batch_size=32", "--learning_rate=0.0005", "--hidden_size=256", "--temp_update=0.99", "--temperature=2"]
Creating train_ds and val_ds...

Creating test_ds...
{"loss": 0.7013434767723083, "acc": 0.5132704973220825, "length": 2.7795519828796387, "mode": "train", "epoch": 1}
{"loss": 0.6960774064064026, "acc": 0.5142349004745483, "length": 1.0, "mode": "test", "epoch": 1}
{"loss": 0.6661533117294312, "acc": 0.6092559099197388, "length": 1.8587886095046997, "mode": "train", "epoch": 2}
{"loss": 0.6022499203681946, "acc": 0.7226869463920593, "length": 2.2775800228118896, "mode": "test", "epoch": 2}
{"loss": 0.5513299107551575, "acc": 0.7498011589050293, "length": 2.4413747787475586, "mode": "train", "epoch": 3}
{"loss": 0.498886376619339, "acc": 0.7787384390830994, "length": 2.6120996475219727, "mode": "test", "epoch": 3}
{"loss": 0.47509267926216125, "acc": 0.7803624272346497, "length": 2.5259642601013184, "mode": "train", "epoch": 4}
{"loss": 0.47902911901474, "acc": 0.7900469303131104, "length": 2.601423501968384, "mode": "test", "epoch": 4}
{"loss": 0.4437592923641205, "acc": 0.8015168905258179, "length": 2.5825893878936768, "mode": "train", "epoch": 5}
{"loss": 0.4441930055618286, "acc": 0.8026461005210876, "length": 2.72953724861145, "mode": "test", "epoch": 5}
{"loss": 0.4098343849182129, "acc": 0.817510187625885, "length": 2.7289600372314453, "mode": "train", "epoch": 6}
{"loss": 0.4182155132293701, "acc": 0.813174843788147, "length": 2.9323842525482178, "mode": "test", "epoch": 6}
{"loss": 0.3808690905570984, "acc": 0.8300790190696716, "length": 2.930814266204834, "mode": "train", "epoch": 7}
{"loss": 0.42371702194213867, "acc": 0.8130341172218323, "length": 2.91103196144104, "mode": "test", "epoch": 7}
{"loss": 0.3665747046470642, "acc": 0.8428753018379211, "length": 2.9133358001708984, "mode": "train", "epoch": 8}
{"loss": 0.42997580766677856, "acc": 0.8108913898468018, "length": 2.9572954177856445, "mode": "test", "epoch": 8}
{"loss": 0.3501705825328827, "acc": 0.8498737215995789, "length": 2.9638543128967285, "mode": "train", "epoch": 9}
{"loss": 0.40542760491371155, "acc": 0.8254299163818359, "length": 2.81850528717041, "mode": "test", "epoch": 9}
{"loss": 0.32844555377960205, "acc": 0.862941324710846, "length": 2.9948489665985107, "mode": "train", "epoch": 10}
{"loss": 0.39946141839027405, "acc": 0.8387469053268433, "length": 2.9537365436553955, "mode": "test", "epoch": 10}
{"loss": 0.3031000792980194, "acc": 0.8745996952056885, "length": 3.1677258014678955, "mode": "train", "epoch": 11}
{"loss": 0.3810451328754425, "acc": 0.8523709177970886, "length": 3.341636896133423, "mode": "test", "epoch": 11}
{"loss": 0.27297261357307434, "acc": 0.8919582962989807, "length": 3.3699774742126465, "mode": "train", "epoch": 12}
{"loss": 0.3439571261405945, "acc": 0.8670451045036316, "length": 3.572953701019287, "mode": "test", "epoch": 12}
{"loss": 0.25715118646621704, "acc": 0.8982904553413391, "length": 3.505805253982544, "mode": "train", "epoch": 13}
{"loss": 0.3070979714393616, "acc": 0.8870676159858704, "length": 3.6049821376800537, "mode": "test", "epoch": 13}
{"loss": 0.240351602435112, "acc": 0.9019739031791687, "length": 3.6172351837158203, "mode": "train", "epoch": 14}
{"loss": 0.3091096580028534, "acc": 0.8903412222862244, "length": 3.6263344287872314, "mode": "test", "epoch": 14}
{"loss": 0.23642319440841675, "acc": 0.905109703540802, "length": 3.6366121768951416, "mode": "train", "epoch": 15}
{"loss": 0.27786532044410706, "acc": 0.893696665763855, "length": 3.6903915405273438, "mode": "test", "epoch": 15}
{"loss": 0.22293730080127716, "acc": 0.91154545545578, "length": 3.736041784286499, "mode": "train", "epoch": 16}
{"loss": 0.28181225061416626, "acc": 0.8875613212585449, "length": 3.7224199771881104, "mode": "test", "epoch": 16}
{"loss": 0.19763994216918945, "acc": 0.9182559847831726, "length": 3.8599066734313965, "mode": "train", "epoch": 17}
{"loss": 0.24369414150714874, "acc": 0.9096085429191589, "length": 4.0, "mode": "test", "epoch": 17}
{"loss": 0.1783933788537979, "acc": 0.9269503951072693, "length": 3.953896999359131, "mode": "train", "epoch": 18}
{"loss": 0.21480529010295868, "acc": 0.9142348766326904, "length": 4.0, "mode": "test", "epoch": 18}
{"loss": 0.1631556749343872, "acc": 0.933971107006073, "length": 3.9599597454071045, "mode": "train", "epoch": 19}
{"loss": 0.23990389704704285, "acc": 0.9138790965080261, "length": 4.0, "mode": "test", "epoch": 19}
{"loss": 0.16250333189964294, "acc": 0.9296393394470215, "length": 3.9757063388824463, "mode": "train", "epoch": 20}
{"loss": 0.21178250014781952, "acc": 0.9188611507415771, "length": 4.0, "mode": "test", "epoch": 20}
{"loss": 0.15781861543655396, "acc": 0.933907151222229, "length": 3.9789159297943115, "mode": "train", "epoch": 21}
{"loss": 0.21909315884113312, "acc": 0.9279361367225647, "length": 4.0, "mode": "test", "epoch": 21}
{"loss": 0.14189574122428894, "acc": 0.9422464370727539, "length": 3.980191707611084, "mode": "train", "epoch": 22}
{"loss": 0.19034011662006378, "acc": 0.9375445246696472, "length": 4.0, "mode": "test", "epoch": 22}
{"loss": 0.12839698791503906, "acc": 0.9495519399642944, "length": 3.984487533569336, "mode": "train", "epoch": 23}
{"loss": 0.18076135218143463, "acc": 0.9448400735855103, "length": 4.0, "mode": "test", "epoch": 23}
{"loss": 0.12576992809772491, "acc": 0.9510675668716431, "length": 3.9862208366394043, "mode": "train", "epoch": 24}
{"loss": 0.18097051978111267, "acc": 0.935943067073822, "length": 4.0, "mode": "test", "epoch": 24}
{"loss": 0.13456954061985016, "acc": 0.9527984261512756, "length": 3.9896047115325928, "mode": "train", "epoch": 25}
{"loss": 0.20101530849933624, "acc": 0.935053288936615, "length": 4.0, "mode": "test", "epoch": 25}
{"loss": 0.11918987333774567, "acc": 0.9549378156661987, "length": 3.988886833190918, "mode": "train", "epoch": 26}
{"loss": 0.1638089418411255, "acc": 0.94341641664505, "length": 4.0, "mode": "test", "epoch": 26}
{"loss": 0.10043741762638092, "acc": 0.9632195234298706, "length": 3.99122953414917, "mode": "train", "epoch": 27}
{"loss": 0.16478559374809265, "acc": 0.9491104483604431, "length": 4.0, "mode": "test", "epoch": 27}
{"loss": 0.09504704922437668, "acc": 0.964198887348175, "length": 3.9917831420898438, "mode": "train", "epoch": 28}
{"loss": 0.14022332429885864, "acc": 0.9572953581809998, "length": 4.0, "mode": "test", "epoch": 28}
{"loss": 0.0876053124666214, "acc": 0.9682533740997314, "length": 3.9926047325134277, "mode": "train", "epoch": 29}
{"loss": 0.1239628791809082, "acc": 0.9562277793884277, "length": 4.0, "mode": "test", "epoch": 29}
{"loss": 0.09152067452669144, "acc": 0.9666908979415894, "length": 3.993974447250366, "mode": "train", "epoch": 30}
{"loss": 0.11384996026754379, "acc": 0.961031973361969, "length": 4.0, "mode": "test", "epoch": 30}
{"loss": 0.08963293582201004, "acc": 0.9667116403579712, "length": 3.994502544403076, "mode": "train", "epoch": 31}
{"loss": 0.13797593116760254, "acc": 0.9544484615325928, "length": 4.0, "mode": "test", "epoch": 31}
{"loss": 0.08129999786615372, "acc": 0.9714528322219849, "length": 3.99565052986145, "mode": "train", "epoch": 32}
{"loss": 0.10602999478578568, "acc": 0.9624554514884949, "length": 4.0, "mode": "test", "epoch": 32}
{"loss": 0.07996904104948044, "acc": 0.9708356261253357, "length": 3.9955687522888184, "mode": "train", "epoch": 33}
{"loss": 0.12421832233667374, "acc": 0.961031973361969, "length": 4.0, "mode": "test", "epoch": 33}
{"loss": 0.07280619442462921, "acc": 0.9740648865699768, "length": 3.996098756790161, "mode": "train", "epoch": 34}
{"loss": 0.11344379931688309, "acc": 0.9661921858787537, "length": 4.0, "mode": "test", "epoch": 34}
{"loss": 0.06416705995798111, "acc": 0.9767022728919983, "length": 3.9969630241394043, "mode": "train", "epoch": 35}
{"loss": 0.11172452569007874, "acc": 0.9670818448066711, "length": 4.0, "mode": "test", "epoch": 35}
{"loss": 0.06971157342195511, "acc": 0.9753574132919312, "length": 3.9973042011260986, "mode": "train", "epoch": 36}
{"loss": 0.1010768786072731, "acc": 0.9725980162620544, "length": 4.0, "mode": "test", "epoch": 36}
{"loss": 0.07457692921161652, "acc": 0.9750044941902161, "length": 3.9974091053009033, "mode": "train", "epoch": 37}
{"loss": 0.12501418590545654, "acc": 0.9642349481582642, "length": 4.0, "mode": "test", "epoch": 37}
{"loss": 0.07053197175264359, "acc": 0.9749983549118042, "length": 3.997593402862549, "mode": "train", "epoch": 38}
{"loss": 0.1209978386759758, "acc": 0.9658364057540894, "length": 4.0, "mode": "test", "epoch": 38}
{"loss": 0.05373122915625572, "acc": 0.9816166758537292, "length": 3.9978606700897217, "mode": "train", "epoch": 39}
{"loss": 0.08287476748228073, "acc": 0.971886157989502, "length": 4.0, "mode": "test", "epoch": 39}
{"loss": 0.057768113911151886, "acc": 0.9778086543083191, "length": 3.9976983070373535, "mode": "train", "epoch": 40}
{"loss": 0.09067238867282867, "acc": 0.971886157989502, "length": 4.0, "mode": "test", "epoch": 40}
{"loss": 0.04978248476982117, "acc": 0.9838474988937378, "length": 3.9982826709747314, "mode": "train", "epoch": 41}
{"loss": 0.11605983227491379, "acc": 0.9711744785308838, "length": 4.0, "mode": "test", "epoch": 41}
{"loss": 0.048792764544487, "acc": 0.9827178716659546, "length": 3.9985170364379883, "mode": "train", "epoch": 42}
{"loss": 0.104189932346344, "acc": 0.9733096361160278, "length": 4.0, "mode": "test", "epoch": 42}
{"loss": 0.05564555153250694, "acc": 0.9831951260566711, "length": 3.9984045028686523, "mode": "train", "epoch": 43}
{"loss": 0.11360311508178711, "acc": 0.9686831831932068, "length": 4.0, "mode": "test", "epoch": 43}
{"loss": 0.053860142827034, "acc": 0.9835451245307922, "length": 3.998300075531006, "mode": "train", "epoch": 44}
{"loss": 0.11275051534175873, "acc": 0.9718862771987915, "length": 4.0, "mode": "test", "epoch": 44}
{"loss": 0.04715666547417641, "acc": 0.9817787408828735, "length": 3.998751163482666, "mode": "train", "epoch": 45}
{"loss": 0.09618029743432999, "acc": 0.9731315970420837, "length": 4.0, "mode": "test", "epoch": 45}
{"loss": 0.03979126736521721, "acc": 0.9856545329093933, "length": 3.9962961673736572, "mode": "train", "epoch": 46}
{"loss": 0.0813567042350769, "acc": 0.9766903519630432, "length": 4.0, "mode": "test", "epoch": 46}
{"loss": 0.03929177671670914, "acc": 0.9863707423210144, "length": 3.9989757537841797, "mode": "train", "epoch": 47}
{"loss": 0.07358304411172867, "acc": 0.9761565327644348, "length": 4.0, "mode": "test", "epoch": 47}
{"loss": 0.03576372563838959, "acc": 0.9885774850845337, "length": 3.999114990234375, "mode": "train", "epoch": 48}
{"loss": 0.06947843730449677, "acc": 0.9795373678207397, "length": 4.0, "mode": "test", "epoch": 48}
{"loss": 0.034850381314754486, "acc": 0.9874516129493713, "length": 3.9991159439086914, "mode": "train", "epoch": 49}
{"loss": 0.06186078116297722, "acc": 0.982206404209137, "length": 4.0, "mode": "test", "epoch": 49}
{"loss": 0.03768477961421013, "acc": 0.9867383241653442, "length": 3.9992446899414062, "mode": "train", "epoch": 50}
{"loss": 0.08746330440044403, "acc": 0.97775799036026, "length": 4.0, "mode": "test", "epoch": 50}
{"loss": 0.03436628729104996, "acc": 0.989429771900177, "length": 3.999410390853882, "mode": "train", "epoch": 51}
{"loss": 0.11886841803789139, "acc": 0.9734876155853271, "length": 4.0, "mode": "test", "epoch": 51}
{"loss": 0.034968700259923935, "acc": 0.9896676540374756, "length": 3.999429702758789, "mode": "train", "epoch": 52}
{"loss": 0.11001984030008316, "acc": 0.9715302586555481, "length": 4.0, "mode": "test", "epoch": 52}
{"loss": 0.036408815532922745, "acc": 0.9894898533821106, "length": 3.9994735717773438, "mode": "train", "epoch": 53}
{"loss": 0.08216661959886551, "acc": 0.9804271459579468, "length": 4.0, "mode": "test", "epoch": 53}
{"loss": 0.027612600475549698, "acc": 0.9900922775268555, "length": 3.999600410461426, "mode": "train", "epoch": 54}
{"loss": 0.0884227454662323, "acc": 0.9790034890174866, "length": 4.0, "mode": "test", "epoch": 54}
{"loss": 0.04557196795940399, "acc": 0.986260712146759, "length": 3.9975242614746094, "mode": "train", "epoch": 55}
{"loss": 0.08978712558746338, "acc": 0.9756226539611816, "length": 4.0, "mode": "test", "epoch": 55}
{"loss": 0.02906944788992405, "acc": 0.9908068776130676, "length": 3.9996438026428223, "mode": "train", "epoch": 56}
{"loss": 0.08876404911279678, "acc": 0.9768683314323425, "length": 4.0, "mode": "test", "epoch": 56}
{"loss": 0.027314528822898865, "acc": 0.9920862317085266, "length": 3.998950958251953, "mode": "train", "epoch": 57}
{"loss": 0.09246887266635895, "acc": 0.9758007526397705, "length": 4.0, "mode": "test", "epoch": 57}
{"loss": 0.03311055898666382, "acc": 0.9897844791412354, "length": 3.999478340148926, "mode": "train", "epoch": 58}
{"loss": 0.11309777200222015, "acc": 0.9699288010597229, "length": 4.0, "mode": "test", "epoch": 58}
{"loss": 0.05109107121825218, "acc": 0.9839507937431335, "length": 3.9995157718658447, "mode": "train", "epoch": 59}
{"loss": 0.1328822374343872, "acc": 0.9645907282829285, "length": 4.0, "mode": "test", "epoch": 59}
{"loss": 0.037572503089904785, "acc": 0.9864645004272461, "length": 3.999809980392456, "mode": "train", "epoch": 60}
{"loss": 0.07605838775634766, "acc": 0.9745551943778992, "length": 4.0, "mode": "test", "epoch": 60}
{"loss": 0.023624971508979797, "acc": 0.9934326410293579, "length": 3.999704360961914, "mode": "train", "epoch": 61}
{"loss": 0.08433867245912552, "acc": 0.9818503856658936, "length": 4.0, "mode": "test", "epoch": 61}
{"loss": 0.025481725111603737, "acc": 0.9933151602745056, "length": 3.999706983566284, "mode": "train", "epoch": 62}
{"loss": 0.11541831493377686, "acc": 0.9733096361160278, "length": 4.0, "mode": "test", "epoch": 62}
{"loss": 0.03072306700050831, "acc": 0.993078351020813, "length": 3.999779462814331, "mode": "train", "epoch": 63}
{"loss": 0.10648053139448166, "acc": 0.9768684506416321, "length": 4.0, "mode": "test", "epoch": 63}
{"loss": 0.022876199334859848, "acc": 0.9939143061637878, "length": 3.9998364448547363, "mode": "train", "epoch": 64}
{"loss": 0.10809169709682465, "acc": 0.9701068997383118, "length": 4.0, "mode": "test", "epoch": 64}
{"loss": 0.024208763614296913, "acc": 0.9924270510673523, "length": 3.9998981952667236, "mode": "train", "epoch": 65}
{"loss": 0.11059840768575668, "acc": 0.97775799036026, "length": 4.0, "mode": "test", "epoch": 65}
{"loss": 0.026199951767921448, "acc": 0.9916530847549438, "length": 3.9999165534973145, "mode": "train", "epoch": 66}
{"loss": 0.07805705070495605, "acc": 0.9806049466133118, "length": 4.0, "mode": "test", "epoch": 66}
{"loss": 0.02845560386776924, "acc": 0.9911732077598572, "length": 3.9998507499694824, "mode": "train", "epoch": 67}
{"loss": 0.06540128588676453, "acc": 0.9827402830123901, "length": 4.0, "mode": "test", "epoch": 67}
{"loss": 0.027074266225099564, "acc": 0.9917109608650208, "length": 3.9998605251312256, "mode": "train", "epoch": 68}
{"loss": 0.05253513529896736, "acc": 0.9859430193901062, "length": 4.0, "mode": "test", "epoch": 68}
{"loss": 0.018891191110014915, "acc": 0.9938581585884094, "length": 3.9998953342437744, "mode": "train", "epoch": 69}
{"loss": 0.05323176085948944, "acc": 0.9846974611282349, "length": 4.0, "mode": "test", "epoch": 69}
{"loss": 0.023210521787405014, "acc": 0.9937360882759094, "length": 3.9998586177825928, "mode": "train", "epoch": 70}
{"loss": 0.10157027095556259, "acc": 0.9750888347625732, "length": 4.0, "mode": "test", "epoch": 70}
{"loss": 0.03617321699857712, "acc": 0.9895613193511963, "length": 3.9997596740722656, "mode": "train", "epoch": 71}
{"loss": 0.10867972671985626, "acc": 0.9717081189155579, "length": 4.0, "mode": "test", "epoch": 71}
{"loss": 0.020551932975649834, "acc": 0.9936780333518982, "length": 3.9998862743377686, "mode": "train", "epoch": 72}
{"loss": 0.0818871334195137, "acc": 0.9806051850318909, "length": 4.0, "mode": "test", "epoch": 72}
{"loss": 0.029092859476804733, "acc": 0.9904540777206421, "length": 3.9997708797454834, "mode": "train", "epoch": 73}
{"loss": 0.08413705974817276, "acc": 0.9756226539611816, "length": 4.0, "mode": "test", "epoch": 73}
{"loss": 0.0592295303940773, "acc": 0.9867022037506104, "length": 3.9997692108154297, "mode": "train", "epoch": 74}
{"loss": 0.19735175371170044, "acc": 0.9494662284851074, "length": 4.0, "mode": "test", "epoch": 74}
{"loss": 0.04460688307881355, "acc": 0.9869466423988342, "length": 3.9999475479125977, "mode": "train", "epoch": 75}
{"loss": 0.10900046676397324, "acc": 0.9686833024024963, "length": 4.0, "mode": "test", "epoch": 75}
{"loss": 0.053233977407217026, "acc": 0.9817607998847961, "length": 3.999906063079834, "mode": "train", "epoch": 76}
{"loss": 0.09935376048088074, "acc": 0.9756227731704712, "length": 4.0, "mode": "test", "epoch": 76}
{"loss": 0.030825693160295486, "acc": 0.9895673990249634, "length": 3.9999139308929443, "mode": "train", "epoch": 77}
{"loss": 0.0709008052945137, "acc": 0.9795373678207397, "length": 4.0, "mode": "test", "epoch": 77}
{"loss": 0.021205784752964973, "acc": 0.9936120510101318, "length": 3.999668836593628, "mode": "train", "epoch": 78}
{"loss": 0.09793362766504288, "acc": 0.9690392017364502, "length": 4.0, "mode": "test", "epoch": 78}
{"loss": 0.018985940143465996, "acc": 0.9945154190063477, "length": 3.9999489784240723, "mode": "train", "epoch": 79}
{"loss": 0.07352830469608307, "acc": 0.9804270267486572, "length": 4.0, "mode": "test", "epoch": 79}
{"loss": 0.016144616529345512, "acc": 0.9953497052192688, "length": 3.9999542236328125, "mode": "train", "epoch": 80}
{"loss": 0.0529220849275589, "acc": 0.9829180836677551, "length": 4.0, "mode": "test", "epoch": 80}
{"loss": 0.014142531901597977, "acc": 0.9952300190925598, "length": 3.999940872192383, "mode": "train", "epoch": 81}
{"loss": 0.0791679173707962, "acc": 0.9784697890281677, "length": 4.0, "mode": "test", "epoch": 81}
{"loss": 0.013888293877243996, "acc": 0.9960044026374817, "length": 3.9999358654022217, "mode": "train", "epoch": 82}
{"loss": 0.03779023140668869, "acc": 0.9886120557785034, "length": 4.0, "mode": "test", "epoch": 82}
{"loss": 0.012228995561599731, "acc": 0.9966611266136169, "length": 3.999969244003296, "mode": "train", "epoch": 83}
{"loss": 0.07675642520189285, "acc": 0.9843416810035706, "length": 4.0, "mode": "test", "epoch": 83}
{"loss": 0.013808256946504116, "acc": 0.9962416887283325, "length": 3.9999237060546875, "mode": "train", "epoch": 84}
{"loss": 0.06803679466247559, "acc": 0.984163761138916, "length": 4.0, "mode": "test", "epoch": 84}
{"loss": 0.012041895650327206, "acc": 0.9962435364723206, "length": 3.9999516010284424, "mode": "train", "epoch": 85}
{"loss": 0.05245884135365486, "acc": 0.9854093194007874, "length": 4.0, "mode": "test", "epoch": 85}
{"loss": 0.01392570324242115, "acc": 0.995826780796051, "length": 3.999965190887451, "mode": "train", "epoch": 86}
{"loss": 0.049923595041036606, "acc": 0.9873664975166321, "length": 4.0, "mode": "test", "epoch": 86}
{"loss": 0.012474220246076584, "acc": 0.9963040351867676, "length": 3.9999775886535645, "mode": "train", "epoch": 87}
{"loss": 0.05874142423272133, "acc": 0.9834519624710083, "length": 4.0, "mode": "test", "epoch": 87}
{"loss": 0.01138764712959528, "acc": 0.9967213869094849, "length": 3.999976396560669, "mode": "train", "epoch": 88}
{"loss": 0.07729317992925644, "acc": 0.9806049466133118, "length": 4.0, "mode": "test", "epoch": 88}
{"loss": 0.01873003877699375, "acc": 0.995766818523407, "length": 3.999924421310425, "mode": "train", "epoch": 89}
{"loss": 0.13188566267490387, "acc": 0.9752669930458069, "length": 4.0, "mode": "test", "epoch": 89}
{"loss": 0.014243598096072674, "acc": 0.9965428709983826, "length": 3.999985456466675, "mode": "train", "epoch": 90}
{"loss": 0.10184371471405029, "acc": 0.9774020910263062, "length": 4.0, "mode": "test", "epoch": 90}
{"loss": 0.02439657226204872, "acc": 0.9949334859848022, "length": 3.9999775886535645, "mode": "train", "epoch": 91}
{"loss": 0.11398247629404068, "acc": 0.979893147945404, "length": 4.0, "mode": "test", "epoch": 91}
{"loss": 0.060579992830753326, "acc": 0.9818212985992432, "length": 3.999941110610962, "mode": "train", "epoch": 92}
{"loss": 0.1994655728340149, "acc": 0.9558718204498291, "length": 4.0, "mode": "test", "epoch": 92}
{"loss": 0.05825209617614746, "acc": 0.9814057350158691, "length": 3.999983072280884, "mode": "train", "epoch": 93}
{"loss": 0.1363619565963745, "acc": 0.9727758169174194, "length": 4.0, "mode": "test", "epoch": 93}
{"loss": 0.027318596839904785, "acc": 0.9904032349586487, "length": 3.999950647354126, "mode": "train", "epoch": 94}
{"loss": 0.09666166454553604, "acc": 0.9806049466133118, "length": 4.0, "mode": "test", "epoch": 94}
{"loss": 0.034928444772958755, "acc": 0.9901652932167053, "length": 3.9999635219573975, "mode": "train", "epoch": 95}
{"loss": 0.11421895027160645, "acc": 0.964413046836853, "length": 4.0, "mode": "test", "epoch": 95}
{"loss": 0.03587189316749573, "acc": 0.9893320202827454, "length": 3.9999840259552, "mode": "train", "epoch": 96}
{"loss": 0.18256868422031403, "acc": 0.9644129276275635, "length": 4.0, "mode": "test", "epoch": 96}
{"loss": 0.01661662384867668, "acc": 0.9946905970573425, "length": 3.9998788833618164, "mode": "train", "epoch": 97}
{"loss": 0.0995790958404541, "acc": 0.9784699082374573, "length": 4.0, "mode": "test", "epoch": 97}
{"loss": 0.019208861514925957, "acc": 0.9939807057380676, "length": 3.9999938011169434, "mode": "train", "epoch": 98}
{"loss": 0.08590173721313477, "acc": 0.9814946055412292, "length": 4.0, "mode": "test", "epoch": 98}
{"loss": 0.022391900420188904, "acc": 0.9929671883583069, "length": 3.999985456466675, "mode": "train", "epoch": 99}
{"loss": 0.09082401543855667, "acc": 0.9765124320983887, "length": 4.0, "mode": "test", "epoch": 99}
{"loss": 0.021932736039161682, "acc": 0.9932056665420532, "length": 3.9999866485595703, "mode": "train", "epoch": 100}
{"loss": 0.085398830473423, "acc": 0.9807828068733215, "length": 4.0, "mode": "test", "epoch": 100}
test accuracy: 0.8612500429153442
