# ["--attributes=3", "--values=3", "--game_size=3", "--vocab_size_factor=3", "--n_epochs=100", "--batch_size=32", "--learning_rate=0.0005", "--hidden_size=128", "--temp_update=0.97", "--temperature=1"]
Creating train_ds and val_ds...

Creating test_ds...
{"loss": 0.6965540051460266, "acc": 0.510627806186676, "length": 3.5247459411621094, "mode": "train", "epoch": 1}
{"loss": 0.6877361536026001, "acc": 0.5371849536895752, "length": 1.0470588207244873, "mode": "test", "epoch": 1}
{"loss": 0.6930997371673584, "acc": 0.5211824774742126, "length": 3.5835297107696533, "mode": "train", "epoch": 2}
{"loss": 0.676428496837616, "acc": 0.6260475516319275, "length": 1.7529411315917969, "mode": "test", "epoch": 2}
{"loss": 0.6931585073471069, "acc": 0.5113598704338074, "length": 3.538092613220215, "mode": "train", "epoch": 3}
{"loss": 0.6709191203117371, "acc": 0.6452760696411133, "length": 2.188235282897949, "mode": "test", "epoch": 3}
{"loss": 0.6914185285568237, "acc": 0.5258135199546814, "length": 3.4894235134124756, "mode": "train", "epoch": 4}
{"loss": 0.6687220335006714, "acc": 0.6608543395996094, "length": 2.5764706134796143, "mode": "test", "epoch": 4}
{"loss": 0.6907486319541931, "acc": 0.514481246471405, "length": 3.522181272506714, "mode": "train", "epoch": 5}
{"loss": 0.6656443476676941, "acc": 0.6702147722244263, "length": 2.5764706134796143, "mode": "test", "epoch": 5}
{"loss": 0.6879659295082092, "acc": 0.5341588258743286, "length": 3.480320692062378, "mode": "train", "epoch": 6}
{"loss": 0.6646206378936768, "acc": 0.6785714626312256, "length": 2.5647058486938477, "mode": "test", "epoch": 6}
{"loss": 0.6800926923751831, "acc": 0.5845239162445068, "length": 3.3520195484161377, "mode": "train", "epoch": 7}
{"loss": 0.6597323417663574, "acc": 0.7016544342041016, "length": 2.188235282897949, "mode": "test", "epoch": 7}
{"loss": 0.6670049428939819, "acc": 0.6438229084014893, "length": 3.057950735092163, "mode": "train", "epoch": 8}
{"loss": 0.6457648873329163, "acc": 0.7179709672927856, "length": 2.5058822631835938, "mode": "test", "epoch": 8}
{"loss": 0.6415119767189026, "acc": 0.6807740926742554, "length": 3.0161850452423096, "mode": "train", "epoch": 9}
{"loss": 0.6200414896011353, "acc": 0.7355743050575256, "length": 2.552941083908081, "mode": "test", "epoch": 9}
{"loss": 0.6031140685081482, "acc": 0.7380520105361938, "length": 3.037243127822876, "mode": "train", "epoch": 10}
{"loss": 0.5801787376403809, "acc": 0.7415587306022644, "length": 2.917647123336792, "mode": "test", "epoch": 10}
{"loss": 0.5585878491401672, "acc": 0.7540783286094666, "length": 3.360661029815674, "mode": "train", "epoch": 11}
{"loss": 0.5251120328903198, "acc": 0.7815826535224915, "length": 3.588235378265381, "mode": "test", "epoch": 11}
{"loss": 0.5080816745758057, "acc": 0.765631914138794, "length": 3.6772894859313965, "mode": "train", "epoch": 12}
{"loss": 0.4865644574165344, "acc": 0.7805759906768799, "length": 3.894117593765259, "mode": "test", "epoch": 12}
{"loss": 0.4794847071170807, "acc": 0.7821886539459229, "length": 3.8548245429992676, "mode": "train", "epoch": 13}
{"loss": 0.47895240783691406, "acc": 0.7960785031318665, "length": 4.0, "mode": "test", "epoch": 13}
{"loss": 0.4498249590396881, "acc": 0.7923094630241394, "length": 3.939568042755127, "mode": "train", "epoch": 14}
{"loss": 0.47611451148986816, "acc": 0.7764704823493958, "length": 4.0, "mode": "test", "epoch": 14}
{"loss": 0.43372642993927, "acc": 0.8094380497932434, "length": 3.9587297439575195, "mode": "train", "epoch": 15}
{"loss": 0.47156691551208496, "acc": 0.782352864742279, "length": 4.0, "mode": "test", "epoch": 15}
{"loss": 0.42073822021484375, "acc": 0.8242802023887634, "length": 3.9632275104522705, "mode": "train", "epoch": 16}
{"loss": 0.45117276906967163, "acc": 0.7921568751335144, "length": 4.0, "mode": "test", "epoch": 16}
{"loss": 0.40757542848587036, "acc": 0.8244273662567139, "length": 3.9616470336914062, "mode": "train", "epoch": 17}
{"loss": 0.4460606276988983, "acc": 0.7980392575263977, "length": 4.0, "mode": "test", "epoch": 17}
{"loss": 0.3999374508857727, "acc": 0.831617534160614, "length": 3.974351167678833, "mode": "train", "epoch": 18}
{"loss": 0.43848276138305664, "acc": 0.8039215803146362, "length": 4.0, "mode": "test", "epoch": 18}
{"loss": 0.39162248373031616, "acc": 0.827917754650116, "length": 3.96281099319458, "mode": "train", "epoch": 19}
{"loss": 0.4267333745956421, "acc": 0.8176470398902893, "length": 4.0, "mode": "test", "epoch": 19}
{"loss": 0.3809735178947449, "acc": 0.8364465236663818, "length": 3.9865236282348633, "mode": "train", "epoch": 20}
{"loss": 0.42257702350616455, "acc": 0.8156862854957581, "length": 4.0, "mode": "test", "epoch": 20}
{"loss": 0.36842721700668335, "acc": 0.8447211384773254, "length": 3.975895881652832, "mode": "train", "epoch": 21}
{"loss": 0.4061036705970764, "acc": 0.8235294222831726, "length": 4.0, "mode": "test", "epoch": 21}
{"loss": 0.3700789511203766, "acc": 0.833791971206665, "length": 3.981478452682495, "mode": "train", "epoch": 22}
{"loss": 0.42111238837242126, "acc": 0.8196079134941101, "length": 4.0, "mode": "test", "epoch": 22}
{"loss": 0.36540988087654114, "acc": 0.8357899785041809, "length": 3.986417531967163, "mode": "train", "epoch": 23}
{"loss": 0.41823267936706543, "acc": 0.8294117450714111, "length": 4.0, "mode": "test", "epoch": 23}
{"loss": 0.3600928485393524, "acc": 0.8377925753593445, "length": 3.9815027713775635, "mode": "train", "epoch": 24}
{"loss": 0.39990267157554626, "acc": 0.8274509906768799, "length": 4.0, "mode": "test", "epoch": 24}
{"loss": 0.3757629692554474, "acc": 0.8247314691543579, "length": 3.9915215969085693, "mode": "train", "epoch": 25}
{"loss": 0.40614473819732666, "acc": 0.8274511098861694, "length": 4.0, "mode": "test", "epoch": 25}
{"loss": 0.3533528745174408, "acc": 0.8450557589530945, "length": 3.9851386547088623, "mode": "train", "epoch": 26}
{"loss": 0.4139825701713562, "acc": 0.8294117450714111, "length": 4.0, "mode": "test", "epoch": 26}
{"loss": 0.35469168424606323, "acc": 0.8405405282974243, "length": 3.984687328338623, "mode": "train", "epoch": 27}
{"loss": 0.40584492683410645, "acc": 0.8196079134941101, "length": 4.0, "mode": "test", "epoch": 27}
{"loss": 0.35479313135147095, "acc": 0.8438270092010498, "length": 3.9978694915771484, "mode": "train", "epoch": 28}
{"loss": 0.38806790113449097, "acc": 0.8313724994659424, "length": 4.0, "mode": "test", "epoch": 28}
{"loss": 0.3419567048549652, "acc": 0.8449220657348633, "length": 3.980914354324341, "mode": "train", "epoch": 29}
{"loss": 0.39305901527404785, "acc": 0.833333432674408, "length": 4.0, "mode": "test", "epoch": 29}
{"loss": 0.34714245796203613, "acc": 0.8437771201133728, "length": 3.993762254714966, "mode": "train", "epoch": 30}
{"loss": 0.4029685854911804, "acc": 0.8294119238853455, "length": 4.0, "mode": "test", "epoch": 30}
{"loss": 0.3432549834251404, "acc": 0.8444162607192993, "length": 3.995004177093506, "mode": "train", "epoch": 31}
{"loss": 0.3965378999710083, "acc": 0.8235292434692383, "length": 4.0, "mode": "test", "epoch": 31}
{"loss": 0.3356778919696808, "acc": 0.8489425778388977, "length": 3.993083953857422, "mode": "train", "epoch": 32}
{"loss": 0.39491719007492065, "acc": 0.8313724994659424, "length": 4.0, "mode": "test", "epoch": 32}
{"loss": 0.33544647693634033, "acc": 0.8553544878959656, "length": 3.9708964824676514, "mode": "train", "epoch": 33}
{"loss": 0.39151448011398315, "acc": 0.8392156362533569, "length": 4.0, "mode": "test", "epoch": 33}
{"loss": 0.33066892623901367, "acc": 0.8549374341964722, "length": 3.9950196743011475, "mode": "train", "epoch": 34}
{"loss": 0.3913756310939789, "acc": 0.8392156362533569, "length": 4.0, "mode": "test", "epoch": 34}
{"loss": 0.32875481247901917, "acc": 0.8520015478134155, "length": 3.9888508319854736, "mode": "train", "epoch": 35}
{"loss": 0.3762546479701996, "acc": 0.8411762714385986, "length": 4.0, "mode": "test", "epoch": 35}
{"loss": 0.3326733112335205, "acc": 0.8527514934539795, "length": 3.9783713817596436, "mode": "train", "epoch": 36}
{"loss": 0.3734394907951355, "acc": 0.8372549414634705, "length": 4.0, "mode": "test", "epoch": 36}
{"loss": 0.3196035325527191, "acc": 0.8661389350891113, "length": 3.9975900650024414, "mode": "train", "epoch": 37}
{"loss": 0.3836120069026947, "acc": 0.833333432674408, "length": 4.0, "mode": "test", "epoch": 37}
{"loss": 0.3188621699810028, "acc": 0.8614312410354614, "length": 3.987938642501831, "mode": "train", "epoch": 38}
{"loss": 0.37175843119621277, "acc": 0.8352941274642944, "length": 4.0, "mode": "test", "epoch": 38}
{"loss": 0.31449055671691895, "acc": 0.8615303635597229, "length": 3.9982521533966064, "mode": "train", "epoch": 39}
{"loss": 0.36674031615257263, "acc": 0.8392156362533569, "length": 4.0, "mode": "test", "epoch": 39}
{"loss": 0.3092637360095978, "acc": 0.8655046224594116, "length": 3.9900457859039307, "mode": "train", "epoch": 40}
{"loss": 0.352395623922348, "acc": 0.8490195870399475, "length": 4.0, "mode": "test", "epoch": 40}
{"loss": 0.3052189350128174, "acc": 0.8694010376930237, "length": 3.994004487991333, "mode": "train", "epoch": 41}
{"loss": 0.36934447288513184, "acc": 0.8392156958580017, "length": 4.0, "mode": "test", "epoch": 41}
{"loss": 0.29655855894088745, "acc": 0.8738528490066528, "length": 3.9920620918273926, "mode": "train", "epoch": 42}
{"loss": 0.36277860403060913, "acc": 0.841176450252533, "length": 4.0, "mode": "test", "epoch": 42}
{"loss": 0.29351821541786194, "acc": 0.8779007196426392, "length": 3.9944963455200195, "mode": "train", "epoch": 43}
{"loss": 0.3605075776576996, "acc": 0.8588235378265381, "length": 4.0, "mode": "test", "epoch": 43}
{"loss": 0.2893611490726471, "acc": 0.8797904253005981, "length": 3.9936203956604004, "mode": "train", "epoch": 44}
{"loss": 0.3495398461818695, "acc": 0.8392156362533569, "length": 4.0, "mode": "test", "epoch": 44}
{"loss": 0.2789174020290375, "acc": 0.8876205682754517, "length": 3.9910919666290283, "mode": "train", "epoch": 45}
{"loss": 0.322372168302536, "acc": 0.8588235974311829, "length": 4.0, "mode": "test", "epoch": 45}
{"loss": 0.2823721766471863, "acc": 0.8857909440994263, "length": 3.996971607208252, "mode": "train", "epoch": 46}
{"loss": 0.3519686460494995, "acc": 0.845098078250885, "length": 4.0, "mode": "test", "epoch": 46}
{"loss": 0.27265220880508423, "acc": 0.8888089656829834, "length": 3.9891369342803955, "mode": "train", "epoch": 47}
{"loss": 0.3113664984703064, "acc": 0.8803921937942505, "length": 4.0, "mode": "test", "epoch": 47}
{"loss": 0.2672077715396881, "acc": 0.8969694972038269, "length": 3.996516466140747, "mode": "train", "epoch": 48}
{"loss": 0.32242196798324585, "acc": 0.854901909828186, "length": 4.0, "mode": "test", "epoch": 48}
{"loss": 0.26828518509864807, "acc": 0.8946994543075562, "length": 3.9901797771453857, "mode": "train", "epoch": 49}
{"loss": 0.2978733777999878, "acc": 0.8647058606147766, "length": 4.0, "mode": "test", "epoch": 49}
{"loss": 0.252306193113327, "acc": 0.8982856273651123, "length": 3.991562843322754, "mode": "train", "epoch": 50}
{"loss": 0.32734280824661255, "acc": 0.878431499004364, "length": 4.0, "mode": "test", "epoch": 50}
{"loss": 0.2679937481880188, "acc": 0.893667459487915, "length": 3.992333173751831, "mode": "train", "epoch": 51}
{"loss": 0.30571043491363525, "acc": 0.8862744569778442, "length": 4.0, "mode": "test", "epoch": 51}
{"loss": 0.2534353733062744, "acc": 0.8969190120697021, "length": 3.9978301525115967, "mode": "train", "epoch": 52}
{"loss": 0.29721972346305847, "acc": 0.8862744569778442, "length": 4.0, "mode": "test", "epoch": 52}
{"loss": 0.25772625207901, "acc": 0.8949663043022156, "length": 3.997575521469116, "mode": "train", "epoch": 53}
{"loss": 0.3041835427284241, "acc": 0.8784314393997192, "length": 4.0, "mode": "test", "epoch": 53}
{"loss": 0.2467050403356552, "acc": 0.9002179503440857, "length": 3.9982242584228516, "mode": "train", "epoch": 54}
{"loss": 0.3056546151638031, "acc": 0.8921569585800171, "length": 4.0, "mode": "test", "epoch": 54}
{"loss": 0.23712211847305298, "acc": 0.9048315286636353, "length": 3.9864277839660645, "mode": "train", "epoch": 55}
{"loss": 0.2924497127532959, "acc": 0.8823530077934265, "length": 4.0, "mode": "test", "epoch": 55}
{"loss": 0.24967192113399506, "acc": 0.9009119272232056, "length": 3.999713897705078, "mode": "train", "epoch": 56}
{"loss": 0.30032241344451904, "acc": 0.8784314393997192, "length": 4.0, "mode": "test", "epoch": 56}
{"loss": 0.24317358434200287, "acc": 0.908107578754425, "length": 3.998563051223755, "mode": "train", "epoch": 57}
{"loss": 0.29625412821769714, "acc": 0.8882353901863098, "length": 4.0, "mode": "test", "epoch": 57}
{"loss": 0.2438049167394638, "acc": 0.9067507982254028, "length": 3.9956462383270264, "mode": "train", "epoch": 58}
{"loss": 0.2916681170463562, "acc": 0.8921568989753723, "length": 4.0, "mode": "test", "epoch": 58}
{"loss": 0.23260968923568726, "acc": 0.9133721590042114, "length": 3.997255325317383, "mode": "train", "epoch": 59}
{"loss": 0.2724134027957916, "acc": 0.8999999165534973, "length": 4.0, "mode": "test", "epoch": 59}
{"loss": 0.23432844877243042, "acc": 0.9094524383544922, "length": 3.99918270111084, "mode": "train", "epoch": 60}
{"loss": 0.2764653265476227, "acc": 0.8921567797660828, "length": 4.0, "mode": "test", "epoch": 60}
{"loss": 0.2190743237733841, "acc": 0.9172871708869934, "length": 3.998068332672119, "mode": "train", "epoch": 61}
{"loss": 0.2773234248161316, "acc": 0.8999999165534973, "length": 4.0, "mode": "test", "epoch": 61}
{"loss": 0.22179940342903137, "acc": 0.917317807674408, "length": 3.9997332096099854, "mode": "train", "epoch": 62}
{"loss": 0.2697678804397583, "acc": 0.9078431725502014, "length": 4.0, "mode": "test", "epoch": 62}
{"loss": 0.22082819044589996, "acc": 0.9113889932632446, "length": 3.998812437057495, "mode": "train", "epoch": 63}
{"loss": 0.2743625044822693, "acc": 0.8960784673690796, "length": 4.0, "mode": "test", "epoch": 63}
{"loss": 0.21169769763946533, "acc": 0.9211426973342896, "length": 3.9977312088012695, "mode": "train", "epoch": 64}
{"loss": 0.28523874282836914, "acc": 0.8980393409729004, "length": 4.0, "mode": "test", "epoch": 64}
{"loss": 0.20848429203033447, "acc": 0.9251745939254761, "length": 3.9993607997894287, "mode": "train", "epoch": 65}
{"loss": 0.2862071394920349, "acc": 0.8960785865783691, "length": 4.0, "mode": "test", "epoch": 65}
{"loss": 0.2139873504638672, "acc": 0.9205490350723267, "length": 3.998629093170166, "mode": "train", "epoch": 66}
{"loss": 0.2918715476989746, "acc": 0.8960784077644348, "length": 4.0, "mode": "test", "epoch": 66}
{"loss": 0.1998799443244934, "acc": 0.9304396510124207, "length": 3.9996843338012695, "mode": "train", "epoch": 67}
{"loss": 0.2716944217681885, "acc": 0.9039216041564941, "length": 4.0, "mode": "test", "epoch": 67}
{"loss": 0.21646296977996826, "acc": 0.923221230506897, "length": 3.999640941619873, "mode": "train", "epoch": 68}
{"loss": 0.26608556509017944, "acc": 0.9078431725502014, "length": 4.0, "mode": "test", "epoch": 68}
{"loss": 0.2055787593126297, "acc": 0.9213478565216064, "length": 3.987844705581665, "mode": "train", "epoch": 69}
{"loss": 0.2593216300010681, "acc": 0.9078431725502014, "length": 4.0, "mode": "test", "epoch": 69}
{"loss": 0.1960674524307251, "acc": 0.9304142594337463, "length": 3.9985649585723877, "mode": "train", "epoch": 70}
{"loss": 0.2668570876121521, "acc": 0.9137255549430847, "length": 4.0, "mode": "test", "epoch": 70}
{"loss": 0.20006580650806427, "acc": 0.9216940402984619, "length": 3.9938466548919678, "mode": "train", "epoch": 71}
{"loss": 0.26909059286117554, "acc": 0.9019607305526733, "length": 4.0, "mode": "test", "epoch": 71}
{"loss": 0.22083616256713867, "acc": 0.9081260561943054, "length": 3.999671459197998, "mode": "train", "epoch": 72}
{"loss": 0.28886982798576355, "acc": 0.9019607305526733, "length": 4.0, "mode": "test", "epoch": 72}
{"loss": 0.2144620716571808, "acc": 0.9184346795082092, "length": 3.995405435562134, "mode": "train", "epoch": 73}
{"loss": 0.27438217401504517, "acc": 0.9019607305526733, "length": 4.0, "mode": "test", "epoch": 73}
{"loss": 0.19455347955226898, "acc": 0.9316973090171814, "length": 3.9991700649261475, "mode": "train", "epoch": 74}
{"loss": 0.2490120381116867, "acc": 0.9176470637321472, "length": 4.0, "mode": "test", "epoch": 74}
{"loss": 0.20010651648044586, "acc": 0.9258495569229126, "length": 3.9998910427093506, "mode": "train", "epoch": 75}
{"loss": 0.25816547870635986, "acc": 0.9117648005485535, "length": 4.0, "mode": "test", "epoch": 75}
{"loss": 0.1948290914297104, "acc": 0.9238796234130859, "length": 3.9997925758361816, "mode": "train", "epoch": 76}
{"loss": 0.25680360198020935, "acc": 0.9098039269447327, "length": 4.0, "mode": "test", "epoch": 76}
{"loss": 0.1944572478532791, "acc": 0.9238824844360352, "length": 3.9999337196350098, "mode": "train", "epoch": 77}
{"loss": 0.2631574869155884, "acc": 0.8999999761581421, "length": 4.0, "mode": "test", "epoch": 77}
{"loss": 0.18353132903575897, "acc": 0.9348260164260864, "length": 3.992384433746338, "mode": "train", "epoch": 78}
{"loss": 0.2710989713668823, "acc": 0.8980392217636108, "length": 4.0, "mode": "test", "epoch": 78}
{"loss": 0.18883197009563446, "acc": 0.9264875650405884, "length": 3.9992010593414307, "mode": "train", "epoch": 79}
{"loss": 0.2612525224685669, "acc": 0.9019608497619629, "length": 4.0, "mode": "test", "epoch": 79}
{"loss": 0.18687894940376282, "acc": 0.9236781597137451, "length": 3.9905636310577393, "mode": "train", "epoch": 80}
{"loss": 0.2621377110481262, "acc": 0.9039216041564941, "length": 4.0, "mode": "test", "epoch": 80}
{"loss": 0.18053503334522247, "acc": 0.9336816072463989, "length": 3.998751640319824, "mode": "train", "epoch": 81}
{"loss": 0.25005045533180237, "acc": 0.9117648005485535, "length": 4.0, "mode": "test", "epoch": 81}
{"loss": 0.18295204639434814, "acc": 0.9271255731582642, "length": 3.997968912124634, "mode": "train", "epoch": 82}
{"loss": 0.27109259366989136, "acc": 0.8980393409729004, "length": 4.0, "mode": "test", "epoch": 82}
{"loss": 0.18284538388252258, "acc": 0.931723415851593, "length": 3.9987876415252686, "mode": "train", "epoch": 83}
{"loss": 0.26220014691352844, "acc": 0.8960784673690796, "length": 4.0, "mode": "test", "epoch": 83}
{"loss": 0.16872164607048035, "acc": 0.9376596212387085, "length": 3.999880313873291, "mode": "train", "epoch": 84}
{"loss": 0.24361589550971985, "acc": 0.9137255549430847, "length": 4.0, "mode": "test", "epoch": 84}
{"loss": 0.17357821762561798, "acc": 0.9382350444793701, "length": 3.9971883296966553, "mode": "train", "epoch": 85}
{"loss": 0.251076877117157, "acc": 0.9058823585510254, "length": 4.0, "mode": "test", "epoch": 85}
{"loss": 0.17233674228191376, "acc": 0.9376580715179443, "length": 3.9995367527008057, "mode": "train", "epoch": 86}
{"loss": 0.2575901746749878, "acc": 0.9019609093666077, "length": 4.0, "mode": "test", "epoch": 86}
{"loss": 0.1673252284526825, "acc": 0.9330026507377625, "length": 3.996565580368042, "mode": "train", "epoch": 87}
{"loss": 0.268087774515152, "acc": 0.9058823585510254, "length": 4.0, "mode": "test", "epoch": 87}
{"loss": 0.1784985363483429, "acc": 0.9341422915458679, "length": 3.9919915199279785, "mode": "train", "epoch": 88}
{"loss": 0.2334272861480713, "acc": 0.9137254357337952, "length": 4.0, "mode": "test", "epoch": 88}
{"loss": 0.17667974531650543, "acc": 0.9324108958244324, "length": 3.99989652633667, "mode": "train", "epoch": 89}
{"loss": 0.2296188771724701, "acc": 0.9215685725212097, "length": 4.0, "mode": "test", "epoch": 89}
{"loss": 0.17302632331848145, "acc": 0.9330646991729736, "length": 3.999126672744751, "mode": "train", "epoch": 90}
{"loss": 0.23635047674179077, "acc": 0.9196078181266785, "length": 4.0, "mode": "test", "epoch": 90}
{"loss": 0.172785222530365, "acc": 0.9363416433334351, "length": 3.9996516704559326, "mode": "train", "epoch": 91}
{"loss": 0.22388529777526855, "acc": 0.9137255549430847, "length": 4.0, "mode": "test", "epoch": 91}
{"loss": 0.1613776981830597, "acc": 0.9402111768722534, "length": 3.9871675968170166, "mode": "train", "epoch": 92}
{"loss": 0.22502005100250244, "acc": 0.9117646813392639, "length": 4.0, "mode": "test", "epoch": 92}
{"loss": 0.16661003232002258, "acc": 0.9370073676109314, "length": 3.99997878074646, "mode": "train", "epoch": 93}
{"loss": 0.22931551933288574, "acc": 0.9137254357337952, "length": 4.0, "mode": "test", "epoch": 93}
{"loss": 0.1613401174545288, "acc": 0.9369732737541199, "length": 3.9976344108581543, "mode": "train", "epoch": 94}
{"loss": 0.24362516403198242, "acc": 0.9117648005485535, "length": 4.0, "mode": "test", "epoch": 94}
{"loss": 0.17094328999519348, "acc": 0.9405545592308044, "length": 3.99074387550354, "mode": "train", "epoch": 95}
{"loss": 0.21992644667625427, "acc": 0.9196078777313232, "length": 4.0, "mode": "test", "epoch": 95}
{"loss": 0.16017842292785645, "acc": 0.9382920265197754, "length": 3.999337673187256, "mode": "train", "epoch": 96}
{"loss": 0.2119843065738678, "acc": 0.9235293865203857, "length": 4.0, "mode": "test", "epoch": 96}
{"loss": 0.14907559752464294, "acc": 0.9454986453056335, "length": 3.9985008239746094, "mode": "train", "epoch": 97}
{"loss": 0.22975477576255798, "acc": 0.9196078777313232, "length": 4.0, "mode": "test", "epoch": 97}
{"loss": 0.14823903143405914, "acc": 0.9499596357345581, "length": 3.9969794750213623, "mode": "train", "epoch": 98}
{"loss": 0.2540057301521301, "acc": 0.9019609093666077, "length": 4.0, "mode": "test", "epoch": 98}
{"loss": 0.1513403207063675, "acc": 0.9440035820007324, "length": 3.9964191913604736, "mode": "train", "epoch": 99}
{"loss": 0.2465430349111557, "acc": 0.9078431129455566, "length": 4.0, "mode": "test", "epoch": 99}
{"loss": 0.14546744525432587, "acc": 0.9487561583518982, "length": 3.9960217475891113, "mode": "train", "epoch": 100}
{"loss": 0.2342270314693451, "acc": 0.9215685725212097, "length": 4.0, "mode": "test", "epoch": 100}
test accuracy: 0.8655914068222046
