# ["--attributes=3", "--values=3", "--game_size=10", "--vocab_size_factor=3", "--n_epochs=100", "--batch_size=64", "--learning_rate=0.001", "--hidden_size=128", "--temp_update=0.97", "--temperature=1"]
Creating train_ds and val_ds...

Creating test_ds...
{"loss": 0.6916159391403198, "acc": 0.5387288331985474, "length": 3.3489468097686768, "mode": "train", "epoch": 1}
{"loss": 0.6900271773338318, "acc": 0.5293164849281311, "length": 1.0, "mode": "test", "epoch": 1}
{"loss": 0.6828121542930603, "acc": 0.5639292001724243, "length": 2.857799768447876, "mode": "train", "epoch": 2}
{"loss": 0.6699947714805603, "acc": 0.6224361062049866, "length": 2.0827338695526123, "mode": "test", "epoch": 2}
{"loss": 0.6503962278366089, "acc": 0.6327981352806091, "length": 3.1350343227386475, "mode": "train", "epoch": 3}
{"loss": 0.600151538848877, "acc": 0.7580505609512329, "length": 3.4496402740478516, "mode": "test", "epoch": 3}
{"loss": 0.5513553619384766, "acc": 0.7720311880111694, "length": 3.495166540145874, "mode": "train", "epoch": 4}
{"loss": 0.49300417304039, "acc": 0.7889032959938049, "length": 3.6870503425598145, "mode": "test", "epoch": 4}
{"loss": 0.43498584628105164, "acc": 0.8157917857170105, "length": 3.7067947387695312, "mode": "train", "epoch": 5}
{"loss": 0.4518953263759613, "acc": 0.7984010577201843, "length": 3.884891986846924, "mode": "test", "epoch": 5}
{"loss": 0.380939245223999, "acc": 0.8370745182037354, "length": 3.7918624877929688, "mode": "train", "epoch": 6}
{"loss": 0.4078536629676819, "acc": 0.8250197172164917, "length": 3.8561151027679443, "mode": "test", "epoch": 6}
{"loss": 0.34198442101478577, "acc": 0.8612470030784607, "length": 3.771265983581543, "mode": "train", "epoch": 7}
{"loss": 0.3751300871372223, "acc": 0.8447898030281067, "length": 3.7661869525909424, "mode": "test", "epoch": 7}
{"loss": 0.3170880377292633, "acc": 0.8713123798370361, "length": 3.827660083770752, "mode": "train", "epoch": 8}
{"loss": 0.3423308730125427, "acc": 0.8485949039459229, "length": 3.863309383392334, "mode": "test", "epoch": 8}
{"loss": 0.2935140132904053, "acc": 0.8816922903060913, "length": 3.8091039657592773, "mode": "train", "epoch": 9}
{"loss": 0.3251957893371582, "acc": 0.8673139214515686, "length": 3.827338218688965, "mode": "test", "epoch": 9}
{"loss": 0.27593594789505005, "acc": 0.8905066251754761, "length": 3.8769662380218506, "mode": "train", "epoch": 10}
{"loss": 0.3069017827510834, "acc": 0.8726112246513367, "length": 3.83093523979187, "mode": "test", "epoch": 10}
{"loss": 0.2589026987552643, "acc": 0.8966695070266724, "length": 3.8525290489196777, "mode": "train", "epoch": 11}
{"loss": 0.2803749740123749, "acc": 0.8814494609832764, "length": 3.8237409591674805, "mode": "test", "epoch": 11}
{"loss": 0.24504739046096802, "acc": 0.9024671316146851, "length": 3.860426902770996, "mode": "train", "epoch": 12}
{"loss": 0.27035093307495117, "acc": 0.8921537399291992, "length": 3.8489208221435547, "mode": "test", "epoch": 12}
{"loss": 0.2323230504989624, "acc": 0.9084319472312927, "length": 3.8575708866119385, "mode": "train", "epoch": 13}
{"loss": 0.26208028197288513, "acc": 0.8907430171966553, "length": 3.7769784927368164, "mode": "test", "epoch": 13}
{"loss": 0.2186759114265442, "acc": 0.913266122341156, "length": 3.8582053184509277, "mode": "train", "epoch": 14}
{"loss": 0.2506565451622009, "acc": 0.9004382491111755, "length": 3.8345322608947754, "mode": "test", "epoch": 14}
{"loss": 0.21100164949893951, "acc": 0.9162622094154358, "length": 3.8814778327941895, "mode": "train", "epoch": 15}
{"loss": 0.2340782880783081, "acc": 0.9034510254859924, "length": 3.8381295204162598, "mode": "test", "epoch": 15}
{"loss": 0.2002776712179184, "acc": 0.920892059803009, "length": 3.86908221244812, "mode": "train", "epoch": 16}
{"loss": 0.21395348012447357, "acc": 0.9109796285629272, "length": 3.8237409591674805, "mode": "test", "epoch": 16}
{"loss": 0.19580133259296417, "acc": 0.9258438348770142, "length": 3.8932459354400635, "mode": "train", "epoch": 17}
{"loss": 0.20020918548107147, "acc": 0.9145206212997437, "length": 3.816546678543091, "mode": "test", "epoch": 17}
{"loss": 0.18227237462997437, "acc": 0.9303103685379028, "length": 3.881692409515381, "mode": "train", "epoch": 18}
{"loss": 0.21463508903980255, "acc": 0.9136605858802795, "length": 3.8705036640167236, "mode": "test", "epoch": 18}
{"loss": 0.17981603741645813, "acc": 0.928694486618042, "length": 3.9167990684509277, "mode": "train", "epoch": 19}
{"loss": 0.18893617391586304, "acc": 0.9171677827835083, "length": 3.874100685119629, "mode": "test", "epoch": 19}
{"loss": 0.17187339067459106, "acc": 0.9329627156257629, "length": 3.918349027633667, "mode": "train", "epoch": 20}
{"loss": 0.17838707566261292, "acc": 0.9227573871612549, "length": 3.888489246368408, "mode": "test", "epoch": 20}
{"loss": 0.17156308889389038, "acc": 0.9344592690467834, "length": 3.941786527633667, "mode": "train", "epoch": 21}
{"loss": 0.20305435359477997, "acc": 0.9174684286117554, "length": 3.9064748287200928, "mode": "test", "epoch": 21}
{"loss": 0.17825375497341156, "acc": 0.9326255321502686, "length": 3.958869457244873, "mode": "train", "epoch": 22}
{"loss": 0.1770668774843216, "acc": 0.9275628924369812, "length": 3.9064748287200928, "mode": "test", "epoch": 22}
{"loss": 0.16538745164871216, "acc": 0.9376080632209778, "length": 3.9397683143615723, "mode": "train", "epoch": 23}
{"loss": 0.16818715631961823, "acc": 0.9319272637367249, "length": 3.9352517127990723, "mode": "test", "epoch": 23}
{"loss": 0.15664969384670258, "acc": 0.9401724934577942, "length": 3.9688475131988525, "mode": "train", "epoch": 24}
{"loss": 0.18871085345745087, "acc": 0.9193402528762817, "length": 3.978417158126831, "mode": "test", "epoch": 24}
{"loss": 0.1584276258945465, "acc": 0.9379214644432068, "length": 3.9684090614318848, "mode": "train", "epoch": 25}
{"loss": 0.16045156121253967, "acc": 0.930924117565155, "length": 3.9388489723205566, "mode": "test", "epoch": 25}
{"loss": 0.15415117144584656, "acc": 0.9415064454078674, "length": 3.975450038909912, "mode": "train", "epoch": 26}
{"loss": 0.1756388396024704, "acc": 0.9298447966575623, "length": 3.956834554672241, "mode": "test", "epoch": 26}
{"loss": 0.14518606662750244, "acc": 0.9440133571624756, "length": 3.9644205570220947, "mode": "train", "epoch": 27}
{"loss": 0.17134855687618256, "acc": 0.926194429397583, "length": 3.931654691696167, "mode": "test", "epoch": 27}
{"loss": 0.14275264739990234, "acc": 0.9430585503578186, "length": 3.965301036834717, "mode": "train", "epoch": 28}
{"loss": 0.17931294441223145, "acc": 0.9284088611602783, "length": 3.956834554672241, "mode": "test", "epoch": 28}
{"loss": 0.14588934183120728, "acc": 0.9442967176437378, "length": 3.9756155014038086, "mode": "train", "epoch": 29}
{"loss": 0.16950909793376923, "acc": 0.9287012815475464, "length": 3.956834554672241, "mode": "test", "epoch": 29}
{"loss": 0.14119918644428253, "acc": 0.9480148553848267, "length": 3.9696104526519775, "mode": "train", "epoch": 30}
{"loss": 0.14658498764038086, "acc": 0.940743088722229, "length": 3.9388489723205566, "mode": "test", "epoch": 30}
{"loss": 0.1414927989244461, "acc": 0.9454048871994019, "length": 3.9805052280426025, "mode": "train", "epoch": 31}
{"loss": 0.16180948913097382, "acc": 0.9282205700874329, "length": 3.9964029788970947, "mode": "test", "epoch": 31}
{"loss": 0.14288167655467987, "acc": 0.9439363479614258, "length": 3.987513542175293, "mode": "train", "epoch": 32}
{"loss": 0.1513190120458603, "acc": 0.9411871433258057, "length": 4.0, "mode": "test", "epoch": 32}
{"loss": 0.132552370429039, "acc": 0.949451208114624, "length": 3.987504005432129, "mode": "train", "epoch": 33}
{"loss": 0.14580155909061432, "acc": 0.9428056478500366, "length": 4.0, "mode": "test", "epoch": 33}
{"loss": 0.12660935521125793, "acc": 0.9490132927894592, "length": 3.9936625957489014, "mode": "train", "epoch": 34}
{"loss": 0.14176605641841888, "acc": 0.9453237056732178, "length": 4.0, "mode": "test", "epoch": 34}
{"loss": 0.12052439898252487, "acc": 0.9539019465446472, "length": 3.9956445693969727, "mode": "train", "epoch": 35}
{"loss": 0.14047423005104065, "acc": 0.9456835389137268, "length": 4.0, "mode": "test", "epoch": 35}
{"loss": 0.11863512545824051, "acc": 0.9547359943389893, "length": 3.9973349571228027, "mode": "train", "epoch": 36}
{"loss": 0.14396381378173828, "acc": 0.9440647959709167, "length": 4.0, "mode": "test", "epoch": 36}
{"loss": 0.12492121756076813, "acc": 0.9502265453338623, "length": 3.9972634315490723, "mode": "train", "epoch": 37}
{"loss": 0.13849519193172455, "acc": 0.9442446231842041, "length": 4.0, "mode": "test", "epoch": 37}
{"loss": 0.11707054823637009, "acc": 0.9529301524162292, "length": 3.9935312271118164, "mode": "train", "epoch": 38}
{"loss": 0.14315228164196014, "acc": 0.9442445039749146, "length": 4.0, "mode": "test", "epoch": 38}
{"loss": 0.11321903020143509, "acc": 0.9564789533615112, "length": 3.997492790222168, "mode": "train", "epoch": 39}
{"loss": 0.13167540729045868, "acc": 0.9489209055900574, "length": 4.0, "mode": "test", "epoch": 39}
{"loss": 0.10805774480104446, "acc": 0.9574417471885681, "length": 3.9991796016693115, "mode": "train", "epoch": 40}
{"loss": 0.13832752406597137, "acc": 0.9482014775276184, "length": 4.0, "mode": "test", "epoch": 40}
{"loss": 0.10945047438144684, "acc": 0.9566841125488281, "length": 3.9950485229492188, "mode": "train", "epoch": 41}
{"loss": 0.14195454120635986, "acc": 0.947661817073822, "length": 4.0, "mode": "test", "epoch": 41}
{"loss": 0.11063473671674728, "acc": 0.958943784236908, "length": 3.999114513397217, "mode": "train", "epoch": 42}
{"loss": 0.14730389416217804, "acc": 0.94514399766922, "length": 4.0, "mode": "test", "epoch": 42}
{"loss": 0.10965512692928314, "acc": 0.9580461978912354, "length": 3.9996633529663086, "mode": "train", "epoch": 43}
{"loss": 0.12457334250211716, "acc": 0.9546763300895691, "length": 4.0, "mode": "test", "epoch": 43}
{"loss": 0.10712674260139465, "acc": 0.9595999121665955, "length": 3.9980342388153076, "mode": "train", "epoch": 44}
{"loss": 0.13913977146148682, "acc": 0.948201596736908, "length": 4.0, "mode": "test", "epoch": 44}
{"loss": 0.10942050814628601, "acc": 0.9562462568283081, "length": 3.999708890914917, "mode": "train", "epoch": 45}
{"loss": 0.13653913140296936, "acc": 0.9442447423934937, "length": 4.0, "mode": "test", "epoch": 45}
{"loss": 0.10680413991212845, "acc": 0.9584721326828003, "length": 3.9999239444732666, "mode": "train", "epoch": 46}
{"loss": 0.13931241631507874, "acc": 0.946402907371521, "length": 4.0, "mode": "test", "epoch": 46}
{"loss": 0.10308066010475159, "acc": 0.9583481550216675, "length": 3.9997241497039795, "mode": "train", "epoch": 47}
{"loss": 0.13026447594165802, "acc": 0.9492806792259216, "length": 4.0, "mode": "test", "epoch": 47}
{"loss": 0.09388077259063721, "acc": 0.9644176959991455, "length": 3.9997668266296387, "mode": "train", "epoch": 48}
{"loss": 0.12362735718488693, "acc": 0.9516187906265259, "length": 4.0, "mode": "test", "epoch": 48}
{"loss": 0.09532978385686874, "acc": 0.9661021828651428, "length": 3.999856472015381, "mode": "train", "epoch": 49}
{"loss": 0.13384687900543213, "acc": 0.9537769556045532, "length": 4.0, "mode": "test", "epoch": 49}
{"loss": 0.09632468223571777, "acc": 0.9637313485145569, "length": 3.998424530029297, "mode": "train", "epoch": 50}
{"loss": 0.15407051146030426, "acc": 0.9455035328865051, "length": 4.0, "mode": "test", "epoch": 50}
{"loss": 0.09915871173143387, "acc": 0.9630152583122253, "length": 3.9991278648376465, "mode": "train", "epoch": 51}
{"loss": 0.17817316949367523, "acc": 0.9435251355171204, "length": 4.0, "mode": "test", "epoch": 51}
{"loss": 0.1044495478272438, "acc": 0.9606682062149048, "length": 3.9978599548339844, "mode": "train", "epoch": 52}
{"loss": 0.14942847192287445, "acc": 0.9437049627304077, "length": 4.0, "mode": "test", "epoch": 52}
{"loss": 0.09939836710691452, "acc": 0.9613484740257263, "length": 3.996887683868408, "mode": "train", "epoch": 53}
{"loss": 0.14235316216945648, "acc": 0.9465827345848083, "length": 4.0, "mode": "test", "epoch": 53}
{"loss": 0.09134972095489502, "acc": 0.9651708006858826, "length": 3.9975802898406982, "mode": "train", "epoch": 54}
{"loss": 0.15586042404174805, "acc": 0.9447842836380005, "length": 4.0, "mode": "test", "epoch": 54}
{"loss": 0.09151194244623184, "acc": 0.9656614065170288, "length": 3.998025417327881, "mode": "train", "epoch": 55}
{"loss": 0.14444619417190552, "acc": 0.9449640512466431, "length": 4.0, "mode": "test", "epoch": 55}
{"loss": 0.09041041880846024, "acc": 0.9647782444953918, "length": 3.999664783477783, "mode": "train", "epoch": 56}
{"loss": 0.13015387952327728, "acc": 0.9499999284744263, "length": 4.0, "mode": "test", "epoch": 56}
{"loss": 0.09415778517723083, "acc": 0.9629811644554138, "length": 3.9969656467437744, "mode": "train", "epoch": 57}
{"loss": 0.12323533743619919, "acc": 0.951079249382019, "length": 4.0, "mode": "test", "epoch": 57}
{"loss": 0.08504628390073776, "acc": 0.9649585485458374, "length": 3.9997408390045166, "mode": "train", "epoch": 58}
{"loss": 0.14080558717250824, "acc": 0.9446043372154236, "length": 4.0, "mode": "test", "epoch": 58}
{"loss": 0.08420336246490479, "acc": 0.9656708240509033, "length": 3.9980883598327637, "mode": "train", "epoch": 59}
{"loss": 0.11720450967550278, "acc": 0.9521582126617432, "length": 4.0, "mode": "test", "epoch": 59}
{"loss": 0.08725351840257645, "acc": 0.9662158489227295, "length": 3.999474048614502, "mode": "train", "epoch": 60}
{"loss": 0.15519832074642181, "acc": 0.9456835389137268, "length": 4.0, "mode": "test", "epoch": 60}
{"loss": 0.08383455872535706, "acc": 0.9659836888313293, "length": 3.9998562335968018, "mode": "train", "epoch": 61}
{"loss": 0.15896295011043549, "acc": 0.9455035924911499, "length": 4.0, "mode": "test", "epoch": 61}
{"loss": 0.08723774552345276, "acc": 0.9643620252609253, "length": 3.9999327659606934, "mode": "train", "epoch": 62}
{"loss": 0.14954857528209686, "acc": 0.9474818706512451, "length": 4.0, "mode": "test", "epoch": 62}
{"loss": 0.10482922196388245, "acc": 0.9613544940948486, "length": 3.9994137287139893, "mode": "train", "epoch": 63}
{"loss": 0.15703730285167694, "acc": 0.9435251355171204, "length": 4.0, "mode": "test", "epoch": 63}
{"loss": 0.10275078564882278, "acc": 0.960387110710144, "length": 3.999581813812256, "mode": "train", "epoch": 64}
{"loss": 0.14608389139175415, "acc": 0.9347122311592102, "length": 4.0, "mode": "test", "epoch": 64}
{"loss": 0.09314316511154175, "acc": 0.9618319869041443, "length": 3.9995617866516113, "mode": "train", "epoch": 65}
{"loss": 0.13325922191143036, "acc": 0.9465827345848083, "length": 4.0, "mode": "test", "epoch": 65}
{"loss": 0.09152449667453766, "acc": 0.9634561538696289, "length": 3.9995205402374268, "mode": "train", "epoch": 66}
{"loss": 0.12197412550449371, "acc": 0.9437049627304077, "length": 4.0, "mode": "test", "epoch": 66}
{"loss": 0.08932873606681824, "acc": 0.9668806791305542, "length": 3.9998409748077393, "mode": "train", "epoch": 67}
{"loss": 0.15183475613594055, "acc": 0.9462230801582336, "length": 4.0, "mode": "test", "epoch": 67}
{"loss": 0.0796666070818901, "acc": 0.9689896702766418, "length": 3.999969720840454, "mode": "train", "epoch": 68}
{"loss": 0.12144700437784195, "acc": 0.9473022818565369, "length": 4.0, "mode": "test", "epoch": 68}
{"loss": 0.07193978130817413, "acc": 0.9735106229782104, "length": 3.997877359390259, "mode": "train", "epoch": 69}
{"loss": 0.10792410373687744, "acc": 0.9521583318710327, "length": 4.0, "mode": "test", "epoch": 69}
{"loss": 0.07480710744857788, "acc": 0.9695189595222473, "length": 3.999326467514038, "mode": "train", "epoch": 70}
{"loss": 0.12224555015563965, "acc": 0.9512591361999512, "length": 4.0, "mode": "test", "epoch": 70}
{"loss": 0.07430870085954666, "acc": 0.9707329273223877, "length": 3.999988079071045, "mode": "train", "epoch": 71}
{"loss": 0.14389191567897797, "acc": 0.9478416442871094, "length": 4.0, "mode": "test", "epoch": 71}
{"loss": 0.08618464320898056, "acc": 0.9668866395950317, "length": 3.9999818801879883, "mode": "train", "epoch": 72}
{"loss": 0.164017915725708, "acc": 0.9438848495483398, "length": 4.0, "mode": "test", "epoch": 72}
{"loss": 0.11426589637994766, "acc": 0.9567894339561462, "length": 3.999933958053589, "mode": "train", "epoch": 73}
{"loss": 0.12708817422389984, "acc": 0.9491008520126343, "length": 4.0, "mode": "test", "epoch": 73}
{"loss": 0.08433213829994202, "acc": 0.9678478240966797, "length": 3.9999516010284424, "mode": "train", "epoch": 74}
{"loss": 0.14474080502986908, "acc": 0.9476619958877563, "length": 4.0, "mode": "test", "epoch": 74}
{"loss": 0.08414288610219955, "acc": 0.9665826559066772, "length": 3.9999020099639893, "mode": "train", "epoch": 75}
{"loss": 0.13795286417007446, "acc": 0.9482013583183289, "length": 4.0, "mode": "test", "epoch": 75}
{"loss": 0.10121814161539078, "acc": 0.9594318866729736, "length": 3.999871253967285, "mode": "train", "epoch": 76}
{"loss": 0.1677660346031189, "acc": 0.9428057670593262, "length": 4.0, "mode": "test", "epoch": 76}
{"loss": 0.09478015452623367, "acc": 0.9632755517959595, "length": 3.9998278617858887, "mode": "train", "epoch": 77}
{"loss": 0.1464480459690094, "acc": 0.9431655406951904, "length": 4.0, "mode": "test", "epoch": 77}
{"loss": 0.07734185457229614, "acc": 0.9687497019767761, "length": 3.9999818801879883, "mode": "train", "epoch": 78}
{"loss": 0.13803359866142273, "acc": 0.9516186714172363, "length": 4.0, "mode": "test", "epoch": 78}
{"loss": 0.0724046602845192, "acc": 0.9713329076766968, "length": 3.999966621398926, "mode": "train", "epoch": 79}
{"loss": 0.13021448254585266, "acc": 0.9476619362831116, "length": 4.0, "mode": "test", "epoch": 79}
{"loss": 0.07759049534797668, "acc": 0.9714537262916565, "length": 3.9999780654907227, "mode": "train", "epoch": 80}
{"loss": 0.11996430158615112, "acc": 0.9534173607826233, "length": 4.0, "mode": "test", "epoch": 80}
{"loss": 0.07902847230434418, "acc": 0.9676681160926819, "length": 3.9999935626983643, "mode": "train", "epoch": 81}
{"loss": 0.11448498070240021, "acc": 0.9491006135940552, "length": 4.0, "mode": "test", "epoch": 81}
{"loss": 0.06749124079942703, "acc": 0.97222900390625, "length": 3.999809741973877, "mode": "train", "epoch": 82}
{"loss": 0.11269511282444, "acc": 0.9498199820518494, "length": 4.0, "mode": "test", "epoch": 82}
{"loss": 0.06547265499830246, "acc": 0.9728356599807739, "length": 3.999955415725708, "mode": "train", "epoch": 83}
{"loss": 0.11003277450799942, "acc": 0.9528777599334717, "length": 4.0, "mode": "test", "epoch": 83}
{"loss": 0.06827095150947571, "acc": 0.9715591073036194, "length": 3.9992663860321045, "mode": "train", "epoch": 84}
{"loss": 0.12038625776767731, "acc": 0.9546762108802795, "length": 4.0, "mode": "test", "epoch": 84}
{"loss": 0.06606663763523102, "acc": 0.9734971523284912, "length": 3.999976634979248, "mode": "train", "epoch": 85}
{"loss": 0.09979218244552612, "acc": 0.9582734704017639, "length": 4.0, "mode": "test", "epoch": 85}
{"loss": 0.058768924325704575, "acc": 0.9763196706771851, "length": 3.999882221221924, "mode": "train", "epoch": 86}
{"loss": 0.09637510031461716, "acc": 0.9602518677711487, "length": 4.0, "mode": "test", "epoch": 86}
{"loss": 0.061343975365161896, "acc": 0.9771296381950378, "length": 3.9989869594573975, "mode": "train", "epoch": 87}
{"loss": 0.1112515926361084, "acc": 0.954496443271637, "length": 4.0, "mode": "test", "epoch": 87}
{"loss": 0.05865238606929779, "acc": 0.9784168601036072, "length": 3.999821186065674, "mode": "train", "epoch": 88}
{"loss": 0.11300843209028244, "acc": 0.9559352397918701, "length": 4.0, "mode": "test", "epoch": 88}
{"loss": 0.055204104632139206, "acc": 0.9778238534927368, "length": 3.999971866607666, "mode": "train", "epoch": 89}
{"loss": 0.11041615158319473, "acc": 0.9577339291572571, "length": 4.0, "mode": "test", "epoch": 89}
{"loss": 0.05997332185506821, "acc": 0.9790809154510498, "length": 3.9997799396514893, "mode": "train", "epoch": 90}
{"loss": 0.16788028180599213, "acc": 0.947661817073822, "length": 4.0, "mode": "test", "epoch": 90}
{"loss": 0.09721201658248901, "acc": 0.9629071950912476, "length": 3.999382972717285, "mode": "train", "epoch": 91}
{"loss": 0.15108029544353485, "acc": 0.9485609531402588, "length": 4.0, "mode": "test", "epoch": 91}
{"loss": 0.11100490391254425, "acc": 0.961172342300415, "length": 3.9998016357421875, "mode": "train", "epoch": 92}
{"loss": 0.17296205461025238, "acc": 0.9372302889823914, "length": 4.0, "mode": "test", "epoch": 92}
{"loss": 0.093645840883255, "acc": 0.9653069972991943, "length": 3.999276876449585, "mode": "train", "epoch": 93}
{"loss": 0.1174684539437294, "acc": 0.9534172415733337, "length": 4.0, "mode": "test", "epoch": 93}
{"loss": 0.09848231077194214, "acc": 0.9645256400108337, "length": 3.9993338584899902, "mode": "train", "epoch": 94}
{"loss": 0.20170579850673676, "acc": 0.9370502233505249, "length": 4.0, "mode": "test", "epoch": 94}
{"loss": 0.13760676980018616, "acc": 0.9505355358123779, "length": 3.9988086223602295, "mode": "train", "epoch": 95}
{"loss": 0.1644463688135147, "acc": 0.9372302889823914, "length": 4.0, "mode": "test", "epoch": 95}
{"loss": 0.11038169264793396, "acc": 0.9579785466194153, "length": 3.999025583267212, "mode": "train", "epoch": 96}
{"loss": 0.1526520550251007, "acc": 0.9339928030967712, "length": 4.0, "mode": "test", "epoch": 96}
{"loss": 0.08642931282520294, "acc": 0.9654425978660583, "length": 3.9990234375, "mode": "train", "epoch": 97}
{"loss": 0.15784013271331787, "acc": 0.9426259398460388, "length": 4.0, "mode": "test", "epoch": 97}
{"loss": 0.08293444663286209, "acc": 0.9678158164024353, "length": 3.999223232269287, "mode": "train", "epoch": 98}
{"loss": 0.14377567172050476, "acc": 0.9467626214027405, "length": 4.0, "mode": "test", "epoch": 98}
{"loss": 0.07905121892690659, "acc": 0.9685080647468567, "length": 3.99988055229187, "mode": "train", "epoch": 99}
{"loss": 0.12772272527217865, "acc": 0.9462229609489441, "length": 4.0, "mode": "test", "epoch": 99}
{"loss": 0.07732958346605301, "acc": 0.9712686538696289, "length": 3.9996957778930664, "mode": "train", "epoch": 100}
{"loss": 0.13015688955783844, "acc": 0.943345308303833, "length": 4.0, "mode": "test", "epoch": 100}
test accuracy: 0.8504546284675598
