# ["--attributes=3", "--values=3", "--game_size=10", "--vocab_size_factor=3", "--n_epochs=100", "--batch_size=64", "--learning_rate=0.001", "--hidden_size=128", "--temp_update=0.99", "--temperature=2"]
Creating train_ds and val_ds...

Creating test_ds...
{"loss": 0.6935694217681885, "acc": 0.5373775959014893, "length": 3.5368776321411133, "mode": "train", "epoch": 1}
{"loss": 0.6872568726539612, "acc": 0.561610221862793, "length": 1.334532380104065, "mode": "test", "epoch": 1}
{"loss": 0.6866215467453003, "acc": 0.5623812079429626, "length": 3.3782458305358887, "mode": "train", "epoch": 2}
{"loss": 0.6690269708633423, "acc": 0.6234181523323059, "length": 2.888489246368408, "mode": "test", "epoch": 2}
{"loss": 0.6608691215515137, "acc": 0.6212244033813477, "length": 3.4406094551086426, "mode": "train", "epoch": 3}
{"loss": 0.622523844242096, "acc": 0.6775301694869995, "length": 3.8489208221435547, "mode": "test", "epoch": 3}
{"loss": 0.588542640209198, "acc": 0.7024157047271729, "length": 3.7868118286132812, "mode": "train", "epoch": 4}
{"loss": 0.5860547423362732, "acc": 0.7252984642982483, "length": 3.8812949657440186, "mode": "test", "epoch": 4}
{"loss": 0.5467621684074402, "acc": 0.7202212810516357, "length": 3.7808914184570312, "mode": "train", "epoch": 5}
{"loss": 0.5455343127250671, "acc": 0.744998037815094, "length": 3.8345322608947754, "mode": "test", "epoch": 5}
{"loss": 0.4907785654067993, "acc": 0.7889602184295654, "length": 3.75406551361084, "mode": "train", "epoch": 6}
{"loss": 0.46976786851882935, "acc": 0.7904119491577148, "length": 3.9136691093444824, "mode": "test", "epoch": 6}
{"loss": 0.42072638869285583, "acc": 0.8136965036392212, "length": 3.850569009780884, "mode": "train", "epoch": 7}
{"loss": 0.4225938320159912, "acc": 0.8152877688407898, "length": 4.0, "mode": "test", "epoch": 7}
{"loss": 0.36942511796951294, "acc": 0.8422768712043762, "length": 3.922926187515259, "mode": "train", "epoch": 8}
{"loss": 0.4082317054271698, "acc": 0.8217625021934509, "length": 4.0, "mode": "test", "epoch": 8}
{"loss": 0.33337387442588806, "acc": 0.8632153868675232, "length": 3.9570884704589844, "mode": "train", "epoch": 9}
{"loss": 0.38218364119529724, "acc": 0.8347122669219971, "length": 4.0, "mode": "test", "epoch": 9}
{"loss": 0.30065929889678955, "acc": 0.8836429119110107, "length": 3.959564447402954, "mode": "train", "epoch": 10}
{"loss": 0.35862264037132263, "acc": 0.8381295204162598, "length": 4.0, "mode": "test", "epoch": 10}
{"loss": 0.27751484513282776, "acc": 0.8841571807861328, "length": 3.9612832069396973, "mode": "train", "epoch": 11}
{"loss": 0.34928855299949646, "acc": 0.8480215072631836, "length": 4.0, "mode": "test", "epoch": 11}
{"loss": 0.26734986901283264, "acc": 0.8879249095916748, "length": 3.969494104385376, "mode": "train", "epoch": 12}
{"loss": 0.34409114718437195, "acc": 0.8640286326408386, "length": 4.0, "mode": "test", "epoch": 12}
{"loss": 0.2524876594543457, "acc": 0.8977999091148376, "length": 3.9763236045837402, "mode": "train", "epoch": 13}
{"loss": 0.344291627407074, "acc": 0.8634892702102661, "length": 4.0, "mode": "test", "epoch": 13}
{"loss": 0.23529444634914398, "acc": 0.9029359817504883, "length": 3.9812943935394287, "mode": "train", "epoch": 14}
{"loss": 0.3502064347267151, "acc": 0.8670862317085266, "length": 4.0, "mode": "test", "epoch": 14}
{"loss": 0.22874842584133148, "acc": 0.908445417881012, "length": 3.9872424602508545, "mode": "train", "epoch": 15}
{"loss": 0.3280004858970642, "acc": 0.8697842359542847, "length": 4.0, "mode": "test", "epoch": 15}
{"loss": 0.2100123167037964, "acc": 0.919035792350769, "length": 3.9895987510681152, "mode": "train", "epoch": 16}
{"loss": 0.33597618341445923, "acc": 0.8803956508636475, "length": 4.0, "mode": "test", "epoch": 16}
{"loss": 0.19075079262256622, "acc": 0.9218399524688721, "length": 3.990471124649048, "mode": "train", "epoch": 17}
{"loss": 0.3225906789302826, "acc": 0.8780574798583984, "length": 4.0, "mode": "test", "epoch": 17}
{"loss": 0.18452075123786926, "acc": 0.9271585941314697, "length": 3.9927656650543213, "mode": "train", "epoch": 18}
{"loss": 0.33629631996154785, "acc": 0.8803956508636475, "length": 4.0, "mode": "test", "epoch": 18}
{"loss": 0.17323234677314758, "acc": 0.9368045330047607, "length": 3.9930872917175293, "mode": "train", "epoch": 19}
{"loss": 0.2926928699016571, "acc": 0.8850718140602112, "length": 4.0, "mode": "test", "epoch": 19}
{"loss": 0.1642257273197174, "acc": 0.9362345337867737, "length": 3.9942116737365723, "mode": "train", "epoch": 20}
{"loss": 0.30478495359420776, "acc": 0.8856115341186523, "length": 4.0, "mode": "test", "epoch": 20}
{"loss": 0.16590516269207, "acc": 0.9364203214645386, "length": 3.994389057159424, "mode": "train", "epoch": 21}
{"loss": 0.3040432631969452, "acc": 0.8838129639625549, "length": 4.0, "mode": "test", "epoch": 21}
{"loss": 0.15534938871860504, "acc": 0.9399862289428711, "length": 3.9955973625183105, "mode": "train", "epoch": 22}
{"loss": 0.30401673913002014, "acc": 0.8825539946556091, "length": 4.0, "mode": "test", "epoch": 22}
{"loss": 0.14627216756343842, "acc": 0.9476783275604248, "length": 3.9960062503814697, "mode": "train", "epoch": 23}
{"loss": 0.28366515040397644, "acc": 0.900899350643158, "length": 4.0, "mode": "test", "epoch": 23}
{"loss": 0.14398983120918274, "acc": 0.9449074268341064, "length": 3.995403528213501, "mode": "train", "epoch": 24}
{"loss": 0.3026817739009857, "acc": 0.8924460411071777, "length": 4.0, "mode": "test", "epoch": 24}
{"loss": 0.14394919574260712, "acc": 0.9468466639518738, "length": 3.996581792831421, "mode": "train", "epoch": 25}
{"loss": 0.2923958897590637, "acc": 0.8938847780227661, "length": 4.0, "mode": "test", "epoch": 25}
{"loss": 0.14199009537696838, "acc": 0.9459609389305115, "length": 3.9967408180236816, "mode": "train", "epoch": 26}
{"loss": 0.2640363574028015, "acc": 0.9134891629219055, "length": 4.0, "mode": "test", "epoch": 26}
{"loss": 0.13309629261493683, "acc": 0.9503565430641174, "length": 3.997380256652832, "mode": "train", "epoch": 27}
{"loss": 0.2724061608314514, "acc": 0.9039568901062012, "length": 4.0, "mode": "test", "epoch": 27}
{"loss": 0.1268250048160553, "acc": 0.9554522633552551, "length": 3.997239351272583, "mode": "train", "epoch": 28}
{"loss": 0.24441389739513397, "acc": 0.9251800179481506, "length": 4.0, "mode": "test", "epoch": 28}
{"loss": 0.12258225679397583, "acc": 0.9549216032028198, "length": 3.997386932373047, "mode": "train", "epoch": 29}
{"loss": 0.24922382831573486, "acc": 0.9138489365577698, "length": 4.0, "mode": "test", "epoch": 29}
{"loss": 0.10938813537359238, "acc": 0.9605593085289001, "length": 3.9973859786987305, "mode": "train", "epoch": 30}
{"loss": 0.2620541751384735, "acc": 0.917445957660675, "length": 4.0, "mode": "test", "epoch": 30}
{"loss": 0.10565271973609924, "acc": 0.9638741612434387, "length": 3.9975333213806152, "mode": "train", "epoch": 31}
{"loss": 0.2398090809583664, "acc": 0.9129495024681091, "length": 4.0, "mode": "test", "epoch": 31}
{"loss": 0.10168110579252243, "acc": 0.9597316384315491, "length": 3.997929573059082, "mode": "train", "epoch": 32}
{"loss": 0.19966915249824524, "acc": 0.9348920583724976, "length": 4.0, "mode": "test", "epoch": 32}
{"loss": 0.10066260397434235, "acc": 0.9640547037124634, "length": 3.9980735778808594, "mode": "train", "epoch": 33}
{"loss": 0.2418433427810669, "acc": 0.9163669347763062, "length": 4.0, "mode": "test", "epoch": 33}
{"loss": 0.09097901731729507, "acc": 0.969336748123169, "length": 3.998056650161743, "mode": "train", "epoch": 34}
{"loss": 0.21458597481250763, "acc": 0.9152877330780029, "length": 4.0, "mode": "test", "epoch": 34}
{"loss": 0.09755531698465347, "acc": 0.9633442759513855, "length": 3.9983162879943848, "mode": "train", "epoch": 35}
{"loss": 0.21134968101978302, "acc": 0.9228417873382568, "length": 4.0, "mode": "test", "epoch": 35}
{"loss": 0.0848410502076149, "acc": 0.9688175916671753, "length": 3.9982528686523438, "mode": "train", "epoch": 36}
{"loss": 0.24359746277332306, "acc": 0.9125898480415344, "length": 4.0, "mode": "test", "epoch": 36}
{"loss": 0.08170539885759354, "acc": 0.9691131114959717, "length": 3.9984898567199707, "mode": "train", "epoch": 37}
{"loss": 0.18172241747379303, "acc": 0.9323742389678955, "length": 4.0, "mode": "test", "epoch": 37}
{"loss": 0.07213159650564194, "acc": 0.9767564535140991, "length": 3.998573064804077, "mode": "train", "epoch": 38}
{"loss": 0.19216041266918182, "acc": 0.926978349685669, "length": 4.0, "mode": "test", "epoch": 38}
{"loss": 0.06688137352466583, "acc": 0.9763283133506775, "length": 3.998535633087158, "mode": "train", "epoch": 39}
{"loss": 0.18701672554016113, "acc": 0.9422662258148193, "length": 4.0, "mode": "test", "epoch": 39}
{"loss": 0.06942106783390045, "acc": 0.9769986867904663, "length": 3.998795986175537, "mode": "train", "epoch": 40}
{"loss": 0.17972412705421448, "acc": 0.9323740601539612, "length": 4.0, "mode": "test", "epoch": 40}
{"loss": 0.0628778338432312, "acc": 0.9793859124183655, "length": 3.997361421585083, "mode": "train", "epoch": 41}
{"loss": 0.1563926786184311, "acc": 0.9464026689529419, "length": 4.0, "mode": "test", "epoch": 41}
{"loss": 0.06033594161272049, "acc": 0.9797133207321167, "length": 3.999119281768799, "mode": "train", "epoch": 42}
{"loss": 0.12576088309288025, "acc": 0.9575539827346802, "length": 4.0, "mode": "test", "epoch": 42}
{"loss": 0.05648885667324066, "acc": 0.9816252589225769, "length": 3.998873472213745, "mode": "train", "epoch": 43}
{"loss": 0.14778876304626465, "acc": 0.9544963240623474, "length": 4.0, "mode": "test", "epoch": 43}
{"loss": 0.051510799676179886, "acc": 0.9841481447219849, "length": 3.9984593391418457, "mode": "train", "epoch": 44}
{"loss": 0.16224069893360138, "acc": 0.9444245100021362, "length": 4.0, "mode": "test", "epoch": 44}
{"loss": 0.05695145204663277, "acc": 0.9834943413734436, "length": 3.998828411102295, "mode": "train", "epoch": 45}
{"loss": 0.13433942198753357, "acc": 0.9489208459854126, "length": 4.0, "mode": "test", "epoch": 45}
{"loss": 0.05256780609488487, "acc": 0.9816877841949463, "length": 3.998882532119751, "mode": "train", "epoch": 46}
{"loss": 0.1213858500123024, "acc": 0.9627698659896851, "length": 4.0, "mode": "test", "epoch": 46}
{"loss": 0.04403582587838173, "acc": 0.9886097311973572, "length": 3.9992001056671143, "mode": "train", "epoch": 47}
{"loss": 0.13706080615520477, "acc": 0.9552158117294312, "length": 4.0, "mode": "test", "epoch": 47}
{"loss": 0.04007449746131897, "acc": 0.9874764084815979, "length": 3.9993672370910645, "mode": "train", "epoch": 48}
{"loss": 0.11434356123209, "acc": 0.9651078581809998, "length": 4.0, "mode": "test", "epoch": 48}
{"loss": 0.04146476089954376, "acc": 0.9889806509017944, "length": 3.9994025230407715, "mode": "train", "epoch": 49}
{"loss": 0.09462317079305649, "acc": 0.9679855108261108, "length": 4.0, "mode": "test", "epoch": 49}
{"loss": 0.04441762715578079, "acc": 0.986626386642456, "length": 3.9990618228912354, "mode": "train", "epoch": 50}
{"loss": 0.10463318973779678, "acc": 0.9672661423683167, "length": 4.0, "mode": "test", "epoch": 50}
{"loss": 0.04599586874246597, "acc": 0.9871784448623657, "length": 3.9994146823883057, "mode": "train", "epoch": 51}
{"loss": 0.11448126286268234, "acc": 0.965467631816864, "length": 4.0, "mode": "test", "epoch": 51}
{"loss": 0.0361221507191658, "acc": 0.9887425899505615, "length": 3.9994828701019287, "mode": "train", "epoch": 52}
{"loss": 0.10634656250476837, "acc": 0.9629496932029724, "length": 4.0, "mode": "test", "epoch": 52}
{"loss": 0.042132668197155, "acc": 0.9897015690803528, "length": 3.9994451999664307, "mode": "train", "epoch": 53}
{"loss": 0.06601550430059433, "acc": 0.9762590527534485, "length": 4.0, "mode": "test", "epoch": 53}
{"loss": 0.03367721661925316, "acc": 0.9912101030349731, "length": 3.9995687007904053, "mode": "train", "epoch": 54}
{"loss": 0.08454633504152298, "acc": 0.9787769913673401, "length": 4.0, "mode": "test", "epoch": 54}
{"loss": 0.03681601956486702, "acc": 0.9879694581031799, "length": 3.9996321201324463, "mode": "train", "epoch": 55}
{"loss": 0.08352883160114288, "acc": 0.9715826511383057, "length": 4.0, "mode": "test", "epoch": 55}
{"loss": 0.029373599216341972, "acc": 0.9919891357421875, "length": 3.9994635581970215, "mode": "train", "epoch": 56}
{"loss": 0.0917627215385437, "acc": 0.9764387607574463, "length": 4.0, "mode": "test", "epoch": 56}
{"loss": 0.02915138751268387, "acc": 0.991593599319458, "length": 3.9990437030792236, "mode": "train", "epoch": 57}
{"loss": 0.06566086411476135, "acc": 0.9787768721580505, "length": 4.0, "mode": "test", "epoch": 57}
{"loss": 0.02852252684533596, "acc": 0.9916899800300598, "length": 3.999478578567505, "mode": "train", "epoch": 58}
{"loss": 0.07199268043041229, "acc": 0.9757195115089417, "length": 4.0, "mode": "test", "epoch": 58}
{"loss": 0.024254845455288887, "acc": 0.9939196109771729, "length": 3.99967360496521, "mode": "train", "epoch": 59}
{"loss": 0.06695755571126938, "acc": 0.980935275554657, "length": 4.0, "mode": "test", "epoch": 59}
{"loss": 0.02143990807235241, "acc": 0.9955392479896545, "length": 3.9996893405914307, "mode": "train", "epoch": 60}
{"loss": 0.05343453213572502, "acc": 0.9863307476043701, "length": 4.0, "mode": "test", "epoch": 60}
{"loss": 0.022022174671292305, "acc": 0.9948105216026306, "length": 3.9994702339172363, "mode": "train", "epoch": 61}
{"loss": 0.06149429827928543, "acc": 0.9838130474090576, "length": 4.0, "mode": "test", "epoch": 61}
{"loss": 0.017536774277687073, "acc": 0.9959582686424255, "length": 3.9995651245117188, "mode": "train", "epoch": 62}
{"loss": 0.05823277309536934, "acc": 0.9841727018356323, "length": 4.0, "mode": "test", "epoch": 62}
{"loss": 0.021877020597457886, "acc": 0.9951196908950806, "length": 3.999572992324829, "mode": "train", "epoch": 63}
{"loss": 0.05871507152915001, "acc": 0.9834533333778381, "length": 4.0, "mode": "test", "epoch": 63}
{"loss": 0.020972196012735367, "acc": 0.9953652024269104, "length": 3.9997799396514893, "mode": "train", "epoch": 64}
{"loss": 0.06585510820150375, "acc": 0.9814748167991638, "length": 4.0, "mode": "test", "epoch": 64}
{"loss": 0.01727299951016903, "acc": 0.9972745180130005, "length": 3.9996142387390137, "mode": "train", "epoch": 65}
{"loss": 0.06301385164260864, "acc": 0.9827337265014648, "length": 4.0, "mode": "test", "epoch": 65}
{"loss": 0.019641108810901642, "acc": 0.9953657388687134, "length": 3.9997758865356445, "mode": "train", "epoch": 66}
{"loss": 0.059365164488554, "acc": 0.9883092641830444, "length": 4.0, "mode": "test", "epoch": 66}
{"loss": 0.02145041525363922, "acc": 0.9946275949478149, "length": 3.9993388652801514, "mode": "train", "epoch": 67}
{"loss": 0.0684487596154213, "acc": 0.9859712719917297, "length": 4.0, "mode": "test", "epoch": 67}
{"loss": 0.020898250862956047, "acc": 0.9951220154762268, "length": 3.99904203414917, "mode": "train", "epoch": 68}
{"loss": 0.05592907592654228, "acc": 0.9859712719917297, "length": 4.0, "mode": "test", "epoch": 68}
{"loss": 0.01740020141005516, "acc": 0.9966257810592651, "length": 3.999708890914917, "mode": "train", "epoch": 69}
{"loss": 0.041954245418310165, "acc": 0.9884891510009766, "length": 4.0, "mode": "test", "epoch": 69}
{"loss": 0.013626783154904842, "acc": 0.9976521730422974, "length": 3.999875783920288, "mode": "train", "epoch": 70}
{"loss": 0.048528335988521576, "acc": 0.9845324158668518, "length": 4.0, "mode": "test", "epoch": 70}
{"loss": 0.020480560138821602, "acc": 0.9939820170402527, "length": 3.999763250350952, "mode": "train", "epoch": 71}
{"loss": 0.04970429465174675, "acc": 0.9875898957252502, "length": 4.0, "mode": "test", "epoch": 71}
{"loss": 0.024921128526329994, "acc": 0.9937466382980347, "length": 3.9998934268951416, "mode": "train", "epoch": 72}
{"loss": 0.05266705900430679, "acc": 0.9850719571113586, "length": 4.0, "mode": "test", "epoch": 72}
{"loss": 0.0198815930634737, "acc": 0.9952441453933716, "length": 3.9997549057006836, "mode": "train", "epoch": 73}
{"loss": 0.050674643367528915, "acc": 0.9875898957252502, "length": 4.0, "mode": "test", "epoch": 73}
{"loss": 0.016209376975893974, "acc": 0.9953703284263611, "length": 3.9999289512634277, "mode": "train", "epoch": 74}
{"loss": 0.04640977084636688, "acc": 0.987230122089386, "length": 4.0, "mode": "test", "epoch": 74}
{"loss": 0.013175574131309986, "acc": 0.9977627396583557, "length": 3.9994897842407227, "mode": "train", "epoch": 75}
{"loss": 0.04083404690027237, "acc": 0.9906473755836487, "length": 4.0, "mode": "test", "epoch": 75}
{"loss": 0.01789817586541176, "acc": 0.9972261190414429, "length": 3.999774932861328, "mode": "train", "epoch": 76}
{"loss": 0.037544768303632736, "acc": 0.9915467500686646, "length": 4.0, "mode": "test", "epoch": 76}
{"loss": 0.01907029189169407, "acc": 0.9957285523414612, "length": 3.9998648166656494, "mode": "train", "epoch": 77}
{"loss": 0.040660079568624496, "acc": 0.9884891510009766, "length": 4.0, "mode": "test", "epoch": 77}
{"loss": 0.016470640897750854, "acc": 0.9971132278442383, "length": 3.9999406337738037, "mode": "train", "epoch": 78}
{"loss": 0.041899245232343674, "acc": 0.9892086386680603, "length": 4.0, "mode": "test", "epoch": 78}
{"loss": 0.012740593403577805, "acc": 0.9963297247886658, "length": 3.999871253967285, "mode": "train", "epoch": 79}
{"loss": 0.07533491402864456, "acc": 0.979676365852356, "length": 4.0, "mode": "test", "epoch": 79}
{"loss": 0.0174690131098032, "acc": 0.9956705570220947, "length": 3.9999241828918457, "mode": "train", "epoch": 80}
{"loss": 0.09070046246051788, "acc": 0.9787768721580505, "length": 4.0, "mode": "test", "epoch": 80}
{"loss": 0.018537169322371483, "acc": 0.9954914450645447, "length": 3.999953031539917, "mode": "train", "epoch": 81}
{"loss": 0.04787987470626831, "acc": 0.986870527267456, "length": 4.0, "mode": "test", "epoch": 81}
{"loss": 0.01079082302749157, "acc": 0.997947633266449, "length": 3.9997682571411133, "mode": "train", "epoch": 82}
{"loss": 0.05589325353503227, "acc": 0.9857914447784424, "length": 4.0, "mode": "test", "epoch": 82}
{"loss": 0.010157269425690174, "acc": 0.9981944561004639, "length": 3.9999310970306396, "mode": "train", "epoch": 83}
{"loss": 0.051116444170475006, "acc": 0.984891951084137, "length": 4.0, "mode": "test", "epoch": 83}
{"loss": 0.015348014421761036, "acc": 0.9960924386978149, "length": 3.999964714050293, "mode": "train", "epoch": 84}
{"loss": 0.05080985650420189, "acc": 0.986870527267456, "length": 4.0, "mode": "test", "epoch": 84}
{"loss": 0.017307912930846214, "acc": 0.9947706460952759, "length": 3.999943971633911, "mode": "train", "epoch": 85}
{"loss": 0.06543786823749542, "acc": 0.9811152219772339, "length": 4.0, "mode": "test", "epoch": 85}
{"loss": 0.014049672521650791, "acc": 0.9968675374984741, "length": 3.999694347381592, "mode": "train", "epoch": 86}
{"loss": 0.06903185695409775, "acc": 0.9841727018356323, "length": 4.0, "mode": "test", "epoch": 86}
{"loss": 0.01216642465442419, "acc": 0.9973552227020264, "length": 3.999981164932251, "mode": "train", "epoch": 87}
{"loss": 0.06824994087219238, "acc": 0.9823741316795349, "length": 4.0, "mode": "test", "epoch": 87}
{"loss": 0.018335530534386635, "acc": 0.9948850274085999, "length": 3.999802589416504, "mode": "train", "epoch": 88}
{"loss": 0.05737968906760216, "acc": 0.9843524694442749, "length": 4.0, "mode": "test", "epoch": 88}
{"loss": 0.021707352250814438, "acc": 0.9942297339439392, "length": 3.999955892562866, "mode": "train", "epoch": 89}
{"loss": 0.076158806681633, "acc": 0.9784172773361206, "length": 4.0, "mode": "test", "epoch": 89}
{"loss": 0.012005016207695007, "acc": 0.9980162382125854, "length": 3.9999706745147705, "mode": "train", "epoch": 90}
{"loss": 0.0732535868883133, "acc": 0.983453094959259, "length": 4.0, "mode": "test", "epoch": 90}
{"loss": 0.018489358946681023, "acc": 0.9956721663475037, "length": 3.999955415725708, "mode": "train", "epoch": 91}
{"loss": 0.03790934011340141, "acc": 0.9901077747344971, "length": 4.0, "mode": "test", "epoch": 91}
{"loss": 0.016459738835692406, "acc": 0.9953110814094543, "length": 3.9999566078186035, "mode": "train", "epoch": 92}
{"loss": 0.08146174997091293, "acc": 0.983453094959259, "length": 4.0, "mode": "test", "epoch": 92}
{"loss": 0.01901819370687008, "acc": 0.9937493801116943, "length": 3.9999794960021973, "mode": "train", "epoch": 93}
{"loss": 0.0575682707130909, "acc": 0.980215847492218, "length": 4.0, "mode": "test", "epoch": 93}
{"loss": 0.014406069181859493, "acc": 0.9965738654136658, "length": 3.9999749660491943, "mode": "train", "epoch": 94}
{"loss": 0.06489507108926773, "acc": 0.9866907000541687, "length": 4.0, "mode": "test", "epoch": 94}
{"loss": 0.013200771063566208, "acc": 0.996393620967865, "length": 3.999985933303833, "mode": "train", "epoch": 95}
{"loss": 0.06709080189466476, "acc": 0.9901078939437866, "length": 4.0, "mode": "test", "epoch": 95}
{"loss": 0.010835506021976471, "acc": 0.9981955885887146, "length": 3.9999377727508545, "mode": "train", "epoch": 96}
{"loss": 0.0568743459880352, "acc": 0.9848921298980713, "length": 4.0, "mode": "test", "epoch": 96}
{"loss": 0.017552796751260757, "acc": 0.9943504929542542, "length": 3.99997878074646, "mode": "train", "epoch": 97}
{"loss": 0.04888160154223442, "acc": 0.9859711527824402, "length": 4.0, "mode": "test", "epoch": 97}
{"loss": 0.011071542277932167, "acc": 0.9974753856658936, "length": 3.9999845027923584, "mode": "train", "epoch": 98}
{"loss": 0.05261644348502159, "acc": 0.9881294369697571, "length": 4.0, "mode": "test", "epoch": 98}
{"loss": 0.011352245695888996, "acc": 0.9974755644798279, "length": 3.999988317489624, "mode": "train", "epoch": 99}
{"loss": 0.04683832824230194, "acc": 0.9888489246368408, "length": 4.0, "mode": "test", "epoch": 99}
{"loss": 0.009543560445308685, "acc": 0.9981962442398071, "length": 3.999964714050293, "mode": "train", "epoch": 100}
{"loss": 0.038088228553533554, "acc": 0.9904677867889404, "length": 4.0, "mode": "test", "epoch": 100}
test accuracy: 0.8819698691368103
