# ["--attributes=3", "--values=3", "--game_size=10", "--vocab_size_factor=3", "--n_epochs=100", "--batch_size=64", "--learning_rate=0.001", "--hidden_size=256", "--temp_update=0.97", "--temperature=1"]
Creating train_ds and val_ds...

Creating test_ds...
{"loss": 0.7027707695960999, "acc": 0.5212936997413635, "length": 2.3506362438201904, "mode": "train", "epoch": 1}
{"loss": 0.6945176124572754, "acc": 0.5101398229598999, "length": 1.0, "mode": "test", "epoch": 1}
{"loss": 0.688646137714386, "acc": 0.5467594861984253, "length": 1.0952223539352417, "mode": "train", "epoch": 2}
{"loss": 0.6903719305992126, "acc": 0.5283216238021851, "length": 1.0, "mode": "test", "epoch": 2}
{"loss": 0.6159629225730896, "acc": 0.6762633919715881, "length": 2.4525134563446045, "mode": "train", "epoch": 3}
{"loss": 0.5125880837440491, "acc": 0.792335033416748, "length": 3.160839080810547, "mode": "test", "epoch": 3}
{"loss": 0.45910853147506714, "acc": 0.8042175769805908, "length": 3.198219060897827, "mode": "train", "epoch": 4}
{"loss": 0.43707534670829773, "acc": 0.8333626389503479, "length": 3.3496503829956055, "mode": "test", "epoch": 4}
{"loss": 0.38484853506088257, "acc": 0.8440685868263245, "length": 3.342904567718506, "mode": "train", "epoch": 5}
{"loss": 0.4024200141429901, "acc": 0.8409861922264099, "length": 3.4020979404449463, "mode": "test", "epoch": 5}
{"loss": 0.3535533845424652, "acc": 0.8577094674110413, "length": 3.3761916160583496, "mode": "train", "epoch": 6}
{"loss": 0.3688291311264038, "acc": 0.847734808921814, "length": 3.454545497894287, "mode": "test", "epoch": 6}
{"loss": 0.33226868510246277, "acc": 0.8690903186798096, "length": 3.3778836727142334, "mode": "train", "epoch": 7}
{"loss": 0.35866379737854004, "acc": 0.8572027683258057, "length": 3.506993055343628, "mode": "test", "epoch": 7}
{"loss": 0.3217138946056366, "acc": 0.8705133199691772, "length": 3.3576557636260986, "mode": "train", "epoch": 8}
{"loss": 0.349867582321167, "acc": 0.8584209084510803, "length": 3.4790210723876953, "mode": "test", "epoch": 8}
{"loss": 0.3058820366859436, "acc": 0.879603385925293, "length": 3.378099203109741, "mode": "train", "epoch": 9}
{"loss": 0.3330208361148834, "acc": 0.8639059066772461, "length": 3.538461446762085, "mode": "test", "epoch": 9}
{"loss": 0.3009798526763916, "acc": 0.8768694400787354, "length": 3.4271974563598633, "mode": "train", "epoch": 10}
{"loss": 0.3202451765537262, "acc": 0.8735567927360535, "length": 3.416083812713623, "mode": "test", "epoch": 10}
{"loss": 0.289670467376709, "acc": 0.8808642625808716, "length": 3.4129579067230225, "mode": "train", "epoch": 11}
{"loss": 0.3051549792289734, "acc": 0.8728147149085999, "length": 3.4195804595947266, "mode": "test", "epoch": 11}
{"loss": 0.2833845019340515, "acc": 0.884086549282074, "length": 3.3633430004119873, "mode": "train", "epoch": 12}
{"loss": 0.3072452247142792, "acc": 0.8723248839378357, "length": 3.62937068939209, "mode": "test", "epoch": 12}
{"loss": 0.27239155769348145, "acc": 0.8913058042526245, "length": 3.4787681102752686, "mode": "train", "epoch": 13}
{"loss": 0.309242308139801, "acc": 0.8697035908699036, "length": 3.409090995788574, "mode": "test", "epoch": 13}
{"loss": 0.2689974904060364, "acc": 0.89272540807724, "length": 3.433774948120117, "mode": "train", "epoch": 14}
{"loss": 0.2869793474674225, "acc": 0.8812443614006042, "length": 3.486013889312744, "mode": "test", "epoch": 14}
{"loss": 0.25395238399505615, "acc": 0.896463930606842, "length": 3.477897882461548, "mode": "train", "epoch": 15}
{"loss": 0.27758654952049255, "acc": 0.8847097158432007, "length": 3.475524425506592, "mode": "test", "epoch": 15}
{"loss": 0.25518539547920227, "acc": 0.8980157375335693, "length": 3.456660509109497, "mode": "train", "epoch": 16}
{"loss": 0.2716291844844818, "acc": 0.8873466849327087, "length": 3.552447557449341, "mode": "test", "epoch": 16}
{"loss": 0.24688585102558136, "acc": 0.8951721787452698, "length": 3.5209362506866455, "mode": "train", "epoch": 17}
{"loss": 0.2643619775772095, "acc": 0.8885189294815063, "length": 3.576923131942749, "mode": "test", "epoch": 17}
{"loss": 0.22658754885196686, "acc": 0.9091607928276062, "length": 3.567399740219116, "mode": "train", "epoch": 18}
{"loss": 0.24491257965564728, "acc": 0.8950057625770569, "length": 3.562937021255493, "mode": "test", "epoch": 18}
{"loss": 0.22416368126869202, "acc": 0.9113367199897766, "length": 3.6121597290039062, "mode": "train", "epoch": 19}
{"loss": 0.23848743736743927, "acc": 0.904775857925415, "length": 3.7272727489471436, "mode": "test", "epoch": 19}
{"loss": 0.22115375101566315, "acc": 0.9109545946121216, "length": 3.617780923843384, "mode": "train", "epoch": 20}
{"loss": 0.22064726054668427, "acc": 0.911871612071991, "length": 3.6573426723480225, "mode": "test", "epoch": 20}
{"loss": 0.2110372632741928, "acc": 0.9178878664970398, "length": 3.6299469470977783, "mode": "train", "epoch": 21}
{"loss": 0.22631652653217316, "acc": 0.907983660697937, "length": 3.6748251914978027, "mode": "test", "epoch": 21}
{"loss": 0.21009889245033264, "acc": 0.9169473648071289, "length": 3.6187477111816406, "mode": "train", "epoch": 22}
{"loss": 0.24880841374397278, "acc": 0.9066200256347656, "length": 3.6118881702423096, "mode": "test", "epoch": 22}
{"loss": 0.20741255581378937, "acc": 0.9211041331291199, "length": 3.6328952312469482, "mode": "train", "epoch": 23}
{"loss": 0.2122892141342163, "acc": 0.9151623845100403, "length": 3.678321599960327, "mode": "test", "epoch": 23}
{"loss": 0.20956666767597198, "acc": 0.9188902378082275, "length": 3.613845109939575, "mode": "train", "epoch": 24}
{"loss": 0.2230994701385498, "acc": 0.9093309044837952, "length": 3.5944056510925293, "mode": "test", "epoch": 24}
{"loss": 0.20854122936725616, "acc": 0.9204208850860596, "length": 3.604597330093384, "mode": "train", "epoch": 25}
{"loss": 0.23402021825313568, "acc": 0.9082955121994019, "length": 3.62937068939209, "mode": "test", "epoch": 25}
{"loss": 0.1998903453350067, "acc": 0.9234457612037659, "length": 3.594120979309082, "mode": "train", "epoch": 26}
{"loss": 0.2184571772813797, "acc": 0.9146229028701782, "length": 3.590909004211426, "mode": "test", "epoch": 26}
{"loss": 0.19468358159065247, "acc": 0.9260698556900024, "length": 3.651158094406128, "mode": "train", "epoch": 27}
{"loss": 0.2028862088918686, "acc": 0.9203527569770813, "length": 3.7027971744537354, "mode": "test", "epoch": 27}
{"loss": 0.1786131113767624, "acc": 0.9305053353309631, "length": 3.6433820724487305, "mode": "train", "epoch": 28}
{"loss": 0.19773323833942413, "acc": 0.9222941398620605, "length": 3.64685320854187, "mode": "test", "epoch": 28}
{"loss": 0.17538981139659882, "acc": 0.93223637342453, "length": 3.6246979236602783, "mode": "train", "epoch": 29}
{"loss": 0.20028650760650635, "acc": 0.9256274700164795, "length": 3.7132866382598877, "mode": "test", "epoch": 29}
{"loss": 0.1799127608537674, "acc": 0.932574450969696, "length": 3.656834840774536, "mode": "train", "epoch": 30}
{"loss": 0.19920611381530762, "acc": 0.9193312525749207, "length": 3.678321599960327, "mode": "test", "epoch": 30}
{"loss": 0.16862839460372925, "acc": 0.9360229969024658, "length": 3.6788973808288574, "mode": "train", "epoch": 31}
{"loss": 0.19447623193264008, "acc": 0.9296892285346985, "length": 3.6713287830352783, "mode": "test", "epoch": 31}
{"loss": 0.16566625237464905, "acc": 0.9378008246421814, "length": 3.648763656616211, "mode": "train", "epoch": 32}
{"loss": 0.18572337925434113, "acc": 0.9324386715888977, "length": 3.7027971744537354, "mode": "test", "epoch": 32}
{"loss": 0.1556755006313324, "acc": 0.9407229423522949, "length": 3.682345390319824, "mode": "train", "epoch": 33}
{"loss": 0.18043318390846252, "acc": 0.9324730038642883, "length": 3.7272727489471436, "mode": "test", "epoch": 33}
{"loss": 0.15648457407951355, "acc": 0.9417809844017029, "length": 3.7064104080200195, "mode": "train", "epoch": 34}
{"loss": 0.20599313080310822, "acc": 0.9244743585586548, "length": 3.692307710647583, "mode": "test", "epoch": 34}
{"loss": 0.16494926810264587, "acc": 0.9388299584388733, "length": 3.6899683475494385, "mode": "train", "epoch": 35}
{"loss": 0.22630639374256134, "acc": 0.9126131534576416, "length": 3.692307710647583, "mode": "test", "epoch": 35}
{"loss": 0.17195354402065277, "acc": 0.9351884722709656, "length": 3.677556037902832, "mode": "train", "epoch": 36}
{"loss": 0.19119273126125336, "acc": 0.9286782741546631, "length": 3.692307710647583, "mode": "test", "epoch": 36}
{"loss": 0.17131002247333527, "acc": 0.9344490766525269, "length": 3.725193738937378, "mode": "train", "epoch": 37}
{"loss": 0.22448332607746124, "acc": 0.8964567184448242, "length": 3.7972028255462646, "mode": "test", "epoch": 37}
{"loss": 0.18824677169322968, "acc": 0.927930474281311, "length": 3.675600528717041, "mode": "train", "epoch": 38}
{"loss": 0.21142001450061798, "acc": 0.9163544178009033, "length": 3.699300765991211, "mode": "test", "epoch": 38}
{"loss": 0.1758749783039093, "acc": 0.9320208430290222, "length": 3.7171175479888916, "mode": "train", "epoch": 39}
{"loss": 0.1926269829273224, "acc": 0.9269766807556152, "length": 3.8041958808898926, "mode": "test", "epoch": 39}
{"loss": 0.15560901165008545, "acc": 0.9381477236747742, "length": 3.782956123352051, "mode": "train", "epoch": 40}
{"loss": 0.18623808026313782, "acc": 0.932089626789093, "length": 3.769230842590332, "mode": "test", "epoch": 40}
{"loss": 0.15151147544384003, "acc": 0.9441241025924683, "length": 3.731396436691284, "mode": "train", "epoch": 41}
{"loss": 0.1819867342710495, "acc": 0.932930052280426, "length": 3.7202796936035156, "mode": "test", "epoch": 41}
{"loss": 0.1511436253786087, "acc": 0.9442850351333618, "length": 3.6903276443481445, "mode": "train", "epoch": 42}
{"loss": 0.16539959609508514, "acc": 0.9423510432243347, "length": 3.7202796936035156, "mode": "test", "epoch": 42}
{"loss": 0.14943544566631317, "acc": 0.9451631307601929, "length": 3.6574606895446777, "mode": "train", "epoch": 43}
{"loss": 0.1645338088274002, "acc": 0.9399233460426331, "length": 3.7097902297973633, "mode": "test", "epoch": 43}
{"loss": 0.14359484612941742, "acc": 0.9468731880187988, "length": 3.703216314315796, "mode": "train", "epoch": 44}
{"loss": 0.17224326729774475, "acc": 0.9348852038383484, "length": 3.692307710647583, "mode": "test", "epoch": 44}
{"loss": 0.14541539549827576, "acc": 0.9500297904014587, "length": 3.6587908267974854, "mode": "train", "epoch": 45}
{"loss": 0.1576206535100937, "acc": 0.9445728063583374, "length": 3.716783285140991, "mode": "test", "epoch": 45}
{"loss": 0.14209656417369843, "acc": 0.9475164413452148, "length": 3.718371868133545, "mode": "train", "epoch": 46}
{"loss": 0.18358604609966278, "acc": 0.9345516562461853, "length": 3.723776340484619, "mode": "test", "epoch": 46}
{"loss": 0.16372865438461304, "acc": 0.9394755959510803, "length": 3.685147762298584, "mode": "train", "epoch": 47}
{"loss": 0.21082954108715057, "acc": 0.9271985292434692, "length": 3.6958041191101074, "mode": "test", "epoch": 47}
{"loss": 0.15451927483081818, "acc": 0.9451376795768738, "length": 3.694777250289917, "mode": "train", "epoch": 48}
{"loss": 0.17308557033538818, "acc": 0.939994752407074, "length": 3.7587411403656006, "mode": "test", "epoch": 48}
{"loss": 0.15455487370491028, "acc": 0.9425578713417053, "length": 3.7529959678649902, "mode": "train", "epoch": 49}
{"loss": 0.20665548741817474, "acc": 0.929175615310669, "length": 3.8286712169647217, "mode": "test", "epoch": 49}
{"loss": 0.15841133892536163, "acc": 0.9413735866546631, "length": 3.7697625160217285, "mode": "train", "epoch": 50}
{"loss": 0.19196024537086487, "acc": 0.9348523616790771, "length": 3.7132866382598877, "mode": "test", "epoch": 50}
{"loss": 0.14931218326091766, "acc": 0.946884036064148, "length": 3.703742027282715, "mode": "train", "epoch": 51}
{"loss": 0.18505871295928955, "acc": 0.9395691156387329, "length": 3.685314655303955, "mode": "test", "epoch": 51}
{"loss": 0.144784078001976, "acc": 0.9553653597831726, "length": 3.653275728225708, "mode": "train", "epoch": 52}
{"loss": 0.18015943467617035, "acc": 0.9376299381256104, "length": 3.723776340484619, "mode": "test", "epoch": 52}
{"loss": 0.15761180222034454, "acc": 0.9458388090133667, "length": 3.7358038425445557, "mode": "train", "epoch": 53}
{"loss": 0.18859542906284332, "acc": 0.9327060580253601, "length": 3.7412588596343994, "mode": "test", "epoch": 53}
{"loss": 0.13816402852535248, "acc": 0.9520863890647888, "length": 3.6999051570892334, "mode": "train", "epoch": 54}
{"loss": 0.1658991128206253, "acc": 0.9429376721382141, "length": 3.7202796936035156, "mode": "test", "epoch": 54}
{"loss": 0.12768422067165375, "acc": 0.9554243683815002, "length": 3.704690933227539, "mode": "train", "epoch": 55}
{"loss": 0.1429206132888794, "acc": 0.9498453140258789, "length": 3.737762212753296, "mode": "test", "epoch": 55}
{"loss": 0.1304313838481903, "acc": 0.9550272226333618, "length": 3.708665370941162, "mode": "train", "epoch": 56}
{"loss": 0.18048785626888275, "acc": 0.9419415593147278, "length": 3.706293821334839, "mode": "test", "epoch": 56}
{"loss": 0.1267356276512146, "acc": 0.9551283121109009, "length": 3.6896512508392334, "mode": "train", "epoch": 57}
{"loss": 0.16658049821853638, "acc": 0.9496746063232422, "length": 3.7132866382598877, "mode": "test", "epoch": 57}
{"loss": 0.11554345488548279, "acc": 0.9583421945571899, "length": 3.6839470863342285, "mode": "train", "epoch": 58}
{"loss": 0.15829920768737793, "acc": 0.9451859593391418, "length": 3.7097902297973633, "mode": "test", "epoch": 58}
{"loss": 0.11939122527837753, "acc": 0.9575484991073608, "length": 3.6966493129730225, "mode": "train", "epoch": 59}
{"loss": 0.19090555608272552, "acc": 0.939470648765564, "length": 3.7412588596343994, "mode": "test", "epoch": 59}
{"loss": 0.12548516690731049, "acc": 0.9552139043807983, "length": 3.7240467071533203, "mode": "train", "epoch": 60}
{"loss": 0.15526482462882996, "acc": 0.9417935609817505, "length": 3.776223659515381, "mode": "test", "epoch": 60}
{"loss": 0.13058824837207794, "acc": 0.9525131583213806, "length": 3.7604453563690186, "mode": "train", "epoch": 61}
{"loss": 0.1491435468196869, "acc": 0.9437477588653564, "length": 3.7727272510528564, "mode": "test", "epoch": 61}
{"loss": 0.1193213015794754, "acc": 0.9561201333999634, "length": 3.7186942100524902, "mode": "train", "epoch": 62}
{"loss": 0.15561120212078094, "acc": 0.9428446292877197, "length": 3.737762212753296, "mode": "test", "epoch": 62}
{"loss": 0.11619560420513153, "acc": 0.9566150307655334, "length": 3.7193634510040283, "mode": "train", "epoch": 63}
{"loss": 0.1637805849313736, "acc": 0.9416012167930603, "length": 3.783216714859009, "mode": "test", "epoch": 63}
{"loss": 0.11616550385951996, "acc": 0.9578635692596436, "length": 3.747309923171997, "mode": "train", "epoch": 64}
{"loss": 0.17417924106121063, "acc": 0.9400874972343445, "length": 3.800699234008789, "mode": "test", "epoch": 64}
{"loss": 0.12145485728979111, "acc": 0.952882707118988, "length": 3.7909672260284424, "mode": "train", "epoch": 65}
{"loss": 0.1642647087574005, "acc": 0.9436102509498596, "length": 3.793706178665161, "mode": "test", "epoch": 65}
{"loss": 0.11771697551012039, "acc": 0.9574480652809143, "length": 3.741793155670166, "mode": "train", "epoch": 66}
{"loss": 0.15861479938030243, "acc": 0.9412410855293274, "length": 3.737762212753296, "mode": "test", "epoch": 66}
{"loss": 0.1083630919456482, "acc": 0.9609801173210144, "length": 3.7221033573150635, "mode": "train", "epoch": 67}
{"loss": 0.15754376351833344, "acc": 0.9443591833114624, "length": 3.7587411403656006, "mode": "test", "epoch": 67}
{"loss": 0.11706975847482681, "acc": 0.9584222435951233, "length": 3.7162528038024902, "mode": "train", "epoch": 68}
{"loss": 0.16531990468502045, "acc": 0.9435038566589355, "length": 3.7342658042907715, "mode": "test", "epoch": 68}
{"loss": 0.10509828478097916, "acc": 0.9622375965118408, "length": 3.725454807281494, "mode": "train", "epoch": 69}
{"loss": 0.17659936845302582, "acc": 0.944275975227356, "length": 3.723776340484619, "mode": "test", "epoch": 69}
{"loss": 0.11310473084449768, "acc": 0.9576284289360046, "length": 3.7331318855285645, "mode": "train", "epoch": 70}
{"loss": 0.19488704204559326, "acc": 0.9428094029426575, "length": 3.807692289352417, "mode": "test", "epoch": 70}
{"loss": 0.11946741491556168, "acc": 0.9584152102470398, "length": 3.746289014816284, "mode": "train", "epoch": 71}
{"loss": 0.16913023591041565, "acc": 0.9438400864601135, "length": 3.762237787246704, "mode": "test", "epoch": 71}
{"loss": 0.11337371170520782, "acc": 0.9598574638366699, "length": 3.7563955783843994, "mode": "train", "epoch": 72}
{"loss": 0.1702900379896164, "acc": 0.9464789032936096, "length": 3.7797203063964844, "mode": "test", "epoch": 72}
{"loss": 0.10278826206922531, "acc": 0.9606696367263794, "length": 3.730496406555176, "mode": "train", "epoch": 73}
{"loss": 0.16975592076778412, "acc": 0.9413028359413147, "length": 3.7482516765594482, "mode": "test", "epoch": 73}
{"loss": 0.10396242886781693, "acc": 0.960922122001648, "length": 3.704472064971924, "mode": "train", "epoch": 74}
{"loss": 0.155511736869812, "acc": 0.9490783214569092, "length": 3.744755268096924, "mode": "test", "epoch": 74}
{"loss": 0.10735722631216049, "acc": 0.9596720337867737, "length": 3.7244789600372314, "mode": "train", "epoch": 75}
{"loss": 0.167178675532341, "acc": 0.9416431188583374, "length": 3.7482516765594482, "mode": "test", "epoch": 75}
{"loss": 0.10314533114433289, "acc": 0.9604306817054749, "length": 3.7094509601593018, "mode": "train", "epoch": 76}
{"loss": 0.1870536208152771, "acc": 0.9412118196487427, "length": 3.7027971744537354, "mode": "test", "epoch": 76}
{"loss": 0.09991201758384705, "acc": 0.963278591632843, "length": 3.708521842956543, "mode": "train", "epoch": 77}
{"loss": 0.18855905532836914, "acc": 0.9353187680244446, "length": 3.7902097702026367, "mode": "test", "epoch": 77}
{"loss": 0.09617611020803452, "acc": 0.9638413190841675, "length": 3.7397029399871826, "mode": "train", "epoch": 78}
{"loss": 0.23704102635383606, "acc": 0.9392748475074768, "length": 3.744755268096924, "mode": "test", "epoch": 78}
{"loss": 0.10886669903993607, "acc": 0.9583107233047485, "length": 3.728705406188965, "mode": "train", "epoch": 79}
{"loss": 0.17318090796470642, "acc": 0.9481912851333618, "length": 3.7412588596343994, "mode": "test", "epoch": 79}
{"loss": 0.11312800645828247, "acc": 0.9587372541427612, "length": 3.679551362991333, "mode": "train", "epoch": 80}
{"loss": 0.19900701940059662, "acc": 0.941413938999176, "length": 3.7132866382598877, "mode": "test", "epoch": 80}
{"loss": 0.10259424149990082, "acc": 0.9604478478431702, "length": 3.7144947052001953, "mode": "train", "epoch": 81}
{"loss": 0.17531301081180573, "acc": 0.9483369588851929, "length": 3.7272727489471436, "mode": "test", "epoch": 81}
{"loss": 0.09893731027841568, "acc": 0.964399516582489, "length": 3.7232589721679688, "mode": "train", "epoch": 82}
{"loss": 0.18181778490543365, "acc": 0.9516603946685791, "length": 3.776223659515381, "mode": "test", "epoch": 82}
{"loss": 0.10233594477176666, "acc": 0.9622623920440674, "length": 3.755436897277832, "mode": "train", "epoch": 83}
{"loss": 0.20162729918956757, "acc": 0.9405709505081177, "length": 3.769230842590332, "mode": "test", "epoch": 83}
{"loss": 0.09903433173894882, "acc": 0.9624122977256775, "length": 3.7553207874298096, "mode": "train", "epoch": 84}
{"loss": 0.1419593244791031, "acc": 0.9530206322669983, "length": 3.783216714859009, "mode": "test", "epoch": 84}
{"loss": 0.08324873447418213, "acc": 0.9708346128463745, "length": 3.7442543506622314, "mode": "train", "epoch": 85}
{"loss": 0.13315477967262268, "acc": 0.9555434584617615, "length": 3.7342658042907715, "mode": "test", "epoch": 85}
{"loss": 0.08490672707557678, "acc": 0.9693121910095215, "length": 3.7259533405303955, "mode": "train", "epoch": 86}
{"loss": 0.12873080372810364, "acc": 0.9618778824806213, "length": 3.762237787246704, "mode": "test", "epoch": 86}
{"loss": 0.07723140716552734, "acc": 0.9722221493721008, "length": 3.7477333545684814, "mode": "train", "epoch": 87}
{"loss": 0.17674635350704193, "acc": 0.9480671882629395, "length": 3.7727272510528564, "mode": "test", "epoch": 87}
{"loss": 0.11625466495752335, "acc": 0.9591092467308044, "length": 3.7451741695404053, "mode": "train", "epoch": 88}
{"loss": 0.17841163277626038, "acc": 0.9427221417427063, "length": 3.7727272510528564, "mode": "test", "epoch": 88}
{"loss": 0.1492718905210495, "acc": 0.9515150785446167, "length": 3.726234197616577, "mode": "train", "epoch": 89}
{"loss": 0.16142478585243225, "acc": 0.9485917687416077, "length": 3.7342658042907715, "mode": "test", "epoch": 89}
{"loss": 0.12270387262105942, "acc": 0.9568461179733276, "length": 3.710608959197998, "mode": "train", "epoch": 90}
{"loss": 0.15736696124076843, "acc": 0.9538622498512268, "length": 3.762237787246704, "mode": "test", "epoch": 90}
{"loss": 0.11246782541275024, "acc": 0.9616117477416992, "length": 3.7390880584716797, "mode": "train", "epoch": 91}
{"loss": 0.13744968175888062, "acc": 0.9579312205314636, "length": 3.7727272510528564, "mode": "test", "epoch": 91}
{"loss": 0.09667892754077911, "acc": 0.9656249284744263, "length": 3.73291015625, "mode": "train", "epoch": 92}
{"loss": 0.16300851106643677, "acc": 0.9447049498558044, "length": 3.7272727489471436, "mode": "test", "epoch": 92}
{"loss": 0.08121732622385025, "acc": 0.9742406010627747, "length": 3.698805093765259, "mode": "train", "epoch": 93}
{"loss": 0.14138564467430115, "acc": 0.9566847681999207, "length": 3.7202796936035156, "mode": "test", "epoch": 93}
{"loss": 0.06967921555042267, "acc": 0.9750224947929382, "length": 3.729353904724121, "mode": "train", "epoch": 94}
{"loss": 0.09102087467908859, "acc": 0.9660089612007141, "length": 3.7657341957092285, "mode": "test", "epoch": 94}
{"loss": 0.06994962692260742, "acc": 0.9750262498855591, "length": 3.7317535877227783, "mode": "train", "epoch": 95}
{"loss": 0.10104157775640488, "acc": 0.9600738286972046, "length": 3.7482516765594482, "mode": "test", "epoch": 95}
{"loss": 0.06482512503862381, "acc": 0.9774578213691711, "length": 3.7195565700531006, "mode": "train", "epoch": 96}
{"loss": 0.12070892006158829, "acc": 0.9632397890090942, "length": 3.7482516765594482, "mode": "test", "epoch": 96}
{"loss": 0.07194693386554718, "acc": 0.975309431552887, "length": 3.7268989086151123, "mode": "train", "epoch": 97}
{"loss": 0.12554055452346802, "acc": 0.9545964598655701, "length": 3.755244731903076, "mode": "test", "epoch": 97}
{"loss": 0.06550832837820053, "acc": 0.9766148328781128, "length": 3.730823278427124, "mode": "train", "epoch": 98}
{"loss": 0.14276576042175293, "acc": 0.9572175741195679, "length": 3.755244731903076, "mode": "test", "epoch": 98}
{"loss": 0.09193332493305206, "acc": 0.968277633190155, "length": 3.7459678649902344, "mode": "train", "epoch": 99}
{"loss": 0.16555868089199066, "acc": 0.9533563256263733, "length": 3.769230842590332, "mode": "test", "epoch": 99}
{"loss": 0.07782594114542007, "acc": 0.9745786190032959, "length": 3.7457327842712402, "mode": "train", "epoch": 100}
{"loss": 0.1203928217291832, "acc": 0.9674215316772461, "length": 3.755244731903076, "mode": "test", "epoch": 100}
test accuracy: 0.7881904244422913
