# ["--attributes=3", "--values=3", "--game_size=3", "--vocab_size_factor=3", "--n_epochs=100", "--batch_size=32", "--learning_rate=0.0005", "--hidden_size=128", "--temp_update=0.97", "--temperature=1.5"]
Creating train_ds and val_ds...

Creating test_ds...
{"loss": 0.6967647671699524, "acc": 0.48639464378356934, "length": 3.535876989364624, "mode": "train", "epoch": 1}
{"loss": 0.6838407516479492, "acc": 0.5597689747810364, "length": 2.5058822631835938, "mode": "test", "epoch": 1}
{"loss": 0.6943583488464355, "acc": 0.5024941563606262, "length": 3.4954512119293213, "mode": "train", "epoch": 2}
{"loss": 0.6793950796127319, "acc": 0.5703636407852173, "length": 1.9882352352142334, "mode": "test", "epoch": 2}
{"loss": 0.6933484673500061, "acc": 0.5187084078788757, "length": 3.516710042953491, "mode": "train", "epoch": 3}
{"loss": 0.6799145936965942, "acc": 0.580701470375061, "length": 2.4588234424591064, "mode": "test", "epoch": 3}
{"loss": 0.6917996406555176, "acc": 0.5278096795082092, "length": 3.496539831161499, "mode": "train", "epoch": 4}
{"loss": 0.6792432069778442, "acc": 0.5697129368782043, "length": 2.670588254928589, "mode": "test", "epoch": 4}
{"loss": 0.6909523010253906, "acc": 0.5368959307670593, "length": 3.4347169399261475, "mode": "train", "epoch": 5}
{"loss": 0.6761225461959839, "acc": 0.5937237739562988, "length": 2.752941131591797, "mode": "test", "epoch": 5}
{"loss": 0.6871691346168518, "acc": 0.5399635434150696, "length": 3.3965559005737305, "mode": "train", "epoch": 6}
{"loss": 0.6678757667541504, "acc": 0.6109185814857483, "length": 3.188235282897949, "mode": "test", "epoch": 6}
{"loss": 0.6770464777946472, "acc": 0.5833866000175476, "length": 3.4796111583709717, "mode": "train", "epoch": 7}
{"loss": 0.6495549082756042, "acc": 0.6842933297157288, "length": 3.5058822631835938, "mode": "test", "epoch": 7}
{"loss": 0.6560640335083008, "acc": 0.6658534407615662, "length": 3.3881657123565674, "mode": "train", "epoch": 8}
{"loss": 0.6250122785568237, "acc": 0.685845673084259, "length": 3.941176414489746, "mode": "test", "epoch": 8}
{"loss": 0.6262437701225281, "acc": 0.690551221370697, "length": 3.5488646030426025, "mode": "train", "epoch": 9}
{"loss": 0.5914108157157898, "acc": 0.7058822512626648, "length": 4.0, "mode": "test", "epoch": 9}
{"loss": 0.58697110414505, "acc": 0.6922832131385803, "length": 3.705301284790039, "mode": "train", "epoch": 10}
{"loss": 0.5664918422698975, "acc": 0.6941177248954773, "length": 4.0, "mode": "test", "epoch": 10}
{"loss": 0.5692199468612671, "acc": 0.6865233182907104, "length": 3.8473784923553467, "mode": "train", "epoch": 11}
{"loss": 0.558993935585022, "acc": 0.7058823108673096, "length": 4.0, "mode": "test", "epoch": 11}
{"loss": 0.5583071708679199, "acc": 0.6914035677909851, "length": 3.898561477661133, "mode": "train", "epoch": 12}
{"loss": 0.5545162558555603, "acc": 0.7313724756240845, "length": 4.0, "mode": "test", "epoch": 12}
{"loss": 0.5430988073348999, "acc": 0.7336530685424805, "length": 3.934683322906494, "mode": "train", "epoch": 13}
{"loss": 0.5607876777648926, "acc": 0.7196077704429626, "length": 4.0, "mode": "test", "epoch": 13}
{"loss": 0.5250844955444336, "acc": 0.7418193221092224, "length": 3.9350380897521973, "mode": "train", "epoch": 14}
{"loss": 0.5407052040100098, "acc": 0.73333340883255, "length": 4.0, "mode": "test", "epoch": 14}
{"loss": 0.5068014860153198, "acc": 0.7575357556343079, "length": 3.9450535774230957, "mode": "train", "epoch": 15}
{"loss": 0.5293271541595459, "acc": 0.7431372404098511, "length": 4.0, "mode": "test", "epoch": 15}
{"loss": 0.4947439730167389, "acc": 0.7742769122123718, "length": 3.9275147914886475, "mode": "train", "epoch": 16}
{"loss": 0.5213996767997742, "acc": 0.7764706015586853, "length": 4.0, "mode": "test", "epoch": 16}
{"loss": 0.48117202520370483, "acc": 0.7758014798164368, "length": 3.9550793170928955, "mode": "train", "epoch": 17}
{"loss": 0.5261801481246948, "acc": 0.7705883383750916, "length": 4.0, "mode": "test", "epoch": 17}
{"loss": 0.4723129868507385, "acc": 0.7780175805091858, "length": 3.968358039855957, "mode": "train", "epoch": 18}
{"loss": 0.516115665435791, "acc": 0.7647058963775635, "length": 4.0, "mode": "test", "epoch": 18}
{"loss": 0.47189030051231384, "acc": 0.7793928980827332, "length": 3.9655909538269043, "mode": "train", "epoch": 19}
{"loss": 0.5066114664077759, "acc": 0.778431236743927, "length": 4.0, "mode": "test", "epoch": 19}
{"loss": 0.45829376578330994, "acc": 0.7885612845420837, "length": 3.974921226501465, "mode": "train", "epoch": 20}
{"loss": 0.4879370629787445, "acc": 0.807843029499054, "length": 4.0, "mode": "test", "epoch": 20}
{"loss": 0.45210176706314087, "acc": 0.7932339906692505, "length": 3.9786460399627686, "mode": "train", "epoch": 21}
{"loss": 0.4870830476284027, "acc": 0.807843029499054, "length": 4.0, "mode": "test", "epoch": 21}
{"loss": 0.44693300127983093, "acc": 0.7859561443328857, "length": 3.9749655723571777, "mode": "train", "epoch": 22}
{"loss": 0.46730777621269226, "acc": 0.8117648959159851, "length": 4.0, "mode": "test", "epoch": 22}
{"loss": 0.44435709714889526, "acc": 0.7913974523544312, "length": 3.9847443103790283, "mode": "train", "epoch": 23}
{"loss": 0.45747750997543335, "acc": 0.8215687274932861, "length": 4.0, "mode": "test", "epoch": 23}
{"loss": 0.4466206133365631, "acc": 0.7867569923400879, "length": 3.9878764152526855, "mode": "train", "epoch": 24}
{"loss": 0.4806266725063324, "acc": 0.7980392575263977, "length": 4.0, "mode": "test", "epoch": 24}
{"loss": 0.43330973386764526, "acc": 0.8072299361228943, "length": 3.9861273765563965, "mode": "train", "epoch": 25}
{"loss": 0.46507972478866577, "acc": 0.8215686678886414, "length": 4.0, "mode": "test", "epoch": 25}
{"loss": 0.4394483268260956, "acc": 0.7888117432594299, "length": 3.9924819469451904, "mode": "train", "epoch": 26}
{"loss": 0.44003528356552124, "acc": 0.8176470398902893, "length": 4.0, "mode": "test", "epoch": 26}
{"loss": 0.426127552986145, "acc": 0.8093552589416504, "length": 3.9907174110412598, "mode": "train", "epoch": 27}
{"loss": 0.44737347960472107, "acc": 0.8039217591285706, "length": 4.0, "mode": "test", "epoch": 27}
{"loss": 0.4323568046092987, "acc": 0.8020817041397095, "length": 3.996068239212036, "mode": "train", "epoch": 28}
{"loss": 0.4475800395011902, "acc": 0.8117647171020508, "length": 4.0, "mode": "test", "epoch": 28}
{"loss": 0.4233849048614502, "acc": 0.8046551942825317, "length": 3.9856836795806885, "mode": "train", "epoch": 29}
{"loss": 0.46250149607658386, "acc": 0.800000011920929, "length": 4.0, "mode": "test", "epoch": 29}
{"loss": 0.41440534591674805, "acc": 0.8113746047019958, "length": 3.996917247772217, "mode": "train", "epoch": 30}
{"loss": 0.4600413739681244, "acc": 0.8098041415214539, "length": 4.0, "mode": "test", "epoch": 30}
{"loss": 0.4079650342464447, "acc": 0.8100656270980835, "length": 3.9927408695220947, "mode": "train", "epoch": 31}
{"loss": 0.45866939425468445, "acc": 0.798039436340332, "length": 4.0, "mode": "test", "epoch": 31}
{"loss": 0.3964652717113495, "acc": 0.823235273361206, "length": 3.9890336990356445, "mode": "train", "epoch": 32}
{"loss": 0.46849605441093445, "acc": 0.8117647171020508, "length": 4.0, "mode": "test", "epoch": 32}
{"loss": 0.39079904556274414, "acc": 0.8220325708389282, "length": 3.99629545211792, "mode": "train", "epoch": 33}
{"loss": 0.4514535367488861, "acc": 0.8019607663154602, "length": 4.0, "mode": "test", "epoch": 33}
{"loss": 0.37142908573150635, "acc": 0.8353100419044495, "length": 3.997443199157715, "mode": "train", "epoch": 34}
{"loss": 0.45636796951293945, "acc": 0.7960783839225769, "length": 4.0, "mode": "test", "epoch": 34}
{"loss": 0.36611971259117126, "acc": 0.8306147456169128, "length": 3.9948573112487793, "mode": "train", "epoch": 35}
{"loss": 0.43889951705932617, "acc": 0.8156864047050476, "length": 4.0, "mode": "test", "epoch": 35}
{"loss": 0.36640095710754395, "acc": 0.8411180973052979, "length": 3.9890103340148926, "mode": "train", "epoch": 36}
{"loss": 0.44476673007011414, "acc": 0.8176471590995789, "length": 4.0, "mode": "test", "epoch": 36}
{"loss": 0.35488465428352356, "acc": 0.8419340252876282, "length": 3.9907398223876953, "mode": "train", "epoch": 37}
{"loss": 0.4460138976573944, "acc": 0.8235294818878174, "length": 4.0, "mode": "test", "epoch": 37}
{"loss": 0.34904348850250244, "acc": 0.8445096015930176, "length": 3.9910266399383545, "mode": "train", "epoch": 38}
{"loss": 0.4213448464870453, "acc": 0.8352941870689392, "length": 4.0, "mode": "test", "epoch": 38}
{"loss": 0.34306418895721436, "acc": 0.8353108763694763, "length": 3.997443437576294, "mode": "train", "epoch": 39}
{"loss": 0.440554141998291, "acc": 0.8274509310722351, "length": 4.0, "mode": "test", "epoch": 39}
{"loss": 0.33352842926979065, "acc": 0.8525875806808472, "length": 3.993522882461548, "mode": "train", "epoch": 40}
{"loss": 0.42569825053215027, "acc": 0.845098078250885, "length": 4.0, "mode": "test", "epoch": 40}
{"loss": 0.33230119943618774, "acc": 0.8604721426963806, "length": 3.9843084812164307, "mode": "train", "epoch": 41}
{"loss": 0.4446510672569275, "acc": 0.833333432674408, "length": 4.0, "mode": "test", "epoch": 41}
{"loss": 0.3227047324180603, "acc": 0.851207971572876, "length": 3.997183084487915, "mode": "train", "epoch": 42}
{"loss": 0.44212421774864197, "acc": 0.8235292434692383, "length": 4.0, "mode": "test", "epoch": 42}
{"loss": 0.32978448271751404, "acc": 0.8532387018203735, "length": 3.9988455772399902, "mode": "train", "epoch": 43}
{"loss": 0.4094182848930359, "acc": 0.8411765694618225, "length": 4.0, "mode": "test", "epoch": 43}
{"loss": 0.3224235475063324, "acc": 0.8598017692565918, "length": 3.9924685955047607, "mode": "train", "epoch": 44}
{"loss": 0.4385244846343994, "acc": 0.8549020290374756, "length": 4.0, "mode": "test", "epoch": 44}
{"loss": 0.3196044862270355, "acc": 0.8592140078544617, "length": 3.9990007877349854, "mode": "train", "epoch": 45}
{"loss": 0.4477614760398865, "acc": 0.8274509906768799, "length": 4.0, "mode": "test", "epoch": 45}
{"loss": 0.3124984800815582, "acc": 0.8656484484672546, "length": 3.9882616996765137, "mode": "train", "epoch": 46}
{"loss": 0.4287707209587097, "acc": 0.8274509906768799, "length": 4.0, "mode": "test", "epoch": 46}
{"loss": 0.31286245584487915, "acc": 0.8633103370666504, "length": 3.9945435523986816, "mode": "train", "epoch": 47}
{"loss": 0.4220975339412689, "acc": 0.841176450252533, "length": 4.0, "mode": "test", "epoch": 47}
{"loss": 0.30155181884765625, "acc": 0.8737431168556213, "length": 3.9955756664276123, "mode": "train", "epoch": 48}
{"loss": 0.40751999616622925, "acc": 0.8313724994659424, "length": 4.0, "mode": "test", "epoch": 48}
{"loss": 0.30451372265815735, "acc": 0.8670640587806702, "length": 3.9834189414978027, "mode": "train", "epoch": 49}
{"loss": 0.40193891525268555, "acc": 0.8411766290664673, "length": 4.0, "mode": "test", "epoch": 49}
{"loss": 0.2991461157798767, "acc": 0.861668050289154, "length": 3.974651336669922, "mode": "train", "epoch": 50}
{"loss": 0.40325456857681274, "acc": 0.8411765694618225, "length": 4.0, "mode": "test", "epoch": 50}
{"loss": 0.2901035249233246, "acc": 0.880962610244751, "length": 3.9897541999816895, "mode": "train", "epoch": 51}
{"loss": 0.4005375802516937, "acc": 0.8392156958580017, "length": 4.0, "mode": "test", "epoch": 51}
{"loss": 0.294421911239624, "acc": 0.8743299245834351, "length": 3.989659309387207, "mode": "train", "epoch": 52}
{"loss": 0.4299595057964325, "acc": 0.8274509906768799, "length": 4.0, "mode": "test", "epoch": 52}
{"loss": 0.29413527250289917, "acc": 0.8721495866775513, "length": 3.9841911792755127, "mode": "train", "epoch": 53}
{"loss": 0.4135248064994812, "acc": 0.8392156958580017, "length": 4.0, "mode": "test", "epoch": 53}
{"loss": 0.26915618777275085, "acc": 0.8864478468894958, "length": 3.999274969100952, "mode": "train", "epoch": 54}
{"loss": 0.40254244208335876, "acc": 0.8411766290664673, "length": 4.0, "mode": "test", "epoch": 54}
{"loss": 0.269987016916275, "acc": 0.887437105178833, "length": 3.9841575622558594, "mode": "train", "epoch": 55}
{"loss": 0.40740710496902466, "acc": 0.841176450252533, "length": 4.0, "mode": "test", "epoch": 55}
{"loss": 0.2697736620903015, "acc": 0.8930734992027283, "length": 3.998913526535034, "mode": "train", "epoch": 56}
{"loss": 0.3875352144241333, "acc": 0.8490197658538818, "length": 4.0, "mode": "test", "epoch": 56}
{"loss": 0.2564660310745239, "acc": 0.897607147693634, "length": 3.993046283721924, "mode": "train", "epoch": 57}
{"loss": 0.3777773976325989, "acc": 0.8509803414344788, "length": 4.0, "mode": "test", "epoch": 57}
{"loss": 0.2560864984989166, "acc": 0.8950206637382507, "length": 3.9881842136383057, "mode": "train", "epoch": 58}
{"loss": 0.39225298166275024, "acc": 0.854901909828186, "length": 4.0, "mode": "test", "epoch": 58}
{"loss": 0.2574973404407501, "acc": 0.8894681930541992, "length": 3.9755029678344727, "mode": "train", "epoch": 59}
{"loss": 0.365179181098938, "acc": 0.8490195870399475, "length": 4.0, "mode": "test", "epoch": 59}
{"loss": 0.2494431436061859, "acc": 0.8977140784263611, "length": 3.9987735748291016, "mode": "train", "epoch": 60}
{"loss": 0.4003453254699707, "acc": 0.8666666150093079, "length": 4.0, "mode": "test", "epoch": 60}
{"loss": 0.24632661044597626, "acc": 0.8965145945549011, "length": 3.978020429611206, "mode": "train", "epoch": 61}
{"loss": 0.41920551657676697, "acc": 0.8666667342185974, "length": 4.0, "mode": "test", "epoch": 61}
{"loss": 0.24899548292160034, "acc": 0.9041469097137451, "length": 3.9937350749969482, "mode": "train", "epoch": 62}
{"loss": 0.401685893535614, "acc": 0.8627451062202454, "length": 4.0, "mode": "test", "epoch": 62}
{"loss": 0.24421627819538116, "acc": 0.8968127965927124, "length": 3.9870355129241943, "mode": "train", "epoch": 63}
{"loss": 0.4169122576713562, "acc": 0.8470588326454163, "length": 4.0, "mode": "test", "epoch": 63}
{"loss": 0.24084943532943726, "acc": 0.9074946045875549, "length": 3.9870221614837646, "mode": "train", "epoch": 64}
{"loss": 0.41168212890625, "acc": 0.8509803414344788, "length": 4.0, "mode": "test", "epoch": 64}
{"loss": 0.2294454276561737, "acc": 0.907584011554718, "length": 3.9929864406585693, "mode": "train", "epoch": 65}
{"loss": 0.4209063947200775, "acc": 0.8490195870399475, "length": 4.0, "mode": "test", "epoch": 65}
{"loss": 0.2281622588634491, "acc": 0.9073999524116516, "length": 3.988614320755005, "mode": "train", "epoch": 66}
{"loss": 0.4421008229255676, "acc": 0.8509803414344788, "length": 4.0, "mode": "test", "epoch": 66}
{"loss": 0.22632138431072235, "acc": 0.9129759073257446, "length": 3.9981656074523926, "mode": "train", "epoch": 67}
{"loss": 0.4362460970878601, "acc": 0.8470588326454163, "length": 4.0, "mode": "test", "epoch": 67}
{"loss": 0.24019744992256165, "acc": 0.8977314829826355, "length": 3.99906325340271, "mode": "train", "epoch": 68}
{"loss": 0.41517120599746704, "acc": 0.8529411554336548, "length": 4.0, "mode": "test", "epoch": 68}
{"loss": 0.23258087038993835, "acc": 0.9003126621246338, "length": 3.9925944805145264, "mode": "train", "epoch": 69}
{"loss": 0.39749568700790405, "acc": 0.8607843518257141, "length": 4.0, "mode": "test", "epoch": 69}
{"loss": 0.21301695704460144, "acc": 0.9169436097145081, "length": 3.998661756515503, "mode": "train", "epoch": 70}
{"loss": 0.4170546233654022, "acc": 0.8607843518257141, "length": 4.0, "mode": "test", "epoch": 70}
{"loss": 0.21907952427864075, "acc": 0.9163095355033875, "length": 3.995824098587036, "mode": "train", "epoch": 71}
{"loss": 0.40268489718437195, "acc": 0.8647059798240662, "length": 4.0, "mode": "test", "epoch": 71}
{"loss": 0.21598641574382782, "acc": 0.9142398238182068, "length": 3.996420383453369, "mode": "train", "epoch": 72}
{"loss": 0.4267478883266449, "acc": 0.8666666150093079, "length": 4.0, "mode": "test", "epoch": 72}
{"loss": 0.2111125886440277, "acc": 0.9142965078353882, "length": 3.9970805644989014, "mode": "train", "epoch": 73}
{"loss": 0.416362464427948, "acc": 0.8607842922210693, "length": 4.0, "mode": "test", "epoch": 73}
{"loss": 0.20320715010166168, "acc": 0.924929678440094, "length": 3.9971413612365723, "mode": "train", "epoch": 74}
{"loss": 0.3856993317604065, "acc": 0.8705882430076599, "length": 4.0, "mode": "test", "epoch": 74}
{"loss": 0.2051345854997635, "acc": 0.9150048494338989, "length": 3.9998252391815186, "mode": "train", "epoch": 75}
{"loss": 0.4009811580181122, "acc": 0.8666666150093079, "length": 4.0, "mode": "test", "epoch": 75}
{"loss": 0.2029481828212738, "acc": 0.9203168749809265, "length": 3.999601364135742, "mode": "train", "epoch": 76}
{"loss": 0.4047424793243408, "acc": 0.847058892250061, "length": 4.0, "mode": "test", "epoch": 76}
{"loss": 0.196893572807312, "acc": 0.9228817820549011, "length": 3.998255968093872, "mode": "train", "epoch": 77}
{"loss": 0.38830214738845825, "acc": 0.8647059798240662, "length": 4.0, "mode": "test", "epoch": 77}
{"loss": 0.20121467113494873, "acc": 0.9208792448043823, "length": 3.9937403202056885, "mode": "train", "epoch": 78}
{"loss": 0.4105874001979828, "acc": 0.8705882430076599, "length": 4.0, "mode": "test", "epoch": 78}
{"loss": 0.19514653086662292, "acc": 0.9262909293174744, "length": 3.9998509883880615, "mode": "train", "epoch": 79}
{"loss": 0.39268916845321655, "acc": 0.8607842922210693, "length": 4.0, "mode": "test", "epoch": 79}
{"loss": 0.1871071755886078, "acc": 0.9275537729263306, "length": 3.996918201446533, "mode": "train", "epoch": 80}
{"loss": 0.37351715564727783, "acc": 0.8647059798240662, "length": 4.0, "mode": "test", "epoch": 80}
{"loss": 0.19740426540374756, "acc": 0.923594057559967, "length": 3.9962308406829834, "mode": "train", "epoch": 81}
{"loss": 0.3997628092765808, "acc": 0.8588235974311829, "length": 4.0, "mode": "test", "epoch": 81}
{"loss": 0.1998434215784073, "acc": 0.9143245816230774, "length": 3.9922242164611816, "mode": "train", "epoch": 82}
{"loss": 0.41446197032928467, "acc": 0.8568627834320068, "length": 4.0, "mode": "test", "epoch": 82}
{"loss": 0.20019179582595825, "acc": 0.9223055839538574, "length": 3.9997074604034424, "mode": "train", "epoch": 83}
{"loss": 0.4101652503013611, "acc": 0.8823529481887817, "length": 4.0, "mode": "test", "epoch": 83}
{"loss": 0.1873820424079895, "acc": 0.9315972328186035, "length": 3.999739646911621, "mode": "train", "epoch": 84}
{"loss": 0.38471490144729614, "acc": 0.8686275482177734, "length": 4.0, "mode": "test", "epoch": 84}
{"loss": 0.18652452528476715, "acc": 0.9308727979660034, "length": 3.9956014156341553, "mode": "train", "epoch": 85}
{"loss": 0.4181675612926483, "acc": 0.8725490570068359, "length": 4.0, "mode": "test", "epoch": 85}
{"loss": 0.19290344417095184, "acc": 0.9236107468605042, "length": 3.999091625213623, "mode": "train", "epoch": 86}
{"loss": 0.3850488066673279, "acc": 0.8803920745849609, "length": 4.0, "mode": "test", "epoch": 86}
{"loss": 0.19183562695980072, "acc": 0.9247691035270691, "length": 3.9909839630126953, "mode": "train", "epoch": 87}
{"loss": 0.39156651496887207, "acc": 0.8803921937942505, "length": 4.0, "mode": "test", "epoch": 87}
{"loss": 0.18879538774490356, "acc": 0.928024411201477, "length": 3.9949862957000732, "mode": "train", "epoch": 88}
{"loss": 0.4086979031562805, "acc": 0.8764705657958984, "length": 4.0, "mode": "test", "epoch": 88}
{"loss": 0.17961308360099792, "acc": 0.928931474685669, "length": 3.9993507862091064, "mode": "train", "epoch": 89}
{"loss": 0.4686453938484192, "acc": 0.8803921937942505, "length": 4.0, "mode": "test", "epoch": 89}
{"loss": 0.1857920140028, "acc": 0.9322777390480042, "length": 3.9989938735961914, "mode": "train", "epoch": 90}
{"loss": 0.4695296287536621, "acc": 0.8607844710350037, "length": 4.0, "mode": "test", "epoch": 90}
{"loss": 0.1844385862350464, "acc": 0.9296132326126099, "length": 3.999833345413208, "mode": "train", "epoch": 91}
{"loss": 0.3991951644420624, "acc": 0.8666667342185974, "length": 4.0, "mode": "test", "epoch": 91}
{"loss": 0.19045290350914001, "acc": 0.926957368850708, "length": 3.9999289512634277, "mode": "train", "epoch": 92}
{"loss": 0.4602820873260498, "acc": 0.8764705061912537, "length": 4.0, "mode": "test", "epoch": 92}
{"loss": 0.19304466247558594, "acc": 0.9256300926208496, "length": 3.9999547004699707, "mode": "train", "epoch": 93}
{"loss": 0.4249371290206909, "acc": 0.8784314393997192, "length": 4.0, "mode": "test", "epoch": 93}
{"loss": 0.17615003883838654, "acc": 0.9374725818634033, "length": 3.997382879257202, "mode": "train", "epoch": 94}
{"loss": 0.4192568063735962, "acc": 0.8647059798240662, "length": 4.0, "mode": "test", "epoch": 94}
{"loss": 0.1786046028137207, "acc": 0.9269163012504578, "length": 3.9988784790039062, "mode": "train", "epoch": 95}
{"loss": 0.4529341161251068, "acc": 0.8686275482177734, "length": 4.0, "mode": "test", "epoch": 95}
{"loss": 0.1741088479757309, "acc": 0.9314971566200256, "length": 3.9964826107025146, "mode": "train", "epoch": 96}
{"loss": 0.3729169964790344, "acc": 0.8784316182136536, "length": 4.0, "mode": "test", "epoch": 96}
{"loss": 0.16513870656490326, "acc": 0.9409003853797913, "length": 3.9996652603149414, "mode": "train", "epoch": 97}
{"loss": 0.3792276084423065, "acc": 0.8803922533988953, "length": 4.0, "mode": "test", "epoch": 97}
{"loss": 0.16907617449760437, "acc": 0.9369151592254639, "length": 3.9998512268066406, "mode": "train", "epoch": 98}
{"loss": 0.383731484413147, "acc": 0.878431499004364, "length": 4.0, "mode": "test", "epoch": 98}
{"loss": 0.16170285642147064, "acc": 0.9388427734375, "length": 3.998502016067505, "mode": "train", "epoch": 99}
{"loss": 0.4191409945487976, "acc": 0.8666666150093079, "length": 4.0, "mode": "test", "epoch": 99}
{"loss": 0.15750335156917572, "acc": 0.9389092922210693, "length": 3.9999072551727295, "mode": "train", "epoch": 100}
{"loss": 0.43446946144104004, "acc": 0.8705883026123047, "length": 4.0, "mode": "test", "epoch": 100}
test accuracy: 0.831597089767456
