# ["--attributes=3", "--values=3", "--game_size=10", "--vocab_size_factor=3", "--n_epochs=100", "--batch_size=64", "--learning_rate=0.0005", "--hidden_size=128", "--temp_update=0.99", "--temperature=1"]
Creating train_ds and val_ds...

Creating test_ds...
{"loss": 0.6930974125862122, "acc": 0.5236210823059082, "length": 3.4977340698242188, "mode": "train", "epoch": 1}
{"loss": 0.6811673045158386, "acc": 0.607613742351532, "length": 2.0035336017608643, "mode": "test", "epoch": 1}
{"loss": 0.6899231672286987, "acc": 0.5389086008071899, "length": 3.480790376663208, "mode": "train", "epoch": 2}
{"loss": 0.675536572933197, "acc": 0.6384602189064026, "length": 2.173144817352295, "mode": "test", "epoch": 2}
{"loss": 0.6817322969436646, "acc": 0.5756659507751465, "length": 3.276806116104126, "mode": "train", "epoch": 3}
{"loss": 0.6618733406066895, "acc": 0.6936033964157104, "length": 2.3957598209381104, "mode": "test", "epoch": 3}
{"loss": 0.6557345390319824, "acc": 0.6391585469245911, "length": 3.0956974029541016, "mode": "train", "epoch": 4}
{"loss": 0.6212820410728455, "acc": 0.702112078666687, "length": 3.159010648727417, "mode": "test", "epoch": 4}
{"loss": 0.6079984903335571, "acc": 0.6941549777984619, "length": 3.37131667137146, "mode": "train", "epoch": 5}
{"loss": 0.5666155815124512, "acc": 0.7114842534065247, "length": 4.0, "mode": "test", "epoch": 5}
{"loss": 0.5547641515731812, "acc": 0.7193259000778198, "length": 3.8737142086029053, "mode": "train", "epoch": 6}
{"loss": 0.5260823965072632, "acc": 0.7501766085624695, "length": 4.0, "mode": "test", "epoch": 6}
{"loss": 0.5196763277053833, "acc": 0.7669905424118042, "length": 3.9649531841278076, "mode": "train", "epoch": 7}
{"loss": 0.4956904947757721, "acc": 0.7890458703041077, "length": 4.0, "mode": "test", "epoch": 7}
{"loss": 0.47460585832595825, "acc": 0.7826247811317444, "length": 3.9757795333862305, "mode": "train", "epoch": 8}
{"loss": 0.4612577557563782, "acc": 0.7909894585609436, "length": 4.0, "mode": "test", "epoch": 8}
{"loss": 0.4291873276233673, "acc": 0.8031594157218933, "length": 3.989405632019043, "mode": "train", "epoch": 9}
{"loss": 0.4222218692302704, "acc": 0.813957691192627, "length": 4.0, "mode": "test", "epoch": 9}
{"loss": 0.4065442979335785, "acc": 0.827627956867218, "length": 3.9868030548095703, "mode": "train", "epoch": 10}
{"loss": 0.40841513872146606, "acc": 0.8201411962509155, "length": 4.0, "mode": "test", "epoch": 10}
{"loss": 0.3926536440849304, "acc": 0.8317882418632507, "length": 3.99088978767395, "mode": "train", "epoch": 11}
{"loss": 0.4142565429210663, "acc": 0.8252650499343872, "length": 4.0, "mode": "test", "epoch": 11}
{"loss": 0.3724595308303833, "acc": 0.8383306264877319, "length": 3.9894206523895264, "mode": "train", "epoch": 12}
{"loss": 0.40626636147499084, "acc": 0.8265016078948975, "length": 4.0, "mode": "test", "epoch": 12}
{"loss": 0.3606731593608856, "acc": 0.8404029607772827, "length": 3.993300199508667, "mode": "train", "epoch": 13}
{"loss": 0.41025277972221375, "acc": 0.825441837310791, "length": 4.0, "mode": "test", "epoch": 13}
{"loss": 0.3620831072330475, "acc": 0.8446194529533386, "length": 3.995649814605713, "mode": "train", "epoch": 14}
{"loss": 0.3913995325565338, "acc": 0.8247349262237549, "length": 4.0, "mode": "test", "epoch": 14}
{"loss": 0.358650267124176, "acc": 0.8528827428817749, "length": 3.9927351474761963, "mode": "train", "epoch": 15}
{"loss": 0.38240325450897217, "acc": 0.8319789171218872, "length": 4.0, "mode": "test", "epoch": 15}
{"loss": 0.3296665847301483, "acc": 0.8576680421829224, "length": 3.9932539463043213, "mode": "train", "epoch": 16}
{"loss": 0.3596517741680145, "acc": 0.8464663624763489, "length": 4.0, "mode": "test", "epoch": 16}
{"loss": 0.32709795236587524, "acc": 0.8580836057662964, "length": 3.9938879013061523, "mode": "train", "epoch": 17}
{"loss": 0.3481059968471527, "acc": 0.8501765727996826, "length": 4.0, "mode": "test", "epoch": 17}
{"loss": 0.3187152147293091, "acc": 0.8646286129951477, "length": 3.9959020614624023, "mode": "train", "epoch": 18}
{"loss": 0.3114326298236847, "acc": 0.8720847368240356, "length": 4.0, "mode": "test", "epoch": 18}
{"loss": 0.30490294098854065, "acc": 0.8716310262680054, "length": 3.9904208183288574, "mode": "train", "epoch": 19}
{"loss": 0.3052694499492645, "acc": 0.8699646592140198, "length": 4.0, "mode": "test", "epoch": 19}
{"loss": 0.31064972281455994, "acc": 0.8766058087348938, "length": 3.9939002990722656, "mode": "train", "epoch": 20}
{"loss": 0.3074134290218353, "acc": 0.8706713318824768, "length": 4.0, "mode": "test", "epoch": 20}
{"loss": 0.29643774032592773, "acc": 0.8760315179824829, "length": 3.996854305267334, "mode": "train", "epoch": 21}
{"loss": 0.2970993220806122, "acc": 0.8779152035713196, "length": 4.0, "mode": "test", "epoch": 21}
{"loss": 0.2897043824195862, "acc": 0.8837473392486572, "length": 3.9945473670959473, "mode": "train", "epoch": 22}
{"loss": 0.28850656747817993, "acc": 0.8789752721786499, "length": 4.0, "mode": "test", "epoch": 22}
{"loss": 0.28877201676368713, "acc": 0.8863328099250793, "length": 3.9986910820007324, "mode": "train", "epoch": 23}
{"loss": 0.2779413163661957, "acc": 0.8823322057723999, "length": 4.0, "mode": "test", "epoch": 23}
{"loss": 0.2836613357067108, "acc": 0.8865715265274048, "length": 3.9985878467559814, "mode": "train", "epoch": 24}
{"loss": 0.2902514934539795, "acc": 0.8851589560508728, "length": 4.0, "mode": "test", "epoch": 24}
{"loss": 0.26377004384994507, "acc": 0.8943109512329102, "length": 3.997739553451538, "mode": "train", "epoch": 25}
{"loss": 0.2686256766319275, "acc": 0.8968198895454407, "length": 4.0, "mode": "test", "epoch": 25}
{"loss": 0.2581721246242523, "acc": 0.8963168263435364, "length": 3.9987101554870605, "mode": "train", "epoch": 26}
{"loss": 0.2636195123195648, "acc": 0.8938162922859192, "length": 4.0, "mode": "test", "epoch": 26}
{"loss": 0.2544526159763336, "acc": 0.8990337252616882, "length": 3.9985268115997314, "mode": "train", "epoch": 27}
{"loss": 0.2509016692638397, "acc": 0.8978798389434814, "length": 4.0, "mode": "test", "epoch": 27}
{"loss": 0.2523042559623718, "acc": 0.9002684354782104, "length": 3.9985580444335938, "mode": "train", "epoch": 28}
{"loss": 0.25829413533210754, "acc": 0.9021202325820923, "length": 4.0, "mode": "test", "epoch": 28}
{"loss": 0.24828371405601501, "acc": 0.9030416011810303, "length": 3.9979374408721924, "mode": "train", "epoch": 29}
{"loss": 0.25138911604881287, "acc": 0.9028270840644836, "length": 4.0, "mode": "test", "epoch": 29}
{"loss": 0.24424520134925842, "acc": 0.9072409868240356, "length": 3.9987213611602783, "mode": "train", "epoch": 30}
{"loss": 0.2418898344039917, "acc": 0.9077738523483276, "length": 4.0, "mode": "test", "epoch": 30}
{"loss": 0.24673369526863098, "acc": 0.9083942770957947, "length": 3.9971463680267334, "mode": "train", "epoch": 31}
{"loss": 0.23598213493824005, "acc": 0.9065370559692383, "length": 4.0, "mode": "test", "epoch": 31}
{"loss": 0.23335570096969604, "acc": 0.9142904281616211, "length": 3.9970767498016357, "mode": "train", "epoch": 32}
{"loss": 0.232377290725708, "acc": 0.9109541177749634, "length": 4.0, "mode": "test", "epoch": 32}
{"loss": 0.22937890887260437, "acc": 0.9133934378623962, "length": 3.999603271484375, "mode": "train", "epoch": 33}
{"loss": 0.22741346061229706, "acc": 0.9077738523483276, "length": 4.0, "mode": "test", "epoch": 33}
{"loss": 0.22293223440647125, "acc": 0.9202871322631836, "length": 3.999114513397217, "mode": "train", "epoch": 34}
{"loss": 0.23143748939037323, "acc": 0.9111307859420776, "length": 4.0, "mode": "test", "epoch": 34}
{"loss": 0.2189294695854187, "acc": 0.9211785793304443, "length": 3.999255657196045, "mode": "train", "epoch": 35}
{"loss": 0.22291317582130432, "acc": 0.9159011244773865, "length": 4.0, "mode": "test", "epoch": 35}
{"loss": 0.21875588595867157, "acc": 0.9178145527839661, "length": 3.9986515045166016, "mode": "train", "epoch": 36}
{"loss": 0.21970470249652863, "acc": 0.9181979894638062, "length": 4.0, "mode": "test", "epoch": 36}
{"loss": 0.20984582602977753, "acc": 0.9198750257492065, "length": 3.9991366863250732, "mode": "train", "epoch": 37}
{"loss": 0.21417978405952454, "acc": 0.9125440716743469, "length": 4.0, "mode": "test", "epoch": 37}
{"loss": 0.2182305008172989, "acc": 0.9192288517951965, "length": 3.999244213104248, "mode": "train", "epoch": 38}
{"loss": 0.20599423348903656, "acc": 0.9141343235969543, "length": 4.0, "mode": "test", "epoch": 38}
{"loss": 0.20476649701595306, "acc": 0.9224720001220703, "length": 3.9984912872314453, "mode": "train", "epoch": 39}
{"loss": 0.20791606605052948, "acc": 0.919611394405365, "length": 4.0, "mode": "test", "epoch": 39}
{"loss": 0.2064312994480133, "acc": 0.9267932176589966, "length": 3.9997668266296387, "mode": "train", "epoch": 40}
{"loss": 0.1996506154537201, "acc": 0.9204946756362915, "length": 4.0, "mode": "test", "epoch": 40}
{"loss": 0.19840911030769348, "acc": 0.9269112348556519, "length": 3.9996330738067627, "mode": "train", "epoch": 41}
{"loss": 0.20423570275306702, "acc": 0.9203179478645325, "length": 4.0, "mode": "test", "epoch": 41}
{"loss": 0.19044306874275208, "acc": 0.930506706237793, "length": 3.9990856647491455, "mode": "train", "epoch": 42}
{"loss": 0.19563189148902893, "acc": 0.9240282773971558, "length": 4.0, "mode": "test", "epoch": 42}
{"loss": 0.19547073543071747, "acc": 0.9256150722503662, "length": 3.999763250350952, "mode": "train", "epoch": 43}
{"loss": 0.19288547337055206, "acc": 0.9201414585113525, "length": 4.0, "mode": "test", "epoch": 43}
{"loss": 0.1823815256357193, "acc": 0.9331191778182983, "length": 3.996238946914673, "mode": "train", "epoch": 44}
{"loss": 0.1826787292957306, "acc": 0.9295052289962769, "length": 4.0, "mode": "test", "epoch": 44}
{"loss": 0.17940552532672882, "acc": 0.9347091913223267, "length": 3.9999351501464844, "mode": "train", "epoch": 45}
{"loss": 0.18432967364788055, "acc": 0.9284451007843018, "length": 4.0, "mode": "test", "epoch": 45}
{"loss": 0.18030670285224915, "acc": 0.9357669353485107, "length": 3.9998278617858887, "mode": "train", "epoch": 46}
{"loss": 0.1808597296476364, "acc": 0.9291518926620483, "length": 4.0, "mode": "test", "epoch": 46}
{"loss": 0.17981664836406708, "acc": 0.9345908761024475, "length": 3.999915361404419, "mode": "train", "epoch": 47}
{"loss": 0.18846972286701202, "acc": 0.9249115586280823, "length": 4.0, "mode": "test", "epoch": 47}
{"loss": 0.17002686858177185, "acc": 0.9361103773117065, "length": 3.9993977546691895, "mode": "train", "epoch": 48}
{"loss": 0.1781921684741974, "acc": 0.9323319792747498, "length": 4.0, "mode": "test", "epoch": 48}
{"loss": 0.17107616364955902, "acc": 0.9385300874710083, "length": 3.9987986087799072, "mode": "train", "epoch": 49}
{"loss": 0.1773703545331955, "acc": 0.9383392930030823, "length": 4.0, "mode": "test", "epoch": 49}
{"loss": 0.16779597103595734, "acc": 0.9388406872749329, "length": 3.9998857975006104, "mode": "train", "epoch": 50}
{"loss": 0.1828250139951706, "acc": 0.9282684922218323, "length": 4.0, "mode": "test", "epoch": 50}
{"loss": 0.16851745545864105, "acc": 0.938840389251709, "length": 3.999915361404419, "mode": "train", "epoch": 51}
{"loss": 0.16807973384857178, "acc": 0.9395759701728821, "length": 4.0, "mode": "test", "epoch": 51}
{"loss": 0.16303308308124542, "acc": 0.9407235980033875, "length": 3.999727964401245, "mode": "train", "epoch": 52}
{"loss": 0.17124460637569427, "acc": 0.9427563548088074, "length": 4.0, "mode": "test", "epoch": 52}
{"loss": 0.15345965325832367, "acc": 0.9434446692466736, "length": 3.999885320663452, "mode": "train", "epoch": 53}
{"loss": 0.17062000930309296, "acc": 0.9402827024459839, "length": 4.0, "mode": "test", "epoch": 53}
{"loss": 0.15592657029628754, "acc": 0.9456828832626343, "length": 3.9995501041412354, "mode": "train", "epoch": 54}
{"loss": 0.1622762829065323, "acc": 0.9393994212150574, "length": 4.0, "mode": "test", "epoch": 54}
{"loss": 0.15165923535823822, "acc": 0.9465766549110413, "length": 3.9971792697906494, "mode": "train", "epoch": 55}
{"loss": 0.15733014047145844, "acc": 0.9422261118888855, "length": 4.0, "mode": "test", "epoch": 55}
{"loss": 0.15058115124702454, "acc": 0.9469841718673706, "length": 3.9998221397399902, "mode": "train", "epoch": 56}
{"loss": 0.1677127629518509, "acc": 0.9415194988250732, "length": 4.0, "mode": "test", "epoch": 56}
{"loss": 0.1434762328863144, "acc": 0.9473404884338379, "length": 3.999906063079834, "mode": "train", "epoch": 57}
{"loss": 0.15777179598808289, "acc": 0.941872775554657, "length": 4.0, "mode": "test", "epoch": 57}
{"loss": 0.14025184512138367, "acc": 0.9502353668212891, "length": 3.999972105026245, "mode": "train", "epoch": 58}
{"loss": 0.1537507325410843, "acc": 0.9432862401008606, "length": 4.0, "mode": "test", "epoch": 58}
{"loss": 0.1387585997581482, "acc": 0.9508245587348938, "length": 3.999953269958496, "mode": "train", "epoch": 59}
{"loss": 0.1564559042453766, "acc": 0.9424027800559998, "length": 4.0, "mode": "test", "epoch": 59}
{"loss": 0.1376870721578598, "acc": 0.9498177170753479, "length": 3.9998552799224854, "mode": "train", "epoch": 60}
{"loss": 0.1622805893421173, "acc": 0.9468197226524353, "length": 4.0, "mode": "test", "epoch": 60}
{"loss": 0.14309243857860565, "acc": 0.9487570524215698, "length": 3.999878406524658, "mode": "train", "epoch": 61}
{"loss": 0.1694827675819397, "acc": 0.9367491602897644, "length": 4.0, "mode": "test", "epoch": 61}
{"loss": 0.1514345407485962, "acc": 0.9438604116439819, "length": 3.9999895095825195, "mode": "train", "epoch": 62}
{"loss": 0.15378054976463318, "acc": 0.9438161849975586, "length": 4.0, "mode": "test", "epoch": 62}
{"loss": 0.13946640491485596, "acc": 0.9495859742164612, "length": 3.9999797344207764, "mode": "train", "epoch": 63}
{"loss": 0.14397931098937988, "acc": 0.9508833289146423, "length": 4.0, "mode": "test", "epoch": 63}
{"loss": 0.13851116597652435, "acc": 0.9473774433135986, "length": 3.997913122177124, "mode": "train", "epoch": 64}
{"loss": 0.15487045049667358, "acc": 0.9401061534881592, "length": 4.0, "mode": "test", "epoch": 64}
{"loss": 0.13230375945568085, "acc": 0.9514142870903015, "length": 3.999901056289673, "mode": "train", "epoch": 65}
{"loss": 0.15584123134613037, "acc": 0.9434630274772644, "length": 4.0, "mode": "test", "epoch": 65}
{"loss": 0.13309234380722046, "acc": 0.9496952891349792, "length": 3.9997472763061523, "mode": "train", "epoch": 66}
{"loss": 0.14756231009960175, "acc": 0.9427561163902283, "length": 4.0, "mode": "test", "epoch": 66}
{"loss": 0.124838687479496, "acc": 0.9517699480056763, "length": 3.999967336654663, "mode": "train", "epoch": 67}
{"loss": 0.14524100720882416, "acc": 0.9468198418617249, "length": 4.0, "mode": "test", "epoch": 67}
{"loss": 0.12205875664949417, "acc": 0.9543672204017639, "length": 3.99997878074646, "mode": "train", "epoch": 68}
{"loss": 0.14652590453624725, "acc": 0.9492932558059692, "length": 4.0, "mode": "test", "epoch": 68}
{"loss": 0.12183434516191483, "acc": 0.9569650888442993, "length": 3.999985694885254, "mode": "train", "epoch": 69}
{"loss": 0.13530059158802032, "acc": 0.9526501893997192, "length": 4.0, "mode": "test", "epoch": 69}
{"loss": 0.12449928373098373, "acc": 0.9538365006446838, "length": 3.999983787536621, "mode": "train", "epoch": 70}
{"loss": 0.14592140913009644, "acc": 0.9545935988426208, "length": 4.0, "mode": "test", "epoch": 70}
{"loss": 0.13186705112457275, "acc": 0.9521706104278564, "length": 3.99884295463562, "mode": "train", "epoch": 71}
{"loss": 0.1413564383983612, "acc": 0.9448763132095337, "length": 4.0, "mode": "test", "epoch": 71}
{"loss": 0.127073273062706, "acc": 0.9536594748497009, "length": 3.999988555908203, "mode": "train", "epoch": 72}
{"loss": 0.14676609635353088, "acc": 0.9413427114486694, "length": 4.0, "mode": "test", "epoch": 72}
{"loss": 0.11884961277246475, "acc": 0.9592680931091309, "length": 3.9999990463256836, "mode": "train", "epoch": 73}
{"loss": 0.14801570773124695, "acc": 0.9480565190315247, "length": 4.0, "mode": "test", "epoch": 73}
{"loss": 0.11330267786979675, "acc": 0.9611550569534302, "length": 3.9999630451202393, "mode": "train", "epoch": 74}
{"loss": 0.14219266176223755, "acc": 0.9454063177108765, "length": 4.0, "mode": "test", "epoch": 74}
{"loss": 0.11144964396953583, "acc": 0.9610381126403809, "length": 3.9999711513519287, "mode": "train", "epoch": 75}
{"loss": 0.13170002400875092, "acc": 0.9492933750152588, "length": 4.0, "mode": "test", "epoch": 75}
{"loss": 0.11690143495798111, "acc": 0.9548185467720032, "length": 3.9989426136016846, "mode": "train", "epoch": 76}
{"loss": 0.13081605732440948, "acc": 0.9503532648086548, "length": 4.0, "mode": "test", "epoch": 76}
{"loss": 0.11026287823915482, "acc": 0.9611563682556152, "length": 3.999981641769409, "mode": "train", "epoch": 77}
{"loss": 0.13951408863067627, "acc": 0.9524735808372498, "length": 4.0, "mode": "test", "epoch": 77}
{"loss": 0.11103371530771255, "acc": 0.9618058204650879, "length": 3.999976634979248, "mode": "train", "epoch": 78}
{"loss": 0.12687452137470245, "acc": 0.9537101984024048, "length": 4.0, "mode": "test", "epoch": 78}
{"loss": 0.11056528985500336, "acc": 0.9639313817024231, "length": 3.9999983310699463, "mode": "train", "epoch": 79}
{"loss": 0.13985231518745422, "acc": 0.9595407247543335, "length": 4.0, "mode": "test", "epoch": 79}
{"loss": 0.11408720165491104, "acc": 0.9591858386993408, "length": 3.9993104934692383, "mode": "train", "epoch": 80}
{"loss": 0.13968752324581146, "acc": 0.9593639373779297, "length": 4.0, "mode": "test", "epoch": 80}
{"loss": 0.1387941539287567, "acc": 0.9531285762786865, "length": 3.999992847442627, "mode": "train", "epoch": 81}
{"loss": 0.13596491515636444, "acc": 0.9538867473602295, "length": 4.0, "mode": "test", "epoch": 81}
{"loss": 0.13837933540344238, "acc": 0.9493495225906372, "length": 3.9999752044677734, "mode": "train", "epoch": 82}
{"loss": 0.1509833186864853, "acc": 0.9455830454826355, "length": 4.0, "mode": "test", "epoch": 82}
{"loss": 0.11906532198190689, "acc": 0.9586777091026306, "length": 3.999999523162842, "mode": "train", "epoch": 83}
{"loss": 0.15025468170642853, "acc": 0.9487630128860474, "length": 4.0, "mode": "test", "epoch": 83}
{"loss": 0.1289157271385193, "acc": 0.9560207724571228, "length": 3.999986171722412, "mode": "train", "epoch": 84}
{"loss": 0.14351783692836761, "acc": 0.948763370513916, "length": 4.0, "mode": "test", "epoch": 84}
{"loss": 0.11730773746967316, "acc": 0.9587357044219971, "length": 3.999976873397827, "mode": "train", "epoch": 85}
{"loss": 0.149543896317482, "acc": 0.9545937180519104, "length": 4.0, "mode": "test", "epoch": 85}
{"loss": 0.10399122536182404, "acc": 0.9630436897277832, "length": 3.999952793121338, "mode": "train", "epoch": 86}
{"loss": 0.1326984465122223, "acc": 0.9521201848983765, "length": 4.0, "mode": "test", "epoch": 86}
{"loss": 0.10543795675039291, "acc": 0.9639312624931335, "length": 3.9999969005584717, "mode": "train", "epoch": 87}
{"loss": 0.14709730446338654, "acc": 0.9560070037841797, "length": 4.0, "mode": "test", "epoch": 87}
{"loss": 0.10217489302158356, "acc": 0.9629855751991272, "length": 3.9999423027038574, "mode": "train", "epoch": 88}
{"loss": 0.13554443418979645, "acc": 0.9545937180519104, "length": 4.0, "mode": "test", "epoch": 88}
{"loss": 0.10867303609848022, "acc": 0.9626326560974121, "length": 3.9999988079071045, "mode": "train", "epoch": 89}
{"loss": 0.1235552579164505, "acc": 0.9556536674499512, "length": 4.0, "mode": "test", "epoch": 89}
{"loss": 0.10169845074415207, "acc": 0.9641085863113403, "length": 3.999998092651367, "mode": "train", "epoch": 90}
{"loss": 0.1271142214536667, "acc": 0.959894061088562, "length": 4.0, "mode": "test", "epoch": 90}
{"loss": 0.09892009198665619, "acc": 0.9653482437133789, "length": 3.9999983310699463, "mode": "train", "epoch": 91}
{"loss": 0.13790997862815857, "acc": 0.9524734616279602, "length": 4.0, "mode": "test", "epoch": 91}
{"loss": 0.1015574187040329, "acc": 0.9659975171089172, "length": 3.99999737739563, "mode": "train", "epoch": 92}
{"loss": 0.13358700275421143, "acc": 0.9545937180519104, "length": 4.0, "mode": "test", "epoch": 92}
{"loss": 0.09781204164028168, "acc": 0.9680044054985046, "length": 3.999993324279785, "mode": "train", "epoch": 93}
{"loss": 0.1311609297990799, "acc": 0.95706707239151, "length": 4.0, "mode": "test", "epoch": 93}
{"loss": 0.1004338413476944, "acc": 0.9690082669258118, "length": 3.999997138977051, "mode": "train", "epoch": 94}
{"loss": 0.1335536688566208, "acc": 0.9558303952217102, "length": 4.0, "mode": "test", "epoch": 94}
{"loss": 0.09182215481996536, "acc": 0.9700703620910645, "length": 3.9999871253967285, "mode": "train", "epoch": 95}
{"loss": 0.1291513293981552, "acc": 0.9614842534065247, "length": 4.0, "mode": "test", "epoch": 95}
{"loss": 0.09718979895114899, "acc": 0.9705427289009094, "length": 3.999993324279785, "mode": "train", "epoch": 96}
{"loss": 0.12278725206851959, "acc": 0.9623675346374512, "length": 4.0, "mode": "test", "epoch": 96}
{"loss": 0.08733994513750076, "acc": 0.9729635119438171, "length": 3.999999761581421, "mode": "train", "epoch": 97}
{"loss": 0.1244019865989685, "acc": 0.9623674154281616, "length": 4.0, "mode": "test", "epoch": 97}
{"loss": 0.09190644323825836, "acc": 0.969597339630127, "length": 3.999973773956299, "mode": "train", "epoch": 98}
{"loss": 0.12383222579956055, "acc": 0.9627208709716797, "length": 4.0, "mode": "test", "epoch": 98}
{"loss": 0.09010464698076248, "acc": 0.9697158932685852, "length": 3.9999749660491943, "mode": "train", "epoch": 99}
{"loss": 0.13411812484264374, "acc": 0.9606006145477295, "length": 4.0, "mode": "test", "epoch": 99}
{"loss": 0.0936196893453598, "acc": 0.97015380859375, "length": 3.9988198280334473, "mode": "train", "epoch": 100}
{"loss": 0.14357778429985046, "acc": 0.9563605189323425, "length": 4.0, "mode": "test", "epoch": 100}
test accuracy: 0.7154839038848877
