# ["--attributes=3", "--values=4", "--game_size=3", "--vocab_size_factor=3", "--n_epochs=100", "--batch_size=32", "--learning_rate=0.001", "--hidden_size=256", "--temp_update=0.99", "--temperature=2"]
Creating train_ds and val_ds...

Creating test_ds...
{"loss": 0.7122687697410583, "acc": 0.5101244449615479, "length": 3.0709004402160645, "mode": "train", "epoch": 1}
{"loss": 0.7049157023429871, "acc": 0.4787038266658783, "length": 1.0, "mode": "test", "epoch": 1}
{"loss": 0.6957353949546814, "acc": 0.5104877352714539, "length": 1.0971671342849731, "mode": "train", "epoch": 2}
{"loss": 0.6945611834526062, "acc": 0.5111111402511597, "length": 1.0, "mode": "test", "epoch": 2}
{"loss": 0.6961150765419006, "acc": 0.5256526470184326, "length": 1.0186086893081665, "mode": "train", "epoch": 3}
{"loss": 0.6963374018669128, "acc": 0.5175925493240356, "length": 1.0, "mode": "test", "epoch": 3}
{"loss": 0.6949666142463684, "acc": 0.5143737196922302, "length": 1.068631887435913, "mode": "train", "epoch": 4}
{"loss": 0.6982883214950562, "acc": 0.5027778744697571, "length": 1.0, "mode": "test", "epoch": 4}
{"loss": 0.651773989200592, "acc": 0.626268744468689, "length": 1.975544810295105, "mode": "train", "epoch": 5}
{"loss": 0.6086941957473755, "acc": 0.6849074363708496, "length": 2.4000000953674316, "mode": "test", "epoch": 5}
{"loss": 0.5999020338058472, "acc": 0.6725621819496155, "length": 2.3094773292541504, "mode": "train", "epoch": 6}
{"loss": 0.5875083208084106, "acc": 0.6762905716896057, "length": 2.5333333015441895, "mode": "test", "epoch": 6}
{"loss": 0.5784721970558167, "acc": 0.701102614402771, "length": 2.5520882606506348, "mode": "train", "epoch": 7}
{"loss": 0.5712594985961914, "acc": 0.7079340219497681, "length": 2.5333333015441895, "mode": "test", "epoch": 7}
{"loss": 0.5470486283302307, "acc": 0.7250819206237793, "length": 2.615975856781006, "mode": "train", "epoch": 8}
{"loss": 0.5400827527046204, "acc": 0.7450579404830933, "length": 2.7333333492279053, "mode": "test", "epoch": 8}
{"loss": 0.5095679759979248, "acc": 0.7670221924781799, "length": 2.814868211746216, "mode": "train", "epoch": 9}
{"loss": 0.5576751232147217, "acc": 0.750636637210846, "length": 2.950000047683716, "mode": "test", "epoch": 9}
{"loss": 0.49446481466293335, "acc": 0.7761343717575073, "length": 2.8468422889709473, "mode": "train", "epoch": 10}
{"loss": 0.5283007025718689, "acc": 0.7582755088806152, "length": 2.933333396911621, "mode": "test", "epoch": 10}
{"loss": 0.46566155552864075, "acc": 0.7939197421073914, "length": 2.9593772888183594, "mode": "train", "epoch": 11}
{"loss": 0.547910213470459, "acc": 0.7516782879829407, "length": 3.0, "mode": "test", "epoch": 11}
{"loss": 0.43919387459754944, "acc": 0.8063947558403015, "length": 3.286088705062866, "mode": "train", "epoch": 12}
{"loss": 0.5142862200737, "acc": 0.775636613368988, "length": 3.2166666984558105, "mode": "test", "epoch": 12}
{"loss": 0.4134354591369629, "acc": 0.8219496011734009, "length": 3.3510820865631104, "mode": "train", "epoch": 13}
{"loss": 0.48487770557403564, "acc": 0.8128703832626343, "length": 3.4833333492279053, "mode": "test", "epoch": 13}
{"loss": 0.38839849829673767, "acc": 0.8461998105049133, "length": 3.49589467048645, "mode": "train", "epoch": 14}
{"loss": 0.5136145353317261, "acc": 0.7851563096046448, "length": 3.549999952316284, "mode": "test", "epoch": 14}
{"loss": 0.3763379454612732, "acc": 0.8444526195526123, "length": 3.545546531677246, "mode": "train", "epoch": 15}
{"loss": 0.4803360104560852, "acc": 0.8008912205696106, "length": 3.4166667461395264, "mode": "test", "epoch": 15}
{"loss": 0.34918299317359924, "acc": 0.859552800655365, "length": 3.517892360687256, "mode": "train", "epoch": 16}
{"loss": 0.44997841119766235, "acc": 0.8140799403190613, "length": 3.5, "mode": "test", "epoch": 16}
{"loss": 0.3274042010307312, "acc": 0.8666951060295105, "length": 3.52473783493042, "mode": "train", "epoch": 17}
{"loss": 0.46003565192222595, "acc": 0.8105555772781372, "length": 3.5, "mode": "test", "epoch": 17}
{"loss": 0.317025363445282, "acc": 0.869020402431488, "length": 3.554506778717041, "mode": "train", "epoch": 18}
{"loss": 0.46631449460983276, "acc": 0.8060764670372009, "length": 3.5333333015441895, "mode": "test", "epoch": 18}
{"loss": 0.30130329728126526, "acc": 0.8777537941932678, "length": 3.5798487663269043, "mode": "train", "epoch": 19}
{"loss": 0.4790654182434082, "acc": 0.8212906122207642, "length": 3.5333333015441895, "mode": "test", "epoch": 19}
{"loss": 0.3013179302215576, "acc": 0.8776675462722778, "length": 3.546929359436035, "mode": "train", "epoch": 20}
{"loss": 0.4462030827999115, "acc": 0.832615852355957, "length": 3.5999999046325684, "mode": "test", "epoch": 20}
{"loss": 0.2839285135269165, "acc": 0.887405514717102, "length": 3.5921263694763184, "mode": "train", "epoch": 21}
{"loss": 0.45184653997421265, "acc": 0.8324074745178223, "length": 3.683333396911621, "mode": "test", "epoch": 21}
{"loss": 0.272413045167923, "acc": 0.8903322815895081, "length": 3.673508882522583, "mode": "train", "epoch": 22}
{"loss": 0.46575579047203064, "acc": 0.8190857172012329, "length": 3.5999999046325684, "mode": "test", "epoch": 22}
{"loss": 0.2793782949447632, "acc": 0.8824730515480042, "length": 3.6514883041381836, "mode": "train", "epoch": 23}
{"loss": 0.41493409872055054, "acc": 0.8454688191413879, "length": 3.616666555404663, "mode": "test", "epoch": 23}
{"loss": 0.2547723650932312, "acc": 0.9006509780883789, "length": 3.641885280609131, "mode": "train", "epoch": 24}
{"loss": 0.5055808424949646, "acc": 0.8339930772781372, "length": 3.7666666507720947, "mode": "test", "epoch": 24}
{"loss": 0.24695079028606415, "acc": 0.9035910367965698, "length": 3.7060537338256836, "mode": "train", "epoch": 25}
{"loss": 0.4311889410018921, "acc": 0.8422628045082092, "length": 3.683333396911621, "mode": "test", "epoch": 25}
{"loss": 0.2357160896062851, "acc": 0.9075312614440918, "length": 3.730969190597534, "mode": "train", "epoch": 26}
{"loss": 0.43287715315818787, "acc": 0.8541261553764343, "length": 3.700000047683716, "mode": "test", "epoch": 26}
{"loss": 0.21867693960666656, "acc": 0.9196187257766724, "length": 3.7528586387634277, "mode": "train", "epoch": 27}
{"loss": 0.45511704683303833, "acc": 0.8488369584083557, "length": 3.8611111640930176, "mode": "test", "epoch": 27}
{"loss": 0.21418723464012146, "acc": 0.9152898192405701, "length": 3.802483320236206, "mode": "train", "epoch": 28}
{"loss": 0.4809029996395111, "acc": 0.8461806178092957, "length": 3.922222137451172, "mode": "test", "epoch": 28}
{"loss": 0.21531690657138824, "acc": 0.9154259562492371, "length": 3.8316330909729004, "mode": "train", "epoch": 29}
{"loss": 0.46889162063598633, "acc": 0.8438831567764282, "length": 3.9000000953674316, "mode": "test", "epoch": 29}
{"loss": 0.21292442083358765, "acc": 0.9125365614891052, "length": 3.860837936401367, "mode": "train", "epoch": 30}
{"loss": 0.4964693784713745, "acc": 0.8247107863426208, "length": 3.9833333492279053, "mode": "test", "epoch": 30}
{"loss": 0.19911161065101624, "acc": 0.9243784546852112, "length": 3.934222936630249, "mode": "train", "epoch": 31}
{"loss": 0.42478200793266296, "acc": 0.8561052680015564, "length": 3.9833333492279053, "mode": "test", "epoch": 31}
{"loss": 0.1914948970079422, "acc": 0.9300805926322937, "length": 3.9470229148864746, "mode": "train", "epoch": 32}
{"loss": 0.4809654951095581, "acc": 0.8435186743736267, "length": 4.0, "mode": "test", "epoch": 32}
{"loss": 0.18869389593601227, "acc": 0.9262660145759583, "length": 3.9611856937408447, "mode": "train", "epoch": 33}
{"loss": 0.4808158576488495, "acc": 0.8546296954154968, "length": 4.0, "mode": "test", "epoch": 33}
{"loss": 0.19551695883274078, "acc": 0.9242005944252014, "length": 3.969869375228882, "mode": "train", "epoch": 34}
{"loss": 0.44633615016937256, "acc": 0.851851761341095, "length": 4.0, "mode": "test", "epoch": 34}
{"loss": 0.17599467933177948, "acc": 0.9303726553916931, "length": 3.972169876098633, "mode": "train", "epoch": 35}
{"loss": 0.525678813457489, "acc": 0.849074125289917, "length": 4.0, "mode": "test", "epoch": 35}
{"loss": 0.16447803378105164, "acc": 0.9349113702774048, "length": 3.973698377609253, "mode": "train", "epoch": 36}
{"loss": 0.4193252921104431, "acc": 0.8555556535720825, "length": 4.0, "mode": "test", "epoch": 36}
{"loss": 0.15419065952301025, "acc": 0.9434634447097778, "length": 3.9875407218933105, "mode": "train", "epoch": 37}
{"loss": 0.44077712297439575, "acc": 0.8453704118728638, "length": 4.0, "mode": "test", "epoch": 37}
{"loss": 0.15739652514457703, "acc": 0.9408028721809387, "length": 3.988628625869751, "mode": "train", "epoch": 38}
{"loss": 0.4316301941871643, "acc": 0.8592591881752014, "length": 4.0, "mode": "test", "epoch": 38}
{"loss": 0.16388534009456635, "acc": 0.9427239894866943, "length": 3.993861436843872, "mode": "train", "epoch": 39}
{"loss": 0.42294538021087646, "acc": 0.8537037372589111, "length": 4.0, "mode": "test", "epoch": 39}
{"loss": 0.1480483114719391, "acc": 0.9442684650421143, "length": 3.9939651489257812, "mode": "train", "epoch": 40}
{"loss": 0.40899670124053955, "acc": 0.859259307384491, "length": 4.0, "mode": "test", "epoch": 40}
{"loss": 0.14283382892608643, "acc": 0.9491811394691467, "length": 3.992215633392334, "mode": "train", "epoch": 41}
{"loss": 0.37871307134628296, "acc": 0.859259307384491, "length": 4.0, "mode": "test", "epoch": 41}
{"loss": 0.1458359807729721, "acc": 0.9442683458328247, "length": 3.994065523147583, "mode": "train", "epoch": 42}
{"loss": 0.45772796869277954, "acc": 0.8546295166015625, "length": 4.0, "mode": "test", "epoch": 42}
{"loss": 0.1326400190591812, "acc": 0.951737105846405, "length": 3.9951000213623047, "mode": "train", "epoch": 43}
{"loss": 0.4426696002483368, "acc": 0.8703703284263611, "length": 4.0, "mode": "test", "epoch": 43}
{"loss": 0.1297711282968521, "acc": 0.9527074098587036, "length": 3.9953432083129883, "mode": "train", "epoch": 44}
{"loss": 0.459974467754364, "acc": 0.8564814925193787, "length": 4.0, "mode": "test", "epoch": 44}
{"loss": 0.1272585093975067, "acc": 0.9561643600463867, "length": 3.9972739219665527, "mode": "train", "epoch": 45}
{"loss": 0.41308504343032837, "acc": 0.855555534362793, "length": 4.0, "mode": "test", "epoch": 45}
{"loss": 0.11955909430980682, "acc": 0.9536829590797424, "length": 3.997333526611328, "mode": "train", "epoch": 46}
{"loss": 0.41704851388931274, "acc": 0.8712963461875916, "length": 4.0, "mode": "test", "epoch": 46}
{"loss": 0.11956823617219925, "acc": 0.9484207630157471, "length": 3.9974873065948486, "mode": "train", "epoch": 47}
{"loss": 0.42730510234832764, "acc": 0.8731480836868286, "length": 4.0, "mode": "test", "epoch": 47}
{"loss": 0.10939034074544907, "acc": 0.9608227014541626, "length": 3.997619152069092, "mode": "train", "epoch": 48}
{"loss": 0.40487754344940186, "acc": 0.8750000596046448, "length": 4.0, "mode": "test", "epoch": 48}
{"loss": 0.11639941483736038, "acc": 0.9592655897140503, "length": 3.997767686843872, "mode": "train", "epoch": 49}
{"loss": 0.370882511138916, "acc": 0.8712963461875916, "length": 4.0, "mode": "test", "epoch": 49}
{"loss": 0.10333304107189178, "acc": 0.964265763759613, "length": 3.998753309249878, "mode": "train", "epoch": 50}
{"loss": 0.3840199112892151, "acc": 0.8666667342185974, "length": 4.0, "mode": "test", "epoch": 50}
{"loss": 0.10775800049304962, "acc": 0.9583627581596375, "length": 3.998316526412964, "mode": "train", "epoch": 51}
{"loss": 0.4429049491882324, "acc": 0.8601852655410767, "length": 4.0, "mode": "test", "epoch": 51}
{"loss": 0.10790465027093887, "acc": 0.9592685103416443, "length": 3.9980177879333496, "mode": "train", "epoch": 52}
{"loss": 0.48584815859794617, "acc": 0.8518518805503845, "length": 4.0, "mode": "test", "epoch": 52}
{"loss": 0.1317669302225113, "acc": 0.9506168961524963, "length": 3.9987621307373047, "mode": "train", "epoch": 53}
{"loss": 0.4097449779510498, "acc": 0.8685184121131897, "length": 4.0, "mode": "test", "epoch": 53}
{"loss": 0.11349772661924362, "acc": 0.9574583768844604, "length": 3.9992494583129883, "mode": "train", "epoch": 54}
{"loss": 0.4717552661895752, "acc": 0.8611112236976624, "length": 4.0, "mode": "test", "epoch": 54}
{"loss": 0.10181161016225815, "acc": 0.9651268720626831, "length": 3.997243881225586, "mode": "train", "epoch": 55}
{"loss": 0.43557775020599365, "acc": 0.8731482028961182, "length": 4.0, "mode": "test", "epoch": 55}
{"loss": 0.09319455921649933, "acc": 0.9673865437507629, "length": 3.9991626739501953, "mode": "train", "epoch": 56}
{"loss": 0.4112224578857422, "acc": 0.8759258985519409, "length": 4.0, "mode": "test", "epoch": 56}
{"loss": 0.08839587867259979, "acc": 0.9642954468727112, "length": 3.9994871616363525, "mode": "train", "epoch": 57}
{"loss": 0.42219278216362, "acc": 0.8768519163131714, "length": 4.0, "mode": "test", "epoch": 57}
{"loss": 0.09419328719377518, "acc": 0.9685934782028198, "length": 3.998469352722168, "mode": "train", "epoch": 58}
{"loss": 0.42770716547966003, "acc": 0.8629630208015442, "length": 4.0, "mode": "test", "epoch": 58}
{"loss": 0.08525793999433517, "acc": 0.9686304330825806, "length": 3.999298095703125, "mode": "train", "epoch": 59}
{"loss": 0.44592154026031494, "acc": 0.8851852416992188, "length": 4.0, "mode": "test", "epoch": 59}
{"loss": 0.09525015205144882, "acc": 0.9680215716362, "length": 3.999666213989258, "mode": "train", "epoch": 60}
{"loss": 0.4552135467529297, "acc": 0.8740742206573486, "length": 4.0, "mode": "test", "epoch": 60}
{"loss": 0.09009728580713272, "acc": 0.967392086982727, "length": 3.999451160430908, "mode": "train", "epoch": 61}
{"loss": 0.4728257358074188, "acc": 0.8694444298744202, "length": 4.0, "mode": "test", "epoch": 61}
{"loss": 0.11233915388584137, "acc": 0.9602572321891785, "length": 3.999528169631958, "mode": "train", "epoch": 62}
{"loss": 0.49064260721206665, "acc": 0.8592593669891357, "length": 4.0, "mode": "test", "epoch": 62}
{"loss": 0.09412215650081635, "acc": 0.9686387181282043, "length": 3.9996325969696045, "mode": "train", "epoch": 63}
{"loss": 0.40955519676208496, "acc": 0.8759258985519409, "length": 4.0, "mode": "test", "epoch": 63}
{"loss": 0.07943285256624222, "acc": 0.9683223962783813, "length": 3.999267101287842, "mode": "train", "epoch": 64}
{"loss": 0.36282822489738464, "acc": 0.8916666507720947, "length": 4.0, "mode": "test", "epoch": 64}
{"loss": 0.07846347987651825, "acc": 0.9705054759979248, "length": 3.9996681213378906, "mode": "train", "epoch": 65}
{"loss": 0.4210267961025238, "acc": 0.8814815282821655, "length": 4.0, "mode": "test", "epoch": 65}
{"loss": 0.07186474651098251, "acc": 0.9757772088050842, "length": 3.9996235370635986, "mode": "train", "epoch": 66}
{"loss": 0.43707990646362305, "acc": 0.8759259581565857, "length": 4.0, "mode": "test", "epoch": 66}
{"loss": 0.07746841013431549, "acc": 0.9770219326019287, "length": 3.999724864959717, "mode": "train", "epoch": 67}
{"loss": 0.3897334933280945, "acc": 0.8861111402511597, "length": 4.0, "mode": "test", "epoch": 67}
{"loss": 0.0787593424320221, "acc": 0.9739236831665039, "length": 3.9998550415039062, "mode": "train", "epoch": 68}
{"loss": 0.4221073389053345, "acc": 0.8805556297302246, "length": 4.0, "mode": "test", "epoch": 68}
{"loss": 0.09472242742776871, "acc": 0.9673835635185242, "length": 3.999337673187256, "mode": "train", "epoch": 69}
{"loss": 0.4292182922363281, "acc": 0.8814815282821655, "length": 4.0, "mode": "test", "epoch": 69}
{"loss": 0.08283644169569016, "acc": 0.9733052253723145, "length": 3.9998981952667236, "mode": "train", "epoch": 70}
{"loss": 0.4327966868877411, "acc": 0.8787036538124084, "length": 4.0, "mode": "test", "epoch": 70}
{"loss": 0.08214069157838821, "acc": 0.9729939103126526, "length": 3.9998791217803955, "mode": "train", "epoch": 71}
{"loss": 0.4273390471935272, "acc": 0.8768519163131714, "length": 4.0, "mode": "test", "epoch": 71}
{"loss": 0.08281886577606201, "acc": 0.9698891043663025, "length": 3.9998390674591064, "mode": "train", "epoch": 72}
{"loss": 0.3677537441253662, "acc": 0.8907408118247986, "length": 4.0, "mode": "test", "epoch": 72}
{"loss": 0.08019601553678513, "acc": 0.9714290499687195, "length": 3.999488115310669, "mode": "train", "epoch": 73}
{"loss": 0.41435086727142334, "acc": 0.8824073076248169, "length": 4.0, "mode": "test", "epoch": 73}
{"loss": 0.07848623394966125, "acc": 0.9754118323326111, "length": 3.9986629486083984, "mode": "train", "epoch": 74}
{"loss": 0.39495226740837097, "acc": 0.8925926089286804, "length": 4.0, "mode": "test", "epoch": 74}
{"loss": 0.07234084606170654, "acc": 0.9736151695251465, "length": 3.9999163150787354, "mode": "train", "epoch": 75}
{"loss": 0.41078710556030273, "acc": 0.8861111402511597, "length": 4.0, "mode": "test", "epoch": 75}
{"loss": 0.06357577443122864, "acc": 0.9788900017738342, "length": 3.9998812675476074, "mode": "train", "epoch": 76}
{"loss": 0.40610575675964355, "acc": 0.8916666507720947, "length": 4.0, "mode": "test", "epoch": 76}
{"loss": 0.06301172077655792, "acc": 0.9792008996009827, "length": 3.9997549057006836, "mode": "train", "epoch": 77}
{"loss": 0.41374629735946655, "acc": 0.8750000596046448, "length": 4.0, "mode": "test", "epoch": 77}
{"loss": 0.05773181468248367, "acc": 0.9835468530654907, "length": 3.9999163150787354, "mode": "train", "epoch": 78}
{"loss": 0.4079059958457947, "acc": 0.8898149132728577, "length": 4.0, "mode": "test", "epoch": 78}
{"loss": 0.054496679455041885, "acc": 0.9810656905174255, "length": 3.9999399185180664, "mode": "train", "epoch": 79}
{"loss": 0.3799779415130615, "acc": 0.8944445252418518, "length": 4.0, "mode": "test", "epoch": 79}
{"loss": 0.04810640588402748, "acc": 0.9882036447525024, "length": 3.9999308586120605, "mode": "train", "epoch": 80}
{"loss": 0.439238041639328, "acc": 0.881481409072876, "length": 4.0, "mode": "test", "epoch": 80}
{"loss": 0.04573170095682144, "acc": 0.9844792485237122, "length": 3.9999477863311768, "mode": "train", "epoch": 81}
{"loss": 0.4026634097099304, "acc": 0.8907408118247986, "length": 4.0, "mode": "test", "epoch": 81}
{"loss": 0.04645625501871109, "acc": 0.9875799417495728, "length": 3.9998490810394287, "mode": "train", "epoch": 82}
{"loss": 0.3652494549751282, "acc": 0.9046297073364258, "length": 4.0, "mode": "test", "epoch": 82}
{"loss": 0.05594254657626152, "acc": 0.9798213243484497, "length": 3.9998817443847656, "mode": "train", "epoch": 83}
{"loss": 0.4175053536891937, "acc": 0.8916666507720947, "length": 4.0, "mode": "test", "epoch": 83}
{"loss": 0.046031609177589417, "acc": 0.9850992560386658, "length": 3.999918222427368, "mode": "train", "epoch": 84}
{"loss": 0.37397632002830505, "acc": 0.8925925493240356, "length": 4.0, "mode": "test", "epoch": 84}
{"loss": 0.041007980704307556, "acc": 0.9875796437263489, "length": 3.999847650527954, "mode": "train", "epoch": 85}
{"loss": 0.3630540072917938, "acc": 0.8999999761581421, "length": 4.0, "mode": "test", "epoch": 85}
{"loss": 0.049929793924093246, "acc": 0.9857196807861328, "length": 3.999915838241577, "mode": "train", "epoch": 86}
{"loss": 0.5050361752510071, "acc": 0.875, "length": 4.0, "mode": "test", "epoch": 86}
{"loss": 0.06817509233951569, "acc": 0.9788582921028137, "length": 3.99882435798645, "mode": "train", "epoch": 87}
{"loss": 0.45900818705558777, "acc": 0.8824074864387512, "length": 4.0, "mode": "test", "epoch": 87}
{"loss": 0.06687965989112854, "acc": 0.9819972515106201, "length": 3.999952793121338, "mode": "train", "epoch": 88}
{"loss": 0.3767508864402771, "acc": 0.8953704833984375, "length": 4.0, "mode": "test", "epoch": 88}
{"loss": 0.06882181018590927, "acc": 0.9779632687568665, "length": 3.999969482421875, "mode": "train", "epoch": 89}
{"loss": 0.3716960847377777, "acc": 0.900925874710083, "length": 4.0, "mode": "test", "epoch": 89}
{"loss": 0.0624043308198452, "acc": 0.9810667037963867, "length": 3.9999635219573975, "mode": "train", "epoch": 90}
{"loss": 0.4405874013900757, "acc": 0.8824074864387512, "length": 4.0, "mode": "test", "epoch": 90}
{"loss": 0.06641627103090286, "acc": 0.9798245429992676, "length": 3.9999568462371826, "mode": "train", "epoch": 91}
{"loss": 0.3758925795555115, "acc": 0.9000000953674316, "length": 4.0, "mode": "test", "epoch": 91}
{"loss": 0.05565783381462097, "acc": 0.9823070764541626, "length": 3.9999523162841797, "mode": "train", "epoch": 92}
{"loss": 0.3579014241695404, "acc": 0.9000000953674316, "length": 4.0, "mode": "test", "epoch": 92}
{"loss": 0.04695199057459831, "acc": 0.9844754934310913, "length": 3.9998631477355957, "mode": "train", "epoch": 93}
{"loss": 0.35081470012664795, "acc": 0.899074137210846, "length": 4.0, "mode": "test", "epoch": 93}
{"loss": 0.0665922611951828, "acc": 0.9748569130897522, "length": 3.9998600482940674, "mode": "train", "epoch": 94}
{"loss": 0.4750766456127167, "acc": 0.8805556297302246, "length": 4.0, "mode": "test", "epoch": 94}
{"loss": 0.06951919198036194, "acc": 0.9773342609405518, "length": 3.9997193813323975, "mode": "train", "epoch": 95}
{"loss": 0.43212682008743286, "acc": 0.8962963819503784, "length": 4.0, "mode": "test", "epoch": 95}
{"loss": 0.06317762285470963, "acc": 0.9788946509361267, "length": 3.9999823570251465, "mode": "train", "epoch": 96}
{"loss": 0.45659539103507996, "acc": 0.8861111402511597, "length": 4.0, "mode": "test", "epoch": 96}
{"loss": 0.05570684373378754, "acc": 0.9823057055473328, "length": 3.9999148845672607, "mode": "train", "epoch": 97}
{"loss": 0.47459614276885986, "acc": 0.8851850628852844, "length": 4.0, "mode": "test", "epoch": 97}
{"loss": 0.05890106409788132, "acc": 0.9779630303382874, "length": 3.999969005584717, "mode": "train", "epoch": 98}
{"loss": 0.46761390566825867, "acc": 0.8907408118247986, "length": 4.0, "mode": "test", "epoch": 98}
{"loss": 0.05357597768306732, "acc": 0.9813768863677979, "length": 3.999976396560669, "mode": "train", "epoch": 99}
{"loss": 0.4334813058376312, "acc": 0.8925925493240356, "length": 4.0, "mode": "test", "epoch": 99}
{"loss": 0.06389600783586502, "acc": 0.9795148968696594, "length": 3.999971389770508, "mode": "train", "epoch": 100}
{"loss": 0.4459073543548584, "acc": 0.8805556297302246, "length": 4.0, "mode": "test", "epoch": 100}
test accuracy: 0.7568306922912598
