# ["--attributes=3", "--values=4", "--game_size=3", "--vocab_size_factor=3", "--n_epochs=100", "--batch_size=32", "--learning_rate=0.0005", "--hidden_size=128", "--temp_update=0.97", "--temperature=1"]
Creating train_ds and val_ds...

Creating test_ds...
{"loss": 0.6972795128822327, "acc": 0.5002186894416809, "length": 3.560579776763916, "mode": "train", "epoch": 1}
{"loss": 0.6930497884750366, "acc": 0.5174954533576965, "length": 1.0, "mode": "test", "epoch": 1}
{"loss": 0.6929840445518494, "acc": 0.5299750566482544, "length": 3.5281012058258057, "mode": "train", "epoch": 2}
{"loss": 0.6915680766105652, "acc": 0.5239410996437073, "length": 1.0, "mode": "test", "epoch": 2}
{"loss": 0.6910364627838135, "acc": 0.5348734855651855, "length": 3.4170656204223633, "mode": "train", "epoch": 3}
{"loss": 0.6932874917984009, "acc": 0.4935542941093445, "length": 1.0, "mode": "test", "epoch": 3}
{"loss": 0.6887376308441162, "acc": 0.5420219898223877, "length": 3.1717441082000732, "mode": "train", "epoch": 4}
{"loss": 0.6898249387741089, "acc": 0.5510323643684387, "length": 1.3149170875549316, "mode": "test", "epoch": 4}
{"loss": 0.6798047423362732, "acc": 0.5738606452941895, "length": 3.112722873687744, "mode": "train", "epoch": 5}
{"loss": 0.6697850227355957, "acc": 0.6031472086906433, "length": 2.441988945007324, "mode": "test", "epoch": 5}
{"loss": 0.6552993655204773, "acc": 0.6460079550743103, "length": 3.1843373775482178, "mode": "train", "epoch": 6}
{"loss": 0.6330722570419312, "acc": 0.6521912813186646, "length": 3.320441961288452, "mode": "test", "epoch": 6}
{"loss": 0.6134182810783386, "acc": 0.68187016248703, "length": 3.4567673206329346, "mode": "train", "epoch": 7}
{"loss": 0.5986981391906738, "acc": 0.6786879301071167, "length": 3.60221004486084, "mode": "test", "epoch": 7}
{"loss": 0.5750966668128967, "acc": 0.6960882544517517, "length": 3.6095221042633057, "mode": "train", "epoch": 8}
{"loss": 0.576174259185791, "acc": 0.7215439677238464, "length": 3.6132595539093018, "mode": "test", "epoch": 8}
{"loss": 0.545931875705719, "acc": 0.7315689921379089, "length": 3.534686326980591, "mode": "train", "epoch": 9}
{"loss": 0.5487902164459229, "acc": 0.7545670866966248, "length": 3.5745856761932373, "mode": "test", "epoch": 9}
{"loss": 0.5117871761322021, "acc": 0.7610000371932983, "length": 3.5109376907348633, "mode": "train", "epoch": 10}
{"loss": 0.5202904939651489, "acc": 0.7601727843284607, "length": 3.441988945007324, "mode": "test", "epoch": 10}
{"loss": 0.4780972898006439, "acc": 0.7962855100631714, "length": 3.4871160984039307, "mode": "train", "epoch": 11}
{"loss": 0.4985947012901306, "acc": 0.76533043384552, "length": 3.5414364337921143, "mode": "test", "epoch": 11}
{"loss": 0.44919872283935547, "acc": 0.8072494864463806, "length": 3.5530712604522705, "mode": "train", "epoch": 12}
{"loss": 0.4835747480392456, "acc": 0.7785383462905884, "length": 3.5359115600585938, "mode": "test", "epoch": 12}
{"loss": 0.41911789774894714, "acc": 0.8256497979164124, "length": 3.5820000171661377, "mode": "train", "epoch": 13}
{"loss": 0.4579906463623047, "acc": 0.7934150695800781, "length": 3.591160297393799, "mode": "test", "epoch": 13}
{"loss": 0.4022585153579712, "acc": 0.8345813751220703, "length": 3.6190507411956787, "mode": "train", "epoch": 14}
{"loss": 0.44597482681274414, "acc": 0.8077343702316284, "length": 3.6077349185943604, "mode": "test", "epoch": 14}
{"loss": 0.39050808548927307, "acc": 0.8396169543266296, "length": 3.641050338745117, "mode": "train", "epoch": 15}
{"loss": 0.4539852738380432, "acc": 0.80319744348526, "length": 3.5138120651245117, "mode": "test", "epoch": 15}
{"loss": 0.3709232807159424, "acc": 0.8437464833259583, "length": 3.6227941513061523, "mode": "train", "epoch": 16}
{"loss": 0.43897125124931335, "acc": 0.8059036731719971, "length": 3.6408839225769043, "mode": "test", "epoch": 16}
{"loss": 0.3661293387413025, "acc": 0.8519628047943115, "length": 3.637584924697876, "mode": "train", "epoch": 17}
{"loss": 0.439754843711853, "acc": 0.8046965003013611, "length": 3.745856285095215, "mode": "test", "epoch": 17}
{"loss": 0.3610782325267792, "acc": 0.852297306060791, "length": 3.7568249702453613, "mode": "train", "epoch": 18}
{"loss": 0.41528481245040894, "acc": 0.8258503675460815, "length": 3.7403314113616943, "mode": "test", "epoch": 18}
{"loss": 0.3549123704433441, "acc": 0.8563684225082397, "length": 3.7283999919891357, "mode": "train", "epoch": 19}
{"loss": 0.4365205764770508, "acc": 0.7977464199066162, "length": 3.668508291244507, "mode": "test", "epoch": 19}
{"loss": 0.34358862042427063, "acc": 0.8597590327262878, "length": 3.7764229774475098, "mode": "train", "epoch": 20}
{"loss": 0.43338653445243835, "acc": 0.8103213906288147, "length": 3.845303773880005, "mode": "test", "epoch": 20}
{"loss": 0.3379397988319397, "acc": 0.8604027032852173, "length": 3.789273738861084, "mode": "train", "epoch": 21}
{"loss": 0.41808363795280457, "acc": 0.8263450264930725, "length": 3.779005527496338, "mode": "test", "epoch": 21}
{"loss": 0.3350284993648529, "acc": 0.86278235912323, "length": 3.793409585952759, "mode": "train", "epoch": 22}
{"loss": 0.4008053243160248, "acc": 0.829285740852356, "length": 3.7513811588287354, "mode": "test", "epoch": 22}
{"loss": 0.3292553126811981, "acc": 0.8702918291091919, "length": 3.7148590087890625, "mode": "train", "epoch": 23}
{"loss": 0.42087551951408386, "acc": 0.8218315243721008, "length": 3.745856285095215, "mode": "test", "epoch": 23}
{"loss": 0.3238179385662079, "acc": 0.873506486415863, "length": 3.7967684268951416, "mode": "train", "epoch": 24}
{"loss": 0.4122244119644165, "acc": 0.8317287564277649, "length": 3.823204517364502, "mode": "test", "epoch": 24}
{"loss": 0.3214091360569, "acc": 0.8671664595603943, "length": 3.7706754207611084, "mode": "train", "epoch": 25}
{"loss": 0.40181511640548706, "acc": 0.836526095867157, "length": 3.80110502243042, "mode": "test", "epoch": 25}
{"loss": 0.31199079751968384, "acc": 0.8760791420936584, "length": 3.8122920989990234, "mode": "train", "epoch": 26}
{"loss": 0.4101564586162567, "acc": 0.8326085805892944, "length": 3.8287293910980225, "mode": "test", "epoch": 26}
{"loss": 0.3052532374858856, "acc": 0.8813928365707397, "length": 3.82010555267334, "mode": "train", "epoch": 27}
{"loss": 0.407439649105072, "acc": 0.8339225649833679, "length": 3.8839778900146484, "mode": "test", "epoch": 27}
{"loss": 0.29937219619750977, "acc": 0.8814657330513, "length": 3.8300037384033203, "mode": "train", "epoch": 28}
{"loss": 0.40054839849472046, "acc": 0.8438350558280945, "length": 3.8508286476135254, "mode": "test", "epoch": 28}
{"loss": 0.30133408308029175, "acc": 0.8840024471282959, "length": 3.8820555210113525, "mode": "train", "epoch": 29}
{"loss": 0.4095749258995056, "acc": 0.8398544788360596, "length": 3.889502763748169, "mode": "test", "epoch": 29}
{"loss": 0.2899298667907715, "acc": 0.887129008769989, "length": 3.8426949977874756, "mode": "train", "epoch": 30}
{"loss": 0.3948778808116913, "acc": 0.8436335921287537, "length": 3.867403268814087, "mode": "test", "epoch": 30}
{"loss": 0.2839699685573578, "acc": 0.8920366168022156, "length": 3.8304052352905273, "mode": "train", "epoch": 31}
{"loss": 0.3957383334636688, "acc": 0.8527265787124634, "length": 3.867403268814087, "mode": "test", "epoch": 31}
{"loss": 0.27554160356521606, "acc": 0.8978244662284851, "length": 3.8597984313964844, "mode": "train", "epoch": 32}
{"loss": 0.3988034129142761, "acc": 0.8494763374328613, "length": 3.8729281425476074, "mode": "test", "epoch": 32}
{"loss": 0.27644699811935425, "acc": 0.8958825469017029, "length": 3.848010540008545, "mode": "train", "epoch": 33}
{"loss": 0.39213722944259644, "acc": 0.8458945751190186, "length": 3.8618783950805664, "mode": "test", "epoch": 33}
{"loss": 0.2729741930961609, "acc": 0.9003341794013977, "length": 3.8641068935394287, "mode": "train", "epoch": 34}
{"loss": 0.4167415499687195, "acc": 0.8358629941940308, "length": 3.878453016281128, "mode": "test", "epoch": 34}
{"loss": 0.27438637614250183, "acc": 0.8927921056747437, "length": 3.8525054454803467, "mode": "train", "epoch": 35}
{"loss": 0.4009734094142914, "acc": 0.8441556692123413, "length": 3.9060773849487305, "mode": "test", "epoch": 35}
{"loss": 0.2622871398925781, "acc": 0.8992956876754761, "length": 3.8622336387634277, "mode": "train", "epoch": 36}
{"loss": 0.4062241315841675, "acc": 0.8340281844139099, "length": 3.8729281425476074, "mode": "test", "epoch": 36}
{"loss": 0.2586018145084381, "acc": 0.9030635952949524, "length": 3.8547585010528564, "mode": "train", "epoch": 37}
{"loss": 0.3957129120826721, "acc": 0.8403272032737732, "length": 3.8950276374816895, "mode": "test", "epoch": 37}
{"loss": 0.2584637403488159, "acc": 0.8936172127723694, "length": 3.859807014465332, "mode": "train", "epoch": 38}
{"loss": 0.39976581931114197, "acc": 0.8398200869560242, "length": 3.834254026412964, "mode": "test", "epoch": 38}
{"loss": 0.2552226483821869, "acc": 0.9034425616264343, "length": 3.8434765338897705, "mode": "train", "epoch": 39}
{"loss": 0.394584059715271, "acc": 0.8451846837997437, "length": 3.867403268814087, "mode": "test", "epoch": 39}
{"loss": 0.2503250539302826, "acc": 0.9072014689445496, "length": 3.8632757663726807, "mode": "train", "epoch": 40}
{"loss": 0.4068964123725891, "acc": 0.8445544242858887, "length": 3.9392266273498535, "mode": "test", "epoch": 40}
{"loss": 0.2419838309288025, "acc": 0.9118897914886475, "length": 3.9102671146392822, "mode": "train", "epoch": 41}
{"loss": 0.4230062961578369, "acc": 0.8293501138687134, "length": 3.933701753616333, "mode": "test", "epoch": 41}
{"loss": 0.2480296790599823, "acc": 0.9044846892356873, "length": 3.905491352081299, "mode": "train", "epoch": 42}
{"loss": 0.41861873865127563, "acc": 0.8461534976959229, "length": 3.933701753616333, "mode": "test", "epoch": 42}
{"loss": 0.2493734061717987, "acc": 0.9033749103546143, "length": 3.8959577083587646, "mode": "train", "epoch": 43}
{"loss": 0.40157803893089294, "acc": 0.8468851447105408, "length": 3.8839778900146484, "mode": "test", "epoch": 43}
{"loss": 0.25063997507095337, "acc": 0.9095479249954224, "length": 3.889486789703369, "mode": "train", "epoch": 44}
{"loss": 0.4025486707687378, "acc": 0.8423400521278381, "length": 3.955801010131836, "mode": "test", "epoch": 44}
{"loss": 0.24453029036521912, "acc": 0.907384991645813, "length": 3.926694393157959, "mode": "train", "epoch": 45}
{"loss": 0.40492570400238037, "acc": 0.8474045395851135, "length": 3.911602258682251, "mode": "test", "epoch": 45}
{"loss": 0.23069679737091064, "acc": 0.9144821763038635, "length": 3.8766682147979736, "mode": "train", "epoch": 46}
{"loss": 0.3984712064266205, "acc": 0.8534021377563477, "length": 3.889502763748169, "mode": "test", "epoch": 46}
{"loss": 0.22908690571784973, "acc": 0.9146120548248291, "length": 3.8937785625457764, "mode": "train", "epoch": 47}
{"loss": 0.3917348384857178, "acc": 0.8559178113937378, "length": 3.9060773849487305, "mode": "test", "epoch": 47}
{"loss": 0.23078075051307678, "acc": 0.9145689606666565, "length": 3.9093005657196045, "mode": "train", "epoch": 48}
{"loss": 0.41700097918510437, "acc": 0.839592695236206, "length": 3.9060773849487305, "mode": "test", "epoch": 48}
{"loss": 0.2260029911994934, "acc": 0.9196493625640869, "length": 3.916564702987671, "mode": "train", "epoch": 49}
{"loss": 0.40117430686950684, "acc": 0.8547133803367615, "length": 3.90055251121521, "mode": "test", "epoch": 49}
{"loss": 0.2249271720647812, "acc": 0.919672429561615, "length": 3.9236559867858887, "mode": "train", "epoch": 50}
{"loss": 0.4048488140106201, "acc": 0.853417158126831, "length": 3.9171271324157715, "mode": "test", "epoch": 50}
{"loss": 0.21972502768039703, "acc": 0.9157466888427734, "length": 3.9237253665924072, "mode": "train", "epoch": 51}
{"loss": 0.3870569169521332, "acc": 0.8563824892044067, "length": 3.9060773849487305, "mode": "test", "epoch": 51}
{"loss": 0.21996189653873444, "acc": 0.9148808121681213, "length": 3.909508466720581, "mode": "train", "epoch": 52}
{"loss": 0.4051036536693573, "acc": 0.846209704875946, "length": 3.9060773849487305, "mode": "test", "epoch": 52}
{"loss": 0.22055743634700775, "acc": 0.9218689799308777, "length": 3.9250597953796387, "mode": "train", "epoch": 53}
{"loss": 0.42151758074760437, "acc": 0.8529581427574158, "length": 3.9392266273498535, "mode": "test", "epoch": 53}
{"loss": 0.22351419925689697, "acc": 0.9177328944206238, "length": 3.923457622528076, "mode": "train", "epoch": 54}
{"loss": 0.3863501250743866, "acc": 0.8613893389701843, "length": 3.922652006149292, "mode": "test", "epoch": 54}
{"loss": 0.20771971344947815, "acc": 0.9258609414100647, "length": 3.917696475982666, "mode": "train", "epoch": 55}
{"loss": 0.40967604517936707, "acc": 0.8463096618652344, "length": 3.9171271324157715, "mode": "test", "epoch": 55}
{"loss": 0.20453757047653198, "acc": 0.9226702451705933, "length": 3.9261693954467773, "mode": "train", "epoch": 56}
{"loss": 0.4031984806060791, "acc": 0.8476196527481079, "length": 3.9281768798828125, "mode": "test", "epoch": 56}
{"loss": 0.20397038757801056, "acc": 0.9258695840835571, "length": 3.9089465141296387, "mode": "train", "epoch": 57}
{"loss": 0.415181964635849, "acc": 0.8472592830657959, "length": 3.911602258682251, "mode": "test", "epoch": 57}
{"loss": 0.21425098180770874, "acc": 0.9183674454689026, "length": 3.9203567504882812, "mode": "train", "epoch": 58}
{"loss": 0.412423312664032, "acc": 0.8524689078330994, "length": 3.933701753616333, "mode": "test", "epoch": 58}
{"loss": 0.20552542805671692, "acc": 0.9249216318130493, "length": 3.916131019592285, "mode": "train", "epoch": 59}
{"loss": 0.41299009323120117, "acc": 0.8531567454338074, "length": 3.911602258682251, "mode": "test", "epoch": 59}
{"loss": 0.20841671526432037, "acc": 0.9266483187675476, "length": 3.9263265132904053, "mode": "train", "epoch": 60}
{"loss": 0.4207955598831177, "acc": 0.8514330387115479, "length": 3.9060773849487305, "mode": "test", "epoch": 60}
{"loss": 0.20637564361095428, "acc": 0.9206638932228088, "length": 3.8716564178466797, "mode": "train", "epoch": 61}
{"loss": 0.37408679723739624, "acc": 0.8734173774719238, "length": 3.944751262664795, "mode": "test", "epoch": 61}
{"loss": 0.19673390686511993, "acc": 0.928281307220459, "length": 3.954052686691284, "mode": "train", "epoch": 62}
{"loss": 0.41408002376556396, "acc": 0.8597174286842346, "length": 3.9171271324157715, "mode": "test", "epoch": 62}
{"loss": 0.19586695730686188, "acc": 0.9253706932067871, "length": 3.9206583499908447, "mode": "train", "epoch": 63}
{"loss": 0.4006417393684387, "acc": 0.8644394278526306, "length": 3.955801010131836, "mode": "test", "epoch": 63}
{"loss": 0.19468487799167633, "acc": 0.9304666519165039, "length": 3.915654182434082, "mode": "train", "epoch": 64}
{"loss": 0.418051540851593, "acc": 0.8527142405509949, "length": 3.9171271324157715, "mode": "test", "epoch": 64}
{"loss": 0.194478377699852, "acc": 0.9283727407455444, "length": 3.9122276306152344, "mode": "train", "epoch": 65}
{"loss": 0.3915051817893982, "acc": 0.8705110549926758, "length": 3.9502761363983154, "mode": "test", "epoch": 65}
{"loss": 0.1875767707824707, "acc": 0.9306169152259827, "length": 3.936471462249756, "mode": "train", "epoch": 66}
{"loss": 0.39951443672180176, "acc": 0.8646697402000427, "length": 3.9392266273498535, "mode": "test", "epoch": 66}
{"loss": 0.18003074824810028, "acc": 0.9330425262451172, "length": 3.9288105964660645, "mode": "train", "epoch": 67}
{"loss": 0.3940424919128418, "acc": 0.8581089377403259, "length": 3.9392266273498535, "mode": "test", "epoch": 67}
{"loss": 0.17843209207057953, "acc": 0.9311490654945374, "length": 3.937507152557373, "mode": "train", "epoch": 68}
{"loss": 0.3922960162162781, "acc": 0.8683817386627197, "length": 3.933701753616333, "mode": "test", "epoch": 68}
{"loss": 0.17823663353919983, "acc": 0.9340648055076599, "length": 3.9130184650421143, "mode": "train", "epoch": 69}
{"loss": 0.4150974154472351, "acc": 0.8587709069252014, "length": 3.922652006149292, "mode": "test", "epoch": 69}
{"loss": 0.18289828300476074, "acc": 0.9290235042572021, "length": 3.9286959171295166, "mode": "train", "epoch": 70}
{"loss": 0.3806019723415375, "acc": 0.8720361590385437, "length": 3.988950252532959, "mode": "test", "epoch": 70}
{"loss": 0.18951469659805298, "acc": 0.9329813122749329, "length": 3.9671292304992676, "mode": "train", "epoch": 71}
{"loss": 0.4024270474910736, "acc": 0.8737052083015442, "length": 3.988950252532959, "mode": "test", "epoch": 71}
{"loss": 0.18546585738658905, "acc": 0.9326188564300537, "length": 3.9571149349212646, "mode": "train", "epoch": 72}
{"loss": 0.3967226445674896, "acc": 0.8673746585845947, "length": 3.9613258838653564, "mode": "test", "epoch": 72}
{"loss": 0.17714452743530273, "acc": 0.935657262802124, "length": 3.95147442817688, "mode": "train", "epoch": 73}
{"loss": 0.38235777616500854, "acc": 0.8707125186920166, "length": 3.955801010131836, "mode": "test", "epoch": 73}
{"loss": 0.1814689338207245, "acc": 0.931961178779602, "length": 3.9343514442443848, "mode": "train", "epoch": 74}
{"loss": 0.39525696635246277, "acc": 0.874568521976471, "length": 3.977900505065918, "mode": "test", "epoch": 74}
{"loss": 0.16050709784030914, "acc": 0.9432575702667236, "length": 3.9671688079833984, "mode": "train", "epoch": 75}
{"loss": 0.3978545665740967, "acc": 0.8690873384475708, "length": 3.955801010131836, "mode": "test", "epoch": 75}
{"loss": 0.16828490793704987, "acc": 0.943691074848175, "length": 3.9370741844177246, "mode": "train", "epoch": 76}
{"loss": 0.39428624510765076, "acc": 0.8709139227867126, "length": 3.9392266273498535, "mode": "test", "epoch": 76}
{"loss": 0.16273990273475647, "acc": 0.93869549036026, "length": 3.907621145248413, "mode": "train", "epoch": 77}
{"loss": 0.38778647780418396, "acc": 0.8744245767593384, "length": 3.9171271324157715, "mode": "test", "epoch": 77}
{"loss": 0.16039983928203583, "acc": 0.9424430727958679, "length": 3.9303805828094482, "mode": "train", "epoch": 78}
{"loss": 0.39782071113586426, "acc": 0.875719428062439, "length": 3.944751262664795, "mode": "test", "epoch": 78}
{"loss": 0.1628909707069397, "acc": 0.9435241222381592, "length": 3.9514174461364746, "mode": "train", "epoch": 79}
{"loss": 0.38383835554122925, "acc": 0.8783667683601379, "length": 3.9613258838653564, "mode": "test", "epoch": 79}
{"loss": 0.1642405390739441, "acc": 0.9408316612243652, "length": 3.945401668548584, "mode": "train", "epoch": 80}
{"loss": 0.38399338722229004, "acc": 0.8693313002586365, "length": 3.933701753616333, "mode": "test", "epoch": 80}
{"loss": 0.15556463599205017, "acc": 0.9456754326820374, "length": 3.932706832885742, "mode": "train", "epoch": 81}
{"loss": 0.3879269063472748, "acc": 0.8716621398925781, "length": 3.9281768798828125, "mode": "test", "epoch": 81}
{"loss": 0.15749810636043549, "acc": 0.9445658326148987, "length": 3.930304765701294, "mode": "train", "epoch": 82}
{"loss": 0.4009934663772583, "acc": 0.8678637742996216, "length": 3.9171271324157715, "mode": "test", "epoch": 82}
{"loss": 0.1476335972547531, "acc": 0.9462849497795105, "length": 3.9251279830932617, "mode": "train", "epoch": 83}
{"loss": 0.39433178305625916, "acc": 0.8679788708686829, "length": 3.911602258682251, "mode": "test", "epoch": 83}
{"loss": 0.15053610503673553, "acc": 0.9465128183364868, "length": 3.936755418777466, "mode": "train", "epoch": 84}
{"loss": 0.3998327851295471, "acc": 0.8724390268325806, "length": 3.933701753616333, "mode": "test", "epoch": 84}
{"loss": 0.15062929689884186, "acc": 0.9461291432380676, "length": 3.933528184890747, "mode": "train", "epoch": 85}
{"loss": 0.39735883474349976, "acc": 0.8698492646217346, "length": 3.944751262664795, "mode": "test", "epoch": 85}
{"loss": 0.14922939240932465, "acc": 0.9462128281593323, "length": 3.9393932819366455, "mode": "train", "epoch": 86}
{"loss": 0.3901180922985077, "acc": 0.8796616196632385, "length": 3.9281768798828125, "mode": "test", "epoch": 86}
{"loss": 0.15418115258216858, "acc": 0.9450019598007202, "length": 3.9513309001922607, "mode": "train", "epoch": 87}
{"loss": 0.40736088156700134, "acc": 0.8786256909370422, "length": 3.9281768798828125, "mode": "test", "epoch": 87}
{"loss": 0.1481713056564331, "acc": 0.9466661214828491, "length": 3.9464547634124756, "mode": "train", "epoch": 88}
{"loss": 0.4088711142539978, "acc": 0.873849093914032, "length": 3.977900505065918, "mode": "test", "epoch": 88}
{"loss": 0.14670194685459137, "acc": 0.9463501572608948, "length": 3.9546830654144287, "mode": "train", "epoch": 89}
{"loss": 0.42902469635009766, "acc": 0.8592886924743652, "length": 3.977900505065918, "mode": "test", "epoch": 89}
{"loss": 0.14792346954345703, "acc": 0.9500236511230469, "length": 3.9629807472229004, "mode": "train", "epoch": 90}
{"loss": 0.433410108089447, "acc": 0.8664249777793884, "length": 3.9944751262664795, "mode": "test", "epoch": 90}
{"loss": 0.14269571006298065, "acc": 0.9502567052841187, "length": 3.9561619758605957, "mode": "train", "epoch": 91}
{"loss": 0.4018131494522095, "acc": 0.8783955574035645, "length": 3.9502761363983154, "mode": "test", "epoch": 91}
{"loss": 0.14617080986499786, "acc": 0.9501256942749023, "length": 3.9553661346435547, "mode": "train", "epoch": 92}
{"loss": 0.4055432081222534, "acc": 0.8719785809516907, "length": 3.955801010131836, "mode": "test", "epoch": 92}
{"loss": 0.14500640332698822, "acc": 0.949089527130127, "length": 3.943333148956299, "mode": "train", "epoch": 93}
{"loss": 0.4136927127838135, "acc": 0.8718060255050659, "length": 3.9502761363983154, "mode": "test", "epoch": 93}
{"loss": 0.1509256660938263, "acc": 0.9471725821495056, "length": 3.940063714981079, "mode": "train", "epoch": 94}
{"loss": 0.40676015615463257, "acc": 0.8719785809516907, "length": 3.944751262664795, "mode": "test", "epoch": 94}
{"loss": 0.14121411740779877, "acc": 0.9521085619926453, "length": 3.94244384765625, "mode": "train", "epoch": 95}
{"loss": 0.41851720213890076, "acc": 0.875575602054596, "length": 3.9281768798828125, "mode": "test", "epoch": 95}
{"loss": 0.14754627645015717, "acc": 0.9466915130615234, "length": 3.944312810897827, "mode": "train", "epoch": 96}
{"loss": 0.3982659578323364, "acc": 0.870223343372345, "length": 3.944751262664795, "mode": "test", "epoch": 96}
{"loss": 0.13294753432273865, "acc": 0.953640341758728, "length": 3.94508695602417, "mode": "train", "epoch": 97}
{"loss": 0.3808746933937073, "acc": 0.8855318427085876, "length": 3.955801010131836, "mode": "test", "epoch": 97}
{"loss": 0.13885676860809326, "acc": 0.9528024792671204, "length": 3.9493319988250732, "mode": "train", "epoch": 98}
{"loss": 0.38616007566452026, "acc": 0.8818772435188293, "length": 3.9723756313323975, "mode": "test", "epoch": 98}
{"loss": 0.13958989083766937, "acc": 0.9502125382423401, "length": 3.9636130332946777, "mode": "train", "epoch": 99}
{"loss": 0.38019901514053345, "acc": 0.8829419016838074, "length": 3.9944751262664795, "mode": "test", "epoch": 99}
{"loss": 0.1397184580564499, "acc": 0.9513155817985535, "length": 3.9732859134674072, "mode": "train", "epoch": 100}
{"loss": 0.3950018584728241, "acc": 0.8893014192581177, "length": 3.977900505065918, "mode": "test", "epoch": 100}
test accuracy: 0.7821760177612305
