# ["--attributes=3", "--values=3", "--game_size=3", "--vocab_size_factor=3", "--n_epochs=100", "--batch_size=32", "--learning_rate=0.0005", "--hidden_size=128", "--temp_update=0.99", "--temperature=1.5"]
Creating train_ds and val_ds...

Creating test_ds...
{"loss": 0.6987839341163635, "acc": 0.4875316619873047, "length": 3.5415384769439697, "mode": "train", "epoch": 1}
{"loss": 0.6915451884269714, "acc": 0.5000000596046448, "length": 4.0, "mode": "test", "epoch": 1}
{"loss": 0.6921652555465698, "acc": 0.5167741179466248, "length": 3.5672802925109863, "mode": "train", "epoch": 2}
{"loss": 0.693335235118866, "acc": 0.5212408304214478, "length": 3.8604650497436523, "mode": "test", "epoch": 2}
{"loss": 0.6909693479537964, "acc": 0.5265947580337524, "length": 3.536522626876831, "mode": "train", "epoch": 3}
{"loss": 0.6884922981262207, "acc": 0.5372622013092041, "length": 3.7906975746154785, "mode": "test", "epoch": 3}
{"loss": 0.6899757981300354, "acc": 0.538724422454834, "length": 3.5199995040893555, "mode": "train", "epoch": 4}
{"loss": 0.6822947263717651, "acc": 0.5876056551933289, "length": 3.65116286277771, "mode": "test", "epoch": 4}
{"loss": 0.688287079334259, "acc": 0.5406047701835632, "length": 3.5316832065582275, "mode": "train", "epoch": 5}
{"loss": 0.675642728805542, "acc": 0.6010615825653076, "length": 3.7558138370513916, "mode": "test", "epoch": 5}
{"loss": 0.6841795444488525, "acc": 0.5595704913139343, "length": 3.473081588745117, "mode": "train", "epoch": 6}
{"loss": 0.6694169044494629, "acc": 0.5987546443939209, "length": 3.8372092247009277, "mode": "test", "epoch": 6}
{"loss": 0.675382673740387, "acc": 0.5756360292434692, "length": 3.405435562133789, "mode": "train", "epoch": 7}
{"loss": 0.6591808795928955, "acc": 0.5935683250427246, "length": 3.965116262435913, "mode": "test", "epoch": 7}
{"loss": 0.6560772061347961, "acc": 0.6545503735542297, "length": 3.384657144546509, "mode": "train", "epoch": 8}
{"loss": 0.6383427381515503, "acc": 0.6472867727279663, "length": 4.0, "mode": "test", "epoch": 8}
{"loss": 0.6239035129547119, "acc": 0.7149194478988647, "length": 3.562753200531006, "mode": "train", "epoch": 9}
{"loss": 0.6079607009887695, "acc": 0.689922571182251, "length": 4.0, "mode": "test", "epoch": 9}
{"loss": 0.583457350730896, "acc": 0.7289266586303711, "length": 3.764707088470459, "mode": "train", "epoch": 10}
{"loss": 0.5880647897720337, "acc": 0.7325582504272461, "length": 4.0, "mode": "test", "epoch": 10}
{"loss": 0.5546171069145203, "acc": 0.7357845902442932, "length": 3.9098570346832275, "mode": "train", "epoch": 11}
{"loss": 0.595599353313446, "acc": 0.7073644399642944, "length": 4.0, "mode": "test", "epoch": 11}
{"loss": 0.5507769584655762, "acc": 0.7299060225486755, "length": 3.932311773300171, "mode": "train", "epoch": 12}
{"loss": 0.6043291091918945, "acc": 0.7015503644943237, "length": 4.0, "mode": "test", "epoch": 12}
{"loss": 0.5446264147758484, "acc": 0.7408958077430725, "length": 3.935239553451538, "mode": "train", "epoch": 13}
{"loss": 0.5830640196800232, "acc": 0.7558140158653259, "length": 4.0, "mode": "test", "epoch": 13}
{"loss": 0.5392264723777771, "acc": 0.7553699016571045, "length": 3.9309682846069336, "mode": "train", "epoch": 14}
{"loss": 0.5789873600006104, "acc": 0.7538759708404541, "length": 4.0, "mode": "test", "epoch": 14}
{"loss": 0.5292026400566101, "acc": 0.7529659271240234, "length": 3.9176394939422607, "mode": "train", "epoch": 15}
{"loss": 0.5742197036743164, "acc": 0.7480621337890625, "length": 4.0, "mode": "test", "epoch": 15}
{"loss": 0.5220250487327576, "acc": 0.7638779282569885, "length": 3.9172768592834473, "mode": "train", "epoch": 16}
{"loss": 0.5634219646453857, "acc": 0.7403100728988647, "length": 4.0, "mode": "test", "epoch": 16}
{"loss": 0.5095186233520508, "acc": 0.752500057220459, "length": 3.8895208835601807, "mode": "train", "epoch": 17}
{"loss": 0.5878983736038208, "acc": 0.7306202054023743, "length": 4.0, "mode": "test", "epoch": 17}
{"loss": 0.49901339411735535, "acc": 0.7729358077049255, "length": 3.918429374694824, "mode": "train", "epoch": 18}
{"loss": 0.5808225870132446, "acc": 0.7248061299324036, "length": 4.0, "mode": "test", "epoch": 18}
{"loss": 0.49022215604782104, "acc": 0.7771236896514893, "length": 3.9430956840515137, "mode": "train", "epoch": 19}
{"loss": 0.569757878780365, "acc": 0.7306202054023743, "length": 4.0, "mode": "test", "epoch": 19}
{"loss": 0.48116445541381836, "acc": 0.7681946754455566, "length": 3.94325590133667, "mode": "train", "epoch": 20}
{"loss": 0.5614022016525269, "acc": 0.7422481179237366, "length": 4.0, "mode": "test", "epoch": 20}
{"loss": 0.4727439880371094, "acc": 0.7759605050086975, "length": 3.965479612350464, "mode": "train", "epoch": 21}
{"loss": 0.552138090133667, "acc": 0.7461240887641907, "length": 4.0, "mode": "test", "epoch": 21}
{"loss": 0.4627528190612793, "acc": 0.7855337858200073, "length": 3.962137460708618, "mode": "train", "epoch": 22}
{"loss": 0.5458273887634277, "acc": 0.7422480583190918, "length": 4.0, "mode": "test", "epoch": 22}
{"loss": 0.4508344233036041, "acc": 0.7993465065956116, "length": 3.973464012145996, "mode": "train", "epoch": 23}
{"loss": 0.5464407205581665, "acc": 0.7596899271011353, "length": 4.0, "mode": "test", "epoch": 23}
{"loss": 0.4425869584083557, "acc": 0.8000593781471252, "length": 3.9846484661102295, "mode": "train", "epoch": 24}
{"loss": 0.5362961888313293, "acc": 0.7713178396224976, "length": 4.0, "mode": "test", "epoch": 24}
{"loss": 0.43204838037490845, "acc": 0.811039388179779, "length": 3.9792277812957764, "mode": "train", "epoch": 25}
{"loss": 0.5365195274353027, "acc": 0.7693797945976257, "length": 4.0, "mode": "test", "epoch": 25}
{"loss": 0.42747369408607483, "acc": 0.807843804359436, "length": 3.98142147064209, "mode": "train", "epoch": 26}
{"loss": 0.5276772975921631, "acc": 0.7635658383369446, "length": 4.0, "mode": "test", "epoch": 26}
{"loss": 0.41938772797584534, "acc": 0.8195816278457642, "length": 3.9836649894714355, "mode": "train", "epoch": 27}
{"loss": 0.5258590579032898, "acc": 0.7674419283866882, "length": 4.0, "mode": "test", "epoch": 27}
{"loss": 0.4169140160083771, "acc": 0.8182719349861145, "length": 3.985520839691162, "mode": "train", "epoch": 28}
{"loss": 0.5093855857849121, "acc": 0.7655038237571716, "length": 4.0, "mode": "test", "epoch": 28}
{"loss": 0.4124771058559418, "acc": 0.8202340006828308, "length": 3.984248161315918, "mode": "train", "epoch": 29}
{"loss": 0.5201717615127563, "acc": 0.765504002571106, "length": 4.0, "mode": "test", "epoch": 29}
{"loss": 0.39847928285598755, "acc": 0.8254551291465759, "length": 3.9763143062591553, "mode": "train", "epoch": 30}
{"loss": 0.5402379035949707, "acc": 0.7616279125213623, "length": 4.0, "mode": "test", "epoch": 30}
{"loss": 0.39862385392189026, "acc": 0.829272985458374, "length": 3.9832921028137207, "mode": "train", "epoch": 31}
{"loss": 0.504468560218811, "acc": 0.7713178396224976, "length": 4.0, "mode": "test", "epoch": 31}
{"loss": 0.388530969619751, "acc": 0.8345081806182861, "length": 3.981687068939209, "mode": "train", "epoch": 32}
{"loss": 0.44644662737846375, "acc": 0.7810078859329224, "length": 4.0, "mode": "test", "epoch": 32}
{"loss": 0.3758096992969513, "acc": 0.8332796692848206, "length": 3.9887051582336426, "mode": "train", "epoch": 33}
{"loss": 0.44985145330429077, "acc": 0.7790698409080505, "length": 4.0, "mode": "test", "epoch": 33}
{"loss": 0.3688657283782959, "acc": 0.8333075642585754, "length": 3.987670421600342, "mode": "train", "epoch": 34}
{"loss": 0.44313785433769226, "acc": 0.7906976938247681, "length": 4.0, "mode": "test", "epoch": 34}
{"loss": 0.35763072967529297, "acc": 0.848857581615448, "length": 3.9904136657714844, "mode": "train", "epoch": 35}
{"loss": 0.4365529417991638, "acc": 0.8023256063461304, "length": 4.0, "mode": "test", "epoch": 35}
{"loss": 0.3525244891643524, "acc": 0.8443083167076111, "length": 3.9861834049224854, "mode": "train", "epoch": 36}
{"loss": 0.42656952142715454, "acc": 0.8023256063461304, "length": 4.0, "mode": "test", "epoch": 36}
{"loss": 0.34870731830596924, "acc": 0.8430686593055725, "length": 3.993061065673828, "mode": "train", "epoch": 37}
{"loss": 0.41134804487228394, "acc": 0.8178295493125916, "length": 4.0, "mode": "test", "epoch": 37}
{"loss": 0.3315615653991699, "acc": 0.8566855192184448, "length": 3.993074417114258, "mode": "train", "epoch": 38}
{"loss": 0.4292740821838379, "acc": 0.8139533996582031, "length": 4.0, "mode": "test", "epoch": 38}
{"loss": 0.32813602685928345, "acc": 0.8630639314651489, "length": 3.986323595046997, "mode": "train", "epoch": 39}
{"loss": 0.3854285478591919, "acc": 0.8313953280448914, "length": 4.0, "mode": "test", "epoch": 39}
{"loss": 0.3161853551864624, "acc": 0.8670576810836792, "length": 3.989375352859497, "mode": "train", "epoch": 40}
{"loss": 0.4321953058242798, "acc": 0.8255814909934998, "length": 4.0, "mode": "test", "epoch": 40}
{"loss": 0.3184441924095154, "acc": 0.8651133179664612, "length": 3.9931347370147705, "mode": "train", "epoch": 41}
{"loss": 0.4018418788909912, "acc": 0.8236434459686279, "length": 4.0, "mode": "test", "epoch": 41}
{"loss": 0.30807799100875854, "acc": 0.8794652223587036, "length": 3.993216037750244, "mode": "train", "epoch": 42}
{"loss": 0.39649495482444763, "acc": 0.8255814909934998, "length": 4.0, "mode": "test", "epoch": 42}
{"loss": 0.29768106341362, "acc": 0.8742891550064087, "length": 3.9896435737609863, "mode": "train", "epoch": 43}
{"loss": 0.3800641894340515, "acc": 0.8333333730697632, "length": 4.0, "mode": "test", "epoch": 43}
{"loss": 0.29244139790534973, "acc": 0.8813807964324951, "length": 3.987630844116211, "mode": "train", "epoch": 44}
{"loss": 0.3911548852920532, "acc": 0.8352713584899902, "length": 4.0, "mode": "test", "epoch": 44}
{"loss": 0.2792398929595947, "acc": 0.8814013004302979, "length": 3.9941658973693848, "mode": "train", "epoch": 45}
{"loss": 0.3652927875518799, "acc": 0.8410853147506714, "length": 4.0, "mode": "test", "epoch": 45}
{"loss": 0.2787941098213196, "acc": 0.8872539401054382, "length": 3.9945623874664307, "mode": "train", "epoch": 46}
{"loss": 0.38473305106163025, "acc": 0.8372094631195068, "length": 4.0, "mode": "test", "epoch": 46}
{"loss": 0.286049485206604, "acc": 0.875624418258667, "length": 3.9933526515960693, "mode": "train", "epoch": 47}
{"loss": 0.4270820617675781, "acc": 0.8410853147506714, "length": 4.0, "mode": "test", "epoch": 47}
{"loss": 0.2799558937549591, "acc": 0.884597897529602, "length": 3.9885809421539307, "mode": "train", "epoch": 48}
{"loss": 0.3828427791595459, "acc": 0.8391473293304443, "length": 4.0, "mode": "test", "epoch": 48}
{"loss": 0.26030293107032776, "acc": 0.8899205923080444, "length": 3.9956202507019043, "mode": "train", "epoch": 49}
{"loss": 0.39274632930755615, "acc": 0.8430232405662537, "length": 4.0, "mode": "test", "epoch": 49}
{"loss": 0.26272156834602356, "acc": 0.8866634964942932, "length": 3.9934840202331543, "mode": "train", "epoch": 50}
{"loss": 0.37779074907302856, "acc": 0.8468992710113525, "length": 4.0, "mode": "test", "epoch": 50}
{"loss": 0.26096951961517334, "acc": 0.895728588104248, "length": 3.9927585124969482, "mode": "train", "epoch": 51}
{"loss": 0.4014609754085541, "acc": 0.8410853743553162, "length": 4.0, "mode": "test", "epoch": 51}
{"loss": 0.2470557987689972, "acc": 0.9016051888465881, "length": 3.995011329650879, "mode": "train", "epoch": 52}
{"loss": 0.37394076585769653, "acc": 0.8507752418518066, "length": 4.0, "mode": "test", "epoch": 52}
{"loss": 0.23869049549102783, "acc": 0.9061472415924072, "length": 3.9941651821136475, "mode": "train", "epoch": 53}
{"loss": 0.3951141834259033, "acc": 0.8410853147506714, "length": 4.0, "mode": "test", "epoch": 53}
{"loss": 0.24009810388088226, "acc": 0.9035832285881042, "length": 3.9964382648468018, "mode": "train", "epoch": 54}
{"loss": 0.3814157247543335, "acc": 0.8488371968269348, "length": 4.0, "mode": "test", "epoch": 54}
{"loss": 0.23568345606327057, "acc": 0.9048607349395752, "length": 3.99570631980896, "mode": "train", "epoch": 55}
{"loss": 0.40361487865448, "acc": 0.8449612855911255, "length": 4.0, "mode": "test", "epoch": 55}
{"loss": 0.23248451948165894, "acc": 0.9067386388778687, "length": 3.9890313148498535, "mode": "train", "epoch": 56}
{"loss": 0.384432852268219, "acc": 0.8585272431373596, "length": 4.0, "mode": "test", "epoch": 56}
{"loss": 0.23141537606716156, "acc": 0.9164835214614868, "length": 3.9927096366882324, "mode": "train", "epoch": 57}
{"loss": 0.3702843189239502, "acc": 0.8662790656089783, "length": 4.0, "mode": "test", "epoch": 57}
{"loss": 0.21977177262306213, "acc": 0.9055641293525696, "length": 3.9930155277252197, "mode": "train", "epoch": 58}
{"loss": 0.4000377058982849, "acc": 0.8527132868766785, "length": 4.0, "mode": "test", "epoch": 58}
{"loss": 0.23189371824264526, "acc": 0.9081799983978271, "length": 3.998530864715576, "mode": "train", "epoch": 59}
{"loss": 0.38251954317092896, "acc": 0.8701549768447876, "length": 4.0, "mode": "test", "epoch": 59}
{"loss": 0.22368739545345306, "acc": 0.9178875684738159, "length": 3.9961602687835693, "mode": "train", "epoch": 60}
{"loss": 0.37717172503471375, "acc": 0.8682171106338501, "length": 4.0, "mode": "test", "epoch": 60}
{"loss": 0.2134503424167633, "acc": 0.9192295074462891, "length": 3.998049259185791, "mode": "train", "epoch": 61}
{"loss": 0.3954325318336487, "acc": 0.8682171106338501, "length": 4.0, "mode": "test", "epoch": 61}
{"loss": 0.2080879509449005, "acc": 0.9166260957717896, "length": 3.99808931350708, "mode": "train", "epoch": 62}
{"loss": 0.3773218095302582, "acc": 0.8701550960540771, "length": 4.0, "mode": "test", "epoch": 62}
{"loss": 0.20721963047981262, "acc": 0.9218449592590332, "length": 3.9984235763549805, "mode": "train", "epoch": 63}
{"loss": 0.3811274468898773, "acc": 0.8662790656089783, "length": 4.0, "mode": "test", "epoch": 63}
{"loss": 0.20398125052452087, "acc": 0.917304515838623, "length": 3.9991822242736816, "mode": "train", "epoch": 64}
{"loss": 0.3909352719783783, "acc": 0.8701550960540771, "length": 4.0, "mode": "test", "epoch": 64}
{"loss": 0.20191597938537598, "acc": 0.9225025773048401, "length": 3.998944044113159, "mode": "train", "epoch": 65}
{"loss": 0.3543752133846283, "acc": 0.8837209939956665, "length": 4.0, "mode": "test", "epoch": 65}
{"loss": 0.19866538047790527, "acc": 0.9263953566551208, "length": 3.9990665912628174, "mode": "train", "epoch": 66}
{"loss": 0.38599079847335815, "acc": 0.8779069781303406, "length": 4.0, "mode": "test", "epoch": 66}
{"loss": 0.19673708081245422, "acc": 0.9218387007713318, "length": 3.9981141090393066, "mode": "train", "epoch": 67}
{"loss": 0.3448025584220886, "acc": 0.8875970244407654, "length": 4.0, "mode": "test", "epoch": 67}
{"loss": 0.20482885837554932, "acc": 0.9172915816307068, "length": 3.998911142349243, "mode": "train", "epoch": 68}
{"loss": 0.37041911482810974, "acc": 0.8759689927101135, "length": 4.0, "mode": "test", "epoch": 68}
{"loss": 0.1992504596710205, "acc": 0.928374171257019, "length": 3.999553918838501, "mode": "train", "epoch": 69}
{"loss": 0.3680003583431244, "acc": 0.8875969052314758, "length": 4.0, "mode": "test", "epoch": 69}
{"loss": 0.19078905880451202, "acc": 0.9289975166320801, "length": 3.9978749752044678, "mode": "train", "epoch": 70}
{"loss": 0.34688687324523926, "acc": 0.8856589794158936, "length": 4.0, "mode": "test", "epoch": 70}
{"loss": 0.19214080274105072, "acc": 0.9329364895820618, "length": 3.999692916870117, "mode": "train", "epoch": 71}
{"loss": 0.357853502035141, "acc": 0.8720930218696594, "length": 4.0, "mode": "test", "epoch": 71}
{"loss": 0.18218949437141418, "acc": 0.925769031047821, "length": 3.998974323272705, "mode": "train", "epoch": 72}
{"loss": 0.37506434321403503, "acc": 0.8740310668945312, "length": 4.0, "mode": "test", "epoch": 72}
{"loss": 0.18320760130882263, "acc": 0.9238166809082031, "length": 3.999457836151123, "mode": "train", "epoch": 73}
{"loss": 0.3711833357810974, "acc": 0.8720930218696594, "length": 4.0, "mode": "test", "epoch": 73}
{"loss": 0.1753571778535843, "acc": 0.9381371736526489, "length": 3.999445915222168, "mode": "train", "epoch": 74}
{"loss": 0.3659888207912445, "acc": 0.8875970244407654, "length": 4.0, "mode": "test", "epoch": 74}
{"loss": 0.17553840577602386, "acc": 0.9303320050239563, "length": 3.999471664428711, "mode": "train", "epoch": 75}
{"loss": 0.40478500723838806, "acc": 0.8779069781303406, "length": 4.0, "mode": "test", "epoch": 75}
{"loss": 0.1736530065536499, "acc": 0.9322553873062134, "length": 3.9981305599212646, "mode": "train", "epoch": 76}
{"loss": 0.3660147190093994, "acc": 0.8817829489707947, "length": 4.0, "mode": "test", "epoch": 76}
{"loss": 0.16377830505371094, "acc": 0.9394477605819702, "length": 3.999755620956421, "mode": "train", "epoch": 77}
{"loss": 0.36608725786209106, "acc": 0.8817829489707947, "length": 4.0, "mode": "test", "epoch": 77}
{"loss": 0.1744805872440338, "acc": 0.9374914765357971, "length": 3.9996132850646973, "mode": "train", "epoch": 78}
{"loss": 0.3558872938156128, "acc": 0.8875969052314758, "length": 4.0, "mode": "test", "epoch": 78}
{"loss": 0.18023990094661713, "acc": 0.9283819794654846, "length": 3.99963641166687, "mode": "train", "epoch": 79}
{"loss": 0.37950193881988525, "acc": 0.8837209343910217, "length": 4.0, "mode": "test", "epoch": 79}
{"loss": 0.17108838260173798, "acc": 0.9400938749313354, "length": 3.999030351638794, "mode": "train", "epoch": 80}
{"loss": 0.3551757335662842, "acc": 0.8972867727279663, "length": 4.0, "mode": "test", "epoch": 80}
{"loss": 0.15994854271411896, "acc": 0.9419510364532471, "length": 3.995368003845215, "mode": "train", "epoch": 81}
{"loss": 0.3561106324195862, "acc": 0.8914728164672852, "length": 4.0, "mode": "test", "epoch": 81}
{"loss": 0.16644327342510223, "acc": 0.9348881840705872, "length": 3.999659776687622, "mode": "train", "epoch": 82}
{"loss": 0.37870487570762634, "acc": 0.8817829489707947, "length": 4.0, "mode": "test", "epoch": 82}
{"loss": 0.16553615033626556, "acc": 0.9361716508865356, "length": 3.998988628387451, "mode": "train", "epoch": 83}
{"loss": 0.3855671286582947, "acc": 0.8972867727279663, "length": 4.0, "mode": "test", "epoch": 83}
{"loss": 0.1434548944234848, "acc": 0.9472595453262329, "length": 3.999732255935669, "mode": "train", "epoch": 84}
{"loss": 0.42153024673461914, "acc": 0.8856589794158936, "length": 4.0, "mode": "test", "epoch": 84}
{"loss": 0.1551603525876999, "acc": 0.9381478428840637, "length": 3.9998106956481934, "mode": "train", "epoch": 85}
{"loss": 0.3638720214366913, "acc": 0.8895348906517029, "length": 4.0, "mode": "test", "epoch": 85}
{"loss": 0.15634575486183167, "acc": 0.9433560967445374, "length": 3.9997401237487793, "mode": "train", "epoch": 86}
{"loss": 0.3640616834163666, "acc": 0.8895348906517029, "length": 4.0, "mode": "test", "epoch": 86}
{"loss": 0.15287092328071594, "acc": 0.9472407698631287, "length": 3.9992406368255615, "mode": "train", "epoch": 87}
{"loss": 0.3500509262084961, "acc": 0.903100848197937, "length": 4.0, "mode": "test", "epoch": 87}
{"loss": 0.1486799418926239, "acc": 0.9501626491546631, "length": 3.992645740509033, "mode": "train", "epoch": 88}
{"loss": 0.3784305453300476, "acc": 0.8972867131233215, "length": 4.0, "mode": "test", "epoch": 88}
{"loss": 0.15904325246810913, "acc": 0.9433537721633911, "length": 3.9997122287750244, "mode": "train", "epoch": 89}
{"loss": 0.36831140518188477, "acc": 0.8895349502563477, "length": 4.0, "mode": "test", "epoch": 89}
{"loss": 0.15639320015907288, "acc": 0.9368423223495483, "length": 3.9996590614318848, "mode": "train", "epoch": 90}
{"loss": 0.3648323714733124, "acc": 0.8856589794158936, "length": 4.0, "mode": "test", "epoch": 90}
{"loss": 0.15800254046916962, "acc": 0.9433526396751404, "length": 3.9998087882995605, "mode": "train", "epoch": 91}
{"loss": 0.38208961486816406, "acc": 0.893410861492157, "length": 4.0, "mode": "test", "epoch": 91}
{"loss": 0.14986643195152283, "acc": 0.9498671293258667, "length": 3.9998762607574463, "mode": "train", "epoch": 92}
{"loss": 0.360961377620697, "acc": 0.8972868919372559, "length": 4.0, "mode": "test", "epoch": 92}
{"loss": 0.1476847380399704, "acc": 0.9452333450317383, "length": 3.9975836277008057, "mode": "train", "epoch": 93}
{"loss": 0.3751049041748047, "acc": 0.893410861492157, "length": 4.0, "mode": "test", "epoch": 93}
{"loss": 0.15140244364738464, "acc": 0.9492138028144836, "length": 3.9998648166656494, "mode": "train", "epoch": 94}
{"loss": 0.3773540258407593, "acc": 0.8914729356765747, "length": 4.0, "mode": "test", "epoch": 94}
{"loss": 0.13683617115020752, "acc": 0.9459508061408997, "length": 3.9995694160461426, "mode": "train", "epoch": 95}
{"loss": 0.3524473309516907, "acc": 0.90116286277771, "length": 4.0, "mode": "test", "epoch": 95}
{"loss": 0.14510329067707062, "acc": 0.9531161189079285, "length": 3.999778985977173, "mode": "train", "epoch": 96}
{"loss": 0.3839770555496216, "acc": 0.8992249369621277, "length": 4.0, "mode": "test", "epoch": 96}
{"loss": 0.14828325808048248, "acc": 0.9544034004211426, "length": 3.999350070953369, "mode": "train", "epoch": 97}
{"loss": 0.34834930300712585, "acc": 0.903100848197937, "length": 4.0, "mode": "test", "epoch": 97}
{"loss": 0.1262781172990799, "acc": 0.9602823257446289, "length": 3.9998817443847656, "mode": "train", "epoch": 98}
{"loss": 0.37224578857421875, "acc": 0.8953489065170288, "length": 4.0, "mode": "test", "epoch": 98}
{"loss": 0.13807472586631775, "acc": 0.9550700187683105, "length": 3.999828338623047, "mode": "train", "epoch": 99}
{"loss": 0.36683377623558044, "acc": 0.8992248177528381, "length": 4.0, "mode": "test", "epoch": 99}
{"loss": 0.1276293694972992, "acc": 0.9557276368141174, "length": 3.9999561309814453, "mode": "train", "epoch": 100}
{"loss": 0.3793833255767822, "acc": 0.9069767594337463, "length": 4.0, "mode": "test", "epoch": 100}
test accuracy: 0.75
