# ["--attributes=3", "--values=4", "--game_size=3", "--vocab_size_factor=3", "--n_epochs=100", "--batch_size=32", "--learning_rate=0.0005", "--hidden_size=128", "--temp_update=0.99", "--temperature=2"]
Creating train_ds and val_ds...

Creating test_ds...
{"loss": 0.6953591108322144, "acc": 0.5104153156280518, "length": 3.6282882690429688, "mode": "train", "epoch": 1}
{"loss": 0.6922949552536011, "acc": 0.5156018733978271, "length": 1.1333333253860474, "mode": "test", "epoch": 1}
{"loss": 0.6907134056091309, "acc": 0.5256540775299072, "length": 3.5868847370147705, "mode": "train", "epoch": 2}
{"loss": 0.6943315267562866, "acc": 0.518993079662323, "length": 1.0666667222976685, "mode": "test", "epoch": 2}
{"loss": 0.6898288726806641, "acc": 0.5337886810302734, "length": 3.542318105697632, "mode": "train", "epoch": 3}
{"loss": 0.6853241324424744, "acc": 0.5629051327705383, "length": 1.850000023841858, "mode": "test", "epoch": 3}
{"loss": 0.686988890171051, "acc": 0.5487819910049438, "length": 3.4574172496795654, "mode": "train", "epoch": 4}
{"loss": 0.6791345477104187, "acc": 0.5681018829345703, "length": 3.066666603088379, "mode": "test", "epoch": 4}
{"loss": 0.6754890084266663, "acc": 0.5814332962036133, "length": 3.4874019622802734, "mode": "train", "epoch": 5}
{"loss": 0.6557206511497498, "acc": 0.6320428252220154, "length": 3.633333444595337, "mode": "test", "epoch": 5}
{"loss": 0.6408342719078064, "acc": 0.6579222679138184, "length": 3.6712703704833984, "mode": "train", "epoch": 6}
{"loss": 0.6042992472648621, "acc": 0.7130556106567383, "length": 3.9833333492279053, "mode": "test", "epoch": 6}
{"loss": 0.5818387866020203, "acc": 0.7160943150520325, "length": 3.829667568206787, "mode": "train", "epoch": 7}
{"loss": 0.5755175352096558, "acc": 0.7361111044883728, "length": 4.0, "mode": "test", "epoch": 7}
{"loss": 0.5350258350372314, "acc": 0.7575286626815796, "length": 3.8758370876312256, "mode": "train", "epoch": 8}
{"loss": 0.5588191151618958, "acc": 0.7388889789581299, "length": 4.0, "mode": "test", "epoch": 8}
{"loss": 0.4999367892742157, "acc": 0.7745875120162964, "length": 3.921888589859009, "mode": "train", "epoch": 9}
{"loss": 0.5543575286865234, "acc": 0.7324074506759644, "length": 4.0, "mode": "test", "epoch": 9}
{"loss": 0.4711477756500244, "acc": 0.7862356901168823, "length": 3.94345760345459, "mode": "train", "epoch": 10}
{"loss": 0.5451626777648926, "acc": 0.7759259343147278, "length": 4.0, "mode": "test", "epoch": 10}
{"loss": 0.45304277539253235, "acc": 0.8062667846679688, "length": 3.960752487182617, "mode": "train", "epoch": 11}
{"loss": 0.5406793355941772, "acc": 0.7722222208976746, "length": 4.0, "mode": "test", "epoch": 11}
{"loss": 0.43676620721817017, "acc": 0.8185940384864807, "length": 3.9672138690948486, "mode": "train", "epoch": 12}
{"loss": 0.5304647088050842, "acc": 0.7805555462837219, "length": 4.0, "mode": "test", "epoch": 12}
{"loss": 0.4234320819377899, "acc": 0.8239328861236572, "length": 3.9737610816955566, "mode": "train", "epoch": 13}
{"loss": 0.5282995700836182, "acc": 0.7879630327224731, "length": 4.0, "mode": "test", "epoch": 13}
{"loss": 0.4146670997142792, "acc": 0.8384647965431213, "length": 3.975208044052124, "mode": "train", "epoch": 14}
{"loss": 0.5262916684150696, "acc": 0.7916666865348816, "length": 4.0, "mode": "test", "epoch": 14}
{"loss": 0.40770870447158813, "acc": 0.8388851284980774, "length": 3.9783287048339844, "mode": "train", "epoch": 15}
{"loss": 0.5336030125617981, "acc": 0.7675926089286804, "length": 4.0, "mode": "test", "epoch": 15}
{"loss": 0.3985905051231384, "acc": 0.8420242071151733, "length": 3.9829819202423096, "mode": "train", "epoch": 16}
{"loss": 0.5243998765945435, "acc": 0.7861111760139465, "length": 4.0, "mode": "test", "epoch": 16}
{"loss": 0.39155229926109314, "acc": 0.8497693538665771, "length": 3.983583927154541, "mode": "train", "epoch": 17}
{"loss": 0.5313482880592346, "acc": 0.7824074625968933, "length": 4.0, "mode": "test", "epoch": 17}
{"loss": 0.386292964220047, "acc": 0.847935140132904, "length": 3.984387159347534, "mode": "train", "epoch": 18}
{"loss": 0.5088151693344116, "acc": 0.800000011920929, "length": 4.0, "mode": "test", "epoch": 18}
{"loss": 0.376304566860199, "acc": 0.8498541712760925, "length": 3.986210823059082, "mode": "train", "epoch": 19}
{"loss": 0.4925294518470764, "acc": 0.800000011920929, "length": 4.0, "mode": "test", "epoch": 19}
{"loss": 0.3695802390575409, "acc": 0.8532776832580566, "length": 3.988269090652466, "mode": "train", "epoch": 20}
{"loss": 0.4944930970668793, "acc": 0.801851749420166, "length": 4.0, "mode": "test", "epoch": 20}
{"loss": 0.36729058623313904, "acc": 0.8551419973373413, "length": 3.987539768218994, "mode": "train", "epoch": 21}
{"loss": 0.4904575049877167, "acc": 0.8027777671813965, "length": 4.0, "mode": "test", "epoch": 21}
{"loss": 0.3660215139389038, "acc": 0.8521252274513245, "length": 3.991203546524048, "mode": "train", "epoch": 22}
{"loss": 0.48681557178497314, "acc": 0.7796297073364258, "length": 4.0, "mode": "test", "epoch": 22}
{"loss": 0.3572866916656494, "acc": 0.8536638021469116, "length": 3.991126298904419, "mode": "train", "epoch": 23}
{"loss": 0.49481046199798584, "acc": 0.7981480956077576, "length": 4.0, "mode": "test", "epoch": 23}
{"loss": 0.3525533080101013, "acc": 0.8520886301994324, "length": 3.9911839962005615, "mode": "train", "epoch": 24}
{"loss": 0.5121076107025146, "acc": 0.800000011920929, "length": 4.0, "mode": "test", "epoch": 24}
{"loss": 0.34931454062461853, "acc": 0.8604510426521301, "length": 3.991701126098633, "mode": "train", "epoch": 25}
{"loss": 0.5045482516288757, "acc": 0.8046297430992126, "length": 4.0, "mode": "test", "epoch": 25}
{"loss": 0.34284695982933044, "acc": 0.8651621341705322, "length": 3.993596315383911, "mode": "train", "epoch": 26}
{"loss": 0.5045921802520752, "acc": 0.7925926446914673, "length": 4.0, "mode": "test", "epoch": 26}
{"loss": 0.3394218981266022, "acc": 0.8599045276641846, "length": 3.9937500953674316, "mode": "train", "epoch": 27}
{"loss": 0.499675452709198, "acc": 0.8092593550682068, "length": 4.0, "mode": "test", "epoch": 27}
{"loss": 0.33318182826042175, "acc": 0.8691673874855042, "length": 3.993013620376587, "mode": "train", "epoch": 28}
{"loss": 0.5051637887954712, "acc": 0.8000000715255737, "length": 4.0, "mode": "test", "epoch": 28}
{"loss": 0.32270336151123047, "acc": 0.8670675158500671, "length": 3.9944989681243896, "mode": "train", "epoch": 29}
{"loss": 0.5009554624557495, "acc": 0.7888889908790588, "length": 4.0, "mode": "test", "epoch": 29}
{"loss": 0.3188256621360779, "acc": 0.8701775074005127, "length": 3.9958109855651855, "mode": "train", "epoch": 30}
{"loss": 0.5304538607597351, "acc": 0.7814814448356628, "length": 4.0, "mode": "test", "epoch": 30}
{"loss": 0.3146805167198181, "acc": 0.8766695261001587, "length": 3.995729923248291, "mode": "train", "epoch": 31}
{"loss": 0.4990815818309784, "acc": 0.7925925254821777, "length": 4.0, "mode": "test", "epoch": 31}
{"loss": 0.3155894875526428, "acc": 0.875434160232544, "length": 3.995992422103882, "mode": "train", "epoch": 32}
{"loss": 0.49713432788848877, "acc": 0.783333420753479, "length": 4.0, "mode": "test", "epoch": 32}
{"loss": 0.3001539707183838, "acc": 0.8773059844970703, "length": 3.996143341064453, "mode": "train", "epoch": 33}
{"loss": 0.4946795701980591, "acc": 0.8009260296821594, "length": 4.0, "mode": "test", "epoch": 33}
{"loss": 0.3002226948738098, "acc": 0.8831732869148254, "length": 3.996256113052368, "mode": "train", "epoch": 34}
{"loss": 0.49991363286972046, "acc": 0.7972223162651062, "length": 4.0, "mode": "test", "epoch": 34}
{"loss": 0.2916642725467682, "acc": 0.8844621181488037, "length": 3.9973716735839844, "mode": "train", "epoch": 35}
{"loss": 0.5028882026672363, "acc": 0.79537034034729, "length": 4.0, "mode": "test", "epoch": 35}
{"loss": 0.2853015959262848, "acc": 0.8859962821006775, "length": 3.9968466758728027, "mode": "train", "epoch": 36}
{"loss": 0.497543066740036, "acc": 0.8064814209938049, "length": 4.0, "mode": "test", "epoch": 36}
{"loss": 0.2870749235153198, "acc": 0.8863183856010437, "length": 3.9974236488342285, "mode": "train", "epoch": 37}
{"loss": 0.5086221098899841, "acc": 0.7824074029922485, "length": 4.0, "mode": "test", "epoch": 37}
{"loss": 0.27982500195503235, "acc": 0.8913013935089111, "length": 3.9978232383728027, "mode": "train", "epoch": 38}
{"loss": 0.5030133128166199, "acc": 0.7898149490356445, "length": 4.0, "mode": "test", "epoch": 38}
{"loss": 0.27770423889160156, "acc": 0.8885037302970886, "length": 3.9975335597991943, "mode": "train", "epoch": 39}
{"loss": 0.5062941312789917, "acc": 0.7953704595565796, "length": 4.0, "mode": "test", "epoch": 39}
{"loss": 0.27726709842681885, "acc": 0.8931427597999573, "length": 3.9974026679992676, "mode": "train", "epoch": 40}
{"loss": 0.5116299390792847, "acc": 0.7879629135131836, "length": 4.0, "mode": "test", "epoch": 40}
{"loss": 0.27320829033851624, "acc": 0.8953396677970886, "length": 3.99800181388855, "mode": "train", "epoch": 41}
{"loss": 0.5095710754394531, "acc": 0.7851851582527161, "length": 4.0, "mode": "test", "epoch": 41}
{"loss": 0.26108163595199585, "acc": 0.8984341621398926, "length": 3.998004674911499, "mode": "train", "epoch": 42}
{"loss": 0.5088784694671631, "acc": 0.7851851582527161, "length": 4.0, "mode": "test", "epoch": 42}
{"loss": 0.2650240957736969, "acc": 0.8993787169456482, "length": 3.9982924461364746, "mode": "train", "epoch": 43}
{"loss": 0.5065832734107971, "acc": 0.7842592597007751, "length": 4.0, "mode": "test", "epoch": 43}
{"loss": 0.2548195421695709, "acc": 0.9000173211097717, "length": 3.998568296432495, "mode": "train", "epoch": 44}
{"loss": 0.5239284634590149, "acc": 0.7953704595565796, "length": 4.0, "mode": "test", "epoch": 44}
{"loss": 0.24789126217365265, "acc": 0.8993889689445496, "length": 3.998507022857666, "mode": "train", "epoch": 45}
{"loss": 0.521159291267395, "acc": 0.7851852178573608, "length": 4.0, "mode": "test", "epoch": 45}
{"loss": 0.2501688599586487, "acc": 0.9012596607208252, "length": 3.9989333152770996, "mode": "train", "epoch": 46}
{"loss": 0.5276569128036499, "acc": 0.7749999761581421, "length": 4.0, "mode": "test", "epoch": 46}
{"loss": 0.2456333488225937, "acc": 0.9015707969665527, "length": 3.9987287521362305, "mode": "train", "epoch": 47}
{"loss": 0.5655311346054077, "acc": 0.7685183882713318, "length": 4.0, "mode": "test", "epoch": 47}
{"loss": 0.24568144977092743, "acc": 0.904047966003418, "length": 3.998807430267334, "mode": "train", "epoch": 48}
{"loss": 0.5408655405044556, "acc": 0.7787037491798401, "length": 4.0, "mode": "test", "epoch": 48}
{"loss": 0.23691225051879883, "acc": 0.9099565148353577, "length": 3.9990506172180176, "mode": "train", "epoch": 49}
{"loss": 0.5441311001777649, "acc": 0.7879630327224731, "length": 4.0, "mode": "test", "epoch": 49}
{"loss": 0.23952102661132812, "acc": 0.9012742638587952, "length": 3.999138116836548, "mode": "train", "epoch": 50}
{"loss": 0.55397629737854, "acc": 0.7916667461395264, "length": 4.0, "mode": "test", "epoch": 50}
{"loss": 0.2327323704957962, "acc": 0.9108843803405762, "length": 3.999046564102173, "mode": "train", "epoch": 51}
{"loss": 0.5167306661605835, "acc": 0.7842592597007751, "length": 4.0, "mode": "test", "epoch": 51}
{"loss": 0.23037517070770264, "acc": 0.909343957901001, "length": 3.999298095703125, "mode": "train", "epoch": 52}
{"loss": 0.5325562357902527, "acc": 0.7898149490356445, "length": 4.0, "mode": "test", "epoch": 52}
{"loss": 0.2290598750114441, "acc": 0.9124417901039124, "length": 3.9992339611053467, "mode": "train", "epoch": 53}
{"loss": 0.5268459916114807, "acc": 0.7944444417953491, "length": 4.0, "mode": "test", "epoch": 53}
{"loss": 0.22366242110729218, "acc": 0.9146156907081604, "length": 3.9991884231567383, "mode": "train", "epoch": 54}
{"loss": 0.5451032519340515, "acc": 0.775925874710083, "length": 4.0, "mode": "test", "epoch": 54}
{"loss": 0.22627346217632294, "acc": 0.9102678298950195, "length": 3.999157667160034, "mode": "train", "epoch": 55}
{"loss": 0.5215213298797607, "acc": 0.7861111760139465, "length": 4.0, "mode": "test", "epoch": 55}
{"loss": 0.22328390181064606, "acc": 0.9118368029594421, "length": 3.999514102935791, "mode": "train", "epoch": 56}
{"loss": 0.5326210260391235, "acc": 0.7842592000961304, "length": 4.0, "mode": "test", "epoch": 56}
{"loss": 0.21928724646568298, "acc": 0.9127643704414368, "length": 3.9994561672210693, "mode": "train", "epoch": 57}
{"loss": 0.5039554238319397, "acc": 0.7879629135131836, "length": 4.0, "mode": "test", "epoch": 57}
{"loss": 0.21861955523490906, "acc": 0.9102839827537537, "length": 3.9995462894439697, "mode": "train", "epoch": 58}
{"loss": 0.5083286762237549, "acc": 0.8055555820465088, "length": 4.0, "mode": "test", "epoch": 58}
{"loss": 0.2162405401468277, "acc": 0.9192885160446167, "length": 3.9996581077575684, "mode": "train", "epoch": 59}
{"loss": 0.48192906379699707, "acc": 0.8129630088806152, "length": 4.0, "mode": "test", "epoch": 59}
{"loss": 0.20720705389976501, "acc": 0.9223920106887817, "length": 3.9996726512908936, "mode": "train", "epoch": 60}
{"loss": 0.4975181519985199, "acc": 0.8009260296821594, "length": 4.0, "mode": "test", "epoch": 60}
{"loss": 0.22738902270793915, "acc": 0.9093614220619202, "length": 3.999730348587036, "mode": "train", "epoch": 61}
{"loss": 0.49632054567337036, "acc": 0.8129629492759705, "length": 4.0, "mode": "test", "epoch": 61}
{"loss": 0.21950428187847137, "acc": 0.9176672101020813, "length": 3.9982147216796875, "mode": "train", "epoch": 62}
{"loss": 0.4942713975906372, "acc": 0.7981482744216919, "length": 4.0, "mode": "test", "epoch": 62}
{"loss": 0.20752555131912231, "acc": 0.9233296513557434, "length": 3.99979305267334, "mode": "train", "epoch": 63}
{"loss": 0.49922609329223633, "acc": 0.8120371699333191, "length": 4.0, "mode": "test", "epoch": 63}
{"loss": 0.2081308364868164, "acc": 0.9202281832695007, "length": 3.9998250007629395, "mode": "train", "epoch": 64}
{"loss": 0.5147107839584351, "acc": 0.7953704595565796, "length": 4.0, "mode": "test", "epoch": 64}
{"loss": 0.20547810196876526, "acc": 0.917741060256958, "length": 3.99973726272583, "mode": "train", "epoch": 65}
{"loss": 0.48898741602897644, "acc": 0.8074074387550354, "length": 4.0, "mode": "test", "epoch": 65}
{"loss": 0.19818031787872314, "acc": 0.9239469170570374, "length": 3.999666690826416, "mode": "train", "epoch": 66}
{"loss": 0.4959699809551239, "acc": 0.809259295463562, "length": 4.0, "mode": "test", "epoch": 66}
{"loss": 0.20228222012519836, "acc": 0.9233244061470032, "length": 3.9997222423553467, "mode": "train", "epoch": 67}
{"loss": 0.5122427940368652, "acc": 0.8064814805984497, "length": 4.0, "mode": "test", "epoch": 67}
{"loss": 0.19463826715946198, "acc": 0.9270588755607605, "length": 3.9998927116394043, "mode": "train", "epoch": 68}
{"loss": 0.4712613523006439, "acc": 0.8157408237457275, "length": 4.0, "mode": "test", "epoch": 68}
{"loss": 0.19449102878570557, "acc": 0.923332691192627, "length": 3.99980092048645, "mode": "train", "epoch": 69}
{"loss": 0.4908665120601654, "acc": 0.8157408833503723, "length": 4.0, "mode": "test", "epoch": 69}
{"loss": 0.19202552735805511, "acc": 0.9286072850227356, "length": 3.9998090267181396, "mode": "train", "epoch": 70}
{"loss": 0.4754508137702942, "acc": 0.8203704953193665, "length": 4.0, "mode": "test", "epoch": 70}
{"loss": 0.19312478601932526, "acc": 0.928607702255249, "length": 3.9998159408569336, "mode": "train", "epoch": 71}
{"loss": 0.5144351720809937, "acc": 0.8037038445472717, "length": 4.0, "mode": "test", "epoch": 71}
{"loss": 0.17968039214611053, "acc": 0.9326461553573608, "length": 3.9998817443847656, "mode": "train", "epoch": 72}
{"loss": 0.48846113681793213, "acc": 0.8111112713813782, "length": 4.0, "mode": "test", "epoch": 72}
{"loss": 0.18524564802646637, "acc": 0.9279850125312805, "length": 3.999819040298462, "mode": "train", "epoch": 73}
{"loss": 0.4963575303554535, "acc": 0.8148149251937866, "length": 4.0, "mode": "test", "epoch": 73}
{"loss": 0.17828014492988586, "acc": 0.9351272583007812, "length": 3.999863624572754, "mode": "train", "epoch": 74}
{"loss": 0.5056363940238953, "acc": 0.8120371699333191, "length": 4.0, "mode": "test", "epoch": 74}
{"loss": 0.178975909948349, "acc": 0.9348189830780029, "length": 3.999926805496216, "mode": "train", "epoch": 75}
{"loss": 0.4600193500518799, "acc": 0.8259259462356567, "length": 4.0, "mode": "test", "epoch": 75}
{"loss": 0.16996261477470398, "acc": 0.9391660094261169, "length": 3.9999594688415527, "mode": "train", "epoch": 76}
{"loss": 0.4836401343345642, "acc": 0.8148149251937866, "length": 4.0, "mode": "test", "epoch": 76}
{"loss": 0.17478936910629272, "acc": 0.9369938969612122, "length": 3.999967336654663, "mode": "train", "epoch": 77}
{"loss": 0.48427972197532654, "acc": 0.8277778029441833, "length": 4.0, "mode": "test", "epoch": 77}
{"loss": 0.17341601848602295, "acc": 0.9332637786865234, "length": 3.9998576641082764, "mode": "train", "epoch": 78}
{"loss": 0.4977714419364929, "acc": 0.8212963342666626, "length": 4.0, "mode": "test", "epoch": 78}
{"loss": 0.17893338203430176, "acc": 0.9329574108123779, "length": 3.9999403953552246, "mode": "train", "epoch": 79}
{"loss": 0.48470744490623474, "acc": 0.8268518447875977, "length": 4.0, "mode": "test", "epoch": 79}
{"loss": 0.1740962564945221, "acc": 0.9329161047935486, "length": 3.999427556991577, "mode": "train", "epoch": 80}
{"loss": 0.48050010204315186, "acc": 0.823148250579834, "length": 4.0, "mode": "test", "epoch": 80}
{"loss": 0.17436130344867706, "acc": 0.9329589605331421, "length": 3.9999635219573975, "mode": "train", "epoch": 81}
{"loss": 0.5064662098884583, "acc": 0.824999988079071, "length": 4.0, "mode": "test", "epoch": 81}
{"loss": 0.17028066515922546, "acc": 0.9397867321968079, "length": 3.9999589920043945, "mode": "train", "epoch": 82}
{"loss": 0.48402294516563416, "acc": 0.8166667222976685, "length": 4.0, "mode": "test", "epoch": 82}
{"loss": 0.1635589301586151, "acc": 0.9466159343719482, "length": 3.999983072280884, "mode": "train", "epoch": 83}
{"loss": 0.4712481200695038, "acc": 0.8259259462356567, "length": 4.0, "mode": "test", "epoch": 83}
{"loss": 0.16190502047538757, "acc": 0.9435124397277832, "length": 3.999983549118042, "mode": "train", "epoch": 84}
{"loss": 0.48737069964408875, "acc": 0.8277779221534729, "length": 4.0, "mode": "test", "epoch": 84}
{"loss": 0.15858227014541626, "acc": 0.9456841349601746, "length": 3.999971389770508, "mode": "train", "epoch": 85}
{"loss": 0.4741641879081726, "acc": 0.8277778029441833, "length": 4.0, "mode": "test", "epoch": 85}
{"loss": 0.1551264524459839, "acc": 0.9435123801231384, "length": 3.9999818801879883, "mode": "train", "epoch": 86}
{"loss": 0.4880654215812683, "acc": 0.8212962746620178, "length": 4.0, "mode": "test", "epoch": 86}
{"loss": 0.15700002014636993, "acc": 0.9444433450698853, "length": 3.999979019165039, "mode": "train", "epoch": 87}
{"loss": 0.5130418539047241, "acc": 0.8194445967674255, "length": 4.0, "mode": "test", "epoch": 87}
{"loss": 0.15422935783863068, "acc": 0.9422668218612671, "length": 3.9998931884765625, "mode": "train", "epoch": 88}
{"loss": 0.5086436867713928, "acc": 0.82962965965271, "length": 4.0, "mode": "test", "epoch": 88}
{"loss": 0.16179701685905457, "acc": 0.9366840124130249, "length": 3.9999735355377197, "mode": "train", "epoch": 89}
{"loss": 0.517924427986145, "acc": 0.8259260654449463, "length": 4.0, "mode": "test", "epoch": 89}
{"loss": 0.1573885828256607, "acc": 0.9453708529472351, "length": 3.999929189682007, "mode": "train", "epoch": 90}
{"loss": 0.4747891426086426, "acc": 0.8296296000480652, "length": 4.0, "mode": "test", "epoch": 90}
{"loss": 0.15937462449073792, "acc": 0.9397882223129272, "length": 3.999983549118042, "mode": "train", "epoch": 91}
{"loss": 0.48903533816337585, "acc": 0.8277778625488281, "length": 4.0, "mode": "test", "epoch": 91}
{"loss": 0.15999187529087067, "acc": 0.9388575553894043, "length": 3.9999959468841553, "mode": "train", "epoch": 92}
{"loss": 0.4685605466365814, "acc": 0.82962965965271, "length": 4.0, "mode": "test", "epoch": 92}
{"loss": 0.1530686467885971, "acc": 0.9481682777404785, "length": 3.999993085861206, "mode": "train", "epoch": 93}
{"loss": 0.4900173842906952, "acc": 0.8342593908309937, "length": 4.0, "mode": "test", "epoch": 93}
{"loss": 0.15044589340686798, "acc": 0.9466167688369751, "length": 3.9999945163726807, "mode": "train", "epoch": 94}
{"loss": 0.4919660985469818, "acc": 0.8268519043922424, "length": 4.0, "mode": "test", "epoch": 94}
{"loss": 0.15299071371555328, "acc": 0.9422715902328491, "length": 3.9999940395355225, "mode": "train", "epoch": 95}
{"loss": 0.46629342436790466, "acc": 0.8379630446434021, "length": 4.0, "mode": "test", "epoch": 95}
{"loss": 0.15077757835388184, "acc": 0.9466168284416199, "length": 3.999988079071045, "mode": "train", "epoch": 96}
{"loss": 0.4735620617866516, "acc": 0.8212963342666626, "length": 4.0, "mode": "test", "epoch": 96}
{"loss": 0.15473441779613495, "acc": 0.941959798336029, "length": 3.999972343444824, "mode": "train", "epoch": 97}
{"loss": 0.49050456285476685, "acc": 0.8342593908309937, "length": 4.0, "mode": "test", "epoch": 97}
{"loss": 0.15625165402889252, "acc": 0.9400675892829895, "length": 3.9996166229248047, "mode": "train", "epoch": 98}
{"loss": 0.5132884979248047, "acc": 0.833333432674408, "length": 4.0, "mode": "test", "epoch": 98}
{"loss": 0.13829033076763153, "acc": 0.9500307440757751, "length": 3.9999935626983643, "mode": "train", "epoch": 99}
{"loss": 0.5084412693977356, "acc": 0.8379630446434021, "length": 4.0, "mode": "test", "epoch": 99}
{"loss": 0.1417648047208786, "acc": 0.9466148018836975, "length": 3.999955415725708, "mode": "train", "epoch": 100}
{"loss": 0.4832274913787842, "acc": 0.8342593908309937, "length": 4.0, "mode": "test", "epoch": 100}
test accuracy: 0.7969034910202026
