# ["--attributes=3", "--values=4", "--game_size=3", "--vocab_size_factor=3", "--n_epochs=100", "--batch_size=64", "--learning_rate=0.001", "--hidden_size=128", "--temp_update=0.97", "--temperature=2"]
Creating train_ds and val_ds...

Creating test_ds...
{"loss": 0.695743203163147, "acc": 0.5073272585868835, "length": 3.6139965057373047, "mode": "train", "epoch": 1}
{"loss": 0.6919704675674438, "acc": 0.5074219703674316, "length": 1.005555510520935, "mode": "test", "epoch": 1}
{"loss": 0.6916625499725342, "acc": 0.5384429693222046, "length": 3.568887233734131, "mode": "train", "epoch": 2}
{"loss": 0.6912387609481812, "acc": 0.5089553594589233, "length": 1.0166666507720947, "mode": "test", "epoch": 2}
{"loss": 0.6908467411994934, "acc": 0.5322521328926086, "length": 3.536531448364258, "mode": "train", "epoch": 3}
{"loss": 0.6843435168266296, "acc": 0.5654347538948059, "length": 1.644444465637207, "mode": "test", "epoch": 3}
{"loss": 0.6859001517295837, "acc": 0.5466418266296387, "length": 3.4170498847961426, "mode": "train", "epoch": 4}
{"loss": 0.6739897727966309, "acc": 0.6233496069908142, "length": 2.316666603088379, "mode": "test", "epoch": 4}
{"loss": 0.6768808960914612, "acc": 0.581878125667572, "length": 3.281120538711548, "mode": "train", "epoch": 5}
{"loss": 0.6584864854812622, "acc": 0.6488392949104309, "length": 2.9833333492279053, "mode": "test", "epoch": 5}
{"loss": 0.6417615413665771, "acc": 0.6741060614585876, "length": 3.338566780090332, "mode": "train", "epoch": 6}
{"loss": 0.6130205392837524, "acc": 0.6849470138549805, "length": 3.7055554389953613, "mode": "test", "epoch": 6}
{"loss": 0.5773870944976807, "acc": 0.7144600749015808, "length": 3.5347065925598145, "mode": "train", "epoch": 7}
{"loss": 0.5896128416061401, "acc": 0.6990595459938049, "length": 3.98888897895813, "mode": "test", "epoch": 7}
{"loss": 0.5288336277008057, "acc": 0.7420094013214111, "length": 3.8287887573242188, "mode": "train", "epoch": 8}
{"loss": 0.5842056274414062, "acc": 0.7453703880310059, "length": 4.0, "mode": "test", "epoch": 8}
{"loss": 0.49649015069007874, "acc": 0.7784942388534546, "length": 3.914552688598633, "mode": "train", "epoch": 9}
{"loss": 0.5893007516860962, "acc": 0.7398147583007812, "length": 4.0, "mode": "test", "epoch": 9}
{"loss": 0.47273245453834534, "acc": 0.7834122776985168, "length": 3.9381251335144043, "mode": "train", "epoch": 10}
{"loss": 0.5751081705093384, "acc": 0.7370370030403137, "length": 4.0, "mode": "test", "epoch": 10}
{"loss": 0.4534860849380493, "acc": 0.7942773103713989, "length": 3.9527835845947266, "mode": "train", "epoch": 11}
{"loss": 0.5464804172515869, "acc": 0.7314814925193787, "length": 4.0, "mode": "test", "epoch": 11}
{"loss": 0.43528997898101807, "acc": 0.8034634590148926, "length": 3.9603545665740967, "mode": "train", "epoch": 12}
{"loss": 0.5265345573425293, "acc": 0.756481409072876, "length": 4.0, "mode": "test", "epoch": 12}
{"loss": 0.42479199171066284, "acc": 0.8089414238929749, "length": 3.9767494201660156, "mode": "train", "epoch": 13}
{"loss": 0.5151792764663696, "acc": 0.7796295881271362, "length": 4.0, "mode": "test", "epoch": 13}
{"loss": 0.4134517014026642, "acc": 0.8181244134902954, "length": 3.97822642326355, "mode": "train", "epoch": 14}
{"loss": 0.5027163028717041, "acc": 0.7703704237937927, "length": 4.0, "mode": "test", "epoch": 14}
{"loss": 0.39804840087890625, "acc": 0.8257864713668823, "length": 3.989168643951416, "mode": "train", "epoch": 15}
{"loss": 0.4792279601097107, "acc": 0.7879630327224731, "length": 4.0, "mode": "test", "epoch": 15}
{"loss": 0.3903214931488037, "acc": 0.8289094567298889, "length": 3.991593360900879, "mode": "train", "epoch": 16}
{"loss": 0.47391507029533386, "acc": 0.7861111164093018, "length": 4.0, "mode": "test", "epoch": 16}
{"loss": 0.3741689920425415, "acc": 0.8347943425178528, "length": 3.9920597076416016, "mode": "train", "epoch": 17}
{"loss": 0.4698628783226013, "acc": 0.7944444417953491, "length": 4.0, "mode": "test", "epoch": 17}
{"loss": 0.3732045292854309, "acc": 0.8376326560974121, "length": 3.9946889877319336, "mode": "train", "epoch": 18}
{"loss": 0.4723299443721771, "acc": 0.7861111164093018, "length": 4.0, "mode": "test", "epoch": 18}
{"loss": 0.3646611273288727, "acc": 0.8460119962692261, "length": 3.996856212615967, "mode": "train", "epoch": 19}
{"loss": 0.4659266471862793, "acc": 0.8129630088806152, "length": 4.0, "mode": "test", "epoch": 19}
{"loss": 0.35161489248275757, "acc": 0.8475661277770996, "length": 3.9963784217834473, "mode": "train", "epoch": 20}
{"loss": 0.4551975727081299, "acc": 0.8166666626930237, "length": 4.0, "mode": "test", "epoch": 20}
{"loss": 0.3545415699481964, "acc": 0.8481917381286621, "length": 3.9972729682922363, "mode": "train", "epoch": 21}
{"loss": 0.4550161361694336, "acc": 0.8166667222976685, "length": 4.0, "mode": "test", "epoch": 21}
{"loss": 0.3428495228290558, "acc": 0.851310133934021, "length": 3.998058795928955, "mode": "train", "epoch": 22}
{"loss": 0.4305851459503174, "acc": 0.8194445371627808, "length": 4.0, "mode": "test", "epoch": 22}
{"loss": 0.3388538062572479, "acc": 0.8609047532081604, "length": 3.997141122817993, "mode": "train", "epoch": 23}
{"loss": 0.4371168315410614, "acc": 0.8268519043922424, "length": 4.0, "mode": "test", "epoch": 23}
{"loss": 0.33780577778816223, "acc": 0.8609359264373779, "length": 3.99800968170166, "mode": "train", "epoch": 24}
{"loss": 0.4546692371368408, "acc": 0.8166667222976685, "length": 4.0, "mode": "test", "epoch": 24}
{"loss": 0.3268440067768097, "acc": 0.8652558326721191, "length": 3.998021364212036, "mode": "train", "epoch": 25}
{"loss": 0.43412840366363525, "acc": 0.8240740299224854, "length": 4.0, "mode": "test", "epoch": 25}
{"loss": 0.32568788528442383, "acc": 0.8615493774414062, "length": 3.9977641105651855, "mode": "train", "epoch": 26}
{"loss": 0.42044997215270996, "acc": 0.828703761100769, "length": 4.0, "mode": "test", "epoch": 26}
{"loss": 0.3286823630332947, "acc": 0.8621845841407776, "length": 3.998995780944824, "mode": "train", "epoch": 27}
{"loss": 0.427092969417572, "acc": 0.8259259462356567, "length": 4.0, "mode": "test", "epoch": 27}
{"loss": 0.3228057324886322, "acc": 0.8674619197845459, "length": 3.9992074966430664, "mode": "train", "epoch": 28}
{"loss": 0.43973565101623535, "acc": 0.8074074387550354, "length": 4.0, "mode": "test", "epoch": 28}
{"loss": 0.30821308493614197, "acc": 0.8736708164215088, "length": 3.999472141265869, "mode": "train", "epoch": 29}
{"loss": 0.41592344641685486, "acc": 0.8222222328186035, "length": 4.0, "mode": "test", "epoch": 29}
{"loss": 0.3068573474884033, "acc": 0.8721100091934204, "length": 3.998867988586426, "mode": "train", "epoch": 30}
{"loss": 0.4077952802181244, "acc": 0.8166667222976685, "length": 4.0, "mode": "test", "epoch": 30}
{"loss": 0.3046129047870636, "acc": 0.8801913261413574, "length": 3.9996745586395264, "mode": "train", "epoch": 31}
{"loss": 0.41044843196868896, "acc": 0.8194444179534912, "length": 4.0, "mode": "test", "epoch": 31}
{"loss": 0.29657605290412903, "acc": 0.8801902532577515, "length": 3.999596357345581, "mode": "train", "epoch": 32}
{"loss": 0.41895169019699097, "acc": 0.8166667222976685, "length": 4.0, "mode": "test", "epoch": 32}
{"loss": 0.2941757142543793, "acc": 0.8755380511283875, "length": 3.999767780303955, "mode": "train", "epoch": 33}
{"loss": 0.4047060012817383, "acc": 0.8212962746620178, "length": 4.0, "mode": "test", "epoch": 33}
{"loss": 0.29591861367225647, "acc": 0.8826746940612793, "length": 3.9996957778930664, "mode": "train", "epoch": 34}
{"loss": 0.4063511788845062, "acc": 0.828703761100769, "length": 4.0, "mode": "test", "epoch": 34}
{"loss": 0.2782770097255707, "acc": 0.8851168155670166, "length": 3.9986519813537598, "mode": "train", "epoch": 35}
{"loss": 0.4018157720565796, "acc": 0.836111307144165, "length": 4.0, "mode": "test", "epoch": 35}
{"loss": 0.28175535798072815, "acc": 0.8913668394088745, "length": 3.9998409748077393, "mode": "train", "epoch": 36}
{"loss": 0.4057248532772064, "acc": 0.8481481671333313, "length": 4.0, "mode": "test", "epoch": 36}
{"loss": 0.2747480869293213, "acc": 0.8944616317749023, "length": 3.9995362758636475, "mode": "train", "epoch": 37}
{"loss": 0.39844080805778503, "acc": 0.8361111879348755, "length": 4.0, "mode": "test", "epoch": 37}
{"loss": 0.27549412846565247, "acc": 0.8904386162757874, "length": 3.99989914894104, "mode": "train", "epoch": 38}
{"loss": 0.4002053737640381, "acc": 0.8342592716217041, "length": 4.0, "mode": "test", "epoch": 38}
{"loss": 0.2685357630252838, "acc": 0.8919890522956848, "length": 3.9997549057006836, "mode": "train", "epoch": 39}
{"loss": 0.39214766025543213, "acc": 0.8425925970077515, "length": 4.0, "mode": "test", "epoch": 39}
{"loss": 0.2678370177745819, "acc": 0.8961288332939148, "length": 3.9958255290985107, "mode": "train", "epoch": 40}
{"loss": 0.41126617789268494, "acc": 0.8379628658294678, "length": 4.0, "mode": "test", "epoch": 40}
{"loss": 0.2799171507358551, "acc": 0.894474446773529, "length": 3.9999513626098633, "mode": "train", "epoch": 41}
{"loss": 0.41094669699668884, "acc": 0.8305556178092957, "length": 4.0, "mode": "test", "epoch": 41}
{"loss": 0.2660296559333801, "acc": 0.896336019039154, "length": 3.999894142150879, "mode": "train", "epoch": 42}
{"loss": 0.40604981780052185, "acc": 0.8564814925193787, "length": 4.0, "mode": "test", "epoch": 42}
{"loss": 0.2696177661418915, "acc": 0.8975783586502075, "length": 3.999978542327881, "mode": "train", "epoch": 43}
{"loss": 0.3890394866466522, "acc": 0.8527777791023254, "length": 4.0, "mode": "test", "epoch": 43}
{"loss": 0.26235431432724, "acc": 0.9028552770614624, "length": 3.999992609024048, "mode": "train", "epoch": 44}
{"loss": 0.39856815338134766, "acc": 0.8500000238418579, "length": 4.0, "mode": "test", "epoch": 44}
{"loss": 0.25432494282722473, "acc": 0.900061845779419, "length": 3.9999918937683105, "mode": "train", "epoch": 45}
{"loss": 0.4322357177734375, "acc": 0.8416667580604553, "length": 4.0, "mode": "test", "epoch": 45}
{"loss": 0.25320062041282654, "acc": 0.9022346138954163, "length": 3.9999964237213135, "mode": "train", "epoch": 46}
{"loss": 0.4039953649044037, "acc": 0.8481481671333313, "length": 4.0, "mode": "test", "epoch": 46}
{"loss": 0.25276631116867065, "acc": 0.9009923338890076, "length": 3.999979019165039, "mode": "train", "epoch": 47}
{"loss": 0.40217846632003784, "acc": 0.8509259819984436, "length": 4.0, "mode": "test", "epoch": 47}
{"loss": 0.2520662844181061, "acc": 0.912165641784668, "length": 3.9999828338623047, "mode": "train", "epoch": 48}
{"loss": 0.39925456047058105, "acc": 0.8481481671333313, "length": 4.0, "mode": "test", "epoch": 48}
{"loss": 0.2509533166885376, "acc": 0.9056328535079956, "length": 3.997572183609009, "mode": "train", "epoch": 49}
{"loss": 0.41036009788513184, "acc": 0.8546295166015625, "length": 4.0, "mode": "test", "epoch": 49}
{"loss": 0.24339790642261505, "acc": 0.9078211784362793, "length": 3.999998092651367, "mode": "train", "epoch": 50}
{"loss": 0.41799890995025635, "acc": 0.8518518209457397, "length": 4.0, "mode": "test", "epoch": 50}
{"loss": 0.2495238482952118, "acc": 0.9096803665161133, "length": 3.999882698059082, "mode": "train", "epoch": 51}
{"loss": 0.39139851927757263, "acc": 0.8472222089767456, "length": 4.0, "mode": "test", "epoch": 51}
{"loss": 0.24110235273838043, "acc": 0.909062385559082, "length": 3.999993085861206, "mode": "train", "epoch": 52}
{"loss": 0.40990662574768066, "acc": 0.8574073910713196, "length": 4.0, "mode": "test", "epoch": 52}
{"loss": 0.24298439919948578, "acc": 0.9050223231315613, "length": 3.9997973442077637, "mode": "train", "epoch": 53}
{"loss": 0.40426716208457947, "acc": 0.8453704118728638, "length": 4.0, "mode": "test", "epoch": 53}
{"loss": 0.24157987534999847, "acc": 0.9087520241737366, "length": 3.9999749660491943, "mode": "train", "epoch": 54}
{"loss": 0.4044753909111023, "acc": 0.8500000238418579, "length": 4.0, "mode": "test", "epoch": 54}
{"loss": 0.24524207413196564, "acc": 0.9109247326850891, "length": 3.999993085861206, "mode": "train", "epoch": 55}
{"loss": 0.41875022649765015, "acc": 0.8388890624046326, "length": 4.0, "mode": "test", "epoch": 55}
{"loss": 0.2515033781528473, "acc": 0.9090622663497925, "length": 3.999987840652466, "mode": "train", "epoch": 56}
{"loss": 0.408799946308136, "acc": 0.8537037372589111, "length": 4.0, "mode": "test", "epoch": 56}
{"loss": 0.2406749278306961, "acc": 0.9137181639671326, "length": 3.999998092651367, "mode": "train", "epoch": 57}
{"loss": 0.4033805727958679, "acc": 0.855555534362793, "length": 4.0, "mode": "test", "epoch": 57}
{"loss": 0.23475928604602814, "acc": 0.9130954146385193, "length": 3.9999053478240967, "mode": "train", "epoch": 58}
{"loss": 0.4003530442714691, "acc": 0.8481481671333313, "length": 4.0, "mode": "test", "epoch": 58}
{"loss": 0.22966422140598297, "acc": 0.9155789613723755, "length": 3.9999682903289795, "mode": "train", "epoch": 59}
{"loss": 0.400692880153656, "acc": 0.855555534362793, "length": 4.0, "mode": "test", "epoch": 59}
{"loss": 0.2280689924955368, "acc": 0.9162008762359619, "length": 3.999995470046997, "mode": "train", "epoch": 60}
{"loss": 0.41358011960983276, "acc": 0.8490743041038513, "length": 4.0, "mode": "test", "epoch": 60}
{"loss": 0.2168804109096527, "acc": 0.9165111780166626, "length": 3.999980926513672, "mode": "train", "epoch": 61}
{"loss": 0.4068926274776459, "acc": 0.8620370626449585, "length": 4.0, "mode": "test", "epoch": 61}
{"loss": 0.21779397130012512, "acc": 0.9158903956413269, "length": 3.999990463256836, "mode": "train", "epoch": 62}
{"loss": 0.4083350896835327, "acc": 0.8546295762062073, "length": 4.0, "mode": "test", "epoch": 62}
{"loss": 0.22443130612373352, "acc": 0.918056845664978, "length": 3.9998295307159424, "mode": "train", "epoch": 63}
{"loss": 0.4065517783164978, "acc": 0.8472222089767456, "length": 4.0, "mode": "test", "epoch": 63}
{"loss": 0.2138066440820694, "acc": 0.9193047285079956, "length": 3.999994993209839, "mode": "train", "epoch": 64}
{"loss": 0.406751811504364, "acc": 0.8555556535720825, "length": 4.0, "mode": "test", "epoch": 64}
{"loss": 0.22023646533489227, "acc": 0.9180633425712585, "length": 3.9999923706054688, "mode": "train", "epoch": 65}
{"loss": 0.4025871157646179, "acc": 0.8546295762062073, "length": 4.0, "mode": "test", "epoch": 65}
{"loss": 0.21601602435112, "acc": 0.9158895015716553, "length": 3.9999582767486572, "mode": "train", "epoch": 66}
{"loss": 0.42160606384277344, "acc": 0.8490739464759827, "length": 4.0, "mode": "test", "epoch": 66}
{"loss": 0.22044184803962708, "acc": 0.9134077429771423, "length": 3.9999918937683105, "mode": "train", "epoch": 67}
{"loss": 0.41578027606010437, "acc": 0.8425925970077515, "length": 4.0, "mode": "test", "epoch": 67}
{"loss": 0.22362881898880005, "acc": 0.9140244722366333, "length": 3.9998953342437744, "mode": "train", "epoch": 68}
{"loss": 0.44207829236984253, "acc": 0.8490739464759827, "length": 4.0, "mode": "test", "epoch": 68}
{"loss": 0.22416512668132782, "acc": 0.9196150898933411, "length": 3.999994993209839, "mode": "train", "epoch": 69}
{"loss": 0.4229680895805359, "acc": 0.8472223281860352, "length": 4.0, "mode": "test", "epoch": 69}
{"loss": 0.22384998202323914, "acc": 0.912476122379303, "length": 3.9999678134918213, "mode": "train", "epoch": 70}
{"loss": 0.41550469398498535, "acc": 0.8518518805503845, "length": 4.0, "mode": "test", "epoch": 70}
{"loss": 0.22527030110359192, "acc": 0.9137154817581177, "length": 3.9999277591705322, "mode": "train", "epoch": 71}
{"loss": 0.4072621762752533, "acc": 0.8472223281860352, "length": 4.0, "mode": "test", "epoch": 71}
{"loss": 0.2183358371257782, "acc": 0.912476658821106, "length": 3.999997615814209, "mode": "train", "epoch": 72}
{"loss": 0.4141682982444763, "acc": 0.8518518209457397, "length": 4.0, "mode": "test", "epoch": 72}
{"loss": 0.21577012538909912, "acc": 0.9155797958374023, "length": 3.999980926513672, "mode": "train", "epoch": 73}
{"loss": 0.4127988815307617, "acc": 0.8472223877906799, "length": 4.0, "mode": "test", "epoch": 73}
{"loss": 0.21541853249073029, "acc": 0.9168218374252319, "length": 3.9999964237213135, "mode": "train", "epoch": 74}
{"loss": 0.4475956857204437, "acc": 0.8342592716217041, "length": 4.0, "mode": "test", "epoch": 74}
{"loss": 0.20890378952026367, "acc": 0.9202358722686768, "length": 3.999997615814209, "mode": "train", "epoch": 75}
{"loss": 0.4069530963897705, "acc": 0.8462963700294495, "length": 4.0, "mode": "test", "epoch": 75}
{"loss": 0.20260868966579437, "acc": 0.9239341020584106, "length": 3.99930477142334, "mode": "train", "epoch": 76}
{"loss": 0.42777690291404724, "acc": 0.8212960958480835, "length": 4.0, "mode": "test", "epoch": 76}
{"loss": 0.21195857226848602, "acc": 0.916200578212738, "length": 3.9999818801879883, "mode": "train", "epoch": 77}
{"loss": 0.40127283334732056, "acc": 0.8500001430511475, "length": 4.0, "mode": "test", "epoch": 77}
{"loss": 0.21065165102481842, "acc": 0.9193046689033508, "length": 3.99999737739563, "mode": "train", "epoch": 78}
{"loss": 0.4064287543296814, "acc": 0.8546295762062073, "length": 4.0, "mode": "test", "epoch": 78}
{"loss": 0.2095727026462555, "acc": 0.9233388304710388, "length": 3.9999818801879883, "mode": "train", "epoch": 79}
{"loss": 0.41266191005706787, "acc": 0.8416666388511658, "length": 4.0, "mode": "test", "epoch": 79}
{"loss": 0.21199758350849152, "acc": 0.9227185845375061, "length": 3.9999985694885254, "mode": "train", "epoch": 80}
{"loss": 0.4194887578487396, "acc": 0.8564816117286682, "length": 4.0, "mode": "test", "epoch": 80}
{"loss": 0.20554299652576447, "acc": 0.9220981597900391, "length": 3.9999990463256836, "mode": "train", "epoch": 81}
{"loss": 0.41800642013549805, "acc": 0.8546295166015625, "length": 4.0, "mode": "test", "epoch": 81}
{"loss": 0.21741750836372375, "acc": 0.9155803918838501, "length": 3.9999964237213135, "mode": "train", "epoch": 82}
{"loss": 0.41173499822616577, "acc": 0.8555557131767273, "length": 4.0, "mode": "test", "epoch": 82}
{"loss": 0.2072111964225769, "acc": 0.9236486554145813, "length": 3.9999799728393555, "mode": "train", "epoch": 83}
{"loss": 0.42607569694519043, "acc": 0.849074125289917, "length": 4.0, "mode": "test", "epoch": 83}
{"loss": 0.20366008579730988, "acc": 0.9252015948295593, "length": 3.9999964237213135, "mode": "train", "epoch": 84}
{"loss": 0.41335994005203247, "acc": 0.8444444537162781, "length": 4.0, "mode": "test", "epoch": 84}
{"loss": 0.1936149299144745, "acc": 0.9252017140388489, "length": 4.0, "mode": "train", "epoch": 85}
{"loss": 0.446488618850708, "acc": 0.835185170173645, "length": 4.0, "mode": "test", "epoch": 85}
{"loss": 0.20805591344833374, "acc": 0.9174426198005676, "length": 4.0, "mode": "train", "epoch": 86}
{"loss": 0.4311630129814148, "acc": 0.8537037372589111, "length": 4.0, "mode": "test", "epoch": 86}
{"loss": 0.19880281388759613, "acc": 0.9177528619766235, "length": 3.9999990463256836, "mode": "train", "epoch": 87}
{"loss": 0.42638182640075684, "acc": 0.8462962508201599, "length": 4.0, "mode": "test", "epoch": 87}
{"loss": 0.19904634356498718, "acc": 0.9286158084869385, "length": 3.9999990463256836, "mode": "train", "epoch": 88}
{"loss": 0.4335976541042328, "acc": 0.8481481671333313, "length": 4.0, "mode": "test", "epoch": 88}
{"loss": 0.20989780128002167, "acc": 0.9289259910583496, "length": 3.999993085861206, "mode": "train", "epoch": 89}
{"loss": 0.45241737365722656, "acc": 0.8398147821426392, "length": 4.0, "mode": "test", "epoch": 89}
{"loss": 0.20688478648662567, "acc": 0.9205420017242432, "length": 3.9998555183410645, "mode": "train", "epoch": 90}
{"loss": 0.4182751178741455, "acc": 0.8509259819984436, "length": 4.0, "mode": "test", "epoch": 90}
{"loss": 0.20573730766773224, "acc": 0.9279947280883789, "length": 3.999988079071045, "mode": "train", "epoch": 91}
{"loss": 0.3952849805355072, "acc": 0.8555556535720825, "length": 4.0, "mode": "test", "epoch": 91}
{"loss": 0.1887352615594864, "acc": 0.9320298433303833, "length": 3.999999523162842, "mode": "train", "epoch": 92}
{"loss": 0.40645092725753784, "acc": 0.8592593669891357, "length": 4.0, "mode": "test", "epoch": 92}
{"loss": 0.18296144902706146, "acc": 0.9317193627357483, "length": 4.0, "mode": "train", "epoch": 93}
{"loss": 0.4288376569747925, "acc": 0.8564814925193787, "length": 4.0, "mode": "test", "epoch": 93}
{"loss": 0.1828378438949585, "acc": 0.9351335167884827, "length": 3.9999990463256836, "mode": "train", "epoch": 94}
{"loss": 0.4378831088542938, "acc": 0.8425925970077515, "length": 4.0, "mode": "test", "epoch": 94}
{"loss": 0.17907853424549103, "acc": 0.9410304427146912, "length": 3.9999990463256836, "mode": "train", "epoch": 95}
{"loss": 0.4742305278778076, "acc": 0.8425925374031067, "length": 4.0, "mode": "test", "epoch": 95}
{"loss": 0.16964387893676758, "acc": 0.9419613480567932, "length": 3.9999990463256836, "mode": "train", "epoch": 96}
{"loss": 0.4090345799922943, "acc": 0.8564814925193787, "length": 4.0, "mode": "test", "epoch": 96}
{"loss": 0.18024039268493652, "acc": 0.9360644221305847, "length": 3.9999964237213135, "mode": "train", "epoch": 97}
{"loss": 0.4454514980316162, "acc": 0.8601851463317871, "length": 4.0, "mode": "test", "epoch": 97}
{"loss": 0.17464028298854828, "acc": 0.9354437589645386, "length": 3.9999990463256836, "mode": "train", "epoch": 98}
{"loss": 0.44880637526512146, "acc": 0.8601851463317871, "length": 4.0, "mode": "test", "epoch": 98}
{"loss": 0.17152950167655945, "acc": 0.9388577938079834, "length": 4.0, "mode": "train", "epoch": 99}
{"loss": 0.4418421685695648, "acc": 0.855555534362793, "length": 4.0, "mode": "test", "epoch": 99}
{"loss": 0.1763690710067749, "acc": 0.9397888779640198, "length": 3.9999990463256836, "mode": "train", "epoch": 100}
{"loss": 0.4341880679130554, "acc": 0.85740727186203, "length": 4.0, "mode": "test", "epoch": 100}
test accuracy: 0.7978143095970154
