# ["--attributes=3", "--values=4", "--game_size=3", "--vocab_size_factor=3", "--n_epochs=100", "--batch_size=64", "--learning_rate=0.001", "--hidden_size=128", "--temp_update=0.99", "--temperature=1"]
Creating train_ds and val_ds...

Creating test_ds...
{"loss": 0.6962762475013733, "acc": 0.5150078535079956, "length": 3.6171555519104004, "mode": "train", "epoch": 1}
{"loss": 0.6942881345748901, "acc": 0.5123810172080994, "length": 1.0, "mode": "test", "epoch": 1}
{"loss": 0.6936031579971313, "acc": 0.5238340497016907, "length": 3.5227508544921875, "mode": "train", "epoch": 2}
{"loss": 0.6941859126091003, "acc": 0.5038095116615295, "length": 1.0, "mode": "test", "epoch": 2}
{"loss": 0.6933128833770752, "acc": 0.5200177431106567, "length": 3.409266233444214, "mode": "train", "epoch": 3}
{"loss": 0.6923822164535522, "acc": 0.49619045853614807, "length": 1.0, "mode": "test", "epoch": 3}
{"loss": 0.6879670023918152, "acc": 0.5459641814231873, "length": 3.0892679691314697, "mode": "train", "epoch": 4}
{"loss": 0.688234806060791, "acc": 0.5286804437637329, "length": 1.308571457862854, "mode": "test", "epoch": 4}
{"loss": 0.6737657785415649, "acc": 0.5951548218727112, "length": 3.077665090560913, "mode": "train", "epoch": 5}
{"loss": 0.6563268303871155, "acc": 0.6133175492286682, "length": 3.468571424484253, "mode": "test", "epoch": 5}
{"loss": 0.6360167860984802, "acc": 0.6594570279121399, "length": 3.6534769535064697, "mode": "train", "epoch": 6}
{"loss": 0.6265965700149536, "acc": 0.6600000262260437, "length": 4.0, "mode": "test", "epoch": 6}
{"loss": 0.5846086144447327, "acc": 0.6945855617523193, "length": 3.891575574874878, "mode": "train", "epoch": 7}
{"loss": 0.631906270980835, "acc": 0.6447619199752808, "length": 4.0, "mode": "test", "epoch": 7}
{"loss": 0.5595192909240723, "acc": 0.7023418545722961, "length": 3.951714277267456, "mode": "train", "epoch": 8}
{"loss": 0.6023998856544495, "acc": 0.688571572303772, "length": 4.0, "mode": "test", "epoch": 8}
{"loss": 0.5414710640907288, "acc": 0.739510715007782, "length": 3.9596753120422363, "mode": "train", "epoch": 9}
{"loss": 0.5690534114837646, "acc": 0.7180953621864319, "length": 4.0, "mode": "test", "epoch": 9}
{"loss": 0.4982014298439026, "acc": 0.7923676371574402, "length": 3.971728563308716, "mode": "train", "epoch": 10}
{"loss": 0.5370954275131226, "acc": 0.7457143068313599, "length": 4.0, "mode": "test", "epoch": 10}
{"loss": 0.46059444546699524, "acc": 0.8026353716850281, "length": 3.9765069484710693, "mode": "train", "epoch": 11}
{"loss": 0.5127665996551514, "acc": 0.7695238590240479, "length": 4.0, "mode": "test", "epoch": 11}
{"loss": 0.44455084204673767, "acc": 0.8102834820747375, "length": 3.984628915786743, "mode": "train", "epoch": 12}
{"loss": 0.4988907277584076, "acc": 0.7809523940086365, "length": 4.0, "mode": "test", "epoch": 12}
{"loss": 0.41213783621788025, "acc": 0.8227660655975342, "length": 3.9923105239868164, "mode": "train", "epoch": 13}
{"loss": 0.472650945186615, "acc": 0.7838096618652344, "length": 4.0, "mode": "test", "epoch": 13}
{"loss": 0.3961338996887207, "acc": 0.8275613188743591, "length": 3.991105079650879, "mode": "train", "epoch": 14}
{"loss": 0.4931412637233734, "acc": 0.7923810482025146, "length": 4.0, "mode": "test", "epoch": 14}
{"loss": 0.3835660219192505, "acc": 0.8466134071350098, "length": 3.9935474395751953, "mode": "train", "epoch": 15}
{"loss": 0.4699214696884155, "acc": 0.8095238208770752, "length": 4.0, "mode": "test", "epoch": 15}
{"loss": 0.37708473205566406, "acc": 0.8460044860839844, "length": 3.995309591293335, "mode": "train", "epoch": 16}
{"loss": 0.5090439319610596, "acc": 0.7828572988510132, "length": 4.0, "mode": "test", "epoch": 16}
{"loss": 0.3887702226638794, "acc": 0.8434849977493286, "length": 3.9962871074676514, "mode": "train", "epoch": 17}
{"loss": 0.4696846902370453, "acc": 0.803809642791748, "length": 4.0, "mode": "test", "epoch": 17}
{"loss": 0.37987735867500305, "acc": 0.8509187698364258, "length": 3.9821581840515137, "mode": "train", "epoch": 18}
{"loss": 0.4839164912700653, "acc": 0.7990477681159973, "length": 4.0, "mode": "test", "epoch": 18}
{"loss": 0.3865864872932434, "acc": 0.8479416370391846, "length": 3.995967388153076, "mode": "train", "epoch": 19}
{"loss": 0.4819444417953491, "acc": 0.7876189947128296, "length": 4.0, "mode": "test", "epoch": 19}
{"loss": 0.3517826497554779, "acc": 0.851119875907898, "length": 3.997586965560913, "mode": "train", "epoch": 20}
{"loss": 0.48530203104019165, "acc": 0.7961905598640442, "length": 4.0, "mode": "test", "epoch": 20}
{"loss": 0.360883504152298, "acc": 0.8558571934700012, "length": 3.994121551513672, "mode": "train", "epoch": 21}
{"loss": 0.4645608365535736, "acc": 0.8047617673873901, "length": 4.0, "mode": "test", "epoch": 21}
{"loss": 0.3521273732185364, "acc": 0.8587521314620972, "length": 3.9979681968688965, "mode": "train", "epoch": 22}
{"loss": 0.47482573986053467, "acc": 0.8085713386535645, "length": 4.0, "mode": "test", "epoch": 22}
{"loss": 0.34117233753204346, "acc": 0.8571558594703674, "length": 3.9975125789642334, "mode": "train", "epoch": 23}
{"loss": 0.45759615302085876, "acc": 0.8142856955528259, "length": 4.0, "mode": "test", "epoch": 23}
{"loss": 0.3328613340854645, "acc": 0.8651090860366821, "length": 3.99798583984375, "mode": "train", "epoch": 24}
{"loss": 0.4600408673286438, "acc": 0.8133333921432495, "length": 4.0, "mode": "test", "epoch": 24}
{"loss": 0.32304370403289795, "acc": 0.8666890859603882, "length": 3.9978368282318115, "mode": "train", "epoch": 25}
{"loss": 0.47257813811302185, "acc": 0.8104762434959412, "length": 4.0, "mode": "test", "epoch": 25}
{"loss": 0.3333847224712372, "acc": 0.8679847121238708, "length": 3.998307704925537, "mode": "train", "epoch": 26}
{"loss": 0.46945494413375854, "acc": 0.8066667914390564, "length": 4.0, "mode": "test", "epoch": 26}
{"loss": 0.3279985785484314, "acc": 0.8803802728652954, "length": 3.998889207839966, "mode": "train", "epoch": 27}
{"loss": 0.46762800216674805, "acc": 0.8199999928474426, "length": 4.0, "mode": "test", "epoch": 27}
{"loss": 0.31731563806533813, "acc": 0.869888424873352, "length": 3.998993158340454, "mode": "train", "epoch": 28}
{"loss": 0.4670029580593109, "acc": 0.8190476894378662, "length": 4.0, "mode": "test", "epoch": 28}
{"loss": 0.33117932081222534, "acc": 0.8777926564216614, "length": 3.997213840484619, "mode": "train", "epoch": 29}
{"loss": 0.4608716666698456, "acc": 0.8238096237182617, "length": 4.0, "mode": "test", "epoch": 29}
{"loss": 0.3110281825065613, "acc": 0.8803926706314087, "length": 3.9994165897369385, "mode": "train", "epoch": 30}
{"loss": 0.4349682331085205, "acc": 0.8238094449043274, "length": 4.0, "mode": "test", "epoch": 30}
{"loss": 0.30822524428367615, "acc": 0.8864383697509766, "length": 3.9995288848876953, "mode": "train", "epoch": 31}
{"loss": 0.4469400644302368, "acc": 0.8219048380851746, "length": 4.0, "mode": "test", "epoch": 31}
{"loss": 0.31080833077430725, "acc": 0.8835400938987732, "length": 3.9977471828460693, "mode": "train", "epoch": 32}
{"loss": 0.46481260657310486, "acc": 0.8190476894378662, "length": 4.0, "mode": "test", "epoch": 32}
{"loss": 0.29213619232177734, "acc": 0.8803807497024536, "length": 3.9991376399993896, "mode": "train", "epoch": 33}
{"loss": 0.43635615706443787, "acc": 0.8323808908462524, "length": 4.0, "mode": "test", "epoch": 33}
{"loss": 0.31223657727241516, "acc": 0.8810278177261353, "length": 3.9993579387664795, "mode": "train", "epoch": 34}
{"loss": 0.4547167420387268, "acc": 0.8285713195800781, "length": 4.0, "mode": "test", "epoch": 34}
{"loss": 0.31736621260643005, "acc": 0.8797467350959778, "length": 3.9966812133789062, "mode": "train", "epoch": 35}
{"loss": 0.46262240409851074, "acc": 0.8209524154663086, "length": 4.0, "mode": "test", "epoch": 35}
{"loss": 0.2894609272480011, "acc": 0.8838847875595093, "length": 3.9991605281829834, "mode": "train", "epoch": 36}
{"loss": 0.5011414289474487, "acc": 0.8133334517478943, "length": 4.0, "mode": "test", "epoch": 36}
{"loss": 0.29332247376441956, "acc": 0.8902464509010315, "length": 3.9992103576660156, "mode": "train", "epoch": 37}
{"loss": 0.4631941318511963, "acc": 0.8266667127609253, "length": 4.0, "mode": "test", "epoch": 37}
{"loss": 0.2821877896785736, "acc": 0.888954222202301, "length": 3.998429298400879, "mode": "train", "epoch": 38}
{"loss": 0.4605501890182495, "acc": 0.8333334922790527, "length": 4.0, "mode": "test", "epoch": 38}
{"loss": 0.2844468653202057, "acc": 0.8905747532844543, "length": 3.9994349479675293, "mode": "train", "epoch": 39}
{"loss": 0.44517406821250916, "acc": 0.8285713195800781, "length": 4.0, "mode": "test", "epoch": 39}
{"loss": 0.28042683005332947, "acc": 0.8905760645866394, "length": 3.9995644092559814, "mode": "train", "epoch": 40}
{"loss": 0.4705135226249695, "acc": 0.8352380394935608, "length": 4.0, "mode": "test", "epoch": 40}
{"loss": 0.2733345627784729, "acc": 0.8918445110321045, "length": 3.9995615482330322, "mode": "train", "epoch": 41}
{"loss": 0.44322603940963745, "acc": 0.8419046401977539, "length": 4.0, "mode": "test", "epoch": 41}
{"loss": 0.27024123072624207, "acc": 0.8966260552406311, "length": 3.999863386154175, "mode": "train", "epoch": 42}
{"loss": 0.4704103171825409, "acc": 0.8314286470413208, "length": 4.0, "mode": "test", "epoch": 42}
{"loss": 0.26727527379989624, "acc": 0.8998012542724609, "length": 3.99967098236084, "mode": "train", "epoch": 43}
{"loss": 0.453479140996933, "acc": 0.8361905217170715, "length": 4.0, "mode": "test", "epoch": 43}
{"loss": 0.2594832479953766, "acc": 0.8940801024436951, "length": 3.9998462200164795, "mode": "train", "epoch": 44}
{"loss": 0.4603583514690399, "acc": 0.8276191353797913, "length": 4.0, "mode": "test", "epoch": 44}
{"loss": 0.25343576073646545, "acc": 0.9026697874069214, "length": 3.999903917312622, "mode": "train", "epoch": 45}
{"loss": 0.4685060381889343, "acc": 0.8419048190116882, "length": 4.0, "mode": "test", "epoch": 45}
{"loss": 0.24899032711982727, "acc": 0.9042465090751648, "length": 3.9994893074035645, "mode": "train", "epoch": 46}
{"loss": 0.46013498306274414, "acc": 0.8361904621124268, "length": 4.0, "mode": "test", "epoch": 46}
{"loss": 0.259602427482605, "acc": 0.9032936096191406, "length": 3.9992637634277344, "mode": "train", "epoch": 47}
{"loss": 0.45327210426330566, "acc": 0.8447619676589966, "length": 4.0, "mode": "test", "epoch": 47}
{"loss": 0.23896905779838562, "acc": 0.9023516774177551, "length": 3.9999170303344727, "mode": "train", "epoch": 48}
{"loss": 0.4619772434234619, "acc": 0.8371428847312927, "length": 4.0, "mode": "test", "epoch": 48}
{"loss": 0.23927566409111023, "acc": 0.9083513021469116, "length": 3.9982235431671143, "mode": "train", "epoch": 49}
{"loss": 0.4671049118041992, "acc": 0.8390476703643799, "length": 4.0, "mode": "test", "epoch": 49}
{"loss": 0.2513873279094696, "acc": 0.9017083048820496, "length": 3.9996845722198486, "mode": "train", "epoch": 50}
{"loss": 0.44237205386161804, "acc": 0.8428572416305542, "length": 4.0, "mode": "test", "epoch": 50}
{"loss": 0.24038106203079224, "acc": 0.9083532094955444, "length": 3.9986767768859863, "mode": "train", "epoch": 51}
{"loss": 0.4603061079978943, "acc": 0.8466667532920837, "length": 4.0, "mode": "test", "epoch": 51}
{"loss": 0.24535208940505981, "acc": 0.9077576994895935, "length": 3.9998838901519775, "mode": "train", "epoch": 52}
{"loss": 0.4755363166332245, "acc": 0.8361903429031372, "length": 4.0, "mode": "test", "epoch": 52}
{"loss": 0.24351093173027039, "acc": 0.8985099196434021, "length": 3.999074697494507, "mode": "train", "epoch": 53}
{"loss": 0.4422180652618408, "acc": 0.8371427655220032, "length": 4.0, "mode": "test", "epoch": 53}
{"loss": 0.2317264825105667, "acc": 0.9048974514007568, "length": 3.999972105026245, "mode": "train", "epoch": 54}
{"loss": 0.460784912109375, "acc": 0.850476086139679, "length": 4.0, "mode": "test", "epoch": 54}
{"loss": 0.23430511355400085, "acc": 0.9036222696304321, "length": 3.99922513961792, "mode": "train", "epoch": 55}
{"loss": 0.4554392099380493, "acc": 0.8476191163063049, "length": 4.0, "mode": "test", "epoch": 55}
{"loss": 0.2332896739244461, "acc": 0.9087129831314087, "length": 3.9999213218688965, "mode": "train", "epoch": 56}
{"loss": 0.45425283908843994, "acc": 0.8428570628166199, "length": 4.0, "mode": "test", "epoch": 56}
{"loss": 0.21647009253501892, "acc": 0.9150588512420654, "length": 3.99957275390625, "mode": "train", "epoch": 57}
{"loss": 0.46364936232566833, "acc": 0.8361906409263611, "length": 4.0, "mode": "test", "epoch": 57}
{"loss": 0.22426478564739227, "acc": 0.9115759134292603, "length": 3.999938488006592, "mode": "train", "epoch": 58}
{"loss": 0.4549679160118103, "acc": 0.8485713601112366, "length": 4.0, "mode": "test", "epoch": 58}
{"loss": 0.21835429966449738, "acc": 0.9106220602989197, "length": 3.999929666519165, "mode": "train", "epoch": 59}
{"loss": 0.44074833393096924, "acc": 0.8495238423347473, "length": 4.0, "mode": "test", "epoch": 59}
{"loss": 0.21739371120929718, "acc": 0.9134616255760193, "length": 3.9965903759002686, "mode": "train", "epoch": 60}
{"loss": 0.44099968671798706, "acc": 0.8514286875724792, "length": 4.0, "mode": "test", "epoch": 60}
{"loss": 0.22707097232341766, "acc": 0.9157112836837769, "length": 3.99995756149292, "mode": "train", "epoch": 61}
{"loss": 0.43550893664360046, "acc": 0.8514286875724792, "length": 4.0, "mode": "test", "epoch": 61}
{"loss": 0.2185441255569458, "acc": 0.9106223583221436, "length": 3.9999642372131348, "mode": "train", "epoch": 62}
{"loss": 0.44878268241882324, "acc": 0.8504761457443237, "length": 4.0, "mode": "test", "epoch": 62}
{"loss": 0.21696002781391144, "acc": 0.9195231795310974, "length": 3.9998486042022705, "mode": "train", "epoch": 63}
{"loss": 0.4369601607322693, "acc": 0.8485714197158813, "length": 4.0, "mode": "test", "epoch": 63}
{"loss": 0.208074688911438, "acc": 0.9198302030563354, "length": 3.9992964267730713, "mode": "train", "epoch": 64}
{"loss": 0.4533194303512573, "acc": 0.8571429252624512, "length": 4.0, "mode": "test", "epoch": 64}
{"loss": 0.20321734249591827, "acc": 0.9179251790046692, "length": 3.9995951652526855, "mode": "train", "epoch": 65}
{"loss": 0.44162803888320923, "acc": 0.8590476512908936, "length": 4.0, "mode": "test", "epoch": 65}
{"loss": 0.21159926056861877, "acc": 0.9220597147941589, "length": 3.998825788497925, "mode": "train", "epoch": 66}
{"loss": 0.43268877267837524, "acc": 0.8495237231254578, "length": 4.0, "mode": "test", "epoch": 66}
{"loss": 0.19634050130844116, "acc": 0.9204488396644592, "length": 3.999149799346924, "mode": "train", "epoch": 67}
{"loss": 0.4320101737976074, "acc": 0.8600000739097595, "length": 4.0, "mode": "test", "epoch": 67}
{"loss": 0.19605359435081482, "acc": 0.9281078577041626, "length": 3.9997777938842773, "mode": "train", "epoch": 68}
{"loss": 0.45994752645492554, "acc": 0.8466666340827942, "length": 4.0, "mode": "test", "epoch": 68}
{"loss": 0.1909942477941513, "acc": 0.9268444180488586, "length": 3.9999892711639404, "mode": "train", "epoch": 69}
{"loss": 0.44350466132164, "acc": 0.8571429252624512, "length": 4.0, "mode": "test", "epoch": 69}
{"loss": 0.2054445445537567, "acc": 0.9246182441711426, "length": 3.999995231628418, "mode": "train", "epoch": 70}
{"loss": 0.4664328992366791, "acc": 0.8523808717727661, "length": 4.0, "mode": "test", "epoch": 70}
{"loss": 0.2009093463420868, "acc": 0.9287516474723816, "length": 3.9999403953552246, "mode": "train", "epoch": 71}
{"loss": 0.4329373836517334, "acc": 0.8552380204200745, "length": 4.0, "mode": "test", "epoch": 71}
{"loss": 0.19762611389160156, "acc": 0.9242998957633972, "length": 3.999990701675415, "mode": "train", "epoch": 72}
{"loss": 0.4285540282726288, "acc": 0.8590476512908936, "length": 4.0, "mode": "test", "epoch": 72}
{"loss": 0.20304498076438904, "acc": 0.9242615699768066, "length": 3.998727560043335, "mode": "train", "epoch": 73}
{"loss": 0.4217723309993744, "acc": 0.8619047403335571, "length": 4.0, "mode": "test", "epoch": 73}
{"loss": 0.18687093257904053, "acc": 0.9271624684333801, "length": 3.9999911785125732, "mode": "train", "epoch": 74}
{"loss": 0.4464063048362732, "acc": 0.855238139629364, "length": 4.0, "mode": "test", "epoch": 74}
{"loss": 0.19808584451675415, "acc": 0.9265259504318237, "length": 3.999974012374878, "mode": "train", "epoch": 75}
{"loss": 0.47730356454849243, "acc": 0.854285717010498, "length": 4.0, "mode": "test", "epoch": 75}
{"loss": 0.19313880801200867, "acc": 0.9236635565757751, "length": 3.9999828338623047, "mode": "train", "epoch": 76}
{"loss": 0.4669090509414673, "acc": 0.854285717010498, "length": 4.0, "mode": "test", "epoch": 76}
{"loss": 0.19176295399665833, "acc": 0.9293891787528992, "length": 3.9999935626983643, "mode": "train", "epoch": 77}
{"loss": 0.42395079135894775, "acc": 0.8609523177146912, "length": 4.0, "mode": "test", "epoch": 77}
{"loss": 0.196925088763237, "acc": 0.9252543449401855, "length": 3.9999961853027344, "mode": "train", "epoch": 78}
{"loss": 0.4441832900047302, "acc": 0.841904878616333, "length": 4.0, "mode": "test", "epoch": 78}
{"loss": 0.19831912219524384, "acc": 0.923027515411377, "length": 3.9999849796295166, "mode": "train", "epoch": 79}
{"loss": 0.4490899443626404, "acc": 0.8542857766151428, "length": 4.0, "mode": "test", "epoch": 79}
{"loss": 0.18338145315647125, "acc": 0.9344775676727295, "length": 3.999976634979248, "mode": "train", "epoch": 80}
{"loss": 0.46746277809143066, "acc": 0.8495238423347473, "length": 4.0, "mode": "test", "epoch": 80}
{"loss": 0.1872422695159912, "acc": 0.9274803400039673, "length": 3.99998140335083, "mode": "train", "epoch": 81}
{"loss": 0.4601324498653412, "acc": 0.8495237231254578, "length": 4.0, "mode": "test", "epoch": 81}
{"loss": 0.18103913962841034, "acc": 0.9290616512298584, "length": 3.999741792678833, "mode": "train", "epoch": 82}
{"loss": 0.4395560920238495, "acc": 0.8628572225570679, "length": 4.0, "mode": "test", "epoch": 82}
{"loss": 0.1654655933380127, "acc": 0.9347947835922241, "length": 3.9998676776885986, "mode": "train", "epoch": 83}
{"loss": 0.4399417042732239, "acc": 0.8514286875724792, "length": 4.0, "mode": "test", "epoch": 83}
{"loss": 0.18028609454631805, "acc": 0.931297779083252, "length": 3.999997615814209, "mode": "train", "epoch": 84}
{"loss": 0.4583417773246765, "acc": 0.8619047999382019, "length": 4.0, "mode": "test", "epoch": 84}
{"loss": 0.17264673113822937, "acc": 0.9391855001449585, "length": 3.99774169921875, "mode": "train", "epoch": 85}
{"loss": 0.47462713718414307, "acc": 0.8495238423347473, "length": 4.0, "mode": "test", "epoch": 85}
{"loss": 0.16671893000602722, "acc": 0.937330424785614, "length": 3.999633312225342, "mode": "train", "epoch": 86}
{"loss": 0.4502778947353363, "acc": 0.8609523177146912, "length": 4.0, "mode": "test", "epoch": 86}
{"loss": 0.16033560037612915, "acc": 0.9363861680030823, "length": 3.99998140335083, "mode": "train", "epoch": 87}
{"loss": 0.4431932866573334, "acc": 0.8590476512908936, "length": 4.0, "mode": "test", "epoch": 87}
{"loss": 0.17848332226276398, "acc": 0.9411575794219971, "length": 3.999999523162842, "mode": "train", "epoch": 88}
{"loss": 0.4561939239501953, "acc": 0.859047532081604, "length": 4.0, "mode": "test", "epoch": 88}
{"loss": 0.16069895029067993, "acc": 0.943384051322937, "length": 3.9999966621398926, "mode": "train", "epoch": 89}
{"loss": 0.4636044204235077, "acc": 0.8476191163063049, "length": 4.0, "mode": "test", "epoch": 89}
{"loss": 0.15939417481422424, "acc": 0.9408391118049622, "length": 3.9999654293060303, "mode": "train", "epoch": 90}
{"loss": 0.49277496337890625, "acc": 0.8514285087585449, "length": 4.0, "mode": "test", "epoch": 90}
{"loss": 0.1629568487405777, "acc": 0.9363867044448853, "length": 3.9999966621398926, "mode": "train", "epoch": 91}
{"loss": 0.48554110527038574, "acc": 0.8542857766151428, "length": 4.0, "mode": "test", "epoch": 91}
{"loss": 0.15688104927539825, "acc": 0.9401513338088989, "length": 3.9987192153930664, "mode": "train", "epoch": 92}
{"loss": 0.5009956955909729, "acc": 0.8495238423347473, "length": 4.0, "mode": "test", "epoch": 92}
{"loss": 0.15580715239048004, "acc": 0.9370229244232178, "length": 3.999998092651367, "mode": "train", "epoch": 93}
{"loss": 0.46683984994888306, "acc": 0.85619056224823, "length": 4.0, "mode": "test", "epoch": 93}
{"loss": 0.15159256756305695, "acc": 0.9427472949028015, "length": 3.9999701976776123, "mode": "train", "epoch": 94}
{"loss": 0.4571184515953064, "acc": 0.855238139629364, "length": 4.0, "mode": "test", "epoch": 94}
{"loss": 0.15343743562698364, "acc": 0.9405215382575989, "length": 3.999998092651367, "mode": "train", "epoch": 95}
{"loss": 0.46907883882522583, "acc": 0.8571429252624512, "length": 4.0, "mode": "test", "epoch": 95}
{"loss": 0.15004649758338928, "acc": 0.945928692817688, "length": 3.9999985694885254, "mode": "train", "epoch": 96}
{"loss": 0.4440668523311615, "acc": 0.8666666150093079, "length": 4.0, "mode": "test", "epoch": 96}
{"loss": 0.1666737049818039, "acc": 0.9360684752464294, "length": 3.9999940395355225, "mode": "train", "epoch": 97}
{"loss": 0.4592701196670532, "acc": 0.8638094663619995, "length": 4.0, "mode": "test", "epoch": 97}
{"loss": 0.1502697914838791, "acc": 0.9440202713012695, "length": 3.9999990463256836, "mode": "train", "epoch": 98}
{"loss": 0.46437084674835205, "acc": 0.8600000143051147, "length": 4.0, "mode": "test", "epoch": 98}
{"loss": 0.15370963513851166, "acc": 0.9424270391464233, "length": 3.9999136924743652, "mode": "train", "epoch": 99}
{"loss": 0.4745621383190155, "acc": 0.8590475916862488, "length": 4.0, "mode": "test", "epoch": 99}
{"loss": 0.1728227138519287, "acc": 0.9424299597740173, "length": 3.9999990463256836, "mode": "train", "epoch": 100}
{"loss": 0.4750707149505615, "acc": 0.8657141923904419, "length": 4.0, "mode": "test", "epoch": 100}
test accuracy: 0.7180762887001038
