# ["--attributes=3", "--values=4", "--game_size=3", "--vocab_size_factor=3", "--n_epochs=100", "--batch_size=64", "--learning_rate=0.001", "--hidden_size=256", "--temp_update=0.97", "--temperature=1.5"]
Creating train_ds and val_ds...

Creating test_ds...
{"loss": 0.7123194932937622, "acc": 0.4897395670413971, "length": 3.1860296726226807, "mode": "train", "epoch": 1}
{"loss": 0.6904999613761902, "acc": 0.5090580582618713, "length": 1.0, "mode": "test", "epoch": 1}
{"loss": 0.7008957266807556, "acc": 0.4941335916519165, "length": 1.2225677967071533, "mode": "train", "epoch": 2}
{"loss": 0.6926664710044861, "acc": 0.5208333730697632, "length": 1.0, "mode": "test", "epoch": 2}
{"loss": 0.6950175166130066, "acc": 0.4964028596878052, "length": 1.0067542791366577, "mode": "train", "epoch": 3}
{"loss": 0.6891677379608154, "acc": 0.5280798077583313, "length": 1.0, "mode": "test", "epoch": 3}
{"loss": 0.6935213804244995, "acc": 0.5051475763320923, "length": 1.0019992589950562, "mode": "train", "epoch": 4}
{"loss": 0.6932826042175293, "acc": 0.5009058117866516, "length": 1.0, "mode": "test", "epoch": 4}
{"loss": 0.6940636038780212, "acc": 0.5172443985939026, "length": 1.0013959407806396, "mode": "train", "epoch": 5}
{"loss": 0.6917905211448669, "acc": 0.5072464346885681, "length": 1.0, "mode": "test", "epoch": 5}
{"loss": 0.6949966549873352, "acc": 0.5099799633026123, "length": 1.0008496046066284, "mode": "train", "epoch": 6}
{"loss": 0.6876766085624695, "acc": 0.5362319350242615, "length": 1.0, "mode": "test", "epoch": 6}
{"loss": 0.6933550834655762, "acc": 0.4999966621398926, "length": 1.0007851123809814, "mode": "train", "epoch": 7}
{"loss": 0.6899555921554565, "acc": 0.5126811265945435, "length": 1.0, "mode": "test", "epoch": 7}
{"loss": 0.6945409178733826, "acc": 0.5036243200302124, "length": 1.0004843473434448, "mode": "train", "epoch": 8}
{"loss": 0.6911439895629883, "acc": 0.5117754340171814, "length": 1.0, "mode": "test", "epoch": 8}
{"loss": 0.6942465901374817, "acc": 0.5148206949234009, "length": 1.0004627704620361, "mode": "train", "epoch": 9}
{"loss": 0.6892082095146179, "acc": 0.532608687877655, "length": 1.0, "mode": "test", "epoch": 9}
{"loss": 0.6939037442207336, "acc": 0.5015110969543457, "length": 1.0004531145095825, "mode": "train", "epoch": 10}
{"loss": 0.6911710500717163, "acc": 0.5072464346885681, "length": 1.0, "mode": "test", "epoch": 10}
{"loss": 0.6936548948287964, "acc": 0.4918377995491028, "length": 1.0004504919052124, "mode": "train", "epoch": 11}
{"loss": 0.6896865367889404, "acc": 0.529891312122345, "length": 1.0, "mode": "test", "epoch": 11}
{"loss": 0.6943753361701965, "acc": 0.4951619803905487, "length": 1.0003604888916016, "mode": "train", "epoch": 12}
{"loss": 0.6908043622970581, "acc": 0.523550808429718, "length": 1.0, "mode": "test", "epoch": 12}
{"loss": 0.6931950449943542, "acc": 0.5142158269882202, "length": 1.0003418922424316, "mode": "train", "epoch": 13}
{"loss": 0.6895179152488708, "acc": 0.523550808429718, "length": 1.0, "mode": "test", "epoch": 13}
{"loss": 0.6943272948265076, "acc": 0.5151281952857971, "length": 1.0006775856018066, "mode": "train", "epoch": 14}
{"loss": 0.6906463503837585, "acc": 0.5027173757553101, "length": 1.0, "mode": "test", "epoch": 14}
{"loss": 0.6932483911514282, "acc": 0.49516159296035767, "length": 1.0003063678741455, "mode": "train", "epoch": 15}
{"loss": 0.691842257976532, "acc": 0.5117754340171814, "length": 1.0, "mode": "test", "epoch": 15}
{"loss": 0.6937327980995178, "acc": 0.5069495439529419, "length": 1.0010913610458374, "mode": "train", "epoch": 16}
{"loss": 0.6898044347763062, "acc": 0.5353261232376099, "length": 1.0, "mode": "test", "epoch": 16}
{"loss": 0.693230926990509, "acc": 0.5178383588790894, "length": 1.0006498098373413, "mode": "train", "epoch": 17}
{"loss": 0.6909730434417725, "acc": 0.5172101855278015, "length": 1.0, "mode": "test", "epoch": 17}
{"loss": 0.6931836009025574, "acc": 0.5151212811470032, "length": 1.0007065534591675, "mode": "train", "epoch": 18}
{"loss": 0.6886396408081055, "acc": 0.54347825050354, "length": 1.0, "mode": "test", "epoch": 18}
{"loss": 0.6931163668632507, "acc": 0.5162865519523621, "length": 1.007055401802063, "mode": "train", "epoch": 19}
{"loss": 0.6900340914726257, "acc": 0.5027173757553101, "length": 1.0, "mode": "test", "epoch": 19}
{"loss": 0.6936773657798767, "acc": 0.4978799521923065, "length": 1.0140682458877563, "mode": "train", "epoch": 20}
{"loss": 0.6932255625724792, "acc": 0.49728259444236755, "length": 1.0, "mode": "test", "epoch": 20}
{"loss": 0.6725373268127441, "acc": 0.5777943730354309, "length": 1.7878481149673462, "mode": "train", "epoch": 21}
{"loss": 0.6471520662307739, "acc": 0.6369109153747559, "length": 2.1576087474823, "mode": "test", "epoch": 21}
{"loss": 0.6153082847595215, "acc": 0.6602703332901001, "length": 2.178161144256592, "mode": "train", "epoch": 22}
{"loss": 0.6549887657165527, "acc": 0.6298807263374329, "length": 2.5217392444610596, "mode": "test", "epoch": 22}
{"loss": 0.5858643651008606, "acc": 0.6771295070648193, "length": 2.453735828399658, "mode": "train", "epoch": 23}
{"loss": 0.6214817762374878, "acc": 0.6700614094734192, "length": 2.63043475151062, "mode": "test", "epoch": 23}
{"loss": 0.5768435597419739, "acc": 0.697060227394104, "length": 2.5186309814453125, "mode": "train", "epoch": 24}
{"loss": 0.6010684967041016, "acc": 0.6822351217269897, "length": 2.63043475151062, "mode": "test", "epoch": 24}
{"loss": 0.5615240335464478, "acc": 0.705676794052124, "length": 2.4742512702941895, "mode": "train", "epoch": 25}
{"loss": 0.583916187286377, "acc": 0.699044942855835, "length": 2.58152174949646, "mode": "test", "epoch": 25}
{"loss": 0.5615288019180298, "acc": 0.7136105298995972, "length": 2.470736026763916, "mode": "train", "epoch": 26}
{"loss": 0.5759326219558716, "acc": 0.6973809003829956, "length": 2.5652174949645996, "mode": "test", "epoch": 26}
{"loss": 0.549117386341095, "acc": 0.7216472029685974, "length": 2.4869487285614014, "mode": "train", "epoch": 27}
{"loss": 0.5821679830551147, "acc": 0.701499342918396, "length": 2.58152174949646, "mode": "test", "epoch": 27}
{"loss": 0.5441153049468994, "acc": 0.7164072394371033, "length": 2.525418519973755, "mode": "train", "epoch": 28}
{"loss": 0.5834908485412598, "acc": 0.7001832127571106, "length": 2.63043475151062, "mode": "test", "epoch": 28}
{"loss": 0.5346229672431946, "acc": 0.7206337451934814, "length": 2.6300504207611084, "mode": "train", "epoch": 29}
{"loss": 0.568091094493866, "acc": 0.6917824149131775, "length": 2.6956522464752197, "mode": "test", "epoch": 29}
{"loss": 0.5319805145263672, "acc": 0.7248679995536804, "length": 2.6546943187713623, "mode": "train", "epoch": 30}
{"loss": 0.5578913688659668, "acc": 0.7040470242500305, "length": 2.6956522464752197, "mode": "test", "epoch": 30}
{"loss": 0.5193827748298645, "acc": 0.7364991307258606, "length": 2.655540704727173, "mode": "train", "epoch": 31}
{"loss": 0.5700620412826538, "acc": 0.6962445974349976, "length": 2.82608699798584, "mode": "test", "epoch": 31}
{"loss": 0.5190461277961731, "acc": 0.7359181046485901, "length": 2.7054102420806885, "mode": "train", "epoch": 32}
{"loss": 0.5643625259399414, "acc": 0.7027206420898438, "length": 2.66304349899292, "mode": "test", "epoch": 32}
{"loss": 0.5038149952888489, "acc": 0.7500238418579102, "length": 2.6961801052093506, "mode": "train", "epoch": 33}
{"loss": 0.5527248382568359, "acc": 0.7191685438156128, "length": 2.79347825050354, "mode": "test", "epoch": 33}
{"loss": 0.49711936712265015, "acc": 0.7550062537193298, "length": 2.726572275161743, "mode": "train", "epoch": 34}
{"loss": 0.5604833364486694, "acc": 0.7258305549621582, "length": 2.6956522464752197, "mode": "test", "epoch": 34}
{"loss": 0.4939698278903961, "acc": 0.7667225003242493, "length": 2.722783088684082, "mode": "train", "epoch": 35}
{"loss": 0.5816916823387146, "acc": 0.6939396858215332, "length": 2.82608699798584, "mode": "test", "epoch": 35}
{"loss": 0.49069416522979736, "acc": 0.7583783268928528, "length": 2.7273685932159424, "mode": "train", "epoch": 36}
{"loss": 0.5683325529098511, "acc": 0.7075165510177612, "length": 2.6467392444610596, "mode": "test", "epoch": 36}
{"loss": 0.49354469776153564, "acc": 0.7640142440795898, "length": 2.7528560161590576, "mode": "train", "epoch": 37}
{"loss": 0.5636345744132996, "acc": 0.7181698083877563, "length": 2.82608699798584, "mode": "test", "epoch": 37}
{"loss": 0.48535341024398804, "acc": 0.765265941619873, "length": 2.834599494934082, "mode": "train", "epoch": 38}
{"loss": 0.5471388101577759, "acc": 0.7299026846885681, "length": 2.79891300201416, "mode": "test", "epoch": 38}
{"loss": 0.4844490587711334, "acc": 0.7672885656356812, "length": 2.847480297088623, "mode": "train", "epoch": 39}
{"loss": 0.5394867062568665, "acc": 0.7350301146507263, "length": 2.83152174949646, "mode": "test", "epoch": 39}
{"loss": 0.47729840874671936, "acc": 0.780877411365509, "length": 2.827854871749878, "mode": "train", "epoch": 40}
{"loss": 0.5501432418823242, "acc": 0.7471288442611694, "length": 2.8206522464752197, "mode": "test", "epoch": 40}
{"loss": 0.4681713283061981, "acc": 0.779058575630188, "length": 2.9026637077331543, "mode": "train", "epoch": 41}
{"loss": 0.5330232381820679, "acc": 0.7523070573806763, "length": 2.82608699798584, "mode": "test", "epoch": 41}
{"loss": 0.4661795198917389, "acc": 0.78838050365448, "length": 2.86488676071167, "mode": "train", "epoch": 42}
{"loss": 0.5391139984130859, "acc": 0.7439424991607666, "length": 2.8913042545318604, "mode": "test", "epoch": 42}
{"loss": 0.4528159499168396, "acc": 0.7936459183692932, "length": 2.91837215423584, "mode": "train", "epoch": 43}
{"loss": 0.5293064117431641, "acc": 0.7577841281890869, "length": 2.8423912525177, "mode": "test", "epoch": 43}
{"loss": 0.45025840401649475, "acc": 0.7914754748344421, "length": 2.9308719635009766, "mode": "train", "epoch": 44}
{"loss": 0.5370149612426758, "acc": 0.7460796236991882, "length": 2.8913042545318604, "mode": "test", "epoch": 44}
{"loss": 0.4466041624546051, "acc": 0.7959966659545898, "length": 3.0045266151428223, "mode": "train", "epoch": 45}
{"loss": 0.537331223487854, "acc": 0.7683971524238586, "length": 2.95652174949646, "mode": "test", "epoch": 45}
{"loss": 0.44039788842201233, "acc": 0.8009374141693115, "length": 3.005802869796753, "mode": "train", "epoch": 46}
{"loss": 0.5283099412918091, "acc": 0.7599092721939087, "length": 2.9076087474823, "mode": "test", "epoch": 46}
{"loss": 0.43756964802742004, "acc": 0.8103271126747131, "length": 2.9655213356018066, "mode": "train", "epoch": 47}
{"loss": 0.524364709854126, "acc": 0.761263906955719, "length": 2.9728260040283203, "mode": "test", "epoch": 47}
{"loss": 0.4352332651615143, "acc": 0.8040027618408203, "length": 3.028353214263916, "mode": "train", "epoch": 48}
{"loss": 0.5230154991149902, "acc": 0.7556329965591431, "length": 3.2173912525177, "mode": "test", "epoch": 48}
{"loss": 0.4282754063606262, "acc": 0.8034223318099976, "length": 3.0361013412475586, "mode": "train", "epoch": 49}
{"loss": 0.5195865035057068, "acc": 0.7642117142677307, "length": 2.9728260040283203, "mode": "test", "epoch": 49}
{"loss": 0.42689815163612366, "acc": 0.8104974627494812, "length": 3.01397442817688, "mode": "train", "epoch": 50}
{"loss": 0.5260043740272522, "acc": 0.7626408338546753, "length": 2.9402174949645996, "mode": "test", "epoch": 50}
{"loss": 0.42378512024879456, "acc": 0.8080837726593018, "length": 3.003918170928955, "mode": "train", "epoch": 51}
{"loss": 0.5052201151847839, "acc": 0.7625295519828796, "length": 3.07608699798584, "mode": "test", "epoch": 51}
{"loss": 0.4170263707637787, "acc": 0.8136722445487976, "length": 3.0617520809173584, "mode": "train", "epoch": 52}
{"loss": 0.4962867498397827, "acc": 0.7778856158256531, "length": 3.3967392444610596, "mode": "test", "epoch": 52}
{"loss": 0.4085141122341156, "acc": 0.8162733316421509, "length": 3.210932731628418, "mode": "train", "epoch": 53}
{"loss": 0.5242934226989746, "acc": 0.7541024684906006, "length": 3.13043475151062, "mode": "test", "epoch": 53}
{"loss": 0.4243857264518738, "acc": 0.8030290007591248, "length": 3.1268069744110107, "mode": "train", "epoch": 54}
{"loss": 0.5012091398239136, "acc": 0.7820082306861877, "length": 3.0271739959716797, "mode": "test", "epoch": 54}
{"loss": 0.41275569796562195, "acc": 0.8143336176872253, "length": 3.114654064178467, "mode": "train", "epoch": 55}
{"loss": 0.5192991495132446, "acc": 0.7725964188575745, "length": 3.21195650100708, "mode": "test", "epoch": 55}
{"loss": 0.39895564317703247, "acc": 0.822395384311676, "length": 3.164393901824951, "mode": "train", "epoch": 56}
{"loss": 0.48080766201019287, "acc": 0.7848247289657593, "length": 3.11956524848938, "mode": "test", "epoch": 56}
{"loss": 0.38600584864616394, "acc": 0.8320578336715698, "length": 3.1092653274536133, "mode": "train", "epoch": 57}
{"loss": 0.4792414605617523, "acc": 0.7987552881240845, "length": 3.1358695030212402, "mode": "test", "epoch": 57}
{"loss": 0.3767443597316742, "acc": 0.8397645354270935, "length": 3.1517422199249268, "mode": "train", "epoch": 58}
{"loss": 0.4702109098434448, "acc": 0.7958278059959412, "length": 3.20108699798584, "mode": "test", "epoch": 58}
{"loss": 0.3799445927143097, "acc": 0.839384138584137, "length": 3.1494557857513428, "mode": "train", "epoch": 59}
{"loss": 0.4740981459617615, "acc": 0.7940707206726074, "length": 3.3967392444610596, "mode": "test", "epoch": 59}
{"loss": 0.3717847466468811, "acc": 0.8409132957458496, "length": 3.3081274032592773, "mode": "train", "epoch": 60}
{"loss": 0.4613378643989563, "acc": 0.8065638542175293, "length": 3.2771739959716797, "mode": "test", "epoch": 60}
{"loss": 0.35975658893585205, "acc": 0.8442836403846741, "length": 3.2574541568756104, "mode": "train", "epoch": 61}
{"loss": 0.4839266240596771, "acc": 0.789933979511261, "length": 3.25, "mode": "test", "epoch": 61}
{"loss": 0.3618912696838379, "acc": 0.8433696627616882, "length": 3.2037112712860107, "mode": "train", "epoch": 62}
{"loss": 0.4650072753429413, "acc": 0.8096755743026733, "length": 3.1793477535247803, "mode": "test", "epoch": 62}
{"loss": 0.3502805829048157, "acc": 0.8511160612106323, "length": 3.194394111633301, "mode": "train", "epoch": 63}
{"loss": 0.47859400510787964, "acc": 0.791197657585144, "length": 3.25543475151062, "mode": "test", "epoch": 63}
{"loss": 0.34623363614082336, "acc": 0.856573224067688, "length": 3.274547576904297, "mode": "train", "epoch": 64}
{"loss": 0.4710884094238281, "acc": 0.8123099207878113, "length": 3.4673912525177, "mode": "test", "epoch": 64}
{"loss": 0.34439796209335327, "acc": 0.856735110282898, "length": 3.410330057144165, "mode": "train", "epoch": 65}
{"loss": 0.45589298009872437, "acc": 0.814893901348114, "length": 3.49456524848938, "mode": "test", "epoch": 65}
{"loss": 0.33640292286872864, "acc": 0.8638346791267395, "length": 3.389436721801758, "mode": "train", "epoch": 66}
{"loss": 0.4578927159309387, "acc": 0.8218309879302979, "length": 3.4402174949645996, "mode": "test", "epoch": 66}
{"loss": 0.34141474962234497, "acc": 0.8615157604217529, "length": 3.3058063983917236, "mode": "train", "epoch": 67}
{"loss": 0.4614829421043396, "acc": 0.8084219098091125, "length": 3.4076087474823, "mode": "test", "epoch": 67}
{"loss": 0.33419665694236755, "acc": 0.865172266960144, "length": 3.384781837463379, "mode": "train", "epoch": 68}
{"loss": 0.4426593780517578, "acc": 0.8212141990661621, "length": 3.4782607555389404, "mode": "test", "epoch": 68}
{"loss": 0.33136358857154846, "acc": 0.8643459677696228, "length": 3.46860671043396, "mode": "train", "epoch": 69}
{"loss": 0.4307047724723816, "acc": 0.8294817209243774, "length": 3.57608699798584, "mode": "test", "epoch": 69}
{"loss": 0.32499590516090393, "acc": 0.8695107698440552, "length": 3.5114705562591553, "mode": "train", "epoch": 70}
{"loss": 0.46747860312461853, "acc": 0.8151789903640747, "length": 3.54347825050354, "mode": "test", "epoch": 70}
{"loss": 0.33965617418289185, "acc": 0.8617231845855713, "length": 3.5559234619140625, "mode": "train", "epoch": 71}
{"loss": 0.45447802543640137, "acc": 0.8154844045639038, "length": 3.5652174949645996, "mode": "test", "epoch": 71}
{"loss": 0.3239772617816925, "acc": 0.8720816969871521, "length": 3.5227999687194824, "mode": "train", "epoch": 72}
{"loss": 0.45151472091674805, "acc": 0.8322697281837463, "length": 3.5978260040283203, "mode": "test", "epoch": 72}
{"loss": 0.3182971477508545, "acc": 0.8713348507881165, "length": 3.5872879028320312, "mode": "train", "epoch": 73}
{"loss": 0.44245368242263794, "acc": 0.8300619721412659, "length": 3.6413042545318604, "mode": "test", "epoch": 73}
{"loss": 0.29438310861587524, "acc": 0.888383686542511, "length": 3.613004207611084, "mode": "train", "epoch": 74}
{"loss": 0.4298412799835205, "acc": 0.8295543789863586, "length": 3.6141304969787598, "mode": "test", "epoch": 74}
{"loss": 0.28653833270072937, "acc": 0.8831742405891418, "length": 3.5778982639312744, "mode": "train", "epoch": 75}
{"loss": 0.42990025877952576, "acc": 0.8248738050460815, "length": 3.6413042545318604, "mode": "test", "epoch": 75}
{"loss": 0.2866046130657196, "acc": 0.8822674751281738, "length": 3.6503090858459473, "mode": "train", "epoch": 76}
{"loss": 0.4280116558074951, "acc": 0.8319423794746399, "length": 3.6358695030212402, "mode": "test", "epoch": 76}
{"loss": 0.2809547483921051, "acc": 0.8922412395477295, "length": 3.593440294265747, "mode": "train", "epoch": 77}
{"loss": 0.4293404817581177, "acc": 0.839924693107605, "length": 3.6576087474823, "mode": "test", "epoch": 77}
{"loss": 0.2747560739517212, "acc": 0.8940911293029785, "length": 3.653524160385132, "mode": "train", "epoch": 78}
{"loss": 0.41770002245903015, "acc": 0.8381171226501465, "length": 3.6467392444610596, "mode": "test", "epoch": 78}
{"loss": 0.2721455991268158, "acc": 0.893034815788269, "length": 3.611548900604248, "mode": "train", "epoch": 79}
{"loss": 0.4157993495464325, "acc": 0.8473308682441711, "length": 3.6413042545318604, "mode": "test", "epoch": 79}
{"loss": 0.26848462224006653, "acc": 0.897180438041687, "length": 3.6219911575317383, "mode": "train", "epoch": 80}
{"loss": 0.4190210998058319, "acc": 0.843141496181488, "length": 3.6032607555389404, "mode": "test", "epoch": 80}
{"loss": 0.26295289397239685, "acc": 0.8982487916946411, "length": 3.6386847496032715, "mode": "train", "epoch": 81}
{"loss": 0.4199167490005493, "acc": 0.8334001302719116, "length": 3.6141304969787598, "mode": "test", "epoch": 81}
{"loss": 0.26325345039367676, "acc": 0.8916196823120117, "length": 3.607449769973755, "mode": "train", "epoch": 82}
{"loss": 0.4366881251335144, "acc": 0.8357192277908325, "length": 3.6847825050354004, "mode": "test", "epoch": 82}
{"loss": 0.2615845501422882, "acc": 0.895469069480896, "length": 3.689426898956299, "mode": "train", "epoch": 83}
{"loss": 0.4600563943386078, "acc": 0.8224354386329651, "length": 3.6467392444610596, "mode": "test", "epoch": 83}
{"loss": 0.28783392906188965, "acc": 0.8862587809562683, "length": 3.604632616043091, "mode": "train", "epoch": 84}
{"loss": 0.4534641206264496, "acc": 0.8346314430236816, "length": 3.66304349899292, "mode": "test", "epoch": 84}
{"loss": 0.27473869919776917, "acc": 0.886290431022644, "length": 3.624627113342285, "mode": "train", "epoch": 85}
{"loss": 0.4550783038139343, "acc": 0.8260890245437622, "length": 3.6793477535247803, "mode": "test", "epoch": 85}
{"loss": 0.2803751230239868, "acc": 0.8902120590209961, "length": 3.6927244663238525, "mode": "train", "epoch": 86}
{"loss": 0.4151630401611328, "acc": 0.841900110244751, "length": 3.66847825050354, "mode": "test", "epoch": 86}
{"loss": 0.2597123086452484, "acc": 0.8947305083274841, "length": 3.5996201038360596, "mode": "train", "epoch": 87}
{"loss": 0.4063208997249603, "acc": 0.8457760214805603, "length": 3.6576087474823, "mode": "test", "epoch": 87}
{"loss": 0.25712767243385315, "acc": 0.8975948095321655, "length": 3.6607823371887207, "mode": "train", "epoch": 88}
{"loss": 0.4073960483074188, "acc": 0.8427672982215881, "length": 3.6956522464752197, "mode": "test", "epoch": 88}
{"loss": 0.25551918148994446, "acc": 0.9044356942176819, "length": 3.732215404510498, "mode": "train", "epoch": 89}
{"loss": 0.4663422107696533, "acc": 0.8222353458404541, "length": 3.7663042545318604, "mode": "test", "epoch": 89}
{"loss": 0.254937082529068, "acc": 0.9015862941741943, "length": 3.7118563652038574, "mode": "train", "epoch": 90}
{"loss": 0.40224766731262207, "acc": 0.8387237191200256, "length": 3.74456524848938, "mode": "test", "epoch": 90}
{"loss": 0.24061089754104614, "acc": 0.9078835248947144, "length": 3.7035510540008545, "mode": "train", "epoch": 91}
{"loss": 0.4026739001274109, "acc": 0.8554689288139343, "length": 3.7336957454681396, "mode": "test", "epoch": 91}
{"loss": 0.23002703487873077, "acc": 0.9126983880996704, "length": 3.7238123416900635, "mode": "train", "epoch": 92}
{"loss": 0.416885107755661, "acc": 0.8546863198280334, "length": 3.7173912525177, "mode": "test", "epoch": 92}
{"loss": 0.23974977433681488, "acc": 0.908011794090271, "length": 3.73337984085083, "mode": "train", "epoch": 93}
{"loss": 0.42128217220306396, "acc": 0.8433558344841003, "length": 3.75, "mode": "test", "epoch": 93}
{"loss": 0.24310731887817383, "acc": 0.9104321002960205, "length": 3.7296531200408936, "mode": "train", "epoch": 94}
{"loss": 0.4234529137611389, "acc": 0.8411195874214172, "length": 3.7336957454681396, "mode": "test", "epoch": 94}
{"loss": 0.24479293823242188, "acc": 0.9037168622016907, "length": 3.7250115871429443, "mode": "train", "epoch": 95}
{"loss": 0.43124645948410034, "acc": 0.8369343876838684, "length": 3.7391304969787598, "mode": "test", "epoch": 95}
{"loss": 0.23617179691791534, "acc": 0.9111937284469604, "length": 3.793454885482788, "mode": "train", "epoch": 96}
{"loss": 0.41956230998039246, "acc": 0.839684009552002, "length": 3.7717392444610596, "mode": "test", "epoch": 96}
{"loss": 0.22014228999614716, "acc": 0.9186696410179138, "length": 3.769540548324585, "mode": "train", "epoch": 97}
{"loss": 0.41630563139915466, "acc": 0.8449915051460266, "length": 3.79347825050354, "mode": "test", "epoch": 97}
{"loss": 0.21230565011501312, "acc": 0.9239611625671387, "length": 3.768467426300049, "mode": "train", "epoch": 98}
{"loss": 0.4115943908691406, "acc": 0.8555496335029602, "length": 3.78804349899292, "mode": "test", "epoch": 98}
{"loss": 0.20562408864498138, "acc": 0.9266794919967651, "length": 3.780109167098999, "mode": "train", "epoch": 99}
{"loss": 0.43121373653411865, "acc": 0.8400642275810242, "length": 3.78804349899292, "mode": "test", "epoch": 99}
{"loss": 0.20868287980556488, "acc": 0.9235105514526367, "length": 3.755119800567627, "mode": "train", "epoch": 100}
{"loss": 0.4296995997428894, "acc": 0.8533741235733032, "length": 3.79891300201416, "mode": "test", "epoch": 100}
test accuracy: 0.7201871275901794
