# ["--attributes=3", "--values=4", "--game_size=3", "--vocab_size_factor=3", "--n_epochs=100", "--batch_size=64", "--learning_rate=0.0005", "--hidden_size=128", "--temp_update=0.97", "--temperature=2"]
Creating train_ds and val_ds...

Creating test_ds...
{"loss": 0.6997323632240295, "acc": 0.4916432499885559, "length": 3.6268258094787598, "mode": "train", "epoch": 1}
{"loss": 0.6940873861312866, "acc": 0.5068842768669128, "length": 1.0833333730697632, "mode": "test", "epoch": 1}
{"loss": 0.6933687329292297, "acc": 0.5036312937736511, "length": 3.6159961223602295, "mode": "train", "epoch": 2}
{"loss": 0.693548858165741, "acc": 0.49178245663642883, "length": 1.0166666507720947, "mode": "test", "epoch": 2}
{"loss": 0.6931614279747009, "acc": 0.5056834816932678, "length": 3.5858006477355957, "mode": "train", "epoch": 3}
{"loss": 0.6939175128936768, "acc": 0.4991341829299927, "length": 1.0833333730697632, "mode": "test", "epoch": 3}
{"loss": 0.6934664845466614, "acc": 0.5132115483283997, "length": 3.547297477722168, "mode": "train", "epoch": 4}
{"loss": 0.6899727582931519, "acc": 0.5278223156929016, "length": 1.5666667222976685, "mode": "test", "epoch": 4}
{"loss": 0.6913334131240845, "acc": 0.5198609232902527, "length": 3.548743963241577, "mode": "train", "epoch": 5}
{"loss": 0.6845285296440125, "acc": 0.5671541690826416, "length": 2.049999952316284, "mode": "test", "epoch": 5}
{"loss": 0.6890915632247925, "acc": 0.5395258069038391, "length": 3.4777679443359375, "mode": "train", "epoch": 6}
{"loss": 0.680762767791748, "acc": 0.5900285243988037, "length": 2.4166667461395264, "mode": "test", "epoch": 6}
{"loss": 0.6843632459640503, "acc": 0.5657780170440674, "length": 3.4014034271240234, "mode": "train", "epoch": 7}
{"loss": 0.6782095432281494, "acc": 0.5831519365310669, "length": 2.616666555404663, "mode": "test", "epoch": 7}
{"loss": 0.6730274558067322, "acc": 0.6288360357284546, "length": 3.3525609970092773, "mode": "train", "epoch": 8}
{"loss": 0.6713647842407227, "acc": 0.6147012710571289, "length": 2.7166666984558105, "mode": "test", "epoch": 8}
{"loss": 0.6542884111404419, "acc": 0.6745176911354065, "length": 3.4208264350891113, "mode": "train", "epoch": 9}
{"loss": 0.6467871069908142, "acc": 0.6221465468406677, "length": 3.799999952316284, "mode": "test", "epoch": 9}
{"loss": 0.6209495663642883, "acc": 0.6914007067680359, "length": 3.5945162773132324, "mode": "train", "epoch": 10}
{"loss": 0.6267940998077393, "acc": 0.6407408118247986, "length": 4.0, "mode": "test", "epoch": 10}
{"loss": 0.5789540410041809, "acc": 0.6931384205818176, "length": 3.7824513912200928, "mode": "train", "epoch": 11}
{"loss": 0.6301519870758057, "acc": 0.6499999761581421, "length": 4.0, "mode": "test", "epoch": 11}
{"loss": 0.5738447308540344, "acc": 0.6898876428604126, "length": 3.8469619750976562, "mode": "train", "epoch": 12}
{"loss": 0.6432638168334961, "acc": 0.6518518328666687, "length": 4.0, "mode": "test", "epoch": 12}
{"loss": 0.5501576066017151, "acc": 0.7209291458129883, "length": 3.8852670192718506, "mode": "train", "epoch": 13}
{"loss": 0.6144989728927612, "acc": 0.6731481552124023, "length": 4.0, "mode": "test", "epoch": 13}
{"loss": 0.5399039387702942, "acc": 0.7270309925079346, "length": 3.9239439964294434, "mode": "train", "epoch": 14}
{"loss": 0.6050115823745728, "acc": 0.690740704536438, "length": 4.0, "mode": "test", "epoch": 14}
{"loss": 0.5225279927253723, "acc": 0.7463509440422058, "length": 3.9386746883392334, "mode": "train", "epoch": 15}
{"loss": 0.6010016202926636, "acc": 0.7175925970077515, "length": 4.0, "mode": "test", "epoch": 15}
{"loss": 0.5096457600593567, "acc": 0.748313307762146, "length": 3.951436996459961, "mode": "train", "epoch": 16}
{"loss": 0.6014188528060913, "acc": 0.6962963342666626, "length": 4.0, "mode": "test", "epoch": 16}
{"loss": 0.4987764358520508, "acc": 0.7665466666221619, "length": 3.962714672088623, "mode": "train", "epoch": 17}
{"loss": 0.5711899995803833, "acc": 0.7083333134651184, "length": 4.0, "mode": "test", "epoch": 17}
{"loss": 0.4828643798828125, "acc": 0.7781652808189392, "length": 3.965679883956909, "mode": "train", "epoch": 18}
{"loss": 0.556023359298706, "acc": 0.7305554747581482, "length": 4.0, "mode": "test", "epoch": 18}
{"loss": 0.4594862163066864, "acc": 0.7977421879768372, "length": 3.9736156463623047, "mode": "train", "epoch": 19}
{"loss": 0.5099033713340759, "acc": 0.7472221255302429, "length": 4.0, "mode": "test", "epoch": 19}
{"loss": 0.43248412013053894, "acc": 0.8160987496376038, "length": 3.983921766281128, "mode": "train", "epoch": 20}
{"loss": 0.48076391220092773, "acc": 0.7870369553565979, "length": 4.0, "mode": "test", "epoch": 20}
{"loss": 0.41169995069503784, "acc": 0.8189331293106079, "length": 3.984788656234741, "mode": "train", "epoch": 21}
{"loss": 0.4752650856971741, "acc": 0.7851852178573608, "length": 4.0, "mode": "test", "epoch": 21}
{"loss": 0.39794421195983887, "acc": 0.826070249080658, "length": 3.989506959915161, "mode": "train", "epoch": 22}
{"loss": 0.46539413928985596, "acc": 0.789814829826355, "length": 4.0, "mode": "test", "epoch": 22}
{"loss": 0.393642783164978, "acc": 0.8261256217956543, "length": 3.989394187927246, "mode": "train", "epoch": 23}
{"loss": 0.46648189425468445, "acc": 0.796296238899231, "length": 4.0, "mode": "test", "epoch": 23}
{"loss": 0.3878800868988037, "acc": 0.8326787948608398, "length": 3.995436906814575, "mode": "train", "epoch": 24}
{"loss": 0.45403385162353516, "acc": 0.8009259700775146, "length": 4.0, "mode": "test", "epoch": 24}
{"loss": 0.3835141360759735, "acc": 0.82806795835495, "length": 3.991462469100952, "mode": "train", "epoch": 25}
{"loss": 0.45801493525505066, "acc": 0.7916666865348816, "length": 4.0, "mode": "test", "epoch": 25}
{"loss": 0.37498775124549866, "acc": 0.833251953125, "length": 3.993391275405884, "mode": "train", "epoch": 26}
{"loss": 0.4485349655151367, "acc": 0.7962961792945862, "length": 4.0, "mode": "test", "epoch": 26}
{"loss": 0.3691171407699585, "acc": 0.8320150375366211, "length": 3.992377996444702, "mode": "train", "epoch": 27}
{"loss": 0.4600866734981537, "acc": 0.7805554866790771, "length": 4.0, "mode": "test", "epoch": 27}
{"loss": 0.36707237362861633, "acc": 0.8341795802116394, "length": 3.9925553798675537, "mode": "train", "epoch": 28}
{"loss": 0.4467204213142395, "acc": 0.8009259700775146, "length": 4.0, "mode": "test", "epoch": 28}
{"loss": 0.3680131733417511, "acc": 0.8431613445281982, "length": 3.9945783615112305, "mode": "train", "epoch": 29}
{"loss": 0.4562872052192688, "acc": 0.7907406091690063, "length": 4.0, "mode": "test", "epoch": 29}
{"loss": 0.36617007851600647, "acc": 0.8410667777061462, "length": 3.9979465007781982, "mode": "train", "epoch": 30}
{"loss": 0.46115145087242126, "acc": 0.8064815998077393, "length": 4.0, "mode": "test", "epoch": 30}
{"loss": 0.3604145050048828, "acc": 0.8453632593154907, "length": 3.996415615081787, "mode": "train", "epoch": 31}
{"loss": 0.4530945420265198, "acc": 0.8018518090248108, "length": 4.0, "mode": "test", "epoch": 31}
{"loss": 0.35236939787864685, "acc": 0.8466399908065796, "length": 3.995414972305298, "mode": "train", "epoch": 32}
{"loss": 0.463975191116333, "acc": 0.7935184240341187, "length": 4.0, "mode": "test", "epoch": 32}
{"loss": 0.3487800657749176, "acc": 0.8516079187393188, "length": 3.9977455139160156, "mode": "train", "epoch": 33}
{"loss": 0.4577353894710541, "acc": 0.8055555820465088, "length": 4.0, "mode": "test", "epoch": 33}
{"loss": 0.35725659132003784, "acc": 0.8478826284408569, "length": 3.9979045391082764, "mode": "train", "epoch": 34}
{"loss": 0.45439088344573975, "acc": 0.8129629492759705, "length": 4.0, "mode": "test", "epoch": 34}
{"loss": 0.3470424711704254, "acc": 0.8531521558761597, "length": 3.997745990753174, "mode": "train", "epoch": 35}
{"loss": 0.46848559379577637, "acc": 0.8064814805984497, "length": 4.0, "mode": "test", "epoch": 35}
{"loss": 0.3437064290046692, "acc": 0.8488470315933228, "length": 3.9994585514068604, "mode": "train", "epoch": 36}
{"loss": 0.4539567828178406, "acc": 0.809259295463562, "length": 4.0, "mode": "test", "epoch": 36}
{"loss": 0.33800071477890015, "acc": 0.8531842231750488, "length": 3.9991583824157715, "mode": "train", "epoch": 37}
{"loss": 0.4574165344238281, "acc": 0.8111112117767334, "length": 4.0, "mode": "test", "epoch": 37}
{"loss": 0.34352126717567444, "acc": 0.85442715883255, "length": 3.9994916915893555, "mode": "train", "epoch": 38}
{"loss": 0.44726550579071045, "acc": 0.8111112117767334, "length": 4.0, "mode": "test", "epoch": 38}
{"loss": 0.34254294633865356, "acc": 0.8547102808952332, "length": 3.9985668659210205, "mode": "train", "epoch": 39}
{"loss": 0.45295557379722595, "acc": 0.8222222328186035, "length": 4.0, "mode": "test", "epoch": 39}
{"loss": 0.33679619431495667, "acc": 0.8569198846817017, "length": 3.999910354614258, "mode": "train", "epoch": 40}
{"loss": 0.4602682292461395, "acc": 0.8120371699333191, "length": 4.0, "mode": "test", "epoch": 40}
{"loss": 0.3320470452308655, "acc": 0.8590879440307617, "length": 3.9994044303894043, "mode": "train", "epoch": 41}
{"loss": 0.4579407572746277, "acc": 0.8166666626930237, "length": 4.0, "mode": "test", "epoch": 41}
{"loss": 0.3291328251361847, "acc": 0.855330228805542, "length": 3.9979517459869385, "mode": "train", "epoch": 42}
{"loss": 0.45388174057006836, "acc": 0.8120370507240295, "length": 4.0, "mode": "test", "epoch": 42}
{"loss": 0.33590686321258545, "acc": 0.8578320145606995, "length": 3.998410701751709, "mode": "train", "epoch": 43}
{"loss": 0.4538078308105469, "acc": 0.8083335161209106, "length": 4.0, "mode": "test", "epoch": 43}
{"loss": 0.3306979238986969, "acc": 0.8575347661972046, "length": 3.9997153282165527, "mode": "train", "epoch": 44}
{"loss": 0.4622044563293457, "acc": 0.815740704536438, "length": 4.0, "mode": "test", "epoch": 44}
{"loss": 0.3299398720264435, "acc": 0.8572302460670471, "length": 3.9998972415924072, "mode": "train", "epoch": 45}
{"loss": 0.44532841444015503, "acc": 0.8138889074325562, "length": 4.0, "mode": "test", "epoch": 45}
{"loss": 0.32429239153862, "acc": 0.8665279150009155, "length": 3.999241590499878, "mode": "train", "epoch": 46}
{"loss": 0.4375130534172058, "acc": 0.8083333373069763, "length": 4.0, "mode": "test", "epoch": 46}
{"loss": 0.32670170068740845, "acc": 0.860937774181366, "length": 3.999145269393921, "mode": "train", "epoch": 47}
{"loss": 0.4759823679924011, "acc": 0.8055555820465088, "length": 4.0, "mode": "test", "epoch": 47}
{"loss": 0.32597461342811584, "acc": 0.8618863821029663, "length": 3.9999163150787354, "mode": "train", "epoch": 48}
{"loss": 0.44590556621551514, "acc": 0.823148250579834, "length": 4.0, "mode": "test", "epoch": 48}
{"loss": 0.3340226709842682, "acc": 0.8581587076187134, "length": 3.999645948410034, "mode": "train", "epoch": 49}
{"loss": 0.44165563583374023, "acc": 0.8222222328186035, "length": 4.0, "mode": "test", "epoch": 49}
{"loss": 0.3287973701953888, "acc": 0.8684031963348389, "length": 3.9999027252197266, "mode": "train", "epoch": 50}
{"loss": 0.4484369158744812, "acc": 0.8129628300666809, "length": 4.0, "mode": "test", "epoch": 50}
{"loss": 0.3253454267978668, "acc": 0.8656013607978821, "length": 3.9993398189544678, "mode": "train", "epoch": 51}
{"loss": 0.45900845527648926, "acc": 0.8111110925674438, "length": 4.0, "mode": "test", "epoch": 51}
{"loss": 0.3277558982372284, "acc": 0.8693244457244873, "length": 3.9994089603424072, "mode": "train", "epoch": 52}
{"loss": 0.4382844567298889, "acc": 0.8212964534759521, "length": 4.0, "mode": "test", "epoch": 52}
{"loss": 0.33184972405433655, "acc": 0.8630940318107605, "length": 3.997880458831787, "mode": "train", "epoch": 53}
{"loss": 0.43328404426574707, "acc": 0.8185185194015503, "length": 4.0, "mode": "test", "epoch": 53}
{"loss": 0.31375357508659363, "acc": 0.8693023920059204, "length": 3.9985361099243164, "mode": "train", "epoch": 54}
{"loss": 0.43242955207824707, "acc": 0.8166666626930237, "length": 4.0, "mode": "test", "epoch": 54}
{"loss": 0.3182470500469208, "acc": 0.8677740693092346, "length": 3.9987096786499023, "mode": "train", "epoch": 55}
{"loss": 0.44536709785461426, "acc": 0.8268518447875977, "length": 4.0, "mode": "test", "epoch": 55}
{"loss": 0.3134101629257202, "acc": 0.8736662268638611, "length": 3.9994330406188965, "mode": "train", "epoch": 56}
{"loss": 0.43631085753440857, "acc": 0.8324073553085327, "length": 4.0, "mode": "test", "epoch": 56}
{"loss": 0.3136947453022003, "acc": 0.8714796304702759, "length": 3.998492479324341, "mode": "train", "epoch": 57}
{"loss": 0.43592581152915955, "acc": 0.8212962746620178, "length": 4.0, "mode": "test", "epoch": 57}
{"loss": 0.30679813027381897, "acc": 0.8751396536827087, "length": 3.9961979389190674, "mode": "train", "epoch": 58}
{"loss": 0.4440858066082001, "acc": 0.824999988079071, "length": 4.0, "mode": "test", "epoch": 58}
{"loss": 0.3033549189567566, "acc": 0.8794077038764954, "length": 3.9949843883514404, "mode": "train", "epoch": 59}
{"loss": 0.4385436475276947, "acc": 0.8268518447875977, "length": 4.0, "mode": "test", "epoch": 59}
{"loss": 0.30492931604385376, "acc": 0.8736709952354431, "length": 3.9996039867401123, "mode": "train", "epoch": 60}
{"loss": 0.4303627908229828, "acc": 0.8305555582046509, "length": 4.0, "mode": "test", "epoch": 60}
{"loss": 0.30682510137557983, "acc": 0.8742907047271729, "length": 3.9986820220947266, "mode": "train", "epoch": 61}
{"loss": 0.43558138608932495, "acc": 0.8314815759658813, "length": 4.0, "mode": "test", "epoch": 61}
{"loss": 0.30153462290763855, "acc": 0.8823673129081726, "length": 3.9998114109039307, "mode": "train", "epoch": 62}
{"loss": 0.42615100741386414, "acc": 0.835185170173645, "length": 4.0, "mode": "test", "epoch": 62}
{"loss": 0.29369407892227173, "acc": 0.8786454200744629, "length": 3.9998912811279297, "mode": "train", "epoch": 63}
{"loss": 0.4201219975948334, "acc": 0.8314815759658813, "length": 4.0, "mode": "test", "epoch": 63}
{"loss": 0.2902313470840454, "acc": 0.8804523348808289, "length": 3.9970953464508057, "mode": "train", "epoch": 64}
{"loss": 0.4240545630455017, "acc": 0.8398149013519287, "length": 4.0, "mode": "test", "epoch": 64}
{"loss": 0.30390074849128723, "acc": 0.8770938515663147, "length": 3.9993622303009033, "mode": "train", "epoch": 65}
{"loss": 0.4412395656108856, "acc": 0.8212962746620178, "length": 4.0, "mode": "test", "epoch": 65}
{"loss": 0.29669809341430664, "acc": 0.8842324614524841, "length": 3.999945878982544, "mode": "train", "epoch": 66}
{"loss": 0.4234873652458191, "acc": 0.8388888835906982, "length": 4.0, "mode": "test", "epoch": 66}
{"loss": 0.29309287667274475, "acc": 0.8776842951774597, "length": 3.9981913566589355, "mode": "train", "epoch": 67}
{"loss": 0.41277751326560974, "acc": 0.8388890027999878, "length": 4.0, "mode": "test", "epoch": 67}
{"loss": 0.3014870882034302, "acc": 0.8820386528968811, "length": 3.9992449283599854, "mode": "train", "epoch": 68}
{"loss": 0.41769155859947205, "acc": 0.8472222089767456, "length": 4.0, "mode": "test", "epoch": 68}
{"loss": 0.28590866923332214, "acc": 0.8864045739173889, "length": 3.999950885772705, "mode": "train", "epoch": 69}
{"loss": 0.42381247878074646, "acc": 0.8453704118728638, "length": 4.0, "mode": "test", "epoch": 69}
{"loss": 0.29106926918029785, "acc": 0.8836106061935425, "length": 3.99991774559021, "mode": "train", "epoch": 70}
{"loss": 0.4006287455558777, "acc": 0.8518518209457397, "length": 4.0, "mode": "test", "epoch": 70}
{"loss": 0.2813433110713959, "acc": 0.8901293873786926, "length": 3.999945878982544, "mode": "train", "epoch": 71}
{"loss": 0.4148886799812317, "acc": 0.8425925970077515, "length": 4.0, "mode": "test", "epoch": 71}
{"loss": 0.28558149933815, "acc": 0.8832635283470154, "length": 3.998345136642456, "mode": "train", "epoch": 72}
{"loss": 0.41865667700767517, "acc": 0.8462963700294495, "length": 4.0, "mode": "test", "epoch": 72}
{"loss": 0.2824041247367859, "acc": 0.886094868183136, "length": 3.99991774559021, "mode": "train", "epoch": 73}
{"loss": 0.40151819586753845, "acc": 0.8546295762062073, "length": 4.0, "mode": "test", "epoch": 73}
{"loss": 0.2692905366420746, "acc": 0.8891979455947876, "length": 3.999925374984741, "mode": "train", "epoch": 74}
{"loss": 0.39931973814964294, "acc": 0.8425925970077515, "length": 4.0, "mode": "test", "epoch": 74}
{"loss": 0.2809813916683197, "acc": 0.8857851624488831, "length": 3.999974012374878, "mode": "train", "epoch": 75}
{"loss": 0.4085097312927246, "acc": 0.8407407999038696, "length": 4.0, "mode": "test", "epoch": 75}
{"loss": 0.2776639759540558, "acc": 0.8879543542861938, "length": 3.999840497970581, "mode": "train", "epoch": 76}
{"loss": 0.4188579022884369, "acc": 0.8453702926635742, "length": 4.0, "mode": "test", "epoch": 76}
{"loss": 0.2709178030490875, "acc": 0.8922760486602783, "length": 3.9988811016082764, "mode": "train", "epoch": 77}
{"loss": 0.4326595664024353, "acc": 0.8388888835906982, "length": 4.0, "mode": "test", "epoch": 77}
{"loss": 0.2662625312805176, "acc": 0.8935433030128479, "length": 3.9999539852142334, "mode": "train", "epoch": 78}
{"loss": 0.4125016927719116, "acc": 0.8398147821426392, "length": 4.0, "mode": "test", "epoch": 78}
{"loss": 0.276648610830307, "acc": 0.8879541754722595, "length": 3.999870777130127, "mode": "train", "epoch": 79}
{"loss": 0.43199580907821655, "acc": 0.8416666388511658, "length": 4.0, "mode": "test", "epoch": 79}
{"loss": 0.27207186818122864, "acc": 0.8941336870193481, "length": 3.997366189956665, "mode": "train", "epoch": 80}
{"loss": 0.40310901403427124, "acc": 0.8472221493721008, "length": 4.0, "mode": "test", "epoch": 80}
{"loss": 0.27585551142692566, "acc": 0.8950952291488647, "length": 3.998722553253174, "mode": "train", "epoch": 81}
{"loss": 0.40539902448654175, "acc": 0.8444444537162781, "length": 4.0, "mode": "test", "epoch": 81}
{"loss": 0.27641239762306213, "acc": 0.8913711309432983, "length": 3.9999754428863525, "mode": "train", "epoch": 82}
{"loss": 0.41054317355155945, "acc": 0.8425925374031067, "length": 4.0, "mode": "test", "epoch": 82}
{"loss": 0.2763936519622803, "acc": 0.8941593170166016, "length": 3.999516248703003, "mode": "train", "epoch": 83}
{"loss": 0.4145581126213074, "acc": 0.8481483459472656, "length": 4.0, "mode": "test", "epoch": 83}
{"loss": 0.26827287673950195, "acc": 0.8916814923286438, "length": 3.9999589920043945, "mode": "train", "epoch": 84}
{"loss": 0.4155595898628235, "acc": 0.8398150205612183, "length": 4.0, "mode": "test", "epoch": 84}
{"loss": 0.2634475827217102, "acc": 0.8944748640060425, "length": 3.9999804496765137, "mode": "train", "epoch": 85}
{"loss": 0.4080009460449219, "acc": 0.8416666388511658, "length": 4.0, "mode": "test", "epoch": 85}
{"loss": 0.2507028877735138, "acc": 0.8984893560409546, "length": 3.9991517066955566, "mode": "train", "epoch": 86}
{"loss": 0.43346935510635376, "acc": 0.8370371460914612, "length": 4.0, "mode": "test", "epoch": 86}
{"loss": 0.26062846183776855, "acc": 0.8947850465774536, "length": 3.9999613761901855, "mode": "train", "epoch": 87}
{"loss": 0.42217978835105896, "acc": 0.8462962508201599, "length": 4.0, "mode": "test", "epoch": 87}
{"loss": 0.26838070154190063, "acc": 0.896026611328125, "length": 3.999964952468872, "mode": "train", "epoch": 88}
{"loss": 0.42069512605667114, "acc": 0.8407407999038696, "length": 4.0, "mode": "test", "epoch": 88}
{"loss": 0.25667399168014526, "acc": 0.9040899872779846, "length": 3.9997453689575195, "mode": "train", "epoch": 89}
{"loss": 0.4220117926597595, "acc": 0.8453704714775085, "length": 4.0, "mode": "test", "epoch": 89}
{"loss": 0.26034286618232727, "acc": 0.8941534161567688, "length": 3.999727249145508, "mode": "train", "epoch": 90}
{"loss": 0.4316490888595581, "acc": 0.8472222089767456, "length": 4.0, "mode": "test", "epoch": 90}
{"loss": 0.25221940875053406, "acc": 0.8998201489448547, "length": 3.9970180988311768, "mode": "train", "epoch": 91}
{"loss": 0.39796364307403564, "acc": 0.8481481075286865, "length": 4.0, "mode": "test", "epoch": 91}
{"loss": 0.2534274160861969, "acc": 0.8978896737098694, "length": 3.999974012374878, "mode": "train", "epoch": 92}
{"loss": 0.39148053526878357, "acc": 0.8574074506759644, "length": 4.0, "mode": "test", "epoch": 92}
{"loss": 0.25491422414779663, "acc": 0.901923418045044, "length": 3.9999594688415527, "mode": "train", "epoch": 93}
{"loss": 0.4067978858947754, "acc": 0.8472223281860352, "length": 4.0, "mode": "test", "epoch": 93}
{"loss": 0.24386602640151978, "acc": 0.9040935039520264, "length": 3.999943971633911, "mode": "train", "epoch": 94}
{"loss": 0.41906532645225525, "acc": 0.8398147821426392, "length": 4.0, "mode": "test", "epoch": 94}
{"loss": 0.26141563057899475, "acc": 0.8960263729095459, "length": 3.999962329864502, "mode": "train", "epoch": 95}
{"loss": 0.41958779096603394, "acc": 0.8499999046325684, "length": 4.0, "mode": "test", "epoch": 95}
{"loss": 0.2600398063659668, "acc": 0.8957129716873169, "length": 3.999837636947632, "mode": "train", "epoch": 96}
{"loss": 0.4199773073196411, "acc": 0.8592593669891357, "length": 4.0, "mode": "test", "epoch": 96}
{"loss": 0.24380384385585785, "acc": 0.9084413647651672, "length": 3.9999778270721436, "mode": "train", "epoch": 97}
{"loss": 0.4326469302177429, "acc": 0.8453702926635742, "length": 4.0, "mode": "test", "epoch": 97}
{"loss": 0.2407280057668686, "acc": 0.9065791964530945, "length": 3.9999818801879883, "mode": "train", "epoch": 98}
{"loss": 0.431651771068573, "acc": 0.8361110091209412, "length": 4.0, "mode": "test", "epoch": 98}
{"loss": 0.23847177624702454, "acc": 0.9044067859649658, "length": 3.9999749660491943, "mode": "train", "epoch": 99}
{"loss": 0.42757654190063477, "acc": 0.8453704118728638, "length": 4.0, "mode": "test", "epoch": 99}
{"loss": 0.23667985200881958, "acc": 0.9040964245796204, "length": 3.9999890327453613, "mode": "train", "epoch": 100}
{"loss": 0.4296523332595825, "acc": 0.8379629254341125, "length": 4.0, "mode": "test", "epoch": 100}
test accuracy: 0.7021856904029846
