# ["--attributes=3", "--values=4", "--game_size=3", "--vocab_size_factor=3", "--n_epochs=100", "--batch_size=64", "--learning_rate=0.0005", "--hidden_size=128", "--temp_update=0.99", "--temperature=2"]
Creating train_ds and val_ds...

Creating test_ds...
{"loss": 0.6980905532836914, "acc": 0.5057052373886108, "length": 3.616212844848633, "mode": "train", "epoch": 1}
{"loss": 0.6952788233757019, "acc": 0.5191256999969482, "length": 1.0, "mode": "test", "epoch": 1}
{"loss": 0.691885769367218, "acc": 0.5308055877685547, "length": 3.594822406768799, "mode": "train", "epoch": 2}
{"loss": 0.6952877044677734, "acc": 0.4826958179473877, "length": 1.0, "mode": "test", "epoch": 2}
{"loss": 0.6919033527374268, "acc": 0.523200273513794, "length": 3.558542490005493, "mode": "train", "epoch": 3}
{"loss": 0.6940493583679199, "acc": 0.5045209527015686, "length": 1.0273224115371704, "mode": "test", "epoch": 3}
{"loss": 0.6905547976493835, "acc": 0.5266637206077576, "length": 3.5720880031585693, "mode": "train", "epoch": 4}
{"loss": 0.6925976276397705, "acc": 0.4969826638698578, "length": 1.0710382461547852, "mode": "test", "epoch": 4}
{"loss": 0.6907138824462891, "acc": 0.5264078378677368, "length": 3.5257503986358643, "mode": "train", "epoch": 5}
{"loss": 0.6844069361686707, "acc": 0.5519441962242126, "length": 1.7267760038375854, "mode": "test", "epoch": 5}
{"loss": 0.6884481906890869, "acc": 0.537929892539978, "length": 3.4711718559265137, "mode": "train", "epoch": 6}
{"loss": 0.6784758567810059, "acc": 0.5873916149139404, "length": 2.180327892303467, "mode": "test", "epoch": 6}
{"loss": 0.6842767596244812, "acc": 0.561104953289032, "length": 3.433983564376831, "mode": "train", "epoch": 7}
{"loss": 0.6704864501953125, "acc": 0.6104451417922974, "length": 2.8360655307769775, "mode": "test", "epoch": 7}
{"loss": 0.6744999885559082, "acc": 0.6055522561073303, "length": 3.477726459503174, "mode": "train", "epoch": 8}
{"loss": 0.6585766673088074, "acc": 0.6302937865257263, "length": 3.5081968307495117, "mode": "test", "epoch": 8}
{"loss": 0.6540740132331848, "acc": 0.6571566462516785, "length": 3.632200241088867, "mode": "train", "epoch": 9}
{"loss": 0.6381583213806152, "acc": 0.6505180597305298, "length": 3.754098415374756, "mode": "test", "epoch": 9}
{"loss": 0.6218757033348083, "acc": 0.6710975766181946, "length": 3.801191806793213, "mode": "train", "epoch": 10}
{"loss": 0.6183891296386719, "acc": 0.657183051109314, "length": 3.901639461517334, "mode": "test", "epoch": 10}
{"loss": 0.5936588644981384, "acc": 0.6640022397041321, "length": 3.85937762260437, "mode": "train", "epoch": 11}
{"loss": 0.6249134540557861, "acc": 0.6512266397476196, "length": 3.9836065769195557, "mode": "test", "epoch": 11}
{"loss": 0.5824179649353027, "acc": 0.6749110221862793, "length": 3.8670990467071533, "mode": "train", "epoch": 12}
{"loss": 0.5990673303604126, "acc": 0.694402277469635, "length": 3.928961753845215, "mode": "test", "epoch": 12}
{"loss": 0.5711098909378052, "acc": 0.704750657081604, "length": 3.825728416442871, "mode": "train", "epoch": 13}
{"loss": 0.5805749893188477, "acc": 0.7141109704971313, "length": 3.9890711307525635, "mode": "test", "epoch": 13}
{"loss": 0.5535982251167297, "acc": 0.714460015296936, "length": 3.8087306022644043, "mode": "train", "epoch": 14}
{"loss": 0.5750594139099121, "acc": 0.7331511974334717, "length": 4.0, "mode": "test", "epoch": 14}
{"loss": 0.5419279932975769, "acc": 0.7498101592063904, "length": 3.857020378112793, "mode": "train", "epoch": 15}
{"loss": 0.5816478729248047, "acc": 0.7076502442359924, "length": 4.0, "mode": "test", "epoch": 15}
{"loss": 0.5265510678291321, "acc": 0.7384144067764282, "length": 3.849586009979248, "mode": "train", "epoch": 16}
{"loss": 0.5541123747825623, "acc": 0.7285975813865662, "length": 4.0, "mode": "test", "epoch": 16}
{"loss": 0.511030912399292, "acc": 0.770298421382904, "length": 3.8613665103912354, "mode": "train", "epoch": 17}
{"loss": 0.5587114095687866, "acc": 0.7331511974334717, "length": 4.0, "mode": "test", "epoch": 17}
{"loss": 0.5006498694419861, "acc": 0.7814398407936096, "length": 3.893141508102417, "mode": "train", "epoch": 18}
{"loss": 0.5548900961875916, "acc": 0.7322404980659485, "length": 4.0, "mode": "test", "epoch": 18}
{"loss": 0.48807135224342346, "acc": 0.7843131422996521, "length": 3.9148333072662354, "mode": "train", "epoch": 19}
{"loss": 0.5294947624206543, "acc": 0.7495445609092712, "length": 4.0, "mode": "test", "epoch": 19}
{"loss": 0.4806133508682251, "acc": 0.7916611433029175, "length": 3.9301986694335938, "mode": "train", "epoch": 20}
{"loss": 0.48851704597473145, "acc": 0.7832422852516174, "length": 4.0, "mode": "test", "epoch": 20}
{"loss": 0.46133121848106384, "acc": 0.8018370866775513, "length": 3.9429144859313965, "mode": "train", "epoch": 21}
{"loss": 0.4912157952785492, "acc": 0.7832422852516174, "length": 4.0, "mode": "test", "epoch": 21}
{"loss": 0.45150327682495117, "acc": 0.8029592633247375, "length": 3.958789825439453, "mode": "train", "epoch": 22}
{"loss": 0.4798346161842346, "acc": 0.7877960205078125, "length": 4.0, "mode": "test", "epoch": 22}
{"loss": 0.4358457326889038, "acc": 0.8084986209869385, "length": 3.963352918624878, "mode": "train", "epoch": 23}
{"loss": 0.46236908435821533, "acc": 0.7978143095970154, "length": 4.0, "mode": "test", "epoch": 23}
{"loss": 0.4344313442707062, "acc": 0.8161135315895081, "length": 3.9698660373687744, "mode": "train", "epoch": 24}
{"loss": 0.4547380805015564, "acc": 0.8041893839836121, "length": 4.0, "mode": "test", "epoch": 24}
{"loss": 0.4200993776321411, "acc": 0.8204600214958191, "length": 3.971548318862915, "mode": "train", "epoch": 25}
{"loss": 0.4373173713684082, "acc": 0.8169399499893188, "length": 4.0, "mode": "test", "epoch": 25}
{"loss": 0.41221222281455994, "acc": 0.8266063928604126, "length": 3.9749133586883545, "mode": "train", "epoch": 26}
{"loss": 0.4441930055618286, "acc": 0.806010901927948, "length": 4.0, "mode": "test", "epoch": 26}
{"loss": 0.39824163913726807, "acc": 0.8327375054359436, "length": 3.9799790382385254, "mode": "train", "epoch": 27}
{"loss": 0.43460702896118164, "acc": 0.8132969737052917, "length": 4.0, "mode": "test", "epoch": 27}
{"loss": 0.3923441767692566, "acc": 0.8260735869407654, "length": 3.9820144176483154, "mode": "train", "epoch": 28}
{"loss": 0.42905038595199585, "acc": 0.824225902557373, "length": 4.0, "mode": "test", "epoch": 28}
{"loss": 0.3888450562953949, "acc": 0.8273824453353882, "length": 3.984149694442749, "mode": "train", "epoch": 29}
{"loss": 0.44088348746299744, "acc": 0.8087431788444519, "length": 4.0, "mode": "test", "epoch": 29}
{"loss": 0.38074246048927307, "acc": 0.8480148315429688, "length": 3.9859659671783447, "mode": "train", "epoch": 30}
{"loss": 0.4329606890678406, "acc": 0.817850649356842, "length": 4.0, "mode": "test", "epoch": 30}
{"loss": 0.3762078583240509, "acc": 0.8389251232147217, "length": 3.9854674339294434, "mode": "train", "epoch": 31}
{"loss": 0.42975303530693054, "acc": 0.8378871083259583, "length": 4.0, "mode": "test", "epoch": 31}
{"loss": 0.3567708432674408, "acc": 0.8538978695869446, "length": 3.9890310764312744, "mode": "train", "epoch": 32}
{"loss": 0.4254308342933655, "acc": 0.8333333134651184, "length": 4.0, "mode": "test", "epoch": 32}
{"loss": 0.35114726424217224, "acc": 0.8566306829452515, "length": 3.988480567932129, "mode": "train", "epoch": 33}
{"loss": 0.43027830123901367, "acc": 0.8287795186042786, "length": 4.0, "mode": "test", "epoch": 33}
{"loss": 0.3460257649421692, "acc": 0.859089732170105, "length": 3.9883971214294434, "mode": "train", "epoch": 34}
{"loss": 0.42416882514953613, "acc": 0.8415300250053406, "length": 4.0, "mode": "test", "epoch": 34}
{"loss": 0.3372993469238281, "acc": 0.8682482242584229, "length": 3.98953914642334, "mode": "train", "epoch": 35}
{"loss": 0.40623974800109863, "acc": 0.8497268557548523, "length": 4.0, "mode": "test", "epoch": 35}
{"loss": 0.3281678259372711, "acc": 0.8658521175384521, "length": 3.9926507472991943, "mode": "train", "epoch": 36}
{"loss": 0.40696972608566284, "acc": 0.8515482544898987, "length": 4.0, "mode": "test", "epoch": 36}
{"loss": 0.32633280754089355, "acc": 0.8698391318321228, "length": 3.993471622467041, "mode": "train", "epoch": 37}
{"loss": 0.4123794734477997, "acc": 0.8488160967826843, "length": 4.0, "mode": "test", "epoch": 37}
{"loss": 0.3246394693851471, "acc": 0.8665111660957336, "length": 3.9938907623291016, "mode": "train", "epoch": 38}
{"loss": 0.40200406312942505, "acc": 0.8497267961502075, "length": 4.0, "mode": "test", "epoch": 38}
{"loss": 0.31624385714530945, "acc": 0.8795936107635498, "length": 3.9930031299591064, "mode": "train", "epoch": 39}
{"loss": 0.4092129170894623, "acc": 0.8515481352806091, "length": 4.0, "mode": "test", "epoch": 39}
{"loss": 0.316263884305954, "acc": 0.876886248588562, "length": 3.9949543476104736, "mode": "train", "epoch": 40}
{"loss": 0.3992292881011963, "acc": 0.8570128679275513, "length": 4.0, "mode": "test", "epoch": 40}
{"loss": 0.30904674530029297, "acc": 0.8793210387229919, "length": 3.994433879852295, "mode": "train", "epoch": 41}
{"loss": 0.40343937277793884, "acc": 0.8542804718017578, "length": 4.0, "mode": "test", "epoch": 41}
{"loss": 0.30022916197776794, "acc": 0.8836230635643005, "length": 3.995771884918213, "mode": "train", "epoch": 42}
{"loss": 0.4125625789165497, "acc": 0.8524590730667114, "length": 4.0, "mode": "test", "epoch": 42}
{"loss": 0.2965449094772339, "acc": 0.8863779306411743, "length": 3.9962756633758545, "mode": "train", "epoch": 43}
{"loss": 0.3939865827560425, "acc": 0.861566424369812, "length": 4.0, "mode": "test", "epoch": 43}
{"loss": 0.29232650995254517, "acc": 0.886347234249115, "length": 3.99527907371521, "mode": "train", "epoch": 44}
{"loss": 0.41612935066223145, "acc": 0.8524590730667114, "length": 4.0, "mode": "test", "epoch": 44}
{"loss": 0.2940833866596222, "acc": 0.878105103969574, "length": 3.993685483932495, "mode": "train", "epoch": 45}
{"loss": 0.3983631134033203, "acc": 0.8615664839744568, "length": 4.0, "mode": "test", "epoch": 45}
{"loss": 0.28583037853240967, "acc": 0.8894333243370056, "length": 3.9968338012695312, "mode": "train", "epoch": 46}
{"loss": 0.3967219293117523, "acc": 0.8570126295089722, "length": 4.0, "mode": "test", "epoch": 46}
{"loss": 0.2828947603702545, "acc": 0.8925075531005859, "length": 3.997276782989502, "mode": "train", "epoch": 47}
{"loss": 0.41150686144828796, "acc": 0.8533697128295898, "length": 4.0, "mode": "test", "epoch": 47}
{"loss": 0.2756853699684143, "acc": 0.8919002413749695, "length": 3.99723744392395, "mode": "train", "epoch": 48}
{"loss": 0.401987761259079, "acc": 0.8570128083229065, "length": 4.0, "mode": "test", "epoch": 48}
{"loss": 0.27111998200416565, "acc": 0.8946405649185181, "length": 3.997354745864868, "mode": "train", "epoch": 49}
{"loss": 0.4073061943054199, "acc": 0.8570126295089722, "length": 4.0, "mode": "test", "epoch": 49}
{"loss": 0.2725205421447754, "acc": 0.8931053280830383, "length": 3.996739387512207, "mode": "train", "epoch": 50}
{"loss": 0.4104606807231903, "acc": 0.8579233884811401, "length": 4.0, "mode": "test", "epoch": 50}
{"loss": 0.26647916436195374, "acc": 0.8937321305274963, "length": 3.9967546463012695, "mode": "train", "epoch": 51}
{"loss": 0.39336857199668884, "acc": 0.8633880019187927, "length": 4.0, "mode": "test", "epoch": 51}
{"loss": 0.26664087176322937, "acc": 0.8931187391281128, "length": 3.998263359069824, "mode": "train", "epoch": 52}
{"loss": 0.40722915530204773, "acc": 0.8533698916435242, "length": 4.0, "mode": "test", "epoch": 52}
{"loss": 0.25718557834625244, "acc": 0.8955729007720947, "length": 3.9982430934906006, "mode": "train", "epoch": 53}
{"loss": 0.3921007513999939, "acc": 0.8633880615234375, "length": 4.0, "mode": "test", "epoch": 53}
{"loss": 0.26442480087280273, "acc": 0.89801025390625, "length": 3.9982945919036865, "mode": "train", "epoch": 54}
{"loss": 0.3933134973049164, "acc": 0.86247718334198, "length": 4.0, "mode": "test", "epoch": 54}
{"loss": 0.261146605014801, "acc": 0.9016425013542175, "length": 3.9977262020111084, "mode": "train", "epoch": 55}
{"loss": 0.4072054624557495, "acc": 0.8597449064254761, "length": 4.0, "mode": "test", "epoch": 55}
{"loss": 0.2557826340198517, "acc": 0.9010379314422607, "length": 3.9980151653289795, "mode": "train", "epoch": 56}
{"loss": 0.38651347160339355, "acc": 0.875227689743042, "length": 4.0, "mode": "test", "epoch": 56}
{"loss": 0.25120750069618225, "acc": 0.9059542417526245, "length": 3.9987149238586426, "mode": "train", "epoch": 57}
{"loss": 0.3944496512413025, "acc": 0.8679417967796326, "length": 4.0, "mode": "test", "epoch": 57}
{"loss": 0.2520982027053833, "acc": 0.9059480428695679, "length": 3.998640775680542, "mode": "train", "epoch": 58}
{"loss": 0.39530012011528015, "acc": 0.8688523769378662, "length": 4.0, "mode": "test", "epoch": 58}
{"loss": 0.2479947954416275, "acc": 0.9023001790046692, "length": 3.998960018157959, "mode": "train", "epoch": 59}
{"loss": 0.3987252414226532, "acc": 0.8624773025512695, "length": 4.0, "mode": "test", "epoch": 59}
{"loss": 0.24222247302532196, "acc": 0.9074772000312805, "length": 3.9988160133361816, "mode": "train", "epoch": 60}
{"loss": 0.39294004440307617, "acc": 0.8652094602584839, "length": 4.0, "mode": "test", "epoch": 60}
{"loss": 0.2392347902059555, "acc": 0.9044319987297058, "length": 3.9988083839416504, "mode": "train", "epoch": 61}
{"loss": 0.3961629569530487, "acc": 0.8524590134620667, "length": 4.0, "mode": "test", "epoch": 61}
{"loss": 0.2436773031949997, "acc": 0.9081076383590698, "length": 3.999354362487793, "mode": "train", "epoch": 62}
{"loss": 0.3833863437175751, "acc": 0.8724955320358276, "length": 4.0, "mode": "test", "epoch": 62}
{"loss": 0.2425125390291214, "acc": 0.9068854451179504, "length": 3.9994289875030518, "mode": "train", "epoch": 63}
{"loss": 0.38993901014328003, "acc": 0.8642988204956055, "length": 4.0, "mode": "test", "epoch": 63}
{"loss": 0.2414359301328659, "acc": 0.9096329808235168, "length": 3.999297618865967, "mode": "train", "epoch": 64}
{"loss": 0.3880421817302704, "acc": 0.8697632551193237, "length": 4.0, "mode": "test", "epoch": 64}
{"loss": 0.23850290477275848, "acc": 0.9068881273269653, "length": 3.999467372894287, "mode": "train", "epoch": 65}
{"loss": 0.3767183721065521, "acc": 0.867030918598175, "length": 4.0, "mode": "test", "epoch": 65}
{"loss": 0.23228593170642853, "acc": 0.905357301235199, "length": 3.9992573261260986, "mode": "train", "epoch": 66}
{"loss": 0.37572431564331055, "acc": 0.8679417967796326, "length": 4.0, "mode": "test", "epoch": 66}
{"loss": 0.23295238614082336, "acc": 0.9123823642730713, "length": 3.9994258880615234, "mode": "train", "epoch": 67}
{"loss": 0.3686843514442444, "acc": 0.8752278089523315, "length": 4.0, "mode": "test", "epoch": 67}
{"loss": 0.23059651255607605, "acc": 0.9077763557434082, "length": 3.998966693878174, "mode": "train", "epoch": 68}
{"loss": 0.37310490012168884, "acc": 0.8706740736961365, "length": 4.0, "mode": "test", "epoch": 68}
{"loss": 0.22776839137077332, "acc": 0.9099363684654236, "length": 3.999420404434204, "mode": "train", "epoch": 69}
{"loss": 0.37702250480651855, "acc": 0.8752276301383972, "length": 4.0, "mode": "test", "epoch": 69}
{"loss": 0.2306048572063446, "acc": 0.9136035442352295, "length": 3.9996047019958496, "mode": "train", "epoch": 70}
{"loss": 0.365899920463562, "acc": 0.8734062314033508, "length": 4.0, "mode": "test", "epoch": 70}
{"loss": 0.22170118987560272, "acc": 0.9111323356628418, "length": 3.9985315799713135, "mode": "train", "epoch": 71}
{"loss": 0.3829447031021118, "acc": 0.8661201596260071, "length": 4.0, "mode": "test", "epoch": 71}
{"loss": 0.2205856591463089, "acc": 0.9123837947845459, "length": 3.9996132850646973, "mode": "train", "epoch": 72}
{"loss": 0.3791320025920868, "acc": 0.8697632551193237, "length": 4.0, "mode": "test", "epoch": 72}
{"loss": 0.22030390799045563, "acc": 0.9142128229141235, "length": 3.9994208812713623, "mode": "train", "epoch": 73}
{"loss": 0.36756834387779236, "acc": 0.881602942943573, "length": 4.0, "mode": "test", "epoch": 73}
{"loss": 0.22189950942993164, "acc": 0.9154348373413086, "length": 3.9995081424713135, "mode": "train", "epoch": 74}
{"loss": 0.368649959564209, "acc": 0.8761385083198547, "length": 4.0, "mode": "test", "epoch": 74}
{"loss": 0.22467109560966492, "acc": 0.9123854637145996, "length": 3.9996399879455566, "mode": "train", "epoch": 75}
{"loss": 0.39135560393333435, "acc": 0.8688525557518005, "length": 4.0, "mode": "test", "epoch": 75}
{"loss": 0.21591952443122864, "acc": 0.9181828498840332, "length": 3.9994897842407227, "mode": "train", "epoch": 76}
{"loss": 0.3688088059425354, "acc": 0.8779598474502563, "length": 4.0, "mode": "test", "epoch": 76}
{"loss": 0.22178956866264343, "acc": 0.9148277044296265, "length": 3.9995501041412354, "mode": "train", "epoch": 77}
{"loss": 0.36968085169792175, "acc": 0.8743170499801636, "length": 4.0, "mode": "test", "epoch": 77}
{"loss": 0.21725037693977356, "acc": 0.9190980195999146, "length": 3.99959135055542, "mode": "train", "epoch": 78}
{"loss": 0.38017019629478455, "acc": 0.8706739544868469, "length": 4.0, "mode": "test", "epoch": 78}
{"loss": 0.2104676514863968, "acc": 0.9184948801994324, "length": 3.9998390674591064, "mode": "train", "epoch": 79}
{"loss": 0.4084949195384979, "acc": 0.8624773025512695, "length": 4.0, "mode": "test", "epoch": 79}
{"loss": 0.20838695764541626, "acc": 0.9215076565742493, "length": 3.9983885288238525, "mode": "train", "epoch": 80}
{"loss": 0.3677794635295868, "acc": 0.8770492076873779, "length": 4.0, "mode": "test", "epoch": 80}
{"loss": 0.2177037000656128, "acc": 0.9197132587432861, "length": 3.999685287475586, "mode": "train", "epoch": 81}
{"loss": 0.3883267045021057, "acc": 0.8715847134590149, "length": 4.0, "mode": "test", "epoch": 81}
{"loss": 0.21723195910453796, "acc": 0.9182268381118774, "length": 3.993548631668091, "mode": "train", "epoch": 82}
{"loss": 0.37420862913131714, "acc": 0.875227689743042, "length": 4.0, "mode": "test", "epoch": 82}
{"loss": 0.2252100110054016, "acc": 0.9145267009735107, "length": 3.9997973442077637, "mode": "train", "epoch": 83}
{"loss": 0.4045029282569885, "acc": 0.8606558442115784, "length": 4.0, "mode": "test", "epoch": 83}
{"loss": 0.21811135113239288, "acc": 0.9181845784187317, "length": 3.9996936321258545, "mode": "train", "epoch": 84}
{"loss": 0.3663164973258972, "acc": 0.868852436542511, "length": 4.0, "mode": "test", "epoch": 84}
{"loss": 0.21349024772644043, "acc": 0.9184924960136414, "length": 3.9997751712799072, "mode": "train", "epoch": 85}
{"loss": 0.3746846616268158, "acc": 0.8724955320358276, "length": 4.0, "mode": "test", "epoch": 85}
{"loss": 0.205793097615242, "acc": 0.9217826724052429, "length": 3.997762441635132, "mode": "train", "epoch": 86}
{"loss": 0.38188987970352173, "acc": 0.8670309782028198, "length": 4.0, "mode": "test", "epoch": 86}
{"loss": 0.20779287815093994, "acc": 0.9224638342857361, "length": 3.9998841285705566, "mode": "train", "epoch": 87}
{"loss": 0.3793784976005554, "acc": 0.8770492672920227, "length": 4.0, "mode": "test", "epoch": 87}
{"loss": 0.20888936519622803, "acc": 0.9206331372261047, "length": 3.999906539916992, "mode": "train", "epoch": 88}
{"loss": 0.38546809554100037, "acc": 0.8688525557518005, "length": 4.0, "mode": "test", "epoch": 88}
{"loss": 0.20734886825084686, "acc": 0.9233756065368652, "length": 3.9997823238372803, "mode": "train", "epoch": 89}
{"loss": 0.35642558336257935, "acc": 0.8806921243667603, "length": 4.0, "mode": "test", "epoch": 89}
{"loss": 0.20493049919605255, "acc": 0.9197025299072266, "length": 3.9995055198669434, "mode": "train", "epoch": 90}
{"loss": 0.37951749563217163, "acc": 0.8743170499801636, "length": 4.0, "mode": "test", "epoch": 90}
{"loss": 0.20234234631061554, "acc": 0.9209300875663757, "length": 3.999628782272339, "mode": "train", "epoch": 91}
{"loss": 0.3623269498348236, "acc": 0.8715847134590149, "length": 4.0, "mode": "test", "epoch": 91}
{"loss": 0.19968850910663605, "acc": 0.9233802556991577, "length": 3.9999146461486816, "mode": "train", "epoch": 92}
{"loss": 0.3650451600551605, "acc": 0.8770490884780884, "length": 4.0, "mode": "test", "epoch": 92}
{"loss": 0.19887670874595642, "acc": 0.9236845970153809, "length": 3.9998953342437744, "mode": "train", "epoch": 93}
{"loss": 0.3537071645259857, "acc": 0.8779599666595459, "length": 4.0, "mode": "test", "epoch": 93}
{"loss": 0.19457899034023285, "acc": 0.9239895343780518, "length": 3.999890089035034, "mode": "train", "epoch": 94}
{"loss": 0.3821534812450409, "acc": 0.8679417967796326, "length": 4.0, "mode": "test", "epoch": 94}
{"loss": 0.19814975559711456, "acc": 0.9270421862602234, "length": 3.999901533126831, "mode": "train", "epoch": 95}
{"loss": 0.37484174966812134, "acc": 0.8779598474502563, "length": 4.0, "mode": "test", "epoch": 95}
{"loss": 0.19877885282039642, "acc": 0.9220530390739441, "length": 3.9947657585144043, "mode": "train", "epoch": 96}
{"loss": 0.38526594638824463, "acc": 0.8652094602584839, "length": 4.0, "mode": "test", "epoch": 96}
{"loss": 0.19271020591259003, "acc": 0.9276308417320251, "length": 3.9993512630462646, "mode": "train", "epoch": 97}
{"loss": 0.3781777620315552, "acc": 0.8734062314033508, "length": 4.0, "mode": "test", "epoch": 97}
{"loss": 0.19376137852668762, "acc": 0.9239919185638428, "length": 3.9999632835388184, "mode": "train", "epoch": 98}
{"loss": 0.3804048001766205, "acc": 0.8697633147239685, "length": 4.0, "mode": "test", "epoch": 98}
{"loss": 0.19888465106487274, "acc": 0.9273474812507629, "length": 3.999919891357422, "mode": "train", "epoch": 99}
{"loss": 0.3875303268432617, "acc": 0.8715845942497253, "length": 4.0, "mode": "test", "epoch": 99}
{"loss": 0.19187593460083008, "acc": 0.9255178570747375, "length": 3.9999659061431885, "mode": "train", "epoch": 100}
{"loss": 0.3749783933162689, "acc": 0.8788707852363586, "length": 4.0, "mode": "test", "epoch": 100}
test accuracy: 0.7816764712333679
