# ["--attributes=3", "--values=4", "--game_size=3", "--vocab_size_factor=3", "--n_epochs=100", "--batch_size=64", "--learning_rate=0.0005", "--hidden_size=256", "--temp_update=0.97", "--temperature=1"]
Creating train_ds and val_ds...

Creating test_ds...
{"loss": 0.7034602761268616, "acc": 0.4930499792098999, "length": 3.6323280334472656, "mode": "train", "epoch": 1}
{"loss": 0.6986915469169617, "acc": 0.4832402169704437, "length": 1.0, "mode": "test", "epoch": 1}
{"loss": 0.6967794895172119, "acc": 0.5163638591766357, "length": 3.4145240783691406, "mode": "train", "epoch": 2}
{"loss": 0.7031421661376953, "acc": 0.46554940938949585, "length": 1.0, "mode": "test", "epoch": 2}
{"loss": 0.6932706236839294, "acc": 0.5267245173454285, "length": 2.6267716884613037, "mode": "train", "epoch": 3}
{"loss": 0.6983556747436523, "acc": 0.517690896987915, "length": 1.0, "mode": "test", "epoch": 3}
{"loss": 0.6858528256416321, "acc": 0.5545501708984375, "length": 1.7521003484725952, "mode": "train", "epoch": 4}
{"loss": 0.6943031549453735, "acc": 0.5164105892181396, "length": 1.0502793788909912, "mode": "test", "epoch": 4}
{"loss": 0.6692875027656555, "acc": 0.604143500328064, "length": 2.2356467247009277, "mode": "train", "epoch": 5}
{"loss": 0.667455792427063, "acc": 0.5955009460449219, "length": 1.6703910827636719, "mode": "test", "epoch": 5}
{"loss": 0.6394734978675842, "acc": 0.6420235633850098, "length": 2.1708498001098633, "mode": "train", "epoch": 6}
{"loss": 0.6315532922744751, "acc": 0.6671682000160217, "length": 2.4581005573272705, "mode": "test", "epoch": 6}
{"loss": 0.6087726354598999, "acc": 0.6590203642845154, "length": 2.6246988773345947, "mode": "train", "epoch": 7}
{"loss": 0.6252243518829346, "acc": 0.6576364636421204, "length": 2.307262659072876, "mode": "test", "epoch": 7}
{"loss": 0.5881581902503967, "acc": 0.6780537366867065, "length": 2.607008934020996, "mode": "train", "epoch": 8}
{"loss": 0.6165897250175476, "acc": 0.6756063103675842, "length": 2.357541799545288, "mode": "test", "epoch": 8}
{"loss": 0.562667191028595, "acc": 0.6971753835678101, "length": 2.7111616134643555, "mode": "train", "epoch": 9}
{"loss": 0.591234028339386, "acc": 0.6959459781646729, "length": 2.608938455581665, "mode": "test", "epoch": 9}
{"loss": 0.5427096486091614, "acc": 0.7238438129425049, "length": 2.832638740539551, "mode": "train", "epoch": 10}
{"loss": 0.570785641670227, "acc": 0.7072311639785767, "length": 2.7094972133636475, "mode": "test", "epoch": 10}
{"loss": 0.5143377780914307, "acc": 0.7536069750785828, "length": 2.978478193283081, "mode": "train", "epoch": 11}
{"loss": 0.5665860772132874, "acc": 0.721135139465332, "length": 2.860335111618042, "mode": "test", "epoch": 11}
{"loss": 0.49365943670272827, "acc": 0.7610352039337158, "length": 3.048466205596924, "mode": "train", "epoch": 12}
{"loss": 0.5682224631309509, "acc": 0.7262983918190002, "length": 2.893854856491089, "mode": "test", "epoch": 12}
{"loss": 0.4817175269126892, "acc": 0.7813947796821594, "length": 3.1530165672302246, "mode": "train", "epoch": 13}
{"loss": 0.5341014266014099, "acc": 0.7510714530944824, "length": 2.994413375854492, "mode": "test", "epoch": 13}
{"loss": 0.465148389339447, "acc": 0.7997629046440125, "length": 3.255476236343384, "mode": "train", "epoch": 14}
{"loss": 0.5216197967529297, "acc": 0.7622189521789551, "length": 3.279329538345337, "mode": "test", "epoch": 14}
{"loss": 0.44351401925086975, "acc": 0.8048520684242249, "length": 3.3162035942077637, "mode": "train", "epoch": 15}
{"loss": 0.5105501413345337, "acc": 0.7785731554031372, "length": 3.3463687896728516, "mode": "test", "epoch": 15}
{"loss": 0.4286392331123352, "acc": 0.8175217509269714, "length": 3.422698974609375, "mode": "train", "epoch": 16}
{"loss": 0.5282227396965027, "acc": 0.7698195576667786, "length": 3.4301676750183105, "mode": "test", "epoch": 16}
{"loss": 0.4220522940158844, "acc": 0.8238171339035034, "length": 3.4221882820129395, "mode": "train", "epoch": 17}
{"loss": 0.517918586730957, "acc": 0.7642762660980225, "length": 3.4804468154907227, "mode": "test", "epoch": 17}
{"loss": 0.41241690516471863, "acc": 0.826576292514801, "length": 3.460615634918213, "mode": "train", "epoch": 18}
{"loss": 0.5136839151382446, "acc": 0.7767388820648193, "length": 3.530726194381714, "mode": "test", "epoch": 18}
{"loss": 0.41067764163017273, "acc": 0.8271942138671875, "length": 3.4613099098205566, "mode": "train", "epoch": 19}
{"loss": 0.5007108449935913, "acc": 0.7820219993591309, "length": 3.446927309036255, "mode": "test", "epoch": 19}
{"loss": 0.40536847710609436, "acc": 0.8346541523933411, "length": 3.4393973350524902, "mode": "train", "epoch": 20}
{"loss": 0.49809080362319946, "acc": 0.7728918194770813, "length": 3.5139665603637695, "mode": "test", "epoch": 20}
{"loss": 0.393566757440567, "acc": 0.8373944163322449, "length": 3.4385788440704346, "mode": "train", "epoch": 21}
{"loss": 0.5029939413070679, "acc": 0.7700797319412231, "length": 3.497206687927246, "mode": "test", "epoch": 21}
{"loss": 0.3898758888244629, "acc": 0.8411238789558411, "length": 3.3681695461273193, "mode": "train", "epoch": 22}
{"loss": 0.5038597583770752, "acc": 0.7859437465667725, "length": 3.497206687927246, "mode": "test", "epoch": 22}
{"loss": 0.3844149112701416, "acc": 0.842768132686615, "length": 3.4604973793029785, "mode": "train", "epoch": 23}
{"loss": 0.4922162890434265, "acc": 0.7738639712333679, "length": 3.5139665603637695, "mode": "test", "epoch": 23}
{"loss": 0.3686639070510864, "acc": 0.8437454104423523, "length": 3.4381139278411865, "mode": "train", "epoch": 24}
{"loss": 0.49033474922180176, "acc": 0.7931295037269592, "length": 3.497206687927246, "mode": "test", "epoch": 24}
{"loss": 0.37513914704322815, "acc": 0.8439993262290955, "length": 3.3965516090393066, "mode": "train", "epoch": 25}
{"loss": 0.4986061453819275, "acc": 0.792677640914917, "length": 3.5139665603637695, "mode": "test", "epoch": 25}
{"loss": 0.38092175126075745, "acc": 0.8412814140319824, "length": 3.432689905166626, "mode": "train", "epoch": 26}
{"loss": 0.5175952911376953, "acc": 0.7815089821815491, "length": 3.5139665603637695, "mode": "test", "epoch": 26}
{"loss": 0.3721863925457001, "acc": 0.8430620431900024, "length": 3.456667423248291, "mode": "train", "epoch": 27}
{"loss": 0.4936203360557556, "acc": 0.7961556315422058, "length": 3.5139665603637695, "mode": "test", "epoch": 27}
{"loss": 0.35470515489578247, "acc": 0.8554368019104004, "length": 3.4482157230377197, "mode": "train", "epoch": 28}
{"loss": 0.4810090959072113, "acc": 0.7912764549255371, "length": 3.4636871814727783, "mode": "test", "epoch": 28}
{"loss": 0.3528726398944855, "acc": 0.8531764149665833, "length": 3.3851311206817627, "mode": "train", "epoch": 29}
{"loss": 0.4907095432281494, "acc": 0.7954709529876709, "length": 3.5139665603637695, "mode": "test", "epoch": 29}
{"loss": 0.35831016302108765, "acc": 0.8488356471061707, "length": 3.4513213634490967, "mode": "train", "epoch": 30}
{"loss": 0.47536560893058777, "acc": 0.7866871356964111, "length": 3.3966479301452637, "mode": "test", "epoch": 30}
{"loss": 0.35386186838150024, "acc": 0.8493052124977112, "length": 3.335273027420044, "mode": "train", "epoch": 31}
{"loss": 0.4915207326412201, "acc": 0.7975314855575562, "length": 3.497206687927246, "mode": "test", "epoch": 31}
{"loss": 0.3555786907672882, "acc": 0.8509857058525085, "length": 3.4620072841644287, "mode": "train", "epoch": 32}
{"loss": 0.4959560036659241, "acc": 0.7716289758682251, "length": 3.4804468154907227, "mode": "test", "epoch": 32}
{"loss": 0.34942761063575745, "acc": 0.8522998690605164, "length": 3.4396204948425293, "mode": "train", "epoch": 33}
{"loss": 0.49313610792160034, "acc": 0.8019155859947205, "length": 3.530726194381714, "mode": "test", "epoch": 33}
{"loss": 0.3373337388038635, "acc": 0.8573750853538513, "length": 3.471897602081299, "mode": "train", "epoch": 34}
{"loss": 0.49901366233825684, "acc": 0.7856214046478271, "length": 3.530726194381714, "mode": "test", "epoch": 34}
{"loss": 0.3328665494918823, "acc": 0.8538060188293457, "length": 3.465212106704712, "mode": "train", "epoch": 35}
{"loss": 0.4936482906341553, "acc": 0.7973893880844116, "length": 3.5195531845092773, "mode": "test", "epoch": 35}
{"loss": 0.3298342525959015, "acc": 0.8604617714881897, "length": 3.4796319007873535, "mode": "train", "epoch": 36}
{"loss": 0.5023773908615112, "acc": 0.7866643071174622, "length": 3.5698323249816895, "mode": "test", "epoch": 36}
{"loss": 0.3283376097679138, "acc": 0.8669883608818054, "length": 3.465290069580078, "mode": "train", "epoch": 37}
{"loss": 0.49901700019836426, "acc": 0.7856282591819763, "length": 3.558659315109253, "mode": "test", "epoch": 37}
{"loss": 0.3320683538913727, "acc": 0.8588486313819885, "length": 3.524174451828003, "mode": "train", "epoch": 38}
{"loss": 0.48801061511039734, "acc": 0.7869958281517029, "length": 3.614525079727173, "mode": "test", "epoch": 38}
{"loss": 0.3184680640697479, "acc": 0.8662855625152588, "length": 3.538447618484497, "mode": "train", "epoch": 39}
{"loss": 0.49839669466018677, "acc": 0.7969962358474731, "length": 3.581005573272705, "mode": "test", "epoch": 39}
{"loss": 0.3155173361301422, "acc": 0.8680567145347595, "length": 3.5117979049682617, "mode": "train", "epoch": 40}
{"loss": 0.4807407855987549, "acc": 0.7979082465171814, "length": 3.6201117038726807, "mode": "test", "epoch": 40}
{"loss": 0.30857306718826294, "acc": 0.8674753904342651, "length": 3.5460734367370605, "mode": "train", "epoch": 41}
{"loss": 0.4879182279109955, "acc": 0.7879412174224854, "length": 3.581005573272705, "mode": "test", "epoch": 41}
{"loss": 0.31294387578964233, "acc": 0.8689368963241577, "length": 3.58316707611084, "mode": "train", "epoch": 42}
{"loss": 0.5086197257041931, "acc": 0.7934485077857971, "length": 3.698323965072632, "mode": "test", "epoch": 42}
{"loss": 0.29935207962989807, "acc": 0.8727356195449829, "length": 3.4868743419647217, "mode": "train", "epoch": 43}
{"loss": 0.5041214823722839, "acc": 0.7955477237701416, "length": 3.581005573272705, "mode": "test", "epoch": 43}
{"loss": 0.31160566210746765, "acc": 0.8691520094871521, "length": 3.53732967376709, "mode": "train", "epoch": 44}
{"loss": 0.4928779602050781, "acc": 0.7957034111022949, "length": 3.614525079727173, "mode": "test", "epoch": 44}
{"loss": 0.29391613602638245, "acc": 0.8740665912628174, "length": 3.5413036346435547, "mode": "train", "epoch": 45}
{"loss": 0.4970594644546509, "acc": 0.7966986894607544, "length": 3.6592178344726562, "mode": "test", "epoch": 45}
{"loss": 0.30523109436035156, "acc": 0.8747645020484924, "length": 3.6085867881774902, "mode": "train", "epoch": 46}
{"loss": 0.5052525997161865, "acc": 0.7928365468978882, "length": 3.6536312103271484, "mode": "test", "epoch": 46}
{"loss": 0.31390443444252014, "acc": 0.8746240735054016, "length": 3.528707981109619, "mode": "train", "epoch": 47}
{"loss": 0.5185124278068542, "acc": 0.800130307674408, "length": 3.6871509552001953, "mode": "test", "epoch": 47}
{"loss": 0.2933300733566284, "acc": 0.87923264503479, "length": 3.562643051147461, "mode": "train", "epoch": 48}
{"loss": 0.4880370497703552, "acc": 0.7959198355674744, "length": 3.636871576309204, "mode": "test", "epoch": 48}
{"loss": 0.2893930971622467, "acc": 0.8842566013336182, "length": 3.56976318359375, "mode": "train", "epoch": 49}
{"loss": 0.474448025226593, "acc": 0.818737268447876, "length": 3.636871576309204, "mode": "test", "epoch": 49}
{"loss": 0.2852395176887512, "acc": 0.8864127397537231, "length": 3.5931923389434814, "mode": "train", "epoch": 50}
{"loss": 0.4757843613624573, "acc": 0.8031978607177734, "length": 3.6480445861816406, "mode": "test", "epoch": 50}
{"loss": 0.2852044999599457, "acc": 0.8894184231758118, "length": 3.5779833793640137, "mode": "train", "epoch": 51}
{"loss": 0.48023509979248047, "acc": 0.8182951807975769, "length": 3.692737340927124, "mode": "test", "epoch": 51}
{"loss": 0.28494152426719666, "acc": 0.8889850378036499, "length": 3.596254825592041, "mode": "train", "epoch": 52}
{"loss": 0.49175047874450684, "acc": 0.8029014468193054, "length": 3.6815643310546875, "mode": "test", "epoch": 52}
{"loss": 0.2935678958892822, "acc": 0.8875036835670471, "length": 3.544779062271118, "mode": "train", "epoch": 53}
{"loss": 0.4876842498779297, "acc": 0.8119155764579773, "length": 3.6536312103271484, "mode": "test", "epoch": 53}
{"loss": 0.2811523377895355, "acc": 0.8819845914840698, "length": 3.57723069190979, "mode": "train", "epoch": 54}
{"loss": 0.49419283866882324, "acc": 0.7975536584854126, "length": 3.664804458618164, "mode": "test", "epoch": 54}
{"loss": 0.27753299474716187, "acc": 0.8850005865097046, "length": 3.576335906982422, "mode": "train", "epoch": 55}
{"loss": 0.46525323390960693, "acc": 0.8150708079338074, "length": 3.636871576309204, "mode": "test", "epoch": 55}
{"loss": 0.2703897953033447, "acc": 0.8883345723152161, "length": 3.567336082458496, "mode": "train", "epoch": 56}
{"loss": 0.487670361995697, "acc": 0.8134196996688843, "length": 3.636871576309204, "mode": "test", "epoch": 56}
{"loss": 0.2686058580875397, "acc": 0.8949123024940491, "length": 3.572453260421753, "mode": "train", "epoch": 57}
{"loss": 0.49135446548461914, "acc": 0.8151320815086365, "length": 3.692737340927124, "mode": "test", "epoch": 57}
{"loss": 0.2709260582923889, "acc": 0.8951733112335205, "length": 3.596358060836792, "mode": "train", "epoch": 58}
{"loss": 0.49853622913360596, "acc": 0.8070112466812134, "length": 3.6871509552001953, "mode": "test", "epoch": 58}
{"loss": 0.2740741968154907, "acc": 0.8990713953971863, "length": 3.603036880493164, "mode": "train", "epoch": 59}
{"loss": 0.5038830637931824, "acc": 0.8118844628334045, "length": 3.6871509552001953, "mode": "test", "epoch": 59}
{"loss": 0.2747432291507721, "acc": 0.8966280817985535, "length": 3.620668649673462, "mode": "train", "epoch": 60}
{"loss": 0.5000383257865906, "acc": 0.8106104731559753, "length": 3.698323965072632, "mode": "test", "epoch": 60}
{"loss": 0.27134591341018677, "acc": 0.9003289937973022, "length": 3.5868706703186035, "mode": "train", "epoch": 61}
{"loss": 0.4831385612487793, "acc": 0.8135868906974792, "length": 3.698323965072632, "mode": "test", "epoch": 61}
{"loss": 0.2581729292869568, "acc": 0.9013429880142212, "length": 3.572629690170288, "mode": "train", "epoch": 62}
{"loss": 0.4800870418548584, "acc": 0.8063286542892456, "length": 3.698323965072632, "mode": "test", "epoch": 62}
{"loss": 0.25671276450157166, "acc": 0.9018884301185608, "length": 3.6220901012420654, "mode": "train", "epoch": 63}
{"loss": 0.5023512840270996, "acc": 0.8099452257156372, "length": 3.7374300956726074, "mode": "test", "epoch": 63}
{"loss": 0.2600099444389343, "acc": 0.8961511254310608, "length": 3.633859634399414, "mode": "train", "epoch": 64}
{"loss": 0.4826098680496216, "acc": 0.8125730752944946, "length": 3.6759777069091797, "mode": "test", "epoch": 64}
{"loss": 0.2563360035419464, "acc": 0.8988587856292725, "length": 3.588921546936035, "mode": "train", "epoch": 65}
{"loss": 0.4923452138900757, "acc": 0.8167250752449036, "length": 3.698323965072632, "mode": "test", "epoch": 65}
{"loss": 0.25560644268989563, "acc": 0.9041799306869507, "length": 3.598400831222534, "mode": "train", "epoch": 66}
{"loss": 0.48520326614379883, "acc": 0.8209270238876343, "length": 3.692737340927124, "mode": "test", "epoch": 66}
{"loss": 0.24926549196243286, "acc": 0.9031097292900085, "length": 3.6268398761749268, "mode": "train", "epoch": 67}
{"loss": 0.4918740689754486, "acc": 0.811380922794342, "length": 3.698323965072632, "mode": "test", "epoch": 67}
{"loss": 0.2459283471107483, "acc": 0.9082480669021606, "length": 3.6260342597961426, "mode": "train", "epoch": 68}
{"loss": 0.478227436542511, "acc": 0.823958158493042, "length": 3.7150838375091553, "mode": "test", "epoch": 68}
{"loss": 0.25535720586776733, "acc": 0.9059938192367554, "length": 3.62628173828125, "mode": "train", "epoch": 69}
{"loss": 0.4701034426689148, "acc": 0.8183755874633789, "length": 3.698323965072632, "mode": "test", "epoch": 69}
{"loss": 0.25473493337631226, "acc": 0.9060548543930054, "length": 3.593055486679077, "mode": "train", "epoch": 70}
{"loss": 0.4674672782421112, "acc": 0.8169068098068237, "length": 3.7039105892181396, "mode": "test", "epoch": 70}
{"loss": 0.24777944386005402, "acc": 0.8971399068832397, "length": 3.603489875793457, "mode": "train", "epoch": 71}
{"loss": 0.5032229423522949, "acc": 0.8203034400939941, "length": 3.7039105892181396, "mode": "test", "epoch": 71}
{"loss": 0.2530083954334259, "acc": 0.9023723006248474, "length": 3.63700270652771, "mode": "train", "epoch": 72}
{"loss": 0.5052700042724609, "acc": 0.8251007199287415, "length": 3.692737340927124, "mode": "test", "epoch": 72}
{"loss": 0.26444193720817566, "acc": 0.9006608724594116, "length": 3.5927155017852783, "mode": "train", "epoch": 73}
{"loss": 0.4800848960876465, "acc": 0.8301072716712952, "length": 3.720670461654663, "mode": "test", "epoch": 73}
{"loss": 0.24204683303833008, "acc": 0.9067555069923401, "length": 3.6619246006011963, "mode": "train", "epoch": 74}
{"loss": 0.5122045874595642, "acc": 0.8234587907791138, "length": 3.726257085800171, "mode": "test", "epoch": 74}
{"loss": 0.24237018823623657, "acc": 0.9071965217590332, "length": 3.6708569526672363, "mode": "train", "epoch": 75}
{"loss": 0.4770624041557312, "acc": 0.831948459148407, "length": 3.7150838375091553, "mode": "test", "epoch": 75}
{"loss": 0.23454877734184265, "acc": 0.9129739999771118, "length": 3.6573433876037598, "mode": "train", "epoch": 76}
{"loss": 0.48684391379356384, "acc": 0.8265344500541687, "length": 3.7150838375091553, "mode": "test", "epoch": 76}
{"loss": 0.23705418407917023, "acc": 0.9094344973564148, "length": 3.6679086685180664, "mode": "train", "epoch": 77}
{"loss": 0.517326831817627, "acc": 0.8160415887832642, "length": 3.748603343963623, "mode": "test", "epoch": 77}
{"loss": 0.24508793652057648, "acc": 0.9119256138801575, "length": 3.7148640155792236, "mode": "train", "epoch": 78}
{"loss": 0.49877581000328064, "acc": 0.8347530961036682, "length": 3.726257085800171, "mode": "test", "epoch": 78}
{"loss": 0.23724158108234406, "acc": 0.9097018837928772, "length": 3.6598119735717773, "mode": "train", "epoch": 79}
{"loss": 0.4740849435329437, "acc": 0.8232775926589966, "length": 3.7150838375091553, "mode": "test", "epoch": 79}
{"loss": 0.23340530693531036, "acc": 0.9131539463996887, "length": 3.7002909183502197, "mode": "train", "epoch": 80}
{"loss": 0.5131058692932129, "acc": 0.8246174454689026, "length": 3.7318434715270996, "mode": "test", "epoch": 80}
{"loss": 0.22729751467704773, "acc": 0.9154652953147888, "length": 3.7087514400482178, "mode": "train", "epoch": 81}
{"loss": 0.4732447862625122, "acc": 0.8276335597038269, "length": 3.7374300956726074, "mode": "test", "epoch": 81}
{"loss": 0.22318914532661438, "acc": 0.9180012345314026, "length": 3.7216875553131104, "mode": "train", "epoch": 82}
{"loss": 0.5025503635406494, "acc": 0.8276563882827759, "length": 3.7374300956726074, "mode": "test", "epoch": 82}
{"loss": 0.22094638645648956, "acc": 0.9191489815711975, "length": 3.735579013824463, "mode": "train", "epoch": 83}
{"loss": 0.5058009028434753, "acc": 0.8170984387397766, "length": 3.7150838375091553, "mode": "test", "epoch": 83}
{"loss": 0.21780885756015778, "acc": 0.9123406410217285, "length": 3.713122844696045, "mode": "train", "epoch": 84}
{"loss": 0.4789721369743347, "acc": 0.8349234461784363, "length": 3.720670461654663, "mode": "test", "epoch": 84}
{"loss": 0.21863071620464325, "acc": 0.916773796081543, "length": 3.7280337810516357, "mode": "train", "epoch": 85}
{"loss": 0.4848642349243164, "acc": 0.8300249576568604, "length": 3.748603343963623, "mode": "test", "epoch": 85}
{"loss": 0.2163494974374771, "acc": 0.9186658263206482, "length": 3.7209341526031494, "mode": "train", "epoch": 86}
{"loss": 0.48797640204429626, "acc": 0.8336026668548584, "length": 3.754189968109131, "mode": "test", "epoch": 86}
{"loss": 0.21657072007656097, "acc": 0.916451096534729, "length": 3.719489812850952, "mode": "train", "epoch": 87}
{"loss": 0.48335933685302734, "acc": 0.8391470313072205, "length": 3.7430167198181152, "mode": "test", "epoch": 87}
{"loss": 0.2117692083120346, "acc": 0.9178023934364319, "length": 3.718825578689575, "mode": "train", "epoch": 88}
{"loss": 0.49607229232788086, "acc": 0.8398293256759644, "length": 3.7430167198181152, "mode": "test", "epoch": 88}
{"loss": 0.21753066778182983, "acc": 0.9167311191558838, "length": 3.7402703762054443, "mode": "train", "epoch": 89}
{"loss": 0.5134198665618896, "acc": 0.8338342308998108, "length": 3.7653632164001465, "mode": "test", "epoch": 89}
{"loss": 0.22083908319473267, "acc": 0.9191337823867798, "length": 3.7556304931640625, "mode": "train", "epoch": 90}
{"loss": 0.5029779672622681, "acc": 0.8340365290641785, "length": 3.776536226272583, "mode": "test", "epoch": 90}
{"loss": 0.2303093820810318, "acc": 0.9100324511528015, "length": 3.7699460983276367, "mode": "train", "epoch": 91}
{"loss": 0.5277187824249268, "acc": 0.8059313297271729, "length": 3.776536226272583, "mode": "test", "epoch": 91}
{"loss": 0.22674846649169922, "acc": 0.9111305475234985, "length": 3.771522283554077, "mode": "train", "epoch": 92}
{"loss": 0.510513961315155, "acc": 0.8346535563468933, "length": 3.804469347000122, "mode": "test", "epoch": 92}
{"loss": 0.21968822181224823, "acc": 0.9128513932228088, "length": 3.76094651222229, "mode": "train", "epoch": 93}
{"loss": 0.488598108291626, "acc": 0.8282909989356995, "length": 3.7988827228546143, "mode": "test", "epoch": 93}
{"loss": 0.2164439707994461, "acc": 0.9189804196357727, "length": 3.7959556579589844, "mode": "train", "epoch": 94}
{"loss": 0.5237622261047363, "acc": 0.8154615759849548, "length": 3.7597765922546387, "mode": "test", "epoch": 94}
{"loss": 0.21481391787528992, "acc": 0.9160733819007874, "length": 3.792595148086548, "mode": "train", "epoch": 95}
{"loss": 0.49134719371795654, "acc": 0.8355149626731873, "length": 3.8212289810180664, "mode": "test", "epoch": 95}
{"loss": 0.21177075803279877, "acc": 0.9149497747421265, "length": 3.8048038482666016, "mode": "train", "epoch": 96}
{"loss": 0.47063538432121277, "acc": 0.8394593596458435, "length": 3.8212289810180664, "mode": "test", "epoch": 96}
{"loss": 0.1935475915670395, "acc": 0.9232698678970337, "length": 3.81561279296875, "mode": "train", "epoch": 97}
{"loss": 0.49172234535217285, "acc": 0.8297467231750488, "length": 3.854748487472534, "mode": "test", "epoch": 97}
{"loss": 0.2099040299654007, "acc": 0.9187927842140198, "length": 3.8561601638793945, "mode": "train", "epoch": 98}
{"loss": 0.5650025606155396, "acc": 0.8267195820808411, "length": 3.8435754776000977, "mode": "test", "epoch": 98}
{"loss": 0.22062209248542786, "acc": 0.9158653020858765, "length": 3.8536744117736816, "mode": "train", "epoch": 99}
{"loss": 0.5410689115524292, "acc": 0.8276928663253784, "length": 3.8715083599090576, "mode": "test", "epoch": 99}
{"loss": 0.21763721108436584, "acc": 0.9173316955566406, "length": 3.8634824752807617, "mode": "train", "epoch": 100}
{"loss": 0.5091524124145508, "acc": 0.8358770608901978, "length": 3.8491621017456055, "mode": "test", "epoch": 100}
test accuracy: 0.8041352033615112
