# ["--attributes=3", "--values=4", "--game_size=4", "--vocab_size_factor=3", "--n_epochs=100", "--batch_size=32", "--learning_rate=0.001", "--hidden_size=256", "--temp_update=0.97", "--temperature=1"]
Creating train_ds and val_ds...

Creating test_ds...
{"loss": 0.7042742371559143, "acc": 0.5096209049224854, "length": 2.015718936920166, "mode": "train", "epoch": 1}
{"loss": 0.7080028057098389, "acc": 0.49843093752861023, "length": 1.0, "mode": "test", "epoch": 1}
{"loss": 0.6966319680213928, "acc": 0.5134547352790833, "length": 1.0021344423294067, "mode": "train", "epoch": 2}
{"loss": 0.6978989243507385, "acc": 0.49320080876350403, "length": 1.0, "mode": "test", "epoch": 2}
{"loss": 0.6938908100128174, "acc": 0.5143815279006958, "length": 1.0017653703689575, "mode": "train", "epoch": 3}
{"loss": 0.6995895504951477, "acc": 0.47332632541656494, "length": 1.0, "mode": "test", "epoch": 3}
{"loss": 0.6929524540901184, "acc": 0.5055950880050659, "length": 1.0567502975463867, "mode": "train", "epoch": 4}
{"loss": 0.6774239540100098, "acc": 0.5523927807807922, "length": 1.9163179397583008, "mode": "test", "epoch": 4}
{"loss": 0.6332092881202698, "acc": 0.634892463684082, "length": 2.1989192962646484, "mode": "train", "epoch": 5}
{"loss": 0.6268620491027832, "acc": 0.6538016200065613, "length": 2.3054392337799072, "mode": "test", "epoch": 5}
{"loss": 0.5947872996330261, "acc": 0.6730606555938721, "length": 2.428231716156006, "mode": "train", "epoch": 6}
{"loss": 0.5962954163551331, "acc": 0.6973249912261963, "length": 2.4686193466186523, "mode": "test", "epoch": 6}
{"loss": 0.5644735097885132, "acc": 0.7073880434036255, "length": 2.525073766708374, "mode": "train", "epoch": 7}
{"loss": 0.5549057722091675, "acc": 0.715840756893158, "length": 2.556485414505005, "mode": "test", "epoch": 7}
{"loss": 0.530304491519928, "acc": 0.723850667476654, "length": 2.642681837081909, "mode": "train", "epoch": 8}
{"loss": 0.5244482159614563, "acc": 0.7299152612686157, "length": 2.6569037437438965, "mode": "test", "epoch": 8}
{"loss": 0.5009840130805969, "acc": 0.7528389692306519, "length": 2.6998579502105713, "mode": "train", "epoch": 9}
{"loss": 0.5064769387245178, "acc": 0.7554436922073364, "length": 2.719665288925171, "mode": "test", "epoch": 9}
{"loss": 0.47376853227615356, "acc": 0.7764327526092529, "length": 2.8600032329559326, "mode": "train", "epoch": 10}
{"loss": 0.4754524827003479, "acc": 0.7811574339866638, "length": 2.9456067085266113, "mode": "test", "epoch": 10}
{"loss": 0.441797137260437, "acc": 0.7995632290840149, "length": 3.0668160915374756, "mode": "train", "epoch": 11}
{"loss": 0.4499177634716034, "acc": 0.7967759370803833, "length": 3.1464436054229736, "mode": "test", "epoch": 11}
{"loss": 0.4294276833534241, "acc": 0.8126476407051086, "length": 3.187655448913574, "mode": "train", "epoch": 12}
{"loss": 0.44503146409988403, "acc": 0.8218324780464172, "length": 3.4100418090820312, "mode": "test", "epoch": 12}
{"loss": 0.40320032835006714, "acc": 0.8233065605163574, "length": 3.4273157119750977, "mode": "train", "epoch": 13}
{"loss": 0.4337548613548279, "acc": 0.8141224980354309, "length": 3.523012638092041, "mode": "test", "epoch": 13}
{"loss": 0.39240461587905884, "acc": 0.8350170254707336, "length": 3.496397018432617, "mode": "train", "epoch": 14}
{"loss": 0.4301716089248657, "acc": 0.8190343976020813, "length": 3.523012638092041, "mode": "test", "epoch": 14}
{"loss": 0.369926780462265, "acc": 0.8425406217575073, "length": 3.573477029800415, "mode": "train", "epoch": 15}
{"loss": 0.3947567343711853, "acc": 0.8348096609115601, "length": 3.6359832286834717, "mode": "test", "epoch": 15}
{"loss": 0.34259065985679626, "acc": 0.857527494430542, "length": 3.655069351196289, "mode": "train", "epoch": 16}
{"loss": 0.38898587226867676, "acc": 0.838765025138855, "length": 3.686192512512207, "mode": "test", "epoch": 16}
{"loss": 0.32278910279273987, "acc": 0.8659999370574951, "length": 3.67082142829895, "mode": "train", "epoch": 17}
{"loss": 0.37077653408050537, "acc": 0.8341984152793884, "length": 3.7740585803985596, "mode": "test", "epoch": 17}
{"loss": 0.31217893958091736, "acc": 0.8711875677108765, "length": 3.7292890548706055, "mode": "train", "epoch": 18}
{"loss": 0.3706832826137543, "acc": 0.8510569930076599, "length": 3.7740585803985596, "mode": "test", "epoch": 18}
{"loss": 0.30777111649513245, "acc": 0.8742703199386597, "length": 3.7078933715820312, "mode": "train", "epoch": 19}
{"loss": 0.36573609709739685, "acc": 0.8414422869682312, "length": 3.7866108417510986, "mode": "test", "epoch": 19}
{"loss": 0.2851296067237854, "acc": 0.8804107904434204, "length": 3.7382614612579346, "mode": "train", "epoch": 20}
{"loss": 0.3636978566646576, "acc": 0.8595679402351379, "length": 3.7866108417510986, "mode": "test", "epoch": 20}
{"loss": 0.2850714921951294, "acc": 0.8817458152770996, "length": 3.776850700378418, "mode": "train", "epoch": 21}
{"loss": 0.3327779173851013, "acc": 0.8614344000816345, "length": 3.8912134170532227, "mode": "test", "epoch": 21}
{"loss": 0.2799977958202362, "acc": 0.8909291625022888, "length": 3.8500969409942627, "mode": "train", "epoch": 22}
{"loss": 0.36158519983291626, "acc": 0.8638207316398621, "length": 3.8661088943481445, "mode": "test", "epoch": 22}
{"loss": 0.27496084570884705, "acc": 0.8918348550796509, "length": 3.9265506267547607, "mode": "train", "epoch": 23}
{"loss": 0.3712882399559021, "acc": 0.8566945195198059, "length": 4.0, "mode": "test", "epoch": 23}
{"loss": 0.2739957869052887, "acc": 0.8872573375701904, "length": 3.995187759399414, "mode": "train", "epoch": 24}
{"loss": 0.37167924642562866, "acc": 0.851464569568634, "length": 4.0, "mode": "test", "epoch": 24}
{"loss": 0.2709740698337555, "acc": 0.88847815990448, "length": 3.9989283084869385, "mode": "train", "epoch": 25}
{"loss": 0.3319960832595825, "acc": 0.8577406406402588, "length": 4.0, "mode": "test", "epoch": 25}
{"loss": 0.2600969970226288, "acc": 0.8962866067886353, "length": 3.993776559829712, "mode": "train", "epoch": 26}
{"loss": 0.3364054560661316, "acc": 0.8572177290916443, "length": 4.0, "mode": "test", "epoch": 26}
{"loss": 0.25773561000823975, "acc": 0.895668089389801, "length": 3.9975342750549316, "mode": "train", "epoch": 27}
{"loss": 0.32059165835380554, "acc": 0.8702930212020874, "length": 4.0, "mode": "test", "epoch": 27}
{"loss": 0.25075528025627136, "acc": 0.9016417264938354, "length": 3.9995102882385254, "mode": "train", "epoch": 28}
{"loss": 0.32880041003227234, "acc": 0.8634938597679138, "length": 4.0, "mode": "test", "epoch": 28}
{"loss": 0.2517092823982239, "acc": 0.8962084650993347, "length": 3.9997048377990723, "mode": "train", "epoch": 29}
{"loss": 0.32223090529441833, "acc": 0.8645396828651428, "length": 4.0, "mode": "test", "epoch": 29}
{"loss": 0.24781785905361176, "acc": 0.9027735590934753, "length": 3.9954006671905518, "mode": "train", "epoch": 30}
{"loss": 0.33322080969810486, "acc": 0.8629706501960754, "length": 4.0, "mode": "test", "epoch": 30}
{"loss": 0.25437381863594055, "acc": 0.9042376279830933, "length": 3.9985296726226807, "mode": "train", "epoch": 31}
{"loss": 0.31575262546539307, "acc": 0.8739540576934814, "length": 4.0, "mode": "test", "epoch": 31}
{"loss": 0.23786412179470062, "acc": 0.9026952981948853, "length": 3.999660015106201, "mode": "train", "epoch": 32}
{"loss": 0.336294949054718, "acc": 0.8676778674125671, "length": 4.0, "mode": "test", "epoch": 32}
{"loss": 0.23482680320739746, "acc": 0.9081191420555115, "length": 3.9964773654937744, "mode": "train", "epoch": 33}
{"loss": 0.3246491551399231, "acc": 0.8729079961776733, "length": 4.0, "mode": "test", "epoch": 33}
{"loss": 0.2362760454416275, "acc": 0.9087855815887451, "length": 3.9978106021881104, "mode": "train", "epoch": 34}
{"loss": 0.3223321735858917, "acc": 0.8776151537895203, "length": 4.0, "mode": "test", "epoch": 34}
{"loss": 0.22712281346321106, "acc": 0.9076083302497864, "length": 3.9998390674591064, "mode": "train", "epoch": 35}
{"loss": 0.3229601979255676, "acc": 0.8817991614341736, "length": 4.0, "mode": "test", "epoch": 35}
{"loss": 0.23662596940994263, "acc": 0.9012370705604553, "length": 3.996821641921997, "mode": "train", "epoch": 36}
{"loss": 0.3334363102912903, "acc": 0.8791841268539429, "length": 4.0, "mode": "test", "epoch": 36}
{"loss": 0.22936628758907318, "acc": 0.9079576134681702, "length": 3.999866008758545, "mode": "train", "epoch": 37}
{"loss": 0.3101331889629364, "acc": 0.880753219127655, "length": 4.0, "mode": "test", "epoch": 37}
{"loss": 0.229294091463089, "acc": 0.908132016658783, "length": 3.999835729598999, "mode": "train", "epoch": 38}
{"loss": 0.3128736913204193, "acc": 0.8838911652565002, "length": 4.0, "mode": "test", "epoch": 38}
{"loss": 0.24227643013000488, "acc": 0.9062052369117737, "length": 3.9999547004699707, "mode": "train", "epoch": 39}
{"loss": 0.3483025133609772, "acc": 0.8713389039039612, "length": 4.0, "mode": "test", "epoch": 39}
{"loss": 0.24879010021686554, "acc": 0.9032249450683594, "length": 3.999953031539917, "mode": "train", "epoch": 40}
{"loss": 0.3351745307445526, "acc": 0.8650628328323364, "length": 4.0, "mode": "test", "epoch": 40}
{"loss": 0.2527027428150177, "acc": 0.8986673355102539, "length": 3.999945640563965, "mode": "train", "epoch": 41}
{"loss": 0.30453231930732727, "acc": 0.87813800573349, "length": 4.0, "mode": "test", "epoch": 41}
{"loss": 0.230853870511055, "acc": 0.9097068309783936, "length": 3.998563289642334, "mode": "train", "epoch": 42}
{"loss": 0.2783481478691101, "acc": 0.8969665765762329, "length": 4.0, "mode": "test", "epoch": 42}
{"loss": 0.22007177770137787, "acc": 0.9118159413337708, "length": 3.999976634979248, "mode": "train", "epoch": 43}
{"loss": 0.29742002487182617, "acc": 0.8880753517150879, "length": 4.0, "mode": "test", "epoch": 43}
{"loss": 0.21805475652217865, "acc": 0.913569450378418, "length": 3.9999897480010986, "mode": "train", "epoch": 44}
{"loss": 0.28609898686408997, "acc": 0.887029230594635, "length": 4.0, "mode": "test", "epoch": 44}
{"loss": 0.21869073808193207, "acc": 0.9140719175338745, "length": 3.9987940788269043, "mode": "train", "epoch": 45}
{"loss": 0.2866097390651703, "acc": 0.8859832286834717, "length": 4.0, "mode": "test", "epoch": 45}
{"loss": 0.23007743060588837, "acc": 0.9065563678741455, "length": 3.9999701976776123, "mode": "train", "epoch": 46}
{"loss": 0.31484878063201904, "acc": 0.8880752325057983, "length": 4.0, "mode": "test", "epoch": 46}
{"loss": 0.22710195183753967, "acc": 0.9149705767631531, "length": 3.999922037124634, "mode": "train", "epoch": 47}
{"loss": 0.29977571964263916, "acc": 0.898012638092041, "length": 4.0, "mode": "test", "epoch": 47}
{"loss": 0.2226140797138214, "acc": 0.9090092778205872, "length": 3.9998674392700195, "mode": "train", "epoch": 48}
{"loss": 0.28790056705474854, "acc": 0.8896443247795105, "length": 4.0, "mode": "test", "epoch": 48}
{"loss": 0.2150271236896515, "acc": 0.9181267619132996, "length": 3.9997003078460693, "mode": "train", "epoch": 49}
{"loss": 0.28318360447883606, "acc": 0.8990585207939148, "length": 4.0, "mode": "test", "epoch": 49}
{"loss": 0.2287781536579132, "acc": 0.9091828465461731, "length": 3.9995715618133545, "mode": "train", "epoch": 50}
{"loss": 0.3105188310146332, "acc": 0.8750000596046448, "length": 4.0, "mode": "test", "epoch": 50}
{"loss": 0.24842630326747894, "acc": 0.899894654750824, "length": 3.9999794960021973, "mode": "train", "epoch": 51}
{"loss": 0.3169634938240051, "acc": 0.8859833478927612, "length": 4.0, "mode": "test", "epoch": 51}
{"loss": 0.2319674789905548, "acc": 0.907082736492157, "length": 3.99999737739563, "mode": "train", "epoch": 52}
{"loss": 0.2947361469268799, "acc": 0.8927825093269348, "length": 4.0, "mode": "test", "epoch": 52}
{"loss": 0.2207203507423401, "acc": 0.915497362613678, "length": 3.9999678134918213, "mode": "train", "epoch": 53}
{"loss": 0.3006410002708435, "acc": 0.8969666361808777, "length": 4.0, "mode": "test", "epoch": 53}
{"loss": 0.21263650059700012, "acc": 0.9198749661445618, "length": 3.999614715576172, "mode": "train", "epoch": 54}
{"loss": 0.3057100772857666, "acc": 0.8943514227867126, "length": 4.0, "mode": "test", "epoch": 54}
{"loss": 0.21325461566448212, "acc": 0.9177770018577576, "length": 3.999997615814209, "mode": "train", "epoch": 55}
{"loss": 0.3028871715068817, "acc": 0.8943515419960022, "length": 4.0, "mode": "test", "epoch": 55}
{"loss": 0.21442517638206482, "acc": 0.9147942662239075, "length": 3.9996819496154785, "mode": "train", "epoch": 56}
{"loss": 0.2976521849632263, "acc": 0.889121413230896, "length": 4.0, "mode": "test", "epoch": 56}
{"loss": 0.20995479822158813, "acc": 0.9209325909614563, "length": 3.9999985694885254, "mode": "train", "epoch": 57}
{"loss": 0.28791818022727966, "acc": 0.8995816707611084, "length": 4.0, "mode": "test", "epoch": 57}
{"loss": 0.21301966905593872, "acc": 0.9202314019203186, "length": 3.9999961853027344, "mode": "train", "epoch": 58}
{"loss": 0.3012734651565552, "acc": 0.8969664573669434, "length": 4.0, "mode": "test", "epoch": 58}
{"loss": 0.20676246285438538, "acc": 0.9195312857627869, "length": 3.999704122543335, "mode": "train", "epoch": 59}
{"loss": 0.2999880909919739, "acc": 0.8995816111564636, "length": 4.0, "mode": "test", "epoch": 59}
{"loss": 0.20304054021835327, "acc": 0.9219845533370972, "length": 3.9999985694885254, "mode": "train", "epoch": 60}
{"loss": 0.29380354285240173, "acc": 0.8990586400032043, "length": 4.0, "mode": "test", "epoch": 60}
{"loss": 0.19919970631599426, "acc": 0.924789547920227, "length": 3.9999947547912598, "mode": "train", "epoch": 61}
{"loss": 0.30413100123405457, "acc": 0.9001046419143677, "length": 4.0, "mode": "test", "epoch": 61}
{"loss": 0.19220636785030365, "acc": 0.9254904389381409, "length": 3.999962568283081, "mode": "train", "epoch": 62}
{"loss": 0.2871231734752655, "acc": 0.9053345918655396, "length": 4.0, "mode": "test", "epoch": 62}
{"loss": 0.2044619470834732, "acc": 0.9261897206306458, "length": 3.999910593032837, "mode": "train", "epoch": 63}
{"loss": 0.28693971037864685, "acc": 0.8990585207939148, "length": 4.0, "mode": "test", "epoch": 63}
{"loss": 0.1975744068622589, "acc": 0.922156810760498, "length": 3.9997353553771973, "mode": "train", "epoch": 64}
{"loss": 0.2989146411418915, "acc": 0.8938285112380981, "length": 4.0, "mode": "test", "epoch": 64}
{"loss": 0.18671110272407532, "acc": 0.9279424548149109, "length": 3.999479293823242, "mode": "train", "epoch": 65}
{"loss": 0.2736262381076813, "acc": 0.8953974843025208, "length": 4.0, "mode": "test", "epoch": 65}
{"loss": 0.18867862224578857, "acc": 0.9275907278060913, "length": 3.9989867210388184, "mode": "train", "epoch": 66}
{"loss": 0.27384883165359497, "acc": 0.9063807129859924, "length": 4.0, "mode": "test", "epoch": 66}
{"loss": 0.19627664983272552, "acc": 0.926367461681366, "length": 3.9999892711639404, "mode": "train", "epoch": 67}
{"loss": 0.30567467212677, "acc": 0.8964436650276184, "length": 4.0, "mode": "test", "epoch": 67}
{"loss": 0.19960880279541016, "acc": 0.9237370491027832, "length": 3.9998459815979004, "mode": "train", "epoch": 68}
{"loss": 0.2988542914390564, "acc": 0.8969665169715881, "length": 4.0, "mode": "test", "epoch": 68}
{"loss": 0.1947750598192215, "acc": 0.9281207323074341, "length": 3.9999969005584717, "mode": "train", "epoch": 69}
{"loss": 0.30277732014656067, "acc": 0.9001046419143677, "length": 4.0, "mode": "test", "epoch": 69}
{"loss": 0.20497432351112366, "acc": 0.9261921644210815, "length": 3.99999737739563, "mode": "train", "epoch": 70}
{"loss": 0.2740813195705414, "acc": 0.8985355496406555, "length": 4.0, "mode": "test", "epoch": 70}
{"loss": 0.2001214474439621, "acc": 0.9267179369926453, "length": 3.9999923706054688, "mode": "train", "epoch": 71}
{"loss": 0.2678891122341156, "acc": 0.9084728956222534, "length": 4.0, "mode": "test", "epoch": 71}
{"loss": 0.18839167058467865, "acc": 0.9307498931884766, "length": 3.99998140335083, "mode": "train", "epoch": 72}
{"loss": 0.2758335471153259, "acc": 0.9048117995262146, "length": 4.0, "mode": "test", "epoch": 72}
{"loss": 0.17923226952552795, "acc": 0.9298673272132874, "length": 3.999723434448242, "mode": "train", "epoch": 73}
{"loss": 0.2759208083152771, "acc": 0.912656843662262, "length": 4.0, "mode": "test", "epoch": 73}
{"loss": 0.17312617599964142, "acc": 0.9347826242446899, "length": 3.999997854232788, "mode": "train", "epoch": 74}
{"loss": 0.2633212208747864, "acc": 0.9084727168083191, "length": 4.0, "mode": "test", "epoch": 74}
{"loss": 0.18780547380447388, "acc": 0.9330294728279114, "length": 3.9999985694885254, "mode": "train", "epoch": 75}
{"loss": 0.25510382652282715, "acc": 0.9163180589675903, "length": 4.0, "mode": "test", "epoch": 75}
{"loss": 0.1837698072195053, "acc": 0.9296985268592834, "length": 3.9999990463256836, "mode": "train", "epoch": 76}
{"loss": 0.2580515742301941, "acc": 0.9131799936294556, "length": 4.0, "mode": "test", "epoch": 76}
{"loss": 0.1795646697282791, "acc": 0.9323281645774841, "length": 4.0, "mode": "train", "epoch": 77}
{"loss": 0.2768898010253906, "acc": 0.9032427072525024, "length": 4.0, "mode": "test", "epoch": 77}
{"loss": 0.17693594098091125, "acc": 0.9328541159629822, "length": 3.9999992847442627, "mode": "train", "epoch": 78}
{"loss": 0.2787935137748718, "acc": 0.904811680316925, "length": 4.0, "mode": "test", "epoch": 78}
{"loss": 0.17460495233535767, "acc": 0.9339056015014648, "length": 3.9999892711639404, "mode": "train", "epoch": 79}
{"loss": 0.27349257469177246, "acc": 0.9163179397583008, "length": 4.0, "mode": "test", "epoch": 79}
{"loss": 0.17889614403247833, "acc": 0.9349579215049744, "length": 3.999999761581421, "mode": "train", "epoch": 80}
{"loss": 0.2788436710834503, "acc": 0.9121339321136475, "length": 4.0, "mode": "test", "epoch": 80}
{"loss": 0.1832224577665329, "acc": 0.9295229911804199, "length": 3.999993085861206, "mode": "train", "epoch": 81}
{"loss": 0.2964625656604767, "acc": 0.8985356092453003, "length": 4.0, "mode": "test", "epoch": 81}
{"loss": 0.18188804388046265, "acc": 0.930925726890564, "length": 3.9999990463256836, "mode": "train", "epoch": 82}
{"loss": 0.28651705384254456, "acc": 0.9048117399215698, "length": 4.0, "mode": "test", "epoch": 82}
{"loss": 0.19264686107635498, "acc": 0.9274192452430725, "length": 3.999997615814209, "mode": "train", "epoch": 83}
{"loss": 0.3025209307670593, "acc": 0.8990585207939148, "length": 4.0, "mode": "test", "epoch": 83}
{"loss": 0.18101178109645844, "acc": 0.9307502508163452, "length": 3.9999992847442627, "mode": "train", "epoch": 84}
{"loss": 0.26115474104881287, "acc": 0.9074267148971558, "length": 4.0, "mode": "test", "epoch": 84}
{"loss": 0.17459321022033691, "acc": 0.9330293536186218, "length": 3.999995231628418, "mode": "train", "epoch": 85}
{"loss": 0.2732222378253937, "acc": 0.9137029647827148, "length": 4.0, "mode": "test", "epoch": 85}
{"loss": 0.16926158964633942, "acc": 0.9360097050666809, "length": 3.999995231628418, "mode": "train", "epoch": 86}
{"loss": 0.27771836519241333, "acc": 0.8980124592781067, "length": 4.0, "mode": "test", "epoch": 86}
{"loss": 0.1702929139137268, "acc": 0.9316269159317017, "length": 3.9999990463256836, "mode": "train", "epoch": 87}
{"loss": 0.27103257179260254, "acc": 0.9027196168899536, "length": 4.0, "mode": "test", "epoch": 87}
{"loss": 0.1799551397562027, "acc": 0.9293477535247803, "length": 3.9999992847442627, "mode": "train", "epoch": 88}
{"loss": 0.2989247739315033, "acc": 0.8896442651748657, "length": 4.0, "mode": "test", "epoch": 88}
{"loss": 0.17362220585346222, "acc": 0.9314516186714172, "length": 3.9999985694885254, "mode": "train", "epoch": 89}
{"loss": 0.25059762597084045, "acc": 0.904288649559021, "length": 4.0, "mode": "test", "epoch": 89}
{"loss": 0.1714075207710266, "acc": 0.9354838728904724, "length": 3.999999761581421, "mode": "train", "epoch": 90}
{"loss": 0.25236833095550537, "acc": 0.9105647206306458, "length": 4.0, "mode": "test", "epoch": 90}
{"loss": 0.16429966688156128, "acc": 0.9360098242759705, "length": 4.0, "mode": "train", "epoch": 91}
{"loss": 0.25849783420562744, "acc": 0.9105648994445801, "length": 4.0, "mode": "test", "epoch": 91}
{"loss": 0.16770808398723602, "acc": 0.9342566728591919, "length": 4.0, "mode": "train", "epoch": 92}
{"loss": 0.2672528624534607, "acc": 0.913179874420166, "length": 4.0, "mode": "test", "epoch": 92}
{"loss": 0.16852609813213348, "acc": 0.935133159160614, "length": 4.0, "mode": "train", "epoch": 93}
{"loss": 0.2590758502483368, "acc": 0.906380832195282, "length": 4.0, "mode": "test", "epoch": 93}
{"loss": 0.1606503427028656, "acc": 0.9379382729530334, "length": 3.999999761581421, "mode": "train", "epoch": 94}
{"loss": 0.24757453799247742, "acc": 0.9205019474029541, "length": 4.0, "mode": "test", "epoch": 94}
{"loss": 0.16144418716430664, "acc": 0.9398666620254517, "length": 4.0, "mode": "train", "epoch": 95}
{"loss": 0.2661721110343933, "acc": 0.9163179397583008, "length": 4.0, "mode": "test", "epoch": 95}
{"loss": 0.1602853238582611, "acc": 0.9412692785263062, "length": 3.9999990463256836, "mode": "train", "epoch": 96}
{"loss": 0.26980042457580566, "acc": 0.9168410897254944, "length": 4.0, "mode": "test", "epoch": 96}
{"loss": 0.1549656093120575, "acc": 0.9416197538375854, "length": 3.9999918937683105, "mode": "train", "epoch": 97}
{"loss": 0.2545267641544342, "acc": 0.9194561243057251, "length": 4.0, "mode": "test", "epoch": 97}
{"loss": 0.16589412093162537, "acc": 0.9363604784011841, "length": 4.0, "mode": "train", "epoch": 98}
{"loss": 0.2525395154953003, "acc": 0.915272057056427, "length": 4.0, "mode": "test", "epoch": 98}
{"loss": 0.16414427757263184, "acc": 0.9335554242134094, "length": 3.9999985694885254, "mode": "train", "epoch": 99}
{"loss": 0.26004788279533386, "acc": 0.9095187783241272, "length": 4.0, "mode": "test", "epoch": 99}
{"loss": 0.16771166026592255, "acc": 0.9353054761886597, "length": 3.999891757965088, "mode": "train", "epoch": 100}
{"loss": 0.262885719537735, "acc": 0.9105648994445801, "length": 4.0, "mode": "test", "epoch": 100}
test accuracy: 0.7409273982048035
