# ["--attributes=3", "--values=3", "--game_size=3", "--vocab_size_factor=3", "--n_epochs=100", "--batch_size=32", "--learning_rate=0.0005", "--hidden_size=256", "--temp_update=0.97", "--temperature=2"]
Creating train_ds and val_ds...

Creating test_ds...
{"loss": 0.7086368203163147, "acc": 0.5014574527740479, "length": 3.5337462425231934, "mode": "train", "epoch": 1}
{"loss": 0.7042404413223267, "acc": 0.4491870105266571, "length": 1.0, "mode": "test", "epoch": 1}
{"loss": 0.7061771750450134, "acc": 0.5099610686302185, "length": 3.361058473587036, "mode": "train", "epoch": 2}
{"loss": 0.7045028209686279, "acc": 0.5060975551605225, "length": 1.0, "mode": "test", "epoch": 2}
{"loss": 0.6993340849876404, "acc": 0.5136723518371582, "length": 2.910583019256592, "mode": "train", "epoch": 3}
{"loss": 0.7072042226791382, "acc": 0.47560974955558777, "length": 1.0, "mode": "test", "epoch": 3}
{"loss": 0.6930336952209473, "acc": 0.5189914107322693, "length": 2.0227603912353516, "mode": "train", "epoch": 4}
{"loss": 0.7001661062240601, "acc": 0.4451219141483307, "length": 1.0, "mode": "test", "epoch": 4}
{"loss": 0.6864263415336609, "acc": 0.5416143536567688, "length": 1.7670094966888428, "mode": "train", "epoch": 5}
{"loss": 0.7056139707565308, "acc": 0.47034502029418945, "length": 1.1097561120986938, "mode": "test", "epoch": 5}
{"loss": 0.6627067923545837, "acc": 0.610170841217041, "length": 2.3144047260284424, "mode": "train", "epoch": 6}
{"loss": 0.6377583742141724, "acc": 0.6396228671073914, "length": 2.5, "mode": "test", "epoch": 6}
{"loss": 0.6133590936660767, "acc": 0.6776152849197388, "length": 2.4621148109436035, "mode": "train", "epoch": 7}
{"loss": 0.6011898517608643, "acc": 0.7005349397659302, "length": 2.7926828861236572, "mode": "test", "epoch": 7}
{"loss": 0.5705795288085938, "acc": 0.7239969968795776, "length": 2.612083911895752, "mode": "train", "epoch": 8}
{"loss": 0.5944197177886963, "acc": 0.709264874458313, "length": 2.9024391174316406, "mode": "test", "epoch": 8}
{"loss": 0.5383358001708984, "acc": 0.7454309463500977, "length": 2.701247215270996, "mode": "train", "epoch": 9}
{"loss": 0.5869688987731934, "acc": 0.7111915946006775, "length": 2.97560977935791, "mode": "test", "epoch": 9}
{"loss": 0.5148611068725586, "acc": 0.7756336331367493, "length": 2.8254923820495605, "mode": "train", "epoch": 10}
{"loss": 0.5415868759155273, "acc": 0.7497884035110474, "length": 3.0853657722473145, "mode": "test", "epoch": 10}
{"loss": 0.4873140752315521, "acc": 0.7864738702774048, "length": 2.8794572353363037, "mode": "train", "epoch": 11}
{"loss": 0.5100623369216919, "acc": 0.7657026648521423, "length": 3.0487804412841797, "mode": "test", "epoch": 11}
{"loss": 0.4605989158153534, "acc": 0.8107849359512329, "length": 2.865821123123169, "mode": "train", "epoch": 12}
{"loss": 0.48971492052078247, "acc": 0.7838753461837769, "length": 3.0853657722473145, "mode": "test", "epoch": 12}
{"loss": 0.4308033883571625, "acc": 0.8247994780540466, "length": 2.9191675186157227, "mode": "train", "epoch": 13}
{"loss": 0.4978114366531372, "acc": 0.7863948941230774, "length": 3.0487804412841797, "mode": "test", "epoch": 13}
{"loss": 0.40181276202201843, "acc": 0.8309203386306763, "length": 3.0036401748657227, "mode": "train", "epoch": 14}
{"loss": 0.4569595456123352, "acc": 0.7923300266265869, "length": 3.0853657722473145, "mode": "test", "epoch": 14}
{"loss": 0.3753592371940613, "acc": 0.8451724648475647, "length": 2.9432547092437744, "mode": "train", "epoch": 15}
{"loss": 0.4666641354560852, "acc": 0.7936003804206848, "length": 3.0853657722473145, "mode": "test", "epoch": 15}
{"loss": 0.3733591139316559, "acc": 0.8392471075057983, "length": 3.04618763923645, "mode": "train", "epoch": 16}
{"loss": 0.4530758857727051, "acc": 0.8053014874458313, "length": 3.0853657722473145, "mode": "test", "epoch": 16}
{"loss": 0.35878023505210876, "acc": 0.8499295115470886, "length": 3.0387837886810303, "mode": "train", "epoch": 17}
{"loss": 0.4707832932472229, "acc": 0.7932193279266357, "length": 3.121951103210449, "mode": "test", "epoch": 17}
{"loss": 0.3404993414878845, "acc": 0.8524138927459717, "length": 3.1729092597961426, "mode": "train", "epoch": 18}
{"loss": 0.4670533537864685, "acc": 0.8002485036849976, "length": 3.158536672592163, "mode": "test", "epoch": 18}
{"loss": 0.34110575914382935, "acc": 0.8530235886573792, "length": 3.1159002780914307, "mode": "train", "epoch": 19}
{"loss": 0.44131362438201904, "acc": 0.8069811463356018, "length": 3.121951103210449, "mode": "test", "epoch": 19}
{"loss": 0.3127242922782898, "acc": 0.8656997084617615, "length": 3.1786179542541504, "mode": "train", "epoch": 20}
{"loss": 0.45860299468040466, "acc": 0.7972914576530457, "length": 3.121951103210449, "mode": "test", "epoch": 20}
{"loss": 0.29631033539772034, "acc": 0.8767486810684204, "length": 3.144556760787964, "mode": "train", "epoch": 21}
{"loss": 0.4249412417411804, "acc": 0.8160428404808044, "length": 3.2682926654815674, "mode": "test", "epoch": 21}
{"loss": 0.2932094633579254, "acc": 0.8791432976722717, "length": 3.3699750900268555, "mode": "train", "epoch": 22}
{"loss": 0.4204798936843872, "acc": 0.8310115337371826, "length": 3.121951103210449, "mode": "test", "epoch": 22}
{"loss": 0.2805609405040741, "acc": 0.8842312097549438, "length": 3.270822048187256, "mode": "train", "epoch": 23}
{"loss": 0.38548749685287476, "acc": 0.8388381600379944, "length": 3.121951103210449, "mode": "test", "epoch": 23}
{"loss": 0.2602550685405731, "acc": 0.8945765495300293, "length": 3.326662302017212, "mode": "train", "epoch": 24}
{"loss": 0.40375539660453796, "acc": 0.8393462300300598, "length": 3.304877996444702, "mode": "test", "epoch": 24}
{"loss": 0.2578132152557373, "acc": 0.8976678252220154, "length": 3.2979142665863037, "mode": "train", "epoch": 25}
{"loss": 0.3975656032562256, "acc": 0.8525999188423157, "length": 3.341463327407837, "mode": "test", "epoch": 25}
{"loss": 0.24186795949935913, "acc": 0.9027495980262756, "length": 3.4463586807250977, "mode": "train", "epoch": 26}
{"loss": 0.39135682582855225, "acc": 0.8397485613822937, "length": 3.378048896789551, "mode": "test", "epoch": 26}
{"loss": 0.25985580682754517, "acc": 0.8990434408187866, "length": 3.479370594024658, "mode": "train", "epoch": 27}
{"loss": 0.4332031011581421, "acc": 0.8469258546829224, "length": 3.378048896789551, "mode": "test", "epoch": 27}
{"loss": 0.2512768805027008, "acc": 0.9008077383041382, "length": 3.4521737098693848, "mode": "train", "epoch": 28}
{"loss": 0.41094255447387695, "acc": 0.8426702618598938, "length": 3.378048896789551, "mode": "test", "epoch": 28}
{"loss": 0.2603434920310974, "acc": 0.9008553624153137, "length": 3.4021849632263184, "mode": "train", "epoch": 29}
{"loss": 0.4390336275100708, "acc": 0.8396284580230713, "length": 3.341463327407837, "mode": "test", "epoch": 29}
{"loss": 0.21944305300712585, "acc": 0.9123928546905518, "length": 3.4616570472717285, "mode": "train", "epoch": 30}
{"loss": 0.3915330767631531, "acc": 0.8493677377700806, "length": 3.4512195587158203, "mode": "test", "epoch": 30}
{"loss": 0.22948525846004486, "acc": 0.9142269492149353, "length": 3.5279834270477295, "mode": "train", "epoch": 31}
{"loss": 0.39940759539604187, "acc": 0.8491277694702148, "length": 3.378048896789551, "mode": "test", "epoch": 31}
{"loss": 0.22119824588298798, "acc": 0.9140714406967163, "length": 3.480753183364868, "mode": "train", "epoch": 32}
{"loss": 0.36573487520217896, "acc": 0.8444064259529114, "length": 3.4146342277526855, "mode": "test", "epoch": 32}
{"loss": 0.21768775582313538, "acc": 0.9163898229598999, "length": 3.426375150680542, "mode": "train", "epoch": 33}
{"loss": 0.4061046242713928, "acc": 0.8419292569160461, "length": 3.378048896789551, "mode": "test", "epoch": 33}
{"loss": 0.21416309475898743, "acc": 0.9099519848823547, "length": 3.5466971397399902, "mode": "train", "epoch": 34}
{"loss": 0.37338173389434814, "acc": 0.8465657830238342, "length": 3.5609755516052246, "mode": "test", "epoch": 34}
{"loss": 0.20723956823349, "acc": 0.9218016862869263, "length": 3.562030792236328, "mode": "train", "epoch": 35}
{"loss": 0.4131777286529541, "acc": 0.8516259789466858, "length": 3.52439022064209, "mode": "test", "epoch": 35}
{"loss": 0.20746125280857086, "acc": 0.9188607931137085, "length": 3.5314269065856934, "mode": "train", "epoch": 36}
{"loss": 0.4227404296398163, "acc": 0.8494453430175781, "length": 3.4146342277526855, "mode": "test", "epoch": 36}
{"loss": 0.19943593442440033, "acc": 0.9205232858657837, "length": 3.513200521469116, "mode": "train", "epoch": 37}
{"loss": 0.3962450623512268, "acc": 0.8430301547050476, "length": 3.5609755516052246, "mode": "test", "epoch": 37}
{"loss": 0.20091387629508972, "acc": 0.9197284579277039, "length": 3.6149842739105225, "mode": "train", "epoch": 38}
{"loss": 0.36052221059799194, "acc": 0.8636729717254639, "length": 3.5609755516052246, "mode": "test", "epoch": 38}
{"loss": 0.1899990737438202, "acc": 0.9239139556884766, "length": 3.5959670543670654, "mode": "train", "epoch": 39}
{"loss": 0.39581161737442017, "acc": 0.8523176312446594, "length": 3.5609755516052246, "mode": "test", "epoch": 39}
{"loss": 0.19840112328529358, "acc": 0.9203675985336304, "length": 3.6650514602661133, "mode": "train", "epoch": 40}
{"loss": 0.41450923681259155, "acc": 0.8401930928230286, "length": 3.670731782913208, "mode": "test", "epoch": 40}
{"loss": 0.18601295351982117, "acc": 0.9326640367507935, "length": 3.708112955093384, "mode": "train", "epoch": 41}
{"loss": 0.407299280166626, "acc": 0.848796010017395, "length": 3.6341464519500732, "mode": "test", "epoch": 41}
{"loss": 0.1816103458404541, "acc": 0.9317116737365723, "length": 3.7171525955200195, "mode": "train", "epoch": 42}
{"loss": 0.38898155093193054, "acc": 0.870610237121582, "length": 3.6341464519500732, "mode": "test", "epoch": 42}
{"loss": 0.18793998658657074, "acc": 0.9321950078010559, "length": 3.8218696117401123, "mode": "train", "epoch": 43}
{"loss": 0.3925376832485199, "acc": 0.8610262870788574, "length": 3.817073106765747, "mode": "test", "epoch": 43}
{"loss": 0.16692960262298584, "acc": 0.9364944100379944, "length": 3.848151445388794, "mode": "train", "epoch": 44}
{"loss": 0.40074747800827026, "acc": 0.8655079007148743, "length": 3.670731782913208, "mode": "test", "epoch": 44}
{"loss": 0.1692592203617096, "acc": 0.928159236907959, "length": 3.8393313884735107, "mode": "train", "epoch": 45}
{"loss": 0.4031161069869995, "acc": 0.8588245511054993, "length": 3.817073106765747, "mode": "test", "epoch": 45}
{"loss": 0.1594575047492981, "acc": 0.9386280179023743, "length": 3.854433298110962, "mode": "train", "epoch": 46}
{"loss": 0.4198882281780243, "acc": 0.8518446683883667, "length": 3.817073106765747, "mode": "test", "epoch": 46}
{"loss": 0.15845641493797302, "acc": 0.9426915645599365, "length": 3.8512964248657227, "mode": "train", "epoch": 47}
{"loss": 0.42633694410324097, "acc": 0.8514354825019836, "length": 3.9634146690368652, "mode": "test", "epoch": 47}
{"loss": 0.17200274765491486, "acc": 0.9422345757484436, "length": 3.8795371055603027, "mode": "train", "epoch": 48}
{"loss": 0.40391987562179565, "acc": 0.857723593711853, "length": 4.0, "mode": "test", "epoch": 48}
{"loss": 0.16049201786518097, "acc": 0.9384447932243347, "length": 3.9579663276672363, "mode": "train", "epoch": 49}
{"loss": 0.4016861617565155, "acc": 0.8699186444282532, "length": 4.0, "mode": "test", "epoch": 49}
{"loss": 0.1640830636024475, "acc": 0.9397361278533936, "length": 3.9722914695739746, "mode": "train", "epoch": 50}
{"loss": 0.38731440901756287, "acc": 0.8678862452507019, "length": 4.0, "mode": "test", "epoch": 50}
{"loss": 0.15100961923599243, "acc": 0.9417070150375366, "length": 3.9601809978485107, "mode": "train", "epoch": 51}
{"loss": 0.402288019657135, "acc": 0.8760161995887756, "length": 4.0, "mode": "test", "epoch": 51}
{"loss": 0.14576517045497894, "acc": 0.9458997249603271, "length": 3.983126640319824, "mode": "train", "epoch": 52}
{"loss": 0.3852725923061371, "acc": 0.857723593711853, "length": 4.0, "mode": "test", "epoch": 52}
{"loss": 0.14908801019191742, "acc": 0.9455124139785767, "length": 3.969831705093384, "mode": "train", "epoch": 53}
{"loss": 0.41128724813461304, "acc": 0.8536586165428162, "length": 4.0, "mode": "test", "epoch": 53}
{"loss": 0.12210730463266373, "acc": 0.956871747970581, "length": 3.981274127960205, "mode": "train", "epoch": 54}
{"loss": 0.4168413579463959, "acc": 0.8617886900901794, "length": 4.0, "mode": "test", "epoch": 54}
{"loss": 0.15263622999191284, "acc": 0.9434676170349121, "length": 3.99578595161438, "mode": "train", "epoch": 55}
{"loss": 0.3766384720802307, "acc": 0.8617886900901794, "length": 4.0, "mode": "test", "epoch": 55}
{"loss": 0.14794829487800598, "acc": 0.9454522728919983, "length": 3.99336838722229, "mode": "train", "epoch": 56}
{"loss": 0.3763284385204315, "acc": 0.8658536672592163, "length": 4.0, "mode": "test", "epoch": 56}
{"loss": 0.14221511781215668, "acc": 0.9454042911529541, "length": 3.990220069885254, "mode": "train", "epoch": 57}
{"loss": 0.40199631452560425, "acc": 0.8678862452507019, "length": 4.0, "mode": "test", "epoch": 57}
{"loss": 0.14139945805072784, "acc": 0.9479261040687561, "length": 3.9889659881591797, "mode": "train", "epoch": 58}
{"loss": 0.4092993140220642, "acc": 0.8800814747810364, "length": 4.0, "mode": "test", "epoch": 58}
{"loss": 0.139389768242836, "acc": 0.9452171325683594, "length": 3.9825594425201416, "mode": "train", "epoch": 59}
{"loss": 0.3480890691280365, "acc": 0.8821139335632324, "length": 4.0, "mode": "test", "epoch": 59}
{"loss": 0.12362108379602432, "acc": 0.9536752700805664, "length": 3.997345447540283, "mode": "train", "epoch": 60}
{"loss": 0.38000887632369995, "acc": 0.8719513416290283, "length": 4.0, "mode": "test", "epoch": 60}
{"loss": 0.12369778007268906, "acc": 0.9557569622993469, "length": 3.999084234237671, "mode": "train", "epoch": 61}
{"loss": 0.39609062671661377, "acc": 0.869918704032898, "length": 4.0, "mode": "test", "epoch": 61}
{"loss": 0.11257009208202362, "acc": 0.9605368971824646, "length": 3.999788284301758, "mode": "train", "epoch": 62}
{"loss": 0.41371282935142517, "acc": 0.8800814747810364, "length": 4.0, "mode": "test", "epoch": 62}
{"loss": 0.1108366996049881, "acc": 0.9550544023513794, "length": 3.998082399368286, "mode": "train", "epoch": 63}
{"loss": 0.41030603647232056, "acc": 0.8699186444282532, "length": 4.0, "mode": "test", "epoch": 63}
{"loss": 0.11570193618535995, "acc": 0.951652467250824, "length": 3.998544692993164, "mode": "train", "epoch": 64}
{"loss": 0.36336106061935425, "acc": 0.8861789107322693, "length": 4.0, "mode": "test", "epoch": 64}
{"loss": 0.11983112245798111, "acc": 0.960538387298584, "length": 3.9993374347686768, "mode": "train", "epoch": 65}
{"loss": 0.3830512464046478, "acc": 0.8800813555717468, "length": 4.0, "mode": "test", "epoch": 65}
{"loss": 0.1243930384516716, "acc": 0.9549176692962646, "length": 3.991762399673462, "mode": "train", "epoch": 66}
{"loss": 0.3593081831932068, "acc": 0.8719513416290283, "length": 4.0, "mode": "test", "epoch": 66}
{"loss": 0.10352034866809845, "acc": 0.9570722579956055, "length": 3.9982194900512695, "mode": "train", "epoch": 67}
{"loss": 0.3916833996772766, "acc": 0.8841464519500732, "length": 4.0, "mode": "test", "epoch": 67}
{"loss": 0.1122683510184288, "acc": 0.9536617994308472, "length": 3.9961183071136475, "mode": "train", "epoch": 68}
{"loss": 0.4211311340332031, "acc": 0.8739838004112244, "length": 4.0, "mode": "test", "epoch": 68}
{"loss": 0.10706722736358643, "acc": 0.9584543108940125, "length": 3.9979183673858643, "mode": "train", "epoch": 69}
{"loss": 0.36544370651245117, "acc": 0.8800813555717468, "length": 4.0, "mode": "test", "epoch": 69}
{"loss": 0.11073540896177292, "acc": 0.9564507603645325, "length": 3.9992899894714355, "mode": "train", "epoch": 70}
{"loss": 0.39756011962890625, "acc": 0.8841463327407837, "length": 4.0, "mode": "test", "epoch": 70}
{"loss": 0.11400007456541061, "acc": 0.9591631293296814, "length": 3.998687982559204, "mode": "train", "epoch": 71}
{"loss": 0.42054641246795654, "acc": 0.8739836812019348, "length": 4.0, "mode": "test", "epoch": 71}
{"loss": 0.10731523483991623, "acc": 0.9611695408821106, "length": 3.998634099960327, "mode": "train", "epoch": 72}
{"loss": 0.369128942489624, "acc": 0.8760161995887756, "length": 4.0, "mode": "test", "epoch": 72}
{"loss": 0.10520636290311813, "acc": 0.9638811349868774, "length": 3.9928712844848633, "mode": "train", "epoch": 73}
{"loss": 0.36840757727622986, "acc": 0.8841464519500732, "length": 4.0, "mode": "test", "epoch": 73}
{"loss": 0.10082129389047623, "acc": 0.9605041146278381, "length": 3.997148275375366, "mode": "train", "epoch": 74}
{"loss": 0.34584781527519226, "acc": 0.892276406288147, "length": 4.0, "mode": "test", "epoch": 74}
{"loss": 0.09689836204051971, "acc": 0.9612221717834473, "length": 3.999891519546509, "mode": "train", "epoch": 75}
{"loss": 0.3606581389904022, "acc": 0.8902438879013062, "length": 4.0, "mode": "test", "epoch": 75}
{"loss": 0.10355982184410095, "acc": 0.9597324132919312, "length": 3.993018388748169, "mode": "train", "epoch": 76}
{"loss": 0.3675565719604492, "acc": 0.880081295967102, "length": 4.0, "mode": "test", "epoch": 76}
{"loss": 0.08845578134059906, "acc": 0.9666635990142822, "length": 3.999880075454712, "mode": "train", "epoch": 77}
{"loss": 0.4054930806159973, "acc": 0.8699186444282532, "length": 4.0, "mode": "test", "epoch": 77}
{"loss": 0.09733647853136063, "acc": 0.9639086127281189, "length": 3.999046564102173, "mode": "train", "epoch": 78}
{"loss": 0.39697715640068054, "acc": 0.8821137547492981, "length": 4.0, "mode": "test", "epoch": 78}
{"loss": 0.08574599027633667, "acc": 0.969376266002655, "length": 3.9996094703674316, "mode": "train", "epoch": 79}
{"loss": 0.40574535727500916, "acc": 0.8902440071105957, "length": 4.0, "mode": "test", "epoch": 79}
{"loss": 0.08651319891214371, "acc": 0.973465621471405, "length": 3.999648094177246, "mode": "train", "epoch": 80}
{"loss": 0.38831543922424316, "acc": 0.8861790299415588, "length": 4.0, "mode": "test", "epoch": 80}
{"loss": 0.07891470193862915, "acc": 0.9719986915588379, "length": 3.9976751804351807, "mode": "train", "epoch": 81}
{"loss": 0.40404173731803894, "acc": 0.8821139335632324, "length": 4.0, "mode": "test", "epoch": 81}
{"loss": 0.07919726520776749, "acc": 0.9753764271736145, "length": 3.996856927871704, "mode": "train", "epoch": 82}
{"loss": 0.3716026544570923, "acc": 0.8922765851020813, "length": 4.0, "mode": "test", "epoch": 82}
{"loss": 0.08571240305900574, "acc": 0.9687017798423767, "length": 3.999768018722534, "mode": "train", "epoch": 83}
{"loss": 0.3972209095954895, "acc": 0.8861789107322693, "length": 4.0, "mode": "test", "epoch": 83}
{"loss": 0.07431023567914963, "acc": 0.9700650572776794, "length": 3.999863386154175, "mode": "train", "epoch": 84}
{"loss": 0.3978824019432068, "acc": 0.880081295967102, "length": 4.0, "mode": "test", "epoch": 84}
{"loss": 0.07983054220676422, "acc": 0.9689981937408447, "length": 3.9881484508514404, "mode": "train", "epoch": 85}
{"loss": 0.3890506625175476, "acc": 0.8963414430618286, "length": 4.0, "mode": "test", "epoch": 85}
{"loss": 0.09539075195789337, "acc": 0.9678534865379333, "length": 3.993729591369629, "mode": "train", "epoch": 86}
{"loss": 0.3972923755645752, "acc": 0.8943090438842773, "length": 4.0, "mode": "test", "epoch": 86}
{"loss": 0.08089236915111542, "acc": 0.9720818996429443, "length": 3.99843168258667, "mode": "train", "epoch": 87}
{"loss": 0.3866119384765625, "acc": 0.8882113099098206, "length": 4.0, "mode": "test", "epoch": 87}
{"loss": 0.09060033410787582, "acc": 0.9714245200157166, "length": 3.999901056289673, "mode": "train", "epoch": 88}
{"loss": 0.44678062200546265, "acc": 0.8719513416290283, "length": 4.0, "mode": "test", "epoch": 88}
{"loss": 0.08518604934215546, "acc": 0.9659532308578491, "length": 3.9991300106048584, "mode": "train", "epoch": 89}
{"loss": 0.39440712332725525, "acc": 0.8882114887237549, "length": 4.0, "mode": "test", "epoch": 89}
{"loss": 0.08128372579813004, "acc": 0.9721081852912903, "length": 3.999983072280884, "mode": "train", "epoch": 90}
{"loss": 0.4121520519256592, "acc": 0.8800813555717468, "length": 4.0, "mode": "test", "epoch": 90}
{"loss": 0.06475524604320526, "acc": 0.9761901497840881, "length": 3.9999780654907227, "mode": "train", "epoch": 91}
{"loss": 0.36941561102867126, "acc": 0.8963415622711182, "length": 4.0, "mode": "test", "epoch": 91}
{"loss": 0.0828799158334732, "acc": 0.9741479158401489, "length": 3.9999537467956543, "mode": "train", "epoch": 92}
{"loss": 0.413316935300827, "acc": 0.8861788511276245, "length": 4.0, "mode": "test", "epoch": 92}
{"loss": 0.06983380019664764, "acc": 0.9741057753562927, "length": 3.998042583465576, "mode": "train", "epoch": 93}
{"loss": 0.4784524142742157, "acc": 0.8780487775802612, "length": 4.0, "mode": "test", "epoch": 93}
{"loss": 0.08416316658258438, "acc": 0.9700654745101929, "length": 3.999882936477661, "mode": "train", "epoch": 94}
{"loss": 0.420034259557724, "acc": 0.880081295967102, "length": 4.0, "mode": "test", "epoch": 94}
{"loss": 0.08123611658811569, "acc": 0.9666527509689331, "length": 3.9994988441467285, "mode": "train", "epoch": 95}
{"loss": 0.3954729735851288, "acc": 0.8882114887237549, "length": 4.0, "mode": "test", "epoch": 95}
{"loss": 0.06739120185375214, "acc": 0.9741185903549194, "length": 3.9983391761779785, "mode": "train", "epoch": 96}
{"loss": 0.45944279432296753, "acc": 0.8882113099098206, "length": 4.0, "mode": "test", "epoch": 96}
{"loss": 0.08119675517082214, "acc": 0.9721004366874695, "length": 3.999249219894409, "mode": "train", "epoch": 97}
{"loss": 0.40723368525505066, "acc": 0.8841463327407837, "length": 4.0, "mode": "test", "epoch": 97}
{"loss": 0.07489831745624542, "acc": 0.9707449078559875, "length": 3.9999053478240967, "mode": "train", "epoch": 98}
{"loss": 0.4204046130180359, "acc": 0.8841463327407837, "length": 4.0, "mode": "test", "epoch": 98}
{"loss": 0.07344339787960052, "acc": 0.9754685759544373, "length": 3.9991393089294434, "mode": "train", "epoch": 99}
{"loss": 0.4212435483932495, "acc": 0.8760161995887756, "length": 4.0, "mode": "test", "epoch": 99}
{"loss": 0.0731629729270935, "acc": 0.9741485118865967, "length": 3.9999501705169678, "mode": "train", "epoch": 100}
{"loss": 0.4261951148509979, "acc": 0.8861789107322693, "length": 4.0, "mode": "test", "epoch": 100}
test accuracy: 0.7920635938644409
