# ["--attributes=3", "--values=4", "--game_size=4", "--vocab_size_factor=3", "--n_epochs=100", "--batch_size=32", "--learning_rate=0.001", "--hidden_size=256", "--temp_update=0.99", "--temperature=2"]
Creating train_ds and val_ds...

Creating test_ds...
{"loss": 0.6994728446006775, "acc": 0.5170915722846985, "length": 2.397278308868408, "mode": "train", "epoch": 1}
{"loss": 0.695967972278595, "acc": 0.518750011920929, "length": 1.0, "mode": "test", "epoch": 1}
{"loss": 0.6845592260360718, "acc": 0.5552685260772705, "length": 1.5379029512405396, "mode": "train", "epoch": 2}
{"loss": 0.6687910556793213, "acc": 0.585253894329071, "length": 1.6041666269302368, "mode": "test", "epoch": 2}
{"loss": 0.6170507073402405, "acc": 0.6628183722496033, "length": 2.433838129043579, "mode": "train", "epoch": 3}
{"loss": 0.6210488080978394, "acc": 0.6759277582168579, "length": 2.3375000953674316, "mode": "test", "epoch": 3}
{"loss": 0.563412606716156, "acc": 0.7048507332801819, "length": 2.4919586181640625, "mode": "train", "epoch": 4}
{"loss": 0.5636521577835083, "acc": 0.734326183795929, "length": 2.950000047683716, "mode": "test", "epoch": 4}
{"loss": 0.5072782635688782, "acc": 0.75071781873703, "length": 2.975106954574585, "mode": "train", "epoch": 5}
{"loss": 0.5155367851257324, "acc": 0.7558268308639526, "length": 3.174999952316284, "mode": "test", "epoch": 5}
{"loss": 0.4598076045513153, "acc": 0.7857545018196106, "length": 3.169055223464966, "mode": "train", "epoch": 6}
{"loss": 0.500667929649353, "acc": 0.7742350101470947, "length": 3.237499952316284, "mode": "test", "epoch": 6}
{"loss": 0.4148925244808197, "acc": 0.8157927393913269, "length": 3.329007387161255, "mode": "train", "epoch": 7}
{"loss": 0.46310240030288696, "acc": 0.8033202886581421, "length": 3.6624999046325684, "mode": "test", "epoch": 7}
{"loss": 0.37794238328933716, "acc": 0.8408699035644531, "length": 3.542449712753296, "mode": "train", "epoch": 8}
{"loss": 0.4403693675994873, "acc": 0.8207031488418579, "length": 3.6624999046325684, "mode": "test", "epoch": 8}
{"loss": 0.34203869104385376, "acc": 0.856178343296051, "length": 3.6043803691864014, "mode": "train", "epoch": 9}
{"loss": 0.4410799741744995, "acc": 0.8115234375, "length": 3.674999952316284, "mode": "test", "epoch": 9}
{"loss": 0.3206762969493866, "acc": 0.8686330914497375, "length": 3.605722188949585, "mode": "train", "epoch": 10}
{"loss": 0.4132235050201416, "acc": 0.840771496295929, "length": 3.762500047683716, "mode": "test", "epoch": 10}
{"loss": 0.2951902747154236, "acc": 0.8799362778663635, "length": 3.632035732269287, "mode": "train", "epoch": 11}
{"loss": 0.4187963604927063, "acc": 0.8338053226470947, "length": 3.762500047683716, "mode": "test", "epoch": 11}
{"loss": 0.26946187019348145, "acc": 0.8906415104866028, "length": 3.6539525985717773, "mode": "train", "epoch": 12}
{"loss": 0.4445205330848694, "acc": 0.8392741084098816, "length": 3.9000000953674316, "mode": "test", "epoch": 12}
{"loss": 0.25705134868621826, "acc": 0.8968660235404968, "length": 3.6739699840545654, "mode": "train", "epoch": 13}
{"loss": 0.44841012358665466, "acc": 0.8333658576011658, "length": 3.941666603088379, "mode": "test", "epoch": 13}
{"loss": 0.2521533668041229, "acc": 0.8978078961372375, "length": 3.686371326446533, "mode": "train", "epoch": 14}
{"loss": 0.45903918147087097, "acc": 0.8255859613418579, "length": 3.816666603088379, "mode": "test", "epoch": 14}
{"loss": 0.22933895885944366, "acc": 0.9100183844566345, "length": 3.69077467918396, "mode": "train", "epoch": 15}
{"loss": 0.45038551092147827, "acc": 0.8308756351470947, "length": 3.9625000953674316, "mode": "test", "epoch": 15}
{"loss": 0.2116524875164032, "acc": 0.9153513312339783, "length": 3.772245407104492, "mode": "train", "epoch": 16}
{"loss": 0.46462681889533997, "acc": 0.8403157591819763, "length": 3.9041666984558105, "mode": "test", "epoch": 16}
{"loss": 0.20234738290309906, "acc": 0.9229654669761658, "length": 3.698667287826538, "mode": "train", "epoch": 17}
{"loss": 0.4398748278617859, "acc": 0.8378092646598816, "length": 3.929166555404663, "mode": "test", "epoch": 17}
{"loss": 0.19530072808265686, "acc": 0.9239131212234497, "length": 3.743339776992798, "mode": "train", "epoch": 18}
{"loss": 0.46077385544776917, "acc": 0.8303873538970947, "length": 3.950000047683716, "mode": "test", "epoch": 18}
{"loss": 0.18841791152954102, "acc": 0.9270673394203186, "length": 3.785454034805298, "mode": "train", "epoch": 19}
{"loss": 0.44317787885665894, "acc": 0.8421875238418579, "length": 3.9666666984558105, "mode": "test", "epoch": 19}
{"loss": 0.20068809390068054, "acc": 0.9199526309967041, "length": 3.758498191833496, "mode": "train", "epoch": 20}
{"loss": 0.4098905622959137, "acc": 0.8403157591819763, "length": 3.9041666984558105, "mode": "test", "epoch": 20}
{"loss": 0.19229523837566376, "acc": 0.924062967300415, "length": 3.760143995285034, "mode": "train", "epoch": 21}
{"loss": 0.4005419611930847, "acc": 0.8431478142738342, "length": 3.9749999046325684, "mode": "test", "epoch": 21}
{"loss": 0.17858870327472687, "acc": 0.9305567145347595, "length": 3.8019418716430664, "mode": "train", "epoch": 22}
{"loss": 0.39587777853012085, "acc": 0.8246256709098816, "length": 3.941666603088379, "mode": "test", "epoch": 22}
{"loss": 0.16634027659893036, "acc": 0.9394479990005493, "length": 3.7731974124908447, "mode": "train", "epoch": 23}
{"loss": 0.4153779149055481, "acc": 0.831494152545929, "length": 3.887500047683716, "mode": "test", "epoch": 23}
{"loss": 0.16109618544578552, "acc": 0.9390209913253784, "length": 3.7639946937561035, "mode": "train", "epoch": 24}
{"loss": 0.34460312128067017, "acc": 0.8669759035110474, "length": 3.950000047683716, "mode": "test", "epoch": 24}
{"loss": 0.16300968825817108, "acc": 0.9387867450714111, "length": 3.8142287731170654, "mode": "train", "epoch": 25}
{"loss": 0.37018540501594543, "acc": 0.8604491949081421, "length": 3.9625000953674316, "mode": "test", "epoch": 25}
{"loss": 0.1591489315032959, "acc": 0.9420304894447327, "length": 3.8099303245544434, "mode": "train", "epoch": 26}
{"loss": 0.40839940309524536, "acc": 0.8527181148529053, "length": 3.9375, "mode": "test", "epoch": 26}
{"loss": 0.14918293058872223, "acc": 0.9417101740837097, "length": 3.79193377494812, "mode": "train", "epoch": 27}
{"loss": 0.35529983043670654, "acc": 0.8679850101470947, "length": 3.9041666984558105, "mode": "test", "epoch": 27}
{"loss": 0.1414971947669983, "acc": 0.9465972781181335, "length": 3.8329195976257324, "mode": "train", "epoch": 28}
{"loss": 0.35710233449935913, "acc": 0.8607259392738342, "length": 3.9833333492279053, "mode": "test", "epoch": 28}
{"loss": 0.12837769091129303, "acc": 0.9565073251724243, "length": 3.83553409576416, "mode": "train", "epoch": 29}
{"loss": 0.40993812680244446, "acc": 0.8518229126930237, "length": 3.9375, "mode": "test", "epoch": 29}
{"loss": 0.12439599633216858, "acc": 0.955505907535553, "length": 3.852325201034546, "mode": "train", "epoch": 30}
{"loss": 0.3309136927127838, "acc": 0.882617175579071, "length": 3.9833333492279053, "mode": "test", "epoch": 30}
{"loss": 0.1404477208852768, "acc": 0.9471954703330994, "length": 3.891167163848877, "mode": "train", "epoch": 31}
{"loss": 0.3229072690010071, "acc": 0.8892252445220947, "length": 3.9625000953674316, "mode": "test", "epoch": 31}
{"loss": 0.11918454617261887, "acc": 0.9573947191238403, "length": 3.8744165897369385, "mode": "train", "epoch": 32}
{"loss": 0.2898653447628021, "acc": 0.8998209834098816, "length": 3.9625000953674316, "mode": "test", "epoch": 32}
{"loss": 0.1113632544875145, "acc": 0.9601317048072815, "length": 3.881044864654541, "mode": "train", "epoch": 33}
{"loss": 0.3203207850456238, "acc": 0.8969075679779053, "length": 3.991666555404663, "mode": "test", "epoch": 33}
{"loss": 0.10924028605222702, "acc": 0.9587412476539612, "length": 3.9039697647094727, "mode": "train", "epoch": 34}
{"loss": 0.3341297209262848, "acc": 0.8958333134651184, "length": 4.0, "mode": "test", "epoch": 34}
{"loss": 0.11373172700405121, "acc": 0.9558408260345459, "length": 3.92000675201416, "mode": "train", "epoch": 35}
{"loss": 0.30808225274086, "acc": 0.9023600220680237, "length": 3.987499952316284, "mode": "test", "epoch": 35}
{"loss": 0.10992971062660217, "acc": 0.9601836204528809, "length": 3.9243972301483154, "mode": "train", "epoch": 36}
{"loss": 0.346848726272583, "acc": 0.895312488079071, "length": 4.0, "mode": "test", "epoch": 36}
{"loss": 0.11409629136323929, "acc": 0.9586420059204102, "length": 3.9164364337921143, "mode": "train", "epoch": 37}
{"loss": 0.27470219135284424, "acc": 0.9176107048988342, "length": 3.991666555404663, "mode": "test", "epoch": 37}
{"loss": 0.10314084589481354, "acc": 0.9639925956726074, "length": 3.924250602722168, "mode": "train", "epoch": 38}
{"loss": 0.24275387823581696, "acc": 0.9156249761581421, "length": 4.0, "mode": "test", "epoch": 38}
{"loss": 0.09331023693084717, "acc": 0.9696757793426514, "length": 3.9494194984436035, "mode": "train", "epoch": 39}
{"loss": 0.27515241503715515, "acc": 0.9161458611488342, "length": 4.0, "mode": "test", "epoch": 39}
{"loss": 0.11779512465000153, "acc": 0.9628125429153442, "length": 3.955509901046753, "mode": "train", "epoch": 40}
{"loss": 0.2496774047613144, "acc": 0.9307291507720947, "length": 4.0, "mode": "test", "epoch": 40}
{"loss": 0.09706094115972519, "acc": 0.9676041603088379, "length": 3.964642286300659, "mode": "train", "epoch": 41}
{"loss": 0.25716984272003174, "acc": 0.925000011920929, "length": 4.0, "mode": "test", "epoch": 41}
{"loss": 0.08946603536605835, "acc": 0.970898449420929, "length": 3.972736358642578, "mode": "train", "epoch": 42}
{"loss": 0.2629362940788269, "acc": 0.925000011920929, "length": 4.0, "mode": "test", "epoch": 42}
{"loss": 0.09498214721679688, "acc": 0.9684022068977356, "length": 3.9839162826538086, "mode": "train", "epoch": 43}
{"loss": 0.23653751611709595, "acc": 0.9296875, "length": 4.0, "mode": "test", "epoch": 43}
{"loss": 0.07705041021108627, "acc": 0.9741168022155762, "length": 3.9858765602111816, "mode": "train", "epoch": 44}
{"loss": 0.24829840660095215, "acc": 0.9307291507720947, "length": 4.0, "mode": "test", "epoch": 44}
{"loss": 0.07887451350688934, "acc": 0.9734078645706177, "length": 3.981539487838745, "mode": "train", "epoch": 45}
{"loss": 0.24752746522426605, "acc": 0.926562488079071, "length": 4.0, "mode": "test", "epoch": 45}
{"loss": 0.07492721825838089, "acc": 0.9736252427101135, "length": 3.9845454692840576, "mode": "train", "epoch": 46}
{"loss": 0.2195693701505661, "acc": 0.9364583492279053, "length": 4.0, "mode": "test", "epoch": 46}
{"loss": 0.07088100910186768, "acc": 0.9762101173400879, "length": 3.982663869857788, "mode": "train", "epoch": 47}
{"loss": 0.22630099952220917, "acc": 0.934374988079071, "length": 4.0, "mode": "test", "epoch": 47}
{"loss": 0.07457427680492401, "acc": 0.9734991192817688, "length": 3.988732099533081, "mode": "train", "epoch": 48}
{"loss": 0.22724932432174683, "acc": 0.9354166388511658, "length": 4.0, "mode": "test", "epoch": 48}
{"loss": 0.07596825063228607, "acc": 0.9731751084327698, "length": 3.989858627319336, "mode": "train", "epoch": 49}
{"loss": 0.2231713831424713, "acc": 0.9375, "length": 4.0, "mode": "test", "epoch": 49}
{"loss": 0.074600450694561, "acc": 0.9751036167144775, "length": 3.99226975440979, "mode": "train", "epoch": 50}
{"loss": 0.19371378421783447, "acc": 0.9395833611488342, "length": 4.0, "mode": "test", "epoch": 50}
{"loss": 0.0764797180891037, "acc": 0.9735662341117859, "length": 3.9924325942993164, "mode": "train", "epoch": 51}
{"loss": 0.22550055384635925, "acc": 0.9302083253860474, "length": 4.0, "mode": "test", "epoch": 51}
{"loss": 0.06317570805549622, "acc": 0.9792001247406006, "length": 3.98590350151062, "mode": "train", "epoch": 52}
{"loss": 0.16750560700893402, "acc": 0.948437511920929, "length": 4.0, "mode": "test", "epoch": 52}
{"loss": 0.06540843099355698, "acc": 0.9782576560974121, "length": 3.9916470050811768, "mode": "train", "epoch": 53}
{"loss": 0.1975291222333908, "acc": 0.942187488079071, "length": 4.0, "mode": "test", "epoch": 53}
{"loss": 0.05776749178767204, "acc": 0.9812439680099487, "length": 3.9916162490844727, "mode": "train", "epoch": 54}
{"loss": 0.15787339210510254, "acc": 0.9546874761581421, "length": 4.0, "mode": "test", "epoch": 54}
{"loss": 0.057900939136743546, "acc": 0.9808560013771057, "length": 3.9918935298919678, "mode": "train", "epoch": 55}
{"loss": 0.20933803915977478, "acc": 0.9375, "length": 4.0, "mode": "test", "epoch": 55}
{"loss": 0.06656673550605774, "acc": 0.9791380763053894, "length": 3.9953525066375732, "mode": "train", "epoch": 56}
{"loss": 0.22488398849964142, "acc": 0.9317708611488342, "length": 4.0, "mode": "test", "epoch": 56}
{"loss": 0.053706709295511246, "acc": 0.9821347594261169, "length": 3.9945597648620605, "mode": "train", "epoch": 57}
{"loss": 0.17515146732330322, "acc": 0.9473958611488342, "length": 4.0, "mode": "test", "epoch": 57}
{"loss": 0.05358266830444336, "acc": 0.9836714863777161, "length": 3.9943840503692627, "mode": "train", "epoch": 58}
{"loss": 0.19633300602436066, "acc": 0.9427083134651184, "length": 4.0, "mode": "test", "epoch": 58}
{"loss": 0.05424175783991814, "acc": 0.9807506799697876, "length": 3.9962761402130127, "mode": "train", "epoch": 59}
{"loss": 0.21432535350322723, "acc": 0.9427083134651184, "length": 4.0, "mode": "test", "epoch": 59}
{"loss": 0.050869062542915344, "acc": 0.9844029545783997, "length": 3.994302988052368, "mode": "train", "epoch": 60}
{"loss": 0.22116704285144806, "acc": 0.9442708492279053, "length": 4.0, "mode": "test", "epoch": 60}
{"loss": 0.04864194616675377, "acc": 0.9847701191902161, "length": 3.996807336807251, "mode": "train", "epoch": 61}
{"loss": 0.18486762046813965, "acc": 0.9437500238418579, "length": 4.0, "mode": "test", "epoch": 61}
{"loss": 0.045661959797143936, "acc": 0.983564555644989, "length": 3.998018503189087, "mode": "train", "epoch": 62}
{"loss": 0.18411237001419067, "acc": 0.9505208134651184, "length": 4.0, "mode": "test", "epoch": 62}
{"loss": 0.04110477492213249, "acc": 0.9863564968109131, "length": 3.997936487197876, "mode": "train", "epoch": 63}
{"loss": 0.18784449994564056, "acc": 0.9494791626930237, "length": 4.0, "mode": "test", "epoch": 63}
{"loss": 0.04507330432534218, "acc": 0.9863600730895996, "length": 3.997485876083374, "mode": "train", "epoch": 64}
{"loss": 0.1639527678489685, "acc": 0.9510416388511658, "length": 4.0, "mode": "test", "epoch": 64}
{"loss": 0.046379152685403824, "acc": 0.9839233160018921, "length": 3.9984798431396484, "mode": "train", "epoch": 65}
{"loss": 0.17629648745059967, "acc": 0.9520833492279053, "length": 4.0, "mode": "test", "epoch": 65}
{"loss": 0.04976259171962738, "acc": 0.9844216108322144, "length": 3.998441696166992, "mode": "train", "epoch": 66}
{"loss": 0.20550251007080078, "acc": 0.9494791626930237, "length": 4.0, "mode": "test", "epoch": 66}
{"loss": 0.04591955989599228, "acc": 0.9861852526664734, "length": 3.9984827041625977, "mode": "train", "epoch": 67}
{"loss": 0.17970509827136993, "acc": 0.9520833492279053, "length": 4.0, "mode": "test", "epoch": 67}
{"loss": 0.04142563045024872, "acc": 0.9868848323822021, "length": 3.9987833499908447, "mode": "train", "epoch": 68}
{"loss": 0.17276547849178314, "acc": 0.953125, "length": 4.0, "mode": "test", "epoch": 68}
{"loss": 0.050157610327005386, "acc": 0.9860197901725769, "length": 3.998788833618164, "mode": "train", "epoch": 69}
{"loss": 0.16616114974021912, "acc": 0.9588541388511658, "length": 4.0, "mode": "test", "epoch": 69}
{"loss": 0.03770303353667259, "acc": 0.9884592294692993, "length": 3.998955011367798, "mode": "train", "epoch": 70}
{"loss": 0.15987557172775269, "acc": 0.9536458253860474, "length": 4.0, "mode": "test", "epoch": 70}
{"loss": 0.03916339576244354, "acc": 0.9886344075202942, "length": 3.999016523361206, "mode": "train", "epoch": 71}
{"loss": 0.1926368772983551, "acc": 0.9463541507720947, "length": 4.0, "mode": "test", "epoch": 71}
{"loss": 0.041259292513132095, "acc": 0.9870661497116089, "length": 3.998872995376587, "mode": "train", "epoch": 72}
{"loss": 0.18754945695400238, "acc": 0.9427083134651184, "length": 4.0, "mode": "test", "epoch": 72}
{"loss": 0.04241890460252762, "acc": 0.985654354095459, "length": 3.9979686737060547, "mode": "train", "epoch": 73}
{"loss": 0.16750523447990417, "acc": 0.9593750238418579, "length": 4.0, "mode": "test", "epoch": 73}
{"loss": 0.048903174698352814, "acc": 0.9863667488098145, "length": 3.999056100845337, "mode": "train", "epoch": 74}
{"loss": 0.20527325570583344, "acc": 0.9479166865348816, "length": 4.0, "mode": "test", "epoch": 74}
{"loss": 0.04751762002706528, "acc": 0.9844443202018738, "length": 3.999220848083496, "mode": "train", "epoch": 75}
{"loss": 0.18948803842067719, "acc": 0.9479166865348816, "length": 4.0, "mode": "test", "epoch": 75}
{"loss": 0.04574049636721611, "acc": 0.9872339367866516, "length": 3.9981086254119873, "mode": "train", "epoch": 76}
{"loss": 0.18348926305770874, "acc": 0.9526041746139526, "length": 4.0, "mode": "test", "epoch": 76}
{"loss": 0.04788557067513466, "acc": 0.9834059476852417, "length": 3.9992082118988037, "mode": "train", "epoch": 77}
{"loss": 0.18427398800849915, "acc": 0.9552083611488342, "length": 4.0, "mode": "test", "epoch": 77}
{"loss": 0.06332612037658691, "acc": 0.9809513092041016, "length": 3.9972691535949707, "mode": "train", "epoch": 78}
{"loss": 0.23079536855220795, "acc": 0.9380208253860474, "length": 4.0, "mode": "test", "epoch": 78}
{"loss": 0.06130542978644371, "acc": 0.9814870953559875, "length": 3.9995615482330322, "mode": "train", "epoch": 79}
{"loss": 0.19378229975700378, "acc": 0.9489583373069763, "length": 4.0, "mode": "test", "epoch": 79}
{"loss": 0.04349248856306076, "acc": 0.9854958653450012, "length": 3.9986817836761475, "mode": "train", "epoch": 80}
{"loss": 0.14634546637535095, "acc": 0.9536458253860474, "length": 4.0, "mode": "test", "epoch": 80}
{"loss": 0.03859267011284828, "acc": 0.9872493743896484, "length": 3.9995625019073486, "mode": "train", "epoch": 81}
{"loss": 0.14409486949443817, "acc": 0.9630208611488342, "length": 4.0, "mode": "test", "epoch": 81}
{"loss": 0.035143930464982986, "acc": 0.9903873205184937, "length": 3.9990882873535156, "mode": "train", "epoch": 82}
{"loss": 0.1486230492591858, "acc": 0.9546874761581421, "length": 4.0, "mode": "test", "epoch": 82}
{"loss": 0.04256109520792961, "acc": 0.986900269985199, "length": 3.999664068222046, "mode": "train", "epoch": 83}
{"loss": 0.16363230347633362, "acc": 0.953125, "length": 4.0, "mode": "test", "epoch": 83}
{"loss": 0.03438178077340126, "acc": 0.9914383888244629, "length": 3.9995853900909424, "mode": "train", "epoch": 84}
{"loss": 0.15817296504974365, "acc": 0.9552083611488342, "length": 4.0, "mode": "test", "epoch": 84}
{"loss": 0.03118344210088253, "acc": 0.9896818399429321, "length": 3.999544382095337, "mode": "train", "epoch": 85}
{"loss": 0.15377995371818542, "acc": 0.9645833373069763, "length": 4.0, "mode": "test", "epoch": 85}
{"loss": 0.031562887132167816, "acc": 0.9898701310157776, "length": 3.998141288757324, "mode": "train", "epoch": 86}
{"loss": 0.15836158394813538, "acc": 0.956250011920929, "length": 4.0, "mode": "test", "epoch": 86}
{"loss": 0.02359606884419918, "acc": 0.9930082559585571, "length": 3.999408006668091, "mode": "train", "epoch": 87}
{"loss": 0.15359504520893097, "acc": 0.9630208611488342, "length": 4.0, "mode": "test", "epoch": 87}
{"loss": 0.025325503200292587, "acc": 0.9928246140480042, "length": 3.999237537384033, "mode": "train", "epoch": 88}
{"loss": 0.1725894808769226, "acc": 0.9593750238418579, "length": 4.0, "mode": "test", "epoch": 88}
{"loss": 0.02857748605310917, "acc": 0.9907420873641968, "length": 3.9995808601379395, "mode": "train", "epoch": 89}
{"loss": 0.14626583456993103, "acc": 0.9588541388511658, "length": 4.0, "mode": "test", "epoch": 89}
{"loss": 0.022059546783566475, "acc": 0.9945809245109558, "length": 3.9997143745422363, "mode": "train", "epoch": 90}
{"loss": 0.1572575867176056, "acc": 0.9614583253860474, "length": 4.0, "mode": "test", "epoch": 90}
{"loss": 0.01985931396484375, "acc": 0.9945818781852722, "length": 3.999737024307251, "mode": "train", "epoch": 91}
{"loss": 0.14137263596057892, "acc": 0.9619791507720947, "length": 4.0, "mode": "test", "epoch": 91}
{"loss": 0.033905625343322754, "acc": 0.9896959662437439, "length": 3.999774932861328, "mode": "train", "epoch": 92}
{"loss": 0.14142759144306183, "acc": 0.9604166746139526, "length": 4.0, "mode": "test", "epoch": 92}
{"loss": 0.042478397488594055, "acc": 0.9853237867355347, "length": 3.999521017074585, "mode": "train", "epoch": 93}
{"loss": 0.1996825486421585, "acc": 0.9505208134651184, "length": 4.0, "mode": "test", "epoch": 93}
{"loss": 0.04735114797949791, "acc": 0.9834113717079163, "length": 3.999723196029663, "mode": "train", "epoch": 94}
{"loss": 0.16565603017807007, "acc": 0.9546874761581421, "length": 4.0, "mode": "test", "epoch": 94}
{"loss": 0.056282661855220795, "acc": 0.9835866689682007, "length": 3.9998273849487305, "mode": "train", "epoch": 95}
{"loss": 0.16447032988071442, "acc": 0.9572916626930237, "length": 4.0, "mode": "test", "epoch": 95}
{"loss": 0.02899981290102005, "acc": 0.9894843697547913, "length": 3.9986510276794434, "mode": "train", "epoch": 96}
{"loss": 0.14185087382793427, "acc": 0.957812488079071, "length": 4.0, "mode": "test", "epoch": 96}
{"loss": 0.02781561389565468, "acc": 0.9905697107315063, "length": 3.99985408782959, "mode": "train", "epoch": 97}
{"loss": 0.174255833029747, "acc": 0.9526041746139526, "length": 4.0, "mode": "test", "epoch": 97}
{"loss": 0.05157112702727318, "acc": 0.9839364290237427, "length": 3.999685525894165, "mode": "train", "epoch": 98}
{"loss": 0.17837455868721008, "acc": 0.9567708373069763, "length": 4.0, "mode": "test", "epoch": 98}
{"loss": 0.06698395311832428, "acc": 0.9784864783287048, "length": 3.996616840362549, "mode": "train", "epoch": 99}
{"loss": 0.17086972296237946, "acc": 0.9567057490348816, "length": 3.995833396911621, "mode": "test", "epoch": 99}
{"loss": 0.052798595279455185, "acc": 0.9830400943756104, "length": 3.997462511062622, "mode": "train", "epoch": 100}
{"loss": 0.20064541697502136, "acc": 0.9479166865348816, "length": 4.0, "mode": "test", "epoch": 100}
test accuracy: 0.8022540211677551
