# ["--attributes=3", "--values=4", "--game_size=4", "--vocab_size_factor=3", "--n_epochs=100", "--batch_size=64", "--learning_rate=0.001", "--hidden_size=256", "--temp_update=0.99", "--temperature=2"]
Creating train_ds and val_ds...

Creating test_ds...
{"loss": 0.7072093486785889, "acc": 0.5031970739364624, "length": 3.3756206035614014, "mode": "train", "epoch": 1}
{"loss": 0.6905098557472229, "acc": 0.5119791626930237, "length": 1.0, "mode": "test", "epoch": 1}
{"loss": 0.6955570578575134, "acc": 0.5126409530639648, "length": 1.5893863439559937, "mode": "train", "epoch": 2}
{"loss": 0.6938802003860474, "acc": 0.5125000476837158, "length": 1.0, "mode": "test", "epoch": 2}
{"loss": 0.6931740641593933, "acc": 0.5107041597366333, "length": 1.070082664489746, "mode": "train", "epoch": 3}
{"loss": 0.6933292150497437, "acc": 0.518750011920929, "length": 1.0, "mode": "test", "epoch": 3}
{"loss": 0.6863436698913574, "acc": 0.5430415272712708, "length": 1.4244052171707153, "mode": "train", "epoch": 4}
{"loss": 0.6532856822013855, "acc": 0.6594644784927368, "length": 2.174999952316284, "mode": "test", "epoch": 4}
{"loss": 0.6360536813735962, "acc": 0.6350595355033875, "length": 2.348235607147217, "mode": "train", "epoch": 5}
{"loss": 0.6199472546577454, "acc": 0.6781738996505737, "length": 2.549999952316284, "mode": "test", "epoch": 5}
{"loss": 0.5940818786621094, "acc": 0.667547881603241, "length": 2.538285732269287, "mode": "train", "epoch": 6}
{"loss": 0.6154813766479492, "acc": 0.67376309633255, "length": 2.5, "mode": "test", "epoch": 6}
{"loss": 0.5823768973350525, "acc": 0.6861833333969116, "length": 2.7399332523345947, "mode": "train", "epoch": 7}
{"loss": 0.571459174156189, "acc": 0.724595844745636, "length": 2.4749999046325684, "mode": "test", "epoch": 7}
{"loss": 0.5383476614952087, "acc": 0.7303507924079895, "length": 2.7268030643463135, "mode": "train", "epoch": 8}
{"loss": 0.5649980306625366, "acc": 0.7245280742645264, "length": 2.625, "mode": "test", "epoch": 8}
{"loss": 0.5215449333190918, "acc": 0.7554491758346558, "length": 2.7732551097869873, "mode": "train", "epoch": 9}
{"loss": 0.5633301734924316, "acc": 0.7361653447151184, "length": 2.6624999046325684, "mode": "test", "epoch": 9}
{"loss": 0.5026028156280518, "acc": 0.7788484692573547, "length": 2.886451482772827, "mode": "train", "epoch": 10}
{"loss": 0.5560012459754944, "acc": 0.739632248878479, "length": 2.7750000953674316, "mode": "test", "epoch": 10}
{"loss": 0.4900178909301758, "acc": 0.7857311964035034, "length": 3.0094573497772217, "mode": "train", "epoch": 11}
{"loss": 0.5249594449996948, "acc": 0.75177401304245, "length": 2.875, "mode": "test", "epoch": 11}
{"loss": 0.45324379205703735, "acc": 0.8052994608879089, "length": 3.193288564682007, "mode": "train", "epoch": 12}
{"loss": 0.48145589232444763, "acc": 0.7779214978218079, "length": 3.1875, "mode": "test", "epoch": 12}
{"loss": 0.42226099967956543, "acc": 0.8165357112884521, "length": 3.374652862548828, "mode": "train", "epoch": 13}
{"loss": 0.47014540433883667, "acc": 0.793443500995636, "length": 3.25, "mode": "test", "epoch": 13}
{"loss": 0.39065027236938477, "acc": 0.8293060660362244, "length": 3.3932716846466064, "mode": "train", "epoch": 14}
{"loss": 0.4529508948326111, "acc": 0.8024631142616272, "length": 3.237499952316284, "mode": "test", "epoch": 14}
{"loss": 0.37387460470199585, "acc": 0.83633953332901, "length": 3.3389344215393066, "mode": "train", "epoch": 15}
{"loss": 0.4384327828884125, "acc": 0.822265625, "length": 3.237499952316284, "mode": "test", "epoch": 15}
{"loss": 0.3484312891960144, "acc": 0.8455756902694702, "length": 3.3407094478607178, "mode": "train", "epoch": 16}
{"loss": 0.4257500171661377, "acc": 0.8243082165718079, "length": 3.3375000953674316, "mode": "test", "epoch": 16}
{"loss": 0.35147929191589355, "acc": 0.8509049415588379, "length": 3.435957431793213, "mode": "train", "epoch": 17}
{"loss": 0.4156678318977356, "acc": 0.8246853351593018, "length": 3.1875, "mode": "test", "epoch": 17}
{"loss": 0.3226180076599121, "acc": 0.8670023679733276, "length": 3.4161105155944824, "mode": "train", "epoch": 18}
{"loss": 0.41143423318862915, "acc": 0.8282498121261597, "length": 3.200000047683716, "mode": "test", "epoch": 18}
{"loss": 0.30270862579345703, "acc": 0.8739075660705566, "length": 3.4166860580444336, "mode": "train", "epoch": 19}
{"loss": 0.41914722323417664, "acc": 0.8247884511947632, "length": 3.375, "mode": "test", "epoch": 19}
{"loss": 0.2915922701358795, "acc": 0.8756584525108337, "length": 3.451011896133423, "mode": "train", "epoch": 20}
{"loss": 0.4114496111869812, "acc": 0.8344129323959351, "length": 3.237499952316284, "mode": "test", "epoch": 20}
{"loss": 0.28347307443618774, "acc": 0.8785025477409363, "length": 3.440105438232422, "mode": "train", "epoch": 21}
{"loss": 0.4125410318374634, "acc": 0.8375487923622131, "length": 3.387500047683716, "mode": "test", "epoch": 21}
{"loss": 0.2822214961051941, "acc": 0.8823063373565674, "length": 3.492959499359131, "mode": "train", "epoch": 22}
{"loss": 0.4190117418766022, "acc": 0.8375650644302368, "length": 3.325000047683716, "mode": "test", "epoch": 22}
{"loss": 0.27770859003067017, "acc": 0.8899077773094177, "length": 3.4642839431762695, "mode": "train", "epoch": 23}
{"loss": 0.38934987783432007, "acc": 0.8500542044639587, "length": 3.3499999046325684, "mode": "test", "epoch": 23}
{"loss": 0.26819688081741333, "acc": 0.886019229888916, "length": 3.4823594093322754, "mode": "train", "epoch": 24}
{"loss": 0.41631245613098145, "acc": 0.8418837189674377, "length": 3.2750000953674316, "mode": "test", "epoch": 24}
{"loss": 0.2683236002922058, "acc": 0.8874197006225586, "length": 3.4645376205444336, "mode": "train", "epoch": 25}
{"loss": 0.4045533537864685, "acc": 0.8281738758087158, "length": 3.325000047683716, "mode": "test", "epoch": 25}
{"loss": 0.2538168132305145, "acc": 0.8942405581474304, "length": 3.4681508541107178, "mode": "train", "epoch": 26}
{"loss": 0.41851305961608887, "acc": 0.8456054925918579, "length": 3.2750000953674316, "mode": "test", "epoch": 26}
{"loss": 0.24021302163600922, "acc": 0.8990667462348938, "length": 3.449638605117798, "mode": "train", "epoch": 27}
{"loss": 0.3885318338871002, "acc": 0.845833420753479, "length": 3.262500047683716, "mode": "test", "epoch": 27}
{"loss": 0.24083589017391205, "acc": 0.9053521752357483, "length": 3.471215009689331, "mode": "train", "epoch": 28}
{"loss": 0.4311067759990692, "acc": 0.8426459431648254, "length": 3.299999952316284, "mode": "test", "epoch": 28}
{"loss": 0.22615328431129456, "acc": 0.9073430895805359, "length": 3.497246265411377, "mode": "train", "epoch": 29}
{"loss": 0.3773343861103058, "acc": 0.8576062917709351, "length": 3.2874999046325684, "mode": "test", "epoch": 29}
{"loss": 0.20836381614208221, "acc": 0.9105971455574036, "length": 3.548853635787964, "mode": "train", "epoch": 30}
{"loss": 0.37997356057167053, "acc": 0.8648274540901184, "length": 3.4000000953674316, "mode": "test", "epoch": 30}
{"loss": 0.21134141087532043, "acc": 0.9157772660255432, "length": 3.6606738567352295, "mode": "train", "epoch": 31}
{"loss": 0.3449297249317169, "acc": 0.867431640625, "length": 3.637500047683716, "mode": "test", "epoch": 31}
{"loss": 0.21812543272972107, "acc": 0.9109485149383545, "length": 3.7414565086364746, "mode": "train", "epoch": 32}
{"loss": 0.3140617609024048, "acc": 0.8855577111244202, "length": 3.7249999046325684, "mode": "test", "epoch": 32}
{"loss": 0.18729513883590698, "acc": 0.924273669719696, "length": 3.753018379211426, "mode": "train", "epoch": 33}
{"loss": 0.28098446130752563, "acc": 0.8972249627113342, "length": 3.8375000953674316, "mode": "test", "epoch": 33}
{"loss": 0.1883969008922577, "acc": 0.9270086884498596, "length": 3.8959031105041504, "mode": "train", "epoch": 34}
{"loss": 0.2826215922832489, "acc": 0.9076171517372131, "length": 3.9749999046325684, "mode": "test", "epoch": 34}
{"loss": 0.17935004830360413, "acc": 0.9308426380157471, "length": 3.963263750076294, "mode": "train", "epoch": 35}
{"loss": 0.2887561321258545, "acc": 0.9052082896232605, "length": 4.0, "mode": "test", "epoch": 35}
{"loss": 0.17890410125255585, "acc": 0.9294365644454956, "length": 3.9888596534729004, "mode": "train", "epoch": 36}
{"loss": 0.2677229642868042, "acc": 0.9135417342185974, "length": 4.0, "mode": "test", "epoch": 36}
{"loss": 0.1604514718055725, "acc": 0.9397244453430176, "length": 3.9890379905700684, "mode": "train", "epoch": 37}
{"loss": 0.25564926862716675, "acc": 0.9156249165534973, "length": 4.0, "mode": "test", "epoch": 37}
{"loss": 0.15942561626434326, "acc": 0.9372021555900574, "length": 3.992896318435669, "mode": "train", "epoch": 38}
{"loss": 0.26774269342422485, "acc": 0.8984375596046448, "length": 4.0, "mode": "test", "epoch": 38}
{"loss": 0.15873919427394867, "acc": 0.9385973811149597, "length": 3.9935622215270996, "mode": "train", "epoch": 39}
{"loss": 0.25290632247924805, "acc": 0.9166666865348816, "length": 4.0, "mode": "test", "epoch": 39}
{"loss": 0.16789734363555908, "acc": 0.9378390908241272, "length": 3.9904420375823975, "mode": "train", "epoch": 40}
{"loss": 0.27455517649650574, "acc": 0.9177083969116211, "length": 4.0, "mode": "test", "epoch": 40}
{"loss": 0.1635073721408844, "acc": 0.938810408115387, "length": 3.9889984130859375, "mode": "train", "epoch": 41}
{"loss": 0.2612948417663574, "acc": 0.9187500476837158, "length": 4.0, "mode": "test", "epoch": 41}
{"loss": 0.1517380177974701, "acc": 0.943443238735199, "length": 3.992344617843628, "mode": "train", "epoch": 42}
{"loss": 0.2729242444038391, "acc": 0.9010417461395264, "length": 4.0, "mode": "test", "epoch": 42}
{"loss": 0.15324163436889648, "acc": 0.9398401379585266, "length": 3.9948883056640625, "mode": "train", "epoch": 43}
{"loss": 0.26236116886138916, "acc": 0.9213541746139526, "length": 4.0, "mode": "test", "epoch": 43}
{"loss": 0.13105937838554382, "acc": 0.9487489461898804, "length": 3.995436429977417, "mode": "train", "epoch": 44}
{"loss": 0.26192712783813477, "acc": 0.92083340883255, "length": 4.0, "mode": "test", "epoch": 44}
{"loss": 0.13806399703025818, "acc": 0.9477083683013916, "length": 3.99587082862854, "mode": "train", "epoch": 45}
{"loss": 0.26414909958839417, "acc": 0.9151042103767395, "length": 4.0, "mode": "test", "epoch": 45}
{"loss": 0.1379963755607605, "acc": 0.9466574192047119, "length": 3.9951419830322266, "mode": "train", "epoch": 46}
{"loss": 0.2755008339881897, "acc": 0.9140625, "length": 4.0, "mode": "test", "epoch": 46}
{"loss": 0.13370287418365479, "acc": 0.948774516582489, "length": 3.9968807697296143, "mode": "train", "epoch": 47}
{"loss": 0.2584002912044525, "acc": 0.9161458611488342, "length": 4.0, "mode": "test", "epoch": 47}
{"loss": 0.11958843469619751, "acc": 0.9543496966362, "length": 3.99672794342041, "mode": "train", "epoch": 48}
{"loss": 0.23756049573421478, "acc": 0.9270833730697632, "length": 4.0, "mode": "test", "epoch": 48}
{"loss": 0.11864413321018219, "acc": 0.9580246806144714, "length": 3.9970076084136963, "mode": "train", "epoch": 49}
{"loss": 0.2484149932861328, "acc": 0.9281249642372131, "length": 4.0, "mode": "test", "epoch": 49}
{"loss": 0.11535804718732834, "acc": 0.9545646905899048, "length": 3.998354196548462, "mode": "train", "epoch": 50}
{"loss": 0.26555687189102173, "acc": 0.9187499284744263, "length": 4.0, "mode": "test", "epoch": 50}
{"loss": 0.11910053342580795, "acc": 0.9578649997711182, "length": 3.997736692428589, "mode": "train", "epoch": 51}
{"loss": 0.2505553960800171, "acc": 0.9177082777023315, "length": 4.0, "mode": "test", "epoch": 51}
{"loss": 0.1254582703113556, "acc": 0.960618257522583, "length": 3.9970815181732178, "mode": "train", "epoch": 52}
{"loss": 0.2587319314479828, "acc": 0.9182291626930237, "length": 4.0, "mode": "test", "epoch": 52}
{"loss": 0.13476234674453735, "acc": 0.9496780633926392, "length": 3.998105764389038, "mode": "train", "epoch": 53}
{"loss": 0.2571372389793396, "acc": 0.9192708730697632, "length": 4.0, "mode": "test", "epoch": 53}
{"loss": 0.10619663447141647, "acc": 0.9608318209648132, "length": 3.9976646900177, "mode": "train", "epoch": 54}
{"loss": 0.24110473692417145, "acc": 0.9322916865348816, "length": 4.0, "mode": "test", "epoch": 54}
{"loss": 0.10826577991247177, "acc": 0.9657559394836426, "length": 3.9991183280944824, "mode": "train", "epoch": 55}
{"loss": 0.23962083458900452, "acc": 0.92864590883255, "length": 4.0, "mode": "test", "epoch": 55}
{"loss": 0.10947873443365097, "acc": 0.9606612920761108, "length": 3.9980902671813965, "mode": "train", "epoch": 56}
{"loss": 0.2980015277862549, "acc": 0.9098958969116211, "length": 4.0, "mode": "test", "epoch": 56}
{"loss": 0.11621464788913727, "acc": 0.961223304271698, "length": 3.999295473098755, "mode": "train", "epoch": 57}
{"loss": 0.22488020360469818, "acc": 0.9307292103767395, "length": 4.0, "mode": "test", "epoch": 57}
{"loss": 0.0986885279417038, "acc": 0.9682110548019409, "length": 3.9994943141937256, "mode": "train", "epoch": 58}
{"loss": 0.2530512809753418, "acc": 0.9244791865348816, "length": 4.0, "mode": "test", "epoch": 58}
{"loss": 0.09162098169326782, "acc": 0.971343994140625, "length": 3.9992427825927734, "mode": "train", "epoch": 59}
{"loss": 0.2241915911436081, "acc": 0.9348957538604736, "length": 4.0, "mode": "test", "epoch": 59}
{"loss": 0.08028138428926468, "acc": 0.9699524641036987, "length": 3.999396800994873, "mode": "train", "epoch": 60}
{"loss": 0.23374459147453308, "acc": 0.9364582896232605, "length": 4.0, "mode": "test", "epoch": 60}
{"loss": 0.08310368657112122, "acc": 0.9727455973625183, "length": 3.999436616897583, "mode": "train", "epoch": 61}
{"loss": 0.25412532687187195, "acc": 0.9322916865348816, "length": 4.0, "mode": "test", "epoch": 61}
{"loss": 0.08337102830410004, "acc": 0.9687228798866272, "length": 3.999011278152466, "mode": "train", "epoch": 62}
{"loss": 0.24602247774600983, "acc": 0.9296875, "length": 4.0, "mode": "test", "epoch": 62}
{"loss": 0.07838728278875351, "acc": 0.9751718044281006, "length": 3.9987094402313232, "mode": "train", "epoch": 63}
{"loss": 0.22579701244831085, "acc": 0.9416667222976685, "length": 4.0, "mode": "test", "epoch": 63}
{"loss": 0.0857490748167038, "acc": 0.9709292054176331, "length": 3.9977059364318848, "mode": "train", "epoch": 64}
{"loss": 0.23207876086235046, "acc": 0.9333332777023315, "length": 4.0, "mode": "test", "epoch": 64}
{"loss": 0.08459833264350891, "acc": 0.9706587195396423, "length": 3.9996185302734375, "mode": "train", "epoch": 65}
{"loss": 0.2371913641691208, "acc": 0.9359375834465027, "length": 4.0, "mode": "test", "epoch": 65}
{"loss": 0.08387553691864014, "acc": 0.9734546542167664, "length": 3.9997289180755615, "mode": "train", "epoch": 66}
{"loss": 0.2573833167552948, "acc": 0.93072909116745, "length": 4.0, "mode": "test", "epoch": 66}
{"loss": 0.09214743226766586, "acc": 0.9678692817687988, "length": 3.9997572898864746, "mode": "train", "epoch": 67}
{"loss": 0.28025078773498535, "acc": 0.9265625476837158, "length": 4.0, "mode": "test", "epoch": 67}
{"loss": 0.08740600198507309, "acc": 0.9668194651603699, "length": 3.999678134918213, "mode": "train", "epoch": 68}
{"loss": 0.3112807273864746, "acc": 0.926562488079071, "length": 4.0, "mode": "test", "epoch": 68}
{"loss": 0.07951053231954575, "acc": 0.9734457731246948, "length": 3.999448537826538, "mode": "train", "epoch": 69}
{"loss": 0.2577694058418274, "acc": 0.9348957538604736, "length": 4.0, "mode": "test", "epoch": 69}
{"loss": 0.08630483597517014, "acc": 0.9727602601051331, "length": 3.9998416900634766, "mode": "train", "epoch": 70}
{"loss": 0.266202449798584, "acc": 0.9395833611488342, "length": 4.0, "mode": "test", "epoch": 70}
{"loss": 0.08263853192329407, "acc": 0.9708396792411804, "length": 3.999826431274414, "mode": "train", "epoch": 71}
{"loss": 0.2666276693344116, "acc": 0.9218750596046448, "length": 4.0, "mode": "test", "epoch": 71}
{"loss": 0.08487595617771149, "acc": 0.9694361090660095, "length": 3.9996447563171387, "mode": "train", "epoch": 72}
{"loss": 0.2401740849018097, "acc": 0.9395833611488342, "length": 4.0, "mode": "test", "epoch": 72}
{"loss": 0.09139009565114975, "acc": 0.9685676693916321, "length": 3.9997124671936035, "mode": "train", "epoch": 73}
{"loss": 0.2522789239883423, "acc": 0.9270833134651184, "length": 4.0, "mode": "test", "epoch": 73}
{"loss": 0.07728127390146255, "acc": 0.9757282733917236, "length": 3.9998509883880615, "mode": "train", "epoch": 74}
{"loss": 0.2606785297393799, "acc": 0.9281250238418579, "length": 4.0, "mode": "test", "epoch": 74}
{"loss": 0.07584425061941147, "acc": 0.9732794165611267, "length": 3.999666452407837, "mode": "train", "epoch": 75}
{"loss": 0.2602006793022156, "acc": 0.9302082657814026, "length": 4.0, "mode": "test", "epoch": 75}
{"loss": 0.07620450109243393, "acc": 0.9739764332771301, "length": 3.9996535778045654, "mode": "train", "epoch": 76}
{"loss": 0.27379509806632996, "acc": 0.9328124523162842, "length": 4.0, "mode": "test", "epoch": 76}
{"loss": 0.0675385445356369, "acc": 0.9767731428146362, "length": 3.999803304672241, "mode": "train", "epoch": 77}
{"loss": 0.2335507869720459, "acc": 0.9395833611488342, "length": 4.0, "mode": "test", "epoch": 77}
{"loss": 0.07430006563663483, "acc": 0.9741587042808533, "length": 3.999903917312622, "mode": "train", "epoch": 78}
{"loss": 0.27743375301361084, "acc": 0.9338541626930237, "length": 4.0, "mode": "test", "epoch": 78}
{"loss": 0.08464102447032928, "acc": 0.9741560220718384, "length": 3.9998579025268555, "mode": "train", "epoch": 79}
{"loss": 0.24169635772705078, "acc": 0.9343750476837158, "length": 4.0, "mode": "test", "epoch": 79}
{"loss": 0.08236895501613617, "acc": 0.9692708253860474, "length": 3.99991512298584, "mode": "train", "epoch": 80}
{"loss": 0.2709778845310211, "acc": 0.9359375238418579, "length": 4.0, "mode": "test", "epoch": 80}
{"loss": 0.07465411722660065, "acc": 0.9741577506065369, "length": 3.9998836517333984, "mode": "train", "epoch": 81}
{"loss": 0.26067057251930237, "acc": 0.9354166388511658, "length": 4.0, "mode": "test", "epoch": 81}
{"loss": 0.07222996652126312, "acc": 0.9739859104156494, "length": 3.99995493888855, "mode": "train", "epoch": 82}
{"loss": 0.21944092214107513, "acc": 0.9458333253860474, "length": 4.0, "mode": "test", "epoch": 82}
{"loss": 0.06548486649990082, "acc": 0.9764120578765869, "length": 3.9994001388549805, "mode": "train", "epoch": 83}
{"loss": 0.2346111387014389, "acc": 0.9463542103767395, "length": 4.0, "mode": "test", "epoch": 83}
{"loss": 0.05185946077108383, "acc": 0.9837579727172852, "length": 3.999847173690796, "mode": "train", "epoch": 84}
{"loss": 0.2637602686882019, "acc": 0.9390625357627869, "length": 4.0, "mode": "test", "epoch": 84}
{"loss": 0.07245095819234848, "acc": 0.9759060144424438, "length": 3.999951124191284, "mode": "train", "epoch": 85}
{"loss": 0.2557516396045685, "acc": 0.93854159116745, "length": 4.0, "mode": "test", "epoch": 85}
{"loss": 0.08118574321269989, "acc": 0.9758984446525574, "length": 3.999739408493042, "mode": "train", "epoch": 86}
{"loss": 0.24007010459899902, "acc": 0.9442708492279053, "length": 4.0, "mode": "test", "epoch": 86}
{"loss": 0.07168453931808472, "acc": 0.9748592972755432, "length": 3.9999642372131348, "mode": "train", "epoch": 87}
{"loss": 0.22220346331596375, "acc": 0.9463542103767395, "length": 4.0, "mode": "test", "epoch": 87}
{"loss": 0.06500896066427231, "acc": 0.9792205095291138, "length": 3.999897003173828, "mode": "train", "epoch": 88}
{"loss": 0.2641502022743225, "acc": 0.9395832419395447, "length": 4.0, "mode": "test", "epoch": 88}
{"loss": 0.06495832651853561, "acc": 0.9785253405570984, "length": 3.999972105026245, "mode": "train", "epoch": 89}
{"loss": 0.21270248293876648, "acc": 0.9520832896232605, "length": 4.0, "mode": "test", "epoch": 89}
{"loss": 0.05958970636129379, "acc": 0.9809651374816895, "length": 3.999785900115967, "mode": "train", "epoch": 90}
{"loss": 0.3005133867263794, "acc": 0.9338541626930237, "length": 4.0, "mode": "test", "epoch": 90}
{"loss": 0.08160648494958878, "acc": 0.9717158079147339, "length": 3.9999208450317383, "mode": "train", "epoch": 91}
{"loss": 0.2444971799850464, "acc": 0.9432292580604553, "length": 4.0, "mode": "test", "epoch": 91}
{"loss": 0.0774368867278099, "acc": 0.9743349552154541, "length": 3.999953031539917, "mode": "train", "epoch": 92}
{"loss": 0.2571776211261749, "acc": 0.9390624761581421, "length": 4.0, "mode": "test", "epoch": 92}
{"loss": 0.08139227330684662, "acc": 0.9724158644676208, "length": 3.9999887943267822, "mode": "train", "epoch": 93}
{"loss": 0.2149622142314911, "acc": 0.9489583969116211, "length": 4.0, "mode": "test", "epoch": 93}
{"loss": 0.060067109763622284, "acc": 0.9776531457901001, "length": 3.999985456466675, "mode": "train", "epoch": 94}
{"loss": 0.2437548041343689, "acc": 0.947395920753479, "length": 4.0, "mode": "test", "epoch": 94}
{"loss": 0.07874628156423569, "acc": 0.9750329852104187, "length": 3.999929428100586, "mode": "train", "epoch": 95}
{"loss": 0.23943200707435608, "acc": 0.9447916746139526, "length": 4.0, "mode": "test", "epoch": 95}
{"loss": 0.07174535095691681, "acc": 0.9745091199874878, "length": 3.999946355819702, "mode": "train", "epoch": 96}
{"loss": 0.2527088522911072, "acc": 0.9442707896232605, "length": 4.0, "mode": "test", "epoch": 96}
{"loss": 0.0733003169298172, "acc": 0.9762563705444336, "length": 3.9999818801879883, "mode": "train", "epoch": 97}
{"loss": 0.22994357347488403, "acc": 0.9505208730697632, "length": 4.0, "mode": "test", "epoch": 97}
{"loss": 0.07647797465324402, "acc": 0.9746857285499573, "length": 3.9999961853027344, "mode": "train", "epoch": 98}
{"loss": 0.2617408037185669, "acc": 0.9375000596046448, "length": 4.0, "mode": "test", "epoch": 98}
{"loss": 0.08973821252584457, "acc": 0.9729394912719727, "length": 3.999985456466675, "mode": "train", "epoch": 99}
{"loss": 0.24496790766716003, "acc": 0.9416667222976685, "length": 4.0, "mode": "test", "epoch": 99}
{"loss": 0.07865355908870697, "acc": 0.9758985042572021, "length": 3.9997782707214355, "mode": "train", "epoch": 100}
{"loss": 0.23323076963424683, "acc": 0.9401042461395264, "length": 4.0, "mode": "test", "epoch": 100}
test accuracy: 0.7469262480735779
