# ["--attributes=3", "--values=4", "--game_size=4", "--vocab_size_factor=3", "--n_epochs=100", "--batch_size=64", "--learning_rate=0.0005", "--hidden_size=128", "--temp_update=0.97", "--temperature=1"]
Creating train_ds and val_ds...

Creating test_ds...
{"loss": 0.6991986036300659, "acc": 0.4904818534851074, "length": 3.6091558933258057, "mode": "train", "epoch": 1}
{"loss": 0.6937002539634705, "acc": 0.49006277322769165, "length": 1.0, "mode": "test", "epoch": 1}
{"loss": 0.6924366354942322, "acc": 0.5186970829963684, "length": 3.496872663497925, "mode": "train", "epoch": 2}
{"loss": 0.6926065683364868, "acc": 0.4963388442993164, "length": 1.0, "mode": "test", "epoch": 2}
{"loss": 0.69220370054245, "acc": 0.5180356502532959, "length": 3.490983009338379, "mode": "train", "epoch": 3}
{"loss": 0.6927464008331299, "acc": 0.5026150345802307, "length": 1.0, "mode": "test", "epoch": 3}
{"loss": 0.691478967666626, "acc": 0.5238022804260254, "length": 3.3408775329589844, "mode": "train", "epoch": 4}
{"loss": 0.6929506063461304, "acc": 0.4790794849395752, "length": 1.0, "mode": "test", "epoch": 4}
{"loss": 0.687739372253418, "acc": 0.5468422770500183, "length": 3.0045814514160156, "mode": "train", "epoch": 5}
{"loss": 0.6827476024627686, "acc": 0.5715454816818237, "length": 1.6150627136230469, "mode": "test", "epoch": 5}
{"loss": 0.6814435720443726, "acc": 0.5881521701812744, "length": 2.9812490940093994, "mode": "train", "epoch": 6}
{"loss": 0.6702181100845337, "acc": 0.6236646175384521, "length": 2.3430962562561035, "mode": "test", "epoch": 6}
{"loss": 0.6606388688087463, "acc": 0.6524936556816101, "length": 3.1601829528808594, "mode": "train", "epoch": 7}
{"loss": 0.645289421081543, "acc": 0.682746410369873, "length": 3.19665265083313, "mode": "test", "epoch": 7}
{"loss": 0.6248828172683716, "acc": 0.7147461771965027, "length": 3.534759759902954, "mode": "train", "epoch": 8}
{"loss": 0.5973849296569824, "acc": 0.7259657979011536, "length": 3.920502185821533, "mode": "test", "epoch": 8}
{"loss": 0.5626301765441895, "acc": 0.7476935982704163, "length": 3.8446648120880127, "mode": "train", "epoch": 9}
{"loss": 0.5659234523773193, "acc": 0.7228033542633057, "length": 4.0, "mode": "test", "epoch": 9}
{"loss": 0.5186372995376587, "acc": 0.7517646551132202, "length": 3.9494826793670654, "mode": "train", "epoch": 10}
{"loss": 0.5666455626487732, "acc": 0.7322174310684204, "length": 4.0, "mode": "test", "epoch": 10}
{"loss": 0.5126488208770752, "acc": 0.7648273706436157, "length": 3.9708428382873535, "mode": "train", "epoch": 11}
{"loss": 0.5696831345558167, "acc": 0.7160042524337769, "length": 4.0, "mode": "test", "epoch": 11}
{"loss": 0.4911910891532898, "acc": 0.7671234607696533, "length": 3.974644660949707, "mode": "train", "epoch": 12}
{"loss": 0.554443895816803, "acc": 0.7594141364097595, "length": 4.0, "mode": "test", "epoch": 12}
{"loss": 0.4831402003765106, "acc": 0.783261239528656, "length": 3.9719741344451904, "mode": "train", "epoch": 13}
{"loss": 0.5254114866256714, "acc": 0.7719663977622986, "length": 4.0, "mode": "test", "epoch": 13}
{"loss": 0.46764540672302246, "acc": 0.794264018535614, "length": 3.9883716106414795, "mode": "train", "epoch": 14}
{"loss": 0.5071914196014404, "acc": 0.7709203958511353, "length": 4.0, "mode": "test", "epoch": 14}
{"loss": 0.4497218728065491, "acc": 0.7947440147399902, "length": 3.9894626140594482, "mode": "train", "epoch": 15}
{"loss": 0.4989769458770752, "acc": 0.7792887091636658, "length": 4.0, "mode": "test", "epoch": 15}
{"loss": 0.4468400180339813, "acc": 0.8064610958099365, "length": 3.9900758266448975, "mode": "train", "epoch": 16}
{"loss": 0.4987558126449585, "acc": 0.7819039225578308, "length": 4.0, "mode": "test", "epoch": 16}
{"loss": 0.4338523745536804, "acc": 0.8067066073417664, "length": 3.990494728088379, "mode": "train", "epoch": 17}
{"loss": 0.4843928813934326, "acc": 0.7918410301208496, "length": 4.0, "mode": "test", "epoch": 17}
{"loss": 0.42349421977996826, "acc": 0.8175985217094421, "length": 3.990168571472168, "mode": "train", "epoch": 18}
{"loss": 0.4767034649848938, "acc": 0.7965482473373413, "length": 4.0, "mode": "test", "epoch": 18}
{"loss": 0.40836405754089355, "acc": 0.8198518753051758, "length": 3.9928297996520996, "mode": "train", "epoch": 19}
{"loss": 0.4706765413284302, "acc": 0.7955020666122437, "length": 4.0, "mode": "test", "epoch": 19}
{"loss": 0.4124394655227661, "acc": 0.8198841214179993, "length": 3.9953572750091553, "mode": "train", "epoch": 20}
{"loss": 0.4591287076473236, "acc": 0.8049163222312927, "length": 4.0, "mode": "test", "epoch": 20}
{"loss": 0.39453190565109253, "acc": 0.828241765499115, "length": 3.994405746459961, "mode": "train", "epoch": 21}
{"loss": 0.4480275809764862, "acc": 0.8002093434333801, "length": 4.0, "mode": "test", "epoch": 21}
{"loss": 0.3927074372768402, "acc": 0.8258286714553833, "length": 3.9909110069274902, "mode": "train", "epoch": 22}
{"loss": 0.4487020969390869, "acc": 0.8085774183273315, "length": 4.0, "mode": "test", "epoch": 22}
{"loss": 0.38488006591796875, "acc": 0.8288346529006958, "length": 3.9941327571868896, "mode": "train", "epoch": 23}
{"loss": 0.4380037486553192, "acc": 0.8127614855766296, "length": 4.0, "mode": "test", "epoch": 23}
{"loss": 0.37845611572265625, "acc": 0.8366548418998718, "length": 3.993314266204834, "mode": "train", "epoch": 24}
{"loss": 0.4295634627342224, "acc": 0.8226987719535828, "length": 4.0, "mode": "test", "epoch": 24}
{"loss": 0.3666144609451294, "acc": 0.8406870365142822, "length": 3.9914796352386475, "mode": "train", "epoch": 25}
{"loss": 0.4306553602218628, "acc": 0.8174686431884766, "length": 4.0, "mode": "test", "epoch": 25}
{"loss": 0.3783861994743347, "acc": 0.8414368033409119, "length": 3.994910717010498, "mode": "train", "epoch": 26}
{"loss": 0.420380175113678, "acc": 0.8258368968963623, "length": 4.0, "mode": "test", "epoch": 26}
{"loss": 0.3628872334957123, "acc": 0.8423049449920654, "length": 3.9944517612457275, "mode": "train", "epoch": 27}
{"loss": 0.4215186834335327, "acc": 0.8179916143417358, "length": 4.0, "mode": "test", "epoch": 27}
{"loss": 0.35720914602279663, "acc": 0.8437591791152954, "length": 3.9978201389312744, "mode": "train", "epoch": 28}
{"loss": 0.41198718547821045, "acc": 0.8310668468475342, "length": 4.0, "mode": "test", "epoch": 28}
{"loss": 0.35394740104675293, "acc": 0.8500924110412598, "length": 3.9991867542266846, "mode": "train", "epoch": 29}
{"loss": 0.41497936844825745, "acc": 0.828451931476593, "length": 4.0, "mode": "test", "epoch": 29}
{"loss": 0.34634503722190857, "acc": 0.853561520576477, "length": 3.9970638751983643, "mode": "train", "epoch": 30}
{"loss": 0.40658408403396606, "acc": 0.8321128487586975, "length": 4.0, "mode": "test", "epoch": 30}
{"loss": 0.340737521648407, "acc": 0.8512904644012451, "length": 3.9968371391296387, "mode": "train", "epoch": 31}
{"loss": 0.4072490334510803, "acc": 0.8274058699607849, "length": 4.0, "mode": "test", "epoch": 31}
{"loss": 0.3423559069633484, "acc": 0.8562381267547607, "length": 3.999842882156372, "mode": "train", "epoch": 32}
{"loss": 0.413339227437973, "acc": 0.8253136873245239, "length": 4.0, "mode": "test", "epoch": 32}
{"loss": 0.3465918302536011, "acc": 0.8600940704345703, "length": 3.999844551086426, "mode": "train", "epoch": 33}
{"loss": 0.4023977518081665, "acc": 0.831066906452179, "length": 4.0, "mode": "test", "epoch": 33}
{"loss": 0.33335280418395996, "acc": 0.8633870482444763, "length": 3.9980995655059814, "mode": "train", "epoch": 34}
{"loss": 0.40264204144477844, "acc": 0.8268827199935913, "length": 4.0, "mode": "test", "epoch": 34}
{"loss": 0.3178268074989319, "acc": 0.8593730926513672, "length": 3.9992337226867676, "mode": "train", "epoch": 35}
{"loss": 0.4016032814979553, "acc": 0.8352509140968323, "length": 4.0, "mode": "test", "epoch": 35}
{"loss": 0.3198501467704773, "acc": 0.8646381497383118, "length": 3.9994962215423584, "mode": "train", "epoch": 36}
{"loss": 0.40023595094680786, "acc": 0.8357741236686707, "length": 4.0, "mode": "test", "epoch": 36}
{"loss": 0.3166830539703369, "acc": 0.8692071437835693, "length": 3.9995667934417725, "mode": "train", "epoch": 37}
{"loss": 0.4020266532897949, "acc": 0.8336820602416992, "length": 4.0, "mode": "test", "epoch": 37}
{"loss": 0.2981884479522705, "acc": 0.8693682551383972, "length": 3.9982948303222656, "mode": "train", "epoch": 38}
{"loss": 0.391248494386673, "acc": 0.8410041332244873, "length": 4.0, "mode": "test", "epoch": 38}
{"loss": 0.30105847120285034, "acc": 0.8737506866455078, "length": 3.9979512691497803, "mode": "train", "epoch": 39}
{"loss": 0.38107389211654663, "acc": 0.8415271043777466, "length": 4.0, "mode": "test", "epoch": 39}
{"loss": 0.30446746945381165, "acc": 0.8705970048904419, "length": 3.9956510066986084, "mode": "train", "epoch": 40}
{"loss": 0.3727976977825165, "acc": 0.8472802639007568, "length": 4.0, "mode": "test", "epoch": 40}
{"loss": 0.29911282658576965, "acc": 0.8765749335289001, "length": 3.999908208847046, "mode": "train", "epoch": 41}
{"loss": 0.3888542056083679, "acc": 0.8430961966514587, "length": 4.0, "mode": "test", "epoch": 41}
{"loss": 0.30485808849334717, "acc": 0.8744115829467773, "length": 3.9943296909332275, "mode": "train", "epoch": 42}
{"loss": 0.38418900966644287, "acc": 0.8457114100456238, "length": 4.0, "mode": "test", "epoch": 42}
{"loss": 0.30279186367988586, "acc": 0.877147376537323, "length": 3.995512008666992, "mode": "train", "epoch": 43}
{"loss": 0.3858153223991394, "acc": 0.8493723273277283, "length": 4.0, "mode": "test", "epoch": 43}
{"loss": 0.2945106029510498, "acc": 0.8781467080116272, "length": 3.999769449234009, "mode": "train", "epoch": 44}
{"loss": 0.38920366764068604, "acc": 0.8394351005554199, "length": 4.0, "mode": "test", "epoch": 44}
{"loss": 0.2913357615470886, "acc": 0.8772779703140259, "length": 3.9999420642852783, "mode": "train", "epoch": 45}
{"loss": 0.38614702224731445, "acc": 0.845711350440979, "length": 4.0, "mode": "test", "epoch": 45}
{"loss": 0.2913576364517212, "acc": 0.8737102746963501, "length": 3.998119354248047, "mode": "train", "epoch": 46}
{"loss": 0.39126214385032654, "acc": 0.8467574715614319, "length": 4.0, "mode": "test", "epoch": 46}
{"loss": 0.28404223918914795, "acc": 0.8807496428489685, "length": 3.9985098838806152, "mode": "train", "epoch": 47}
{"loss": 0.38397783041000366, "acc": 0.8446652293205261, "length": 4.0, "mode": "test", "epoch": 47}
{"loss": 0.2868967652320862, "acc": 0.8839399218559265, "length": 3.999969959259033, "mode": "train", "epoch": 48}
{"loss": 0.3835799992084503, "acc": 0.8467574119567871, "length": 4.0, "mode": "test", "epoch": 48}
{"loss": 0.2822169065475464, "acc": 0.8805938363075256, "length": 3.9997315406799316, "mode": "train", "epoch": 49}
{"loss": 0.38139715790748596, "acc": 0.851987361907959, "length": 4.0, "mode": "test", "epoch": 49}
{"loss": 0.28762727975845337, "acc": 0.8842853903770447, "length": 3.999833583831787, "mode": "train", "epoch": 50}
{"loss": 0.3736300468444824, "acc": 0.8561714887619019, "length": 4.0, "mode": "test", "epoch": 50}
{"loss": 0.27864885330200195, "acc": 0.8844262957572937, "length": 3.9984285831451416, "mode": "train", "epoch": 51}
{"loss": 0.37195008993148804, "acc": 0.8488492965698242, "length": 4.0, "mode": "test", "epoch": 51}
{"loss": 0.2676284909248352, "acc": 0.8907724022865295, "length": 3.9997878074645996, "mode": "train", "epoch": 52}
{"loss": 0.3967626690864563, "acc": 0.8462344408035278, "length": 4.0, "mode": "test", "epoch": 52}
{"loss": 0.28086376190185547, "acc": 0.8825284838676453, "length": 3.999631643295288, "mode": "train", "epoch": 53}
{"loss": 0.3798760175704956, "acc": 0.8519874215126038, "length": 4.0, "mode": "test", "epoch": 53}
{"loss": 0.2720475494861603, "acc": 0.8916140794754028, "length": 3.9988012313842773, "mode": "train", "epoch": 54}
{"loss": 0.3819176256656647, "acc": 0.8593095541000366, "length": 4.0, "mode": "test", "epoch": 54}
{"loss": 0.2741847634315491, "acc": 0.8858636021614075, "length": 3.9997847080230713, "mode": "train", "epoch": 55}
{"loss": 0.37684935331344604, "acc": 0.862970769405365, "length": 4.0, "mode": "test", "epoch": 55}
{"loss": 0.28997451066970825, "acc": 0.8900068402290344, "length": 3.998546838760376, "mode": "train", "epoch": 56}
{"loss": 0.3637657165527344, "acc": 0.8593096137046814, "length": 4.0, "mode": "test", "epoch": 56}
{"loss": 0.2757258415222168, "acc": 0.8910810351371765, "length": 3.998753309249878, "mode": "train", "epoch": 57}
{"loss": 0.3743647038936615, "acc": 0.857740581035614, "length": 4.0, "mode": "test", "epoch": 57}
{"loss": 0.26182353496551514, "acc": 0.8985986113548279, "length": 3.9986424446105957, "mode": "train", "epoch": 58}
{"loss": 0.37291109561920166, "acc": 0.8608787655830383, "length": 4.0, "mode": "test", "epoch": 58}
{"loss": 0.2623717784881592, "acc": 0.8979549407958984, "length": 3.9996986389160156, "mode": "train", "epoch": 59}
{"loss": 0.35509875416755676, "acc": 0.8661088347434998, "length": 4.0, "mode": "test", "epoch": 59}
{"loss": 0.259569376707077, "acc": 0.8930241465568542, "length": 3.999422073364258, "mode": "train", "epoch": 60}
{"loss": 0.35541248321533203, "acc": 0.8640167117118835, "length": 4.0, "mode": "test", "epoch": 60}
{"loss": 0.2617177665233612, "acc": 0.8967317938804626, "length": 3.999864101409912, "mode": "train", "epoch": 61}
{"loss": 0.3401173949241638, "acc": 0.8776150345802307, "length": 4.0, "mode": "test", "epoch": 61}
{"loss": 0.25697240233421326, "acc": 0.9005688428878784, "length": 3.9995617866516113, "mode": "train", "epoch": 62}
{"loss": 0.3538289964199066, "acc": 0.8713388442993164, "length": 4.0, "mode": "test", "epoch": 62}
{"loss": 0.2614602744579315, "acc": 0.9019755125045776, "length": 3.99953031539917, "mode": "train", "epoch": 63}
{"loss": 0.34146514534950256, "acc": 0.8697697520256042, "length": 4.0, "mode": "test", "epoch": 63}
{"loss": 0.2438180148601532, "acc": 0.9021608829498291, "length": 3.999774932861328, "mode": "train", "epoch": 64}
{"loss": 0.35124221444129944, "acc": 0.874476969242096, "length": 4.0, "mode": "test", "epoch": 64}
{"loss": 0.24933072924613953, "acc": 0.9044391512870789, "length": 3.9997856616973877, "mode": "train", "epoch": 65}
{"loss": 0.3354129493236542, "acc": 0.8723850250244141, "length": 4.0, "mode": "test", "epoch": 65}
{"loss": 0.24824950098991394, "acc": 0.8960339426994324, "length": 3.9999008178710938, "mode": "train", "epoch": 66}
{"loss": 0.33926182985305786, "acc": 0.8676778674125671, "length": 4.0, "mode": "test", "epoch": 66}
{"loss": 0.25533682107925415, "acc": 0.904423713684082, "length": 3.9994590282440186, "mode": "train", "epoch": 67}
{"loss": 0.3270910382270813, "acc": 0.8765689134597778, "length": 4.0, "mode": "test", "epoch": 67}
{"loss": 0.24368439614772797, "acc": 0.9074331521987915, "length": 3.9999945163726807, "mode": "train", "epoch": 68}
{"loss": 0.33011072874069214, "acc": 0.8776149153709412, "length": 4.0, "mode": "test", "epoch": 68}
{"loss": 0.24141399562358856, "acc": 0.903049886226654, "length": 3.999983310699463, "mode": "train", "epoch": 69}
{"loss": 0.3413906395435333, "acc": 0.8781381249427795, "length": 4.0, "mode": "test", "epoch": 69}
{"loss": 0.2340865433216095, "acc": 0.9069043397903442, "length": 3.999950408935547, "mode": "train", "epoch": 70}
{"loss": 0.32383882999420166, "acc": 0.872384786605835, "length": 4.0, "mode": "test", "epoch": 70}
{"loss": 0.23911045491695404, "acc": 0.9081336259841919, "length": 3.99998140335083, "mode": "train", "epoch": 71}
{"loss": 0.3424678444862366, "acc": 0.8702929019927979, "length": 4.0, "mode": "test", "epoch": 71}
{"loss": 0.2430502027273178, "acc": 0.9094128608703613, "length": 3.998356342315674, "mode": "train", "epoch": 72}
{"loss": 0.33883097767829895, "acc": 0.875, "length": 4.0, "mode": "test", "epoch": 72}
{"loss": 0.24386227130889893, "acc": 0.9060250520706177, "length": 3.999892473220825, "mode": "train", "epoch": 73}
{"loss": 0.3360799252986908, "acc": 0.871338963508606, "length": 4.0, "mode": "test", "epoch": 73}
{"loss": 0.2346496880054474, "acc": 0.9081341028213501, "length": 3.9999914169311523, "mode": "train", "epoch": 74}
{"loss": 0.34180158376693726, "acc": 0.8718618750572205, "length": 4.0, "mode": "test", "epoch": 74}
{"loss": 0.23448482155799866, "acc": 0.9133864045143127, "length": 3.9998459815979004, "mode": "train", "epoch": 75}
{"loss": 0.34101027250289917, "acc": 0.8692469000816345, "length": 4.0, "mode": "test", "epoch": 75}
{"loss": 0.2354401797056198, "acc": 0.9116356372833252, "length": 3.999927520751953, "mode": "train", "epoch": 76}
{"loss": 0.33078494668006897, "acc": 0.8823221325874329, "length": 4.0, "mode": "test", "epoch": 76}
{"loss": 0.22686585783958435, "acc": 0.9161971211433411, "length": 3.9999654293060303, "mode": "train", "epoch": 77}
{"loss": 0.33035796880722046, "acc": 0.8760460019111633, "length": 4.0, "mode": "test", "epoch": 77}
{"loss": 0.22909170389175415, "acc": 0.9065547585487366, "length": 3.9999592304229736, "mode": "train", "epoch": 78}
{"loss": 0.34697508811950684, "acc": 0.8671548962593079, "length": 4.0, "mode": "test", "epoch": 78}
{"loss": 0.23585277795791626, "acc": 0.9037493467330933, "length": 3.999931812286377, "mode": "train", "epoch": 79}
{"loss": 0.3335453271865845, "acc": 0.8760459423065186, "length": 4.0, "mode": "test", "epoch": 79}
{"loss": 0.2243501842021942, "acc": 0.9174255728721619, "length": 3.999986410140991, "mode": "train", "epoch": 80}
{"loss": 0.3357970416545868, "acc": 0.8817991614341736, "length": 4.0, "mode": "test", "epoch": 80}
{"loss": 0.22394007444381714, "acc": 0.916371762752533, "length": 3.999955177307129, "mode": "train", "epoch": 81}
{"loss": 0.3303098678588867, "acc": 0.8849372267723083, "length": 4.0, "mode": "test", "epoch": 81}
{"loss": 0.225488543510437, "acc": 0.9137440323829651, "length": 3.9999890327453613, "mode": "train", "epoch": 82}
{"loss": 0.31780344247817993, "acc": 0.8838911056518555, "length": 4.0, "mode": "test", "epoch": 82}
{"loss": 0.22382518649101257, "acc": 0.9163739681243896, "length": 3.9999921321868896, "mode": "train", "epoch": 83}
{"loss": 0.31679874658584595, "acc": 0.8749998807907104, "length": 4.0, "mode": "test", "epoch": 83}
{"loss": 0.22797062993049622, "acc": 0.9105856418609619, "length": 3.999943256378174, "mode": "train", "epoch": 84}
{"loss": 0.3384374678134918, "acc": 0.8723850250244141, "length": 4.0, "mode": "test", "epoch": 84}
{"loss": 0.2328968346118927, "acc": 0.9160011410713196, "length": 3.999562978744507, "mode": "train", "epoch": 85}
{"loss": 0.32642653584480286, "acc": 0.8687238693237305, "length": 4.0, "mode": "test", "epoch": 85}
{"loss": 0.22560004889965057, "acc": 0.9117509722709656, "length": 3.9990673065185547, "mode": "train", "epoch": 86}
{"loss": 0.31942346692085266, "acc": 0.8844140768051147, "length": 4.0, "mode": "test", "epoch": 86}
{"loss": 0.22256164252758026, "acc": 0.9168976545333862, "length": 3.997257709503174, "mode": "train", "epoch": 87}
{"loss": 0.32979294657707214, "acc": 0.8823221921920776, "length": 4.0, "mode": "test", "epoch": 87}
{"loss": 0.22219131886959076, "acc": 0.9172467589378357, "length": 3.999948024749756, "mode": "train", "epoch": 88}
{"loss": 0.3274111747741699, "acc": 0.8833680748939514, "length": 4.0, "mode": "test", "epoch": 88}
{"loss": 0.22041194140911102, "acc": 0.914967954158783, "length": 3.9999208450317383, "mode": "train", "epoch": 89}
{"loss": 0.3222354054450989, "acc": 0.883368194103241, "length": 4.0, "mode": "test", "epoch": 89}
{"loss": 0.22358636558055878, "acc": 0.9191622138023376, "length": 3.9997048377990723, "mode": "train", "epoch": 90}
{"loss": 0.30086588859558105, "acc": 0.892259418964386, "length": 4.0, "mode": "test", "epoch": 90}
{"loss": 0.22475343942642212, "acc": 0.9196987152099609, "length": 3.999882936477661, "mode": "train", "epoch": 91}
{"loss": 0.3103163242340088, "acc": 0.8838911056518555, "length": 4.0, "mode": "test", "epoch": 91}
{"loss": 0.20616865158081055, "acc": 0.9204054474830627, "length": 3.9999756813049316, "mode": "train", "epoch": 92}
{"loss": 0.3127356469631195, "acc": 0.8901673555374146, "length": 4.0, "mode": "test", "epoch": 92}
{"loss": 0.20760080218315125, "acc": 0.9188281893730164, "length": 3.999988317489624, "mode": "train", "epoch": 93}
{"loss": 0.3196633756160736, "acc": 0.8833680748939514, "length": 4.0, "mode": "test", "epoch": 93}
{"loss": 0.22205214202404022, "acc": 0.9170747995376587, "length": 3.9999842643737793, "mode": "train", "epoch": 94}
{"loss": 0.3095654845237732, "acc": 0.8891212344169617, "length": 4.0, "mode": "test", "epoch": 94}
{"loss": 0.21592651307582855, "acc": 0.921107292175293, "length": 3.9999892711639404, "mode": "train", "epoch": 95}
{"loss": 0.30392107367515564, "acc": 0.883368194103241, "length": 4.0, "mode": "test", "epoch": 95}
{"loss": 0.2134915590286255, "acc": 0.9212571978569031, "length": 3.999180316925049, "mode": "train", "epoch": 96}
{"loss": 0.31226056814193726, "acc": 0.890690267086029, "length": 4.0, "mode": "test", "epoch": 96}
{"loss": 0.2184586524963379, "acc": 0.921633780002594, "length": 3.9999969005584717, "mode": "train", "epoch": 97}
{"loss": 0.32225847244262695, "acc": 0.8880752921104431, "length": 4.0, "mode": "test", "epoch": 97}
{"loss": 0.21083322167396545, "acc": 0.9204026460647583, "length": 3.99993896484375, "mode": "train", "epoch": 98}
{"loss": 0.3106037974357605, "acc": 0.8885983228683472, "length": 4.0, "mode": "test", "epoch": 98}
{"loss": 0.20173770189285278, "acc": 0.9244294762611389, "length": 3.9998185634613037, "mode": "train", "epoch": 99}
{"loss": 0.31109902262687683, "acc": 0.889644205570221, "length": 4.0, "mode": "test", "epoch": 99}
{"loss": 0.2108059972524643, "acc": 0.9237260818481445, "length": 3.9997944831848145, "mode": "train", "epoch": 100}
{"loss": 0.29831114411354065, "acc": 0.8953973650932312, "length": 4.0, "mode": "test", "epoch": 100}
test accuracy: 0.8634072542190552
