# ["--attributes=3", "--values=4", "--game_size=4", "--vocab_size_factor=3", "--n_epochs=100", "--batch_size=64", "--learning_rate=0.0005", "--hidden_size=128", "--temp_update=0.99", "--temperature=1.5"]
Creating train_ds and val_ds...

Creating test_ds...
{"loss": 0.6960846185684204, "acc": 0.5080780982971191, "length": 3.6154837608337402, "mode": "train", "epoch": 1}
{"loss": 0.6924288272857666, "acc": 0.5224895477294922, "length": 1.0, "mode": "test", "epoch": 1}
{"loss": 0.6935973167419434, "acc": 0.509086549282074, "length": 3.5809638500213623, "mode": "train", "epoch": 2}
{"loss": 0.6917494535446167, "acc": 0.49956169724464417, "length": 1.1255229711532593, "mode": "test", "epoch": 2}
{"loss": 0.6926383972167969, "acc": 0.5202306509017944, "length": 3.5448760986328125, "mode": "train", "epoch": 3}
{"loss": 0.6859836578369141, "acc": 0.5628497004508972, "length": 1.7071130275726318, "mode": "test", "epoch": 3}
{"loss": 0.6924871206283569, "acc": 0.5310736298561096, "length": 3.5041487216949463, "mode": "train", "epoch": 4}
{"loss": 0.6854265928268433, "acc": 0.55460125207901, "length": 1.8410041332244873, "mode": "test", "epoch": 4}
{"loss": 0.6875283122062683, "acc": 0.5567142367362976, "length": 3.236680030822754, "mode": "train", "epoch": 5}
{"loss": 0.6775273084640503, "acc": 0.6220161318778992, "length": 2.1673641204833984, "mode": "test", "epoch": 5}
{"loss": 0.6745333075523376, "acc": 0.627353847026825, "length": 3.1872339248657227, "mode": "train", "epoch": 6}
{"loss": 0.6534364819526672, "acc": 0.6580145955085754, "length": 3.510460138320923, "mode": "test", "epoch": 6}
{"loss": 0.6462787985801697, "acc": 0.6657412648200989, "length": 3.4441909790039062, "mode": "train", "epoch": 7}
{"loss": 0.626839816570282, "acc": 0.6647489666938782, "length": 4.0, "mode": "test", "epoch": 7}
{"loss": 0.5995388031005859, "acc": 0.6805564761161804, "length": 3.803830862045288, "mode": "train", "epoch": 8}
{"loss": 0.6215502023696899, "acc": 0.6631799340248108, "length": 4.0, "mode": "test", "epoch": 8}
{"loss": 0.5851935148239136, "acc": 0.6836528778076172, "length": 3.898043632507324, "mode": "train", "epoch": 9}
{"loss": 0.6156737804412842, "acc": 0.6694560647010803, "length": 4.0, "mode": "test", "epoch": 9}
{"loss": 0.5677482485771179, "acc": 0.7095263004302979, "length": 3.9056880474090576, "mode": "train", "epoch": 10}
{"loss": 0.6033735275268555, "acc": 0.6820083856582642, "length": 4.0, "mode": "test", "epoch": 10}
{"loss": 0.5549964904785156, "acc": 0.7288117408752441, "length": 3.9216761589050293, "mode": "train", "epoch": 11}
{"loss": 0.5811264514923096, "acc": 0.7248955368995667, "length": 4.0, "mode": "test", "epoch": 11}
{"loss": 0.5318921804428101, "acc": 0.7460405826568604, "length": 3.927684783935547, "mode": "train", "epoch": 12}
{"loss": 0.5503206849098206, "acc": 0.7426777482032776, "length": 4.0, "mode": "test", "epoch": 12}
{"loss": 0.5091208815574646, "acc": 0.7886877059936523, "length": 3.946366786956787, "mode": "train", "epoch": 13}
{"loss": 0.5223162174224854, "acc": 0.758891224861145, "length": 4.0, "mode": "test", "epoch": 13}
{"loss": 0.46809154748916626, "acc": 0.7985197901725769, "length": 3.9634830951690674, "mode": "train", "epoch": 14}
{"loss": 0.512115478515625, "acc": 0.7730125784873962, "length": 4.0, "mode": "test", "epoch": 14}
{"loss": 0.44695863127708435, "acc": 0.8072144389152527, "length": 3.9750068187713623, "mode": "train", "epoch": 15}
{"loss": 0.49292778968811035, "acc": 0.7876569032669067, "length": 4.0, "mode": "test", "epoch": 15}
{"loss": 0.42866250872612, "acc": 0.8204821944236755, "length": 3.98102068901062, "mode": "train", "epoch": 16}
{"loss": 0.4888434112071991, "acc": 0.7740585803985596, "length": 4.0, "mode": "test", "epoch": 16}
{"loss": 0.4266362190246582, "acc": 0.8158897161483765, "length": 3.9828550815582275, "mode": "train", "epoch": 17}
{"loss": 0.48894840478897095, "acc": 0.8023013472557068, "length": 4.0, "mode": "test", "epoch": 17}
{"loss": 0.4039610028266907, "acc": 0.8273076415061951, "length": 3.9863507747650146, "mode": "train", "epoch": 18}
{"loss": 0.47970664501190186, "acc": 0.7892259359359741, "length": 4.0, "mode": "test", "epoch": 18}
{"loss": 0.4037410020828247, "acc": 0.832909882068634, "length": 3.9858641624450684, "mode": "train", "epoch": 19}
{"loss": 0.46712833642959595, "acc": 0.7881799340248108, "length": 4.0, "mode": "test", "epoch": 19}
{"loss": 0.39624327421188354, "acc": 0.8334727883338928, "length": 3.989814281463623, "mode": "train", "epoch": 20}
{"loss": 0.47472959756851196, "acc": 0.7975941300392151, "length": 4.0, "mode": "test", "epoch": 20}
{"loss": 0.3814088702201843, "acc": 0.8346011638641357, "length": 3.9915452003479004, "mode": "train", "epoch": 21}
{"loss": 0.4615670144557953, "acc": 0.7944560647010803, "length": 4.0, "mode": "test", "epoch": 21}
{"loss": 0.37253373861312866, "acc": 0.842791736125946, "length": 3.992279291152954, "mode": "train", "epoch": 22}
{"loss": 0.46129003167152405, "acc": 0.8117154836654663, "length": 4.0, "mode": "test", "epoch": 22}
{"loss": 0.36916595697402954, "acc": 0.8416128158569336, "length": 3.9936106204986572, "mode": "train", "epoch": 23}
{"loss": 0.4601185917854309, "acc": 0.8033473491668701, "length": 4.0, "mode": "test", "epoch": 23}
{"loss": 0.36619502305984497, "acc": 0.847398042678833, "length": 3.9936506748199463, "mode": "train", "epoch": 24}
{"loss": 0.45006605982780457, "acc": 0.8127614855766296, "length": 4.0, "mode": "test", "epoch": 24}
{"loss": 0.3697253465652466, "acc": 0.8523037433624268, "length": 3.9947640895843506, "mode": "train", "epoch": 25}
{"loss": 0.44136834144592285, "acc": 0.8101464509963989, "length": 4.0, "mode": "test", "epoch": 25}
{"loss": 0.3573150038719177, "acc": 0.8524606227874756, "length": 3.993088722229004, "mode": "train", "epoch": 26}
{"loss": 0.4361235201358795, "acc": 0.819560706615448, "length": 4.0, "mode": "test", "epoch": 26}
{"loss": 0.36073964834213257, "acc": 0.8540700078010559, "length": 3.9947075843811035, "mode": "train", "epoch": 27}
{"loss": 0.4349813759326935, "acc": 0.8127615451812744, "length": 4.0, "mode": "test", "epoch": 27}
{"loss": 0.36313220858573914, "acc": 0.8561301231384277, "length": 3.994405746459961, "mode": "train", "epoch": 28}
{"loss": 0.44821515679359436, "acc": 0.8185145854949951, "length": 4.0, "mode": "test", "epoch": 28}
{"loss": 0.34973645210266113, "acc": 0.8572449088096619, "length": 3.9968583583831787, "mode": "train", "epoch": 29}
{"loss": 0.4252362549304962, "acc": 0.8226988315582275, "length": 4.0, "mode": "test", "epoch": 29}
{"loss": 0.3378906846046448, "acc": 0.8586633205413818, "length": 3.997649908065796, "mode": "train", "epoch": 30}
{"loss": 0.42395085096359253, "acc": 0.8247908353805542, "length": 4.0, "mode": "test", "epoch": 30}
{"loss": 0.3284088671207428, "acc": 0.8567342162132263, "length": 3.9974944591522217, "mode": "train", "epoch": 31}
{"loss": 0.4288580119609833, "acc": 0.8206065893173218, "length": 4.0, "mode": "test", "epoch": 31}
{"loss": 0.33792853355407715, "acc": 0.8630234003067017, "length": 3.9969279766082764, "mode": "train", "epoch": 32}
{"loss": 0.4284862279891968, "acc": 0.8206067681312561, "length": 4.0, "mode": "test", "epoch": 32}
{"loss": 0.3346605896949768, "acc": 0.8600350022315979, "length": 3.9966976642608643, "mode": "train", "epoch": 33}
{"loss": 0.4328916668891907, "acc": 0.8138076066970825, "length": 4.0, "mode": "test", "epoch": 33}
{"loss": 0.330355167388916, "acc": 0.8630465865135193, "length": 3.997993230819702, "mode": "train", "epoch": 34}
{"loss": 0.4165188670158386, "acc": 0.8211297988891602, "length": 4.0, "mode": "test", "epoch": 34}
{"loss": 0.327095091342926, "acc": 0.8663775324821472, "length": 3.9980711936950684, "mode": "train", "epoch": 35}
{"loss": 0.41320109367370605, "acc": 0.829497754573822, "length": 4.0, "mode": "test", "epoch": 35}
{"loss": 0.33660563826560974, "acc": 0.8670791387557983, "length": 3.997948169708252, "mode": "train", "epoch": 36}
{"loss": 0.4189120829105377, "acc": 0.8279289603233337, "length": 4.0, "mode": "test", "epoch": 36}
{"loss": 0.3225129246711731, "acc": 0.8656843304634094, "length": 3.9985361099243164, "mode": "train", "epoch": 37}
{"loss": 0.4185076653957367, "acc": 0.8326359391212463, "length": 4.0, "mode": "test", "epoch": 37}
{"loss": 0.3171660006046295, "acc": 0.8684927821159363, "length": 3.9987738132476807, "mode": "train", "epoch": 38}
{"loss": 0.4013074040412903, "acc": 0.8410042524337769, "length": 4.0, "mode": "test", "epoch": 38}
{"loss": 0.3214220404624939, "acc": 0.8700689077377319, "length": 3.9987142086029053, "mode": "train", "epoch": 39}
{"loss": 0.40493258833885193, "acc": 0.8399580121040344, "length": 4.0, "mode": "test", "epoch": 39}
{"loss": 0.3169317841529846, "acc": 0.8753167986869812, "length": 3.9984655380249023, "mode": "train", "epoch": 40}
{"loss": 0.4025071859359741, "acc": 0.8404812216758728, "length": 4.0, "mode": "test", "epoch": 40}
{"loss": 0.3198399841785431, "acc": 0.8742831349372864, "length": 3.9990994930267334, "mode": "train", "epoch": 41}
{"loss": 0.408991277217865, "acc": 0.8305439352989197, "length": 4.0, "mode": "test", "epoch": 41}
{"loss": 0.3223409652709961, "acc": 0.876368522644043, "length": 3.9984402656555176, "mode": "train", "epoch": 42}
{"loss": 0.4027188718318939, "acc": 0.8410040736198425, "length": 4.0, "mode": "test", "epoch": 42}
{"loss": 0.3052802085876465, "acc": 0.8728867769241333, "length": 3.9995031356811523, "mode": "train", "epoch": 43}
{"loss": 0.40812167525291443, "acc": 0.8430963158607483, "length": 4.0, "mode": "test", "epoch": 43}
{"loss": 0.31382185220718384, "acc": 0.8742832541465759, "length": 3.9992682933807373, "mode": "train", "epoch": 44}
{"loss": 0.399842768907547, "acc": 0.8399580121040344, "length": 4.0, "mode": "test", "epoch": 44}
{"loss": 0.30480721592903137, "acc": 0.8746044039726257, "length": 3.9968008995056152, "mode": "train", "epoch": 45}
{"loss": 0.4135119318962097, "acc": 0.8368200659751892, "length": 4.0, "mode": "test", "epoch": 45}
{"loss": 0.3097311854362488, "acc": 0.8702188730239868, "length": 3.997464179992676, "mode": "train", "epoch": 46}
{"loss": 0.3958495259284973, "acc": 0.8441423177719116, "length": 4.0, "mode": "test", "epoch": 46}
{"loss": 0.3126441240310669, "acc": 0.8730533123016357, "length": 3.99947190284729, "mode": "train", "epoch": 47}
{"loss": 0.3896195888519287, "acc": 0.8483263254165649, "length": 4.0, "mode": "test", "epoch": 47}
{"loss": 0.29574286937713623, "acc": 0.8800700306892395, "length": 3.999419927597046, "mode": "train", "epoch": 48}
{"loss": 0.3861464858055115, "acc": 0.8493723273277283, "length": 4.0, "mode": "test", "epoch": 48}
{"loss": 0.29265230894088745, "acc": 0.8828769326210022, "length": 3.999446392059326, "mode": "train", "epoch": 49}
{"loss": 0.3850136399269104, "acc": 0.8493725061416626, "length": 4.0, "mode": "test", "epoch": 49}
{"loss": 0.2992706298828125, "acc": 0.8821724653244019, "length": 3.999481678009033, "mode": "train", "epoch": 50}
{"loss": 0.3853367865085602, "acc": 0.8504183292388916, "length": 4.0, "mode": "test", "epoch": 50}
{"loss": 0.2759013772010803, "acc": 0.8872566223144531, "length": 3.999497652053833, "mode": "train", "epoch": 51}
{"loss": 0.4053608775138855, "acc": 0.8493723273277283, "length": 4.0, "mode": "test", "epoch": 51}
{"loss": 0.28600403666496277, "acc": 0.8844600319862366, "length": 3.999696731567383, "mode": "train", "epoch": 52}
{"loss": 0.3821733891963959, "acc": 0.8572174906730652, "length": 4.0, "mode": "test", "epoch": 52}
{"loss": 0.27999502420425415, "acc": 0.887730062007904, "length": 3.9983928203582764, "mode": "train", "epoch": 53}
{"loss": 0.38536983728408813, "acc": 0.859309732913971, "length": 4.0, "mode": "test", "epoch": 53}
{"loss": 0.27094748616218567, "acc": 0.8923479318618774, "length": 3.9997081756591797, "mode": "train", "epoch": 54}
{"loss": 0.37973928451538086, "acc": 0.8624476790428162, "length": 4.0, "mode": "test", "epoch": 54}
{"loss": 0.2691923975944519, "acc": 0.8872666954994202, "length": 3.9998037815093994, "mode": "train", "epoch": 55}
{"loss": 0.3777002692222595, "acc": 0.8593095541000366, "length": 4.0, "mode": "test", "epoch": 55}
{"loss": 0.26301977038383484, "acc": 0.890598475933075, "length": 3.999828338623047, "mode": "train", "epoch": 56}
{"loss": 0.3883558511734009, "acc": 0.8556484580039978, "length": 4.0, "mode": "test", "epoch": 56}
{"loss": 0.26517850160598755, "acc": 0.8888407945632935, "length": 3.999708890914917, "mode": "train", "epoch": 57}
{"loss": 0.3894100785255432, "acc": 0.8582635521888733, "length": 4.0, "mode": "test", "epoch": 57}
{"loss": 0.2695324420928955, "acc": 0.8902499675750732, "length": 3.99991512298584, "mode": "train", "epoch": 58}
{"loss": 0.3859630525112152, "acc": 0.8561714887619019, "length": 4.0, "mode": "test", "epoch": 58}
{"loss": 0.283672034740448, "acc": 0.8918070197105408, "length": 3.9992241859436035, "mode": "train", "epoch": 59}
{"loss": 0.3948248028755188, "acc": 0.8577406406402588, "length": 4.0, "mode": "test", "epoch": 59}
{"loss": 0.2694203853607178, "acc": 0.8935787677764893, "length": 3.9998092651367188, "mode": "train", "epoch": 60}
{"loss": 0.38742995262145996, "acc": 0.860355794429779, "length": 4.0, "mode": "test", "epoch": 60}
{"loss": 0.26652806997299194, "acc": 0.897778332233429, "length": 3.999502182006836, "mode": "train", "epoch": 61}
{"loss": 0.3935580849647522, "acc": 0.8525104522705078, "length": 4.0, "mode": "test", "epoch": 61}
{"loss": 0.2740097641944885, "acc": 0.8984849452972412, "length": 3.9997665882110596, "mode": "train", "epoch": 62}
{"loss": 0.377522736787796, "acc": 0.8640167117118835, "length": 4.0, "mode": "test", "epoch": 62}
{"loss": 0.2623416781425476, "acc": 0.8998002409934998, "length": 3.997817039489746, "mode": "train", "epoch": 63}
{"loss": 0.38170820474624634, "acc": 0.8608787059783936, "length": 4.0, "mode": "test", "epoch": 63}
{"loss": 0.26469409465789795, "acc": 0.8998879790306091, "length": 3.9995996952056885, "mode": "train", "epoch": 64}
{"loss": 0.38014930486679077, "acc": 0.85721755027771, "length": 4.0, "mode": "test", "epoch": 64}
{"loss": 0.2561318874359131, "acc": 0.897612452507019, "length": 3.9999001026153564, "mode": "train", "epoch": 65}
{"loss": 0.38883277773857117, "acc": 0.862970769405365, "length": 4.0, "mode": "test", "epoch": 65}
{"loss": 0.26535433530807495, "acc": 0.8974348306655884, "length": 3.9998250007629395, "mode": "train", "epoch": 66}
{"loss": 0.36653706431388855, "acc": 0.871338963508606, "length": 4.0, "mode": "test", "epoch": 66}
{"loss": 0.26204097270965576, "acc": 0.8970847725868225, "length": 3.9998719692230225, "mode": "train", "epoch": 67}
{"loss": 0.38621944189071655, "acc": 0.8640167117118835, "length": 4.0, "mode": "test", "epoch": 67}
{"loss": 0.2744121253490448, "acc": 0.8930558562278748, "length": 3.999936580657959, "mode": "train", "epoch": 68}
{"loss": 0.3789600431919098, "acc": 0.8619245290756226, "length": 4.0, "mode": "test", "epoch": 68}
{"loss": 0.2667964696884155, "acc": 0.8988420367240906, "length": 3.9999613761901855, "mode": "train", "epoch": 69}
{"loss": 0.3668045401573181, "acc": 0.8682008385658264, "length": 4.0, "mode": "test", "epoch": 69}
{"loss": 0.2587020695209503, "acc": 0.9012927412986755, "length": 3.999880075454712, "mode": "train", "epoch": 70}
{"loss": 0.35910549759864807, "acc": 0.8749998807907104, "length": 4.0, "mode": "test", "epoch": 70}
{"loss": 0.247253879904747, "acc": 0.9056779742240906, "length": 3.9999403953552246, "mode": "train", "epoch": 71}
{"loss": 0.3635401725769043, "acc": 0.872384786605835, "length": 4.0, "mode": "test", "epoch": 71}
{"loss": 0.24974945187568665, "acc": 0.9091843366622925, "length": 3.9999067783355713, "mode": "train", "epoch": 72}
{"loss": 0.362863153219223, "acc": 0.8702927827835083, "length": 4.0, "mode": "test", "epoch": 72}
{"loss": 0.24813342094421387, "acc": 0.9076075553894043, "length": 3.9999663829803467, "mode": "train", "epoch": 73}
{"loss": 0.39819785952568054, "acc": 0.8561714291572571, "length": 4.0, "mode": "test", "epoch": 73}
{"loss": 0.24789473414421082, "acc": 0.9044507741928101, "length": 3.9999468326568604, "mode": "train", "epoch": 74}
{"loss": 0.37053847312927246, "acc": 0.8655858635902405, "length": 4.0, "mode": "test", "epoch": 74}
{"loss": 0.24231962859630585, "acc": 0.9083090424537659, "length": 3.999979019165039, "mode": "train", "epoch": 75}
{"loss": 0.3828660547733307, "acc": 0.8634937405586243, "length": 4.0, "mode": "test", "epoch": 75}
{"loss": 0.2418837994337082, "acc": 0.9056785106658936, "length": 3.9999606609344482, "mode": "train", "epoch": 76}
{"loss": 0.3713090419769287, "acc": 0.8687238693237305, "length": 4.0, "mode": "test", "epoch": 76}
{"loss": 0.2437233179807663, "acc": 0.913390576839447, "length": 3.999929189682007, "mode": "train", "epoch": 77}
{"loss": 0.3583744168281555, "acc": 0.875523030757904, "length": 4.0, "mode": "test", "epoch": 77}
{"loss": 0.2263793647289276, "acc": 0.9098761677742004, "length": 3.9997506141662598, "mode": "train", "epoch": 78}
{"loss": 0.3681023120880127, "acc": 0.8776150345802307, "length": 4.0, "mode": "test", "epoch": 78}
{"loss": 0.24629473686218262, "acc": 0.9119873642921448, "length": 3.9998955726623535, "mode": "train", "epoch": 79}
{"loss": 0.3755853772163391, "acc": 0.8687237501144409, "length": 4.0, "mode": "test", "epoch": 79}
{"loss": 0.23319408297538757, "acc": 0.9151347875595093, "length": 3.9997246265411377, "mode": "train", "epoch": 80}
{"loss": 0.3579758107662201, "acc": 0.8723849654197693, "length": 4.0, "mode": "test", "epoch": 80}
{"loss": 0.22954866290092468, "acc": 0.9133919477462769, "length": 3.999955415725708, "mode": "train", "epoch": 81}
{"loss": 0.36360979080200195, "acc": 0.875, "length": 4.0, "mode": "test", "epoch": 81}
{"loss": 0.23305246233940125, "acc": 0.9098818302154541, "length": 3.9998533725738525, "mode": "train", "epoch": 82}
{"loss": 0.36832237243652344, "acc": 0.8718618154525757, "length": 4.0, "mode": "test", "epoch": 82}
{"loss": 0.2276236116886139, "acc": 0.9160230755805969, "length": 3.999929189682007, "mode": "train", "epoch": 83}
{"loss": 0.37351566553115845, "acc": 0.8702929019927979, "length": 4.0, "mode": "test", "epoch": 83}
{"loss": 0.22830960154533386, "acc": 0.9140951037406921, "length": 3.9999911785125732, "mode": "train", "epoch": 84}
{"loss": 0.36781907081604004, "acc": 0.8702929019927979, "length": 4.0, "mode": "test", "epoch": 84}
{"loss": 0.22703096270561218, "acc": 0.9176014065742493, "length": 3.99999737739563, "mode": "train", "epoch": 85}
{"loss": 0.37112957239151, "acc": 0.875, "length": 4.0, "mode": "test", "epoch": 85}
{"loss": 0.21720290184020996, "acc": 0.9191792011260986, "length": 3.9999935626983643, "mode": "train", "epoch": 86}
{"loss": 0.3584965467453003, "acc": 0.8812761306762695, "length": 4.0, "mode": "test", "epoch": 86}
{"loss": 0.2219999134540558, "acc": 0.9170755743980408, "length": 3.999995231628418, "mode": "train", "epoch": 87}
{"loss": 0.3721579313278198, "acc": 0.8770919442176819, "length": 4.0, "mode": "test", "epoch": 87}
{"loss": 0.2184498906135559, "acc": 0.9200558662414551, "length": 3.9999938011169434, "mode": "train", "epoch": 88}
{"loss": 0.3719741702079773, "acc": 0.8760460019111633, "length": 4.0, "mode": "test", "epoch": 88}
{"loss": 0.22681663930416107, "acc": 0.9176009893417358, "length": 3.999983310699463, "mode": "train", "epoch": 89}
{"loss": 0.3706073462963104, "acc": 0.8760458827018738, "length": 4.0, "mode": "test", "epoch": 89}
{"loss": 0.21529816091060638, "acc": 0.9169001579284668, "length": 3.9999947547912598, "mode": "train", "epoch": 90}
{"loss": 0.35804885625839233, "acc": 0.8770920634269714, "length": 4.0, "mode": "test", "epoch": 90}
{"loss": 0.21189555525779724, "acc": 0.9198805093765259, "length": 3.9999947547912598, "mode": "train", "epoch": 91}
{"loss": 0.37353992462158203, "acc": 0.874476969242096, "length": 4.0, "mode": "test", "epoch": 91}
{"loss": 0.22185252606868744, "acc": 0.9160236716270447, "length": 3.999995231628418, "mode": "train", "epoch": 92}
{"loss": 0.3619919717311859, "acc": 0.88127601146698, "length": 4.0, "mode": "test", "epoch": 92}
{"loss": 0.21900692582130432, "acc": 0.9177769422531128, "length": 3.9999985694885254, "mode": "train", "epoch": 93}
{"loss": 0.37337931990623474, "acc": 0.8776149153709412, "length": 4.0, "mode": "test", "epoch": 93}
{"loss": 0.20758795738220215, "acc": 0.9197053909301758, "length": 3.99999737739563, "mode": "train", "epoch": 94}
{"loss": 0.364218145608902, "acc": 0.874476969242096, "length": 4.0, "mode": "test", "epoch": 94}
{"loss": 0.21238744258880615, "acc": 0.9202313423156738, "length": 3.99999737739563, "mode": "train", "epoch": 95}
{"loss": 0.3561209738254547, "acc": 0.8823220729827881, "length": 4.0, "mode": "test", "epoch": 95}
{"loss": 0.20857428014278412, "acc": 0.9247879981994629, "length": 3.999969244003296, "mode": "train", "epoch": 96}
{"loss": 0.36525335907936096, "acc": 0.8765689134597778, "length": 4.0, "mode": "test", "epoch": 96}
{"loss": 0.20432671904563904, "acc": 0.924439013004303, "length": 3.9999990463256836, "mode": "train", "epoch": 97}
{"loss": 0.3606549799442291, "acc": 0.8781380653381348, "length": 4.0, "mode": "test", "epoch": 97}
{"loss": 0.2109372317790985, "acc": 0.9239129424095154, "length": 3.999997854232788, "mode": "train", "epoch": 98}
{"loss": 0.35747841000556946, "acc": 0.8807531595230103, "length": 4.0, "mode": "test", "epoch": 98}
{"loss": 0.2244693636894226, "acc": 0.9128681421279907, "length": 3.9999990463256836, "mode": "train", "epoch": 99}
{"loss": 0.37830352783203125, "acc": 0.8671547770500183, "length": 4.0, "mode": "test", "epoch": 99}
{"loss": 0.2171141356229782, "acc": 0.9204064011573792, "length": 3.9999945163726807, "mode": "train", "epoch": 100}
{"loss": 0.371734619140625, "acc": 0.8750001192092896, "length": 4.0, "mode": "test", "epoch": 100}
test accuracy: 0.7162298560142517
