# ["--attributes=3", "--values=4", "--game_size=10", "--vocab_size_factor=3", "--n_epochs=100", "--batch_size=32", "--learning_rate=0.001", "--hidden_size=128", "--temp_update=0.99", "--temperature=1.5"]
Creating train_ds and val_ds...

Creating test_ds...
{"loss": 0.6801431179046631, "acc": 0.5686600208282471, "length": 2.5505685806274414, "mode": "train", "epoch": 1}
{"loss": 0.6038925051689148, "acc": 0.7019068598747253, "length": 2.74177622795105, "mode": "test", "epoch": 1}
{"loss": 0.531295895576477, "acc": 0.7523214817047119, "length": 2.8259944915771484, "mode": "train", "epoch": 2}
{"loss": 0.4719747304916382, "acc": 0.7959601283073425, "length": 2.9490132331848145, "mode": "test", "epoch": 2}
{"loss": 0.43649083375930786, "acc": 0.809246301651001, "length": 3.1456289291381836, "mode": "train", "epoch": 3}
{"loss": 0.4476185441017151, "acc": 0.7867880463600159, "length": 3.6348683834075928, "mode": "test", "epoch": 3}
{"loss": 0.3979135751724243, "acc": 0.8252272605895996, "length": 3.684192657470703, "mode": "train", "epoch": 4}
{"loss": 0.4271097183227539, "acc": 0.7836529016494751, "length": 3.91447377204895, "mode": "test", "epoch": 4}
{"loss": 0.37867259979248047, "acc": 0.8375769257545471, "length": 3.7161052227020264, "mode": "train", "epoch": 5}
{"loss": 0.42603614926338196, "acc": 0.8010614514350891, "length": 3.97697377204895, "mode": "test", "epoch": 5}
{"loss": 0.35655805468559265, "acc": 0.850303053855896, "length": 3.7284109592437744, "mode": "train", "epoch": 6}
{"loss": 0.41186583042144775, "acc": 0.8157303333282471, "length": 3.8684210777282715, "mode": "test", "epoch": 6}
{"loss": 0.34407147765159607, "acc": 0.8588963747024536, "length": 3.757058620452881, "mode": "train", "epoch": 7}
{"loss": 0.38536518812179565, "acc": 0.834092378616333, "length": 3.955592155456543, "mode": "test", "epoch": 7}
{"loss": 0.31855863332748413, "acc": 0.8696375489234924, "length": 3.9005229473114014, "mode": "train", "epoch": 8}
{"loss": 0.34997648000717163, "acc": 0.8541478514671326, "length": 3.99177622795105, "mode": "test", "epoch": 8}
{"loss": 0.300995409488678, "acc": 0.8776577711105347, "length": 3.9555234909057617, "mode": "train", "epoch": 9}
{"loss": 0.34430259466171265, "acc": 0.8480263948440552, "length": 4.0, "mode": "test", "epoch": 9}
{"loss": 0.28680551052093506, "acc": 0.8843130469322205, "length": 3.973029613494873, "mode": "train", "epoch": 10}
{"loss": 0.3356211483478546, "acc": 0.8542762398719788, "length": 4.0, "mode": "test", "epoch": 10}
{"loss": 0.2672758102416992, "acc": 0.8927677869796753, "length": 3.9716837406158447, "mode": "train", "epoch": 11}
{"loss": 0.3021307587623596, "acc": 0.8787495493888855, "length": 3.9967105388641357, "mode": "test", "epoch": 11}
{"loss": 0.2569168508052826, "acc": 0.9002168774604797, "length": 3.9734742641448975, "mode": "train", "epoch": 12}
{"loss": 0.29493802785873413, "acc": 0.889144778251648, "length": 4.0, "mode": "test", "epoch": 12}
{"loss": 0.2476712316274643, "acc": 0.9050862193107605, "length": 3.9844586849212646, "mode": "train", "epoch": 13}
{"loss": 0.27010995149612427, "acc": 0.8963815569877625, "length": 4.0, "mode": "test", "epoch": 13}
{"loss": 0.22629500925540924, "acc": 0.9154936671257019, "length": 3.9943883419036865, "mode": "train", "epoch": 14}
{"loss": 0.2739819586277008, "acc": 0.8959702849388123, "length": 4.0, "mode": "test", "epoch": 14}
{"loss": 0.21600791811943054, "acc": 0.9176830649375916, "length": 3.9959170818328857, "mode": "train", "epoch": 15}
{"loss": 0.2584232687950134, "acc": 0.9071546792984009, "length": 4.0, "mode": "test", "epoch": 15}
{"loss": 0.2025538682937622, "acc": 0.9246025681495667, "length": 3.996471643447876, "mode": "train", "epoch": 16}
{"loss": 0.24739453196525574, "acc": 0.9105263948440552, "length": 4.0, "mode": "test", "epoch": 16}
{"loss": 0.19308330118656158, "acc": 0.9297804832458496, "length": 3.9975414276123047, "mode": "train", "epoch": 17}
{"loss": 0.23678867518901825, "acc": 0.9139803051948547, "length": 4.0, "mode": "test", "epoch": 17}
{"loss": 0.18223129212856293, "acc": 0.9335694313049316, "length": 3.9983558654785156, "mode": "train", "epoch": 18}
{"loss": 0.2470400184392929, "acc": 0.9127467274665833, "length": 4.0, "mode": "test", "epoch": 18}
{"loss": 0.17604735493659973, "acc": 0.93553227186203, "length": 3.998784303665161, "mode": "train", "epoch": 19}
{"loss": 0.23851622641086578, "acc": 0.9205592274665833, "length": 4.0, "mode": "test", "epoch": 19}
{"loss": 0.175401970744133, "acc": 0.9380902647972107, "length": 3.9990594387054443, "mode": "train", "epoch": 20}
{"loss": 0.23138415813446045, "acc": 0.9168584942817688, "length": 4.0, "mode": "test", "epoch": 20}
{"loss": 0.1679084151983261, "acc": 0.9407501220703125, "length": 3.9988880157470703, "mode": "train", "epoch": 21}
{"loss": 0.21955914795398712, "acc": 0.9237663745880127, "length": 4.0, "mode": "test", "epoch": 21}
{"loss": 0.16002745926380157, "acc": 0.9426536560058594, "length": 3.9993255138397217, "mode": "train", "epoch": 22}
{"loss": 0.21974973380565643, "acc": 0.9263157844543457, "length": 4.0, "mode": "test", "epoch": 22}
{"loss": 0.1540345549583435, "acc": 0.946273922920227, "length": 3.999361991882324, "mode": "train", "epoch": 23}
{"loss": 0.22142593562602997, "acc": 0.9187500476837158, "length": 4.0, "mode": "test", "epoch": 23}
{"loss": 0.15550830960273743, "acc": 0.9457303881645203, "length": 3.999448776245117, "mode": "train", "epoch": 24}
{"loss": 0.2233988344669342, "acc": 0.9223685264587402, "length": 4.0, "mode": "test", "epoch": 24}
{"loss": 0.15092259645462036, "acc": 0.9466361403465271, "length": 3.9994781017303467, "mode": "train", "epoch": 25}
{"loss": 0.20903387665748596, "acc": 0.9347862601280212, "length": 4.0, "mode": "test", "epoch": 25}
{"loss": 0.1446380913257599, "acc": 0.9483652710914612, "length": 3.99945330619812, "mode": "train", "epoch": 26}
{"loss": 0.2143334150314331, "acc": 0.9287006258964539, "length": 4.0, "mode": "test", "epoch": 26}
{"loss": 0.14787845313549042, "acc": 0.9484519958496094, "length": 3.9996654987335205, "mode": "train", "epoch": 27}
{"loss": 0.20977626740932465, "acc": 0.9325658082962036, "length": 4.0, "mode": "test", "epoch": 27}
{"loss": 0.1416788101196289, "acc": 0.950587272644043, "length": 3.9995715618133545, "mode": "train", "epoch": 28}
{"loss": 0.19759070873260498, "acc": 0.9346216917037964, "length": 4.0, "mode": "test", "epoch": 28}
{"loss": 0.13889354467391968, "acc": 0.9525717496871948, "length": 3.99977970123291, "mode": "train", "epoch": 29}
{"loss": 0.21483366191387177, "acc": 0.9300163388252258, "length": 4.0, "mode": "test", "epoch": 29}
{"loss": 0.1440470665693283, "acc": 0.9505091905593872, "length": 3.999645233154297, "mode": "train", "epoch": 30}
{"loss": 0.2077522724866867, "acc": 0.9320724010467529, "length": 4.0, "mode": "test", "epoch": 30}
{"loss": 0.1474488079547882, "acc": 0.9474969506263733, "length": 3.9998207092285156, "mode": "train", "epoch": 31}
{"loss": 0.20547108352184296, "acc": 0.9336348176002502, "length": 4.0, "mode": "test", "epoch": 31}
{"loss": 0.1382901668548584, "acc": 0.9522162675857544, "length": 3.999833345413208, "mode": "train", "epoch": 32}
{"loss": 0.20173466205596924, "acc": 0.9336348176002502, "length": 4.0, "mode": "test", "epoch": 32}
{"loss": 0.13358671963214874, "acc": 0.9530918598175049, "length": 3.999718427658081, "mode": "train", "epoch": 33}
{"loss": 0.20035576820373535, "acc": 0.936842143535614, "length": 4.0, "mode": "test", "epoch": 33}
{"loss": 0.13119763135910034, "acc": 0.9561433792114258, "length": 3.9999003410339355, "mode": "train", "epoch": 34}
{"loss": 0.2028566598892212, "acc": 0.9362664222717285, "length": 4.0, "mode": "test", "epoch": 34}
{"loss": 0.12333599478006363, "acc": 0.9578971266746521, "length": 3.9998531341552734, "mode": "train", "epoch": 35}
{"loss": 0.1963544487953186, "acc": 0.9382400512695312, "length": 4.0, "mode": "test", "epoch": 35}
{"loss": 0.13077260553836823, "acc": 0.9554282426834106, "length": 3.9997732639312744, "mode": "train", "epoch": 36}
{"loss": 0.18204358220100403, "acc": 0.942680835723877, "length": 4.0, "mode": "test", "epoch": 36}
{"loss": 0.12165789306163788, "acc": 0.9586413502693176, "length": 3.9999239444732666, "mode": "train", "epoch": 37}
{"loss": 0.19078058004379272, "acc": 0.9412006735801697, "length": 4.0, "mode": "test", "epoch": 37}
{"loss": 0.11856582760810852, "acc": 0.959709107875824, "length": 3.9997878074645996, "mode": "train", "epoch": 38}
{"loss": 0.17424219846725464, "acc": 0.9413651823997498, "length": 4.0, "mode": "test", "epoch": 38}
{"loss": 0.11785316467285156, "acc": 0.96014803647995, "length": 3.9998395442962646, "mode": "train", "epoch": 39}
{"loss": 0.17100012302398682, "acc": 0.9449012279510498, "length": 4.0, "mode": "test", "epoch": 39}
{"loss": 0.11511038988828659, "acc": 0.9613000750541687, "length": 3.9998674392700195, "mode": "train", "epoch": 40}
{"loss": 0.198278546333313, "acc": 0.940131664276123, "length": 4.0, "mode": "test", "epoch": 40}
{"loss": 0.12075332552194595, "acc": 0.9586414694786072, "length": 3.9999327659606934, "mode": "train", "epoch": 41}
{"loss": 0.1908518224954605, "acc": 0.9416940808296204, "length": 4.0, "mode": "test", "epoch": 41}
{"loss": 0.12426777929067612, "acc": 0.9584494829177856, "length": 3.999938726425171, "mode": "train", "epoch": 42}
{"loss": 0.1805105358362198, "acc": 0.9412829875946045, "length": 4.0, "mode": "test", "epoch": 42}
{"loss": 0.11948337405920029, "acc": 0.9584494829177856, "length": 3.9999330043792725, "mode": "train", "epoch": 43}
{"loss": 0.18484915792942047, "acc": 0.940707266330719, "length": 4.0, "mode": "test", "epoch": 43}
{"loss": 0.11726062744855881, "acc": 0.9599873423576355, "length": 3.999950885772705, "mode": "train", "epoch": 44}
{"loss": 0.17351217567920685, "acc": 0.9448190927505493, "length": 4.0, "mode": "test", "epoch": 44}
{"loss": 0.11366049200296402, "acc": 0.9616003632545471, "length": 3.999846935272217, "mode": "train", "epoch": 45}
{"loss": 0.17714227735996246, "acc": 0.9413651823997498, "length": 4.0, "mode": "test", "epoch": 45}
{"loss": 0.11706630885601044, "acc": 0.9616894125938416, "length": 3.999973773956299, "mode": "train", "epoch": 46}
{"loss": 0.1842905730009079, "acc": 0.9424341917037964, "length": 4.0, "mode": "test", "epoch": 46}
{"loss": 0.12527096271514893, "acc": 0.9573530554771423, "length": 3.999962568283081, "mode": "train", "epoch": 47}
{"loss": 0.20419006049633026, "acc": 0.9351974129676819, "length": 4.0, "mode": "test", "epoch": 47}
{"loss": 0.1382059007883072, "acc": 0.9526590704917908, "length": 3.999919891357422, "mode": "train", "epoch": 48}
{"loss": 0.19784726202487946, "acc": 0.9387335777282715, "length": 4.0, "mode": "test", "epoch": 48}
{"loss": 0.1163451299071312, "acc": 0.9586984515190125, "length": 3.999981164932251, "mode": "train", "epoch": 49}
{"loss": 0.21741260588169098, "acc": 0.9397204518318176, "length": 4.0, "mode": "test", "epoch": 49}
{"loss": 0.12121812254190445, "acc": 0.9596868753433228, "length": 3.9999892711639404, "mode": "train", "epoch": 50}
{"loss": 0.19775037467479706, "acc": 0.9409540295600891, "length": 4.0, "mode": "test", "epoch": 50}
{"loss": 0.11276264488697052, "acc": 0.9611130356788635, "length": 3.9999754428863525, "mode": "train", "epoch": 51}
{"loss": 0.17743636667728424, "acc": 0.9500821828842163, "length": 4.0, "mode": "test", "epoch": 51}
{"loss": 0.10422971844673157, "acc": 0.9645121097564697, "length": 3.99983286857605, "mode": "train", "epoch": 52}
{"loss": 0.17541582882404327, "acc": 0.9433388710021973, "length": 4.0, "mode": "test", "epoch": 52}
{"loss": 0.10439091175794601, "acc": 0.9647893309593201, "length": 3.9999561309814453, "mode": "train", "epoch": 53}
{"loss": 0.17372173070907593, "acc": 0.9487665295600891, "length": 4.0, "mode": "test", "epoch": 53}
{"loss": 0.10308001190423965, "acc": 0.9655594229698181, "length": 3.9999899864196777, "mode": "train", "epoch": 54}
{"loss": 0.19080325961112976, "acc": 0.9431743621826172, "length": 4.0, "mode": "test", "epoch": 54}
{"loss": 0.10004322230815887, "acc": 0.9657175540924072, "length": 3.999788284301758, "mode": "train", "epoch": 55}
{"loss": 0.18619240820407867, "acc": 0.9486842155456543, "length": 4.0, "mode": "test", "epoch": 55}
{"loss": 0.09958512336015701, "acc": 0.9658887386322021, "length": 3.9999892711639404, "mode": "train", "epoch": 56}
{"loss": 0.18050585687160492, "acc": 0.9470394253730774, "length": 4.0, "mode": "test", "epoch": 56}
{"loss": 0.1033405065536499, "acc": 0.9631718397140503, "length": 3.999987840652466, "mode": "train", "epoch": 57}
{"loss": 0.19294090569019318, "acc": 0.9375821948051453, "length": 4.0, "mode": "test", "epoch": 57}
{"loss": 0.12397785484790802, "acc": 0.9562831521034241, "length": 3.9999611377716064, "mode": "train", "epoch": 58}
{"loss": 0.22190584242343903, "acc": 0.9339638948440552, "length": 4.0, "mode": "test", "epoch": 58}
{"loss": 0.12242110818624496, "acc": 0.957409143447876, "length": 3.999995231628418, "mode": "train", "epoch": 59}
{"loss": 0.18221081793308258, "acc": 0.9437500834465027, "length": 4.0, "mode": "test", "epoch": 59}
{"loss": 0.11300715804100037, "acc": 0.9614706635475159, "length": 3.9999947547912598, "mode": "train", "epoch": 60}
{"loss": 0.18192653357982635, "acc": 0.9431743621826172, "length": 4.0, "mode": "test", "epoch": 60}
{"loss": 0.11230145394802094, "acc": 0.961854875087738, "length": 3.9999964237213135, "mode": "train", "epoch": 61}
{"loss": 0.18414336442947388, "acc": 0.9437499642372131, "length": 4.0, "mode": "test", "epoch": 61}
{"loss": 0.10701172798871994, "acc": 0.964708685874939, "length": 3.999993085861206, "mode": "train", "epoch": 62}
{"loss": 0.22632957994937897, "acc": 0.9312500357627869, "length": 4.0, "mode": "test", "epoch": 62}
{"loss": 0.1396312266588211, "acc": 0.9520854353904724, "length": 3.9999961853027344, "mode": "train", "epoch": 63}
{"loss": 0.22757339477539062, "acc": 0.9346216917037964, "length": 4.0, "mode": "test", "epoch": 63}
{"loss": 0.14016078412532806, "acc": 0.9522774815559387, "length": 3.9999940395355225, "mode": "train", "epoch": 64}
{"loss": 0.19372804462909698, "acc": 0.9394736886024475, "length": 4.0, "mode": "test", "epoch": 64}
{"loss": 0.11585059762001038, "acc": 0.9591378569602966, "length": 3.9999897480010986, "mode": "train", "epoch": 65}
{"loss": 0.1846819818019867, "acc": 0.9432565569877625, "length": 4.0, "mode": "test", "epoch": 65}
{"loss": 0.11295165866613388, "acc": 0.9629453420639038, "length": 3.9997973442077637, "mode": "train", "epoch": 66}
{"loss": 0.1825416088104248, "acc": 0.9416118264198303, "length": 4.0, "mode": "test", "epoch": 66}
{"loss": 0.10501835495233536, "acc": 0.9629250168800354, "length": 3.999990463256836, "mode": "train", "epoch": 67}
{"loss": 0.1693582534790039, "acc": 0.947944164276123, "length": 4.0, "mode": "test", "epoch": 67}
{"loss": 0.10057228803634644, "acc": 0.9659433960914612, "length": 3.9999914169311523, "mode": "train", "epoch": 68}
{"loss": 0.16359366476535797, "acc": 0.9509045481681824, "length": 4.0, "mode": "test", "epoch": 68}
{"loss": 0.1069222092628479, "acc": 0.96136075258255, "length": 3.9999892711639404, "mode": "train", "epoch": 69}
{"loss": 0.16953648626804352, "acc": 0.9495065808296204, "length": 4.0, "mode": "test", "epoch": 69}
{"loss": 0.10199102759361267, "acc": 0.9655598402023315, "length": 3.999998092651367, "mode": "train", "epoch": 70}
{"loss": 0.16164207458496094, "acc": 0.9541118741035461, "length": 4.0, "mode": "test", "epoch": 70}
{"loss": 0.09672783315181732, "acc": 0.9680569171905518, "length": 3.9999985694885254, "mode": "train", "epoch": 71}
{"loss": 0.16431419551372528, "acc": 0.9509867429733276, "length": 4.0, "mode": "test", "epoch": 71}
{"loss": 0.1018807515501976, "acc": 0.9645169973373413, "length": 3.9999990463256836, "mode": "train", "epoch": 72}
{"loss": 0.1822526603937149, "acc": 0.9490131735801697, "length": 4.0, "mode": "test", "epoch": 72}
{"loss": 0.10058697313070297, "acc": 0.9669317603111267, "length": 3.9999921321868896, "mode": "train", "epoch": 73}
{"loss": 0.1850326508283615, "acc": 0.9463815093040466, "length": 4.0, "mode": "test", "epoch": 73}
{"loss": 0.13375847041606903, "acc": 0.9518659710884094, "length": 3.9999990463256836, "mode": "train", "epoch": 74}
{"loss": 0.20559920370578766, "acc": 0.9425165057182312, "length": 4.0, "mode": "test", "epoch": 74}
{"loss": 0.11918698251247406, "acc": 0.9572721123695374, "length": 3.999997138977051, "mode": "train", "epoch": 75}
{"loss": 0.1608654111623764, "acc": 0.950493335723877, "length": 4.0, "mode": "test", "epoch": 75}
{"loss": 0.10420691221952438, "acc": 0.963803231716156, "length": 3.9999947547912598, "mode": "train", "epoch": 76}
{"loss": 0.1557621955871582, "acc": 0.9564144611358643, "length": 4.0, "mode": "test", "epoch": 76}
{"loss": 0.0888962671160698, "acc": 0.969813346862793, "length": 3.999998092651367, "mode": "train", "epoch": 77}
{"loss": 0.1552627682685852, "acc": 0.9550163745880127, "length": 4.0, "mode": "test", "epoch": 77}
{"loss": 0.09014661610126495, "acc": 0.9689071774482727, "length": 3.9999871253967285, "mode": "train", "epoch": 78}
{"loss": 0.18303121626377106, "acc": 0.9495888948440552, "length": 4.0, "mode": "test", "epoch": 78}
{"loss": 0.08673236519098282, "acc": 0.9697502851486206, "length": 3.999509572982788, "mode": "train", "epoch": 79}
{"loss": 0.16787035763263702, "acc": 0.9514802694320679, "length": 4.0, "mode": "test", "epoch": 79}
{"loss": 0.08661271631717682, "acc": 0.971157968044281, "length": 4.0, "mode": "train", "epoch": 80}
{"loss": 0.14056263864040375, "acc": 0.9587170481681824, "length": 4.0, "mode": "test", "epoch": 80}
{"loss": 0.08807243406772614, "acc": 0.9703893661499023, "length": 3.999995470046997, "mode": "train", "epoch": 81}
{"loss": 0.17101195454597473, "acc": 0.9511513710021973, "length": 4.0, "mode": "test", "epoch": 81}
{"loss": 0.0959051176905632, "acc": 0.9666025638580322, "length": 3.999999761581421, "mode": "train", "epoch": 82}
{"loss": 0.20518523454666138, "acc": 0.940131664276123, "length": 4.0, "mode": "test", "epoch": 82}
{"loss": 0.1079489141702652, "acc": 0.9645169973373413, "length": 3.999999761581421, "mode": "train", "epoch": 83}
{"loss": 0.19148662686347961, "acc": 0.9466283917427063, "length": 4.0, "mode": "test", "epoch": 83}
{"loss": 0.10869461297988892, "acc": 0.9649285078048706, "length": 3.9999961853027344, "mode": "train", "epoch": 84}
{"loss": 0.16847236454486847, "acc": 0.9490131735801697, "length": 4.0, "mode": "test", "epoch": 84}
{"loss": 0.09627704322338104, "acc": 0.9659165143966675, "length": 4.0, "mode": "train", "epoch": 85}
{"loss": 0.15891070663928986, "acc": 0.9461348652839661, "length": 4.0, "mode": "test", "epoch": 85}
{"loss": 0.09680797159671783, "acc": 0.9663281440734863, "length": 3.999999761581421, "mode": "train", "epoch": 86}
{"loss": 0.15556281805038452, "acc": 0.955756664276123, "length": 4.0, "mode": "test", "epoch": 86}
{"loss": 0.09360221773386002, "acc": 0.9672885537147522, "length": 3.9999985694885254, "mode": "train", "epoch": 87}
{"loss": 0.15815827250480652, "acc": 0.9530426859855652, "length": 4.0, "mode": "test", "epoch": 87}
{"loss": 0.08781009167432785, "acc": 0.9695932269096375, "length": 3.999992847442627, "mode": "train", "epoch": 88}
{"loss": 0.1589697152376175, "acc": 0.9550986289978027, "length": 4.0, "mode": "test", "epoch": 88}
{"loss": 0.10131589323282242, "acc": 0.9628980159759521, "length": 4.0, "mode": "train", "epoch": 89}
{"loss": 0.17017866671085358, "acc": 0.9463815093040466, "length": 4.0, "mode": "test", "epoch": 89}
{"loss": 0.09849488735198975, "acc": 0.9658892154693604, "length": 4.0, "mode": "train", "epoch": 90}
{"loss": 0.15190735459327698, "acc": 0.9514802694320679, "length": 4.0, "mode": "test", "epoch": 90}
{"loss": 0.09299889951944351, "acc": 0.9666849970817566, "length": 3.999999523162842, "mode": "train", "epoch": 91}
{"loss": 0.1717129647731781, "acc": 0.9486842155456543, "length": 4.0, "mode": "test", "epoch": 91}
{"loss": 0.10058432072401047, "acc": 0.9626508355140686, "length": 4.0, "mode": "train", "epoch": 92}
{"loss": 0.1692042052745819, "acc": 0.9473685026168823, "length": 4.0, "mode": "test", "epoch": 92}
{"loss": 0.08959079533815384, "acc": 0.9683589935302734, "length": 3.9999990463256836, "mode": "train", "epoch": 93}
{"loss": 0.14246876537799835, "acc": 0.959128201007843, "length": 4.0, "mode": "test", "epoch": 93}
{"loss": 0.0881781131029129, "acc": 0.970526933670044, "length": 4.0, "mode": "train", "epoch": 94}
{"loss": 0.14113964140415192, "acc": 0.9599506258964539, "length": 4.0, "mode": "test", "epoch": 94}
{"loss": 0.08650887757539749, "acc": 0.9704445004463196, "length": 4.0, "mode": "train", "epoch": 95}
{"loss": 0.1375710368156433, "acc": 0.9572368264198303, "length": 4.0, "mode": "test", "epoch": 95}
{"loss": 0.0873347669839859, "acc": 0.9687156677246094, "length": 3.999999761581421, "mode": "train", "epoch": 96}
{"loss": 0.14959323406219482, "acc": 0.959128201007843, "length": 4.0, "mode": "test", "epoch": 96}
{"loss": 0.0873166024684906, "acc": 0.9693742990493774, "length": 4.0, "mode": "train", "epoch": 97}
{"loss": 0.15532881021499634, "acc": 0.9569901823997498, "length": 4.0, "mode": "test", "epoch": 97}
{"loss": 0.08243978023529053, "acc": 0.9712129235267639, "length": 4.0, "mode": "train", "epoch": 98}
{"loss": 0.15265214443206787, "acc": 0.9509045481681824, "length": 4.0, "mode": "test", "epoch": 98}
{"loss": 0.08948849886655807, "acc": 0.9675081968307495, "length": 3.999999523162842, "mode": "train", "epoch": 99}
{"loss": 0.16145528852939606, "acc": 0.9530428051948547, "length": 4.0, "mode": "test", "epoch": 99}
{"loss": 0.08186450600624084, "acc": 0.9705266952514648, "length": 3.9999964237213135, "mode": "train", "epoch": 100}
{"loss": 0.15050193667411804, "acc": 0.9592927694320679, "length": 4.0, "mode": "test", "epoch": 100}
test accuracy: 0.7471053004264832
