# ["--attributes=3", "--values=4", "--game_size=10", "--vocab_size_factor=3", "--n_epochs=100", "--batch_size=32", "--learning_rate=0.001", "--hidden_size=256", "--temp_update=0.97", "--temperature=2"]
Creating train_ds and val_ds...

Creating test_ds...
{"loss": 0.6849769353866577, "acc": 0.5473787784576416, "length": 1.74447500705719, "mode": "train", "epoch": 1}
{"loss": 0.6123402118682861, "acc": 0.6845873594284058, "length": 2.0282862186431885, "mode": "test", "epoch": 1}
{"loss": 0.5955378413200378, "acc": 0.6855757236480713, "length": 1.9149435758590698, "mode": "train", "epoch": 2}
{"loss": 0.5860588550567627, "acc": 0.6998024582862854, "length": 1.9534109830856323, "mode": "test", "epoch": 2}
{"loss": 0.555458664894104, "acc": 0.7113086581230164, "length": 1.9825503826141357, "mode": "train", "epoch": 3}
{"loss": 0.534332811832428, "acc": 0.7277008295059204, "length": 1.9783693552017212, "mode": "test", "epoch": 3}
{"loss": 0.5212414264678955, "acc": 0.7278259992599487, "length": 1.9334319829940796, "mode": "train", "epoch": 4}
{"loss": 0.5271542072296143, "acc": 0.7272743582725525, "length": 1.9534109830856323, "mode": "test", "epoch": 4}
{"loss": 0.5168845653533936, "acc": 0.7305834889411926, "length": 1.9159122705459595, "mode": "train", "epoch": 5}
{"loss": 0.5243246555328369, "acc": 0.7303184270858765, "length": 1.9534109830856323, "mode": "test", "epoch": 5}
{"loss": 0.4638397991657257, "acc": 0.7797603607177734, "length": 2.6777005195617676, "mode": "train", "epoch": 6}
{"loss": 0.452328085899353, "acc": 0.8140739798545837, "length": 3.2113144397735596, "mode": "test", "epoch": 6}
{"loss": 0.37570980191230774, "acc": 0.8465590476989746, "length": 3.0854623317718506, "mode": "train", "epoch": 7}
{"loss": 0.4084729552268982, "acc": 0.8370808362960815, "length": 3.241264581680298, "mode": "test", "epoch": 7}
{"loss": 0.3405348062515259, "acc": 0.8617924451828003, "length": 3.167919635772705, "mode": "train", "epoch": 8}
{"loss": 0.3986525237560272, "acc": 0.8421759605407715, "length": 3.2429285049438477, "mode": "test", "epoch": 8}
{"loss": 0.3249347507953644, "acc": 0.8670879006385803, "length": 3.1657116413116455, "mode": "train", "epoch": 9}
{"loss": 0.3932918310165405, "acc": 0.8373028039932251, "length": 3.232945203781128, "mode": "test", "epoch": 9}
{"loss": 0.3165176212787628, "acc": 0.8715830445289612, "length": 3.1722381114959717, "mode": "train", "epoch": 10}
{"loss": 0.36337926983833313, "acc": 0.8521461486816406, "length": 3.376039981842041, "mode": "test", "epoch": 10}
{"loss": 0.2967134416103363, "acc": 0.8800672888755798, "length": 3.276054620742798, "mode": "train", "epoch": 11}
{"loss": 0.3505289852619171, "acc": 0.8567028641700745, "length": 3.3011646270751953, "mode": "test", "epoch": 11}
{"loss": 0.2837790250778198, "acc": 0.883174479007721, "length": 3.3145956993103027, "mode": "train", "epoch": 12}
{"loss": 0.33800581097602844, "acc": 0.8658209443092346, "length": 3.4093177318573, "mode": "test", "epoch": 12}
{"loss": 0.2709360718727112, "acc": 0.8879171013832092, "length": 3.411050796508789, "mode": "train", "epoch": 13}
{"loss": 0.32043027877807617, "acc": 0.8651156425476074, "length": 3.440931797027588, "mode": "test", "epoch": 13}
{"loss": 0.25599953532218933, "acc": 0.8947132229804993, "length": 3.667367935180664, "mode": "train", "epoch": 14}
{"loss": 0.2977001965045929, "acc": 0.8827536702156067, "length": 3.9717137813568115, "mode": "test", "epoch": 14}
{"loss": 0.2370179444551468, "acc": 0.9060748219490051, "length": 3.8185477256774902, "mode": "train", "epoch": 15}
{"loss": 0.2937479615211487, "acc": 0.8878326416015625, "length": 3.752079963684082, "mode": "test", "epoch": 15}
{"loss": 0.22366848587989807, "acc": 0.9087437391281128, "length": 3.847470760345459, "mode": "train", "epoch": 16}
{"loss": 0.25305265188217163, "acc": 0.9111872315406799, "length": 3.9733777046203613, "mode": "test", "epoch": 16}
{"loss": 0.20299865305423737, "acc": 0.9202606678009033, "length": 3.9024031162261963, "mode": "train", "epoch": 17}
{"loss": 0.24637669324874878, "acc": 0.9063993692398071, "length": 3.9883527755737305, "mode": "test", "epoch": 17}
{"loss": 0.18812642991542816, "acc": 0.9263120293617249, "length": 3.937093734741211, "mode": "train", "epoch": 18}
{"loss": 0.21558794379234314, "acc": 0.9156373143196106, "length": 3.976705551147461, "mode": "test", "epoch": 18}
{"loss": 0.190543532371521, "acc": 0.9253559112548828, "length": 3.9714341163635254, "mode": "train", "epoch": 19}
{"loss": 0.24878737330436707, "acc": 0.9142264127731323, "length": 4.0, "mode": "test", "epoch": 19}
{"loss": 0.18020214140415192, "acc": 0.929460883140564, "length": 3.982072114944458, "mode": "train", "epoch": 20}
{"loss": 0.2138431966304779, "acc": 0.9212977290153503, "length": 4.0, "mode": "test", "epoch": 20}
{"loss": 0.16868838667869568, "acc": 0.9351300001144409, "length": 3.9905457496643066, "mode": "train", "epoch": 21}
{"loss": 0.2600852847099304, "acc": 0.9093177914619446, "length": 4.0, "mode": "test", "epoch": 21}
{"loss": 0.17284046113491058, "acc": 0.9336241483688354, "length": 3.9917666912078857, "mode": "train", "epoch": 22}
{"loss": 0.21410208940505981, "acc": 0.9225459694862366, "length": 4.0, "mode": "test", "epoch": 22}
{"loss": 0.16607986390590668, "acc": 0.9376488924026489, "length": 3.993242025375366, "mode": "train", "epoch": 23}
{"loss": 0.17869864404201508, "acc": 0.9356074929237366, "length": 4.0, "mode": "test", "epoch": 23}
{"loss": 0.1598128229379654, "acc": 0.9409773349761963, "length": 3.99603533744812, "mode": "train", "epoch": 24}
{"loss": 0.2069835513830185, "acc": 0.9302828311920166, "length": 4.0, "mode": "test", "epoch": 24}
{"loss": 0.16675640642642975, "acc": 0.9363809823989868, "length": 3.9982218742370605, "mode": "train", "epoch": 25}
{"loss": 0.2016656994819641, "acc": 0.9289517998695374, "length": 4.0, "mode": "test", "epoch": 25}
{"loss": 0.1446908712387085, "acc": 0.9465523958206177, "length": 3.9982762336730957, "mode": "train", "epoch": 26}
{"loss": 0.1624695211648941, "acc": 0.9452580809593201, "length": 4.0, "mode": "test", "epoch": 26}
{"loss": 0.14475195109844208, "acc": 0.9508015513420105, "length": 3.998215913772583, "mode": "train", "epoch": 27}
{"loss": 0.19262981414794922, "acc": 0.9354410767555237, "length": 4.0, "mode": "test", "epoch": 27}
{"loss": 0.15076029300689697, "acc": 0.944029688835144, "length": 3.998061180114746, "mode": "train", "epoch": 28}
{"loss": 0.16809234023094177, "acc": 0.9402661919593811, "length": 4.0, "mode": "test", "epoch": 28}
{"loss": 0.12890823185443878, "acc": 0.9574559926986694, "length": 3.998708486557007, "mode": "train", "epoch": 29}
{"loss": 0.15680934488773346, "acc": 0.9448419809341431, "length": 4.0, "mode": "test", "epoch": 29}
{"loss": 0.13363611698150635, "acc": 0.9536370038986206, "length": 3.9982683658599854, "mode": "train", "epoch": 30}
{"loss": 0.1720656305551529, "acc": 0.94051593542099, "length": 4.0, "mode": "test", "epoch": 30}
{"loss": 0.12542463839054108, "acc": 0.9547555446624756, "length": 3.9981775283813477, "mode": "train", "epoch": 31}
{"loss": 0.15715734660625458, "acc": 0.945257842540741, "length": 4.0, "mode": "test", "epoch": 31}
{"loss": 0.13061238825321198, "acc": 0.954010546207428, "length": 3.9988324642181396, "mode": "train", "epoch": 32}
{"loss": 0.20567373931407928, "acc": 0.9350248575210571, "length": 4.0, "mode": "test", "epoch": 32}
{"loss": 0.12398073822259903, "acc": 0.9561129808425903, "length": 3.996351957321167, "mode": "train", "epoch": 33}
{"loss": 0.16376684606075287, "acc": 0.9475041627883911, "length": 4.0, "mode": "test", "epoch": 33}
{"loss": 0.11875776201486588, "acc": 0.9598461389541626, "length": 3.9975976943969727, "mode": "train", "epoch": 34}
{"loss": 0.18863661587238312, "acc": 0.9381032586097717, "length": 4.0, "mode": "test", "epoch": 34}
{"loss": 0.12097436934709549, "acc": 0.958631694316864, "length": 3.999274253845215, "mode": "train", "epoch": 35}
{"loss": 0.1486455202102661, "acc": 0.9504157900810242, "length": 4.0, "mode": "test", "epoch": 35}
{"loss": 0.10689526051282883, "acc": 0.9652100801467896, "length": 3.9991540908813477, "mode": "train", "epoch": 36}
{"loss": 0.1427130103111267, "acc": 0.9543260931968689, "length": 4.0, "mode": "test", "epoch": 36}
{"loss": 0.11193723231554031, "acc": 0.9612635970115662, "length": 3.99933123588562, "mode": "train", "epoch": 37}
{"loss": 0.16104993224143982, "acc": 0.948918342590332, "length": 4.0, "mode": "test", "epoch": 37}
{"loss": 0.12327131628990173, "acc": 0.9559918642044067, "length": 3.998220682144165, "mode": "train", "epoch": 38}
{"loss": 0.19864828884601593, "acc": 0.9308651685714722, "length": 4.0, "mode": "test", "epoch": 38}
{"loss": 0.12068579345941544, "acc": 0.9565543532371521, "length": 3.9998059272766113, "mode": "train", "epoch": 39}
{"loss": 0.1637668013572693, "acc": 0.9514976739883423, "length": 4.0, "mode": "test", "epoch": 39}
{"loss": 0.11162244528532028, "acc": 0.9638939499855042, "length": 3.99947190284729, "mode": "train", "epoch": 40}
{"loss": 0.16592290997505188, "acc": 0.9485024809837341, "length": 4.0, "mode": "test", "epoch": 40}
{"loss": 0.12112725526094437, "acc": 0.9602779150009155, "length": 3.9989874362945557, "mode": "train", "epoch": 41}
{"loss": 0.13608084619045258, "acc": 0.9566555023193359, "length": 4.0, "mode": "test", "epoch": 41}
{"loss": 0.10563477873802185, "acc": 0.9638931155204773, "length": 3.9998340606689453, "mode": "train", "epoch": 42}
{"loss": 0.1452954262495041, "acc": 0.9534109830856323, "length": 4.0, "mode": "test", "epoch": 42}
{"loss": 0.09934424608945847, "acc": 0.9667580723762512, "length": 3.9999258518218994, "mode": "train", "epoch": 43}
{"loss": 0.1347721368074417, "acc": 0.9573211073875427, "length": 4.0, "mode": "test", "epoch": 43}
{"loss": 0.11364076286554337, "acc": 0.9622483849525452, "length": 3.999704599380493, "mode": "train", "epoch": 44}
{"loss": 0.1690826117992401, "acc": 0.9455074667930603, "length": 4.0, "mode": "test", "epoch": 44}
{"loss": 0.12742730975151062, "acc": 0.9574131369590759, "length": 3.9994425773620605, "mode": "train", "epoch": 45}
{"loss": 0.154820516705513, "acc": 0.950416088104248, "length": 4.0, "mode": "test", "epoch": 45}
{"loss": 0.11610563844442368, "acc": 0.9626453518867493, "length": 3.9999635219573975, "mode": "train", "epoch": 46}
{"loss": 0.15201157331466675, "acc": 0.9478369951248169, "length": 4.0, "mode": "test", "epoch": 46}
{"loss": 0.11482775211334229, "acc": 0.9625901579856873, "length": 3.9999821186065674, "mode": "train", "epoch": 47}
{"loss": 0.1317736804485321, "acc": 0.9532447457313538, "length": 4.0, "mode": "test", "epoch": 47}
{"loss": 0.11535828560590744, "acc": 0.9609776735305786, "length": 3.9990291595458984, "mode": "train", "epoch": 48}
{"loss": 0.13602732121944427, "acc": 0.9570716619491577, "length": 4.0, "mode": "test", "epoch": 48}
{"loss": 0.10836242139339447, "acc": 0.965035617351532, "length": 3.9999752044677734, "mode": "train", "epoch": 49}
{"loss": 0.13177089393138885, "acc": 0.9574875235557556, "length": 4.0, "mode": "test", "epoch": 49}
{"loss": 0.09514632821083069, "acc": 0.9705086946487427, "length": 3.999778985977173, "mode": "train", "epoch": 50}
{"loss": 0.12001657485961914, "acc": 0.9614807367324829, "length": 4.0, "mode": "test", "epoch": 50}
{"loss": 0.10452583432197571, "acc": 0.965173065662384, "length": 3.999833583831787, "mode": "train", "epoch": 51}
{"loss": 0.14861376583576202, "acc": 0.9545755982398987, "length": 4.0, "mode": "test", "epoch": 51}
{"loss": 0.10399166494607925, "acc": 0.9651181697845459, "length": 3.9998748302459717, "mode": "train", "epoch": 52}
{"loss": 0.1359386295080185, "acc": 0.9578201174736023, "length": 4.0, "mode": "test", "epoch": 52}
{"loss": 0.10010698437690735, "acc": 0.9664782285690308, "length": 3.9998674392700195, "mode": "train", "epoch": 53}
{"loss": 0.12853844463825226, "acc": 0.955823540687561, "length": 4.0, "mode": "test", "epoch": 53}
{"loss": 0.094534732401371, "acc": 0.9677025079727173, "length": 3.999940872192383, "mode": "train", "epoch": 54}
{"loss": 0.12093313038349152, "acc": 0.9591512084007263, "length": 4.0, "mode": "test", "epoch": 54}
{"loss": 0.09478255361318588, "acc": 0.9677592515945435, "length": 3.999932050704956, "mode": "train", "epoch": 55}
{"loss": 0.14643172919750214, "acc": 0.9543262124061584, "length": 4.0, "mode": "test", "epoch": 55}
{"loss": 0.09793513268232346, "acc": 0.9666194915771484, "length": 3.999939441680908, "mode": "train", "epoch": 56}
{"loss": 0.16183428466320038, "acc": 0.9475039839744568, "length": 4.0, "mode": "test", "epoch": 56}
{"loss": 0.1141844391822815, "acc": 0.961700975894928, "length": 3.999990463256836, "mode": "train", "epoch": 57}
{"loss": 0.19997285306453705, "acc": 0.9316140413284302, "length": 4.0, "mode": "test", "epoch": 57}
{"loss": 0.12055319547653198, "acc": 0.9592549204826355, "length": 3.9999778270721436, "mode": "train", "epoch": 58}
{"loss": 0.15416666865348816, "acc": 0.954908549785614, "length": 4.0, "mode": "test", "epoch": 58}
{"loss": 0.11601194739341736, "acc": 0.960976243019104, "length": 3.9996039867401123, "mode": "train", "epoch": 59}
{"loss": 0.14736147224903107, "acc": 0.9447588324546814, "length": 4.0, "mode": "test", "epoch": 59}
{"loss": 0.11168292909860611, "acc": 0.9624767303466797, "length": 3.999689817428589, "mode": "train", "epoch": 60}
{"loss": 0.1266472041606903, "acc": 0.9565722942352295, "length": 4.0, "mode": "test", "epoch": 60}
{"loss": 0.10424165427684784, "acc": 0.9647566080093384, "length": 3.9999444484710693, "mode": "train", "epoch": 61}
{"loss": 0.1378733366727829, "acc": 0.9523293375968933, "length": 4.0, "mode": "test", "epoch": 61}
{"loss": 0.08520026504993439, "acc": 0.9696494340896606, "length": 3.999978542327881, "mode": "train", "epoch": 62}
{"loss": 0.11427031457424164, "acc": 0.9553242921829224, "length": 4.0, "mode": "test", "epoch": 62}
{"loss": 0.08112870901823044, "acc": 0.9729828834533691, "length": 3.9998183250427246, "mode": "train", "epoch": 63}
{"loss": 0.11441408842802048, "acc": 0.9647253155708313, "length": 4.0, "mode": "test", "epoch": 63}
{"loss": 0.08079765737056732, "acc": 0.9717045426368713, "length": 3.999680280685425, "mode": "train", "epoch": 64}
{"loss": 0.13635890185832977, "acc": 0.9559900164604187, "length": 4.0, "mode": "test", "epoch": 64}
{"loss": 0.09523133933544159, "acc": 0.969283938407898, "length": 3.9996390342712402, "mode": "train", "epoch": 65}
{"loss": 0.13134358823299408, "acc": 0.9599000811576843, "length": 4.0, "mode": "test", "epoch": 65}
{"loss": 0.08680438250303268, "acc": 0.9710443019866943, "length": 3.999096393585205, "mode": "train", "epoch": 66}
{"loss": 0.10705287754535675, "acc": 0.9633943438529968, "length": 4.0, "mode": "test", "epoch": 66}
{"loss": 0.07964823395013809, "acc": 0.9740685820579529, "length": 3.999976873397827, "mode": "train", "epoch": 67}
{"loss": 0.10992662608623505, "acc": 0.9647255539894104, "length": 4.0, "mode": "test", "epoch": 67}
{"loss": 0.06557159125804901, "acc": 0.9779161214828491, "length": 3.99959135055542, "mode": "train", "epoch": 68}
{"loss": 0.11764181405305862, "acc": 0.9619800448417664, "length": 4.0, "mode": "test", "epoch": 68}
{"loss": 0.07978943735361099, "acc": 0.9730502367019653, "length": 3.9995100498199463, "mode": "train", "epoch": 69}
{"loss": 0.16642671823501587, "acc": 0.951580822467804, "length": 4.0, "mode": "test", "epoch": 69}
{"loss": 0.08522409945726395, "acc": 0.9707890152931213, "length": 3.999976396560669, "mode": "train", "epoch": 70}
{"loss": 0.12645405530929565, "acc": 0.9603161811828613, "length": 4.0, "mode": "test", "epoch": 70}
{"loss": 0.08007147163152695, "acc": 0.9711785316467285, "length": 3.9999988079071045, "mode": "train", "epoch": 71}
{"loss": 0.11736264824867249, "acc": 0.9643928408622742, "length": 4.0, "mode": "test", "epoch": 71}
{"loss": 0.06706535071134567, "acc": 0.9759708642959595, "length": 3.9994375705718994, "mode": "train", "epoch": 72}
{"loss": 0.11345864832401276, "acc": 0.9644761085510254, "length": 4.0, "mode": "test", "epoch": 72}
{"loss": 0.07100614160299301, "acc": 0.9764866828918457, "length": 3.9999871253967285, "mode": "train", "epoch": 73}
{"loss": 0.1154940128326416, "acc": 0.9638934135437012, "length": 4.0, "mode": "test", "epoch": 73}
{"loss": 0.06767609715461731, "acc": 0.9781804084777832, "length": 3.999886989593506, "mode": "train", "epoch": 74}
{"loss": 0.11309728026390076, "acc": 0.9630616307258606, "length": 4.0, "mode": "test", "epoch": 74}
{"loss": 0.09094157814979553, "acc": 0.9691224694252014, "length": 3.9996306896209717, "mode": "train", "epoch": 75}
{"loss": 0.1139959916472435, "acc": 0.9647254347801208, "length": 4.0, "mode": "test", "epoch": 75}
{"loss": 0.09667747467756271, "acc": 0.9672315120697021, "length": 3.999847173690796, "mode": "train", "epoch": 76}
{"loss": 0.13612383604049683, "acc": 0.9570713639259338, "length": 4.0, "mode": "test", "epoch": 76}
{"loss": 0.090678371489048, "acc": 0.9685910940170288, "length": 3.99989914894104, "mode": "train", "epoch": 77}
{"loss": 0.11468528211116791, "acc": 0.9638103246688843, "length": 4.0, "mode": "test", "epoch": 77}
{"loss": 0.07071938365697861, "acc": 0.9773486852645874, "length": 3.999980926513672, "mode": "train", "epoch": 78}
{"loss": 0.12643484771251678, "acc": 0.9530782103538513, "length": 4.0, "mode": "test", "epoch": 78}
{"loss": 0.09073041379451752, "acc": 0.9686487317085266, "length": 3.9999749660491943, "mode": "train", "epoch": 79}
{"loss": 0.12654109299182892, "acc": 0.9609817862510681, "length": 4.0, "mode": "test", "epoch": 79}
{"loss": 0.09032340347766876, "acc": 0.9690659046173096, "length": 3.999976634979248, "mode": "train", "epoch": 80}
{"loss": 0.14639487862586975, "acc": 0.9548251628875732, "length": 4.0, "mode": "test", "epoch": 80}
{"loss": 0.09196525812149048, "acc": 0.970427930355072, "length": 3.9999897480010986, "mode": "train", "epoch": 81}
{"loss": 0.11006131768226624, "acc": 0.9630614519119263, "length": 4.0, "mode": "test", "epoch": 81}
{"loss": 0.0775909274816513, "acc": 0.9753748178482056, "length": 3.99997615814209, "mode": "train", "epoch": 82}
{"loss": 0.08855228126049042, "acc": 0.9660565257072449, "length": 4.0, "mode": "test", "epoch": 82}
{"loss": 0.09093774855136871, "acc": 0.9712979793548584, "length": 3.998807907104492, "mode": "train", "epoch": 83}
{"loss": 0.1144208163022995, "acc": 0.9643928408622742, "length": 4.0, "mode": "test", "epoch": 83}
{"loss": 0.07143932580947876, "acc": 0.9772924184799194, "length": 3.999842882156372, "mode": "train", "epoch": 84}
{"loss": 0.09989236295223236, "acc": 0.9695508480072021, "length": 4.0, "mode": "test", "epoch": 84}
{"loss": 0.057352300733327866, "acc": 0.9838520884513855, "length": 3.9999988079071045, "mode": "train", "epoch": 85}
{"loss": 0.08365360647439957, "acc": 0.9742929339408875, "length": 4.0, "mode": "test", "epoch": 85}
{"loss": 0.05904467776417732, "acc": 0.9820733070373535, "length": 3.9999969005584717, "mode": "train", "epoch": 86}
{"loss": 0.09325455129146576, "acc": 0.9728785753250122, "length": 4.0, "mode": "test", "epoch": 86}
{"loss": 0.058845069259405136, "acc": 0.9817951917648315, "length": 3.99995493888855, "mode": "train", "epoch": 87}
{"loss": 0.1254870593547821, "acc": 0.9663061499595642, "length": 4.0, "mode": "test", "epoch": 87}
{"loss": 0.06470586359500885, "acc": 0.97959965467453, "length": 3.9999942779541016, "mode": "train", "epoch": 88}
{"loss": 0.09667306393384933, "acc": 0.9692178964614868, "length": 4.0, "mode": "test", "epoch": 88}
{"loss": 0.08372079581022263, "acc": 0.9733737707138062, "length": 3.999987840652466, "mode": "train", "epoch": 89}
{"loss": 0.15325193107128143, "acc": 0.9501664638519287, "length": 4.0, "mode": "test", "epoch": 89}
{"loss": 0.07315351068973541, "acc": 0.9771541357040405, "length": 3.9999711513519287, "mode": "train", "epoch": 90}
{"loss": 0.126393124461174, "acc": 0.9646422863006592, "length": 4.0, "mode": "test", "epoch": 90}
{"loss": 0.063198022544384, "acc": 0.9794328212738037, "length": 3.999974012374878, "mode": "train", "epoch": 91}
{"loss": 0.12253250926733017, "acc": 0.965890109539032, "length": 4.0, "mode": "test", "epoch": 91}
{"loss": 0.053936537355184555, "acc": 0.9824835062026978, "length": 3.99971342086792, "mode": "train", "epoch": 92}
{"loss": 0.10757312178611755, "acc": 0.9701331853866577, "length": 4.0, "mode": "test", "epoch": 92}
{"loss": 0.048902519047260284, "acc": 0.9845935106277466, "length": 3.999645471572876, "mode": "train", "epoch": 93}
{"loss": 0.08269105851650238, "acc": 0.9742095470428467, "length": 4.0, "mode": "test", "epoch": 93}
{"loss": 0.05188312008976936, "acc": 0.9842966794967651, "length": 3.999995708465576, "mode": "train", "epoch": 94}
{"loss": 0.08735718578100204, "acc": 0.9742928147315979, "length": 4.0, "mode": "test", "epoch": 94}
{"loss": 0.05724212899804115, "acc": 0.9826568961143494, "length": 3.9999947547912598, "mode": "train", "epoch": 95}
{"loss": 0.10241447389125824, "acc": 0.9702162742614746, "length": 4.0, "mode": "test", "epoch": 95}
{"loss": 0.06017588451504707, "acc": 0.9807669520378113, "length": 3.9999561309814453, "mode": "train", "epoch": 96}
{"loss": 0.11621343344449997, "acc": 0.966555655002594, "length": 4.0, "mode": "test", "epoch": 96}
{"loss": 0.060275088995695114, "acc": 0.9811282753944397, "length": 3.9999916553497314, "mode": "train", "epoch": 97}
{"loss": 0.08917763084173203, "acc": 0.9737935662269592, "length": 4.0, "mode": "test", "epoch": 97}
{"loss": 0.050198763608932495, "acc": 0.9826562404632568, "length": 3.9999711513519287, "mode": "train", "epoch": 98}
{"loss": 0.08099295943975449, "acc": 0.9730449318885803, "length": 4.0, "mode": "test", "epoch": 98}
{"loss": 0.05631014704704285, "acc": 0.9808217883110046, "length": 3.9999585151672363, "mode": "train", "epoch": 99}
{"loss": 0.07773959636688232, "acc": 0.9751248955726624, "length": 4.0, "mode": "test", "epoch": 99}
{"loss": 0.05379278212785721, "acc": 0.9832615852355957, "length": 3.9995110034942627, "mode": "train", "epoch": 100}
{"loss": 0.08580604195594788, "acc": 0.9705491662025452, "length": 4.0, "mode": "test", "epoch": 100}
test accuracy: 0.7915832996368408
