# ["--attributes=3", "--values=4", "--game_size=10", "--vocab_size_factor=3", "--n_epochs=100", "--batch_size=32", "--learning_rate=0.001", "--hidden_size=256", "--temp_update=0.99", "--temperature=2"]
Creating train_ds and val_ds...

Creating test_ds...
{"loss": 0.7000691294670105, "acc": 0.5052248239517212, "length": 1.4520370960235596, "mode": "train", "epoch": 1}
{"loss": 0.6966080069541931, "acc": 0.5184782147407532, "length": 1.0, "mode": "test", "epoch": 1}
{"loss": 0.6962010264396667, "acc": 0.5071017146110535, "length": 1.0210813283920288, "mode": "train", "epoch": 2}
{"loss": 0.6926758289337158, "acc": 0.5139632225036621, "length": 1.0, "mode": "test", "epoch": 2}
{"loss": 0.6141099333763123, "acc": 0.649104118347168, "length": 2.177129030227661, "mode": "train", "epoch": 3}
{"loss": 0.6038553714752197, "acc": 0.6980282664299011, "length": 2.520066976547241, "mode": "test", "epoch": 3}
{"loss": 0.5293135643005371, "acc": 0.7237042188644409, "length": 2.7436044216156006, "mode": "train", "epoch": 4}
{"loss": 0.5287296175956726, "acc": 0.734899640083313, "length": 3.0518393516540527, "mode": "test", "epoch": 4}
{"loss": 0.45219525694847107, "acc": 0.7897728681564331, "length": 3.4561047554016113, "mode": "train", "epoch": 5}
{"loss": 0.5216091275215149, "acc": 0.7599095106124878, "length": 3.7341136932373047, "mode": "test", "epoch": 5}
{"loss": 0.3813907206058502, "acc": 0.8302092552185059, "length": 3.79048490524292, "mode": "train", "epoch": 6}
{"loss": 0.471225380897522, "acc": 0.7742213606834412, "length": 3.831103563308716, "mode": "test", "epoch": 6}
{"loss": 0.33483678102493286, "acc": 0.8556493520736694, "length": 3.953604221343994, "mode": "train", "epoch": 7}
{"loss": 0.37584957480430603, "acc": 0.8358696103096008, "length": 4.0, "mode": "test", "epoch": 7}
{"loss": 0.2969440817832947, "acc": 0.877400815486908, "length": 3.992560863494873, "mode": "train", "epoch": 8}
{"loss": 0.35832875967025757, "acc": 0.8395485281944275, "length": 4.0, "mode": "test", "epoch": 8}
{"loss": 0.27091285586357117, "acc": 0.8930505514144897, "length": 3.9948842525482178, "mode": "train", "epoch": 9}
{"loss": 0.3296777606010437, "acc": 0.880351185798645, "length": 4.0, "mode": "test", "epoch": 9}
{"loss": 0.25295916199684143, "acc": 0.9005783796310425, "length": 3.9959018230438232, "mode": "train", "epoch": 10}
{"loss": 0.37360647320747375, "acc": 0.8593645691871643, "length": 4.0, "mode": "test", "epoch": 10}
{"loss": 0.243472158908844, "acc": 0.906400740146637, "length": 3.997282028198242, "mode": "train", "epoch": 11}
{"loss": 0.30657342076301575, "acc": 0.8821906447410583, "length": 4.0, "mode": "test", "epoch": 11}
{"loss": 0.22352653741836548, "acc": 0.9190147519111633, "length": 3.997627019882202, "mode": "train", "epoch": 12}
{"loss": 0.28221797943115234, "acc": 0.8962375521659851, "length": 4.0, "mode": "test", "epoch": 12}
{"loss": 0.21029195189476013, "acc": 0.9220677018165588, "length": 3.997965097427368, "mode": "train", "epoch": 13}
{"loss": 0.2820815443992615, "acc": 0.8996655344963074, "length": 4.0, "mode": "test", "epoch": 13}
{"loss": 0.21315279603004456, "acc": 0.920093834400177, "length": 3.9982399940490723, "mode": "train", "epoch": 14}
{"loss": 0.2978646159172058, "acc": 0.878762423992157, "length": 4.0, "mode": "test", "epoch": 14}
{"loss": 0.20150285959243774, "acc": 0.9228108525276184, "length": 3.998568296432495, "mode": "train", "epoch": 15}
{"loss": 0.27286267280578613, "acc": 0.8856186866760254, "length": 4.0, "mode": "test", "epoch": 15}
{"loss": 0.19110216200351715, "acc": 0.9292041659355164, "length": 3.9987258911132812, "mode": "train", "epoch": 16}
{"loss": 0.2614957392215729, "acc": 0.9016722440719604, "length": 4.0, "mode": "test", "epoch": 16}
{"loss": 0.18730756640434265, "acc": 0.9299342036247253, "length": 3.998910427093506, "mode": "train", "epoch": 17}
{"loss": 0.27822598814964294, "acc": 0.9008360505104065, "length": 4.0, "mode": "test", "epoch": 17}
{"loss": 0.17840129137039185, "acc": 0.9344242215156555, "length": 3.998852252960205, "mode": "train", "epoch": 18}
{"loss": 0.2475738525390625, "acc": 0.9098662734031677, "length": 4.0, "mode": "test", "epoch": 18}
{"loss": 0.17397621273994446, "acc": 0.9343190789222717, "length": 3.9989702701568604, "mode": "train", "epoch": 19}
{"loss": 0.22940437495708466, "acc": 0.916304349899292, "length": 4.0, "mode": "test", "epoch": 19}
{"loss": 0.17147406935691833, "acc": 0.9362159967422485, "length": 3.9990451335906982, "mode": "train", "epoch": 20}
{"loss": 0.23600754141807556, "acc": 0.9201505780220032, "length": 4.0, "mode": "test", "epoch": 20}
{"loss": 0.16728989779949188, "acc": 0.9366967082023621, "length": 3.9992382526397705, "mode": "train", "epoch": 21}
{"loss": 0.25228333473205566, "acc": 0.9075250029563904, "length": 4.0, "mode": "test", "epoch": 21}
{"loss": 0.1617542952299118, "acc": 0.9401006698608398, "length": 3.9992318153381348, "mode": "train", "epoch": 22}
{"loss": 0.22733435034751892, "acc": 0.9157187938690186, "length": 4.0, "mode": "test", "epoch": 22}
{"loss": 0.15749633312225342, "acc": 0.9401048421859741, "length": 3.9993033409118652, "mode": "train", "epoch": 23}
{"loss": 0.2287467122077942, "acc": 0.9182276129722595, "length": 4.0, "mode": "test", "epoch": 23}
{"loss": 0.15513917803764343, "acc": 0.9436620473861694, "length": 3.9989981651306152, "mode": "train", "epoch": 24}
{"loss": 0.22876611351966858, "acc": 0.9185618758201599, "length": 4.0, "mode": "test", "epoch": 24}
{"loss": 0.1444602906703949, "acc": 0.9462119936943054, "length": 3.9993414878845215, "mode": "train", "epoch": 25}
{"loss": 0.2493962049484253, "acc": 0.9094483256340027, "length": 4.0, "mode": "test", "epoch": 25}
{"loss": 0.14239178597927094, "acc": 0.9466610550880432, "length": 3.999448299407959, "mode": "train", "epoch": 26}
{"loss": 0.2395639419555664, "acc": 0.9126254320144653, "length": 4.0, "mode": "test", "epoch": 26}
{"loss": 0.14659373462200165, "acc": 0.9443770051002502, "length": 3.999467611312866, "mode": "train", "epoch": 27}
{"loss": 0.21380740404129028, "acc": 0.9112040400505066, "length": 4.0, "mode": "test", "epoch": 27}
{"loss": 0.13504409790039062, "acc": 0.9503473043441772, "length": 3.9995408058166504, "mode": "train", "epoch": 28}
{"loss": 0.21447259187698364, "acc": 0.9195651412010193, "length": 4.0, "mode": "test", "epoch": 28}
{"loss": 0.13080766797065735, "acc": 0.9498117566108704, "length": 3.99918532371521, "mode": "train", "epoch": 29}
{"loss": 0.21194390952587128, "acc": 0.9287624955177307, "length": 4.0, "mode": "test", "epoch": 29}
{"loss": 0.12998060882091522, "acc": 0.951764702796936, "length": 3.999358892440796, "mode": "train", "epoch": 30}
{"loss": 0.2662144601345062, "acc": 0.9120402932167053, "length": 4.0, "mode": "test", "epoch": 30}
{"loss": 0.14163601398468018, "acc": 0.9466939568519592, "length": 3.99959397315979, "mode": "train", "epoch": 31}
{"loss": 0.2121437042951584, "acc": 0.9355352520942688, "length": 4.0, "mode": "test", "epoch": 31}
{"loss": 0.1284090131521225, "acc": 0.9507960677146912, "length": 3.9996113777160645, "mode": "train", "epoch": 32}
{"loss": 0.19746899604797363, "acc": 0.927926242351532, "length": 4.0, "mode": "test", "epoch": 32}
{"loss": 0.11676469445228577, "acc": 0.9567940831184387, "length": 3.9995617866516113, "mode": "train", "epoch": 33}
{"loss": 0.2560717463493347, "acc": 0.9274247884750366, "length": 4.0, "mode": "test", "epoch": 33}
{"loss": 0.11685018241405487, "acc": 0.9556505084037781, "length": 3.9997315406799316, "mode": "train", "epoch": 34}
{"loss": 0.19754955172538757, "acc": 0.9394647479057312, "length": 4.0, "mode": "test", "epoch": 34}
{"loss": 0.11152850091457367, "acc": 0.9585317969322205, "length": 3.9998257160186768, "mode": "train", "epoch": 35}
{"loss": 0.18616586923599243, "acc": 0.936371386051178, "length": 4.0, "mode": "test", "epoch": 35}
{"loss": 0.10438891500234604, "acc": 0.9624105095863342, "length": 3.9998514652252197, "mode": "train", "epoch": 36}
{"loss": 0.19731107354164124, "acc": 0.9439798593521118, "length": 4.0, "mode": "test", "epoch": 36}
{"loss": 0.09716861695051193, "acc": 0.9661763906478882, "length": 3.999821901321411, "mode": "train", "epoch": 37}
{"loss": 0.17141926288604736, "acc": 0.943143904209137, "length": 4.0, "mode": "test", "epoch": 37}
{"loss": 0.09316635876893997, "acc": 0.9675455689430237, "length": 3.9998860359191895, "mode": "train", "epoch": 38}
{"loss": 0.15378336608409882, "acc": 0.9443144202232361, "length": 4.0, "mode": "test", "epoch": 38}
{"loss": 0.1004544198513031, "acc": 0.9636932015419006, "length": 3.9998552799224854, "mode": "train", "epoch": 39}
{"loss": 0.19896338880062103, "acc": 0.9393813610076904, "length": 4.0, "mode": "test", "epoch": 39}
{"loss": 0.1169135570526123, "acc": 0.9586717486381531, "length": 3.999779224395752, "mode": "train", "epoch": 40}
{"loss": 0.18633364140987396, "acc": 0.9438127279281616, "length": 4.0, "mode": "test", "epoch": 40}
{"loss": 0.09052906930446625, "acc": 0.9694684147834778, "length": 3.999833583831787, "mode": "train", "epoch": 41}
{"loss": 0.15761291980743408, "acc": 0.9545151591300964, "length": 4.0, "mode": "test", "epoch": 41}
{"loss": 0.08553410321474075, "acc": 0.9708918333053589, "length": 3.9997947216033936, "mode": "train", "epoch": 42}
{"loss": 0.18227747082710266, "acc": 0.9493310451507568, "length": 4.0, "mode": "test", "epoch": 42}
{"loss": 0.08327295631170273, "acc": 0.9725388288497925, "length": 3.999837875366211, "mode": "train", "epoch": 43}
{"loss": 0.18821117281913757, "acc": 0.9450669288635254, "length": 4.0, "mode": "test", "epoch": 43}
{"loss": 0.07590457051992416, "acc": 0.9744091033935547, "length": 3.999866485595703, "mode": "train", "epoch": 44}
{"loss": 0.1623021811246872, "acc": 0.9507524967193604, "length": 4.0, "mode": "test", "epoch": 44}
{"loss": 0.07565412670373917, "acc": 0.9749404191970825, "length": 3.9999146461486816, "mode": "train", "epoch": 45}
{"loss": 0.19245387613773346, "acc": 0.9482441544532776, "length": 4.0, "mode": "test", "epoch": 45}
{"loss": 0.11260858178138733, "acc": 0.9658158421516418, "length": 3.999891757965088, "mode": "train", "epoch": 46}
{"loss": 0.1509695202112198, "acc": 0.9542641639709473, "length": 4.0, "mode": "test", "epoch": 46}
{"loss": 0.07169423997402191, "acc": 0.9767264723777771, "length": 3.9999196529388428, "mode": "train", "epoch": 47}
{"loss": 0.12883709371089935, "acc": 0.9627927541732788, "length": 4.0, "mode": "test", "epoch": 47}
{"loss": 0.07442651689052582, "acc": 0.9757437705993652, "length": 3.9998281002044678, "mode": "train", "epoch": 48}
{"loss": 0.1265612095594406, "acc": 0.9604516625404358, "length": 4.0, "mode": "test", "epoch": 48}
{"loss": 0.061842162162065506, "acc": 0.9800200462341309, "length": 3.9995880126953125, "mode": "train", "epoch": 49}
{"loss": 0.11662721633911133, "acc": 0.9688126444816589, "length": 4.0, "mode": "test", "epoch": 49}
{"loss": 0.06529327481985092, "acc": 0.9796557426452637, "length": 3.9999186992645264, "mode": "train", "epoch": 50}
{"loss": 0.14477704465389252, "acc": 0.9590300917625427, "length": 4.0, "mode": "test", "epoch": 50}
{"loss": 0.06862902641296387, "acc": 0.9784279465675354, "length": 3.9999146461486816, "mode": "train", "epoch": 51}
{"loss": 0.1208346039056778, "acc": 0.965300977230072, "length": 4.0, "mode": "test", "epoch": 51}
{"loss": 0.05808204412460327, "acc": 0.9808555245399475, "length": 3.999906063079834, "mode": "train", "epoch": 52}
{"loss": 0.11746431887149811, "acc": 0.9709029793739319, "length": 4.0, "mode": "test", "epoch": 52}
{"loss": 0.05367344990372658, "acc": 0.9835631251335144, "length": 3.9999337196350098, "mode": "train", "epoch": 53}
{"loss": 0.12865014374256134, "acc": 0.9657191634178162, "length": 4.0, "mode": "test", "epoch": 53}
{"loss": 0.05223427340388298, "acc": 0.9839543700218201, "length": 3.9999473094940186, "mode": "train", "epoch": 54}
{"loss": 0.12432701885700226, "acc": 0.9686456918716431, "length": 4.0, "mode": "test", "epoch": 54}
{"loss": 0.046449605375528336, "acc": 0.984453558921814, "length": 3.9998862743377686, "mode": "train", "epoch": 55}
{"loss": 0.11550870537757874, "acc": 0.9694814085960388, "length": 4.0, "mode": "test", "epoch": 55}
{"loss": 0.052419889718294144, "acc": 0.9829221963882446, "length": 3.9999613761901855, "mode": "train", "epoch": 56}
{"loss": 0.14774517714977264, "acc": 0.964214026927948, "length": 4.0, "mode": "test", "epoch": 56}
{"loss": 0.06450654566287994, "acc": 0.9795742630958557, "length": 3.999964952468872, "mode": "train", "epoch": 57}
{"loss": 0.12491267919540405, "acc": 0.9680601358413696, "length": 4.0, "mode": "test", "epoch": 57}
{"loss": 0.07871826738119125, "acc": 0.9747200608253479, "length": 3.9999735355377197, "mode": "train", "epoch": 58}
{"loss": 0.13379663228988647, "acc": 0.9632943868637085, "length": 4.0, "mode": "test", "epoch": 58}
{"loss": 0.07691352069377899, "acc": 0.9746077656745911, "length": 3.9999592304229736, "mode": "train", "epoch": 59}
{"loss": 0.11694181710481644, "acc": 0.9677258729934692, "length": 4.0, "mode": "test", "epoch": 59}
{"loss": 0.06954832375049591, "acc": 0.9767562747001648, "length": 3.9999606609344482, "mode": "train", "epoch": 60}
{"loss": 0.11144720762968063, "acc": 0.9703177213668823, "length": 4.0, "mode": "test", "epoch": 60}
{"loss": 0.05996904522180557, "acc": 0.9803559184074402, "length": 3.999976634979248, "mode": "train", "epoch": 61}
{"loss": 0.11067995429039001, "acc": 0.9736620783805847, "length": 4.0, "mode": "test", "epoch": 61}
{"loss": 0.051533594727516174, "acc": 0.9826431274414062, "length": 3.9999165534973145, "mode": "train", "epoch": 62}
{"loss": 0.09693128615617752, "acc": 0.9729098081588745, "length": 4.0, "mode": "test", "epoch": 62}
{"loss": 0.0515744723379612, "acc": 0.9818069338798523, "length": 3.9999775886535645, "mode": "train", "epoch": 63}
{"loss": 0.12012929469347, "acc": 0.9693143963813782, "length": 4.0, "mode": "test", "epoch": 63}
{"loss": 0.05546722933650017, "acc": 0.982923686504364, "length": 3.999988555908203, "mode": "train", "epoch": 64}
{"loss": 0.09857738018035889, "acc": 0.9739130735397339, "length": 4.0, "mode": "test", "epoch": 64}
{"loss": 0.050042759627103806, "acc": 0.9837039709091187, "length": 3.999979019165039, "mode": "train", "epoch": 65}
{"loss": 0.10033930093050003, "acc": 0.9751672744750977, "length": 4.0, "mode": "test", "epoch": 65}
{"loss": 0.05233967676758766, "acc": 0.983063280582428, "length": 3.999992609024048, "mode": "train", "epoch": 66}
{"loss": 0.12999607622623444, "acc": 0.956354558467865, "length": 4.0, "mode": "test", "epoch": 66}
{"loss": 0.04942512884736061, "acc": 0.9847919344902039, "length": 3.9999754428863525, "mode": "train", "epoch": 67}
{"loss": 0.11052896082401276, "acc": 0.9734114408493042, "length": 4.0, "mode": "test", "epoch": 67}
{"loss": 0.04229514300823212, "acc": 0.9855465888977051, "length": 3.9999921321868896, "mode": "train", "epoch": 68}
{"loss": 0.11169589310884476, "acc": 0.9700667262077332, "length": 4.0, "mode": "test", "epoch": 68}
{"loss": 0.053696174174547195, "acc": 0.9839840531349182, "length": 3.999992847442627, "mode": "train", "epoch": 69}
{"loss": 0.20276865363121033, "acc": 0.9593645930290222, "length": 4.0, "mode": "test", "epoch": 69}
{"loss": 0.07025118917226791, "acc": 0.9779236912727356, "length": 3.9999008178710938, "mode": "train", "epoch": 70}
{"loss": 0.13830992579460144, "acc": 0.9601171016693115, "length": 4.0, "mode": "test", "epoch": 70}
{"loss": 0.059010423719882965, "acc": 0.9808869957923889, "length": 3.9999940395355225, "mode": "train", "epoch": 71}
{"loss": 0.11850721389055252, "acc": 0.9701506495475769, "length": 4.0, "mode": "test", "epoch": 71}
{"loss": 0.04576091840863228, "acc": 0.9858256578445435, "length": 3.9999961853027344, "mode": "train", "epoch": 72}
{"loss": 0.09317542612552643, "acc": 0.976504921913147, "length": 4.0, "mode": "test", "epoch": 72}
{"loss": 0.03653355687856674, "acc": 0.989536464214325, "length": 3.9999935626983643, "mode": "train", "epoch": 73}
{"loss": 0.11279303580522537, "acc": 0.9729094505310059, "length": 4.0, "mode": "test", "epoch": 73}
{"loss": 0.03564903140068054, "acc": 0.9888390898704529, "length": 3.9999964237213135, "mode": "train", "epoch": 74}
{"loss": 0.10058911889791489, "acc": 0.9763376712799072, "length": 4.0, "mode": "test", "epoch": 74}
{"loss": 0.03652464970946312, "acc": 0.9885041117668152, "length": 3.999990701675415, "mode": "train", "epoch": 75}
{"loss": 0.11687972396612167, "acc": 0.971153736114502, "length": 4.0, "mode": "test", "epoch": 75}
{"loss": 0.031735874712467194, "acc": 0.9905968308448792, "length": 3.99999737739563, "mode": "train", "epoch": 76}
{"loss": 0.11569498479366302, "acc": 0.9736621975898743, "length": 4.0, "mode": "test", "epoch": 76}
{"loss": 0.034247852861881256, "acc": 0.989676296710968, "length": 3.9999983310699463, "mode": "train", "epoch": 77}
{"loss": 0.10225995630025864, "acc": 0.9748327136039734, "length": 4.0, "mode": "test", "epoch": 77}
{"loss": 0.0330226868391037, "acc": 0.9903923273086548, "length": 3.999817371368408, "mode": "train", "epoch": 78}
{"loss": 0.11937891691923141, "acc": 0.9728260636329651, "length": 4.0, "mode": "test", "epoch": 78}
{"loss": 0.036941878497600555, "acc": 0.9889229536056519, "length": 3.9999983310699463, "mode": "train", "epoch": 79}
{"loss": 0.13043972849845886, "acc": 0.9729095697402954, "length": 4.0, "mode": "test", "epoch": 79}
{"loss": 0.036314234137535095, "acc": 0.988448441028595, "length": 3.9999966621398926, "mode": "train", "epoch": 80}
{"loss": 0.11964445561170578, "acc": 0.9734113216400146, "length": 4.0, "mode": "test", "epoch": 80}
{"loss": 0.03846919164061546, "acc": 0.9874442219734192, "length": 3.999999523162842, "mode": "train", "epoch": 81}
{"loss": 0.10937447100877762, "acc": 0.9773411750793457, "length": 4.0, "mode": "test", "epoch": 81}
{"loss": 0.04707269370555878, "acc": 0.9858537316322327, "length": 3.9999969005584717, "mode": "train", "epoch": 82}
{"loss": 0.12509331107139587, "acc": 0.9714882969856262, "length": 4.0, "mode": "test", "epoch": 82}
{"loss": 0.0802813395857811, "acc": 0.9759765863418579, "length": 3.9999992847442627, "mode": "train", "epoch": 83}
{"loss": 0.1802404373884201, "acc": 0.9545150399208069, "length": 4.0, "mode": "test", "epoch": 83}
{"loss": 0.09172321856021881, "acc": 0.9712054133415222, "length": 3.9999992847442627, "mode": "train", "epoch": 84}
{"loss": 0.12946057319641113, "acc": 0.969398021697998, "length": 4.0, "mode": "test", "epoch": 84}
{"loss": 0.06653358042240143, "acc": 0.9794360995292664, "length": 3.9999969005584717, "mode": "train", "epoch": 85}
{"loss": 0.13433611392974854, "acc": 0.9627926349639893, "length": 4.0, "mode": "test", "epoch": 85}
{"loss": 0.07194320112466812, "acc": 0.9768970608711243, "length": 3.999990701675415, "mode": "train", "epoch": 86}
{"loss": 0.14215515553951263, "acc": 0.9553511738777161, "length": 4.0, "mode": "test", "epoch": 86}
{"loss": 0.06020188331604004, "acc": 0.9805523157119751, "length": 3.9999983310699463, "mode": "train", "epoch": 87}
{"loss": 0.09555792063474655, "acc": 0.9741637706756592, "length": 4.0, "mode": "test", "epoch": 87}
{"loss": 0.052600715309381485, "acc": 0.9836214780807495, "length": 3.9999983310699463, "mode": "train", "epoch": 88}
{"loss": 0.1079971194267273, "acc": 0.9688126444816589, "length": 4.0, "mode": "test", "epoch": 88}
{"loss": 0.047988977283239365, "acc": 0.9836495518684387, "length": 3.9999988079071045, "mode": "train", "epoch": 89}
{"loss": 0.08654435724020004, "acc": 0.9771738648414612, "length": 4.0, "mode": "test", "epoch": 89}
{"loss": 0.038795750588178635, "acc": 0.9881696105003357, "length": 3.9999992847442627, "mode": "train", "epoch": 90}
{"loss": 0.10638978332281113, "acc": 0.9761706590652466, "length": 4.0, "mode": "test", "epoch": 90}
{"loss": 0.039001502096652985, "acc": 0.9879462122917175, "length": 3.999994993209839, "mode": "train", "epoch": 91}
{"loss": 0.1264008730649948, "acc": 0.9726588129997253, "length": 4.0, "mode": "test", "epoch": 91}
{"loss": 0.04291246086359024, "acc": 0.986188530921936, "length": 3.9999985694885254, "mode": "train", "epoch": 92}
{"loss": 0.11805716156959534, "acc": 0.9726588129997253, "length": 4.0, "mode": "test", "epoch": 92}
{"loss": 0.07912518829107285, "acc": 0.9770355224609375, "length": 3.9999735355377197, "mode": "train", "epoch": 93}
{"loss": 0.12481237947940826, "acc": 0.9660536050796509, "length": 4.0, "mode": "test", "epoch": 93}
{"loss": 0.04849443957209587, "acc": 0.9847656488418579, "length": 3.9999988079071045, "mode": "train", "epoch": 94}
{"loss": 0.06733137369155884, "acc": 0.9813545942306519, "length": 4.0, "mode": "test", "epoch": 94}
{"loss": 0.03582882508635521, "acc": 0.9892855882644653, "length": 3.999999761581421, "mode": "train", "epoch": 95}
{"loss": 0.07015042752027512, "acc": 0.9808528423309326, "length": 4.0, "mode": "test", "epoch": 95}
{"loss": 0.03654967248439789, "acc": 0.9880022406578064, "length": 4.0, "mode": "train", "epoch": 96}
{"loss": 0.07200255990028381, "acc": 0.9806020259857178, "length": 4.0, "mode": "test", "epoch": 96}
{"loss": 0.04577057063579559, "acc": 0.9851563572883606, "length": 4.0, "mode": "train", "epoch": 97}
{"loss": 0.08840149641036987, "acc": 0.9699832797050476, "length": 4.0, "mode": "test", "epoch": 97}
{"loss": 0.046173062175512314, "acc": 0.9853237271308899, "length": 4.0, "mode": "train", "epoch": 98}
{"loss": 0.09098143875598907, "acc": 0.9726589322090149, "length": 4.0, "mode": "test", "epoch": 98}
{"loss": 0.0385318361222744, "acc": 0.986746609210968, "length": 3.999999761581421, "mode": "train", "epoch": 99}
{"loss": 0.08910693228244781, "acc": 0.9774245619773865, "length": 4.0, "mode": "test", "epoch": 99}
{"loss": 0.03433605283498764, "acc": 0.9904575347900391, "length": 3.9999992847442627, "mode": "train", "epoch": 100}
{"loss": 0.0729697123169899, "acc": 0.9804346561431885, "length": 4.0, "mode": "test", "epoch": 100}
test accuracy: 0.741557240486145
