# ["--attributes=3", "--values=4", "--game_size=10", "--vocab_size_factor=3", "--n_epochs=100", "--batch_size=32", "--learning_rate=0.0005", "--hidden_size=128", "--temp_update=0.97", "--temperature=1"]
Creating train_ds and val_ds...

Creating test_ds...
{"loss": 0.6917881369590759, "acc": 0.5242794752120972, "length": 3.57255220413208, "mode": "train", "epoch": 1}
{"loss": 0.6694880127906799, "acc": 0.6160051822662354, "length": 3.8691275119781494, "mode": "test", "epoch": 1}
{"loss": 0.6010391116142273, "acc": 0.6946374177932739, "length": 3.8787693977355957, "mode": "train", "epoch": 2}
{"loss": 0.5366944074630737, "acc": 0.741946280002594, "length": 4.0, "mode": "test", "epoch": 2}
{"loss": 0.48545050621032715, "acc": 0.7727401256561279, "length": 3.99027681350708, "mode": "train", "epoch": 3}
{"loss": 0.5057687163352966, "acc": 0.7567114233970642, "length": 4.0, "mode": "test", "epoch": 3}
{"loss": 0.4623842239379883, "acc": 0.7887921333312988, "length": 3.9947431087493896, "mode": "train", "epoch": 4}
{"loss": 0.4848123788833618, "acc": 0.783305287361145, "length": 4.0, "mode": "test", "epoch": 4}
{"loss": 0.4416535496711731, "acc": 0.8032059669494629, "length": 3.995248556137085, "mode": "train", "epoch": 5}
{"loss": 0.45565420389175415, "acc": 0.8055369853973389, "length": 4.0, "mode": "test", "epoch": 5}
{"loss": 0.42149463295936584, "acc": 0.8120211362838745, "length": 3.997624397277832, "mode": "train", "epoch": 6}
{"loss": 0.43017879128456116, "acc": 0.8136745095252991, "length": 4.0, "mode": "test", "epoch": 6}
{"loss": 0.38967934250831604, "acc": 0.829908549785614, "length": 3.9985716342926025, "mode": "train", "epoch": 7}
{"loss": 0.4069337248802185, "acc": 0.8131712079048157, "length": 4.0, "mode": "test", "epoch": 7}
{"loss": 0.3706457018852234, "acc": 0.8381644487380981, "length": 3.999593734741211, "mode": "train", "epoch": 8}
{"loss": 0.37676799297332764, "acc": 0.8302013278007507, "length": 4.0, "mode": "test", "epoch": 8}
{"loss": 0.3583574891090393, "acc": 0.8422837257385254, "length": 3.9994208812713623, "mode": "train", "epoch": 9}
{"loss": 0.35723844170570374, "acc": 0.8431206941604614, "length": 4.0, "mode": "test", "epoch": 9}
{"loss": 0.34022703766822815, "acc": 0.8515228033065796, "length": 3.999276638031006, "mode": "train", "epoch": 10}
{"loss": 0.3476787507534027, "acc": 0.849328875541687, "length": 4.0, "mode": "test", "epoch": 10}
{"loss": 0.3308510184288025, "acc": 0.857910692691803, "length": 3.999155282974243, "mode": "train", "epoch": 11}
{"loss": 0.33586305379867554, "acc": 0.8589764833450317, "length": 4.0, "mode": "test", "epoch": 11}
{"loss": 0.31523552536964417, "acc": 0.8689355254173279, "length": 3.999620199203491, "mode": "train", "epoch": 12}
{"loss": 0.31962040066719055, "acc": 0.869966447353363, "length": 4.0, "mode": "test", "epoch": 12}
{"loss": 0.3060913681983948, "acc": 0.8701418042182922, "length": 3.9982128143310547, "mode": "train", "epoch": 13}
{"loss": 0.30659064650535583, "acc": 0.8747484087944031, "length": 4.0, "mode": "test", "epoch": 13}
{"loss": 0.291984498500824, "acc": 0.8801621198654175, "length": 3.9994430541992188, "mode": "train", "epoch": 14}
{"loss": 0.29543837904930115, "acc": 0.8794464468955994, "length": 4.0, "mode": "test", "epoch": 14}
{"loss": 0.2786202132701874, "acc": 0.884583055973053, "length": 3.9999160766601562, "mode": "train", "epoch": 15}
{"loss": 0.29655301570892334, "acc": 0.8820471167564392, "length": 4.0, "mode": "test", "epoch": 15}
{"loss": 0.26737701892852783, "acc": 0.8934577703475952, "length": 3.9996743202209473, "mode": "train", "epoch": 16}
{"loss": 0.27929386496543884, "acc": 0.8916108012199402, "length": 4.0, "mode": "test", "epoch": 16}
{"loss": 0.25569576025009155, "acc": 0.8979125022888184, "length": 3.99894642829895, "mode": "train", "epoch": 17}
{"loss": 0.2755183279514313, "acc": 0.894379198551178, "length": 4.0, "mode": "test", "epoch": 17}
{"loss": 0.24663905799388885, "acc": 0.9034104943275452, "length": 3.9995741844177246, "mode": "train", "epoch": 18}
{"loss": 0.2773212194442749, "acc": 0.8913589715957642, "length": 4.0, "mode": "test", "epoch": 18}
{"loss": 0.24136552214622498, "acc": 0.9066944718360901, "length": 3.999812126159668, "mode": "train", "epoch": 19}
{"loss": 0.266354501247406, "acc": 0.8974831700325012, "length": 4.0, "mode": "test", "epoch": 19}
{"loss": 0.23389561474323273, "acc": 0.9108030200004578, "length": 3.9997000694274902, "mode": "train", "epoch": 20}
{"loss": 0.2555103003978729, "acc": 0.9011744260787964, "length": 4.0, "mode": "test", "epoch": 20}
{"loss": 0.2250957041978836, "acc": 0.9117286801338196, "length": 3.999537706375122, "mode": "train", "epoch": 21}
{"loss": 0.25439685583114624, "acc": 0.9004195332527161, "length": 4.0, "mode": "test", "epoch": 21}
{"loss": 0.2226797342300415, "acc": 0.9137014746665955, "length": 3.999683380126953, "mode": "train", "epoch": 22}
{"loss": 0.24851277470588684, "acc": 0.9000840187072754, "length": 4.0, "mode": "test", "epoch": 22}
{"loss": 0.22104588150978088, "acc": 0.9145732522010803, "length": 3.9999804496765137, "mode": "train", "epoch": 23}
{"loss": 0.24999123811721802, "acc": 0.9050335884094238, "length": 4.0, "mode": "test", "epoch": 23}
{"loss": 0.2219807654619217, "acc": 0.9131608009338379, "length": 3.999811887741089, "mode": "train", "epoch": 24}
{"loss": 0.2382674217224121, "acc": 0.9082213640213013, "length": 4.0, "mode": "test", "epoch": 24}
{"loss": 0.2132136970758438, "acc": 0.9184576869010925, "length": 3.999749183654785, "mode": "train", "epoch": 25}
{"loss": 0.24038586020469666, "acc": 0.9093120098114014, "length": 4.0, "mode": "test", "epoch": 25}
{"loss": 0.20973648130893707, "acc": 0.9177377223968506, "length": 3.999891996383667, "mode": "train", "epoch": 26}
{"loss": 0.25732284784317017, "acc": 0.9086408019065857, "length": 4.0, "mode": "test", "epoch": 26}
{"loss": 0.21474549174308777, "acc": 0.9170961976051331, "length": 3.9999911785125732, "mode": "train", "epoch": 27}
{"loss": 0.24284465610980988, "acc": 0.90570467710495, "length": 4.0, "mode": "test", "epoch": 27}
{"loss": 0.20575934648513794, "acc": 0.9196743369102478, "length": 3.9999752044677734, "mode": "train", "epoch": 28}
{"loss": 0.2423710823059082, "acc": 0.9098992347717285, "length": 4.0, "mode": "test", "epoch": 28}
{"loss": 0.2038469761610031, "acc": 0.9214961528778076, "length": 3.999990224838257, "mode": "train", "epoch": 29}
{"loss": 0.2332424372434616, "acc": 0.9111577868461609, "length": 4.0, "mode": "test", "epoch": 29}
{"loss": 0.19919364154338837, "acc": 0.9232311248779297, "length": 3.999908208847046, "mode": "train", "epoch": 30}
{"loss": 0.24574992060661316, "acc": 0.9109898805618286, "length": 4.0, "mode": "test", "epoch": 30}
{"loss": 0.1979772299528122, "acc": 0.9231489896774292, "length": 3.9999661445617676, "mode": "train", "epoch": 31}
{"loss": 0.23877093195915222, "acc": 0.911745011806488, "length": 4.0, "mode": "test", "epoch": 31}
{"loss": 0.2029307782649994, "acc": 0.9208498597145081, "length": 3.9999117851257324, "mode": "train", "epoch": 32}
{"loss": 0.2325173169374466, "acc": 0.9134227633476257, "length": 4.0, "mode": "test", "epoch": 32}
{"loss": 0.1962638646364212, "acc": 0.9243831634521484, "length": 3.9999961853027344, "mode": "train", "epoch": 33}
{"loss": 0.2445705384016037, "acc": 0.9050335884094238, "length": 4.0, "mode": "test", "epoch": 33}
{"loss": 0.19711346924304962, "acc": 0.9228392243385315, "length": 3.9999067783355713, "mode": "train", "epoch": 34}
{"loss": 0.23135657608509064, "acc": 0.9152684807777405, "length": 4.0, "mode": "test", "epoch": 34}
{"loss": 0.1911054253578186, "acc": 0.92662513256073, "length": 3.999993085861206, "mode": "train", "epoch": 35}
{"loss": 0.23657867312431335, "acc": 0.9117448925971985, "length": 4.0, "mode": "test", "epoch": 35}
{"loss": 0.20150265097618103, "acc": 0.9239209294319153, "length": 3.9994218349456787, "mode": "train", "epoch": 36}
{"loss": 0.23358969390392303, "acc": 0.9171980023384094, "length": 4.0, "mode": "test", "epoch": 36}
{"loss": 0.19654515385627747, "acc": 0.9242708086967468, "length": 3.999986410140991, "mode": "train", "epoch": 37}
{"loss": 0.2383723258972168, "acc": 0.9149327874183655, "length": 4.0, "mode": "test", "epoch": 37}
{"loss": 0.18849056959152222, "acc": 0.9258395433425903, "length": 3.9999852180480957, "mode": "train", "epoch": 38}
{"loss": 0.23203681409358978, "acc": 0.9167784452438354, "length": 4.0, "mode": "test", "epoch": 38}
{"loss": 0.1832304447889328, "acc": 0.9302687048912048, "length": 3.999990940093994, "mode": "train", "epoch": 39}
{"loss": 0.23024365305900574, "acc": 0.916694700717926, "length": 4.0, "mode": "test", "epoch": 39}
{"loss": 0.18430526554584503, "acc": 0.9297077655792236, "length": 3.9999661445617676, "mode": "train", "epoch": 40}
{"loss": 0.23308353126049042, "acc": 0.917701244354248, "length": 4.0, "mode": "test", "epoch": 40}
{"loss": 0.18224860727787018, "acc": 0.9305212497711182, "length": 3.999997615814209, "mode": "train", "epoch": 41}
{"loss": 0.23018422722816467, "acc": 0.9148491024971008, "length": 4.0, "mode": "test", "epoch": 41}
{"loss": 0.1794975847005844, "acc": 0.9315761923789978, "length": 3.9998340606689453, "mode": "train", "epoch": 42}
{"loss": 0.2409961074590683, "acc": 0.9133388996124268, "length": 4.0, "mode": "test", "epoch": 42}
{"loss": 0.1794508397579193, "acc": 0.930717408657074, "length": 3.9999985694885254, "mode": "train", "epoch": 43}
{"loss": 0.23262882232666016, "acc": 0.9191275238990784, "length": 4.0, "mode": "test", "epoch": 43}
{"loss": 0.18226876854896545, "acc": 0.9305208325386047, "length": 3.9999914169311523, "mode": "train", "epoch": 44}
{"loss": 0.2533721327781677, "acc": 0.9124161601066589, "length": 4.0, "mode": "test", "epoch": 44}
{"loss": 0.18247076869010925, "acc": 0.9305453896522522, "length": 3.999936819076538, "mode": "train", "epoch": 45}
{"loss": 0.21938163042068481, "acc": 0.9202181696891785, "length": 4.0, "mode": "test", "epoch": 45}
{"loss": 0.1757744699716568, "acc": 0.9329315423965454, "length": 3.999998092651367, "mode": "train", "epoch": 46}
{"loss": 0.2197883576154709, "acc": 0.9217281341552734, "length": 4.0, "mode": "test", "epoch": 46}
{"loss": 0.17076553404331207, "acc": 0.935004472732544, "length": 3.999969244003296, "mode": "train", "epoch": 47}
{"loss": 0.23297514021396637, "acc": 0.9168625473976135, "length": 4.0, "mode": "test", "epoch": 47}
{"loss": 0.1771400272846222, "acc": 0.9335451126098633, "length": 3.999957323074341, "mode": "train", "epoch": 48}
{"loss": 0.2279178947210312, "acc": 0.916610836982727, "length": 4.0, "mode": "test", "epoch": 48}
{"loss": 0.18666239082813263, "acc": 0.9291760921478271, "length": 3.9999992847442627, "mode": "train", "epoch": 49}
{"loss": 0.2697007656097412, "acc": 0.9080538153648376, "length": 4.0, "mode": "test", "epoch": 49}
{"loss": 0.17725452780723572, "acc": 0.9325016736984253, "length": 3.999735116958618, "mode": "train", "epoch": 50}
{"loss": 0.23741501569747925, "acc": 0.915855884552002, "length": 4.0, "mode": "test", "epoch": 50}
{"loss": 0.1824716031551361, "acc": 0.9302673935890198, "length": 3.999976396560669, "mode": "train", "epoch": 51}
{"loss": 0.25308945775032043, "acc": 0.9135906100273132, "length": 4.0, "mode": "test", "epoch": 51}
{"loss": 0.18356971442699432, "acc": 0.9308856725692749, "length": 4.0, "mode": "train", "epoch": 52}
{"loss": 0.2400461584329605, "acc": 0.915436327457428, "length": 4.0, "mode": "test", "epoch": 52}
{"loss": 0.1723591536283493, "acc": 0.9338005185127258, "length": 3.999999761581421, "mode": "train", "epoch": 53}
{"loss": 0.21593138575553894, "acc": 0.9216441512107849, "length": 4.0, "mode": "test", "epoch": 53}
{"loss": 0.1675448715686798, "acc": 0.9367713332176208, "length": 3.999999761581421, "mode": "train", "epoch": 54}
{"loss": 0.21638375520706177, "acc": 0.9234898686408997, "length": 4.0, "mode": "test", "epoch": 54}
{"loss": 0.17049285769462585, "acc": 0.9364627599716187, "length": 3.9999959468841553, "mode": "train", "epoch": 55}
{"loss": 0.2382301539182663, "acc": 0.9228187799453735, "length": 4.0, "mode": "test", "epoch": 55}
{"loss": 0.16540609300136566, "acc": 0.9394338726997375, "length": 4.0, "mode": "train", "epoch": 56}
{"loss": 0.23134443163871765, "acc": 0.9224830865859985, "length": 4.0, "mode": "test", "epoch": 56}
{"loss": 0.16422441601753235, "acc": 0.9358169436454773, "length": 3.999969959259033, "mode": "train", "epoch": 57}
{"loss": 0.22740550339221954, "acc": 0.920050323009491, "length": 4.0, "mode": "test", "epoch": 57}
{"loss": 0.17666180431842804, "acc": 0.9331836700439453, "length": 3.999995708465576, "mode": "train", "epoch": 58}
{"loss": 0.2752235233783722, "acc": 0.9056209325790405, "length": 4.0, "mode": "test", "epoch": 58}
{"loss": 0.1724286675453186, "acc": 0.9344167113304138, "length": 3.9999887943267822, "mode": "train", "epoch": 59}
{"loss": 0.2299947291612625, "acc": 0.9192115664482117, "length": 4.0, "mode": "test", "epoch": 59}
{"loss": 0.16731444001197815, "acc": 0.9353395700454712, "length": 3.9999706745147705, "mode": "train", "epoch": 60}
{"loss": 0.21631428599357605, "acc": 0.9249160885810852, "length": 4.0, "mode": "test", "epoch": 60}
{"loss": 0.1674073040485382, "acc": 0.9352545142173767, "length": 3.9999070167541504, "mode": "train", "epoch": 61}
{"loss": 0.21644863486289978, "acc": 0.927936315536499, "length": 4.0, "mode": "test", "epoch": 61}
{"loss": 0.16919569671154022, "acc": 0.9375, "length": 3.999999761581421, "mode": "train", "epoch": 62}
{"loss": 0.234084352850914, "acc": 0.921392560005188, "length": 4.0, "mode": "test", "epoch": 62}
{"loss": 0.16562291979789734, "acc": 0.9392936825752258, "length": 3.9999992847442627, "mode": "train", "epoch": 63}
{"loss": 0.220943421125412, "acc": 0.9232380390167236, "length": 4.0, "mode": "test", "epoch": 63}
{"loss": 0.16917233169078827, "acc": 0.9369114637374878, "length": 4.0, "mode": "train", "epoch": 64}
{"loss": 0.22060276567935944, "acc": 0.9191275835037231, "length": 4.0, "mode": "test", "epoch": 64}
{"loss": 0.1780281364917755, "acc": 0.9321178197860718, "length": 3.9999637603759766, "mode": "train", "epoch": 65}
{"loss": 0.22120343148708344, "acc": 0.9192112684249878, "length": 4.0, "mode": "test", "epoch": 65}
{"loss": 0.16708168387413025, "acc": 0.9357062578201294, "length": 3.999999523162842, "mode": "train", "epoch": 66}
{"loss": 0.23423413932323456, "acc": 0.9201342463493347, "length": 4.0, "mode": "test", "epoch": 66}
{"loss": 0.1703999787569046, "acc": 0.9370232820510864, "length": 3.9999961853027344, "mode": "train", "epoch": 67}
{"loss": 0.2253657430410385, "acc": 0.92307049036026, "length": 4.0, "mode": "test", "epoch": 67}
{"loss": 0.1671474277973175, "acc": 0.9367388486862183, "length": 3.999938488006592, "mode": "train", "epoch": 68}
{"loss": 0.21343711018562317, "acc": 0.9245806932449341, "length": 4.0, "mode": "test", "epoch": 68}
{"loss": 0.16115733981132507, "acc": 0.9391712546348572, "length": 3.9996469020843506, "mode": "train", "epoch": 69}
{"loss": 0.2228381484746933, "acc": 0.9229867458343506, "length": 4.0, "mode": "test", "epoch": 69}
{"loss": 0.15922582149505615, "acc": 0.9399380683898926, "length": 3.9999969005584717, "mode": "train", "epoch": 70}
{"loss": 0.20583070814609528, "acc": 0.9257550239562988, "length": 4.0, "mode": "test", "epoch": 70}
{"loss": 0.16379888355731964, "acc": 0.9383687973022461, "length": 3.9999992847442627, "mode": "train", "epoch": 71}
{"loss": 0.23990385234355927, "acc": 0.9161911606788635, "length": 4.0, "mode": "test", "epoch": 71}
{"loss": 0.1639101356267929, "acc": 0.9400224685668945, "length": 4.0, "mode": "train", "epoch": 72}
{"loss": 0.2242569476366043, "acc": 0.92239910364151, "length": 4.0, "mode": "test", "epoch": 72}
{"loss": 0.1613374501466751, "acc": 0.9401906132698059, "length": 3.999999523162842, "mode": "train", "epoch": 73}
{"loss": 0.22511158883571625, "acc": 0.9207213521003723, "length": 4.0, "mode": "test", "epoch": 73}
{"loss": 0.16344553232192993, "acc": 0.9381140470504761, "length": 3.9999544620513916, "mode": "train", "epoch": 74}
{"loss": 0.22259168326854706, "acc": 0.9288592338562012, "length": 4.0, "mode": "test", "epoch": 74}
{"loss": 0.16171827912330627, "acc": 0.9385650753974915, "length": 4.0, "mode": "train", "epoch": 75}
{"loss": 0.2342238873243332, "acc": 0.9229026436805725, "length": 4.0, "mode": "test", "epoch": 75}
{"loss": 0.1533077508211136, "acc": 0.9411435127258301, "length": 3.999999761581421, "mode": "train", "epoch": 76}
{"loss": 0.2191208004951477, "acc": 0.9252517223358154, "length": 4.0, "mode": "test", "epoch": 76}
{"loss": 0.15845783054828644, "acc": 0.9392634630203247, "length": 3.9999561309814453, "mode": "train", "epoch": 77}
{"loss": 0.23091766238212585, "acc": 0.9229026436805725, "length": 4.0, "mode": "test", "epoch": 77}
{"loss": 0.15180917084217072, "acc": 0.9430755972862244, "length": 3.9999594688415527, "mode": "train", "epoch": 78}
{"loss": 0.23256148397922516, "acc": 0.9229865074157715, "length": 4.0, "mode": "test", "epoch": 78}
{"loss": 0.15144796669483185, "acc": 0.9424046277999878, "length": 4.0, "mode": "train", "epoch": 79}
{"loss": 0.2159455418586731, "acc": 0.927768349647522, "length": 4.0, "mode": "test", "epoch": 79}
{"loss": 0.16003473103046417, "acc": 0.940807044506073, "length": 3.9999983310699463, "mode": "train", "epoch": 80}
{"loss": 0.2139826864004135, "acc": 0.9268456697463989, "length": 4.0, "mode": "test", "epoch": 80}
{"loss": 0.17077070474624634, "acc": 0.9358170628547668, "length": 3.99998140335083, "mode": "train", "epoch": 81}
{"loss": 0.21687346696853638, "acc": 0.9256711602210999, "length": 4.0, "mode": "test", "epoch": 81}
{"loss": 0.15913677215576172, "acc": 0.9410305023193359, "length": 3.9999606609344482, "mode": "train", "epoch": 82}
{"loss": 0.22888334095478058, "acc": 0.9187081456184387, "length": 4.0, "mode": "test", "epoch": 82}
{"loss": 0.15417727828025818, "acc": 0.9402467012405396, "length": 4.0, "mode": "train", "epoch": 83}
{"loss": 0.21739493310451508, "acc": 0.9234899878501892, "length": 4.0, "mode": "test", "epoch": 83}
{"loss": 0.1527070254087448, "acc": 0.943385660648346, "length": 3.999997854232788, "mode": "train", "epoch": 84}
{"loss": 0.2215370386838913, "acc": 0.9256712794303894, "length": 4.0, "mode": "test", "epoch": 84}
{"loss": 0.15155671536922455, "acc": 0.9424606561660767, "length": 4.0, "mode": "train", "epoch": 85}
{"loss": 0.20583504438400269, "acc": 0.9306207299232483, "length": 4.0, "mode": "test", "epoch": 85}
{"loss": 0.1562780737876892, "acc": 0.9413676857948303, "length": 3.9999985694885254, "mode": "train", "epoch": 86}
{"loss": 0.23586075007915497, "acc": 0.9192113876342773, "length": 4.0, "mode": "test", "epoch": 86}
{"loss": 0.161231130361557, "acc": 0.9380317330360413, "length": 3.9999849796295166, "mode": "train", "epoch": 87}
{"loss": 0.21639016270637512, "acc": 0.9287752509117126, "length": 4.0, "mode": "test", "epoch": 87}
{"loss": 0.15573328733444214, "acc": 0.9419563412666321, "length": 3.999999761581421, "mode": "train", "epoch": 88}
{"loss": 0.22238148748874664, "acc": 0.9238253831863403, "length": 4.0, "mode": "test", "epoch": 88}
{"loss": 0.16170689463615417, "acc": 0.9384627938270569, "length": 3.9994661808013916, "mode": "train", "epoch": 89}
{"loss": 0.21952815353870392, "acc": 0.9280202984809875, "length": 4.0, "mode": "test", "epoch": 89}
{"loss": 0.1535024493932724, "acc": 0.9433855414390564, "length": 3.999997615814209, "mode": "train", "epoch": 90}
{"loss": 0.2051735371351242, "acc": 0.9328858256340027, "length": 4.0, "mode": "test", "epoch": 90}
{"loss": 0.14747993648052216, "acc": 0.9440019130706787, "length": 3.9999961853027344, "mode": "train", "epoch": 91}
{"loss": 0.20577533543109894, "acc": 0.9341443181037903, "length": 4.0, "mode": "test", "epoch": 91}
{"loss": 0.14950962364673615, "acc": 0.9442543983459473, "length": 3.9999992847442627, "mode": "train", "epoch": 92}
{"loss": 0.19526244699954987, "acc": 0.9352347254753113, "length": 4.0, "mode": "test", "epoch": 92}
{"loss": 0.15236566960811615, "acc": 0.9431225657463074, "length": 3.9997761249542236, "mode": "train", "epoch": 93}
{"loss": 0.2172522097826004, "acc": 0.9252519011497498, "length": 4.0, "mode": "test", "epoch": 93}
{"loss": 0.1576986014842987, "acc": 0.9388733506202698, "length": 3.999999761581421, "mode": "train", "epoch": 94}
{"loss": 0.21465426683425903, "acc": 0.9296140670776367, "length": 4.0, "mode": "test", "epoch": 94}
{"loss": 0.16920991241931915, "acc": 0.9347529411315918, "length": 3.9999940395355225, "mode": "train", "epoch": 95}
{"loss": 0.2185412496328354, "acc": 0.9265100955963135, "length": 4.0, "mode": "test", "epoch": 95}
{"loss": 0.1577148288488388, "acc": 0.9421802163124084, "length": 3.9999964237213135, "mode": "train", "epoch": 96}
{"loss": 0.21301570534706116, "acc": 0.9290268421173096, "length": 4.0, "mode": "test", "epoch": 96}
{"loss": 0.15263156592845917, "acc": 0.9432275295257568, "length": 3.999720335006714, "mode": "train", "epoch": 97}
{"loss": 0.2035977840423584, "acc": 0.9302012920379639, "length": 4.0, "mode": "test", "epoch": 97}
{"loss": 0.14977121353149414, "acc": 0.9434680938720703, "length": 3.999966621398926, "mode": "train", "epoch": 98}
{"loss": 0.21644215285778046, "acc": 0.9310402870178223, "length": 4.0, "mode": "test", "epoch": 98}
{"loss": 0.1483890265226364, "acc": 0.9421803951263428, "length": 3.999999761581421, "mode": "train", "epoch": 99}
{"loss": 0.2134222537279129, "acc": 0.927684485912323, "length": 4.0, "mode": "test", "epoch": 99}
{"loss": 0.1597314178943634, "acc": 0.9382845759391785, "length": 3.999988555908203, "mode": "train", "epoch": 100}
{"loss": 0.22156833112239838, "acc": 0.9225670695304871, "length": 4.0, "mode": "test", "epoch": 100}
test accuracy: 0.7104838490486145
