# ["--attributes=3", "--values=4", "--game_size=10", "--vocab_size_factor=3", "--n_epochs=100", "--batch_size=32", "--learning_rate=0.0005", "--hidden_size=128", "--temp_update=0.97", "--temperature=2"]
Creating train_ds and val_ds...

Creating test_ds...
{"loss": 0.6929962038993835, "acc": 0.5202021598815918, "length": 3.467747926712036, "mode": "train", "epoch": 1}
{"loss": 0.6795126795768738, "acc": 0.5863420367240906, "length": 2.0199005603790283, "mode": "test", "epoch": 1}
{"loss": 0.6255636215209961, "acc": 0.6786249876022339, "length": 3.4954447746276855, "mode": "train", "epoch": 2}
{"loss": 0.5235674381256104, "acc": 0.7749584913253784, "length": 4.0, "mode": "test", "epoch": 2}
{"loss": 0.46795567870140076, "acc": 0.8002721667289734, "length": 3.9387595653533936, "mode": "train", "epoch": 3}
{"loss": 0.47293004393577576, "acc": 0.7989221215248108, "length": 4.0, "mode": "test", "epoch": 3}
{"loss": 0.41996556520462036, "acc": 0.8252429962158203, "length": 3.972292900085449, "mode": "train", "epoch": 4}
{"loss": 0.45771166682243347, "acc": 0.7992538213729858, "length": 4.0, "mode": "test", "epoch": 4}
{"loss": 0.39024707674980164, "acc": 0.8414123058319092, "length": 3.9818012714385986, "mode": "train", "epoch": 5}
{"loss": 0.4498845636844635, "acc": 0.8188225626945496, "length": 4.0, "mode": "test", "epoch": 5}
{"loss": 0.364299476146698, "acc": 0.8482493758201599, "length": 3.987924098968506, "mode": "train", "epoch": 6}
{"loss": 0.4481883943080902, "acc": 0.8136816620826721, "length": 4.0, "mode": "test", "epoch": 6}
{"loss": 0.3387678861618042, "acc": 0.8616129159927368, "length": 3.991847515106201, "mode": "train", "epoch": 7}
{"loss": 0.44546830654144287, "acc": 0.8218075037002563, "length": 4.0, "mode": "test", "epoch": 7}
{"loss": 0.32081153988838196, "acc": 0.8713691234588623, "length": 3.994699001312256, "mode": "train", "epoch": 8}
{"loss": 0.432564377784729, "acc": 0.8232172131538391, "length": 4.0, "mode": "test", "epoch": 8}
{"loss": 0.30657896399497986, "acc": 0.8782451152801514, "length": 3.9955549240112305, "mode": "train", "epoch": 9}
{"loss": 0.395050972700119, "acc": 0.8286898732185364, "length": 4.0, "mode": "test", "epoch": 9}
{"loss": 0.294417142868042, "acc": 0.8850654363632202, "length": 3.996981382369995, "mode": "train", "epoch": 10}
{"loss": 0.39105287194252014, "acc": 0.8419568538665771, "length": 4.0, "mode": "test", "epoch": 10}
{"loss": 0.2872534990310669, "acc": 0.8895567655563354, "length": 3.9973223209381104, "mode": "train", "epoch": 11}
{"loss": 0.3664950430393219, "acc": 0.8545603156089783, "length": 4.0, "mode": "test", "epoch": 11}
{"loss": 0.2724907398223877, "acc": 0.8938263654708862, "length": 3.9979231357574463, "mode": "train", "epoch": 12}
{"loss": 0.35369500517845154, "acc": 0.8591209650039673, "length": 4.0, "mode": "test", "epoch": 12}
{"loss": 0.26069486141204834, "acc": 0.898973822593689, "length": 3.99849009513855, "mode": "train", "epoch": 13}
{"loss": 0.3488483130931854, "acc": 0.8611941337585449, "length": 4.0, "mode": "test", "epoch": 13}
{"loss": 0.2531595230102539, "acc": 0.9043561816215515, "length": 3.9989547729492188, "mode": "train", "epoch": 14}
{"loss": 0.33105361461639404, "acc": 0.8650082349777222, "length": 4.0, "mode": "test", "epoch": 14}
{"loss": 0.2487005889415741, "acc": 0.9058972597122192, "length": 3.998673439025879, "mode": "train", "epoch": 15}
{"loss": 0.32027703523635864, "acc": 0.8795191049575806, "length": 4.0, "mode": "test", "epoch": 15}
{"loss": 0.24027803540229797, "acc": 0.9122509956359863, "length": 3.9992902278900146, "mode": "train", "epoch": 16}
{"loss": 0.30844753980636597, "acc": 0.8781095743179321, "length": 4.0, "mode": "test", "epoch": 16}
{"loss": 0.23205065727233887, "acc": 0.9143399596214294, "length": 3.9995429515838623, "mode": "train", "epoch": 17}
{"loss": 0.3224237263202667, "acc": 0.8732172250747681, "length": 4.0, "mode": "test", "epoch": 17}
{"loss": 0.23378148674964905, "acc": 0.912074625492096, "length": 3.9995946884155273, "mode": "train", "epoch": 18}
{"loss": 0.29457610845565796, "acc": 0.8917081356048584, "length": 4.0, "mode": "test", "epoch": 18}
{"loss": 0.23005181550979614, "acc": 0.9132940769195557, "length": 3.9996392726898193, "mode": "train", "epoch": 19}
{"loss": 0.30657750368118286, "acc": 0.8839966654777527, "length": 4.0, "mode": "test", "epoch": 19}
{"loss": 0.22160400450229645, "acc": 0.9179418087005615, "length": 3.999497652053833, "mode": "train", "epoch": 20}
{"loss": 0.2894919216632843, "acc": 0.8948590159416199, "length": 4.0, "mode": "test", "epoch": 20}
{"loss": 0.20862172544002533, "acc": 0.9243613481521606, "length": 3.999666213989258, "mode": "train", "epoch": 21}
{"loss": 0.2810375988483429, "acc": 0.8940300345420837, "length": 4.0, "mode": "test", "epoch": 21}
{"loss": 0.2061689794063568, "acc": 0.9243422746658325, "length": 3.9998135566711426, "mode": "train", "epoch": 22}
{"loss": 0.28434064984321594, "acc": 0.8989221453666687, "length": 4.0, "mode": "test", "epoch": 22}
{"loss": 0.20540262758731842, "acc": 0.9240664839744568, "length": 3.9998371601104736, "mode": "train", "epoch": 23}
{"loss": 0.2638612687587738, "acc": 0.9007462859153748, "length": 4.0, "mode": "test", "epoch": 23}
{"loss": 0.19854581356048584, "acc": 0.9291547536849976, "length": 3.9998598098754883, "mode": "train", "epoch": 24}
{"loss": 0.2685779631137848, "acc": 0.9078773856163025, "length": 4.0, "mode": "test", "epoch": 24}
{"loss": 0.19681154191493988, "acc": 0.9297060966491699, "length": 3.9997119903564453, "mode": "train", "epoch": 25}
{"loss": 0.2551528215408325, "acc": 0.905804455280304, "length": 4.0, "mode": "test", "epoch": 25}
{"loss": 0.18993626534938812, "acc": 0.9310907125473022, "length": 3.9990785121917725, "mode": "train", "epoch": 26}
{"loss": 0.24720022082328796, "acc": 0.9109452366828918, "length": 4.0, "mode": "test", "epoch": 26}
{"loss": 0.18713808059692383, "acc": 0.9325358271598816, "length": 3.999913454055786, "mode": "train", "epoch": 27}
{"loss": 0.24051305651664734, "acc": 0.9152572154998779, "length": 4.0, "mode": "test", "epoch": 27}
{"loss": 0.18069104850292206, "acc": 0.9376564621925354, "length": 3.999948501586914, "mode": "train", "epoch": 28}
{"loss": 0.24143677949905396, "acc": 0.9149252772331238, "length": 4.0, "mode": "test", "epoch": 28}
{"loss": 0.17472602427005768, "acc": 0.939441978931427, "length": 3.9997246265411377, "mode": "train", "epoch": 29}
{"loss": 0.23813702166080475, "acc": 0.9165838956832886, "length": 4.0, "mode": "test", "epoch": 29}
{"loss": 0.17584121227264404, "acc": 0.9396194219589233, "length": 3.999859571456909, "mode": "train", "epoch": 30}
{"loss": 0.23617462813854218, "acc": 0.9126865267753601, "length": 4.0, "mode": "test", "epoch": 30}
{"loss": 0.16944365203380585, "acc": 0.9400919675827026, "length": 3.9993677139282227, "mode": "train", "epoch": 31}
{"loss": 0.23730993270874023, "acc": 0.9189885258674622, "length": 4.0, "mode": "test", "epoch": 31}
{"loss": 0.17246085405349731, "acc": 0.9389587044715881, "length": 3.9999783039093018, "mode": "train", "epoch": 32}
{"loss": 0.23248471319675446, "acc": 0.9200664162635803, "length": 4.0, "mode": "test", "epoch": 32}
{"loss": 0.16369864344596863, "acc": 0.9420695900917053, "length": 3.999755382537842, "mode": "train", "epoch": 33}
{"loss": 0.2172270119190216, "acc": 0.9273632764816284, "length": 4.0, "mode": "test", "epoch": 33}
{"loss": 0.16415828466415405, "acc": 0.9435800909996033, "length": 3.9999895095825195, "mode": "train", "epoch": 34}
{"loss": 0.23280924558639526, "acc": 0.9190713167190552, "length": 4.0, "mode": "test", "epoch": 34}
{"loss": 0.16211572289466858, "acc": 0.9449902176856995, "length": 3.999974489212036, "mode": "train", "epoch": 35}
{"loss": 0.2253897339105606, "acc": 0.9226367473602295, "length": 4.0, "mode": "test", "epoch": 35}
{"loss": 0.1555285006761551, "acc": 0.9463708996772766, "length": 3.999924898147583, "mode": "train", "epoch": 36}
{"loss": 0.21362271904945374, "acc": 0.9214760065078735, "length": 4.0, "mode": "test", "epoch": 36}
{"loss": 0.15345337986946106, "acc": 0.9469256401062012, "length": 3.999798059463501, "mode": "train", "epoch": 37}
{"loss": 0.21090449392795563, "acc": 0.9308457374572754, "length": 4.0, "mode": "test", "epoch": 37}
{"loss": 0.16146600246429443, "acc": 0.9444646239280701, "length": 3.99995493888855, "mode": "train", "epoch": 38}
{"loss": 0.2228899449110031, "acc": 0.9273632764816284, "length": 4.0, "mode": "test", "epoch": 38}
{"loss": 0.1655479520559311, "acc": 0.9431650638580322, "length": 3.999983787536621, "mode": "train", "epoch": 39}
{"loss": 0.2167174518108368, "acc": 0.927777886390686, "length": 4.0, "mode": "test", "epoch": 39}
{"loss": 0.14867419004440308, "acc": 0.9483120441436768, "length": 3.999997854232788, "mode": "train", "epoch": 40}
{"loss": 0.21038305759429932, "acc": 0.9297677874565125, "length": 4.0, "mode": "test", "epoch": 40}
{"loss": 0.14522191882133484, "acc": 0.9494462609291077, "length": 3.9999899864196777, "mode": "train", "epoch": 41}
{"loss": 0.21106940507888794, "acc": 0.9247926473617554, "length": 4.0, "mode": "test", "epoch": 41}
{"loss": 0.15208525955677032, "acc": 0.9470945000648499, "length": 3.9999966621398926, "mode": "train", "epoch": 42}
{"loss": 0.21365632116794586, "acc": 0.9260362982749939, "length": 4.0, "mode": "test", "epoch": 42}
{"loss": 0.1476428210735321, "acc": 0.9473435878753662, "length": 3.999997615814209, "mode": "train", "epoch": 43}
{"loss": 0.21296240389347076, "acc": 0.927446186542511, "length": 4.0, "mode": "test", "epoch": 43}
{"loss": 0.1422816962003708, "acc": 0.9507194757461548, "length": 3.9999983310699463, "mode": "train", "epoch": 44}
{"loss": 0.2098216414451599, "acc": 0.9296021461486816, "length": 4.0, "mode": "test", "epoch": 44}
{"loss": 0.13963662087917328, "acc": 0.9514110684394836, "length": 3.999999523162842, "mode": "train", "epoch": 45}
{"loss": 0.21647681295871735, "acc": 0.9240465760231018, "length": 4.0, "mode": "test", "epoch": 45}
{"loss": 0.14007169008255005, "acc": 0.9518535733222961, "length": 3.9999942779541016, "mode": "train", "epoch": 46}
{"loss": 0.21318453550338745, "acc": 0.9318410158157349, "length": 4.0, "mode": "test", "epoch": 46}
{"loss": 0.14774516224861145, "acc": 0.9471498131752014, "length": 3.999999523162842, "mode": "train", "epoch": 47}
{"loss": 0.20416617393493652, "acc": 0.9292703866958618, "length": 4.0, "mode": "test", "epoch": 47}
{"loss": 0.1725085824728012, "acc": 0.9357739686965942, "length": 3.9999284744262695, "mode": "train", "epoch": 48}
{"loss": 0.21368829905986786, "acc": 0.9280263781547546, "length": 4.0, "mode": "test", "epoch": 48}
{"loss": 0.14341513812541962, "acc": 0.9493513703346252, "length": 3.999850273132324, "mode": "train", "epoch": 49}
{"loss": 0.21313512325286865, "acc": 0.9310945272445679, "length": 4.0, "mode": "test", "epoch": 49}
{"loss": 0.1459985077381134, "acc": 0.9488930702209473, "length": 3.99999737739563, "mode": "train", "epoch": 50}
{"loss": 0.24241279065608978, "acc": 0.9170811772346497, "length": 4.0, "mode": "test", "epoch": 50}
{"loss": 0.16193857789039612, "acc": 0.9411435723304749, "length": 3.9999611377716064, "mode": "train", "epoch": 51}
{"loss": 0.22732990980148315, "acc": 0.9199005961418152, "length": 4.0, "mode": "test", "epoch": 51}
{"loss": 0.15319453179836273, "acc": 0.9443275332450867, "length": 3.9999992847442627, "mode": "train", "epoch": 52}
{"loss": 0.20621980726718903, "acc": 0.9289386868476868, "length": 4.0, "mode": "test", "epoch": 52}
{"loss": 0.1358615905046463, "acc": 0.952809751033783, "length": 3.999760150909424, "mode": "train", "epoch": 53}
{"loss": 0.20033665001392365, "acc": 0.935738205909729, "length": 4.0, "mode": "test", "epoch": 53}
{"loss": 0.13826316595077515, "acc": 0.9507745504379272, "length": 3.9999966621398926, "mode": "train", "epoch": 54}
{"loss": 0.2039908617734909, "acc": 0.9344941973686218, "length": 4.0, "mode": "test", "epoch": 54}
{"loss": 0.13103841245174408, "acc": 0.9543432593345642, "length": 3.999981164932251, "mode": "train", "epoch": 55}
{"loss": 0.18314720690250397, "acc": 0.9391376972198486, "length": 4.0, "mode": "test", "epoch": 55}
{"loss": 0.1284053921699524, "acc": 0.9564468860626221, "length": 3.9999871253967285, "mode": "train", "epoch": 56}
{"loss": 0.1758560985326767, "acc": 0.9425371885299683, "length": 4.0, "mode": "test", "epoch": 56}
{"loss": 0.125538632273674, "acc": 0.956917405128479, "length": 3.999997854232788, "mode": "train", "epoch": 57}
{"loss": 0.19986310601234436, "acc": 0.932089626789093, "length": 4.0, "mode": "test", "epoch": 57}
{"loss": 0.13390089571475983, "acc": 0.9533480405807495, "length": 3.999999523162842, "mode": "train", "epoch": 58}
{"loss": 0.17817585170269012, "acc": 0.9378938674926758, "length": 4.0, "mode": "test", "epoch": 58}
{"loss": 0.12205934524536133, "acc": 0.9595728516578674, "length": 3.9999771118164062, "mode": "train", "epoch": 59}
{"loss": 0.17477431893348694, "acc": 0.9393035173416138, "length": 4.0, "mode": "test", "epoch": 59}
{"loss": 0.12743337452411652, "acc": 0.9549530148506165, "length": 3.9999992847442627, "mode": "train", "epoch": 60}
{"loss": 0.1814921796321869, "acc": 0.9443614482879639, "length": 4.0, "mode": "test", "epoch": 60}
{"loss": 0.11462026834487915, "acc": 0.9621748924255371, "length": 3.999999761581421, "mode": "train", "epoch": 61}
{"loss": 0.1948503851890564, "acc": 0.9389718174934387, "length": 4.0, "mode": "test", "epoch": 61}
{"loss": 0.12771153450012207, "acc": 0.9567491412162781, "length": 3.999950885772705, "mode": "train", "epoch": 62}
{"loss": 0.17330877482891083, "acc": 0.9453566074371338, "length": 4.0, "mode": "test", "epoch": 62}
{"loss": 0.11814450472593307, "acc": 0.9599335789680481, "length": 3.9999992847442627, "mode": "train", "epoch": 63}
{"loss": 0.17122559249401093, "acc": 0.9429518580436707, "length": 4.0, "mode": "test", "epoch": 63}
{"loss": 0.1220080554485321, "acc": 0.9599058628082275, "length": 3.9999983310699463, "mode": "train", "epoch": 64}
{"loss": 0.16994647681713104, "acc": 0.944527268409729, "length": 4.0, "mode": "test", "epoch": 64}
{"loss": 0.11468308418989182, "acc": 0.961260974407196, "length": 3.9999873638153076, "mode": "train", "epoch": 65}
{"loss": 0.1661071628332138, "acc": 0.9485074877738953, "length": 4.0, "mode": "test", "epoch": 65}
{"loss": 0.11475840210914612, "acc": 0.9626447558403015, "length": 3.999990701675415, "mode": "train", "epoch": 66}
{"loss": 0.17118601500988007, "acc": 0.9465174078941345, "length": 4.0, "mode": "test", "epoch": 66}
{"loss": 0.11255215853452682, "acc": 0.9622290134429932, "length": 3.999980926513672, "mode": "train", "epoch": 67}
{"loss": 0.16635099053382874, "acc": 0.9465174078941345, "length": 4.0, "mode": "test", "epoch": 67}
{"loss": 0.11075260490179062, "acc": 0.9621734619140625, "length": 3.9999756813049316, "mode": "train", "epoch": 68}
{"loss": 0.1796923279762268, "acc": 0.9417080879211426, "length": 4.0, "mode": "test", "epoch": 68}
{"loss": 0.11799368262290955, "acc": 0.958771288394928, "length": 3.9999966621398926, "mode": "train", "epoch": 69}
{"loss": 0.1732855886220932, "acc": 0.9430348873138428, "length": 4.0, "mode": "test", "epoch": 69}
{"loss": 0.10925164818763733, "acc": 0.9629824757575989, "length": 3.999677896499634, "mode": "train", "epoch": 70}
{"loss": 0.17296263575553894, "acc": 0.9417910575866699, "length": 4.0, "mode": "test", "epoch": 70}
{"loss": 0.11322600394487381, "acc": 0.9629468321800232, "length": 3.999934434890747, "mode": "train", "epoch": 71}
{"loss": 0.1850840151309967, "acc": 0.936318576335907, "length": 4.0, "mode": "test", "epoch": 71}
{"loss": 0.11747617274522781, "acc": 0.9590989351272583, "length": 3.9999256134033203, "mode": "train", "epoch": 72}
{"loss": 0.17275115847587585, "acc": 0.9339966177940369, "length": 4.0, "mode": "test", "epoch": 72}
{"loss": 0.11148529499769211, "acc": 0.9634459614753723, "length": 3.9999606609344482, "mode": "train", "epoch": 73}
{"loss": 0.15513186156749725, "acc": 0.9485076665878296, "length": 4.0, "mode": "test", "epoch": 73}
{"loss": 0.10420719534158707, "acc": 0.9660483002662659, "length": 3.999993324279785, "mode": "train", "epoch": 74}
{"loss": 0.15830931067466736, "acc": 0.9479269981384277, "length": 4.0, "mode": "test", "epoch": 74}
{"loss": 0.10318781435489655, "acc": 0.965550422668457, "length": 3.9999938011169434, "mode": "train", "epoch": 75}
{"loss": 0.14671656489372253, "acc": 0.9530680179595947, "length": 4.0, "mode": "test", "epoch": 75}
{"loss": 0.09580326825380325, "acc": 0.9692031145095825, "length": 3.999999523162842, "mode": "train", "epoch": 76}
{"loss": 0.15837737917900085, "acc": 0.9479269981384277, "length": 4.0, "mode": "test", "epoch": 76}
{"loss": 0.10260118544101715, "acc": 0.9656888246536255, "length": 3.9999992847442627, "mode": "train", "epoch": 77}
{"loss": 0.1677728295326233, "acc": 0.9449418187141418, "length": 4.0, "mode": "test", "epoch": 77}
{"loss": 0.09972303360700607, "acc": 0.9659650921821594, "length": 3.999986410140991, "mode": "train", "epoch": 78}
{"loss": 0.15092512965202332, "acc": 0.9543946981430054, "length": 4.0, "mode": "test", "epoch": 78}
{"loss": 0.1201302707195282, "acc": 0.958549976348877, "length": 3.99999737739563, "mode": "train", "epoch": 79}
{"loss": 0.18341565132141113, "acc": 0.946766197681427, "length": 4.0, "mode": "test", "epoch": 79}
{"loss": 0.10600075125694275, "acc": 0.9640529155731201, "length": 3.9999146461486816, "mode": "train", "epoch": 80}
{"loss": 0.17121849954128265, "acc": 0.9456053376197815, "length": 4.0, "mode": "test", "epoch": 80}
{"loss": 0.10096599161624908, "acc": 0.9652460813522339, "length": 3.9999983310699463, "mode": "train", "epoch": 81}
{"loss": 0.16916589438915253, "acc": 0.9488393068313599, "length": 4.0, "mode": "test", "epoch": 81}
{"loss": 0.10199959576129913, "acc": 0.9646375775337219, "length": 3.999999523162842, "mode": "train", "epoch": 82}
{"loss": 0.1469169557094574, "acc": 0.955223798751831, "length": 4.0, "mode": "test", "epoch": 82}
{"loss": 0.09342246502637863, "acc": 0.9701436161994934, "length": 3.999995708465576, "mode": "train", "epoch": 83}
{"loss": 0.1805107444524765, "acc": 0.9447761178016663, "length": 4.0, "mode": "test", "epoch": 83}
{"loss": 0.1029936894774437, "acc": 0.965661346912384, "length": 3.999999523162842, "mode": "train", "epoch": 84}
{"loss": 0.16229155659675598, "acc": 0.9533995985984802, "length": 4.0, "mode": "test", "epoch": 84}
{"loss": 0.09331024438142776, "acc": 0.9688422679901123, "length": 3.9999780654907227, "mode": "train", "epoch": 85}
{"loss": 0.15815918147563934, "acc": 0.9532338976860046, "length": 4.0, "mode": "test", "epoch": 85}
{"loss": 0.10251682996749878, "acc": 0.9646096229553223, "length": 3.999988555908203, "mode": "train", "epoch": 86}
{"loss": 0.16496051847934723, "acc": 0.9522387385368347, "length": 4.0, "mode": "test", "epoch": 86}
{"loss": 0.09519312530755997, "acc": 0.9696177840232849, "length": 3.999995231628418, "mode": "train", "epoch": 87}
{"loss": 0.15057921409606934, "acc": 0.954560399055481, "length": 4.0, "mode": "test", "epoch": 87}
{"loss": 0.08619475364685059, "acc": 0.9730177521705627, "length": 3.9999492168426514, "mode": "train", "epoch": 88}
{"loss": 0.15556390583515167, "acc": 0.9570480585098267, "length": 4.0, "mode": "test", "epoch": 88}
{"loss": 0.08691288530826569, "acc": 0.9721359610557556, "length": 3.999997138977051, "mode": "train", "epoch": 89}
{"loss": 0.14973227679729462, "acc": 0.9524877071380615, "length": 4.0, "mode": "test", "epoch": 89}
{"loss": 0.080642469227314, "acc": 0.9736578464508057, "length": 3.999999523162842, "mode": "train", "epoch": 90}
{"loss": 0.1396389901638031, "acc": 0.9594526886940002, "length": 4.0, "mode": "test", "epoch": 90}
{"loss": 0.08574794232845306, "acc": 0.9715551137924194, "length": 3.999999761581421, "mode": "train", "epoch": 91}
{"loss": 0.15021678805351257, "acc": 0.9511608481407166, "length": 4.0, "mode": "test", "epoch": 91}
{"loss": 0.09115089476108551, "acc": 0.9694796800613403, "length": 3.999999523162842, "mode": "train", "epoch": 92}
{"loss": 0.13845685124397278, "acc": 0.9582088589668274, "length": 4.0, "mode": "test", "epoch": 92}
{"loss": 0.08406290411949158, "acc": 0.9727171063423157, "length": 4.0, "mode": "train", "epoch": 93}
{"loss": 0.1438165307044983, "acc": 0.9592869281768799, "length": 4.0, "mode": "test", "epoch": 93}
{"loss": 0.0830320343375206, "acc": 0.97404545545578, "length": 3.9999992847442627, "mode": "train", "epoch": 94}
{"loss": 0.14517541229724884, "acc": 0.9572138786315918, "length": 4.0, "mode": "test", "epoch": 94}
{"loss": 0.0784401148557663, "acc": 0.9746263027191162, "length": 4.0, "mode": "train", "epoch": 95}
{"loss": 0.14965777099132538, "acc": 0.9587064385414124, "length": 4.0, "mode": "test", "epoch": 95}
{"loss": 0.0777517780661583, "acc": 0.9755948781967163, "length": 4.0, "mode": "train", "epoch": 96}
{"loss": 0.16839805245399475, "acc": 0.950497567653656, "length": 4.0, "mode": "test", "epoch": 96}
{"loss": 0.08365625888109207, "acc": 0.9726893901824951, "length": 3.999999761581421, "mode": "train", "epoch": 97}
{"loss": 0.14702564477920532, "acc": 0.9572969675064087, "length": 4.0, "mode": "test", "epoch": 97}
{"loss": 0.07674054056406021, "acc": 0.9756779074668884, "length": 3.999999761581421, "mode": "train", "epoch": 98}
{"loss": 0.15279993414878845, "acc": 0.9569652676582336, "length": 4.0, "mode": "test", "epoch": 98}
{"loss": 0.11335895955562592, "acc": 0.9616196155548096, "length": 3.9999616146087646, "mode": "train", "epoch": 99}
{"loss": 0.16805267333984375, "acc": 0.9472635984420776, "length": 4.0, "mode": "test", "epoch": 99}
{"loss": 0.089743971824646, "acc": 0.9709183573722839, "length": 3.9999961853027344, "mode": "train", "epoch": 100}
{"loss": 0.1779237985610962, "acc": 0.9501657485961914, "length": 4.0, "mode": "test", "epoch": 100}
test accuracy: 0.6948305368423462
