# ["--attributes=3", "--values=4", "--game_size=10", "--vocab_size_factor=3", "--n_epochs=100", "--batch_size=32", "--learning_rate=0.0005", "--hidden_size=128", "--temp_update=0.99", "--temperature=2"]
Creating train_ds and val_ds...

Creating test_ds...
{"loss": 0.6935716867446899, "acc": 0.5161455273628235, "length": 3.461534261703491, "mode": "train", "epoch": 1}
{"loss": 0.681945264339447, "acc": 0.5841059684753418, "length": 1.9207921028137207, "mode": "test", "epoch": 1}
{"loss": 0.6402299404144287, "acc": 0.6338699460029602, "length": 3.5193898677825928, "mode": "train", "epoch": 2}
{"loss": 0.5934135913848877, "acc": 0.67314612865448, "length": 3.996699571609497, "mode": "test", "epoch": 2}
{"loss": 0.5420044660568237, "acc": 0.7303499579429626, "length": 3.860583782196045, "mode": "train", "epoch": 3}
{"loss": 0.4823349416255951, "acc": 0.7767326831817627, "length": 4.0, "mode": "test", "epoch": 3}
{"loss": 0.41756850481033325, "acc": 0.8201806545257568, "length": 3.963456630706787, "mode": "train", "epoch": 4}
{"loss": 0.4037337303161621, "acc": 0.8325908184051514, "length": 4.0, "mode": "test", "epoch": 4}
{"loss": 0.3553999662399292, "acc": 0.8525535464286804, "length": 3.978710412979126, "mode": "train", "epoch": 5}
{"loss": 0.37181273102760315, "acc": 0.8486797213554382, "length": 4.0, "mode": "test", "epoch": 5}
{"loss": 0.32371026277542114, "acc": 0.8685970306396484, "length": 3.9839959144592285, "mode": "train", "epoch": 6}
{"loss": 0.35566750168800354, "acc": 0.8539605140686035, "length": 4.0, "mode": "test", "epoch": 6}
{"loss": 0.3037911355495453, "acc": 0.8785706758499146, "length": 3.9867684841156006, "mode": "train", "epoch": 7}
{"loss": 0.32964032888412476, "acc": 0.8670791983604431, "length": 4.0, "mode": "test", "epoch": 7}
{"loss": 0.2910907566547394, "acc": 0.884209156036377, "length": 3.9894697666168213, "mode": "train", "epoch": 8}
{"loss": 0.3415079116821289, "acc": 0.8650164008140564, "length": 4.0, "mode": "test", "epoch": 8}
{"loss": 0.2765198349952698, "acc": 0.8907210230827332, "length": 3.99226713180542, "mode": "train", "epoch": 9}
{"loss": 0.3287043571472168, "acc": 0.8664190173149109, "length": 4.0, "mode": "test", "epoch": 9}
{"loss": 0.2713432312011719, "acc": 0.8933303952217102, "length": 3.9935789108276367, "mode": "train", "epoch": 10}
{"loss": 0.3483203649520874, "acc": 0.8689769506454468, "length": 4.0, "mode": "test", "epoch": 10}
{"loss": 0.2603720426559448, "acc": 0.9000707268714905, "length": 3.99446177482605, "mode": "train", "epoch": 11}
{"loss": 0.3262604773044586, "acc": 0.8740924000740051, "length": 4.0, "mode": "test", "epoch": 11}
{"loss": 0.24730220437049866, "acc": 0.9057595729827881, "length": 3.9953818321228027, "mode": "train", "epoch": 12}
{"loss": 0.31633278727531433, "acc": 0.8721947073936462, "length": 4.0, "mode": "test", "epoch": 12}
{"loss": 0.23950783908367157, "acc": 0.9071428775787354, "length": 3.996579647064209, "mode": "train", "epoch": 13}
{"loss": 0.31644609570503235, "acc": 0.8685644268989563, "length": 4.0, "mode": "test", "epoch": 13}
{"loss": 0.231495663523674, "acc": 0.9130027890205383, "length": 3.9970998764038086, "mode": "train", "epoch": 14}
{"loss": 0.29287296533584595, "acc": 0.8728548884391785, "length": 4.0, "mode": "test", "epoch": 14}
{"loss": 0.21939171850681305, "acc": 0.9194691777229309, "length": 3.9976303577423096, "mode": "train", "epoch": 15}
{"loss": 0.30041712522506714, "acc": 0.8775578141212463, "length": 4.0, "mode": "test", "epoch": 15}
{"loss": 0.2142239362001419, "acc": 0.9214043617248535, "length": 3.9976863861083984, "mode": "train", "epoch": 16}
{"loss": 0.30128422379493713, "acc": 0.8693894147872925, "length": 4.0, "mode": "test", "epoch": 16}
{"loss": 0.20470552146434784, "acc": 0.9256080389022827, "length": 3.9981768131256104, "mode": "train", "epoch": 17}
{"loss": 0.31296372413635254, "acc": 0.8778052926063538, "length": 4.0, "mode": "test", "epoch": 17}
{"loss": 0.19919775426387787, "acc": 0.9277161955833435, "length": 3.998289108276367, "mode": "train", "epoch": 18}
{"loss": 0.3067191243171692, "acc": 0.8694719076156616, "length": 4.0, "mode": "test", "epoch": 18}
{"loss": 0.1923809051513672, "acc": 0.9300926327705383, "length": 3.998600482940674, "mode": "train", "epoch": 19}
{"loss": 0.3008006513118744, "acc": 0.8747524619102478, "length": 4.0, "mode": "test", "epoch": 19}
{"loss": 0.189303919672966, "acc": 0.9326099753379822, "length": 3.9987633228302, "mode": "train", "epoch": 20}
{"loss": 0.2967086732387543, "acc": 0.8721947073936462, "length": 4.0, "mode": "test", "epoch": 20}
{"loss": 0.17823219299316406, "acc": 0.9373053312301636, "length": 3.998927116394043, "mode": "train", "epoch": 21}
{"loss": 0.29283541440963745, "acc": 0.8722772598266602, "length": 4.0, "mode": "test", "epoch": 21}
{"loss": 0.17609433829784393, "acc": 0.9386346340179443, "length": 3.999033212661743, "mode": "train", "epoch": 22}
{"loss": 0.26090821623802185, "acc": 0.8917492032051086, "length": 4.0, "mode": "test", "epoch": 22}
{"loss": 0.17109566926956177, "acc": 0.9407339692115784, "length": 3.9991252422332764, "mode": "train", "epoch": 23}
{"loss": 0.3040655553340912, "acc": 0.8822606801986694, "length": 4.0, "mode": "test", "epoch": 23}
{"loss": 0.16739025712013245, "acc": 0.9428392648696899, "length": 3.9992663860321045, "mode": "train", "epoch": 24}
{"loss": 0.25481805205345154, "acc": 0.8966996073722839, "length": 4.0, "mode": "test", "epoch": 24}
{"loss": 0.16115768253803253, "acc": 0.943556547164917, "length": 3.9992544651031494, "mode": "train", "epoch": 25}
{"loss": 0.2618374228477478, "acc": 0.9020626544952393, "length": 4.0, "mode": "test", "epoch": 25}
{"loss": 0.16194085776805878, "acc": 0.9437572360038757, "length": 3.9993975162506104, "mode": "train", "epoch": 26}
{"loss": 0.24087505042552948, "acc": 0.9095710515975952, "length": 4.0, "mode": "test", "epoch": 26}
{"loss": 0.15383689105510712, "acc": 0.9465743899345398, "length": 3.9994707107543945, "mode": "train", "epoch": 27}
{"loss": 0.2654891908168793, "acc": 0.8960397243499756, "length": 4.0, "mode": "test", "epoch": 27}
{"loss": 0.14922165870666504, "acc": 0.949139416217804, "length": 3.999516010284424, "mode": "train", "epoch": 28}
{"loss": 0.24269536137580872, "acc": 0.9017325639724731, "length": 4.0, "mode": "test", "epoch": 28}
{"loss": 0.15139296650886536, "acc": 0.9448994398117065, "length": 3.9995596408843994, "mode": "train", "epoch": 29}
{"loss": 0.22636879980564117, "acc": 0.9085808396339417, "length": 4.0, "mode": "test", "epoch": 29}
{"loss": 0.14196103811264038, "acc": 0.9522333741188049, "length": 3.9995949268341064, "mode": "train", "epoch": 30}
{"loss": 0.22821730375289917, "acc": 0.9120460152626038, "length": 4.0, "mode": "test", "epoch": 30}
{"loss": 0.13976924121379852, "acc": 0.9527853727340698, "length": 3.9996144771575928, "mode": "train", "epoch": 31}
{"loss": 0.2538897395133972, "acc": 0.9066832065582275, "length": 4.0, "mode": "test", "epoch": 31}
{"loss": 0.13819953799247742, "acc": 0.9541422724723816, "length": 3.9997119903564453, "mode": "train", "epoch": 32}
{"loss": 0.22759036719799042, "acc": 0.9136137962341309, "length": 4.0, "mode": "test", "epoch": 32}
{"loss": 0.1305200755596161, "acc": 0.9568118453025818, "length": 3.9996581077575684, "mode": "train", "epoch": 33}
{"loss": 0.22630415856838226, "acc": 0.9187293648719788, "length": 4.0, "mode": "test", "epoch": 33}
{"loss": 0.13085715472698212, "acc": 0.9552757740020752, "length": 3.999758720397949, "mode": "train", "epoch": 34}
{"loss": 0.23325391113758087, "acc": 0.9188117384910583, "length": 4.0, "mode": "test", "epoch": 34}
{"loss": 0.1251073032617569, "acc": 0.959661066532135, "length": 3.9997918605804443, "mode": "train", "epoch": 35}
{"loss": 0.20018526911735535, "acc": 0.9284653663635254, "length": 4.0, "mode": "test", "epoch": 35}
{"loss": 0.1214829608798027, "acc": 0.9600763916969299, "length": 3.999830722808838, "mode": "train", "epoch": 36}
{"loss": 0.2047639638185501, "acc": 0.9306930899620056, "length": 4.0, "mode": "test", "epoch": 36}
{"loss": 0.11865083128213882, "acc": 0.9607670307159424, "length": 3.999845027923584, "mode": "train", "epoch": 37}
{"loss": 0.2271602600812912, "acc": 0.9222771525382996, "length": 4.0, "mode": "test", "epoch": 37}
{"loss": 0.1264781653881073, "acc": 0.9564390182495117, "length": 3.9997806549072266, "mode": "train", "epoch": 38}
{"loss": 0.23406073451042175, "acc": 0.9211220145225525, "length": 4.0, "mode": "test", "epoch": 38}
{"loss": 0.11916336417198181, "acc": 0.9607672095298767, "length": 3.9998581409454346, "mode": "train", "epoch": 39}
{"loss": 0.21796585619449615, "acc": 0.9261552095413208, "length": 4.0, "mode": "test", "epoch": 39}
{"loss": 0.11800936609506607, "acc": 0.9608801007270813, "length": 3.9998857975006104, "mode": "train", "epoch": 40}
{"loss": 0.19877968728542328, "acc": 0.9307755827903748, "length": 4.0, "mode": "test", "epoch": 40}
{"loss": 0.11641807854175568, "acc": 0.963331937789917, "length": 3.9998793601989746, "mode": "train", "epoch": 41}
{"loss": 0.1998492330312729, "acc": 0.9280527234077454, "length": 4.0, "mode": "test", "epoch": 41}
{"loss": 0.11370951682329178, "acc": 0.9638298153877258, "length": 3.999898672103882, "mode": "train", "epoch": 42}
{"loss": 0.1827443242073059, "acc": 0.9345709085464478, "length": 4.0, "mode": "test", "epoch": 42}
{"loss": 0.1098829135298729, "acc": 0.9642997980117798, "length": 3.999917984008789, "mode": "train", "epoch": 43}
{"loss": 0.17358694970607758, "acc": 0.9405114650726318, "length": 4.0, "mode": "test", "epoch": 43}
{"loss": 0.10613245517015457, "acc": 0.9660912156105042, "length": 3.999918222427368, "mode": "train", "epoch": 44}
{"loss": 0.18536581099033356, "acc": 0.9383663535118103, "length": 4.0, "mode": "test", "epoch": 44}
{"loss": 0.10846496373414993, "acc": 0.9639419913291931, "length": 3.9999256134033203, "mode": "train", "epoch": 45}
{"loss": 0.17367100715637207, "acc": 0.9422443509101868, "length": 4.0, "mode": "test", "epoch": 45}
{"loss": 0.10897316783666611, "acc": 0.9655687212944031, "length": 3.9999256134033203, "mode": "train", "epoch": 46}
{"loss": 0.15822917222976685, "acc": 0.9449670314788818, "length": 4.0, "mode": "test", "epoch": 46}
{"loss": 0.10236217826604843, "acc": 0.9678294658660889, "length": 3.999943256378174, "mode": "train", "epoch": 47}
{"loss": 0.1746690720319748, "acc": 0.943976879119873, "length": 4.0, "mode": "test", "epoch": 47}
{"loss": 0.09972398728132248, "acc": 0.9685734510421753, "length": 3.9999265670776367, "mode": "train", "epoch": 48}
{"loss": 0.16741828620433807, "acc": 0.9457921385765076, "length": 4.0, "mode": "test", "epoch": 48}
{"loss": 0.0976872593164444, "acc": 0.9692367911338806, "length": 3.999962568283081, "mode": "train", "epoch": 49}
{"loss": 0.1651563197374344, "acc": 0.9476072788238525, "length": 4.0, "mode": "test", "epoch": 49}
{"loss": 0.09818219393491745, "acc": 0.9694017171859741, "length": 3.9999587535858154, "mode": "train", "epoch": 50}
{"loss": 0.1773778647184372, "acc": 0.9421616196632385, "length": 4.0, "mode": "test", "epoch": 50}
{"loss": 0.09929950535297394, "acc": 0.9680237174034119, "length": 3.99995493888855, "mode": "train", "epoch": 51}
{"loss": 0.15281450748443604, "acc": 0.9531354904174805, "length": 4.0, "mode": "test", "epoch": 51}
{"loss": 0.09564032405614853, "acc": 0.9692363739013672, "length": 3.999955892562866, "mode": "train", "epoch": 52}
{"loss": 0.15905870497226715, "acc": 0.951320230960846, "length": 4.0, "mode": "test", "epoch": 52}
{"loss": 0.08885369449853897, "acc": 0.9720485806465149, "length": 3.999965190887451, "mode": "train", "epoch": 53}
{"loss": 0.1498074233531952, "acc": 0.9518977403640747, "length": 4.0, "mode": "test", "epoch": 53}
{"loss": 0.09210914373397827, "acc": 0.9713597297668457, "length": 3.9999678134918213, "mode": "train", "epoch": 54}
{"loss": 0.15689662098884583, "acc": 0.9491748213768005, "length": 4.0, "mode": "test", "epoch": 54}
{"loss": 0.09055027365684509, "acc": 0.9706426858901978, "length": 3.9999654293060303, "mode": "train", "epoch": 55}
{"loss": 0.14733678102493286, "acc": 0.9527227282524109, "length": 4.0, "mode": "test", "epoch": 55}
{"loss": 0.09153179079294205, "acc": 0.9714152812957764, "length": 3.9999756813049316, "mode": "train", "epoch": 56}
{"loss": 0.15751641988754272, "acc": 0.9528053402900696, "length": 4.0, "mode": "test", "epoch": 56}
{"loss": 0.09039375185966492, "acc": 0.9713882207870483, "length": 3.9999849796295166, "mode": "train", "epoch": 57}
{"loss": 0.1491912305355072, "acc": 0.9533829092979431, "length": 4.0, "mode": "test", "epoch": 57}
{"loss": 0.08785432577133179, "acc": 0.9724630117416382, "length": 3.999981641769409, "mode": "train", "epoch": 58}
{"loss": 0.143461674451828, "acc": 0.9516502022743225, "length": 4.0, "mode": "test", "epoch": 58}
{"loss": 0.09120278060436249, "acc": 0.9712503552436829, "length": 3.9999804496765137, "mode": "train", "epoch": 59}
{"loss": 0.15087248384952545, "acc": 0.9517326951026917, "length": 4.0, "mode": "test", "epoch": 59}
{"loss": 0.08604823052883148, "acc": 0.9720224142074585, "length": 3.9999876022338867, "mode": "train", "epoch": 60}
{"loss": 0.1355779618024826, "acc": 0.9553630352020264, "length": 4.0, "mode": "test", "epoch": 60}
{"loss": 0.08395851403474808, "acc": 0.9740894436836243, "length": 3.999983787536621, "mode": "train", "epoch": 61}
{"loss": 0.13961616158485413, "acc": 0.9550331234931946, "length": 4.0, "mode": "test", "epoch": 61}
{"loss": 0.08840609341859818, "acc": 0.9713059663772583, "length": 3.999990940093994, "mode": "train", "epoch": 62}
{"loss": 0.1283416748046875, "acc": 0.9556106328964233, "length": 4.0, "mode": "test", "epoch": 62}
{"loss": 0.08004292845726013, "acc": 0.9758812785148621, "length": 3.999985933303833, "mode": "train", "epoch": 63}
{"loss": 0.1303771734237671, "acc": 0.9586634635925293, "length": 4.0, "mode": "test", "epoch": 63}
{"loss": 0.08065297454595566, "acc": 0.9751094579696655, "length": 3.9999849796295166, "mode": "train", "epoch": 64}
{"loss": 0.13623683154582977, "acc": 0.9571782946586609, "length": 4.0, "mode": "test", "epoch": 64}
{"loss": 0.07956580817699432, "acc": 0.9744480848312378, "length": 3.999990224838257, "mode": "train", "epoch": 65}
{"loss": 0.1255253106355667, "acc": 0.954290509223938, "length": 4.0, "mode": "test", "epoch": 65}
{"loss": 0.07626315206289291, "acc": 0.9774251580238342, "length": 3.9999923706054688, "mode": "train", "epoch": 66}
{"loss": 0.13341301679611206, "acc": 0.9604785442352295, "length": 4.0, "mode": "test", "epoch": 66}
{"loss": 0.07762010395526886, "acc": 0.9757158756256104, "length": 3.999988317489624, "mode": "train", "epoch": 67}
{"loss": 0.14048612117767334, "acc": 0.9506601095199585, "length": 4.0, "mode": "test", "epoch": 67}
{"loss": 0.07979550957679749, "acc": 0.9748610258102417, "length": 3.999985933303833, "mode": "train", "epoch": 68}
{"loss": 0.13089412450790405, "acc": 0.9576733112335205, "length": 4.0, "mode": "test", "epoch": 68}
{"loss": 0.07502446323633194, "acc": 0.9774526357650757, "length": 3.9999942779541016, "mode": "train", "epoch": 69}
{"loss": 0.12784358859062195, "acc": 0.9596534371376038, "length": 4.0, "mode": "test", "epoch": 69}
{"loss": 0.07744375616312027, "acc": 0.9756612777709961, "length": 3.9999961853027344, "mode": "train", "epoch": 70}
{"loss": 0.128276526927948, "acc": 0.9596534371376038, "length": 4.0, "mode": "test", "epoch": 70}
{"loss": 0.06910661607980728, "acc": 0.9791619181632996, "length": 3.9999966621398926, "mode": "train", "epoch": 71}
{"loss": 0.11736704409122467, "acc": 0.9646864533424377, "length": 4.0, "mode": "test", "epoch": 71}
{"loss": 0.06964784115552902, "acc": 0.9792996644973755, "length": 3.9999942779541016, "mode": "train", "epoch": 72}
{"loss": 0.12293766438961029, "acc": 0.9580034017562866, "length": 4.0, "mode": "test", "epoch": 72}
{"loss": 0.06874300539493561, "acc": 0.9786381721496582, "length": 3.999997138977051, "mode": "train", "epoch": 73}
{"loss": 0.11920400708913803, "acc": 0.9634488224983215, "length": 4.0, "mode": "test", "epoch": 73}
{"loss": 0.06709354370832443, "acc": 0.9794374704360962, "length": 3.999997138977051, "mode": "train", "epoch": 74}
{"loss": 0.12163369357585907, "acc": 0.9641913771629333, "length": 4.0, "mode": "test", "epoch": 74}
{"loss": 0.07251202315092087, "acc": 0.9769286513328552, "length": 3.9999868869781494, "mode": "train", "epoch": 75}
{"loss": 0.14660002291202545, "acc": 0.9573431611061096, "length": 4.0, "mode": "test", "epoch": 75}
{"loss": 0.07035842537879944, "acc": 0.9790240526199341, "length": 3.999997615814209, "mode": "train", "epoch": 76}
{"loss": 0.1362069547176361, "acc": 0.9638615250587463, "length": 4.0, "mode": "test", "epoch": 76}
{"loss": 0.06438596546649933, "acc": 0.9804573059082031, "length": 3.9999935626983643, "mode": "train", "epoch": 77}
{"loss": 0.11579062044620514, "acc": 0.963118851184845, "length": 4.0, "mode": "test", "epoch": 77}
{"loss": 0.06253189593553543, "acc": 0.9806501865386963, "length": 3.999995708465576, "mode": "train", "epoch": 78}
{"loss": 0.11498624831438065, "acc": 0.9692245125770569, "length": 4.0, "mode": "test", "epoch": 78}
{"loss": 0.06644482910633087, "acc": 0.9794652462005615, "length": 3.999997854232788, "mode": "train", "epoch": 79}
{"loss": 0.1186925619840622, "acc": 0.9649339914321899, "length": 4.0, "mode": "test", "epoch": 79}
{"loss": 0.06360911577939987, "acc": 0.9818080067634583, "length": 3.9999966621398926, "mode": "train", "epoch": 80}
{"loss": 0.10338740050792694, "acc": 0.9686469435691833, "length": 4.0, "mode": "test", "epoch": 80}
{"loss": 0.06017955765128136, "acc": 0.9826070666313171, "length": 3.999993085861206, "mode": "train", "epoch": 81}
{"loss": 0.1120876744389534, "acc": 0.9646039605140686, "length": 4.0, "mode": "test", "epoch": 81}
{"loss": 0.06547948718070984, "acc": 0.9799611568450928, "length": 3.999997854232788, "mode": "train", "epoch": 82}
{"loss": 0.12131623178720474, "acc": 0.9641913771629333, "length": 4.0, "mode": "test", "epoch": 82}
{"loss": 0.06628862023353577, "acc": 0.9783902764320374, "length": 3.9999983310699463, "mode": "train", "epoch": 83}
{"loss": 0.11912310868501663, "acc": 0.9628711938858032, "length": 4.0, "mode": "test", "epoch": 83}
{"loss": 0.06911049038171768, "acc": 0.9767089486122131, "length": 3.9999992847442627, "mode": "train", "epoch": 84}
{"loss": 0.1353033483028412, "acc": 0.9599834084510803, "length": 4.0, "mode": "test", "epoch": 84}
{"loss": 0.071750707924366, "acc": 0.9782798290252686, "length": 3.999997138977051, "mode": "train", "epoch": 85}
{"loss": 0.14180028438568115, "acc": 0.9570131301879883, "length": 4.0, "mode": "test", "epoch": 85}
{"loss": 0.06636001914739609, "acc": 0.9804022908210754, "length": 3.9999983310699463, "mode": "train", "epoch": 86}
{"loss": 0.10954466462135315, "acc": 0.9657591581344604, "length": 4.0, "mode": "test", "epoch": 86}
{"loss": 0.05609917640686035, "acc": 0.9839854836463928, "length": 3.999999761581421, "mode": "train", "epoch": 87}
{"loss": 0.10142058879137039, "acc": 0.9668317437171936, "length": 4.0, "mode": "test", "epoch": 87}
{"loss": 0.05364401638507843, "acc": 0.9845367670059204, "length": 3.9999983310699463, "mode": "train", "epoch": 88}
{"loss": 0.11716734617948532, "acc": 0.9658414721488953, "length": 4.0, "mode": "test", "epoch": 88}
{"loss": 0.058219145983457565, "acc": 0.982883095741272, "length": 3.999999761581421, "mode": "train", "epoch": 89}
{"loss": 0.12005078047513962, "acc": 0.9630363583564758, "length": 4.0, "mode": "test", "epoch": 89}
{"loss": 0.05783448368310928, "acc": 0.983737587928772, "length": 3.999999523162842, "mode": "train", "epoch": 90}
{"loss": 0.11652267724275589, "acc": 0.9681518077850342, "length": 4.0, "mode": "test", "epoch": 90}
{"loss": 0.06229669973254204, "acc": 0.9818906784057617, "length": 3.9999985694885254, "mode": "train", "epoch": 91}
{"loss": 0.1263308972120285, "acc": 0.9648513793945312, "length": 4.0, "mode": "test", "epoch": 91}
{"loss": 0.06264995038509369, "acc": 0.980209469795227, "length": 3.999999761581421, "mode": "train", "epoch": 92}
{"loss": 0.13603875041007996, "acc": 0.9637788534164429, "length": 4.0, "mode": "test", "epoch": 92}
{"loss": 0.060539375990629196, "acc": 0.9821663498878479, "length": 4.0, "mode": "train", "epoch": 93}
{"loss": 0.12132932990789413, "acc": 0.9677392840385437, "length": 4.0, "mode": "test", "epoch": 93}
{"loss": 0.061581458896398544, "acc": 0.9819459915161133, "length": 3.999999761581421, "mode": "train", "epoch": 94}
{"loss": 0.11801549047231674, "acc": 0.9655115008354187, "length": 4.0, "mode": "test", "epoch": 94}
{"loss": 0.053920209407806396, "acc": 0.9850605726242065, "length": 3.999999523162842, "mode": "train", "epoch": 95}
{"loss": 0.11773187667131424, "acc": 0.9661716222763062, "length": 4.0, "mode": "test", "epoch": 95}
{"loss": 0.05070364475250244, "acc": 0.9858874082565308, "length": 3.999999761581421, "mode": "train", "epoch": 96}
{"loss": 0.1238153874874115, "acc": 0.9652641415596008, "length": 4.0, "mode": "test", "epoch": 96}
{"loss": 0.05404006689786911, "acc": 0.984564483165741, "length": 4.0, "mode": "train", "epoch": 97}
{"loss": 0.10612601041793823, "acc": 0.967574417591095, "length": 4.0, "mode": "test", "epoch": 97}
{"loss": 0.04949646815657616, "acc": 0.9861080050468445, "length": 3.999999761581421, "mode": "train", "epoch": 98}
{"loss": 0.11835221201181412, "acc": 0.9663367867469788, "length": 4.0, "mode": "test", "epoch": 98}
{"loss": 0.05499815568327904, "acc": 0.9839304089546204, "length": 3.999999761581421, "mode": "train", "epoch": 99}
{"loss": 0.11970236152410507, "acc": 0.9660892486572266, "length": 4.0, "mode": "test", "epoch": 99}
{"loss": 0.058798741549253464, "acc": 0.9830486178398132, "length": 3.999999761581421, "mode": "train", "epoch": 100}
{"loss": 0.12035240978002548, "acc": 0.9679866433143616, "length": 4.0, "mode": "test", "epoch": 100}
test accuracy: 0.7535345554351807
