# ["--attributes=3", "--values=4", "--game_size=10", "--vocab_size_factor=3", "--n_epochs=100", "--batch_size=64", "--learning_rate=0.001", "--hidden_size=128", "--temp_update=0.97", "--temperature=1.5"]
Creating train_ds and val_ds...

Creating test_ds...
{"loss": 0.6943303942680359, "acc": 0.5143963694572449, "length": 2.9052062034606934, "mode": "train", "epoch": 1}
{"loss": 0.688870906829834, "acc": 0.5341147184371948, "length": 1.1782177686691284, "mode": "test", "epoch": 1}
{"loss": 0.6480756998062134, "acc": 0.6425440907478333, "length": 2.402657985687256, "mode": "train", "epoch": 2}
{"loss": 0.5946052670478821, "acc": 0.6966700553894043, "length": 2.4257426261901855, "mode": "test", "epoch": 2}
{"loss": 0.5657814145088196, "acc": 0.7145763039588928, "length": 2.767534017562866, "mode": "train", "epoch": 3}
{"loss": 0.5522300004959106, "acc": 0.73189777135849, "length": 3.148514747619629, "mode": "test", "epoch": 3}
{"loss": 0.5208960175514221, "acc": 0.7449023127555847, "length": 3.304425001144409, "mode": "train", "epoch": 4}
{"loss": 0.5126455426216125, "acc": 0.7462702393531799, "length": 3.381188154220581, "mode": "test", "epoch": 4}
{"loss": 0.4657217860221863, "acc": 0.7873852849006653, "length": 3.5156986713409424, "mode": "train", "epoch": 5}
{"loss": 0.43700501322746277, "acc": 0.8052986860275269, "length": 3.6336634159088135, "mode": "test", "epoch": 5}
{"loss": 0.3980032503604889, "acc": 0.8231152296066284, "length": 3.825218439102173, "mode": "train", "epoch": 6}
{"loss": 0.39824122190475464, "acc": 0.8383664488792419, "length": 4.0, "mode": "test", "epoch": 6}
{"loss": 0.3563205897808075, "acc": 0.8459261059761047, "length": 3.966780662536621, "mode": "train", "epoch": 7}
{"loss": 0.380058228969574, "acc": 0.8356435298919678, "length": 4.0, "mode": "test", "epoch": 7}
{"loss": 0.3248211443424225, "acc": 0.8637910485267639, "length": 3.9895267486572266, "mode": "train", "epoch": 8}
{"loss": 0.34664270281791687, "acc": 0.8529702425003052, "length": 4.0, "mode": "test", "epoch": 8}
{"loss": 0.3102515935897827, "acc": 0.8743196129798889, "length": 3.9955437183380127, "mode": "train", "epoch": 9}
{"loss": 0.34861183166503906, "acc": 0.8484323620796204, "length": 4.0, "mode": "test", "epoch": 9}
{"loss": 0.3023214638233185, "acc": 0.8781604766845703, "length": 3.9954745769500732, "mode": "train", "epoch": 10}
{"loss": 0.3133668601512909, "acc": 0.8765677809715271, "length": 4.0, "mode": "test", "epoch": 10}
{"loss": 0.27789220213890076, "acc": 0.8883894681930542, "length": 3.9981255531311035, "mode": "train", "epoch": 11}
{"loss": 0.314952552318573, "acc": 0.8749175071716309, "length": 4.0, "mode": "test", "epoch": 11}
{"loss": 0.2715597450733185, "acc": 0.8912736177444458, "length": 3.997415781021118, "mode": "train", "epoch": 12}
{"loss": 0.29330840706825256, "acc": 0.8795379400253296, "length": 4.0, "mode": "test", "epoch": 12}
{"loss": 0.2579106390476227, "acc": 0.8982529640197754, "length": 3.998396158218384, "mode": "train", "epoch": 13}
{"loss": 0.2781316637992859, "acc": 0.8898513913154602, "length": 4.0, "mode": "test", "epoch": 13}
{"loss": 0.253324955701828, "acc": 0.9010933041572571, "length": 3.998508930206299, "mode": "train", "epoch": 14}
{"loss": 0.2637150287628174, "acc": 0.8993399143218994, "length": 4.0, "mode": "test", "epoch": 14}
{"loss": 0.24571500718593597, "acc": 0.9019225835800171, "length": 3.999056100845337, "mode": "train", "epoch": 15}
{"loss": 0.2771851420402527, "acc": 0.8980199098587036, "length": 4.0, "mode": "test", "epoch": 15}
{"loss": 0.23841159045696259, "acc": 0.9058735370635986, "length": 3.9994020462036133, "mode": "train", "epoch": 16}
{"loss": 0.26203450560569763, "acc": 0.9018149971961975, "length": 4.0, "mode": "test", "epoch": 16}
{"loss": 0.2313169240951538, "acc": 0.9118256568908691, "length": 3.9994301795959473, "mode": "train", "epoch": 17}
{"loss": 0.2620912790298462, "acc": 0.904867947101593, "length": 4.0, "mode": "test", "epoch": 17}
{"loss": 0.22257550060749054, "acc": 0.91644686460495, "length": 3.9998390674591064, "mode": "train", "epoch": 18}
{"loss": 0.24173913896083832, "acc": 0.9112211465835571, "length": 4.0, "mode": "test", "epoch": 18}
{"loss": 0.22311125695705414, "acc": 0.9143235087394714, "length": 3.9997918605804443, "mode": "train", "epoch": 19}
{"loss": 0.2523636519908905, "acc": 0.9098184704780579, "length": 4.0, "mode": "test", "epoch": 19}
{"loss": 0.21906843781471252, "acc": 0.9184330701828003, "length": 3.9998536109924316, "mode": "train", "epoch": 20}
{"loss": 0.24990451335906982, "acc": 0.9108911156654358, "length": 4.0, "mode": "test", "epoch": 20}
{"loss": 0.21761789917945862, "acc": 0.9200769066810608, "length": 3.999696731567383, "mode": "train", "epoch": 21}
{"loss": 0.24985387921333313, "acc": 0.9089109897613525, "length": 4.0, "mode": "test", "epoch": 21}
{"loss": 0.20959262549877167, "acc": 0.9251892566680908, "length": 3.9999194145202637, "mode": "train", "epoch": 22}
{"loss": 0.23676522076129913, "acc": 0.9203794598579407, "length": 4.0, "mode": "test", "epoch": 22}
{"loss": 0.20303915441036224, "acc": 0.9262300729751587, "length": 3.9997920989990234, "mode": "train", "epoch": 23}
{"loss": 0.23269791901111603, "acc": 0.9185643196105957, "length": 4.0, "mode": "test", "epoch": 23}
{"loss": 0.19754372537136078, "acc": 0.9294090270996094, "length": 3.9999794960021973, "mode": "train", "epoch": 24}
{"loss": 0.24847865104675293, "acc": 0.9184818863868713, "length": 4.0, "mode": "test", "epoch": 24}
{"loss": 0.20244112610816956, "acc": 0.9242533445358276, "length": 3.999955415725708, "mode": "train", "epoch": 25}
{"loss": 0.2398562729358673, "acc": 0.9090759754180908, "length": 4.0, "mode": "test", "epoch": 25}
{"loss": 0.20731589198112488, "acc": 0.9256527423858643, "length": 3.999887704849243, "mode": "train", "epoch": 26}
{"loss": 0.23587830364704132, "acc": 0.9165840744972229, "length": 4.0, "mode": "test", "epoch": 26}
{"loss": 0.19490577280521393, "acc": 0.9313865303993225, "length": 3.999898672103882, "mode": "train", "epoch": 27}
{"loss": 0.2380349189043045, "acc": 0.9144389629364014, "length": 4.0, "mode": "test", "epoch": 27}
{"loss": 0.19510319828987122, "acc": 0.9299055337905884, "length": 3.999986171722412, "mode": "train", "epoch": 28}
{"loss": 0.22072215378284454, "acc": 0.9210396409034729, "length": 4.0, "mode": "test", "epoch": 28}
{"loss": 0.19307850301265717, "acc": 0.9309998750686646, "length": 3.9998557567596436, "mode": "train", "epoch": 29}
{"loss": 0.23652778565883636, "acc": 0.9184820055961609, "length": 4.0, "mode": "test", "epoch": 29}
{"loss": 0.19421863555908203, "acc": 0.9301488399505615, "length": 3.9998326301574707, "mode": "train", "epoch": 30}
{"loss": 0.22824732959270477, "acc": 0.9189771413803101, "length": 4.0, "mode": "test", "epoch": 30}
{"loss": 0.1899367868900299, "acc": 0.9310363531112671, "length": 3.9999983310699463, "mode": "train", "epoch": 31}
{"loss": 0.24917839467525482, "acc": 0.9157590866088867, "length": 4.0, "mode": "test", "epoch": 31}
{"loss": 0.19209977984428406, "acc": 0.9309532642364502, "length": 3.9999959468841553, "mode": "train", "epoch": 32}
{"loss": 0.251707524061203, "acc": 0.9190594553947449, "length": 4.0, "mode": "test", "epoch": 32}
{"loss": 0.19555407762527466, "acc": 0.9293548464775085, "length": 3.9999966621398926, "mode": "train", "epoch": 33}
{"loss": 0.23365671932697296, "acc": 0.9147691130638123, "length": 4.0, "mode": "test", "epoch": 33}
{"loss": 0.1867971569299698, "acc": 0.9312566518783569, "length": 3.999998092651367, "mode": "train", "epoch": 34}
{"loss": 0.224662184715271, "acc": 0.9240099191665649, "length": 4.0, "mode": "test", "epoch": 34}
{"loss": 0.18780936300754547, "acc": 0.9339303970336914, "length": 3.9999959468841553, "mode": "train", "epoch": 35}
{"loss": 0.23400309681892395, "acc": 0.9208744764328003, "length": 4.0, "mode": "test", "epoch": 35}
{"loss": 0.1851063221693039, "acc": 0.9361344575881958, "length": 3.999979019165039, "mode": "train", "epoch": 36}
{"loss": 0.20956194400787354, "acc": 0.9324254989624023, "length": 4.0, "mode": "test", "epoch": 36}
{"loss": 0.18544632196426392, "acc": 0.9347022175788879, "length": 3.9999983310699463, "mode": "train", "epoch": 37}
{"loss": 0.2094491720199585, "acc": 0.9234324097633362, "length": 4.0, "mode": "test", "epoch": 37}
{"loss": 0.18573322892189026, "acc": 0.9372551441192627, "length": 3.999879837036133, "mode": "train", "epoch": 38}
{"loss": 0.21030519902706146, "acc": 0.9274753332138062, "length": 4.0, "mode": "test", "epoch": 38}
{"loss": 0.17641602456569672, "acc": 0.938035786151886, "length": 3.9999685287475586, "mode": "train", "epoch": 39}
{"loss": 0.2119992971420288, "acc": 0.9294554591178894, "length": 4.0, "mode": "test", "epoch": 39}
{"loss": 0.16954386234283447, "acc": 0.9413431286811829, "length": 3.999966859817505, "mode": "train", "epoch": 40}
{"loss": 0.2200528234243393, "acc": 0.9265676736831665, "length": 4.0, "mode": "test", "epoch": 40}
{"loss": 0.1701982468366623, "acc": 0.9415655136108398, "length": 3.999999523162842, "mode": "train", "epoch": 41}
{"loss": 0.21066127717494965, "acc": 0.9316831231117249, "length": 4.0, "mode": "test", "epoch": 41}
{"loss": 0.17668183147907257, "acc": 0.9406834244728088, "length": 3.999997854232788, "mode": "train", "epoch": 42}
{"loss": 0.23985783755779266, "acc": 0.9171617031097412, "length": 4.0, "mode": "test", "epoch": 42}
{"loss": 0.1765645146369934, "acc": 0.9407322406768799, "length": 3.9999284744262695, "mode": "train", "epoch": 43}
{"loss": 0.21017518639564514, "acc": 0.9320131540298462, "length": 4.0, "mode": "test", "epoch": 43}
{"loss": 0.1901482492685318, "acc": 0.9331033825874329, "length": 3.999997138977051, "mode": "train", "epoch": 44}
{"loss": 0.21418534219264984, "acc": 0.9222771525382996, "length": 4.0, "mode": "test", "epoch": 44}
{"loss": 0.18003271520137787, "acc": 0.9360251426696777, "length": 3.99999737739563, "mode": "train", "epoch": 45}
{"loss": 0.20121315121650696, "acc": 0.9320131540298462, "length": 4.0, "mode": "test", "epoch": 45}
{"loss": 0.1668010801076889, "acc": 0.9416453242301941, "length": 3.9999470710754395, "mode": "train", "epoch": 46}
{"loss": 0.20356230437755585, "acc": 0.9306928515434265, "length": 4.0, "mode": "test", "epoch": 46}
{"loss": 0.1671009510755539, "acc": 0.941537618637085, "length": 3.999995708465576, "mode": "train", "epoch": 47}
{"loss": 0.1999426782131195, "acc": 0.9317657947540283, "length": 4.0, "mode": "test", "epoch": 47}
{"loss": 0.16012324392795563, "acc": 0.9459446668624878, "length": 3.999951124191284, "mode": "train", "epoch": 48}
{"loss": 0.20082484185695648, "acc": 0.9358084201812744, "length": 4.0, "mode": "test", "epoch": 48}
{"loss": 0.15729796886444092, "acc": 0.9457828402519226, "length": 3.999999523162842, "mode": "train", "epoch": 49}
{"loss": 0.21253588795661926, "acc": 0.9296204447746277, "length": 4.0, "mode": "test", "epoch": 49}
{"loss": 0.16635724902153015, "acc": 0.9448716640472412, "length": 3.9999654293060303, "mode": "train", "epoch": 50}
{"loss": 0.2230384796857834, "acc": 0.9266501665115356, "length": 4.0, "mode": "test", "epoch": 50}
{"loss": 0.17540235817432404, "acc": 0.9389744400978088, "length": 3.99999737739563, "mode": "train", "epoch": 51}
{"loss": 0.25445854663848877, "acc": 0.9155116081237793, "length": 4.0, "mode": "test", "epoch": 51}
{"loss": 0.19810372591018677, "acc": 0.9278663992881775, "length": 3.999997854232788, "mode": "train", "epoch": 52}
{"loss": 0.21546316146850586, "acc": 0.9264025688171387, "length": 4.0, "mode": "test", "epoch": 52}
{"loss": 0.17197977006435394, "acc": 0.9420608878135681, "length": 3.999990940093994, "mode": "train", "epoch": 53}
{"loss": 0.20147493481636047, "acc": 0.9298679828643799, "length": 4.0, "mode": "test", "epoch": 53}
{"loss": 0.1603696644306183, "acc": 0.9443466663360596, "length": 3.9999494552612305, "mode": "train", "epoch": 54}
{"loss": 0.19014333188533783, "acc": 0.9385312795639038, "length": 4.0, "mode": "test", "epoch": 54}
{"loss": 0.15426984429359436, "acc": 0.9503017067909241, "length": 3.9999821186065674, "mode": "train", "epoch": 55}
{"loss": 0.18128947913646698, "acc": 0.9399338364601135, "length": 4.0, "mode": "test", "epoch": 55}
{"loss": 0.14629216492176056, "acc": 0.9483736157417297, "length": 3.999997854232788, "mode": "train", "epoch": 56}
{"loss": 0.18166427314281464, "acc": 0.9395216107368469, "length": 4.0, "mode": "test", "epoch": 56}
{"loss": 0.14433997869491577, "acc": 0.9516258835792542, "length": 3.999997615814209, "mode": "train", "epoch": 57}
{"loss": 0.18158763647079468, "acc": 0.9411717057228088, "length": 4.0, "mode": "test", "epoch": 57}
{"loss": 0.15001261234283447, "acc": 0.9496961832046509, "length": 3.9999940395355225, "mode": "train", "epoch": 58}
{"loss": 0.2025548219680786, "acc": 0.9368810057640076, "length": 4.0, "mode": "test", "epoch": 58}
{"loss": 0.1831803023815155, "acc": 0.9384394884109497, "length": 3.9994540214538574, "mode": "train", "epoch": 59}
{"loss": 0.2511742115020752, "acc": 0.9154290556907654, "length": 4.0, "mode": "test", "epoch": 59}
{"loss": 0.19985614717006683, "acc": 0.9282522201538086, "length": 3.999995231628418, "mode": "train", "epoch": 60}
{"loss": 0.21911166608333588, "acc": 0.9256600141525269, "length": 4.0, "mode": "test", "epoch": 60}
{"loss": 0.16916988790035248, "acc": 0.9406836032867432, "length": 4.0, "mode": "train", "epoch": 61}
{"loss": 0.21356454491615295, "acc": 0.9235147833824158, "length": 4.0, "mode": "test", "epoch": 61}
{"loss": 0.17591385543346405, "acc": 0.9384233355522156, "length": 3.999998092651367, "mode": "train", "epoch": 62}
{"loss": 0.19767673313617706, "acc": 0.9311056137084961, "length": 4.0, "mode": "test", "epoch": 62}
{"loss": 0.15914848446846008, "acc": 0.9438257217407227, "length": 3.9999992847442627, "mode": "train", "epoch": 63}
{"loss": 0.18975280225276947, "acc": 0.9350660443305969, "length": 4.0, "mode": "test", "epoch": 63}
{"loss": 0.15447762608528137, "acc": 0.9489739537239075, "length": 3.999941349029541, "mode": "train", "epoch": 64}
{"loss": 0.1919589638710022, "acc": 0.9364687204360962, "length": 4.0, "mode": "test", "epoch": 64}
{"loss": 0.15235328674316406, "acc": 0.949944794178009, "length": 4.0, "mode": "train", "epoch": 65}
{"loss": 0.18705569207668304, "acc": 0.9396865963935852, "length": 4.0, "mode": "test", "epoch": 65}
{"loss": 0.1437719613313675, "acc": 0.9515683650970459, "length": 3.999967336654663, "mode": "train", "epoch": 66}
{"loss": 0.19392335414886475, "acc": 0.9361386895179749, "length": 4.0, "mode": "test", "epoch": 66}
{"loss": 0.14429984986782074, "acc": 0.9520670771598816, "length": 3.999999761581421, "mode": "train", "epoch": 67}
{"loss": 0.19375953078269958, "acc": 0.9398515820503235, "length": 4.0, "mode": "test", "epoch": 67}
{"loss": 0.14012686908245087, "acc": 0.9556503891944885, "length": 4.0, "mode": "train", "epoch": 68}
{"loss": 0.1790788769721985, "acc": 0.9416664838790894, "length": 4.0, "mode": "test", "epoch": 68}
{"loss": 0.12911678850650787, "acc": 0.9575247168540955, "length": 4.0, "mode": "train", "epoch": 69}
{"loss": 0.18486003577709198, "acc": 0.9436468482017517, "length": 4.0, "mode": "test", "epoch": 69}
{"loss": 0.13356494903564453, "acc": 0.959289014339447, "length": 4.0, "mode": "train", "epoch": 70}
{"loss": 0.17575225234031677, "acc": 0.9403467178344727, "length": 4.0, "mode": "test", "epoch": 70}
{"loss": 0.13339585065841675, "acc": 0.9552922248840332, "length": 3.9999985694885254, "mode": "train", "epoch": 71}
{"loss": 0.16489796340465546, "acc": 0.9486799240112305, "length": 4.0, "mode": "test", "epoch": 71}
{"loss": 0.13547872006893158, "acc": 0.955843448638916, "length": 4.0, "mode": "train", "epoch": 72}
{"loss": 0.19114036858081818, "acc": 0.9407591223716736, "length": 4.0, "mode": "test", "epoch": 72}
{"loss": 0.13870900869369507, "acc": 0.9534178376197815, "length": 4.0, "mode": "train", "epoch": 73}
{"loss": 0.18910279870033264, "acc": 0.9385313391685486, "length": 4.0, "mode": "test", "epoch": 73}
{"loss": 0.149871364235878, "acc": 0.9483736157417297, "length": 3.9999992847442627, "mode": "train", "epoch": 74}
{"loss": 0.215576171875, "acc": 0.932590901851654, "length": 4.0, "mode": "test", "epoch": 74}
{"loss": 0.15622970461845398, "acc": 0.9471338391304016, "length": 3.999645948410034, "mode": "train", "epoch": 75}
{"loss": 0.23282252252101898, "acc": 0.9241749048233032, "length": 4.0, "mode": "test", "epoch": 75}
{"loss": 0.1701991707086563, "acc": 0.9402424693107605, "length": 4.0, "mode": "train", "epoch": 76}
{"loss": 0.21887551248073578, "acc": 0.9258249402046204, "length": 4.0, "mode": "test", "epoch": 76}
{"loss": 0.16249892115592957, "acc": 0.9452865123748779, "length": 3.999999523162842, "mode": "train", "epoch": 77}
{"loss": 0.19640474021434784, "acc": 0.9393564462661743, "length": 4.0, "mode": "test", "epoch": 77}
{"loss": 0.14344756305217743, "acc": 0.9522325396537781, "length": 3.9999983310699463, "mode": "train", "epoch": 78}
{"loss": 0.1820080578327179, "acc": 0.9443894028663635, "length": 4.0, "mode": "test", "epoch": 78}
{"loss": 0.13492333889007568, "acc": 0.9569729566574097, "length": 3.9999923706054688, "mode": "train", "epoch": 79}
{"loss": 0.18598507344722748, "acc": 0.945049524307251, "length": 4.0, "mode": "test", "epoch": 79}
{"loss": 0.14100438356399536, "acc": 0.9533627033233643, "length": 4.0, "mode": "train", "epoch": 80}
{"loss": 0.18129165470600128, "acc": 0.9434818625450134, "length": 4.0, "mode": "test", "epoch": 80}
{"loss": 0.13511650264263153, "acc": 0.9558157920837402, "length": 3.9999988079071045, "mode": "train", "epoch": 81}
{"loss": 0.195024773478508, "acc": 0.9402639269828796, "length": 4.0, "mode": "test", "epoch": 81}
{"loss": 0.1327328234910965, "acc": 0.9570010304450989, "length": 3.999999523162842, "mode": "train", "epoch": 82}
{"loss": 0.20317649841308594, "acc": 0.9368813037872314, "length": 4.0, "mode": "test", "epoch": 82}
{"loss": 0.13095256686210632, "acc": 0.9569727182388306, "length": 3.9999935626983643, "mode": "train", "epoch": 83}
{"loss": 0.1806613653898239, "acc": 0.9433992505073547, "length": 4.0, "mode": "test", "epoch": 83}
{"loss": 0.12396294623613358, "acc": 0.9587374925613403, "length": 4.0, "mode": "train", "epoch": 84}
{"loss": 0.20067588984966278, "acc": 0.9349008798599243, "length": 4.0, "mode": "test", "epoch": 84}
{"loss": 0.1228296160697937, "acc": 0.9608824253082275, "length": 3.9999139308929443, "mode": "train", "epoch": 85}
{"loss": 0.19195275008678436, "acc": 0.9424092173576355, "length": 4.0, "mode": "test", "epoch": 85}
{"loss": 0.12146688997745514, "acc": 0.9623756408691406, "length": 3.9999921321868896, "mode": "train", "epoch": 86}
{"loss": 0.17035938799381256, "acc": 0.9433166980743408, "length": 4.0, "mode": "test", "epoch": 86}
{"loss": 0.11869248747825623, "acc": 0.9630374312400818, "length": 4.0, "mode": "train", "epoch": 87}
{"loss": 0.17714403569698334, "acc": 0.9451318979263306, "length": 4.0, "mode": "test", "epoch": 87}
{"loss": 0.11875367909669876, "acc": 0.9645256996154785, "length": 3.9999988079071045, "mode": "train", "epoch": 88}
{"loss": 0.16933318972587585, "acc": 0.950660228729248, "length": 4.0, "mode": "test", "epoch": 88}
{"loss": 0.11088916659355164, "acc": 0.9655455350875854, "length": 4.0, "mode": "train", "epoch": 89}
{"loss": 0.1729126274585724, "acc": 0.9472771883010864, "length": 4.0, "mode": "test", "epoch": 89}
{"loss": 0.10997767746448517, "acc": 0.9661244750022888, "length": 3.999999761581421, "mode": "train", "epoch": 90}
{"loss": 0.17291222512722015, "acc": 0.9475249648094177, "length": 4.0, "mode": "test", "epoch": 90}
{"loss": 0.12270680069923401, "acc": 0.9621279239654541, "length": 4.0, "mode": "train", "epoch": 91}
{"loss": 0.1711798459291458, "acc": 0.9496700763702393, "length": 4.0, "mode": "test", "epoch": 91}
{"loss": 0.12189735472202301, "acc": 0.9623209834098816, "length": 4.0, "mode": "train", "epoch": 92}
{"loss": 0.16721485555171967, "acc": 0.9500001072883606, "length": 4.0, "mode": "test", "epoch": 92}
{"loss": 0.1274290233850479, "acc": 0.9598674774169922, "length": 3.999997615814209, "mode": "train", "epoch": 93}
{"loss": 0.19156961143016815, "acc": 0.9462047815322876, "length": 4.0, "mode": "test", "epoch": 93}
{"loss": 0.12079250067472458, "acc": 0.9617696404457092, "length": 4.0, "mode": "train", "epoch": 94}
{"loss": 0.17325131595134735, "acc": 0.9454620480537415, "length": 4.0, "mode": "test", "epoch": 94}
{"loss": 0.12040233612060547, "acc": 0.9611908197402954, "length": 4.0, "mode": "train", "epoch": 95}
{"loss": 0.16629768908023834, "acc": 0.9490921497344971, "length": 4.0, "mode": "test", "epoch": 95}
{"loss": 0.11346405744552612, "acc": 0.9642501473426819, "length": 4.0, "mode": "train", "epoch": 96}
{"loss": 0.15680833160877228, "acc": 0.9521453380584717, "length": 4.0, "mode": "test", "epoch": 96}
{"loss": 0.12234333902597427, "acc": 0.9608874917030334, "length": 3.999997854232788, "mode": "train", "epoch": 97}
{"loss": 0.18166178464889526, "acc": 0.9473596811294556, "length": 4.0, "mode": "test", "epoch": 97}
{"loss": 0.12625260651111603, "acc": 0.960832417011261, "length": 3.999999761581421, "mode": "train", "epoch": 98}
{"loss": 0.17297491431236267, "acc": 0.9501649141311646, "length": 4.0, "mode": "test", "epoch": 98}
{"loss": 0.14035256206989288, "acc": 0.9562842845916748, "length": 4.0, "mode": "train", "epoch": 99}
{"loss": 0.18533968925476074, "acc": 0.9419140815734863, "length": 4.0, "mode": "test", "epoch": 99}
{"loss": 0.14294292032718658, "acc": 0.9531422257423401, "length": 3.999999761581421, "mode": "train", "epoch": 100}
{"loss": 0.1968921422958374, "acc": 0.936963677406311, "length": 4.0, "mode": "test", "epoch": 100}
test accuracy: 0.7248275876045227
