# ["--attributes=3", "--values=4", "--game_size=10", "--vocab_size_factor=3", "--n_epochs=100", "--batch_size=64", "--learning_rate=0.001", "--hidden_size=128", "--temp_update=0.99", "--temperature=1.5"]
Creating train_ds and val_ds...

Creating test_ds...
{"loss": 0.6928716897964478, "acc": 0.5258918404579163, "length": 3.4391632080078125, "mode": "train", "epoch": 1}
{"loss": 0.6840929985046387, "acc": 0.5591853857040405, "length": 1.7032040357589722, "mode": "test", "epoch": 1}
{"loss": 0.6322144865989685, "acc": 0.6634683012962341, "length": 3.4028232097625732, "mode": "train", "epoch": 2}
{"loss": 0.5539599061012268, "acc": 0.7410622835159302, "length": 4.0, "mode": "test", "epoch": 2}
{"loss": 0.5091676115989685, "acc": 0.7521178126335144, "length": 3.9581007957458496, "mode": "train", "epoch": 3}
{"loss": 0.5001212954521179, "acc": 0.7718380689620972, "length": 4.0, "mode": "test", "epoch": 3}
{"loss": 0.448970228433609, "acc": 0.7975210547447205, "length": 3.9844727516174316, "mode": "train", "epoch": 4}
{"loss": 0.4689735472202301, "acc": 0.7936762571334839, "length": 4.0, "mode": "test", "epoch": 4}
{"loss": 0.4150715172290802, "acc": 0.8142395615577698, "length": 3.9909555912017822, "mode": "train", "epoch": 5}
{"loss": 0.4516203999519348, "acc": 0.7808601260185242, "length": 4.0, "mode": "test", "epoch": 5}
{"loss": 0.39363953471183777, "acc": 0.824695348739624, "length": 3.9935531616210938, "mode": "train", "epoch": 6}
{"loss": 0.42405644059181213, "acc": 0.810961127281189, "length": 4.0, "mode": "test", "epoch": 6}
{"loss": 0.36922553181648254, "acc": 0.8397870659828186, "length": 3.995347261428833, "mode": "train", "epoch": 7}
{"loss": 0.38016438484191895, "acc": 0.8334739208221436, "length": 4.0, "mode": "test", "epoch": 7}
{"loss": 0.3506351411342621, "acc": 0.8478614687919617, "length": 3.9954864978790283, "mode": "train", "epoch": 8}
{"loss": 0.36131444573402405, "acc": 0.8447723984718323, "length": 4.0, "mode": "test", "epoch": 8}
{"loss": 0.3306407034397125, "acc": 0.8644055724143982, "length": 3.997248411178589, "mode": "train", "epoch": 9}
{"loss": 0.34918487071990967, "acc": 0.8568297028541565, "length": 4.0, "mode": "test", "epoch": 9}
{"loss": 0.32637256383895874, "acc": 0.8679273128509521, "length": 3.997670888900757, "mode": "train", "epoch": 10}
{"loss": 0.3451746702194214, "acc": 0.8584317564964294, "length": 4.0, "mode": "test", "epoch": 10}
{"loss": 0.31415674090385437, "acc": 0.872539758682251, "length": 3.9979584217071533, "mode": "train", "epoch": 11}
{"loss": 0.3303433954715729, "acc": 0.8703204393386841, "length": 4.0, "mode": "test", "epoch": 11}
{"loss": 0.31401750445365906, "acc": 0.8720725774765015, "length": 3.998767614364624, "mode": "train", "epoch": 12}
{"loss": 0.3151461184024811, "acc": 0.8769814372062683, "length": 4.0, "mode": "test", "epoch": 12}
{"loss": 0.3048792779445648, "acc": 0.8772009611129761, "length": 3.9988887310028076, "mode": "train", "epoch": 13}
{"loss": 0.3199182450771332, "acc": 0.871163547039032, "length": 4.0, "mode": "test", "epoch": 13}
{"loss": 0.29234418272972107, "acc": 0.8841859698295593, "length": 3.999224901199341, "mode": "train", "epoch": 14}
{"loss": 0.3090573251247406, "acc": 0.8715851306915283, "length": 4.0, "mode": "test", "epoch": 14}
{"loss": 0.2842731475830078, "acc": 0.885990560054779, "length": 3.9992997646331787, "mode": "train", "epoch": 15}
{"loss": 0.30208879709243774, "acc": 0.8768971562385559, "length": 4.0, "mode": "test", "epoch": 15}
{"loss": 0.27719318866729736, "acc": 0.8901703953742981, "length": 3.9990813732147217, "mode": "train", "epoch": 16}
{"loss": 0.2865922451019287, "acc": 0.8881954550743103, "length": 4.0, "mode": "test", "epoch": 16}
{"loss": 0.2745594382286072, "acc": 0.8914203643798828, "length": 3.999173402786255, "mode": "train", "epoch": 17}
{"loss": 0.2866917550563812, "acc": 0.8920741081237793, "length": 4.0, "mode": "test", "epoch": 17}
{"loss": 0.2612702548503876, "acc": 0.896507203578949, "length": 3.999295473098755, "mode": "train", "epoch": 18}
{"loss": 0.285595566034317, "acc": 0.8975546956062317, "length": 4.0, "mode": "test", "epoch": 18}
{"loss": 0.2510579526424408, "acc": 0.8976495265960693, "length": 3.999581813812256, "mode": "train", "epoch": 19}
{"loss": 0.2771387994289398, "acc": 0.8966274261474609, "length": 4.0, "mode": "test", "epoch": 19}
{"loss": 0.24399714171886444, "acc": 0.9029694199562073, "length": 3.999636650085449, "mode": "train", "epoch": 20}
{"loss": 0.2798241078853607, "acc": 0.8982294797897339, "length": 4.0, "mode": "test", "epoch": 20}
{"loss": 0.23677830398082733, "acc": 0.9053372144699097, "length": 3.999763250350952, "mode": "train", "epoch": 21}
{"loss": 0.2702832818031311, "acc": 0.9049747586250305, "length": 4.0, "mode": "test", "epoch": 21}
{"loss": 0.23499158024787903, "acc": 0.9062099456787109, "length": 3.999765157699585, "mode": "train", "epoch": 22}
{"loss": 0.28075844049453735, "acc": 0.8997470140457153, "length": 4.0, "mode": "test", "epoch": 22}
{"loss": 0.23260292410850525, "acc": 0.9055917859077454, "length": 3.9997966289520264, "mode": "train", "epoch": 23}
{"loss": 0.256213515996933, "acc": 0.9081787467002869, "length": 4.0, "mode": "test", "epoch": 23}
{"loss": 0.22833877801895142, "acc": 0.9098678827285767, "length": 3.9997806549072266, "mode": "train", "epoch": 24}
{"loss": 0.2605920732021332, "acc": 0.9105396270751953, "length": 4.0, "mode": "test", "epoch": 24}
{"loss": 0.22339047491550446, "acc": 0.9134643077850342, "length": 3.9997787475585938, "mode": "train", "epoch": 25}
{"loss": 0.2773130536079407, "acc": 0.8971331119537354, "length": 4.0, "mode": "test", "epoch": 25}
{"loss": 0.22559699416160583, "acc": 0.911419689655304, "length": 3.9998888969421387, "mode": "train", "epoch": 26}
{"loss": 0.2530457675457001, "acc": 0.9057336449623108, "length": 4.0, "mode": "test", "epoch": 26}
{"loss": 0.21410833299160004, "acc": 0.915780782699585, "length": 3.9998984336853027, "mode": "train", "epoch": 27}
{"loss": 0.25915825366973877, "acc": 0.9123947024345398, "length": 4.0, "mode": "test", "epoch": 27}
{"loss": 0.2120727151632309, "acc": 0.9178170561790466, "length": 3.999656915664673, "mode": "train", "epoch": 28}
{"loss": 0.24779073894023895, "acc": 0.9147554039955139, "length": 4.0, "mode": "test", "epoch": 28}
{"loss": 0.2086128145456314, "acc": 0.9190735220909119, "length": 3.9999098777770996, "mode": "train", "epoch": 29}
{"loss": 0.25079038739204407, "acc": 0.913237988948822, "length": 4.0, "mode": "test", "epoch": 29}
{"loss": 0.20431309938430786, "acc": 0.9206780195236206, "length": 3.9999256134033203, "mode": "train", "epoch": 30}
{"loss": 0.24965988099575043, "acc": 0.9138279557228088, "length": 4.0, "mode": "test", "epoch": 30}
{"loss": 0.20827239751815796, "acc": 0.9163928031921387, "length": 3.999833583831787, "mode": "train", "epoch": 31}
{"loss": 0.2377413958311081, "acc": 0.9146711826324463, "length": 4.0, "mode": "test", "epoch": 31}
{"loss": 0.20559130609035492, "acc": 0.9215497970581055, "length": 3.99993896484375, "mode": "train", "epoch": 32}
{"loss": 0.24794183671474457, "acc": 0.9188870787620544, "length": 4.0, "mode": "test", "epoch": 32}
{"loss": 0.20283813774585724, "acc": 0.9217202067375183, "length": 3.9999592304229736, "mode": "train", "epoch": 33}
{"loss": 0.248894602060318, "acc": 0.9183811545372009, "length": 4.0, "mode": "test", "epoch": 33}
{"loss": 0.19779011607170105, "acc": 0.9234081506729126, "length": 3.9999561309814453, "mode": "train", "epoch": 34}
{"loss": 0.23651359975337982, "acc": 0.9237774014472961, "length": 4.0, "mode": "test", "epoch": 34}
{"loss": 0.1915186196565628, "acc": 0.92585688829422, "length": 3.9999749660491943, "mode": "train", "epoch": 35}
{"loss": 0.2369810789823532, "acc": 0.9196458458900452, "length": 4.0, "mode": "test", "epoch": 35}
{"loss": 0.1899450421333313, "acc": 0.9267006516456604, "length": 3.9999678134918213, "mode": "train", "epoch": 36}
{"loss": 0.22632978856563568, "acc": 0.9242833852767944, "length": 4.0, "mode": "test", "epoch": 36}
{"loss": 0.18664036691188812, "acc": 0.9281919598579407, "length": 3.999974250793457, "mode": "train", "epoch": 37}
{"loss": 0.21749237179756165, "acc": 0.925463855266571, "length": 4.0, "mode": "test", "epoch": 37}
{"loss": 0.18453799188137054, "acc": 0.9297963976860046, "length": 3.999978542327881, "mode": "train", "epoch": 38}
{"loss": 0.2417941391468048, "acc": 0.9201518893241882, "length": 4.0, "mode": "test", "epoch": 38}
{"loss": 0.18248453736305237, "acc": 0.932581901550293, "length": 3.9999806880950928, "mode": "train", "epoch": 39}
{"loss": 0.22025001049041748, "acc": 0.9302698373794556, "length": 4.0, "mode": "test", "epoch": 39}
{"loss": 0.17575769126415253, "acc": 0.9340785145759583, "length": 3.9995625019073486, "mode": "train", "epoch": 40}
{"loss": 0.22719310224056244, "acc": 0.9204046726226807, "length": 4.0, "mode": "test", "epoch": 40}
{"loss": 0.1732967048883438, "acc": 0.934438943862915, "length": 3.9999840259552, "mode": "train", "epoch": 41}
{"loss": 0.21538761258125305, "acc": 0.9306915402412415, "length": 4.0, "mode": "test", "epoch": 41}
{"loss": 0.170566588640213, "acc": 0.9350019693374634, "length": 3.999987840652466, "mode": "train", "epoch": 42}
{"loss": 0.20322178304195404, "acc": 0.9309442043304443, "length": 4.0, "mode": "test", "epoch": 42}
{"loss": 0.17120471596717834, "acc": 0.9357897639274597, "length": 3.9999852180480957, "mode": "train", "epoch": 43}
{"loss": 0.2094372808933258, "acc": 0.9324619770050049, "length": 4.0, "mode": "test", "epoch": 43}
{"loss": 0.17213095724582672, "acc": 0.9357622861862183, "length": 3.9999942779541016, "mode": "train", "epoch": 44}
{"loss": 0.231694296002388, "acc": 0.9285833239555359, "length": 4.0, "mode": "test", "epoch": 44}
{"loss": 0.17302130162715912, "acc": 0.9327489733695984, "length": 3.9999473094940186, "mode": "train", "epoch": 45}
{"loss": 0.22071824967861176, "acc": 0.9305228590965271, "length": 4.0, "mode": "test", "epoch": 45}
{"loss": 0.17445410788059235, "acc": 0.9358744025230408, "length": 3.999988079071045, "mode": "train", "epoch": 46}
{"loss": 0.22447314858436584, "acc": 0.9349915981292725, "length": 4.0, "mode": "test", "epoch": 46}
{"loss": 0.16649340093135834, "acc": 0.9382660388946533, "length": 3.999983549118042, "mode": "train", "epoch": 47}
{"loss": 0.19976435601711273, "acc": 0.9396290183067322, "length": 4.0, "mode": "test", "epoch": 47}
{"loss": 0.16684779524803162, "acc": 0.9371690154075623, "length": 3.9999947547912598, "mode": "train", "epoch": 48}
{"loss": 0.20548878610134125, "acc": 0.9333896636962891, "length": 4.0, "mode": "test", "epoch": 48}
{"loss": 0.16249220073223114, "acc": 0.9383507370948792, "length": 3.9999942779541016, "mode": "train", "epoch": 49}
{"loss": 0.22276614606380463, "acc": 0.9289206266403198, "length": 4.0, "mode": "test", "epoch": 49}
{"loss": 0.1548401415348053, "acc": 0.9421212077140808, "length": 3.9999945163726807, "mode": "train", "epoch": 50}
{"loss": 0.22072409093379974, "acc": 0.9339799284934998, "length": 4.0, "mode": "test", "epoch": 50}
{"loss": 0.15853463113307953, "acc": 0.9444566965103149, "length": 3.9999947547912598, "mode": "train", "epoch": 51}
{"loss": 0.21166029572486877, "acc": 0.9344013929367065, "length": 4.0, "mode": "test", "epoch": 51}
{"loss": 0.15707606077194214, "acc": 0.9431342482566833, "length": 3.999995708465576, "mode": "train", "epoch": 52}
{"loss": 0.20440159738063812, "acc": 0.9281617999076843, "length": 4.0, "mode": "test", "epoch": 52}
{"loss": 0.15711379051208496, "acc": 0.9425994753837585, "length": 3.999995708465576, "mode": "train", "epoch": 53}
{"loss": 0.2235424816608429, "acc": 0.927740216255188, "length": 4.0, "mode": "test", "epoch": 53}
{"loss": 0.15186341106891632, "acc": 0.9436125159263611, "length": 3.9999959468841553, "mode": "train", "epoch": 54}
{"loss": 0.20757465064525604, "acc": 0.9399662017822266, "length": 4.0, "mode": "test", "epoch": 54}
{"loss": 0.15219517052173615, "acc": 0.9436126947402954, "length": 3.9999983310699463, "mode": "train", "epoch": 55}
{"loss": 0.1955476850271225, "acc": 0.9418211579322815, "length": 4.0, "mode": "test", "epoch": 55}
{"loss": 0.1531287431716919, "acc": 0.9436971545219421, "length": 3.9999985694885254, "mode": "train", "epoch": 56}
{"loss": 0.2163398116827011, "acc": 0.9344015121459961, "length": 4.0, "mode": "test", "epoch": 56}
{"loss": 0.15343207120895386, "acc": 0.9447664022445679, "length": 3.9999983310699463, "mode": "train", "epoch": 57}
{"loss": 0.21167612075805664, "acc": 0.9306071400642395, "length": 4.0, "mode": "test", "epoch": 57}
{"loss": 0.15113171935081482, "acc": 0.9438939690589905, "length": 3.999997615814209, "mode": "train", "epoch": 58}
{"loss": 0.2089122086763382, "acc": 0.9381955862045288, "length": 4.0, "mode": "test", "epoch": 58}
{"loss": 0.14913415908813477, "acc": 0.9467922449111938, "length": 3.999998092651367, "mode": "train", "epoch": 59}
{"loss": 0.21124784648418427, "acc": 0.9393761157989502, "length": 4.0, "mode": "test", "epoch": 59}
{"loss": 0.14331766963005066, "acc": 0.9473550915718079, "length": 4.0, "mode": "train", "epoch": 60}
{"loss": 0.1992577761411667, "acc": 0.9387858510017395, "length": 4.0, "mode": "test", "epoch": 60}
{"loss": 0.14323458075523376, "acc": 0.9466235637664795, "length": 3.999999523162842, "mode": "train", "epoch": 61}
{"loss": 0.20507705211639404, "acc": 0.9357504844665527, "length": 4.0, "mode": "test", "epoch": 61}
{"loss": 0.1409759223461151, "acc": 0.9490997195243835, "length": 3.999999761581421, "mode": "train", "epoch": 62}
{"loss": 0.19836194813251495, "acc": 0.9392075538635254, "length": 4.0, "mode": "test", "epoch": 62}
{"loss": 0.14644546806812286, "acc": 0.9472988843917847, "length": 4.0, "mode": "train", "epoch": 63}
{"loss": 0.2352972775697708, "acc": 0.9286677837371826, "length": 4.0, "mode": "test", "epoch": 63}
{"loss": 0.1578976809978485, "acc": 0.9406581521034241, "length": 3.9999988079071045, "mode": "train", "epoch": 64}
{"loss": 0.2467525750398636, "acc": 0.9229342341423035, "length": 4.0, "mode": "test", "epoch": 64}
{"loss": 0.15420809388160706, "acc": 0.9420652985572815, "length": 4.0, "mode": "train", "epoch": 65}
{"loss": 0.2041177600622177, "acc": 0.9353287816047668, "length": 4.0, "mode": "test", "epoch": 65}
{"loss": 0.1472163051366806, "acc": 0.9454696774482727, "length": 3.999997615814209, "mode": "train", "epoch": 66}
{"loss": 0.20007090270519257, "acc": 0.9354131817817688, "length": 4.0, "mode": "test", "epoch": 66}
{"loss": 0.14278170466423035, "acc": 0.948114812374115, "length": 3.999999761581421, "mode": "train", "epoch": 67}
{"loss": 0.22964727878570557, "acc": 0.9310288429260254, "length": 4.0, "mode": "test", "epoch": 67}
{"loss": 0.15530985593795776, "acc": 0.9431625008583069, "length": 3.9999988079071045, "mode": "train", "epoch": 68}
{"loss": 0.23166584968566895, "acc": 0.9332208633422852, "length": 4.0, "mode": "test", "epoch": 68}
{"loss": 0.1433340311050415, "acc": 0.9468200206756592, "length": 3.999995231628418, "mode": "train", "epoch": 69}
{"loss": 0.20067837834358215, "acc": 0.9360034465789795, "length": 4.0, "mode": "test", "epoch": 69}
{"loss": 0.14130538702011108, "acc": 0.9487337470054626, "length": 3.9999992847442627, "mode": "train", "epoch": 70}
{"loss": 0.2105702906847, "acc": 0.9381955862045288, "length": 4.0, "mode": "test", "epoch": 70}
{"loss": 0.14059166610240936, "acc": 0.949718713760376, "length": 4.0, "mode": "train", "epoch": 71}
{"loss": 0.20740166306495667, "acc": 0.9392074346542358, "length": 4.0, "mode": "test", "epoch": 71}
{"loss": 0.13507170975208282, "acc": 0.9496337175369263, "length": 3.9999916553497314, "mode": "train", "epoch": 72}
{"loss": 0.2011183798313141, "acc": 0.9408938884735107, "length": 4.0, "mode": "test", "epoch": 72}
{"loss": 0.13819171488285065, "acc": 0.9493246078491211, "length": 4.0, "mode": "train", "epoch": 73}
{"loss": 0.2337707132101059, "acc": 0.9285835027694702, "length": 4.0, "mode": "test", "epoch": 73}
{"loss": 0.15400871634483337, "acc": 0.9438941478729248, "length": 4.0, "mode": "train", "epoch": 74}
{"loss": 0.21973486244678497, "acc": 0.9344856142997742, "length": 4.0, "mode": "test", "epoch": 74}
{"loss": 0.16109509766101837, "acc": 0.9409101605415344, "length": 3.9999632835388184, "mode": "train", "epoch": 75}
{"loss": 0.21708916127681732, "acc": 0.9380267858505249, "length": 4.0, "mode": "test", "epoch": 75}
{"loss": 0.14806513488292694, "acc": 0.9450469017028809, "length": 3.999990701675415, "mode": "train", "epoch": 76}
{"loss": 0.21599911153316498, "acc": 0.9362562298774719, "length": 4.0, "mode": "test", "epoch": 76}
{"loss": 0.1464478075504303, "acc": 0.9461169838905334, "length": 4.0, "mode": "train", "epoch": 77}
{"loss": 0.21920882165431976, "acc": 0.9333895444869995, "length": 4.0, "mode": "test", "epoch": 77}
{"loss": 0.13831862807273865, "acc": 0.948452353477478, "length": 3.999999761581421, "mode": "train", "epoch": 78}
{"loss": 0.2008828967809677, "acc": 0.9364250302314758, "length": 4.0, "mode": "test", "epoch": 78}
{"loss": 0.14382390677928925, "acc": 0.947439432144165, "length": 4.0, "mode": "train", "epoch": 79}
{"loss": 0.1939399689435959, "acc": 0.9403035044670105, "length": 4.0, "mode": "test", "epoch": 79}
{"loss": 0.14442110061645508, "acc": 0.9482273459434509, "length": 3.999999761581421, "mode": "train", "epoch": 80}
{"loss": 0.20576100051403046, "acc": 0.9424958229064941, "length": 4.0, "mode": "test", "epoch": 80}
{"loss": 0.14748378098011017, "acc": 0.9470455050468445, "length": 4.0, "mode": "train", "epoch": 81}
{"loss": 0.19543245434761047, "acc": 0.9395446181297302, "length": 4.0, "mode": "test", "epoch": 81}
{"loss": 0.14113934338092804, "acc": 0.9480303525924683, "length": 3.999999523162842, "mode": "train", "epoch": 82}
{"loss": 0.20844562351703644, "acc": 0.9364250302314758, "length": 4.0, "mode": "test", "epoch": 82}
{"loss": 0.13798324763774872, "acc": 0.9484241604804993, "length": 3.999999761581421, "mode": "train", "epoch": 83}
{"loss": 0.20858703553676605, "acc": 0.9376897811889648, "length": 4.0, "mode": "test", "epoch": 83}
{"loss": 0.12912826240062714, "acc": 0.9521665573120117, "length": 4.0, "mode": "train", "epoch": 84}
{"loss": 0.19648246467113495, "acc": 0.9464585781097412, "length": 4.0, "mode": "test", "epoch": 84}
{"loss": 0.13111881911754608, "acc": 0.9512098431587219, "length": 4.0, "mode": "train", "epoch": 85}
{"loss": 0.20617365837097168, "acc": 0.9421585202217102, "length": 4.0, "mode": "test", "epoch": 85}
{"loss": 0.1301245093345642, "acc": 0.952673077583313, "length": 4.0, "mode": "train", "epoch": 86}
{"loss": 0.19118277728557587, "acc": 0.9450252056121826, "length": 4.0, "mode": "test", "epoch": 86}
{"loss": 0.1264084428548813, "acc": 0.9541642665863037, "length": 4.0, "mode": "train", "epoch": 87}
{"loss": 0.1955605298280716, "acc": 0.9440135955810547, "length": 4.0, "mode": "test", "epoch": 87}
{"loss": 0.12084859609603882, "acc": 0.9575126767158508, "length": 4.0, "mode": "train", "epoch": 88}
{"loss": 0.202291801571846, "acc": 0.9461215138435364, "length": 4.0, "mode": "test", "epoch": 88}
{"loss": 0.12090394645929337, "acc": 0.9558806419372559, "length": 4.0, "mode": "train", "epoch": 89}
{"loss": 0.19167613983154297, "acc": 0.9460369944572449, "length": 4.0, "mode": "test", "epoch": 89}
{"loss": 0.1270817667245865, "acc": 0.9541078805923462, "length": 4.0, "mode": "train", "epoch": 90}
{"loss": 0.25752946734428406, "acc": 0.9220911264419556, "length": 4.0, "mode": "test", "epoch": 90}
{"loss": 0.15568868815898895, "acc": 0.9423468112945557, "length": 4.0, "mode": "train", "epoch": 91}
{"loss": 0.28520289063453674, "acc": 0.9232714772224426, "length": 4.0, "mode": "test", "epoch": 91}
{"loss": 0.18010614812374115, "acc": 0.9371412992477417, "length": 3.999999761581421, "mode": "train", "epoch": 92}
{"loss": 0.23323951661586761, "acc": 0.930522620677948, "length": 4.0, "mode": "test", "epoch": 92}
{"loss": 0.1864715963602066, "acc": 0.9352842569351196, "length": 4.0, "mode": "train", "epoch": 93}
{"loss": 0.26202285289764404, "acc": 0.9187184572219849, "length": 4.0, "mode": "test", "epoch": 93}
{"loss": 0.2081800103187561, "acc": 0.9278842210769653, "length": 4.0, "mode": "train", "epoch": 94}
{"loss": 0.23984289169311523, "acc": 0.9290893077850342, "length": 4.0, "mode": "test", "epoch": 94}
{"loss": 0.1593649983406067, "acc": 0.9435847401618958, "length": 3.9999988079071045, "mode": "train", "epoch": 95}
{"loss": 0.19768956303596497, "acc": 0.9354974627494812, "length": 4.0, "mode": "test", "epoch": 95}
{"loss": 0.13767778873443604, "acc": 0.9501407742500305, "length": 4.0, "mode": "train", "epoch": 96}
{"loss": 0.19631744921207428, "acc": 0.9370152354240417, "length": 4.0, "mode": "test", "epoch": 96}
{"loss": 0.13376685976982117, "acc": 0.9519416689872742, "length": 4.0, "mode": "train", "epoch": 97}
{"loss": 0.1834796965122223, "acc": 0.9429176449775696, "length": 4.0, "mode": "test", "epoch": 97}
{"loss": 0.13166490197181702, "acc": 0.9505065083503723, "length": 4.0, "mode": "train", "epoch": 98}
{"loss": 0.21047258377075195, "acc": 0.9414839744567871, "length": 4.0, "mode": "test", "epoch": 98}
{"loss": 0.12854450941085815, "acc": 0.9521384239196777, "length": 4.0, "mode": "train", "epoch": 99}
{"loss": 0.2048921436071396, "acc": 0.9394603371620178, "length": 4.0, "mode": "test", "epoch": 99}
{"loss": 0.12355585396289825, "acc": 0.9551491141319275, "length": 3.999999523162842, "mode": "train", "epoch": 100}
{"loss": 0.2029239684343338, "acc": 0.9466272592544556, "length": 4.0, "mode": "test", "epoch": 100}
test accuracy: 0.848333477973938
