# ["--attributes=3", "--values=4", "--game_size=10", "--vocab_size_factor=3", "--n_epochs=100", "--batch_size=64", "--learning_rate=0.0005", "--hidden_size=128", "--temp_update=0.97", "--temperature=1"]
Creating train_ds and val_ds...

Creating test_ds...
{"loss": 0.6942034959793091, "acc": 0.513821542263031, "length": 3.58744478225708, "mode": "train", "epoch": 1}
{"loss": 0.683515191078186, "acc": 0.5658198595046997, "length": 1.6209813356399536, "mode": "test", "epoch": 1}
{"loss": 0.6859568953514099, "acc": 0.5501376986503601, "length": 3.3838188648223877, "mode": "train", "epoch": 2}
{"loss": 0.6629236340522766, "acc": 0.6246988773345947, "length": 3.3908629417419434, "mode": "test", "epoch": 2}
{"loss": 0.6319147348403931, "acc": 0.6551185846328735, "length": 3.6874120235443115, "mode": "train", "epoch": 3}
{"loss": 0.6018460988998413, "acc": 0.6442471146583557, "length": 4.0, "mode": "test", "epoch": 3}
{"loss": 0.5745629072189331, "acc": 0.6952646374702454, "length": 3.9123125076293945, "mode": "train", "epoch": 4}
{"loss": 0.5458494424819946, "acc": 0.7435701489448547, "length": 4.0, "mode": "test", "epoch": 4}
{"loss": 0.5088557600975037, "acc": 0.7661144733428955, "length": 3.9717090129852295, "mode": "train", "epoch": 5}
{"loss": 0.4989953935146332, "acc": 0.7832486629486084, "length": 4.0, "mode": "test", "epoch": 5}
{"loss": 0.461488276720047, "acc": 0.8020939826965332, "length": 3.9901700019836426, "mode": "train", "epoch": 6}
{"loss": 0.4679167866706848, "acc": 0.8120133876800537, "length": 4.0, "mode": "test", "epoch": 6}
{"loss": 0.4242779016494751, "acc": 0.8190641403198242, "length": 3.988075017929077, "mode": "train", "epoch": 7}
{"loss": 0.44724926352500916, "acc": 0.8181895017623901, "length": 4.0, "mode": "test", "epoch": 7}
{"loss": 0.39234766364097595, "acc": 0.8324544429779053, "length": 3.989254951477051, "mode": "train", "epoch": 8}
{"loss": 0.42018309235572815, "acc": 0.830795407295227, "length": 4.0, "mode": "test", "epoch": 8}
{"loss": 0.37247034907341003, "acc": 0.8399893045425415, "length": 3.996422052383423, "mode": "train", "epoch": 9}
{"loss": 0.4038800299167633, "acc": 0.8375636339187622, "length": 4.0, "mode": "test", "epoch": 9}
{"loss": 0.35621511936187744, "acc": 0.8460465669631958, "length": 3.9956140518188477, "mode": "train", "epoch": 10}
{"loss": 0.3934031128883362, "acc": 0.8394246697425842, "length": 4.0, "mode": "test", "epoch": 10}
{"loss": 0.34757164120674133, "acc": 0.8501752018928528, "length": 3.9965920448303223, "mode": "train", "epoch": 11}
{"loss": 0.39328405261039734, "acc": 0.8404399156570435, "length": 4.0, "mode": "test", "epoch": 11}
{"loss": 0.3389764726161957, "acc": 0.8541403412818909, "length": 3.9985222816467285, "mode": "train", "epoch": 12}
{"loss": 0.379949152469635, "acc": 0.8392553925514221, "length": 4.0, "mode": "test", "epoch": 12}
{"loss": 0.33243364095687866, "acc": 0.8578425049781799, "length": 3.996180772781372, "mode": "train", "epoch": 13}
{"loss": 0.36599162220954895, "acc": 0.8521150946617126, "length": 4.0, "mode": "test", "epoch": 13}
{"loss": 0.32965975999832153, "acc": 0.8580625057220459, "length": 3.998486042022705, "mode": "train", "epoch": 14}
{"loss": 0.3646308183670044, "acc": 0.8455159664154053, "length": 4.0, "mode": "test", "epoch": 14}
{"loss": 0.32059451937675476, "acc": 0.862842321395874, "length": 3.9986181259155273, "mode": "train", "epoch": 15}
{"loss": 0.3612304925918579, "acc": 0.8557528853416443, "length": 4.0, "mode": "test", "epoch": 15}
{"loss": 0.31253641843795776, "acc": 0.8676607608795166, "length": 3.9956843852996826, "mode": "train", "epoch": 16}
{"loss": 0.34856387972831726, "acc": 0.855160653591156, "length": 4.0, "mode": "test", "epoch": 16}
{"loss": 0.3061249256134033, "acc": 0.8736960291862488, "length": 3.998418092727661, "mode": "train", "epoch": 17}
{"loss": 0.3407514989376068, "acc": 0.8598983883857727, "length": 4.0, "mode": "test", "epoch": 17}
{"loss": 0.30039751529693604, "acc": 0.8739370703697205, "length": 3.997835397720337, "mode": "train", "epoch": 18}
{"loss": 0.3289881646633148, "acc": 0.8650591969490051, "length": 4.0, "mode": "test", "epoch": 18}
{"loss": 0.2923210561275482, "acc": 0.87735515832901, "length": 3.999746561050415, "mode": "train", "epoch": 19}
{"loss": 0.31922540068626404, "acc": 0.8740271329879761, "length": 4.0, "mode": "test", "epoch": 19}
{"loss": 0.2902778089046478, "acc": 0.8787943720817566, "length": 3.998833179473877, "mode": "train", "epoch": 20}
{"loss": 0.3155117928981781, "acc": 0.8750422596931458, "length": 4.0, "mode": "test", "epoch": 20}
{"loss": 0.28346726298332214, "acc": 0.8857961297035217, "length": 3.99912691116333, "mode": "train", "epoch": 21}
{"loss": 0.30222776532173157, "acc": 0.8773265480995178, "length": 4.0, "mode": "test", "epoch": 21}
{"loss": 0.2836664021015167, "acc": 0.8844653964042664, "length": 3.997967481613159, "mode": "train", "epoch": 22}
{"loss": 0.299431174993515, "acc": 0.8841795325279236, "length": 4.0, "mode": "test", "epoch": 22}
{"loss": 0.27418041229248047, "acc": 0.8892543911933899, "length": 3.9998204708099365, "mode": "train", "epoch": 23}
{"loss": 0.297389417886734, "acc": 0.8860406279563904, "length": 4.0, "mode": "test", "epoch": 23}
{"loss": 0.2721438705921173, "acc": 0.8917359709739685, "length": 3.9970526695251465, "mode": "train", "epoch": 24}
{"loss": 0.2912369668483734, "acc": 0.8862941861152649, "length": 4.0, "mode": "test", "epoch": 24}
{"loss": 0.2610439956188202, "acc": 0.895544707775116, "length": 3.9994077682495117, "mode": "train", "epoch": 25}
{"loss": 0.2836543023586273, "acc": 0.8943316340446472, "length": 4.0, "mode": "test", "epoch": 25}
{"loss": 0.2562318742275238, "acc": 0.9005300402641296, "length": 3.9997410774230957, "mode": "train", "epoch": 26}
{"loss": 0.28378817439079285, "acc": 0.8986462354660034, "length": 4.0, "mode": "test", "epoch": 26}
{"loss": 0.2516745626926422, "acc": 0.9015976786613464, "length": 3.9995007514953613, "mode": "train", "epoch": 27}
{"loss": 0.2752731144428253, "acc": 0.8970390558242798, "length": 4.0, "mode": "test", "epoch": 27}
{"loss": 0.24873173236846924, "acc": 0.9038280248641968, "length": 3.999587059020996, "mode": "train", "epoch": 28}
{"loss": 0.2704600989818573, "acc": 0.9057527184486389, "length": 4.0, "mode": "test", "epoch": 28}
{"loss": 0.242052361369133, "acc": 0.9070362448692322, "length": 3.9999358654022217, "mode": "train", "epoch": 29}
{"loss": 0.27359506487846375, "acc": 0.8983924984931946, "length": 4.0, "mode": "test", "epoch": 29}
{"loss": 0.24035927653312683, "acc": 0.9088743329048157, "length": 3.999965190887451, "mode": "train", "epoch": 30}
{"loss": 0.2667345404624939, "acc": 0.9047377705574036, "length": 4.0, "mode": "test", "epoch": 30}
{"loss": 0.2392549216747284, "acc": 0.9102327227592468, "length": 3.999288320541382, "mode": "train", "epoch": 31}
{"loss": 0.25768038630485535, "acc": 0.9086294174194336, "length": 4.0, "mode": "test", "epoch": 31}
{"loss": 0.23229116201400757, "acc": 0.91257244348526, "length": 3.9992260932922363, "mode": "train", "epoch": 32}
{"loss": 0.2600674331188202, "acc": 0.9074450135231018, "length": 4.0, "mode": "test", "epoch": 32}
{"loss": 0.23012341558933258, "acc": 0.9151493906974792, "length": 3.9999842643737793, "mode": "train", "epoch": 33}
{"loss": 0.2588813602924347, "acc": 0.9066835641860962, "length": 4.0, "mode": "test", "epoch": 33}
{"loss": 0.23007062077522278, "acc": 0.9147788882255554, "length": 3.9998934268951416, "mode": "train", "epoch": 34}
{"loss": 0.2637900412082672, "acc": 0.9059222936630249, "length": 4.0, "mode": "test", "epoch": 34}
{"loss": 0.22335487604141235, "acc": 0.9175801277160645, "length": 3.9999797344207764, "mode": "train", "epoch": 35}
{"loss": 0.2548923194408417, "acc": 0.9124367833137512, "length": 4.0, "mode": "test", "epoch": 35}
{"loss": 0.22459037601947784, "acc": 0.9165008664131165, "length": 3.9997456073760986, "mode": "train", "epoch": 36}
{"loss": 0.25398680567741394, "acc": 0.9124365448951721, "length": 4.0, "mode": "test", "epoch": 36}
{"loss": 0.21629860997200012, "acc": 0.9199240803718567, "length": 3.9999353885650635, "mode": "train", "epoch": 37}
{"loss": 0.24683614075183868, "acc": 0.9087985754013062, "length": 4.0, "mode": "test", "epoch": 37}
{"loss": 0.21207283437252045, "acc": 0.9227526783943176, "length": 3.9999940395355225, "mode": "train", "epoch": 38}
{"loss": 0.2454794943332672, "acc": 0.9087988138198853, "length": 4.0, "mode": "test", "epoch": 38}
{"loss": 0.21187277138233185, "acc": 0.9215840101242065, "length": 3.999852418899536, "mode": "train", "epoch": 39}
{"loss": 0.25236475467681885, "acc": 0.9111675024032593, "length": 4.0, "mode": "test", "epoch": 39}
{"loss": 0.217771977186203, "acc": 0.9177774786949158, "length": 3.999978542327881, "mode": "train", "epoch": 40}
{"loss": 0.24723461270332336, "acc": 0.9104907512664795, "length": 4.0, "mode": "test", "epoch": 40}
{"loss": 0.21158796548843384, "acc": 0.9226661324501038, "length": 3.9999358654022217, "mode": "train", "epoch": 41}
{"loss": 0.2395358830690384, "acc": 0.9168358445167542, "length": 4.0, "mode": "test", "epoch": 41}
{"loss": 0.20651504397392273, "acc": 0.9238442778587341, "length": 3.999650716781616, "mode": "train", "epoch": 42}
{"loss": 0.24982085824012756, "acc": 0.91226726770401, "length": 4.0, "mode": "test", "epoch": 42}
{"loss": 0.2084173560142517, "acc": 0.9226580858230591, "length": 3.9995763301849365, "mode": "train", "epoch": 43}
{"loss": 0.2447812408208847, "acc": 0.913705587387085, "length": 4.0, "mode": "test", "epoch": 43}
{"loss": 0.20555761456489563, "acc": 0.9240801334381104, "length": 3.9999637603759766, "mode": "train", "epoch": 44}
{"loss": 0.2465236932039261, "acc": 0.9145514965057373, "length": 4.0, "mode": "test", "epoch": 44}
{"loss": 0.20613016188144684, "acc": 0.9245814681053162, "length": 3.9996728897094727, "mode": "train", "epoch": 45}
{"loss": 0.24116750061511993, "acc": 0.913705587387085, "length": 4.0, "mode": "test", "epoch": 45}
{"loss": 0.19881290197372437, "acc": 0.926879346370697, "length": 3.999992609024048, "mode": "train", "epoch": 46}
{"loss": 0.2425498217344284, "acc": 0.9123521447181702, "length": 4.0, "mode": "test", "epoch": 46}
{"loss": 0.19942106306552887, "acc": 0.9264832139015198, "length": 3.9999873638153076, "mode": "train", "epoch": 47}
{"loss": 0.23679636418819427, "acc": 0.9155669212341309, "length": 4.0, "mode": "test", "epoch": 47}
{"loss": 0.1937793344259262, "acc": 0.9282052516937256, "length": 3.9999468326568604, "mode": "train", "epoch": 48}
{"loss": 0.2297859638929367, "acc": 0.9187816977500916, "length": 4.0, "mode": "test", "epoch": 48}
{"loss": 0.1990409642457962, "acc": 0.9272744059562683, "length": 3.999981164932251, "mode": "train", "epoch": 49}
{"loss": 0.2442324012517929, "acc": 0.9144667983055115, "length": 4.0, "mode": "test", "epoch": 49}
{"loss": 0.199185311794281, "acc": 0.9275854825973511, "length": 3.999985694885254, "mode": "train", "epoch": 50}
{"loss": 0.2407541126012802, "acc": 0.9143823385238647, "length": 4.0, "mode": "test", "epoch": 50}
{"loss": 0.1961982101202011, "acc": 0.9271900057792664, "length": 3.999990701675415, "mode": "train", "epoch": 51}
{"loss": 0.2388969510793686, "acc": 0.9182740449905396, "length": 4.0, "mode": "test", "epoch": 51}
{"loss": 0.1919800490140915, "acc": 0.9306300282478333, "length": 3.9988646507263184, "mode": "train", "epoch": 52}
{"loss": 0.23349356651306152, "acc": 0.918443500995636, "length": 4.0, "mode": "test", "epoch": 52}
{"loss": 0.18983839452266693, "acc": 0.9305241703987122, "length": 3.9999730587005615, "mode": "train", "epoch": 53}
{"loss": 0.23754103481769562, "acc": 0.9172587394714355, "length": 4.0, "mode": "test", "epoch": 53}
{"loss": 0.18998749554157257, "acc": 0.929931104183197, "length": 3.9999825954437256, "mode": "train", "epoch": 54}
{"loss": 0.23373524844646454, "acc": 0.9183587431907654, "length": 4.0, "mode": "test", "epoch": 54}
{"loss": 0.18720290064811707, "acc": 0.9327513575553894, "length": 3.999734401702881, "mode": "train", "epoch": 55}
{"loss": 0.22992649674415588, "acc": 0.9211505055427551, "length": 4.0, "mode": "test", "epoch": 55}
{"loss": 0.19071628153324127, "acc": 0.9315137267112732, "length": 3.9999656677246094, "mode": "train", "epoch": 56}
{"loss": 0.23437069356441498, "acc": 0.9214890599250793, "length": 4.0, "mode": "test", "epoch": 56}
{"loss": 0.18865078687667847, "acc": 0.9342272281646729, "length": 3.999964952468872, "mode": "train", "epoch": 57}
{"loss": 0.23339109122753143, "acc": 0.9221660494804382, "length": 4.0, "mode": "test", "epoch": 57}
{"loss": 0.18826298415660858, "acc": 0.9345957636833191, "length": 3.999272584915161, "mode": "train", "epoch": 58}
{"loss": 0.22694949805736542, "acc": 0.9266496896743774, "length": 4.0, "mode": "test", "epoch": 58}
{"loss": 0.18210993707180023, "acc": 0.933691143989563, "length": 3.999997138977051, "mode": "train", "epoch": 59}
{"loss": 0.23039865493774414, "acc": 0.9190356731414795, "length": 4.0, "mode": "test", "epoch": 59}
{"loss": 0.1819414496421814, "acc": 0.9356693029403687, "length": 3.9999911785125732, "mode": "train", "epoch": 60}
{"loss": 0.22490976750850677, "acc": 0.9230965375900269, "length": 4.0, "mode": "test", "epoch": 60}
{"loss": 0.18211959302425385, "acc": 0.9345107674598694, "length": 3.9999969005584717, "mode": "train", "epoch": 61}
{"loss": 0.23967020213603973, "acc": 0.9200507402420044, "length": 4.0, "mode": "test", "epoch": 61}
{"loss": 0.1837601363658905, "acc": 0.9338040351867676, "length": 3.9999818801879883, "mode": "train", "epoch": 62}
{"loss": 0.23969359695911407, "acc": 0.9188662171363831, "length": 4.0, "mode": "test", "epoch": 62}
{"loss": 0.1841050535440445, "acc": 0.9333236217498779, "length": 3.9999890327453613, "mode": "train", "epoch": 63}
{"loss": 0.22581501305103302, "acc": 0.9187816381454468, "length": 4.0, "mode": "test", "epoch": 63}
{"loss": 0.1981850266456604, "acc": 0.9278401732444763, "length": 3.999993324279785, "mode": "train", "epoch": 64}
{"loss": 0.24225357174873352, "acc": 0.9165818691253662, "length": 4.0, "mode": "test", "epoch": 64}
{"loss": 0.1914447844028473, "acc": 0.9302857518196106, "length": 3.9995334148406982, "mode": "train", "epoch": 65}
{"loss": 0.24179308116436005, "acc": 0.9198815822601318, "length": 4.0, "mode": "test", "epoch": 65}
{"loss": 0.18791447579860687, "acc": 0.933549165725708, "length": 3.9999680519104004, "mode": "train", "epoch": 66}
{"loss": 0.22316010296344757, "acc": 0.9268191456794739, "length": 4.0, "mode": "test", "epoch": 66}
{"loss": 0.18289004266262054, "acc": 0.9352148175239563, "length": 3.999897003173828, "mode": "train", "epoch": 67}
{"loss": 0.230268195271492, "acc": 0.9258883595466614, "length": 4.0, "mode": "test", "epoch": 67}
{"loss": 0.18076489865779877, "acc": 0.9357261657714844, "length": 3.9999940395355225, "mode": "train", "epoch": 68}
{"loss": 0.22552268207073212, "acc": 0.9219964742660522, "length": 4.0, "mode": "test", "epoch": 68}
{"loss": 0.17961372435092926, "acc": 0.9358676075935364, "length": 3.9999983310699463, "mode": "train", "epoch": 69}
{"loss": 0.21895931661128998, "acc": 0.9265652298927307, "length": 4.0, "mode": "test", "epoch": 69}
{"loss": 0.17746062576770782, "acc": 0.9363179802894592, "length": 3.9999802112579346, "mode": "train", "epoch": 70}
{"loss": 0.22521166503429413, "acc": 0.925211489200592, "length": 4.0, "mode": "test", "epoch": 70}
{"loss": 0.17612452805042267, "acc": 0.9368270039558411, "length": 3.999959945678711, "mode": "train", "epoch": 71}
{"loss": 0.2356228083372116, "acc": 0.928764820098877, "length": 4.0, "mode": "test", "epoch": 71}
{"loss": 0.1786118596792221, "acc": 0.9365671277046204, "length": 3.9998018741607666, "mode": "train", "epoch": 72}
{"loss": 0.22401943802833557, "acc": 0.9258037805557251, "length": 4.0, "mode": "test", "epoch": 72}
{"loss": 0.18318551778793335, "acc": 0.9368525743484497, "length": 3.9999356269836426, "mode": "train", "epoch": 73}
{"loss": 0.2726587951183319, "acc": 0.9085447788238525, "length": 4.0, "mode": "test", "epoch": 73}
{"loss": 0.2150198370218277, "acc": 0.9211413264274597, "length": 3.999988079071045, "mode": "train", "epoch": 74}
{"loss": 0.2580084502696991, "acc": 0.9167512655258179, "length": 4.0, "mode": "test", "epoch": 74}
{"loss": 0.19944411516189575, "acc": 0.9277552366256714, "length": 3.9999887943267822, "mode": "train", "epoch": 75}
{"loss": 0.2387029379606247, "acc": 0.9225041270256042, "length": 4.0, "mode": "test", "epoch": 75}
{"loss": 0.18437756597995758, "acc": 0.9331775903701782, "length": 3.9999232292175293, "mode": "train", "epoch": 76}
{"loss": 0.2259608805179596, "acc": 0.9257192015647888, "length": 4.0, "mode": "test", "epoch": 76}
{"loss": 0.17685310542583466, "acc": 0.9373643398284912, "length": 3.9999840259552, "mode": "train", "epoch": 77}
{"loss": 0.22655068337917328, "acc": 0.9301185607910156, "length": 4.0, "mode": "test", "epoch": 77}
{"loss": 0.18038807809352875, "acc": 0.9349627494812012, "length": 3.9999842643737793, "mode": "train", "epoch": 78}
{"loss": 0.21621327102184296, "acc": 0.9282572269439697, "length": 4.0, "mode": "test", "epoch": 78}
{"loss": 0.17025557160377502, "acc": 0.9396765828132629, "length": 3.9993438720703125, "mode": "train", "epoch": 79}
{"loss": 0.22612367570400238, "acc": 0.9254652261734009, "length": 4.0, "mode": "test", "epoch": 79}
{"loss": 0.17527945339679718, "acc": 0.9368274807929993, "length": 3.9999749660491943, "mode": "train", "epoch": 80}
{"loss": 0.23280547559261322, "acc": 0.9259728193283081, "length": 4.0, "mode": "test", "epoch": 80}
{"loss": 0.1744714081287384, "acc": 0.9380437731742859, "length": 3.9999940395355225, "mode": "train", "epoch": 81}
{"loss": 0.2221314013004303, "acc": 0.9296953678131104, "length": 4.0, "mode": "test", "epoch": 81}
{"loss": 0.16942372918128967, "acc": 0.940219521522522, "length": 3.9999887943267822, "mode": "train", "epoch": 82}
{"loss": 0.21800164878368378, "acc": 0.929441511631012, "length": 4.0, "mode": "test", "epoch": 82}
{"loss": 0.16522248089313507, "acc": 0.9414819478988647, "length": 3.9998745918273926, "mode": "train", "epoch": 83}
{"loss": 0.22171364724636078, "acc": 0.9280036091804504, "length": 4.0, "mode": "test", "epoch": 83}
{"loss": 0.1637473851442337, "acc": 0.940329909324646, "length": 3.999908447265625, "mode": "train", "epoch": 84}
{"loss": 0.22023577988147736, "acc": 0.9279188513755798, "length": 4.0, "mode": "test", "epoch": 84}
{"loss": 0.16332387924194336, "acc": 0.9405575394630432, "length": 3.999938488006592, "mode": "train", "epoch": 85}
{"loss": 0.2257825881242752, "acc": 0.9276651740074158, "length": 4.0, "mode": "test", "epoch": 85}
{"loss": 0.16499312222003937, "acc": 0.9386641383171082, "length": 3.9999635219573975, "mode": "train", "epoch": 86}
{"loss": 0.22095799446105957, "acc": 0.9284263253211975, "length": 4.0, "mode": "test", "epoch": 86}
{"loss": 0.16701944172382355, "acc": 0.9407839775085449, "length": 3.999950885772705, "mode": "train", "epoch": 87}
{"loss": 0.2282695323228836, "acc": 0.9271574020385742, "length": 4.0, "mode": "test", "epoch": 87}
{"loss": 0.1630300134420395, "acc": 0.9422555565834045, "length": 3.999999761581421, "mode": "train", "epoch": 88}
{"loss": 0.22014398872852325, "acc": 0.9280034303665161, "length": 4.0, "mode": "test", "epoch": 88}
{"loss": 0.1621437519788742, "acc": 0.942736029624939, "length": 3.9999985694885254, "mode": "train", "epoch": 89}
{"loss": 0.22053013741970062, "acc": 0.9237732887268066, "length": 4.0, "mode": "test", "epoch": 89}
{"loss": 0.16261409223079681, "acc": 0.9408138990402222, "length": 3.9999988079071045, "mode": "train", "epoch": 90}
{"loss": 0.2111850529909134, "acc": 0.9320643544197083, "length": 4.0, "mode": "test", "epoch": 90}
{"loss": 0.1580800563097, "acc": 0.944232702255249, "length": 3.9999773502349854, "mode": "train", "epoch": 91}
{"loss": 0.2083742916584015, "acc": 0.9296956658363342, "length": 4.0, "mode": "test", "epoch": 91}
{"loss": 0.1588798612356186, "acc": 0.9424240589141846, "length": 3.999985933303833, "mode": "train", "epoch": 92}
{"loss": 0.20921590924263, "acc": 0.9318950772285461, "length": 4.0, "mode": "test", "epoch": 92}
{"loss": 0.15731099247932434, "acc": 0.9435839056968689, "length": 3.9999988079071045, "mode": "train", "epoch": 93}
{"loss": 0.22299210727214813, "acc": 0.9314720630645752, "length": 4.0, "mode": "test", "epoch": 93}
{"loss": 0.15705254673957825, "acc": 0.9436402320861816, "length": 3.999995470046997, "mode": "train", "epoch": 94}
{"loss": 0.21011118590831757, "acc": 0.933164119720459, "length": 4.0, "mode": "test", "epoch": 94}
{"loss": 0.1560106724500656, "acc": 0.9453644156455994, "length": 3.9999966621398926, "mode": "train", "epoch": 95}
{"loss": 0.2136431485414505, "acc": 0.9323180913925171, "length": 4.0, "mode": "test", "epoch": 95}
{"loss": 0.1512703150510788, "acc": 0.9462972283363342, "length": 3.999997615814209, "mode": "train", "epoch": 96}
{"loss": 0.2091629058122635, "acc": 0.9347714781761169, "length": 4.0, "mode": "test", "epoch": 96}
{"loss": 0.16683880984783173, "acc": 0.938835084438324, "length": 3.9999923706054688, "mode": "train", "epoch": 97}
{"loss": 0.24601438641548157, "acc": 0.9168358445167542, "length": 4.0, "mode": "test", "epoch": 97}
{"loss": 0.17272430658340454, "acc": 0.9348217248916626, "length": 3.9999983310699463, "mode": "train", "epoch": 98}
{"loss": 0.23369090259075165, "acc": 0.9227579832077026, "length": 4.0, "mode": "test", "epoch": 98}
{"loss": 0.16236691176891327, "acc": 0.9392273426055908, "length": 3.9999289512634277, "mode": "train", "epoch": 99}
{"loss": 0.22290495038032532, "acc": 0.928764820098877, "length": 4.0, "mode": "test", "epoch": 99}
{"loss": 0.15771302580833435, "acc": 0.9408140182495117, "length": 3.999999761581421, "mode": "train", "epoch": 100}
{"loss": 0.22028639912605286, "acc": 0.9280880093574524, "length": 4.0, "mode": "test", "epoch": 100}
test accuracy: 0.8364063501358032
