# ["--attributes=3", "--values=4", "--game_size=10", "--vocab_size_factor=3", "--n_epochs=100", "--batch_size=64", "--learning_rate=0.0005", "--hidden_size=128", "--temp_update=0.97", "--temperature=2"]
Creating train_ds and val_ds...

Creating test_ds...
{"loss": 0.6927191019058228, "acc": 0.5220388770103455, "length": 3.6526975631713867, "mode": "train", "epoch": 1}
{"loss": 0.6725600957870483, "acc": 0.6094610095024109, "length": 3.8971807956695557, "mode": "test", "epoch": 1}
{"loss": 0.6807406544685364, "acc": 0.5761364102363586, "length": 3.655618667602539, "mode": "train", "epoch": 2}
{"loss": 0.6378029584884644, "acc": 0.6644408106803894, "length": 3.9900498390197754, "mode": "test", "epoch": 2}
{"loss": 0.6018036007881165, "acc": 0.6842453479766846, "length": 3.8919172286987305, "mode": "train", "epoch": 3}
{"loss": 0.6248297691345215, "acc": 0.6820894479751587, "length": 4.0, "mode": "test", "epoch": 3}
{"loss": 0.5648280382156372, "acc": 0.7022276520729065, "length": 3.941089391708374, "mode": "train", "epoch": 4}
{"loss": 0.6029132008552551, "acc": 0.6968490481376648, "length": 4.0, "mode": "test", "epoch": 4}
{"loss": 0.540915310382843, "acc": 0.7084483504295349, "length": 3.953409433364868, "mode": "train", "epoch": 5}
{"loss": 0.5821327567100525, "acc": 0.6963515281677246, "length": 4.0, "mode": "test", "epoch": 5}
{"loss": 0.5216012597084045, "acc": 0.7110989689826965, "length": 3.9704320430755615, "mode": "train", "epoch": 6}
{"loss": 0.5772313475608826, "acc": 0.6822553873062134, "length": 4.0, "mode": "test", "epoch": 6}
{"loss": 0.5090047121047974, "acc": 0.7344381213188171, "length": 3.983271598815918, "mode": "train", "epoch": 7}
{"loss": 0.5776731371879578, "acc": 0.6985904574394226, "length": 4.0, "mode": "test", "epoch": 7}
{"loss": 0.4884684681892395, "acc": 0.757084846496582, "length": 3.989744186401367, "mode": "train", "epoch": 8}
{"loss": 0.5357334613800049, "acc": 0.7402984499931335, "length": 4.0, "mode": "test", "epoch": 8}
{"loss": 0.48262590169906616, "acc": 0.7711451649665833, "length": 3.9942946434020996, "mode": "train", "epoch": 9}
{"loss": 0.545310914516449, "acc": 0.732752799987793, "length": 4.0, "mode": "test", "epoch": 9}
{"loss": 0.471832811832428, "acc": 0.7692572474479675, "length": 3.996154308319092, "mode": "train", "epoch": 10}
{"loss": 0.5072212219238281, "acc": 0.7508291602134705, "length": 4.0, "mode": "test", "epoch": 10}
{"loss": 0.4620378017425537, "acc": 0.7751729488372803, "length": 3.9972712993621826, "mode": "train", "epoch": 11}
{"loss": 0.49297624826431274, "acc": 0.7619402408599854, "length": 4.0, "mode": "test", "epoch": 11}
{"loss": 0.44723761081695557, "acc": 0.7818058133125305, "length": 3.9980075359344482, "mode": "train", "epoch": 12}
{"loss": 0.475861519575119, "acc": 0.7776118516921997, "length": 4.0, "mode": "test", "epoch": 12}
{"loss": 0.4229258596897125, "acc": 0.7980328798294067, "length": 3.998687505722046, "mode": "train", "epoch": 13}
{"loss": 0.47975626587867737, "acc": 0.7773631811141968, "length": 4.0, "mode": "test", "epoch": 13}
{"loss": 0.4021865427494049, "acc": 0.8114795684814453, "length": 3.998908042907715, "mode": "train", "epoch": 14}
{"loss": 0.47329410910606384, "acc": 0.7761195302009583, "length": 4.0, "mode": "test", "epoch": 14}
{"loss": 0.39856013655662537, "acc": 0.8176063299179077, "length": 3.9992294311523438, "mode": "train", "epoch": 15}
{"loss": 0.4672345817089081, "acc": 0.7845770716667175, "length": 4.0, "mode": "test", "epoch": 15}
{"loss": 0.3848930895328522, "acc": 0.8265691995620728, "length": 3.999112606048584, "mode": "train", "epoch": 16}
{"loss": 0.4516293704509735, "acc": 0.8105307221412659, "length": 4.0, "mode": "test", "epoch": 16}
{"loss": 0.3685508668422699, "acc": 0.8411222100257874, "length": 3.9994325637817383, "mode": "train", "epoch": 17}
{"loss": 0.45229822397232056, "acc": 0.8145937919616699, "length": 4.0, "mode": "test", "epoch": 17}
{"loss": 0.3581838607788086, "acc": 0.8461380004882812, "length": 3.9996373653411865, "mode": "train", "epoch": 18}
{"loss": 0.4369122087955475, "acc": 0.8179933428764343, "length": 4.0, "mode": "test", "epoch": 18}
{"loss": 0.34776586294174194, "acc": 0.8489362001419067, "length": 3.9997098445892334, "mode": "train", "epoch": 19}
{"loss": 0.43372055888175964, "acc": 0.8220564126968384, "length": 4.0, "mode": "test", "epoch": 19}
{"loss": 0.3402731716632843, "acc": 0.8545821309089661, "length": 3.999741315841675, "mode": "train", "epoch": 20}
{"loss": 0.41164860129356384, "acc": 0.8261194229125977, "length": 4.0, "mode": "test", "epoch": 20}
{"loss": 0.33373743295669556, "acc": 0.8611935973167419, "length": 3.9997289180755615, "mode": "train", "epoch": 21}
{"loss": 0.4086577892303467, "acc": 0.827445924282074, "length": 4.0, "mode": "test", "epoch": 21}
{"loss": 0.32527676224708557, "acc": 0.8649845719337463, "length": 3.9994850158691406, "mode": "train", "epoch": 22}
{"loss": 0.3865111768245697, "acc": 0.8418740630149841, "length": 4.0, "mode": "test", "epoch": 22}
{"loss": 0.3169255554676056, "acc": 0.866847038269043, "length": 3.99991774559021, "mode": "train", "epoch": 23}
{"loss": 0.3801644742488861, "acc": 0.8393035531044006, "length": 4.0, "mode": "test", "epoch": 23}
{"loss": 0.3100033104419708, "acc": 0.8731840252876282, "length": 3.9999215602874756, "mode": "train", "epoch": 24}
{"loss": 0.3752836585044861, "acc": 0.843532383441925, "length": 4.0, "mode": "test", "epoch": 24}
{"loss": 0.3014069199562073, "acc": 0.8759188652038574, "length": 3.999851942062378, "mode": "train", "epoch": 25}
{"loss": 0.37971287965774536, "acc": 0.8476782441139221, "length": 4.0, "mode": "test", "epoch": 25}
{"loss": 0.30265703797340393, "acc": 0.8740113973617554, "length": 3.9992010593414307, "mode": "train", "epoch": 26}
{"loss": 0.3568386435508728, "acc": 0.857794463634491, "length": 4.0, "mode": "test", "epoch": 26}
{"loss": 0.29318374395370483, "acc": 0.8820956349372864, "length": 3.999967575073242, "mode": "train", "epoch": 27}
{"loss": 0.3573494255542755, "acc": 0.8638474941253662, "length": 4.0, "mode": "test", "epoch": 27}
{"loss": 0.28882306814193726, "acc": 0.8826490044593811, "length": 3.9999730587005615, "mode": "train", "epoch": 28}
{"loss": 0.3528481423854828, "acc": 0.8629353046417236, "length": 4.0, "mode": "test", "epoch": 28}
{"loss": 0.2807671129703522, "acc": 0.8893701434135437, "length": 3.9999172687530518, "mode": "train", "epoch": 29}
{"loss": 0.35154151916503906, "acc": 0.8685737252235413, "length": 4.0, "mode": "test", "epoch": 29}
{"loss": 0.27885666489601135, "acc": 0.8889308571815491, "length": 3.999983787536621, "mode": "train", "epoch": 30}
{"loss": 0.34339386224746704, "acc": 0.8651742339134216, "length": 4.0, "mode": "test", "epoch": 30}
{"loss": 0.27541065216064453, "acc": 0.891116201877594, "length": 3.99998140335083, "mode": "train", "epoch": 31}
{"loss": 0.34527188539505005, "acc": 0.8665838241577148, "length": 4.0, "mode": "test", "epoch": 31}
{"loss": 0.27570945024490356, "acc": 0.8895677924156189, "length": 3.999992609024048, "mode": "train", "epoch": 32}
{"loss": 0.351778507232666, "acc": 0.8711443543434143, "length": 4.0, "mode": "test", "epoch": 32}
{"loss": 0.27101588249206543, "acc": 0.8915600776672363, "length": 3.9999935626983643, "mode": "train", "epoch": 33}
{"loss": 0.34083545207977295, "acc": 0.86674964427948, "length": 4.0, "mode": "test", "epoch": 33}
{"loss": 0.2653404176235199, "acc": 0.8942168951034546, "length": 3.9999983310699463, "mode": "train", "epoch": 34}
{"loss": 0.34178897738456726, "acc": 0.8655059337615967, "length": 4.0, "mode": "test", "epoch": 34}
{"loss": 0.26492059230804443, "acc": 0.8943825364112854, "length": 3.999995708465576, "mode": "train", "epoch": 35}
{"loss": 0.3300456404685974, "acc": 0.8708954453468323, "length": 4.0, "mode": "test", "epoch": 35}
{"loss": 0.2578382194042206, "acc": 0.8982560634613037, "length": 3.999988079071045, "mode": "train", "epoch": 36}
{"loss": 0.34243664145469666, "acc": 0.8678275942802429, "length": 4.0, "mode": "test", "epoch": 36}
{"loss": 0.25793057680130005, "acc": 0.8981736302375793, "length": 3.999997854232788, "mode": "train", "epoch": 37}
{"loss": 0.33241546154022217, "acc": 0.8750414848327637, "length": 4.0, "mode": "test", "epoch": 37}
{"loss": 0.2499438375234604, "acc": 0.9021859169006348, "length": 3.999999761581421, "mode": "train", "epoch": 38}
{"loss": 0.3209485113620758, "acc": 0.8805142045021057, "length": 4.0, "mode": "test", "epoch": 38}
{"loss": 0.247526153922081, "acc": 0.9037352800369263, "length": 3.9999988079071045, "mode": "train", "epoch": 39}
{"loss": 0.3166813254356384, "acc": 0.8831675052642822, "length": 4.0, "mode": "test", "epoch": 39}
{"loss": 0.24346008896827698, "acc": 0.9058383703231812, "length": 3.999999523162842, "mode": "train", "epoch": 40}
{"loss": 0.3149479627609253, "acc": 0.8817579746246338, "length": 4.0, "mode": "test", "epoch": 40}
{"loss": 0.24467770755290985, "acc": 0.9053401350975037, "length": 3.999997138977051, "mode": "train", "epoch": 41}
{"loss": 0.31136342883110046, "acc": 0.8897180557250977, "length": 4.0, "mode": "test", "epoch": 41}
{"loss": 0.24056360125541687, "acc": 0.9071388840675354, "length": 3.9999992847442627, "mode": "train", "epoch": 42}
{"loss": 0.30004966259002686, "acc": 0.8890547752380371, "length": 4.0, "mode": "test", "epoch": 42}
{"loss": 0.2363637238740921, "acc": 0.9114550948143005, "length": 3.999995708465576, "mode": "train", "epoch": 43}
{"loss": 0.30560949444770813, "acc": 0.8907130360603333, "length": 4.0, "mode": "test", "epoch": 43}
{"loss": 0.2373228669166565, "acc": 0.9126452803611755, "length": 3.9999992847442627, "mode": "train", "epoch": 44}
{"loss": 0.3166551887989044, "acc": 0.8858210444450378, "length": 4.0, "mode": "test", "epoch": 44}
{"loss": 0.23762062191963196, "acc": 0.9138831496238708, "length": 3.9998891353607178, "mode": "train", "epoch": 45}
{"loss": 0.3122105002403259, "acc": 0.8863183259963989, "length": 4.0, "mode": "test", "epoch": 45}
{"loss": 0.23679590225219727, "acc": 0.9098506569862366, "length": 3.999999761581421, "mode": "train", "epoch": 46}
{"loss": 0.29370394349098206, "acc": 0.8973464369773865, "length": 4.0, "mode": "test", "epoch": 46}
{"loss": 0.22468282282352448, "acc": 0.9161040782928467, "length": 4.0, "mode": "train", "epoch": 47}
{"loss": 0.29456084966659546, "acc": 0.8955222964286804, "length": 4.0, "mode": "test", "epoch": 47}
{"loss": 0.2254825234413147, "acc": 0.9148864150047302, "length": 3.9999992847442627, "mode": "train", "epoch": 48}
{"loss": 0.3073684573173523, "acc": 0.8933663964271545, "length": 4.0, "mode": "test", "epoch": 48}
{"loss": 0.2260524332523346, "acc": 0.9169060587882996, "length": 3.9999942779541016, "mode": "train", "epoch": 49}
{"loss": 0.30193400382995605, "acc": 0.8966830968856812, "length": 4.0, "mode": "test", "epoch": 49}
{"loss": 0.2167332023382187, "acc": 0.9210284352302551, "length": 3.999988079071045, "mode": "train", "epoch": 50}
{"loss": 0.2922368347644806, "acc": 0.893864095211029, "length": 4.0, "mode": "test", "epoch": 50}
{"loss": 0.2133851796388626, "acc": 0.9222717881202698, "length": 3.999929666519165, "mode": "train", "epoch": 51}
{"loss": 0.286542147397995, "acc": 0.8962685465812683, "length": 4.0, "mode": "test", "epoch": 51}
{"loss": 0.2105681151151657, "acc": 0.9231041073799133, "length": 3.999993085861206, "mode": "train", "epoch": 52}
{"loss": 0.2843458354473114, "acc": 0.901907205581665, "length": 4.0, "mode": "test", "epoch": 52}
{"loss": 0.20759662985801697, "acc": 0.9225225448608398, "length": 3.999981164932251, "mode": "train", "epoch": 53}
{"loss": 0.2860775887966156, "acc": 0.9002487063407898, "length": 4.0, "mode": "test", "epoch": 53}
{"loss": 0.21600088477134705, "acc": 0.9241284132003784, "length": 3.9999983310699463, "mode": "train", "epoch": 54}
{"loss": 0.28583842515945435, "acc": 0.9004145860671997, "length": 4.0, "mode": "test", "epoch": 54}
{"loss": 0.2499399483203888, "acc": 0.9069169759750366, "length": 3.9999899864196777, "mode": "train", "epoch": 55}
{"loss": 0.37560904026031494, "acc": 0.8529021143913269, "length": 4.0, "mode": "test", "epoch": 55}
{"loss": 0.3103691041469574, "acc": 0.8732682466506958, "length": 3.9999611377716064, "mode": "train", "epoch": 56}
{"loss": 0.31449007987976074, "acc": 0.8718905448913574, "length": 4.0, "mode": "test", "epoch": 56}
{"loss": 0.2948898375034332, "acc": 0.8810182213783264, "length": 3.999999523162842, "mode": "train", "epoch": 57}
{"loss": 0.3239421248435974, "acc": 0.8713101744651794, "length": 4.0, "mode": "test", "epoch": 57}
{"loss": 0.26305288076400757, "acc": 0.893635630607605, "length": 3.9999947547912598, "mode": "train", "epoch": 58}
{"loss": 0.3050277829170227, "acc": 0.8799337148666382, "length": 4.0, "mode": "test", "epoch": 58}
{"loss": 0.25325676798820496, "acc": 0.896070659160614, "length": 3.9999940395355225, "mode": "train", "epoch": 59}
{"loss": 0.3015963137149811, "acc": 0.8810114860534668, "length": 4.0, "mode": "test", "epoch": 59}
{"loss": 0.24460084736347198, "acc": 0.9029874205589294, "length": 3.9999866485595703, "mode": "train", "epoch": 60}
{"loss": 0.2851610779762268, "acc": 0.8866501450538635, "length": 4.0, "mode": "test", "epoch": 60}
{"loss": 0.23896300792694092, "acc": 0.9064193964004517, "length": 3.999999523162842, "mode": "train", "epoch": 61}
{"loss": 0.296676367521286, "acc": 0.8831676840782166, "length": 4.0, "mode": "test", "epoch": 61}
{"loss": 0.23473814129829407, "acc": 0.9073324203491211, "length": 3.999997854232788, "mode": "train", "epoch": 62}
{"loss": 0.2889653146266937, "acc": 0.886401355266571, "length": 4.0, "mode": "test", "epoch": 62}
{"loss": 0.22791478037834167, "acc": 0.9121189117431641, "length": 3.999992609024048, "mode": "train", "epoch": 63}
{"loss": 0.2863350808620453, "acc": 0.8918739557266235, "length": 4.0, "mode": "test", "epoch": 63}
{"loss": 0.22529302537441254, "acc": 0.9143873453140259, "length": 3.9999794960021973, "mode": "train", "epoch": 64}
{"loss": 0.2871004045009613, "acc": 0.8934493064880371, "length": 4.0, "mode": "test", "epoch": 64}
{"loss": 0.2208828628063202, "acc": 0.912589967250824, "length": 3.999999761581421, "mode": "train", "epoch": 65}
{"loss": 0.28660017251968384, "acc": 0.892785906791687, "length": 4.0, "mode": "test", "epoch": 65}
{"loss": 0.2194221019744873, "acc": 0.9165189862251282, "length": 3.999997854232788, "mode": "train", "epoch": 66}
{"loss": 0.2850525379180908, "acc": 0.8932006359100342, "length": 4.0, "mode": "test", "epoch": 66}
{"loss": 0.2125639021396637, "acc": 0.9218584895133972, "length": 3.999992609024048, "mode": "train", "epoch": 67}
{"loss": 0.2779598832130432, "acc": 0.8987562656402588, "length": 4.0, "mode": "test", "epoch": 67}
{"loss": 0.20739279687404633, "acc": 0.9221360683441162, "length": 3.999998092651367, "mode": "train", "epoch": 68}
{"loss": 0.2819405496120453, "acc": 0.9014925956726074, "length": 4.0, "mode": "test", "epoch": 68}
{"loss": 0.20392738282680511, "acc": 0.9244326949119568, "length": 3.9999988079071045, "mode": "train", "epoch": 69}
{"loss": 0.27454620599746704, "acc": 0.8984245657920837, "length": 4.0, "mode": "test", "epoch": 69}
{"loss": 0.20144495368003845, "acc": 0.9250966310501099, "length": 3.999997138977051, "mode": "train", "epoch": 70}
{"loss": 0.26982709765434265, "acc": 0.9030680656433105, "length": 4.0, "mode": "test", "epoch": 70}
{"loss": 0.2017248123884201, "acc": 0.9262312054634094, "length": 3.9999985694885254, "mode": "train", "epoch": 71}
{"loss": 0.2770371437072754, "acc": 0.8985904455184937, "length": 4.0, "mode": "test", "epoch": 71}
{"loss": 0.1961233913898468, "acc": 0.9269177913665771, "length": 3.999929666519165, "mode": "train", "epoch": 72}
{"loss": 0.2816934287548065, "acc": 0.9014924168586731, "length": 4.0, "mode": "test", "epoch": 72}
{"loss": 0.19995731115341187, "acc": 0.9251798987388611, "length": 4.0, "mode": "train", "epoch": 73}
{"loss": 0.27183592319488525, "acc": 0.9043117761611938, "length": 4.0, "mode": "test", "epoch": 73}
{"loss": 0.19545979797840118, "acc": 0.9273796677589417, "length": 3.9988975524902344, "mode": "train", "epoch": 74}
{"loss": 0.263098806142807, "acc": 0.9076284766197205, "length": 4.0, "mode": "test", "epoch": 74}
{"loss": 0.19461236894130707, "acc": 0.9273381233215332, "length": 4.0, "mode": "train", "epoch": 75}
{"loss": 0.2644730508327484, "acc": 0.9098673462867737, "length": 4.0, "mode": "test", "epoch": 75}
{"loss": 0.1937175989151001, "acc": 0.9280850291252136, "length": 3.999999761581421, "mode": "train", "epoch": 76}
{"loss": 0.26979348063468933, "acc": 0.9039800763130188, "length": 4.0, "mode": "test", "epoch": 76}
{"loss": 0.19674764573574066, "acc": 0.9272546768188477, "length": 3.999993085861206, "mode": "train", "epoch": 77}
{"loss": 0.2562934160232544, "acc": 0.912272036075592, "length": 4.0, "mode": "test", "epoch": 77}
{"loss": 0.19183075428009033, "acc": 0.9293301105499268, "length": 3.999999761581421, "mode": "train", "epoch": 78}
{"loss": 0.25055673718452454, "acc": 0.9155886769294739, "length": 4.0, "mode": "test", "epoch": 78}
{"loss": 0.19097062945365906, "acc": 0.9309628009796143, "length": 3.9999983310699463, "mode": "train", "epoch": 79}
{"loss": 0.2486586570739746, "acc": 0.912520706653595, "length": 4.0, "mode": "test", "epoch": 79}
{"loss": 0.18227243423461914, "acc": 0.9351136088371277, "length": 4.0, "mode": "train", "epoch": 80}
{"loss": 0.2497282326221466, "acc": 0.9087893962860107, "length": 4.0, "mode": "test", "epoch": 80}
{"loss": 0.18076962232589722, "acc": 0.9342832565307617, "length": 3.9999983310699463, "mode": "train", "epoch": 81}
{"loss": 0.26040658354759216, "acc": 0.9087891578674316, "length": 4.0, "mode": "test", "epoch": 81}
{"loss": 0.18187400698661804, "acc": 0.9318757653236389, "length": 3.9999935626983643, "mode": "train", "epoch": 82}
{"loss": 0.25578054785728455, "acc": 0.9110283255577087, "length": 4.0, "mode": "test", "epoch": 82}
{"loss": 0.17642083764076233, "acc": 0.9372432827949524, "length": 3.999992609024048, "mode": "train", "epoch": 83}
{"loss": 0.2470414936542511, "acc": 0.9147595763206482, "length": 4.0, "mode": "test", "epoch": 83}
{"loss": 0.18427838385105133, "acc": 0.9358051419258118, "length": 3.999999761581421, "mode": "train", "epoch": 84}
{"loss": 0.27627333998680115, "acc": 0.9060530066490173, "length": 4.0, "mode": "test", "epoch": 84}
{"loss": 0.18621191382408142, "acc": 0.9333148002624512, "length": 3.999999761581421, "mode": "train", "epoch": 85}
{"loss": 0.25509998202323914, "acc": 0.9092040657997131, "length": 4.0, "mode": "test", "epoch": 85}
{"loss": 0.17747913300991058, "acc": 0.9377140402793884, "length": 3.9999899864196777, "mode": "train", "epoch": 86}
{"loss": 0.2703939378261566, "acc": 0.910613477230072, "length": 4.0, "mode": "test", "epoch": 86}
{"loss": 0.17688439786434174, "acc": 0.9379904270172119, "length": 3.9999911785125732, "mode": "train", "epoch": 87}
{"loss": 0.25396835803985596, "acc": 0.9132670164108276, "length": 4.0, "mode": "test", "epoch": 87}
{"loss": 0.17297428846359253, "acc": 0.9368011951446533, "length": 3.999999761581421, "mode": "train", "epoch": 88}
{"loss": 0.25344809889793396, "acc": 0.9128523468971252, "length": 4.0, "mode": "test", "epoch": 88}
{"loss": 0.166708841919899, "acc": 0.9414214491844177, "length": 3.999988079071045, "mode": "train", "epoch": 89}
{"loss": 0.2627907693386078, "acc": 0.9131011366844177, "length": 4.0, "mode": "test", "epoch": 89}
{"loss": 0.16992713510990143, "acc": 0.939402163028717, "length": 3.999999761581421, "mode": "train", "epoch": 90}
{"loss": 0.2502461373806, "acc": 0.9142619967460632, "length": 4.0, "mode": "test", "epoch": 90}
{"loss": 0.18660610914230347, "acc": 0.9320686459541321, "length": 3.9999821186065674, "mode": "train", "epoch": 91}
{"loss": 0.27959415316581726, "acc": 0.9143450260162354, "length": 4.0, "mode": "test", "epoch": 91}
{"loss": 0.17576949298381805, "acc": 0.9393468499183655, "length": 3.999999523162842, "mode": "train", "epoch": 92}
{"loss": 0.25733187794685364, "acc": 0.9092868566513062, "length": 4.0, "mode": "test", "epoch": 92}
{"loss": 0.1714024543762207, "acc": 0.9403429627418518, "length": 3.999999523162842, "mode": "train", "epoch": 93}
{"loss": 0.2702716588973999, "acc": 0.907711386680603, "length": 4.0, "mode": "test", "epoch": 93}
{"loss": 0.16990043222904205, "acc": 0.939568042755127, "length": 3.9999966621398926, "mode": "train", "epoch": 94}
{"loss": 0.25205251574516296, "acc": 0.9150912165641785, "length": 4.0, "mode": "test", "epoch": 94}
{"loss": 0.16421741247177124, "acc": 0.9440509080886841, "length": 4.0, "mode": "train", "epoch": 95}
{"loss": 0.2579146921634674, "acc": 0.9159204959869385, "length": 4.0, "mode": "test", "epoch": 95}
{"loss": 0.1635163426399231, "acc": 0.9442139267921448, "length": 3.9999711513519287, "mode": "train", "epoch": 96}
{"loss": 0.2479013055562973, "acc": 0.9199005961418152, "length": 4.0, "mode": "test", "epoch": 96}
{"loss": 0.15798607468605042, "acc": 0.9457105398178101, "length": 3.9999959468841553, "mode": "train", "epoch": 97}
{"loss": 0.2575344145298004, "acc": 0.917330265045166, "length": 4.0, "mode": "test", "epoch": 97}
{"loss": 0.1606414020061493, "acc": 0.9452605247497559, "length": 3.999663829803467, "mode": "train", "epoch": 98}
{"loss": 0.24261586368083954, "acc": 0.9233830571174622, "length": 4.0, "mode": "test", "epoch": 98}
{"loss": 0.15886543691158295, "acc": 0.9453237056732178, "length": 3.999999761581421, "mode": "train", "epoch": 99}
{"loss": 0.24668994545936584, "acc": 0.9204810261726379, "length": 4.0, "mode": "test", "epoch": 99}
{"loss": 0.16152989864349365, "acc": 0.9449640512466431, "length": 4.0, "mode": "train", "epoch": 100}
{"loss": 0.25344282388687134, "acc": 0.9170811772346497, "length": 4.0, "mode": "test", "epoch": 100}
test accuracy: 0.6114406585693359
