# ["--attributes=3", "--values=4", "--game_size=10", "--vocab_size_factor=3", "--n_epochs=100", "--batch_size=64", "--learning_rate=0.0005", "--hidden_size=256", "--temp_update=0.97", "--temperature=1.5"]
Creating train_ds and val_ds...

Creating test_ds...
{"loss": 0.695054829120636, "acc": 0.5209356546401978, "length": 3.210240602493286, "mode": "train", "epoch": 1}
{"loss": 0.6928657293319702, "acc": 0.5064626336097717, "length": 1.0, "mode": "test", "epoch": 1}
{"loss": 0.6291859745979309, "acc": 0.6458684206008911, "length": 2.764544725418091, "mode": "train", "epoch": 2}
{"loss": 0.5662546753883362, "acc": 0.7217409014701843, "length": 3.113945484161377, "mode": "test", "epoch": 2}
{"loss": 0.5466088652610779, "acc": 0.7223565578460693, "length": 3.0850956439971924, "mode": "train", "epoch": 3}
{"loss": 0.5638018846511841, "acc": 0.7231239080429077, "length": 3.1598639488220215, "mode": "test", "epoch": 3}
{"loss": 0.5159677863121033, "acc": 0.7468304634094238, "length": 3.2631936073303223, "mode": "train", "epoch": 4}
{"loss": 0.5155090689659119, "acc": 0.755295991897583, "length": 3.4421768188476562, "mode": "test", "epoch": 4}
{"loss": 0.4723687171936035, "acc": 0.7829810976982117, "length": 3.4331042766571045, "mode": "train", "epoch": 5}
{"loss": 0.48784956336021423, "acc": 0.787829577922821, "length": 3.4166667461395264, "mode": "test", "epoch": 5}
{"loss": 0.4074356257915497, "acc": 0.8256800174713135, "length": 3.6733460426330566, "mode": "train", "epoch": 6}
{"loss": 0.4597058892250061, "acc": 0.8056123852729797, "length": 4.0, "mode": "test", "epoch": 6}
{"loss": 0.3762541115283966, "acc": 0.837192714214325, "length": 3.9363083839416504, "mode": "train", "epoch": 7}
{"loss": 0.43153348565101624, "acc": 0.8160715103149414, "length": 4.0, "mode": "test", "epoch": 7}
{"loss": 0.34870654344558716, "acc": 0.8494981527328491, "length": 3.970184326171875, "mode": "train", "epoch": 8}
{"loss": 0.4004262089729309, "acc": 0.8278061747550964, "length": 4.0, "mode": "test", "epoch": 8}
{"loss": 0.33052754402160645, "acc": 0.8591920137405396, "length": 3.980262279510498, "mode": "train", "epoch": 9}
{"loss": 0.3914667069911957, "acc": 0.8379251956939697, "length": 4.0, "mode": "test", "epoch": 9}
{"loss": 0.3153764605522156, "acc": 0.866214394569397, "length": 3.9874236583709717, "mode": "train", "epoch": 10}
{"loss": 0.35435381531715393, "acc": 0.853401243686676, "length": 4.0, "mode": "test", "epoch": 10}
{"loss": 0.3019068241119385, "acc": 0.873335063457489, "length": 3.987617254257202, "mode": "train", "epoch": 11}
{"loss": 0.3525649607181549, "acc": 0.8525508642196655, "length": 4.0, "mode": "test", "epoch": 11}
{"loss": 0.28566306829452515, "acc": 0.8799365758895874, "length": 3.988588333129883, "mode": "train", "epoch": 12}
{"loss": 0.3272862434387207, "acc": 0.8660714030265808, "length": 4.0, "mode": "test", "epoch": 12}
{"loss": 0.27602919936180115, "acc": 0.8855352997779846, "length": 3.987243890762329, "mode": "train", "epoch": 13}
{"loss": 0.302874892950058, "acc": 0.8708333373069763, "length": 4.0, "mode": "test", "epoch": 13}
{"loss": 0.2658659815788269, "acc": 0.8904198408126831, "length": 3.9907937049865723, "mode": "train", "epoch": 14}
{"loss": 0.30450764298439026, "acc": 0.875935435295105, "length": 4.0, "mode": "test", "epoch": 14}
{"loss": 0.2556672692298889, "acc": 0.895389199256897, "length": 3.994741916656494, "mode": "train", "epoch": 15}
{"loss": 0.2972731590270996, "acc": 0.8829082250595093, "length": 4.0, "mode": "test", "epoch": 15}
{"loss": 0.24547669291496277, "acc": 0.8994976878166199, "length": 3.9954140186309814, "mode": "train", "epoch": 16}
{"loss": 0.2710381746292114, "acc": 0.8921768069267273, "length": 4.0, "mode": "test", "epoch": 16}
{"loss": 0.23354804515838623, "acc": 0.904564619064331, "length": 3.995201349258423, "mode": "train", "epoch": 17}
{"loss": 0.27770206332206726, "acc": 0.8923467397689819, "length": 4.0, "mode": "test", "epoch": 17}
{"loss": 0.22851568460464478, "acc": 0.9082667231559753, "length": 3.9977245330810547, "mode": "train", "epoch": 18}
{"loss": 0.27127280831336975, "acc": 0.8945578336715698, "length": 4.0, "mode": "test", "epoch": 18}
{"loss": 0.22199757397174835, "acc": 0.9096288681030273, "length": 3.9973151683807373, "mode": "train", "epoch": 19}
{"loss": 0.2634080648422241, "acc": 0.8999999165534973, "length": 4.0, "mode": "test", "epoch": 19}
{"loss": 0.21287472546100616, "acc": 0.915516197681427, "length": 3.9986653327941895, "mode": "train", "epoch": 20}
{"loss": 0.2518806457519531, "acc": 0.903231143951416, "length": 4.0, "mode": "test", "epoch": 20}
{"loss": 0.20488817989826202, "acc": 0.9192530512809753, "length": 3.9974610805511475, "mode": "train", "epoch": 21}
{"loss": 0.23883798718452454, "acc": 0.908078134059906, "length": 4.0, "mode": "test", "epoch": 21}
{"loss": 0.20024918019771576, "acc": 0.9209999442100525, "length": 3.998781204223633, "mode": "train", "epoch": 22}
{"loss": 0.23148468136787415, "acc": 0.9119048118591309, "length": 4.0, "mode": "test", "epoch": 22}
{"loss": 0.2043754905462265, "acc": 0.9196614623069763, "length": 3.9989430904388428, "mode": "train", "epoch": 23}
{"loss": 0.2642455995082855, "acc": 0.9062924385070801, "length": 4.0, "mode": "test", "epoch": 23}
{"loss": 0.1960849016904831, "acc": 0.9248989224433899, "length": 3.999555826187134, "mode": "train", "epoch": 24}
{"loss": 0.24019697308540344, "acc": 0.9136055707931519, "length": 4.0, "mode": "test", "epoch": 24}
{"loss": 0.19495567679405212, "acc": 0.9243287444114685, "length": 3.9992518424987793, "mode": "train", "epoch": 25}
{"loss": 0.23031507432460785, "acc": 0.9138607382774353, "length": 4.0, "mode": "test", "epoch": 25}
{"loss": 0.18439838290214539, "acc": 0.9304826855659485, "length": 3.9994518756866455, "mode": "train", "epoch": 26}
{"loss": 0.2372116595506668, "acc": 0.9120749235153198, "length": 4.0, "mode": "test", "epoch": 26}
{"loss": 0.18965670466423035, "acc": 0.9277118444442749, "length": 3.999621629714966, "mode": "train", "epoch": 27}
{"loss": 0.22785118222236633, "acc": 0.9123299717903137, "length": 4.0, "mode": "test", "epoch": 27}
{"loss": 0.18004001677036285, "acc": 0.9305922389030457, "length": 3.999425172805786, "mode": "train", "epoch": 28}
{"loss": 0.23457495868206024, "acc": 0.907738208770752, "length": 4.0, "mode": "test", "epoch": 28}
{"loss": 0.19416770339012146, "acc": 0.9260380268096924, "length": 3.999645233154297, "mode": "train", "epoch": 29}
{"loss": 0.22927212715148926, "acc": 0.9165815711021423, "length": 4.0, "mode": "test", "epoch": 29}
{"loss": 0.19359377026557922, "acc": 0.9289370179176331, "length": 3.9994659423828125, "mode": "train", "epoch": 30}
{"loss": 0.24463096261024475, "acc": 0.9044217467308044, "length": 4.0, "mode": "test", "epoch": 30}
{"loss": 0.18932923674583435, "acc": 0.9276959896087646, "length": 3.999441623687744, "mode": "train", "epoch": 31}
{"loss": 0.23766294121742249, "acc": 0.9134354591369629, "length": 4.0, "mode": "test", "epoch": 31}
{"loss": 0.1747402846813202, "acc": 0.9339587688446045, "length": 3.9998106956481934, "mode": "train", "epoch": 32}
{"loss": 0.21462492644786835, "acc": 0.9208332300186157, "length": 4.0, "mode": "test", "epoch": 32}
{"loss": 0.17011913657188416, "acc": 0.9370549917221069, "length": 3.999896287918091, "mode": "train", "epoch": 33}
{"loss": 0.23464158177375793, "acc": 0.9126703143119812, "length": 4.0, "mode": "test", "epoch": 33}
{"loss": 0.17152197659015656, "acc": 0.9358946084976196, "length": 3.9999516010284424, "mode": "train", "epoch": 34}
{"loss": 0.20079031586647034, "acc": 0.9251701831817627, "length": 4.0, "mode": "test", "epoch": 34}
{"loss": 0.16801811754703522, "acc": 0.9364990592002869, "length": 3.9994471073150635, "mode": "train", "epoch": 35}
{"loss": 0.24265499413013458, "acc": 0.919217586517334, "length": 4.0, "mode": "test", "epoch": 35}
{"loss": 0.19238772988319397, "acc": 0.9266606569290161, "length": 3.999694585800171, "mode": "train", "epoch": 36}
{"loss": 0.2688221335411072, "acc": 0.9056121706962585, "length": 4.0, "mode": "test", "epoch": 36}
{"loss": 0.21416756510734558, "acc": 0.9182594418525696, "length": 3.999633312225342, "mode": "train", "epoch": 37}
{"loss": 0.2609420716762543, "acc": 0.9004251956939697, "length": 4.0, "mode": "test", "epoch": 37}
{"loss": 0.19299250841140747, "acc": 0.9268786907196045, "length": 3.998997926712036, "mode": "train", "epoch": 38}
{"loss": 0.2316483110189438, "acc": 0.9164117574691772, "length": 4.0, "mode": "test", "epoch": 38}
{"loss": 0.18444964289665222, "acc": 0.9313514232635498, "length": 3.99979567527771, "mode": "train", "epoch": 39}
{"loss": 0.2258845418691635, "acc": 0.9184523820877075, "length": 4.0, "mode": "test", "epoch": 39}
{"loss": 0.1953989863395691, "acc": 0.9272145628929138, "length": 3.9993693828582764, "mode": "train", "epoch": 40}
{"loss": 0.24817077815532684, "acc": 0.9100340604782104, "length": 4.0, "mode": "test", "epoch": 40}
{"loss": 0.18539217114448547, "acc": 0.9263601303100586, "length": 3.9999420642852783, "mode": "train", "epoch": 41}
{"loss": 0.22088661789894104, "acc": 0.9218537211418152, "length": 4.0, "mode": "test", "epoch": 41}
{"loss": 0.1669037938117981, "acc": 0.9404858946800232, "length": 3.999825954437256, "mode": "train", "epoch": 42}
{"loss": 0.21884718537330627, "acc": 0.9209182858467102, "length": 4.0, "mode": "test", "epoch": 42}
{"loss": 0.1716044545173645, "acc": 0.9360023140907288, "length": 3.999798536300659, "mode": "train", "epoch": 43}
{"loss": 0.19907759130001068, "acc": 0.9253404140472412, "length": 4.0, "mode": "test", "epoch": 43}
{"loss": 0.1661156713962555, "acc": 0.9361791014671326, "length": 3.9999635219573975, "mode": "train", "epoch": 44}
{"loss": 0.2139158546924591, "acc": 0.9213434457778931, "length": 4.0, "mode": "test", "epoch": 44}
{"loss": 0.16733522713184357, "acc": 0.9356625080108643, "length": 3.999817132949829, "mode": "train", "epoch": 45}
{"loss": 0.20486001670360565, "acc": 0.9286565184593201, "length": 4.0, "mode": "test", "epoch": 45}
{"loss": 0.1583142727613449, "acc": 0.9415017366409302, "length": 3.999627113342285, "mode": "train", "epoch": 46}
{"loss": 0.20957636833190918, "acc": 0.9198979735374451, "length": 4.0, "mode": "test", "epoch": 46}
{"loss": 0.15090742707252502, "acc": 0.9434277415275574, "length": 3.9996912479400635, "mode": "train", "epoch": 47}
{"loss": 0.22222481667995453, "acc": 0.9191325902938843, "length": 4.0, "mode": "test", "epoch": 47}
{"loss": 0.15286752581596375, "acc": 0.943356454372406, "length": 3.9999146461486816, "mode": "train", "epoch": 48}
{"loss": 0.2189205139875412, "acc": 0.9193028807640076, "length": 4.0, "mode": "test", "epoch": 48}
{"loss": 0.17210537195205688, "acc": 0.9333219528198242, "length": 3.9997401237487793, "mode": "train", "epoch": 49}
{"loss": 0.23676078021526337, "acc": 0.9104591608047485, "length": 4.0, "mode": "test", "epoch": 49}
{"loss": 0.17487142980098724, "acc": 0.9314599633216858, "length": 3.9997315406799316, "mode": "train", "epoch": 50}
{"loss": 0.2234262079000473, "acc": 0.9229592084884644, "length": 4.0, "mode": "test", "epoch": 50}
{"loss": 0.15884153544902802, "acc": 0.93902188539505, "length": 3.9993550777435303, "mode": "train", "epoch": 51}
{"loss": 0.2155759632587433, "acc": 0.9193027019500732, "length": 4.0, "mode": "test", "epoch": 51}
{"loss": 0.14863251149654388, "acc": 0.9423923492431641, "length": 3.9999430179595947, "mode": "train", "epoch": 52}
{"loss": 0.20304246246814728, "acc": 0.9225340485572815, "length": 4.0, "mode": "test", "epoch": 52}
{"loss": 0.15295889973640442, "acc": 0.9427856206893921, "length": 3.999847412109375, "mode": "train", "epoch": 53}
{"loss": 0.24267593026161194, "acc": 0.9217687845230103, "length": 4.0, "mode": "test", "epoch": 53}
{"loss": 0.1569853127002716, "acc": 0.9382346272468567, "length": 3.9996743202209473, "mode": "train", "epoch": 54}
{"loss": 0.20217104256153107, "acc": 0.9292517304420471, "length": 4.0, "mode": "test", "epoch": 54}
{"loss": 0.15641272068023682, "acc": 0.9415992498397827, "length": 3.999979019165039, "mode": "train", "epoch": 55}
{"loss": 0.22351951897144318, "acc": 0.9198130965232849, "length": 4.0, "mode": "test", "epoch": 55}
{"loss": 0.15906648337841034, "acc": 0.9391513466835022, "length": 3.999105215072632, "mode": "train", "epoch": 56}
{"loss": 0.23760008811950684, "acc": 0.9226190447807312, "length": 4.0, "mode": "test", "epoch": 56}
{"loss": 0.1522682011127472, "acc": 0.94219571352005, "length": 3.999988079071045, "mode": "train", "epoch": 57}
{"loss": 0.2256094068288803, "acc": 0.9278063178062439, "length": 4.0, "mode": "test", "epoch": 57}
{"loss": 0.1513623595237732, "acc": 0.9461967349052429, "length": 3.999985694885254, "mode": "train", "epoch": 58}
{"loss": 0.21002022922039032, "acc": 0.9183674454689026, "length": 4.0, "mode": "test", "epoch": 58}
{"loss": 0.14962299168109894, "acc": 0.9449179768562317, "length": 3.999940872192383, "mode": "train", "epoch": 59}
{"loss": 0.20929133892059326, "acc": 0.9244049191474915, "length": 4.0, "mode": "test", "epoch": 59}
{"loss": 0.1383999139070511, "acc": 0.9474720358848572, "length": 3.9999430179595947, "mode": "train", "epoch": 60}
{"loss": 0.19488157331943512, "acc": 0.9272959232330322, "length": 4.0, "mode": "test", "epoch": 60}
{"loss": 0.14604495465755463, "acc": 0.9438228607177734, "length": 3.998854637145996, "mode": "train", "epoch": 61}
{"loss": 0.2043503373861313, "acc": 0.9232993721961975, "length": 4.0, "mode": "test", "epoch": 61}
{"loss": 0.13468681275844574, "acc": 0.9489766359329224, "length": 3.999966859817505, "mode": "train", "epoch": 62}
{"loss": 0.20145674049854279, "acc": 0.9277209639549255, "length": 4.0, "mode": "test", "epoch": 62}
{"loss": 0.1305738389492035, "acc": 0.9501417875289917, "length": 3.9999964237213135, "mode": "train", "epoch": 63}
{"loss": 0.1952008306980133, "acc": 0.9280612468719482, "length": 4.0, "mode": "test", "epoch": 63}
{"loss": 0.1218499019742012, "acc": 0.9533188343048096, "length": 3.9999659061431885, "mode": "train", "epoch": 64}
{"loss": 0.19089017808437347, "acc": 0.9273809194564819, "length": 4.0, "mode": "test", "epoch": 64}
{"loss": 0.14538250863552094, "acc": 0.9444296956062317, "length": 3.9998297691345215, "mode": "train", "epoch": 65}
{"loss": 0.22430141270160675, "acc": 0.9242346286773682, "length": 4.0, "mode": "test", "epoch": 65}
{"loss": 0.1319403052330017, "acc": 0.9482121467590332, "length": 3.9999983310699463, "mode": "train", "epoch": 66}
{"loss": 0.1838582307100296, "acc": 0.9299319386482239, "length": 4.0, "mode": "test", "epoch": 66}
{"loss": 0.12632399797439575, "acc": 0.9513328075408936, "length": 3.999983310699463, "mode": "train", "epoch": 67}
{"loss": 0.2000294178724289, "acc": 0.9261904358863831, "length": 4.0, "mode": "test", "epoch": 67}
{"loss": 0.1256537139415741, "acc": 0.9507057070732117, "length": 3.9999167919158936, "mode": "train", "epoch": 68}
{"loss": 0.1826714724302292, "acc": 0.9295917749404907, "length": 4.0, "mode": "test", "epoch": 68}
{"loss": 0.1199924498796463, "acc": 0.9539441466331482, "length": 3.9999969005584717, "mode": "train", "epoch": 69}
{"loss": 0.17410525679588318, "acc": 0.9294216632843018, "length": 4.0, "mode": "test", "epoch": 69}
{"loss": 0.1169719398021698, "acc": 0.9550065398216248, "length": 3.999748706817627, "mode": "train", "epoch": 70}
{"loss": 0.19258496165275574, "acc": 0.9326531291007996, "length": 4.0, "mode": "test", "epoch": 70}
{"loss": 0.11587662994861603, "acc": 0.9573208093643188, "length": 3.999992847442627, "mode": "train", "epoch": 71}
{"loss": 0.1934327930212021, "acc": 0.9313774704933167, "length": 4.0, "mode": "test", "epoch": 71}
{"loss": 0.10853026807308197, "acc": 0.9590468406677246, "length": 3.9999163150787354, "mode": "train", "epoch": 72}
{"loss": 0.19241943955421448, "acc": 0.9282313585281372, "length": 4.0, "mode": "test", "epoch": 72}
{"loss": 0.11206318438053131, "acc": 0.958172082901001, "length": 3.9995341300964355, "mode": "train", "epoch": 73}
{"loss": 0.19366732239723206, "acc": 0.9318025708198547, "length": 4.0, "mode": "test", "epoch": 73}
{"loss": 0.10911625623703003, "acc": 0.9602691531181335, "length": 3.9999544620513916, "mode": "train", "epoch": 74}
{"loss": 0.20290473103523254, "acc": 0.9345239400863647, "length": 4.0, "mode": "test", "epoch": 74}
{"loss": 0.10666906088590622, "acc": 0.9606949090957642, "length": 3.999943971633911, "mode": "train", "epoch": 75}
{"loss": 0.19085276126861572, "acc": 0.9338433742523193, "length": 4.0, "mode": "test", "epoch": 75}
{"loss": 0.10735960304737091, "acc": 0.9605275988578796, "length": 3.9999969005584717, "mode": "train", "epoch": 76}
{"loss": 0.2002391815185547, "acc": 0.9314624071121216, "length": 4.0, "mode": "test", "epoch": 76}
{"loss": 0.11888817697763443, "acc": 0.956530749797821, "length": 3.9993460178375244, "mode": "train", "epoch": 77}
{"loss": 0.21522562205791473, "acc": 0.9276359677314758, "length": 4.0, "mode": "test", "epoch": 77}
{"loss": 0.11952248215675354, "acc": 0.9553025960922241, "length": 3.9999475479125977, "mode": "train", "epoch": 78}
{"loss": 0.1784248799085617, "acc": 0.9389456510543823, "length": 4.0, "mode": "test", "epoch": 78}
{"loss": 0.10455010086297989, "acc": 0.9610666632652283, "length": 3.9999942779541016, "mode": "train", "epoch": 79}
{"loss": 0.19070324301719666, "acc": 0.9365644454956055, "length": 4.0, "mode": "test", "epoch": 79}
{"loss": 0.09969548135995865, "acc": 0.9653517007827759, "length": 3.999997615814209, "mode": "train", "epoch": 80}
{"loss": 0.1698414534330368, "acc": 0.9406463503837585, "length": 4.0, "mode": "test", "epoch": 80}
{"loss": 0.09189597517251968, "acc": 0.967876672744751, "length": 3.9999914169311523, "mode": "train", "epoch": 81}
{"loss": 0.19529271125793457, "acc": 0.9325680136680603, "length": 4.0, "mode": "test", "epoch": 81}
{"loss": 0.09169238060712814, "acc": 0.9649543166160583, "length": 3.9999966621398926, "mode": "train", "epoch": 82}
{"loss": 0.1800008863210678, "acc": 0.9409864544868469, "length": 4.0, "mode": "test", "epoch": 82}
{"loss": 0.09674914181232452, "acc": 0.9643841981887817, "length": 3.9999678134918213, "mode": "train", "epoch": 83}
{"loss": 0.21827948093414307, "acc": 0.9323130249977112, "length": 4.0, "mode": "test", "epoch": 83}
{"loss": 0.0995607003569603, "acc": 0.9646403193473816, "length": 3.9999518394470215, "mode": "train", "epoch": 84}
{"loss": 0.16114464402198792, "acc": 0.9411565065383911, "length": 4.0, "mode": "test", "epoch": 84}
{"loss": 0.09275732934474945, "acc": 0.9656355381011963, "length": 3.9999992847442627, "mode": "train", "epoch": 85}
{"loss": 0.17784829437732697, "acc": 0.9409864544868469, "length": 4.0, "mode": "test", "epoch": 85}
{"loss": 0.10462004691362381, "acc": 0.9621447920799255, "length": 3.9999911785125732, "mode": "train", "epoch": 86}
{"loss": 0.16883395612239838, "acc": 0.9419218301773071, "length": 4.0, "mode": "test", "epoch": 86}
{"loss": 0.09856847673654556, "acc": 0.965071976184845, "length": 3.999175548553467, "mode": "train", "epoch": 87}
{"loss": 0.17724107205867767, "acc": 0.9420918822288513, "length": 4.0, "mode": "test", "epoch": 87}
{"loss": 0.11772482097148895, "acc": 0.95757657289505, "length": 3.9999988079071045, "mode": "train", "epoch": 88}
{"loss": 0.24831147491931915, "acc": 0.920918345451355, "length": 4.0, "mode": "test", "epoch": 88}
{"loss": 0.1297043263912201, "acc": 0.9506805539131165, "length": 3.9999947547912598, "mode": "train", "epoch": 89}
{"loss": 0.18438275158405304, "acc": 0.9352890253067017, "length": 4.0, "mode": "test", "epoch": 89}
{"loss": 0.09788908064365387, "acc": 0.9659402370452881, "length": 3.999880790710449, "mode": "train", "epoch": 90}
{"loss": 0.19200043380260468, "acc": 0.9339286088943481, "length": 4.0, "mode": "test", "epoch": 90}
{"loss": 0.09114012867212296, "acc": 0.9695781469345093, "length": 3.9999711513519287, "mode": "train", "epoch": 91}
{"loss": 0.17658425867557526, "acc": 0.9388605356216431, "length": 4.0, "mode": "test", "epoch": 91}
{"loss": 0.08674920350313187, "acc": 0.9673058986663818, "length": 3.999506711959839, "mode": "train", "epoch": 92}
{"loss": 0.17576071619987488, "acc": 0.9409862756729126, "length": 4.0, "mode": "test", "epoch": 92}
{"loss": 0.08441915363073349, "acc": 0.9695510864257812, "length": 3.9999945163726807, "mode": "train", "epoch": 93}
{"loss": 0.16789183020591736, "acc": 0.9431973695755005, "length": 4.0, "mode": "test", "epoch": 93}
{"loss": 0.09180533140897751, "acc": 0.967479944229126, "length": 3.999997615814209, "mode": "train", "epoch": 94}
{"loss": 0.21347840130329132, "acc": 0.9343535900115967, "length": 4.0, "mode": "test", "epoch": 94}
{"loss": 0.09142997860908508, "acc": 0.9668870568275452, "length": 3.9996488094329834, "mode": "train", "epoch": 95}
{"loss": 0.17966249585151672, "acc": 0.9444727301597595, "length": 4.0, "mode": "test", "epoch": 95}
{"loss": 0.08779774606227875, "acc": 0.9704311490058899, "length": 3.999997854232788, "mode": "train", "epoch": 96}
{"loss": 0.15438897907733917, "acc": 0.9439627528190613, "length": 4.0, "mode": "test", "epoch": 96}
{"loss": 0.07787720859050751, "acc": 0.971565842628479, "length": 3.999992847442627, "mode": "train", "epoch": 97}
{"loss": 0.20986704528331757, "acc": 0.9419219493865967, "length": 4.0, "mode": "test", "epoch": 97}
{"loss": 0.1040879562497139, "acc": 0.96370530128479, "length": 3.999983072280884, "mode": "train", "epoch": 98}
{"loss": 0.14821766316890717, "acc": 0.948724627494812, "length": 4.0, "mode": "test", "epoch": 98}
{"loss": 0.08596674352884293, "acc": 0.9693528413772583, "length": 3.999999761581421, "mode": "train", "epoch": 99}
{"loss": 0.1384473592042923, "acc": 0.9514456987380981, "length": 4.0, "mode": "test", "epoch": 99}
{"loss": 0.07866209745407104, "acc": 0.9725879430770874, "length": 4.0, "mode": "train", "epoch": 100}
{"loss": 0.2047361582517624, "acc": 0.9300170540809631, "length": 4.0, "mode": "test", "epoch": 100}
test accuracy: 0.8051539063453674
