# ["--attributes=3", "--values=4", "--game_size=10", "--vocab_size_factor=3", "--n_epochs=100", "--batch_size=64", "--learning_rate=0.0005", "--hidden_size=256", "--temp_update=0.97", "--temperature=2"]
Creating train_ds and val_ds...

Creating test_ds...
{"loss": 0.6973042488098145, "acc": 0.5061625242233276, "length": 3.1125247478485107, "mode": "train", "epoch": 1}
{"loss": 0.6894729733467102, "acc": 0.5271971821784973, "length": 1.119800329208374, "mode": "test", "epoch": 1}
{"loss": 0.6451793909072876, "acc": 0.6353597640991211, "length": 2.335078716278076, "mode": "train", "epoch": 2}
{"loss": 0.6058233976364136, "acc": 0.6789498925209045, "length": 2.3227953910827637, "mode": "test", "epoch": 2}
{"loss": 0.5844354033470154, "acc": 0.7011156678199768, "length": 2.528181314468384, "mode": "train", "epoch": 3}
{"loss": 0.5785075426101685, "acc": 0.7015005946159363, "length": 2.697171449661255, "mode": "test", "epoch": 3}
{"loss": 0.5415069460868835, "acc": 0.7440341114997864, "length": 3.073399543762207, "mode": "train", "epoch": 4}
{"loss": 0.5209534168243408, "acc": 0.7714648842811584, "length": 3.3660566806793213, "mode": "test", "epoch": 4}
{"loss": 0.477138876914978, "acc": 0.776012659072876, "length": 3.313828706741333, "mode": "train", "epoch": 5}
{"loss": 0.49305424094200134, "acc": 0.78708416223526, "length": 3.3810315132141113, "mode": "test", "epoch": 5}
{"loss": 0.43779492378234863, "acc": 0.8056276440620422, "length": 3.4905316829681396, "mode": "train", "epoch": 6}
{"loss": 0.452853262424469, "acc": 0.8105480670928955, "length": 3.5707154273986816, "mode": "test", "epoch": 6}
{"loss": 0.37324783205986023, "acc": 0.8426245450973511, "length": 3.677976131439209, "mode": "train", "epoch": 7}
{"loss": 0.39809152483940125, "acc": 0.846638023853302, "length": 3.8352744579315186, "mode": "test", "epoch": 7}
{"loss": 0.3318457305431366, "acc": 0.8610807657241821, "length": 3.8147382736206055, "mode": "train", "epoch": 8}
{"loss": 0.36710068583488464, "acc": 0.8589355945587158, "length": 3.9900166988372803, "mode": "test", "epoch": 8}
{"loss": 0.3101389408111572, "acc": 0.8690195679664612, "length": 3.956453323364258, "mode": "train", "epoch": 9}
{"loss": 0.32938942313194275, "acc": 0.8658068180084229, "length": 4.0, "mode": "test", "epoch": 9}
{"loss": 0.28300243616104126, "acc": 0.8811049461364746, "length": 3.9837234020233154, "mode": "train", "epoch": 10}
{"loss": 0.3291633725166321, "acc": 0.8586522340774536, "length": 4.0, "mode": "test", "epoch": 10}
{"loss": 0.2692970037460327, "acc": 0.8892670273780823, "length": 3.989743709564209, "mode": "train", "epoch": 11}
{"loss": 0.3188428580760956, "acc": 0.8738769888877869, "length": 4.0, "mode": "test", "epoch": 11}
{"loss": 0.2581472098827362, "acc": 0.8919603228569031, "length": 3.9923863410949707, "mode": "train", "epoch": 12}
{"loss": 0.3021213710308075, "acc": 0.8786191344261169, "length": 4.0, "mode": "test", "epoch": 12}
{"loss": 0.2554034888744354, "acc": 0.8936786651611328, "length": 3.9955852031707764, "mode": "train", "epoch": 13}
{"loss": 0.270953506231308, "acc": 0.886772096157074, "length": 4.0, "mode": "test", "epoch": 13}
{"loss": 0.2363293617963791, "acc": 0.9050003886222839, "length": 3.995512008666992, "mode": "train", "epoch": 14}
{"loss": 0.2824728786945343, "acc": 0.8889352083206177, "length": 4.0, "mode": "test", "epoch": 14}
{"loss": 0.23852074146270752, "acc": 0.9041541218757629, "length": 3.996675729751587, "mode": "train", "epoch": 15}
{"loss": 0.2693345248699188, "acc": 0.8858568668365479, "length": 4.0, "mode": "test", "epoch": 15}
{"loss": 0.2295246720314026, "acc": 0.9118748307228088, "length": 3.9962971210479736, "mode": "train", "epoch": 16}
{"loss": 0.26182863116264343, "acc": 0.8955906629562378, "length": 4.0, "mode": "test", "epoch": 16}
{"loss": 0.22000263631343842, "acc": 0.9131127595901489, "length": 3.997281551361084, "mode": "train", "epoch": 17}
{"loss": 0.2664421796798706, "acc": 0.8930116891860962, "length": 4.0, "mode": "test", "epoch": 17}
{"loss": 0.21732693910598755, "acc": 0.9170488715171814, "length": 3.997718095779419, "mode": "train", "epoch": 18}
{"loss": 0.2527610957622528, "acc": 0.9081530570983887, "length": 4.0, "mode": "test", "epoch": 18}
{"loss": 0.20262861251831055, "acc": 0.9194453954696655, "length": 3.9968879222869873, "mode": "train", "epoch": 19}
{"loss": 0.2341669648885727, "acc": 0.9142261147499084, "length": 4.0, "mode": "test", "epoch": 19}
{"loss": 0.18789993226528168, "acc": 0.9268521070480347, "length": 3.9977760314941406, "mode": "train", "epoch": 20}
{"loss": 0.21915295720100403, "acc": 0.9160566329956055, "length": 4.0, "mode": "test", "epoch": 20}
{"loss": 0.18126562237739563, "acc": 0.933307409286499, "length": 3.999044179916382, "mode": "train", "epoch": 21}
{"loss": 0.22352467477321625, "acc": 0.9190515279769897, "length": 4.0, "mode": "test", "epoch": 21}
{"loss": 0.17484763264656067, "acc": 0.9367471933364868, "length": 3.998777151107788, "mode": "train", "epoch": 22}
{"loss": 0.2161664217710495, "acc": 0.9188851118087769, "length": 4.0, "mode": "test", "epoch": 22}
{"loss": 0.1722950041294098, "acc": 0.9390209317207336, "length": 3.9993896484375, "mode": "train", "epoch": 23}
{"loss": 0.21481934189796448, "acc": 0.9226287603378296, "length": 4.0, "mode": "test", "epoch": 23}
{"loss": 0.1744641661643982, "acc": 0.936697781085968, "length": 3.9996345043182373, "mode": "train", "epoch": 24}
{"loss": 0.20968368649482727, "acc": 0.9258735775947571, "length": 4.0, "mode": "test", "epoch": 24}
{"loss": 0.1672106236219406, "acc": 0.9406692981719971, "length": 3.999591827392578, "mode": "train", "epoch": 25}
{"loss": 0.21278467774391174, "acc": 0.9188019037246704, "length": 4.0, "mode": "test", "epoch": 25}
{"loss": 0.15804323554039001, "acc": 0.9447367787361145, "length": 3.9997808933258057, "mode": "train", "epoch": 26}
{"loss": 0.20887115597724915, "acc": 0.9288686513900757, "length": 4.0, "mode": "test", "epoch": 26}
{"loss": 0.161387100815773, "acc": 0.9432467818260193, "length": 3.999509334564209, "mode": "train", "epoch": 27}
{"loss": 0.20770704746246338, "acc": 0.934192955493927, "length": 4.0, "mode": "test", "epoch": 27}
{"loss": 0.15389381349086761, "acc": 0.944987416267395, "length": 3.999821901321411, "mode": "train", "epoch": 28}
{"loss": 0.21541722118854523, "acc": 0.9260401129722595, "length": 4.0, "mode": "test", "epoch": 28}
{"loss": 0.15464626252651215, "acc": 0.9453796744346619, "length": 3.9998691082000732, "mode": "train", "epoch": 29}
{"loss": 0.19942034780979156, "acc": 0.9287853837013245, "length": 4.0, "mode": "test", "epoch": 29}
{"loss": 0.15271249413490295, "acc": 0.9462375640869141, "length": 3.9997506141662598, "mode": "train", "epoch": 30}
{"loss": 0.19083024561405182, "acc": 0.9409315586090088, "length": 4.0, "mode": "test", "epoch": 30}
{"loss": 0.14131981134414673, "acc": 0.9515522718429565, "length": 3.99992036819458, "mode": "train", "epoch": 31}
{"loss": 0.178863063454628, "acc": 0.9400167465209961, "length": 4.0, "mode": "test", "epoch": 31}
{"loss": 0.13180048763751984, "acc": 0.9557483792304993, "length": 3.999918222427368, "mode": "train", "epoch": 32}
{"loss": 0.17684832215309143, "acc": 0.9444260001182556, "length": 4.0, "mode": "test", "epoch": 32}
{"loss": 0.13737370073795319, "acc": 0.9511643648147583, "length": 3.9999289512634277, "mode": "train", "epoch": 33}
{"loss": 0.16536778211593628, "acc": 0.9514974355697632, "length": 4.0, "mode": "test", "epoch": 33}
{"loss": 0.13318398594856262, "acc": 0.9545799493789673, "length": 3.999927520751953, "mode": "train", "epoch": 34}
{"loss": 0.17996683716773987, "acc": 0.9414310455322266, "length": 4.0, "mode": "test", "epoch": 34}
{"loss": 0.13083936274051666, "acc": 0.9577240943908691, "length": 3.99995493888855, "mode": "train", "epoch": 35}
{"loss": 0.17671208083629608, "acc": 0.9472547769546509, "length": 4.0, "mode": "test", "epoch": 35}
{"loss": 0.12499099969863892, "acc": 0.9571143984794617, "length": 3.999986171722412, "mode": "train", "epoch": 36}
{"loss": 0.16883495450019836, "acc": 0.9446755647659302, "length": 4.0, "mode": "test", "epoch": 36}
{"loss": 0.12927629053592682, "acc": 0.9578647017478943, "length": 3.999979019165039, "mode": "train", "epoch": 37}
{"loss": 0.18287065625190735, "acc": 0.9430949091911316, "length": 4.0, "mode": "test", "epoch": 37}
{"loss": 0.15261638164520264, "acc": 0.9474970102310181, "length": 3.999962329864502, "mode": "train", "epoch": 38}
{"loss": 0.166815385222435, "acc": 0.9465059041976929, "length": 4.0, "mode": "test", "epoch": 38}
{"loss": 0.13796965777873993, "acc": 0.9538898468017578, "length": 3.9999825954437256, "mode": "train", "epoch": 39}
{"loss": 0.1778455674648285, "acc": 0.9487521052360535, "length": 4.0, "mode": "test", "epoch": 39}
{"loss": 0.13274148106575012, "acc": 0.9548335671424866, "length": 3.9999608993530273, "mode": "train", "epoch": 40}
{"loss": 0.18874487280845642, "acc": 0.9450914263725281, "length": 4.0, "mode": "test", "epoch": 40}
{"loss": 0.14061053097248077, "acc": 0.9498884677886963, "length": 3.9999947547912598, "mode": "train", "epoch": 41}
{"loss": 0.1673990935087204, "acc": 0.9452579617500305, "length": 4.0, "mode": "test", "epoch": 41}
{"loss": 0.12154196947813034, "acc": 0.9574635624885559, "length": 3.999619722366333, "mode": "train", "epoch": 42}
{"loss": 0.19674964249134064, "acc": 0.9461730718612671, "length": 4.0, "mode": "test", "epoch": 42}
{"loss": 0.13770133256912231, "acc": 0.9545568823814392, "length": 3.99997615814209, "mode": "train", "epoch": 43}
{"loss": 0.17880366742610931, "acc": 0.9450914859771729, "length": 4.0, "mode": "test", "epoch": 43}
{"loss": 0.13594995439052582, "acc": 0.9545299410820007, "length": 3.9999935626983643, "mode": "train", "epoch": 44}
{"loss": 0.1906537413597107, "acc": 0.9417636394500732, "length": 4.0, "mode": "test", "epoch": 44}
{"loss": 0.13047710061073303, "acc": 0.9544743299484253, "length": 3.9999821186065674, "mode": "train", "epoch": 45}
{"loss": 0.16575948894023895, "acc": 0.9463393092155457, "length": 4.0, "mode": "test", "epoch": 45}
{"loss": 0.11819984018802643, "acc": 0.9602277278900146, "length": 3.9999961853027344, "mode": "train", "epoch": 46}
{"loss": 0.1703079491853714, "acc": 0.9495008587837219, "length": 4.0, "mode": "test", "epoch": 46}
{"loss": 0.10682156682014465, "acc": 0.9634793996810913, "length": 3.999995708465576, "mode": "train", "epoch": 47}
{"loss": 0.15769849717617035, "acc": 0.9509983062744141, "length": 4.0, "mode": "test", "epoch": 47}
{"loss": 0.11674608290195465, "acc": 0.9596996903419495, "length": 3.9999964237213135, "mode": "train", "epoch": 48}
{"loss": 0.16102080047130585, "acc": 0.9480034112930298, "length": 4.0, "mode": "test", "epoch": 48}
{"loss": 0.13079886138439178, "acc": 0.9538935422897339, "length": 3.9994723796844482, "mode": "train", "epoch": 49}
{"loss": 0.19208639860153198, "acc": 0.9443425536155701, "length": 4.0, "mode": "test", "epoch": 49}
{"loss": 0.12617331743240356, "acc": 0.9563924670219421, "length": 3.9999988079071045, "mode": "train", "epoch": 50}
{"loss": 0.16328316926956177, "acc": 0.9509984254837036, "length": 4.0, "mode": "test", "epoch": 50}
{"loss": 0.11531411856412888, "acc": 0.9583917260169983, "length": 3.9999711513519287, "mode": "train", "epoch": 51}
{"loss": 0.159262552857399, "acc": 0.9488352537155151, "length": 4.0, "mode": "test", "epoch": 51}
{"loss": 0.11332467198371887, "acc": 0.9618399739265442, "length": 4.0, "mode": "train", "epoch": 52}
{"loss": 0.14922241866588593, "acc": 0.9551581740379333, "length": 4.0, "mode": "test", "epoch": 52}
{"loss": 0.12170487642288208, "acc": 0.9624782204627991, "length": 3.9999704360961914, "mode": "train", "epoch": 53}
{"loss": 0.14151622354984283, "acc": 0.9531611800193787, "length": 4.0, "mode": "test", "epoch": 53}
{"loss": 0.13297589123249054, "acc": 0.9538075923919678, "length": 3.9999985694885254, "mode": "train", "epoch": 54}
{"loss": 0.16432873904705048, "acc": 0.9430948495864868, "length": 4.0, "mode": "test", "epoch": 54}
{"loss": 0.11534730345010757, "acc": 0.962895929813385, "length": 3.9999947547912598, "mode": "train", "epoch": 55}
{"loss": 0.15691518783569336, "acc": 0.9500831961631775, "length": 4.0, "mode": "test", "epoch": 55}
{"loss": 0.11093007773160934, "acc": 0.9634515047073364, "length": 3.9999935626983643, "mode": "train", "epoch": 56}
{"loss": 0.13997907936573029, "acc": 0.9504990577697754, "length": 4.0, "mode": "test", "epoch": 56}
{"loss": 0.10140715539455414, "acc": 0.9670928716659546, "length": 3.999999761581421, "mode": "train", "epoch": 57}
{"loss": 0.16086676716804504, "acc": 0.9521631598472595, "length": 4.0, "mode": "test", "epoch": 57}
{"loss": 0.09653934091329575, "acc": 0.9675083160400391, "length": 3.999972343444824, "mode": "train", "epoch": 58}
{"loss": 0.14818143844604492, "acc": 0.9537436962127686, "length": 4.0, "mode": "test", "epoch": 58}
{"loss": 0.1091960072517395, "acc": 0.9648957252502441, "length": 3.9999606609344482, "mode": "train", "epoch": 59}
{"loss": 0.14684586226940155, "acc": 0.9583196043968201, "length": 4.0, "mode": "test", "epoch": 59}
{"loss": 0.09240160137414932, "acc": 0.9691216349601746, "length": 3.999997854232788, "mode": "train", "epoch": 60}
{"loss": 0.12679970264434814, "acc": 0.9572378993034363, "length": 4.0, "mode": "test", "epoch": 60}
{"loss": 0.08732353150844574, "acc": 0.9697888493537903, "length": 3.999999761581421, "mode": "train", "epoch": 61}
{"loss": 0.14369653165340424, "acc": 0.9547420740127563, "length": 4.0, "mode": "test", "epoch": 61}
{"loss": 0.08341800421476364, "acc": 0.9730091691017151, "length": 3.99991774559021, "mode": "train", "epoch": 62}
{"loss": 0.13508370518684387, "acc": 0.9608982801437378, "length": 4.0, "mode": "test", "epoch": 62}
{"loss": 0.08190212398767471, "acc": 0.973151445388794, "length": 3.9999945163726807, "mode": "train", "epoch": 63}
{"loss": 0.1423414796590805, "acc": 0.9574875235557556, "length": 4.0, "mode": "test", "epoch": 63}
{"loss": 0.08746511489152908, "acc": 0.9708446264266968, "length": 3.9999961853027344, "mode": "train", "epoch": 64}
{"loss": 0.16741037368774414, "acc": 0.9500001072883606, "length": 4.0, "mode": "test", "epoch": 64}
{"loss": 0.0899721086025238, "acc": 0.9703166484832764, "length": 3.999995708465576, "mode": "train", "epoch": 65}
{"loss": 0.1407519429922104, "acc": 0.9583194851875305, "length": 4.0, "mode": "test", "epoch": 65}
{"loss": 0.09352882206439972, "acc": 0.9698161482810974, "length": 3.9999921321868896, "mode": "train", "epoch": 66}
{"loss": 0.15676167607307434, "acc": 0.9547420740127563, "length": 4.0, "mode": "test", "epoch": 66}
{"loss": 0.09838245064020157, "acc": 0.9668933749198914, "length": 3.9998953342437744, "mode": "train", "epoch": 67}
{"loss": 0.14068438112735748, "acc": 0.9592345356941223, "length": 4.0, "mode": "test", "epoch": 67}
{"loss": 0.09383891522884369, "acc": 0.9712314605712891, "length": 3.999950885772705, "mode": "train", "epoch": 68}
{"loss": 0.16234858334064484, "acc": 0.9503328204154968, "length": 4.0, "mode": "test", "epoch": 68}
{"loss": 0.09911907464265823, "acc": 0.9664528369903564, "length": 3.9999797344207764, "mode": "train", "epoch": 69}
{"loss": 0.1562320590019226, "acc": 0.941847026348114, "length": 4.0, "mode": "test", "epoch": 69}
{"loss": 0.0956917405128479, "acc": 0.9690383672714233, "length": 4.0, "mode": "train", "epoch": 70}
{"loss": 0.15880250930786133, "acc": 0.9554909467697144, "length": 4.0, "mode": "test", "epoch": 70}
{"loss": 0.07772626727819443, "acc": 0.9753195643424988, "length": 3.9999983310699463, "mode": "train", "epoch": 71}
{"loss": 0.14060883224010468, "acc": 0.9609816670417786, "length": 4.0, "mode": "test", "epoch": 71}
{"loss": 0.08490695059299469, "acc": 0.9735088348388672, "length": 3.999915599822998, "mode": "train", "epoch": 72}
{"loss": 0.14422392845153809, "acc": 0.9594009518623352, "length": 4.0, "mode": "test", "epoch": 72}
{"loss": 0.08906987309455872, "acc": 0.9725384712219238, "length": 3.9999635219573975, "mode": "train", "epoch": 73}
{"loss": 0.1497526466846466, "acc": 0.9515807628631592, "length": 4.0, "mode": "test", "epoch": 73}
{"loss": 0.096429243683815, "acc": 0.9699826240539551, "length": 3.9999876022338867, "mode": "train", "epoch": 74}
{"loss": 0.15948523581027985, "acc": 0.944176197052002, "length": 4.0, "mode": "test", "epoch": 74}
{"loss": 0.12450768053531647, "acc": 0.9559752941131592, "length": 3.9999959468841553, "mode": "train", "epoch": 75}
{"loss": 0.17096315324306488, "acc": 0.9496673345565796, "length": 4.0, "mode": "test", "epoch": 75}
{"loss": 0.11035430431365967, "acc": 0.9630898237228394, "length": 3.999983787536621, "mode": "train", "epoch": 76}
{"loss": 0.14316874742507935, "acc": 0.9579036235809326, "length": 4.0, "mode": "test", "epoch": 76}
{"loss": 0.0916593000292778, "acc": 0.9692329168319702, "length": 3.999999523162842, "mode": "train", "epoch": 77}
{"loss": 0.13791131973266602, "acc": 0.9589017033576965, "length": 4.0, "mode": "test", "epoch": 77}
{"loss": 0.07839502394199371, "acc": 0.9753473401069641, "length": 3.999999523162842, "mode": "train", "epoch": 78}
{"loss": 0.13206833600997925, "acc": 0.9645589590072632, "length": 4.0, "mode": "test", "epoch": 78}
{"loss": 0.07843144983053207, "acc": 0.9778203964233398, "length": 3.999986171722412, "mode": "train", "epoch": 79}
{"loss": 0.12963640689849854, "acc": 0.9632279872894287, "length": 4.0, "mode": "test", "epoch": 79}
{"loss": 0.07776613533496857, "acc": 0.9743466377258301, "length": 3.9999966621398926, "mode": "train", "epoch": 80}
{"loss": 0.1393296718597412, "acc": 0.960399329662323, "length": 4.0, "mode": "test", "epoch": 80}
{"loss": 0.08078230917453766, "acc": 0.9760143160820007, "length": 3.9999985694885254, "mode": "train", "epoch": 81}
{"loss": 0.1217859610915184, "acc": 0.9639767408370972, "length": 4.0, "mode": "test", "epoch": 81}
{"loss": 0.07365905493497849, "acc": 0.9759031534194946, "length": 3.999997854232788, "mode": "train", "epoch": 82}
{"loss": 0.1292736977338791, "acc": 0.9578202366828918, "length": 4.0, "mode": "test", "epoch": 82}
{"loss": 0.07514816522598267, "acc": 0.9762089252471924, "length": 3.9999992847442627, "mode": "train", "epoch": 83}
{"loss": 0.10516335815191269, "acc": 0.969883382320404, "length": 4.0, "mode": "test", "epoch": 83}
{"loss": 0.06427649408578873, "acc": 0.9805168509483337, "length": 3.9999985694885254, "mode": "train", "epoch": 84}
{"loss": 0.10562640428543091, "acc": 0.9694674015045166, "length": 4.0, "mode": "test", "epoch": 84}
{"loss": 0.06907740980386734, "acc": 0.9771261215209961, "length": 3.9999969005584717, "mode": "train", "epoch": 85}
{"loss": 0.12403978407382965, "acc": 0.961813747882843, "length": 4.0, "mode": "test", "epoch": 85}
{"loss": 0.07921070605516434, "acc": 0.9759309887886047, "length": 3.9999983310699463, "mode": "train", "epoch": 86}
{"loss": 0.18473245203495026, "acc": 0.9502495527267456, "length": 4.0, "mode": "test", "epoch": 86}
{"loss": 0.08764109015464783, "acc": 0.9720399975776672, "length": 3.999999761581421, "mode": "train", "epoch": 87}
{"loss": 0.12844917178153992, "acc": 0.967970073223114, "length": 4.0, "mode": "test", "epoch": 87}
{"loss": 0.06531449407339096, "acc": 0.9790705442428589, "length": 3.9999783039093018, "mode": "train", "epoch": 88}
{"loss": 0.11111388355493546, "acc": 0.9698835611343384, "length": 4.0, "mode": "test", "epoch": 88}
{"loss": 0.060200661420822144, "acc": 0.9813782572746277, "length": 3.999993324279785, "mode": "train", "epoch": 89}
{"loss": 0.11770159006118774, "acc": 0.9715474843978882, "length": 4.0, "mode": "test", "epoch": 89}
{"loss": 0.060525789856910706, "acc": 0.980627715587616, "length": 3.999993324279785, "mode": "train", "epoch": 90}
{"loss": 0.09670297801494598, "acc": 0.9712979197502136, "length": 4.0, "mode": "test", "epoch": 90}
{"loss": 0.06860722601413727, "acc": 0.9831017255783081, "length": 3.9999985694885254, "mode": "train", "epoch": 91}
{"loss": 0.10244599729776382, "acc": 0.9708817601203918, "length": 4.0, "mode": "test", "epoch": 91}
{"loss": 0.07190362364053726, "acc": 0.9773478507995605, "length": 3.999988317489624, "mode": "train", "epoch": 92}
{"loss": 0.1061035543680191, "acc": 0.9682194590568542, "length": 4.0, "mode": "test", "epoch": 92}
{"loss": 0.07365236431360245, "acc": 0.9775151610374451, "length": 3.9999988079071045, "mode": "train", "epoch": 93}
{"loss": 0.10973191261291504, "acc": 0.9683859944343567, "length": 4.0, "mode": "test", "epoch": 93}
{"loss": 0.06651831418275833, "acc": 0.9801554083824158, "length": 3.9999983310699463, "mode": "train", "epoch": 94}
{"loss": 0.10180386155843735, "acc": 0.9717137813568115, "length": 4.0, "mode": "test", "epoch": 94}
{"loss": 0.05912003293633461, "acc": 0.9809058904647827, "length": 3.9999983310699463, "mode": "train", "epoch": 95}
{"loss": 0.11327890306711197, "acc": 0.9638105034828186, "length": 4.0, "mode": "test", "epoch": 95}
{"loss": 0.06865021586418152, "acc": 0.9791344404220581, "length": 3.9986000061035156, "mode": "train", "epoch": 96}
{"loss": 0.10008841007947922, "acc": 0.9730446934700012, "length": 4.0, "mode": "test", "epoch": 96}
{"loss": 0.05709265545010567, "acc": 0.9817675352096558, "length": 3.99999737739563, "mode": "train", "epoch": 97}
{"loss": 0.1333266943693161, "acc": 0.9648085236549377, "length": 4.0, "mode": "test", "epoch": 97}
{"loss": 0.08341842889785767, "acc": 0.9745969176292419, "length": 3.9999983310699463, "mode": "train", "epoch": 98}
{"loss": 0.14226816594600677, "acc": 0.9602329134941101, "length": 4.0, "mode": "test", "epoch": 98}
{"loss": 0.06734238564968109, "acc": 0.9798777103424072, "length": 3.999999523162842, "mode": "train", "epoch": 99}
{"loss": 0.10009634494781494, "acc": 0.9674708247184753, "length": 4.0, "mode": "test", "epoch": 99}
{"loss": 0.05759206414222717, "acc": 0.9825179576873779, "length": 3.999999761581421, "mode": "train", "epoch": 100}
{"loss": 0.0916140079498291, "acc": 0.9745425581932068, "length": 4.0, "mode": "test", "epoch": 100}
test accuracy: 0.7997500896453857
