# ["--attributes=3", "--values=4", "--game_size=10", "--vocab_size_factor=3", "--n_epochs=100", "--batch_size=64", "--learning_rate=0.0005", "--hidden_size=256", "--temp_update=0.99", "--temperature=2"]
Creating train_ds and val_ds...

Creating test_ds...
{"loss": 0.6974936723709106, "acc": 0.5172324776649475, "length": 2.982945680618286, "mode": "train", "epoch": 1}
{"loss": 0.6976971626281738, "acc": 0.5003384351730347, "length": 1.0, "mode": "test", "epoch": 1}
{"loss": 0.6697542071342468, "acc": 0.5945240259170532, "length": 1.9622843265533447, "mode": "train", "epoch": 2}
{"loss": 0.6200191378593445, "acc": 0.6993570923805237, "length": 2.2182741165161133, "mode": "test", "epoch": 2}
{"loss": 0.5939310193061829, "acc": 0.6919011473655701, "length": 2.207906723022461, "mode": "train", "epoch": 3}
{"loss": 0.5823239684104919, "acc": 0.7162714600563049, "length": 2.2233502864837646, "mode": "test", "epoch": 3}
{"loss": 0.5454362034797668, "acc": 0.7318699955940247, "length": 2.3669278621673584, "mode": "train", "epoch": 4}
{"loss": 0.5126954317092896, "acc": 0.7704265713691711, "length": 3.086294412612915, "mode": "test", "epoch": 4}
{"loss": 0.4659872055053711, "acc": 0.7931427359580994, "length": 3.5673654079437256, "mode": "train", "epoch": 5}
{"loss": 0.4810679852962494, "acc": 0.7796795964241028, "length": 3.883248805999756, "mode": "test", "epoch": 5}
{"loss": 0.42499929666519165, "acc": 0.8119850158691406, "length": 3.5220911502838135, "mode": "train", "epoch": 6}
{"loss": 0.4616716504096985, "acc": 0.8099395036697388, "length": 3.5702199935913086, "mode": "test", "epoch": 6}
{"loss": 0.4017406105995178, "acc": 0.827865719795227, "length": 3.4159350395202637, "mode": "train", "epoch": 7}
{"loss": 0.4627481997013092, "acc": 0.8132719397544861, "length": 3.6006767749786377, "mode": "test", "epoch": 7}
{"loss": 0.3840750455856323, "acc": 0.8350056409835815, "length": 3.46176815032959, "mode": "train", "epoch": 8}
{"loss": 0.4439751207828522, "acc": 0.8063756227493286, "length": 3.663282632827759, "mode": "test", "epoch": 8}
{"loss": 0.36400797963142395, "acc": 0.8396259546279907, "length": 3.516008138656616, "mode": "train", "epoch": 9}
{"loss": 0.4207015931606293, "acc": 0.8133999109268188, "length": 3.5245347023010254, "mode": "test", "epoch": 9}
{"loss": 0.3514629900455475, "acc": 0.8455753922462463, "length": 3.5063390731811523, "mode": "train", "epoch": 10}
{"loss": 0.41546764969825745, "acc": 0.8112088441848755, "length": 3.6802029609680176, "mode": "test", "epoch": 10}
{"loss": 0.33479243516921997, "acc": 0.852828860282898, "length": 3.542722702026367, "mode": "train", "epoch": 11}
{"loss": 0.398142009973526, "acc": 0.8189695477485657, "length": 3.685279130935669, "mode": "test", "epoch": 11}
{"loss": 0.32376810908317566, "acc": 0.8587930202484131, "length": 3.5601234436035156, "mode": "train", "epoch": 12}
{"loss": 0.38921698927879333, "acc": 0.8226893544197083, "length": 3.6497461795806885, "mode": "test", "epoch": 12}
{"loss": 0.31614911556243896, "acc": 0.864172101020813, "length": 3.5710561275482178, "mode": "train", "epoch": 13}
{"loss": 0.38531723618507385, "acc": 0.8438223004341125, "length": 3.590524435043335, "mode": "test", "epoch": 13}
{"loss": 0.30705511569976807, "acc": 0.8694958686828613, "length": 3.5705692768096924, "mode": "train", "epoch": 14}
{"loss": 0.3674849569797516, "acc": 0.8487933874130249, "length": 3.5871403217315674, "mode": "test", "epoch": 14}
{"loss": 0.3009483814239502, "acc": 0.8708226680755615, "length": 3.572478771209717, "mode": "train", "epoch": 15}
{"loss": 0.3492679297924042, "acc": 0.8582401871681213, "length": 3.6175973415374756, "mode": "test", "epoch": 15}
{"loss": 0.29605597257614136, "acc": 0.8717145919799805, "length": 3.597931146621704, "mode": "train", "epoch": 16}
{"loss": 0.35552144050598145, "acc": 0.853118360042572, "length": 3.6395938396453857, "mode": "test", "epoch": 16}
{"loss": 0.2894602417945862, "acc": 0.8786351084709167, "length": 3.6119496822357178, "mode": "train", "epoch": 17}
{"loss": 0.35200101137161255, "acc": 0.850904107093811, "length": 3.5651438236236572, "mode": "test", "epoch": 17}
{"loss": 0.28056588768959045, "acc": 0.8810735940933228, "length": 3.59536075592041, "mode": "train", "epoch": 18}
{"loss": 0.3499488830566406, "acc": 0.8603585958480835, "length": 3.6023688316345215, "mode": "test", "epoch": 18}
{"loss": 0.27629217505455017, "acc": 0.879809558391571, "length": 3.622866630554199, "mode": "train", "epoch": 19}
{"loss": 0.34706786274909973, "acc": 0.8607303500175476, "length": 3.5956006050109863, "mode": "test", "epoch": 19}
{"loss": 0.2691417634487152, "acc": 0.8821688890457153, "length": 3.6210243701934814, "mode": "train", "epoch": 20}
{"loss": 0.34081459045410156, "acc": 0.8557273745536804, "length": 3.605752944946289, "mode": "test", "epoch": 20}
{"loss": 0.2689518928527832, "acc": 0.8837332129478455, "length": 3.619861125946045, "mode": "train", "epoch": 21}
{"loss": 0.33799341320991516, "acc": 0.8627269864082336, "length": 3.5651438236236572, "mode": "test", "epoch": 21}
{"loss": 0.25979670882225037, "acc": 0.8862684369087219, "length": 3.6286540031433105, "mode": "train", "epoch": 22}
{"loss": 0.3530179262161255, "acc": 0.8423342704772949, "length": 3.6734349727630615, "mode": "test", "epoch": 22}
{"loss": 0.25524482131004333, "acc": 0.8878986239433289, "length": 3.6305460929870605, "mode": "train", "epoch": 23}
{"loss": 0.3411062955856323, "acc": 0.8591479659080505, "length": 3.6277496814727783, "mode": "test", "epoch": 23}
{"loss": 0.25150880217552185, "acc": 0.8926644921302795, "length": 3.645430564880371, "mode": "train", "epoch": 24}
{"loss": 0.3369130492210388, "acc": 0.8577350378036499, "length": 3.622673511505127, "mode": "test", "epoch": 24}
{"loss": 0.24779582023620605, "acc": 0.8926924467086792, "length": 3.6555252075195312, "mode": "train", "epoch": 25}
{"loss": 0.3321731686592102, "acc": 0.863524317741394, "length": 3.646362066268921, "mode": "test", "epoch": 25}
{"loss": 0.24609577655792236, "acc": 0.8931708335876465, "length": 3.677969217300415, "mode": "train", "epoch": 26}
{"loss": 0.32746607065200806, "acc": 0.8693732023239136, "length": 3.622673511505127, "mode": "test", "epoch": 26}
{"loss": 0.23850283026695251, "acc": 0.9000009298324585, "length": 3.709794282913208, "mode": "train", "epoch": 27}
{"loss": 0.3212961256504059, "acc": 0.8698392510414124, "length": 3.6886632442474365, "mode": "test", "epoch": 27}
{"loss": 0.22740882635116577, "acc": 0.9053552746772766, "length": 3.781405210494995, "mode": "train", "epoch": 28}
{"loss": 0.3113647997379303, "acc": 0.8764541149139404, "length": 3.9272420406341553, "mode": "test", "epoch": 28}
{"loss": 0.22490091621875763, "acc": 0.9072413444519043, "length": 3.8545713424682617, "mode": "train", "epoch": 29}
{"loss": 0.3083997368812561, "acc": 0.8840394020080566, "length": 3.945854425430298, "mode": "test", "epoch": 29}
{"loss": 0.21510955691337585, "acc": 0.9114958047866821, "length": 3.8748559951782227, "mode": "train", "epoch": 30}
{"loss": 0.3012024462223053, "acc": 0.8850519061088562, "length": 3.9746193885803223, "mode": "test", "epoch": 30}
{"loss": 0.2122190296649933, "acc": 0.9148591160774231, "length": 3.9085757732391357, "mode": "train", "epoch": 31}
{"loss": 0.3041656017303467, "acc": 0.8869738578796387, "length": 3.9729273319244385, "mode": "test", "epoch": 31}
{"loss": 0.2054901421070099, "acc": 0.9172727465629578, "length": 3.9197611808776855, "mode": "train", "epoch": 32}
{"loss": 0.3055506646633148, "acc": 0.8823591470718384, "length": 3.9881556034088135, "mode": "test", "epoch": 32}
{"loss": 0.20688119530677795, "acc": 0.9166467189788818, "length": 3.93967604637146, "mode": "train", "epoch": 33}
{"loss": 0.32835713028907776, "acc": 0.8747936487197876, "length": 3.9661591053009033, "mode": "test", "epoch": 33}
{"loss": 0.21577675640583038, "acc": 0.9125446677207947, "length": 3.923799991607666, "mode": "train", "epoch": 34}
{"loss": 0.3122943043708801, "acc": 0.88425213098526, "length": 3.969543218612671, "mode": "test", "epoch": 34}
{"loss": 0.19515399634838104, "acc": 0.9226971864700317, "length": 3.9377007484436035, "mode": "train", "epoch": 35}
{"loss": 0.28232118487358093, "acc": 0.8901678323745728, "length": 3.993231773376465, "mode": "test", "epoch": 35}
{"loss": 0.18432436883449554, "acc": 0.926031768321991, "length": 3.9662117958068848, "mode": "train", "epoch": 36}
{"loss": 0.27604588866233826, "acc": 0.8945392966270447, "length": 3.998307943344116, "mode": "test", "epoch": 36}
{"loss": 0.18144956231117249, "acc": 0.9266625046730042, "length": 3.971966028213501, "mode": "train", "epoch": 37}
{"loss": 0.30523860454559326, "acc": 0.8877326846122742, "length": 4.0, "mode": "test", "epoch": 37}
{"loss": 0.18443460762500763, "acc": 0.9257828593254089, "length": 3.9794750213623047, "mode": "train", "epoch": 38}
{"loss": 0.27884337306022644, "acc": 0.8981388211250305, "length": 4.0, "mode": "test", "epoch": 38}
{"loss": 0.17230482399463654, "acc": 0.9302436709403992, "length": 3.9823548793792725, "mode": "train", "epoch": 39}
{"loss": 0.27720484137535095, "acc": 0.8960237503051758, "length": 4.0, "mode": "test", "epoch": 39}
{"loss": 0.16829758882522583, "acc": 0.9348031282424927, "length": 3.9849560260772705, "mode": "train", "epoch": 40}
{"loss": 0.2862740755081177, "acc": 0.9021151065826416, "length": 4.0, "mode": "test", "epoch": 40}
{"loss": 0.17436538636684418, "acc": 0.9322540163993835, "length": 3.987785816192627, "mode": "train", "epoch": 41}
{"loss": 0.2737045884132385, "acc": 0.9052451252937317, "length": 4.0, "mode": "test", "epoch": 41}
{"loss": 0.159541517496109, "acc": 0.9371989369392395, "length": 3.990248203277588, "mode": "train", "epoch": 42}
{"loss": 0.25215262174606323, "acc": 0.9060068130493164, "length": 4.0, "mode": "test", "epoch": 42}
{"loss": 0.15461759269237518, "acc": 0.9392067790031433, "length": 3.9938127994537354, "mode": "train", "epoch": 43}
{"loss": 0.23784248530864716, "acc": 0.9069374203681946, "length": 4.0, "mode": "test", "epoch": 43}
{"loss": 0.15222877264022827, "acc": 0.9401265382766724, "length": 3.995065212249756, "mode": "train", "epoch": 44}
{"loss": 0.25821128487586975, "acc": 0.906345009803772, "length": 4.0, "mode": "test", "epoch": 44}
{"loss": 0.14392589032649994, "acc": 0.9445026516914368, "length": 3.9965593814849854, "mode": "train", "epoch": 45}
{"loss": 0.2606218159198761, "acc": 0.9090524315834045, "length": 4.0, "mode": "test", "epoch": 45}
{"loss": 0.1474575251340866, "acc": 0.9410225749015808, "length": 3.996027946472168, "mode": "train", "epoch": 46}
{"loss": 0.2603541910648346, "acc": 0.9136211276054382, "length": 4.0, "mode": "test", "epoch": 46}
{"loss": 0.1464020311832428, "acc": 0.9443240165710449, "length": 3.998152017593384, "mode": "train", "epoch": 47}
{"loss": 0.2505374848842621, "acc": 0.9103214740753174, "length": 4.0, "mode": "test", "epoch": 47}
{"loss": 0.1507355272769928, "acc": 0.9421701431274414, "length": 3.996751546859741, "mode": "train", "epoch": 48}
{"loss": 0.25333020091056824, "acc": 0.9096448421478271, "length": 4.0, "mode": "test", "epoch": 48}
{"loss": 0.1443539559841156, "acc": 0.94283127784729, "length": 3.996284246444702, "mode": "train", "epoch": 49}
{"loss": 0.24398116767406464, "acc": 0.9127748012542725, "length": 4.0, "mode": "test", "epoch": 49}
{"loss": 0.13943776488304138, "acc": 0.9454555511474609, "length": 3.998166561126709, "mode": "train", "epoch": 50}
{"loss": 0.27183011174201965, "acc": 0.9134517312049866, "length": 4.0, "mode": "test", "epoch": 50}
{"loss": 0.1365852802991867, "acc": 0.9483950734138489, "length": 3.997601270675659, "mode": "train", "epoch": 51}
{"loss": 0.2313007414340973, "acc": 0.9201351404190063, "length": 4.0, "mode": "test", "epoch": 51}
{"loss": 0.14124780893325806, "acc": 0.9450970888137817, "length": 3.9986231327056885, "mode": "train", "epoch": 52}
{"loss": 0.2764955461025238, "acc": 0.9038917422294617, "length": 4.0, "mode": "test", "epoch": 52}
{"loss": 0.13574644923210144, "acc": 0.9488357305526733, "length": 3.999011754989624, "mode": "train", "epoch": 53}
{"loss": 0.2392161637544632, "acc": 0.9252961874008179, "length": 4.0, "mode": "test", "epoch": 53}
{"loss": 0.12972712516784668, "acc": 0.948838472366333, "length": 3.9989774227142334, "mode": "train", "epoch": 54}
{"loss": 0.23541374504566193, "acc": 0.9135364294052124, "length": 4.0, "mode": "test", "epoch": 54}
{"loss": 0.13016441464424133, "acc": 0.9483916759490967, "length": 3.9991846084594727, "mode": "train", "epoch": 55}
{"loss": 0.2431401014328003, "acc": 0.920219898223877, "length": 4.0, "mode": "test", "epoch": 55}
{"loss": 0.14319126307964325, "acc": 0.9466045498847961, "length": 3.998990297317505, "mode": "train", "epoch": 56}
{"loss": 0.26018527150154114, "acc": 0.9125210046768188, "length": 4.0, "mode": "test", "epoch": 56}
{"loss": 0.1337902545928955, "acc": 0.9472454190254211, "length": 3.999555826187134, "mode": "train", "epoch": 57}
{"loss": 0.23192739486694336, "acc": 0.924027144908905, "length": 4.0, "mode": "test", "epoch": 57}
{"loss": 0.12488487362861633, "acc": 0.9532071352005005, "length": 3.9995484352111816, "mode": "train", "epoch": 58}
{"loss": 0.24326463043689728, "acc": 0.9261422753334045, "length": 4.0, "mode": "test", "epoch": 58}
{"loss": 0.12634049355983734, "acc": 0.951049268245697, "length": 3.999317169189453, "mode": "train", "epoch": 59}
{"loss": 0.27315351366996765, "acc": 0.9244499206542969, "length": 4.0, "mode": "test", "epoch": 59}
{"loss": 0.12293794006109238, "acc": 0.9535059928894043, "length": 3.9992592334747314, "mode": "train", "epoch": 60}
{"loss": 0.25316786766052246, "acc": 0.933164119720459, "length": 4.0, "mode": "test", "epoch": 60}
{"loss": 0.12188272178173065, "acc": 0.9544485807418823, "length": 3.999502420425415, "mode": "train", "epoch": 61}
{"loss": 0.2353915423154831, "acc": 0.9335871338844299, "length": 4.0, "mode": "test", "epoch": 61}
{"loss": 0.1194780096411705, "acc": 0.9551254510879517, "length": 3.99945068359375, "mode": "train", "epoch": 62}
{"loss": 0.24001286923885345, "acc": 0.9323182106018066, "length": 4.0, "mode": "test", "epoch": 62}
{"loss": 0.11827612668275833, "acc": 0.9561974406242371, "length": 3.9994707107543945, "mode": "train", "epoch": 63}
{"loss": 0.20041437447071075, "acc": 0.9330793619155884, "length": 4.0, "mode": "test", "epoch": 63}
{"loss": 0.1187530905008316, "acc": 0.9548612236976624, "length": 3.9992403984069824, "mode": "train", "epoch": 64}
{"loss": 0.26778870820999146, "acc": 0.9304568767547607, "length": 4.0, "mode": "test", "epoch": 64}
{"loss": 0.126318097114563, "acc": 0.9513792395591736, "length": 3.999083995819092, "mode": "train", "epoch": 65}
{"loss": 0.2353939563035965, "acc": 0.9342637658119202, "length": 4.0, "mode": "test", "epoch": 65}
{"loss": 0.11978437006473541, "acc": 0.9530903697013855, "length": 3.999511480331421, "mode": "train", "epoch": 66}
{"loss": 0.24043391644954681, "acc": 0.9307950139045715, "length": 4.0, "mode": "test", "epoch": 66}
{"loss": 0.11784553527832031, "acc": 0.9547792077064514, "length": 3.9993133544921875, "mode": "train", "epoch": 67}
{"loss": 0.22887873649597168, "acc": 0.9272419810295105, "length": 4.0, "mode": "test", "epoch": 67}
{"loss": 0.11934143304824829, "acc": 0.9538981914520264, "length": 3.9992270469665527, "mode": "train", "epoch": 68}
{"loss": 0.217636376619339, "acc": 0.9299492239952087, "length": 4.0, "mode": "test", "epoch": 68}
{"loss": 0.11235745251178741, "acc": 0.9577608704566956, "length": 3.999689817428589, "mode": "train", "epoch": 69}
{"loss": 0.23357132077217102, "acc": 0.9335871338844299, "length": 4.0, "mode": "test", "epoch": 69}
{"loss": 0.10479137301445007, "acc": 0.9611053466796875, "length": 3.999372720718384, "mode": "train", "epoch": 70}
{"loss": 0.24073217809200287, "acc": 0.9340101480484009, "length": 4.0, "mode": "test", "epoch": 70}
{"loss": 0.1049610897898674, "acc": 0.9622765183448792, "length": 3.9996416568756104, "mode": "train", "epoch": 71}
{"loss": 0.2388240396976471, "acc": 0.9404398202896118, "length": 4.0, "mode": "test", "epoch": 71}
{"loss": 0.10731343179941177, "acc": 0.9595112800598145, "length": 3.9996445178985596, "mode": "train", "epoch": 72}
{"loss": 0.21617503464221954, "acc": 0.9340100288391113, "length": 4.0, "mode": "test", "epoch": 72}
{"loss": 0.10513231158256531, "acc": 0.9608748555183411, "length": 3.9998369216918945, "mode": "train", "epoch": 73}
{"loss": 0.2177419513463974, "acc": 0.9256346225738525, "length": 4.0, "mode": "test", "epoch": 73}
{"loss": 0.10386553406715393, "acc": 0.9597387313842773, "length": 3.9997551441192627, "mode": "train", "epoch": 74}
{"loss": 0.20478606224060059, "acc": 0.9401861429214478, "length": 4.0, "mode": "test", "epoch": 74}
{"loss": 0.09877674281597137, "acc": 0.9646333456039429, "length": 3.999833822250366, "mode": "train", "epoch": 75}
{"loss": 0.21154986321926117, "acc": 0.936548113822937, "length": 4.0, "mode": "test", "epoch": 75}
{"loss": 0.09483698755502701, "acc": 0.9650031328201294, "length": 3.999884843826294, "mode": "train", "epoch": 76}
{"loss": 0.22326608002185822, "acc": 0.9357020854949951, "length": 4.0, "mode": "test", "epoch": 76}
{"loss": 0.09594454616308212, "acc": 0.9641247987747192, "length": 3.9998691082000732, "mode": "train", "epoch": 77}
{"loss": 0.2126898318529129, "acc": 0.9423859119415283, "length": 4.0, "mode": "test", "epoch": 77}
{"loss": 0.09690113365650177, "acc": 0.9638403654098511, "length": 3.999819755554199, "mode": "train", "epoch": 78}
{"loss": 0.21963904798030853, "acc": 0.9357022047042847, "length": 4.0, "mode": "test", "epoch": 78}
{"loss": 0.0921541079878807, "acc": 0.9653393626213074, "length": 3.99981689453125, "mode": "train", "epoch": 79}
{"loss": 0.19118289649486542, "acc": 0.944331705570221, "length": 4.0, "mode": "test", "epoch": 79}
{"loss": 0.09062954783439636, "acc": 0.9673221707344055, "length": 3.999925374984741, "mode": "train", "epoch": 80}
{"loss": 0.19289067387580872, "acc": 0.944500744342804, "length": 4.0, "mode": "test", "epoch": 80}
{"loss": 0.08716975152492523, "acc": 0.969038724899292, "length": 3.999821662902832, "mode": "train", "epoch": 81}
{"loss": 0.19551172852516174, "acc": 0.9447548389434814, "length": 4.0, "mode": "test", "epoch": 81}
{"loss": 0.09393889456987381, "acc": 0.9659952521324158, "length": 3.999950408935547, "mode": "train", "epoch": 82}
{"loss": 0.1997232288122177, "acc": 0.9408628940582275, "length": 4.0, "mode": "test", "epoch": 82}
{"loss": 0.10066185891628265, "acc": 0.9619793891906738, "length": 3.9999048709869385, "mode": "train", "epoch": 83}
{"loss": 0.23613689839839935, "acc": 0.9260573983192444, "length": 4.0, "mode": "test", "epoch": 83}
{"loss": 0.10936139523983002, "acc": 0.9580476880073547, "length": 3.999854803085327, "mode": "train", "epoch": 84}
{"loss": 0.22559833526611328, "acc": 0.9349408745765686, "length": 4.0, "mode": "test", "epoch": 84}
{"loss": 0.09546954184770584, "acc": 0.9645795822143555, "length": 3.999908685684204, "mode": "train", "epoch": 85}
{"loss": 0.226308211684227, "acc": 0.9372249841690063, "length": 4.0, "mode": "test", "epoch": 85}
{"loss": 0.09495960175991058, "acc": 0.9661835432052612, "length": 3.99928617477417, "mode": "train", "epoch": 86}
{"loss": 0.20693793892860413, "acc": 0.9396785497665405, "length": 4.0, "mode": "test", "epoch": 86}
{"loss": 0.10589004307985306, "acc": 0.9600057005882263, "length": 3.9994850158691406, "mode": "train", "epoch": 87}
{"loss": 0.23465180397033691, "acc": 0.9399323463439941, "length": 4.0, "mode": "test", "epoch": 87}
{"loss": 0.10314299166202545, "acc": 0.9601700305938721, "length": 3.9999001026153564, "mode": "train", "epoch": 88}
{"loss": 0.2382582277059555, "acc": 0.9369712471961975, "length": 4.0, "mode": "test", "epoch": 88}
{"loss": 0.09751518815755844, "acc": 0.962971031665802, "length": 3.999952554702759, "mode": "train", "epoch": 89}
{"loss": 0.22803187370300293, "acc": 0.9460236430168152, "length": 4.0, "mode": "test", "epoch": 89}
{"loss": 0.0989515632390976, "acc": 0.9643844962120056, "length": 3.9999637603759766, "mode": "train", "epoch": 90}
{"loss": 0.20587158203125, "acc": 0.9351099133491516, "length": 4.0, "mode": "test", "epoch": 90}
{"loss": 0.10706678777933121, "acc": 0.9616708159446716, "length": 3.999941825866699, "mode": "train", "epoch": 91}
{"loss": 0.22161264717578888, "acc": 0.9347714781761169, "length": 4.0, "mode": "test", "epoch": 91}
{"loss": 0.10504782944917679, "acc": 0.9598889946937561, "length": 3.9999337196350098, "mode": "train", "epoch": 92}
{"loss": 0.21033625304698944, "acc": 0.9400169253349304, "length": 4.0, "mode": "test", "epoch": 92}
{"loss": 0.10523370653390884, "acc": 0.9619230628013611, "length": 3.9999141693115234, "mode": "train", "epoch": 93}
{"loss": 0.19059021770954132, "acc": 0.9408630132675171, "length": 4.0, "mode": "test", "epoch": 93}
{"loss": 0.1027737632393837, "acc": 0.9622650146484375, "length": 3.9991230964660645, "mode": "train", "epoch": 94}
{"loss": 0.21919845044612885, "acc": 0.9417937397956848, "length": 4.0, "mode": "test", "epoch": 94}
{"loss": 0.08888722956180573, "acc": 0.9672108888626099, "length": 3.9999592304229736, "mode": "train", "epoch": 95}
{"loss": 0.188604474067688, "acc": 0.9490693211555481, "length": 4.0, "mode": "test", "epoch": 95}
{"loss": 0.08384422957897186, "acc": 0.9676281213760376, "length": 3.9998562335968018, "mode": "train", "epoch": 96}
{"loss": 0.2007724791765213, "acc": 0.9471235275268555, "length": 4.0, "mode": "test", "epoch": 96}
{"loss": 0.08175674080848694, "acc": 0.9689031839370728, "length": 3.9998984336853027, "mode": "train", "epoch": 97}
{"loss": 0.1826915293931961, "acc": 0.9505075216293335, "length": 4.0, "mode": "test", "epoch": 97}
{"loss": 0.08561499416828156, "acc": 0.96684330701828, "length": 3.9999594688415527, "mode": "train", "epoch": 98}
{"loss": 0.18238292634487152, "acc": 0.9505921006202698, "length": 4.0, "mode": "test", "epoch": 98}
{"loss": 0.0789141058921814, "acc": 0.9704888463020325, "length": 3.9999499320983887, "mode": "train", "epoch": 99}
{"loss": 0.2004784345626831, "acc": 0.9503384232521057, "length": 4.0, "mode": "test", "epoch": 99}
{"loss": 0.08708734065294266, "acc": 0.9674943685531616, "length": 3.999979019165039, "mode": "train", "epoch": 100}
{"loss": 0.19533059000968933, "acc": 0.9476311206817627, "length": 4.0, "mode": "test", "epoch": 100}
test accuracy: 0.8124998807907104
