# ["--attributes=4", "--values=3", "--game_size=3", "--vocab_size_factor=3", "--n_epochs=100", "--batch_size=32", "--learning_rate=0.001", "--hidden_size=128", "--temp_update=0.97", "--temperature=2"]
Creating train_ds and val_ds...

Creating test_ds...
{"loss": 0.6963129043579102, "acc": 0.5122901797294617, "length": 2.914665699005127, "mode": "train", "epoch": 1}
{"loss": 0.6937835812568665, "acc": 0.51823490858078, "length": 1.0, "mode": "test", "epoch": 1}
{"loss": 0.6283009648323059, "acc": 0.6638461947441101, "length": 2.8404593467712402, "mode": "train", "epoch": 2}
{"loss": 0.5549318790435791, "acc": 0.7445308566093445, "length": 3.4113786220550537, "mode": "test", "epoch": 2}
{"loss": 0.5167148113250732, "acc": 0.7585306167602539, "length": 3.957336902618408, "mode": "train", "epoch": 3}
{"loss": 0.5170036554336548, "acc": 0.7741612792015076, "length": 4.980306148529053, "mode": "test", "epoch": 3}
{"loss": 0.4792860448360443, "acc": 0.7708824872970581, "length": 4.61991548538208, "mode": "train", "epoch": 4}
{"loss": 0.46826574206352234, "acc": 0.7819108963012695, "length": 5.0, "mode": "test", "epoch": 4}
{"loss": 0.4572871923446655, "acc": 0.7886623740196228, "length": 4.849552154541016, "mode": "train", "epoch": 5}
{"loss": 0.4604807198047638, "acc": 0.7906637787818909, "length": 5.0, "mode": "test", "epoch": 5}
{"loss": 0.44560524821281433, "acc": 0.7961676716804504, "length": 4.9135212898254395, "mode": "train", "epoch": 6}
{"loss": 0.4639120399951935, "acc": 0.7924872040748596, "length": 5.0, "mode": "test", "epoch": 6}
{"loss": 0.4264531135559082, "acc": 0.8153382539749146, "length": 4.934971332550049, "mode": "train", "epoch": 7}
{"loss": 0.4405059814453125, "acc": 0.8074398636817932, "length": 5.0, "mode": "test", "epoch": 7}
{"loss": 0.412640780210495, "acc": 0.8225370049476624, "length": 4.950967311859131, "mode": "train", "epoch": 8}
{"loss": 0.4375079870223999, "acc": 0.8107220530509949, "length": 5.0, "mode": "test", "epoch": 8}
{"loss": 0.4081919491291046, "acc": 0.8185338377952576, "length": 4.96134090423584, "mode": "train", "epoch": 9}
{"loss": 0.44120708107948303, "acc": 0.815463125705719, "length": 5.0, "mode": "test", "epoch": 9}
{"loss": 0.40162548422813416, "acc": 0.8230326771736145, "length": 4.965378761291504, "mode": "train", "epoch": 10}
{"loss": 0.4315010905265808, "acc": 0.821298360824585, "length": 5.0, "mode": "test", "epoch": 10}
{"loss": 0.389408677816391, "acc": 0.8255905508995056, "length": 4.966170310974121, "mode": "train", "epoch": 11}
{"loss": 0.42633718252182007, "acc": 0.821298360824585, "length": 5.0, "mode": "test", "epoch": 11}
{"loss": 0.3821227550506592, "acc": 0.8282777667045593, "length": 4.973104476928711, "mode": "train", "epoch": 12}
{"loss": 0.4325314462184906, "acc": 0.8169220685958862, "length": 5.0, "mode": "test", "epoch": 12}
{"loss": 0.36700886487960815, "acc": 0.8354744911193848, "length": 4.97403621673584, "mode": "train", "epoch": 13}
{"loss": 0.38930970430374146, "acc": 0.8391686081886292, "length": 5.0, "mode": "test", "epoch": 13}
{"loss": 0.3412611782550812, "acc": 0.8529003858566284, "length": 4.98200798034668, "mode": "train", "epoch": 14}
{"loss": 0.4025445878505707, "acc": 0.8176513910293579, "length": 5.0, "mode": "test", "epoch": 14}
{"loss": 0.33130770921707153, "acc": 0.8561505675315857, "length": 4.987399578094482, "mode": "train", "epoch": 15}
{"loss": 0.3691053092479706, "acc": 0.8409918546676636, "length": 5.0, "mode": "test", "epoch": 15}
{"loss": 0.3237076997756958, "acc": 0.8600599765777588, "length": 4.989404678344727, "mode": "train", "epoch": 16}
{"loss": 0.37259453535079956, "acc": 0.8486507534980774, "length": 5.0, "mode": "test", "epoch": 16}
{"loss": 0.313949853181839, "acc": 0.8662693500518799, "length": 4.990732192993164, "mode": "train", "epoch": 17}
{"loss": 0.37077176570892334, "acc": 0.8442742824554443, "length": 5.0, "mode": "test", "epoch": 17}
{"loss": 0.30736595392227173, "acc": 0.8695984482765198, "length": 4.9930291175842285, "mode": "train", "epoch": 18}
{"loss": 0.35431960225105286, "acc": 0.851203441619873, "length": 5.0, "mode": "test", "epoch": 18}
{"loss": 0.29648974537849426, "acc": 0.8771700263023376, "length": 4.995107650756836, "mode": "train", "epoch": 19}
{"loss": 0.3344650864601135, "acc": 0.862144410610199, "length": 5.0, "mode": "test", "epoch": 19}
{"loss": 0.2896364629268646, "acc": 0.8787513375282288, "length": 4.995372772216797, "mode": "train", "epoch": 20}
{"loss": 0.34067538380622864, "acc": 0.8552152514457703, "length": 5.0, "mode": "test", "epoch": 20}
{"loss": 0.27323681116104126, "acc": 0.8862028121948242, "length": 4.9961042404174805, "mode": "train", "epoch": 21}
{"loss": 0.33796870708465576, "acc": 0.8676148056983948, "length": 5.0, "mode": "test", "epoch": 21}
{"loss": 0.27079159021377563, "acc": 0.8856907486915588, "length": 4.996821880340576, "mode": "train", "epoch": 22}
{"loss": 0.32234472036361694, "acc": 0.8734499216079712, "length": 5.0, "mode": "test", "epoch": 22}
{"loss": 0.26345309615135193, "acc": 0.8929120898246765, "length": 4.9977827072143555, "mode": "train", "epoch": 23}
{"loss": 0.34172677993774414, "acc": 0.8690736889839172, "length": 5.0, "mode": "test", "epoch": 23}
{"loss": 0.26628580689430237, "acc": 0.8925337195396423, "length": 4.997364521026611, "mode": "train", "epoch": 24}
{"loss": 0.3245943486690521, "acc": 0.8694383502006531, "length": 5.0, "mode": "test", "epoch": 24}
{"loss": 0.2479696273803711, "acc": 0.8994787335395813, "length": 4.996803283691406, "mode": "train", "epoch": 25}
{"loss": 0.3226148188114166, "acc": 0.8803792595863342, "length": 5.0, "mode": "test", "epoch": 25}
{"loss": 0.24284988641738892, "acc": 0.9029173254966736, "length": 4.9986348152160645, "mode": "train", "epoch": 26}
{"loss": 0.32019153237342834, "acc": 0.8763676285743713, "length": 5.0, "mode": "test", "epoch": 26}
{"loss": 0.24096240103244781, "acc": 0.9018375277519226, "length": 4.999216556549072, "mode": "train", "epoch": 27}
{"loss": 0.342660516500473, "acc": 0.8672500848770142, "length": 5.0, "mode": "test", "epoch": 27}
{"loss": 0.2378036081790924, "acc": 0.9055952429771423, "length": 4.998630046844482, "mode": "train", "epoch": 28}
{"loss": 0.32089364528656006, "acc": 0.8694383502006531, "length": 5.0, "mode": "test", "epoch": 28}
{"loss": 0.22657689452171326, "acc": 0.9096443057060242, "length": 4.999481678009033, "mode": "train", "epoch": 29}
{"loss": 0.3129864037036896, "acc": 0.8847556114196777, "length": 5.0, "mode": "test", "epoch": 29}
{"loss": 0.22308234870433807, "acc": 0.9120895266532898, "length": 4.999791622161865, "mode": "train", "epoch": 30}
{"loss": 0.33251604437828064, "acc": 0.876002848148346, "length": 5.0, "mode": "test", "epoch": 30}
{"loss": 0.22303205728530884, "acc": 0.9126854538917542, "length": 4.998834609985352, "mode": "train", "epoch": 31}
{"loss": 0.30930355191230774, "acc": 0.8880378603935242, "length": 5.0, "mode": "test", "epoch": 31}
{"loss": 0.21930235624313354, "acc": 0.9131850600242615, "length": 4.9996232986450195, "mode": "train", "epoch": 32}
{"loss": 0.31026434898376465, "acc": 0.889861524105072, "length": 5.0, "mode": "test", "epoch": 32}
{"loss": 0.21298028528690338, "acc": 0.9152595400810242, "length": 4.999598979949951, "mode": "train", "epoch": 33}
{"loss": 0.30881038308143616, "acc": 0.8873084783554077, "length": 5.0, "mode": "test", "epoch": 33}
{"loss": 0.20979805290699005, "acc": 0.9174555540084839, "length": 4.999806880950928, "mode": "train", "epoch": 34}
{"loss": 0.3288690447807312, "acc": 0.877826452255249, "length": 5.0, "mode": "test", "epoch": 34}
{"loss": 0.20675885677337646, "acc": 0.9172132611274719, "length": 4.999917984008789, "mode": "train", "epoch": 35}
{"loss": 0.31869420409202576, "acc": 0.8869439959526062, "length": 5.0, "mode": "test", "epoch": 35}
{"loss": 0.1987166702747345, "acc": 0.9243963360786438, "length": 4.9994916915893555, "mode": "train", "epoch": 36}
{"loss": 0.30328288674354553, "acc": 0.8931437730789185, "length": 5.0, "mode": "test", "epoch": 36}
{"loss": 0.20099450647830963, "acc": 0.9228214025497437, "length": 4.999872207641602, "mode": "train", "epoch": 37}
{"loss": 0.29594096541404724, "acc": 0.8924142122268677, "length": 5.0, "mode": "test", "epoch": 37}
{"loss": 0.19128453731536865, "acc": 0.9247695207595825, "length": 4.999808311462402, "mode": "train", "epoch": 38}
{"loss": 0.2953217327594757, "acc": 0.8967906832695007, "length": 5.0, "mode": "test", "epoch": 38}
{"loss": 0.19116859138011932, "acc": 0.9281861186027527, "length": 4.999935150146484, "mode": "train", "epoch": 39}
{"loss": 0.29641982913017273, "acc": 0.8880380988121033, "length": 5.0, "mode": "test", "epoch": 39}
{"loss": 0.19826720654964447, "acc": 0.9212378859519958, "length": 4.999949932098389, "mode": "train", "epoch": 40}
{"loss": 0.3276589512825012, "acc": 0.8814733028411865, "length": 5.0, "mode": "test", "epoch": 40}
{"loss": 0.2113405466079712, "acc": 0.9187971949577332, "length": 4.999910831451416, "mode": "train", "epoch": 41}
{"loss": 0.2991233766078949, "acc": 0.8927789926528931, "length": 5.0, "mode": "test", "epoch": 41}
{"loss": 0.20685790479183197, "acc": 0.9170920252799988, "length": 4.999961853027344, "mode": "train", "epoch": 42}
{"loss": 0.2920806407928467, "acc": 0.8927789926528931, "length": 5.0, "mode": "test", "epoch": 42}
{"loss": 0.20517566800117493, "acc": 0.920137882232666, "length": 4.9998273849487305, "mode": "train", "epoch": 43}
{"loss": 0.3026088774204254, "acc": 0.891684889793396, "length": 5.0, "mode": "test", "epoch": 43}
{"loss": 0.1877298355102539, "acc": 0.9267234206199646, "length": 4.999907970428467, "mode": "train", "epoch": 44}
{"loss": 0.2954001724720001, "acc": 0.891684889793396, "length": 5.0, "mode": "test", "epoch": 44}
{"loss": 0.18760813772678375, "acc": 0.9276888966560364, "length": 4.999626159667969, "mode": "train", "epoch": 45}
{"loss": 0.2929930090904236, "acc": 0.8938730359077454, "length": 5.0, "mode": "test", "epoch": 45}
{"loss": 0.17738810181617737, "acc": 0.9330621361732483, "length": 4.999903202056885, "mode": "train", "epoch": 46}
{"loss": 0.2944152355194092, "acc": 0.8971555233001709, "length": 5.0, "mode": "test", "epoch": 46}
{"loss": 0.18579672276973724, "acc": 0.9278208017349243, "length": 4.99991512298584, "mode": "train", "epoch": 47}
{"loss": 0.3162974715232849, "acc": 0.8851203322410583, "length": 5.0, "mode": "test", "epoch": 47}
{"loss": 0.18073971569538116, "acc": 0.930137038230896, "length": 4.999927997589111, "mode": "train", "epoch": 48}
{"loss": 0.29888617992401123, "acc": 0.8989788889884949, "length": 5.0, "mode": "test", "epoch": 48}
{"loss": 0.1769772171974182, "acc": 0.9328206181526184, "length": 4.999978065490723, "mode": "train", "epoch": 49}
{"loss": 0.31346216797828674, "acc": 0.8927789330482483, "length": 5.0, "mode": "test", "epoch": 49}
{"loss": 0.1863694041967392, "acc": 0.9273080825805664, "length": 4.999039173126221, "mode": "train", "epoch": 50}
{"loss": 0.2940283715724945, "acc": 0.8967907428741455, "length": 5.0, "mode": "test", "epoch": 50}
{"loss": 0.1797214150428772, "acc": 0.9301363229751587, "length": 4.996423244476318, "mode": "train", "epoch": 51}
{"loss": 0.2988560199737549, "acc": 0.8913202881813049, "length": 5.0, "mode": "test", "epoch": 51}
{"loss": 0.17705954611301422, "acc": 0.9324501752853394, "length": 4.999797344207764, "mode": "train", "epoch": 52}
{"loss": 0.27941641211509705, "acc": 0.904449462890625, "length": 5.0, "mode": "test", "epoch": 52}
{"loss": 0.16453567147254944, "acc": 0.9370884299278259, "length": 4.999992370605469, "mode": "train", "epoch": 53}
{"loss": 0.28784382343292236, "acc": 0.9029905796051025, "length": 5.0, "mode": "test", "epoch": 53}
{"loss": 0.16002433001995087, "acc": 0.9360799789428711, "length": 4.999202728271484, "mode": "train", "epoch": 54}
{"loss": 0.29098057746887207, "acc": 0.8982495665550232, "length": 5.0, "mode": "test", "epoch": 54}
{"loss": 0.1642955243587494, "acc": 0.9374514818191528, "length": 4.999871253967285, "mode": "train", "epoch": 55}
{"loss": 0.29515865445137024, "acc": 0.900437593460083, "length": 5.0, "mode": "test", "epoch": 55}
{"loss": 0.16499458253383636, "acc": 0.9417040348052979, "length": 4.99940824508667, "mode": "train", "epoch": 56}
{"loss": 0.2801516354084015, "acc": 0.9008023142814636, "length": 5.0, "mode": "test", "epoch": 56}
{"loss": 0.157491073012352, "acc": 0.9417158365249634, "length": 4.999851226806641, "mode": "train", "epoch": 57}
{"loss": 0.26900726556777954, "acc": 0.9044494032859802, "length": 5.0, "mode": "test", "epoch": 57}
{"loss": 0.15776608884334564, "acc": 0.9386706948280334, "length": 4.999926567077637, "mode": "train", "epoch": 58}
{"loss": 0.28121933341026306, "acc": 0.9029905200004578, "length": 5.0, "mode": "test", "epoch": 58}
{"loss": 0.16745446622371674, "acc": 0.9376559257507324, "length": 4.9971795082092285, "mode": "train", "epoch": 59}
{"loss": 0.30883893370628357, "acc": 0.8978847861289978, "length": 5.0, "mode": "test", "epoch": 59}
{"loss": 0.17081987857818604, "acc": 0.9339180588722229, "length": 4.999983787536621, "mode": "train", "epoch": 60}
{"loss": 0.3053686320781708, "acc": 0.8971553444862366, "length": 5.0, "mode": "test", "epoch": 60}
{"loss": 0.1740393340587616, "acc": 0.9353793263435364, "length": 4.999900817871094, "mode": "train", "epoch": 61}
{"loss": 0.29053884744644165, "acc": 0.8997082114219666, "length": 5.0, "mode": "test", "epoch": 61}
{"loss": 0.1584140807390213, "acc": 0.9384233355522156, "length": 4.999770164489746, "mode": "train", "epoch": 62}
{"loss": 0.2805470824241638, "acc": 0.8982495665550232, "length": 5.0, "mode": "test", "epoch": 62}
{"loss": 0.1518172323703766, "acc": 0.9418389201164246, "length": 4.999833106994629, "mode": "train", "epoch": 63}
{"loss": 0.2794506847858429, "acc": 0.9008022546768188, "length": 5.0, "mode": "test", "epoch": 63}
{"loss": 0.15070541203022003, "acc": 0.9441590309143066, "length": 4.999978065490723, "mode": "train", "epoch": 64}
{"loss": 0.31344398856163025, "acc": 0.9015317559242249, "length": 5.0, "mode": "test", "epoch": 64}
{"loss": 0.15500769019126892, "acc": 0.9398840665817261, "length": 4.9997477531433105, "mode": "train", "epoch": 65}
{"loss": 0.2899816036224365, "acc": 0.8967907428741455, "length": 5.0, "mode": "test", "epoch": 65}
{"loss": 0.15256738662719727, "acc": 0.9409858584403992, "length": 4.99977445602417, "mode": "train", "epoch": 66}
{"loss": 0.2706395387649536, "acc": 0.9157549142837524, "length": 5.0, "mode": "test", "epoch": 66}
{"loss": 0.1482052505016327, "acc": 0.9423307776451111, "length": 4.999992370605469, "mode": "train", "epoch": 67}
{"loss": 0.3091670274734497, "acc": 0.8989790081977844, "length": 5.0, "mode": "test", "epoch": 67}
{"loss": 0.15683729946613312, "acc": 0.9426836371421814, "length": 4.999680042266846, "mode": "train", "epoch": 68}
{"loss": 0.28343209624290466, "acc": 0.9040847420692444, "length": 5.0, "mode": "test", "epoch": 68}
{"loss": 0.15645459294319153, "acc": 0.9396402835845947, "length": 4.999599933624268, "mode": "train", "epoch": 69}
{"loss": 0.2739042341709137, "acc": 0.90663743019104, "length": 5.0, "mode": "test", "epoch": 69}
{"loss": 0.1524270474910736, "acc": 0.9418432712554932, "length": 4.999993324279785, "mode": "train", "epoch": 70}
{"loss": 0.2755323648452759, "acc": 0.9080962538719177, "length": 5.0, "mode": "test", "epoch": 70}
{"loss": 0.15117113292217255, "acc": 0.9426963329315186, "length": 4.999983310699463, "mode": "train", "epoch": 71}
{"loss": 0.28955885767936707, "acc": 0.9026257991790771, "length": 5.0, "mode": "test", "epoch": 71}
{"loss": 0.1728324592113495, "acc": 0.936191976070404, "length": 4.99852180480957, "mode": "train", "epoch": 72}
{"loss": 0.35054826736450195, "acc": 0.8913201689720154, "length": 5.0, "mode": "test", "epoch": 72}
{"loss": 0.18130017817020416, "acc": 0.9316014051437378, "length": 4.999975204467773, "mode": "train", "epoch": 73}
{"loss": 0.3227649927139282, "acc": 0.9008022546768188, "length": 5.0, "mode": "test", "epoch": 73}
{"loss": 0.16764703392982483, "acc": 0.9374469518661499, "length": 4.999762535095215, "mode": "train", "epoch": 74}
{"loss": 0.29404398798942566, "acc": 0.9008024334907532, "length": 5.0, "mode": "test", "epoch": 74}
{"loss": 0.1483296900987625, "acc": 0.943549394607544, "length": 4.999969959259033, "mode": "train", "epoch": 75}
{"loss": 0.28006404638290405, "acc": 0.9080962538719177, "length": 5.0, "mode": "test", "epoch": 75}
{"loss": 0.14384064078330994, "acc": 0.9451350569725037, "length": 4.999983310699463, "mode": "train", "epoch": 76}
{"loss": 0.2849845886230469, "acc": 0.9070022106170654, "length": 5.0, "mode": "test", "epoch": 76}
{"loss": 0.14356762170791626, "acc": 0.9474498629570007, "length": 4.999945640563965, "mode": "train", "epoch": 77}
{"loss": 0.287688672542572, "acc": 0.9044491052627563, "length": 5.0, "mode": "test", "epoch": 77}
{"loss": 0.14214828610420227, "acc": 0.9458654522895813, "length": 4.999937534332275, "mode": "train", "epoch": 78}
{"loss": 0.27366364002227783, "acc": 0.9099199175834656, "length": 5.0, "mode": "test", "epoch": 78}
{"loss": 0.1326753795146942, "acc": 0.9500073194503784, "length": 4.999803066253662, "mode": "train", "epoch": 79}
{"loss": 0.29024460911750793, "acc": 0.9080962538719177, "length": 5.0, "mode": "test", "epoch": 79}
{"loss": 0.1285446137189865, "acc": 0.9506168961524963, "length": 4.999898433685303, "mode": "train", "epoch": 80}
{"loss": 0.29560235142707825, "acc": 0.9084610342979431, "length": 5.0, "mode": "test", "epoch": 80}
{"loss": 0.13533715903759003, "acc": 0.951596736907959, "length": 4.9999847412109375, "mode": "train", "epoch": 81}
{"loss": 0.2855815887451172, "acc": 0.9059080481529236, "length": 5.0, "mode": "test", "epoch": 81}
{"loss": 0.1303664594888687, "acc": 0.9512243866920471, "length": 4.999563217163086, "mode": "train", "epoch": 82}
{"loss": 0.292183518409729, "acc": 0.9073668718338013, "length": 5.0, "mode": "test", "epoch": 82}
{"loss": 0.13708817958831787, "acc": 0.9498900771141052, "length": 4.999993801116943, "mode": "train", "epoch": 83}
{"loss": 0.2955530881881714, "acc": 0.912472665309906, "length": 5.0, "mode": "test", "epoch": 83}
{"loss": 0.13418129086494446, "acc": 0.9494025111198425, "length": 4.999998092651367, "mode": "train", "epoch": 84}
{"loss": 0.31412145495414734, "acc": 0.9066374897956848, "length": 5.0, "mode": "test", "epoch": 84}
{"loss": 0.12457093596458435, "acc": 0.9520849585533142, "length": 4.999999523162842, "mode": "train", "epoch": 85}
{"loss": 0.2907216250896454, "acc": 0.9095549583435059, "length": 5.0, "mode": "test", "epoch": 85}
{"loss": 0.13288767635822296, "acc": 0.9468420147895813, "length": 4.999996662139893, "mode": "train", "epoch": 86}
{"loss": 0.3199206292629242, "acc": 0.9051786065101624, "length": 5.0, "mode": "test", "epoch": 86}
{"loss": 0.1284540295600891, "acc": 0.9511093497276306, "length": 4.999994277954102, "mode": "train", "epoch": 87}
{"loss": 0.309279203414917, "acc": 0.9073668718338013, "length": 5.0, "mode": "test", "epoch": 87}
{"loss": 0.1256229430437088, "acc": 0.9518408179283142, "length": 4.999991416931152, "mode": "train", "epoch": 88}
{"loss": 0.333059161901474, "acc": 0.907366931438446, "length": 5.0, "mode": "test", "epoch": 88}
{"loss": 0.13223502039909363, "acc": 0.9500121474266052, "length": 4.999999046325684, "mode": "train", "epoch": 89}
{"loss": 0.3009064197540283, "acc": 0.9059081077575684, "length": 5.0, "mode": "test", "epoch": 89}
{"loss": 0.1286124289035797, "acc": 0.9502559304237366, "length": 4.999998092651367, "mode": "train", "epoch": 90}
{"loss": 0.2798031270503998, "acc": 0.9062727689743042, "length": 5.0, "mode": "test", "epoch": 90}
{"loss": 0.12195850908756256, "acc": 0.9535462260246277, "length": 4.999973297119141, "mode": "train", "epoch": 91}
{"loss": 0.2985283136367798, "acc": 0.9051787257194519, "length": 5.0, "mode": "test", "epoch": 91}
{"loss": 0.12390518933534622, "acc": 0.9540351033210754, "length": 4.999990940093994, "mode": "train", "epoch": 92}
{"loss": 0.27607017755508423, "acc": 0.9099197387695312, "length": 5.0, "mode": "test", "epoch": 92}
{"loss": 0.13750715553760529, "acc": 0.9474518299102783, "length": 4.999996662139893, "mode": "train", "epoch": 93}
{"loss": 0.3209378123283386, "acc": 0.8993435502052307, "length": 5.0, "mode": "test", "epoch": 93}
{"loss": 0.1342831403017044, "acc": 0.9495148658752441, "length": 4.999745845794678, "mode": "train", "epoch": 94}
{"loss": 0.30278193950653076, "acc": 0.9055432081222534, "length": 5.0, "mode": "test", "epoch": 94}
{"loss": 0.14118704199790955, "acc": 0.9473199844360352, "length": 4.999872207641602, "mode": "train", "epoch": 95}
{"loss": 0.3041168749332428, "acc": 0.9015316367149353, "length": 5.0, "mode": "test", "epoch": 95}
{"loss": 0.15172959864139557, "acc": 0.9441548585891724, "length": 4.99987268447876, "mode": "train", "epoch": 96}
{"loss": 0.32886236906051636, "acc": 0.902260959148407, "length": 5.0, "mode": "test", "epoch": 96}
{"loss": 0.1299988329410553, "acc": 0.9512312412261963, "length": 4.9998602867126465, "mode": "train", "epoch": 97}
{"loss": 0.30910924077033997, "acc": 0.9055435657501221, "length": 5.0, "mode": "test", "epoch": 97}
{"loss": 0.12604042887687683, "acc": 0.951961874961853, "length": 4.999963283538818, "mode": "train", "epoch": 98}
{"loss": 0.30276623368263245, "acc": 0.9080962538719177, "length": 5.0, "mode": "test", "epoch": 98}
{"loss": 0.12479768693447113, "acc": 0.9542787075042725, "length": 4.999985694885254, "mode": "train", "epoch": 99}
{"loss": 0.30101069808006287, "acc": 0.908096194267273, "length": 5.0, "mode": "test", "epoch": 99}
{"loss": 0.12024082988500595, "acc": 0.9561054110527039, "length": 4.999912261962891, "mode": "train", "epoch": 100}
{"loss": 0.3163264989852905, "acc": 0.9066376090049744, "length": 5.0, "mode": "test", "epoch": 100}
test accuracy: 0.8663194179534912
