# ["--attributes=4", "--values=3", "--game_size=3", "--vocab_size_factor=3", "--n_epochs=100", "--batch_size=32", "--learning_rate=0.001", "--hidden_size=128", "--temp_update=0.99", "--temperature=1"]
Creating train_ds and val_ds...

Creating test_ds...
{"loss": 0.6922785639762878, "acc": 0.5331221222877502, "length": 3.310460090637207, "mode": "train", "epoch": 1}
{"loss": 0.6502625346183777, "acc": 0.6328901052474976, "length": 3.991360664367676, "mode": "test", "epoch": 1}
{"loss": 0.6118748784065247, "acc": 0.6551150679588318, "length": 4.498826503753662, "mode": "train", "epoch": 2}
{"loss": 0.6182078123092651, "acc": 0.6551476120948792, "length": 5.0, "mode": "test", "epoch": 2}
{"loss": 0.532575249671936, "acc": 0.7333656549453735, "length": 4.854037761688232, "mode": "train", "epoch": 3}
{"loss": 0.569373369216919, "acc": 0.7267819046974182, "length": 5.0, "mode": "test", "epoch": 3}
{"loss": 0.48273733258247375, "acc": 0.76896733045578, "length": 4.944542407989502, "mode": "train", "epoch": 4}
{"loss": 0.5169563293457031, "acc": 0.7501799464225769, "length": 5.0, "mode": "test", "epoch": 4}
{"loss": 0.43590182065963745, "acc": 0.8029600977897644, "length": 4.961785793304443, "mode": "train", "epoch": 5}
{"loss": 0.4611041843891144, "acc": 0.7879769802093506, "length": 5.0, "mode": "test", "epoch": 5}
{"loss": 0.39441052079200745, "acc": 0.8248778581619263, "length": 4.977127552032471, "mode": "train", "epoch": 6}
{"loss": 0.4349856376647949, "acc": 0.8092153072357178, "length": 5.0, "mode": "test", "epoch": 6}
{"loss": 0.3744901418685913, "acc": 0.8351227641105652, "length": 4.989321708679199, "mode": "train", "epoch": 7}
{"loss": 0.41505399346351624, "acc": 0.8207345604896545, "length": 5.0, "mode": "test", "epoch": 7}
{"loss": 0.3514527380466461, "acc": 0.8524375557899475, "length": 4.991865158081055, "mode": "train", "epoch": 8}
{"loss": 0.41164204478263855, "acc": 0.8376529812812805, "length": 5.0, "mode": "test", "epoch": 8}
{"loss": 0.32900795340538025, "acc": 0.8636745810508728, "length": 4.995506763458252, "mode": "train", "epoch": 9}
{"loss": 0.3738948106765747, "acc": 0.8502520322799683, "length": 5.0, "mode": "test", "epoch": 9}
{"loss": 0.3155973553657532, "acc": 0.8687379956245422, "length": 4.995755195617676, "mode": "train", "epoch": 10}
{"loss": 0.3877684473991394, "acc": 0.8387330174446106, "length": 5.0, "mode": "test", "epoch": 10}
{"loss": 0.30403369665145874, "acc": 0.8699765205383301, "length": 4.997040271759033, "mode": "train", "epoch": 11}
{"loss": 0.3635317385196686, "acc": 0.8459322452545166, "length": 5.0, "mode": "test", "epoch": 11}
{"loss": 0.3169774115085602, "acc": 0.8681966066360474, "length": 4.998286724090576, "mode": "train", "epoch": 12}
{"loss": 0.35862046480178833, "acc": 0.8527718186378479, "length": 5.0, "mode": "test", "epoch": 12}
{"loss": 0.29564252495765686, "acc": 0.8754170536994934, "length": 4.997392654418945, "mode": "train", "epoch": 13}
{"loss": 0.3423965275287628, "acc": 0.863930881023407, "length": 5.0, "mode": "test", "epoch": 13}
{"loss": 0.2743247151374817, "acc": 0.8878056406974792, "length": 4.997971057891846, "mode": "train", "epoch": 14}
{"loss": 0.3742753267288208, "acc": 0.8552916049957275, "length": 5.0, "mode": "test", "epoch": 14}
{"loss": 0.26492074131965637, "acc": 0.895145058631897, "length": 4.997657775878906, "mode": "train", "epoch": 15}
{"loss": 0.347944974899292, "acc": 0.8646509051322937, "length": 5.0, "mode": "test", "epoch": 15}
{"loss": 0.26310980319976807, "acc": 0.8942000269889832, "length": 4.9987311363220215, "mode": "train", "epoch": 16}
{"loss": 0.3467845320701599, "acc": 0.8689705729484558, "length": 5.0, "mode": "test", "epoch": 16}
{"loss": 0.2509644031524658, "acc": 0.8977972865104675, "length": 4.998593807220459, "mode": "train", "epoch": 17}
{"loss": 0.3519038259983063, "acc": 0.8610510230064392, "length": 5.0, "mode": "test", "epoch": 17}
{"loss": 0.25926902890205383, "acc": 0.897338330745697, "length": 4.999372959136963, "mode": "train", "epoch": 18}
{"loss": 0.32750749588012695, "acc": 0.8700504302978516, "length": 5.0, "mode": "test", "epoch": 18}
{"loss": 0.25006309151649475, "acc": 0.8985457420349121, "length": 4.9995269775390625, "mode": "train", "epoch": 19}
{"loss": 0.33970195055007935, "acc": 0.8711302876472473, "length": 5.0, "mode": "test", "epoch": 19}
{"loss": 0.2434188723564148, "acc": 0.9032387137413025, "length": 4.999608516693115, "mode": "train", "epoch": 20}
{"loss": 0.3400292694568634, "acc": 0.8718503713607788, "length": 5.0, "mode": "test", "epoch": 20}
{"loss": 0.239172101020813, "acc": 0.9044322371482849, "length": 4.999312877655029, "mode": "train", "epoch": 21}
{"loss": 0.3511195480823517, "acc": 0.8617710471153259, "length": 5.0, "mode": "test", "epoch": 21}
{"loss": 0.23404353857040405, "acc": 0.9051688313484192, "length": 4.999545574188232, "mode": "train", "epoch": 22}
{"loss": 0.33560389280319214, "acc": 0.8740099668502808, "length": 5.0, "mode": "test", "epoch": 22}
{"loss": 0.23336352407932281, "acc": 0.9066950678825378, "length": 4.9989237785339355, "mode": "train", "epoch": 23}
{"loss": 0.321064829826355, "acc": 0.8786896467208862, "length": 5.0, "mode": "test", "epoch": 23}
{"loss": 0.22397856414318085, "acc": 0.9139501452445984, "length": 4.999646186828613, "mode": "train", "epoch": 24}
{"loss": 0.32679304480552673, "acc": 0.8797695636749268, "length": 5.0, "mode": "test", "epoch": 24}
{"loss": 0.22588947415351868, "acc": 0.9121267199516296, "length": 4.999329566955566, "mode": "train", "epoch": 25}
{"loss": 0.34212180972099304, "acc": 0.8696903586387634, "length": 5.0, "mode": "test", "epoch": 25}
{"loss": 0.22333785891532898, "acc": 0.9117037653923035, "length": 4.997951030731201, "mode": "train", "epoch": 26}
{"loss": 0.3181682527065277, "acc": 0.880489706993103, "length": 5.0, "mode": "test", "epoch": 26}
{"loss": 0.2085341364145279, "acc": 0.9156385660171509, "length": 4.999815940856934, "mode": "train", "epoch": 27}
{"loss": 0.3460066020488739, "acc": 0.8776097297668457, "length": 5.0, "mode": "test", "epoch": 27}
{"loss": 0.22353284060955048, "acc": 0.9112948179244995, "length": 4.999224662780762, "mode": "train", "epoch": 28}
{"loss": 0.34070372581481934, "acc": 0.8790496587753296, "length": 5.0, "mode": "test", "epoch": 28}
{"loss": 0.2173045128583908, "acc": 0.9141916036605835, "length": 4.999645233154297, "mode": "train", "epoch": 29}
{"loss": 0.32487282156944275, "acc": 0.8848093748092651, "length": 5.0, "mode": "test", "epoch": 29}
{"loss": 0.21079744398593903, "acc": 0.9196099638938904, "length": 4.99980354309082, "mode": "train", "epoch": 30}
{"loss": 0.3253172039985657, "acc": 0.8844492435455322, "length": 5.0, "mode": "test", "epoch": 30}
{"loss": 0.20989325642585754, "acc": 0.9179002046585083, "length": 4.998620986938477, "mode": "train", "epoch": 31}
{"loss": 0.34814950823783875, "acc": 0.8747300505638123, "length": 5.0, "mode": "test", "epoch": 31}
{"loss": 0.2186206728219986, "acc": 0.9138349294662476, "length": 4.999819278717041, "mode": "train", "epoch": 32}
{"loss": 0.36182570457458496, "acc": 0.8614111542701721, "length": 5.0, "mode": "test", "epoch": 32}
{"loss": 0.21464146673679352, "acc": 0.9137064218521118, "length": 4.9996490478515625, "mode": "train", "epoch": 33}
{"loss": 0.34966805577278137, "acc": 0.8804894685745239, "length": 5.0, "mode": "test", "epoch": 33}
{"loss": 0.20629987120628357, "acc": 0.9198518991470337, "length": 4.99986457824707, "mode": "train", "epoch": 34}
{"loss": 0.36288997530937195, "acc": 0.8761698603630066, "length": 5.0, "mode": "test", "epoch": 34}
{"loss": 0.2130882740020752, "acc": 0.9181390404701233, "length": 4.998626232147217, "mode": "train", "epoch": 35}
{"loss": 0.36626628041267395, "acc": 0.8783296346664429, "length": 5.0, "mode": "test", "epoch": 35}
{"loss": 0.207769513130188, "acc": 0.919605553150177, "length": 4.9996490478515625, "mode": "train", "epoch": 36}
{"loss": 0.3480319380760193, "acc": 0.8779698014259338, "length": 5.0, "mode": "test", "epoch": 36}
{"loss": 0.20663230121135712, "acc": 0.9199702739715576, "length": 4.999815940856934, "mode": "train", "epoch": 37}
{"loss": 0.35189518332481384, "acc": 0.8830093145370483, "length": 5.0, "mode": "test", "epoch": 37}
{"loss": 0.19370855391025543, "acc": 0.9212729334831238, "length": 4.998843193054199, "mode": "train", "epoch": 38}
{"loss": 0.3413090705871582, "acc": 0.8801295757293701, "length": 5.0, "mode": "test", "epoch": 38}
{"loss": 0.20300371944904327, "acc": 0.9220194816589355, "length": 4.999854564666748, "mode": "train", "epoch": 39}
{"loss": 0.33648720383644104, "acc": 0.8869689702987671, "length": 5.0, "mode": "test", "epoch": 39}
{"loss": 0.19093292951583862, "acc": 0.9270549416542053, "length": 4.999278545379639, "mode": "train", "epoch": 40}
{"loss": 0.33630040287971497, "acc": 0.892368495464325, "length": 5.0, "mode": "test", "epoch": 40}
{"loss": 0.1907263547182083, "acc": 0.9286276698112488, "length": 4.999561309814453, "mode": "train", "epoch": 41}
{"loss": 0.34357887506484985, "acc": 0.8822893500328064, "length": 5.0, "mode": "test", "epoch": 41}
{"loss": 0.18645544350147247, "acc": 0.9286254644393921, "length": 4.999481201171875, "mode": "train", "epoch": 42}
{"loss": 0.37257257103919983, "acc": 0.8675306439399719, "length": 5.0, "mode": "test", "epoch": 42}
{"loss": 0.19745472073554993, "acc": 0.9221129417419434, "length": 4.998040199279785, "mode": "train", "epoch": 43}
{"loss": 0.35182470083236694, "acc": 0.882649302482605, "length": 5.0, "mode": "test", "epoch": 43}
{"loss": 0.1900232583284378, "acc": 0.9270761609077454, "length": 4.999122619628906, "mode": "train", "epoch": 44}
{"loss": 0.32712221145629883, "acc": 0.8898489475250244, "length": 5.0, "mode": "test", "epoch": 44}
{"loss": 0.19421003758907318, "acc": 0.9251415729522705, "length": 4.999542236328125, "mode": "train", "epoch": 45}
{"loss": 0.37903890013694763, "acc": 0.8758100271224976, "length": 5.0, "mode": "test", "epoch": 45}
{"loss": 0.19044087827205658, "acc": 0.9252487421035767, "length": 4.999355316162109, "mode": "train", "epoch": 46}
{"loss": 0.3297612965106964, "acc": 0.8887688517570496, "length": 5.0, "mode": "test", "epoch": 46}
{"loss": 0.1895574927330017, "acc": 0.9271921515464783, "length": 4.999880313873291, "mode": "train", "epoch": 47}
{"loss": 0.34815898537635803, "acc": 0.8844492435455322, "length": 5.0, "mode": "test", "epoch": 47}
{"loss": 0.19489197432994843, "acc": 0.9220038652420044, "length": 4.9995551109313965, "mode": "train", "epoch": 48}
{"loss": 0.3850286602973938, "acc": 0.8729302287101746, "length": 5.0, "mode": "test", "epoch": 48}
{"loss": 0.18304303288459778, "acc": 0.9314031600952148, "length": 4.999792098999023, "mode": "train", "epoch": 49}
{"loss": 0.339095801115036, "acc": 0.8880489468574524, "length": 5.0, "mode": "test", "epoch": 49}
{"loss": 0.1854333132505417, "acc": 0.9307982325553894, "length": 4.9997992515563965, "mode": "train", "epoch": 50}
{"loss": 0.33628028631210327, "acc": 0.8844493627548218, "length": 5.0, "mode": "test", "epoch": 50}
{"loss": 0.18693064153194427, "acc": 0.9271948933601379, "length": 4.99997091293335, "mode": "train", "epoch": 51}
{"loss": 0.3404499888420105, "acc": 0.8837291598320007, "length": 5.0, "mode": "test", "epoch": 51}
{"loss": 0.18520043790340424, "acc": 0.9283981323242188, "length": 4.999935150146484, "mode": "train", "epoch": 52}
{"loss": 0.3466261625289917, "acc": 0.8887689113616943, "length": 5.0, "mode": "test", "epoch": 52}
{"loss": 0.19353993237018585, "acc": 0.9253853559494019, "length": 4.999575138092041, "mode": "train", "epoch": 53}
{"loss": 0.3353819251060486, "acc": 0.8858890533447266, "length": 5.0, "mode": "test", "epoch": 53}
{"loss": 0.18083851039409637, "acc": 0.9304449558258057, "length": 4.999988079071045, "mode": "train", "epoch": 54}
{"loss": 0.3337436318397522, "acc": 0.883729100227356, "length": 5.0, "mode": "test", "epoch": 54}
{"loss": 0.18379104137420654, "acc": 0.9291208386421204, "length": 4.999978065490723, "mode": "train", "epoch": 55}
{"loss": 0.3201628625392914, "acc": 0.8909287452697754, "length": 5.0, "mode": "test", "epoch": 55}
{"loss": 0.17718255519866943, "acc": 0.9302036166191101, "length": 4.999974250793457, "mode": "train", "epoch": 56}
{"loss": 0.34023380279541016, "acc": 0.8891289830207825, "length": 5.0, "mode": "test", "epoch": 56}
{"loss": 0.1897907704114914, "acc": 0.92899489402771, "length": 4.999831676483154, "mode": "train", "epoch": 57}
{"loss": 0.3330572247505188, "acc": 0.8912888169288635, "length": 5.0, "mode": "test", "epoch": 57}
{"loss": 0.17852109670639038, "acc": 0.9307616353034973, "length": 4.999235153198242, "mode": "train", "epoch": 58}
{"loss": 0.3320286273956299, "acc": 0.8916487693786621, "length": 5.0, "mode": "test", "epoch": 58}
{"loss": 0.17559587955474854, "acc": 0.936819851398468, "length": 4.9999003410339355, "mode": "train", "epoch": 59}
{"loss": 0.3353971838951111, "acc": 0.8880488872528076, "length": 5.0, "mode": "test", "epoch": 59}
{"loss": 0.1916007399559021, "acc": 0.9248927235603333, "length": 4.999273777008057, "mode": "train", "epoch": 60}
{"loss": 0.36745938658714294, "acc": 0.882649302482605, "length": 5.0, "mode": "test", "epoch": 60}
{"loss": 0.18108901381492615, "acc": 0.9336934089660645, "length": 4.999969005584717, "mode": "train", "epoch": 61}
{"loss": 0.33549752831459045, "acc": 0.894528329372406, "length": 5.0, "mode": "test", "epoch": 61}
{"loss": 0.17986053228378296, "acc": 0.9323645830154419, "length": 4.999652862548828, "mode": "train", "epoch": 62}
{"loss": 0.3519265055656433, "acc": 0.8952484726905823, "length": 5.0, "mode": "test", "epoch": 62}
{"loss": 0.16516590118408203, "acc": 0.9382086992263794, "length": 4.997979164123535, "mode": "train", "epoch": 63}
{"loss": 0.3330089747905731, "acc": 0.8938084244728088, "length": 5.0, "mode": "test", "epoch": 63}
{"loss": 0.17031516134738922, "acc": 0.9375445246696472, "length": 4.999980449676514, "mode": "train", "epoch": 64}
{"loss": 0.3319956660270691, "acc": 0.8930884599685669, "length": 5.0, "mode": "test", "epoch": 64}
{"loss": 0.1921539157629013, "acc": 0.925269603729248, "length": 4.999962329864502, "mode": "train", "epoch": 65}
{"loss": 0.3213369846343994, "acc": 0.8923686742782593, "length": 5.0, "mode": "test", "epoch": 65}
{"loss": 0.17814099788665771, "acc": 0.9291128516197205, "length": 4.99967622756958, "mode": "train", "epoch": 66}
{"loss": 0.32534539699554443, "acc": 0.8912887573242188, "length": 5.0, "mode": "test", "epoch": 66}
{"loss": 0.18217343091964722, "acc": 0.9289982914924622, "length": 4.999911308288574, "mode": "train", "epoch": 67}
{"loss": 0.38316774368286133, "acc": 0.865010678768158, "length": 5.0, "mode": "test", "epoch": 67}
{"loss": 0.23608553409576416, "acc": 0.9109503030776978, "length": 4.999988555908203, "mode": "train", "epoch": 68}
{"loss": 0.36277520656585693, "acc": 0.8732901215553284, "length": 5.0, "mode": "test", "epoch": 68}
{"loss": 0.20996424555778503, "acc": 0.9206959009170532, "length": 4.999949932098389, "mode": "train", "epoch": 69}
{"loss": 0.34728530049324036, "acc": 0.8779696226119995, "length": 5.0, "mode": "test", "epoch": 69}
{"loss": 0.19047167897224426, "acc": 0.928026556968689, "length": 4.9991984367370605, "mode": "train", "epoch": 70}
{"loss": 0.3180921971797943, "acc": 0.8938086032867432, "length": 5.0, "mode": "test", "epoch": 70}
{"loss": 0.19730757176876068, "acc": 0.927783727645874, "length": 4.999514579772949, "mode": "train", "epoch": 71}
{"loss": 0.3602868914604187, "acc": 0.8808494210243225, "length": 5.0, "mode": "test", "epoch": 71}
{"loss": 0.18675076961517334, "acc": 0.9278952479362488, "length": 4.998926639556885, "mode": "train", "epoch": 72}
{"loss": 0.34237024188041687, "acc": 0.8858891129493713, "length": 5.0, "mode": "test", "epoch": 72}
{"loss": 0.1738971620798111, "acc": 0.9361864924430847, "length": 4.999141693115234, "mode": "train", "epoch": 73}
{"loss": 0.3167085349559784, "acc": 0.8948885202407837, "length": 5.0, "mode": "test", "epoch": 73}
{"loss": 0.16805054247379303, "acc": 0.9358440637588501, "length": 4.999347686767578, "mode": "train", "epoch": 74}
{"loss": 0.33675432205200195, "acc": 0.8855292797088623, "length": 5.0, "mode": "test", "epoch": 74}
{"loss": 0.16119132936000824, "acc": 0.9417539238929749, "length": 4.999849796295166, "mode": "train", "epoch": 75}
{"loss": 0.3154577910900116, "acc": 0.8916486501693726, "length": 5.0, "mode": "test", "epoch": 75}
{"loss": 0.16618382930755615, "acc": 0.936942994594574, "length": 4.999319076538086, "mode": "train", "epoch": 76}
{"loss": 0.3545687198638916, "acc": 0.882649302482605, "length": 5.0, "mode": "test", "epoch": 76}
{"loss": 0.1764041781425476, "acc": 0.931525707244873, "length": 4.999866008758545, "mode": "train", "epoch": 77}
{"loss": 0.3318112790584564, "acc": 0.8887688517570496, "length": 5.0, "mode": "test", "epoch": 77}
{"loss": 0.17566315829753876, "acc": 0.9352471232414246, "length": 4.9997124671936035, "mode": "train", "epoch": 78}
{"loss": 0.33119621872901917, "acc": 0.894168496131897, "length": 5.0, "mode": "test", "epoch": 78}
{"loss": 0.1678057760000229, "acc": 0.9370620250701904, "length": 4.999940395355225, "mode": "train", "epoch": 79}
{"loss": 0.331632524728775, "acc": 0.8966884016990662, "length": 5.0, "mode": "test", "epoch": 79}
{"loss": 0.15810583531856537, "acc": 0.9433196187019348, "length": 4.999876499176025, "mode": "train", "epoch": 80}
{"loss": 0.3139145076274872, "acc": 0.8909286856651306, "length": 5.0, "mode": "test", "epoch": 80}
{"loss": 0.15480835735797882, "acc": 0.9457162618637085, "length": 4.999805927276611, "mode": "train", "epoch": 81}
{"loss": 0.30994874238967896, "acc": 0.9002880454063416, "length": 5.0, "mode": "test", "epoch": 81}
{"loss": 0.14665669202804565, "acc": 0.9459846615791321, "length": 4.9972357749938965, "mode": "train", "epoch": 82}
{"loss": 0.3151344656944275, "acc": 0.8974081873893738, "length": 5.0, "mode": "test", "epoch": 82}
{"loss": 0.17799313366413116, "acc": 0.932610034942627, "length": 4.999964237213135, "mode": "train", "epoch": 83}
{"loss": 0.30581992864608765, "acc": 0.8916486501693726, "length": 5.0, "mode": "test", "epoch": 83}
{"loss": 0.19758431613445282, "acc": 0.9259899854660034, "length": 4.99967622756958, "mode": "train", "epoch": 84}
{"loss": 0.32328903675079346, "acc": 0.8855290412902832, "length": 5.0, "mode": "test", "epoch": 84}
{"loss": 0.182402566075325, "acc": 0.930424690246582, "length": 4.999094486236572, "mode": "train", "epoch": 85}
{"loss": 0.33299627900123596, "acc": 0.8927286863327026, "length": 5.0, "mode": "test", "epoch": 85}
{"loss": 0.15998835861682892, "acc": 0.9404394626617432, "length": 4.995878219604492, "mode": "train", "epoch": 86}
{"loss": 0.3127385675907135, "acc": 0.8992080092430115, "length": 5.0, "mode": "test", "epoch": 86}
{"loss": 0.1572323888540268, "acc": 0.9438169002532959, "length": 4.999242782592773, "mode": "train", "epoch": 87}
{"loss": 0.3009447753429413, "acc": 0.8999279141426086, "length": 5.0, "mode": "test", "epoch": 87}
{"loss": 0.14589419960975647, "acc": 0.9465569853782654, "length": 4.9996113777160645, "mode": "train", "epoch": 88}
{"loss": 0.3206775188446045, "acc": 0.8956083655357361, "length": 5.0, "mode": "test", "epoch": 88}
{"loss": 0.1502443253993988, "acc": 0.9446174502372742, "length": 4.998714447021484, "mode": "train", "epoch": 89}
{"loss": 0.35478633642196655, "acc": 0.888408899307251, "length": 5.0, "mode": "test", "epoch": 89}
{"loss": 0.17668622732162476, "acc": 0.9326361417770386, "length": 4.997282981872559, "mode": "train", "epoch": 90}
{"loss": 0.32420170307159424, "acc": 0.8930885791778564, "length": 5.0, "mode": "test", "epoch": 90}
{"loss": 0.15292988717556, "acc": 0.9424686431884766, "length": 4.999743461608887, "mode": "train", "epoch": 91}
{"loss": 0.3158499598503113, "acc": 0.8938085436820984, "length": 5.0, "mode": "test", "epoch": 91}
{"loss": 0.15453842282295227, "acc": 0.9428189396858215, "length": 4.99949836730957, "mode": "train", "epoch": 92}
{"loss": 0.31834325194358826, "acc": 0.899208128452301, "length": 5.0, "mode": "test", "epoch": 92}
{"loss": 0.15563583374023438, "acc": 0.9419875144958496, "length": 4.999605655670166, "mode": "train", "epoch": 93}
{"loss": 0.3576444685459137, "acc": 0.8880488872528076, "length": 5.0, "mode": "test", "epoch": 93}
{"loss": 0.1904943734407425, "acc": 0.9279133081436157, "length": 4.999635696411133, "mode": "train", "epoch": 94}
{"loss": 0.3745863139629364, "acc": 0.8855292201042175, "length": 5.0, "mode": "test", "epoch": 94}
{"loss": 0.18771950900554657, "acc": 0.9310696721076965, "length": 4.99810266494751, "mode": "train", "epoch": 95}
{"loss": 0.34862223267555237, "acc": 0.8840892314910889, "length": 5.0, "mode": "test", "epoch": 95}
{"loss": 0.17378966510295868, "acc": 0.9359718561172485, "length": 4.999673366546631, "mode": "train", "epoch": 96}
{"loss": 0.3460327088832855, "acc": 0.8891287446022034, "length": 5.0, "mode": "test", "epoch": 96}
{"loss": 0.15567809343338013, "acc": 0.9424780011177063, "length": 4.999960422515869, "mode": "train", "epoch": 97}
{"loss": 0.30994537472724915, "acc": 0.9031676650047302, "length": 5.0, "mode": "test", "epoch": 97}
{"loss": 0.1530766487121582, "acc": 0.9434228539466858, "length": 4.999275207519531, "mode": "train", "epoch": 98}
{"loss": 0.31360095739364624, "acc": 0.8963282108306885, "length": 5.0, "mode": "test", "epoch": 98}
{"loss": 0.1391744166612625, "acc": 0.9466876983642578, "length": 4.999596118927002, "mode": "train", "epoch": 99}
{"loss": 0.32441556453704834, "acc": 0.9035276770591736, "length": 5.0, "mode": "test", "epoch": 99}
{"loss": 0.13387414813041687, "acc": 0.9504206776618958, "length": 4.999972343444824, "mode": "train", "epoch": 100}
{"loss": 0.3200713098049164, "acc": 0.9031678438186646, "length": 5.0, "mode": "test", "epoch": 100}
test accuracy: 0.8585525751113892
