# ["--attributes=4", "--values=3", "--game_size=3", "--vocab_size_factor=3", "--n_epochs=100", "--batch_size=32", "--learning_rate=0.001", "--hidden_size=256", "--temp_update=0.99", "--temperature=1.5"]
Creating train_ds and val_ds...

Creating test_ds...
{"loss": 0.7055754661560059, "acc": 0.5048620104789734, "length": 1.5814682245254517, "mode": "train", "epoch": 1}
{"loss": 0.7028393745422363, "acc": 0.4746377170085907, "length": 1.0, "mode": "test", "epoch": 1}
{"loss": 0.6973088979721069, "acc": 0.5139502286911011, "length": 1.007729411125183, "mode": "train", "epoch": 2}
{"loss": 0.6959151029586792, "acc": 0.4826086759567261, "length": 1.0, "mode": "test", "epoch": 2}
{"loss": 0.6937485933303833, "acc": 0.5254961252212524, "length": 1.183875560760498, "mode": "train", "epoch": 3}
{"loss": 0.6636138558387756, "acc": 0.6109715104103088, "length": 2.1456520557403564, "mode": "test", "epoch": 3}
{"loss": 0.613974392414093, "acc": 0.6547272801399231, "length": 2.2789716720581055, "mode": "train", "epoch": 4}
{"loss": 0.598161518573761, "acc": 0.6679084300994873, "length": 2.634782552719116, "mode": "test", "epoch": 4}
{"loss": 0.5515108108520508, "acc": 0.7145065665245056, "length": 2.7398195266723633, "mode": "train", "epoch": 5}
{"loss": 0.5153290629386902, "acc": 0.7529438734054565, "length": 3.330434799194336, "mode": "test", "epoch": 5}
{"loss": 0.48014938831329346, "acc": 0.7756160497665405, "length": 3.4269731044769287, "mode": "train", "epoch": 6}
{"loss": 0.5129055380821228, "acc": 0.7703728675842285, "length": 3.5304348468780518, "mode": "test", "epoch": 6}
{"loss": 0.46372807025909424, "acc": 0.7885475754737854, "length": 3.3613390922546387, "mode": "train", "epoch": 7}
{"loss": 0.48481759428977966, "acc": 0.7750453352928162, "length": 3.6500000953674316, "mode": "test", "epoch": 7}
{"loss": 0.4341610372066498, "acc": 0.8054069876670837, "length": 3.370744466781616, "mode": "train", "epoch": 8}
{"loss": 0.47958439588546753, "acc": 0.7861563563346863, "length": 3.5195651054382324, "mode": "test", "epoch": 8}
{"loss": 0.40223240852355957, "acc": 0.8211332559585571, "length": 3.6976006031036377, "mode": "train", "epoch": 9}
{"loss": 0.43979305028915405, "acc": 0.8099750876426697, "length": 3.8130435943603516, "mode": "test", "epoch": 9}
{"loss": 0.36955341696739197, "acc": 0.8432596921920776, "length": 3.9869086742401123, "mode": "train", "epoch": 10}
{"loss": 0.42873138189315796, "acc": 0.8144738078117371, "length": 4.6086955070495605, "mode": "test", "epoch": 10}
{"loss": 0.3480847179889679, "acc": 0.8519230484962463, "length": 4.2079877853393555, "mode": "train", "epoch": 11}
{"loss": 0.4092245399951935, "acc": 0.843100905418396, "length": 4.452173709869385, "mode": "test", "epoch": 11}
{"loss": 0.3208673596382141, "acc": 0.8661980032920837, "length": 4.291263103485107, "mode": "train", "epoch": 12}
{"loss": 0.39300838112831116, "acc": 0.846716582775116, "length": 4.573913097381592, "mode": "test", "epoch": 12}
{"loss": 0.2941673994064331, "acc": 0.8791903853416443, "length": 4.290564060211182, "mode": "train", "epoch": 13}
{"loss": 0.38542959094047546, "acc": 0.8521852493286133, "length": 4.384782791137695, "mode": "test", "epoch": 13}
{"loss": 0.28996777534484863, "acc": 0.8790339827537537, "length": 4.380398273468018, "mode": "train", "epoch": 14}
{"loss": 0.38249748945236206, "acc": 0.8545101284980774, "length": 4.502173900604248, "mode": "test", "epoch": 14}
{"loss": 0.27491793036460876, "acc": 0.8898919820785522, "length": 4.364805698394775, "mode": "train", "epoch": 15}
{"loss": 0.34731483459472656, "acc": 0.8575974106788635, "length": 4.389130592346191, "mode": "test", "epoch": 15}
{"loss": 0.26436588168144226, "acc": 0.8929311037063599, "length": 4.312934875488281, "mode": "train", "epoch": 16}
{"loss": 0.38092443346977234, "acc": 0.858491837978363, "length": 4.58695650100708, "mode": "test", "epoch": 16}
{"loss": 0.24667386710643768, "acc": 0.9021099209785461, "length": 4.444972515106201, "mode": "train", "epoch": 17}
{"loss": 0.3632897138595581, "acc": 0.8679951429367065, "length": 4.436956405639648, "mode": "test", "epoch": 17}
{"loss": 0.2363140881061554, "acc": 0.9047031998634338, "length": 4.443960666656494, "mode": "train", "epoch": 18}
{"loss": 0.350087970495224, "acc": 0.8830201029777527, "length": 4.550000190734863, "mode": "test", "epoch": 18}
{"loss": 0.21721972525119781, "acc": 0.9138959050178528, "length": 4.504456996917725, "mode": "train", "epoch": 19}
{"loss": 0.38686200976371765, "acc": 0.8741357326507568, "length": 4.48913049697876, "mode": "test", "epoch": 19}
{"loss": 0.20492057502269745, "acc": 0.9225199222564697, "length": 4.4709367752075195, "mode": "train", "epoch": 20}
{"loss": 0.3513098657131195, "acc": 0.8829936385154724, "length": 4.5608696937561035, "mode": "test", "epoch": 20}
{"loss": 0.19358403980731964, "acc": 0.9285290837287903, "length": 4.504481315612793, "mode": "train", "epoch": 21}
{"loss": 0.37109801173210144, "acc": 0.888907790184021, "length": 4.623912811279297, "mode": "test", "epoch": 21}
{"loss": 0.18238221108913422, "acc": 0.9293850064277649, "length": 4.572843551635742, "mode": "train", "epoch": 22}
{"loss": 0.3410022556781769, "acc": 0.8902589678764343, "length": 4.806521892547607, "mode": "test", "epoch": 22}
{"loss": 0.16421954333782196, "acc": 0.9391356110572815, "length": 4.769639015197754, "mode": "train", "epoch": 23}
{"loss": 0.3433423638343811, "acc": 0.892561137676239, "length": 4.926086902618408, "mode": "test", "epoch": 23}
{"loss": 0.1666860431432724, "acc": 0.937375009059906, "length": 4.76774787902832, "mode": "train", "epoch": 24}
{"loss": 0.374779611825943, "acc": 0.8940897583961487, "length": 4.8913044929504395, "mode": "test", "epoch": 24}
{"loss": 0.15310189127922058, "acc": 0.9416940212249756, "length": 4.822271823883057, "mode": "train", "epoch": 25}
{"loss": 0.36809512972831726, "acc": 0.8987659215927124, "length": 4.973913192749023, "mode": "test", "epoch": 25}
{"loss": 0.1453062891960144, "acc": 0.9471275806427002, "length": 4.889961242675781, "mode": "train", "epoch": 26}
{"loss": 0.3506389558315277, "acc": 0.9046874046325684, "length": 4.997826099395752, "mode": "test", "epoch": 26}
{"loss": 0.1361202746629715, "acc": 0.9493470191955566, "length": 4.940539836883545, "mode": "train", "epoch": 27}
{"loss": 0.3586196005344391, "acc": 0.9068840742111206, "length": 5.0, "mode": "test", "epoch": 27}
{"loss": 0.1246378943324089, "acc": 0.9553493857383728, "length": 4.9516921043396, "mode": "train", "epoch": 28}
{"loss": 0.3445386290550232, "acc": 0.9108696579933167, "length": 5.0, "mode": "test", "epoch": 28}
{"loss": 0.1277068555355072, "acc": 0.9572367072105408, "length": 4.97230863571167, "mode": "train", "epoch": 29}
{"loss": 0.3433002233505249, "acc": 0.9115942120552063, "length": 5.0, "mode": "test", "epoch": 29}
{"loss": 0.1217154860496521, "acc": 0.9556781649589539, "length": 4.969860076904297, "mode": "train", "epoch": 30}
{"loss": 0.36078059673309326, "acc": 0.9119566082954407, "length": 5.0, "mode": "test", "epoch": 30}
{"loss": 0.10633884370326996, "acc": 0.963562548160553, "length": 4.980976104736328, "mode": "train", "epoch": 31}
{"loss": 0.35392946004867554, "acc": 0.9188405871391296, "length": 5.0, "mode": "test", "epoch": 31}
{"loss": 0.09495778381824493, "acc": 0.9668161273002625, "length": 4.984283924102783, "mode": "train", "epoch": 32}
{"loss": 0.3602190315723419, "acc": 0.9163042902946472, "length": 5.0, "mode": "test", "epoch": 32}
{"loss": 0.09650488942861557, "acc": 0.9657817482948303, "length": 4.9872212409973145, "mode": "train", "epoch": 33}
{"loss": 0.3301456868648529, "acc": 0.924275279045105, "length": 5.0, "mode": "test", "epoch": 33}
{"loss": 0.09230101853609085, "acc": 0.9682216048240662, "length": 4.991469860076904, "mode": "train", "epoch": 34}
{"loss": 0.33389365673065186, "acc": 0.9213768243789673, "length": 5.0, "mode": "test", "epoch": 34}
{"loss": 0.08925110846757889, "acc": 0.9689632654190063, "length": 4.993668556213379, "mode": "train", "epoch": 35}
{"loss": 0.3368885815143585, "acc": 0.9195652008056641, "length": 5.0, "mode": "test", "epoch": 35}
{"loss": 0.08850928395986557, "acc": 0.9713844656944275, "length": 4.995907783508301, "mode": "train", "epoch": 36}
{"loss": 0.3375293016433716, "acc": 0.9210146069526672, "length": 5.0, "mode": "test", "epoch": 36}
{"loss": 0.07751002162694931, "acc": 0.973046064376831, "length": 4.991700649261475, "mode": "train", "epoch": 37}
{"loss": 0.3517346978187561, "acc": 0.9184783101081848, "length": 5.0, "mode": "test", "epoch": 37}
{"loss": 0.07653360813856125, "acc": 0.9738004207611084, "length": 4.994415283203125, "mode": "train", "epoch": 38}
{"loss": 0.3954886198043823, "acc": 0.9177534580230713, "length": 5.0, "mode": "test", "epoch": 38}
{"loss": 0.08173096179962158, "acc": 0.9705259799957275, "length": 4.991774559020996, "mode": "train", "epoch": 39}
{"loss": 0.3491138517856598, "acc": 0.9213768243789673, "length": 5.0, "mode": "test", "epoch": 39}
{"loss": 0.07584217190742493, "acc": 0.9745458364486694, "length": 4.995817184448242, "mode": "train", "epoch": 40}
{"loss": 0.3852699398994446, "acc": 0.9231884479522705, "length": 5.0, "mode": "test", "epoch": 40}
{"loss": 0.08350841701030731, "acc": 0.971622884273529, "length": 4.994925022125244, "mode": "train", "epoch": 41}
{"loss": 0.34193235635757446, "acc": 0.9315219521522522, "length": 5.0, "mode": "test", "epoch": 41}
{"loss": 0.07555210590362549, "acc": 0.973684549331665, "length": 4.9942121505737305, "mode": "train", "epoch": 42}
{"loss": 0.3731933832168579, "acc": 0.9213768839836121, "length": 5.0, "mode": "test", "epoch": 42}
{"loss": 0.08095600455999374, "acc": 0.974648118019104, "length": 4.99458122253418, "mode": "train", "epoch": 43}
{"loss": 0.3618830442428589, "acc": 0.9213767647743225, "length": 5.0, "mode": "test", "epoch": 43}
{"loss": 0.07877857238054276, "acc": 0.9716348052024841, "length": 4.9953293800354, "mode": "train", "epoch": 44}
{"loss": 0.3986166715621948, "acc": 0.9188407063484192, "length": 5.0, "mode": "test", "epoch": 44}
{"loss": 0.07187125831842422, "acc": 0.975520670413971, "length": 4.997128486633301, "mode": "train", "epoch": 45}
{"loss": 0.3861108124256134, "acc": 0.9246376752853394, "length": 5.0, "mode": "test", "epoch": 45}
{"loss": 0.06128237396478653, "acc": 0.9790313839912415, "length": 4.996370792388916, "mode": "train", "epoch": 46}
{"loss": 0.3758591115474701, "acc": 0.926811695098877, "length": 5.0, "mode": "test", "epoch": 46}
{"loss": 0.05953163281083107, "acc": 0.9803446531295776, "length": 4.995283603668213, "mode": "train", "epoch": 47}
{"loss": 0.35790929198265076, "acc": 0.9195652008056641, "length": 5.0, "mode": "test", "epoch": 47}
{"loss": 0.05741589143872261, "acc": 0.9815655946731567, "length": 4.9976606369018555, "mode": "train", "epoch": 48}
{"loss": 0.35745686292648315, "acc": 0.9311594367027283, "length": 5.0, "mode": "test", "epoch": 48}
{"loss": 0.05860847234725952, "acc": 0.9796323776245117, "length": 4.996971130371094, "mode": "train", "epoch": 49}
{"loss": 0.3735690712928772, "acc": 0.9278985857963562, "length": 5.0, "mode": "test", "epoch": 49}
{"loss": 0.0680636614561081, "acc": 0.9755213260650635, "length": 4.9980363845825195, "mode": "train", "epoch": 50}
{"loss": 0.42367321252822876, "acc": 0.915217399597168, "length": 5.0, "mode": "test", "epoch": 50}
{"loss": 0.08132468909025192, "acc": 0.9737070798873901, "length": 4.997280120849609, "mode": "train", "epoch": 51}
{"loss": 0.3982650935649872, "acc": 0.9242753982543945, "length": 5.0, "mode": "test", "epoch": 51}
{"loss": 0.06239974871277809, "acc": 0.9803734421730042, "length": 4.998987674713135, "mode": "train", "epoch": 52}
{"loss": 0.3671824038028717, "acc": 0.9221014380455017, "length": 5.0, "mode": "test", "epoch": 52}
{"loss": 0.051887691020965576, "acc": 0.982672393321991, "length": 4.9987688064575195, "mode": "train", "epoch": 53}
{"loss": 0.3731575310230255, "acc": 0.9278985857963562, "length": 5.0, "mode": "test", "epoch": 53}
{"loss": 0.06424650549888611, "acc": 0.978314220905304, "length": 4.999169826507568, "mode": "train", "epoch": 54}
{"loss": 0.397543340921402, "acc": 0.9199275374412537, "length": 5.0, "mode": "test", "epoch": 54}
{"loss": 0.057704392820596695, "acc": 0.9804878234863281, "length": 4.999168872833252, "mode": "train", "epoch": 55}
{"loss": 0.36186397075653076, "acc": 0.9329711198806763, "length": 5.0, "mode": "test", "epoch": 55}
{"loss": 0.04913044348359108, "acc": 0.9849762916564941, "length": 4.999532699584961, "mode": "train", "epoch": 56}
{"loss": 0.3521825671195984, "acc": 0.9318841695785522, "length": 5.0, "mode": "test", "epoch": 56}
{"loss": 0.04744301736354828, "acc": 0.9842517971992493, "length": 4.999657154083252, "mode": "train", "epoch": 57}
{"loss": 0.34534385800361633, "acc": 0.9297102093696594, "length": 5.0, "mode": "test", "epoch": 57}
{"loss": 0.04238959029316902, "acc": 0.9859448671340942, "length": 4.999306678771973, "mode": "train", "epoch": 58}
{"loss": 0.3964636027812958, "acc": 0.9268116354942322, "length": 5.0, "mode": "test", "epoch": 58}
{"loss": 0.04794030264019966, "acc": 0.9840105772018433, "length": 4.9997239112854, "mode": "train", "epoch": 59}
{"loss": 0.35073137283325195, "acc": 0.9336956739425659, "length": 5.0, "mode": "test", "epoch": 59}
{"loss": 0.04884030669927597, "acc": 0.9840091466903687, "length": 4.999719619750977, "mode": "train", "epoch": 60}
{"loss": 0.35416561365127563, "acc": 0.9333332180976868, "length": 5.0, "mode": "test", "epoch": 60}
{"loss": 0.051794424653053284, "acc": 0.983025312423706, "length": 4.999003887176514, "mode": "train", "epoch": 61}
{"loss": 0.39840957522392273, "acc": 0.9268114566802979, "length": 5.0, "mode": "test", "epoch": 61}
{"loss": 0.04630797728896141, "acc": 0.9853420853614807, "length": 4.999754428863525, "mode": "train", "epoch": 62}
{"loss": 0.3681390583515167, "acc": 0.938043475151062, "length": 5.0, "mode": "test", "epoch": 62}
{"loss": 0.046599287539720535, "acc": 0.9841310381889343, "length": 4.999694347381592, "mode": "train", "epoch": 63}
{"loss": 0.40149497985839844, "acc": 0.9322463274002075, "length": 5.0, "mode": "test", "epoch": 63}
{"loss": 0.0466124564409256, "acc": 0.9864218235015869, "length": 4.999250888824463, "mode": "train", "epoch": 64}
{"loss": 0.38733771443367004, "acc": 0.9311594367027283, "length": 5.0, "mode": "test", "epoch": 64}
{"loss": 0.04188724607229233, "acc": 0.985706090927124, "length": 4.999467372894287, "mode": "train", "epoch": 65}
{"loss": 0.3907824456691742, "acc": 0.93514484167099, "length": 5.0, "mode": "test", "epoch": 65}
{"loss": 0.04128070920705795, "acc": 0.9871554970741272, "length": 4.999075412750244, "mode": "train", "epoch": 66}
{"loss": 0.413280189037323, "acc": 0.9344202876091003, "length": 5.0, "mode": "test", "epoch": 66}
{"loss": 0.046086087822914124, "acc": 0.9858250021934509, "length": 4.999411582946777, "mode": "train", "epoch": 67}
{"loss": 0.41628363728523254, "acc": 0.928260862827301, "length": 5.0, "mode": "test", "epoch": 67}
{"loss": 0.05269141122698784, "acc": 0.9824349880218506, "length": 4.999549388885498, "mode": "train", "epoch": 68}
{"loss": 0.3813551962375641, "acc": 0.9282610416412354, "length": 5.0, "mode": "test", "epoch": 68}
{"loss": 0.0655747801065445, "acc": 0.9777118563652039, "length": 4.99976921081543, "mode": "train", "epoch": 69}
{"loss": 0.40315669775009155, "acc": 0.9293478727340698, "length": 5.0, "mode": "test", "epoch": 69}
{"loss": 0.08259966224431992, "acc": 0.9729881286621094, "length": 4.999759197235107, "mode": "train", "epoch": 70}
{"loss": 0.41331130266189575, "acc": 0.9268115758895874, "length": 5.0, "mode": "test", "epoch": 70}
{"loss": 0.06238988786935806, "acc": 0.9766260981559753, "length": 4.998957633972168, "mode": "train", "epoch": 71}
{"loss": 0.3925975263118744, "acc": 0.9289854764938354, "length": 5.0, "mode": "test", "epoch": 71}
{"loss": 0.046803586184978485, "acc": 0.9843736886978149, "length": 4.999734401702881, "mode": "train", "epoch": 72}
{"loss": 0.398593932390213, "acc": 0.9257246851921082, "length": 5.0, "mode": "test", "epoch": 72}
{"loss": 0.050196170806884766, "acc": 0.9815844297409058, "length": 4.999698162078857, "mode": "train", "epoch": 73}
{"loss": 0.40284648537635803, "acc": 0.9289855360984802, "length": 5.0, "mode": "test", "epoch": 73}
{"loss": 0.049340952187776566, "acc": 0.9821944236755371, "length": 4.9998016357421875, "mode": "train", "epoch": 74}
{"loss": 0.3839041590690613, "acc": 0.9318840503692627, "length": 5.0, "mode": "test", "epoch": 74}
{"loss": 0.047312427312135696, "acc": 0.9847368597984314, "length": 4.999832630157471, "mode": "train", "epoch": 75}
{"loss": 0.35914409160614014, "acc": 0.9347826242446899, "length": 5.0, "mode": "test", "epoch": 75}
{"loss": 0.038418591022491455, "acc": 0.9853426814079285, "length": 4.999745845794678, "mode": "train", "epoch": 76}
{"loss": 0.3949835002422333, "acc": 0.9376811385154724, "length": 5.0, "mode": "test", "epoch": 76}
{"loss": 0.04024631902575493, "acc": 0.9864333271980286, "length": 4.9998908042907715, "mode": "train", "epoch": 77}
{"loss": 0.38290464878082275, "acc": 0.9427536725997925, "length": 5.0, "mode": "test", "epoch": 77}
{"loss": 0.05009785294532776, "acc": 0.9842533469200134, "length": 4.999934673309326, "mode": "train", "epoch": 78}
{"loss": 0.40951475501060486, "acc": 0.9329710006713867, "length": 5.0, "mode": "test", "epoch": 78}
{"loss": 0.04286494106054306, "acc": 0.9858264327049255, "length": 4.99981164932251, "mode": "train", "epoch": 79}
{"loss": 0.4343082010746002, "acc": 0.9311594367027283, "length": 5.0, "mode": "test", "epoch": 79}
{"loss": 0.04688467085361481, "acc": 0.9846169948577881, "length": 4.99986457824707, "mode": "train", "epoch": 80}
{"loss": 0.4300653040409088, "acc": 0.9264492988586426, "length": 5.0, "mode": "test", "epoch": 80}
{"loss": 0.05141220614314079, "acc": 0.984980046749115, "length": 4.999955177307129, "mode": "train", "epoch": 81}
{"loss": 0.4138447046279907, "acc": 0.929347813129425, "length": 5.0, "mode": "test", "epoch": 81}
{"loss": 0.04120570421218872, "acc": 0.9865550398826599, "length": 4.99995756149292, "mode": "train", "epoch": 82}
{"loss": 0.4101164638996124, "acc": 0.9369564652442932, "length": 5.0, "mode": "test", "epoch": 82}
{"loss": 0.0381358340382576, "acc": 0.9883711934089661, "length": 4.9998602867126465, "mode": "train", "epoch": 83}
{"loss": 0.40676993131637573, "acc": 0.9376811385154724, "length": 5.0, "mode": "test", "epoch": 83}
{"loss": 0.04472288116812706, "acc": 0.9858272671699524, "length": 4.999838352203369, "mode": "train", "epoch": 84}
{"loss": 0.4510582983493805, "acc": 0.9224637746810913, "length": 5.0, "mode": "test", "epoch": 84}
{"loss": 0.11810030788183212, "acc": 0.9658366441726685, "length": 4.99919319152832, "mode": "train", "epoch": 85}
{"loss": 0.4257546663284302, "acc": 0.912318766117096, "length": 5.0, "mode": "test", "epoch": 85}
{"loss": 0.07735636085271835, "acc": 0.9767438173294067, "length": 4.999777317047119, "mode": "train", "epoch": 86}
{"loss": 0.4395604133605957, "acc": 0.9224640130996704, "length": 5.0, "mode": "test", "epoch": 86}
{"loss": 0.06508786231279373, "acc": 0.9813450574874878, "length": 4.999848365783691, "mode": "train", "epoch": 87}
{"loss": 0.4055062234401703, "acc": 0.9246376156806946, "length": 5.0, "mode": "test", "epoch": 87}
{"loss": 0.0625695213675499, "acc": 0.9808558821678162, "length": 4.999026775360107, "mode": "train", "epoch": 88}
{"loss": 0.4305126368999481, "acc": 0.9271739721298218, "length": 5.0, "mode": "test", "epoch": 88}
{"loss": 0.06490682065486908, "acc": 0.9789230227470398, "length": 4.999212265014648, "mode": "train", "epoch": 89}
{"loss": 0.3869716227054596, "acc": 0.9333332777023315, "length": 5.0, "mode": "test", "epoch": 89}
{"loss": 0.055364735424518585, "acc": 0.9823139309883118, "length": 4.999787330627441, "mode": "train", "epoch": 90}
{"loss": 0.40987202525138855, "acc": 0.9304347634315491, "length": 5.0, "mode": "test", "epoch": 90}
{"loss": 0.04870757460594177, "acc": 0.9843705892562866, "length": 4.999117851257324, "mode": "train", "epoch": 91}
{"loss": 0.36443960666656494, "acc": 0.9315219521522522, "length": 5.0, "mode": "test", "epoch": 91}
{"loss": 0.03903022035956383, "acc": 0.988366961479187, "length": 4.999629020690918, "mode": "train", "epoch": 92}
{"loss": 0.38688525557518005, "acc": 0.930072546005249, "length": 5.0, "mode": "test", "epoch": 92}
{"loss": 0.04719521850347519, "acc": 0.9860675930976868, "length": 4.999647617340088, "mode": "train", "epoch": 93}
{"loss": 0.3771941661834717, "acc": 0.928260862827301, "length": 5.0, "mode": "test", "epoch": 93}
{"loss": 0.05463692173361778, "acc": 0.9832825660705566, "length": 4.99964714050293, "mode": "train", "epoch": 94}
{"loss": 0.3719501793384552, "acc": 0.935869574546814, "length": 5.0, "mode": "test", "epoch": 94}
{"loss": 0.046594180166721344, "acc": 0.9867691397666931, "length": 4.99920129776001, "mode": "train", "epoch": 95}
{"loss": 0.38702940940856934, "acc": 0.935869574546814, "length": 5.0, "mode": "test", "epoch": 95}
{"loss": 0.068951815366745, "acc": 0.978875994682312, "length": 4.998368263244629, "mode": "train", "epoch": 96}
{"loss": 0.4006301760673523, "acc": 0.9329710602760315, "length": 5.0, "mode": "test", "epoch": 96}
{"loss": 0.05103687942028046, "acc": 0.9853851199150085, "length": 4.997574806213379, "mode": "train", "epoch": 97}
{"loss": 0.4586416482925415, "acc": 0.9195652604103088, "length": 5.0, "mode": "test", "epoch": 97}
{"loss": 0.05518770217895508, "acc": 0.9835240840911865, "length": 4.999391078948975, "mode": "train", "epoch": 98}
{"loss": 0.3879619836807251, "acc": 0.927173912525177, "length": 5.0, "mode": "test", "epoch": 98}
{"loss": 0.04653812572360039, "acc": 0.9859491586685181, "length": 4.999912738800049, "mode": "train", "epoch": 99}
{"loss": 0.39335137605667114, "acc": 0.9315216541290283, "length": 5.0, "mode": "test", "epoch": 99}
{"loss": 0.044232796877622604, "acc": 0.984737753868103, "length": 4.999810695648193, "mode": "train", "epoch": 100}
{"loss": 0.38244307041168213, "acc": 0.9340580701828003, "length": 5.0, "mode": "test", "epoch": 100}
test accuracy: 0.8646724224090576
