# ["--attributes=4", "--values=3", "--game_size=3", "--vocab_size_factor=3", "--n_epochs=100", "--batch_size=32", "--learning_rate=0.0005", "--hidden_size=128", "--temp_update=0.99", "--temperature=1.5"]
Creating train_ds and val_ds...

Creating test_ds...
{"loss": 0.6958000063896179, "acc": 0.5107477903366089, "length": 4.1421284675598145, "mode": "train", "epoch": 1}
{"loss": 0.6851601004600525, "acc": 0.5525435209274292, "length": 1.8189655542373657, "mode": "test", "epoch": 1}
{"loss": 0.6560418009757996, "acc": 0.6158450841903687, "length": 4.237005233764648, "mode": "train", "epoch": 2}
{"loss": 0.6135576963424683, "acc": 0.6508619785308838, "length": 5.0, "mode": "test", "epoch": 2}
{"loss": 0.5917360782623291, "acc": 0.6669294238090515, "length": 4.766260623931885, "mode": "train", "epoch": 3}
{"loss": 0.6298467516899109, "acc": 0.6544541120529175, "length": 5.0, "mode": "test", "epoch": 3}
{"loss": 0.5743893980979919, "acc": 0.6923186779022217, "length": 4.811430931091309, "mode": "train", "epoch": 4}
{"loss": 0.6706850528717041, "acc": 0.6314654350280762, "length": 5.0, "mode": "test", "epoch": 4}
{"loss": 0.5562400817871094, "acc": 0.7142089605331421, "length": 4.869702339172363, "mode": "train", "epoch": 5}
{"loss": 0.6204164028167725, "acc": 0.6598420739173889, "length": 5.0, "mode": "test", "epoch": 5}
{"loss": 0.5269516110420227, "acc": 0.739321231842041, "length": 4.906060695648193, "mode": "train", "epoch": 6}
{"loss": 0.5846388339996338, "acc": 0.7212644815444946, "length": 5.0, "mode": "test", "epoch": 6}
{"loss": 0.5007822513580322, "acc": 0.7630049586296082, "length": 4.947058200836182, "mode": "train", "epoch": 7}
{"loss": 0.5603350400924683, "acc": 0.7377873063087463, "length": 5.0, "mode": "test", "epoch": 7}
{"loss": 0.47876596450805664, "acc": 0.7746734023094177, "length": 4.958137035369873, "mode": "train", "epoch": 8}
{"loss": 0.5300750732421875, "acc": 0.7535920739173889, "length": 5.0, "mode": "test", "epoch": 8}
{"loss": 0.46593204140663147, "acc": 0.7826089262962341, "length": 4.9619293212890625, "mode": "train", "epoch": 9}
{"loss": 0.49654093384742737, "acc": 0.764008641242981, "length": 5.0, "mode": "test", "epoch": 9}
{"loss": 0.445801705121994, "acc": 0.7944813966751099, "length": 4.965904712677002, "mode": "train", "epoch": 10}
{"loss": 0.4789331257343292, "acc": 0.7780172824859619, "length": 5.0, "mode": "test", "epoch": 10}
{"loss": 0.42031171917915344, "acc": 0.8090012073516846, "length": 4.978937149047852, "mode": "train", "epoch": 11}
{"loss": 0.5005841851234436, "acc": 0.7640085816383362, "length": 5.0, "mode": "test", "epoch": 11}
{"loss": 0.40694528818130493, "acc": 0.8171130418777466, "length": 4.986106872558594, "mode": "train", "epoch": 12}
{"loss": 0.49958768486976624, "acc": 0.7737069129943848, "length": 5.0, "mode": "test", "epoch": 12}
{"loss": 0.39212796092033386, "acc": 0.825267493724823, "length": 4.9881744384765625, "mode": "train", "epoch": 13}
{"loss": 0.4834669232368469, "acc": 0.7726293206214905, "length": 5.0, "mode": "test", "epoch": 13}
{"loss": 0.3840140104293823, "acc": 0.8253247737884521, "length": 4.990508079528809, "mode": "train", "epoch": 14}
{"loss": 0.4594370722770691, "acc": 0.8024426102638245, "length": 5.0, "mode": "test", "epoch": 14}
{"loss": 0.37253808975219727, "acc": 0.8362809419631958, "length": 4.993170738220215, "mode": "train", "epoch": 15}
{"loss": 0.4763390123844147, "acc": 0.7859196662902832, "length": 5.0, "mode": "test", "epoch": 15}
{"loss": 0.36348703503608704, "acc": 0.8410515189170837, "length": 4.994332313537598, "mode": "train", "epoch": 16}
{"loss": 0.4748278856277466, "acc": 0.7948994040489197, "length": 5.0, "mode": "test", "epoch": 16}
{"loss": 0.3526790738105774, "acc": 0.8459743857383728, "length": 4.9948201179504395, "mode": "train", "epoch": 17}
{"loss": 0.47095441818237305, "acc": 0.7945401668548584, "length": 5.0, "mode": "test", "epoch": 17}
{"loss": 0.34444811940193176, "acc": 0.852809727191925, "length": 4.995397567749023, "mode": "train", "epoch": 18}
{"loss": 0.45082297921180725, "acc": 0.8049569725990295, "length": 5.0, "mode": "test", "epoch": 18}
{"loss": 0.3326599597930908, "acc": 0.8532885313034058, "length": 4.9940690994262695, "mode": "train", "epoch": 19}
{"loss": 0.45182254910469055, "acc": 0.811781644821167, "length": 5.0, "mode": "test", "epoch": 19}
{"loss": 0.33147644996643066, "acc": 0.8551763892173767, "length": 4.99473237991333, "mode": "train", "epoch": 20}
{"loss": 0.4654250741004944, "acc": 0.8089081048965454, "length": 5.0, "mode": "test", "epoch": 20}
{"loss": 0.3176245391368866, "acc": 0.8636877536773682, "length": 4.993880271911621, "mode": "train", "epoch": 21}
{"loss": 0.43053048849105835, "acc": 0.8275862336158752, "length": 5.0, "mode": "test", "epoch": 21}
{"loss": 0.3052070736885071, "acc": 0.870156466960907, "length": 4.991946697235107, "mode": "train", "epoch": 22}
{"loss": 0.422127366065979, "acc": 0.82866370677948, "length": 5.0, "mode": "test", "epoch": 22}
{"loss": 0.29686009883880615, "acc": 0.8761438727378845, "length": 4.995563507080078, "mode": "train", "epoch": 23}
{"loss": 0.4219392240047455, "acc": 0.8311782479286194, "length": 5.0, "mode": "test", "epoch": 23}
{"loss": 0.28803569078445435, "acc": 0.8790311217308044, "length": 4.995556354522705, "mode": "train", "epoch": 24}
{"loss": 0.41432803869247437, "acc": 0.8397989869117737, "length": 5.0, "mode": "test", "epoch": 24}
{"loss": 0.28175920248031616, "acc": 0.8819310665130615, "length": 4.9957075119018555, "mode": "train", "epoch": 25}
{"loss": 0.3976133167743683, "acc": 0.8430317044258118, "length": 5.0, "mode": "test", "epoch": 25}
{"loss": 0.2716984748840332, "acc": 0.885083019733429, "length": 4.997811317443848, "mode": "train", "epoch": 26}
{"loss": 0.38614916801452637, "acc": 0.8473420739173889, "length": 5.0, "mode": "test", "epoch": 26}
{"loss": 0.26624616980552673, "acc": 0.8932305574417114, "length": 4.997799396514893, "mode": "train", "epoch": 27}
{"loss": 0.3795737326145172, "acc": 0.850215494632721, "length": 5.0, "mode": "test", "epoch": 27}
{"loss": 0.26126575469970703, "acc": 0.8922852277755737, "length": 4.998214244842529, "mode": "train", "epoch": 28}
{"loss": 0.3865789473056793, "acc": 0.8552443385124207, "length": 5.0, "mode": "test", "epoch": 28}
{"loss": 0.2569788098335266, "acc": 0.8970770835876465, "length": 4.998253345489502, "mode": "train", "epoch": 29}
{"loss": 0.3707447052001953, "acc": 0.854166567325592, "length": 5.0, "mode": "test", "epoch": 29}
{"loss": 0.24989573657512665, "acc": 0.9001956582069397, "length": 4.998020648956299, "mode": "train", "epoch": 30}
{"loss": 0.36889541149139404, "acc": 0.8617096543312073, "length": 5.0, "mode": "test", "epoch": 30}
{"loss": 0.23807784914970398, "acc": 0.9026995301246643, "length": 4.998335361480713, "mode": "train", "epoch": 31}
{"loss": 0.36515387892723083, "acc": 0.8559626936912537, "length": 5.0, "mode": "test", "epoch": 31}
{"loss": 0.23812563717365265, "acc": 0.9056981205940247, "length": 4.997420310974121, "mode": "train", "epoch": 32}
{"loss": 0.36306846141815186, "acc": 0.8638648986816406, "length": 5.0, "mode": "test", "epoch": 32}
{"loss": 0.23278090357780457, "acc": 0.9086079597473145, "length": 4.999020576477051, "mode": "train", "epoch": 33}
{"loss": 0.36470988392829895, "acc": 0.8591955304145813, "length": 5.0, "mode": "test", "epoch": 33}
{"loss": 0.23197881877422333, "acc": 0.9078795909881592, "length": 4.9987263679504395, "mode": "train", "epoch": 34}
{"loss": 0.37064066529273987, "acc": 0.8617096543312073, "length": 5.0, "mode": "test", "epoch": 34}
{"loss": 0.2218625545501709, "acc": 0.9162810444831848, "length": 4.999094486236572, "mode": "train", "epoch": 35}
{"loss": 0.3688136339187622, "acc": 0.8642241954803467, "length": 5.0, "mode": "test", "epoch": 35}
{"loss": 0.21835815906524658, "acc": 0.9171242713928223, "length": 4.999189376831055, "mode": "train", "epoch": 36}
{"loss": 0.3626951277256012, "acc": 0.8660200834274292, "length": 5.0, "mode": "test", "epoch": 36}
{"loss": 0.2146177589893341, "acc": 0.9150910377502441, "length": 4.999429702758789, "mode": "train", "epoch": 37}
{"loss": 0.3632895052433014, "acc": 0.8692527413368225, "length": 5.0, "mode": "test", "epoch": 37}
{"loss": 0.2104799449443817, "acc": 0.9194071888923645, "length": 4.9993696212768555, "mode": "train", "epoch": 38}
{"loss": 0.34953004121780396, "acc": 0.8775144815444946, "length": 5.0, "mode": "test", "epoch": 38}
{"loss": 0.21024997532367706, "acc": 0.9208300113677979, "length": 4.998981475830078, "mode": "train", "epoch": 39}
{"loss": 0.3504634201526642, "acc": 0.8778734803199768, "length": 5.0, "mode": "test", "epoch": 39}
{"loss": 0.20550672709941864, "acc": 0.9208303689956665, "length": 4.998830795288086, "mode": "train", "epoch": 40}
{"loss": 0.35034334659576416, "acc": 0.8742817044258118, "length": 5.0, "mode": "test", "epoch": 40}
{"loss": 0.19554609060287476, "acc": 0.9262391328811646, "length": 4.999401569366455, "mode": "train", "epoch": 41}
{"loss": 0.3391599655151367, "acc": 0.8750000596046448, "length": 5.0, "mode": "test", "epoch": 41}
{"loss": 0.20221276581287384, "acc": 0.9242891073226929, "length": 4.9986748695373535, "mode": "train", "epoch": 42}
{"loss": 0.3531206250190735, "acc": 0.8742817044258118, "length": 5.0, "mode": "test", "epoch": 42}
{"loss": 0.19514839351177216, "acc": 0.9283986687660217, "length": 4.99940299987793, "mode": "train", "epoch": 43}
{"loss": 0.366897851228714, "acc": 0.874640703201294, "length": 5.0, "mode": "test", "epoch": 43}
{"loss": 0.19067348539829254, "acc": 0.9298242330551147, "length": 4.998752593994141, "mode": "train", "epoch": 44}
{"loss": 0.3521832823753357, "acc": 0.8775143027305603, "length": 5.0, "mode": "test", "epoch": 44}
{"loss": 0.18684101104736328, "acc": 0.9316404461860657, "length": 4.999551773071289, "mode": "train", "epoch": 45}
{"loss": 0.3611610531806946, "acc": 0.875359296798706, "length": 5.0, "mode": "test", "epoch": 45}
{"loss": 0.18287210166454315, "acc": 0.9319860935211182, "length": 4.999340057373047, "mode": "train", "epoch": 46}
{"loss": 0.3645557463169098, "acc": 0.8793102502822876, "length": 5.0, "mode": "test", "epoch": 46}
{"loss": 0.18519489467144012, "acc": 0.9309183955192566, "length": 4.999484539031982, "mode": "train", "epoch": 47}
{"loss": 0.3603174686431885, "acc": 0.8699713945388794, "length": 5.0, "mode": "test", "epoch": 47}
{"loss": 0.1828702837228775, "acc": 0.9328281283378601, "length": 4.999298572540283, "mode": "train", "epoch": 48}
{"loss": 0.3436564803123474, "acc": 0.8739224076271057, "length": 5.0, "mode": "test", "epoch": 48}
{"loss": 0.18049463629722595, "acc": 0.9341505169868469, "length": 4.999484539031982, "mode": "train", "epoch": 49}
{"loss": 0.3451823592185974, "acc": 0.8789512515068054, "length": 5.0, "mode": "test", "epoch": 49}
{"loss": 0.17269574105739594, "acc": 0.9363077282905579, "length": 4.998926639556885, "mode": "train", "epoch": 50}
{"loss": 0.35563531517982483, "acc": 0.8775144815444946, "length": 5.0, "mode": "test", "epoch": 50}
{"loss": 0.17311902344226837, "acc": 0.9353418946266174, "length": 4.99933385848999, "mode": "train", "epoch": 51}
{"loss": 0.35807135701179504, "acc": 0.8785920739173889, "length": 5.0, "mode": "test", "epoch": 51}
{"loss": 0.16620710492134094, "acc": 0.9400225281715393, "length": 4.9993720054626465, "mode": "train", "epoch": 52}
{"loss": 0.34718942642211914, "acc": 0.8843389749526978, "length": 5.0, "mode": "test", "epoch": 52}
{"loss": 0.1714409589767456, "acc": 0.9370302557945251, "length": 4.99937105178833, "mode": "train", "epoch": 53}
{"loss": 0.3676140606403351, "acc": 0.8796696662902832, "length": 5.0, "mode": "test", "epoch": 53}
{"loss": 0.16591715812683105, "acc": 0.9389589428901672, "length": 4.999739170074463, "mode": "train", "epoch": 54}
{"loss": 0.36089229583740234, "acc": 0.8836207389831543, "length": 5.0, "mode": "test", "epoch": 54}
{"loss": 0.16608060896396637, "acc": 0.9396610856056213, "length": 4.998991966247559, "mode": "train", "epoch": 55}
{"loss": 0.34827810525894165, "acc": 0.8879310488700867, "length": 5.0, "mode": "test", "epoch": 55}
{"loss": 0.17018575966358185, "acc": 0.939555287361145, "length": 4.999625205993652, "mode": "train", "epoch": 56}
{"loss": 0.3530614376068115, "acc": 0.8821837902069092, "length": 5.0, "mode": "test", "epoch": 56}
{"loss": 0.1631765514612198, "acc": 0.9407591223716736, "length": 4.999791622161865, "mode": "train", "epoch": 57}
{"loss": 0.35283851623535156, "acc": 0.8886493444442749, "length": 5.0, "mode": "test", "epoch": 57}
{"loss": 0.15690205991268158, "acc": 0.9437525272369385, "length": 4.999358654022217, "mode": "train", "epoch": 58}
{"loss": 0.330791711807251, "acc": 0.8908044695854187, "length": 5.0, "mode": "test", "epoch": 58}
{"loss": 0.16455566883087158, "acc": 0.9400511980056763, "length": 4.998406410217285, "mode": "train", "epoch": 59}
{"loss": 0.350337415933609, "acc": 0.8846982717514038, "length": 5.0, "mode": "test", "epoch": 59}
{"loss": 0.16482806205749512, "acc": 0.9395388960838318, "length": 4.999086856842041, "mode": "train", "epoch": 60}
{"loss": 0.3551342785358429, "acc": 0.885416567325592, "length": 5.0, "mode": "test", "epoch": 60}
{"loss": 0.16164454817771912, "acc": 0.9422036409378052, "length": 4.999920845031738, "mode": "train", "epoch": 61}
{"loss": 0.3335525095462799, "acc": 0.8886496424674988, "length": 5.0, "mode": "test", "epoch": 61}
{"loss": 0.15331995487213135, "acc": 0.9420773983001709, "length": 4.999814033508301, "mode": "train", "epoch": 62}
{"loss": 0.34907352924346924, "acc": 0.8868533968925476, "length": 5.0, "mode": "test", "epoch": 62}
{"loss": 0.1523766666650772, "acc": 0.9456732869148254, "length": 4.9997687339782715, "mode": "train", "epoch": 63}
{"loss": 0.32802823185920715, "acc": 0.889726996421814, "length": 5.0, "mode": "test", "epoch": 63}
{"loss": 0.1481175720691681, "acc": 0.9477097392082214, "length": 4.999772548675537, "mode": "train", "epoch": 64}
{"loss": 0.33889713883399963, "acc": 0.8886493444442749, "length": 5.0, "mode": "test", "epoch": 64}
{"loss": 0.14955365657806396, "acc": 0.9465986490249634, "length": 4.999207019805908, "mode": "train", "epoch": 65}
{"loss": 0.3481896221637726, "acc": 0.8908045291900635, "length": 5.0, "mode": "test", "epoch": 65}
{"loss": 0.14455464482307434, "acc": 0.9480557441711426, "length": 4.999569892883301, "mode": "train", "epoch": 66}
{"loss": 0.3455899655818939, "acc": 0.8890085816383362, "length": 5.0, "mode": "test", "epoch": 66}
{"loss": 0.1479494720697403, "acc": 0.9450544714927673, "length": 4.999077320098877, "mode": "train", "epoch": 67}
{"loss": 0.33363544940948486, "acc": 0.89116370677948, "length": 5.0, "mode": "test", "epoch": 67}
{"loss": 0.1433437466621399, "acc": 0.9474456310272217, "length": 4.998843193054199, "mode": "train", "epoch": 68}
{"loss": 0.32932764291763306, "acc": 0.8979886174201965, "length": 5.0, "mode": "test", "epoch": 68}
{"loss": 0.14704300463199615, "acc": 0.9465799331665039, "length": 4.998622894287109, "mode": "train", "epoch": 69}
{"loss": 0.33209189772605896, "acc": 0.8951148390769958, "length": 5.0, "mode": "test", "epoch": 69}
{"loss": 0.14522047340869904, "acc": 0.9468793272972107, "length": 4.99989652633667, "mode": "train", "epoch": 70}
{"loss": 0.31353527307510376, "acc": 0.8954740762710571, "length": 5.0, "mode": "test", "epoch": 70}
{"loss": 0.13812217116355896, "acc": 0.9505845308303833, "length": 4.9992804527282715, "mode": "train", "epoch": 71}
{"loss": 0.3205077648162842, "acc": 0.8969107270240784, "length": 5.0, "mode": "test", "epoch": 71}
{"loss": 0.13999533653259277, "acc": 0.9505910277366638, "length": 4.9998087882995605, "mode": "train", "epoch": 72}
{"loss": 0.3400936722755432, "acc": 0.8926005959510803, "length": 5.0, "mode": "test", "epoch": 72}
{"loss": 0.13765855133533478, "acc": 0.9492610692977905, "length": 4.9994587898254395, "mode": "train", "epoch": 73}
{"loss": 0.32065171003341675, "acc": 0.9012213945388794, "length": 5.0, "mode": "test", "epoch": 73}
{"loss": 0.13950462639331818, "acc": 0.9499784111976624, "length": 4.999629974365234, "mode": "train", "epoch": 74}
{"loss": 0.34952491521835327, "acc": 0.8926006555557251, "length": 5.0, "mode": "test", "epoch": 74}
{"loss": 0.13525386154651642, "acc": 0.9490319490432739, "length": 4.9997053146362305, "mode": "train", "epoch": 75}
{"loss": 0.35381975769996643, "acc": 0.8911637663841248, "length": 5.0, "mode": "test", "epoch": 75}
{"loss": 0.1323479413986206, "acc": 0.9511922597885132, "length": 4.99987268447876, "mode": "train", "epoch": 76}
{"loss": 0.35596099495887756, "acc": 0.891523003578186, "length": 5.0, "mode": "test", "epoch": 76}
{"loss": 0.1317816525697708, "acc": 0.9543922543525696, "length": 4.999444961547852, "mode": "train", "epoch": 77}
{"loss": 0.32940828800201416, "acc": 0.8947558403015137, "length": 5.0, "mode": "test", "epoch": 77}
{"loss": 0.12675528228282928, "acc": 0.9540728330612183, "length": 4.999930381774902, "mode": "train", "epoch": 78}
{"loss": 0.33920687437057495, "acc": 0.8947558403015137, "length": 5.0, "mode": "test", "epoch": 78}
{"loss": 0.13092350959777832, "acc": 0.9522692561149597, "length": 4.9997358322143555, "mode": "train", "epoch": 79}
{"loss": 0.36089733242988586, "acc": 0.8933188915252686, "length": 5.0, "mode": "test", "epoch": 79}
{"loss": 0.13345308601856232, "acc": 0.9534755945205688, "length": 4.999940872192383, "mode": "train", "epoch": 80}
{"loss": 0.3340136706829071, "acc": 0.8926003575325012, "length": 5.0, "mode": "test", "epoch": 80}
{"loss": 0.14841777086257935, "acc": 0.9456746578216553, "length": 4.999800682067871, "mode": "train", "epoch": 81}
{"loss": 0.36131545901298523, "acc": 0.892959713935852, "length": 5.0, "mode": "test", "epoch": 81}
{"loss": 0.13210482895374298, "acc": 0.9522618055343628, "length": 4.999659061431885, "mode": "train", "epoch": 82}
{"loss": 0.3141022026538849, "acc": 0.9015806913375854, "length": 5.0, "mode": "test", "epoch": 82}
{"loss": 0.12558312714099884, "acc": 0.9553933143615723, "length": 4.9992241859436035, "mode": "train", "epoch": 83}
{"loss": 0.3325903117656708, "acc": 0.9005027413368225, "length": 5.0, "mode": "test", "epoch": 83}
{"loss": 0.1196189820766449, "acc": 0.9558699131011963, "length": 4.999861717224121, "mode": "train", "epoch": 84}
{"loss": 0.31600794196128845, "acc": 0.9019397497177124, "length": 5.0, "mode": "test", "epoch": 84}
{"loss": 0.12364914268255234, "acc": 0.9553841948509216, "length": 4.999844551086426, "mode": "train", "epoch": 85}
{"loss": 0.3320246934890747, "acc": 0.9015806913375854, "length": 5.0, "mode": "test", "epoch": 85}
{"loss": 0.14946579933166504, "acc": 0.9454406499862671, "length": 4.99990177154541, "mode": "train", "epoch": 86}
{"loss": 0.3566529452800751, "acc": 0.899784505367279, "length": 5.0, "mode": "test", "epoch": 86}
{"loss": 0.13640666007995605, "acc": 0.9514373540878296, "length": 4.99994421005249, "mode": "train", "epoch": 87}
{"loss": 0.3392060101032257, "acc": 0.8961924314498901, "length": 5.0, "mode": "test", "epoch": 87}
{"loss": 0.12508569657802582, "acc": 0.9541958570480347, "length": 4.999969482421875, "mode": "train", "epoch": 88}
{"loss": 0.3392259180545807, "acc": 0.8987069129943848, "length": 5.0, "mode": "test", "epoch": 88}
{"loss": 0.12046961486339569, "acc": 0.9575328826904297, "length": 4.9992265701293945, "mode": "train", "epoch": 89}
{"loss": 0.32911550998687744, "acc": 0.8951148390769958, "length": 5.0, "mode": "test", "epoch": 89}
{"loss": 0.12995903193950653, "acc": 0.9535930752754211, "length": 4.9998393058776855, "mode": "train", "epoch": 90}
{"loss": 0.32069066166877747, "acc": 0.9058907628059387, "length": 5.0, "mode": "test", "epoch": 90}
{"loss": 0.12334167212247849, "acc": 0.9561141133308411, "length": 4.9999680519104, "mode": "train", "epoch": 91}
{"loss": 0.3383485674858093, "acc": 0.9015803337097168, "length": 5.0, "mode": "test", "epoch": 91}
{"loss": 0.12899577617645264, "acc": 0.9522218704223633, "length": 4.9978461265563965, "mode": "train", "epoch": 92}
{"loss": 0.33904051780700684, "acc": 0.8969107270240784, "length": 5.0, "mode": "test", "epoch": 92}
{"loss": 0.12492560595273972, "acc": 0.9546728134155273, "length": 4.999919414520264, "mode": "train", "epoch": 93}
{"loss": 0.3445308208465576, "acc": 0.9008619785308838, "length": 5.0, "mode": "test", "epoch": 93}
{"loss": 0.12775740027427673, "acc": 0.955862820148468, "length": 4.999541282653809, "mode": "train", "epoch": 94}
{"loss": 0.33181801438331604, "acc": 0.9012213945388794, "length": 5.0, "mode": "test", "epoch": 94}
{"loss": 0.11629246920347214, "acc": 0.9576719999313354, "length": 4.999911308288574, "mode": "train", "epoch": 95}
{"loss": 0.32624849677085876, "acc": 0.9015803337097168, "length": 5.0, "mode": "test", "epoch": 95}
{"loss": 0.12041058391332626, "acc": 0.9555942416191101, "length": 4.999382495880127, "mode": "train", "epoch": 96}
{"loss": 0.3473801612854004, "acc": 0.8994252681732178, "length": 5.0, "mode": "test", "epoch": 96}
{"loss": 0.11632466316223145, "acc": 0.9593522548675537, "length": 4.9999895095825195, "mode": "train", "epoch": 97}
{"loss": 0.33312177658081055, "acc": 0.9084051251411438, "length": 5.0, "mode": "test", "epoch": 97}
{"loss": 0.11336242407560349, "acc": 0.9594707489013672, "length": 4.999950408935547, "mode": "train", "epoch": 98}
{"loss": 0.326857328414917, "acc": 0.9030172228813171, "length": 5.0, "mode": "test", "epoch": 98}
{"loss": 0.11498475074768066, "acc": 0.9588714241981506, "length": 4.99995231628418, "mode": "train", "epoch": 99}
{"loss": 0.33208978176116943, "acc": 0.9098420739173889, "length": 5.0, "mode": "test", "epoch": 99}
{"loss": 0.1267765760421753, "acc": 0.9520187973976135, "length": 4.99950647354126, "mode": "train", "epoch": 100}
{"loss": 0.34001001715660095, "acc": 0.9044538140296936, "length": 5.0, "mode": "test", "epoch": 100}
test accuracy: 0.85740727186203
