# ["--attributes=4", "--values=3", "--game_size=3", "--vocab_size_factor=3", "--n_epochs=100", "--batch_size=32", "--learning_rate=0.0005", "--hidden_size=128", "--temp_update=0.99", "--temperature=2"]
Creating train_ds and val_ds...

Creating test_ds...
{"loss": 0.6956350803375244, "acc": 0.5012195110321045, "length": 4.149630069732666, "mode": "train", "epoch": 1}
{"loss": 0.6944848299026489, "acc": 0.4949153661727905, "length": 1.0086393356323242, "mode": "test", "epoch": 1}
{"loss": 0.6725980639457703, "acc": 0.5886094570159912, "length": 4.030625820159912, "mode": "train", "epoch": 2}
{"loss": 0.6098857522010803, "acc": 0.691448450088501, "length": 4.982721328735352, "mode": "test", "epoch": 2}
{"loss": 0.5818580985069275, "acc": 0.6849896311759949, "length": 4.751633167266846, "mode": "train", "epoch": 3}
{"loss": 0.5759653449058533, "acc": 0.7329014539718628, "length": 5.0, "mode": "test", "epoch": 3}
{"loss": 0.5230507850646973, "acc": 0.7446492314338684, "length": 4.828301429748535, "mode": "train", "epoch": 4}
{"loss": 0.5279905200004578, "acc": 0.7627789378166199, "length": 5.0, "mode": "test", "epoch": 4}
{"loss": 0.48800063133239746, "acc": 0.7751168608665466, "length": 4.897360801696777, "mode": "train", "epoch": 5}
{"loss": 0.5278498530387878, "acc": 0.7681786417961121, "length": 5.0, "mode": "test", "epoch": 5}
{"loss": 0.4742898941040039, "acc": 0.7776049375534058, "length": 4.921751022338867, "mode": "train", "epoch": 6}
{"loss": 0.5138121247291565, "acc": 0.7829372882843018, "length": 5.0, "mode": "test", "epoch": 6}
{"loss": 0.45999589562416077, "acc": 0.7857934236526489, "length": 4.9425859451293945, "mode": "train", "epoch": 7}
{"loss": 0.5180357694625854, "acc": 0.7782577872276306, "length": 5.0, "mode": "test", "epoch": 7}
{"loss": 0.44807466864585876, "acc": 0.7900792360305786, "length": 4.949003219604492, "mode": "train", "epoch": 8}
{"loss": 0.49322983622550964, "acc": 0.7991359829902649, "length": 5.0, "mode": "test", "epoch": 8}
{"loss": 0.4288236200809479, "acc": 0.8031783103942871, "length": 4.961543083190918, "mode": "train", "epoch": 9}
{"loss": 0.4540773630142212, "acc": 0.8106552362442017, "length": 5.0, "mode": "test", "epoch": 9}
{"loss": 0.40927329659461975, "acc": 0.8160725831985474, "length": 4.971386909484863, "mode": "train", "epoch": 10}
{"loss": 0.44826194643974304, "acc": 0.8178547620773315, "length": 5.0, "mode": "test", "epoch": 10}
{"loss": 0.3986262381076813, "acc": 0.8197426795959473, "length": 4.97906494140625, "mode": "train", "epoch": 11}
{"loss": 0.4352383017539978, "acc": 0.8110150694847107, "length": 5.0, "mode": "test", "epoch": 11}
{"loss": 0.38950419425964355, "acc": 0.8266174793243408, "length": 4.984403133392334, "mode": "train", "epoch": 12}
{"loss": 0.4158744513988495, "acc": 0.8174944519996643, "length": 5.0, "mode": "test", "epoch": 12}
{"loss": 0.3814912438392639, "acc": 0.8276979327201843, "length": 4.986048221588135, "mode": "train", "epoch": 13}
{"loss": 0.42426198720932007, "acc": 0.8182145357131958, "length": 5.0, "mode": "test", "epoch": 13}
{"loss": 0.37665584683418274, "acc": 0.8298841118812561, "length": 4.989302635192871, "mode": "train", "epoch": 14}
{"loss": 0.428967148065567, "acc": 0.8210943341255188, "length": 5.0, "mode": "test", "epoch": 14}
{"loss": 0.370138555765152, "acc": 0.8333722352981567, "length": 4.9904961585998535, "mode": "train", "epoch": 15}
{"loss": 0.41643640398979187, "acc": 0.8160548210144043, "length": 5.0, "mode": "test", "epoch": 15}
{"loss": 0.37063145637512207, "acc": 0.8302562236785889, "length": 4.990387916564941, "mode": "train", "epoch": 16}
{"loss": 0.4090171456336975, "acc": 0.8257740139961243, "length": 5.0, "mode": "test", "epoch": 16}
{"loss": 0.36533570289611816, "acc": 0.8362783193588257, "length": 4.990660190582275, "mode": "train", "epoch": 17}
{"loss": 0.42112264037132263, "acc": 0.8149747848510742, "length": 5.0, "mode": "test", "epoch": 17}
{"loss": 0.35320091247558594, "acc": 0.8433501124382019, "length": 4.992291450500488, "mode": "train", "epoch": 18}
{"loss": 0.41409367322921753, "acc": 0.8128150701522827, "length": 5.0, "mode": "test", "epoch": 18}
{"loss": 0.35318854451179504, "acc": 0.8451523780822754, "length": 4.992728233337402, "mode": "train", "epoch": 19}
{"loss": 0.4090019166469574, "acc": 0.8315335512161255, "length": 5.0, "mode": "test", "epoch": 19}
{"loss": 0.34134745597839355, "acc": 0.8528265357017517, "length": 4.993074417114258, "mode": "train", "epoch": 20}
{"loss": 0.42475566267967224, "acc": 0.8174946904182434, "length": 5.0, "mode": "test", "epoch": 20}
{"loss": 0.34031566977500916, "acc": 0.8558284640312195, "length": 4.993479251861572, "mode": "train", "epoch": 21}
{"loss": 0.41292136907577515, "acc": 0.8264937996864319, "length": 5.0, "mode": "test", "epoch": 21}
{"loss": 0.33196988701820374, "acc": 0.8554918766021729, "length": 4.994945049285889, "mode": "train", "epoch": 22}
{"loss": 0.4230044484138489, "acc": 0.8189345002174377, "length": 5.0, "mode": "test", "epoch": 22}
{"loss": 0.32305243611335754, "acc": 0.8620930910110474, "length": 4.995309829711914, "mode": "train", "epoch": 23}
{"loss": 0.4078938663005829, "acc": 0.8376531004905701, "length": 5.0, "mode": "test", "epoch": 23}
{"loss": 0.31944209337234497, "acc": 0.864730954170227, "length": 4.994480609893799, "mode": "train", "epoch": 24}
{"loss": 0.39646783471107483, "acc": 0.8376529216766357, "length": 5.0, "mode": "test", "epoch": 24}
{"loss": 0.3078245222568512, "acc": 0.8682302236557007, "length": 4.995706558227539, "mode": "train", "epoch": 25}
{"loss": 0.4185350835323334, "acc": 0.8257738947868347, "length": 5.0, "mode": "test", "epoch": 25}
{"loss": 0.31021368503570557, "acc": 0.8665430545806885, "length": 4.996104717254639, "mode": "train", "epoch": 26}
{"loss": 0.4036599397659302, "acc": 0.8419726490974426, "length": 5.0, "mode": "test", "epoch": 26}
{"loss": 0.29893967509269714, "acc": 0.8718445301055908, "length": 4.997108459472656, "mode": "train", "epoch": 27}
{"loss": 0.40295663475990295, "acc": 0.8387328386306763, "length": 5.0, "mode": "test", "epoch": 27}
{"loss": 0.29685094952583313, "acc": 0.876282811164856, "length": 4.997291564941406, "mode": "train", "epoch": 28}
{"loss": 0.4025556147098541, "acc": 0.8390928506851196, "length": 5.0, "mode": "test", "epoch": 28}
{"loss": 0.28969764709472656, "acc": 0.8767645955085754, "length": 4.997374057769775, "mode": "train", "epoch": 29}
{"loss": 0.41107308864593506, "acc": 0.8246939778327942, "length": 5.0, "mode": "test", "epoch": 29}
{"loss": 0.28730350732803345, "acc": 0.8788078427314758, "length": 4.9976487159729, "mode": "train", "epoch": 30}
{"loss": 0.41666093468666077, "acc": 0.8300936222076416, "length": 5.0, "mode": "test", "epoch": 30}
{"loss": 0.2773333489894867, "acc": 0.8869693875312805, "length": 4.997958660125732, "mode": "train", "epoch": 31}
{"loss": 0.38845789432525635, "acc": 0.8527718782424927, "length": 5.0, "mode": "test", "epoch": 31}
{"loss": 0.27668631076812744, "acc": 0.8856508135795593, "length": 4.9981913566589355, "mode": "train", "epoch": 32}
{"loss": 0.3906862437725067, "acc": 0.849172055721283, "length": 5.0, "mode": "test", "epoch": 32}
{"loss": 0.27274754643440247, "acc": 0.8884166479110718, "length": 4.998214244842529, "mode": "train", "epoch": 33}
{"loss": 0.38315683603286743, "acc": 0.8560115694999695, "length": 5.0, "mode": "test", "epoch": 33}
{"loss": 0.26256588101387024, "acc": 0.8940609097480774, "length": 4.998495578765869, "mode": "train", "epoch": 34}
{"loss": 0.38089025020599365, "acc": 0.8524118661880493, "length": 5.0, "mode": "test", "epoch": 34}
{"loss": 0.2662399709224701, "acc": 0.8886650204658508, "length": 4.998657703399658, "mode": "train", "epoch": 35}
{"loss": 0.35643962025642395, "acc": 0.8689705729484558, "length": 5.0, "mode": "test", "epoch": 35}
{"loss": 0.2605665326118469, "acc": 0.8946608901023865, "length": 4.998664855957031, "mode": "train", "epoch": 36}
{"loss": 0.37823763489723206, "acc": 0.8524116277694702, "length": 5.0, "mode": "test", "epoch": 36}
{"loss": 0.258155882358551, "acc": 0.8927397727966309, "length": 4.9984025955200195, "mode": "train", "epoch": 37}
{"loss": 0.3880529999732971, "acc": 0.8376531004905701, "length": 5.0, "mode": "test", "epoch": 37}
{"loss": 0.2554788589477539, "acc": 0.8987488150596619, "length": 4.998854637145996, "mode": "train", "epoch": 38}
{"loss": 0.3662698268890381, "acc": 0.8592512607574463, "length": 5.0, "mode": "test", "epoch": 38}
{"loss": 0.24913838505744934, "acc": 0.8989934325218201, "length": 4.998917102813721, "mode": "train", "epoch": 39}
{"loss": 0.35975366830825806, "acc": 0.8642910122871399, "length": 5.0, "mode": "test", "epoch": 39}
{"loss": 0.24273298680782318, "acc": 0.9041509032249451, "length": 4.998960018157959, "mode": "train", "epoch": 40}
{"loss": 0.3584248125553131, "acc": 0.8668107390403748, "length": 5.0, "mode": "test", "epoch": 40}
{"loss": 0.2384260892868042, "acc": 0.9071614742279053, "length": 4.999222278594971, "mode": "train", "epoch": 41}
{"loss": 0.36546409130096436, "acc": 0.8704103231430054, "length": 5.0, "mode": "test", "epoch": 41}
{"loss": 0.24045702815055847, "acc": 0.9070366621017456, "length": 4.999032020568848, "mode": "train", "epoch": 42}
{"loss": 0.3483290672302246, "acc": 0.8740099668502808, "length": 5.0, "mode": "test", "epoch": 42}
{"loss": 0.22811554372310638, "acc": 0.9108775854110718, "length": 4.9989728927612305, "mode": "train", "epoch": 43}
{"loss": 0.3461802303791046, "acc": 0.8686104416847229, "length": 5.0, "mode": "test", "epoch": 43}
{"loss": 0.22457535564899445, "acc": 0.91004878282547, "length": 4.99946403503418, "mode": "train", "epoch": 44}
{"loss": 0.3783245384693146, "acc": 0.8642909526824951, "length": 5.0, "mode": "test", "epoch": 44}
{"loss": 0.2193492203950882, "acc": 0.9134037494659424, "length": 4.999293804168701, "mode": "train", "epoch": 45}
{"loss": 0.36006149649620056, "acc": 0.875809907913208, "length": 5.0, "mode": "test", "epoch": 45}
{"loss": 0.21372151374816895, "acc": 0.9146132469177246, "length": 4.999528408050537, "mode": "train", "epoch": 46}
{"loss": 0.34468433260917664, "acc": 0.8794097304344177, "length": 5.0, "mode": "test", "epoch": 46}
{"loss": 0.22555756568908691, "acc": 0.907528281211853, "length": 4.999489784240723, "mode": "train", "epoch": 47}
{"loss": 0.36270737648010254, "acc": 0.8779697418212891, "length": 5.0, "mode": "test", "epoch": 47}
{"loss": 0.21037782728672028, "acc": 0.9171334505081177, "length": 4.999296188354492, "mode": "train", "epoch": 48}
{"loss": 0.3430555462837219, "acc": 0.8844493627548218, "length": 5.0, "mode": "test", "epoch": 48}
{"loss": 0.20465824007987976, "acc": 0.9191757440567017, "length": 4.999492645263672, "mode": "train", "epoch": 49}
{"loss": 0.34362804889678955, "acc": 0.8844491839408875, "length": 5.0, "mode": "test", "epoch": 49}
{"loss": 0.20257176458835602, "acc": 0.917973518371582, "length": 4.9994940757751465, "mode": "train", "epoch": 50}
{"loss": 0.3455597460269928, "acc": 0.8851691484451294, "length": 5.0, "mode": "test", "epoch": 50}
{"loss": 0.20036372542381287, "acc": 0.9223026633262634, "length": 4.9997124671936035, "mode": "train", "epoch": 51}
{"loss": 0.34367835521698, "acc": 0.879769504070282, "length": 5.0, "mode": "test", "epoch": 51}
{"loss": 0.1990155428647995, "acc": 0.9226488471031189, "length": 4.999403476715088, "mode": "train", "epoch": 52}
{"loss": 0.37091588973999023, "acc": 0.8711302280426025, "length": 5.0, "mode": "test", "epoch": 52}
{"loss": 0.2038692682981491, "acc": 0.9190625548362732, "length": 4.999722003936768, "mode": "train", "epoch": 53}
{"loss": 0.34427157044410706, "acc": 0.881929337978363, "length": 5.0, "mode": "test", "epoch": 53}
{"loss": 0.19545812904834747, "acc": 0.9218237996101379, "length": 4.9997711181640625, "mode": "train", "epoch": 54}
{"loss": 0.33849647641181946, "acc": 0.8833693265914917, "length": 5.0, "mode": "test", "epoch": 54}
{"loss": 0.19303201138973236, "acc": 0.924466073513031, "length": 4.999808311462402, "mode": "train", "epoch": 55}
{"loss": 0.3397066593170166, "acc": 0.878329873085022, "length": 5.0, "mode": "test", "epoch": 55}
{"loss": 0.188108429312706, "acc": 0.9285489320755005, "length": 4.999826431274414, "mode": "train", "epoch": 56}
{"loss": 0.3317275047302246, "acc": 0.8866093158721924, "length": 5.0, "mode": "test", "epoch": 56}
{"loss": 0.1841610223054886, "acc": 0.9262679219245911, "length": 4.999845027923584, "mode": "train", "epoch": 57}
{"loss": 0.34550461173057556, "acc": 0.8873291015625, "length": 5.0, "mode": "test", "epoch": 57}
{"loss": 0.18463341891765594, "acc": 0.9273476004600525, "length": 4.99981164932251, "mode": "train", "epoch": 58}
{"loss": 0.3487470746040344, "acc": 0.8862491846084595, "length": 5.0, "mode": "test", "epoch": 58}
{"loss": 0.1810665726661682, "acc": 0.9279497861862183, "length": 4.999863624572754, "mode": "train", "epoch": 59}
{"loss": 0.3467419147491455, "acc": 0.889488935470581, "length": 5.0, "mode": "test", "epoch": 59}
{"loss": 0.1808818131685257, "acc": 0.9309520125389099, "length": 4.999866485595703, "mode": "train", "epoch": 60}
{"loss": 0.32451823353767395, "acc": 0.8916487693786621, "length": 5.0, "mode": "test", "epoch": 60}
{"loss": 0.17751280963420868, "acc": 0.9320324063301086, "length": 4.9998650550842285, "mode": "train", "epoch": 61}
{"loss": 0.3454684019088745, "acc": 0.8873290419578552, "length": 5.0, "mode": "test", "epoch": 61}
{"loss": 0.1767188310623169, "acc": 0.9313127398490906, "length": 4.999884128570557, "mode": "train", "epoch": 62}
{"loss": 0.3306978940963745, "acc": 0.8938083052635193, "length": 5.0, "mode": "test", "epoch": 62}
{"loss": 0.1716456413269043, "acc": 0.9334737658500671, "length": 4.999881267547607, "mode": "train", "epoch": 63}
{"loss": 0.34384945034980774, "acc": 0.8887689113616943, "length": 5.0, "mode": "test", "epoch": 63}
{"loss": 0.17661356925964355, "acc": 0.929991602897644, "length": 4.999868392944336, "mode": "train", "epoch": 64}
{"loss": 0.3550146222114563, "acc": 0.8880490660667419, "length": 5.0, "mode": "test", "epoch": 64}
{"loss": 0.1752116084098816, "acc": 0.931425929069519, "length": 4.999693393707275, "mode": "train", "epoch": 65}
{"loss": 0.316130667924881, "acc": 0.8941683769226074, "length": 5.0, "mode": "test", "epoch": 65}
{"loss": 0.16746312379837036, "acc": 0.9371960759162903, "length": 4.999887943267822, "mode": "train", "epoch": 66}
{"loss": 0.31817811727523804, "acc": 0.897408127784729, "length": 5.0, "mode": "test", "epoch": 66}
{"loss": 0.16323533654212952, "acc": 0.9370764493942261, "length": 4.999904155731201, "mode": "train", "epoch": 67}
{"loss": 0.32284465432167053, "acc": 0.8966882228851318, "length": 5.0, "mode": "test", "epoch": 67}
{"loss": 0.15831831097602844, "acc": 0.9389968514442444, "length": 4.9998908042907715, "mode": "train", "epoch": 68}
{"loss": 0.31771957874298096, "acc": 0.8930886387825012, "length": 5.0, "mode": "test", "epoch": 68}
{"loss": 0.15413476526737213, "acc": 0.9415134787559509, "length": 4.9996185302734375, "mode": "train", "epoch": 69}
{"loss": 0.31513360142707825, "acc": 0.8988481163978577, "length": 5.0, "mode": "test", "epoch": 69}
{"loss": 0.1545345038175583, "acc": 0.9415190815925598, "length": 4.999877452850342, "mode": "train", "epoch": 70}
{"loss": 0.29926714301109314, "acc": 0.8999279141426086, "length": 5.0, "mode": "test", "epoch": 70}
{"loss": 0.15369844436645508, "acc": 0.9423549175262451, "length": 4.9997406005859375, "mode": "train", "epoch": 71}
{"loss": 0.30781134963035583, "acc": 0.9024477601051331, "length": 5.0, "mode": "test", "epoch": 71}
{"loss": 0.15406779944896698, "acc": 0.9457235932350159, "length": 4.999942302703857, "mode": "train", "epoch": 72}
{"loss": 0.3064005970954895, "acc": 0.9038875699043274, "length": 5.0, "mode": "test", "epoch": 72}
{"loss": 0.15464694797992706, "acc": 0.9421206712722778, "length": 4.999927043914795, "mode": "train", "epoch": 73}
{"loss": 0.33510512113571167, "acc": 0.8923686742782593, "length": 5.0, "mode": "test", "epoch": 73}
{"loss": 0.1533219814300537, "acc": 0.9410400390625, "length": 4.999925136566162, "mode": "train", "epoch": 74}
{"loss": 0.31302160024642944, "acc": 0.8992079496383667, "length": 5.0, "mode": "test", "epoch": 74}
{"loss": 0.14543417096138, "acc": 0.9448826313018799, "length": 4.99993896484375, "mode": "train", "epoch": 75}
{"loss": 0.3155893385410309, "acc": 0.8992080688476562, "length": 5.0, "mode": "test", "epoch": 75}
{"loss": 0.14787693321704865, "acc": 0.9469237923622131, "length": 4.999922752380371, "mode": "train", "epoch": 76}
{"loss": 0.32811981439590454, "acc": 0.9010079503059387, "length": 5.0, "mode": "test", "epoch": 76}
{"loss": 0.14879487454891205, "acc": 0.9430784583091736, "length": 4.999861240386963, "mode": "train", "epoch": 77}
{"loss": 0.30891093611717224, "acc": 0.9017277359962463, "length": 5.0, "mode": "test", "epoch": 77}
{"loss": 0.1385776698589325, "acc": 0.9459616541862488, "length": 4.999896049499512, "mode": "train", "epoch": 78}
{"loss": 0.3021872937679291, "acc": 0.9074873924255371, "length": 5.0, "mode": "test", "epoch": 78}
{"loss": 0.13316132128238678, "acc": 0.9518464207649231, "length": 4.999927043914795, "mode": "train", "epoch": 79}
{"loss": 0.3073471784591675, "acc": 0.8898489475250244, "length": 5.0, "mode": "test", "epoch": 79}
{"loss": 0.13959120213985443, "acc": 0.9474030137062073, "length": 4.999878406524658, "mode": "train", "epoch": 80}
{"loss": 0.30595558881759644, "acc": 0.898848295211792, "length": 5.0, "mode": "test", "epoch": 80}
{"loss": 0.1350116729736328, "acc": 0.9501670002937317, "length": 4.99997091293335, "mode": "train", "epoch": 81}
{"loss": 0.3154867887496948, "acc": 0.9010080099105835, "length": 5.0, "mode": "test", "epoch": 81}
{"loss": 0.13828399777412415, "acc": 0.9494466185569763, "length": 4.999972343444824, "mode": "train", "epoch": 82}
{"loss": 0.2972036898136139, "acc": 0.8988480567932129, "length": 5.0, "mode": "test", "epoch": 82}
{"loss": 0.1391633301973343, "acc": 0.9499270915985107, "length": 4.999968528747559, "mode": "train", "epoch": 83}
{"loss": 0.313846230506897, "acc": 0.8999279141426086, "length": 5.0, "mode": "test", "epoch": 83}
{"loss": 0.12773281335830688, "acc": 0.9526891112327576, "length": 4.999974727630615, "mode": "train", "epoch": 84}
{"loss": 0.3104439973831177, "acc": 0.9017279148101807, "length": 5.0, "mode": "test", "epoch": 84}
{"loss": 0.13066959381103516, "acc": 0.953169047832489, "length": 4.9999775886535645, "mode": "train", "epoch": 85}
{"loss": 0.30738577246665955, "acc": 0.9038876295089722, "length": 5.0, "mode": "test", "epoch": 85}
{"loss": 0.13112500309944153, "acc": 0.9506479501724243, "length": 4.999983310699463, "mode": "train", "epoch": 86}
{"loss": 0.30757883191108704, "acc": 0.8995682597160339, "length": 5.0, "mode": "test", "epoch": 86}
{"loss": 0.12829846143722534, "acc": 0.9519684314727783, "length": 4.9999775886535645, "mode": "train", "epoch": 87}
{"loss": 0.29383811354637146, "acc": 0.8999280333518982, "length": 5.0, "mode": "test", "epoch": 87}
{"loss": 0.12126404792070389, "acc": 0.9560513496398926, "length": 4.9999871253967285, "mode": "train", "epoch": 88}
{"loss": 0.29485949873924255, "acc": 0.9002879858016968, "length": 5.0, "mode": "test", "epoch": 88}
{"loss": 0.12454923987388611, "acc": 0.9540098309516907, "length": 4.999983787536621, "mode": "train", "epoch": 89}
{"loss": 0.2858141362667084, "acc": 0.9074875712394714, "length": 5.0, "mode": "test", "epoch": 89}
{"loss": 0.12553922832012177, "acc": 0.9529293179512024, "length": 4.999979496002197, "mode": "train", "epoch": 90}
{"loss": 0.30307090282440186, "acc": 0.9038876891136169, "length": 5.0, "mode": "test", "epoch": 90}
{"loss": 0.12154889106750488, "acc": 0.9544903039932251, "length": 4.999983787536621, "mode": "train", "epoch": 91}
{"loss": 0.2820601165294647, "acc": 0.9038876891136169, "length": 5.0, "mode": "test", "epoch": 91}
{"loss": 0.12550808489322662, "acc": 0.9553309679031372, "length": 4.999988555908203, "mode": "train", "epoch": 92}
{"loss": 0.31860044598579407, "acc": 0.9024477005004883, "length": 5.0, "mode": "test", "epoch": 92}
{"loss": 0.11948837339878082, "acc": 0.9544906616210938, "length": 4.999994277954102, "mode": "train", "epoch": 93}
{"loss": 0.2840566337108612, "acc": 0.9096472859382629, "length": 5.0, "mode": "test", "epoch": 93}
{"loss": 0.11998671293258667, "acc": 0.9564099311828613, "length": 4.999959468841553, "mode": "train", "epoch": 94}
{"loss": 0.31452780961990356, "acc": 0.898848295211792, "length": 5.0, "mode": "test", "epoch": 94}
{"loss": 0.12470423430204391, "acc": 0.9544888734817505, "length": 4.999951362609863, "mode": "train", "epoch": 95}
{"loss": 0.28401312232017517, "acc": 0.9074875116348267, "length": 5.0, "mode": "test", "epoch": 95}
{"loss": 0.11714325845241547, "acc": 0.9544904828071594, "length": 4.999990940093994, "mode": "train", "epoch": 96}
{"loss": 0.2878403067588806, "acc": 0.9132468700408936, "length": 5.0, "mode": "test", "epoch": 96}
{"loss": 0.11640352010726929, "acc": 0.9582129120826721, "length": 4.999988555908203, "mode": "train", "epoch": 97}
{"loss": 0.29694002866744995, "acc": 0.9053274393081665, "length": 5.0, "mode": "test", "epoch": 97}
{"loss": 0.11069383472204208, "acc": 0.9583331346511841, "length": 4.999995708465576, "mode": "train", "epoch": 98}
{"loss": 0.2829945385456085, "acc": 0.9056876301765442, "length": 5.0, "mode": "test", "epoch": 98}
{"loss": 0.10911046713590622, "acc": 0.9595329761505127, "length": 4.999958038330078, "mode": "train", "epoch": 99}
{"loss": 0.29677456617355347, "acc": 0.9049676060676575, "length": 5.0, "mode": "test", "epoch": 99}
{"loss": 0.11216574907302856, "acc": 0.959772527217865, "length": 4.999967575073242, "mode": "train", "epoch": 100}
{"loss": 0.3027417063713074, "acc": 0.9114471077919006, "length": 5.0, "mode": "test", "epoch": 100}
test accuracy: 0.8675495386123657
