# ["--attributes=3", "--values=3", "--game_size=3", "--vocab_size_factor=3", "--n_epochs=100", "--batch_size=64", "--learning_rate=0.001", "--hidden_size=256", "--temp_update=0.97", "--temperature=1.5"]
Creating train_ds and val_ds...

Creating test_ds...
{"loss": 0.7301647663116455, "acc": 0.49339330196380615, "length": 3.4581313133239746, "mode": "train", "epoch": 1}
{"loss": 0.6919207572937012, "acc": 0.5, "length": 1.0, "mode": "test", "epoch": 1}
{"loss": 0.7127039432525635, "acc": 0.5159937143325806, "length": 3.0021793842315674, "mode": "train", "epoch": 2}
{"loss": 0.6763941049575806, "acc": 0.5529412627220154, "length": 1.0, "mode": "test", "epoch": 2}
{"loss": 0.6990302205085754, "acc": 0.5184908509254456, "length": 1.8572942018508911, "mode": "train", "epoch": 3}
{"loss": 0.683829128742218, "acc": 0.5745097994804382, "length": 1.0, "mode": "test", "epoch": 3}
{"loss": 0.691836953163147, "acc": 0.5200037360191345, "length": 1.1717301607131958, "mode": "train", "epoch": 4}
{"loss": 0.6909855604171753, "acc": 0.529411792755127, "length": 1.0, "mode": "test", "epoch": 4}
{"loss": 0.6920167207717896, "acc": 0.5121522545814514, "length": 1.076172947883606, "mode": "train", "epoch": 5}
{"loss": 0.6868208646774292, "acc": 0.498039186000824, "length": 1.0, "mode": "test", "epoch": 5}
{"loss": 0.6900564432144165, "acc": 0.5413650274276733, "length": 1.0442014932632446, "mode": "train", "epoch": 6}
{"loss": 0.683772623538971, "acc": 0.54313725233078, "length": 1.0, "mode": "test", "epoch": 6}
{"loss": 0.6904566287994385, "acc": 0.5392822623252869, "length": 1.0360873937606812, "mode": "train", "epoch": 7}
{"loss": 0.6771281361579895, "acc": 0.5607842803001404, "length": 1.0, "mode": "test", "epoch": 7}
{"loss": 0.6893017292022705, "acc": 0.5457834005355835, "length": 1.0530540943145752, "mode": "train", "epoch": 8}
{"loss": 0.6766641139984131, "acc": 0.5607842803001404, "length": 1.0, "mode": "test", "epoch": 8}
{"loss": 0.6883957386016846, "acc": 0.5505519509315491, "length": 1.1108448505401611, "mode": "train", "epoch": 9}
{"loss": 0.6778757572174072, "acc": 0.5529412031173706, "length": 1.0, "mode": "test", "epoch": 9}
{"loss": 0.6821607351303101, "acc": 0.5767025947570801, "length": 1.3652812242507935, "mode": "train", "epoch": 10}
{"loss": 0.6648181676864624, "acc": 0.6129931211471558, "length": 1.1647058725357056, "mode": "test", "epoch": 10}
{"loss": 0.6640228033065796, "acc": 0.610666811466217, "length": 2.05322265625, "mode": "train", "epoch": 11}
{"loss": 0.6237215995788574, "acc": 0.6867267489433289, "length": 1.929411768913269, "mode": "test", "epoch": 11}
{"loss": 0.6367978453636169, "acc": 0.6765611171722412, "length": 2.286191701889038, "mode": "train", "epoch": 12}
{"loss": 0.599345862865448, "acc": 0.7145088911056519, "length": 2.0705883502960205, "mode": "test", "epoch": 12}
{"loss": 0.6005628705024719, "acc": 0.7228874564170837, "length": 2.490046501159668, "mode": "train", "epoch": 13}
{"loss": 0.5651998519897461, "acc": 0.759989321231842, "length": 2.3529412746429443, "mode": "test", "epoch": 13}
{"loss": 0.5488163828849792, "acc": 0.7446422576904297, "length": 2.633676052093506, "mode": "train", "epoch": 14}
{"loss": 0.5222240686416626, "acc": 0.7758492231369019, "length": 2.4941177368164062, "mode": "test", "epoch": 14}
{"loss": 0.5050158500671387, "acc": 0.762087345123291, "length": 2.719904899597168, "mode": "train", "epoch": 15}
{"loss": 0.49182021617889404, "acc": 0.797234058380127, "length": 2.5647058486938477, "mode": "test", "epoch": 15}
{"loss": 0.4643763303756714, "acc": 0.7929540276527405, "length": 2.8482048511505127, "mode": "train", "epoch": 16}
{"loss": 0.48467403650283813, "acc": 0.7966561913490295, "length": 2.917647123336792, "mode": "test", "epoch": 16}
{"loss": 0.4208819270133972, "acc": 0.8078500032424927, "length": 3.0198397636413574, "mode": "train", "epoch": 17}
{"loss": 0.5064119696617126, "acc": 0.7980917692184448, "length": 3.0470588207244873, "mode": "test", "epoch": 17}
{"loss": 0.4049362540245056, "acc": 0.8214110136032104, "length": 3.122800827026367, "mode": "train", "epoch": 18}
{"loss": 0.4960418939590454, "acc": 0.7875919342041016, "length": 2.9882352352142334, "mode": "test", "epoch": 18}
{"loss": 0.3884526193141937, "acc": 0.8273464441299438, "length": 3.130802869796753, "mode": "train", "epoch": 19}
{"loss": 0.5097160339355469, "acc": 0.7824346423149109, "length": 3.0470588207244873, "mode": "test", "epoch": 19}
{"loss": 0.36970752477645874, "acc": 0.8477697372436523, "length": 3.138479232788086, "mode": "train", "epoch": 20}
{"loss": 0.49541765451431274, "acc": 0.8000714182853699, "length": 3.082352876663208, "mode": "test", "epoch": 20}
{"loss": 0.3581581115722656, "acc": 0.8459866046905518, "length": 3.162846803665161, "mode": "train", "epoch": 21}
{"loss": 0.5076126456260681, "acc": 0.7985295057296753, "length": 3.188235282897949, "mode": "test", "epoch": 21}
{"loss": 0.3542194962501526, "acc": 0.862376868724823, "length": 3.1798081398010254, "mode": "train", "epoch": 22}
{"loss": 0.48844605684280396, "acc": 0.7869281768798828, "length": 3.164705991744995, "mode": "test", "epoch": 22}
{"loss": 0.3426491916179657, "acc": 0.8556764721870422, "length": 3.120797634124756, "mode": "train", "epoch": 23}
{"loss": 0.4692704677581787, "acc": 0.791307806968689, "length": 3.105882406234741, "mode": "test", "epoch": 23}
{"loss": 0.3365249037742615, "acc": 0.8561874628067017, "length": 3.1493537425994873, "mode": "train", "epoch": 24}
{"loss": 0.47062623500823975, "acc": 0.7947712540626526, "length": 3.164705991744995, "mode": "test", "epoch": 24}
{"loss": 0.32835954427719116, "acc": 0.8667464256286621, "length": 3.2122273445129395, "mode": "train", "epoch": 25}
{"loss": 0.4759807288646698, "acc": 0.7897993326187134, "length": 3.164705991744995, "mode": "test", "epoch": 25}
{"loss": 0.33370348811149597, "acc": 0.860899806022644, "length": 3.1437063217163086, "mode": "train", "epoch": 26}
{"loss": 0.46478700637817383, "acc": 0.8017739653587341, "length": 3.164705991744995, "mode": "test", "epoch": 26}
{"loss": 0.32927876710891724, "acc": 0.8669290542602539, "length": 3.186249017715454, "mode": "train", "epoch": 27}
{"loss": 0.46289539337158203, "acc": 0.7961251735687256, "length": 3.164705991744995, "mode": "test", "epoch": 27}
{"loss": 0.3168322741985321, "acc": 0.8723035454750061, "length": 3.2824907302856445, "mode": "train", "epoch": 28}
{"loss": 0.4591335952281952, "acc": 0.791713297367096, "length": 3.164705991744995, "mode": "test", "epoch": 28}
{"loss": 0.3157156705856323, "acc": 0.8698728680610657, "length": 3.269742250442505, "mode": "train", "epoch": 29}
{"loss": 0.4772138297557831, "acc": 0.7964811325073242, "length": 3.141176462173462, "mode": "test", "epoch": 29}
{"loss": 0.3034173548221588, "acc": 0.873974621295929, "length": 3.2494900226593018, "mode": "train", "epoch": 30}
{"loss": 0.47498375177383423, "acc": 0.8051353693008423, "length": 3.1529412269592285, "mode": "test", "epoch": 30}
{"loss": 0.30182701349258423, "acc": 0.8735308647155762, "length": 3.2495830059051514, "mode": "train", "epoch": 31}
{"loss": 0.44416117668151855, "acc": 0.8222733736038208, "length": 3.2117648124694824, "mode": "test", "epoch": 31}
{"loss": 0.3050484359264374, "acc": 0.877403199672699, "length": 3.2680094242095947, "mode": "train", "epoch": 32}
{"loss": 0.45936712622642517, "acc": 0.8208844065666199, "length": 3.2941176891326904, "mode": "test", "epoch": 32}
{"loss": 0.2973160147666931, "acc": 0.8777545690536499, "length": 3.2872934341430664, "mode": "train", "epoch": 33}
{"loss": 0.44766965508461, "acc": 0.8250613212585449, "length": 3.2941176891326904, "mode": "test", "epoch": 33}
{"loss": 0.2939282953739166, "acc": 0.8716685175895691, "length": 3.3085296154022217, "mode": "train", "epoch": 34}
{"loss": 0.4498196840286255, "acc": 0.8186683058738708, "length": 3.2941176891326904, "mode": "test", "epoch": 34}
{"loss": 0.2932010591030121, "acc": 0.8863975405693054, "length": 3.314359664916992, "mode": "train", "epoch": 35}
{"loss": 0.4924207925796509, "acc": 0.8210945725440979, "length": 3.2941176891326904, "mode": "test", "epoch": 35}
{"loss": 0.30577677488327026, "acc": 0.8757975101470947, "length": 3.2704899311065674, "mode": "train", "epoch": 36}
{"loss": 0.4751285910606384, "acc": 0.8323763012886047, "length": 3.2941176891326904, "mode": "test", "epoch": 36}
{"loss": 0.292521595954895, "acc": 0.8807632327079773, "length": 3.261627435684204, "mode": "train", "epoch": 37}
{"loss": 0.4454646706581116, "acc": 0.8319706916809082, "length": 3.305882453918457, "mode": "test", "epoch": 37}
{"loss": 0.2859787344932556, "acc": 0.8814588189125061, "length": 3.2501564025878906, "mode": "train", "epoch": 38}
{"loss": 0.4364413321018219, "acc": 0.8338205814361572, "length": 3.2941176891326904, "mode": "test", "epoch": 38}
{"loss": 0.28787559270858765, "acc": 0.8811593055725098, "length": 3.255917549133301, "mode": "train", "epoch": 39}
{"loss": 0.43830010294914246, "acc": 0.8436362147331238, "length": 3.305882453918457, "mode": "test", "epoch": 39}
{"loss": 0.2777315378189087, "acc": 0.8835634589195251, "length": 3.279913902282715, "mode": "train", "epoch": 40}
{"loss": 0.4569302797317505, "acc": 0.8404397368431091, "length": 3.2941176891326904, "mode": "test", "epoch": 40}
{"loss": 0.2760770320892334, "acc": 0.8782731890678406, "length": 3.2883780002593994, "mode": "train", "epoch": 41}
{"loss": 0.4695504605770111, "acc": 0.83775395154953, "length": 3.2941176891326904, "mode": "test", "epoch": 41}
{"loss": 0.2766435146331787, "acc": 0.8772448897361755, "length": 3.286591053009033, "mode": "train", "epoch": 42}
{"loss": 0.4101368188858032, "acc": 0.8466678261756897, "length": 3.305882453918457, "mode": "test", "epoch": 42}
{"loss": 0.2671019434928894, "acc": 0.8851848244667053, "length": 3.2897515296936035, "mode": "train", "epoch": 43}
{"loss": 0.44309163093566895, "acc": 0.842237114906311, "length": 3.2588236331939697, "mode": "test", "epoch": 43}
{"loss": 0.2712820768356323, "acc": 0.8815035223960876, "length": 3.224144458770752, "mode": "train", "epoch": 44}
{"loss": 0.45190486311912537, "acc": 0.8398051261901855, "length": 3.2117648124694824, "mode": "test", "epoch": 44}
{"loss": 0.2723536789417267, "acc": 0.8884039521217346, "length": 3.24920654296875, "mode": "train", "epoch": 45}
{"loss": 0.44625169038772583, "acc": 0.8476496338844299, "length": 3.2588236331939697, "mode": "test", "epoch": 45}
{"loss": 0.25118356943130493, "acc": 0.9006960391998291, "length": 3.2620348930358887, "mode": "train", "epoch": 46}
{"loss": 0.4577377438545227, "acc": 0.8520776033401489, "length": 3.22352933883667, "mode": "test", "epoch": 46}
{"loss": 0.25679367780685425, "acc": 0.8942925930023193, "length": 3.1838080883026123, "mode": "train", "epoch": 47}
{"loss": 0.4344254732131958, "acc": 0.8342233300209045, "length": 3.1294116973876953, "mode": "test", "epoch": 47}
{"loss": 0.2646294832229614, "acc": 0.8926910758018494, "length": 3.2150063514709473, "mode": "train", "epoch": 48}
{"loss": 0.4575439691543579, "acc": 0.8431664705276489, "length": 3.2705881595611572, "mode": "test", "epoch": 48}
{"loss": 0.24767932295799255, "acc": 0.8972049951553345, "length": 3.25669527053833, "mode": "train", "epoch": 49}
{"loss": 0.4521014392375946, "acc": 0.8468137979507446, "length": 3.282352924346924, "mode": "test", "epoch": 49}
{"loss": 0.2554483115673065, "acc": 0.89369136095047, "length": 3.252042770385742, "mode": "train", "epoch": 50}
{"loss": 0.41154658794403076, "acc": 0.8526203036308289, "length": 3.247058868408203, "mode": "test", "epoch": 50}
{"loss": 0.23996105790138245, "acc": 0.902087926864624, "length": 3.1811788082122803, "mode": "train", "epoch": 51}
{"loss": 0.4197196662425995, "acc": 0.8491304516792297, "length": 3.0117647647857666, "mode": "test", "epoch": 51}
{"loss": 0.24983149766921997, "acc": 0.8942359685897827, "length": 3.1254823207855225, "mode": "train", "epoch": 52}
{"loss": 0.42486104369163513, "acc": 0.8428600430488586, "length": 3.0705883502960205, "mode": "test", "epoch": 52}
{"loss": 0.23766571283340454, "acc": 0.9003648161888123, "length": 3.176318407058716, "mode": "train", "epoch": 53}
{"loss": 0.42361798882484436, "acc": 0.8525589108467102, "length": 3.0941176414489746, "mode": "test", "epoch": 53}
{"loss": 0.24161875247955322, "acc": 0.9055407047271729, "length": 3.2061054706573486, "mode": "train", "epoch": 54}
{"loss": 0.473131000995636, "acc": 0.849445641040802, "length": 3.1529412269592285, "mode": "test", "epoch": 54}
{"loss": 0.23635601997375488, "acc": 0.9034224152565002, "length": 3.200840473175049, "mode": "train", "epoch": 55}
{"loss": 0.4359148442745209, "acc": 0.8542323112487793, "length": 3.1529412269592285, "mode": "test", "epoch": 55}
{"loss": 0.23023243248462677, "acc": 0.9092453122138977, "length": 3.208003044128418, "mode": "train", "epoch": 56}
{"loss": 0.439441442489624, "acc": 0.8521096706390381, "length": 3.105882406234741, "mode": "test", "epoch": 56}
{"loss": 0.23371964693069458, "acc": 0.9088568687438965, "length": 3.2092950344085693, "mode": "train", "epoch": 57}
{"loss": 0.4507683217525482, "acc": 0.8617968559265137, "length": 3.105882406234741, "mode": "test", "epoch": 57}
{"loss": 0.2242814302444458, "acc": 0.9084908962249756, "length": 3.1580429077148438, "mode": "train", "epoch": 58}
{"loss": 0.4351406991481781, "acc": 0.8567636013031006, "length": 3.0705883502960205, "mode": "test", "epoch": 58}
{"loss": 0.22077049314975739, "acc": 0.9070276618003845, "length": 3.1782381534576416, "mode": "train", "epoch": 59}
{"loss": 0.4497653543949127, "acc": 0.8569809794425964, "length": 3.023529529571533, "mode": "test", "epoch": 59}
{"loss": 0.21603234112262726, "acc": 0.9140675663948059, "length": 3.1553468704223633, "mode": "train", "epoch": 60}
{"loss": 0.4395756125450134, "acc": 0.8515011668205261, "length": 3.023529529571533, "mode": "test", "epoch": 60}
{"loss": 0.22333993017673492, "acc": 0.9079036116600037, "length": 3.2006051540374756, "mode": "train", "epoch": 61}
{"loss": 0.4439041316509247, "acc": 0.8629726767539978, "length": 3.1529412269592285, "mode": "test", "epoch": 61}
{"loss": 0.20942345261573792, "acc": 0.9129347801208496, "length": 3.247093677520752, "mode": "train", "epoch": 62}
{"loss": 0.4253801703453064, "acc": 0.8491524457931519, "length": 3.1764705181121826, "mode": "test", "epoch": 62}
{"loss": 0.21646766364574432, "acc": 0.9069875478744507, "length": 3.2617719173431396, "mode": "train", "epoch": 63}
{"loss": 0.43174687027931213, "acc": 0.8452352285385132, "length": 3.200000047683716, "mode": "test", "epoch": 63}
{"loss": 0.2032899409532547, "acc": 0.921848475933075, "length": 3.260322093963623, "mode": "train", "epoch": 64}
{"loss": 0.4375411570072174, "acc": 0.8536210060119629, "length": 3.22352933883667, "mode": "test", "epoch": 64}
{"loss": 0.20272861421108246, "acc": 0.9168182611465454, "length": 3.31807541847229, "mode": "train", "epoch": 65}
{"loss": 0.44763410091400146, "acc": 0.86454838514328, "length": 3.2117648124694824, "mode": "test", "epoch": 65}
{"loss": 0.19679096341133118, "acc": 0.9217077493667603, "length": 3.2583184242248535, "mode": "train", "epoch": 66}
{"loss": 0.4360745847225189, "acc": 0.8660671710968018, "length": 3.1294116973876953, "mode": "test", "epoch": 66}
{"loss": 0.19344425201416016, "acc": 0.9262470602989197, "length": 3.221163034439087, "mode": "train", "epoch": 67}
{"loss": 0.40473926067352295, "acc": 0.8688420057296753, "length": 3.0941176414489746, "mode": "test", "epoch": 67}
{"loss": 0.20036765933036804, "acc": 0.9227808117866516, "length": 3.191539764404297, "mode": "train", "epoch": 68}
{"loss": 0.39508092403411865, "acc": 0.8671072721481323, "length": 3.117647171020508, "mode": "test", "epoch": 68}
{"loss": 0.1931898295879364, "acc": 0.9206106066703796, "length": 3.195831060409546, "mode": "train", "epoch": 69}
{"loss": 0.42588990926742554, "acc": 0.8690388202667236, "length": 3.22352933883667, "mode": "test", "epoch": 69}
{"loss": 0.19221244752407074, "acc": 0.9273783564567566, "length": 3.276533365249634, "mode": "train", "epoch": 70}
{"loss": 0.3986746072769165, "acc": 0.868169367313385, "length": 3.188235282897949, "mode": "test", "epoch": 70}
{"loss": 0.1855463683605194, "acc": 0.9265588521957397, "length": 3.2487881183624268, "mode": "train", "epoch": 71}
{"loss": 0.38761550188064575, "acc": 0.8728861212730408, "length": 3.141176462173462, "mode": "test", "epoch": 71}
{"loss": 0.18430981040000916, "acc": 0.9318756461143494, "length": 3.198499917984009, "mode": "train", "epoch": 72}
{"loss": 0.36094069480895996, "acc": 0.8738532662391663, "length": 3.105882406234741, "mode": "test", "epoch": 72}
{"loss": 0.1874386966228485, "acc": 0.9272335171699524, "length": 3.194875717163086, "mode": "train", "epoch": 73}
{"loss": 0.38642817735671997, "acc": 0.8710594773292542, "length": 3.1529412269592285, "mode": "test", "epoch": 73}
{"loss": 0.17538395524024963, "acc": 0.9290406107902527, "length": 3.265432357788086, "mode": "train", "epoch": 74}
{"loss": 0.4112946391105652, "acc": 0.8765406012535095, "length": 3.188235282897949, "mode": "test", "epoch": 74}
{"loss": 0.17947830259799957, "acc": 0.9328346848487854, "length": 3.2682669162750244, "mode": "train", "epoch": 75}
{"loss": 0.39722156524658203, "acc": 0.8778303265571594, "length": 3.1529412269592285, "mode": "test", "epoch": 75}
{"loss": 0.1704009473323822, "acc": 0.9332528114318848, "length": 3.298030376434326, "mode": "train", "epoch": 76}
{"loss": 0.41424664855003357, "acc": 0.8825483322143555, "length": 3.247058868408203, "mode": "test", "epoch": 76}
{"loss": 0.16419252753257751, "acc": 0.9390203356742859, "length": 3.3657240867614746, "mode": "train", "epoch": 77}
{"loss": 0.36892321705818176, "acc": 0.8959150314331055, "length": 3.2941176891326904, "mode": "test", "epoch": 77}
{"loss": 0.15967679023742676, "acc": 0.9441654682159424, "length": 3.3739700317382812, "mode": "train", "epoch": 78}
{"loss": 0.33963003754615784, "acc": 0.8858515024185181, "length": 3.2117648124694824, "mode": "test", "epoch": 78}
{"loss": 0.1552417129278183, "acc": 0.9410768747329712, "length": 3.2571144104003906, "mode": "train", "epoch": 79}
{"loss": 0.37555813789367676, "acc": 0.8869048953056335, "length": 3.200000047683716, "mode": "test", "epoch": 79}
{"loss": 0.1574120968580246, "acc": 0.936755895614624, "length": 3.275322437286377, "mode": "train", "epoch": 80}
{"loss": 0.40832486748695374, "acc": 0.8772613406181335, "length": 3.247058868408203, "mode": "test", "epoch": 80}
{"loss": 0.15382929146289825, "acc": 0.9399414658546448, "length": 3.3580832481384277, "mode": "train", "epoch": 81}
{"loss": 0.38185548782348633, "acc": 0.8967247605323792, "length": 3.305882453918457, "mode": "test", "epoch": 81}
{"loss": 0.14725680649280548, "acc": 0.9439626932144165, "length": 3.352344512939453, "mode": "train", "epoch": 82}
{"loss": 0.3805347681045532, "acc": 0.8905987739562988, "length": 3.247058868408203, "mode": "test", "epoch": 82}
{"loss": 0.14968663454055786, "acc": 0.9460620284080505, "length": 3.3554112911224365, "mode": "train", "epoch": 83}
{"loss": 0.3638406991958618, "acc": 0.898701548576355, "length": 3.329411745071411, "mode": "test", "epoch": 83}
{"loss": 0.13844862580299377, "acc": 0.947119414806366, "length": 3.378234624862671, "mode": "train", "epoch": 84}
{"loss": 0.40400001406669617, "acc": 0.8993434906005859, "length": 3.2941176891326904, "mode": "test", "epoch": 84}
{"loss": 0.14289100468158722, "acc": 0.945128321647644, "length": 3.285555601119995, "mode": "train", "epoch": 85}
{"loss": 0.4785345792770386, "acc": 0.8909342885017395, "length": 3.188235282897949, "mode": "test", "epoch": 85}
{"loss": 0.14592036604881287, "acc": 0.9454132914543152, "length": 3.23869252204895, "mode": "train", "epoch": 86}
{"loss": 0.32797771692276, "acc": 0.9014661908149719, "length": 3.0470588207244873, "mode": "test", "epoch": 86}
{"loss": 0.14448416233062744, "acc": 0.9448878765106201, "length": 3.1968464851379395, "mode": "train", "epoch": 87}
{"loss": 0.37593936920166016, "acc": 0.9015041589736938, "length": 3.200000047683716, "mode": "test", "epoch": 87}
{"loss": 0.14762327075004578, "acc": 0.9369782209396362, "length": 3.2685916423797607, "mode": "train", "epoch": 88}
{"loss": 0.44228455424308777, "acc": 0.8957633376121521, "length": 3.282352924346924, "mode": "test", "epoch": 88}
{"loss": 0.13838055729866028, "acc": 0.9470065832138062, "length": 3.3548073768615723, "mode": "train", "epoch": 89}
{"loss": 0.4039698839187622, "acc": 0.8996455669403076, "length": 3.3411765098571777, "mode": "test", "epoch": 89}
{"loss": 0.12659050524234772, "acc": 0.9545602798461914, "length": 3.39237642288208, "mode": "train", "epoch": 90}
{"loss": 0.39184945821762085, "acc": 0.9007236361503601, "length": 3.388235330581665, "mode": "test", "epoch": 90}
{"loss": 0.12587936222553253, "acc": 0.9547086954116821, "length": 3.4075067043304443, "mode": "train", "epoch": 91}
{"loss": 0.38045114278793335, "acc": 0.8996804356575012, "length": 3.388235330581665, "mode": "test", "epoch": 91}
{"loss": 0.13082747161388397, "acc": 0.9506406188011169, "length": 3.3721683025360107, "mode": "train", "epoch": 92}
{"loss": 0.4057298004627228, "acc": 0.8932554125785828, "length": 3.3529412746429443, "mode": "test", "epoch": 92}
{"loss": 0.13817548751831055, "acc": 0.9491441249847412, "length": 3.3970634937286377, "mode": "train", "epoch": 93}
{"loss": 0.41731199622154236, "acc": 0.8887167572975159, "length": 3.364705801010132, "mode": "test", "epoch": 93}
{"loss": 0.12999995052814484, "acc": 0.9506072402000427, "length": 3.374037742614746, "mode": "train", "epoch": 94}
{"loss": 0.39798247814178467, "acc": 0.9021008610725403, "length": 3.3529412746429443, "mode": "test", "epoch": 94}
{"loss": 0.12228389829397202, "acc": 0.951505184173584, "length": 3.3859941959381104, "mode": "train", "epoch": 95}
{"loss": 0.3880607485771179, "acc": 0.9056971073150635, "length": 3.305882453918457, "mode": "test", "epoch": 95}
{"loss": 0.11784360557794571, "acc": 0.9541826248168945, "length": 3.3363263607025146, "mode": "train", "epoch": 96}
{"loss": 0.39228272438049316, "acc": 0.9112161993980408, "length": 3.22352933883667, "mode": "test", "epoch": 96}
{"loss": 0.12621188163757324, "acc": 0.9521747827529907, "length": 3.3049275875091553, "mode": "train", "epoch": 97}
{"loss": 0.4014771580696106, "acc": 0.9069182276725769, "length": 3.200000047683716, "mode": "test", "epoch": 97}
{"loss": 0.12372832745313644, "acc": 0.9505748152732849, "length": 3.34031081199646, "mode": "train", "epoch": 98}
{"loss": 0.4354133605957031, "acc": 0.9033176302909851, "length": 3.3764705657958984, "mode": "test", "epoch": 98}
{"loss": 0.11213487386703491, "acc": 0.9556018114089966, "length": 3.409156084060669, "mode": "train", "epoch": 99}
{"loss": 0.3904229700565338, "acc": 0.9136685729026794, "length": 3.4352941513061523, "mode": "test", "epoch": 99}
{"loss": 0.11529428511857986, "acc": 0.9596289396286011, "length": 3.450937032699585, "mode": "train", "epoch": 100}
{"loss": 0.36621955037117004, "acc": 0.9072041511535645, "length": 3.3529412746429443, "mode": "test", "epoch": 100}
test accuracy: 0.7525067329406738
