# ["--attributes=4", "--values=3", "--game_size=3", "--vocab_size_factor=3", "--n_epochs=100", "--batch_size=32", "--learning_rate=0.0005", "--hidden_size=256", "--temp_update=0.99", "--temperature=2"]
Creating train_ds and val_ds...

Creating test_ds...
{"loss": 0.705503523349762, "acc": 0.4945680797100067, "length": 2.37589430809021, "mode": "train", "epoch": 1}
{"loss": 0.6941961050033569, "acc": 0.4909813106060028, "length": 1.0, "mode": "test", "epoch": 1}
{"loss": 0.6955828666687012, "acc": 0.5020776391029358, "length": 1.0419796705245972, "mode": "train", "epoch": 2}
{"loss": 0.6964234113693237, "acc": 0.5054113268852234, "length": 1.0, "mode": "test", "epoch": 2}
{"loss": 0.667076587677002, "acc": 0.579759955406189, "length": 1.9914799928665161, "mode": "train", "epoch": 3}
{"loss": 0.6334720849990845, "acc": 0.6385072469711304, "length": 2.6688311100006104, "mode": "test", "epoch": 3}
{"loss": 0.5790027379989624, "acc": 0.6913329362869263, "length": 2.960663318634033, "mode": "train", "epoch": 4}
{"loss": 0.5780339241027832, "acc": 0.7005095481872559, "length": 3.2164502143859863, "mode": "test", "epoch": 4}
{"loss": 0.5180601477622986, "acc": 0.7483453750610352, "length": 3.226409912109375, "mode": "train", "epoch": 5}
{"loss": 0.5506219267845154, "acc": 0.7251082062721252, "length": 3.294372320175171, "mode": "test", "epoch": 5}
{"loss": 0.49288177490234375, "acc": 0.7688331007957458, "length": 3.3460254669189453, "mode": "train", "epoch": 6}
{"loss": 0.5452329516410828, "acc": 0.7388860583305359, "length": 3.458874464035034, "mode": "test", "epoch": 6}
{"loss": 0.46678799390792847, "acc": 0.7876539826393127, "length": 3.4946868419647217, "mode": "train", "epoch": 7}
{"loss": 0.5281206965446472, "acc": 0.7585147619247437, "length": 3.5800864696502686, "mode": "test", "epoch": 7}
{"loss": 0.4261477291584015, "acc": 0.8108648657798767, "length": 3.79008150100708, "mode": "train", "epoch": 8}
{"loss": 0.5008924007415771, "acc": 0.7917811274528503, "length": 3.7186148166656494, "mode": "test", "epoch": 8}
{"loss": 0.3972850441932678, "acc": 0.8275007009506226, "length": 4.0474653244018555, "mode": "train", "epoch": 9}
{"loss": 0.4873756170272827, "acc": 0.7948877215385437, "length": 3.909090995788574, "mode": "test", "epoch": 9}
{"loss": 0.3764374554157257, "acc": 0.835992693901062, "length": 4.165964603424072, "mode": "train", "epoch": 10}
{"loss": 0.4575735628604889, "acc": 0.8078150749206543, "length": 4.255411148071289, "mode": "test", "epoch": 10}
{"loss": 0.36170005798339844, "acc": 0.8427800536155701, "length": 4.280755043029785, "mode": "train", "epoch": 11}
{"loss": 0.45662862062454224, "acc": 0.8113242983818054, "length": 4.523809432983398, "mode": "test", "epoch": 11}
{"loss": 0.33659660816192627, "acc": 0.8560841083526611, "length": 4.373602390289307, "mode": "train", "epoch": 12}
{"loss": 0.4570251405239105, "acc": 0.8073689937591553, "length": 4.445887565612793, "mode": "test", "epoch": 12}
{"loss": 0.31575822830200195, "acc": 0.8706873655319214, "length": 4.381863594055176, "mode": "train", "epoch": 13}
{"loss": 0.4568880498409271, "acc": 0.8169046640396118, "length": 4.376623153686523, "mode": "test", "epoch": 13}
{"loss": 0.2993837594985962, "acc": 0.8776183724403381, "length": 4.434372425079346, "mode": "train", "epoch": 14}
{"loss": 0.4509941637516022, "acc": 0.8237510323524475, "length": 4.435064792633057, "mode": "test", "epoch": 14}
{"loss": 0.278226375579834, "acc": 0.8835768699645996, "length": 4.509702205657959, "mode": "train", "epoch": 15}
{"loss": 0.46211445331573486, "acc": 0.8354527950286865, "length": 4.683982849121094, "mode": "test", "epoch": 15}
{"loss": 0.2658119797706604, "acc": 0.8923147320747375, "length": 4.604121685028076, "mode": "train", "epoch": 16}
{"loss": 0.42112720012664795, "acc": 0.8427579402923584, "length": 4.729437351226807, "mode": "test", "epoch": 16}
{"loss": 0.2527048885822296, "acc": 0.8985313177108765, "length": 4.711409568786621, "mode": "train", "epoch": 17}
{"loss": 0.38749027252197266, "acc": 0.8588789701461792, "length": 4.826839923858643, "mode": "test", "epoch": 17}
{"loss": 0.24118489027023315, "acc": 0.9076842069625854, "length": 4.790033340454102, "mode": "train", "epoch": 18}
{"loss": 0.39382967352867126, "acc": 0.8535916805267334, "length": 4.809523582458496, "mode": "test", "epoch": 18}
{"loss": 0.2222403734922409, "acc": 0.9145103693008423, "length": 4.809698581695557, "mode": "train", "epoch": 19}
{"loss": 0.3664148151874542, "acc": 0.8588000535964966, "length": 4.846320152282715, "mode": "test", "epoch": 19}
{"loss": 0.21620170772075653, "acc": 0.9162034392356873, "length": 4.846441268920898, "mode": "train", "epoch": 20}
{"loss": 0.37113600969314575, "acc": 0.8695887327194214, "length": 4.917748928070068, "mode": "test", "epoch": 20}
{"loss": 0.2081618309020996, "acc": 0.9187953472137451, "length": 4.85245943069458, "mode": "train", "epoch": 21}
{"loss": 0.3617451786994934, "acc": 0.8724972009658813, "length": 4.919913291931152, "mode": "test", "epoch": 21}
{"loss": 0.19221913814544678, "acc": 0.9220401644706726, "length": 4.830933570861816, "mode": "train", "epoch": 22}
{"loss": 0.3485885262489319, "acc": 0.8723845481872559, "length": 4.88744592666626, "mode": "test", "epoch": 22}
{"loss": 0.17768354713916779, "acc": 0.9332985877990723, "length": 4.868974208831787, "mode": "train", "epoch": 23}
{"loss": 0.3322225511074066, "acc": 0.8798813819885254, "length": 4.952381134033203, "mode": "test", "epoch": 23}
{"loss": 0.1668199747800827, "acc": 0.9362227320671082, "length": 4.915389537811279, "mode": "train", "epoch": 24}
{"loss": 0.32306310534477234, "acc": 0.8870174288749695, "length": 4.965367794036865, "mode": "test", "epoch": 24}
{"loss": 0.1649118810892105, "acc": 0.9406344890594482, "length": 4.888169288635254, "mode": "train", "epoch": 25}
{"loss": 0.3151771128177643, "acc": 0.8871866464614868, "length": 4.943722724914551, "mode": "test", "epoch": 25}
{"loss": 0.1516888439655304, "acc": 0.9444372653961182, "length": 4.909522533416748, "mode": "train", "epoch": 26}
{"loss": 0.32408422231674194, "acc": 0.8842217326164246, "length": 4.969696998596191, "mode": "test", "epoch": 26}
{"loss": 0.1406814008951187, "acc": 0.9471033811569214, "length": 4.9231085777282715, "mode": "train", "epoch": 27}
{"loss": 0.3132140338420868, "acc": 0.8885733485221863, "length": 4.963203430175781, "mode": "test", "epoch": 27}
{"loss": 0.13473965227603912, "acc": 0.9482779502868652, "length": 4.942277431488037, "mode": "train", "epoch": 28}
{"loss": 0.32568660378456116, "acc": 0.8943226933479309, "length": 4.974026203155518, "mode": "test", "epoch": 28}
{"loss": 0.13279584050178528, "acc": 0.9506134986877441, "length": 4.935952186584473, "mode": "train", "epoch": 29}
{"loss": 0.3075622618198395, "acc": 0.8945255875587463, "length": 4.989177703857422, "mode": "test", "epoch": 29}
{"loss": 0.12031670659780502, "acc": 0.9546147584915161, "length": 4.953295707702637, "mode": "train", "epoch": 30}
{"loss": 0.31503045558929443, "acc": 0.8961603045463562, "length": 4.995670795440674, "mode": "test", "epoch": 30}
{"loss": 0.11490057408809662, "acc": 0.9576625823974609, "length": 4.950430393218994, "mode": "train", "epoch": 31}
{"loss": 0.30436819791793823, "acc": 0.8961039781570435, "length": 4.98701286315918, "mode": "test", "epoch": 31}
{"loss": 0.11203214526176453, "acc": 0.9595299363136292, "length": 4.942944049835205, "mode": "train", "epoch": 32}
{"loss": 0.328594446182251, "acc": 0.8989447355270386, "length": 4.995670795440674, "mode": "test", "epoch": 32}
{"loss": 0.10052525997161865, "acc": 0.9646182060241699, "length": 4.9597673416137695, "mode": "train", "epoch": 33}
{"loss": 0.3232089579105377, "acc": 0.8932292461395264, "length": 4.99350643157959, "mode": "test", "epoch": 33}
{"loss": 0.112347811460495, "acc": 0.9579200744628906, "length": 4.957553863525391, "mode": "train", "epoch": 34}
{"loss": 0.31517308950424194, "acc": 0.8936689496040344, "length": 4.967532634735107, "mode": "test", "epoch": 34}
{"loss": 0.09170646220445633, "acc": 0.9672102332115173, "length": 4.950152397155762, "mode": "train", "epoch": 35}
{"loss": 0.2929537296295166, "acc": 0.9050549268722534, "length": 4.991342067718506, "mode": "test", "epoch": 35}
{"loss": 0.08652283251285553, "acc": 0.968987226486206, "length": 4.968378067016602, "mode": "train", "epoch": 36}
{"loss": 0.31136009097099304, "acc": 0.8926204442977905, "length": 4.9805192947387695, "mode": "test", "epoch": 36}
{"loss": 0.09576708823442459, "acc": 0.963375449180603, "length": 4.956156253814697, "mode": "train", "epoch": 37}
{"loss": 0.29277747869491577, "acc": 0.9102632403373718, "length": 4.963203430175781, "mode": "test", "epoch": 37}
{"loss": 0.09118479490280151, "acc": 0.966884970664978, "length": 4.953160285949707, "mode": "train", "epoch": 38}
{"loss": 0.3238670825958252, "acc": 0.9032176733016968, "length": 4.98701286315918, "mode": "test", "epoch": 38}
{"loss": 0.08555684983730316, "acc": 0.9699277877807617, "length": 4.9626569747924805, "mode": "train", "epoch": 39}
{"loss": 0.304312139749527, "acc": 0.9038602113723755, "length": 4.98701286315918, "mode": "test", "epoch": 39}
{"loss": 0.07355506718158722, "acc": 0.9751341342926025, "length": 4.971791744232178, "mode": "train", "epoch": 40}
{"loss": 0.31337204575538635, "acc": 0.9134989976882935, "length": 4.984848499298096, "mode": "test", "epoch": 40}
{"loss": 0.0695883259177208, "acc": 0.9743878245353699, "length": 4.969913482666016, "mode": "train", "epoch": 41}
{"loss": 0.30729445815086365, "acc": 0.9064754247665405, "length": 4.98701286315918, "mode": "test", "epoch": 41}
{"loss": 0.06938304007053375, "acc": 0.9750366806983948, "length": 4.972916126251221, "mode": "train", "epoch": 42}
{"loss": 0.2859880328178406, "acc": 0.9166440963745117, "length": 4.995670795440674, "mode": "test", "epoch": 42}
{"loss": 0.0672379583120346, "acc": 0.9758880734443665, "length": 4.972681522369385, "mode": "train", "epoch": 43}
{"loss": 0.3300653100013733, "acc": 0.9075012803077698, "length": 4.98701286315918, "mode": "test", "epoch": 43}
{"loss": 0.06683376431465149, "acc": 0.9754099249839783, "length": 4.973677635192871, "mode": "train", "epoch": 44}
{"loss": 0.2936175763607025, "acc": 0.9144910573959351, "length": 4.995670795440674, "mode": "test", "epoch": 44}
{"loss": 0.06942754238843918, "acc": 0.976399838924408, "length": 4.981077671051025, "mode": "train", "epoch": 45}
{"loss": 0.29892250895500183, "acc": 0.9169937968254089, "length": 4.99350643157959, "mode": "test", "epoch": 45}
{"loss": 0.06153073161840439, "acc": 0.978526771068573, "length": 4.9736738204956055, "mode": "train", "epoch": 46}
{"loss": 0.27872785925865173, "acc": 0.9168019890785217, "length": 4.982684135437012, "mode": "test", "epoch": 46}
{"loss": 0.051940008997917175, "acc": 0.9819084405899048, "length": 4.9745283126831055, "mode": "train", "epoch": 47}
{"loss": 0.2922755479812622, "acc": 0.9139270782470703, "length": 4.984848499298096, "mode": "test", "epoch": 47}
{"loss": 0.05637016147375107, "acc": 0.9796522855758667, "length": 4.974846363067627, "mode": "train", "epoch": 48}
{"loss": 0.28139713406562805, "acc": 0.9186509251594543, "length": 4.989177703857422, "mode": "test", "epoch": 48}
{"loss": 0.05815025046467781, "acc": 0.979736864566803, "length": 4.97507381439209, "mode": "train", "epoch": 49}
{"loss": 0.29929623007774353, "acc": 0.9199811816215515, "length": 4.984848499298096, "mode": "test", "epoch": 49}
{"loss": 0.06166306510567665, "acc": 0.9784396290779114, "length": 4.978755474090576, "mode": "train", "epoch": 50}
{"loss": 0.2798161208629608, "acc": 0.9202178120613098, "length": 4.991342067718506, "mode": "test", "epoch": 50}
{"loss": 0.054640740156173706, "acc": 0.9813652634620667, "length": 4.976631164550781, "mode": "train", "epoch": 51}
{"loss": 0.2821546494960785, "acc": 0.917737603187561, "length": 4.991342067718506, "mode": "test", "epoch": 51}
{"loss": 0.046063173562288284, "acc": 0.985096275806427, "length": 4.981543064117432, "mode": "train", "epoch": 52}
{"loss": 0.27146854996681213, "acc": 0.9246370196342468, "length": 4.99350643157959, "mode": "test", "epoch": 52}
{"loss": 0.04756556823849678, "acc": 0.9827998280525208, "length": 4.981486797332764, "mode": "train", "epoch": 53}
{"loss": 0.2945031523704529, "acc": 0.9143104553222656, "length": 4.984848499298096, "mode": "test", "epoch": 53}
{"loss": 0.04820941388607025, "acc": 0.9828848838806152, "length": 4.978916168212891, "mode": "train", "epoch": 54}
{"loss": 0.2922936677932739, "acc": 0.9194173812866211, "length": 4.98701286315918, "mode": "test", "epoch": 54}
{"loss": 0.0421975702047348, "acc": 0.9849618077278137, "length": 4.979001998901367, "mode": "train", "epoch": 55}
{"loss": 0.28751876950263977, "acc": 0.9188310503959656, "length": 4.99350643157959, "mode": "test", "epoch": 55}
{"loss": 0.039418697357177734, "acc": 0.9866036176681519, "length": 4.985666275024414, "mode": "train", "epoch": 56}
{"loss": 0.30239802598953247, "acc": 0.9197556376457214, "length": 4.98701286315918, "mode": "test", "epoch": 56}
{"loss": 0.03884200379252434, "acc": 0.9868940711021423, "length": 4.9716901779174805, "mode": "train", "epoch": 57}
{"loss": 0.2967960238456726, "acc": 0.9248625636100769, "length": 4.984848499298096, "mode": "test", "epoch": 57}
{"loss": 0.040014661848545074, "acc": 0.9857416749000549, "length": 4.981983661651611, "mode": "train", "epoch": 58}
{"loss": 0.3224654793739319, "acc": 0.9198684096336365, "length": 4.99350643157959, "mode": "test", "epoch": 58}
{"loss": 0.03992002457380295, "acc": 0.9871341586112976, "length": 4.98499059677124, "mode": "train", "epoch": 59}
{"loss": 0.3247024118900299, "acc": 0.9146599769592285, "length": 4.976190567016602, "mode": "test", "epoch": 59}
{"loss": 0.04527831822633743, "acc": 0.9837265014648438, "length": 4.9771318435668945, "mode": "train", "epoch": 60}
{"loss": 0.3196210265159607, "acc": 0.9131268262863159, "length": 4.98701286315918, "mode": "test", "epoch": 60}
{"loss": 0.04366007819771767, "acc": 0.9864742755889893, "length": 4.987550735473633, "mode": "train", "epoch": 61}
{"loss": 0.30668821930885315, "acc": 0.9191466569900513, "length": 4.995670795440674, "mode": "test", "epoch": 61}
{"loss": 0.04644317552447319, "acc": 0.9849493503570557, "length": 4.985319137573242, "mode": "train", "epoch": 62}
{"loss": 0.27796393632888794, "acc": 0.9216269254684448, "length": 4.991342067718506, "mode": "test", "epoch": 62}
{"loss": 0.03660416230559349, "acc": 0.9879761934280396, "length": 4.987711429595947, "mode": "train", "epoch": 63}
{"loss": 0.3194756805896759, "acc": 0.9170050024986267, "length": 4.995670795440674, "mode": "test", "epoch": 63}
{"loss": 0.03926984220743179, "acc": 0.9875276684761047, "length": 4.990758895874023, "mode": "train", "epoch": 64}
{"loss": 0.2867516279220581, "acc": 0.9162608981132507, "length": 4.984848499298096, "mode": "test", "epoch": 64}
{"loss": 0.04506610333919525, "acc": 0.9849045276641846, "length": 4.982712745666504, "mode": "train", "epoch": 65}
{"loss": 0.32521581649780273, "acc": 0.9208605289459229, "length": 4.989177703857422, "mode": "test", "epoch": 65}
{"loss": 0.05248648673295975, "acc": 0.9818976521492004, "length": 4.984065532684326, "mode": "train", "epoch": 66}
{"loss": 0.25854620337486267, "acc": 0.9310516119003296, "length": 4.99350643157959, "mode": "test", "epoch": 66}
{"loss": 0.04015675187110901, "acc": 0.9864037036895752, "length": 4.987051010131836, "mode": "train", "epoch": 67}
{"loss": 0.2844776511192322, "acc": 0.9209505915641785, "length": 4.991342067718506, "mode": "test", "epoch": 67}
{"loss": 0.03311937302350998, "acc": 0.9887923002243042, "length": 4.985142707824707, "mode": "train", "epoch": 68}
{"loss": 0.27466511726379395, "acc": 0.924513041973114, "length": 4.99350643157959, "mode": "test", "epoch": 68}
{"loss": 0.03156875818967819, "acc": 0.9894362688064575, "length": 4.982184410095215, "mode": "train", "epoch": 69}
{"loss": 0.28264740109443665, "acc": 0.9262941479682922, "length": 4.98701286315918, "mode": "test", "epoch": 69}
{"loss": 0.03769028186798096, "acc": 0.9875495433807373, "length": 4.986199855804443, "mode": "train", "epoch": 70}
{"loss": 0.26223665475845337, "acc": 0.928706705570221, "length": 4.991342067718506, "mode": "test", "epoch": 70}
{"loss": 0.034846026450395584, "acc": 0.988306999206543, "length": 4.981201171875, "mode": "train", "epoch": 71}
{"loss": 0.2704854905605316, "acc": 0.930961549282074, "length": 4.98701286315918, "mode": "test", "epoch": 71}
{"loss": 0.030712857842445374, "acc": 0.9899437427520752, "length": 4.98254919052124, "mode": "train", "epoch": 72}
{"loss": 0.2773765027523041, "acc": 0.9267339110374451, "length": 4.991342067718506, "mode": "test", "epoch": 72}
{"loss": 0.03594702482223511, "acc": 0.9878886342048645, "length": 4.986230850219727, "mode": "train", "epoch": 73}
{"loss": 0.2787286341190338, "acc": 0.925629198551178, "length": 4.995670795440674, "mode": "test", "epoch": 73}
{"loss": 0.0302845798432827, "acc": 0.9895627498626709, "length": 4.986591339111328, "mode": "train", "epoch": 74}
{"loss": 0.28023791313171387, "acc": 0.9270607829093933, "length": 4.99350643157959, "mode": "test", "epoch": 74}
{"loss": 0.026008939370512962, "acc": 0.9911110997200012, "length": 4.986749172210693, "mode": "train", "epoch": 75}
{"loss": 0.26348230242729187, "acc": 0.9288531541824341, "length": 4.99350643157959, "mode": "test", "epoch": 75}
{"loss": 0.02522381953895092, "acc": 0.9913884401321411, "length": 4.989047527313232, "mode": "train", "epoch": 76}
{"loss": 0.2783730924129486, "acc": 0.9317280650138855, "length": 4.991342067718506, "mode": "test", "epoch": 76}
{"loss": 0.029682176187634468, "acc": 0.9903337359428406, "length": 4.983133792877197, "mode": "train", "epoch": 77}
{"loss": 0.29590174555778503, "acc": 0.9316266179084778, "length": 4.984848499298096, "mode": "test", "epoch": 77}
{"loss": 0.046245694160461426, "acc": 0.9823091626167297, "length": 4.973103046417236, "mode": "train", "epoch": 78}
{"loss": 0.27812257409095764, "acc": 0.9280303120613098, "length": 4.982684135437012, "mode": "test", "epoch": 78}
{"loss": 0.04080198332667351, "acc": 0.9871265888214111, "length": 4.98231315612793, "mode": "train", "epoch": 79}
{"loss": 0.31573089957237244, "acc": 0.9155505299568176, "length": 4.99350643157959, "mode": "test", "epoch": 79}
{"loss": 0.04205256700515747, "acc": 0.9864493012428284, "length": 4.980107307434082, "mode": "train", "epoch": 80}
{"loss": 0.24356593191623688, "acc": 0.9290674924850464, "length": 4.98701286315918, "mode": "test", "epoch": 80}
{"loss": 0.03236483782529831, "acc": 0.9908397197723389, "length": 4.979986190795898, "mode": "train", "epoch": 81}
{"loss": 0.2736636996269226, "acc": 0.9321225881576538, "length": 4.98701286315918, "mode": "test", "epoch": 81}
{"loss": 0.032547030597925186, "acc": 0.9885900020599365, "length": 4.988247394561768, "mode": "train", "epoch": 82}
{"loss": 0.3190717101097107, "acc": 0.9270381927490234, "length": 4.99350643157959, "mode": "test", "epoch": 82}
{"loss": 0.029613226652145386, "acc": 0.9894430041313171, "length": 4.9885783195495605, "mode": "train", "epoch": 83}
{"loss": 0.2934134006500244, "acc": 0.9245468974113464, "length": 4.98701286315918, "mode": "test", "epoch": 83}
{"loss": 0.03333275765180588, "acc": 0.9882398247718811, "length": 4.986348628997803, "mode": "train", "epoch": 84}
{"loss": 0.2860017418861389, "acc": 0.9273314476013184, "length": 4.99350643157959, "mode": "test", "epoch": 84}
{"loss": 0.04622874781489372, "acc": 0.9847061634063721, "length": 4.992654323577881, "mode": "train", "epoch": 85}
{"loss": 0.33053889870643616, "acc": 0.922675371170044, "length": 4.991342067718506, "mode": "test", "epoch": 85}
{"loss": 0.05206259340047836, "acc": 0.9832424521446228, "length": 4.9807891845703125, "mode": "train", "epoch": 86}
{"loss": 0.30126357078552246, "acc": 0.9281544089317322, "length": 4.989177703857422, "mode": "test", "epoch": 86}
{"loss": 0.026356177404522896, "acc": 0.9914553165435791, "length": 4.991751670837402, "mode": "train", "epoch": 87}
{"loss": 0.29429057240486145, "acc": 0.9273990988731384, "length": 4.991342067718506, "mode": "test", "epoch": 87}
{"loss": 0.031243376433849335, "acc": 0.9890210628509521, "length": 4.9880146980285645, "mode": "train", "epoch": 88}
{"loss": 0.2930598556995392, "acc": 0.9264183044433594, "length": 4.991342067718506, "mode": "test", "epoch": 88}
{"loss": 0.02314898371696472, "acc": 0.9928743839263916, "length": 4.989264965057373, "mode": "train", "epoch": 89}
{"loss": 0.28668493032455444, "acc": 0.928887128829956, "length": 4.991342067718506, "mode": "test", "epoch": 89}
{"loss": 0.02435140497982502, "acc": 0.9923738241195679, "length": 4.9902472496032715, "mode": "train", "epoch": 90}
{"loss": 0.28750643134117126, "acc": 0.9295747876167297, "length": 4.991342067718506, "mode": "test", "epoch": 90}
{"loss": 0.023158028721809387, "acc": 0.9933661222457886, "length": 4.992309093475342, "mode": "train", "epoch": 91}
{"loss": 0.28021693229675293, "acc": 0.9277033805847168, "length": 4.99350643157959, "mode": "test", "epoch": 91}
{"loss": 0.024570845067501068, "acc": 0.9929822087287903, "length": 4.991691589355469, "mode": "train", "epoch": 92}
{"loss": 0.2841484248638153, "acc": 0.9289097785949707, "length": 4.995670795440674, "mode": "test", "epoch": 92}
{"loss": 0.031193405389785767, "acc": 0.9904396533966064, "length": 4.991023063659668, "mode": "train", "epoch": 93}
{"loss": 0.3042828142642975, "acc": 0.9230700731277466, "length": 4.99350643157959, "mode": "test", "epoch": 93}
{"loss": 0.030399184674024582, "acc": 0.9913161396980286, "length": 4.989663124084473, "mode": "train", "epoch": 94}
{"loss": 0.2713261842727661, "acc": 0.9278724789619446, "length": 4.991342067718506, "mode": "test", "epoch": 94}
{"loss": 0.023428717628121376, "acc": 0.9929959177970886, "length": 4.990645885467529, "mode": "train", "epoch": 95}
{"loss": 0.29526907205581665, "acc": 0.9292028546333313, "length": 4.99350643157959, "mode": "test", "epoch": 95}
{"loss": 0.019942795857787132, "acc": 0.9938773512840271, "length": 4.988827705383301, "mode": "train", "epoch": 96}
{"loss": 0.2966051697731018, "acc": 0.9234644174575806, "length": 4.99350643157959, "mode": "test", "epoch": 96}
{"loss": 0.036261461675167084, "acc": 0.9885610342025757, "length": 4.991532802581787, "mode": "train", "epoch": 97}
{"loss": 0.2944619059562683, "acc": 0.9249074459075928, "length": 4.991342067718506, "mode": "test", "epoch": 97}
{"loss": 0.03656957298517227, "acc": 0.9886267185211182, "length": 4.986551284790039, "mode": "train", "epoch": 98}
{"loss": 0.3246750831604004, "acc": 0.9172529578208923, "length": 4.99350643157959, "mode": "test", "epoch": 98}
{"loss": 0.038206834346055984, "acc": 0.9871255159378052, "length": 4.982109069824219, "mode": "train", "epoch": 99}
{"loss": 0.3147904574871063, "acc": 0.9212211966514587, "length": 4.976190567016602, "mode": "test", "epoch": 99}
{"loss": 0.03752951696515083, "acc": 0.986821174621582, "length": 4.985939025878906, "mode": "train", "epoch": 100}
{"loss": 0.3078031837940216, "acc": 0.9284698963165283, "length": 4.99350643157959, "mode": "test", "epoch": 100}
test accuracy: 0.9045026302337646
