# ["--attributes=4", "--values=3", "--game_size=3", "--vocab_size_factor=3", "--n_epochs=100", "--batch_size=64", "--learning_rate=0.001", "--hidden_size=128", "--temp_update=0.97", "--temperature=2"]
Creating train_ds and val_ds...

Creating test_ds...
{"loss": 0.697795569896698, "acc": 0.5006216168403625, "length": 3.7582626342773438, "mode": "train", "epoch": 1}
{"loss": 0.6948420405387878, "acc": 0.4928469955921173, "length": 1.0, "mode": "test", "epoch": 1}
{"loss": 0.6885784268379211, "acc": 0.5420951843261719, "length": 2.290327310562134, "mode": "train", "epoch": 2}
{"loss": 0.66646808385849, "acc": 0.6117376089096069, "length": 2.09871244430542, "mode": "test", "epoch": 2}
{"loss": 0.628511905670166, "acc": 0.6722652912139893, "length": 2.8723232746124268, "mode": "train", "epoch": 3}
{"loss": 0.5868415832519531, "acc": 0.7281185984611511, "length": 3.366952896118164, "mode": "test", "epoch": 3}
{"loss": 0.5561504364013672, "acc": 0.7347237467765808, "length": 3.4728376865386963, "mode": "train", "epoch": 4}
{"loss": 0.5286509990692139, "acc": 0.760552704334259, "length": 3.9957082271575928, "mode": "test", "epoch": 4}
{"loss": 0.499436616897583, "acc": 0.7687451839447021, "length": 3.866204261779785, "mode": "train", "epoch": 5}
{"loss": 0.5117180347442627, "acc": 0.7638522386550903, "length": 4.184549331665039, "mode": "test", "epoch": 5}
{"loss": 0.44799384474754333, "acc": 0.8012157082557678, "length": 4.114139080047607, "mode": "train", "epoch": 6}
{"loss": 0.45551952719688416, "acc": 0.8135461807250977, "length": 4.377682209014893, "mode": "test", "epoch": 6}
{"loss": 0.40896114706993103, "acc": 0.8228477239608765, "length": 4.205080509185791, "mode": "train", "epoch": 7}
{"loss": 0.4533193111419678, "acc": 0.8132749795913696, "length": 4.4420599937438965, "mode": "test", "epoch": 7}
{"loss": 0.3930184245109558, "acc": 0.8333998918533325, "length": 4.302041530609131, "mode": "train", "epoch": 8}
{"loss": 0.4603947699069977, "acc": 0.7957343459129333, "length": 4.444206237792969, "mode": "test", "epoch": 8}
{"loss": 0.38122624158859253, "acc": 0.8341692090034485, "length": 4.3145060539245605, "mode": "train", "epoch": 9}
{"loss": 0.447855681180954, "acc": 0.8041453957557678, "length": 4.388411998748779, "mode": "test", "epoch": 9}
{"loss": 0.3687658905982971, "acc": 0.8412365317344666, "length": 4.313720703125, "mode": "train", "epoch": 10}
{"loss": 0.4400276839733124, "acc": 0.8057193756103516, "length": 4.390557765960693, "mode": "test", "epoch": 10}
{"loss": 0.360555499792099, "acc": 0.840087354183197, "length": 4.385439872741699, "mode": "train", "epoch": 11}
{"loss": 0.4160565435886383, "acc": 0.8198865652084351, "length": 4.39484977722168, "mode": "test", "epoch": 11}
{"loss": 0.3592909872531891, "acc": 0.838500440120697, "length": 4.386878967285156, "mode": "train", "epoch": 12}
{"loss": 0.4342486560344696, "acc": 0.8080242872238159, "length": 4.721030235290527, "mode": "test", "epoch": 12}
{"loss": 0.3516366481781006, "acc": 0.8442695736885071, "length": 4.378730297088623, "mode": "train", "epoch": 13}
{"loss": 0.4286086857318878, "acc": 0.8134126663208008, "length": 4.3733906745910645, "mode": "test", "epoch": 13}
{"loss": 0.3452730178833008, "acc": 0.8458265662193298, "length": 4.3578782081604, "mode": "train", "epoch": 14}
{"loss": 0.4255395531654358, "acc": 0.81142258644104, "length": 4.291845321655273, "mode": "test", "epoch": 14}
{"loss": 0.3451111316680908, "acc": 0.8448999524116516, "length": 4.370538234710693, "mode": "train", "epoch": 15}
{"loss": 0.42033901810646057, "acc": 0.8235085010528564, "length": 4.452789783477783, "mode": "test", "epoch": 15}
{"loss": 0.3395000994205475, "acc": 0.8486157655715942, "length": 4.385302543640137, "mode": "train", "epoch": 16}
{"loss": 0.424214631319046, "acc": 0.8128806352615356, "length": 4.562231540679932, "mode": "test", "epoch": 16}
{"loss": 0.3402694761753082, "acc": 0.8478707671165466, "length": 4.3857808113098145, "mode": "train", "epoch": 17}
{"loss": 0.4060157239437103, "acc": 0.8291196823120117, "length": 4.4077253341674805, "mode": "test", "epoch": 17}
{"loss": 0.3363855481147766, "acc": 0.8495091199874878, "length": 4.392455101013184, "mode": "train", "epoch": 18}
{"loss": 0.4108738601207733, "acc": 0.8298636078834534, "length": 4.229613780975342, "mode": "test", "epoch": 18}
{"loss": 0.33150267601013184, "acc": 0.8492088317871094, "length": 4.348416805267334, "mode": "train", "epoch": 19}
{"loss": 0.4097714424133301, "acc": 0.8275865912437439, "length": 4.418455123901367, "mode": "test", "epoch": 19}
{"loss": 0.32606005668640137, "acc": 0.8527857661247253, "length": 4.366764068603516, "mode": "train", "epoch": 20}
{"loss": 0.41176217794418335, "acc": 0.8341877460479736, "length": 4.487124443054199, "mode": "test", "epoch": 20}
{"loss": 0.32818007469177246, "acc": 0.8541377782821655, "length": 4.393249034881592, "mode": "train", "epoch": 21}
{"loss": 0.4025457203388214, "acc": 0.8320075869560242, "length": 4.416308879852295, "mode": "test", "epoch": 21}
{"loss": 0.3232874870300293, "acc": 0.8524428606033325, "length": 4.379556179046631, "mode": "train", "epoch": 22}
{"loss": 0.3979572057723999, "acc": 0.8319684863090515, "length": 4.3090128898620605, "mode": "test", "epoch": 22}
{"loss": 0.32362136244773865, "acc": 0.8527796864509583, "length": 4.360788345336914, "mode": "train", "epoch": 23}
{"loss": 0.3854360282421112, "acc": 0.839160144329071, "length": 4.227468013763428, "mode": "test", "epoch": 23}
{"loss": 0.32231616973876953, "acc": 0.8528845906257629, "length": 4.362550258636475, "mode": "train", "epoch": 24}
{"loss": 0.3802948296070099, "acc": 0.8357499241828918, "length": 4.218883991241455, "mode": "test", "epoch": 24}
{"loss": 0.31954100728034973, "acc": 0.8539403080940247, "length": 4.348051071166992, "mode": "train", "epoch": 25}
{"loss": 0.38674667477607727, "acc": 0.8372290730476379, "length": 4.358368873596191, "mode": "test", "epoch": 25}
{"loss": 0.31513556838035583, "acc": 0.8570594191551208, "length": 4.368136405944824, "mode": "train", "epoch": 26}
{"loss": 0.3991357982158661, "acc": 0.8353773951530457, "length": 4.3733906745910645, "mode": "test", "epoch": 26}
{"loss": 0.31228575110435486, "acc": 0.859290599822998, "length": 4.360806465148926, "mode": "train", "epoch": 27}
{"loss": 0.3831101655960083, "acc": 0.8407347202301025, "length": 4.285407543182373, "mode": "test", "epoch": 27}
{"loss": 0.3056427538394928, "acc": 0.8634710311889648, "length": 4.378719806671143, "mode": "train", "epoch": 28}
{"loss": 0.39687275886535645, "acc": 0.842080295085907, "length": 4.311158657073975, "mode": "test", "epoch": 28}
{"loss": 0.3075908422470093, "acc": 0.861562192440033, "length": 4.396304607391357, "mode": "train", "epoch": 29}
{"loss": 0.38542234897613525, "acc": 0.8393507599830627, "length": 4.328326225280762, "mode": "test", "epoch": 29}
{"loss": 0.3064701557159424, "acc": 0.8613093495368958, "length": 4.382473945617676, "mode": "train", "epoch": 30}
{"loss": 0.37730103731155396, "acc": 0.8347707986831665, "length": 4.272531986236572, "mode": "test", "epoch": 30}
{"loss": 0.29921776056289673, "acc": 0.863784909248352, "length": 4.387016773223877, "mode": "train", "epoch": 31}
{"loss": 0.3844604790210724, "acc": 0.8359419107437134, "length": 4.3733906745910645, "mode": "test", "epoch": 31}
{"loss": 0.3022323548793793, "acc": 0.8623595833778381, "length": 4.377294540405273, "mode": "train", "epoch": 32}
{"loss": 0.37024733424186707, "acc": 0.8373651504516602, "length": 4.334764003753662, "mode": "test", "epoch": 32}
{"loss": 0.29979848861694336, "acc": 0.8640669584274292, "length": 4.388455390930176, "mode": "train", "epoch": 33}
{"loss": 0.38670894503593445, "acc": 0.8400859832763672, "length": 4.311158657073975, "mode": "test", "epoch": 33}
{"loss": 0.3034380376338959, "acc": 0.8620556592941284, "length": 4.4051408767700195, "mode": "train", "epoch": 34}
{"loss": 0.4019334316253662, "acc": 0.8294401168823242, "length": 4.251072883605957, "mode": "test", "epoch": 34}
{"loss": 0.3120192587375641, "acc": 0.8580091595649719, "length": 4.295416831970215, "mode": "train", "epoch": 35}
{"loss": 0.37681788206100464, "acc": 0.8437947034835815, "length": 4.236051559448242, "mode": "test", "epoch": 35}
{"loss": 0.30210739374160767, "acc": 0.862364649772644, "length": 4.333542823791504, "mode": "train", "epoch": 36}
{"loss": 0.38938671350479126, "acc": 0.8391900062561035, "length": 4.360515117645264, "mode": "test", "epoch": 36}
{"loss": 0.2967853844165802, "acc": 0.8643088340759277, "length": 4.367633819580078, "mode": "train", "epoch": 37}
{"loss": 0.3849331736564636, "acc": 0.8417971134185791, "length": 4.3068671226501465, "mode": "test", "epoch": 37}
{"loss": 0.2948525547981262, "acc": 0.8680604100227356, "length": 4.362473011016846, "mode": "train", "epoch": 38}
{"loss": 0.39620861411094666, "acc": 0.8410795331001282, "length": 4.354077339172363, "mode": "test", "epoch": 38}
{"loss": 0.29439079761505127, "acc": 0.8639597296714783, "length": 4.38906717300415, "mode": "train", "epoch": 39}
{"loss": 0.39350003004074097, "acc": 0.8444889187812805, "length": 4.351931095123291, "mode": "test", "epoch": 39}
{"loss": 0.29292550683021545, "acc": 0.8640633225440979, "length": 4.3872246742248535, "mode": "train", "epoch": 40}
{"loss": 0.38970980048179626, "acc": 0.8410769701004028, "length": 4.356223106384277, "mode": "test", "epoch": 40}
{"loss": 0.2947514057159424, "acc": 0.8648407459259033, "length": 4.374690532684326, "mode": "train", "epoch": 41}
{"loss": 0.37964674830436707, "acc": 0.8472607135772705, "length": 4.3068671226501465, "mode": "test", "epoch": 41}
{"loss": 0.2964128255844116, "acc": 0.8652902245521545, "length": 4.377991199493408, "mode": "train", "epoch": 42}
{"loss": 0.3864387273788452, "acc": 0.8405124545097351, "length": 4.3755364418029785, "mode": "test", "epoch": 42}
{"loss": 0.2928486168384552, "acc": 0.8667734861373901, "length": 4.389659404754639, "mode": "train", "epoch": 43}
{"loss": 0.37318143248558044, "acc": 0.8434662222862244, "length": 4.371244430541992, "mode": "test", "epoch": 43}
{"loss": 0.2904924750328064, "acc": 0.869329035282135, "length": 4.414467811584473, "mode": "train", "epoch": 44}
{"loss": 0.38921087980270386, "acc": 0.834501326084137, "length": 4.345493793487549, "mode": "test", "epoch": 44}
{"loss": 0.29384762048721313, "acc": 0.8659037947654724, "length": 4.458218574523926, "mode": "train", "epoch": 45}
{"loss": 0.404369980096817, "acc": 0.8332122564315796, "length": 4.362660884857178, "mode": "test", "epoch": 45}
{"loss": 0.2934969663619995, "acc": 0.8688996434211731, "length": 4.394651889801025, "mode": "train", "epoch": 46}
{"loss": 0.3925456702709198, "acc": 0.8453948497772217, "length": 4.405579566955566, "mode": "test", "epoch": 46}
{"loss": 0.3005583882331848, "acc": 0.8678542375564575, "length": 4.379679203033447, "mode": "train", "epoch": 47}
{"loss": 0.39080920815467834, "acc": 0.8474040627479553, "length": 4.328326225280762, "mode": "test", "epoch": 47}
{"loss": 0.2937300205230713, "acc": 0.8686997294425964, "length": 4.403669834136963, "mode": "train", "epoch": 48}
{"loss": 0.40411198139190674, "acc": 0.8332265019416809, "length": 4.422746658325195, "mode": "test", "epoch": 48}
{"loss": 0.2966005206108093, "acc": 0.8647862076759338, "length": 4.4080634117126465, "mode": "train", "epoch": 49}
{"loss": 0.38500022888183594, "acc": 0.8493134379386902, "length": 4.330471992492676, "mode": "test", "epoch": 49}
{"loss": 0.28874269127845764, "acc": 0.8687300086021423, "length": 4.383982181549072, "mode": "train", "epoch": 50}
{"loss": 0.388454794883728, "acc": 0.8461008071899414, "length": 4.351931095123291, "mode": "test", "epoch": 50}
{"loss": 0.29485341906547546, "acc": 0.8681807518005371, "length": 4.367501258850098, "mode": "train", "epoch": 51}
{"loss": 0.40832531452178955, "acc": 0.8402591347694397, "length": 4.328326225280762, "mode": "test", "epoch": 51}
{"loss": 0.28942805528640747, "acc": 0.8696879148483276, "length": 4.358710765838623, "mode": "train", "epoch": 52}
{"loss": 0.39159661531448364, "acc": 0.8417028188705444, "length": 4.289699554443359, "mode": "test", "epoch": 52}
{"loss": 0.2939404547214508, "acc": 0.8651525974273682, "length": 4.37359619140625, "mode": "train", "epoch": 53}
{"loss": 0.40072572231292725, "acc": 0.832897424697876, "length": 4.343347549438477, "mode": "test", "epoch": 53}
{"loss": 0.29488813877105713, "acc": 0.8649836778640747, "length": 4.369851112365723, "mode": "train", "epoch": 54}
{"loss": 0.4007691442966461, "acc": 0.8307310342788696, "length": 4.399141788482666, "mode": "test", "epoch": 54}
{"loss": 0.2943185865879059, "acc": 0.8690129518508911, "length": 4.38985538482666, "mode": "train", "epoch": 55}
{"loss": 0.40179359912872314, "acc": 0.8439058661460876, "length": 4.349785327911377, "mode": "test", "epoch": 55}
{"loss": 0.2876478135585785, "acc": 0.8682363033294678, "length": 4.398597240447998, "mode": "train", "epoch": 56}
{"loss": 0.3970959782600403, "acc": 0.8429222702980042, "length": 4.377682209014893, "mode": "test", "epoch": 56}
{"loss": 0.28585731983184814, "acc": 0.8678432106971741, "length": 4.417597770690918, "mode": "train", "epoch": 57}
{"loss": 0.40025079250335693, "acc": 0.8404262065887451, "length": 4.437768459320068, "mode": "test", "epoch": 57}
{"loss": 0.2857072949409485, "acc": 0.8716034293174744, "length": 4.4317626953125, "mode": "train", "epoch": 58}
{"loss": 0.415873646736145, "acc": 0.8415631055831909, "length": 4.364806652069092, "mode": "test", "epoch": 58}
{"loss": 0.2882861793041229, "acc": 0.8692334294319153, "length": 4.394711017608643, "mode": "train", "epoch": 59}
{"loss": 0.3963339924812317, "acc": 0.8463417291641235, "length": 4.293991565704346, "mode": "test", "epoch": 59}
{"loss": 0.29499346017837524, "acc": 0.8692006468772888, "length": 4.3863677978515625, "mode": "train", "epoch": 60}
{"loss": 0.40247300267219543, "acc": 0.8362306356430054, "length": 4.315450668334961, "mode": "test", "epoch": 60}
{"loss": 0.2891930937767029, "acc": 0.8704275488853455, "length": 4.385576248168945, "mode": "train", "epoch": 61}
{"loss": 0.38912150263786316, "acc": 0.8404280543327332, "length": 4.416308879852295, "mode": "test", "epoch": 61}
{"loss": 0.29242587089538574, "acc": 0.8655257821083069, "length": 4.4423112869262695, "mode": "train", "epoch": 62}
{"loss": 0.40358585119247437, "acc": 0.8406782150268555, "length": 4.596566677093506, "mode": "test", "epoch": 62}
{"loss": 0.2931681275367737, "acc": 0.8663510084152222, "length": 4.5204668045043945, "mode": "train", "epoch": 63}
{"loss": 0.39629316329956055, "acc": 0.843994677066803, "length": 4.390557765960693, "mode": "test", "epoch": 63}
{"loss": 0.28901568055152893, "acc": 0.867268443107605, "length": 4.44085693359375, "mode": "train", "epoch": 64}
{"loss": 0.3943265974521637, "acc": 0.8421865105628967, "length": 4.435622215270996, "mode": "test", "epoch": 64}
{"loss": 0.2884657382965088, "acc": 0.8704447746276855, "length": 4.411166191101074, "mode": "train", "epoch": 65}
{"loss": 0.38197192549705505, "acc": 0.8464460372924805, "length": 4.450643539428711, "mode": "test", "epoch": 65}
{"loss": 0.283467173576355, "acc": 0.8703156113624573, "length": 4.448851585388184, "mode": "train", "epoch": 66}
{"loss": 0.37638500332832336, "acc": 0.840398907661438, "length": 4.480686664581299, "mode": "test", "epoch": 66}
{"loss": 0.2815302610397339, "acc": 0.8730791211128235, "length": 4.4738054275512695, "mode": "train", "epoch": 67}
{"loss": 0.3702927827835083, "acc": 0.8424124717712402, "length": 4.427038669586182, "mode": "test", "epoch": 67}
{"loss": 0.28244340419769287, "acc": 0.8735790848731995, "length": 4.427501678466797, "mode": "train", "epoch": 68}
{"loss": 0.39946383237838745, "acc": 0.8424497842788696, "length": 4.392704010009766, "mode": "test", "epoch": 68}
{"loss": 0.2779389023780823, "acc": 0.8749316930770874, "length": 4.40131950378418, "mode": "train", "epoch": 69}
{"loss": 0.37943586707115173, "acc": 0.8521325588226318, "length": 4.377682209014893, "mode": "test", "epoch": 69}
{"loss": 0.278376966714859, "acc": 0.874763011932373, "length": 4.41481876373291, "mode": "train", "epoch": 70}
{"loss": 0.3849226236343384, "acc": 0.8443232178688049, "length": 4.3733906745910645, "mode": "test", "epoch": 70}
{"loss": 0.2750527858734131, "acc": 0.8726810216903687, "length": 4.4579010009765625, "mode": "train", "epoch": 71}
{"loss": 0.39134079217910767, "acc": 0.8456258773803711, "length": 4.435622215270996, "mode": "test", "epoch": 71}
{"loss": 0.275515615940094, "acc": 0.8739733099937439, "length": 4.4348931312561035, "mode": "train", "epoch": 72}
{"loss": 0.4056285619735718, "acc": 0.842902421951294, "length": 4.360515117645264, "mode": "test", "epoch": 72}
{"loss": 0.2738661468029022, "acc": 0.8777021765708923, "length": 4.403750419616699, "mode": "train", "epoch": 73}
{"loss": 0.4042862057685852, "acc": 0.8442256450653076, "length": 4.349785327911377, "mode": "test", "epoch": 73}
{"loss": 0.27590397000312805, "acc": 0.871210515499115, "length": 4.413347244262695, "mode": "train", "epoch": 74}
{"loss": 0.4013568162918091, "acc": 0.8376959562301636, "length": 4.304720878601074, "mode": "test", "epoch": 74}
{"loss": 0.28215813636779785, "acc": 0.8704944252967834, "length": 4.399062633514404, "mode": "train", "epoch": 75}
{"loss": 0.40605950355529785, "acc": 0.8418990969657898, "length": 4.439914226531982, "mode": "test", "epoch": 75}
{"loss": 0.2794032096862793, "acc": 0.8716585636138916, "length": 4.400691032409668, "mode": "train", "epoch": 76}
{"loss": 0.4216172397136688, "acc": 0.8378915786743164, "length": 4.330471992492676, "mode": "test", "epoch": 76}
{"loss": 0.27612051367759705, "acc": 0.8716977834701538, "length": 4.3540754318237305, "mode": "train", "epoch": 77}
{"loss": 0.4044358730316162, "acc": 0.836688756942749, "length": 4.289699554443359, "mode": "test", "epoch": 77}
{"loss": 0.27429765462875366, "acc": 0.8735383749008179, "length": 4.418898105621338, "mode": "train", "epoch": 78}
{"loss": 0.3898622989654541, "acc": 0.846277117729187, "length": 4.3733906745910645, "mode": "test", "epoch": 78}
{"loss": 0.27370038628578186, "acc": 0.8744553327560425, "length": 4.401228427886963, "mode": "train", "epoch": 79}
{"loss": 0.3862227201461792, "acc": 0.8424615263938904, "length": 4.381974220275879, "mode": "test", "epoch": 79}
{"loss": 0.27489158511161804, "acc": 0.8756452798843384, "length": 4.4037909507751465, "mode": "train", "epoch": 80}
{"loss": 0.3941599428653717, "acc": 0.8423572778701782, "length": 4.379828453063965, "mode": "test", "epoch": 80}
{"loss": 0.2713238298892975, "acc": 0.8768424391746521, "length": 4.403531551361084, "mode": "train", "epoch": 81}
{"loss": 0.41298818588256836, "acc": 0.8407763242721558, "length": 4.371244430541992, "mode": "test", "epoch": 81}
{"loss": 0.2745486795902252, "acc": 0.8705503344535828, "length": 4.440814971923828, "mode": "train", "epoch": 82}
{"loss": 0.41429394483566284, "acc": 0.8372750282287598, "length": 4.381974220275879, "mode": "test", "epoch": 82}
{"loss": 0.2877197861671448, "acc": 0.8693159818649292, "length": 4.494844436645508, "mode": "train", "epoch": 83}
{"loss": 0.442773699760437, "acc": 0.8456170558929443, "length": 4.416308879852295, "mode": "test", "epoch": 83}
{"loss": 0.27815741300582886, "acc": 0.8735399842262268, "length": 4.435225963592529, "mode": "train", "epoch": 84}
{"loss": 0.408281147480011, "acc": 0.8465585112571716, "length": 4.39484977722168, "mode": "test", "epoch": 84}
{"loss": 0.2822032570838928, "acc": 0.8723039627075195, "length": 4.547179222106934, "mode": "train", "epoch": 85}
{"loss": 0.42309147119522095, "acc": 0.8389464020729065, "length": 4.549356460571289, "mode": "test", "epoch": 85}
{"loss": 0.29045218229293823, "acc": 0.863344669342041, "length": 4.468698501586914, "mode": "train", "epoch": 86}
{"loss": 0.4204491674900055, "acc": 0.8398909568786621, "length": 4.403433322906494, "mode": "test", "epoch": 86}
{"loss": 0.2859256863594055, "acc": 0.871471643447876, "length": 4.484285354614258, "mode": "train", "epoch": 87}
{"loss": 0.41540735960006714, "acc": 0.8364516496658325, "length": 4.448497772216797, "mode": "test", "epoch": 87}
{"loss": 0.2808190882205963, "acc": 0.8691878318786621, "length": 4.469564437866211, "mode": "train", "epoch": 88}
{"loss": 0.4066573679447174, "acc": 0.84276282787323, "length": 4.427038669586182, "mode": "test", "epoch": 88}
{"loss": 0.28300225734710693, "acc": 0.8701546788215637, "length": 4.457257270812988, "mode": "train", "epoch": 89}
{"loss": 0.40260475873947144, "acc": 0.8366876840591431, "length": 4.433476448059082, "mode": "test", "epoch": 89}
{"loss": 0.27644771337509155, "acc": 0.8747153282165527, "length": 4.480330467224121, "mode": "train", "epoch": 90}
{"loss": 0.3907565474510193, "acc": 0.8416095972061157, "length": 4.422746658325195, "mode": "test", "epoch": 90}
{"loss": 0.273176908493042, "acc": 0.8764309287071228, "length": 4.483236789703369, "mode": "train", "epoch": 91}
{"loss": 0.41180887818336487, "acc": 0.8485205769538879, "length": 4.446352005004883, "mode": "test", "epoch": 91}
{"loss": 0.27270957827568054, "acc": 0.875459611415863, "length": 4.446308612823486, "mode": "train", "epoch": 92}
{"loss": 0.40606704354286194, "acc": 0.8386018872261047, "length": 4.4914164543151855, "mode": "test", "epoch": 92}
{"loss": 0.27853918075561523, "acc": 0.8726933598518372, "length": 4.531961917877197, "mode": "train", "epoch": 93}
{"loss": 0.4040038585662842, "acc": 0.8337612152099609, "length": 4.5085835456848145, "mode": "test", "epoch": 93}
{"loss": 0.27056097984313965, "acc": 0.8749545812606812, "length": 4.465608596801758, "mode": "train", "epoch": 94}
{"loss": 0.38828805088996887, "acc": 0.8429364562034607, "length": 4.339056015014648, "mode": "test", "epoch": 94}
{"loss": 0.2753644287586212, "acc": 0.8745276927947998, "length": 4.443709373474121, "mode": "train", "epoch": 95}
{"loss": 0.4033047556877136, "acc": 0.8480251431465149, "length": 4.448497772216797, "mode": "test", "epoch": 95}
{"loss": 0.2744746208190918, "acc": 0.8765128254890442, "length": 4.514573097229004, "mode": "train", "epoch": 96}
{"loss": 0.4007890224456787, "acc": 0.8359215259552002, "length": 4.525751113891602, "mode": "test", "epoch": 96}
{"loss": 0.27250248193740845, "acc": 0.8722115159034729, "length": 4.5173234939575195, "mode": "train", "epoch": 97}
{"loss": 0.3958558738231659, "acc": 0.8476302623748779, "length": 4.446352005004883, "mode": "test", "epoch": 97}
{"loss": 0.2819133400917053, "acc": 0.8714401125907898, "length": 4.461362838745117, "mode": "train", "epoch": 98}
{"loss": 0.4035838842391968, "acc": 0.84128737449646, "length": 4.403433322906494, "mode": "test", "epoch": 98}
{"loss": 0.27962175011634827, "acc": 0.8729205131530762, "length": 4.473634719848633, "mode": "train", "epoch": 99}
{"loss": 0.41177478432655334, "acc": 0.8365949988365173, "length": 4.399141788482666, "mode": "test", "epoch": 99}
{"loss": 0.2870108485221863, "acc": 0.8716347813606262, "length": 4.483926296234131, "mode": "train", "epoch": 100}
{"loss": 0.4270575940608978, "acc": 0.8386385440826416, "length": 4.422746658325195, "mode": "test", "epoch": 100}
test accuracy: 0.7871514558792114
