# ["--attributes=4", "--values=3", "--game_size=3", "--vocab_size_factor=3", "--n_epochs=100", "--batch_size=64", "--learning_rate=0.001", "--hidden_size=256", "--temp_update=0.97", "--temperature=1"]
Creating train_ds and val_ds...

Creating test_ds...
{"loss": 0.703799843788147, "acc": 0.4898413419723511, "length": 1.99260413646698, "mode": "train", "epoch": 1}
{"loss": 0.6936858892440796, "acc": 0.5135908722877502, "length": 1.0, "mode": "test", "epoch": 1}
{"loss": 0.6969866156578064, "acc": 0.503578782081604, "length": 1.0006847381591797, "mode": "train", "epoch": 2}
{"loss": 0.6976219415664673, "acc": 0.48891276121139526, "length": 1.0, "mode": "test", "epoch": 2}
{"loss": 0.6960881352424622, "acc": 0.5103758573532104, "length": 1.0003843307495117, "mode": "train", "epoch": 3}
{"loss": 0.6958208084106445, "acc": 0.5082259774208069, "length": 1.0, "mode": "test", "epoch": 3}
{"loss": 0.6955652236938477, "acc": 0.5042945146560669, "length": 1.0002192258834839, "mode": "train", "epoch": 4}
{"loss": 0.6952695846557617, "acc": 0.5139485001564026, "length": 1.0, "mode": "test", "epoch": 4}
{"loss": 0.6947562098503113, "acc": 0.5106170773506165, "length": 1.0001775026321411, "mode": "train", "epoch": 5}
{"loss": 0.6933345198631287, "acc": 0.5153792500495911, "length": 1.0, "mode": "test", "epoch": 5}
{"loss": 0.69576495885849, "acc": 0.4927237033843994, "length": 1.0002459287643433, "mode": "train", "epoch": 6}
{"loss": 0.6968764662742615, "acc": 0.4953504800796509, "length": 1.0, "mode": "test", "epoch": 6}
{"loss": 0.6952908635139465, "acc": 0.5060889720916748, "length": 1.0005310773849487, "mode": "train", "epoch": 7}
{"loss": 0.6980608701705933, "acc": 0.5082260966300964, "length": 1.0, "mode": "test", "epoch": 7}
{"loss": 0.6950402855873108, "acc": 0.5026246309280396, "length": 1.0000406503677368, "mode": "train", "epoch": 8}
{"loss": 0.6955332159996033, "acc": 0.49856942892074585, "length": 1.0, "mode": "test", "epoch": 8}
{"loss": 0.695216178894043, "acc": 0.5004770755767822, "length": 1.0000427961349487, "mode": "train", "epoch": 9}
{"loss": 0.6997894644737244, "acc": 0.4992847144603729, "length": 1.0, "mode": "test", "epoch": 9}
{"loss": 0.6960541009902954, "acc": 0.5020280480384827, "length": 1.000032901763916, "mode": "train", "epoch": 10}
{"loss": 0.6943116784095764, "acc": 0.5146638751029968, "length": 1.0, "mode": "test", "epoch": 10}
{"loss": 0.6953287124633789, "acc": 0.5021473169326782, "length": 1.0000355243682861, "mode": "train", "epoch": 11}
{"loss": 0.6958318948745728, "acc": 0.49213168025016785, "length": 1.0, "mode": "test", "epoch": 11}
{"loss": 0.6945199966430664, "acc": 0.5094249844551086, "length": 1.0000126361846924, "mode": "train", "epoch": 12}
{"loss": 0.6942659020423889, "acc": 0.5168097615242004, "length": 1.0, "mode": "test", "epoch": 12}
{"loss": 0.6944677233695984, "acc": 0.5062034726142883, "length": 1.0000479221343994, "mode": "train", "epoch": 13}
{"loss": 0.6936073899269104, "acc": 0.501788318157196, "length": 1.0, "mode": "test", "epoch": 13}
{"loss": 0.6942446827888489, "acc": 0.5110955238342285, "length": 1.0000267028808594, "mode": "train", "epoch": 14}
{"loss": 0.6953225135803223, "acc": 0.5100142955780029, "length": 1.0, "mode": "test", "epoch": 14}
{"loss": 0.6944888234138489, "acc": 0.500715970993042, "length": 1.0000334978103638, "mode": "train", "epoch": 15}
{"loss": 0.695233941078186, "acc": 0.4992845952510834, "length": 1.0, "mode": "test", "epoch": 15}
{"loss": 0.6937573552131653, "acc": 0.5031018257141113, "length": 1.000013828277588, "mode": "train", "epoch": 16}
{"loss": 0.6941254734992981, "acc": 0.5139484405517578, "length": 1.0, "mode": "test", "epoch": 16}
{"loss": 0.6940038204193115, "acc": 0.5145546197891235, "length": 1.0000518560409546, "mode": "train", "epoch": 17}
{"loss": 0.694685697555542, "acc": 0.5028612613677979, "length": 1.0, "mode": "test", "epoch": 17}
{"loss": 0.6931228637695312, "acc": 0.5089477896690369, "length": 1.0000020265579224, "mode": "train", "epoch": 18}
{"loss": 0.693463921546936, "acc": 0.5200285911560059, "length": 1.0, "mode": "test", "epoch": 18}
{"loss": 0.6934656500816345, "acc": 0.5109760165214539, "length": 1.000024676322937, "mode": "train", "epoch": 19}
{"loss": 0.693753182888031, "acc": 0.5160943865776062, "length": 1.0, "mode": "test", "epoch": 19}
{"loss": 0.6942178606987, "acc": 0.5059570074081421, "length": 1.000410556793213, "mode": "train", "epoch": 20}
{"loss": 0.6939353346824646, "acc": 0.5182403326034546, "length": 1.0, "mode": "test", "epoch": 20}
{"loss": 0.6940327286720276, "acc": 0.5139585137367249, "length": 1.000006079673767, "mode": "train", "epoch": 21}
{"loss": 0.6955475807189941, "acc": 0.48855504393577576, "length": 1.0, "mode": "test", "epoch": 21}
{"loss": 0.6933742165565491, "acc": 0.5170604586601257, "length": 1.0, "mode": "train", "epoch": 22}
{"loss": 0.6954079270362854, "acc": 0.49320459365844727, "length": 1.0, "mode": "test", "epoch": 22}
{"loss": 0.6933137774467468, "acc": 0.5097829103469849, "length": 1.0000003576278687, "mode": "train", "epoch": 23}
{"loss": 0.6949926614761353, "acc": 0.5085836052894592, "length": 1.0, "mode": "test", "epoch": 23}
{"loss": 0.6936445236206055, "acc": 0.5093055963516235, "length": 1.0, "mode": "train", "epoch": 24}
{"loss": 0.6955810785293579, "acc": 0.5042917728424072, "length": 1.0, "mode": "test", "epoch": 24}
{"loss": 0.6929621696472168, "acc": 0.5202815532684326, "length": 1.0000022649765015, "mode": "train", "epoch": 25}
{"loss": 0.6939938068389893, "acc": 0.5211015939712524, "length": 1.0, "mode": "test", "epoch": 25}
{"loss": 0.6937786340713501, "acc": 0.5038177371025085, "length": 1.000000238418579, "mode": "train", "epoch": 26}
{"loss": 0.6944403648376465, "acc": 0.4814019799232483, "length": 1.0, "mode": "test", "epoch": 26}
{"loss": 0.6925320625305176, "acc": 0.5163445472717285, "length": 1.0000001192092896, "mode": "train", "epoch": 27}
{"loss": 0.6937971115112305, "acc": 0.5193133354187012, "length": 1.0, "mode": "test", "epoch": 27}
{"loss": 0.6920749545097351, "acc": 0.5177761912345886, "length": 1.000000238418579, "mode": "train", "epoch": 28}
{"loss": 0.6946036219596863, "acc": 0.5014307498931885, "length": 1.0, "mode": "test", "epoch": 28}
{"loss": 0.6932189464569092, "acc": 0.5140763521194458, "length": 1.000138282775879, "mode": "train", "epoch": 29}
{"loss": 0.6953189373016357, "acc": 0.4967811405658722, "length": 1.0, "mode": "test", "epoch": 29}
{"loss": 0.6926484704017639, "acc": 0.5155093669891357, "length": 1.0000011920928955, "mode": "train", "epoch": 30}
{"loss": 0.6952763199806213, "acc": 0.5046495199203491, "length": 1.0, "mode": "test", "epoch": 30}
{"loss": 0.6918649077415466, "acc": 0.5195657014846802, "length": 1.0000026226043701, "mode": "train", "epoch": 31}
{"loss": 0.6943808794021606, "acc": 0.5103719830513, "length": 1.0, "mode": "test", "epoch": 31}
{"loss": 0.6930703520774841, "acc": 0.5118110775947571, "length": 1.0000015497207642, "mode": "train", "epoch": 32}
{"loss": 0.6961669921875, "acc": 0.4803290367126465, "length": 1.0, "mode": "test", "epoch": 32}
{"loss": 0.6924668550491333, "acc": 0.5091864466667175, "length": 1.0000003576278687, "mode": "train", "epoch": 33}
{"loss": 0.6946955919265747, "acc": 0.5096566677093506, "length": 1.0, "mode": "test", "epoch": 33}
{"loss": 0.6921917200088501, "acc": 0.5161058306694031, "length": 1.0000044107437134, "mode": "train", "epoch": 34}
{"loss": 0.6951273679733276, "acc": 0.5060800313949585, "length": 1.0, "mode": "test", "epoch": 34}
{"loss": 0.691928505897522, "acc": 0.5153917670249939, "length": 1.0000358819961548, "mode": "train", "epoch": 35}
{"loss": 0.6937528848648071, "acc": 0.5003577470779419, "length": 1.0, "mode": "test", "epoch": 35}
{"loss": 0.692297101020813, "acc": 0.5115725994110107, "length": 1.0000147819519043, "mode": "train", "epoch": 36}
{"loss": 0.69527268409729, "acc": 0.49606579542160034, "length": 1.0, "mode": "test", "epoch": 36}
{"loss": 0.6922136545181274, "acc": 0.5227869153022766, "length": 1.000003457069397, "mode": "train", "epoch": 37}
{"loss": 0.694871187210083, "acc": 0.5132333040237427, "length": 1.0, "mode": "test", "epoch": 37}
{"loss": 0.6930028796195984, "acc": 0.5099020600318909, "length": 1.000003695487976, "mode": "train", "epoch": 38}
{"loss": 0.6935298442840576, "acc": 0.5250357985496521, "length": 1.0, "mode": "test", "epoch": 38}
{"loss": 0.6919788122177124, "acc": 0.5198041200637817, "length": 1.000017523765564, "mode": "train", "epoch": 39}
{"loss": 0.6956740021705627, "acc": 0.4946352243423462, "length": 1.0, "mode": "test", "epoch": 39}
{"loss": 0.6928415298461914, "acc": 0.5137192010879517, "length": 1.0000907182693481, "mode": "train", "epoch": 40}
{"loss": 0.6948657631874084, "acc": 0.5035766363143921, "length": 1.0, "mode": "test", "epoch": 40}
{"loss": 0.6920523643493652, "acc": 0.514197051525116, "length": 1.0000007152557373, "mode": "train", "epoch": 41}
{"loss": 0.6943742036819458, "acc": 0.5143061876296997, "length": 1.0, "mode": "test", "epoch": 41}
{"loss": 0.692439079284668, "acc": 0.5138392448425293, "length": 1.0000001192092896, "mode": "train", "epoch": 42}
{"loss": 0.6946733593940735, "acc": 0.5057224631309509, "length": 1.0, "mode": "test", "epoch": 42}
{"loss": 0.6919305920600891, "acc": 0.5118111371994019, "length": 1.0000016689300537, "mode": "train", "epoch": 43}
{"loss": 0.6948314905166626, "acc": 0.5125179290771484, "length": 1.0, "mode": "test", "epoch": 43}
{"loss": 0.692781925201416, "acc": 0.5172990560531616, "length": 1.0000005960464478, "mode": "train", "epoch": 44}
{"loss": 0.6941226720809937, "acc": 0.5100142955780029, "length": 1.0, "mode": "test", "epoch": 44}
{"loss": 0.6917226910591125, "acc": 0.5223097801208496, "length": 1.0000001192092896, "mode": "train", "epoch": 45}
{"loss": 0.6961943507194519, "acc": 0.5075107216835022, "length": 1.0, "mode": "test", "epoch": 45}
{"loss": 0.6915156245231628, "acc": 0.5218324661254883, "length": 1.0000001192092896, "mode": "train", "epoch": 46}
{"loss": 0.6943484544754028, "acc": 0.505364716053009, "length": 1.0, "mode": "test", "epoch": 46}
{"loss": 0.6921634078025818, "acc": 0.5235031843185425, "length": 1.0000513792037964, "mode": "train", "epoch": 47}
{"loss": 0.6948124170303345, "acc": 0.5203863382339478, "length": 1.0, "mode": "test", "epoch": 47}
{"loss": 0.6915668249130249, "acc": 0.5224291086196899, "length": 1.0000011920928955, "mode": "train", "epoch": 48}
{"loss": 0.6958391666412354, "acc": 0.4946351945400238, "length": 1.0, "mode": "test", "epoch": 48}
{"loss": 0.6916907429695129, "acc": 0.5221903920173645, "length": 1.000002145767212, "mode": "train", "epoch": 49}
{"loss": 0.6948624849319458, "acc": 0.5032188892364502, "length": 1.0, "mode": "test", "epoch": 49}
{"loss": 0.691264808177948, "acc": 0.5168219208717346, "length": 1.0000083446502686, "mode": "train", "epoch": 50}
{"loss": 0.6953285336494446, "acc": 0.5089414715766907, "length": 1.0, "mode": "test", "epoch": 50}
{"loss": 0.6910867691040039, "acc": 0.5229062438011169, "length": 1.0000044107437134, "mode": "train", "epoch": 51}
{"loss": 0.6942514777183533, "acc": 0.5164520740509033, "length": 1.0, "mode": "test", "epoch": 51}
{"loss": 0.6914240717887878, "acc": 0.5202816128730774, "length": 1.0000015497207642, "mode": "train", "epoch": 52}
{"loss": 0.6955737471580505, "acc": 0.4992847442626953, "length": 1.0, "mode": "test", "epoch": 52}
{"loss": 0.6911938190460205, "acc": 0.5205201506614685, "length": 1.0000004768371582, "mode": "train", "epoch": 53}
{"loss": 0.6946601271629333, "acc": 0.5089414119720459, "length": 1.0, "mode": "test", "epoch": 53}
{"loss": 0.6907105445861816, "acc": 0.5266046524047852, "length": 1.000003695487976, "mode": "train", "epoch": 54}
{"loss": 0.6952664852142334, "acc": 0.5228899717330933, "length": 1.0, "mode": "test", "epoch": 54}
{"loss": 0.691363513469696, "acc": 0.5240995287895203, "length": 1.000091791152954, "mode": "train", "epoch": 55}
{"loss": 0.6963601112365723, "acc": 0.5039342045783997, "length": 1.0, "mode": "test", "epoch": 55}
{"loss": 0.6905704140663147, "acc": 0.5200430154800415, "length": 1.0000007152557373, "mode": "train", "epoch": 56}
{"loss": 0.6948380470275879, "acc": 0.506080150604248, "length": 1.0, "mode": "test", "epoch": 56}
{"loss": 0.6916300654411316, "acc": 0.5236220955848694, "length": 1.0000001192092896, "mode": "train", "epoch": 57}
{"loss": 0.6960675716400146, "acc": 0.49070101976394653, "length": 1.0, "mode": "test", "epoch": 57}
{"loss": 0.691369354724884, "acc": 0.5249344110488892, "length": 1.000008463859558, "mode": "train", "epoch": 58}
{"loss": 0.6959646344184875, "acc": 0.5100143551826477, "length": 1.0, "mode": "test", "epoch": 58}
{"loss": 0.6918773055076599, "acc": 0.517419159412384, "length": 1.0003143548965454, "mode": "train", "epoch": 59}
{"loss": 0.6945224404335022, "acc": 0.5239627957344055, "length": 1.0, "mode": "test", "epoch": 59}
{"loss": 0.6906083226203918, "acc": 0.5219519138336182, "length": 1.000004768371582, "mode": "train", "epoch": 60}
{"loss": 0.696836531162262, "acc": 0.5028611421585083, "length": 1.0, "mode": "test", "epoch": 60}
{"loss": 0.6902034878730774, "acc": 0.5304222702980042, "length": 1.0000025033950806, "mode": "train", "epoch": 61}
{"loss": 0.6953065991401672, "acc": 0.5096566677093506, "length": 1.0, "mode": "test", "epoch": 61}
{"loss": 0.690844714641571, "acc": 0.527321457862854, "length": 1.000133991241455, "mode": "train", "epoch": 62}
{"loss": 0.6956766247749329, "acc": 0.517167329788208, "length": 1.0, "mode": "test", "epoch": 62}
{"loss": 0.6911744475364685, "acc": 0.5249348282814026, "length": 1.000026822090149, "mode": "train", "epoch": 63}
{"loss": 0.6958897113800049, "acc": 0.504291832447052, "length": 1.0, "mode": "test", "epoch": 63}
{"loss": 0.690789520740509, "acc": 0.5295873880386353, "length": 1.000011920928955, "mode": "train", "epoch": 64}
{"loss": 0.6957346796989441, "acc": 0.5057225227355957, "length": 1.0, "mode": "test", "epoch": 64}
{"loss": 0.6907270550727844, "acc": 0.5324503779411316, "length": 1.0000079870224, "mode": "train", "epoch": 65}
{"loss": 0.6952975988388062, "acc": 0.5107296109199524, "length": 1.0, "mode": "test", "epoch": 65}
{"loss": 0.6910977959632874, "acc": 0.5279167890548706, "length": 1.000016450881958, "mode": "train", "epoch": 66}
{"loss": 0.6955747008323669, "acc": 0.4957081973552704, "length": 1.0, "mode": "test", "epoch": 66}
{"loss": 0.6906640529632568, "acc": 0.5242204070091248, "length": 1.0001081228256226, "mode": "train", "epoch": 67}
{"loss": 0.6953456401824951, "acc": 0.5107295513153076, "length": 1.0, "mode": "test", "epoch": 67}
{"loss": 0.6910865902900696, "acc": 0.5281539559364319, "length": 1.0003561973571777, "mode": "train", "epoch": 68}
{"loss": 0.6953896880149841, "acc": 0.5128755569458008, "length": 1.0, "mode": "test", "epoch": 68}
{"loss": 0.6910292506217957, "acc": 0.5258558392524719, "length": 1.0252065658569336, "mode": "train", "epoch": 69}
{"loss": 0.6963388323783875, "acc": 0.5164521336555481, "length": 1.0, "mode": "test", "epoch": 69}
{"loss": 0.6693192720413208, "acc": 0.569203794002533, "length": 1.5650410652160645, "mode": "train", "epoch": 70}
{"loss": 0.6492769718170166, "acc": 0.6132253408432007, "length": 2.216738224029541, "mode": "test", "epoch": 70}
{"loss": 0.6313220262527466, "acc": 0.6447482109069824, "length": 2.344841480255127, "mode": "train", "epoch": 71}
{"loss": 0.6294046640396118, "acc": 0.6355296969413757, "length": 2.8454935550689697, "mode": "test", "epoch": 71}
{"loss": 0.5904089212417603, "acc": 0.6885154247283936, "length": 3.3011021614074707, "mode": "train", "epoch": 72}
{"loss": 0.5736462473869324, "acc": 0.6898844242095947, "length": 3.4034335613250732, "mode": "test", "epoch": 72}
{"loss": 0.5163090229034424, "acc": 0.7522959113121033, "length": 3.789402961730957, "mode": "train", "epoch": 73}
{"loss": 0.5121238827705383, "acc": 0.7518051266670227, "length": 4.175965785980225, "mode": "test", "epoch": 73}
{"loss": 0.4708803594112396, "acc": 0.7813820242881775, "length": 4.021161079406738, "mode": "train", "epoch": 74}
{"loss": 0.47953882813453674, "acc": 0.7941645383834839, "length": 3.9785406589508057, "mode": "test", "epoch": 74}
{"loss": 0.428936243057251, "acc": 0.8099687695503235, "length": 4.074380397796631, "mode": "train", "epoch": 75}
{"loss": 0.4575057625770569, "acc": 0.7976779341697693, "length": 4.175965785980225, "mode": "test", "epoch": 75}
{"loss": 0.4026696979999542, "acc": 0.8254503011703491, "length": 4.128464221954346, "mode": "train", "epoch": 76}
{"loss": 0.43303608894348145, "acc": 0.8061863780021667, "length": 4.049356460571289, "mode": "test", "epoch": 76}
{"loss": 0.3737727999687195, "acc": 0.838157057762146, "length": 4.135404586791992, "mode": "train", "epoch": 77}
{"loss": 0.42299187183380127, "acc": 0.8168174028396606, "length": 4.437768459320068, "mode": "test", "epoch": 77}
{"loss": 0.34857282042503357, "acc": 0.8566265106201172, "length": 4.4814276695251465, "mode": "train", "epoch": 78}
{"loss": 0.3726448118686676, "acc": 0.8427894115447998, "length": 4.5, "mode": "test", "epoch": 78}
{"loss": 0.3201901614665985, "acc": 0.871687650680542, "length": 4.879703998565674, "mode": "train", "epoch": 79}
{"loss": 0.3443950116634369, "acc": 0.8572961091995239, "length": 5.0, "mode": "test", "epoch": 79}
{"loss": 0.3006611466407776, "acc": 0.880041778087616, "length": 4.995354175567627, "mode": "train", "epoch": 80}
{"loss": 0.34897881746292114, "acc": 0.8515735864639282, "length": 5.0, "mode": "test", "epoch": 80}
{"loss": 0.29696279764175415, "acc": 0.8831567764282227, "length": 4.995847702026367, "mode": "train", "epoch": 81}
{"loss": 0.3446885049343109, "acc": 0.8572962880134583, "length": 5.0, "mode": "test", "epoch": 81}
{"loss": 0.28853297233581543, "acc": 0.8830578923225403, "length": 4.996493816375732, "mode": "train", "epoch": 82}
{"loss": 0.3425527811050415, "acc": 0.864449143409729, "length": 5.0, "mode": "test", "epoch": 82}
{"loss": 0.28614962100982666, "acc": 0.8863875865936279, "length": 4.992666244506836, "mode": "train", "epoch": 83}
{"loss": 0.33878809213638306, "acc": 0.8687410950660706, "length": 5.0, "mode": "test", "epoch": 83}
{"loss": 0.2699402868747711, "acc": 0.8935762643814087, "length": 4.993113040924072, "mode": "train", "epoch": 84}
{"loss": 0.3556823432445526, "acc": 0.8583691120147705, "length": 5.0, "mode": "test", "epoch": 84}
{"loss": 0.2650477886199951, "acc": 0.8963069915771484, "length": 4.988526344299316, "mode": "train", "epoch": 85}
{"loss": 0.33836615085601807, "acc": 0.8680257797241211, "length": 5.0, "mode": "test", "epoch": 85}
{"loss": 0.2573910355567932, "acc": 0.898435652256012, "length": 4.995983123779297, "mode": "train", "epoch": 86}
{"loss": 0.30983737111091614, "acc": 0.8805435299873352, "length": 5.0, "mode": "test", "epoch": 86}
{"loss": 0.23946841061115265, "acc": 0.9063360691070557, "length": 4.998667240142822, "mode": "train", "epoch": 87}
{"loss": 0.3122621178627014, "acc": 0.881974458694458, "length": 5.0, "mode": "test", "epoch": 87}
{"loss": 0.22704367339611053, "acc": 0.911349892616272, "length": 4.998826503753662, "mode": "train", "epoch": 88}
{"loss": 0.31796523928642273, "acc": 0.8751789331436157, "length": 5.0, "mode": "test", "epoch": 88}
{"loss": 0.2283899039030075, "acc": 0.9122970700263977, "length": 4.999237537384033, "mode": "train", "epoch": 89}
{"loss": 0.31070834398269653, "acc": 0.885550856590271, "length": 5.0, "mode": "test", "epoch": 89}
{"loss": 0.21596267819404602, "acc": 0.9183683395385742, "length": 4.997946739196777, "mode": "train", "epoch": 90}
{"loss": 0.2979118525981903, "acc": 0.8841202855110168, "length": 5.0, "mode": "test", "epoch": 90}
{"loss": 0.20546358823776245, "acc": 0.9217949509620667, "length": 4.996082305908203, "mode": "train", "epoch": 91}
{"loss": 0.29357030987739563, "acc": 0.8909155130386353, "length": 5.0, "mode": "test", "epoch": 91}
{"loss": 0.20140273869037628, "acc": 0.9249404072761536, "length": 4.9979047775268555, "mode": "train", "epoch": 92}
{"loss": 0.30526548624038696, "acc": 0.8837625980377197, "length": 5.0, "mode": "test", "epoch": 92}
{"loss": 0.19453266263008118, "acc": 0.9285297989845276, "length": 4.999431133270264, "mode": "train", "epoch": 93}
{"loss": 0.2875045835971832, "acc": 0.8962804079055786, "length": 5.0, "mode": "test", "epoch": 93}
{"loss": 0.18954093754291534, "acc": 0.928862988948822, "length": 4.997166633605957, "mode": "train", "epoch": 94}
{"loss": 0.29369550943374634, "acc": 0.8948498368263245, "length": 5.0, "mode": "test", "epoch": 94}
{"loss": 0.2035268098115921, "acc": 0.9223169684410095, "length": 4.998950958251953, "mode": "train", "epoch": 95}
{"loss": 0.2602904438972473, "acc": 0.9066524505615234, "length": 5.0, "mode": "test", "epoch": 95}
{"loss": 0.193198099732399, "acc": 0.9270654916763306, "length": 4.997928619384766, "mode": "train", "epoch": 96}
{"loss": 0.3124232888221741, "acc": 0.8969959020614624, "length": 5.0, "mode": "test", "epoch": 96}
{"loss": 0.18779395520687103, "acc": 0.9331819415092468, "length": 4.999121189117432, "mode": "train", "epoch": 97}
{"loss": 0.27693796157836914, "acc": 0.8977110385894775, "length": 5.0, "mode": "test", "epoch": 97}
{"loss": 0.17523284256458282, "acc": 0.936158299446106, "length": 4.998927116394043, "mode": "train", "epoch": 98}
{"loss": 0.2788327634334564, "acc": 0.9062947034835815, "length": 5.0, "mode": "test", "epoch": 98}
{"loss": 0.16520065069198608, "acc": 0.940453290939331, "length": 4.998760223388672, "mode": "train", "epoch": 99}
{"loss": 0.283236563205719, "acc": 0.9098712205886841, "length": 5.0, "mode": "test", "epoch": 99}
{"loss": 0.16645412147045135, "acc": 0.9397484064102173, "length": 4.999615669250488, "mode": "train", "epoch": 100}
{"loss": 0.3145366907119751, "acc": 0.9020029306411743, "length": 5.0, "mode": "test", "epoch": 100}
test accuracy: 0.8378684520721436
