# ["--attributes=4", "--values=3", "--game_size=3", "--vocab_size_factor=3", "--n_epochs=100", "--batch_size=64", "--learning_rate=0.001", "--hidden_size=256", "--temp_update=0.97", "--temperature=1.5"]
Creating train_ds and val_ds...

Creating test_ds...
{"loss": 0.7087013721466064, "acc": 0.5091731548309326, "length": 2.1817541122436523, "mode": "train", "epoch": 1}
{"loss": 0.7011123299598694, "acc": 0.4970761239528656, "length": 1.0, "mode": "test", "epoch": 1}
{"loss": 0.6990412473678589, "acc": 0.4934079647064209, "length": 1.0021950006484985, "mode": "train", "epoch": 2}
{"loss": 0.6994653344154358, "acc": 0.5029240250587463, "length": 1.0, "mode": "test", "epoch": 2}
{"loss": 0.6991106867790222, "acc": 0.5036593079566956, "length": 1.0007429122924805, "mode": "train", "epoch": 3}
{"loss": 0.6918495297431946, "acc": 0.5113305449485779, "length": 1.0, "mode": "test", "epoch": 3}
{"loss": 0.6976862549781799, "acc": 0.4968297481536865, "length": 1.0005500316619873, "mode": "train", "epoch": 4}
{"loss": 0.6889318227767944, "acc": 0.5222954154014587, "length": 1.0, "mode": "test", "epoch": 4}
{"loss": 0.6968143582344055, "acc": 0.49755385518074036, "length": 1.0003950595855713, "mode": "train", "epoch": 5}
{"loss": 0.6965082287788391, "acc": 0.5153508186340332, "length": 1.0, "mode": "test", "epoch": 5}
{"loss": 0.6966212391853333, "acc": 0.4978030025959015, "length": 1.0003914833068848, "mode": "train", "epoch": 6}
{"loss": 0.692899227142334, "acc": 0.502923846244812, "length": 1.0, "mode": "test", "epoch": 6}
{"loss": 0.695366621017456, "acc": 0.5041534900665283, "length": 1.0003137588500977, "mode": "train", "epoch": 7}
{"loss": 0.6941350698471069, "acc": 0.5029240250587463, "length": 1.0, "mode": "test", "epoch": 7}
{"loss": 0.6958211660385132, "acc": 0.5023202300071716, "length": 1.0002299547195435, "mode": "train", "epoch": 8}
{"loss": 0.6988052129745483, "acc": 0.4766082167625427, "length": 1.0, "mode": "test", "epoch": 8}
{"loss": 0.696129322052002, "acc": 0.4868130385875702, "length": 1.0001769065856934, "mode": "train", "epoch": 9}
{"loss": 0.692643940448761, "acc": 0.5091375112533569, "length": 1.0, "mode": "test", "epoch": 9}
{"loss": 0.6951150894165039, "acc": 0.5137971043586731, "length": 1.0001258850097656, "mode": "train", "epoch": 10}
{"loss": 0.6908722519874573, "acc": 0.5211989283561707, "length": 1.0, "mode": "test", "epoch": 10}
{"loss": 0.6953240633010864, "acc": 0.4996342360973358, "length": 1.0001718997955322, "mode": "train", "epoch": 11}
{"loss": 0.6938117146492004, "acc": 0.5171783566474915, "length": 1.0, "mode": "test", "epoch": 11}
{"loss": 0.6960722804069519, "acc": 0.49096348881721497, "length": 1.00009286403656, "mode": "train", "epoch": 12}
{"loss": 0.6907672882080078, "acc": 0.5211987495422363, "length": 1.0, "mode": "test", "epoch": 12}
{"loss": 0.695918083190918, "acc": 0.5115994811058044, "length": 1.0000357627868652, "mode": "train", "epoch": 13}
{"loss": 0.694318413734436, "acc": 0.483187198638916, "length": 1.0, "mode": "test", "epoch": 13}
{"loss": 0.6952587962150574, "acc": 0.5034186840057373, "length": 1.0000487565994263, "mode": "train", "epoch": 14}
{"loss": 0.693760097026825, "acc": 0.5113303661346436, "length": 1.0, "mode": "test", "epoch": 14}
{"loss": 0.6945858001708984, "acc": 0.5039072632789612, "length": 1.0000251531600952, "mode": "train", "epoch": 15}
{"loss": 0.6931090950965881, "acc": 0.5054824948310852, "length": 1.0, "mode": "test", "epoch": 15}
{"loss": 0.6945527195930481, "acc": 0.5048840045928955, "length": 1.0000159740447998, "mode": "train", "epoch": 16}
{"loss": 0.6913172006607056, "acc": 0.5208333730697632, "length": 1.0, "mode": "test", "epoch": 16}
{"loss": 0.6948753595352173, "acc": 0.5052546262741089, "length": 1.0004206895828247, "mode": "train", "epoch": 17}
{"loss": 0.6924144625663757, "acc": 0.5076754689216614, "length": 1.0, "mode": "test", "epoch": 17}
{"loss": 0.695181131362915, "acc": 0.502075731754303, "length": 1.0000053644180298, "mode": "train", "epoch": 18}
{"loss": 0.6917818784713745, "acc": 0.5164474248886108, "length": 1.0, "mode": "test", "epoch": 18}
{"loss": 0.6949124932289124, "acc": 0.5030525922775269, "length": 1.000007152557373, "mode": "train", "epoch": 19}
{"loss": 0.6914197206497192, "acc": 0.5215643644332886, "length": 1.0, "mode": "test", "epoch": 19}
{"loss": 0.6932764053344727, "acc": 0.5073261857032776, "length": 1.0000135898590088, "mode": "train", "epoch": 20}
{"loss": 0.6909999847412109, "acc": 0.5230263471603394, "length": 1.0, "mode": "test", "epoch": 20}
{"loss": 0.6945937275886536, "acc": 0.5192917585372925, "length": 1.0000028610229492, "mode": "train", "epoch": 21}
{"loss": 0.693800687789917, "acc": 0.5230264067649841, "length": 1.0, "mode": "test", "epoch": 21}
{"loss": 0.6944088935852051, "acc": 0.49951162934303284, "length": 1.0000052452087402, "mode": "train", "epoch": 22}
{"loss": 0.6952638030052185, "acc": 0.5091373920440674, "length": 1.0, "mode": "test", "epoch": 22}
{"loss": 0.6948466300964355, "acc": 0.5080586671829224, "length": 1.0000028610229492, "mode": "train", "epoch": 23}
{"loss": 0.6906605958938599, "acc": 0.5193713903427124, "length": 1.0, "mode": "test", "epoch": 23}
{"loss": 0.6933686137199402, "acc": 0.5139193534851074, "length": 1.000001311302185, "mode": "train", "epoch": 24}
{"loss": 0.6912500262260437, "acc": 0.5109649300575256, "length": 1.0, "mode": "test", "epoch": 24}
{"loss": 0.6924845576286316, "acc": 0.5161173343658447, "length": 1.000002384185791, "mode": "train", "epoch": 25}
{"loss": 0.6914724707603455, "acc": 0.5464181303977966, "length": 1.0, "mode": "test", "epoch": 25}
{"loss": 0.6929094195365906, "acc": 0.5102564096450806, "length": 1.0000066757202148, "mode": "train", "epoch": 26}
{"loss": 0.6924943923950195, "acc": 0.5204676985740662, "length": 1.0, "mode": "test", "epoch": 26}
{"loss": 0.6926441192626953, "acc": 0.5140414834022522, "length": 1.0000005960464478, "mode": "train", "epoch": 27}
{"loss": 0.6918131113052368, "acc": 0.5303361415863037, "length": 1.0, "mode": "test", "epoch": 27}
{"loss": 0.6938462853431702, "acc": 0.5037850141525269, "length": 1.000000238418579, "mode": "train", "epoch": 28}
{"loss": 0.6930454969406128, "acc": 0.5113303661346436, "length": 1.0, "mode": "test", "epoch": 28}
{"loss": 0.6932945251464844, "acc": 0.5144078135490417, "length": 1.000000238418579, "mode": "train", "epoch": 29}
{"loss": 0.6919119954109192, "acc": 0.5146200060844421, "length": 1.0, "mode": "test", "epoch": 29}
{"loss": 0.6936934590339661, "acc": 0.5180708765983582, "length": 1.0000001192092896, "mode": "train", "epoch": 30}
{"loss": 0.691231369972229, "acc": 0.5157163143157959, "length": 1.0, "mode": "test", "epoch": 30}
{"loss": 0.692525327205658, "acc": 0.521611750125885, "length": 1.0000004768371582, "mode": "train", "epoch": 31}
{"loss": 0.6918530464172363, "acc": 0.5237573385238647, "length": 1.0, "mode": "test", "epoch": 31}
{"loss": 0.6926577091217041, "acc": 0.5126985311508179, "length": 1.0, "mode": "train", "epoch": 32}
{"loss": 0.6916353106498718, "acc": 0.5226608514785767, "length": 1.0, "mode": "test", "epoch": 32}
{"loss": 0.6924805641174316, "acc": 0.5111110806465149, "length": 1.0000016689300537, "mode": "train", "epoch": 33}
{"loss": 0.6914646029472351, "acc": 0.5237573385238647, "length": 1.0, "mode": "test", "epoch": 33}
{"loss": 0.692628800868988, "acc": 0.5179486274719238, "length": 1.0, "mode": "train", "epoch": 34}
{"loss": 0.6910113096237183, "acc": 0.5211989283561707, "length": 1.0, "mode": "test", "epoch": 34}
{"loss": 0.6935648322105408, "acc": 0.5115994811058044, "length": 1.0000001192092896, "mode": "train", "epoch": 35}
{"loss": 0.6923071146011353, "acc": 0.513157844543457, "length": 1.0, "mode": "test", "epoch": 35}
{"loss": 0.692851722240448, "acc": 0.5096459984779358, "length": 1.0, "mode": "train", "epoch": 36}
{"loss": 0.6910481452941895, "acc": 0.5149853825569153, "length": 1.0, "mode": "test", "epoch": 36}
{"loss": 0.6931083798408508, "acc": 0.5210013389587402, "length": 1.0, "mode": "train", "epoch": 37}
{"loss": 0.6929782032966614, "acc": 0.5208333730697632, "length": 1.0, "mode": "test", "epoch": 37}
{"loss": 0.6933854818344116, "acc": 0.5090354681015015, "length": 1.0, "mode": "train", "epoch": 38}
{"loss": 0.692151665687561, "acc": 0.5113305449485779, "length": 1.0, "mode": "test", "epoch": 38}
{"loss": 0.6927653551101685, "acc": 0.5137973427772522, "length": 1.0000001192092896, "mode": "train", "epoch": 39}
{"loss": 0.6939558386802673, "acc": 0.5175439119338989, "length": 1.0, "mode": "test", "epoch": 39}
{"loss": 0.6920276284217834, "acc": 0.5295482873916626, "length": 1.0, "mode": "train", "epoch": 40}
{"loss": 0.6918567419052124, "acc": 0.5197368264198303, "length": 1.0, "mode": "test", "epoch": 40}
{"loss": 0.6918987035751343, "acc": 0.5147742033004761, "length": 1.0000005960464478, "mode": "train", "epoch": 41}
{"loss": 0.6915749311447144, "acc": 0.5149853825569153, "length": 1.0, "mode": "test", "epoch": 41}
{"loss": 0.6920806765556335, "acc": 0.5252747535705566, "length": 1.000003457069397, "mode": "train", "epoch": 42}
{"loss": 0.691679835319519, "acc": 0.5255849361419678, "length": 1.0, "mode": "test", "epoch": 42}
{"loss": 0.6926332712173462, "acc": 0.5145299434661865, "length": 1.0, "mode": "train", "epoch": 43}
{"loss": 0.6927758455276489, "acc": 0.5190059542655945, "length": 1.0, "mode": "test", "epoch": 43}
{"loss": 0.6914267539978027, "acc": 0.5278388261795044, "length": 1.0, "mode": "train", "epoch": 44}
{"loss": 0.6911985278129578, "acc": 0.5138887763023376, "length": 1.0, "mode": "test", "epoch": 44}
{"loss": 0.6916171908378601, "acc": 0.5206349492073059, "length": 1.0, "mode": "train", "epoch": 45}
{"loss": 0.692074179649353, "acc": 0.5248537063598633, "length": 1.0, "mode": "test", "epoch": 45}
{"loss": 0.6908765435218811, "acc": 0.5278387665748596, "length": 1.0, "mode": "train", "epoch": 46}
{"loss": 0.6927009224891663, "acc": 0.5153509378433228, "length": 1.0, "mode": "test", "epoch": 46}
{"loss": 0.6918240189552307, "acc": 0.5147741436958313, "length": 1.000000238418579, "mode": "train", "epoch": 47}
{"loss": 0.69222491979599, "acc": 0.5233917832374573, "length": 1.0, "mode": "test", "epoch": 47}
{"loss": 0.6915987133979797, "acc": 0.5324786305427551, "length": 1.0, "mode": "train", "epoch": 48}
{"loss": 0.6916519403457642, "acc": 0.5219298601150513, "length": 1.0, "mode": "test", "epoch": 48}
{"loss": 0.6922865509986877, "acc": 0.517582356929779, "length": 1.0000005960464478, "mode": "train", "epoch": 49}
{"loss": 0.6914283037185669, "acc": 0.51827472448349, "length": 1.0, "mode": "test", "epoch": 49}
{"loss": 0.6909913420677185, "acc": 0.5322344303131104, "length": 1.0, "mode": "train", "epoch": 50}
{"loss": 0.6917984485626221, "acc": 0.5299708843231201, "length": 1.0, "mode": "test", "epoch": 50}
{"loss": 0.6908883452415466, "acc": 0.5247862935066223, "length": 1.0, "mode": "train", "epoch": 51}
{"loss": 0.6921234726905823, "acc": 0.5193713903427124, "length": 1.0, "mode": "test", "epoch": 51}
{"loss": 0.6911628842353821, "acc": 0.5213674902915955, "length": 1.0, "mode": "train", "epoch": 52}
{"loss": 0.6913978457450867, "acc": 0.5215643644332886, "length": 1.0, "mode": "test", "epoch": 52}
{"loss": 0.6910842657089233, "acc": 0.5308912992477417, "length": 1.0000005960464478, "mode": "train", "epoch": 53}
{"loss": 0.6902024149894714, "acc": 0.528874397277832, "length": 1.0, "mode": "test", "epoch": 53}
{"loss": 0.6910655498504639, "acc": 0.5285714268684387, "length": 1.000000238418579, "mode": "train", "epoch": 54}
{"loss": 0.6911033987998962, "acc": 0.5197368264198303, "length": 1.0, "mode": "test", "epoch": 54}
{"loss": 0.6908518671989441, "acc": 0.521611750125885, "length": 1.0000005960464478, "mode": "train", "epoch": 55}
{"loss": 0.6943628191947937, "acc": 0.5135233402252197, "length": 1.0, "mode": "test", "epoch": 55}
{"loss": 0.691213071346283, "acc": 0.5221002101898193, "length": 1.000000238418579, "mode": "train", "epoch": 56}
{"loss": 0.692702054977417, "acc": 0.5208333134651184, "length": 1.0, "mode": "test", "epoch": 56}
{"loss": 0.6912222504615784, "acc": 0.5250304341316223, "length": 1.0000050067901611, "mode": "train", "epoch": 57}
{"loss": 0.6927452087402344, "acc": 0.5113303661346436, "length": 1.0, "mode": "test", "epoch": 57}
{"loss": 0.6909840106964111, "acc": 0.5272282958030701, "length": 1.0, "mode": "train", "epoch": 58}
{"loss": 0.6923609972000122, "acc": 0.5266814231872559, "length": 1.0, "mode": "test", "epoch": 58}
{"loss": 0.6915857791900635, "acc": 0.529304027557373, "length": 1.0, "mode": "train", "epoch": 59}
{"loss": 0.6925968527793884, "acc": 0.5281433463096619, "length": 1.0, "mode": "test", "epoch": 59}
{"loss": 0.6900942921638489, "acc": 0.5274726152420044, "length": 1.0, "mode": "train", "epoch": 60}
{"loss": 0.6911298632621765, "acc": 0.5230263471603394, "length": 1.0, "mode": "test", "epoch": 60}
{"loss": 0.6919161081314087, "acc": 0.521855890750885, "length": 1.0, "mode": "train", "epoch": 61}
{"loss": 0.6927129030227661, "acc": 0.5208333134651184, "length": 1.0, "mode": "test", "epoch": 61}
{"loss": 0.6906350255012512, "acc": 0.528205156326294, "length": 1.0000001192092896, "mode": "train", "epoch": 62}
{"loss": 0.6916477084159851, "acc": 0.5193713903427124, "length": 1.0, "mode": "test", "epoch": 62}
{"loss": 0.690964937210083, "acc": 0.5264958143234253, "length": 1.0, "mode": "train", "epoch": 63}
{"loss": 0.6929145455360413, "acc": 0.5226608514785767, "length": 1.0, "mode": "test", "epoch": 63}
{"loss": 0.6911118626594543, "acc": 0.5288156270980835, "length": 1.0, "mode": "train", "epoch": 64}
{"loss": 0.6924825310707092, "acc": 0.5197368860244751, "length": 1.0, "mode": "test", "epoch": 64}
{"loss": 0.6915172934532166, "acc": 0.5284494161605835, "length": 1.0, "mode": "train", "epoch": 65}
{"loss": 0.6934511661529541, "acc": 0.5215643644332886, "length": 1.0, "mode": "test", "epoch": 65}
{"loss": 0.6909313201904297, "acc": 0.5389499664306641, "length": 1.000000238418579, "mode": "train", "epoch": 66}
{"loss": 0.6936475038528442, "acc": 0.5116959810256958, "length": 1.0, "mode": "test", "epoch": 66}
{"loss": 0.6904085278511047, "acc": 0.531623899936676, "length": 1.0, "mode": "train", "epoch": 67}
{"loss": 0.6914331912994385, "acc": 0.5204678773880005, "length": 1.0, "mode": "test", "epoch": 67}
{"loss": 0.6902493834495544, "acc": 0.5294261574745178, "length": 1.0, "mode": "train", "epoch": 68}
{"loss": 0.691897988319397, "acc": 0.5317981839179993, "length": 1.0, "mode": "test", "epoch": 68}
{"loss": 0.6899304389953613, "acc": 0.5268620252609253, "length": 1.0, "mode": "train", "epoch": 69}
{"loss": 0.6915305852890015, "acc": 0.528874397277832, "length": 1.0, "mode": "test", "epoch": 69}
{"loss": 0.6904547810554504, "acc": 0.5345544219017029, "length": 1.0, "mode": "train", "epoch": 70}
{"loss": 0.6932600736618042, "acc": 0.5164473056793213, "length": 1.0, "mode": "test", "epoch": 70}
{"loss": 0.6904478073120117, "acc": 0.5245420336723328, "length": 1.000002384185791, "mode": "train", "epoch": 71}
{"loss": 0.6924359798431396, "acc": 0.5222954154014587, "length": 1.0, "mode": "test", "epoch": 71}
{"loss": 0.6905984878540039, "acc": 0.5319902896881104, "length": 1.0, "mode": "train", "epoch": 72}
{"loss": 0.6934105753898621, "acc": 0.5201022624969482, "length": 1.0, "mode": "test", "epoch": 72}
{"loss": 0.6903036236763, "acc": 0.5346763730049133, "length": 1.000000238418579, "mode": "train", "epoch": 73}
{"loss": 0.692399799823761, "acc": 0.5135233402252197, "length": 1.0, "mode": "test", "epoch": 73}
{"loss": 0.6897616982460022, "acc": 0.5311355590820312, "length": 1.0, "mode": "train", "epoch": 74}
{"loss": 0.692351222038269, "acc": 0.5201024413108826, "length": 1.0, "mode": "test", "epoch": 74}
{"loss": 0.6908340454101562, "acc": 0.5255189538002014, "length": 1.0, "mode": "train", "epoch": 75}
{"loss": 0.691768229007721, "acc": 0.5204678773880005, "length": 1.0, "mode": "test", "epoch": 75}
{"loss": 0.6904820203781128, "acc": 0.5282050967216492, "length": 1.0, "mode": "train", "epoch": 76}
{"loss": 0.6933246850967407, "acc": 0.5204678773880005, "length": 1.0, "mode": "test", "epoch": 76}
{"loss": 0.6909603476524353, "acc": 0.528083086013794, "length": 1.0, "mode": "train", "epoch": 77}
{"loss": 0.6931508183479309, "acc": 0.5175438523292542, "length": 1.0, "mode": "test", "epoch": 77}
{"loss": 0.6905141472816467, "acc": 0.5299146175384521, "length": 1.0, "mode": "train", "epoch": 78}
{"loss": 0.6935833692550659, "acc": 0.518640398979187, "length": 1.0, "mode": "test", "epoch": 78}
{"loss": 0.690213143825531, "acc": 0.5300367474555969, "length": 1.0, "mode": "train", "epoch": 79}
{"loss": 0.6918959021568298, "acc": 0.5215643644332886, "length": 1.0, "mode": "test", "epoch": 79}
{"loss": 0.6897792220115662, "acc": 0.5319902300834656, "length": 1.0, "mode": "train", "epoch": 80}
{"loss": 0.6921802759170532, "acc": 0.5142543911933899, "length": 1.0, "mode": "test", "epoch": 80}
{"loss": 0.6902021169662476, "acc": 0.5233210921287537, "length": 1.000000238418579, "mode": "train", "epoch": 81}
{"loss": 0.6928655505180359, "acc": 0.513888955116272, "length": 1.0, "mode": "test", "epoch": 81}
{"loss": 0.6904950141906738, "acc": 0.5343101024627686, "length": 1.0000001192092896, "mode": "train", "epoch": 82}
{"loss": 0.6932457089424133, "acc": 0.5204678773880005, "length": 1.0, "mode": "test", "epoch": 82}
{"loss": 0.6901468634605408, "acc": 0.5280830264091492, "length": 1.0000001192092896, "mode": "train", "epoch": 83}
{"loss": 0.6915104985237122, "acc": 0.5211989283561707, "length": 1.0, "mode": "test", "epoch": 83}
{"loss": 0.690321147441864, "acc": 0.5339438915252686, "length": 1.0, "mode": "train", "epoch": 84}
{"loss": 0.6933223009109497, "acc": 0.5149854421615601, "length": 1.0, "mode": "test", "epoch": 84}
{"loss": 0.6911169290542603, "acc": 0.5301588177680969, "length": 1.0, "mode": "train", "epoch": 85}
{"loss": 0.6926109790802002, "acc": 0.5215643644332886, "length": 1.0, "mode": "test", "epoch": 85}
{"loss": 0.6908965110778809, "acc": 0.531013548374176, "length": 1.0, "mode": "train", "epoch": 86}
{"loss": 0.6933549642562866, "acc": 0.5219298601150513, "length": 1.0, "mode": "test", "epoch": 86}
{"loss": 0.6906619071960449, "acc": 0.5301586985588074, "length": 1.0, "mode": "train", "epoch": 87}
{"loss": 0.6919873356819153, "acc": 0.5175438523292542, "length": 1.0, "mode": "test", "epoch": 87}
{"loss": 0.690044105052948, "acc": 0.535653293132782, "length": 1.0, "mode": "train", "epoch": 88}
{"loss": 0.6926451921463013, "acc": 0.5047515630722046, "length": 1.0, "mode": "test", "epoch": 88}
{"loss": 0.6902207732200623, "acc": 0.5249083638191223, "length": 1.0, "mode": "train", "epoch": 89}
{"loss": 0.6925749182701111, "acc": 0.5248538851737976, "length": 1.0, "mode": "test", "epoch": 89}
{"loss": 0.6895847916603088, "acc": 0.5319902300834656, "length": 1.000001072883606, "mode": "train", "epoch": 90}
{"loss": 0.6922017335891724, "acc": 0.5197368264198303, "length": 1.0, "mode": "test", "epoch": 90}
{"loss": 0.6901930570602417, "acc": 0.5409035086631775, "length": 1.0, "mode": "train", "epoch": 91}
{"loss": 0.6936674118041992, "acc": 0.512427031993866, "length": 1.0, "mode": "test", "epoch": 91}
{"loss": 0.6903743147850037, "acc": 0.533577561378479, "length": 1.0, "mode": "train", "epoch": 92}
{"loss": 0.6925545930862427, "acc": 0.5222954154014587, "length": 1.0, "mode": "test", "epoch": 92}
{"loss": 0.6899232864379883, "acc": 0.5367521643638611, "length": 1.0, "mode": "train", "epoch": 93}
{"loss": 0.692356526851654, "acc": 0.5197368860244751, "length": 1.0, "mode": "test", "epoch": 93}
{"loss": 0.6896315813064575, "acc": 0.538095235824585, "length": 1.0000007152557373, "mode": "train", "epoch": 94}
{"loss": 0.6914098262786865, "acc": 0.5226608514785767, "length": 1.0, "mode": "test", "epoch": 94}
{"loss": 0.6895232796669006, "acc": 0.5396826267242432, "length": 1.0, "mode": "train", "epoch": 95}
{"loss": 0.694322407245636, "acc": 0.5120614171028137, "length": 1.0, "mode": "test", "epoch": 95}
{"loss": 0.6893745064735413, "acc": 0.5355311632156372, "length": 1.0, "mode": "train", "epoch": 96}
{"loss": 0.692432701587677, "acc": 0.5244882702827454, "length": 1.0, "mode": "test", "epoch": 96}
{"loss": 0.6904120445251465, "acc": 0.5384616255760193, "length": 1.0, "mode": "train", "epoch": 97}
{"loss": 0.6931023597717285, "acc": 0.5197368860244751, "length": 1.0, "mode": "test", "epoch": 97}
{"loss": 0.6896301507949829, "acc": 0.5341880917549133, "length": 1.0, "mode": "train", "epoch": 98}
{"loss": 0.6919693946838379, "acc": 0.5270468592643738, "length": 1.0, "mode": "test", "epoch": 98}
{"loss": 0.6900097727775574, "acc": 0.5313796997070312, "length": 1.0, "mode": "train", "epoch": 99}
{"loss": 0.6933608055114746, "acc": 0.5105994939804077, "length": 1.0, "mode": "test", "epoch": 99}
{"loss": 0.6895265579223633, "acc": 0.5330891013145447, "length": 1.0, "mode": "train", "epoch": 100}
{"loss": 0.6923695206642151, "acc": 0.5226607322692871, "length": 1.0, "mode": "test", "epoch": 100}
test accuracy: 0.3923395276069641
