# ["--attributes=4", "--values=3", "--game_size=3", "--vocab_size_factor=3", "--n_epochs=100", "--batch_size=64", "--learning_rate=0.001", "--hidden_size=256", "--temp_update=0.99", "--temperature=1.5"]
Creating train_ds and val_ds...

Creating test_ds...
{"loss": 0.705039381980896, "acc": 0.5069179534912109, "length": 2.08683180809021, "mode": "train", "epoch": 1}
{"loss": 0.7040079236030579, "acc": 0.4830813407897949, "length": 1.0, "mode": "test", "epoch": 1}
{"loss": 0.6963745951652527, "acc": 0.508541464805603, "length": 1.00478196144104, "mode": "train", "epoch": 2}
{"loss": 0.6966485977172852, "acc": 0.4910007417201996, "length": 1.0, "mode": "test", "epoch": 2}
{"loss": 0.6963586807250977, "acc": 0.5063610076904297, "length": 1.0063589811325073, "mode": "train", "epoch": 3}
{"loss": 0.693682074546814, "acc": 0.50971919298172, "length": 1.0, "mode": "test", "epoch": 3}
{"loss": 0.6837419271469116, "acc": 0.544468104839325, "length": 1.4455785751342773, "mode": "train", "epoch": 4}
{"loss": 0.6337392330169678, "acc": 0.6549755334854126, "length": 2.829373598098755, "mode": "test", "epoch": 4}
{"loss": 0.6232869625091553, "acc": 0.6560092568397522, "length": 2.62089204788208, "mode": "train", "epoch": 5}
{"loss": 0.6102316379547119, "acc": 0.6500653028488159, "length": 3.0302376747131348, "mode": "test", "epoch": 5}
{"loss": 0.6016961336135864, "acc": 0.6693477630615234, "length": 2.919790267944336, "mode": "train", "epoch": 6}
{"loss": 0.6112441420555115, "acc": 0.6398147344589233, "length": 2.7278618812561035, "mode": "test", "epoch": 6}
{"loss": 0.583570122718811, "acc": 0.6882202625274658, "length": 3.1397204399108887, "mode": "train", "epoch": 7}
{"loss": 0.5658360123634338, "acc": 0.7130849361419678, "length": 3.660907030105591, "mode": "test", "epoch": 7}
{"loss": 0.5170601010322571, "acc": 0.7412735223770142, "length": 3.876370668411255, "mode": "train", "epoch": 8}
{"loss": 0.5102234482765198, "acc": 0.7827067375183105, "length": 4.3174943923950195, "mode": "test", "epoch": 8}
{"loss": 0.47159525752067566, "acc": 0.7816277742385864, "length": 4.176892280578613, "mode": "train", "epoch": 9}
{"loss": 0.4637291729450226, "acc": 0.8180900812149048, "length": 4.524837970733643, "mode": "test", "epoch": 9}
{"loss": 0.42765137553215027, "acc": 0.8105639815330505, "length": 4.333797454833984, "mode": "train", "epoch": 10}
{"loss": 0.45146411657333374, "acc": 0.8092032670974731, "length": 4.490280628204346, "mode": "test", "epoch": 10}
{"loss": 0.39573803544044495, "acc": 0.830870509147644, "length": 4.302635192871094, "mode": "train", "epoch": 11}
{"loss": 0.4643714427947998, "acc": 0.8237271308898926, "length": 4.576673984527588, "mode": "test", "epoch": 11}
{"loss": 0.3666122853755951, "acc": 0.8461047410964966, "length": 4.418851375579834, "mode": "train", "epoch": 12}
{"loss": 0.45642805099487305, "acc": 0.8273687958717346, "length": 4.723542213439941, "mode": "test", "epoch": 12}
{"loss": 0.3378838002681732, "acc": 0.85997074842453, "length": 4.550362586975098, "mode": "train", "epoch": 13}
{"loss": 0.44416454434394836, "acc": 0.8212175965309143, "length": 4.697624206542969, "mode": "test", "epoch": 13}
{"loss": 0.3177960515022278, "acc": 0.8690246343612671, "length": 4.566125392913818, "mode": "train", "epoch": 14}
{"loss": 0.461572527885437, "acc": 0.8342277407646179, "length": 4.896328449249268, "mode": "test", "epoch": 14}
{"loss": 0.2963356673717499, "acc": 0.8800851702690125, "length": 4.669979095458984, "mode": "train", "epoch": 15}
{"loss": 0.416580468416214, "acc": 0.8505828380584717, "length": 4.755939483642578, "mode": "test", "epoch": 15}
{"loss": 0.2721538543701172, "acc": 0.8935369849205017, "length": 4.785595893859863, "mode": "train", "epoch": 16}
{"loss": 0.3937150835990906, "acc": 0.8608430027961731, "length": 4.958963394165039, "mode": "test", "epoch": 16}
{"loss": 0.25689154863357544, "acc": 0.8976003527641296, "length": 4.8578009605407715, "mode": "train", "epoch": 17}
{"loss": 0.3998539447784424, "acc": 0.8567259311676025, "length": 4.991360664367676, "mode": "test", "epoch": 17}
{"loss": 0.2428935319185257, "acc": 0.9062905311584473, "length": 4.905431270599365, "mode": "train", "epoch": 18}
{"loss": 0.3676688075065613, "acc": 0.8660906553268433, "length": 5.0, "mode": "test", "epoch": 18}
{"loss": 0.2333955466747284, "acc": 0.9084494709968567, "length": 4.944406986236572, "mode": "train", "epoch": 19}
{"loss": 0.3711913824081421, "acc": 0.8614110350608826, "length": 5.0, "mode": "test", "epoch": 19}
{"loss": 0.21557900309562683, "acc": 0.9148768186569214, "length": 4.94821834564209, "mode": "train", "epoch": 20}
{"loss": 0.382872998714447, "acc": 0.8682505488395691, "length": 5.0, "mode": "test", "epoch": 20}
{"loss": 0.20577406883239746, "acc": 0.9214001297950745, "length": 4.972539901733398, "mode": "train", "epoch": 21}
{"loss": 0.3693617880344391, "acc": 0.8801296353340149, "length": 5.0, "mode": "test", "epoch": 21}
{"loss": 0.1960015594959259, "acc": 0.9250247478485107, "length": 4.9815826416015625, "mode": "train", "epoch": 22}
{"loss": 0.3668903708457947, "acc": 0.8804895877838135, "length": 5.0, "mode": "test", "epoch": 22}
{"loss": 0.1897614449262619, "acc": 0.9289214015007019, "length": 4.985302925109863, "mode": "train", "epoch": 23}
{"loss": 0.3717953860759735, "acc": 0.874730110168457, "length": 5.0, "mode": "test", "epoch": 23}
{"loss": 0.17938193678855896, "acc": 0.9291082620620728, "length": 4.987846851348877, "mode": "train", "epoch": 24}
{"loss": 0.3643198609352112, "acc": 0.877250075340271, "length": 5.0, "mode": "test", "epoch": 24}
{"loss": 0.1728898137807846, "acc": 0.9336535930633545, "length": 4.989245414733887, "mode": "train", "epoch": 25}
{"loss": 0.3567330837249756, "acc": 0.8866090774536133, "length": 5.0, "mode": "test", "epoch": 25}
{"loss": 0.16507479548454285, "acc": 0.9379377961158752, "length": 4.989099979400635, "mode": "train", "epoch": 26}
{"loss": 0.3837856948375702, "acc": 0.8837292194366455, "length": 5.0, "mode": "test", "epoch": 26}
{"loss": 0.16048294305801392, "acc": 0.9371036291122437, "length": 4.993379592895508, "mode": "train", "epoch": 27}
{"loss": 0.3728891611099243, "acc": 0.8837293982505798, "length": 5.0, "mode": "test", "epoch": 27}
{"loss": 0.1497645378112793, "acc": 0.943822979927063, "length": 4.993675708770752, "mode": "train", "epoch": 28}
{"loss": 0.3421810567378998, "acc": 0.8909289240837097, "length": 5.0, "mode": "test", "epoch": 28}
{"loss": 0.14358820021152496, "acc": 0.9491456151008606, "length": 4.994968891143799, "mode": "train", "epoch": 29}
{"loss": 0.35579153895378113, "acc": 0.8822892904281616, "length": 5.0, "mode": "test", "epoch": 29}
{"loss": 0.13483326137065887, "acc": 0.9501798152923584, "length": 4.9921417236328125, "mode": "train", "epoch": 30}
{"loss": 0.3515554368495941, "acc": 0.8812096118927002, "length": 5.0, "mode": "test", "epoch": 30}
{"loss": 0.1272817850112915, "acc": 0.956963300704956, "length": 4.994051933288574, "mode": "train", "epoch": 31}
{"loss": 0.33887648582458496, "acc": 0.8927286267280579, "length": 5.0, "mode": "test", "epoch": 31}
{"loss": 0.12567509710788727, "acc": 0.9537389874458313, "length": 4.996262073516846, "mode": "train", "epoch": 32}
{"loss": 0.3637382984161377, "acc": 0.8837292194366455, "length": 5.0, "mode": "test", "epoch": 32}
{"loss": 0.12875452637672424, "acc": 0.9503611922264099, "length": 4.994825839996338, "mode": "train", "epoch": 33}
{"loss": 0.3886127471923828, "acc": 0.8804895877838135, "length": 5.0, "mode": "test", "epoch": 33}
{"loss": 0.11881259828805923, "acc": 0.9583008885383606, "length": 4.995411396026611, "mode": "train", "epoch": 34}
{"loss": 0.3479191064834595, "acc": 0.8934486508369446, "length": 5.0, "mode": "test", "epoch": 34}
{"loss": 0.10856391489505768, "acc": 0.9607191681861877, "length": 4.996006488800049, "mode": "train", "epoch": 35}
{"loss": 0.34675896167755127, "acc": 0.8995680809020996, "length": 5.0, "mode": "test", "epoch": 35}
{"loss": 0.11476834863424301, "acc": 0.9579437375068665, "length": 4.995556831359863, "mode": "train", "epoch": 36}
{"loss": 0.35194236040115356, "acc": 0.8941683173179626, "length": 5.0, "mode": "test", "epoch": 36}
{"loss": 0.10683773458003998, "acc": 0.9621620774269104, "length": 4.9952712059021, "mode": "train", "epoch": 37}
{"loss": 0.3598850667476654, "acc": 0.8909289240837097, "length": 5.0, "mode": "test", "epoch": 37}
{"loss": 0.10714821517467499, "acc": 0.9619166851043701, "length": 4.996021270751953, "mode": "train", "epoch": 38}
{"loss": 0.36440005898475647, "acc": 0.8909288644790649, "length": 5.0, "mode": "test", "epoch": 38}
{"loss": 0.1144275814294815, "acc": 0.9584327936172485, "length": 4.996391296386719, "mode": "train", "epoch": 39}
{"loss": 0.36220282316207886, "acc": 0.8938086032867432, "length": 5.0, "mode": "test", "epoch": 39}
{"loss": 0.1121349036693573, "acc": 0.9591570496559143, "length": 4.995899677276611, "mode": "train", "epoch": 40}
{"loss": 0.36133596301078796, "acc": 0.893448531627655, "length": 5.0, "mode": "test", "epoch": 40}
{"loss": 0.10945288091897964, "acc": 0.9615699648857117, "length": 4.995535850524902, "mode": "train", "epoch": 41}
{"loss": 0.36844971776008606, "acc": 0.8948883414268494, "length": 5.0, "mode": "test", "epoch": 41}
{"loss": 0.09903249889612198, "acc": 0.9643328785896301, "length": 4.996292591094971, "mode": "train", "epoch": 42}
{"loss": 0.3805096447467804, "acc": 0.8880490064620972, "length": 5.0, "mode": "test", "epoch": 42}
{"loss": 0.09259676188230515, "acc": 0.967113196849823, "length": 4.997227668762207, "mode": "train", "epoch": 43}
{"loss": 0.3663005828857422, "acc": 0.8995680212974548, "length": 5.0, "mode": "test", "epoch": 43}
{"loss": 0.09229554235935211, "acc": 0.9665054678916931, "length": 4.997255802154541, "mode": "train", "epoch": 44}
{"loss": 0.34858936071395874, "acc": 0.901007890701294, "length": 5.0, "mode": "test", "epoch": 44}
{"loss": 0.08249705284833908, "acc": 0.9689106941223145, "length": 4.996509552001953, "mode": "train", "epoch": 45}
{"loss": 0.3606550991535187, "acc": 0.9006479978561401, "length": 5.0, "mode": "test", "epoch": 45}
{"loss": 0.08308615535497665, "acc": 0.969164252281189, "length": 4.997617244720459, "mode": "train", "epoch": 46}
{"loss": 0.35137462615966797, "acc": 0.8948884606361389, "length": 5.0, "mode": "test", "epoch": 46}
{"loss": 0.08461377769708633, "acc": 0.9697677493095398, "length": 4.997062683105469, "mode": "train", "epoch": 47}
{"loss": 0.3557460904121399, "acc": 0.9082074165344238, "length": 5.0, "mode": "test", "epoch": 47}
{"loss": 0.0858396366238594, "acc": 0.9690116047859192, "length": 4.993955135345459, "mode": "train", "epoch": 48}
{"loss": 0.33051520586013794, "acc": 0.9053274989128113, "length": 5.0, "mode": "test", "epoch": 48}
{"loss": 0.08070172369480133, "acc": 0.972646176815033, "length": 4.997183322906494, "mode": "train", "epoch": 49}
{"loss": 0.3540753722190857, "acc": 0.9049675464630127, "length": 5.0, "mode": "test", "epoch": 49}
{"loss": 0.08024556934833527, "acc": 0.9697554707527161, "length": 4.997584342956543, "mode": "train", "epoch": 50}
{"loss": 0.35255610942840576, "acc": 0.9071274995803833, "length": 5.0, "mode": "test", "epoch": 50}
{"loss": 0.08038196712732315, "acc": 0.9711451530456543, "length": 4.9953789710998535, "mode": "train", "epoch": 51}
{"loss": 0.3866047263145447, "acc": 0.899208128452301, "length": 5.0, "mode": "test", "epoch": 51}
{"loss": 0.11139988899230957, "acc": 0.9565368890762329, "length": 4.997537612915039, "mode": "train", "epoch": 52}
{"loss": 0.37869584560394287, "acc": 0.8970481753349304, "length": 5.0, "mode": "test", "epoch": 52}
{"loss": 0.09537805616855621, "acc": 0.9662635326385498, "length": 4.996121406555176, "mode": "train", "epoch": 53}
{"loss": 0.3729746341705322, "acc": 0.900287926197052, "length": 5.0, "mode": "test", "epoch": 53}
{"loss": 0.09107452630996704, "acc": 0.9686884880065918, "length": 4.9982523918151855, "mode": "train", "epoch": 54}
{"loss": 0.3522800803184509, "acc": 0.898128092288971, "length": 5.0, "mode": "test", "epoch": 54}
{"loss": 0.08359193801879883, "acc": 0.9707364439964294, "length": 4.998291015625, "mode": "train", "epoch": 55}
{"loss": 0.37980177998542786, "acc": 0.9085674285888672, "length": 5.0, "mode": "test", "epoch": 55}
{"loss": 0.0783052146434784, "acc": 0.9732662439346313, "length": 4.997709274291992, "mode": "train", "epoch": 56}
{"loss": 0.3804089426994324, "acc": 0.9064074158668518, "length": 5.0, "mode": "test", "epoch": 56}
{"loss": 0.07537530362606049, "acc": 0.9724224805831909, "length": 4.99827766418457, "mode": "train", "epoch": 57}
{"loss": 0.3879844844341278, "acc": 0.9020878672599792, "length": 5.0, "mode": "test", "epoch": 57}
{"loss": 0.08910854160785675, "acc": 0.9690541625022888, "length": 4.998620986938477, "mode": "train", "epoch": 58}
{"loss": 0.42184513807296753, "acc": 0.8920086622238159, "length": 5.0, "mode": "test", "epoch": 58}
{"loss": 0.08123882859945297, "acc": 0.9725422263145447, "length": 4.998570919036865, "mode": "train", "epoch": 59}
{"loss": 0.39380744099617004, "acc": 0.900287926197052, "length": 5.0, "mode": "test", "epoch": 59}
{"loss": 0.07888416200876236, "acc": 0.9726665019989014, "length": 4.997898578643799, "mode": "train", "epoch": 60}
{"loss": 0.40405088663101196, "acc": 0.9078472256660461, "length": 5.0, "mode": "test", "epoch": 60}
{"loss": 0.06669730693101883, "acc": 0.9780455231666565, "length": 4.9965739250183105, "mode": "train", "epoch": 61}
{"loss": 0.37366583943367004, "acc": 0.911086916923523, "length": 5.0, "mode": "test", "epoch": 61}
{"loss": 0.06728752702474594, "acc": 0.9779527187347412, "length": 4.998392581939697, "mode": "train", "epoch": 62}
{"loss": 0.40766069293022156, "acc": 0.9038878679275513, "length": 5.0, "mode": "test", "epoch": 62}
{"loss": 0.08455877006053925, "acc": 0.9713507294654846, "length": 4.9994049072265625, "mode": "train", "epoch": 63}
{"loss": 0.39948660135269165, "acc": 0.8984881639480591, "length": 5.0, "mode": "test", "epoch": 63}
{"loss": 0.09258057177066803, "acc": 0.9661778211593628, "length": 4.999382495880127, "mode": "train", "epoch": 64}
{"loss": 0.43268632888793945, "acc": 0.9042477607727051, "length": 5.0, "mode": "test", "epoch": 64}
{"loss": 0.11435028165578842, "acc": 0.9582331776618958, "length": 4.998201847076416, "mode": "train", "epoch": 65}
{"loss": 0.46758314967155457, "acc": 0.8912884593009949, "length": 5.0, "mode": "test", "epoch": 65}
{"loss": 0.11733292788267136, "acc": 0.9555898308753967, "length": 4.999214172363281, "mode": "train", "epoch": 66}
{"loss": 0.39409297704696655, "acc": 0.8974081873893738, "length": 5.0, "mode": "test", "epoch": 66}
{"loss": 0.10573574155569077, "acc": 0.964485228061676, "length": 4.999006748199463, "mode": "train", "epoch": 67}
{"loss": 0.3888980448246002, "acc": 0.8999281525611877, "length": 5.0, "mode": "test", "epoch": 67}
{"loss": 0.09249572455883026, "acc": 0.9653381109237671, "length": 4.999133586883545, "mode": "train", "epoch": 68}
{"loss": 0.3297869861125946, "acc": 0.9132468700408936, "length": 5.0, "mode": "test", "epoch": 68}
{"loss": 0.07369305193424225, "acc": 0.9742428064346313, "length": 4.999020099639893, "mode": "train", "epoch": 69}
{"loss": 0.369674950838089, "acc": 0.9092872738838196, "length": 5.0, "mode": "test", "epoch": 69}
{"loss": 0.07725521177053452, "acc": 0.9735121726989746, "length": 4.998812198638916, "mode": "train", "epoch": 70}
{"loss": 0.34690165519714355, "acc": 0.9139670133590698, "length": 5.0, "mode": "test", "epoch": 70}
{"loss": 0.0688067078590393, "acc": 0.9755675792694092, "length": 4.999685287475586, "mode": "train", "epoch": 71}
{"loss": 0.3497982621192932, "acc": 0.9092872738838196, "length": 5.0, "mode": "test", "epoch": 71}
{"loss": 0.06276054680347443, "acc": 0.9788032174110413, "length": 4.998542308807373, "mode": "train", "epoch": 72}
{"loss": 0.385073721408844, "acc": 0.9085672497749329, "length": 5.0, "mode": "test", "epoch": 72}
{"loss": 0.0650203600525856, "acc": 0.9758074283599854, "length": 4.999605655670166, "mode": "train", "epoch": 73}
{"loss": 0.4086882770061493, "acc": 0.9074875116348267, "length": 5.0, "mode": "test", "epoch": 73}
{"loss": 0.06215047091245651, "acc": 0.9784544706344604, "length": 4.999622344970703, "mode": "train", "epoch": 74}
{"loss": 0.3704700469970703, "acc": 0.9046075344085693, "length": 5.0, "mode": "test", "epoch": 74}
{"loss": 0.07364126294851303, "acc": 0.974240243434906, "length": 4.999436378479004, "mode": "train", "epoch": 75}
{"loss": 0.38469886779785156, "acc": 0.9071274399757385, "length": 5.0, "mode": "test", "epoch": 75}
{"loss": 0.07930167019367218, "acc": 0.972313404083252, "length": 4.999151229858398, "mode": "train", "epoch": 76}
{"loss": 0.3566451072692871, "acc": 0.9031679034233093, "length": 5.0, "mode": "test", "epoch": 76}
{"loss": 0.06590715795755386, "acc": 0.9772512316703796, "length": 4.999638557434082, "mode": "train", "epoch": 77}
{"loss": 0.3676496744155884, "acc": 0.9042477607727051, "length": 5.0, "mode": "test", "epoch": 77}
{"loss": 0.07885023206472397, "acc": 0.9712326526641846, "length": 4.999507427215576, "mode": "train", "epoch": 78}
{"loss": 0.40109723806381226, "acc": 0.902807891368866, "length": 5.0, "mode": "test", "epoch": 78}
{"loss": 0.07652105391025543, "acc": 0.9734029769897461, "length": 4.999739646911621, "mode": "train", "epoch": 79}
{"loss": 0.3884412944316864, "acc": 0.9071274399757385, "length": 5.0, "mode": "test", "epoch": 79}
{"loss": 0.06899295747280121, "acc": 0.9772394895553589, "length": 4.998936176300049, "mode": "train", "epoch": 80}
{"loss": 0.3870678246021271, "acc": 0.9114473462104797, "length": 5.0, "mode": "test", "epoch": 80}
{"loss": 0.057550735771656036, "acc": 0.9805014729499817, "length": 4.9996843338012695, "mode": "train", "epoch": 81}
{"loss": 0.4039655327796936, "acc": 0.9049675464630127, "length": 5.0, "mode": "test", "epoch": 81}
{"loss": 0.06875678896903992, "acc": 0.9789246916770935, "length": 4.998027324676514, "mode": "train", "epoch": 82}
{"loss": 0.37826281785964966, "acc": 0.9096473455429077, "length": 5.0, "mode": "test", "epoch": 82}
{"loss": 0.06205589696764946, "acc": 0.9798998236656189, "length": 4.999707221984863, "mode": "train", "epoch": 83}
{"loss": 0.37828949093818665, "acc": 0.9085671901702881, "length": 5.0, "mode": "test", "epoch": 83}
{"loss": 0.057619936764240265, "acc": 0.9802626967430115, "length": 4.9995598793029785, "mode": "train", "epoch": 84}
{"loss": 0.4093523621559143, "acc": 0.9107270836830139, "length": 5.0, "mode": "test", "epoch": 84}
{"loss": 0.05441766232252121, "acc": 0.9823057055473328, "length": 4.9996490478515625, "mode": "train", "epoch": 85}
{"loss": 0.3780626356601715, "acc": 0.9114471077919006, "length": 5.0, "mode": "test", "epoch": 85}
{"loss": 0.06123892590403557, "acc": 0.9789332151412964, "length": 4.999148845672607, "mode": "train", "epoch": 86}
{"loss": 0.36935657262802124, "acc": 0.9089273810386658, "length": 5.0, "mode": "test", "epoch": 86}
{"loss": 0.06827346235513687, "acc": 0.9785725474357605, "length": 4.999557018280029, "mode": "train", "epoch": 87}
{"loss": 0.36946338415145874, "acc": 0.9118070602416992, "length": 5.0, "mode": "test", "epoch": 87}
{"loss": 0.06435686349868774, "acc": 0.9791685342788696, "length": 4.998844146728516, "mode": "train", "epoch": 88}
{"loss": 0.36291587352752686, "acc": 0.908567488193512, "length": 5.0, "mode": "test", "epoch": 88}
{"loss": 0.05863381549715996, "acc": 0.9806147217750549, "length": 4.9992876052856445, "mode": "train", "epoch": 89}
{"loss": 0.3619449734687805, "acc": 0.908927321434021, "length": 5.0, "mode": "test", "epoch": 89}
{"loss": 0.06470862776041031, "acc": 0.9751959443092346, "length": 4.99788236618042, "mode": "train", "epoch": 90}
{"loss": 0.40159153938293457, "acc": 0.9107272028923035, "length": 5.0, "mode": "test", "epoch": 90}
{"loss": 0.06345567107200623, "acc": 0.9800178408622742, "length": 4.999635696411133, "mode": "train", "epoch": 91}
{"loss": 0.43902504444122314, "acc": 0.9064075350761414, "length": 5.0, "mode": "test", "epoch": 91}
{"loss": 0.080827496945858, "acc": 0.9727657437324524, "length": 4.997034549713135, "mode": "train", "epoch": 92}
{"loss": 0.4324691593647003, "acc": 0.9038877487182617, "length": 5.0, "mode": "test", "epoch": 92}
{"loss": 0.07690443098545074, "acc": 0.972561776638031, "length": 4.99984073638916, "mode": "train", "epoch": 93}
{"loss": 0.4104026257991791, "acc": 0.9064075946807861, "length": 5.0, "mode": "test", "epoch": 93}
{"loss": 0.06515021622180939, "acc": 0.9768927693367004, "length": 4.999792575836182, "mode": "train", "epoch": 94}
{"loss": 0.37667396664619446, "acc": 0.9078474640846252, "length": 5.0, "mode": "test", "epoch": 94}
{"loss": 0.05309119075536728, "acc": 0.9812241792678833, "length": 4.99978494644165, "mode": "train", "epoch": 95}
{"loss": 0.40734851360321045, "acc": 0.9092872738838196, "length": 5.0, "mode": "test", "epoch": 95}
{"loss": 0.058591876178979874, "acc": 0.9802594184875488, "length": 4.999431133270264, "mode": "train", "epoch": 96}
{"loss": 0.3574247360229492, "acc": 0.9179266095161438, "length": 5.0, "mode": "test", "epoch": 96}
{"loss": 0.0777444988489151, "acc": 0.9731619954109192, "length": 4.999627590179443, "mode": "train", "epoch": 97}
{"loss": 0.40726232528686523, "acc": 0.9046077132225037, "length": 5.0, "mode": "test", "epoch": 97}
{"loss": 0.1522301286458969, "acc": 0.9500557780265808, "length": 4.999722003936768, "mode": "train", "epoch": 98}
{"loss": 0.4066299796104431, "acc": 0.89812833070755, "length": 5.0, "mode": "test", "epoch": 98}
{"loss": 0.1473950445652008, "acc": 0.9482344388961792, "length": 4.998266220092773, "mode": "train", "epoch": 99}
{"loss": 0.3985610604286194, "acc": 0.8956084847450256, "length": 5.0, "mode": "test", "epoch": 99}
{"loss": 0.1688782423734665, "acc": 0.9374193549156189, "length": 4.999585151672363, "mode": "train", "epoch": 100}
{"loss": 0.4238913655281067, "acc": 0.8966881036758423, "length": 5.0, "mode": "test", "epoch": 100}
test accuracy: 0.8563597202301025
