# ["--attributes=4", "--values=3", "--game_size=3", "--vocab_size_factor=3", "--n_epochs=100", "--batch_size=64", "--learning_rate=0.0005", "--hidden_size=128", "--temp_update=0.97", "--temperature=2"]
Creating train_ds and val_ds...

Creating test_ds...
{"loss": 0.6947310566902161, "acc": 0.5063765048980713, "length": 4.254900932312012, "mode": "train", "epoch": 1}
{"loss": 0.6963489651679993, "acc": 0.4948834776878357, "length": 1.0088105201721191, "mode": "test", "epoch": 1}
{"loss": 0.6920507550239563, "acc": 0.5203984379768372, "length": 3.936880111694336, "mode": "train", "epoch": 2}
{"loss": 0.6930685043334961, "acc": 0.5034875869750977, "length": 1.0881056785583496, "mode": "test", "epoch": 2}
{"loss": 0.6804088354110718, "acc": 0.5724396109580994, "length": 3.0615062713623047, "mode": "train", "epoch": 3}
{"loss": 0.6591349840164185, "acc": 0.6423152089118958, "length": 2.7973568439483643, "mode": "test", "epoch": 3}
{"loss": 0.6390430331230164, "acc": 0.6421007513999939, "length": 3.3164896965026855, "mode": "train", "epoch": 4}
{"loss": 0.6494830846786499, "acc": 0.6464929580688477, "length": 3.281938314437866, "mode": "test", "epoch": 4}
{"loss": 0.6148878335952759, "acc": 0.6549471616744995, "length": 3.382718324661255, "mode": "train", "epoch": 5}
{"loss": 0.6230378150939941, "acc": 0.675884485244751, "length": 3.4713656902313232, "mode": "test", "epoch": 5}
{"loss": 0.5850296020507812, "acc": 0.7014261484146118, "length": 3.746548891067505, "mode": "train", "epoch": 6}
{"loss": 0.5880773067474365, "acc": 0.710840106010437, "length": 3.8766520023345947, "mode": "test", "epoch": 6}
{"loss": 0.536598801612854, "acc": 0.7327063083648682, "length": 4.156582355499268, "mode": "train", "epoch": 7}
{"loss": 0.5524641871452332, "acc": 0.7562006711959839, "length": 4.691629886627197, "mode": "test", "epoch": 7}
{"loss": 0.5045511722564697, "acc": 0.7602596879005432, "length": 4.5551910400390625, "mode": "train", "epoch": 8}
{"loss": 0.5409665703773499, "acc": 0.7622235417366028, "length": 4.872246742248535, "mode": "test", "epoch": 8}
{"loss": 0.47966238856315613, "acc": 0.7794037461280823, "length": 4.697592258453369, "mode": "train", "epoch": 9}
{"loss": 0.49368879199028015, "acc": 0.7770799994468689, "length": 4.903083801269531, "mode": "test", "epoch": 9}
{"loss": 0.44263017177581787, "acc": 0.8029724955558777, "length": 4.784411430358887, "mode": "train", "epoch": 10}
{"loss": 0.47892457246780396, "acc": 0.7705464363098145, "length": 4.92290735244751, "mode": "test", "epoch": 10}
{"loss": 0.4253542423248291, "acc": 0.8121923804283142, "length": 4.800354957580566, "mode": "train", "epoch": 11}
{"loss": 0.4553765654563904, "acc": 0.7961351275444031, "length": 4.927312850952148, "mode": "test", "epoch": 11}
{"loss": 0.4132104516029358, "acc": 0.8160271644592285, "length": 4.801863670349121, "mode": "train", "epoch": 12}
{"loss": 0.4495028257369995, "acc": 0.7852365374565125, "length": 4.973568439483643, "mode": "test", "epoch": 12}
{"loss": 0.403652548789978, "acc": 0.8240048289299011, "length": 4.873810291290283, "mode": "train", "epoch": 13}
{"loss": 0.44336605072021484, "acc": 0.8002936244010925, "length": 5.0, "mode": "test", "epoch": 13}
{"loss": 0.40067800879478455, "acc": 0.8268629312515259, "length": 4.90841817855835, "mode": "train", "epoch": 14}
{"loss": 0.4335969388484955, "acc": 0.8080030679702759, "length": 5.0, "mode": "test", "epoch": 14}
{"loss": 0.3885485529899597, "acc": 0.8266822695732117, "length": 4.93429708480835, "mode": "train", "epoch": 15}
{"loss": 0.4381519854068756, "acc": 0.7955213189125061, "length": 5.0, "mode": "test", "epoch": 15}
{"loss": 0.3790844678878784, "acc": 0.8323969841003418, "length": 4.952413082122803, "mode": "train", "epoch": 16}
{"loss": 0.44245728850364685, "acc": 0.8046990036964417, "length": 5.0, "mode": "test", "epoch": 16}
{"loss": 0.37192583084106445, "acc": 0.8332861065864563, "length": 4.971463203430176, "mode": "train", "epoch": 17}
{"loss": 0.44405215978622437, "acc": 0.7973568439483643, "length": 5.0, "mode": "test", "epoch": 17}
{"loss": 0.36944451928138733, "acc": 0.8356070518493652, "length": 4.97754430770874, "mode": "train", "epoch": 18}
{"loss": 0.4193636178970337, "acc": 0.8091044425964355, "length": 5.0, "mode": "test", "epoch": 18}
{"loss": 0.36982932686805725, "acc": 0.8386784195899963, "length": 4.981541156768799, "mode": "train", "epoch": 19}
{"loss": 0.4270036518573761, "acc": 0.8091042637825012, "length": 5.0, "mode": "test", "epoch": 19}
{"loss": 0.36713042855262756, "acc": 0.8399581909179688, "length": 4.987353801727295, "mode": "train", "epoch": 20}
{"loss": 0.40832623839378357, "acc": 0.8201174139976501, "length": 5.0, "mode": "test", "epoch": 20}
{"loss": 0.3581119477748871, "acc": 0.8422783017158508, "length": 4.987507343292236, "mode": "train", "epoch": 21}
{"loss": 0.4067530035972595, "acc": 0.8204845786094666, "length": 5.0, "mode": "test", "epoch": 21}
{"loss": 0.35527515411376953, "acc": 0.8460134267807007, "length": 4.99105978012085, "mode": "train", "epoch": 22}
{"loss": 0.4031478464603424, "acc": 0.8241556882858276, "length": 5.0, "mode": "test", "epoch": 22}
{"loss": 0.3464488387107849, "acc": 0.8487858176231384, "length": 4.987041473388672, "mode": "train", "epoch": 23}
{"loss": 0.3887039124965668, "acc": 0.831497848033905, "length": 5.0, "mode": "test", "epoch": 23}
{"loss": 0.3582676649093628, "acc": 0.8486108183860779, "length": 4.994084358215332, "mode": "train", "epoch": 24}
{"loss": 0.398457407951355, "acc": 0.8259913325309753, "length": 5.0, "mode": "test", "epoch": 24}
{"loss": 0.34343186020851135, "acc": 0.8509277105331421, "length": 4.993377685546875, "mode": "train", "epoch": 25}
{"loss": 0.39382582902908325, "acc": 0.8281938433647156, "length": 5.0, "mode": "test", "epoch": 25}
{"loss": 0.32991522550582886, "acc": 0.8578312397003174, "length": 4.995031833648682, "mode": "train", "epoch": 26}
{"loss": 0.3858560025691986, "acc": 0.8443465232849121, "length": 5.0, "mode": "test", "epoch": 26}
{"loss": 0.31960925459861755, "acc": 0.8599128127098083, "length": 4.995727062225342, "mode": "train", "epoch": 27}
{"loss": 0.3836214244365692, "acc": 0.8469163179397583, "length": 5.0, "mode": "test", "epoch": 27}
{"loss": 0.31835734844207764, "acc": 0.8649123907089233, "length": 4.995215892791748, "mode": "train", "epoch": 28}
{"loss": 0.3821437358856201, "acc": 0.8461821675300598, "length": 5.0, "mode": "test", "epoch": 28}
{"loss": 0.3148842453956604, "acc": 0.8656773567199707, "length": 4.995487689971924, "mode": "train", "epoch": 29}
{"loss": 0.3781786561012268, "acc": 0.8509544134140015, "length": 5.0, "mode": "test", "epoch": 29}
{"loss": 0.3103962242603302, "acc": 0.8671522736549377, "length": 4.995887279510498, "mode": "train", "epoch": 30}
{"loss": 0.3743748366832733, "acc": 0.8520559072494507, "length": 5.0, "mode": "test", "epoch": 30}
{"loss": 0.3108674883842468, "acc": 0.8693957328796387, "length": 4.9982428550720215, "mode": "train", "epoch": 31}
{"loss": 0.3637177646160126, "acc": 0.8586636781692505, "length": 5.0, "mode": "test", "epoch": 31}
{"loss": 0.31018558144569397, "acc": 0.8666740655899048, "length": 4.9974493980407715, "mode": "train", "epoch": 32}
{"loss": 0.36338964104652405, "acc": 0.8513215780258179, "length": 5.0, "mode": "test", "epoch": 32}
{"loss": 0.3070966303348541, "acc": 0.8772409558296204, "length": 4.99773645401001, "mode": "train", "epoch": 33}
{"loss": 0.35782772302627563, "acc": 0.8557268977165222, "length": 5.0, "mode": "test", "epoch": 33}
{"loss": 0.3022191524505615, "acc": 0.8770105838775635, "length": 4.999033451080322, "mode": "train", "epoch": 34}
{"loss": 0.3574250638484955, "acc": 0.8553597331047058, "length": 5.0, "mode": "test", "epoch": 34}
{"loss": 0.29622116684913635, "acc": 0.8728150725364685, "length": 4.998033046722412, "mode": "train", "epoch": 35}
{"loss": 0.3570079505443573, "acc": 0.8538913726806641, "length": 5.0, "mode": "test", "epoch": 35}
{"loss": 0.2969047427177429, "acc": 0.8774333000183105, "length": 4.99608850479126, "mode": "train", "epoch": 36}
{"loss": 0.34574443101882935, "acc": 0.8582967519760132, "length": 5.0, "mode": "test", "epoch": 36}
{"loss": 0.29439616203308105, "acc": 0.8733358979225159, "length": 4.99953031539917, "mode": "train", "epoch": 37}
{"loss": 0.35732942819595337, "acc": 0.8612335324287415, "length": 5.0, "mode": "test", "epoch": 37}
{"loss": 0.2986389100551605, "acc": 0.8781170845031738, "length": 4.999260902404785, "mode": "train", "epoch": 38}
{"loss": 0.35021960735321045, "acc": 0.8601322174072266, "length": 5.0, "mode": "test", "epoch": 38}
{"loss": 0.28520095348358154, "acc": 0.8825377821922302, "length": 4.999288558959961, "mode": "train", "epoch": 39}
{"loss": 0.35274025797843933, "acc": 0.8564609885215759, "length": 5.0, "mode": "test", "epoch": 39}
{"loss": 0.2855624258518219, "acc": 0.8824183940887451, "length": 4.999660015106201, "mode": "train", "epoch": 40}
{"loss": 0.35464611649513245, "acc": 0.8520559072494507, "length": 5.0, "mode": "test", "epoch": 40}
{"loss": 0.2842947244644165, "acc": 0.8797168731689453, "length": 4.999544620513916, "mode": "train", "epoch": 41}
{"loss": 0.3613760769367218, "acc": 0.8549927473068237, "length": 5.0, "mode": "test", "epoch": 41}
{"loss": 0.27853596210479736, "acc": 0.8844799399375916, "length": 4.998607635498047, "mode": "train", "epoch": 42}
{"loss": 0.3677937686443329, "acc": 0.8509544730186462, "length": 5.0, "mode": "test", "epoch": 42}
{"loss": 0.27935710549354553, "acc": 0.8871701955795288, "length": 4.998528003692627, "mode": "train", "epoch": 43}
{"loss": 0.3580928444862366, "acc": 0.8608664870262146, "length": 5.0, "mode": "test", "epoch": 43}
{"loss": 0.2832878828048706, "acc": 0.8846325874328613, "length": 4.999931335449219, "mode": "train", "epoch": 44}
{"loss": 0.35402509570121765, "acc": 0.8538913726806641, "length": 5.0, "mode": "test", "epoch": 44}
{"loss": 0.28032857179641724, "acc": 0.88291335105896, "length": 4.99985408782959, "mode": "train", "epoch": 45}
{"loss": 0.364060640335083, "acc": 0.8520559072494507, "length": 5.0, "mode": "test", "epoch": 45}
{"loss": 0.2761196196079254, "acc": 0.8803396224975586, "length": 4.999003887176514, "mode": "train", "epoch": 46}
{"loss": 0.36211952567100525, "acc": 0.8564609885215759, "length": 5.0, "mode": "test", "epoch": 46}
{"loss": 0.27871212363243103, "acc": 0.8866994380950928, "length": 4.997801780700684, "mode": "train", "epoch": 47}
{"loss": 0.35721325874328613, "acc": 0.8582966923713684, "length": 5.0, "mode": "test", "epoch": 47}
{"loss": 0.2768685817718506, "acc": 0.8872105479240417, "length": 4.9999542236328125, "mode": "train", "epoch": 48}
{"loss": 0.3497019410133362, "acc": 0.8586635589599609, "length": 5.0, "mode": "test", "epoch": 48}
{"loss": 0.27621960639953613, "acc": 0.8848785161972046, "length": 4.999923229217529, "mode": "train", "epoch": 49}
{"loss": 0.35519930720329285, "acc": 0.85425865650177, "length": 5.0, "mode": "test", "epoch": 49}
{"loss": 0.27284520864486694, "acc": 0.8897878527641296, "length": 4.999941349029541, "mode": "train", "epoch": 50}
{"loss": 0.3606019616127014, "acc": 0.8553597927093506, "length": 5.0, "mode": "test", "epoch": 50}
{"loss": 0.271669864654541, "acc": 0.8879421353340149, "length": 4.999801158905029, "mode": "train", "epoch": 51}
{"loss": 0.35912835597991943, "acc": 0.8564609885215759, "length": 5.0, "mode": "test", "epoch": 51}
{"loss": 0.26594027876853943, "acc": 0.887944757938385, "length": 4.999680519104004, "mode": "train", "epoch": 52}
{"loss": 0.3554881811141968, "acc": 0.8590309023857117, "length": 5.0, "mode": "test", "epoch": 52}
{"loss": 0.2660919427871704, "acc": 0.8923609256744385, "length": 4.999764919281006, "mode": "train", "epoch": 53}
{"loss": 0.34403401613235474, "acc": 0.8627020120620728, "length": 5.0, "mode": "test", "epoch": 53}
{"loss": 0.2613351345062256, "acc": 0.8919962644577026, "length": 4.9999189376831055, "mode": "train", "epoch": 54}
{"loss": 0.35245591402053833, "acc": 0.8630689978599548, "length": 5.0, "mode": "test", "epoch": 54}
{"loss": 0.259450763463974, "acc": 0.8946897983551025, "length": 4.999727249145508, "mode": "train", "epoch": 55}
{"loss": 0.3648470640182495, "acc": 0.860499382019043, "length": 5.0, "mode": "test", "epoch": 55}
{"loss": 0.25740861892700195, "acc": 0.8912612199783325, "length": 4.999975681304932, "mode": "train", "epoch": 56}
{"loss": 0.35521605610847473, "acc": 0.860866367816925, "length": 5.0, "mode": "test", "epoch": 56}
{"loss": 0.25800377130508423, "acc": 0.8971999883651733, "length": 4.997174263000488, "mode": "train", "epoch": 57}
{"loss": 0.35110998153686523, "acc": 0.8564610481262207, "length": 5.0, "mode": "test", "epoch": 57}
{"loss": 0.26207855343818665, "acc": 0.8959251642227173, "length": 4.999982833862305, "mode": "train", "epoch": 58}
{"loss": 0.3549072742462158, "acc": 0.8612333536148071, "length": 5.0, "mode": "test", "epoch": 58}
{"loss": 0.25329458713531494, "acc": 0.8992385268211365, "length": 4.99997615814209, "mode": "train", "epoch": 59}
{"loss": 0.3495211601257324, "acc": 0.8627020120620728, "length": 5.0, "mode": "test", "epoch": 59}
{"loss": 0.2515328824520111, "acc": 0.9009559154510498, "length": 4.999932765960693, "mode": "train", "epoch": 60}
{"loss": 0.35429519414901733, "acc": 0.8634359836578369, "length": 5.0, "mode": "test", "epoch": 60}
{"loss": 0.24996532499790192, "acc": 0.8977648615837097, "length": 4.999943733215332, "mode": "train", "epoch": 61}
{"loss": 0.3524961471557617, "acc": 0.8645372986793518, "length": 5.0, "mode": "test", "epoch": 61}
{"loss": 0.2521902918815613, "acc": 0.9005866050720215, "length": 4.999900817871094, "mode": "train", "epoch": 62}
{"loss": 0.3593099117279053, "acc": 0.864904522895813, "length": 5.0, "mode": "test", "epoch": 62}
{"loss": 0.24851186573505402, "acc": 0.9031550884246826, "length": 4.99966287612915, "mode": "train", "epoch": 63}
{"loss": 0.351112425327301, "acc": 0.8660058975219727, "length": 5.0, "mode": "test", "epoch": 63}
{"loss": 0.2496684342622757, "acc": 0.8977654576301575, "length": 4.999938011169434, "mode": "train", "epoch": 64}
{"loss": 0.35676440596580505, "acc": 0.8660058379173279, "length": 5.0, "mode": "test", "epoch": 64}
{"loss": 0.24106869101524353, "acc": 0.9027966856956482, "length": 4.999940872192383, "mode": "train", "epoch": 65}
{"loss": 0.3613201081752777, "acc": 0.8645374178886414, "length": 5.0, "mode": "test", "epoch": 65}
{"loss": 0.2381371706724167, "acc": 0.9035077095031738, "length": 4.997253894805908, "mode": "train", "epoch": 66}
{"loss": 0.3463084399700165, "acc": 0.8660058975219727, "length": 5.0, "mode": "test", "epoch": 66}
{"loss": 0.23516614735126495, "acc": 0.9067248106002808, "length": 4.999975681304932, "mode": "train", "epoch": 67}
{"loss": 0.3531716465950012, "acc": 0.8693099021911621, "length": 5.0, "mode": "test", "epoch": 67}
{"loss": 0.240217387676239, "acc": 0.9026687741279602, "length": 4.9997100830078125, "mode": "train", "epoch": 68}
{"loss": 0.35269612073898315, "acc": 0.8619678616523743, "length": 5.0, "mode": "test", "epoch": 68}
{"loss": 0.227920264005661, "acc": 0.9064679145812988, "length": 4.999630451202393, "mode": "train", "epoch": 69}
{"loss": 0.3595263659954071, "acc": 0.8667399287223816, "length": 5.0, "mode": "test", "epoch": 69}
{"loss": 0.23114322125911713, "acc": 0.9081973433494568, "length": 4.9999613761901855, "mode": "train", "epoch": 70}
{"loss": 0.3545205295085907, "acc": 0.868208646774292, "length": 5.0, "mode": "test", "epoch": 70}
{"loss": 0.2329980581998825, "acc": 0.9078092575073242, "length": 4.9994306564331055, "mode": "train", "epoch": 71}
{"loss": 0.35183700919151306, "acc": 0.8711452484130859, "length": 5.0, "mode": "test", "epoch": 71}
{"loss": 0.22711223363876343, "acc": 0.9104065299034119, "length": 4.999968528747559, "mode": "train", "epoch": 72}
{"loss": 0.3470211923122406, "acc": 0.872981071472168, "length": 5.0, "mode": "test", "epoch": 72}
{"loss": 0.23025600612163544, "acc": 0.9082610011100769, "length": 4.998072624206543, "mode": "train", "epoch": 73}
{"loss": 0.3553767800331116, "acc": 0.8748164772987366, "length": 5.0, "mode": "test", "epoch": 73}
{"loss": 0.2304471880197525, "acc": 0.9100391268730164, "length": 4.9999918937683105, "mode": "train", "epoch": 74}
{"loss": 0.34378746151924133, "acc": 0.8737151622772217, "length": 5.0, "mode": "test", "epoch": 74}
{"loss": 0.23078034818172455, "acc": 0.9058664441108704, "length": 4.999996185302734, "mode": "train", "epoch": 75}
{"loss": 0.34680551290512085, "acc": 0.8671072125434875, "length": 5.0, "mode": "test", "epoch": 75}
{"loss": 0.22684268653392792, "acc": 0.9074604511260986, "length": 4.999944686889648, "mode": "train", "epoch": 76}
{"loss": 0.3538323640823364, "acc": 0.8685757517814636, "length": 5.0, "mode": "test", "epoch": 76}
{"loss": 0.224330872297287, "acc": 0.9106526374816895, "length": 4.9999918937683105, "mode": "train", "epoch": 77}
{"loss": 0.33551114797592163, "acc": 0.8707782030105591, "length": 5.0, "mode": "test", "epoch": 77}
{"loss": 0.2227952927350998, "acc": 0.9123660922050476, "length": 4.999751091003418, "mode": "train", "epoch": 78}
{"loss": 0.3400704860687256, "acc": 0.8715124726295471, "length": 5.0, "mode": "test", "epoch": 78}
{"loss": 0.22490867972373962, "acc": 0.9101612567901611, "length": 4.999978065490723, "mode": "train", "epoch": 79}
{"loss": 0.35573193430900574, "acc": 0.8740823864936829, "length": 5.0, "mode": "test", "epoch": 79}
{"loss": 0.22326652705669403, "acc": 0.9097935557365417, "length": 4.999989032745361, "mode": "train", "epoch": 80}
{"loss": 0.36065688729286194, "acc": 0.8729810118675232, "length": 5.0, "mode": "test", "epoch": 80}
{"loss": 0.2217746078968048, "acc": 0.9154360294342041, "length": 4.999920845031738, "mode": "train", "epoch": 81}
{"loss": 0.3525112271308899, "acc": 0.8755505084991455, "length": 5.0, "mode": "test", "epoch": 81}
{"loss": 0.21772539615631104, "acc": 0.915560781955719, "length": 4.999953746795654, "mode": "train", "epoch": 82}
{"loss": 0.3629940152168274, "acc": 0.8729809522628784, "length": 5.0, "mode": "test", "epoch": 82}
{"loss": 0.21447914838790894, "acc": 0.9170346856117249, "length": 4.99999475479126, "mode": "train", "epoch": 83}
{"loss": 0.3527894616127014, "acc": 0.8722468018531799, "length": 5.0, "mode": "test", "epoch": 83}
{"loss": 0.21752795577049255, "acc": 0.9142097234725952, "length": 4.999945640563965, "mode": "train", "epoch": 84}
{"loss": 0.341735303401947, "acc": 0.870411217212677, "length": 5.0, "mode": "test", "epoch": 84}
{"loss": 0.21452882885932922, "acc": 0.9131069779396057, "length": 4.999972820281982, "mode": "train", "epoch": 85}
{"loss": 0.35558998584747314, "acc": 0.8729809522628784, "length": 5.0, "mode": "test", "epoch": 85}
{"loss": 0.2103690803050995, "acc": 0.9186245799064636, "length": 4.999768257141113, "mode": "train", "epoch": 86}
{"loss": 0.3623138964176178, "acc": 0.8711453676223755, "length": 5.0, "mode": "test", "epoch": 86}
{"loss": 0.20770157873630524, "acc": 0.9175255298614502, "length": 4.999991416931152, "mode": "train", "epoch": 87}
{"loss": 0.351909875869751, "acc": 0.8751835823059082, "length": 5.0, "mode": "test", "epoch": 87}
{"loss": 0.20602509379386902, "acc": 0.9147022366523743, "length": 4.999974250793457, "mode": "train", "epoch": 88}
{"loss": 0.3469037413597107, "acc": 0.870411217212677, "length": 5.0, "mode": "test", "epoch": 88}
{"loss": 0.20288579165935516, "acc": 0.9209620952606201, "length": 4.999997615814209, "mode": "train", "epoch": 89}
{"loss": 0.3676285743713379, "acc": 0.8689428567886353, "length": 5.0, "mode": "test", "epoch": 89}
{"loss": 0.20866882801055908, "acc": 0.9197339415550232, "length": 4.999979496002197, "mode": "train", "epoch": 90}
{"loss": 0.36656397581100464, "acc": 0.8685756325721741, "length": 5.0, "mode": "test", "epoch": 90}
{"loss": 0.21772177517414093, "acc": 0.910993218421936, "length": 4.998679161071777, "mode": "train", "epoch": 91}
{"loss": 0.3348841965198517, "acc": 0.8715125322341919, "length": 5.0, "mode": "test", "epoch": 91}
{"loss": 0.2080933302640915, "acc": 0.9164209365844727, "length": 4.99999475479126, "mode": "train", "epoch": 92}
{"loss": 0.342929482460022, "acc": 0.870411217212677, "length": 5.0, "mode": "test", "epoch": 92}
{"loss": 0.2076369971036911, "acc": 0.9187528491020203, "length": 4.999994277954102, "mode": "train", "epoch": 93}
{"loss": 0.3752901256084442, "acc": 0.8638033866882324, "length": 5.0, "mode": "test", "epoch": 93}
{"loss": 0.21116158366203308, "acc": 0.9198538064956665, "length": 4.999917507171631, "mode": "train", "epoch": 94}
{"loss": 0.3613432049751282, "acc": 0.8726138472557068, "length": 5.0, "mode": "test", "epoch": 94}
{"loss": 0.19783638417720795, "acc": 0.9214531183242798, "length": 4.999998092651367, "mode": "train", "epoch": 95}
{"loss": 0.3436654210090637, "acc": 0.8693099021911621, "length": 5.0, "mode": "test", "epoch": 95}
{"loss": 0.19430764019489288, "acc": 0.9219432473182678, "length": 4.9999847412109375, "mode": "train", "epoch": 96}
{"loss": 0.35913902521133423, "acc": 0.8722466826438904, "length": 5.0, "mode": "test", "epoch": 96}
{"loss": 0.1937531977891922, "acc": 0.9243983626365662, "length": 4.999995708465576, "mode": "train", "epoch": 97}
{"loss": 0.33643242716789246, "acc": 0.879956066608429, "length": 5.0, "mode": "test", "epoch": 97}
{"loss": 0.20064963400363922, "acc": 0.9257426261901855, "length": 4.999847412109375, "mode": "train", "epoch": 98}
{"loss": 0.3456583619117737, "acc": 0.8671072125434875, "length": 5.0, "mode": "test", "epoch": 98}
{"loss": 0.19292916357517242, "acc": 0.9246440529823303, "length": 4.999997615814209, "mode": "train", "epoch": 99}
{"loss": 0.3441731333732605, "acc": 0.8726138472557068, "length": 5.0, "mode": "test", "epoch": 99}
{"loss": 0.19069664180278778, "acc": 0.9275888204574585, "length": 4.999969482421875, "mode": "train", "epoch": 100}
{"loss": 0.34471577405929565, "acc": 0.87334805727005, "length": 5.0, "mode": "test", "epoch": 100}
test accuracy: 0.8523035049438477
