# ["--attributes=4", "--values=3", "--game_size=3", "--vocab_size_factor=3", "--n_epochs=100", "--batch_size=64", "--learning_rate=0.0005", "--hidden_size=128", "--temp_update=0.99", "--temperature=1"]
Creating train_ds and val_ds...

Creating test_ds...
{"loss": 0.6968002915382385, "acc": 0.5066319108009338, "length": 4.175579071044922, "mode": "train", "epoch": 1}
{"loss": 0.6922857761383057, "acc": 0.5103716850280762, "length": 1.0086207389831543, "mode": "test", "epoch": 1}
{"loss": 0.6921213865280151, "acc": 0.5223691463470459, "length": 3.812062978744507, "mode": "train", "epoch": 2}
{"loss": 0.692945659160614, "acc": 0.500359296798706, "length": 1.0, "mode": "test", "epoch": 2}
{"loss": 0.6835318207740784, "acc": 0.5613206624984741, "length": 3.5252881050109863, "mode": "train", "epoch": 3}
{"loss": 0.6514965295791626, "acc": 0.6544652581214905, "length": 4.379310131072998, "mode": "test", "epoch": 3}
{"loss": 0.6328728795051575, "acc": 0.6797229647636414, "length": 4.43812894821167, "mode": "train", "epoch": 4}
{"loss": 0.5799440145492554, "acc": 0.7090517282485962, "length": 5.0, "mode": "test", "epoch": 4}
{"loss": 0.5436431169509888, "acc": 0.7293412685394287, "length": 4.875665187835693, "mode": "train", "epoch": 5}
{"loss": 0.5411954522132874, "acc": 0.7345544695854187, "length": 5.0, "mode": "test", "epoch": 5}
{"loss": 0.4988327622413635, "acc": 0.7722437381744385, "length": 4.927729606628418, "mode": "train", "epoch": 6}
{"loss": 0.5174320936203003, "acc": 0.757902204990387, "length": 5.0, "mode": "test", "epoch": 6}
{"loss": 0.47186964750289917, "acc": 0.7862450480461121, "length": 4.947449207305908, "mode": "train", "epoch": 7}
{"loss": 0.49443936347961426, "acc": 0.7780172228813171, "length": 5.0, "mode": "test", "epoch": 7}
{"loss": 0.4419068694114685, "acc": 0.807261049747467, "length": 4.957900524139404, "mode": "train", "epoch": 8}
{"loss": 0.4634265899658203, "acc": 0.7941811084747314, "length": 5.0, "mode": "test", "epoch": 8}
{"loss": 0.4146706461906433, "acc": 0.8254570364952087, "length": 4.977107524871826, "mode": "train", "epoch": 9}
{"loss": 0.4563620090484619, "acc": 0.8042384386062622, "length": 5.0, "mode": "test", "epoch": 9}
{"loss": 0.3940418064594269, "acc": 0.8371784090995789, "length": 4.977841377258301, "mode": "train", "epoch": 10}
{"loss": 0.4360179007053375, "acc": 0.8128591179847717, "length": 5.0, "mode": "test", "epoch": 10}
{"loss": 0.38331833481788635, "acc": 0.8391111493110657, "length": 4.976743221282959, "mode": "train", "epoch": 11}
{"loss": 0.4295874238014221, "acc": 0.8024424910545349, "length": 5.0, "mode": "test", "epoch": 11}
{"loss": 0.37013402581214905, "acc": 0.8468322157859802, "length": 4.984092712402344, "mode": "train", "epoch": 12}
{"loss": 0.4206528067588806, "acc": 0.8089081048965454, "length": 5.0, "mode": "test", "epoch": 12}
{"loss": 0.35973405838012695, "acc": 0.8526097536087036, "length": 4.987893581390381, "mode": "train", "epoch": 13}
{"loss": 0.42034727334976196, "acc": 0.8010058403015137, "length": 5.0, "mode": "test", "epoch": 13}
{"loss": 0.35463476181030273, "acc": 0.851679801940918, "length": 4.990147113800049, "mode": "train", "epoch": 14}
{"loss": 0.4129806160926819, "acc": 0.812859296798706, "length": 5.0, "mode": "test", "epoch": 14}
{"loss": 0.35385921597480774, "acc": 0.8475329279899597, "length": 4.984537124633789, "mode": "train", "epoch": 15}
{"loss": 0.4026888608932495, "acc": 0.8157328367233276, "length": 5.0, "mode": "test", "epoch": 15}
{"loss": 0.3457387387752533, "acc": 0.8539716005325317, "length": 4.990828990936279, "mode": "train", "epoch": 16}
{"loss": 0.40400877594947815, "acc": 0.8261494040489197, "length": 5.0, "mode": "test", "epoch": 16}
{"loss": 0.33875513076782227, "acc": 0.85796058177948, "length": 4.993025302886963, "mode": "train", "epoch": 17}
{"loss": 0.3915294408798218, "acc": 0.826508641242981, "length": 5.0, "mode": "test", "epoch": 17}
{"loss": 0.33440107107162476, "acc": 0.8578220009803772, "length": 4.991446495056152, "mode": "train", "epoch": 18}
{"loss": 0.40446996688842773, "acc": 0.8293821215629578, "length": 5.0, "mode": "test", "epoch": 18}
{"loss": 0.3293553590774536, "acc": 0.8572617173194885, "length": 4.994537353515625, "mode": "train", "epoch": 19}
{"loss": 0.39753982424736023, "acc": 0.826867938041687, "length": 5.0, "mode": "test", "epoch": 19}
{"loss": 0.3248516619205475, "acc": 0.862182080745697, "length": 4.995803356170654, "mode": "train", "epoch": 20}
{"loss": 0.3855147957801819, "acc": 0.82758629322052, "length": 5.0, "mode": "test", "epoch": 20}
{"loss": 0.31832462549209595, "acc": 0.8668512105941772, "length": 4.996908664703369, "mode": "train", "epoch": 21}
{"loss": 0.3686397671699524, "acc": 0.8311779499053955, "length": 5.0, "mode": "test", "epoch": 21}
{"loss": 0.32052263617515564, "acc": 0.8639400005340576, "length": 4.992621898651123, "mode": "train", "epoch": 22}
{"loss": 0.37797191739082336, "acc": 0.8369251489639282, "length": 5.0, "mode": "test", "epoch": 22}
{"loss": 0.309315949678421, "acc": 0.8687456250190735, "length": 4.9958415031433105, "mode": "train", "epoch": 23}
{"loss": 0.37266749143600464, "acc": 0.8365662097930908, "length": 5.0, "mode": "test", "epoch": 23}
{"loss": 0.304146945476532, "acc": 0.8688701391220093, "length": 4.994561672210693, "mode": "train", "epoch": 24}
{"loss": 0.3691210448741913, "acc": 0.8455458879470825, "length": 5.0, "mode": "test", "epoch": 24}
{"loss": 0.3013622462749481, "acc": 0.8699240684509277, "length": 4.991646766662598, "mode": "train", "epoch": 25}
{"loss": 0.3549422025680542, "acc": 0.8498562574386597, "length": 5.0, "mode": "test", "epoch": 25}
{"loss": 0.28939008712768555, "acc": 0.8777487874031067, "length": 4.997038841247559, "mode": "train", "epoch": 26}
{"loss": 0.3627372682094574, "acc": 0.8494972586631775, "length": 5.0, "mode": "test", "epoch": 26}
{"loss": 0.2848096787929535, "acc": 0.8814737796783447, "length": 4.99674654006958, "mode": "train", "epoch": 27}
{"loss": 0.3690197467803955, "acc": 0.8469828367233276, "length": 5.0, "mode": "test", "epoch": 27}
{"loss": 0.2826061248779297, "acc": 0.8820301294326782, "length": 4.994361877441406, "mode": "train", "epoch": 28}
{"loss": 0.3644410967826843, "acc": 0.8512930870056152, "length": 5.0, "mode": "test", "epoch": 28}
{"loss": 0.276641309261322, "acc": 0.8843706250190735, "length": 4.997065544128418, "mode": "train", "epoch": 29}
{"loss": 0.35667166113853455, "acc": 0.8566811084747314, "length": 5.0, "mode": "test", "epoch": 29}
{"loss": 0.2661511301994324, "acc": 0.8880876302719116, "length": 4.9979448318481445, "mode": "train", "epoch": 30}
{"loss": 0.33432477712631226, "acc": 0.8591954708099365, "length": 5.0, "mode": "test", "epoch": 30}
{"loss": 0.2592005431652069, "acc": 0.8938060998916626, "length": 4.997071743011475, "mode": "train", "epoch": 31}
{"loss": 0.3366715610027313, "acc": 0.8588362336158752, "length": 5.0, "mode": "test", "epoch": 31}
{"loss": 0.2575687766075134, "acc": 0.8941522240638733, "length": 4.995162010192871, "mode": "train", "epoch": 32}
{"loss": 0.33424365520477295, "acc": 0.860991358757019, "length": 5.0, "mode": "test", "epoch": 32}
{"loss": 0.25622743368148804, "acc": 0.8926272392272949, "length": 4.9970927238464355, "mode": "train", "epoch": 33}
{"loss": 0.3311058282852173, "acc": 0.8599138855934143, "length": 5.0, "mode": "test", "epoch": 33}
{"loss": 0.25116854906082153, "acc": 0.8986738920211792, "length": 4.995075225830078, "mode": "train", "epoch": 34}
{"loss": 0.3334117829799652, "acc": 0.8627872467041016, "length": 5.0, "mode": "test", "epoch": 34}
{"loss": 0.2441774308681488, "acc": 0.901382565498352, "length": 4.997628688812256, "mode": "train", "epoch": 35}
{"loss": 0.3221442401409149, "acc": 0.8653017282485962, "length": 5.0, "mode": "test", "epoch": 35}
{"loss": 0.24386608600616455, "acc": 0.9014022946357727, "length": 4.995758056640625, "mode": "train", "epoch": 36}
{"loss": 0.3240791857242584, "acc": 0.8548851609230042, "length": 5.0, "mode": "test", "epoch": 36}
{"loss": 0.2377869337797165, "acc": 0.9020771980285645, "length": 4.996366500854492, "mode": "train", "epoch": 37}
{"loss": 0.3133900463581085, "acc": 0.8642241358757019, "length": 5.0, "mode": "test", "epoch": 37}
{"loss": 0.2391948103904724, "acc": 0.9025262594223022, "length": 4.99666690826416, "mode": "train", "epoch": 38}
{"loss": 0.3208463788032532, "acc": 0.8588362336158752, "length": 5.0, "mode": "test", "epoch": 38}
{"loss": 0.23378199338912964, "acc": 0.9049749970436096, "length": 4.997549057006836, "mode": "train", "epoch": 39}
{"loss": 0.31179165840148926, "acc": 0.8706897497177124, "length": 5.0, "mode": "test", "epoch": 39}
{"loss": 0.22712711989879608, "acc": 0.9099725484848022, "length": 4.996335983276367, "mode": "train", "epoch": 40}
{"loss": 0.3130359649658203, "acc": 0.8739224076271057, "length": 5.0, "mode": "test", "epoch": 40}
{"loss": 0.21956275403499603, "acc": 0.9130145311355591, "length": 4.9975199699401855, "mode": "train", "epoch": 41}
{"loss": 0.31359246373176575, "acc": 0.868534505367279, "length": 5.0, "mode": "test", "epoch": 41}
{"loss": 0.2162615954875946, "acc": 0.9130082130432129, "length": 4.997856140136719, "mode": "train", "epoch": 42}
{"loss": 0.30994704365730286, "acc": 0.8717672228813171, "length": 5.0, "mode": "test", "epoch": 42}
{"loss": 0.21469151973724365, "acc": 0.9150912165641785, "length": 4.995894432067871, "mode": "train", "epoch": 43}
{"loss": 0.3011680543422699, "acc": 0.8782327175140381, "length": 5.0, "mode": "test", "epoch": 43}
{"loss": 0.2145429402589798, "acc": 0.9178057312965393, "length": 4.9980788230896, "mode": "train", "epoch": 44}
{"loss": 0.31606483459472656, "acc": 0.873563289642334, "length": 5.0, "mode": "test", "epoch": 44}
{"loss": 0.21256586909294128, "acc": 0.9162434339523315, "length": 4.995332717895508, "mode": "train", "epoch": 45}
{"loss": 0.3093827962875366, "acc": 0.875, "length": 5.0, "mode": "test", "epoch": 45}
{"loss": 0.2114379107952118, "acc": 0.9141244292259216, "length": 4.998922824859619, "mode": "train", "epoch": 46}
{"loss": 0.29891109466552734, "acc": 0.8814654350280762, "length": 5.0, "mode": "test", "epoch": 46}
{"loss": 0.2116822451353073, "acc": 0.9145920276641846, "length": 4.99846887588501, "mode": "train", "epoch": 47}
{"loss": 0.3033364415168762, "acc": 0.875, "length": 5.0, "mode": "test", "epoch": 47}
{"loss": 0.20812566578388214, "acc": 0.9161961674690247, "length": 4.996304035186768, "mode": "train", "epoch": 48}
{"loss": 0.2990170419216156, "acc": 0.875718355178833, "length": 5.0, "mode": "test", "epoch": 48}
{"loss": 0.20708449184894562, "acc": 0.9203450679779053, "length": 4.998722076416016, "mode": "train", "epoch": 49}
{"loss": 0.292536199092865, "acc": 0.8843392729759216, "length": 5.0, "mode": "test", "epoch": 49}
{"loss": 0.20255841314792633, "acc": 0.9195916056632996, "length": 4.994689464569092, "mode": "train", "epoch": 50}
{"loss": 0.2946973145008087, "acc": 0.8818248510360718, "length": 5.0, "mode": "test", "epoch": 50}
{"loss": 0.20734746754169464, "acc": 0.917783260345459, "length": 4.996630668640137, "mode": "train", "epoch": 51}
{"loss": 0.30914536118507385, "acc": 0.8821839690208435, "length": 5.0, "mode": "test", "epoch": 51}
{"loss": 0.19396333396434784, "acc": 0.9248778223991394, "length": 4.996585369110107, "mode": "train", "epoch": 52}
{"loss": 0.2922620177268982, "acc": 0.8875718116760254, "length": 5.0, "mode": "test", "epoch": 52}
{"loss": 0.193386971950531, "acc": 0.925741970539093, "length": 4.998528957366943, "mode": "train", "epoch": 53}
{"loss": 0.3057795763015747, "acc": 0.8818247318267822, "length": 5.0, "mode": "test", "epoch": 53}
{"loss": 0.19431722164154053, "acc": 0.9228641986846924, "length": 4.998592853546143, "mode": "train", "epoch": 54}
{"loss": 0.29232922196388245, "acc": 0.8846982717514038, "length": 5.0, "mode": "test", "epoch": 54}
{"loss": 0.19516396522521973, "acc": 0.9216494560241699, "length": 4.997326850891113, "mode": "train", "epoch": 55}
{"loss": 0.297746866941452, "acc": 0.8829023838043213, "length": 5.0, "mode": "test", "epoch": 55}
{"loss": 0.18885771930217743, "acc": 0.9297860264778137, "length": 4.997879505157471, "mode": "train", "epoch": 56}
{"loss": 0.296959787607193, "acc": 0.8857758045196533, "length": 5.0, "mode": "test", "epoch": 56}
{"loss": 0.19016392529010773, "acc": 0.9263328313827515, "length": 4.998867988586426, "mode": "train", "epoch": 57}
{"loss": 0.29443371295928955, "acc": 0.8879310488700867, "length": 5.0, "mode": "test", "epoch": 57}
{"loss": 0.1832820624113083, "acc": 0.930677056312561, "length": 4.999547958374023, "mode": "train", "epoch": 58}
{"loss": 0.29028043150901794, "acc": 0.8868533968925476, "length": 5.0, "mode": "test", "epoch": 58}
{"loss": 0.18419021368026733, "acc": 0.9275652170181274, "length": 4.999577045440674, "mode": "train", "epoch": 59}
{"loss": 0.28162363171577454, "acc": 0.8897272348403931, "length": 5.0, "mode": "test", "epoch": 59}
{"loss": 0.18007192015647888, "acc": 0.9311595559120178, "length": 4.999392509460449, "mode": "train", "epoch": 60}
{"loss": 0.3052847981452942, "acc": 0.8893675804138184, "length": 5.0, "mode": "test", "epoch": 60}
{"loss": 0.18371295928955078, "acc": 0.9299527406692505, "length": 4.999213695526123, "mode": "train", "epoch": 61}
{"loss": 0.2965724766254425, "acc": 0.8857759237289429, "length": 5.0, "mode": "test", "epoch": 61}
{"loss": 0.17536267638206482, "acc": 0.9353468418121338, "length": 4.997093677520752, "mode": "train", "epoch": 62}
{"loss": 0.2896375358104706, "acc": 0.8897272348403931, "length": 5.0, "mode": "test", "epoch": 62}
{"loss": 0.16905605792999268, "acc": 0.9341935515403748, "length": 4.9970173835754395, "mode": "train", "epoch": 63}
{"loss": 0.2911527752876282, "acc": 0.8829023241996765, "length": 5.0, "mode": "test", "epoch": 63}
{"loss": 0.16810357570648193, "acc": 0.936379075050354, "length": 4.997501373291016, "mode": "train", "epoch": 64}
{"loss": 0.30464377999305725, "acc": 0.8839799165725708, "length": 5.0, "mode": "test", "epoch": 64}
{"loss": 0.16968290507793427, "acc": 0.9361149668693542, "length": 4.997353553771973, "mode": "train", "epoch": 65}
{"loss": 0.29397889971733093, "acc": 0.8897272348403931, "length": 5.0, "mode": "test", "epoch": 65}
{"loss": 0.16768190264701843, "acc": 0.9363252520561218, "length": 4.999838352203369, "mode": "train", "epoch": 66}
{"loss": 0.3164367079734802, "acc": 0.8875718116760254, "length": 5.0, "mode": "test", "epoch": 66}
{"loss": 0.17575602233409882, "acc": 0.9331895709037781, "length": 4.99914026260376, "mode": "train", "epoch": 67}
{"loss": 0.29321035742759705, "acc": 0.8915231227874756, "length": 5.0, "mode": "test", "epoch": 67}
{"loss": 0.17120607197284698, "acc": 0.9338974952697754, "length": 4.998944282531738, "mode": "train", "epoch": 68}
{"loss": 0.2953556180000305, "acc": 0.8861351609230042, "length": 5.0, "mode": "test", "epoch": 68}
{"loss": 0.17301271855831146, "acc": 0.9384773373603821, "length": 4.999719142913818, "mode": "train", "epoch": 69}
{"loss": 0.2898567318916321, "acc": 0.8854166269302368, "length": 5.0, "mode": "test", "epoch": 69}
{"loss": 0.17773105204105377, "acc": 0.9286422729492188, "length": 4.999319076538086, "mode": "train", "epoch": 70}
{"loss": 0.2837367057800293, "acc": 0.8893675804138184, "length": 5.0, "mode": "test", "epoch": 70}
{"loss": 0.16732987761497498, "acc": 0.935927152633667, "length": 4.998660564422607, "mode": "train", "epoch": 71}
{"loss": 0.2756575345993042, "acc": 0.8886494040489197, "length": 5.0, "mode": "test", "epoch": 71}
{"loss": 0.16431641578674316, "acc": 0.9384850859642029, "length": 4.9998931884765625, "mode": "train", "epoch": 72}
{"loss": 0.3086124360561371, "acc": 0.8857758045196533, "length": 5.0, "mode": "test", "epoch": 72}
{"loss": 0.16551151871681213, "acc": 0.9383480548858643, "length": 4.999484539031982, "mode": "train", "epoch": 73}
{"loss": 0.30073976516723633, "acc": 0.8821837902069092, "length": 5.0, "mode": "test", "epoch": 73}
{"loss": 0.16758489608764648, "acc": 0.9353923201560974, "length": 4.9971232414245605, "mode": "train", "epoch": 74}
{"loss": 0.29674237966537476, "acc": 0.8843392729759216, "length": 5.0, "mode": "test", "epoch": 74}
{"loss": 0.15657858550548553, "acc": 0.9404857158660889, "length": 4.998793601989746, "mode": "train", "epoch": 75}
{"loss": 0.3005135655403137, "acc": 0.8861351609230042, "length": 5.0, "mode": "test", "epoch": 75}
{"loss": 0.15672722458839417, "acc": 0.9408836364746094, "length": 4.999837875366211, "mode": "train", "epoch": 76}
{"loss": 0.29474058747291565, "acc": 0.8908045291900635, "length": 5.0, "mode": "test", "epoch": 76}
{"loss": 0.15332765877246857, "acc": 0.9430209994316101, "length": 4.999207019805908, "mode": "train", "epoch": 77}
{"loss": 0.30608001351356506, "acc": 0.889367938041687, "length": 5.0, "mode": "test", "epoch": 77}
{"loss": 0.14969150722026825, "acc": 0.9452022910118103, "length": 4.999950408935547, "mode": "train", "epoch": 78}
{"loss": 0.29278701543807983, "acc": 0.8864944577217102, "length": 5.0, "mode": "test", "epoch": 78}
{"loss": 0.1511831432580948, "acc": 0.9441162943840027, "length": 4.999724388122559, "mode": "train", "epoch": 79}
{"loss": 0.2887113690376282, "acc": 0.89116370677948, "length": 5.0, "mode": "test", "epoch": 79}
{"loss": 0.14774885773658752, "acc": 0.9449632167816162, "length": 4.999979496002197, "mode": "train", "epoch": 80}
{"loss": 0.3006366789340973, "acc": 0.8879310488700867, "length": 5.0, "mode": "test", "epoch": 80}
{"loss": 0.1454872339963913, "acc": 0.9461258053779602, "length": 4.998370170593262, "mode": "train", "epoch": 81}
{"loss": 0.3160240650177002, "acc": 0.885057270526886, "length": 5.0, "mode": "test", "epoch": 81}
{"loss": 0.15104761719703674, "acc": 0.9437606334686279, "length": 4.999879360198975, "mode": "train", "epoch": 82}
{"loss": 0.2922324538230896, "acc": 0.8922412991523743, "length": 5.0, "mode": "test", "epoch": 82}
{"loss": 0.1515669971704483, "acc": 0.9428050518035889, "length": 4.999975681304932, "mode": "train", "epoch": 83}
{"loss": 0.29222699999809265, "acc": 0.8868534564971924, "length": 5.0, "mode": "test", "epoch": 83}
{"loss": 0.15303583443164825, "acc": 0.9440039992332458, "length": 4.999975204467773, "mode": "train", "epoch": 84}
{"loss": 0.29968300461769104, "acc": 0.8918821215629578, "length": 5.0, "mode": "test", "epoch": 84}
{"loss": 0.14657914638519287, "acc": 0.9446802139282227, "length": 4.998644828796387, "mode": "train", "epoch": 85}
{"loss": 0.30106180906295776, "acc": 0.8886496424674988, "length": 5.0, "mode": "test", "epoch": 85}
{"loss": 0.1437075138092041, "acc": 0.9457203149795532, "length": 4.997786521911621, "mode": "train", "epoch": 86}
{"loss": 0.29089874029159546, "acc": 0.8882899880409241, "length": 5.0, "mode": "test", "epoch": 86}
{"loss": 0.14234104752540588, "acc": 0.9469947218894958, "length": 4.999725818634033, "mode": "train", "epoch": 87}
{"loss": 0.28840431571006775, "acc": 0.8875717520713806, "length": 5.0, "mode": "test", "epoch": 87}
{"loss": 0.1452520787715912, "acc": 0.9455243349075317, "length": 4.998773097991943, "mode": "train", "epoch": 88}
{"loss": 0.2919451892375946, "acc": 0.8947558403015137, "length": 5.0, "mode": "test", "epoch": 88}
{"loss": 0.1426575928926468, "acc": 0.9458048343658447, "length": 4.997795581817627, "mode": "train", "epoch": 89}
{"loss": 0.30944886803627014, "acc": 0.8886494040489197, "length": 5.0, "mode": "test", "epoch": 89}
{"loss": 0.1439119577407837, "acc": 0.9437450170516968, "length": 4.9992475509643555, "mode": "train", "epoch": 90}
{"loss": 0.29122859239578247, "acc": 0.896192729473114, "length": 5.0, "mode": "test", "epoch": 90}
{"loss": 0.1425648033618927, "acc": 0.9468705058097839, "length": 4.999600410461426, "mode": "train", "epoch": 91}
{"loss": 0.29310688376426697, "acc": 0.8908048272132874, "length": 5.0, "mode": "test", "epoch": 91}
{"loss": 0.14096501469612122, "acc": 0.9485594034194946, "length": 4.999947547912598, "mode": "train", "epoch": 92}
{"loss": 0.3188219666481018, "acc": 0.8908044695854187, "length": 5.0, "mode": "test", "epoch": 92}
{"loss": 0.14189787209033966, "acc": 0.9504444003105164, "length": 4.998508930206299, "mode": "train", "epoch": 93}
{"loss": 0.29714590311050415, "acc": 0.8936782479286194, "length": 5.0, "mode": "test", "epoch": 93}
{"loss": 0.13899752497673035, "acc": 0.9474737644195557, "length": 4.999782085418701, "mode": "train", "epoch": 94}
{"loss": 0.2983573079109192, "acc": 0.8908048272132874, "length": 5.0, "mode": "test", "epoch": 94}
{"loss": 0.1310945451259613, "acc": 0.9529966115951538, "length": 4.999964237213135, "mode": "train", "epoch": 95}
{"loss": 0.2939337491989136, "acc": 0.8933190107345581, "length": 5.0, "mode": "test", "epoch": 95}
{"loss": 0.12834522128105164, "acc": 0.954503059387207, "length": 4.997251033782959, "mode": "train", "epoch": 96}
{"loss": 0.293997198343277, "acc": 0.8940376043319702, "length": 5.0, "mode": "test", "epoch": 96}
{"loss": 0.12892988324165344, "acc": 0.9542900323867798, "length": 4.999040126800537, "mode": "train", "epoch": 97}
{"loss": 0.2934344708919525, "acc": 0.8918821215629578, "length": 5.0, "mode": "test", "epoch": 97}
{"loss": 0.1264410763978958, "acc": 0.9523964524269104, "length": 4.999971866607666, "mode": "train", "epoch": 98}
{"loss": 0.29283443093299866, "acc": 0.8900862336158752, "length": 5.0, "mode": "test", "epoch": 98}
{"loss": 0.12159427255392075, "acc": 0.9565941691398621, "length": 4.9999847412109375, "mode": "train", "epoch": 99}
{"loss": 0.3017182946205139, "acc": 0.8890087008476257, "length": 5.0, "mode": "test", "epoch": 99}
{"loss": 0.12506592273712158, "acc": 0.9564741253852844, "length": 4.999979496002197, "mode": "train", "epoch": 100}
{"loss": 0.296558141708374, "acc": 0.8911638855934143, "length": 5.0, "mode": "test", "epoch": 100}
test accuracy: 0.8481481671333313
