# ["--attributes=4", "--values=3", "--game_size=3", "--vocab_size_factor=3", "--n_epochs=100", "--batch_size=64", "--learning_rate=0.0005", "--hidden_size=128", "--temp_update=0.99", "--temperature=2"]
Creating train_ds and val_ds...

Creating test_ds...
{"loss": 0.6964502334594727, "acc": 0.500588059425354, "length": 4.2284255027771, "mode": "train", "epoch": 1}
{"loss": 0.6937732100486755, "acc": 0.4985724687576294, "length": 1.0, "mode": "test", "epoch": 1}
{"loss": 0.6933571100234985, "acc": 0.5128695368766785, "length": 4.005238056182861, "mode": "train", "epoch": 2}
{"loss": 0.69467693567276, "acc": 0.48923754692077637, "length": 1.042826533317566, "mode": "test", "epoch": 2}
{"loss": 0.6843729615211487, "acc": 0.5701262354850769, "length": 3.6969525814056396, "mode": "train", "epoch": 3}
{"loss": 0.6534067392349243, "acc": 0.6844483017921448, "length": 3.7580299377441406, "mode": "test", "epoch": 3}
{"loss": 0.633457601070404, "acc": 0.6844847202301025, "length": 4.318589210510254, "mode": "train", "epoch": 4}
{"loss": 0.5875986814498901, "acc": 0.6991434693336487, "length": 4.796573638916016, "mode": "test", "epoch": 4}
{"loss": 0.5619000792503357, "acc": 0.7140761613845825, "length": 4.614535808563232, "mode": "train", "epoch": 5}
{"loss": 0.5481983423233032, "acc": 0.7476803660392761, "length": 5.0, "mode": "test", "epoch": 5}
{"loss": 0.5075556635856628, "acc": 0.7562770843505859, "length": 4.7640862464904785, "mode": "train", "epoch": 6}
{"loss": 0.5720599293708801, "acc": 0.7398287653923035, "length": 5.0, "mode": "test", "epoch": 6}
{"loss": 0.48863887786865234, "acc": 0.7664541006088257, "length": 4.843581676483154, "mode": "train", "epoch": 7}
{"loss": 0.5511832237243652, "acc": 0.755531907081604, "length": 5.0, "mode": "test", "epoch": 7}
{"loss": 0.47746703028678894, "acc": 0.7800205945968628, "length": 4.8954291343688965, "mode": "train", "epoch": 8}
{"loss": 0.5559977293014526, "acc": 0.7562455534934998, "length": 5.0, "mode": "test", "epoch": 8}
{"loss": 0.4641348719596863, "acc": 0.7873983383178711, "length": 4.919666767120361, "mode": "train", "epoch": 9}
{"loss": 0.5565656423568726, "acc": 0.7687366008758545, "length": 5.0, "mode": "test", "epoch": 9}
{"loss": 0.4540235996246338, "acc": 0.7903198599815369, "length": 4.938573360443115, "mode": "train", "epoch": 10}
{"loss": 0.5404235124588013, "acc": 0.7698072791099548, "length": 5.0, "mode": "test", "epoch": 10}
{"loss": 0.44098708033561707, "acc": 0.8002637624740601, "length": 4.950058460235596, "mode": "train", "epoch": 11}
{"loss": 0.5115917921066284, "acc": 0.7833690643310547, "length": 5.0, "mode": "test", "epoch": 11}
{"loss": 0.4320833683013916, "acc": 0.802516758441925, "length": 4.961207866668701, "mode": "train", "epoch": 12}
{"loss": 0.5164952278137207, "acc": 0.7833691239356995, "length": 5.0, "mode": "test", "epoch": 12}
{"loss": 0.4200606048107147, "acc": 0.8076647520065308, "length": 4.968393325805664, "mode": "train", "epoch": 13}
{"loss": 0.5169163942337036, "acc": 0.7769451141357422, "length": 5.0, "mode": "test", "epoch": 13}
{"loss": 0.4121381640434265, "acc": 0.813328206539154, "length": 4.973293781280518, "mode": "train", "epoch": 14}
{"loss": 0.4923955798149109, "acc": 0.796574056148529, "length": 5.0, "mode": "test", "epoch": 14}
{"loss": 0.40444454550743103, "acc": 0.8138396143913269, "length": 4.978277206420898, "mode": "train", "epoch": 15}
{"loss": 0.4885620176792145, "acc": 0.8004997372627258, "length": 5.0, "mode": "test", "epoch": 15}
{"loss": 0.3979208767414093, "acc": 0.82026606798172, "length": 4.98112678527832, "mode": "train", "epoch": 16}
{"loss": 0.49505728483200073, "acc": 0.7901498675346375, "length": 5.0, "mode": "test", "epoch": 16}
{"loss": 0.3929242193698883, "acc": 0.8238438367843628, "length": 4.985097408294678, "mode": "train", "epoch": 17}
{"loss": 0.4658393859863281, "acc": 0.7947896122932434, "length": 5.0, "mode": "test", "epoch": 17}
{"loss": 0.38603702187538147, "acc": 0.8256269693374634, "length": 4.985551357269287, "mode": "train", "epoch": 18}
{"loss": 0.46462514996528625, "acc": 0.8069236874580383, "length": 5.0, "mode": "test", "epoch": 18}
{"loss": 0.38355690240859985, "acc": 0.8263711929321289, "length": 4.987756729125977, "mode": "train", "epoch": 19}
{"loss": 0.46987682580947876, "acc": 0.7933618426322937, "length": 5.0, "mode": "test", "epoch": 19}
{"loss": 0.38079214096069336, "acc": 0.8305519819259644, "length": 4.9894304275512695, "mode": "train", "epoch": 20}
{"loss": 0.47122737765312195, "acc": 0.7976445555686951, "length": 5.0, "mode": "test", "epoch": 20}
{"loss": 0.37424373626708984, "acc": 0.8294965028762817, "length": 4.990461349487305, "mode": "train", "epoch": 21}
{"loss": 0.4963448643684387, "acc": 0.8047823905944824, "length": 5.0, "mode": "test", "epoch": 21}
{"loss": 0.36850714683532715, "acc": 0.8346107006072998, "length": 4.991136074066162, "mode": "train", "epoch": 22}
{"loss": 0.45637768507003784, "acc": 0.811920166015625, "length": 5.0, "mode": "test", "epoch": 22}
{"loss": 0.36461398005485535, "acc": 0.8359354734420776, "length": 4.992722034454346, "mode": "train", "epoch": 23}
{"loss": 0.481880247592926, "acc": 0.8033546805381775, "length": 5.0, "mode": "test", "epoch": 23}
{"loss": 0.36112698912620544, "acc": 0.8392614126205444, "length": 4.9929656982421875, "mode": "train", "epoch": 24}
{"loss": 0.4487319588661194, "acc": 0.8140612840652466, "length": 5.0, "mode": "test", "epoch": 24}
{"loss": 0.3520532548427582, "acc": 0.8433046340942383, "length": 4.993149280548096, "mode": "train", "epoch": 25}
{"loss": 0.4311436414718628, "acc": 0.8297646045684814, "length": 5.0, "mode": "test", "epoch": 25}
{"loss": 0.34114786982536316, "acc": 0.850932776927948, "length": 4.994137287139893, "mode": "train", "epoch": 26}
{"loss": 0.42750173807144165, "acc": 0.829050600528717, "length": 5.0, "mode": "test", "epoch": 26}
{"loss": 0.32671919465065, "acc": 0.8595185279846191, "length": 4.994499206542969, "mode": "train", "epoch": 27}
{"loss": 0.40889260172843933, "acc": 0.8294075727462769, "length": 5.0, "mode": "test", "epoch": 27}
{"loss": 0.320325642824173, "acc": 0.8625755906105042, "length": 4.994354724884033, "mode": "train", "epoch": 28}
{"loss": 0.4100281894207001, "acc": 0.8226266503334045, "length": 5.0, "mode": "test", "epoch": 28}
{"loss": 0.3130427896976471, "acc": 0.868094265460968, "length": 4.99545431137085, "mode": "train", "epoch": 29}
{"loss": 0.4033566117286682, "acc": 0.8386866450309753, "length": 5.0, "mode": "test", "epoch": 29}
{"loss": 0.29801374673843384, "acc": 0.8764262795448303, "length": 4.995680809020996, "mode": "train", "epoch": 30}
{"loss": 0.4050409495830536, "acc": 0.8447538018226624, "length": 5.0, "mode": "test", "epoch": 30}
{"loss": 0.29245302081108093, "acc": 0.8803913593292236, "length": 4.996500492095947, "mode": "train", "epoch": 31}
{"loss": 0.38512122631073, "acc": 0.8483226299285889, "length": 5.0, "mode": "test", "epoch": 31}
{"loss": 0.28340989351272583, "acc": 0.8827808499336243, "length": 4.996715545654297, "mode": "train", "epoch": 32}
{"loss": 0.3910258114337921, "acc": 0.8515345454216003, "length": 5.0, "mode": "test", "epoch": 32}
{"loss": 0.2753811776638031, "acc": 0.8849316835403442, "length": 4.99690055847168, "mode": "train", "epoch": 33}
{"loss": 0.3842518925666809, "acc": 0.8501072525978088, "length": 5.0, "mode": "test", "epoch": 33}
{"loss": 0.2673953175544739, "acc": 0.8929166793823242, "length": 4.997430801391602, "mode": "train", "epoch": 34}
{"loss": 0.3789380192756653, "acc": 0.8508210778236389, "length": 5.0, "mode": "test", "epoch": 34}
{"loss": 0.2633078098297119, "acc": 0.8922151327133179, "length": 4.997701168060303, "mode": "train", "epoch": 35}
{"loss": 0.37991246581077576, "acc": 0.8501071929931641, "length": 5.0, "mode": "test", "epoch": 35}
{"loss": 0.2583499848842621, "acc": 0.8961491584777832, "length": 4.997807502746582, "mode": "train", "epoch": 36}
{"loss": 0.3695630133152008, "acc": 0.8615273833274841, "length": 5.0, "mode": "test", "epoch": 36}
{"loss": 0.2564890384674072, "acc": 0.8963894248008728, "length": 4.998103618621826, "mode": "train", "epoch": 37}
{"loss": 0.37418079376220703, "acc": 0.8593862652778625, "length": 5.0, "mode": "test", "epoch": 37}
{"loss": 0.2562944293022156, "acc": 0.8980758190155029, "length": 4.998523712158203, "mode": "train", "epoch": 38}
{"loss": 0.40335237979888916, "acc": 0.8561742305755615, "length": 5.0, "mode": "test", "epoch": 38}
{"loss": 0.2485487312078476, "acc": 0.9015383720397949, "length": 4.998780250549316, "mode": "train", "epoch": 39}
{"loss": 0.393472284078598, "acc": 0.8561741709709167, "length": 5.0, "mode": "test", "epoch": 39}
{"loss": 0.2522483468055725, "acc": 0.8952293992042542, "length": 4.998832702636719, "mode": "train", "epoch": 40}
{"loss": 0.3644656836986542, "acc": 0.8590291738510132, "length": 5.0, "mode": "test", "epoch": 40}
{"loss": 0.23954224586486816, "acc": 0.9045251607894897, "length": 4.9989447593688965, "mode": "train", "epoch": 41}
{"loss": 0.3775448799133301, "acc": 0.8704496622085571, "length": 5.0, "mode": "test", "epoch": 41}
{"loss": 0.24136164784431458, "acc": 0.9057254791259766, "length": 4.999093532562256, "mode": "train", "epoch": 42}
{"loss": 0.3656715750694275, "acc": 0.8633118271827698, "length": 5.0, "mode": "test", "epoch": 42}
{"loss": 0.22998660802841187, "acc": 0.9085717797279358, "length": 4.998937606811523, "mode": "train", "epoch": 43}
{"loss": 0.36236029863357544, "acc": 0.8708064556121826, "length": 5.0, "mode": "test", "epoch": 43}
{"loss": 0.2312125563621521, "acc": 0.9105965495109558, "length": 4.998883247375488, "mode": "train", "epoch": 44}
{"loss": 0.38327500224113464, "acc": 0.8654532432556152, "length": 5.0, "mode": "test", "epoch": 44}
{"loss": 0.22678446769714355, "acc": 0.9118120074272156, "length": 4.999397277832031, "mode": "train", "epoch": 45}
{"loss": 0.3894929587841034, "acc": 0.8629550933837891, "length": 5.0, "mode": "test", "epoch": 45}
{"loss": 0.22883303463459015, "acc": 0.9093117713928223, "length": 4.999442100524902, "mode": "train", "epoch": 46}
{"loss": 0.3906517028808594, "acc": 0.8665238618850708, "length": 5.0, "mode": "test", "epoch": 46}
{"loss": 0.22556957602500916, "acc": 0.912771463394165, "length": 4.999534606933594, "mode": "train", "epoch": 47}
{"loss": 0.37172192335128784, "acc": 0.8658100962638855, "length": 5.0, "mode": "test", "epoch": 47}
{"loss": 0.22131647169589996, "acc": 0.9145514965057373, "length": 4.999319076538086, "mode": "train", "epoch": 48}
{"loss": 0.3782193958759308, "acc": 0.8718772530555725, "length": 5.0, "mode": "test", "epoch": 48}
{"loss": 0.21680948138237, "acc": 0.9153988361358643, "length": 4.999600410461426, "mode": "train", "epoch": 49}
{"loss": 0.36786121129989624, "acc": 0.8722342848777771, "length": 5.0, "mode": "test", "epoch": 49}
{"loss": 0.2143099009990692, "acc": 0.9167081117630005, "length": 4.999661922454834, "mode": "train", "epoch": 50}
{"loss": 0.3665781617164612, "acc": 0.8654533624649048, "length": 5.0, "mode": "test", "epoch": 50}
{"loss": 0.21325410902500153, "acc": 0.9139677286148071, "length": 4.999630928039551, "mode": "train", "epoch": 51}
{"loss": 0.3764868974685669, "acc": 0.868308424949646, "length": 5.0, "mode": "test", "epoch": 51}
{"loss": 0.21117763221263885, "acc": 0.9208787083625793, "length": 4.999677658081055, "mode": "train", "epoch": 52}
{"loss": 0.3567500710487366, "acc": 0.8804425001144409, "length": 5.0, "mode": "test", "epoch": 52}
{"loss": 0.21378372609615326, "acc": 0.9194546937942505, "length": 4.999780654907227, "mode": "train", "epoch": 53}
{"loss": 0.37264394760131836, "acc": 0.8690221309661865, "length": 5.0, "mode": "test", "epoch": 53}
{"loss": 0.2115822583436966, "acc": 0.9142132997512817, "length": 4.999759674072266, "mode": "train", "epoch": 54}
{"loss": 0.3532680571079254, "acc": 0.8772305250167847, "length": 5.0, "mode": "test", "epoch": 54}
{"loss": 0.21254734694957733, "acc": 0.9145714640617371, "length": 4.999796390533447, "mode": "train", "epoch": 55}
{"loss": 0.3831881880760193, "acc": 0.8736618161201477, "length": 5.0, "mode": "test", "epoch": 55}
{"loss": 0.2019997537136078, "acc": 0.9202905297279358, "length": 4.999825477600098, "mode": "train", "epoch": 56}
{"loss": 0.3600178062915802, "acc": 0.8729479312896729, "length": 5.0, "mode": "test", "epoch": 56}
{"loss": 0.2014356106519699, "acc": 0.922667384147644, "length": 4.999729156494141, "mode": "train", "epoch": 57}
{"loss": 0.36168375611305237, "acc": 0.8747323751449585, "length": 5.0, "mode": "test", "epoch": 57}
{"loss": 0.19567765295505524, "acc": 0.9267266392707825, "length": 4.999873638153076, "mode": "train", "epoch": 58}
{"loss": 0.3575323522090912, "acc": 0.8729478716850281, "length": 5.0, "mode": "test", "epoch": 58}
{"loss": 0.1974724531173706, "acc": 0.9258918762207031, "length": 4.999852657318115, "mode": "train", "epoch": 59}
{"loss": 0.3671179413795471, "acc": 0.8793717622756958, "length": 5.0, "mode": "test", "epoch": 59}
{"loss": 0.19754266738891602, "acc": 0.9264855980873108, "length": 4.999842166900635, "mode": "train", "epoch": 60}
{"loss": 0.36422765254974365, "acc": 0.8761599063873291, "length": 5.0, "mode": "test", "epoch": 60}
{"loss": 0.19647085666656494, "acc": 0.9244616031646729, "length": 4.9998626708984375, "mode": "train", "epoch": 61}
{"loss": 0.3515400290489197, "acc": 0.8790149092674255, "length": 5.0, "mode": "test", "epoch": 61}
{"loss": 0.1948695033788681, "acc": 0.9220799803733826, "length": 4.9998650550842285, "mode": "train", "epoch": 62}
{"loss": 0.3766762614250183, "acc": 0.8715205192565918, "length": 5.0, "mode": "test", "epoch": 62}
{"loss": 0.19475401937961578, "acc": 0.924343466758728, "length": 4.999821662902832, "mode": "train", "epoch": 63}
{"loss": 0.3604240417480469, "acc": 0.8822270035743713, "length": 5.0, "mode": "test", "epoch": 63}
{"loss": 0.19025000929832458, "acc": 0.9269670248031616, "length": 4.999900817871094, "mode": "train", "epoch": 64}
{"loss": 0.3679594397544861, "acc": 0.8840113282203674, "length": 5.0, "mode": "test", "epoch": 64}
{"loss": 0.1950470358133316, "acc": 0.9231557250022888, "length": 4.999927520751953, "mode": "train", "epoch": 65}
{"loss": 0.3656574487686157, "acc": 0.8797286748886108, "length": 5.0, "mode": "test", "epoch": 65}
{"loss": 0.18680228292942047, "acc": 0.925536572933197, "length": 4.999899387359619, "mode": "train", "epoch": 66}
{"loss": 0.3625307083129883, "acc": 0.8847254514694214, "length": 5.0, "mode": "test", "epoch": 66}
{"loss": 0.18542060256004333, "acc": 0.9311358332633972, "length": 4.99990701675415, "mode": "train", "epoch": 67}
{"loss": 0.37267112731933594, "acc": 0.8779444694519043, "length": 5.0, "mode": "test", "epoch": 67}
{"loss": 0.18378150463104248, "acc": 0.9295782446861267, "length": 4.999751091003418, "mode": "train", "epoch": 68}
{"loss": 0.3526689410209656, "acc": 0.8836542963981628, "length": 5.0, "mode": "test", "epoch": 68}
{"loss": 0.1783701330423355, "acc": 0.930303692817688, "length": 4.9999237060546875, "mode": "train", "epoch": 69}
{"loss": 0.36186686158180237, "acc": 0.8832976818084717, "length": 5.0, "mode": "test", "epoch": 69}
{"loss": 0.18008145689964294, "acc": 0.930540144443512, "length": 4.999908924102783, "mode": "train", "epoch": 70}
{"loss": 0.3668174743652344, "acc": 0.8865097165107727, "length": 5.0, "mode": "test", "epoch": 70}
{"loss": 0.18112434446811676, "acc": 0.9280347228050232, "length": 4.999855041503906, "mode": "train", "epoch": 71}
{"loss": 0.3777015805244446, "acc": 0.8829408884048462, "length": 5.0, "mode": "test", "epoch": 71}
{"loss": 0.17985829710960388, "acc": 0.9330424070358276, "length": 4.999912261962891, "mode": "train", "epoch": 72}
{"loss": 0.35519978404045105, "acc": 0.885796070098877, "length": 5.0, "mode": "test", "epoch": 72}
{"loss": 0.17489534616470337, "acc": 0.9329224228858948, "length": 4.99989652633667, "mode": "train", "epoch": 73}
{"loss": 0.3806999921798706, "acc": 0.8825837969779968, "length": 5.0, "mode": "test", "epoch": 73}
{"loss": 0.1757138967514038, "acc": 0.9314942359924316, "length": 4.999918460845947, "mode": "train", "epoch": 74}
{"loss": 0.37800413370132446, "acc": 0.885081946849823, "length": 5.0, "mode": "test", "epoch": 74}
{"loss": 0.17083676159381866, "acc": 0.9356664419174194, "length": 4.999965667724609, "mode": "train", "epoch": 75}
{"loss": 0.3722720742225647, "acc": 0.8822270631790161, "length": 5.0, "mode": "test", "epoch": 75}
{"loss": 0.1668580025434494, "acc": 0.9357823729515076, "length": 4.999918460845947, "mode": "train", "epoch": 76}
{"loss": 0.37406617403030396, "acc": 0.8818701505661011, "length": 5.0, "mode": "test", "epoch": 76}
{"loss": 0.16902188956737518, "acc": 0.9359044432640076, "length": 4.999959468841553, "mode": "train", "epoch": 77}
{"loss": 0.35844364762306213, "acc": 0.8893648386001587, "length": 5.0, "mode": "test", "epoch": 77}
{"loss": 0.16870129108428955, "acc": 0.9347134828567505, "length": 4.9999589920043945, "mode": "train", "epoch": 78}
{"loss": 0.3774941563606262, "acc": 0.8854389190673828, "length": 5.0, "mode": "test", "epoch": 78}
{"loss": 0.16611988842487335, "acc": 0.9387609362602234, "length": 4.999926567077637, "mode": "train", "epoch": 79}
{"loss": 0.3582184910774231, "acc": 0.8922199606895447, "length": 5.0, "mode": "test", "epoch": 79}
{"loss": 0.17157350480556488, "acc": 0.9350704550743103, "length": 4.9999518394470215, "mode": "train", "epoch": 80}
{"loss": 0.3787022829055786, "acc": 0.8900785446166992, "length": 5.0, "mode": "test", "epoch": 80}
{"loss": 0.17027711868286133, "acc": 0.9335215091705322, "length": 4.9999470710754395, "mode": "train", "epoch": 81}
{"loss": 0.374503493309021, "acc": 0.8843681812286377, "length": 5.0, "mode": "test", "epoch": 81}
{"loss": 0.16641369462013245, "acc": 0.9345951080322266, "length": 4.9999799728393555, "mode": "train", "epoch": 82}
{"loss": 0.3779299259185791, "acc": 0.8807995319366455, "length": 5.0, "mode": "test", "epoch": 82}
{"loss": 0.16659915447235107, "acc": 0.9378067851066589, "length": 4.999884605407715, "mode": "train", "epoch": 83}
{"loss": 0.37681376934051514, "acc": 0.8918628096580505, "length": 5.0, "mode": "test", "epoch": 83}
{"loss": 0.15792758762836456, "acc": 0.9395543336868286, "length": 4.999242305755615, "mode": "train", "epoch": 84}
{"loss": 0.3758300542831421, "acc": 0.8854390382766724, "length": 5.0, "mode": "test", "epoch": 84}
{"loss": 0.15868189930915833, "acc": 0.9407861232757568, "length": 4.999917984008789, "mode": "train", "epoch": 85}
{"loss": 0.3860165476799011, "acc": 0.8836546540260315, "length": 5.0, "mode": "test", "epoch": 85}
{"loss": 0.16819432377815247, "acc": 0.9354278445243835, "length": 4.999953746795654, "mode": "train", "epoch": 86}
{"loss": 0.35751205682754517, "acc": 0.8854391574859619, "length": 5.0, "mode": "test", "epoch": 86}
{"loss": 0.16232004761695862, "acc": 0.9361423254013062, "length": 4.999951362609863, "mode": "train", "epoch": 87}
{"loss": 0.3663570284843445, "acc": 0.8861526250839233, "length": 5.0, "mode": "test", "epoch": 87}
{"loss": 0.16715984046459198, "acc": 0.9345954656600952, "length": 4.999986171722412, "mode": "train", "epoch": 88}
{"loss": 0.353578120470047, "acc": 0.8875802755355835, "length": 5.0, "mode": "test", "epoch": 88}
{"loss": 0.15747426450252533, "acc": 0.9416240453720093, "length": 4.999982833862305, "mode": "train", "epoch": 89}
{"loss": 0.3651720881462097, "acc": 0.8890077471733093, "length": 5.0, "mode": "test", "epoch": 89}
{"loss": 0.15403157472610474, "acc": 0.9421011805534363, "length": 4.999992370605469, "mode": "train", "epoch": 90}
{"loss": 0.3764827251434326, "acc": 0.8854390978813171, "length": 5.0, "mode": "test", "epoch": 90}
{"loss": 0.15342386066913605, "acc": 0.9411462545394897, "length": 4.999948024749756, "mode": "train", "epoch": 91}
{"loss": 0.36781010031700134, "acc": 0.8886510133743286, "length": 5.0, "mode": "test", "epoch": 91}
{"loss": 0.1583128422498703, "acc": 0.9398309588432312, "length": 4.99989128112793, "mode": "train", "epoch": 92}
{"loss": 0.34422051906585693, "acc": 0.8886507749557495, "length": 5.0, "mode": "test", "epoch": 92}
{"loss": 0.15498925745487213, "acc": 0.9403140544891357, "length": 4.999990940093994, "mode": "train", "epoch": 93}
{"loss": 0.3553446829319, "acc": 0.8879373073577881, "length": 5.0, "mode": "test", "epoch": 93}
{"loss": 0.1518235206604004, "acc": 0.9424585700035095, "length": 4.999990463256836, "mode": "train", "epoch": 94}
{"loss": 0.37763041257858276, "acc": 0.8857958316802979, "length": 5.0, "mode": "test", "epoch": 94}
{"loss": 0.15238797664642334, "acc": 0.9419816732406616, "length": 4.999986171722412, "mode": "train", "epoch": 95}
{"loss": 0.37628138065338135, "acc": 0.8872233033180237, "length": 5.0, "mode": "test", "epoch": 95}
{"loss": 0.15123076736927032, "acc": 0.9434114694595337, "length": 4.999990463256836, "mode": "train", "epoch": 96}
{"loss": 0.3801015615463257, "acc": 0.8832975029945374, "length": 5.0, "mode": "test", "epoch": 96}
{"loss": 0.14945635199546814, "acc": 0.9422199130058289, "length": 4.9999895095825195, "mode": "train", "epoch": 97}
{"loss": 0.3806550204753876, "acc": 0.8865096569061279, "length": 5.0, "mode": "test", "epoch": 97}
{"loss": 0.146340012550354, "acc": 0.9450792670249939, "length": 4.999987602233887, "mode": "train", "epoch": 98}
{"loss": 0.3610386848449707, "acc": 0.8879371285438538, "length": 5.0, "mode": "test", "epoch": 98}
{"loss": 0.15230540931224823, "acc": 0.9415046572685242, "length": 4.9999799728393555, "mode": "train", "epoch": 99}
{"loss": 0.3706437647342682, "acc": 0.8886508941650391, "length": 5.0, "mode": "test", "epoch": 99}
{"loss": 0.1449635773897171, "acc": 0.9435306787490845, "length": 4.999989986419678, "mode": "train", "epoch": 100}
{"loss": 0.37164604663848877, "acc": 0.890078604221344, "length": 5.0, "mode": "test", "epoch": 100}
test accuracy: 0.8188737034797668
