# ["--attributes=4", "--values=3", "--game_size=3", "--vocab_size_factor=3", "--n_epochs=100", "--batch_size=64", "--learning_rate=0.0005", "--hidden_size=256", "--temp_update=0.97", "--temperature=1"]
Creating train_ds and val_ds...

Creating test_ds...
{"loss": 0.7010881304740906, "acc": 0.5016781091690063, "length": 3.5366554260253906, "mode": "train", "epoch": 1}
{"loss": 0.6919270157814026, "acc": 0.5230770111083984, "length": 1.0, "mode": "test", "epoch": 1}
{"loss": 0.6862561106681824, "acc": 0.5429996848106384, "length": 1.628777265548706, "mode": "train", "epoch": 2}
{"loss": 0.6534044742584229, "acc": 0.6254268288612366, "length": 2.345054864883423, "mode": "test", "epoch": 2}
{"loss": 0.6242544651031494, "acc": 0.6574597954750061, "length": 2.533719539642334, "mode": "train", "epoch": 3}
{"loss": 0.6191301345825195, "acc": 0.682471513748169, "length": 2.7934064865112305, "mode": "test", "epoch": 3}
{"loss": 0.5995592474937439, "acc": 0.6831145882606506, "length": 2.6563966274261475, "mode": "train", "epoch": 4}
{"loss": 0.6117724180221558, "acc": 0.671960175037384, "length": 2.5912086963653564, "mode": "test", "epoch": 4}
{"loss": 0.5738688707351685, "acc": 0.706876814365387, "length": 2.872049570083618, "mode": "train", "epoch": 5}
{"loss": 0.5635870099067688, "acc": 0.7300390005111694, "length": 3.0131869316101074, "mode": "test", "epoch": 5}
{"loss": 0.5399584174156189, "acc": 0.7373859882354736, "length": 3.0020670890808105, "mode": "train", "epoch": 6}
{"loss": 0.5318346619606018, "acc": 0.7434353232383728, "length": 3.0307693481445312, "mode": "test", "epoch": 6}
{"loss": 0.5225483775138855, "acc": 0.7563984990119934, "length": 3.0257599353790283, "mode": "train", "epoch": 7}
{"loss": 0.5255541801452637, "acc": 0.7434719800949097, "length": 2.960439443588257, "mode": "test", "epoch": 7}
{"loss": 0.5043811202049255, "acc": 0.7635364532470703, "length": 2.994367837905884, "mode": "train", "epoch": 8}
{"loss": 0.5168331265449524, "acc": 0.747275710105896, "length": 2.8989009857177734, "mode": "test", "epoch": 8}
{"loss": 0.4872613847255707, "acc": 0.7665840983390808, "length": 3.1648550033569336, "mode": "train", "epoch": 9}
{"loss": 0.4982050061225891, "acc": 0.760522186756134, "length": 3.1274726390838623, "mode": "test", "epoch": 9}
{"loss": 0.4693375527858734, "acc": 0.7819496393203735, "length": 3.5351932048797607, "mode": "train", "epoch": 10}
{"loss": 0.48172134160995483, "acc": 0.7864878177642822, "length": 3.769230842590332, "mode": "test", "epoch": 10}
{"loss": 0.4524077773094177, "acc": 0.7957431674003601, "length": 3.981858015060425, "mode": "train", "epoch": 11}
{"loss": 0.45150792598724365, "acc": 0.7932389378547668, "length": 4.015384674072266, "mode": "test", "epoch": 11}
{"loss": 0.4213769733905792, "acc": 0.8114998936653137, "length": 4.05342435836792, "mode": "train", "epoch": 12}
{"loss": 0.44033798575401306, "acc": 0.7988651990890503, "length": 4.129670143127441, "mode": "test", "epoch": 12}
{"loss": 0.4103509485721588, "acc": 0.820367693901062, "length": 4.1206955909729, "mode": "train", "epoch": 13}
{"loss": 0.41976478695869446, "acc": 0.8069400787353516, "length": 4.199999809265137, "mode": "test", "epoch": 13}
{"loss": 0.39227819442749023, "acc": 0.8235042691230774, "length": 4.187431335449219, "mode": "train", "epoch": 14}
{"loss": 0.40129244327545166, "acc": 0.817993700504303, "length": 4.340659141540527, "mode": "test", "epoch": 14}
{"loss": 0.38091039657592773, "acc": 0.832957923412323, "length": 4.298231601715088, "mode": "train", "epoch": 15}
{"loss": 0.37504804134368896, "acc": 0.8342408537864685, "length": 4.375823974609375, "mode": "test", "epoch": 15}
{"loss": 0.3593217134475708, "acc": 0.8461483120918274, "length": 4.3062424659729, "mode": "train", "epoch": 16}
{"loss": 0.39275220036506653, "acc": 0.8331436514854431, "length": 4.4373626708984375, "mode": "test", "epoch": 16}
{"loss": 0.34490931034088135, "acc": 0.8529335856437683, "length": 4.360473155975342, "mode": "train", "epoch": 17}
{"loss": 0.3784458339214325, "acc": 0.8439765572547913, "length": 4.410988807678223, "mode": "test", "epoch": 17}
{"loss": 0.33993473649024963, "acc": 0.8604016900062561, "length": 4.445803165435791, "mode": "train", "epoch": 18}
{"loss": 0.3620932102203369, "acc": 0.8501089215278625, "length": 4.5340657234191895, "mode": "test", "epoch": 18}
{"loss": 0.32769373059272766, "acc": 0.8629693388938904, "length": 4.583756446838379, "mode": "train", "epoch": 19}
{"loss": 0.3520210385322571, "acc": 0.859767496585846, "length": 4.797801971435547, "mode": "test", "epoch": 19}
{"loss": 0.315653532743454, "acc": 0.870651125907898, "length": 4.798679828643799, "mode": "train", "epoch": 20}
{"loss": 0.35807541012763977, "acc": 0.8622709512710571, "length": 5.0, "mode": "test", "epoch": 20}
{"loss": 0.31610146164894104, "acc": 0.8729360699653625, "length": 4.947834014892578, "mode": "train", "epoch": 21}
{"loss": 0.3468324542045593, "acc": 0.8688645362854004, "length": 5.0, "mode": "test", "epoch": 21}
{"loss": 0.29945141077041626, "acc": 0.8849207162857056, "length": 4.95880651473999, "mode": "train", "epoch": 22}
{"loss": 0.3637125492095947, "acc": 0.8673990964889526, "length": 5.0, "mode": "test", "epoch": 22}
{"loss": 0.28906726837158203, "acc": 0.8892225027084351, "length": 4.9755144119262695, "mode": "train", "epoch": 23}
{"loss": 0.3348713517189026, "acc": 0.8692308068275452, "length": 5.0, "mode": "test", "epoch": 23}
{"loss": 0.27942076325416565, "acc": 0.8910427093505859, "length": 4.973481178283691, "mode": "train", "epoch": 24}
{"loss": 0.3403523564338684, "acc": 0.8728939294815063, "length": 5.0, "mode": "test", "epoch": 24}
{"loss": 0.2846395969390869, "acc": 0.8897229433059692, "length": 4.992471694946289, "mode": "train", "epoch": 25}
{"loss": 0.3343915641307831, "acc": 0.8783883452415466, "length": 5.0, "mode": "test", "epoch": 25}
{"loss": 0.272442489862442, "acc": 0.8959113955497742, "length": 4.983100891113281, "mode": "train", "epoch": 26}
{"loss": 0.31751763820648193, "acc": 0.8813185691833496, "length": 5.0, "mode": "test", "epoch": 26}
{"loss": 0.2693603038787842, "acc": 0.8974889516830444, "length": 4.996246814727783, "mode": "train", "epoch": 27}
{"loss": 0.3269045352935791, "acc": 0.8747252821922302, "length": 5.0, "mode": "test", "epoch": 27}
{"loss": 0.26487913727760315, "acc": 0.8979421257972717, "length": 4.992031574249268, "mode": "train", "epoch": 28}
{"loss": 0.33180585503578186, "acc": 0.8769230842590332, "length": 5.0, "mode": "test", "epoch": 28}
{"loss": 0.2561165988445282, "acc": 0.9039553999900818, "length": 4.994560718536377, "mode": "train", "epoch": 29}
{"loss": 0.3302646577358246, "acc": 0.874359130859375, "length": 5.0, "mode": "test", "epoch": 29}
{"loss": 0.25707170367240906, "acc": 0.9042232632637024, "length": 4.997797012329102, "mode": "train", "epoch": 30}
{"loss": 0.32731372117996216, "acc": 0.8710622787475586, "length": 5.0, "mode": "test", "epoch": 30}
{"loss": 0.2482314109802246, "acc": 0.9033723473548889, "length": 4.9979400634765625, "mode": "train", "epoch": 31}
{"loss": 0.3265621066093445, "acc": 0.8706960082054138, "length": 5.0, "mode": "test", "epoch": 31}
{"loss": 0.24732622504234314, "acc": 0.9067956209182739, "length": 4.998095989227295, "mode": "train", "epoch": 32}
{"loss": 0.3233810365200043, "acc": 0.8761905431747437, "length": 5.0, "mode": "test", "epoch": 32}
{"loss": 0.24361658096313477, "acc": 0.911799430847168, "length": 4.998039245605469, "mode": "train", "epoch": 33}
{"loss": 0.3086358308792114, "acc": 0.8776558637619019, "length": 5.0, "mode": "test", "epoch": 33}
{"loss": 0.24227111041545868, "acc": 0.9070476293563843, "length": 4.998386383056641, "mode": "train", "epoch": 34}
{"loss": 0.3236103355884552, "acc": 0.8728938102722168, "length": 5.0, "mode": "test", "epoch": 34}
{"loss": 0.23662249743938446, "acc": 0.9137349128723145, "length": 4.996763229370117, "mode": "train", "epoch": 35}
{"loss": 0.3112979829311371, "acc": 0.8831503391265869, "length": 5.0, "mode": "test", "epoch": 35}
{"loss": 0.22838662564754486, "acc": 0.9160731434822083, "length": 4.99822998046875, "mode": "train", "epoch": 36}
{"loss": 0.31423091888427734, "acc": 0.879487156867981, "length": 5.0, "mode": "test", "epoch": 36}
{"loss": 0.23479698598384857, "acc": 0.9123228192329407, "length": 4.999812126159668, "mode": "train", "epoch": 37}
{"loss": 0.3387454152107239, "acc": 0.8710623979568481, "length": 5.0, "mode": "test", "epoch": 37}
{"loss": 0.22662338614463806, "acc": 0.9182916283607483, "length": 4.9986348152160645, "mode": "train", "epoch": 38}
{"loss": 0.3372800052165985, "acc": 0.8652013540267944, "length": 5.0, "mode": "test", "epoch": 38}
{"loss": 0.2306576520204544, "acc": 0.9131069779396057, "length": 4.9964213371276855, "mode": "train", "epoch": 39}
{"loss": 0.3233995735645294, "acc": 0.8739927411079407, "length": 5.0, "mode": "test", "epoch": 39}
{"loss": 0.23234336078166962, "acc": 0.9131684303283691, "length": 4.999305248260498, "mode": "train", "epoch": 40}
{"loss": 0.32356971502304077, "acc": 0.8824175596237183, "length": 5.0, "mode": "test", "epoch": 40}
{"loss": 0.22375795245170593, "acc": 0.9176791310310364, "length": 4.998478412628174, "mode": "train", "epoch": 41}
{"loss": 0.30440622568130493, "acc": 0.8868131637573242, "length": 5.0, "mode": "test", "epoch": 41}
{"loss": 0.21226510405540466, "acc": 0.9174578189849854, "length": 4.9998345375061035, "mode": "train", "epoch": 42}
{"loss": 0.3277185261249542, "acc": 0.8849817514419556, "length": 5.0, "mode": "test", "epoch": 42}
{"loss": 0.20947401225566864, "acc": 0.9219829440116882, "length": 4.999866008758545, "mode": "train", "epoch": 43}
{"loss": 0.3347863256931305, "acc": 0.8772894740104675, "length": 5.0, "mode": "test", "epoch": 43}
{"loss": 0.2051023244857788, "acc": 0.9246705174446106, "length": 4.999760150909424, "mode": "train", "epoch": 44}
{"loss": 0.3335963487625122, "acc": 0.8842493295669556, "length": 5.0, "mode": "test", "epoch": 44}
{"loss": 0.20405550301074982, "acc": 0.9233648180961609, "length": 4.996824741363525, "mode": "train", "epoch": 45}
{"loss": 0.32451704144477844, "acc": 0.8857144117355347, "length": 5.0, "mode": "test", "epoch": 45}
{"loss": 0.20212583243846893, "acc": 0.9243685007095337, "length": 4.997986793518066, "mode": "train", "epoch": 46}
{"loss": 0.32318001985549927, "acc": 0.8849817514419556, "length": 5.0, "mode": "test", "epoch": 46}
{"loss": 0.20969103276729584, "acc": 0.9245448112487793, "length": 4.999603748321533, "mode": "train", "epoch": 47}
{"loss": 0.3472515940666199, "acc": 0.8758243322372437, "length": 5.0, "mode": "test", "epoch": 47}
{"loss": 0.20571371912956238, "acc": 0.9225947260856628, "length": 4.995365619659424, "mode": "train", "epoch": 48}
{"loss": 0.3532131016254425, "acc": 0.879487156867981, "length": 5.0, "mode": "test", "epoch": 48}
{"loss": 0.20286186039447784, "acc": 0.9240291118621826, "length": 4.998769760131836, "mode": "train", "epoch": 49}
{"loss": 0.3277575671672821, "acc": 0.8890109658241272, "length": 5.0, "mode": "test", "epoch": 49}
{"loss": 0.19700022041797638, "acc": 0.9274868965148926, "length": 4.999947547912598, "mode": "train", "epoch": 50}
{"loss": 0.335855096578598, "acc": 0.8802197575569153, "length": 5.0, "mode": "test", "epoch": 50}
{"loss": 0.1937015950679779, "acc": 0.9276103973388672, "length": 4.9999871253967285, "mode": "train", "epoch": 51}
{"loss": 0.32587742805480957, "acc": 0.8783883452415466, "length": 5.0, "mode": "test", "epoch": 51}
{"loss": 0.1894230842590332, "acc": 0.9266246557235718, "length": 4.999687194824219, "mode": "train", "epoch": 52}
{"loss": 0.3279445171356201, "acc": 0.8871793150901794, "length": 5.0, "mode": "test", "epoch": 52}
{"loss": 0.18786661326885223, "acc": 0.9289520382881165, "length": 4.9998884201049805, "mode": "train", "epoch": 53}
{"loss": 0.3422645330429077, "acc": 0.8772892355918884, "length": 5.0, "mode": "test", "epoch": 53}
{"loss": 0.19408749043941498, "acc": 0.9278525114059448, "length": 4.999911785125732, "mode": "train", "epoch": 54}
{"loss": 0.30744481086730957, "acc": 0.8937729001045227, "length": 5.0, "mode": "test", "epoch": 54}
{"loss": 0.19334296882152557, "acc": 0.9279664158821106, "length": 4.999678611755371, "mode": "train", "epoch": 55}
{"loss": 0.35002848505973816, "acc": 0.8857144713401794, "length": 5.0, "mode": "test", "epoch": 55}
{"loss": 0.18939907848834991, "acc": 0.9260203838348389, "length": 4.999976634979248, "mode": "train", "epoch": 56}
{"loss": 0.32218265533447266, "acc": 0.8890109658241272, "length": 5.0, "mode": "test", "epoch": 56}
{"loss": 0.18261244893074036, "acc": 0.9333098530769348, "length": 4.9980854988098145, "mode": "train", "epoch": 57}
{"loss": 0.329887330532074, "acc": 0.8886446356773376, "length": 5.0, "mode": "test", "epoch": 57}
{"loss": 0.1794426441192627, "acc": 0.9349457621574402, "length": 4.999931812286377, "mode": "train", "epoch": 58}
{"loss": 0.3589287996292114, "acc": 0.8787543773651123, "length": 5.0, "mode": "test", "epoch": 58}
{"loss": 0.1752467304468155, "acc": 0.9350675344467163, "length": 4.999927043914795, "mode": "train", "epoch": 59}
{"loss": 0.34063655138015747, "acc": 0.8934065103530884, "length": 5.0, "mode": "test", "epoch": 59}
{"loss": 0.1797502487897873, "acc": 0.9345619678497314, "length": 4.999405384063721, "mode": "train", "epoch": 60}
{"loss": 0.3485758304595947, "acc": 0.8868133425712585, "length": 5.0, "mode": "test", "epoch": 60}
{"loss": 0.18257960677146912, "acc": 0.9325001239776611, "length": 4.999946594238281, "mode": "train", "epoch": 61}
{"loss": 0.3401924967765808, "acc": 0.8860806226730347, "length": 5.0, "mode": "test", "epoch": 61}
{"loss": 0.1891954392194748, "acc": 0.9269834756851196, "length": 4.999446868896484, "mode": "train", "epoch": 62}
{"loss": 0.35912400484085083, "acc": 0.8868133425712585, "length": 5.0, "mode": "test", "epoch": 62}
{"loss": 0.19244582951068878, "acc": 0.9274423122406006, "length": 4.998302459716797, "mode": "train", "epoch": 63}
{"loss": 0.3524654805660248, "acc": 0.8864468336105347, "length": 5.0, "mode": "test", "epoch": 63}
{"loss": 0.17751722037792206, "acc": 0.9333520531654358, "length": 4.99975061416626, "mode": "train", "epoch": 64}
{"loss": 0.36924123764038086, "acc": 0.8853479623794556, "length": 5.0, "mode": "test", "epoch": 64}
{"loss": 0.17992641031742096, "acc": 0.9337238669395447, "length": 4.9999775886535645, "mode": "train", "epoch": 65}
{"loss": 0.32797351479530334, "acc": 0.8886446356773376, "length": 5.0, "mode": "test", "epoch": 65}
{"loss": 0.17091603577136993, "acc": 0.9360474944114685, "length": 4.999985694885254, "mode": "train", "epoch": 66}
{"loss": 0.33676499128341675, "acc": 0.8824177384376526, "length": 5.0, "mode": "test", "epoch": 66}
{"loss": 0.1743071973323822, "acc": 0.9348250031471252, "length": 4.999996185302734, "mode": "train", "epoch": 67}
{"loss": 0.34676921367645264, "acc": 0.8827839493751526, "length": 5.0, "mode": "test", "epoch": 67}
{"loss": 0.1757427453994751, "acc": 0.9367809891700745, "length": 4.999967098236084, "mode": "train", "epoch": 68}
{"loss": 0.33758464455604553, "acc": 0.8897435665130615, "length": 5.0, "mode": "test", "epoch": 68}
{"loss": 0.183750718832016, "acc": 0.9285880327224731, "length": 4.999971866607666, "mode": "train", "epoch": 69}
{"loss": 0.364920049905777, "acc": 0.8857144117355347, "length": 5.0, "mode": "test", "epoch": 69}
{"loss": 0.18298853933811188, "acc": 0.9305452108383179, "length": 4.9999918937683105, "mode": "train", "epoch": 70}
{"loss": 0.3610854744911194, "acc": 0.8882785439491272, "length": 5.0, "mode": "test", "epoch": 70}
{"loss": 0.1665858030319214, "acc": 0.9393472671508789, "length": 4.999879360198975, "mode": "train", "epoch": 71}
{"loss": 0.3352879583835602, "acc": 0.8926739692687988, "length": 5.0, "mode": "test", "epoch": 71}
{"loss": 0.1685975342988968, "acc": 0.9396318793296814, "length": 4.997788429260254, "mode": "train", "epoch": 72}
{"loss": 0.32827019691467285, "acc": 0.8948718309402466, "length": 5.0, "mode": "test", "epoch": 72}
{"loss": 0.1685936450958252, "acc": 0.9388511180877686, "length": 4.999294757843018, "mode": "train", "epoch": 73}
{"loss": 0.333238810300827, "acc": 0.8882784247398376, "length": 5.0, "mode": "test", "epoch": 73}
{"loss": 0.17276549339294434, "acc": 0.9356810450553894, "length": 4.999995708465576, "mode": "train", "epoch": 74}
{"loss": 0.3469875156879425, "acc": 0.8860806226730347, "length": 5.0, "mode": "test", "epoch": 74}
{"loss": 0.16035567224025726, "acc": 0.9408167004585266, "length": 4.999993324279785, "mode": "train", "epoch": 75}
{"loss": 0.36150407791137695, "acc": 0.8926740288734436, "length": 5.0, "mode": "test", "epoch": 75}
{"loss": 0.16059750318527222, "acc": 0.9392269253730774, "length": 4.999993801116943, "mode": "train", "epoch": 76}
{"loss": 0.35776934027671814, "acc": 0.8919415473937988, "length": 5.0, "mode": "test", "epoch": 76}
{"loss": 0.16446131467819214, "acc": 0.9386136531829834, "length": 4.999934673309326, "mode": "train", "epoch": 77}
{"loss": 0.33469992876052856, "acc": 0.8875457048416138, "length": 5.0, "mode": "test", "epoch": 77}
{"loss": 0.16642291843891144, "acc": 0.9400815963745117, "length": 4.999963283538818, "mode": "train", "epoch": 78}
{"loss": 0.3267703652381897, "acc": 0.8970694541931152, "length": 5.0, "mode": "test", "epoch": 78}
{"loss": 0.1556955724954605, "acc": 0.944362461566925, "length": 4.999987602233887, "mode": "train", "epoch": 79}
{"loss": 0.33175113797187805, "acc": 0.8963371515274048, "length": 5.0, "mode": "test", "epoch": 79}
{"loss": 0.15242357552051544, "acc": 0.9432613253593445, "length": 4.999975204467773, "mode": "train", "epoch": 80}
{"loss": 0.32792675495147705, "acc": 0.8923078179359436, "length": 5.0, "mode": "test", "epoch": 80}
{"loss": 0.15414750576019287, "acc": 0.9435065984725952, "length": 4.999989032745361, "mode": "train", "epoch": 81}
{"loss": 0.32766473293304443, "acc": 0.8956043720245361, "length": 5.0, "mode": "test", "epoch": 81}
{"loss": 0.1535537987947464, "acc": 0.9437451362609863, "length": 4.999795913696289, "mode": "train", "epoch": 82}
{"loss": 0.34971803426742554, "acc": 0.8930402398109436, "length": 5.0, "mode": "test", "epoch": 82}
{"loss": 0.156326562166214, "acc": 0.942160427570343, "length": 4.999951362609863, "mode": "train", "epoch": 83}
{"loss": 0.3496645390987396, "acc": 0.8871794939041138, "length": 5.0, "mode": "test", "epoch": 83}
{"loss": 0.15128269791603088, "acc": 0.943368673324585, "length": 4.999571800231934, "mode": "train", "epoch": 84}
{"loss": 0.3465052545070648, "acc": 0.8886448740959167, "length": 5.0, "mode": "test", "epoch": 84}
{"loss": 0.1501530408859253, "acc": 0.9430167078971863, "length": 4.9999680519104, "mode": "train", "epoch": 85}
{"loss": 0.36645761132240295, "acc": 0.8912087082862854, "length": 5.0, "mode": "test", "epoch": 85}
{"loss": 0.15372143685817719, "acc": 0.9411835074424744, "length": 4.999992370605469, "mode": "train", "epoch": 86}
{"loss": 0.37678831815719604, "acc": 0.8864468336105347, "length": 5.0, "mode": "test", "epoch": 86}
{"loss": 0.15896888077259064, "acc": 0.9420318007469177, "length": 4.999710559844971, "mode": "train", "epoch": 87}
{"loss": 0.34618350863456726, "acc": 0.8897435665130615, "length": 5.0, "mode": "test", "epoch": 87}
{"loss": 0.15050943195819855, "acc": 0.9446073174476624, "length": 4.9999918937683105, "mode": "train", "epoch": 88}
{"loss": 0.3472202718257904, "acc": 0.8897435069084167, "length": 5.0, "mode": "test", "epoch": 88}
{"loss": 0.1529701054096222, "acc": 0.9468082189559937, "length": 4.999993324279785, "mode": "train", "epoch": 89}
{"loss": 0.3447043299674988, "acc": 0.8963372111320496, "length": 5.0, "mode": "test", "epoch": 89}
{"loss": 0.15967245399951935, "acc": 0.9435067772865295, "length": 4.999996185302734, "mode": "train", "epoch": 90}
{"loss": 0.3506099283695221, "acc": 0.8915751576423645, "length": 5.0, "mode": "test", "epoch": 90}
{"loss": 0.16109642386436462, "acc": 0.9395912289619446, "length": 4.999927043914795, "mode": "train", "epoch": 91}
{"loss": 0.3579263389110565, "acc": 0.8901097774505615, "length": 5.0, "mode": "test", "epoch": 91}
{"loss": 0.1604992151260376, "acc": 0.9417949318885803, "length": 4.999999046325684, "mode": "train", "epoch": 92}
{"loss": 0.34784573316574097, "acc": 0.8941393494606018, "length": 5.0, "mode": "test", "epoch": 92}
{"loss": 0.14776399731636047, "acc": 0.9455832242965698, "length": 4.9999308586120605, "mode": "train", "epoch": 93}
{"loss": 0.3552968502044678, "acc": 0.8919414281845093, "length": 5.0, "mode": "test", "epoch": 93}
{"loss": 0.1382625848054886, "acc": 0.9510877728462219, "length": 4.999981880187988, "mode": "train", "epoch": 94}
{"loss": 0.32627224922180176, "acc": 0.8978022933006287, "length": 5.0, "mode": "test", "epoch": 94}
{"loss": 0.14221175014972687, "acc": 0.9441001415252686, "length": 4.999515533447266, "mode": "train", "epoch": 95}
{"loss": 0.34101158380508423, "acc": 0.8970696926116943, "length": 5.0, "mode": "test", "epoch": 95}
{"loss": 0.13580438494682312, "acc": 0.9493762254714966, "length": 4.9999895095825195, "mode": "train", "epoch": 96}
{"loss": 0.3543321490287781, "acc": 0.8930402398109436, "length": 5.0, "mode": "test", "epoch": 96}
{"loss": 0.14184322953224182, "acc": 0.9491316080093384, "length": 4.999992370605469, "mode": "train", "epoch": 97}
{"loss": 0.3827703297138214, "acc": 0.8761904835700989, "length": 5.0, "mode": "test", "epoch": 97}
{"loss": 0.15553797781467438, "acc": 0.9400830268859863, "length": 4.999990463256836, "mode": "train", "epoch": 98}
{"loss": 0.342656672000885, "acc": 0.8963369131088257, "length": 5.0, "mode": "test", "epoch": 98}
{"loss": 0.13651399314403534, "acc": 0.947297215461731, "length": 4.99998664855957, "mode": "train", "epoch": 99}
{"loss": 0.3449763357639313, "acc": 0.8981686234474182, "length": 5.0, "mode": "test", "epoch": 99}
{"loss": 0.13627617061138153, "acc": 0.9491310715675354, "length": 4.999969005584717, "mode": "train", "epoch": 100}
{"loss": 0.3715521991252899, "acc": 0.8886446356773376, "length": 5.0, "mode": "test", "epoch": 100}
test accuracy: 0.8299041390419006
