# ["--attributes=4", "--values=3", "--game_size=3", "--vocab_size_factor=3", "--n_epochs=100", "--batch_size=64", "--learning_rate=0.0005", "--hidden_size=256", "--temp_update=0.99", "--temperature=1"]
Creating train_ds and val_ds...

Creating test_ds...
{"loss": 0.7009679079055786, "acc": 0.507914125919342, "length": 3.445183515548706, "mode": "train", "epoch": 1}
{"loss": 0.6904966831207275, "acc": 0.5289856195449829, "length": 1.0, "mode": "test", "epoch": 1}
{"loss": 0.6908940076828003, "acc": 0.5248626470565796, "length": 1.3744244575500488, "mode": "train", "epoch": 2}
{"loss": 0.6928491592407227, "acc": 0.5166667699813843, "length": 1.0, "mode": "test", "epoch": 2}
{"loss": 0.6446889042854309, "acc": 0.6394913196563721, "length": 2.648228168487549, "mode": "train", "epoch": 3}
{"loss": 0.5658438801765442, "acc": 0.7224695682525635, "length": 3.378260850906372, "mode": "test", "epoch": 3}
{"loss": 0.5499527454376221, "acc": 0.7361202239990234, "length": 3.3809945583343506, "mode": "train", "epoch": 4}
{"loss": 0.5235521197319031, "acc": 0.753528892993927, "length": 3.495652198791504, "mode": "test", "epoch": 4}
{"loss": 0.5032865405082703, "acc": 0.76802659034729, "length": 3.512786626815796, "mode": "train", "epoch": 5}
{"loss": 0.4736718237400055, "acc": 0.7936272621154785, "length": 3.626086950302124, "mode": "test", "epoch": 5}
{"loss": 0.4668245315551758, "acc": 0.7907688021659851, "length": 3.6937410831451416, "mode": "train", "epoch": 6}
{"loss": 0.44220173358917236, "acc": 0.8027004599571228, "length": 3.8217391967773438, "mode": "test", "epoch": 6}
{"loss": 0.4419078230857849, "acc": 0.80235755443573, "length": 3.732971429824829, "mode": "train", "epoch": 7}
{"loss": 0.41575324535369873, "acc": 0.8170724511146545, "length": 3.9478261470794678, "mode": "test", "epoch": 7}
{"loss": 0.42218583822250366, "acc": 0.8140769004821777, "length": 3.8833847045898438, "mode": "train", "epoch": 8}
{"loss": 0.40611350536346436, "acc": 0.822299599647522, "length": 4.073913097381592, "mode": "test", "epoch": 8}
{"loss": 0.4003210961818695, "acc": 0.8257609605789185, "length": 3.92557692527771, "mode": "train", "epoch": 9}
{"loss": 0.3895830512046814, "acc": 0.8383830785751343, "length": 4.0, "mode": "test", "epoch": 9}
{"loss": 0.3782084882259369, "acc": 0.8367002010345459, "length": 4.068817138671875, "mode": "train", "epoch": 10}
{"loss": 0.38449740409851074, "acc": 0.8354299068450928, "length": 4.093478202819824, "mode": "test", "epoch": 10}
{"loss": 0.3570939004421234, "acc": 0.8524713516235352, "length": 4.155494689941406, "mode": "train", "epoch": 11}
{"loss": 0.3639203608036041, "acc": 0.8490301370620728, "length": 4.397826194763184, "mode": "test", "epoch": 11}
{"loss": 0.3340034484863281, "acc": 0.8624411225318909, "length": 4.2981719970703125, "mode": "train", "epoch": 12}
{"loss": 0.3316549062728882, "acc": 0.8618245720863342, "length": 4.295652389526367, "mode": "test", "epoch": 12}
{"loss": 0.3225468695163727, "acc": 0.8656868934631348, "length": 4.385595798492432, "mode": "train", "epoch": 13}
{"loss": 0.340944766998291, "acc": 0.8575708866119385, "length": 4.532608509063721, "mode": "test", "epoch": 13}
{"loss": 0.3097316324710846, "acc": 0.8685357570648193, "length": 4.309349060058594, "mode": "train", "epoch": 14}
{"loss": 0.3273944854736328, "acc": 0.8677271008491516, "length": 4.3586955070495605, "mode": "test", "epoch": 14}
{"loss": 0.29427728056907654, "acc": 0.8787772059440613, "length": 4.444421291351318, "mode": "train", "epoch": 15}
{"loss": 0.3136568069458008, "acc": 0.8747509717941284, "length": 4.286956310272217, "mode": "test", "epoch": 15}
{"loss": 0.2812923491001129, "acc": 0.8812399506568909, "length": 4.397250652313232, "mode": "train", "epoch": 16}
{"loss": 0.32031792402267456, "acc": 0.8761737942695618, "length": 4.443478107452393, "mode": "test", "epoch": 16}
{"loss": 0.278713196516037, "acc": 0.8853528499603271, "length": 4.423186302185059, "mode": "train", "epoch": 17}
{"loss": 0.2938138544559479, "acc": 0.8796969056129456, "length": 4.415217399597168, "mode": "test", "epoch": 17}
{"loss": 0.2802806496620178, "acc": 0.8861709833145142, "length": 4.465382099151611, "mode": "train", "epoch": 18}
{"loss": 0.3067668080329895, "acc": 0.8761246204376221, "length": 4.376087188720703, "mode": "test", "epoch": 18}
{"loss": 0.2727312445640564, "acc": 0.88927161693573, "length": 4.4302167892456055, "mode": "train", "epoch": 19}
{"loss": 0.33506572246551514, "acc": 0.8725374341011047, "length": 4.4782609939575195, "mode": "test", "epoch": 19}
{"loss": 0.2597326338291168, "acc": 0.8943989276885986, "length": 4.461974620819092, "mode": "train", "epoch": 20}
{"loss": 0.30372437834739685, "acc": 0.8824973702430725, "length": 4.415217399597168, "mode": "test", "epoch": 20}
{"loss": 0.2602599561214447, "acc": 0.8944712281227112, "length": 4.501333236694336, "mode": "train", "epoch": 21}
{"loss": 0.3191037178039551, "acc": 0.8746113777160645, "length": 4.550000190734863, "mode": "test", "epoch": 21}
{"loss": 0.2516646981239319, "acc": 0.9001446962356567, "length": 4.4501118659973145, "mode": "train", "epoch": 22}
{"loss": 0.3058781325817108, "acc": 0.8784779906272888, "length": 4.563043594360352, "mode": "test", "epoch": 22}
{"loss": 0.24733565747737885, "acc": 0.9019394516944885, "length": 4.48788595199585, "mode": "train", "epoch": 23}
{"loss": 0.2841256856918335, "acc": 0.8881849646568298, "length": 4.486956596374512, "mode": "test", "epoch": 23}
{"loss": 0.24296973645687103, "acc": 0.9010798335075378, "length": 4.50657320022583, "mode": "train", "epoch": 24}
{"loss": 0.2939404845237732, "acc": 0.883786141872406, "length": 4.432608604431152, "mode": "test", "epoch": 24}
{"loss": 0.24600660800933838, "acc": 0.8993762731552124, "length": 4.48039436340332, "mode": "train", "epoch": 25}
{"loss": 0.2683597803115845, "acc": 0.898979127407074, "length": 4.467391490936279, "mode": "test", "epoch": 25}
{"loss": 0.24005140364170074, "acc": 0.9042160511016846, "length": 4.467532634735107, "mode": "train", "epoch": 26}
{"loss": 0.2738337814807892, "acc": 0.8925952315330505, "length": 4.4347825050354, "mode": "test", "epoch": 26}
{"loss": 0.23147623240947723, "acc": 0.9094880819320679, "length": 4.51121187210083, "mode": "train", "epoch": 27}
{"loss": 0.30493250489234924, "acc": 0.8959445953369141, "length": 4.547826290130615, "mode": "test", "epoch": 27}
{"loss": 0.21892049908638, "acc": 0.9148404002189636, "length": 4.5104594230651855, "mode": "train", "epoch": 28}
{"loss": 0.27082905173301697, "acc": 0.8961315155029297, "length": 4.534782409667969, "mode": "test", "epoch": 28}
{"loss": 0.21971210837364197, "acc": 0.9148880243301392, "length": 4.530368804931641, "mode": "train", "epoch": 29}
{"loss": 0.2834703028202057, "acc": 0.8940122723579407, "length": 4.502173900604248, "mode": "test", "epoch": 29}
{"loss": 0.21527433395385742, "acc": 0.9156972765922546, "length": 4.477740287780762, "mode": "train", "epoch": 30}
{"loss": 0.2622482478618622, "acc": 0.9007944464683533, "length": 4.504347801208496, "mode": "test", "epoch": 30}
{"loss": 0.21165335178375244, "acc": 0.9192002415657043, "length": 4.475393772125244, "mode": "train", "epoch": 31}
{"loss": 0.27225831151008606, "acc": 0.9016247391700745, "length": 4.365217208862305, "mode": "test", "epoch": 31}
{"loss": 0.21666930615901947, "acc": 0.9172680974006653, "length": 4.471331596374512, "mode": "train", "epoch": 32}
{"loss": 0.2858485281467438, "acc": 0.9017041325569153, "length": 4.380434989929199, "mode": "test", "epoch": 32}
{"loss": 0.20171506702899933, "acc": 0.924663245677948, "length": 4.485596179962158, "mode": "train", "epoch": 33}
{"loss": 0.2622019052505493, "acc": 0.9017511010169983, "length": 4.534782409667969, "mode": "test", "epoch": 33}
{"loss": 0.20306876301765442, "acc": 0.920949399471283, "length": 4.497967720031738, "mode": "train", "epoch": 34}
{"loss": 0.2567061483860016, "acc": 0.9050480127334595, "length": 4.471739292144775, "mode": "test", "epoch": 34}
{"loss": 0.2027926743030548, "acc": 0.9246838688850403, "length": 4.444296836853027, "mode": "train", "epoch": 35}
{"loss": 0.2634212076663971, "acc": 0.9021230340003967, "length": 4.536956310272217, "mode": "test", "epoch": 35}
{"loss": 0.20048779249191284, "acc": 0.9228276610374451, "length": 4.504446029663086, "mode": "train", "epoch": 36}
{"loss": 0.2664351165294647, "acc": 0.9003302454948425, "length": 4.591304302215576, "mode": "test", "epoch": 36}
{"loss": 0.1952677071094513, "acc": 0.926284909248352, "length": 4.4849371910095215, "mode": "train", "epoch": 37}
{"loss": 0.2578352987766266, "acc": 0.902832567691803, "length": 4.467391490936279, "mode": "test", "epoch": 37}
{"loss": 0.19462080299854279, "acc": 0.9239031672477722, "length": 4.49827766418457, "mode": "train", "epoch": 38}
{"loss": 0.25548988580703735, "acc": 0.903560996055603, "length": 4.547826290130615, "mode": "test", "epoch": 38}
{"loss": 0.19198201596736908, "acc": 0.9265484809875488, "length": 4.4946980476379395, "mode": "train", "epoch": 39}
{"loss": 0.2656916379928589, "acc": 0.9015097618103027, "length": 4.445652008056641, "mode": "test", "epoch": 39}
{"loss": 0.1862831860780716, "acc": 0.9268457293510437, "length": 4.492751598358154, "mode": "train", "epoch": 40}
{"loss": 0.28032928705215454, "acc": 0.9046609997749329, "length": 4.456521511077881, "mode": "test", "epoch": 40}
{"loss": 0.18991956114768982, "acc": 0.9271524548530579, "length": 4.498147964477539, "mode": "train", "epoch": 41}
{"loss": 0.2976202964782715, "acc": 0.9011247158050537, "length": 4.634782791137695, "mode": "test", "epoch": 41}
{"loss": 0.18409506976604462, "acc": 0.9297959208488464, "length": 4.530022621154785, "mode": "train", "epoch": 42}
{"loss": 0.27177223563194275, "acc": 0.9029533863067627, "length": 4.506521701812744, "mode": "test", "epoch": 42}
{"loss": 0.1861850619316101, "acc": 0.928326427936554, "length": 4.513203144073486, "mode": "train", "epoch": 43}
{"loss": 0.2835174798965454, "acc": 0.9020813703536987, "length": 4.515217304229736, "mode": "test", "epoch": 43}
{"loss": 0.1878301352262497, "acc": 0.9268818497657776, "length": 4.479790210723877, "mode": "train", "epoch": 44}
{"loss": 0.2827652394771576, "acc": 0.9016700983047485, "length": 4.571739196777344, "mode": "test", "epoch": 44}
{"loss": 0.18687090277671814, "acc": 0.9279627799987793, "length": 4.501261234283447, "mode": "train", "epoch": 45}
{"loss": 0.2734740674495697, "acc": 0.9037723541259766, "length": 4.463043689727783, "mode": "test", "epoch": 45}
{"loss": 0.18733051419258118, "acc": 0.929339587688446, "length": 4.5278730392456055, "mode": "train", "epoch": 46}
{"loss": 0.2676171064376831, "acc": 0.9073256850242615, "length": 4.495652198791504, "mode": "test", "epoch": 46}
{"loss": 0.19306430220603943, "acc": 0.9254575967788696, "length": 4.45761251449585, "mode": "train", "epoch": 47}
{"loss": 0.27252471446990967, "acc": 0.908929705619812, "length": 4.528260707855225, "mode": "test", "epoch": 47}
{"loss": 0.18828462064266205, "acc": 0.9254039525985718, "length": 4.4933037757873535, "mode": "train", "epoch": 48}
{"loss": 0.28846216201782227, "acc": 0.907010555267334, "length": 4.5239129066467285, "mode": "test", "epoch": 48}
{"loss": 0.18097831308841705, "acc": 0.9307076334953308, "length": 4.532553672790527, "mode": "train", "epoch": 49}
{"loss": 0.2804896831512451, "acc": 0.9061216711997986, "length": 4.563043594360352, "mode": "test", "epoch": 49}
{"loss": 0.1849457174539566, "acc": 0.9310439229011536, "length": 4.455331802368164, "mode": "train", "epoch": 50}
{"loss": 0.2882712185382843, "acc": 0.9017249345779419, "length": 4.436956405639648, "mode": "test", "epoch": 50}
{"loss": 0.17589306831359863, "acc": 0.9300029873847961, "length": 4.473204135894775, "mode": "train", "epoch": 51}
{"loss": 0.2848798632621765, "acc": 0.90990149974823, "length": 4.495652198791504, "mode": "test", "epoch": 51}
{"loss": 0.17733953893184662, "acc": 0.9295169115066528, "length": 4.479855060577393, "mode": "train", "epoch": 52}
{"loss": 0.2797512114048004, "acc": 0.9050705432891846, "length": 4.447825908660889, "mode": "test", "epoch": 52}
{"loss": 0.18259920179843903, "acc": 0.9303138852119446, "length": 4.53610897064209, "mode": "train", "epoch": 53}
{"loss": 0.291535347700119, "acc": 0.9066217541694641, "length": 4.48913049697876, "mode": "test", "epoch": 53}
{"loss": 0.17418700456619263, "acc": 0.9306936264038086, "length": 4.542026042938232, "mode": "train", "epoch": 54}
{"loss": 0.28218480944633484, "acc": 0.9008246660232544, "length": 4.550000190734863, "mode": "test", "epoch": 54}
{"loss": 0.17908383905887604, "acc": 0.9286747574806213, "length": 4.52082633972168, "mode": "train", "epoch": 55}
{"loss": 0.31965094804763794, "acc": 0.9046649932861328, "length": 4.515217304229736, "mode": "test", "epoch": 55}
{"loss": 0.18545225262641907, "acc": 0.9264341592788696, "length": 4.5261712074279785, "mode": "train", "epoch": 56}
{"loss": 0.27651697397232056, "acc": 0.902440071105957, "length": 4.519565105438232, "mode": "test", "epoch": 56}
{"loss": 0.17628921568393707, "acc": 0.9320405721664429, "length": 4.524313449859619, "mode": "train", "epoch": 57}
{"loss": 0.29295462369918823, "acc": 0.9051989316940308, "length": 4.497826099395752, "mode": "test", "epoch": 57}
{"loss": 0.17314636707305908, "acc": 0.930993378162384, "length": 4.5423736572265625, "mode": "train", "epoch": 58}
{"loss": 0.27588924765586853, "acc": 0.9017607569694519, "length": 4.650000095367432, "mode": "test", "epoch": 58}
{"loss": 0.1783233880996704, "acc": 0.9311902523040771, "length": 4.487541675567627, "mode": "train", "epoch": 59}
{"loss": 0.26828911900520325, "acc": 0.9078861474990845, "length": 4.456521511077881, "mode": "test", "epoch": 59}
{"loss": 0.17562353610992432, "acc": 0.9328284859657288, "length": 4.5171003341674805, "mode": "train", "epoch": 60}
{"loss": 0.31109845638275146, "acc": 0.8989658355712891, "length": 4.639130592346191, "mode": "test", "epoch": 60}
{"loss": 0.17946767807006836, "acc": 0.9274870753288269, "length": 4.475417613983154, "mode": "train", "epoch": 61}
{"loss": 0.2946803867816925, "acc": 0.9012134075164795, "length": 4.493478298187256, "mode": "test", "epoch": 61}
{"loss": 0.17485544085502625, "acc": 0.9317623376846313, "length": 4.519140243530273, "mode": "train", "epoch": 62}
{"loss": 0.29460570216178894, "acc": 0.9063990116119385, "length": 4.493478298187256, "mode": "test", "epoch": 62}
{"loss": 0.17257410287857056, "acc": 0.9331100583076477, "length": 4.511297225952148, "mode": "train", "epoch": 63}
{"loss": 0.28637945652008057, "acc": 0.905468761920929, "length": 4.48913049697876, "mode": "test", "epoch": 63}
{"loss": 0.17596769332885742, "acc": 0.9306753873825073, "length": 4.499663829803467, "mode": "train", "epoch": 64}
{"loss": 0.27315038442611694, "acc": 0.9051233530044556, "length": 4.4782609939575195, "mode": "test", "epoch": 64}
{"loss": 0.1747681051492691, "acc": 0.9319154024124146, "length": 4.4662184715271, "mode": "train", "epoch": 65}
{"loss": 0.2672443687915802, "acc": 0.9039156436920166, "length": 4.534782409667969, "mode": "test", "epoch": 65}
{"loss": 0.16785311698913574, "acc": 0.9352680444717407, "length": 4.559201717376709, "mode": "train", "epoch": 66}
{"loss": 0.267465204000473, "acc": 0.910716712474823, "length": 4.530434608459473, "mode": "test", "epoch": 66}
{"loss": 0.161892369389534, "acc": 0.9366068243980408, "length": 4.510168552398682, "mode": "train", "epoch": 67}
{"loss": 0.27302244305610657, "acc": 0.9100996851921082, "length": 4.545652389526367, "mode": "test", "epoch": 67}
{"loss": 0.16570521891117096, "acc": 0.936664879322052, "length": 4.56548547744751, "mode": "train", "epoch": 68}
{"loss": 0.29828694462776184, "acc": 0.9018851518630981, "length": 4.573913097381592, "mode": "test", "epoch": 68}
{"loss": 0.1703253984451294, "acc": 0.9341805577278137, "length": 4.500385761260986, "mode": "train", "epoch": 69}
{"loss": 0.2986226975917816, "acc": 0.8989714980125427, "length": 4.515217304229736, "mode": "test", "epoch": 69}
{"loss": 0.17153145372867584, "acc": 0.9327513575553894, "length": 4.523624897003174, "mode": "train", "epoch": 70}
{"loss": 0.2898910343647003, "acc": 0.9016813039779663, "length": 4.545652389526367, "mode": "test", "epoch": 70}
{"loss": 0.16327285766601562, "acc": 0.9355656504631042, "length": 4.514793872833252, "mode": "train", "epoch": 71}
{"loss": 0.2916593551635742, "acc": 0.903589129447937, "length": 4.513043403625488, "mode": "test", "epoch": 71}
{"loss": 0.1662607640028, "acc": 0.9358629584312439, "length": 4.516983985900879, "mode": "train", "epoch": 72}
{"loss": 0.2966092824935913, "acc": 0.9057801365852356, "length": 4.495652198791504, "mode": "test", "epoch": 72}
{"loss": 0.16634170711040497, "acc": 0.9338738918304443, "length": 4.466887474060059, "mode": "train", "epoch": 73}
{"loss": 0.3049195110797882, "acc": 0.903770387172699, "length": 4.526086807250977, "mode": "test", "epoch": 73}
{"loss": 0.16840291023254395, "acc": 0.9313953518867493, "length": 4.514325141906738, "mode": "train", "epoch": 74}
{"loss": 0.29572802782058716, "acc": 0.9025985598564148, "length": 4.502173900604248, "mode": "test", "epoch": 74}
{"loss": 0.16706347465515137, "acc": 0.9341531991958618, "length": 4.537520885467529, "mode": "train", "epoch": 75}
{"loss": 0.2838746905326843, "acc": 0.9022945761680603, "length": 4.543478488922119, "mode": "test", "epoch": 75}
{"loss": 0.16728197038173676, "acc": 0.9338415861129761, "length": 4.458600044250488, "mode": "train", "epoch": 76}
{"loss": 0.2895447015762329, "acc": 0.904674232006073, "length": 4.465217590332031, "mode": "test", "epoch": 76}
{"loss": 0.1713971346616745, "acc": 0.9293107390403748, "length": 4.5407843589782715, "mode": "train", "epoch": 77}
{"loss": 0.2821681499481201, "acc": 0.9044723510742188, "length": 4.51086950302124, "mode": "test", "epoch": 77}
{"loss": 0.16442365944385529, "acc": 0.9368778467178345, "length": 4.491511344909668, "mode": "train", "epoch": 78}
{"loss": 0.30137911438941956, "acc": 0.9064368605613708, "length": 4.506521701812744, "mode": "test", "epoch": 78}
{"loss": 0.16843900084495544, "acc": 0.9328988790512085, "length": 4.497425079345703, "mode": "train", "epoch": 79}
{"loss": 0.3055199682712555, "acc": 0.9002679586410522, "length": 4.454347610473633, "mode": "test", "epoch": 79}
{"loss": 0.17744006216526031, "acc": 0.9297225475311279, "length": 4.525381565093994, "mode": "train", "epoch": 80}
{"loss": 0.32172736525535583, "acc": 0.9009058475494385, "length": 4.541304111480713, "mode": "test", "epoch": 80}
{"loss": 0.18282155692577362, "acc": 0.924843966960907, "length": 4.509232521057129, "mode": "train", "epoch": 81}
{"loss": 0.3085257112979889, "acc": 0.8948407173156738, "length": 4.532608509063721, "mode": "test", "epoch": 81}
{"loss": 0.18140411376953125, "acc": 0.9279894828796387, "length": 4.487697601318359, "mode": "train", "epoch": 82}
{"loss": 0.2984454333782196, "acc": 0.9028986096382141, "length": 4.506521701812744, "mode": "test", "epoch": 82}
{"loss": 0.16566185653209686, "acc": 0.932518482208252, "length": 4.482963562011719, "mode": "train", "epoch": 83}
{"loss": 0.2741561233997345, "acc": 0.9030287861824036, "length": 4.484782695770264, "mode": "test", "epoch": 83}
{"loss": 0.16167370975017548, "acc": 0.9351927042007446, "length": 4.451992988586426, "mode": "train", "epoch": 84}
{"loss": 0.28545278310775757, "acc": 0.9035590887069702, "length": 4.526086807250977, "mode": "test", "epoch": 84}
{"loss": 0.16190657019615173, "acc": 0.9329427480697632, "length": 4.568038463592529, "mode": "train", "epoch": 85}
{"loss": 0.3166135549545288, "acc": 0.8917950391769409, "length": 4.6413044929504395, "mode": "test", "epoch": 85}
{"loss": 0.1608467847108841, "acc": 0.937110960483551, "length": 4.547943592071533, "mode": "train", "epoch": 86}
{"loss": 0.295116662979126, "acc": 0.8984752297401428, "length": 4.5652174949646, "mode": "test", "epoch": 86}
{"loss": 0.15595412254333496, "acc": 0.9359131455421448, "length": 4.51535177230835, "mode": "train", "epoch": 87}
{"loss": 0.30056682229042053, "acc": 0.9000377655029297, "length": 4.493478298187256, "mode": "test", "epoch": 87}
{"loss": 0.15698786079883575, "acc": 0.9382486939430237, "length": 4.489960193634033, "mode": "train", "epoch": 88}
{"loss": 0.3184964656829834, "acc": 0.8969769477844238, "length": 4.554347991943359, "mode": "test", "epoch": 88}
{"loss": 0.16793708503246307, "acc": 0.9325971007347107, "length": 4.55115270614624, "mode": "train", "epoch": 89}
{"loss": 0.3155766427516937, "acc": 0.9011812806129456, "length": 4.57608699798584, "mode": "test", "epoch": 89}
{"loss": 0.17932075262069702, "acc": 0.9297082424163818, "length": 4.519660949707031, "mode": "train", "epoch": 90}
{"loss": 0.3257264792919159, "acc": 0.8939652442932129, "length": 4.534782409667969, "mode": "test", "epoch": 90}
{"loss": 0.16488493978977203, "acc": 0.9349927306175232, "length": 4.566915988922119, "mode": "train", "epoch": 91}
{"loss": 0.3042427897453308, "acc": 0.9040026068687439, "length": 4.5217390060424805, "mode": "test", "epoch": 91}
{"loss": 0.15696430206298828, "acc": 0.9381086826324463, "length": 4.489078521728516, "mode": "train", "epoch": 92}
{"loss": 0.2804277539253235, "acc": 0.9051102995872498, "length": 4.5217390060424805, "mode": "test", "epoch": 92}
{"loss": 0.15735849738121033, "acc": 0.9371325373649597, "length": 4.545660018920898, "mode": "train", "epoch": 93}
{"loss": 0.285541296005249, "acc": 0.905870795249939, "length": 4.517391204833984, "mode": "test", "epoch": 93}
{"loss": 0.15799671411514282, "acc": 0.9393075704574585, "length": 4.502186298370361, "mode": "train", "epoch": 94}
{"loss": 0.29037895798683167, "acc": 0.8971298336982727, "length": 4.528260707855225, "mode": "test", "epoch": 94}
{"loss": 0.15633542835712433, "acc": 0.9374024271965027, "length": 4.528846263885498, "mode": "train", "epoch": 95}
{"loss": 0.2919508218765259, "acc": 0.898822546005249, "length": 4.58695650100708, "mode": "test", "epoch": 95}
{"loss": 0.15722022950649261, "acc": 0.9359573721885681, "length": 4.57737922668457, "mode": "train", "epoch": 96}
{"loss": 0.32645851373672485, "acc": 0.899033784866333, "length": 4.5608696937561035, "mode": "test", "epoch": 96}
{"loss": 0.16141562163829803, "acc": 0.9359059929847717, "length": 4.597083568572998, "mode": "train", "epoch": 97}
{"loss": 0.30155113339424133, "acc": 0.900862455368042, "length": 4.656521797180176, "mode": "test", "epoch": 97}
{"loss": 0.17133565247058868, "acc": 0.9325277209281921, "length": 4.583820343017578, "mode": "train", "epoch": 98}
{"loss": 0.32256612181663513, "acc": 0.8965126276016235, "length": 4.543478488922119, "mode": "test", "epoch": 98}
{"loss": 0.16702429950237274, "acc": 0.9330018162727356, "length": 4.533229827880859, "mode": "train", "epoch": 99}
{"loss": 0.29566898941993713, "acc": 0.904908299446106, "length": 4.539130210876465, "mode": "test", "epoch": 99}
{"loss": 0.1575351059436798, "acc": 0.9382935166358948, "length": 4.523621559143066, "mode": "train", "epoch": 100}
{"loss": 0.28140610456466675, "acc": 0.9026665091514587, "length": 4.463043689727783, "mode": "test", "epoch": 100}
test accuracy: 0.8786066770553589
