# ["--attributes=4", "--values=3", "--game_size=4", "--vocab_size_factor=3", "--n_epochs=100", "--batch_size=32", "--learning_rate=0.001", "--hidden_size=128", "--temp_update=0.97", "--temperature=1.5"]
Creating train_ds and val_ds...

Creating test_ds...
{"loss": 0.6933931708335876, "acc": 0.5219086408615112, "length": 2.9582862854003906, "mode": "train", "epoch": 1}
{"loss": 0.648033857345581, "acc": 0.6537845730781555, "length": 2.7967212200164795, "mode": "test", "epoch": 1}
{"loss": 0.5772277116775513, "acc": 0.7084900140762329, "length": 3.6478874683380127, "mode": "train", "epoch": 2}
{"loss": 0.5456070899963379, "acc": 0.7147732973098755, "length": 4.442623138427734, "mode": "test", "epoch": 2}
{"loss": 0.510262131690979, "acc": 0.7500444054603577, "length": 4.092406272888184, "mode": "train", "epoch": 3}
{"loss": 0.5283795595169067, "acc": 0.7560451030731201, "length": 4.6245903968811035, "mode": "test", "epoch": 3}
{"loss": 0.4754525125026703, "acc": 0.7896266579627991, "length": 4.48923397064209, "mode": "train", "epoch": 4}
{"loss": 0.4962807595729828, "acc": 0.7788358330726624, "length": 4.709836006164551, "mode": "test", "epoch": 4}
{"loss": 0.42761731147766113, "acc": 0.8088369369506836, "length": 4.6722517013549805, "mode": "train", "epoch": 5}
{"loss": 0.46303173899650574, "acc": 0.7965419888496399, "length": 4.998360633850098, "mode": "test", "epoch": 5}
{"loss": 0.4096683859825134, "acc": 0.8203321099281311, "length": 4.876132965087891, "mode": "train", "epoch": 6}
{"loss": 0.4603784680366516, "acc": 0.800198495388031, "length": 4.972131252288818, "mode": "test", "epoch": 6}
{"loss": 0.39170268177986145, "acc": 0.8284443616867065, "length": 4.864780426025391, "mode": "train", "epoch": 7}
{"loss": 0.4413760304450989, "acc": 0.8133324980735779, "length": 4.996721267700195, "mode": "test", "epoch": 7}
{"loss": 0.36804333329200745, "acc": 0.8420717716217041, "length": 4.9142327308654785, "mode": "train", "epoch": 8}
{"loss": 0.4281928539276123, "acc": 0.8122438788414001, "length": 4.993442535400391, "mode": "test", "epoch": 8}
{"loss": 0.35445573925971985, "acc": 0.8473625779151917, "length": 4.919688701629639, "mode": "train", "epoch": 9}
{"loss": 0.4091293513774872, "acc": 0.8264344334602356, "length": 5.0, "mode": "test", "epoch": 9}
{"loss": 0.34484270215034485, "acc": 0.8568780422210693, "length": 4.971247673034668, "mode": "train", "epoch": 10}
{"loss": 0.38942357897758484, "acc": 0.8360655903816223, "length": 5.0, "mode": "test", "epoch": 10}
{"loss": 0.3341955244541168, "acc": 0.8574398159980774, "length": 4.979618549346924, "mode": "train", "epoch": 11}
{"loss": 0.4019644856452942, "acc": 0.8403688669204712, "length": 5.0, "mode": "test", "epoch": 11}
{"loss": 0.32179930806159973, "acc": 0.8668586015701294, "length": 4.985101222991943, "mode": "train", "epoch": 12}
{"loss": 0.3932177722454071, "acc": 0.841803252696991, "length": 5.0, "mode": "test", "epoch": 12}
{"loss": 0.300898939371109, "acc": 0.873197078704834, "length": 4.991073131561279, "mode": "train", "epoch": 13}
{"loss": 0.37185540795326233, "acc": 0.8524590134620667, "length": 5.0, "mode": "test", "epoch": 13}
{"loss": 0.29337117075920105, "acc": 0.8814771175384521, "length": 4.9913859367370605, "mode": "train", "epoch": 14}
{"loss": 0.3559841215610504, "acc": 0.8643442392349243, "length": 5.0, "mode": "test", "epoch": 14}
{"loss": 0.2739216685295105, "acc": 0.890344500541687, "length": 4.995171070098877, "mode": "train", "epoch": 15}
{"loss": 0.33172956109046936, "acc": 0.8649590015411377, "length": 5.0, "mode": "test", "epoch": 15}
{"loss": 0.275793194770813, "acc": 0.8902177810668945, "length": 4.9951395988464355, "mode": "train", "epoch": 16}
{"loss": 0.36027809977531433, "acc": 0.8655737638473511, "length": 5.0, "mode": "test", "epoch": 16}
{"loss": 0.2650924623012543, "acc": 0.8951565623283386, "length": 4.996407985687256, "mode": "train", "epoch": 17}
{"loss": 0.37074705958366394, "acc": 0.8651639223098755, "length": 5.0, "mode": "test", "epoch": 17}
{"loss": 0.26016974449157715, "acc": 0.8954166173934937, "length": 4.995604038238525, "mode": "train", "epoch": 18}
{"loss": 0.32227790355682373, "acc": 0.8805328011512756, "length": 5.0, "mode": "test", "epoch": 18}
{"loss": 0.2553938627243042, "acc": 0.9026253819465637, "length": 4.99723482131958, "mode": "train", "epoch": 19}
{"loss": 0.2958132028579712, "acc": 0.881147563457489, "length": 5.0, "mode": "test", "epoch": 19}
{"loss": 0.25384798645973206, "acc": 0.9035627245903015, "length": 4.995784282684326, "mode": "train", "epoch": 20}
{"loss": 0.3163459300994873, "acc": 0.8813524842262268, "length": 5.0, "mode": "test", "epoch": 20}
{"loss": 0.23535354435443878, "acc": 0.9032367467880249, "length": 4.997376918792725, "mode": "train", "epoch": 21}
{"loss": 0.2959598898887634, "acc": 0.8858606815338135, "length": 5.0, "mode": "test", "epoch": 21}
{"loss": 0.22698606550693512, "acc": 0.909546434879303, "length": 4.997037887573242, "mode": "train", "epoch": 22}
{"loss": 0.31408992409706116, "acc": 0.8758196830749512, "length": 5.0, "mode": "test", "epoch": 22}
{"loss": 0.24346426129341125, "acc": 0.9058597683906555, "length": 4.998717308044434, "mode": "train", "epoch": 23}
{"loss": 0.28707441687583923, "acc": 0.8918032646179199, "length": 5.0, "mode": "test", "epoch": 23}
{"loss": 0.2246541678905487, "acc": 0.9104998707771301, "length": 4.9974236488342285, "mode": "train", "epoch": 24}
{"loss": 0.314444363117218, "acc": 0.8770492076873779, "length": 5.0, "mode": "test", "epoch": 24}
{"loss": 0.21803806722164154, "acc": 0.911665678024292, "length": 4.9975175857543945, "mode": "train", "epoch": 25}
{"loss": 0.2843678295612335, "acc": 0.8924180269241333, "length": 5.0, "mode": "test", "epoch": 25}
{"loss": 0.2174532413482666, "acc": 0.9135185480117798, "length": 4.997500419616699, "mode": "train", "epoch": 26}
{"loss": 0.2783791422843933, "acc": 0.8924180269241333, "length": 5.0, "mode": "test", "epoch": 26}
{"loss": 0.2121218591928482, "acc": 0.9166020154953003, "length": 4.996140956878662, "mode": "train", "epoch": 27}
{"loss": 0.313223272562027, "acc": 0.8854508399963379, "length": 5.0, "mode": "test", "epoch": 27}
{"loss": 0.2108669877052307, "acc": 0.9157789945602417, "length": 4.994932174682617, "mode": "train", "epoch": 28}
{"loss": 0.2984614372253418, "acc": 0.8799180388450623, "length": 5.0, "mode": "test", "epoch": 28}
{"loss": 0.20965364575386047, "acc": 0.9172657132148743, "length": 4.997043609619141, "mode": "train", "epoch": 29}
{"loss": 0.3045089542865753, "acc": 0.8840163946151733, "length": 5.0, "mode": "test", "epoch": 29}
{"loss": 0.20807111263275146, "acc": 0.9170833230018616, "length": 4.997392654418945, "mode": "train", "epoch": 30}
{"loss": 0.2836505174636841, "acc": 0.889549195766449, "length": 5.0, "mode": "test", "epoch": 30}
{"loss": 0.20111645758152008, "acc": 0.9211287498474121, "length": 4.998118877410889, "mode": "train", "epoch": 31}
{"loss": 0.29221484065055847, "acc": 0.8918032646179199, "length": 5.0, "mode": "test", "epoch": 31}
{"loss": 0.20433741807937622, "acc": 0.9189569354057312, "length": 4.996243476867676, "mode": "train", "epoch": 32}
{"loss": 0.292202889919281, "acc": 0.88852459192276, "length": 5.0, "mode": "test", "epoch": 32}
{"loss": 0.20405885577201843, "acc": 0.9190654158592224, "length": 4.9986162185668945, "mode": "train", "epoch": 33}
{"loss": 0.2827521860599518, "acc": 0.8928278684616089, "length": 5.0, "mode": "test", "epoch": 33}
{"loss": 0.24265554547309875, "acc": 0.9057187438011169, "length": 4.998290061950684, "mode": "train", "epoch": 34}
{"loss": 0.3007071316242218, "acc": 0.8827868700027466, "length": 5.0, "mode": "test", "epoch": 34}
{"loss": 0.23297104239463806, "acc": 0.9133381247520447, "length": 4.998413562774658, "mode": "train", "epoch": 35}
{"loss": 0.385608434677124, "acc": 0.8467212915420532, "length": 5.0, "mode": "test", "epoch": 35}
{"loss": 0.29962441325187683, "acc": 0.8785242438316345, "length": 4.992908954620361, "mode": "train", "epoch": 36}
{"loss": 0.3303329646587372, "acc": 0.86659836769104, "length": 5.0, "mode": "test", "epoch": 36}
{"loss": 0.2607761025428772, "acc": 0.8950130939483643, "length": 4.993687629699707, "mode": "train", "epoch": 37}
{"loss": 0.35202839970588684, "acc": 0.8620901703834534, "length": 5.0, "mode": "test", "epoch": 37}
{"loss": 0.2690362334251404, "acc": 0.8870052099227905, "length": 4.994562149047852, "mode": "train", "epoch": 38}
{"loss": 0.3110899031162262, "acc": 0.8795081973075867, "length": 5.0, "mode": "test", "epoch": 38}
{"loss": 0.24583646655082703, "acc": 0.9004905223846436, "length": 4.992910385131836, "mode": "train", "epoch": 39}
{"loss": 0.3015311360359192, "acc": 0.88340163230896, "length": 5.0, "mode": "test", "epoch": 39}
{"loss": 0.22609972953796387, "acc": 0.9112517237663269, "length": 4.996785640716553, "mode": "train", "epoch": 40}
{"loss": 0.28012076020240784, "acc": 0.8922131061553955, "length": 5.0, "mode": "test", "epoch": 40}
{"loss": 0.2177424430847168, "acc": 0.9145996570587158, "length": 4.9947123527526855, "mode": "train", "epoch": 41}
{"loss": 0.2718147039413452, "acc": 0.8944672346115112, "length": 5.0, "mode": "test", "epoch": 41}
{"loss": 0.20494523644447327, "acc": 0.9212999939918518, "length": 4.997639179229736, "mode": "train", "epoch": 42}
{"loss": 0.3004419505596161, "acc": 0.8801229596138, "length": 5.0, "mode": "test", "epoch": 42}
{"loss": 0.21163538098335266, "acc": 0.9148868918418884, "length": 4.998310565948486, "mode": "train", "epoch": 43}
{"loss": 0.28178223967552185, "acc": 0.8973360657691956, "length": 5.0, "mode": "test", "epoch": 43}
{"loss": 0.20323847234249115, "acc": 0.9231072068214417, "length": 4.998830318450928, "mode": "train", "epoch": 44}
{"loss": 0.2751491963863373, "acc": 0.8981557488441467, "length": 5.0, "mode": "test", "epoch": 44}
{"loss": 0.1957286298274994, "acc": 0.9226017594337463, "length": 4.998150825500488, "mode": "train", "epoch": 45}
{"loss": 0.2775644361972809, "acc": 0.8967213034629822, "length": 5.0, "mode": "test", "epoch": 45}
{"loss": 0.1944774091243744, "acc": 0.9267221093177795, "length": 4.997992515563965, "mode": "train", "epoch": 46}
{"loss": 0.25076913833618164, "acc": 0.9022541046142578, "length": 5.0, "mode": "test", "epoch": 46}
{"loss": 0.1894640475511551, "acc": 0.9298957586288452, "length": 4.999675750732422, "mode": "train", "epoch": 47}
{"loss": 0.27038371562957764, "acc": 0.9038934707641602, "length": 5.0, "mode": "test", "epoch": 47}
{"loss": 0.18349209427833557, "acc": 0.9272226095199585, "length": 4.99884033203125, "mode": "train", "epoch": 48}
{"loss": 0.27469444274902344, "acc": 0.9028688669204712, "length": 5.0, "mode": "test", "epoch": 48}
{"loss": 0.17935098707675934, "acc": 0.9318774342536926, "length": 4.9994893074035645, "mode": "train", "epoch": 49}
{"loss": 0.2571929395198822, "acc": 0.9038934707641602, "length": 5.0, "mode": "test", "epoch": 49}
{"loss": 0.1767646223306656, "acc": 0.9356335401535034, "length": 4.998149394989014, "mode": "train", "epoch": 50}
{"loss": 0.26121118664741516, "acc": 0.9059426188468933, "length": 5.0, "mode": "test", "epoch": 50}
{"loss": 0.18297311663627625, "acc": 0.9319371581077576, "length": 4.998617649078369, "mode": "train", "epoch": 51}
{"loss": 0.27095356583595276, "acc": 0.90204918384552, "length": 5.0, "mode": "test", "epoch": 51}
{"loss": 0.18921075761318207, "acc": 0.9300739169120789, "length": 4.997039794921875, "mode": "train", "epoch": 52}
{"loss": 0.28082773089408875, "acc": 0.8985655903816223, "length": 5.0, "mode": "test", "epoch": 52}
{"loss": 0.19465871155261993, "acc": 0.9237990975379944, "length": 4.999577522277832, "mode": "train", "epoch": 53}
{"loss": 0.2789127230644226, "acc": 0.8993852734565735, "length": 5.0, "mode": "test", "epoch": 53}
{"loss": 0.1773039549589157, "acc": 0.9342123866081238, "length": 4.999903202056885, "mode": "train", "epoch": 54}
{"loss": 0.26486676931381226, "acc": 0.9057376980781555, "length": 5.0, "mode": "test", "epoch": 54}
{"loss": 0.16816268861293793, "acc": 0.9372829794883728, "length": 4.999508380889893, "mode": "train", "epoch": 55}
{"loss": 0.2611652612686157, "acc": 0.9055327773094177, "length": 5.0, "mode": "test", "epoch": 55}
{"loss": 0.1708676964044571, "acc": 0.9355687499046326, "length": 4.9993672370910645, "mode": "train", "epoch": 56}
{"loss": 0.27771541476249695, "acc": 0.9012295007705688, "length": 5.0, "mode": "test", "epoch": 56}
{"loss": 0.16755899786949158, "acc": 0.9361286759376526, "length": 4.9997878074646, "mode": "train", "epoch": 57}
{"loss": 0.2674739956855774, "acc": 0.90204918384552, "length": 5.0, "mode": "test", "epoch": 57}
{"loss": 0.17261569201946259, "acc": 0.9320111870765686, "length": 4.999155044555664, "mode": "train", "epoch": 58}
{"loss": 0.2453230917453766, "acc": 0.9112704992294312, "length": 5.0, "mode": "test", "epoch": 58}
{"loss": 0.16266463696956635, "acc": 0.940433144569397, "length": 4.999268054962158, "mode": "train", "epoch": 59}
{"loss": 0.2546643912792206, "acc": 0.9086065292358398, "length": 5.0, "mode": "test", "epoch": 59}
{"loss": 0.19265788793563843, "acc": 0.9365884065628052, "length": 4.9984025955200195, "mode": "train", "epoch": 60}
{"loss": 0.2799462676048279, "acc": 0.8975409865379333, "length": 5.0, "mode": "test", "epoch": 60}
{"loss": 0.20527486503124237, "acc": 0.9212069511413574, "length": 4.9999542236328125, "mode": "train", "epoch": 61}
{"loss": 0.2815861403942108, "acc": 0.8913934230804443, "length": 5.0, "mode": "test", "epoch": 61}
{"loss": 0.16930805146694183, "acc": 0.9372128844261169, "length": 4.999388217926025, "mode": "train", "epoch": 62}
{"loss": 0.27810731530189514, "acc": 0.8983606696128845, "length": 5.0, "mode": "test", "epoch": 62}
{"loss": 0.15917110443115234, "acc": 0.9428346753120422, "length": 4.999845027923584, "mode": "train", "epoch": 63}
{"loss": 0.26340195536613464, "acc": 0.9073770642280579, "length": 5.0, "mode": "test", "epoch": 63}
{"loss": 0.16662688553333282, "acc": 0.9393893480300903, "length": 4.998917102813721, "mode": "train", "epoch": 64}
{"loss": 0.25624769926071167, "acc": 0.9106557369232178, "length": 5.0, "mode": "test", "epoch": 64}
{"loss": 0.1590120941400528, "acc": 0.9421542882919312, "length": 4.999969482421875, "mode": "train", "epoch": 65}
{"loss": 0.2772800326347351, "acc": 0.9053278565406799, "length": 5.0, "mode": "test", "epoch": 65}
{"loss": 0.16770142316818237, "acc": 0.9383640289306641, "length": 4.998353958129883, "mode": "train", "epoch": 66}
{"loss": 0.2556707561016083, "acc": 0.9139344096183777, "length": 5.0, "mode": "test", "epoch": 66}
{"loss": 0.1696682721376419, "acc": 0.9384841918945312, "length": 4.998640060424805, "mode": "train", "epoch": 67}
{"loss": 0.27817949652671814, "acc": 0.9086065292358398, "length": 5.0, "mode": "test", "epoch": 67}
{"loss": 0.15866006910800934, "acc": 0.9411922693252563, "length": 4.999655246734619, "mode": "train", "epoch": 68}
{"loss": 0.25721919536590576, "acc": 0.9100409746170044, "length": 5.0, "mode": "test", "epoch": 68}
{"loss": 0.15668664872646332, "acc": 0.9454922676086426, "length": 4.999241828918457, "mode": "train", "epoch": 69}
{"loss": 0.26858991384506226, "acc": 0.9112704992294312, "length": 5.0, "mode": "test", "epoch": 69}
{"loss": 0.14543087780475616, "acc": 0.946803867816925, "length": 4.999740123748779, "mode": "train", "epoch": 70}
{"loss": 0.304274320602417, "acc": 0.8997950553894043, "length": 5.0, "mode": "test", "epoch": 70}
{"loss": 0.15618355572223663, "acc": 0.9405097961425781, "length": 4.999814510345459, "mode": "train", "epoch": 71}
{"loss": 0.2537166476249695, "acc": 0.9180327653884888, "length": 5.0, "mode": "test", "epoch": 71}
{"loss": 0.148340106010437, "acc": 0.946602463722229, "length": 4.999880313873291, "mode": "train", "epoch": 72}
{"loss": 0.26373887062072754, "acc": 0.9145491719245911, "length": 5.0, "mode": "test", "epoch": 72}
{"loss": 0.14016738533973694, "acc": 0.9485185742378235, "length": 4.999795913696289, "mode": "train", "epoch": 73}
{"loss": 0.27304360270500183, "acc": 0.9073770642280579, "length": 5.0, "mode": "test", "epoch": 73}
{"loss": 0.14578114449977875, "acc": 0.9495916366577148, "length": 4.998867034912109, "mode": "train", "epoch": 74}
{"loss": 0.2727484107017517, "acc": 0.91045081615448, "length": 5.0, "mode": "test", "epoch": 74}
{"loss": 0.14888137578964233, "acc": 0.9479038119316101, "length": 4.9998908042907715, "mode": "train", "epoch": 75}
{"loss": 0.30003970861434937, "acc": 0.903073787689209, "length": 5.0, "mode": "test", "epoch": 75}
{"loss": 0.14112022519111633, "acc": 0.9476956129074097, "length": 4.999749660491943, "mode": "train", "epoch": 76}
{"loss": 0.2686556279659271, "acc": 0.9053278565406799, "length": 5.0, "mode": "test", "epoch": 76}
{"loss": 0.13861174881458282, "acc": 0.9497500658035278, "length": 4.9998579025268555, "mode": "train", "epoch": 77}
{"loss": 0.27100086212158203, "acc": 0.9090163707733154, "length": 5.0, "mode": "test", "epoch": 77}
{"loss": 0.13733994960784912, "acc": 0.9487941265106201, "length": 4.999942779541016, "mode": "train", "epoch": 78}
{"loss": 0.29394668340682983, "acc": 0.8967213034629822, "length": 5.0, "mode": "test", "epoch": 78}
{"loss": 0.1416657418012619, "acc": 0.9470101594924927, "length": 4.99984884262085, "mode": "train", "epoch": 79}
{"loss": 0.2609134614467621, "acc": 0.909426212310791, "length": 5.0, "mode": "test", "epoch": 79}
{"loss": 0.1406375765800476, "acc": 0.9496130347251892, "length": 4.999711036682129, "mode": "train", "epoch": 80}
{"loss": 0.2712108790874481, "acc": 0.9090163707733154, "length": 5.0, "mode": "test", "epoch": 80}
{"loss": 0.13454321026802063, "acc": 0.9503685235977173, "length": 4.999948978424072, "mode": "train", "epoch": 81}
{"loss": 0.26923444867134094, "acc": 0.9071721434593201, "length": 5.0, "mode": "test", "epoch": 81}
{"loss": 0.1542399674654007, "acc": 0.9407783150672913, "length": 4.999563217163086, "mode": "train", "epoch": 82}
{"loss": 0.29518961906433105, "acc": 0.90204918384552, "length": 5.0, "mode": "test", "epoch": 82}
{"loss": 0.16341550648212433, "acc": 0.9394686818122864, "length": 4.9982991218566895, "mode": "train", "epoch": 83}
{"loss": 0.27292412519454956, "acc": 0.9026639461517334, "length": 5.0, "mode": "test", "epoch": 83}
{"loss": 0.14876091480255127, "acc": 0.946535050868988, "length": 4.999864101409912, "mode": "train", "epoch": 84}
{"loss": 0.273076593875885, "acc": 0.9129098653793335, "length": 5.0, "mode": "test", "epoch": 84}
{"loss": 0.15542346239089966, "acc": 0.9428389668464661, "length": 4.9999260902404785, "mode": "train", "epoch": 85}
{"loss": 0.29871413111686707, "acc": 0.8924180269241333, "length": 5.0, "mode": "test", "epoch": 85}
{"loss": 0.1621154546737671, "acc": 0.9405766129493713, "length": 4.999874114990234, "mode": "train", "epoch": 86}
{"loss": 0.26653122901916504, "acc": 0.9118852615356445, "length": 5.0, "mode": "test", "epoch": 86}
{"loss": 0.13940371572971344, "acc": 0.9487255215644836, "length": 4.999876499176025, "mode": "train", "epoch": 87}
{"loss": 0.26179131865501404, "acc": 0.9131147265434265, "length": 5.0, "mode": "test", "epoch": 87}
{"loss": 0.13165344297885895, "acc": 0.9516690969467163, "length": 4.999859809875488, "mode": "train", "epoch": 88}
{"loss": 0.2959184944629669, "acc": 0.9006147384643555, "length": 5.0, "mode": "test", "epoch": 88}
{"loss": 0.14653998613357544, "acc": 0.9431123733520508, "length": 4.999907970428467, "mode": "train", "epoch": 89}
{"loss": 0.2666545808315277, "acc": 0.9047130942344666, "length": 5.0, "mode": "test", "epoch": 89}
{"loss": 0.15219318866729736, "acc": 0.9424946308135986, "length": 4.9999189376831055, "mode": "train", "epoch": 90}
{"loss": 0.267570823431015, "acc": 0.9092212915420532, "length": 5.0, "mode": "test", "epoch": 90}
{"loss": 0.14555075764656067, "acc": 0.9436548948287964, "length": 4.999270915985107, "mode": "train", "epoch": 91}
{"loss": 0.2738742530345917, "acc": 0.9086065292358398, "length": 5.0, "mode": "test", "epoch": 91}
{"loss": 0.1451672464609146, "acc": 0.9474872946739197, "length": 4.999612331390381, "mode": "train", "epoch": 92}
{"loss": 0.2703286409378052, "acc": 0.903073787689209, "length": 5.0, "mode": "test", "epoch": 92}
{"loss": 0.15586435794830322, "acc": 0.9431129097938538, "length": 4.999977111816406, "mode": "train", "epoch": 93}
{"loss": 0.29200074076652527, "acc": 0.9018442630767822, "length": 5.0, "mode": "test", "epoch": 93}
{"loss": 0.17332619428634644, "acc": 0.9363298416137695, "length": 4.999194145202637, "mode": "train", "epoch": 94}
{"loss": 0.31259042024612427, "acc": 0.8950819969177246, "length": 5.0, "mode": "test", "epoch": 94}
{"loss": 0.17015276849269867, "acc": 0.9398925304412842, "length": 4.9999003410339355, "mode": "train", "epoch": 95}
{"loss": 0.2527145743370056, "acc": 0.9069672226905823, "length": 5.0, "mode": "test", "epoch": 95}
{"loss": 0.151214137673378, "acc": 0.9472188353538513, "length": 4.999847888946533, "mode": "train", "epoch": 96}
{"loss": 0.26541563868522644, "acc": 0.9096311330795288, "length": 5.0, "mode": "test", "epoch": 96}
{"loss": 0.14359349012374878, "acc": 0.9456283450126648, "length": 4.9990339279174805, "mode": "train", "epoch": 97}
{"loss": 0.2571675777435303, "acc": 0.9116803407669067, "length": 5.0, "mode": "test", "epoch": 97}
{"loss": 0.13243041932582855, "acc": 0.9516685605049133, "length": 4.999876499176025, "mode": "train", "epoch": 98}
{"loss": 0.27289626002311707, "acc": 0.911475419998169, "length": 5.0, "mode": "test", "epoch": 98}
{"loss": 0.1325540989637375, "acc": 0.9528182148933411, "length": 4.999459266662598, "mode": "train", "epoch": 99}
{"loss": 0.2612166404724121, "acc": 0.9141393303871155, "length": 5.0, "mode": "test", "epoch": 99}
{"loss": 0.13756422698497772, "acc": 0.9500924944877625, "length": 4.999908924102783, "mode": "train", "epoch": 100}
{"loss": 0.2607845664024353, "acc": 0.9100409746170044, "length": 5.0, "mode": "test", "epoch": 100}
test accuracy: 0.8535769581794739
