# ["--attributes=4", "--values=3", "--game_size=4", "--vocab_size_factor=3", "--n_epochs=100", "--batch_size=32", "--learning_rate=0.001", "--hidden_size=128", "--temp_update=0.97", "--temperature=2"]
Creating train_ds and val_ds...

Creating test_ds...
{"loss": 0.6874074339866638, "acc": 0.5395299196243286, "length": 2.9884307384490967, "mode": "train", "epoch": 1}
{"loss": 0.6208227276802063, "acc": 0.7055572271347046, "length": 3.338658094406128, "mode": "test", "epoch": 1}
{"loss": 0.5529277324676514, "acc": 0.7300810217857361, "length": 3.4679477214813232, "mode": "train", "epoch": 2}
{"loss": 0.5428773760795593, "acc": 0.7503653764724731, "length": 3.444089412689209, "mode": "test", "epoch": 2}
{"loss": 0.5040133595466614, "acc": 0.7649715542793274, "length": 3.4814398288726807, "mode": "train", "epoch": 3}
{"loss": 0.5199941992759705, "acc": 0.7611433267593384, "length": 3.6038339138031006, "mode": "test", "epoch": 3}
{"loss": 0.4677414298057556, "acc": 0.7860368490219116, "length": 3.8887364864349365, "mode": "train", "epoch": 4}
{"loss": 0.49275341629981995, "acc": 0.776133120059967, "length": 3.8498401641845703, "mode": "test", "epoch": 4}
{"loss": 0.4174484610557556, "acc": 0.8199821710586548, "length": 4.349987506866455, "mode": "train", "epoch": 5}
{"loss": 0.4333309829235077, "acc": 0.8080848455429077, "length": 4.5974440574646, "mode": "test", "epoch": 5}
{"loss": 0.37661728262901306, "acc": 0.8358166217803955, "length": 4.631498336791992, "mode": "train", "epoch": 6}
{"loss": 0.466097354888916, "acc": 0.8042320013046265, "length": 4.934504985809326, "mode": "test", "epoch": 6}
{"loss": 0.3584132790565491, "acc": 0.8426567912101746, "length": 4.725149154663086, "mode": "train", "epoch": 7}
{"loss": 0.4285937249660492, "acc": 0.8261281251907349, "length": 4.976038455963135, "mode": "test", "epoch": 7}
{"loss": 0.3369700014591217, "acc": 0.8593812584877014, "length": 4.748768329620361, "mode": "train", "epoch": 8}
{"loss": 0.3954009711742401, "acc": 0.8442927598953247, "length": 4.972843647003174, "mode": "test", "epoch": 8}
{"loss": 0.32086628675460815, "acc": 0.8682255148887634, "length": 4.855715751647949, "mode": "train", "epoch": 9}
{"loss": 0.3805673122406006, "acc": 0.8396564722061157, "length": 5.0, "mode": "test", "epoch": 9}
{"loss": 0.3155224919319153, "acc": 0.8720270395278931, "length": 4.881763935089111, "mode": "train", "epoch": 10}
{"loss": 0.37808799743652344, "acc": 0.8430511355400085, "length": 5.0, "mode": "test", "epoch": 10}
{"loss": 0.3052111566066742, "acc": 0.8762388229370117, "length": 4.926309585571289, "mode": "train", "epoch": 11}
{"loss": 0.35941028594970703, "acc": 0.8548322916030884, "length": 5.0, "mode": "test", "epoch": 11}
{"loss": 0.29814934730529785, "acc": 0.8772884607315063, "length": 4.952677249908447, "mode": "train", "epoch": 12}
{"loss": 0.39679133892059326, "acc": 0.8342650532722473, "length": 5.0, "mode": "test", "epoch": 12}
{"loss": 0.2924816906452179, "acc": 0.8808306455612183, "length": 4.970222473144531, "mode": "train", "epoch": 13}
{"loss": 0.3756813108921051, "acc": 0.8562299609184265, "length": 5.0, "mode": "test", "epoch": 13}
{"loss": 0.28913530707359314, "acc": 0.8824611306190491, "length": 4.974869251251221, "mode": "train", "epoch": 14}
{"loss": 0.3747158348560333, "acc": 0.8444488048553467, "length": 5.0, "mode": "test", "epoch": 14}
{"loss": 0.27674683928489685, "acc": 0.8848289251327515, "length": 4.981866359710693, "mode": "train", "epoch": 15}
{"loss": 0.3629307746887207, "acc": 0.850239634513855, "length": 5.0, "mode": "test", "epoch": 15}
{"loss": 0.2759966552257538, "acc": 0.885879397392273, "length": 4.989652156829834, "mode": "train", "epoch": 16}
{"loss": 0.3454582095146179, "acc": 0.8632189631462097, "length": 5.0, "mode": "test", "epoch": 16}
{"loss": 0.26360979676246643, "acc": 0.8854086995124817, "length": 4.989329814910889, "mode": "train", "epoch": 17}
{"loss": 0.3504802882671356, "acc": 0.8550320267677307, "length": 5.0, "mode": "test", "epoch": 17}
{"loss": 0.2565203607082367, "acc": 0.8891680836677551, "length": 4.992869853973389, "mode": "train", "epoch": 18}
{"loss": 0.33809730410575867, "acc": 0.8606230020523071, "length": 5.0, "mode": "test", "epoch": 18}
{"loss": 0.25394853949546814, "acc": 0.8925034999847412, "length": 4.994439125061035, "mode": "train", "epoch": 19}
{"loss": 0.3507095277309418, "acc": 0.8606228828430176, "length": 5.0, "mode": "test", "epoch": 19}
{"loss": 0.2454703003168106, "acc": 0.8949267864227295, "length": 4.994197845458984, "mode": "train", "epoch": 20}
{"loss": 0.3408791720867157, "acc": 0.8652157783508301, "length": 5.0, "mode": "test", "epoch": 20}
{"loss": 0.24376201629638672, "acc": 0.8956499099731445, "length": 4.995889663696289, "mode": "train", "epoch": 21}
{"loss": 0.3462613523006439, "acc": 0.855231523513794, "length": 5.0, "mode": "test", "epoch": 21}
{"loss": 0.2450600415468216, "acc": 0.8969311714172363, "length": 4.996304988861084, "mode": "train", "epoch": 22}
{"loss": 0.33692294359207153, "acc": 0.8740015029907227, "length": 5.0, "mode": "test", "epoch": 22}
{"loss": 0.23588183522224426, "acc": 0.900000810623169, "length": 4.997948169708252, "mode": "train", "epoch": 23}
{"loss": 0.34071114659309387, "acc": 0.8654154539108276, "length": 5.0, "mode": "test", "epoch": 23}
{"loss": 0.2378980666399002, "acc": 0.8982083797454834, "length": 4.998325347900391, "mode": "train", "epoch": 24}
{"loss": 0.32706114649772644, "acc": 0.8712060451507568, "length": 5.0, "mode": "test", "epoch": 24}
{"loss": 0.23033612966537476, "acc": 0.9024592638015747, "length": 4.997081756591797, "mode": "train", "epoch": 25}
{"loss": 0.34138956665992737, "acc": 0.8692092895507812, "length": 5.0, "mode": "test", "epoch": 25}
{"loss": 0.23188091814517975, "acc": 0.9026734828948975, "length": 4.997805118560791, "mode": "train", "epoch": 26}
{"loss": 0.32941576838493347, "acc": 0.8704074621200562, "length": 5.0, "mode": "test", "epoch": 26}
{"loss": 0.2257622927427292, "acc": 0.9043425917625427, "length": 4.9980692863464355, "mode": "train", "epoch": 27}
{"loss": 0.344308078289032, "acc": 0.8801918029785156, "length": 5.0, "mode": "test", "epoch": 27}
{"loss": 0.21558190882205963, "acc": 0.9092113971710205, "length": 4.998551368713379, "mode": "train", "epoch": 28}
{"loss": 0.3366842567920685, "acc": 0.8823882937431335, "length": 5.0, "mode": "test", "epoch": 28}
{"loss": 0.21357136964797974, "acc": 0.9100820422172546, "length": 4.999508380889893, "mode": "train", "epoch": 29}
{"loss": 0.34603962302207947, "acc": 0.8606230020523071, "length": 5.0, "mode": "test", "epoch": 29}
{"loss": 0.2149353176355362, "acc": 0.9100165367126465, "length": 4.999676704406738, "mode": "train", "epoch": 30}
{"loss": 0.34176310896873474, "acc": 0.8753994703292847, "length": 5.0, "mode": "test", "epoch": 30}
{"loss": 0.21513427793979645, "acc": 0.9122850298881531, "length": 4.99940299987793, "mode": "train", "epoch": 31}
{"loss": 0.32717570662498474, "acc": 0.8783945441246033, "length": 5.0, "mode": "test", "epoch": 31}
{"loss": 0.21610906720161438, "acc": 0.9100834727287292, "length": 4.999560356140137, "mode": "train", "epoch": 32}
{"loss": 0.31489741802215576, "acc": 0.8807907104492188, "length": 5.0, "mode": "test", "epoch": 32}
{"loss": 0.2083733081817627, "acc": 0.9132828116416931, "length": 4.998802185058594, "mode": "train", "epoch": 33}
{"loss": 0.32286950945854187, "acc": 0.8793929815292358, "length": 5.0, "mode": "test", "epoch": 33}
{"loss": 0.20451144874095917, "acc": 0.9173548221588135, "length": 4.999765396118164, "mode": "train", "epoch": 34}
{"loss": 0.32450899481773376, "acc": 0.8879793286323547, "length": 5.0, "mode": "test", "epoch": 34}
{"loss": 0.19530965387821198, "acc": 0.9212241768836975, "length": 4.9998555183410645, "mode": "train", "epoch": 35}
{"loss": 0.3110487461090088, "acc": 0.8889775276184082, "length": 5.0, "mode": "test", "epoch": 35}
{"loss": 0.19126582145690918, "acc": 0.9240711331367493, "length": 4.999026775360107, "mode": "train", "epoch": 36}
{"loss": 0.318057119846344, "acc": 0.8869809508323669, "length": 5.0, "mode": "test", "epoch": 36}
{"loss": 0.19425764679908752, "acc": 0.924953281879425, "length": 4.999270915985107, "mode": "train", "epoch": 37}
{"loss": 0.3182835876941681, "acc": 0.8835861682891846, "length": 5.0, "mode": "test", "epoch": 37}
{"loss": 0.19190281629562378, "acc": 0.9239410758018494, "length": 4.999199867248535, "mode": "train", "epoch": 38}
{"loss": 0.28621605038642883, "acc": 0.8911740183830261, "length": 5.0, "mode": "test", "epoch": 38}
{"loss": 0.1771041303873062, "acc": 0.9314960837364197, "length": 4.99994421005249, "mode": "train", "epoch": 39}
{"loss": 0.28403255343437195, "acc": 0.9027554988861084, "length": 5.0, "mode": "test", "epoch": 39}
{"loss": 0.17029112577438354, "acc": 0.9316954016685486, "length": 4.999774932861328, "mode": "train", "epoch": 40}
{"loss": 0.2868569791316986, "acc": 0.8911741375923157, "length": 5.0, "mode": "test", "epoch": 40}
{"loss": 0.165902778506279, "acc": 0.9368956685066223, "length": 4.99957799911499, "mode": "train", "epoch": 41}
{"loss": 0.28874149918556213, "acc": 0.8999600410461426, "length": 5.0, "mode": "test", "epoch": 41}
{"loss": 0.16247215867042542, "acc": 0.9360322952270508, "length": 4.9999823570251465, "mode": "train", "epoch": 42}
{"loss": 0.2956443727016449, "acc": 0.8927714824676514, "length": 5.0, "mode": "test", "epoch": 42}
{"loss": 0.1638319194316864, "acc": 0.9389005303382874, "length": 4.99998664855957, "mode": "train", "epoch": 43}
{"loss": 0.3046511113643646, "acc": 0.8973641991615295, "length": 5.0, "mode": "test", "epoch": 43}
{"loss": 0.160264790058136, "acc": 0.9393654465675354, "length": 4.999794006347656, "mode": "train", "epoch": 44}
{"loss": 0.2703326642513275, "acc": 0.9051517844200134, "length": 5.0, "mode": "test", "epoch": 44}
{"loss": 0.16485828161239624, "acc": 0.9350317120552063, "length": 4.999971389770508, "mode": "train", "epoch": 45}
{"loss": 0.3019655644893646, "acc": 0.8995606899261475, "length": 5.0, "mode": "test", "epoch": 45}
{"loss": 0.16451188921928406, "acc": 0.936164915561676, "length": 4.999945163726807, "mode": "train", "epoch": 46}
{"loss": 0.3040124773979187, "acc": 0.8949680328369141, "length": 5.0, "mode": "test", "epoch": 46}
{"loss": 0.1716562658548355, "acc": 0.9364917278289795, "length": 4.999403476715088, "mode": "train", "epoch": 47}
{"loss": 0.326442152261734, "acc": 0.8927714824676514, "length": 5.0, "mode": "test", "epoch": 47}
{"loss": 0.1863795965909958, "acc": 0.9320301413536072, "length": 4.999979496002197, "mode": "train", "epoch": 48}
{"loss": 0.2996978163719177, "acc": 0.8887778520584106, "length": 5.0, "mode": "test", "epoch": 48}
{"loss": 0.18753410875797272, "acc": 0.925360381603241, "length": 4.999964714050293, "mode": "train", "epoch": 49}
{"loss": 0.29402220249176025, "acc": 0.8987619876861572, "length": 5.0, "mode": "test", "epoch": 49}
{"loss": 0.1725863814353943, "acc": 0.932897686958313, "length": 4.999960899353027, "mode": "train", "epoch": 50}
{"loss": 0.33570003509521484, "acc": 0.8855830430984497, "length": 5.0, "mode": "test", "epoch": 50}
{"loss": 0.1825498640537262, "acc": 0.9291562438011169, "length": 4.999662399291992, "mode": "train", "epoch": 51}
{"loss": 0.30478164553642273, "acc": 0.894568681716919, "length": 5.0, "mode": "test", "epoch": 51}
{"loss": 0.20449261367321014, "acc": 0.9192856550216675, "length": 4.99932336807251, "mode": "train", "epoch": 52}
{"loss": 0.3121919631958008, "acc": 0.8941693305969238, "length": 5.0, "mode": "test", "epoch": 52}
{"loss": 0.1840173751115799, "acc": 0.9283481240272522, "length": 4.999374866485596, "mode": "train", "epoch": 53}
{"loss": 0.2827070653438568, "acc": 0.8985623121261597, "length": 5.0, "mode": "test", "epoch": 53}
{"loss": 0.16758248209953308, "acc": 0.9339644908905029, "length": 4.999598979949951, "mode": "train", "epoch": 54}
{"loss": 0.3008553087711334, "acc": 0.8957667946815491, "length": 5.0, "mode": "test", "epoch": 54}
{"loss": 0.16259418427944183, "acc": 0.9365019202232361, "length": 4.999834060668945, "mode": "train", "epoch": 55}
{"loss": 0.309463232755661, "acc": 0.8967652916908264, "length": 5.0, "mode": "test", "epoch": 55}
{"loss": 0.17812423408031464, "acc": 0.9297621250152588, "length": 4.999948978424072, "mode": "train", "epoch": 56}
{"loss": 0.3179051876068115, "acc": 0.8909744620323181, "length": 5.0, "mode": "test", "epoch": 56}
{"loss": 0.15445560216903687, "acc": 0.9387620091438293, "length": 4.999399662017822, "mode": "train", "epoch": 57}
{"loss": 0.31522202491760254, "acc": 0.8943691253662109, "length": 5.0, "mode": "test", "epoch": 57}
{"loss": 0.14629098773002625, "acc": 0.9455662369728088, "length": 4.999539375305176, "mode": "train", "epoch": 58}
{"loss": 0.3051616847515106, "acc": 0.8975638747215271, "length": 5.0, "mode": "test", "epoch": 58}
{"loss": 0.14797621965408325, "acc": 0.9437031745910645, "length": 4.999988555908203, "mode": "train", "epoch": 59}
{"loss": 0.3025178909301758, "acc": 0.8947682976722717, "length": 5.0, "mode": "test", "epoch": 59}
{"loss": 0.14698928594589233, "acc": 0.9435692429542542, "length": 4.99995756149292, "mode": "train", "epoch": 60}
{"loss": 0.303387850522995, "acc": 0.9023563265800476, "length": 5.0, "mode": "test", "epoch": 60}
{"loss": 0.14669044315814972, "acc": 0.9459043741226196, "length": 4.999970436096191, "mode": "train", "epoch": 61}
{"loss": 0.313009113073349, "acc": 0.8897764682769775, "length": 5.0, "mode": "test", "epoch": 61}
{"loss": 0.15351349115371704, "acc": 0.9404347538948059, "length": 4.999990463256836, "mode": "train", "epoch": 62}
{"loss": 0.3066006898880005, "acc": 0.8945688009262085, "length": 5.0, "mode": "test", "epoch": 62}
{"loss": 0.13901658356189728, "acc": 0.9456377029418945, "length": 4.999996185302734, "mode": "train", "epoch": 63}
{"loss": 0.3199743926525116, "acc": 0.8975638747215271, "length": 5.0, "mode": "test", "epoch": 63}
{"loss": 0.13183045387268066, "acc": 0.9501066207885742, "length": 4.9999895095825195, "mode": "train", "epoch": 64}
{"loss": 0.28640952706336975, "acc": 0.9049520492553711, "length": 5.0, "mode": "test", "epoch": 64}
{"loss": 0.13566389679908752, "acc": 0.947704553604126, "length": 4.999949932098389, "mode": "train", "epoch": 65}
{"loss": 0.3130391538143158, "acc": 0.9001596570014954, "length": 5.0, "mode": "test", "epoch": 65}
{"loss": 0.13712690770626068, "acc": 0.9504400491714478, "length": 4.99998664855957, "mode": "train", "epoch": 66}
{"loss": 0.3051393926143646, "acc": 0.902755618095398, "length": 5.0, "mode": "test", "epoch": 66}
{"loss": 0.1356126368045807, "acc": 0.9493057131767273, "length": 4.999965667724609, "mode": "train", "epoch": 67}
{"loss": 0.278269499540329, "acc": 0.9073482155799866, "length": 5.0, "mode": "test", "epoch": 67}
{"loss": 0.12692388892173767, "acc": 0.9539053440093994, "length": 4.999785423278809, "mode": "train", "epoch": 68}
{"loss": 0.2975497841835022, "acc": 0.9015575051307678, "length": 5.0, "mode": "test", "epoch": 68}
{"loss": 0.13388827443122864, "acc": 0.9489016532897949, "length": 4.999794006347656, "mode": "train", "epoch": 69}
{"loss": 0.2878987491130829, "acc": 0.907947301864624, "length": 5.0, "mode": "test", "epoch": 69}
{"loss": 0.1292695552110672, "acc": 0.9527732729911804, "length": 4.999875545501709, "mode": "train", "epoch": 70}
{"loss": 0.29682037234306335, "acc": 0.9095447063446045, "length": 5.0, "mode": "test", "epoch": 70}
{"loss": 0.12241179496049881, "acc": 0.9570433497428894, "length": 4.999979019165039, "mode": "train", "epoch": 71}
{"loss": 0.2813970446586609, "acc": 0.91194087266922, "length": 5.0, "mode": "test", "epoch": 71}
{"loss": 0.12339221686124802, "acc": 0.9561765193939209, "length": 4.999998569488525, "mode": "train", "epoch": 72}
{"loss": 0.29583999514579773, "acc": 0.9137380123138428, "length": 5.0, "mode": "test", "epoch": 72}
{"loss": 0.12810060381889343, "acc": 0.9511070251464844, "length": 4.999984264373779, "mode": "train", "epoch": 73}
{"loss": 0.2948300838470459, "acc": 0.906948983669281, "length": 5.0, "mode": "test", "epoch": 73}
{"loss": 0.14504344761371613, "acc": 0.9466242790222168, "length": 4.999482154846191, "mode": "train", "epoch": 74}
{"loss": 0.3031294047832489, "acc": 0.9049521684646606, "length": 5.0, "mode": "test", "epoch": 74}
{"loss": 0.16716055572032928, "acc": 0.9369663596153259, "length": 4.999999523162842, "mode": "train", "epoch": 75}
{"loss": 0.3048887848854065, "acc": 0.8979633450508118, "length": 5.0, "mode": "test", "epoch": 75}
{"loss": 0.15648187696933746, "acc": 0.941301703453064, "length": 4.9999799728393555, "mode": "train", "epoch": 76}
{"loss": 0.3074471354484558, "acc": 0.9067491888999939, "length": 5.0, "mode": "test", "epoch": 76}
{"loss": 0.14765028655529022, "acc": 0.9459710717201233, "length": 4.999989986419678, "mode": "train", "epoch": 77}
{"loss": 0.2807560861110687, "acc": 0.8981629610061646, "length": 5.0, "mode": "test", "epoch": 77}
{"loss": 0.14209692180156708, "acc": 0.9467048645019531, "length": 4.99999475479126, "mode": "train", "epoch": 78}
{"loss": 0.291807621717453, "acc": 0.9071486592292786, "length": 5.0, "mode": "test", "epoch": 78}
{"loss": 0.15098190307617188, "acc": 0.9426359534263611, "length": 4.999993324279785, "mode": "train", "epoch": 79}
{"loss": 0.3077276051044464, "acc": 0.9015575051307678, "length": 5.0, "mode": "test", "epoch": 79}
{"loss": 0.14818041026592255, "acc": 0.9467716217041016, "length": 4.999993801116943, "mode": "train", "epoch": 80}
{"loss": 0.27986475825309753, "acc": 0.9081469774246216, "length": 5.0, "mode": "test", "epoch": 80}
{"loss": 0.12574738264083862, "acc": 0.9532414674758911, "length": 4.99997615814209, "mode": "train", "epoch": 81}
{"loss": 0.25383803248405457, "acc": 0.9165335297584534, "length": 5.0, "mode": "test", "epoch": 81}
{"loss": 0.12223249673843384, "acc": 0.9553637504577637, "length": 4.999589443206787, "mode": "train", "epoch": 82}
{"loss": 0.2667408883571625, "acc": 0.9177316427230835, "length": 5.0, "mode": "test", "epoch": 82}
{"loss": 0.11655247211456299, "acc": 0.9589781761169434, "length": 4.999999046325684, "mode": "train", "epoch": 83}
{"loss": 0.26965653896331787, "acc": 0.9167332053184509, "length": 5.0, "mode": "test", "epoch": 83}
{"loss": 0.11300581693649292, "acc": 0.9608331322669983, "length": 4.999635219573975, "mode": "train", "epoch": 84}
{"loss": 0.2813430726528168, "acc": 0.9143370389938354, "length": 5.0, "mode": "test", "epoch": 84}
{"loss": 0.11370565742254257, "acc": 0.9591108560562134, "length": 4.999913692474365, "mode": "train", "epoch": 85}
{"loss": 0.2785765826702118, "acc": 0.9143370389938354, "length": 5.0, "mode": "test", "epoch": 85}
{"loss": 0.11698925495147705, "acc": 0.960444986820221, "length": 4.999968528747559, "mode": "train", "epoch": 86}
{"loss": 0.2711215317249298, "acc": 0.91194087266922, "length": 5.0, "mode": "test", "epoch": 86}
{"loss": 0.11917055398225784, "acc": 0.9565766453742981, "length": 4.999993324279785, "mode": "train", "epoch": 87}
{"loss": 0.27825573086738586, "acc": 0.9105431437492371, "length": 5.0, "mode": "test", "epoch": 87}
{"loss": 0.11492904275655746, "acc": 0.9582197070121765, "length": 4.999147415161133, "mode": "train", "epoch": 88}
{"loss": 0.2726389765739441, "acc": 0.91194087266922, "length": 5.0, "mode": "test", "epoch": 88}
{"loss": 0.11225035041570663, "acc": 0.958977997303009, "length": 4.99998140335083, "mode": "train", "epoch": 89}
{"loss": 0.2522861063480377, "acc": 0.9147364497184753, "length": 5.0, "mode": "test", "epoch": 89}
{"loss": 0.14950506389141083, "acc": 0.9449698328971863, "length": 4.999940395355225, "mode": "train", "epoch": 90}
{"loss": 0.3053090274333954, "acc": 0.8953673839569092, "length": 5.0, "mode": "test", "epoch": 90}
{"loss": 0.13541844487190247, "acc": 0.9489724040031433, "length": 4.999966144561768, "mode": "train", "epoch": 91}
{"loss": 0.2811298966407776, "acc": 0.9091453552246094, "length": 5.0, "mode": "test", "epoch": 91}
{"loss": 0.13421490788459778, "acc": 0.9494345784187317, "length": 4.999789237976074, "mode": "train", "epoch": 92}
{"loss": 0.28440237045288086, "acc": 0.9117411375045776, "length": 5.0, "mode": "test", "epoch": 92}
{"loss": 0.11575386673212051, "acc": 0.9587643146514893, "length": 4.999600887298584, "mode": "train", "epoch": 93}
{"loss": 0.2894175946712494, "acc": 0.9077476859092712, "length": 5.0, "mode": "test", "epoch": 93}
{"loss": 0.1119437888264656, "acc": 0.9585778713226318, "length": 4.999995231628418, "mode": "train", "epoch": 94}
{"loss": 0.26803112030029297, "acc": 0.9137380123138428, "length": 5.0, "mode": "test", "epoch": 94}
{"loss": 0.10308888554573059, "acc": 0.9619128704071045, "length": 4.999993324279785, "mode": "train", "epoch": 95}
{"loss": 0.2767666280269623, "acc": 0.9173323512077332, "length": 5.0, "mode": "test", "epoch": 95}
{"loss": 0.10985075682401657, "acc": 0.9599112272262573, "length": 4.999978065490723, "mode": "train", "epoch": 96}
{"loss": 0.2640412151813507, "acc": 0.9195288419723511, "length": 5.0, "mode": "test", "epoch": 96}
{"loss": 0.12377511709928513, "acc": 0.9560418128967285, "length": 4.999799728393555, "mode": "train", "epoch": 97}
{"loss": 0.28601112961769104, "acc": 0.9133387804031372, "length": 5.0, "mode": "test", "epoch": 97}
{"loss": 0.1175675243139267, "acc": 0.9589771032333374, "length": 4.999952793121338, "mode": "train", "epoch": 98}
{"loss": 0.2903776466846466, "acc": 0.9093450307846069, "length": 5.0, "mode": "test", "epoch": 98}
{"loss": 0.11624288558959961, "acc": 0.9593769311904907, "length": 4.999954700469971, "mode": "train", "epoch": 99}
{"loss": 0.31443339586257935, "acc": 0.9023561477661133, "length": 5.0, "mode": "test", "epoch": 99}
{"loss": 0.12150157988071442, "acc": 0.9571090936660767, "length": 4.999917507171631, "mode": "train", "epoch": 100}
{"loss": 0.31116023659706116, "acc": 0.9087460041046143, "length": 5.0, "mode": "test", "epoch": 100}
test accuracy: 0.8511800169944763
