# ["--attributes=4", "--values=3", "--game_size=4", "--vocab_size_factor=3", "--n_epochs=100", "--batch_size=32", "--learning_rate=0.001", "--hidden_size=128", "--temp_update=0.99", "--temperature=1"]
Creating train_ds and val_ds...

Creating test_ds...
{"loss": 0.672548234462738, "acc": 0.565188467502594, "length": 3.9909942150115967, "mode": "train", "epoch": 1}
{"loss": 0.6332933306694031, "acc": 0.657056450843811, "length": 5.0, "mode": "test", "epoch": 1}
{"loss": 0.5638734698295593, "acc": 0.7092388868331909, "length": 4.794424533843994, "mode": "train", "epoch": 2}
{"loss": 0.5181260704994202, "acc": 0.7727822065353394, "length": 5.0, "mode": "test", "epoch": 2}
{"loss": 0.46023499965667725, "acc": 0.7945219874382019, "length": 4.947076320648193, "mode": "train", "epoch": 3}
{"loss": 0.4621126353740692, "acc": 0.7848789691925049, "length": 5.0, "mode": "test", "epoch": 3}
{"loss": 0.40300700068473816, "acc": 0.81516432762146, "length": 4.975894451141357, "mode": "train", "epoch": 4}
{"loss": 0.42922043800354004, "acc": 0.8032259345054626, "length": 5.0, "mode": "test", "epoch": 4}
{"loss": 0.3721272945404053, "acc": 0.8334695100784302, "length": 4.9824910163879395, "mode": "train", "epoch": 5}
{"loss": 0.3875758647918701, "acc": 0.8249999284744263, "length": 5.0, "mode": "test", "epoch": 5}
{"loss": 0.340373158454895, "acc": 0.8539391160011292, "length": 4.99041223526001, "mode": "train", "epoch": 6}
{"loss": 0.35761162638664246, "acc": 0.8481854796409607, "length": 5.0, "mode": "test", "epoch": 6}
{"loss": 0.31721562147140503, "acc": 0.8649728298187256, "length": 4.992796421051025, "mode": "train", "epoch": 7}
{"loss": 0.3574647009372711, "acc": 0.850806474685669, "length": 5.0, "mode": "test", "epoch": 7}
{"loss": 0.2970365583896637, "acc": 0.8768463730812073, "length": 4.996799468994141, "mode": "train", "epoch": 8}
{"loss": 0.34036529064178467, "acc": 0.8610886335372925, "length": 5.0, "mode": "test", "epoch": 8}
{"loss": 0.2789832353591919, "acc": 0.8845365047454834, "length": 4.997849464416504, "mode": "train", "epoch": 9}
{"loss": 0.3252311050891876, "acc": 0.8679434657096863, "length": 5.0, "mode": "test", "epoch": 9}
{"loss": 0.26247674226760864, "acc": 0.8903934359550476, "length": 4.998002529144287, "mode": "train", "epoch": 10}
{"loss": 0.3214942216873169, "acc": 0.8689517378807068, "length": 5.0, "mode": "test", "epoch": 10}
{"loss": 0.257278710603714, "acc": 0.893435001373291, "length": 4.998432636260986, "mode": "train", "epoch": 11}
{"loss": 0.3188636004924774, "acc": 0.8709678649902344, "length": 5.0, "mode": "test", "epoch": 11}
{"loss": 0.24545714259147644, "acc": 0.8999695181846619, "length": 4.998754024505615, "mode": "train", "epoch": 12}
{"loss": 0.30546852946281433, "acc": 0.8814516067504883, "length": 5.0, "mode": "test", "epoch": 12}
{"loss": 0.23298396170139313, "acc": 0.9058837890625, "length": 4.9985857009887695, "mode": "train", "epoch": 13}
{"loss": 0.297149658203125, "acc": 0.8877016305923462, "length": 5.0, "mode": "test", "epoch": 13}
{"loss": 0.2252178192138672, "acc": 0.9087033271789551, "length": 4.998137950897217, "mode": "train", "epoch": 14}
{"loss": 0.30315062403678894, "acc": 0.8838709592819214, "length": 5.0, "mode": "test", "epoch": 14}
{"loss": 0.21396377682685852, "acc": 0.9157916307449341, "length": 4.998819351196289, "mode": "train", "epoch": 15}
{"loss": 0.3005690574645996, "acc": 0.8860886096954346, "length": 5.0, "mode": "test", "epoch": 15}
{"loss": 0.21896608173847198, "acc": 0.9132452607154846, "length": 4.999552249908447, "mode": "train", "epoch": 16}
{"loss": 0.298103928565979, "acc": 0.8862903118133545, "length": 5.0, "mode": "test", "epoch": 16}
{"loss": 0.20899613201618195, "acc": 0.9187702536582947, "length": 4.999608516693115, "mode": "train", "epoch": 17}
{"loss": 0.28470513224601746, "acc": 0.8911290168762207, "length": 5.0, "mode": "test", "epoch": 17}
{"loss": 0.20014268159866333, "acc": 0.9228662252426147, "length": 4.999131679534912, "mode": "train", "epoch": 18}
{"loss": 0.2706594467163086, "acc": 0.8977822661399841, "length": 5.0, "mode": "test", "epoch": 18}
{"loss": 0.19570940732955933, "acc": 0.922268271446228, "length": 4.998988151550293, "mode": "train", "epoch": 19}
{"loss": 0.28527119755744934, "acc": 0.8919355869293213, "length": 5.0, "mode": "test", "epoch": 19}
{"loss": 0.18978014588356018, "acc": 0.9231434464454651, "length": 4.999238967895508, "mode": "train", "epoch": 20}
{"loss": 0.2751346528530121, "acc": 0.8967742919921875, "length": 5.0, "mode": "test", "epoch": 20}
{"loss": 0.186000794172287, "acc": 0.9240924119949341, "length": 4.99955940246582, "mode": "train", "epoch": 21}
{"loss": 0.2630362808704376, "acc": 0.899193525314331, "length": 5.0, "mode": "test", "epoch": 21}
{"loss": 0.1802031695842743, "acc": 0.9282016754150391, "length": 4.999600410461426, "mode": "train", "epoch": 22}
{"loss": 0.2842444181442261, "acc": 0.8969759345054626, "length": 5.0, "mode": "test", "epoch": 22}
{"loss": 0.18050259351730347, "acc": 0.9288744330406189, "length": 4.999762058258057, "mode": "train", "epoch": 23}
{"loss": 0.2616111636161804, "acc": 0.9008063673973083, "length": 5.0, "mode": "test", "epoch": 23}
{"loss": 0.1696203052997589, "acc": 0.9339269995689392, "length": 4.999825477600098, "mode": "train", "epoch": 24}
{"loss": 0.25789886713027954, "acc": 0.9016128778457642, "length": 5.0, "mode": "test", "epoch": 24}
{"loss": 0.16874092817306519, "acc": 0.9366214275360107, "length": 4.999810218811035, "mode": "train", "epoch": 25}
{"loss": 0.2629912495613098, "acc": 0.9022177457809448, "length": 5.0, "mode": "test", "epoch": 25}
{"loss": 0.16846062242984772, "acc": 0.9346675872802734, "length": 4.9998321533203125, "mode": "train", "epoch": 26}
{"loss": 0.26177987456321716, "acc": 0.9028224945068359, "length": 5.0, "mode": "test", "epoch": 26}
{"loss": 0.17878945171833038, "acc": 0.9321728944778442, "length": 4.999542713165283, "mode": "train", "epoch": 27}
{"loss": 0.28320610523223877, "acc": 0.8929436206817627, "length": 5.0, "mode": "test", "epoch": 27}
{"loss": 0.1651858240365982, "acc": 0.9343856573104858, "length": 4.999320030212402, "mode": "train", "epoch": 28}
{"loss": 0.25352415442466736, "acc": 0.9070565700531006, "length": 5.0, "mode": "test", "epoch": 28}
{"loss": 0.15074177086353302, "acc": 0.9419435858726501, "length": 4.9999308586120605, "mode": "train", "epoch": 29}
{"loss": 0.25709596276283264, "acc": 0.9056450724601746, "length": 5.0, "mode": "test", "epoch": 29}
{"loss": 0.14836296439170837, "acc": 0.9428852796554565, "length": 4.999871253967285, "mode": "train", "epoch": 30}
{"loss": 0.26719585061073303, "acc": 0.9020160436630249, "length": 5.0, "mode": "test", "epoch": 30}
{"loss": 0.1511744260787964, "acc": 0.9416708946228027, "length": 4.999708652496338, "mode": "train", "epoch": 31}
{"loss": 0.2625266909599304, "acc": 0.908266007900238, "length": 5.0, "mode": "test", "epoch": 31}
{"loss": 0.1451953947544098, "acc": 0.9438968896865845, "length": 4.999908924102783, "mode": "train", "epoch": 32}
{"loss": 0.27062737941741943, "acc": 0.9008065462112427, "length": 5.0, "mode": "test", "epoch": 32}
{"loss": 0.14853249490261078, "acc": 0.9437520503997803, "length": 4.998925685882568, "mode": "train", "epoch": 33}
{"loss": 0.24033533036708832, "acc": 0.9078629016876221, "length": 5.0, "mode": "test", "epoch": 33}
{"loss": 0.14522753655910492, "acc": 0.9449074864387512, "length": 4.999932765960693, "mode": "train", "epoch": 34}
{"loss": 0.25124216079711914, "acc": 0.9100806713104248, "length": 5.0, "mode": "test", "epoch": 34}
{"loss": 0.14506976306438446, "acc": 0.9445032477378845, "length": 4.999948501586914, "mode": "train", "epoch": 35}
{"loss": 0.27323365211486816, "acc": 0.8961694240570068, "length": 5.0, "mode": "test", "epoch": 35}
{"loss": 0.14730608463287354, "acc": 0.9449697136878967, "length": 4.999480247497559, "mode": "train", "epoch": 36}
{"loss": 0.24937954545021057, "acc": 0.907056450843811, "length": 5.0, "mode": "test", "epoch": 36}
{"loss": 0.1578321009874344, "acc": 0.94024258852005, "length": 4.9994611740112305, "mode": "train", "epoch": 37}
{"loss": 0.2550833523273468, "acc": 0.9028225541114807, "length": 5.0, "mode": "test", "epoch": 37}
{"loss": 0.16426552832126617, "acc": 0.9402473568916321, "length": 4.999745845794678, "mode": "train", "epoch": 38}
{"loss": 0.25609666109085083, "acc": 0.9074596762657166, "length": 5.0, "mode": "test", "epoch": 38}
{"loss": 0.14073671400547028, "acc": 0.9475976824760437, "length": 4.999439716339111, "mode": "train", "epoch": 39}
{"loss": 0.24358904361724854, "acc": 0.9096774458885193, "length": 5.0, "mode": "test", "epoch": 39}
{"loss": 0.1432383805513382, "acc": 0.9428170323371887, "length": 4.999804496765137, "mode": "train", "epoch": 40}
{"loss": 0.26804032921791077, "acc": 0.8983871936798096, "length": 5.0, "mode": "test", "epoch": 40}
{"loss": 0.1452798843383789, "acc": 0.9440970420837402, "length": 4.999854564666748, "mode": "train", "epoch": 41}
{"loss": 0.28636306524276733, "acc": 0.8963708877563477, "length": 5.0, "mode": "test", "epoch": 41}
{"loss": 0.14497119188308716, "acc": 0.9442301392555237, "length": 4.999838829040527, "mode": "train", "epoch": 42}
{"loss": 0.25381141901016235, "acc": 0.9074597954750061, "length": 5.0, "mode": "test", "epoch": 42}
{"loss": 0.14573122560977936, "acc": 0.9455776810646057, "length": 4.999685287475586, "mode": "train", "epoch": 43}
{"loss": 0.2509949505329132, "acc": 0.9100806713104248, "length": 5.0, "mode": "test", "epoch": 43}
{"loss": 0.13157685101032257, "acc": 0.9502896666526794, "length": 4.999807834625244, "mode": "train", "epoch": 44}
{"loss": 0.27291539311408997, "acc": 0.9052419066429138, "length": 5.0, "mode": "test", "epoch": 44}
{"loss": 0.14648374915122986, "acc": 0.945298433303833, "length": 4.999524116516113, "mode": "train", "epoch": 45}
{"loss": 0.25280237197875977, "acc": 0.9092742800712585, "length": 5.0, "mode": "test", "epoch": 45}
{"loss": 0.14796112477779388, "acc": 0.9424156546592712, "length": 4.999965667724609, "mode": "train", "epoch": 46}
{"loss": 0.26640045642852783, "acc": 0.9068549275398254, "length": 5.0, "mode": "test", "epoch": 46}
{"loss": 0.1334659606218338, "acc": 0.950025200843811, "length": 4.99994421005249, "mode": "train", "epoch": 47}
{"loss": 0.25419899821281433, "acc": 0.9102821350097656, "length": 5.0, "mode": "test", "epoch": 47}
{"loss": 0.1284247487783432, "acc": 0.9517436027526855, "length": 4.999018669128418, "mode": "train", "epoch": 48}
{"loss": 0.2503971755504608, "acc": 0.9092741012573242, "length": 5.0, "mode": "test", "epoch": 48}
{"loss": 0.1536443680524826, "acc": 0.9400579333305359, "length": 4.999956130981445, "mode": "train", "epoch": 49}
{"loss": 0.2665770947933197, "acc": 0.8997982740402222, "length": 5.0, "mode": "test", "epoch": 49}
{"loss": 0.17720170319080353, "acc": 0.9298201203346252, "length": 4.999896049499512, "mode": "train", "epoch": 50}
{"loss": 0.25756144523620605, "acc": 0.8989919424057007, "length": 5.0, "mode": "test", "epoch": 50}
{"loss": 0.14442050457000732, "acc": 0.944974422454834, "length": 4.999592304229736, "mode": "train", "epoch": 51}
{"loss": 0.24835872650146484, "acc": 0.9068549275398254, "length": 5.0, "mode": "test", "epoch": 51}
{"loss": 0.13156096637248993, "acc": 0.9485446214675903, "length": 4.999975681304932, "mode": "train", "epoch": 52}
{"loss": 0.24282105267047882, "acc": 0.9151210784912109, "length": 5.0, "mode": "test", "epoch": 52}
{"loss": 0.126975417137146, "acc": 0.9535274505615234, "length": 4.999939441680908, "mode": "train", "epoch": 53}
{"loss": 0.22852161526679993, "acc": 0.9106854796409607, "length": 5.0, "mode": "test", "epoch": 53}
{"loss": 0.12259888648986816, "acc": 0.9542003870010376, "length": 4.999883651733398, "mode": "train", "epoch": 54}
{"loss": 0.23660746216773987, "acc": 0.915725827217102, "length": 5.0, "mode": "test", "epoch": 54}
{"loss": 0.12758755683898926, "acc": 0.9499375820159912, "length": 4.999430179595947, "mode": "train", "epoch": 55}
{"loss": 0.2333250492811203, "acc": 0.9167338013648987, "length": 5.0, "mode": "test", "epoch": 55}
{"loss": 0.124370276927948, "acc": 0.9520461559295654, "length": 4.999917984008789, "mode": "train", "epoch": 56}
{"loss": 0.23914432525634766, "acc": 0.9185484647750854, "length": 5.0, "mode": "test", "epoch": 56}
{"loss": 0.1269710510969162, "acc": 0.9530569911003113, "length": 4.999972343444824, "mode": "train", "epoch": 57}
{"loss": 0.23567278683185577, "acc": 0.9135079383850098, "length": 5.0, "mode": "test", "epoch": 57}
{"loss": 0.12032227963209152, "acc": 0.9559298753738403, "length": 4.998980522155762, "mode": "train", "epoch": 58}
{"loss": 0.23916462063789368, "acc": 0.9195564389228821, "length": 5.0, "mode": "test", "epoch": 58}
{"loss": 0.122367724776268, "acc": 0.9522489309310913, "length": 4.999965667724609, "mode": "train", "epoch": 59}
{"loss": 0.24286046624183655, "acc": 0.9092742800712585, "length": 5.0, "mode": "test", "epoch": 59}
{"loss": 0.13437531888484955, "acc": 0.9471920728683472, "length": 4.999820232391357, "mode": "train", "epoch": 60}
{"loss": 0.2864964008331299, "acc": 0.8897176384925842, "length": 5.0, "mode": "test", "epoch": 60}
{"loss": 0.14305785298347473, "acc": 0.945981502532959, "length": 4.999851226806641, "mode": "train", "epoch": 61}
{"loss": 0.2617291808128357, "acc": 0.9040323495864868, "length": 5.0, "mode": "test", "epoch": 61}
{"loss": 0.16364969313144684, "acc": 0.9370850920677185, "length": 4.999337196350098, "mode": "train", "epoch": 62}
{"loss": 0.30879756808280945, "acc": 0.8850805759429932, "length": 5.0, "mode": "test", "epoch": 62}
{"loss": 0.16913191974163055, "acc": 0.9359365105628967, "length": 4.999337673187256, "mode": "train", "epoch": 63}
{"loss": 0.2522635757923126, "acc": 0.9062498807907104, "length": 5.0, "mode": "test", "epoch": 63}
{"loss": 0.13657858967781067, "acc": 0.9473311901092529, "length": 4.99993371963501, "mode": "train", "epoch": 64}
{"loss": 0.2214987725019455, "acc": 0.914516031742096, "length": 5.0, "mode": "test", "epoch": 64}
{"loss": 0.12621860206127167, "acc": 0.9522417783737183, "length": 4.999842166900635, "mode": "train", "epoch": 65}
{"loss": 0.24041123688220978, "acc": 0.9129031300544739, "length": 5.0, "mode": "test", "epoch": 65}
{"loss": 0.13031119108200073, "acc": 0.9511033296585083, "length": 4.999965667724609, "mode": "train", "epoch": 66}
{"loss": 0.24351416528224945, "acc": 0.9135079383850098, "length": 5.0, "mode": "test", "epoch": 66}
{"loss": 0.11520740389823914, "acc": 0.9571604132652283, "length": 4.999688625335693, "mode": "train", "epoch": 67}
{"loss": 0.242579385638237, "acc": 0.91794353723526, "length": 5.0, "mode": "test", "epoch": 67}
{"loss": 0.11324498057365417, "acc": 0.9572320580482483, "length": 4.999954700469971, "mode": "train", "epoch": 68}
{"loss": 0.24250958859920502, "acc": 0.9120967984199524, "length": 5.0, "mode": "test", "epoch": 68}
{"loss": 0.11630001664161682, "acc": 0.9565578103065491, "length": 4.999897480010986, "mode": "train", "epoch": 69}
{"loss": 0.25931182503700256, "acc": 0.9143146276473999, "length": 5.0, "mode": "test", "epoch": 69}
{"loss": 0.12502093613147736, "acc": 0.9522482752799988, "length": 4.999964714050293, "mode": "train", "epoch": 70}
{"loss": 0.23213008046150208, "acc": 0.9189515113830566, "length": 5.0, "mode": "test", "epoch": 70}
{"loss": 0.1192580983042717, "acc": 0.9552797079086304, "length": 4.999976634979248, "mode": "train", "epoch": 71}
{"loss": 0.26648154854774475, "acc": 0.9129031300544739, "length": 5.0, "mode": "test", "epoch": 71}
{"loss": 0.12910622358322144, "acc": 0.952242910861969, "length": 4.99984884262085, "mode": "train", "epoch": 72}
{"loss": 0.2544983923435211, "acc": 0.9106855988502502, "length": 5.0, "mode": "test", "epoch": 72}
{"loss": 0.1264839470386505, "acc": 0.9524513483047485, "length": 4.9999918937683105, "mode": "train", "epoch": 73}
{"loss": 0.26022276282310486, "acc": 0.9114919304847717, "length": 5.0, "mode": "test", "epoch": 73}
{"loss": 0.16578832268714905, "acc": 0.9411340951919556, "length": 4.999945640563965, "mode": "train", "epoch": 74}
{"loss": 0.2867674231529236, "acc": 0.8995967507362366, "length": 5.0, "mode": "test", "epoch": 74}
{"loss": 0.16468217968940735, "acc": 0.9379699230194092, "length": 4.999913692474365, "mode": "train", "epoch": 75}
{"loss": 0.28775471448898315, "acc": 0.895564615726471, "length": 5.0, "mode": "test", "epoch": 75}
{"loss": 0.15041199326515198, "acc": 0.9434264898300171, "length": 4.999988555908203, "mode": "train", "epoch": 76}
{"loss": 0.28013792634010315, "acc": 0.9062501192092896, "length": 5.0, "mode": "test", "epoch": 76}
{"loss": 0.16126662492752075, "acc": 0.9390408992767334, "length": 4.999824047088623, "mode": "train", "epoch": 77}
{"loss": 0.26480013132095337, "acc": 0.9114918112754822, "length": 5.0, "mode": "test", "epoch": 77}
{"loss": 0.13974736630916595, "acc": 0.9462551474571228, "length": 4.999984264373779, "mode": "train", "epoch": 78}
{"loss": 0.24475586414337158, "acc": 0.917137086391449, "length": 5.0, "mode": "test", "epoch": 78}
{"loss": 0.13756099343299866, "acc": 0.94901442527771, "length": 4.999938488006592, "mode": "train", "epoch": 79}
{"loss": 0.24657587707042694, "acc": 0.916935384273529, "length": 5.0, "mode": "test", "epoch": 79}
{"loss": 0.1328553557395935, "acc": 0.9476017951965332, "length": 4.999980926513672, "mode": "train", "epoch": 80}
{"loss": 0.254375159740448, "acc": 0.9106855988502502, "length": 5.0, "mode": "test", "epoch": 80}
{"loss": 0.1291060596704483, "acc": 0.9514262676239014, "length": 4.99943733215332, "mode": "train", "epoch": 81}
{"loss": 0.2717992663383484, "acc": 0.9104837775230408, "length": 5.0, "mode": "test", "epoch": 81}
{"loss": 0.12131627649068832, "acc": 0.9529895782470703, "length": 4.999980449676514, "mode": "train", "epoch": 82}
{"loss": 0.25536438822746277, "acc": 0.9159273505210876, "length": 5.0, "mode": "test", "epoch": 82}
{"loss": 0.11817709356546402, "acc": 0.9562767744064331, "length": 4.999516010284424, "mode": "train", "epoch": 83}
{"loss": 0.23950162529945374, "acc": 0.9169355034828186, "length": 5.0, "mode": "test", "epoch": 83}
{"loss": 0.1194995865225792, "acc": 0.953999936580658, "length": 4.999978065490723, "mode": "train", "epoch": 84}
{"loss": 0.2766379415988922, "acc": 0.9040322303771973, "length": 5.0, "mode": "test", "epoch": 84}
{"loss": 0.1802809089422226, "acc": 0.9315057396888733, "length": 4.9999918937683105, "mode": "train", "epoch": 85}
{"loss": 0.2632960081100464, "acc": 0.9066532254219055, "length": 5.0, "mode": "test", "epoch": 85}
{"loss": 0.1479223668575287, "acc": 0.9413383603096008, "length": 4.999974727630615, "mode": "train", "epoch": 86}
{"loss": 0.27830424904823303, "acc": 0.904435396194458, "length": 5.0, "mode": "test", "epoch": 86}
{"loss": 0.1345222145318985, "acc": 0.948204755783081, "length": 4.999884128570557, "mode": "train", "epoch": 87}
{"loss": 0.24088068306446075, "acc": 0.9118950366973877, "length": 5.0, "mode": "test", "epoch": 87}
{"loss": 0.12163140624761581, "acc": 0.955077052116394, "length": 4.999955177307129, "mode": "train", "epoch": 88}
{"loss": 0.24015317857265472, "acc": 0.9159274101257324, "length": 5.0, "mode": "test", "epoch": 88}
{"loss": 0.1253623068332672, "acc": 0.9519797563552856, "length": 4.999989986419678, "mode": "train", "epoch": 89}
{"loss": 0.3062019348144531, "acc": 0.8983870148658752, "length": 5.0, "mode": "test", "epoch": 89}
{"loss": 0.13403379917144775, "acc": 0.9490061402320862, "length": 4.999313831329346, "mode": "train", "epoch": 90}
{"loss": 0.24186448752880096, "acc": 0.9151208400726318, "length": 5.0, "mode": "test", "epoch": 90}
{"loss": 0.1144212931394577, "acc": 0.9560052752494812, "length": 4.999663352966309, "mode": "train", "epoch": 91}
{"loss": 0.24858681857585907, "acc": 0.9120967984199524, "length": 5.0, "mode": "test", "epoch": 91}
{"loss": 0.11530505120754242, "acc": 0.9566928744316101, "length": 4.999932289123535, "mode": "train", "epoch": 92}
{"loss": 0.24336791038513184, "acc": 0.913306474685669, "length": 5.0, "mode": "test", "epoch": 92}
{"loss": 0.11398064345121384, "acc": 0.9568240642547607, "length": 4.999853134155273, "mode": "train", "epoch": 93}
{"loss": 0.25307929515838623, "acc": 0.9177419543266296, "length": 5.0, "mode": "test", "epoch": 93}
{"loss": 0.13495156168937683, "acc": 0.9476671814918518, "length": 4.9997453689575195, "mode": "train", "epoch": 94}
{"loss": 0.25222915410995483, "acc": 0.9125000834465027, "length": 5.0, "mode": "test", "epoch": 94}
{"loss": 0.11258691549301147, "acc": 0.95793217420578, "length": 4.998922348022461, "mode": "train", "epoch": 95}
{"loss": 0.24319203197956085, "acc": 0.9120967984199524, "length": 5.0, "mode": "test", "epoch": 95}
{"loss": 0.14402158558368683, "acc": 0.947265625, "length": 4.999998092651367, "mode": "train", "epoch": 96}
{"loss": 0.3298248052597046, "acc": 0.8959676623344421, "length": 5.0, "mode": "test", "epoch": 96}
{"loss": 0.1898987889289856, "acc": 0.9305627942085266, "length": 4.999990940093994, "mode": "train", "epoch": 97}
{"loss": 0.2634904980659485, "acc": 0.9072579741477966, "length": 5.0, "mode": "test", "epoch": 97}
{"loss": 0.15874524414539337, "acc": 0.9412708282470703, "length": 4.999975204467773, "mode": "train", "epoch": 98}
{"loss": 0.29491573572158813, "acc": 0.9026209712028503, "length": 5.0, "mode": "test", "epoch": 98}
{"loss": 0.14401625096797943, "acc": 0.9449082612991333, "length": 4.999989032745361, "mode": "train", "epoch": 99}
{"loss": 0.24382911622524261, "acc": 0.9143143892288208, "length": 5.0, "mode": "test", "epoch": 99}
{"loss": 0.13040441274642944, "acc": 0.9536316990852356, "length": 4.999125957489014, "mode": "train", "epoch": 100}
{"loss": 0.24048756062984467, "acc": 0.9189515113830566, "length": 5.0, "mode": "test", "epoch": 100}
test accuracy: 0.869966447353363
