# ["--attributes=4", "--values=3", "--game_size=4", "--vocab_size_factor=3", "--n_epochs=100", "--batch_size=32", "--learning_rate=0.001", "--hidden_size=256", "--temp_update=0.97", "--temperature=1"]
Creating train_ds and val_ds...

Creating test_ds...
{"loss": 0.701195478439331, "acc": 0.5079103708267212, "length": 1.413957953453064, "mode": "train", "epoch": 1}
{"loss": 0.6985260844230652, "acc": 0.502836287021637, "length": 1.0, "mode": "test", "epoch": 1}
{"loss": 0.6966437697410583, "acc": 0.5027744770050049, "length": 1.0000790357589722, "mode": "train", "epoch": 2}
{"loss": 0.6999685168266296, "acc": 0.4961507320404053, "length": 1.0, "mode": "test", "epoch": 2}
{"loss": 0.6952651143074036, "acc": 0.5069028735160828, "length": 1.0000911951065063, "mode": "train", "epoch": 3}
{"loss": 0.6965708136558533, "acc": 0.5119529962539673, "length": 1.0, "mode": "test", "epoch": 3}
{"loss": 0.695747435092926, "acc": 0.5100846290588379, "length": 1.0001929998397827, "mode": "train", "epoch": 4}
{"loss": 0.695328414440155, "acc": 0.5170178413391113, "length": 1.0, "mode": "test", "epoch": 4}
{"loss": 0.6947751045227051, "acc": 0.5151599645614624, "length": 1.0000512599945068, "mode": "train", "epoch": 5}
{"loss": 0.6994593739509583, "acc": 0.4991896152496338, "length": 1.0, "mode": "test", "epoch": 5}
{"loss": 0.6961276531219482, "acc": 0.5002722144126892, "length": 1.0002055168151855, "mode": "train", "epoch": 6}
{"loss": 0.6958276033401489, "acc": 0.5016207695007324, "length": 1.0, "mode": "test", "epoch": 6}
{"loss": 0.6938098073005676, "acc": 0.5226041674613953, "length": 1.0000079870224, "mode": "train", "epoch": 7}
{"loss": 0.6973676085472107, "acc": 0.4997974634170532, "length": 1.0, "mode": "test", "epoch": 7}
{"loss": 0.6952041983604431, "acc": 0.515768826007843, "length": 1.0000039339065552, "mode": "train", "epoch": 8}
{"loss": 0.6949860453605652, "acc": 0.5105348825454712, "length": 1.0, "mode": "test", "epoch": 8}
{"loss": 0.6935870051383972, "acc": 0.5077829360961914, "length": 1.0000057220458984, "mode": "train", "epoch": 9}
{"loss": 0.6940068006515503, "acc": 0.5149918794631958, "length": 1.0, "mode": "test", "epoch": 9}
{"loss": 0.6931573152542114, "acc": 0.5121819376945496, "length": 1.0000061988830566, "mode": "train", "epoch": 10}
{"loss": 0.692769467830658, "acc": 0.5127633810043335, "length": 1.0, "mode": "test", "epoch": 10}
{"loss": 0.6929637789726257, "acc": 0.5166485905647278, "length": 1.0000057220458984, "mode": "train", "epoch": 11}
{"loss": 0.6963273882865906, "acc": 0.49452999234199524, "length": 1.0, "mode": "test", "epoch": 11}
{"loss": 0.6934666037559509, "acc": 0.51170814037323, "length": 1.0000005960464478, "mode": "train", "epoch": 12}
{"loss": 0.6944775581359863, "acc": 0.4908832609653473, "length": 1.0, "mode": "test", "epoch": 12}
{"loss": 0.693668782711029, "acc": 0.5082566738128662, "length": 1.0000008344650269, "mode": "train", "epoch": 13}
{"loss": 0.6934123635292053, "acc": 0.5042544603347778, "length": 1.0, "mode": "test", "epoch": 13}
{"loss": 0.6931360363960266, "acc": 0.5180698037147522, "length": 1.0000025033950806, "mode": "train", "epoch": 14}
{"loss": 0.695165753364563, "acc": 0.5004051327705383, "length": 1.0, "mode": "test", "epoch": 14}
{"loss": 0.6922327876091003, "acc": 0.5151597261428833, "length": 1.0000032186508179, "mode": "train", "epoch": 15}
{"loss": 0.6937827467918396, "acc": 0.5044570565223694, "length": 1.0, "mode": "test", "epoch": 15}
{"loss": 0.6921401619911194, "acc": 0.5236194133758545, "length": 1.000000238418579, "mode": "train", "epoch": 16}
{"loss": 0.6940048336982727, "acc": 0.49959486722946167, "length": 1.0, "mode": "test", "epoch": 16}
{"loss": 0.6926192045211792, "acc": 0.5201678276062012, "length": 1.0000007152557373, "mode": "train", "epoch": 17}
{"loss": 0.6938023567199707, "acc": 0.5101296305656433, "length": 1.0, "mode": "test", "epoch": 17}
{"loss": 0.6923935413360596, "acc": 0.5190173387527466, "length": 1.0, "mode": "train", "epoch": 18}
{"loss": 0.6938319206237793, "acc": 0.5123581290245056, "length": 1.0, "mode": "test", "epoch": 18}
{"loss": 0.6921867728233337, "acc": 0.520167887210846, "length": 1.0, "mode": "train", "epoch": 19}
{"loss": 0.6950749158859253, "acc": 0.5089141130447388, "length": 1.0, "mode": "test", "epoch": 19}
{"loss": 0.6925392150878906, "acc": 0.5156334042549133, "length": 1.0000007152557373, "mode": "train", "epoch": 20}
{"loss": 0.6952061057090759, "acc": 0.4995948076248169, "length": 1.0, "mode": "test", "epoch": 20}
{"loss": 0.6929237246513367, "acc": 0.5206416249275208, "length": 1.0, "mode": "train", "epoch": 21}
{"loss": 0.6938504576683044, "acc": 0.5121556520462036, "length": 1.0, "mode": "test", "epoch": 21}
{"loss": 0.6917286515235901, "acc": 0.5177991390228271, "length": 1.0000001192092896, "mode": "train", "epoch": 22}
{"loss": 0.6938233375549316, "acc": 0.4977714717388153, "length": 1.0, "mode": "test", "epoch": 22}
{"loss": 0.6918779015541077, "acc": 0.5249736905097961, "length": 1.0000401735305786, "mode": "train", "epoch": 23}
{"loss": 0.6934406757354736, "acc": 0.5091167092323303, "length": 1.0, "mode": "test", "epoch": 23}
{"loss": 0.6917464733123779, "acc": 0.5242284536361694, "length": 1.0, "mode": "train", "epoch": 24}
{"loss": 0.6947938799858093, "acc": 0.5076985359191895, "length": 1.0, "mode": "test", "epoch": 24}
{"loss": 0.6920557618141174, "acc": 0.5184082388877869, "length": 1.0, "mode": "train", "epoch": 25}
{"loss": 0.6930892467498779, "acc": 0.5064829587936401, "length": 1.0, "mode": "test", "epoch": 25}
{"loss": 0.6913211941719055, "acc": 0.5290335416793823, "length": 1.0, "mode": "train", "epoch": 26}
{"loss": 0.694330632686615, "acc": 0.5030388832092285, "length": 1.0, "mode": "test", "epoch": 26}
{"loss": 0.6923537850379944, "acc": 0.5213860869407654, "length": 1.0, "mode": "train", "epoch": 27}
{"loss": 0.693722665309906, "acc": 0.5030388832092285, "length": 1.0, "mode": "test", "epoch": 27}
{"loss": 0.6913411617279053, "acc": 0.5167840123176575, "length": 1.0, "mode": "train", "epoch": 28}
{"loss": 0.6939594149589539, "acc": 0.5085089206695557, "length": 1.0, "mode": "test", "epoch": 28}
{"loss": 0.6918191313743591, "acc": 0.5278154015541077, "length": 1.0000004768371582, "mode": "train", "epoch": 29}
{"loss": 0.6941106915473938, "acc": 0.4965559244155884, "length": 1.0, "mode": "test", "epoch": 29}
{"loss": 0.6907083988189697, "acc": 0.5278154611587524, "length": 1.0, "mode": "train", "epoch": 30}
{"loss": 0.6941708922386169, "acc": 0.5081037282943726, "length": 1.0, "mode": "test", "epoch": 30}
{"loss": 0.6909827589988708, "acc": 0.524905264377594, "length": 1.0, "mode": "train", "epoch": 31}
{"loss": 0.6941689848899841, "acc": 0.5109400153160095, "length": 1.0, "mode": "test", "epoch": 31}
{"loss": 0.691120445728302, "acc": 0.5286952257156372, "length": 1.0, "mode": "train", "epoch": 32}
{"loss": 0.6953494548797607, "acc": 0.5002026557922363, "length": 1.0, "mode": "test", "epoch": 32}
{"loss": 0.6907328963279724, "acc": 0.5284921526908875, "length": 1.0, "mode": "train", "epoch": 33}
{"loss": 0.6941444873809814, "acc": 0.5095219016075134, "length": 1.0, "mode": "test", "epoch": 33}
{"loss": 0.6912150382995605, "acc": 0.5270708799362183, "length": 1.0000001192092896, "mode": "train", "epoch": 34}
{"loss": 0.6942400336265564, "acc": 0.49716368317604065, "length": 1.0, "mode": "test", "epoch": 34}
{"loss": 0.6903942823410034, "acc": 0.5286951661109924, "length": 1.0, "mode": "train", "epoch": 35}
{"loss": 0.6938665509223938, "acc": 0.5030388832092285, "length": 1.0, "mode": "test", "epoch": 35}
{"loss": 0.6906415820121765, "acc": 0.5289658308029175, "length": 1.0, "mode": "train", "epoch": 36}
{"loss": 0.6942170858383179, "acc": 0.501823365688324, "length": 1.0, "mode": "test", "epoch": 36}
{"loss": 0.6905054450035095, "acc": 0.5266648530960083, "length": 1.0, "mode": "train", "epoch": 37}
{"loss": 0.6944595575332642, "acc": 0.5093193054199219, "length": 1.0, "mode": "test", "epoch": 37}
{"loss": 0.6906281113624573, "acc": 0.5276123881340027, "length": 1.0, "mode": "train", "epoch": 38}
{"loss": 0.6949111819267273, "acc": 0.5062803626060486, "length": 1.0, "mode": "test", "epoch": 38}
{"loss": 0.6909891963005066, "acc": 0.5254466533660889, "length": 1.0, "mode": "train", "epoch": 39}
{"loss": 0.6951054334640503, "acc": 0.49817660450935364, "length": 1.0, "mode": "test", "epoch": 39}
{"loss": 0.6906068921089172, "acc": 0.5265972018241882, "length": 1.0, "mode": "train", "epoch": 40}
{"loss": 0.693966269493103, "acc": 0.4989870488643646, "length": 1.0, "mode": "test", "epoch": 40}
{"loss": 0.6905015110969543, "acc": 0.5221981406211853, "length": 1.0000016689300537, "mode": "train", "epoch": 41}
{"loss": 0.6951622366905212, "acc": 0.5093192458152771, "length": 1.0, "mode": "test", "epoch": 41}
{"loss": 0.6904175877571106, "acc": 0.5307254791259766, "length": 1.0, "mode": "train", "epoch": 42}
{"loss": 0.694751501083374, "acc": 0.5022284984588623, "length": 1.0, "mode": "test", "epoch": 42}
{"loss": 0.6906222105026245, "acc": 0.5288305878639221, "length": 1.0, "mode": "train", "epoch": 43}
{"loss": 0.6948147416114807, "acc": 0.5056726336479187, "length": 1.0, "mode": "test", "epoch": 43}
{"loss": 0.6898627281188965, "acc": 0.5292366147041321, "length": 1.0, "mode": "train", "epoch": 44}
{"loss": 0.6950437426567078, "acc": 0.5030388832092285, "length": 1.0, "mode": "test", "epoch": 44}
{"loss": 0.6903542876243591, "acc": 0.5263941287994385, "length": 1.0, "mode": "train", "epoch": 45}
{"loss": 0.6945604681968689, "acc": 0.5024310946464539, "length": 1.0, "mode": "test", "epoch": 45}
{"loss": 0.6896924376487732, "acc": 0.5349891185760498, "length": 1.0000004768371582, "mode": "train", "epoch": 46}
{"loss": 0.6958659291267395, "acc": 0.4985818862915039, "length": 1.0, "mode": "test", "epoch": 46}
{"loss": 0.6898382306098938, "acc": 0.5287628769874573, "length": 1.0000001192092896, "mode": "train", "epoch": 47}
{"loss": 0.6946210265159607, "acc": 0.5020259022712708, "length": 1.0, "mode": "test", "epoch": 47}
{"loss": 0.6899821758270264, "acc": 0.5272740125656128, "length": 1.0, "mode": "train", "epoch": 48}
{"loss": 0.6940898299217224, "acc": 0.5034440755844116, "length": 1.0, "mode": "test", "epoch": 48}
{"loss": 0.6899927854537964, "acc": 0.5283567309379578, "length": 1.0000016689300537, "mode": "train", "epoch": 49}
{"loss": 0.6948243975639343, "acc": 0.5072933435440063, "length": 1.0, "mode": "test", "epoch": 49}
{"loss": 0.6902835369110107, "acc": 0.5307255387306213, "length": 1.0, "mode": "train", "epoch": 50}
{"loss": 0.69507896900177, "acc": 0.505064845085144, "length": 1.0, "mode": "test", "epoch": 50}
{"loss": 0.6900032162666321, "acc": 0.5307254791259766, "length": 1.0, "mode": "train", "epoch": 51}
{"loss": 0.6943557262420654, "acc": 0.5032414793968201, "length": 1.0, "mode": "test", "epoch": 51}
{"loss": 0.68989098072052, "acc": 0.5279507040977478, "length": 1.0, "mode": "train", "epoch": 52}
{"loss": 0.6949809789657593, "acc": 0.4983792006969452, "length": 1.0, "mode": "test", "epoch": 52}
{"loss": 0.6901443600654602, "acc": 0.5254466533660889, "length": 1.0, "mode": "train", "epoch": 53}
{"loss": 0.6960563063621521, "acc": 0.5036466121673584, "length": 1.0, "mode": "test", "epoch": 53}
{"loss": 0.6902251243591309, "acc": 0.5312668681144714, "length": 1.0000004768371582, "mode": "train", "epoch": 54}
{"loss": 0.6949158906936646, "acc": 0.5034440159797668, "length": 1.0, "mode": "test", "epoch": 54}
{"loss": 0.6896154880523682, "acc": 0.5321467518806458, "length": 1.0, "mode": "train", "epoch": 55}
{"loss": 0.6947293877601624, "acc": 0.49878445267677307, "length": 1.0, "mode": "test", "epoch": 55}
{"loss": 0.6897274255752563, "acc": 0.5328235626220703, "length": 1.0, "mode": "train", "epoch": 56}
{"loss": 0.6949379444122314, "acc": 0.5056726336479187, "length": 1.0, "mode": "test", "epoch": 56}
{"loss": 0.689688503742218, "acc": 0.5307931900024414, "length": 1.0, "mode": "train", "epoch": 57}
{"loss": 0.6947928667068481, "acc": 0.5103322267532349, "length": 1.0, "mode": "test", "epoch": 57}
{"loss": 0.6897101402282715, "acc": 0.5267325639724731, "length": 1.0, "mode": "train", "epoch": 58}
{"loss": 0.694774866104126, "acc": 0.5103322863578796, "length": 1.0, "mode": "test", "epoch": 58}
{"loss": 0.6897068619728088, "acc": 0.5274093747138977, "length": 1.000000238418579, "mode": "train", "epoch": 59}
{"loss": 0.6946007609367371, "acc": 0.49716368317604065, "length": 1.0, "mode": "test", "epoch": 59}
{"loss": 0.689777672290802, "acc": 0.5322820544242859, "length": 1.000000238418579, "mode": "train", "epoch": 60}
{"loss": 0.6958441138267517, "acc": 0.49878445267677307, "length": 1.0, "mode": "test", "epoch": 60}
{"loss": 0.6897221803665161, "acc": 0.5347184538841248, "length": 1.0000004768371582, "mode": "train", "epoch": 61}
{"loss": 0.6948713660240173, "acc": 0.5105348825454712, "length": 1.0, "mode": "test", "epoch": 61}
{"loss": 0.689355194568634, "acc": 0.5326205492019653, "length": 1.0, "mode": "train", "epoch": 62}
{"loss": 0.6943818926811218, "acc": 0.5076985359191895, "length": 1.0, "mode": "test", "epoch": 62}
{"loss": 0.6894459128379822, "acc": 0.5286951661109924, "length": 1.0, "mode": "train", "epoch": 63}
{"loss": 0.6947162747383118, "acc": 0.5020259022712708, "length": 1.0, "mode": "test", "epoch": 63}
{"loss": 0.6890552043914795, "acc": 0.5312669277191162, "length": 1.0, "mode": "train", "epoch": 64}
{"loss": 0.6950809359550476, "acc": 0.5042544007301331, "length": 1.0, "mode": "test", "epoch": 64}
{"loss": 0.6888273358345032, "acc": 0.530590295791626, "length": 1.0000067949295044, "mode": "train", "epoch": 65}
{"loss": 0.6948757171630859, "acc": 0.505064845085144, "length": 1.0, "mode": "test", "epoch": 65}
{"loss": 0.6892004609107971, "acc": 0.5309961438179016, "length": 1.0, "mode": "train", "epoch": 66}
{"loss": 0.6948556303977966, "acc": 0.5040518045425415, "length": 1.0, "mode": "test", "epoch": 66}
{"loss": 0.6893200874328613, "acc": 0.5345831513404846, "length": 1.0, "mode": "train", "epoch": 67}
{"loss": 0.6941568851470947, "acc": 0.5042544603347778, "length": 1.0, "mode": "test", "epoch": 67}
{"loss": 0.6890589594841003, "acc": 0.5335679650306702, "length": 1.0000001192092896, "mode": "train", "epoch": 68}
{"loss": 0.6949188113212585, "acc": 0.5040518641471863, "length": 1.0, "mode": "test", "epoch": 68}
{"loss": 0.6893285512924194, "acc": 0.527747631072998, "length": 1.0000003576278687, "mode": "train", "epoch": 69}
{"loss": 0.6952499151229858, "acc": 0.5115478038787842, "length": 1.0, "mode": "test", "epoch": 69}
{"loss": 0.6888018250465393, "acc": 0.5303194522857666, "length": 1.0000001192092896, "mode": "train", "epoch": 70}
{"loss": 0.6951256990432739, "acc": 0.5044570565223694, "length": 1.0, "mode": "test", "epoch": 70}
{"loss": 0.6889193654060364, "acc": 0.528965950012207, "length": 1.0000019073486328, "mode": "train", "epoch": 71}
{"loss": 0.69455885887146, "acc": 0.5085089206695557, "length": 1.0, "mode": "test", "epoch": 71}
{"loss": 0.6888593435287476, "acc": 0.5350568890571594, "length": 1.0000001192092896, "mode": "train", "epoch": 72}
{"loss": 0.6947728991508484, "acc": 0.5095219016075134, "length": 1.0, "mode": "test", "epoch": 72}
{"loss": 0.6890664100646973, "acc": 0.5329588055610657, "length": 1.0000001192092896, "mode": "train", "epoch": 73}
{"loss": 0.6952226161956787, "acc": 0.5038492679595947, "length": 1.0, "mode": "test", "epoch": 73}
{"loss": 0.6886151432991028, "acc": 0.5295749306678772, "length": 1.0000003576278687, "mode": "train", "epoch": 74}
{"loss": 0.6947183609008789, "acc": 0.506077766418457, "length": 1.0, "mode": "test", "epoch": 74}
{"loss": 0.6888926029205322, "acc": 0.531943678855896, "length": 1.0, "mode": "train", "epoch": 75}
{"loss": 0.6960422396659851, "acc": 0.5064829587936401, "length": 1.0, "mode": "test", "epoch": 75}
{"loss": 0.6886231899261475, "acc": 0.5320790410041809, "length": 1.0, "mode": "train", "epoch": 76}
{"loss": 0.6945700645446777, "acc": 0.506077766418457, "length": 1.0, "mode": "test", "epoch": 76}
{"loss": 0.688583493232727, "acc": 0.5337709188461304, "length": 1.000001311302185, "mode": "train", "epoch": 77}
{"loss": 0.6949402689933777, "acc": 0.5070907473564148, "length": 1.0, "mode": "test", "epoch": 77}
{"loss": 0.6888007521629333, "acc": 0.53424471616745, "length": 1.000000238418579, "mode": "train", "epoch": 78}
{"loss": 0.6960341334342957, "acc": 0.5101296305656433, "length": 1.0, "mode": "test", "epoch": 78}
{"loss": 0.688737690448761, "acc": 0.5374256372451782, "length": 1.0000001192092896, "mode": "train", "epoch": 79}
{"loss": 0.6953632831573486, "acc": 0.5040518641471863, "length": 1.0, "mode": "test", "epoch": 79}
{"loss": 0.6884621381759644, "acc": 0.5307931303977966, "length": 1.0000003576278687, "mode": "train", "epoch": 80}
{"loss": 0.695813000202179, "acc": 0.5012155771255493, "length": 1.0, "mode": "test", "epoch": 80}
{"loss": 0.688575267791748, "acc": 0.5339062809944153, "length": 1.0000001192092896, "mode": "train", "epoch": 81}
{"loss": 0.6954671740531921, "acc": 0.5050647854804993, "length": 1.0, "mode": "test", "epoch": 81}
{"loss": 0.6881650686264038, "acc": 0.5320113897323608, "length": 1.0000001192092896, "mode": "train", "epoch": 82}
{"loss": 0.6959702372550964, "acc": 0.5046596527099609, "length": 1.0, "mode": "test", "epoch": 82}
{"loss": 0.6883754730224609, "acc": 0.5333649516105652, "length": 1.0, "mode": "train", "epoch": 83}
{"loss": 0.694732666015625, "acc": 0.5034440755844116, "length": 1.0, "mode": "test", "epoch": 83}
{"loss": 0.6882196664810181, "acc": 0.5362073183059692, "length": 1.0000001192092896, "mode": "train", "epoch": 84}
{"loss": 0.6949990391731262, "acc": 0.5095219016075134, "length": 1.0, "mode": "test", "epoch": 84}
{"loss": 0.688782811164856, "acc": 0.5370195508003235, "length": 1.0, "mode": "train", "epoch": 85}
{"loss": 0.6957582831382751, "acc": 0.5101296305656433, "length": 1.0, "mode": "test", "epoch": 85}
{"loss": 0.6877478361129761, "acc": 0.534041702747345, "length": 1.0000001192092896, "mode": "train", "epoch": 86}
{"loss": 0.6950503587722778, "acc": 0.5123581886291504, "length": 1.0, "mode": "test", "epoch": 86}
{"loss": 0.6882370114326477, "acc": 0.5343812704086304, "length": 1.0000288486480713, "mode": "train", "epoch": 87}
{"loss": 0.6951082944869995, "acc": 0.5020259022712708, "length": 1.0, "mode": "test", "epoch": 87}
{"loss": 0.6880670785903931, "acc": 0.5341176390647888, "length": 1.0007710456848145, "mode": "train", "epoch": 88}
{"loss": 0.6960453391075134, "acc": 0.5093193054199219, "length": 1.0, "mode": "test", "epoch": 88}
{"loss": 0.6881588697433472, "acc": 0.5335002541542053, "length": 1.0000001192092896, "mode": "train", "epoch": 89}
{"loss": 0.6956901550292969, "acc": 0.5070907473564148, "length": 1.0, "mode": "test", "epoch": 89}
{"loss": 0.6877659559249878, "acc": 0.531740665435791, "length": 1.0, "mode": "train", "epoch": 90}
{"loss": 0.6951147317886353, "acc": 0.5103322267532349, "length": 1.0, "mode": "test", "epoch": 90}
{"loss": 0.687754213809967, "acc": 0.5351921916007996, "length": 1.0, "mode": "train", "epoch": 91}
{"loss": 0.6952598690986633, "acc": 0.5093193054199219, "length": 1.0, "mode": "test", "epoch": 91}
{"loss": 0.6883499622344971, "acc": 0.5373578667640686, "length": 1.0, "mode": "train", "epoch": 92}
{"loss": 0.6958630084991455, "acc": 0.5062803626060486, "length": 1.0, "mode": "test", "epoch": 92}
{"loss": 0.6878095269203186, "acc": 0.5383731126785278, "length": 1.0, "mode": "train", "epoch": 93}
{"loss": 0.6955892443656921, "acc": 0.5010129809379578, "length": 1.0, "mode": "test", "epoch": 93}
{"loss": 0.6878277063369751, "acc": 0.531537652015686, "length": 1.0, "mode": "train", "epoch": 94}
{"loss": 0.6953985095024109, "acc": 0.5091167092323303, "length": 1.0, "mode": "test", "epoch": 94}
{"loss": 0.6877579689025879, "acc": 0.5431104898452759, "length": 1.0, "mode": "train", "epoch": 95}
{"loss": 0.6953338980674744, "acc": 0.5093193054199219, "length": 1.0, "mode": "test", "epoch": 95}
{"loss": 0.6874500513076782, "acc": 0.5379670262336731, "length": 1.0, "mode": "train", "epoch": 96}
{"loss": 0.6962491869926453, "acc": 0.5014181733131409, "length": 1.0, "mode": "test", "epoch": 96}
{"loss": 0.6877305507659912, "acc": 0.5404033660888672, "length": 1.0, "mode": "train", "epoch": 97}
{"loss": 0.6953524351119995, "acc": 0.5087114572525024, "length": 1.0, "mode": "test", "epoch": 97}
{"loss": 0.6879375576972961, "acc": 0.5375608801841736, "length": 1.0, "mode": "train", "epoch": 98}
{"loss": 0.6947464346885681, "acc": 0.5141814947128296, "length": 1.0, "mode": "test", "epoch": 98}
{"loss": 0.6876972317695618, "acc": 0.5370872020721436, "length": 1.0, "mode": "train", "epoch": 99}
{"loss": 0.6952663064002991, "acc": 0.5085089206695557, "length": 1.0, "mode": "test", "epoch": 99}
{"loss": 0.6872995495796204, "acc": 0.5351922512054443, "length": 1.0, "mode": "train", "epoch": 100}
{"loss": 0.6954044103622437, "acc": 0.5042544603347778, "length": 1.0, "mode": "test", "epoch": 100}
test accuracy: 0.3865131437778473
