# ["--attributes=4", "--values=3", "--game_size=4", "--vocab_size_factor=3", "--n_epochs=100", "--batch_size=32", "--learning_rate=0.001", "--hidden_size=256", "--temp_update=0.97", "--temperature=1.5"]
Creating train_ds and val_ds...

Creating test_ds...
{"loss": 0.704426109790802, "acc": 0.4920380711555481, "length": 1.4452883005142212, "mode": "train", "epoch": 1}
{"loss": 0.6985720992088318, "acc": 0.4891826808452606, "length": 1.0, "mode": "test", "epoch": 1}
{"loss": 0.6980704069137573, "acc": 0.5012755393981934, "length": 1.001771330833435, "mode": "train", "epoch": 2}
{"loss": 0.7041415572166443, "acc": 0.49819710850715637, "length": 1.0, "mode": "test", "epoch": 2}
{"loss": 0.69757080078125, "acc": 0.4945763349533081, "length": 1.001364827156067, "mode": "train", "epoch": 3}
{"loss": 0.6967698931694031, "acc": 0.49559295177459717, "length": 1.0, "mode": "test", "epoch": 3}
{"loss": 0.696175217628479, "acc": 0.5029382109642029, "length": 1.0033446550369263, "mode": "train", "epoch": 4}
{"loss": 0.6955110430717468, "acc": 0.5024038553237915, "length": 1.0, "mode": "test", "epoch": 4}
{"loss": 0.6944972276687622, "acc": 0.5026471018791199, "length": 1.0055452585220337, "mode": "train", "epoch": 5}
{"loss": 0.696563720703125, "acc": 0.5044070482254028, "length": 1.0, "mode": "test", "epoch": 5}
{"loss": 0.6304007172584534, "acc": 0.6422039866447449, "length": 2.2549281120300293, "mode": "train", "epoch": 6}
{"loss": 0.5983508229255676, "acc": 0.678955078125, "length": 2.711538553237915, "mode": "test", "epoch": 6}
{"loss": 0.547929048538208, "acc": 0.7258272171020508, "length": 3.1572742462158203, "mode": "train", "epoch": 7}
{"loss": 0.5125114321708679, "acc": 0.7759853005409241, "length": 3.6410255432128906, "mode": "test", "epoch": 7}
{"loss": 0.49002233147621155, "acc": 0.7632303833961487, "length": 3.8153598308563232, "mode": "train", "epoch": 8}
{"loss": 0.46107569336891174, "acc": 0.7750463485717773, "length": 3.9294872283935547, "mode": "test", "epoch": 8}
{"loss": 0.465872198343277, "acc": 0.7729952335357666, "length": 3.882020950317383, "mode": "train", "epoch": 9}
{"loss": 0.4570060670375824, "acc": 0.7840670347213745, "length": 3.942307710647583, "mode": "test", "epoch": 9}
{"loss": 0.4354550540447235, "acc": 0.795448899269104, "length": 3.9546782970428467, "mode": "train", "epoch": 10}
{"loss": 0.4382164180278778, "acc": 0.8098269701004028, "length": 3.9679486751556396, "mode": "test", "epoch": 10}
{"loss": 0.3998446762561798, "acc": 0.8214561939239502, "length": 4.011743545532227, "mode": "train", "epoch": 11}
{"loss": 0.41607221961021423, "acc": 0.8146847486495972, "length": 3.942307710647583, "mode": "test", "epoch": 11}
{"loss": 0.3807036280632019, "acc": 0.8334099650382996, "length": 4.122006416320801, "mode": "train", "epoch": 12}
{"loss": 0.41894301772117615, "acc": 0.8179774880409241, "length": 4.080128192901611, "mode": "test", "epoch": 12}
{"loss": 0.3715957999229431, "acc": 0.8366182446479797, "length": 4.121618747711182, "mode": "train", "epoch": 13}
{"loss": 0.4123251140117645, "acc": 0.8176707625389099, "length": 4.056089878082275, "mode": "test", "epoch": 13}
{"loss": 0.3480699956417084, "acc": 0.8473870754241943, "length": 4.171419143676758, "mode": "train", "epoch": 14}
{"loss": 0.38170480728149414, "acc": 0.8444886803627014, "length": 4.564102649688721, "mode": "test", "epoch": 14}
{"loss": 0.32071900367736816, "acc": 0.8667358160018921, "length": 4.336097240447998, "mode": "train", "epoch": 15}
{"loss": 0.36569690704345703, "acc": 0.8549304008483887, "length": 4.503205299377441, "mode": "test", "epoch": 15}
{"loss": 0.30598533153533936, "acc": 0.8780776858329773, "length": 4.556295871734619, "mode": "train", "epoch": 16}
{"loss": 0.33443912863731384, "acc": 0.8698855638504028, "length": 4.493589878082275, "mode": "test", "epoch": 16}
{"loss": 0.3019917905330658, "acc": 0.8759397864341736, "length": 4.608615398406982, "mode": "train", "epoch": 17}
{"loss": 0.3767583966255188, "acc": 0.8523074388504028, "length": 4.926281929016113, "mode": "test", "epoch": 17}
{"loss": 0.28991085290908813, "acc": 0.8792603611946106, "length": 4.63816499710083, "mode": "train", "epoch": 18}
{"loss": 0.31483355164527893, "acc": 0.8785306215286255, "length": 4.866987228393555, "mode": "test", "epoch": 18}
{"loss": 0.2753681540489197, "acc": 0.884914755821228, "length": 4.740966320037842, "mode": "train", "epoch": 19}
{"loss": 0.330691397190094, "acc": 0.8657351732254028, "length": 4.825320720672607, "mode": "test", "epoch": 19}
{"loss": 0.26858311891555786, "acc": 0.8905722498893738, "length": 4.840436935424805, "mode": "train", "epoch": 20}
{"loss": 0.3150670528411865, "acc": 0.8787497282028198, "length": 4.972756385803223, "mode": "test", "epoch": 20}
{"loss": 0.26983118057250977, "acc": 0.8882038593292236, "length": 4.877257347106934, "mode": "train", "epoch": 21}
{"loss": 0.3093392848968506, "acc": 0.875413179397583, "length": 4.878205299377441, "mode": "test", "epoch": 21}
{"loss": 0.25552088022232056, "acc": 0.8926398158073425, "length": 4.826822757720947, "mode": "train", "epoch": 22}
{"loss": 0.3098943531513214, "acc": 0.8805714249610901, "length": 4.974359035491943, "mode": "test", "epoch": 22}
{"loss": 0.2527886927127838, "acc": 0.8991214632987976, "length": 4.926811218261719, "mode": "train", "epoch": 23}
{"loss": 0.3275755047798157, "acc": 0.873610258102417, "length": 4.998397350311279, "mode": "test", "epoch": 23}
{"loss": 0.26504775881767273, "acc": 0.8943672776222229, "length": 4.949109077453613, "mode": "train", "epoch": 24}
{"loss": 0.3147776126861572, "acc": 0.8794884085655212, "length": 4.95192289352417, "mode": "test", "epoch": 24}
{"loss": 0.2518545091152191, "acc": 0.8986925482749939, "length": 4.899085521697998, "mode": "train", "epoch": 25}
{"loss": 0.2893110513687134, "acc": 0.8949819803237915, "length": 4.982371807098389, "mode": "test", "epoch": 25}
{"loss": 0.24232444167137146, "acc": 0.9028521180152893, "length": 4.934789180755615, "mode": "train", "epoch": 26}
{"loss": 0.3667548596858978, "acc": 0.8471241593360901, "length": 4.947115421295166, "mode": "test", "epoch": 26}
{"loss": 0.2697841227054596, "acc": 0.8923820853233337, "length": 4.928719997406006, "mode": "train", "epoch": 27}
{"loss": 0.2910079061985016, "acc": 0.8864182829856873, "length": 5.0, "mode": "test", "epoch": 27}
{"loss": 0.24512813985347748, "acc": 0.9025238752365112, "length": 4.973868370056152, "mode": "train", "epoch": 28}
{"loss": 0.2872985601425171, "acc": 0.8927847146987915, "length": 4.993589878082275, "mode": "test", "epoch": 28}
{"loss": 0.2322365790605545, "acc": 0.9091126918792725, "length": 4.980273246765137, "mode": "train", "epoch": 29}
{"loss": 0.29032835364341736, "acc": 0.8936360478401184, "length": 4.998397350311279, "mode": "test", "epoch": 29}
{"loss": 0.24458374083042145, "acc": 0.9030516147613525, "length": 4.975266456604004, "mode": "train", "epoch": 30}
{"loss": 0.30211538076400757, "acc": 0.8906062245368958, "length": 4.964743614196777, "mode": "test", "epoch": 30}
{"loss": 0.2401665300130844, "acc": 0.9048805832862854, "length": 4.968706130981445, "mode": "train", "epoch": 31}
{"loss": 0.31140825152397156, "acc": 0.8862179517745972, "length": 5.0, "mode": "test", "epoch": 31}
{"loss": 0.2676444947719574, "acc": 0.8930432796478271, "length": 4.985781192779541, "mode": "train", "epoch": 32}
{"loss": 0.30692967772483826, "acc": 0.879807710647583, "length": 5.0, "mode": "test", "epoch": 32}
{"loss": 0.2765360474586487, "acc": 0.8896185755729675, "length": 4.988481044769287, "mode": "train", "epoch": 33}
{"loss": 0.32355979084968567, "acc": 0.8737980723381042, "length": 5.0, "mode": "test", "epoch": 33}
{"loss": 0.27932026982307434, "acc": 0.8880634903907776, "length": 4.991690158843994, "mode": "train", "epoch": 34}
{"loss": 0.30404481291770935, "acc": 0.8792067170143127, "length": 5.0, "mode": "test", "epoch": 34}
{"loss": 0.26427605748176575, "acc": 0.8966284394264221, "length": 4.995095252990723, "mode": "train", "epoch": 35}
{"loss": 0.3086881637573242, "acc": 0.8792067170143127, "length": 5.0, "mode": "test", "epoch": 35}
{"loss": 0.26091301441192627, "acc": 0.8966526985168457, "length": 4.992199897766113, "mode": "train", "epoch": 36}
{"loss": 0.33740320801734924, "acc": 0.8663862347602844, "length": 5.0, "mode": "test", "epoch": 36}
{"loss": 0.285040020942688, "acc": 0.8886097073554993, "length": 4.991910457611084, "mode": "train", "epoch": 37}
{"loss": 0.31211838126182556, "acc": 0.8790063858032227, "length": 5.0, "mode": "test", "epoch": 37}
{"loss": 0.2560596466064453, "acc": 0.9011912941932678, "length": 4.99724817276001, "mode": "train", "epoch": 38}
{"loss": 0.28729066252708435, "acc": 0.887620210647583, "length": 5.0, "mode": "test", "epoch": 38}
{"loss": 0.24611200392246246, "acc": 0.9059035181999207, "length": 4.997209072113037, "mode": "train", "epoch": 39}
{"loss": 0.29889607429504395, "acc": 0.8854166865348816, "length": 5.0, "mode": "test", "epoch": 39}
{"loss": 0.24406582117080688, "acc": 0.9070989489555359, "length": 4.9982805252075195, "mode": "train", "epoch": 40}
{"loss": 0.29319071769714355, "acc": 0.8848156929016113, "length": 5.0, "mode": "test", "epoch": 40}
{"loss": 0.23432578146457672, "acc": 0.9091748595237732, "length": 4.997990608215332, "mode": "train", "epoch": 41}
{"loss": 0.2920706570148468, "acc": 0.8930288553237915, "length": 5.0, "mode": "test", "epoch": 41}
{"loss": 0.2291024625301361, "acc": 0.9099777936935425, "length": 4.998080730438232, "mode": "train", "epoch": 42}
{"loss": 0.30076178908348083, "acc": 0.8828125, "length": 5.0, "mode": "test", "epoch": 42}
{"loss": 0.27353373169898987, "acc": 0.8850825428962708, "length": 4.996084213256836, "mode": "train", "epoch": 43}
{"loss": 0.3030693233013153, "acc": 0.8800080418586731, "length": 5.0, "mode": "test", "epoch": 43}
{"loss": 0.24772189557552338, "acc": 0.9018273949623108, "length": 4.997651100158691, "mode": "train", "epoch": 44}
{"loss": 0.2971346080303192, "acc": 0.8912259340286255, "length": 5.0, "mode": "test", "epoch": 44}
{"loss": 0.24150574207305908, "acc": 0.905232846736908, "length": 4.997945308685303, "mode": "train", "epoch": 45}
{"loss": 0.29483562707901, "acc": 0.8912259340286255, "length": 5.0, "mode": "test", "epoch": 45}
{"loss": 0.23638316988945007, "acc": 0.9067004919052124, "length": 4.998020648956299, "mode": "train", "epoch": 46}
{"loss": 0.28478747606277466, "acc": 0.8850160241127014, "length": 5.0, "mode": "test", "epoch": 46}
{"loss": 0.24060502648353577, "acc": 0.9066213965415955, "length": 4.997129917144775, "mode": "train", "epoch": 47}
{"loss": 0.2949988543987274, "acc": 0.8872195482254028, "length": 5.0, "mode": "test", "epoch": 47}
{"loss": 0.24750763177871704, "acc": 0.9019311666488647, "length": 4.997406959533691, "mode": "train", "epoch": 48}
{"loss": 0.3144674003124237, "acc": 0.8747996687889099, "length": 5.0, "mode": "test", "epoch": 48}
{"loss": 0.24677115678787231, "acc": 0.9055435061454773, "length": 4.996992111206055, "mode": "train", "epoch": 49}
{"loss": 0.2955438792705536, "acc": 0.8832131624221802, "length": 5.0, "mode": "test", "epoch": 49}
{"loss": 0.23895570635795593, "acc": 0.9072416424751282, "length": 4.99779748916626, "mode": "train", "epoch": 50}
{"loss": 0.2965821325778961, "acc": 0.8898237347602844, "length": 5.0, "mode": "test", "epoch": 50}
{"loss": 0.23534664511680603, "acc": 0.9059815406799316, "length": 4.999935150146484, "mode": "train", "epoch": 51}
{"loss": 0.3208063244819641, "acc": 0.8774038553237915, "length": 5.0, "mode": "test", "epoch": 51}
{"loss": 0.2464868724346161, "acc": 0.9035623669624329, "length": 4.998867988586426, "mode": "train", "epoch": 52}
{"loss": 0.2915826737880707, "acc": 0.8888221383094788, "length": 5.0, "mode": "test", "epoch": 52}
{"loss": 0.2577574551105499, "acc": 0.9024398326873779, "length": 4.999480247497559, "mode": "train", "epoch": 53}
{"loss": 0.3493330180644989, "acc": 0.8729968070983887, "length": 5.0, "mode": "test", "epoch": 53}
{"loss": 0.27129843831062317, "acc": 0.8970731496810913, "length": 4.999067306518555, "mode": "train", "epoch": 54}
{"loss": 0.3250657021999359, "acc": 0.8649839758872986, "length": 5.0, "mode": "test", "epoch": 54}
{"loss": 0.26579609513282776, "acc": 0.8924585580825806, "length": 4.999222278594971, "mode": "train", "epoch": 55}
{"loss": 0.32243525981903076, "acc": 0.8764022588729858, "length": 5.0, "mode": "test", "epoch": 55}
{"loss": 0.25430890917778015, "acc": 0.894068717956543, "length": 4.99973726272583, "mode": "train", "epoch": 56}
{"loss": 0.34261980652809143, "acc": 0.8603765964508057, "length": 5.0, "mode": "test", "epoch": 56}
{"loss": 0.2691446542739868, "acc": 0.8894359469413757, "length": 4.998621940612793, "mode": "train", "epoch": 57}
{"loss": 0.3199630677700043, "acc": 0.870192289352417, "length": 5.0, "mode": "test", "epoch": 57}
{"loss": 0.24689185619354248, "acc": 0.898412823677063, "length": 4.998464107513428, "mode": "train", "epoch": 58}
{"loss": 0.29929593205451965, "acc": 0.8832131624221802, "length": 5.0, "mode": "test", "epoch": 58}
{"loss": 0.25076597929000854, "acc": 0.897740364074707, "length": 4.99836540222168, "mode": "train", "epoch": 59}
{"loss": 0.3053623139858246, "acc": 0.8772035241127014, "length": 5.0, "mode": "test", "epoch": 59}
{"loss": 0.24227125942707062, "acc": 0.9042861461639404, "length": 4.995200157165527, "mode": "train", "epoch": 60}
{"loss": 0.2919827401638031, "acc": 0.8828125, "length": 5.0, "mode": "test", "epoch": 60}
{"loss": 0.23603282868862152, "acc": 0.9037619233131409, "length": 4.995707988739014, "mode": "train", "epoch": 61}
{"loss": 0.2924794852733612, "acc": 0.8842147588729858, "length": 5.0, "mode": "test", "epoch": 61}
{"loss": 0.23655587434768677, "acc": 0.9075756669044495, "length": 4.994180679321289, "mode": "train", "epoch": 62}
{"loss": 0.29309579730033875, "acc": 0.8882211446762085, "length": 5.0, "mode": "test", "epoch": 62}
{"loss": 0.2383648157119751, "acc": 0.905903160572052, "length": 4.999181270599365, "mode": "train", "epoch": 63}
{"loss": 0.2758902907371521, "acc": 0.8956330418586731, "length": 5.0, "mode": "test", "epoch": 63}
{"loss": 0.21971790492534637, "acc": 0.9149284362792969, "length": 4.9980597496032715, "mode": "train", "epoch": 64}
{"loss": 0.27756401896476746, "acc": 0.8972355723381042, "length": 5.0, "mode": "test", "epoch": 64}
{"loss": 0.2155400812625885, "acc": 0.9140101075172424, "length": 4.999755859375, "mode": "train", "epoch": 65}
{"loss": 0.2876628041267395, "acc": 0.8894230723381042, "length": 5.0, "mode": "test", "epoch": 65}
{"loss": 0.2212381660938263, "acc": 0.9139901995658875, "length": 4.998622894287109, "mode": "train", "epoch": 66}
{"loss": 0.287467896938324, "acc": 0.8904246687889099, "length": 5.0, "mode": "test", "epoch": 66}
{"loss": 0.22070902585983276, "acc": 0.9119954705238342, "length": 4.998714923858643, "mode": "train", "epoch": 67}
{"loss": 0.2935763895511627, "acc": 0.890625, "length": 5.0, "mode": "test", "epoch": 67}
{"loss": 0.28041183948516846, "acc": 0.8871450424194336, "length": 4.998332977294922, "mode": "train", "epoch": 68}
{"loss": 0.328337162733078, "acc": 0.8707932829856873, "length": 5.0, "mode": "test", "epoch": 68}
{"loss": 0.27553749084472656, "acc": 0.8861475586891174, "length": 4.998517990112305, "mode": "train", "epoch": 69}
{"loss": 0.3186282217502594, "acc": 0.875, "length": 5.0, "mode": "test", "epoch": 69}
{"loss": 0.2672673165798187, "acc": 0.8927701711654663, "length": 4.997743129730225, "mode": "train", "epoch": 70}
{"loss": 0.30293509364128113, "acc": 0.8790063858032227, "length": 5.0, "mode": "test", "epoch": 70}
{"loss": 0.25189849734306335, "acc": 0.8962770104408264, "length": 4.999643325805664, "mode": "train", "epoch": 71}
{"loss": 0.3018004596233368, "acc": 0.8830128312110901, "length": 5.0, "mode": "test", "epoch": 71}
{"loss": 0.24800923466682434, "acc": 0.9009345769882202, "length": 4.996816158294678, "mode": "train", "epoch": 72}
{"loss": 0.3001730442047119, "acc": 0.8884214758872986, "length": 5.0, "mode": "test", "epoch": 72}
{"loss": 0.24585649371147156, "acc": 0.9009366035461426, "length": 4.998577117919922, "mode": "train", "epoch": 73}
{"loss": 0.3028230667114258, "acc": 0.8864182829856873, "length": 5.0, "mode": "test", "epoch": 73}
{"loss": 0.24877837300300598, "acc": 0.899748682975769, "length": 4.999606132507324, "mode": "train", "epoch": 74}
{"loss": 0.2923709452152252, "acc": 0.8838140964508057, "length": 5.0, "mode": "test", "epoch": 74}
{"loss": 0.23056559264659882, "acc": 0.9057797789573669, "length": 4.9998908042907715, "mode": "train", "epoch": 75}
{"loss": 0.29496368765830994, "acc": 0.8864182829856873, "length": 5.0, "mode": "test", "epoch": 75}
{"loss": 0.22560492157936096, "acc": 0.9118707180023193, "length": 4.9999895095825195, "mode": "train", "epoch": 76}
{"loss": 0.28981658816337585, "acc": 0.8864182829856873, "length": 5.0, "mode": "test", "epoch": 76}
{"loss": 0.2507703900337219, "acc": 0.9016324281692505, "length": 4.999987602233887, "mode": "train", "epoch": 77}
{"loss": 0.3190681040287018, "acc": 0.8723958134651184, "length": 5.0, "mode": "test", "epoch": 77}
{"loss": 0.24823269248008728, "acc": 0.903221845626831, "length": 4.99911642074585, "mode": "train", "epoch": 78}
{"loss": 0.3020132780075073, "acc": 0.8850160241127014, "length": 5.0, "mode": "test", "epoch": 78}
{"loss": 0.23222333192825317, "acc": 0.9090593457221985, "length": 4.999945640563965, "mode": "train", "epoch": 79}
{"loss": 0.31145453453063965, "acc": 0.8846153616905212, "length": 5.0, "mode": "test", "epoch": 79}
{"loss": 0.23412677645683289, "acc": 0.9089261889457703, "length": 4.999740123748779, "mode": "train", "epoch": 80}
{"loss": 0.2874400317668915, "acc": 0.8934294581413269, "length": 5.0, "mode": "test", "epoch": 80}
{"loss": 0.22421638667583466, "acc": 0.9117369055747986, "length": 4.999989986419678, "mode": "train", "epoch": 81}
{"loss": 0.2893161475658417, "acc": 0.8868188858032227, "length": 5.0, "mode": "test", "epoch": 81}
{"loss": 0.21202456951141357, "acc": 0.9173569679260254, "length": 4.999956130981445, "mode": "train", "epoch": 82}
{"loss": 0.2913506329059601, "acc": 0.8846153616905212, "length": 5.0, "mode": "test", "epoch": 82}
{"loss": 0.2156662493944168, "acc": 0.9140790700912476, "length": 4.999992370605469, "mode": "train", "epoch": 83}
{"loss": 0.28153979778289795, "acc": 0.8924278616905212, "length": 5.0, "mode": "test", "epoch": 83}
{"loss": 0.20962481200695038, "acc": 0.9178264141082764, "length": 4.9999895095825195, "mode": "train", "epoch": 84}
{"loss": 0.2864706218242645, "acc": 0.8938301205635071, "length": 5.0, "mode": "test", "epoch": 84}
{"loss": 0.21401268243789673, "acc": 0.9165543913841248, "length": 4.999933242797852, "mode": "train", "epoch": 85}
{"loss": 0.29270514845848083, "acc": 0.8958333134651184, "length": 5.0, "mode": "test", "epoch": 85}
{"loss": 0.20676349103450775, "acc": 0.9227112531661987, "length": 4.999994277954102, "mode": "train", "epoch": 86}
{"loss": 0.30767887830734253, "acc": 0.8888221383094788, "length": 5.0, "mode": "test", "epoch": 86}
{"loss": 0.2109908163547516, "acc": 0.9185600280761719, "length": 4.999843120574951, "mode": "train", "epoch": 87}
{"loss": 0.2823108732700348, "acc": 0.8934294581413269, "length": 5.0, "mode": "test", "epoch": 87}
{"loss": 0.21161910891532898, "acc": 0.9180942177772522, "length": 4.999946117401123, "mode": "train", "epoch": 88}
{"loss": 0.27565789222717285, "acc": 0.8990384340286255, "length": 5.0, "mode": "test", "epoch": 88}
{"loss": 0.21093975007534027, "acc": 0.9186898469924927, "length": 4.9994587898254395, "mode": "train", "epoch": 89}
{"loss": 0.26526662707328796, "acc": 0.9022436141967773, "length": 5.0, "mode": "test", "epoch": 89}
{"loss": 0.21319130063056946, "acc": 0.9196991324424744, "length": 4.9999003410339355, "mode": "train", "epoch": 90}
{"loss": 0.27111369371414185, "acc": 0.8928285241127014, "length": 5.0, "mode": "test", "epoch": 90}
{"loss": 0.21292130649089813, "acc": 0.917090117931366, "length": 4.999962329864502, "mode": "train", "epoch": 91}
{"loss": 0.301864355802536, "acc": 0.8938301205635071, "length": 5.0, "mode": "test", "epoch": 91}
{"loss": 0.22531020641326904, "acc": 0.9127379059791565, "length": 4.999912261962891, "mode": "train", "epoch": 92}
{"loss": 0.27508699893951416, "acc": 0.8988381624221802, "length": 5.0, "mode": "test", "epoch": 92}
{"loss": 0.22865444421768188, "acc": 0.9083244800567627, "length": 4.999990940093994, "mode": "train", "epoch": 93}
{"loss": 0.2927860915660858, "acc": 0.8944311141967773, "length": 5.0, "mode": "test", "epoch": 93}
{"loss": 0.23402611911296844, "acc": 0.9071851968765259, "length": 4.999931812286377, "mode": "train", "epoch": 94}
{"loss": 0.303117036819458, "acc": 0.8870192170143127, "length": 5.0, "mode": "test", "epoch": 94}
{"loss": 0.21299436688423157, "acc": 0.9180126786231995, "length": 4.99932336807251, "mode": "train", "epoch": 95}
{"loss": 0.27784010767936707, "acc": 0.9002403616905212, "length": 5.0, "mode": "test", "epoch": 95}
{"loss": 0.2024114578962326, "acc": 0.9219083189964294, "length": 4.999993324279785, "mode": "train", "epoch": 96}
{"loss": 0.2789468765258789, "acc": 0.9016426205635071, "length": 5.0, "mode": "test", "epoch": 96}
{"loss": 0.22661606967449188, "acc": 0.912071704864502, "length": 4.999998092651367, "mode": "train", "epoch": 97}
{"loss": 0.30548831820487976, "acc": 0.8838140964508057, "length": 5.0, "mode": "test", "epoch": 97}
{"loss": 0.24432609975337982, "acc": 0.9016327857971191, "length": 4.999998092651367, "mode": "train", "epoch": 98}
{"loss": 0.30120307207107544, "acc": 0.8870192170143127, "length": 5.0, "mode": "test", "epoch": 98}
{"loss": 0.21875546872615814, "acc": 0.9143468737602234, "length": 4.999999046325684, "mode": "train", "epoch": 99}
{"loss": 0.29380959272384644, "acc": 0.8896234035491943, "length": 5.0, "mode": "test", "epoch": 99}
{"loss": 0.20782138407230377, "acc": 0.9174246191978455, "length": 4.999972820281982, "mode": "train", "epoch": 100}
{"loss": 0.2702440917491913, "acc": 0.8988381624221802, "length": 5.0, "mode": "test", "epoch": 100}
test accuracy: 0.8525862097740173
