# ["--attributes=4", "--values=3", "--game_size=4", "--vocab_size_factor=3", "--n_epochs=100", "--batch_size=32", "--learning_rate=0.001", "--hidden_size=256", "--temp_update=0.97", "--temperature=2"]
Creating train_ds and val_ds...

Creating test_ds...
{"loss": 0.7029213905334473, "acc": 0.49941691756248474, "length": 1.5243817567825317, "mode": "train", "epoch": 1}
{"loss": 0.6974214911460876, "acc": 0.5032258033752441, "length": 1.0, "mode": "test", "epoch": 1}
{"loss": 0.6982401609420776, "acc": 0.5058031678199768, "length": 1.0050525665283203, "mode": "train", "epoch": 2}
{"loss": 0.6928297877311707, "acc": 0.5252016186714172, "length": 1.0, "mode": "test", "epoch": 2}
{"loss": 0.6957976222038269, "acc": 0.5081414580345154, "length": 1.0043679475784302, "mode": "train", "epoch": 3}
{"loss": 0.695828914642334, "acc": 0.5145161151885986, "length": 1.0, "mode": "test", "epoch": 3}
{"loss": 0.6960045099258423, "acc": 0.5069471001625061, "length": 1.003886342048645, "mode": "train", "epoch": 4}
{"loss": 0.6928612589836121, "acc": 0.5201612710952759, "length": 1.0, "mode": "test", "epoch": 4}
{"loss": 0.6688061952590942, "acc": 0.5669332146644592, "length": 1.5480029582977295, "mode": "train", "epoch": 5}
{"loss": 0.6222124099731445, "acc": 0.6506363153457642, "length": 2.683871030807495, "mode": "test", "epoch": 5}
{"loss": 0.5689208507537842, "acc": 0.7039501667022705, "length": 2.6435999870300293, "mode": "train", "epoch": 6}
{"loss": 0.5606268048286438, "acc": 0.7212806940078735, "length": 3.6645162105560303, "mode": "test", "epoch": 6}
{"loss": 0.5136342644691467, "acc": 0.7563232779502869, "length": 3.2975778579711914, "mode": "train", "epoch": 7}
{"loss": 0.528910219669342, "acc": 0.7580624222755432, "length": 3.935483932495117, "mode": "test", "epoch": 7}
{"loss": 0.46389731764793396, "acc": 0.7755115032196045, "length": 3.9035892486572266, "mode": "train", "epoch": 8}
{"loss": 0.45507746934890747, "acc": 0.7928239107131958, "length": 3.9677419662475586, "mode": "test", "epoch": 8}
{"loss": 0.4191000461578369, "acc": 0.8041847944259644, "length": 4.040833950042725, "mode": "train", "epoch": 9}
{"loss": 0.4623662531375885, "acc": 0.7976436614990234, "length": 4.135483741760254, "mode": "test", "epoch": 9}
{"loss": 0.3856252133846283, "acc": 0.8283786177635193, "length": 4.083892822265625, "mode": "train", "epoch": 10}
{"loss": 0.4423658549785614, "acc": 0.8013083338737488, "length": 4.206451416015625, "mode": "test", "epoch": 10}
{"loss": 0.35596877336502075, "acc": 0.8454124927520752, "length": 4.195040225982666, "mode": "train", "epoch": 11}
{"loss": 0.4076104760169983, "acc": 0.8294691443443298, "length": 4.429032325744629, "mode": "test", "epoch": 11}
{"loss": 0.33041316270828247, "acc": 0.863709032535553, "length": 4.289853096008301, "mode": "train", "epoch": 12}
{"loss": 0.37532544136047363, "acc": 0.8474798202514648, "length": 4.416129112243652, "mode": "test", "epoch": 12}
{"loss": 0.312545508146286, "acc": 0.8721290230751038, "length": 4.4493021965026855, "mode": "train", "epoch": 13}
{"loss": 0.3682882785797119, "acc": 0.8386088609695435, "length": 4.764516353607178, "mode": "test", "epoch": 13}
{"loss": 0.30479857325553894, "acc": 0.8762458562850952, "length": 4.685397148132324, "mode": "train", "epoch": 14}
{"loss": 0.347713440656662, "acc": 0.8577054738998413, "length": 4.895161151885986, "mode": "test", "epoch": 14}
{"loss": 0.29082977771759033, "acc": 0.8803553581237793, "length": 4.759221076965332, "mode": "train", "epoch": 15}
{"loss": 0.3693055808544159, "acc": 0.8608682751655579, "length": 4.880645275115967, "mode": "test", "epoch": 15}
{"loss": 0.28008753061294556, "acc": 0.884457528591156, "length": 4.7753190994262695, "mode": "train", "epoch": 16}
{"loss": 0.34847715497016907, "acc": 0.868907630443573, "length": 4.8983869552612305, "mode": "test", "epoch": 16}
{"loss": 0.2774883806705475, "acc": 0.8849374055862427, "length": 4.756984710693359, "mode": "train", "epoch": 17}
{"loss": 0.36412516236305237, "acc": 0.8649003505706787, "length": 4.904838562011719, "mode": "test", "epoch": 17}
{"loss": 0.2693658173084259, "acc": 0.8885267376899719, "length": 4.8056640625, "mode": "train", "epoch": 18}
{"loss": 0.3422681987285614, "acc": 0.863539457321167, "length": 4.946774005889893, "mode": "test", "epoch": 18}
{"loss": 0.25794869661331177, "acc": 0.8930516839027405, "length": 4.835162162780762, "mode": "train", "epoch": 19}
{"loss": 0.33190402388572693, "acc": 0.8688383102416992, "length": 4.911290168762207, "mode": "test", "epoch": 19}
{"loss": 0.25021156668663025, "acc": 0.8952854871749878, "length": 4.836302280426025, "mode": "train", "epoch": 20}
{"loss": 0.3181769847869873, "acc": 0.8650516867637634, "length": 4.9209675788879395, "mode": "test", "epoch": 20}
{"loss": 0.24111543595790863, "acc": 0.8976960182189941, "length": 4.829931259155273, "mode": "train", "epoch": 21}
{"loss": 0.31666502356529236, "acc": 0.8788620233535767, "length": 4.917741775512695, "mode": "test", "epoch": 21}
{"loss": 0.23662590980529785, "acc": 0.9004631638526917, "length": 4.828476428985596, "mode": "train", "epoch": 22}
{"loss": 0.3303544521331787, "acc": 0.8758758306503296, "length": 4.858064651489258, "mode": "test", "epoch": 22}
{"loss": 0.23314222693443298, "acc": 0.9025559425354004, "length": 4.909315586090088, "mode": "train", "epoch": 23}
{"loss": 0.31857502460479736, "acc": 0.8746911883354187, "length": 4.954838752746582, "mode": "test", "epoch": 23}
{"loss": 0.22564660012722015, "acc": 0.9085887670516968, "length": 4.902613639831543, "mode": "train", "epoch": 24}
{"loss": 0.3182114362716675, "acc": 0.8830330967903137, "length": 4.951612949371338, "mode": "test", "epoch": 24}
{"loss": 0.21151819825172424, "acc": 0.9171028137207031, "length": 4.896295547485352, "mode": "train", "epoch": 25}
{"loss": 0.3086864948272705, "acc": 0.8910597562789917, "length": 4.929032325744629, "mode": "test", "epoch": 25}
{"loss": 0.21482153236865997, "acc": 0.914909839630127, "length": 4.9123334884643555, "mode": "train", "epoch": 26}
{"loss": 0.3405313789844513, "acc": 0.8802167177200317, "length": 4.8967742919921875, "mode": "test", "epoch": 26}
{"loss": 0.20107784867286682, "acc": 0.9221368432044983, "length": 4.88137674331665, "mode": "train", "epoch": 27}
{"loss": 0.2957100570201874, "acc": 0.8904864192008972, "length": 4.938709735870361, "mode": "test", "epoch": 27}
{"loss": 0.1922617256641388, "acc": 0.9283302426338196, "length": 4.891849994659424, "mode": "train", "epoch": 28}
{"loss": 0.28558334708213806, "acc": 0.8981224894523621, "length": 4.938709735870361, "mode": "test", "epoch": 28}
{"loss": 0.19192001223564148, "acc": 0.9270741939544678, "length": 4.927687644958496, "mode": "train", "epoch": 29}
{"loss": 0.3045625388622284, "acc": 0.8926663994789124, "length": 4.951612949371338, "mode": "test", "epoch": 29}
{"loss": 0.19712412357330322, "acc": 0.9223517179489136, "length": 4.904524803161621, "mode": "train", "epoch": 30}
{"loss": 0.2901704013347626, "acc": 0.8943234086036682, "length": 4.969354629516602, "mode": "test", "epoch": 30}
{"loss": 0.1848173290491104, "acc": 0.9287718534469604, "length": 4.898677825927734, "mode": "train", "epoch": 31}
{"loss": 0.2748473286628723, "acc": 0.9038621187210083, "length": 4.9419355392456055, "mode": "test", "epoch": 31}
{"loss": 0.17193445563316345, "acc": 0.9356865286827087, "length": 4.9277729988098145, "mode": "train", "epoch": 32}
{"loss": 0.28306493163108826, "acc": 0.9004158973693848, "length": 4.96129035949707, "mode": "test", "epoch": 32}
{"loss": 0.16374950110912323, "acc": 0.9397684335708618, "length": 4.933198928833008, "mode": "train", "epoch": 33}
{"loss": 0.27999088168144226, "acc": 0.9007939696311951, "length": 4.956451416015625, "mode": "test", "epoch": 33}
{"loss": 0.19208674132823944, "acc": 0.9298323392868042, "length": 4.9207539558410645, "mode": "train", "epoch": 34}
{"loss": 0.2637689411640167, "acc": 0.9051726460456848, "length": 4.940322399139404, "mode": "test", "epoch": 34}
{"loss": 0.17158830165863037, "acc": 0.9396247863769531, "length": 4.911794185638428, "mode": "train", "epoch": 35}
{"loss": 0.2632800340652466, "acc": 0.9040699601173401, "length": 4.951612949371338, "mode": "test", "epoch": 35}
{"loss": 0.15936803817749023, "acc": 0.9416159987449646, "length": 4.957302570343018, "mode": "train", "epoch": 36}
{"loss": 0.26093149185180664, "acc": 0.9096584320068359, "length": 4.980645179748535, "mode": "test", "epoch": 36}
{"loss": 0.14425629377365112, "acc": 0.9491735696792603, "length": 4.962184429168701, "mode": "train", "epoch": 37}
{"loss": 0.25109824538230896, "acc": 0.9130228161811829, "length": 4.987096786499023, "mode": "test", "epoch": 37}
{"loss": 0.1403512954711914, "acc": 0.9458842277526855, "length": 4.96452522277832, "mode": "train", "epoch": 38}
{"loss": 0.2753075063228607, "acc": 0.913256049156189, "length": 4.988709449768066, "mode": "test", "epoch": 38}
{"loss": 0.1450054943561554, "acc": 0.947310745716095, "length": 4.971584796905518, "mode": "train", "epoch": 39}
{"loss": 0.2710065543651581, "acc": 0.907258152961731, "length": 4.962903022766113, "mode": "test", "epoch": 39}
{"loss": 0.14401334524154663, "acc": 0.9465511441230774, "length": 4.920623779296875, "mode": "train", "epoch": 40}
{"loss": 0.26521143317222595, "acc": 0.9118699431419373, "length": 4.974193572998047, "mode": "test", "epoch": 40}
{"loss": 0.1422235369682312, "acc": 0.9484599828720093, "length": 4.951239109039307, "mode": "train", "epoch": 41}
{"loss": 0.26898351311683655, "acc": 0.9134640693664551, "length": 4.933870792388916, "mode": "test", "epoch": 41}
{"loss": 0.1527491807937622, "acc": 0.9448776841163635, "length": 4.909688949584961, "mode": "train", "epoch": 42}
{"loss": 0.28572648763656616, "acc": 0.9075226783752441, "length": 4.870967864990234, "mode": "test", "epoch": 42}
{"loss": 0.16089560091495514, "acc": 0.9418643712997437, "length": 4.863218307495117, "mode": "train", "epoch": 43}
{"loss": 0.27742519974708557, "acc": 0.9105217456817627, "length": 4.932258129119873, "mode": "test", "epoch": 43}
{"loss": 0.18361209332942963, "acc": 0.9323491454124451, "length": 4.896315574645996, "mode": "train", "epoch": 44}
{"loss": 0.29208052158355713, "acc": 0.9065459966659546, "length": 4.97580623626709, "mode": "test", "epoch": 44}
{"loss": 0.15432637929916382, "acc": 0.942539632320404, "length": 4.931655406951904, "mode": "train", "epoch": 45}
{"loss": 0.2480287402868271, "acc": 0.9133695363998413, "length": 4.967741966247559, "mode": "test", "epoch": 45}
{"loss": 0.1450730562210083, "acc": 0.9466082453727722, "length": 4.959728717803955, "mode": "train", "epoch": 46}
{"loss": 0.24796560406684875, "acc": 0.9241430759429932, "length": 4.987096786499023, "mode": "test", "epoch": 46}
{"loss": 0.15953050553798676, "acc": 0.9430784583091736, "length": 4.964864253997803, "mode": "train", "epoch": 47}
{"loss": 0.26718613505363464, "acc": 0.9120400547981262, "length": 4.982257843017578, "mode": "test", "epoch": 47}
{"loss": 0.1533336341381073, "acc": 0.9437968730926514, "length": 4.960531234741211, "mode": "train", "epoch": 48}
{"loss": 0.24779026210308075, "acc": 0.9221774339675903, "length": 4.990322589874268, "mode": "test", "epoch": 48}
{"loss": 0.13595926761627197, "acc": 0.9526821374893188, "length": 4.975337028503418, "mode": "train", "epoch": 49}
{"loss": 0.23901283740997314, "acc": 0.9212324619293213, "length": 4.969354629516602, "mode": "test", "epoch": 49}
{"loss": 0.1365194320678711, "acc": 0.9514517188072205, "length": 4.968202114105225, "mode": "train", "epoch": 50}
{"loss": 0.24171312153339386, "acc": 0.9197390675544739, "length": 4.995161056518555, "mode": "test", "epoch": 50}
{"loss": 0.12777261435985565, "acc": 0.9536327719688416, "length": 4.962856769561768, "mode": "train", "epoch": 51}
{"loss": 0.24914824962615967, "acc": 0.919253945350647, "length": 4.977419376373291, "mode": "test", "epoch": 51}
{"loss": 0.11917618662118912, "acc": 0.9574201703071594, "length": 4.947312355041504, "mode": "train", "epoch": 52}
{"loss": 0.24087882041931152, "acc": 0.9243699312210083, "length": 4.970967769622803, "mode": "test", "epoch": 52}
{"loss": 0.12722806632518768, "acc": 0.9557264447212219, "length": 4.975124359130859, "mode": "train", "epoch": 53}
{"loss": 0.26890894770622253, "acc": 0.9119013547897339, "length": 4.995161056518555, "mode": "test", "epoch": 53}
{"loss": 0.15396592020988464, "acc": 0.9438565969467163, "length": 4.988326072692871, "mode": "train", "epoch": 54}
{"loss": 0.28364235162734985, "acc": 0.900226891040802, "length": 4.987096786499023, "mode": "test", "epoch": 54}
{"loss": 0.13758248090744019, "acc": 0.9481397867202759, "length": 4.959375381469727, "mode": "train", "epoch": 55}
{"loss": 0.2616633176803589, "acc": 0.9192792177200317, "length": 4.979032039642334, "mode": "test", "epoch": 55}
{"loss": 0.14213702082633972, "acc": 0.9501203894615173, "length": 4.956515789031982, "mode": "train", "epoch": 56}
{"loss": 0.2396601289510727, "acc": 0.9149570465087891, "length": 4.985483646392822, "mode": "test", "epoch": 56}
{"loss": 0.1422930359840393, "acc": 0.9490593075752258, "length": 4.959438323974609, "mode": "train", "epoch": 57}
{"loss": 0.25346940755844116, "acc": 0.9132876396179199, "length": 4.982257843017578, "mode": "test", "epoch": 57}
{"loss": 0.14444050192832947, "acc": 0.9485110640525818, "length": 4.958504676818848, "mode": "train", "epoch": 58}
{"loss": 0.26337888836860657, "acc": 0.9143018126487732, "length": 4.977419376373291, "mode": "test", "epoch": 58}
{"loss": 0.1333177536725998, "acc": 0.9513341188430786, "length": 4.950014114379883, "mode": "train", "epoch": 59}
{"loss": 0.23498518764972687, "acc": 0.92380291223526, "length": 4.954838752746582, "mode": "test", "epoch": 59}
{"loss": 0.12812668085098267, "acc": 0.9541880488395691, "length": 4.948267936706543, "mode": "train", "epoch": 60}
{"loss": 0.2747018337249756, "acc": 0.9105026721954346, "length": 4.996774196624756, "mode": "test", "epoch": 60}
{"loss": 0.12781848013401031, "acc": 0.9528018236160278, "length": 4.980706691741943, "mode": "train", "epoch": 61}
{"loss": 0.24733515083789825, "acc": 0.9223665595054626, "length": 4.983870983123779, "mode": "test", "epoch": 61}
{"loss": 0.12890973687171936, "acc": 0.9542347192764282, "length": 4.981767654418945, "mode": "train", "epoch": 62}
{"loss": 0.2441176474094391, "acc": 0.916985809803009, "length": 4.988709449768066, "mode": "test", "epoch": 62}
{"loss": 0.11842024326324463, "acc": 0.9561638236045837, "length": 4.971256256103516, "mode": "train", "epoch": 63}
{"loss": 0.21832802891731262, "acc": 0.9282320141792297, "length": 4.990322589874268, "mode": "test", "epoch": 63}
{"loss": 0.10677973926067352, "acc": 0.9626910090446472, "length": 4.974211692810059, "mode": "train", "epoch": 64}
{"loss": 0.24510501325130463, "acc": 0.9272240400314331, "length": 4.979032039642334, "mode": "test", "epoch": 64}
{"loss": 0.14586855471134186, "acc": 0.9507029056549072, "length": 4.970754623413086, "mode": "train", "epoch": 65}
{"loss": 0.3179349899291992, "acc": 0.9024194478988647, "length": 4.985483646392822, "mode": "test", "epoch": 65}
{"loss": 0.15981999039649963, "acc": 0.941941499710083, "length": 4.977756977081299, "mode": "train", "epoch": 66}
{"loss": 0.27077171206474304, "acc": 0.9109060168266296, "length": 4.987096786499023, "mode": "test", "epoch": 66}
{"loss": 0.14006513357162476, "acc": 0.9507899880409241, "length": 4.968771457672119, "mode": "train", "epoch": 67}
{"loss": 0.2683398723602295, "acc": 0.9086819291114807, "length": 4.987096786499023, "mode": "test", "epoch": 67}
{"loss": 0.14288266003131866, "acc": 0.9465981721878052, "length": 4.949192523956299, "mode": "train", "epoch": 68}
{"loss": 0.23888857662677765, "acc": 0.9177924394607544, "length": 4.951612949371338, "mode": "test", "epoch": 68}
{"loss": 0.13177211582660675, "acc": 0.9493047595024109, "length": 4.952040195465088, "mode": "train", "epoch": 69}
{"loss": 0.23944459855556488, "acc": 0.9176158308982849, "length": 4.970967769622803, "mode": "test", "epoch": 69}
{"loss": 0.10782033205032349, "acc": 0.962679386138916, "length": 4.960362911224365, "mode": "train", "epoch": 70}
{"loss": 0.22280167043209076, "acc": 0.9271170496940613, "length": 4.974193572998047, "mode": "test", "epoch": 70}
{"loss": 0.1319231241941452, "acc": 0.951968789100647, "length": 4.970846652984619, "mode": "train", "epoch": 71}
{"loss": 0.23702068626880646, "acc": 0.9243068695068359, "length": 4.977419376373291, "mode": "test", "epoch": 71}
{"loss": 0.11369001865386963, "acc": 0.9606016874313354, "length": 4.950611114501953, "mode": "train", "epoch": 72}
{"loss": 0.24743066728115082, "acc": 0.9233430027961731, "length": 4.970967769622803, "mode": "test", "epoch": 72}
{"loss": 0.11377779394388199, "acc": 0.9588183760643005, "length": 4.966157913208008, "mode": "train", "epoch": 73}
{"loss": 0.24361436069011688, "acc": 0.9184665679931641, "length": 4.987096786499023, "mode": "test", "epoch": 73}
{"loss": 0.13815762102603912, "acc": 0.9499548673629761, "length": 4.988646507263184, "mode": "train", "epoch": 74}
{"loss": 0.2382422238588333, "acc": 0.9163305759429932, "length": 4.998386859893799, "mode": "test", "epoch": 74}
{"loss": 0.12454086542129517, "acc": 0.9519842863082886, "length": 4.994833946228027, "mode": "train", "epoch": 75}
{"loss": 0.25263652205467224, "acc": 0.9203630089759827, "length": 5.0, "mode": "test", "epoch": 75}
{"loss": 0.11913155019283295, "acc": 0.9563267230987549, "length": 4.99461555480957, "mode": "train", "epoch": 76}
{"loss": 0.2522675395011902, "acc": 0.9231792092323303, "length": 4.998386859893799, "mode": "test", "epoch": 76}
{"loss": 0.11108051985502243, "acc": 0.9590522646903992, "length": 4.993704795837402, "mode": "train", "epoch": 77}
{"loss": 0.24299564957618713, "acc": 0.9282256960868835, "length": 4.998386859893799, "mode": "test", "epoch": 77}
{"loss": 0.10728796571493149, "acc": 0.9617326259613037, "length": 4.994831562042236, "mode": "train", "epoch": 78}
{"loss": 0.23100049793720245, "acc": 0.9269656538963318, "length": 4.995161056518555, "mode": "test", "epoch": 78}
{"loss": 0.10590694099664688, "acc": 0.9619216918945312, "length": 4.993081092834473, "mode": "train", "epoch": 79}
{"loss": 0.24118278920650482, "acc": 0.9263861775398254, "length": 4.995161056518555, "mode": "test", "epoch": 79}
{"loss": 0.09835270792245865, "acc": 0.9642581343650818, "length": 4.991058349609375, "mode": "train", "epoch": 80}
{"loss": 0.22760160267353058, "acc": 0.9284084439277649, "length": 4.996774196624756, "mode": "test", "epoch": 80}
{"loss": 0.10914936661720276, "acc": 0.9601141214370728, "length": 4.991989612579346, "mode": "train", "epoch": 81}
{"loss": 0.2556467354297638, "acc": 0.9209677577018738, "length": 5.0, "mode": "test", "epoch": 81}
{"loss": 0.10512549430131912, "acc": 0.9638747572898865, "length": 4.996140956878662, "mode": "train", "epoch": 82}
{"loss": 0.2650396525859833, "acc": 0.9227822422981262, "length": 5.0, "mode": "test", "epoch": 82}
{"loss": 0.1080421656370163, "acc": 0.962006688117981, "length": 4.996624946594238, "mode": "train", "epoch": 83}
{"loss": 0.24793119728565216, "acc": 0.9211693406105042, "length": 5.0, "mode": "test", "epoch": 83}
{"loss": 0.1117589995265007, "acc": 0.9599250555038452, "length": 4.996875286102295, "mode": "train", "epoch": 84}
{"loss": 0.2948054373264313, "acc": 0.9127017259597778, "length": 5.0, "mode": "test", "epoch": 84}
{"loss": 0.11587254703044891, "acc": 0.9586451053619385, "length": 4.998332500457764, "mode": "train", "epoch": 85}
{"loss": 0.2630743682384491, "acc": 0.9151210784912109, "length": 5.0, "mode": "test", "epoch": 85}
{"loss": 0.10843430459499359, "acc": 0.9615949392318726, "length": 4.997558116912842, "mode": "train", "epoch": 86}
{"loss": 0.27047082781791687, "acc": 0.9139114022254944, "length": 5.0, "mode": "test", "epoch": 86}
{"loss": 0.10157514363527298, "acc": 0.9633515477180481, "length": 4.99467658996582, "mode": "train", "epoch": 87}
{"loss": 0.24468715488910675, "acc": 0.9268144965171814, "length": 5.0, "mode": "test", "epoch": 87}
{"loss": 0.10089603811502457, "acc": 0.9628900289535522, "length": 4.996761798858643, "mode": "train", "epoch": 88}
{"loss": 0.2374148815870285, "acc": 0.9233869910240173, "length": 5.0, "mode": "test", "epoch": 88}
{"loss": 0.09017270803451538, "acc": 0.967529296875, "length": 4.997342109680176, "mode": "train", "epoch": 89}
{"loss": 0.2489890307188034, "acc": 0.9207660555839539, "length": 5.0, "mode": "test", "epoch": 89}
{"loss": 0.08767460286617279, "acc": 0.9681136012077332, "length": 4.9944305419921875, "mode": "train", "epoch": 90}
{"loss": 0.2427719384431839, "acc": 0.9231855869293213, "length": 5.0, "mode": "test", "epoch": 90}
{"loss": 0.09864014387130737, "acc": 0.9630666375160217, "length": 4.996336460113525, "mode": "train", "epoch": 91}
{"loss": 0.25303998589515686, "acc": 0.9209678173065186, "length": 5.0, "mode": "test", "epoch": 91}
{"loss": 0.1271493136882782, "acc": 0.9551961421966553, "length": 4.995388984680176, "mode": "train", "epoch": 92}
{"loss": 0.2319883406162262, "acc": 0.9181451797485352, "length": 5.0, "mode": "test", "epoch": 92}
{"loss": 0.15130899846553802, "acc": 0.9437547922134399, "length": 4.997948169708252, "mode": "train", "epoch": 93}
{"loss": 0.25606080889701843, "acc": 0.9155241847038269, "length": 5.0, "mode": "test", "epoch": 93}
{"loss": 0.1306980401277542, "acc": 0.9520409107208252, "length": 4.997502326965332, "mode": "train", "epoch": 94}
{"loss": 0.2729187607765198, "acc": 0.9161290526390076, "length": 5.0, "mode": "test", "epoch": 94}
{"loss": 0.12086403369903564, "acc": 0.95566725730896, "length": 4.997572898864746, "mode": "train", "epoch": 95}
{"loss": 0.2597510516643524, "acc": 0.9193549156188965, "length": 5.0, "mode": "test", "epoch": 95}
{"loss": 0.1158735603094101, "acc": 0.9590503573417664, "length": 4.999701976776123, "mode": "train", "epoch": 96}
{"loss": 0.25810670852661133, "acc": 0.9207662343978882, "length": 5.0, "mode": "test", "epoch": 96}
{"loss": 0.11522915214300156, "acc": 0.9594524502754211, "length": 4.999096870422363, "mode": "train", "epoch": 97}
{"loss": 0.2428208589553833, "acc": 0.9233871698379517, "length": 5.0, "mode": "test", "epoch": 97}
{"loss": 0.1158304288983345, "acc": 0.9579700827598572, "length": 4.999212741851807, "mode": "train", "epoch": 98}
{"loss": 0.27056556940078735, "acc": 0.9183468818664551, "length": 5.0, "mode": "test", "epoch": 98}
{"loss": 0.11313199996948242, "acc": 0.9573015570640564, "length": 4.999536991119385, "mode": "train", "epoch": 99}
{"loss": 0.2470664530992508, "acc": 0.9237902164459229, "length": 5.0, "mode": "test", "epoch": 99}
{"loss": 0.10793831944465637, "acc": 0.9620169401168823, "length": 4.998289585113525, "mode": "train", "epoch": 100}
{"loss": 0.25114554166793823, "acc": 0.9282259345054626, "length": 5.0, "mode": "test", "epoch": 100}
test accuracy: 0.8829697966575623
