# ["--attributes=4", "--values=3", "--game_size=4", "--vocab_size_factor=3", "--n_epochs=100", "--batch_size=32", "--learning_rate=0.001", "--hidden_size=256", "--temp_update=0.99", "--temperature=1"]
Creating train_ds and val_ds...

Creating test_ds...
{"loss": 0.695058286190033, "acc": 0.5233020782470703, "length": 1.5445796251296997, "mode": "train", "epoch": 1}
{"loss": 0.6382487416267395, "acc": 0.6580684185028076, "length": 2.2576985359191895, "mode": "test", "epoch": 1}
{"loss": 0.5994096994400024, "acc": 0.6658845543861389, "length": 2.1805782318115234, "mode": "train", "epoch": 2}
{"loss": 0.6128730177879333, "acc": 0.6652660369873047, "length": 1.9789303541183472, "mode": "test", "epoch": 2}
{"loss": 0.5716120004653931, "acc": 0.6901687383651733, "length": 2.530364990234375, "mode": "train", "epoch": 3}
{"loss": 0.5645076036453247, "acc": 0.7287973165512085, "length": 2.873581886291504, "mode": "test", "epoch": 3}
{"loss": 0.5232871770858765, "acc": 0.7399449348449707, "length": 3.1953556537628174, "mode": "train", "epoch": 4}
{"loss": 0.5296406149864197, "acc": 0.7518500089645386, "length": 3.0097243785858154, "mode": "test", "epoch": 4}
{"loss": 0.46560609340667725, "acc": 0.7870572209358215, "length": 3.6094601154327393, "mode": "train", "epoch": 5}
{"loss": 0.4892689287662506, "acc": 0.7790924906730652, "length": 3.7941653728485107, "mode": "test", "epoch": 5}
{"loss": 0.4329657256603241, "acc": 0.8009797930717468, "length": 3.5751307010650635, "mode": "train", "epoch": 6}
{"loss": 0.46210846304893494, "acc": 0.7901098728179932, "length": 3.5931928157806396, "mode": "test", "epoch": 6}
{"loss": 0.39987778663635254, "acc": 0.819270133972168, "length": 4.033946990966797, "mode": "train", "epoch": 7}
{"loss": 0.4410620331764221, "acc": 0.7890589237213135, "length": 4.356564044952393, "mode": "test", "epoch": 7}
{"loss": 0.3752387762069702, "acc": 0.8337406516075134, "length": 4.2191081047058105, "mode": "train", "epoch": 8}
{"loss": 0.41241535544395447, "acc": 0.8064827919006348, "length": 4.236629009246826, "mode": "test", "epoch": 8}
{"loss": 0.36239540576934814, "acc": 0.8422884345054626, "length": 4.241194248199463, "mode": "train", "epoch": 9}
{"loss": 0.4012547433376312, "acc": 0.8144752383232117, "length": 4.239870548248291, "mode": "test", "epoch": 9}
{"loss": 0.34565216302871704, "acc": 0.8452792167663574, "length": 4.208887577056885, "mode": "train", "epoch": 10}
{"loss": 0.4045329988002777, "acc": 0.812800407409668, "length": 4.264181613922119, "mode": "test", "epoch": 10}
{"loss": 0.337913453578949, "acc": 0.8470141291618347, "length": 4.23252534866333, "mode": "train", "epoch": 11}
{"loss": 0.40779876708984375, "acc": 0.8260266780853271, "length": 4.231766700744629, "mode": "test", "epoch": 11}
{"loss": 0.3301897943019867, "acc": 0.8540358543395996, "length": 4.253048419952393, "mode": "train", "epoch": 12}
{"loss": 0.40752893686294556, "acc": 0.8079347014427185, "length": 4.220421314239502, "mode": "test", "epoch": 12}
{"loss": 0.32743802666664124, "acc": 0.8554060459136963, "length": 4.26777458190918, "mode": "train", "epoch": 13}
{"loss": 0.391370952129364, "acc": 0.8251585364341736, "length": 4.275526523590088, "mode": "test", "epoch": 13}
{"loss": 0.31920287013053894, "acc": 0.8576779365539551, "length": 4.284943103790283, "mode": "train", "epoch": 14}
{"loss": 0.39440372586250305, "acc": 0.8225409984588623, "length": 4.225283622741699, "mode": "test", "epoch": 14}
{"loss": 0.3123656213283539, "acc": 0.8602026104927063, "length": 4.29513692855835, "mode": "train", "epoch": 15}
{"loss": 0.37623071670532227, "acc": 0.835590660572052, "length": 4.296596527099609, "mode": "test", "epoch": 15}
{"loss": 0.3046513497829437, "acc": 0.8643089532852173, "length": 4.282148838043213, "mode": "train", "epoch": 16}
{"loss": 0.39141759276390076, "acc": 0.8260259032249451, "length": 4.414910793304443, "mode": "test", "epoch": 16}
{"loss": 0.3070690929889679, "acc": 0.8634374141693115, "length": 4.297706127166748, "mode": "train", "epoch": 17}
{"loss": 0.406137615442276, "acc": 0.8228153586387634, "length": 4.264181613922119, "mode": "test", "epoch": 17}
{"loss": 0.30700910091400146, "acc": 0.8657748699188232, "length": 4.315888404846191, "mode": "train", "epoch": 18}
{"loss": 0.3857012391090393, "acc": 0.8320517539978027, "length": 4.301458835601807, "mode": "test", "epoch": 18}
{"loss": 0.30111780762672424, "acc": 0.8648281097412109, "length": 4.299080848693848, "mode": "train", "epoch": 19}
{"loss": 0.3909790515899658, "acc": 0.8331785798072815, "length": 4.27714729309082, "mode": "test", "epoch": 19}
{"loss": 0.2954642176628113, "acc": 0.8690493702888489, "length": 4.321837902069092, "mode": "train", "epoch": 20}
{"loss": 0.3924015462398529, "acc": 0.8237473368644714, "length": 4.319286823272705, "mode": "test", "epoch": 20}
{"loss": 0.3149472177028656, "acc": 0.8632227182388306, "length": 4.307982921600342, "mode": "train", "epoch": 21}
{"loss": 0.38036322593688965, "acc": 0.8314699530601501, "length": 4.379254341125488, "mode": "test", "epoch": 21}
{"loss": 0.29429271817207336, "acc": 0.8706904053688049, "length": 4.47749662399292, "mode": "train", "epoch": 22}
{"loss": 0.37478411197662354, "acc": 0.8561363816261292, "length": 4.786061763763428, "mode": "test", "epoch": 22}
{"loss": 0.2875724136829376, "acc": 0.8760954141616821, "length": 4.771310806274414, "mode": "train", "epoch": 23}
{"loss": 0.3785245716571808, "acc": 0.8455044031143188, "length": 4.7698540687561035, "mode": "test", "epoch": 23}
{"loss": 0.2822265625, "acc": 0.8834303021430969, "length": 4.864176273345947, "mode": "train", "epoch": 24}
{"loss": 0.36636999249458313, "acc": 0.8596296310424805, "length": 4.904376029968262, "mode": "test", "epoch": 24}
{"loss": 0.27362942695617676, "acc": 0.8844917416572571, "length": 4.915968894958496, "mode": "train", "epoch": 25}
{"loss": 0.3701361119747162, "acc": 0.8523222208023071, "length": 4.996758460998535, "mode": "test", "epoch": 25}
{"loss": 0.26742979884147644, "acc": 0.8873492479324341, "length": 4.922996997833252, "mode": "train", "epoch": 26}
{"loss": 0.40639528632164, "acc": 0.8462253212928772, "length": 4.998379230499268, "mode": "test", "epoch": 26}
{"loss": 0.28231239318847656, "acc": 0.8827129602432251, "length": 4.948136806488037, "mode": "train", "epoch": 27}
{"loss": 0.3659087121486664, "acc": 0.8577669262886047, "length": 4.996758460998535, "mode": "test", "epoch": 27}
{"loss": 0.2505495846271515, "acc": 0.8955523371696472, "length": 4.95937967300415, "mode": "train", "epoch": 28}
{"loss": 0.34907087683677673, "acc": 0.8644652366638184, "length": 5.0, "mode": "test", "epoch": 28}
{"loss": 0.24159161746501923, "acc": 0.9010627269744873, "length": 4.981008052825928, "mode": "train", "epoch": 29}
{"loss": 0.3372879922389984, "acc": 0.8717585206031799, "length": 5.0, "mode": "test", "epoch": 29}
{"loss": 0.2275252342224121, "acc": 0.9075425267219543, "length": 4.985413551330566, "mode": "train", "epoch": 30}
{"loss": 0.3437475860118866, "acc": 0.8739870190620422, "length": 5.0, "mode": "test", "epoch": 30}
{"loss": 0.22842568159103394, "acc": 0.9088445901870728, "length": 4.990808963775635, "mode": "train", "epoch": 31}
{"loss": 0.322380393743515, "acc": 0.8752025961875916, "length": 5.0, "mode": "test", "epoch": 31}
{"loss": 0.22768853604793549, "acc": 0.9099657535552979, "length": 4.982194423675537, "mode": "train", "epoch": 32}
{"loss": 0.3329544961452484, "acc": 0.877836287021637, "length": 5.0, "mode": "test", "epoch": 32}
{"loss": 0.23634277284145355, "acc": 0.9038777947425842, "length": 4.991477012634277, "mode": "train", "epoch": 33}
{"loss": 0.3269594609737396, "acc": 0.8762156367301941, "length": 5.0, "mode": "test", "epoch": 33}
{"loss": 0.2268153876066208, "acc": 0.9067229628562927, "length": 4.984846591949463, "mode": "train", "epoch": 34}
{"loss": 0.3209405839443207, "acc": 0.873176634311676, "length": 5.0, "mode": "test", "epoch": 34}
{"loss": 0.21391728520393372, "acc": 0.9151356816291809, "length": 4.989861965179443, "mode": "train", "epoch": 35}
{"loss": 0.303018182516098, "acc": 0.885737419128418, "length": 5.0, "mode": "test", "epoch": 35}
{"loss": 0.20491550862789154, "acc": 0.9170399904251099, "length": 4.9916090965271, "mode": "train", "epoch": 36}
{"loss": 0.34958311915397644, "acc": 0.8719611167907715, "length": 5.0, "mode": "test", "epoch": 36}
{"loss": 0.20320440828800201, "acc": 0.9182109236717224, "length": 4.993991851806641, "mode": "train", "epoch": 37}
{"loss": 0.329764723777771, "acc": 0.8853322267532349, "length": 5.0, "mode": "test", "epoch": 37}
{"loss": 0.21231403946876526, "acc": 0.914606511592865, "length": 4.991124153137207, "mode": "train", "epoch": 38}
{"loss": 0.38187214732170105, "acc": 0.8415722250938416, "length": 5.0, "mode": "test", "epoch": 38}
{"loss": 0.29853126406669617, "acc": 0.8739916682243347, "length": 4.9894795417785645, "mode": "train", "epoch": 39}
{"loss": 0.382479727268219, "acc": 0.8342787623405457, "length": 5.0, "mode": "test", "epoch": 39}
{"loss": 0.2548030614852905, "acc": 0.8963878154754639, "length": 4.991180419921875, "mode": "train", "epoch": 40}
{"loss": 0.32784798741340637, "acc": 0.867098867893219, "length": 5.0, "mode": "test", "epoch": 40}
{"loss": 0.22900547087192535, "acc": 0.905127227306366, "length": 4.994996547698975, "mode": "train", "epoch": 41}
{"loss": 0.3444724977016449, "acc": 0.8713534474372864, "length": 5.0, "mode": "test", "epoch": 41}
{"loss": 0.21368378400802612, "acc": 0.9159303307533264, "length": 4.998013019561768, "mode": "train", "epoch": 42}
{"loss": 0.33100625872612, "acc": 0.8796596527099609, "length": 5.0, "mode": "test", "epoch": 42}
{"loss": 0.2029692530632019, "acc": 0.9194446802139282, "length": 4.993274688720703, "mode": "train", "epoch": 43}
{"loss": 0.35022345185279846, "acc": 0.8754053115844727, "length": 5.0, "mode": "test", "epoch": 43}
{"loss": 0.2003277689218521, "acc": 0.9213998913764954, "length": 4.994988918304443, "mode": "train", "epoch": 44}
{"loss": 0.31142789125442505, "acc": 0.8851296305656433, "length": 5.0, "mode": "test", "epoch": 44}
{"loss": 0.19130277633666992, "acc": 0.9252625107765198, "length": 4.997529029846191, "mode": "train", "epoch": 45}
{"loss": 0.3223471939563751, "acc": 0.8816855549812317, "length": 5.0, "mode": "test", "epoch": 45}
{"loss": 0.18773753941059113, "acc": 0.9213316440582275, "length": 4.997034549713135, "mode": "train", "epoch": 46}
{"loss": 0.30883312225341797, "acc": 0.885737419128418, "length": 5.0, "mode": "test", "epoch": 46}
{"loss": 0.1905875951051712, "acc": 0.9237475395202637, "length": 4.997020244598389, "mode": "train", "epoch": 47}
{"loss": 0.33178743720054626, "acc": 0.8802674412727356, "length": 5.0, "mode": "test", "epoch": 47}
{"loss": 0.20203225314617157, "acc": 0.9175030589103699, "length": 4.996350288391113, "mode": "train", "epoch": 48}
{"loss": 0.3203488290309906, "acc": 0.8849270939826965, "length": 5.0, "mode": "test", "epoch": 48}
{"loss": 0.20702876150608063, "acc": 0.9191190600395203, "length": 4.999136447906494, "mode": "train", "epoch": 49}
{"loss": 0.3162916898727417, "acc": 0.8831037282943726, "length": 5.0, "mode": "test", "epoch": 49}
{"loss": 0.18847309052944183, "acc": 0.9246639013290405, "length": 4.9987030029296875, "mode": "train", "epoch": 50}
{"loss": 0.2976812422275543, "acc": 0.8881685733795166, "length": 5.0, "mode": "test", "epoch": 50}
{"loss": 0.19077131152153015, "acc": 0.9260503649711609, "length": 4.99855899810791, "mode": "train", "epoch": 51}
{"loss": 0.28674182295799255, "acc": 0.8912074565887451, "length": 5.0, "mode": "test", "epoch": 51}
{"loss": 0.18348991870880127, "acc": 0.9273001551628113, "length": 4.9987592697143555, "mode": "train", "epoch": 52}
{"loss": 0.2813051640987396, "acc": 0.8938410878181458, "length": 5.0, "mode": "test", "epoch": 52}
{"loss": 0.1874125897884369, "acc": 0.9272292852401733, "length": 4.998560905456543, "mode": "train", "epoch": 53}
{"loss": 0.2823665738105774, "acc": 0.8982982039451599, "length": 5.0, "mode": "test", "epoch": 53}
{"loss": 0.1802034080028534, "acc": 0.9298150539398193, "length": 4.999394416809082, "mode": "train", "epoch": 54}
{"loss": 0.3081294000148773, "acc": 0.8879660367965698, "length": 5.0, "mode": "test", "epoch": 54}
{"loss": 0.18036289513111115, "acc": 0.9291751980781555, "length": 4.998305320739746, "mode": "train", "epoch": 55}
{"loss": 0.3146175444126129, "acc": 0.8869531154632568, "length": 5.0, "mode": "test", "epoch": 55}
{"loss": 0.17807944118976593, "acc": 0.9310337901115417, "length": 4.999659061431885, "mode": "train", "epoch": 56}
{"loss": 0.27716803550720215, "acc": 0.8944490551948547, "length": 5.0, "mode": "test", "epoch": 56}
{"loss": 0.1869913786649704, "acc": 0.9260165095329285, "length": 4.997908115386963, "mode": "train", "epoch": 57}
{"loss": 0.2909993529319763, "acc": 0.8946515321731567, "length": 5.0, "mode": "test", "epoch": 57}
{"loss": 0.1809924691915512, "acc": 0.9305625557899475, "length": 4.997309684753418, "mode": "train", "epoch": 58}
{"loss": 0.2866753339767456, "acc": 0.8960695862770081, "length": 5.0, "mode": "test", "epoch": 58}
{"loss": 0.18849526345729828, "acc": 0.9241291880607605, "length": 4.998934268951416, "mode": "train", "epoch": 59}
{"loss": 0.3065792918205261, "acc": 0.8802674412727356, "length": 5.0, "mode": "test", "epoch": 59}
{"loss": 0.19636021554470062, "acc": 0.9186305403709412, "length": 4.998432636260986, "mode": "train", "epoch": 60}
{"loss": 0.2708660066127777, "acc": 0.8946514129638672, "length": 5.0, "mode": "test", "epoch": 60}
{"loss": 0.19938844442367554, "acc": 0.9199998378753662, "length": 4.9996771812438965, "mode": "train", "epoch": 61}
{"loss": 0.3104422688484192, "acc": 0.8851295709609985, "length": 5.0, "mode": "test", "epoch": 61}
{"loss": 0.20371977984905243, "acc": 0.9216723442077637, "length": 4.998612403869629, "mode": "train", "epoch": 62}
{"loss": 0.2839403748512268, "acc": 0.8843191862106323, "length": 5.0, "mode": "test", "epoch": 62}
{"loss": 0.200074702501297, "acc": 0.9251430034637451, "length": 4.999461650848389, "mode": "train", "epoch": 63}
{"loss": 0.3092292249202728, "acc": 0.877025842666626, "length": 5.0, "mode": "test", "epoch": 63}
{"loss": 0.2168314903974533, "acc": 0.9160113334655762, "length": 4.999085426330566, "mode": "train", "epoch": 64}
{"loss": 0.29144927859306335, "acc": 0.884724497795105, "length": 5.0, "mode": "test", "epoch": 64}
{"loss": 0.18911556899547577, "acc": 0.9278456568717957, "length": 4.996614933013916, "mode": "train", "epoch": 65}
{"loss": 0.2763034999370575, "acc": 0.8881686329841614, "length": 5.0, "mode": "test", "epoch": 65}
{"loss": 0.19105218350887299, "acc": 0.9267020225524902, "length": 4.999753475189209, "mode": "train", "epoch": 66}
{"loss": 0.3210918605327606, "acc": 0.8707456588745117, "length": 5.0, "mode": "test", "epoch": 66}
{"loss": 0.2437467724084854, "acc": 0.8998252153396606, "length": 4.999377250671387, "mode": "train", "epoch": 67}
{"loss": 0.31259438395500183, "acc": 0.867098867893219, "length": 5.0, "mode": "test", "epoch": 67}
{"loss": 0.21871142089366913, "acc": 0.9126274585723877, "length": 4.9994215965271, "mode": "train", "epoch": 68}
{"loss": 0.2918849587440491, "acc": 0.8784439563751221, "length": 5.0, "mode": "test", "epoch": 68}
{"loss": 0.1907675713300705, "acc": 0.9258231520652771, "length": 4.999816417694092, "mode": "train", "epoch": 69}
{"loss": 0.30059030652046204, "acc": 0.8837115168571472, "length": 5.0, "mode": "test", "epoch": 69}
{"loss": 0.2073296159505844, "acc": 0.9211443066596985, "length": 4.999060153961182, "mode": "train", "epoch": 70}
{"loss": 0.3176330327987671, "acc": 0.8788492679595947, "length": 5.0, "mode": "test", "epoch": 70}
{"loss": 0.2207818627357483, "acc": 0.9156656861305237, "length": 4.999226093292236, "mode": "train", "epoch": 71}
{"loss": 0.36422115564346313, "acc": 0.8658834099769592, "length": 5.0, "mode": "test", "epoch": 71}
{"loss": 0.20680522918701172, "acc": 0.9180995225906372, "length": 4.999438285827637, "mode": "train", "epoch": 72}
{"loss": 0.2998998463153839, "acc": 0.8826985359191895, "length": 5.0, "mode": "test", "epoch": 72}
{"loss": 0.19485138356685638, "acc": 0.9250816702842712, "length": 4.999789237976074, "mode": "train", "epoch": 73}
{"loss": 0.30158740282058716, "acc": 0.8885737657546997, "length": 5.0, "mode": "test", "epoch": 73}
{"loss": 0.18319420516490936, "acc": 0.9288684129714966, "length": 4.99989128112793, "mode": "train", "epoch": 74}
{"loss": 0.3271504342556, "acc": 0.8837115168571472, "length": 5.0, "mode": "test", "epoch": 74}
{"loss": 0.18523795902729034, "acc": 0.9311038851737976, "length": 4.999970436096191, "mode": "train", "epoch": 75}
{"loss": 0.31015175580978394, "acc": 0.8816855549812317, "length": 5.0, "mode": "test", "epoch": 75}
{"loss": 0.1912079006433487, "acc": 0.9279353022575378, "length": 4.9967241287231445, "mode": "train", "epoch": 76}
{"loss": 0.35326823592185974, "acc": 0.8790517449378967, "length": 5.0, "mode": "test", "epoch": 76}
{"loss": 0.2017957866191864, "acc": 0.9228352308273315, "length": 4.998871803283691, "mode": "train", "epoch": 77}
{"loss": 0.3097427189350128, "acc": 0.882698655128479, "length": 5.0, "mode": "test", "epoch": 77}
{"loss": 0.18830838799476624, "acc": 0.9260960221290588, "length": 4.999970436096191, "mode": "train", "epoch": 78}
{"loss": 0.29156211018562317, "acc": 0.8893840909004211, "length": 5.0, "mode": "test", "epoch": 78}
{"loss": 0.17325258255004883, "acc": 0.9332000613212585, "length": 4.999857425689697, "mode": "train", "epoch": 79}
{"loss": 0.298056423664093, "acc": 0.8914100527763367, "length": 5.0, "mode": "test", "epoch": 79}
{"loss": 0.17096947133541107, "acc": 0.9360417723655701, "length": 4.999850273132324, "mode": "train", "epoch": 80}
{"loss": 0.30217424035072327, "acc": 0.8871554732322693, "length": 5.0, "mode": "test", "epoch": 80}
{"loss": 0.1731247901916504, "acc": 0.9354667067527771, "length": 4.998761177062988, "mode": "train", "epoch": 81}
{"loss": 0.2858659029006958, "acc": 0.897892951965332, "length": 5.0, "mode": "test", "epoch": 81}
{"loss": 0.16997593641281128, "acc": 0.937529981136322, "length": 4.999776363372803, "mode": "train", "epoch": 82}
{"loss": 0.26939019560813904, "acc": 0.895259439945221, "length": 5.0, "mode": "test", "epoch": 82}
{"loss": 0.16179868578910828, "acc": 0.9403076171875, "length": 4.999928951263428, "mode": "train", "epoch": 83}
{"loss": 0.2744404077529907, "acc": 0.8976904153823853, "length": 5.0, "mode": "test", "epoch": 83}
{"loss": 0.160841166973114, "acc": 0.9401728510856628, "length": 4.999973773956299, "mode": "train", "epoch": 84}
{"loss": 0.2638152539730072, "acc": 0.8997163772583008, "length": 5.0, "mode": "test", "epoch": 84}
{"loss": 0.1572805941104889, "acc": 0.9414568543434143, "length": 4.999493598937988, "mode": "train", "epoch": 85}
{"loss": 0.2888657748699188, "acc": 0.900729238986969, "length": 5.0, "mode": "test", "epoch": 85}
{"loss": 0.1970585733652115, "acc": 0.9239983558654785, "length": 4.999989986419678, "mode": "train", "epoch": 86}
{"loss": 0.2920054793357849, "acc": 0.8924229145050049, "length": 5.0, "mode": "test", "epoch": 86}
{"loss": 0.17189684510231018, "acc": 0.9323225617408752, "length": 4.999996662139893, "mode": "train", "epoch": 87}
{"loss": 0.28784579038619995, "acc": 0.8956645131111145, "length": 5.0, "mode": "test", "epoch": 87}
{"loss": 0.17026427388191223, "acc": 0.934615433216095, "length": 4.99956750869751, "mode": "train", "epoch": 88}
{"loss": 0.2834722697734833, "acc": 0.8978930115699768, "length": 5.0, "mode": "test", "epoch": 88}
{"loss": 0.15985803306102753, "acc": 0.939424991607666, "length": 4.999760627746582, "mode": "train", "epoch": 89}
{"loss": 0.2977711856365204, "acc": 0.8930308222770691, "length": 5.0, "mode": "test", "epoch": 89}
{"loss": 0.1569785475730896, "acc": 0.9377368092536926, "length": 4.999990463256836, "mode": "train", "epoch": 90}
{"loss": 0.28497084975242615, "acc": 0.8985008001327515, "length": 5.0, "mode": "test", "epoch": 90}
{"loss": 0.1567572057247162, "acc": 0.938345193862915, "length": 4.999954700469971, "mode": "train", "epoch": 91}
{"loss": 0.29533860087394714, "acc": 0.8960697054862976, "length": 5.0, "mode": "test", "epoch": 91}
{"loss": 0.15832293033599854, "acc": 0.9375987648963928, "length": 4.999816417694092, "mode": "train", "epoch": 92}
{"loss": 0.31339147686958313, "acc": 0.884926974773407, "length": 5.0, "mode": "test", "epoch": 92}
{"loss": 0.18414635956287384, "acc": 0.9293386340141296, "length": 4.999685764312744, "mode": "train", "epoch": 93}
{"loss": 0.3161744475364685, "acc": 0.8869528770446777, "length": 5.0, "mode": "test", "epoch": 93}
{"loss": 0.18353138864040375, "acc": 0.930019736289978, "length": 4.999750137329102, "mode": "train", "epoch": 94}
{"loss": 0.29682284593582153, "acc": 0.8926256895065308, "length": 5.0, "mode": "test", "epoch": 94}
{"loss": 0.18197208642959595, "acc": 0.9323845505714417, "length": 4.999772071838379, "mode": "train", "epoch": 95}
{"loss": 0.2876506745815277, "acc": 0.8964747786521912, "length": 5.0, "mode": "test", "epoch": 95}
{"loss": 0.1843794584274292, "acc": 0.9254006743431091, "length": 4.999344825744629, "mode": "train", "epoch": 96}
{"loss": 0.2937605381011963, "acc": 0.8903970718383789, "length": 5.0, "mode": "test", "epoch": 96}
{"loss": 0.19560636579990387, "acc": 0.9224308133125305, "length": 4.999353885650635, "mode": "train", "epoch": 97}
{"loss": 0.27557966113090515, "acc": 0.895461916923523, "length": 5.0, "mode": "test", "epoch": 97}
{"loss": 0.17306052148342133, "acc": 0.9343512058258057, "length": 4.999908447265625, "mode": "train", "epoch": 98}
{"loss": 0.2883439064025879, "acc": 0.9003240466117859, "length": 5.0, "mode": "test", "epoch": 98}
{"loss": 0.1640273481607437, "acc": 0.934423565864563, "length": 4.999691963195801, "mode": "train", "epoch": 99}
{"loss": 0.2649975121021271, "acc": 0.8964748978614807, "length": 5.0, "mode": "test", "epoch": 99}
{"loss": 0.1578574776649475, "acc": 0.9392204880714417, "length": 4.999621868133545, "mode": "train", "epoch": 100}
{"loss": 0.2803179919719696, "acc": 0.8948541283607483, "length": 5.0, "mode": "test", "epoch": 100}
test accuracy: 0.8544408082962036
