# ["--attributes=4", "--values=3", "--game_size=4", "--vocab_size_factor=3", "--n_epochs=100", "--batch_size=32", "--learning_rate=0.0005", "--hidden_size=128", "--temp_update=0.97", "--temperature=2"]
Creating train_ds and val_ds...

Creating test_ds...
{"loss": 0.6942623257637024, "acc": 0.5212735533714294, "length": 3.686738967895508, "mode": "train", "epoch": 1}
{"loss": 0.6935061812400818, "acc": 0.5156441926956177, "length": 1.0590163469314575, "mode": "test", "epoch": 1}
{"loss": 0.6455663442611694, "acc": 0.632107675075531, "length": 3.0391058921813965, "mode": "train", "epoch": 2}
{"loss": 0.622482180595398, "acc": 0.6847208142280579, "length": 2.9590163230895996, "mode": "test", "epoch": 2}
{"loss": 0.5741759538650513, "acc": 0.7015210390090942, "length": 3.7741940021514893, "mode": "train", "epoch": 3}
{"loss": 0.5505110621452332, "acc": 0.7348296642303467, "length": 4.301639556884766, "mode": "test", "epoch": 3}
{"loss": 0.5107896327972412, "acc": 0.7481877207756042, "length": 4.568365097045898, "mode": "train", "epoch": 4}
{"loss": 0.5430202484130859, "acc": 0.7340099811553955, "length": 4.993442535400391, "mode": "test", "epoch": 4}
{"loss": 0.46808794140815735, "acc": 0.7791898846626282, "length": 4.8581862449646, "mode": "train", "epoch": 5}
{"loss": 0.4956434369087219, "acc": 0.7721311450004578, "length": 5.0, "mode": "test", "epoch": 5}
{"loss": 0.4274747967720032, "acc": 0.8057218194007874, "length": 4.936438083648682, "mode": "train", "epoch": 6}
{"loss": 0.4461800158023834, "acc": 0.7961065769195557, "length": 5.0, "mode": "test", "epoch": 6}
{"loss": 0.40876904129981995, "acc": 0.8172935247421265, "length": 4.9665751457214355, "mode": "train", "epoch": 7}
{"loss": 0.4406184256076813, "acc": 0.7991803288459778, "length": 5.0, "mode": "test", "epoch": 7}
{"loss": 0.39595210552215576, "acc": 0.8184858560562134, "length": 4.980318069458008, "mode": "train", "epoch": 8}
{"loss": 0.4460934102535248, "acc": 0.7971311211585999, "length": 5.0, "mode": "test", "epoch": 8}
{"loss": 0.3906104564666748, "acc": 0.8235257863998413, "length": 4.985744953155518, "mode": "train", "epoch": 9}
{"loss": 0.4166865348815918, "acc": 0.8067622780799866, "length": 5.0, "mode": "test", "epoch": 9}
{"loss": 0.3688840866088867, "acc": 0.8304746150970459, "length": 4.988237380981445, "mode": "train", "epoch": 10}
{"loss": 0.41577133536338806, "acc": 0.8127049207687378, "length": 5.0, "mode": "test", "epoch": 10}
{"loss": 0.36395779252052307, "acc": 0.8365709185600281, "length": 4.991576194763184, "mode": "train", "epoch": 11}
{"loss": 0.4090576171875, "acc": 0.8159835934638977, "length": 5.0, "mode": "test", "epoch": 11}
{"loss": 0.3578607141971588, "acc": 0.8396880030632019, "length": 4.994494438171387, "mode": "train", "epoch": 12}
{"loss": 0.41342148184776306, "acc": 0.8118852376937866, "length": 5.0, "mode": "test", "epoch": 12}
{"loss": 0.3558390736579895, "acc": 0.8431141376495361, "length": 4.994532108306885, "mode": "train", "epoch": 13}
{"loss": 0.41256117820739746, "acc": 0.8090164065361023, "length": 5.0, "mode": "test", "epoch": 13}
{"loss": 0.3492298126220703, "acc": 0.8431994318962097, "length": 4.996131420135498, "mode": "train", "epoch": 14}
{"loss": 0.40105295181274414, "acc": 0.8225409984588623, "length": 5.0, "mode": "test", "epoch": 14}
{"loss": 0.33821338415145874, "acc": 0.846493124961853, "length": 4.997178554534912, "mode": "train", "epoch": 15}
{"loss": 0.38327550888061523, "acc": 0.8272541165351868, "length": 5.0, "mode": "test", "epoch": 15}
{"loss": 0.32572808861732483, "acc": 0.8534045219421387, "length": 4.997438430786133, "mode": "train", "epoch": 16}
{"loss": 0.3816910684108734, "acc": 0.8319672346115112, "length": 5.0, "mode": "test", "epoch": 16}
{"loss": 0.32231593132019043, "acc": 0.8616201877593994, "length": 4.997811794281006, "mode": "train", "epoch": 17}
{"loss": 0.37265750765800476, "acc": 0.8391393423080444, "length": 5.0, "mode": "test", "epoch": 17}
{"loss": 0.3197488784790039, "acc": 0.8665654063224792, "length": 4.998775482177734, "mode": "train", "epoch": 18}
{"loss": 0.3720388114452362, "acc": 0.83954918384552, "length": 5.0, "mode": "test", "epoch": 18}
{"loss": 0.30957168340682983, "acc": 0.8729982972145081, "length": 4.997848033905029, "mode": "train", "epoch": 19}
{"loss": 0.38792452216148376, "acc": 0.8387295007705688, "length": 5.0, "mode": "test", "epoch": 19}
{"loss": 0.31970319151878357, "acc": 0.8698520660400391, "length": 4.9988226890563965, "mode": "train", "epoch": 20}
{"loss": 0.3712204694747925, "acc": 0.840573787689209, "length": 5.0, "mode": "test", "epoch": 20}
{"loss": 0.3230329155921936, "acc": 0.8663507103919983, "length": 4.9979095458984375, "mode": "train", "epoch": 21}
{"loss": 0.36853107810020447, "acc": 0.846926212310791, "length": 5.0, "mode": "test", "epoch": 21}
{"loss": 0.30760079622268677, "acc": 0.8714350461959839, "length": 4.999549865722656, "mode": "train", "epoch": 22}
{"loss": 0.35759827494621277, "acc": 0.8497951030731201, "length": 5.0, "mode": "test", "epoch": 22}
{"loss": 0.306334912776947, "acc": 0.8737637996673584, "length": 4.999520301818848, "mode": "train", "epoch": 23}
{"loss": 0.3536795973777771, "acc": 0.8506147265434265, "length": 5.0, "mode": "test", "epoch": 23}
{"loss": 0.29644933342933655, "acc": 0.8769816756248474, "length": 4.999679088592529, "mode": "train", "epoch": 24}
{"loss": 0.34588244557380676, "acc": 0.8532786965370178, "length": 5.0, "mode": "test", "epoch": 24}
{"loss": 0.29707151651382446, "acc": 0.8786916136741638, "length": 4.999621391296387, "mode": "train", "epoch": 25}
{"loss": 0.344840407371521, "acc": 0.8536885380744934, "length": 5.0, "mode": "test", "epoch": 25}
{"loss": 0.28810426592826843, "acc": 0.8816378712654114, "length": 4.99983549118042, "mode": "train", "epoch": 26}
{"loss": 0.34355077147483826, "acc": 0.8565573692321777, "length": 5.0, "mode": "test", "epoch": 26}
{"loss": 0.2838057577610016, "acc": 0.8814324140548706, "length": 4.999825477600098, "mode": "train", "epoch": 27}
{"loss": 0.3436588943004608, "acc": 0.8481557369232178, "length": 5.0, "mode": "test", "epoch": 27}
{"loss": 0.2893148958683014, "acc": 0.8803962469100952, "length": 4.998764991760254, "mode": "train", "epoch": 28}
{"loss": 0.3438788950443268, "acc": 0.8506147265434265, "length": 5.0, "mode": "test", "epoch": 28}
{"loss": 0.2780560255050659, "acc": 0.8841030597686768, "length": 4.999901294708252, "mode": "train", "epoch": 29}
{"loss": 0.3342355191707611, "acc": 0.8559426069259644, "length": 5.0, "mode": "test", "epoch": 29}
{"loss": 0.2746998071670532, "acc": 0.883761465549469, "length": 4.999937534332275, "mode": "train", "epoch": 30}
{"loss": 0.34048905968666077, "acc": 0.8543033003807068, "length": 5.0, "mode": "test", "epoch": 30}
{"loss": 0.2755170464515686, "acc": 0.8844451308250427, "length": 4.999451160430908, "mode": "train", "epoch": 31}
{"loss": 0.33020129799842834, "acc": 0.859221339225769, "length": 5.0, "mode": "test", "epoch": 31}
{"loss": 0.26462796330451965, "acc": 0.8884854316711426, "length": 4.999972820281982, "mode": "train", "epoch": 32}
{"loss": 0.339683473110199, "acc": 0.8538934588432312, "length": 5.0, "mode": "test", "epoch": 32}
{"loss": 0.2615683376789093, "acc": 0.888210117816925, "length": 4.99988317489624, "mode": "train", "epoch": 33}
{"loss": 0.31262028217315674, "acc": 0.8627049326896667, "length": 5.0, "mode": "test", "epoch": 33}
{"loss": 0.2606901526451111, "acc": 0.8921819925308228, "length": 4.99997091293335, "mode": "train", "epoch": 34}
{"loss": 0.32803526520729065, "acc": 0.862500011920929, "length": 5.0, "mode": "test", "epoch": 34}
{"loss": 0.26074087619781494, "acc": 0.8946444392204285, "length": 4.99984884262085, "mode": "train", "epoch": 35}
{"loss": 0.3102417290210724, "acc": 0.86659836769104, "length": 5.0, "mode": "test", "epoch": 35}
{"loss": 0.26013651490211487, "acc": 0.8932087421417236, "length": 4.999939918518066, "mode": "train", "epoch": 36}
{"loss": 0.3158080279827118, "acc": 0.8631147742271423, "length": 5.0, "mode": "test", "epoch": 36}
{"loss": 0.25358641147613525, "acc": 0.8935514092445374, "length": 4.999964237213135, "mode": "train", "epoch": 37}
{"loss": 0.30373430252075195, "acc": 0.8706967234611511, "length": 5.0, "mode": "test", "epoch": 37}
{"loss": 0.2492758333683014, "acc": 0.896289587020874, "length": 4.999990463256836, "mode": "train", "epoch": 38}
{"loss": 0.2957715392112732, "acc": 0.8717213273048401, "length": 5.0, "mode": "test", "epoch": 38}
{"loss": 0.251431405544281, "acc": 0.8970425128936768, "length": 4.9999871253967285, "mode": "train", "epoch": 39}
{"loss": 0.30348095297813416, "acc": 0.8643442392349243, "length": 5.0, "mode": "test", "epoch": 39}
{"loss": 0.26227131485939026, "acc": 0.891360878944397, "length": 4.999996662139893, "mode": "train", "epoch": 40}
{"loss": 0.30982425808906555, "acc": 0.8684425950050354, "length": 5.0, "mode": "test", "epoch": 40}
{"loss": 0.24348285794258118, "acc": 0.899027943611145, "length": 4.999998569488525, "mode": "train", "epoch": 41}
{"loss": 0.30270418524742126, "acc": 0.8780737519264221, "length": 5.0, "mode": "test", "epoch": 41}
{"loss": 0.25190797448158264, "acc": 0.8977957367897034, "length": 4.999996185302734, "mode": "train", "epoch": 42}
{"loss": 0.30662378668785095, "acc": 0.8690573573112488, "length": 5.0, "mode": "test", "epoch": 42}
{"loss": 0.24672150611877441, "acc": 0.897715151309967, "length": 4.999655723571777, "mode": "train", "epoch": 43}
{"loss": 0.30812883377075195, "acc": 0.8694671988487244, "length": 5.0, "mode": "test", "epoch": 43}
{"loss": 0.23890532553195953, "acc": 0.902519166469574, "length": 5.0, "mode": "train", "epoch": 44}
{"loss": 0.3011697232723236, "acc": 0.8731557130813599, "length": 5.0, "mode": "test", "epoch": 44}
{"loss": 0.2385086864233017, "acc": 0.8989594578742981, "length": 4.999998569488525, "mode": "train", "epoch": 45}
{"loss": 0.295162171125412, "acc": 0.8801229596138, "length": 5.0, "mode": "test", "epoch": 45}
{"loss": 0.23190023005008698, "acc": 0.9052574038505554, "length": 5.0, "mode": "train", "epoch": 46}
{"loss": 0.28713715076446533, "acc": 0.8797131180763245, "length": 5.0, "mode": "test", "epoch": 46}
{"loss": 0.23444095253944397, "acc": 0.9033406376838684, "length": 4.999999523162842, "mode": "train", "epoch": 47}
{"loss": 0.2864019572734833, "acc": 0.8780737519264221, "length": 5.0, "mode": "test", "epoch": 47}
{"loss": 0.22767126560211182, "acc": 0.906147301197052, "length": 4.999999046325684, "mode": "train", "epoch": 48}
{"loss": 0.28450435400009155, "acc": 0.8795081973075867, "length": 5.0, "mode": "test", "epoch": 48}
{"loss": 0.22587814927101135, "acc": 0.9092962741851807, "length": 5.0, "mode": "train", "epoch": 49}
{"loss": 0.2851651906967163, "acc": 0.8784835934638977, "length": 5.0, "mode": "test", "epoch": 49}
{"loss": 0.2256135642528534, "acc": 0.9049835801124573, "length": 5.0, "mode": "train", "epoch": 50}
{"loss": 0.2931697964668274, "acc": 0.881147563457489, "length": 5.0, "mode": "test", "epoch": 50}
{"loss": 0.23394380509853363, "acc": 0.9100929498672485, "length": 4.998411655426025, "mode": "train", "epoch": 51}
{"loss": 0.28196245431900024, "acc": 0.8793032765388489, "length": 5.0, "mode": "test", "epoch": 51}
{"loss": 0.2410733699798584, "acc": 0.9072425961494446, "length": 5.0, "mode": "train", "epoch": 52}
{"loss": 0.30119481682777405, "acc": 0.877254068851471, "length": 5.0, "mode": "test", "epoch": 52}
{"loss": 0.23010236024856567, "acc": 0.9051164984703064, "length": 4.999858856201172, "mode": "train", "epoch": 53}
{"loss": 0.3072783350944519, "acc": 0.876024603843689, "length": 5.0, "mode": "test", "epoch": 53}
{"loss": 0.2313510924577713, "acc": 0.9064896106719971, "length": 5.0, "mode": "train", "epoch": 54}
{"loss": 0.3068889081478119, "acc": 0.8774589896202087, "length": 5.0, "mode": "test", "epoch": 54}
{"loss": 0.2263277769088745, "acc": 0.9086115956306458, "length": 4.999988079071045, "mode": "train", "epoch": 55}
{"loss": 0.2818993031978607, "acc": 0.8831967115402222, "length": 5.0, "mode": "test", "epoch": 55}
{"loss": 0.21778298914432526, "acc": 0.9124452471733093, "length": 4.999999523162842, "mode": "train", "epoch": 56}
{"loss": 0.2924993932247162, "acc": 0.8803278803825378, "length": 5.0, "mode": "test", "epoch": 56}
{"loss": 0.23146270215511322, "acc": 0.9034088850021362, "length": 4.999990463256836, "mode": "train", "epoch": 57}
{"loss": 0.2969808280467987, "acc": 0.877254068851471, "length": 5.0, "mode": "test", "epoch": 57}
{"loss": 0.2227223962545395, "acc": 0.9105284810066223, "length": 5.0, "mode": "train", "epoch": 58}
{"loss": 0.2864299714565277, "acc": 0.8825819492340088, "length": 5.0, "mode": "test", "epoch": 58}
{"loss": 0.2196861356496811, "acc": 0.9119660258293152, "length": 5.0, "mode": "train", "epoch": 59}
{"loss": 0.27970296144485474, "acc": 0.8813524842262268, "length": 5.0, "mode": "test", "epoch": 59}
{"loss": 0.21869178116321564, "acc": 0.908269464969635, "length": 5.0, "mode": "train", "epoch": 60}
{"loss": 0.28387948870658875, "acc": 0.8766393661499023, "length": 5.0, "mode": "test", "epoch": 60}
{"loss": 0.21340827643871307, "acc": 0.911897599697113, "length": 5.0, "mode": "train", "epoch": 61}
{"loss": 0.29900604486465454, "acc": 0.8817622661590576, "length": 5.0, "mode": "test", "epoch": 61}
{"loss": 0.21256810426712036, "acc": 0.9128559827804565, "length": 5.0, "mode": "train", "epoch": 62}
{"loss": 0.2826539874076843, "acc": 0.8788934350013733, "length": 5.0, "mode": "test", "epoch": 62}
{"loss": 0.2473987638950348, "acc": 0.895194411277771, "length": 5.0, "mode": "train", "epoch": 63}
{"loss": 0.30652421712875366, "acc": 0.8717213273048401, "length": 5.0, "mode": "test", "epoch": 63}
{"loss": 0.21991978585720062, "acc": 0.908269464969635, "length": 5.0, "mode": "train", "epoch": 64}
{"loss": 0.2986622750759125, "acc": 0.8778688311576843, "length": 5.0, "mode": "test", "epoch": 64}
{"loss": 0.21232005953788757, "acc": 0.9128559827804565, "length": 5.0, "mode": "train", "epoch": 65}
{"loss": 0.2912137508392334, "acc": 0.8778688311576843, "length": 5.0, "mode": "test", "epoch": 65}
{"loss": 0.21337193250656128, "acc": 0.913608968257904, "length": 5.0, "mode": "train", "epoch": 66}
{"loss": 0.286154180765152, "acc": 0.8836065530776978, "length": 5.0, "mode": "test", "epoch": 66}
{"loss": 0.2098436802625656, "acc": 0.9152519106864929, "length": 5.0, "mode": "train", "epoch": 67}
{"loss": 0.2807861268520355, "acc": 0.8793032765388489, "length": 5.0, "mode": "test", "epoch": 67}
{"loss": 0.20745226740837097, "acc": 0.9141566157341003, "length": 4.999999046325684, "mode": "train", "epoch": 68}
{"loss": 0.2826444208621979, "acc": 0.8819671869277954, "length": 5.0, "mode": "test", "epoch": 68}
{"loss": 0.2122529000043869, "acc": 0.9129243493080139, "length": 4.999999046325684, "mode": "train", "epoch": 69}
{"loss": 0.26915884017944336, "acc": 0.8920081853866577, "length": 5.0, "mode": "test", "epoch": 69}
{"loss": 0.19888387620449066, "acc": 0.9175794124603271, "length": 5.0, "mode": "train", "epoch": 70}
{"loss": 0.27015480399131775, "acc": 0.8963114619255066, "length": 5.0, "mode": "test", "epoch": 70}
{"loss": 0.19685828685760498, "acc": 0.9201806783676147, "length": 4.999998092651367, "mode": "train", "epoch": 71}
{"loss": 0.2827226221561432, "acc": 0.8856557607650757, "length": 5.0, "mode": "test", "epoch": 71}
{"loss": 0.1931890994310379, "acc": 0.920933723449707, "length": 5.0, "mode": "train", "epoch": 72}
{"loss": 0.2795183062553406, "acc": 0.8897541165351868, "length": 5.0, "mode": "test", "epoch": 72}
{"loss": 0.19409246742725372, "acc": 0.9177847504615784, "length": 5.0, "mode": "train", "epoch": 73}
{"loss": 0.281911700963974, "acc": 0.8838114738464355, "length": 5.0, "mode": "test", "epoch": 73}
{"loss": 0.19524291157722473, "acc": 0.9195646047592163, "length": 5.0, "mode": "train", "epoch": 74}
{"loss": 0.27429288625717163, "acc": 0.8852459192276001, "length": 5.0, "mode": "test", "epoch": 74}
{"loss": 0.20383679866790771, "acc": 0.9162787795066833, "length": 5.0, "mode": "train", "epoch": 75}
{"loss": 0.27306482195854187, "acc": 0.8924180269241333, "length": 5.0, "mode": "test", "epoch": 75}
{"loss": 0.19379912316799164, "acc": 0.9212075471878052, "length": 5.0, "mode": "train", "epoch": 76}
{"loss": 0.2777314782142639, "acc": 0.8854508399963379, "length": 5.0, "mode": "test", "epoch": 76}
{"loss": 0.1931394636631012, "acc": 0.9231927990913391, "length": 4.999999046325684, "mode": "train", "epoch": 77}
{"loss": 0.28476670384407043, "acc": 0.8877049088478088, "length": 5.0, "mode": "test", "epoch": 77}
{"loss": 0.20276552438735962, "acc": 0.9191538691520691, "length": 5.0, "mode": "train", "epoch": 78}
{"loss": 0.29528290033340454, "acc": 0.8881147503852844, "length": 5.0, "mode": "test", "epoch": 78}
{"loss": 0.24610356986522675, "acc": 0.9060103893280029, "length": 5.0, "mode": "train", "epoch": 79}
{"loss": 0.31316080689430237, "acc": 0.8805328011512756, "length": 5.0, "mode": "test", "epoch": 79}
{"loss": 0.2008913904428482, "acc": 0.9175794124603271, "length": 4.999999523162842, "mode": "train", "epoch": 80}
{"loss": 0.2954449951648712, "acc": 0.887499988079071, "length": 5.0, "mode": "test", "epoch": 80}
{"loss": 0.19149351119995117, "acc": 0.9190854430198669, "length": 5.0, "mode": "train", "epoch": 81}
{"loss": 0.2836730480194092, "acc": 0.8850409984588623, "length": 5.0, "mode": "test", "epoch": 81}
{"loss": 0.19242464005947113, "acc": 0.921002209186554, "length": 5.0, "mode": "train", "epoch": 82}
{"loss": 0.29008954763412476, "acc": 0.8891393542289734, "length": 5.0, "mode": "test", "epoch": 82}
{"loss": 0.18738821148872375, "acc": 0.9257924556732178, "length": 4.999942302703857, "mode": "train", "epoch": 83}
{"loss": 0.28942298889160156, "acc": 0.8870901465415955, "length": 5.0, "mode": "test", "epoch": 83}
{"loss": 0.19455046951770782, "acc": 0.924630343914032, "length": 5.0, "mode": "train", "epoch": 84}
{"loss": 0.28570756316185, "acc": 0.8836065530776978, "length": 5.0, "mode": "test", "epoch": 84}
{"loss": 0.18961457908153534, "acc": 0.9250410795211792, "length": 5.0, "mode": "train", "epoch": 85}
{"loss": 0.2763451635837555, "acc": 0.889549195766449, "length": 5.0, "mode": "test", "epoch": 85}
{"loss": 0.22851964831352234, "acc": 0.9114183783531189, "length": 4.999992370605469, "mode": "train", "epoch": 86}
{"loss": 0.3321952521800995, "acc": 0.872745931148529, "length": 5.0, "mode": "test", "epoch": 86}
{"loss": 0.21719717979431152, "acc": 0.9147725701332092, "length": 4.999995708465576, "mode": "train", "epoch": 87}
{"loss": 0.31271418929100037, "acc": 0.8821721076965332, "length": 5.0, "mode": "test", "epoch": 87}
{"loss": 0.20522011816501617, "acc": 0.9195646047592163, "length": 5.0, "mode": "train", "epoch": 88}
{"loss": 0.30789533257484436, "acc": 0.8879098296165466, "length": 5.0, "mode": "test", "epoch": 88}
{"loss": 0.193842351436615, "acc": 0.922713577747345, "length": 5.0, "mode": "train", "epoch": 89}
{"loss": 0.29106882214546204, "acc": 0.8817622661590576, "length": 5.0, "mode": "test", "epoch": 89}
{"loss": 0.19443972408771515, "acc": 0.9206598401069641, "length": 4.999998569488525, "mode": "train", "epoch": 90}
{"loss": 0.28680264949798584, "acc": 0.8881147503852844, "length": 5.0, "mode": "test", "epoch": 90}
{"loss": 0.18962638080120087, "acc": 0.9243565201759338, "length": 5.0, "mode": "train", "epoch": 91}
{"loss": 0.30144283175468445, "acc": 0.8868852257728577, "length": 5.0, "mode": "test", "epoch": 91}
{"loss": 0.18421773612499237, "acc": 0.9254518151283264, "length": 5.0, "mode": "train", "epoch": 92}
{"loss": 0.295992910861969, "acc": 0.88852459192276, "length": 5.0, "mode": "test", "epoch": 92}
{"loss": 0.1761050820350647, "acc": 0.9279162287712097, "length": 5.0, "mode": "train", "epoch": 93}
{"loss": 0.2813429534435272, "acc": 0.8922131061553955, "length": 5.0, "mode": "test", "epoch": 93}
{"loss": 0.1811811327934265, "acc": 0.9267524480819702, "length": 5.0, "mode": "train", "epoch": 94}
{"loss": 0.28400254249572754, "acc": 0.8887295126914978, "length": 5.0, "mode": "test", "epoch": 94}
{"loss": 0.1792735904455185, "acc": 0.9275054931640625, "length": 5.0, "mode": "train", "epoch": 95}
{"loss": 0.2950575053691864, "acc": 0.8866803050041199, "length": 5.0, "mode": "test", "epoch": 95}
{"loss": 0.18063727021217346, "acc": 0.9283269643783569, "length": 5.0, "mode": "train", "epoch": 96}
{"loss": 0.3084450364112854, "acc": 0.8831967115402222, "length": 5.0, "mode": "test", "epoch": 96}
{"loss": 0.17889750003814697, "acc": 0.9266840219497681, "length": 5.0, "mode": "train", "epoch": 97}
{"loss": 0.3100477159023285, "acc": 0.8852459192276001, "length": 5.0, "mode": "test", "epoch": 97}
{"loss": 0.18697820603847504, "acc": 0.9226451516151428, "length": 5.0, "mode": "train", "epoch": 98}
{"loss": 0.3328091502189636, "acc": 0.8758196830749512, "length": 5.0, "mode": "test", "epoch": 98}
{"loss": 0.20698098838329315, "acc": 0.9157311320304871, "length": 5.0, "mode": "train", "epoch": 99}
{"loss": 0.3010452091693878, "acc": 0.8836065530776978, "length": 5.0, "mode": "test", "epoch": 99}
{"loss": 0.18127523362636566, "acc": 0.9255202412605286, "length": 5.0, "mode": "train", "epoch": 100}
{"loss": 0.3079967200756073, "acc": 0.8815574049949646, "length": 5.0, "mode": "test", "epoch": 100}
test accuracy: 0.8240959048271179
