# ["--attributes=4", "--values=3", "--game_size=4", "--vocab_size_factor=3", "--n_epochs=100", "--batch_size=32", "--learning_rate=0.0005", "--hidden_size=256", "--temp_update=0.97", "--temperature=1"]
Creating train_ds and val_ds...

Creating test_ds...
{"loss": 0.6981374621391296, "acc": 0.5028270483016968, "length": 1.818429946899414, "mode": "train", "epoch": 1}
{"loss": 0.6957687139511108, "acc": 0.49814966320991516, "length": 1.0, "mode": "test", "epoch": 1}
{"loss": 0.6369131803512573, "acc": 0.6313976645469666, "length": 2.2533974647521973, "mode": "train", "epoch": 2}
{"loss": 0.6026843190193176, "acc": 0.6710655093193054, "length": 2.169407844543457, "mode": "test", "epoch": 2}
{"loss": 0.5822620391845703, "acc": 0.6776323318481445, "length": 2.223675489425659, "mode": "train", "epoch": 3}
{"loss": 0.5611914396286011, "acc": 0.7092542052268982, "length": 2.9440789222717285, "mode": "test", "epoch": 3}
{"loss": 0.5396657586097717, "acc": 0.7254597544670105, "length": 2.9798030853271484, "mode": "train", "epoch": 4}
{"loss": 0.5351471900939941, "acc": 0.7330707907676697, "length": 3.1677632331848145, "mode": "test", "epoch": 4}
{"loss": 0.5092945098876953, "acc": 0.7532907128334045, "length": 3.4663500785827637, "mode": "train", "epoch": 5}
{"loss": 0.5023995637893677, "acc": 0.7586605548858643, "length": 4.026315689086914, "mode": "test", "epoch": 5}
{"loss": 0.4967360198497772, "acc": 0.7662387490272522, "length": 3.730160713195801, "mode": "train", "epoch": 6}
{"loss": 0.49859604239463806, "acc": 0.7696019411087036, "length": 4.032894611358643, "mode": "test", "epoch": 6}
{"loss": 0.482852578163147, "acc": 0.7730612754821777, "length": 3.9511351585388184, "mode": "train", "epoch": 7}
{"loss": 0.5112594366073608, "acc": 0.7659719586372375, "length": 4.036184310913086, "mode": "test", "epoch": 7}
{"loss": 0.44916072487831116, "acc": 0.7943809628486633, "length": 4.03531551361084, "mode": "train", "epoch": 8}
{"loss": 0.4364548325538635, "acc": 0.8043983578681946, "length": 4.310855388641357, "mode": "test", "epoch": 8}
{"loss": 0.39674967527389526, "acc": 0.8217808604240417, "length": 4.2773308753967285, "mode": "train", "epoch": 9}
{"loss": 0.4089899957180023, "acc": 0.8243665099143982, "length": 4.291118621826172, "mode": "test", "epoch": 9}
{"loss": 0.37304720282554626, "acc": 0.8375253081321716, "length": 4.47651481628418, "mode": "train", "epoch": 10}
{"loss": 0.4066518545150757, "acc": 0.8218159079551697, "length": 4.6710524559021, "mode": "test", "epoch": 10}
{"loss": 0.34778130054473877, "acc": 0.8522156476974487, "length": 4.648573398590088, "mode": "train", "epoch": 11}
{"loss": 0.37110528349876404, "acc": 0.8444888591766357, "length": 4.751644611358643, "mode": "test", "epoch": 11}
{"loss": 0.3406057357788086, "acc": 0.8556057214736938, "length": 4.794583320617676, "mode": "train", "epoch": 12}
{"loss": 0.36667802929878235, "acc": 0.8483822345733643, "length": 4.8273024559021, "mode": "test", "epoch": 12}
{"loss": 0.3275693953037262, "acc": 0.8609300255775452, "length": 4.858506202697754, "mode": "train", "epoch": 13}
{"loss": 0.36176928877830505, "acc": 0.8431332111358643, "length": 5.0, "mode": "test", "epoch": 13}
{"loss": 0.31925898790359497, "acc": 0.867455780506134, "length": 4.942708492279053, "mode": "train", "epoch": 14}
{"loss": 0.34660330414772034, "acc": 0.85546875, "length": 5.0, "mode": "test", "epoch": 14}
{"loss": 0.3114352226257324, "acc": 0.8691189885139465, "length": 4.978444576263428, "mode": "train", "epoch": 15}
{"loss": 0.3424418568611145, "acc": 0.8546463847160339, "length": 5.0, "mode": "test", "epoch": 15}
{"loss": 0.29666200280189514, "acc": 0.8764861226081848, "length": 4.984859943389893, "mode": "train", "epoch": 16}
{"loss": 0.34687522053718567, "acc": 0.8493009805679321, "length": 5.0, "mode": "test", "epoch": 16}
{"loss": 0.29945752024650574, "acc": 0.8763255476951599, "length": 4.995222568511963, "mode": "train", "epoch": 17}
{"loss": 0.33240580558776855, "acc": 0.8569079041481018, "length": 5.0, "mode": "test", "epoch": 17}
{"loss": 0.27996373176574707, "acc": 0.8834723234176636, "length": 4.995625972747803, "mode": "train", "epoch": 18}
{"loss": 0.32701370120048523, "acc": 0.859375, "length": 5.0, "mode": "test", "epoch": 18}
{"loss": 0.2689267694950104, "acc": 0.8886765837669373, "length": 4.9957122802734375, "mode": "train", "epoch": 19}
{"loss": 0.3269161581993103, "acc": 0.8628700375556946, "length": 5.0, "mode": "test", "epoch": 19}
{"loss": 0.2569947838783264, "acc": 0.8929664492607117, "length": 4.997918605804443, "mode": "train", "epoch": 20}
{"loss": 0.3024105429649353, "acc": 0.8795230388641357, "length": 5.0, "mode": "test", "epoch": 20}
{"loss": 0.2571963667869568, "acc": 0.8940760493278503, "length": 4.998935222625732, "mode": "train", "epoch": 21}
{"loss": 0.3170153498649597, "acc": 0.8696545958518982, "length": 5.0, "mode": "test", "epoch": 21}
{"loss": 0.2530458867549896, "acc": 0.8969942331314087, "length": 4.996103286743164, "mode": "train", "epoch": 22}
{"loss": 0.3060116469860077, "acc": 0.8692434430122375, "length": 5.0, "mode": "test", "epoch": 22}
{"loss": 0.2499685436487198, "acc": 0.8977324962615967, "length": 4.999516010284424, "mode": "train", "epoch": 23}
{"loss": 0.2951580584049225, "acc": 0.8784950375556946, "length": 5.0, "mode": "test", "epoch": 23}
{"loss": 0.24195480346679688, "acc": 0.9009542465209961, "length": 4.997639179229736, "mode": "train", "epoch": 24}
{"loss": 0.2962203919887543, "acc": 0.8766447305679321, "length": 5.0, "mode": "test", "epoch": 24}
{"loss": 0.2289901077747345, "acc": 0.9092538952827454, "length": 4.9983673095703125, "mode": "train", "epoch": 25}
{"loss": 0.286543607711792, "acc": 0.8832237124443054, "length": 5.0, "mode": "test", "epoch": 25}
{"loss": 0.22904594242572784, "acc": 0.9073300957679749, "length": 4.999375343322754, "mode": "train", "epoch": 26}
{"loss": 0.28971198201179504, "acc": 0.8791118264198303, "length": 5.0, "mode": "test", "epoch": 26}
{"loss": 0.22730949521064758, "acc": 0.908898651599884, "length": 4.9959282875061035, "mode": "train", "epoch": 27}
{"loss": 0.28133484721183777, "acc": 0.8846628069877625, "length": 5.0, "mode": "test", "epoch": 27}
{"loss": 0.21794959902763367, "acc": 0.9132084250450134, "length": 4.998358726501465, "mode": "train", "epoch": 28}
{"loss": 0.2897738814353943, "acc": 0.8811677694320679, "length": 5.0, "mode": "test", "epoch": 28}
{"loss": 0.227201908826828, "acc": 0.9090260863304138, "length": 4.998351097106934, "mode": "train", "epoch": 29}
{"loss": 0.3163052499294281, "acc": 0.8776726722717285, "length": 5.0, "mode": "test", "epoch": 29}
{"loss": 0.24129757285118103, "acc": 0.9001279473304749, "length": 4.999208927154541, "mode": "train", "epoch": 30}
{"loss": 0.31624364852905273, "acc": 0.8801398277282715, "length": 5.0, "mode": "test", "epoch": 30}
{"loss": 0.22684447467327118, "acc": 0.9093933701515198, "length": 4.998912334442139, "mode": "train", "epoch": 31}
{"loss": 0.287947416305542, "acc": 0.8848684430122375, "length": 5.0, "mode": "test", "epoch": 31}
{"loss": 0.2087249904870987, "acc": 0.9179195165634155, "length": 4.999661922454834, "mode": "train", "epoch": 32}
{"loss": 0.2607029378414154, "acc": 0.8959704041481018, "length": 5.0, "mode": "test", "epoch": 32}
{"loss": 0.21088458597660065, "acc": 0.9151630401611328, "length": 4.998754024505615, "mode": "train", "epoch": 33}
{"loss": 0.2884654700756073, "acc": 0.8830180764198303, "length": 5.0, "mode": "test", "epoch": 33}
{"loss": 0.2101658135652542, "acc": 0.9155200719833374, "length": 4.999577045440674, "mode": "train", "epoch": 34}
{"loss": 0.25900182127952576, "acc": 0.8957648277282715, "length": 5.0, "mode": "test", "epoch": 34}
{"loss": 0.20255744457244873, "acc": 0.9186795353889465, "length": 4.999578952789307, "mode": "train", "epoch": 35}
{"loss": 0.2889620065689087, "acc": 0.8836348652839661, "length": 5.0, "mode": "test", "epoch": 35}
{"loss": 0.19273239374160767, "acc": 0.9242891073226929, "length": 4.998193740844727, "mode": "train", "epoch": 36}
{"loss": 0.2800576090812683, "acc": 0.8898026347160339, "length": 5.0, "mode": "test", "epoch": 36}
{"loss": 0.19698072969913483, "acc": 0.9203956127166748, "length": 4.999766826629639, "mode": "train", "epoch": 37}
{"loss": 0.281559020280838, "acc": 0.8885690569877625, "length": 5.0, "mode": "test", "epoch": 37}
{"loss": 0.19956345856189728, "acc": 0.9214202761650085, "length": 4.998748779296875, "mode": "train", "epoch": 38}
{"loss": 0.2767527103424072, "acc": 0.8908305764198303, "length": 5.0, "mode": "test", "epoch": 38}
{"loss": 0.19078965485095978, "acc": 0.9221717119216919, "length": 4.9993109703063965, "mode": "train", "epoch": 39}
{"loss": 0.3069695234298706, "acc": 0.8846628069877625, "length": 5.0, "mode": "test", "epoch": 39}
{"loss": 0.20473194122314453, "acc": 0.9205322265625, "length": 4.999703407287598, "mode": "train", "epoch": 40}
{"loss": 0.26683759689331055, "acc": 0.8904194235801697, "length": 5.0, "mode": "test", "epoch": 40}
{"loss": 0.19889675080776215, "acc": 0.9186508655548096, "length": 4.998434066772461, "mode": "train", "epoch": 41}
{"loss": 0.2693972885608673, "acc": 0.8928865194320679, "length": 5.0, "mode": "test", "epoch": 41}
{"loss": 0.1946258842945099, "acc": 0.9207425117492676, "length": 4.999905109405518, "mode": "train", "epoch": 42}
{"loss": 0.27271026372909546, "acc": 0.8869243264198303, "length": 5.0, "mode": "test", "epoch": 42}
{"loss": 0.1858110874891281, "acc": 0.9274030327796936, "length": 4.99997091293335, "mode": "train", "epoch": 43}
{"loss": 0.2769434452056885, "acc": 0.8939144611358643, "length": 5.0, "mode": "test", "epoch": 43}
{"loss": 0.1882559359073639, "acc": 0.9241685271263123, "length": 4.999540328979492, "mode": "train", "epoch": 44}
{"loss": 0.2793610095977783, "acc": 0.8865131735801697, "length": 5.0, "mode": "test", "epoch": 44}
{"loss": 0.1979905366897583, "acc": 0.9225941300392151, "length": 4.999815464019775, "mode": "train", "epoch": 45}
{"loss": 0.28267359733581543, "acc": 0.8893914222717285, "length": 5.0, "mode": "test", "epoch": 45}
{"loss": 0.18865080177783966, "acc": 0.9256123900413513, "length": 4.999457836151123, "mode": "train", "epoch": 46}
{"loss": 0.265553742647171, "acc": 0.8980262875556946, "length": 5.0, "mode": "test", "epoch": 46}
{"loss": 0.18685737252235413, "acc": 0.9255478978157043, "length": 4.999917984008789, "mode": "train", "epoch": 47}
{"loss": 0.29838302731513977, "acc": 0.8805509805679321, "length": 5.0, "mode": "test", "epoch": 47}
{"loss": 0.19914761185646057, "acc": 0.9163827300071716, "length": 4.998415470123291, "mode": "train", "epoch": 48}
{"loss": 0.28010278940200806, "acc": 0.8908305764198303, "length": 5.0, "mode": "test", "epoch": 48}
{"loss": 0.18734942376613617, "acc": 0.9275335073471069, "length": 4.999707221984863, "mode": "train", "epoch": 49}
{"loss": 0.33129432797431946, "acc": 0.8834292888641357, "length": 5.0, "mode": "test", "epoch": 49}
{"loss": 0.21986624598503113, "acc": 0.9138568043708801, "length": 4.998669624328613, "mode": "train", "epoch": 50}
{"loss": 0.2946924567222595, "acc": 0.8858963847160339, "length": 5.0, "mode": "test", "epoch": 50}
{"loss": 0.1990845650434494, "acc": 0.9217690825462341, "length": 4.999851703643799, "mode": "train", "epoch": 51}
{"loss": 0.26381629705429077, "acc": 0.8949424624443054, "length": 5.0, "mode": "test", "epoch": 51}
{"loss": 0.17516303062438965, "acc": 0.9304857850074768, "length": 4.999622821807861, "mode": "train", "epoch": 52}
{"loss": 0.27113181352615356, "acc": 0.8943256735801697, "length": 5.0, "mode": "test", "epoch": 52}
{"loss": 0.20520152151584625, "acc": 0.9188166260719299, "length": 4.999773979187012, "mode": "train", "epoch": 53}
{"loss": 0.2755071520805359, "acc": 0.8893914222717285, "length": 5.0, "mode": "test", "epoch": 53}
{"loss": 0.1986440271139145, "acc": 0.9196293354034424, "length": 4.998167037963867, "mode": "train", "epoch": 54}
{"loss": 0.2736087739467621, "acc": 0.8924753069877625, "length": 5.0, "mode": "test", "epoch": 54}
{"loss": 0.19697336852550507, "acc": 0.9199004769325256, "length": 4.998729705810547, "mode": "train", "epoch": 55}
{"loss": 0.2736036479473114, "acc": 0.8863075375556946, "length": 5.0, "mode": "test", "epoch": 55}
{"loss": 0.21791604161262512, "acc": 0.9111188650131226, "length": 4.998733043670654, "mode": "train", "epoch": 56}
{"loss": 0.2689744234085083, "acc": 0.8922697305679321, "length": 5.0, "mode": "test", "epoch": 56}
{"loss": 0.2016054093837738, "acc": 0.9179273247718811, "length": 4.999349117279053, "mode": "train", "epoch": 57}
{"loss": 0.28405120968818665, "acc": 0.8850740194320679, "length": 5.0, "mode": "test", "epoch": 57}
{"loss": 0.2065526247024536, "acc": 0.9151046872138977, "length": 4.999156475067139, "mode": "train", "epoch": 58}
{"loss": 0.2773438096046448, "acc": 0.88671875, "length": 5.0, "mode": "test", "epoch": 58}
{"loss": 0.19436043500900269, "acc": 0.9214876890182495, "length": 4.998495101928711, "mode": "train", "epoch": 59}
{"loss": 0.265819787979126, "acc": 0.8914473652839661, "length": 5.0, "mode": "test", "epoch": 59}
{"loss": 0.18277908861637115, "acc": 0.928432047367096, "length": 4.999740123748779, "mode": "train", "epoch": 60}
{"loss": 0.301450252532959, "acc": 0.8832237124443054, "length": 5.0, "mode": "test", "epoch": 60}
{"loss": 0.24722464382648468, "acc": 0.899768590927124, "length": 4.998498439788818, "mode": "train", "epoch": 61}
{"loss": 0.29521387815475464, "acc": 0.8766447305679321, "length": 5.0, "mode": "test", "epoch": 61}
{"loss": 0.22918953001499176, "acc": 0.9077553153038025, "length": 4.999439716339111, "mode": "train", "epoch": 62}
{"loss": 0.32693159580230713, "acc": 0.8694490194320679, "length": 5.0, "mode": "test", "epoch": 62}
{"loss": 0.21082071959972382, "acc": 0.9141384959220886, "length": 4.9994072914123535, "mode": "train", "epoch": 63}
{"loss": 0.28978705406188965, "acc": 0.8871299624443054, "length": 5.0, "mode": "test", "epoch": 63}
{"loss": 0.19699981808662415, "acc": 0.921731173992157, "length": 4.998200416564941, "mode": "train", "epoch": 64}
{"loss": 0.27461808919906616, "acc": 0.8937088847160339, "length": 5.0, "mode": "test", "epoch": 64}
{"loss": 0.19388896226882935, "acc": 0.9236244559288025, "length": 4.999761581420898, "mode": "train", "epoch": 65}
{"loss": 0.2789202332496643, "acc": 0.8904194235801697, "length": 5.0, "mode": "test", "epoch": 65}
{"loss": 0.18216052651405334, "acc": 0.9273057579994202, "length": 4.997898578643799, "mode": "train", "epoch": 66}
{"loss": 0.2621415853500366, "acc": 0.8961759805679321, "length": 5.0, "mode": "test", "epoch": 66}
{"loss": 0.17378747463226318, "acc": 0.9314427375793457, "length": 4.999271869659424, "mode": "train", "epoch": 67}
{"loss": 0.2584475874900818, "acc": 0.8998766541481018, "length": 5.0, "mode": "test", "epoch": 67}
{"loss": 0.17556266486644745, "acc": 0.929378092288971, "length": 4.999351501464844, "mode": "train", "epoch": 68}
{"loss": 0.28870224952697754, "acc": 0.8863075375556946, "length": 5.0, "mode": "test", "epoch": 68}
{"loss": 0.17919008433818817, "acc": 0.9291538596153259, "length": 4.997721195220947, "mode": "train", "epoch": 69}
{"loss": 0.2853100001811981, "acc": 0.8902137875556946, "length": 5.0, "mode": "test", "epoch": 69}
{"loss": 0.17343668639659882, "acc": 0.9325445890426636, "length": 4.99921178817749, "mode": "train", "epoch": 70}
{"loss": 0.2791820466518402, "acc": 0.8949424624443054, "length": 5.0, "mode": "test", "epoch": 70}
{"loss": 0.17230890691280365, "acc": 0.9342005252838135, "length": 4.999763488769531, "mode": "train", "epoch": 71}
{"loss": 0.2660984694957733, "acc": 0.8963815569877625, "length": 5.0, "mode": "test", "epoch": 71}
{"loss": 0.1743004322052002, "acc": 0.930968165397644, "length": 4.999370098114014, "mode": "train", "epoch": 72}
{"loss": 0.2869267463684082, "acc": 0.8910362124443054, "length": 5.0, "mode": "test", "epoch": 72}
{"loss": 0.18042701482772827, "acc": 0.9287035465240479, "length": 4.999742031097412, "mode": "train", "epoch": 73}
{"loss": 0.260284423828125, "acc": 0.9058387875556946, "length": 5.0, "mode": "test", "epoch": 73}
{"loss": 0.16649813950061798, "acc": 0.9346093535423279, "length": 4.999685764312744, "mode": "train", "epoch": 74}
{"loss": 0.2528424561023712, "acc": 0.9037829041481018, "length": 5.0, "mode": "test", "epoch": 74}
{"loss": 0.17213572561740875, "acc": 0.9341323375701904, "length": 4.999839782714844, "mode": "train", "epoch": 75}
{"loss": 0.26017245650291443, "acc": 0.9037829041481018, "length": 5.0, "mode": "test", "epoch": 75}
{"loss": 0.16169388592243195, "acc": 0.9372918009757996, "length": 4.9998345375061035, "mode": "train", "epoch": 76}
{"loss": 0.28427180647850037, "acc": 0.9027549624443054, "length": 5.0, "mode": "test", "epoch": 76}
{"loss": 0.1774638444185257, "acc": 0.9294635653495789, "length": 4.999932765960693, "mode": "train", "epoch": 77}
{"loss": 0.2847391963005066, "acc": 0.8969983458518982, "length": 5.0, "mode": "test", "epoch": 77}
{"loss": 0.1764833778142929, "acc": 0.9298545718193054, "length": 4.9989848136901855, "mode": "train", "epoch": 78}
{"loss": 0.27435868978500366, "acc": 0.8976151347160339, "length": 5.0, "mode": "test", "epoch": 78}
{"loss": 0.16814430058002472, "acc": 0.9346057176589966, "length": 4.999475002288818, "mode": "train", "epoch": 79}
{"loss": 0.2756364643573761, "acc": 0.9015213847160339, "length": 5.0, "mode": "test", "epoch": 79}
{"loss": 0.164698988199234, "acc": 0.9353691935539246, "length": 4.999866962432861, "mode": "train", "epoch": 80}
{"loss": 0.26677852869033813, "acc": 0.9011101722717285, "length": 5.0, "mode": "test", "epoch": 80}
{"loss": 0.17800679802894592, "acc": 0.9287552833557129, "length": 4.9988603591918945, "mode": "train", "epoch": 81}
{"loss": 0.279950886964798, "acc": 0.8974095582962036, "length": 5.0, "mode": "test", "epoch": 81}
{"loss": 0.1796414703130722, "acc": 0.9284185171127319, "length": 4.999264717102051, "mode": "train", "epoch": 82}
{"loss": 0.29164716601371765, "acc": 0.8920641541481018, "length": 5.0, "mode": "test", "epoch": 82}
{"loss": 0.17388920485973358, "acc": 0.9314517378807068, "length": 4.9996137619018555, "mode": "train", "epoch": 83}
{"loss": 0.27366653084754944, "acc": 0.8982319235801697, "length": 5.0, "mode": "test", "epoch": 83}
{"loss": 0.17298133671283722, "acc": 0.9322771430015564, "length": 4.999897003173828, "mode": "train", "epoch": 84}
{"loss": 0.2598665952682495, "acc": 0.9006990194320679, "length": 5.0, "mode": "test", "epoch": 84}
{"loss": 0.1865311861038208, "acc": 0.9260285496711731, "length": 4.999923229217529, "mode": "train", "epoch": 85}
{"loss": 0.2802083492279053, "acc": 0.8965871930122375, "length": 5.0, "mode": "test", "epoch": 85}
{"loss": 0.1764499843120575, "acc": 0.9295307993888855, "length": 4.999851703643799, "mode": "train", "epoch": 86}
{"loss": 0.2761474847793579, "acc": 0.8939144611358643, "length": 5.0, "mode": "test", "epoch": 86}
{"loss": 0.1945061981678009, "acc": 0.9232831597328186, "length": 4.999941825866699, "mode": "train", "epoch": 87}
{"loss": 0.27206799387931824, "acc": 0.8935033082962036, "length": 5.0, "mode": "test", "epoch": 87}
{"loss": 0.180388942360878, "acc": 0.9284992814064026, "length": 4.999400615692139, "mode": "train", "epoch": 88}
{"loss": 0.28280025720596313, "acc": 0.8978207111358643, "length": 5.0, "mode": "test", "epoch": 88}
{"loss": 0.2075933963060379, "acc": 0.922660768032074, "length": 4.9997477531433105, "mode": "train", "epoch": 89}
{"loss": 0.32660621404647827, "acc": 0.8778783082962036, "length": 5.0, "mode": "test", "epoch": 89}
{"loss": 0.20416325330734253, "acc": 0.9217662811279297, "length": 4.999520301818848, "mode": "train", "epoch": 90}
{"loss": 0.3468639552593231, "acc": 0.8764391541481018, "length": 5.0, "mode": "test", "epoch": 90}
{"loss": 0.20380961894989014, "acc": 0.9169602990150452, "length": 4.999759674072266, "mode": "train", "epoch": 91}
{"loss": 0.2797720432281494, "acc": 0.8885690569877625, "length": 5.0, "mode": "test", "epoch": 91}
{"loss": 0.18666991591453552, "acc": 0.9264350533485413, "length": 4.999763488769531, "mode": "train", "epoch": 92}
{"loss": 0.27114108204841614, "acc": 0.8908305764198303, "length": 5.0, "mode": "test", "epoch": 92}
{"loss": 0.17874661087989807, "acc": 0.9302803874015808, "length": 4.999569892883301, "mode": "train", "epoch": 93}
{"loss": 0.2531934678554535, "acc": 0.8943256735801697, "length": 5.0, "mode": "test", "epoch": 93}
{"loss": 0.18348254263401031, "acc": 0.9258233904838562, "length": 4.9999189376831055, "mode": "train", "epoch": 94}
{"loss": 0.2740269899368286, "acc": 0.8889802694320679, "length": 5.0, "mode": "test", "epoch": 94}
{"loss": 0.1813480108976364, "acc": 0.9272547960281372, "length": 4.999568462371826, "mode": "train", "epoch": 95}
{"loss": 0.2769930362701416, "acc": 0.8912417888641357, "length": 5.0, "mode": "test", "epoch": 95}
{"loss": 0.1793532818555832, "acc": 0.9284937381744385, "length": 4.999686241149902, "mode": "train", "epoch": 96}
{"loss": 0.26273006200790405, "acc": 0.8963815569877625, "length": 5.0, "mode": "test", "epoch": 96}
{"loss": 0.16934962570667267, "acc": 0.9354150891304016, "length": 4.998462677001953, "mode": "train", "epoch": 97}
{"loss": 0.259573757648468, "acc": 0.8965871930122375, "length": 5.0, "mode": "test", "epoch": 97}
{"loss": 0.17617487907409668, "acc": 0.930767297744751, "length": 4.999403476715088, "mode": "train", "epoch": 98}
{"loss": 0.2678178548812866, "acc": 0.8974095582962036, "length": 5.0, "mode": "test", "epoch": 98}
{"loss": 0.16573216021060944, "acc": 0.9348893165588379, "length": 4.999919891357422, "mode": "train", "epoch": 99}
{"loss": 0.2521122097969055, "acc": 0.8961759805679321, "length": 5.0, "mode": "test", "epoch": 99}
{"loss": 0.17443789541721344, "acc": 0.9300059676170349, "length": 4.999537944793701, "mode": "train", "epoch": 100}
{"loss": 0.2560700476169586, "acc": 0.9004934430122375, "length": 5.0, "mode": "test", "epoch": 100}
test accuracy: 0.8732531070709229
