# ["--attributes=4", "--values=3", "--game_size=4", "--vocab_size_factor=3", "--n_epochs=100", "--batch_size=32", "--learning_rate=0.0005", "--hidden_size=256", "--temp_update=0.97", "--temperature=2"]
Creating train_ds and val_ds...

Creating test_ds...
{"loss": 0.6827649474143982, "acc": 0.5494974851608276, "length": 3.1557443141937256, "mode": "train", "epoch": 1}
{"loss": 0.625645101070404, "acc": 0.6552393436431885, "length": 3.15334415435791, "mode": "test", "epoch": 1}
{"loss": 0.5757032036781311, "acc": 0.6983731985092163, "length": 3.429990530014038, "mode": "train", "epoch": 2}
{"loss": 0.5599908232688904, "acc": 0.7462734580039978, "length": 3.8711256980895996, "mode": "test", "epoch": 2}
{"loss": 0.5117073655128479, "acc": 0.7580263018608093, "length": 3.815725088119507, "mode": "train", "epoch": 3}
{"loss": 0.5206466317176819, "acc": 0.7626809477806091, "length": 4.084828853607178, "mode": "test", "epoch": 3}
{"loss": 0.4568396210670471, "acc": 0.787302553653717, "length": 4.066019535064697, "mode": "train", "epoch": 4}
{"loss": 0.49856480956077576, "acc": 0.7701225876808167, "length": 3.985318183898926, "mode": "test", "epoch": 4}
{"loss": 0.4263560473918915, "acc": 0.8054172992706299, "length": 4.160066604614258, "mode": "train", "epoch": 5}
{"loss": 0.48291125893592834, "acc": 0.7882468104362488, "length": 3.982055425643921, "mode": "test", "epoch": 5}
{"loss": 0.40077558159828186, "acc": 0.822661280632019, "length": 4.315016746520996, "mode": "train", "epoch": 6}
{"loss": 0.4691670835018158, "acc": 0.7931931018829346, "length": 4.453507423400879, "mode": "test", "epoch": 6}
{"loss": 0.3770292103290558, "acc": 0.836280882358551, "length": 4.685663223266602, "mode": "train", "epoch": 7}
{"loss": 0.4659118354320526, "acc": 0.7920065522193909, "length": 5.0, "mode": "test", "epoch": 7}
{"loss": 0.352662056684494, "acc": 0.846501350402832, "length": 4.912439346313477, "mode": "train", "epoch": 8}
{"loss": 0.3875073194503784, "acc": 0.8413540124893188, "length": 5.0, "mode": "test", "epoch": 8}
{"loss": 0.31973937153816223, "acc": 0.8603945970535278, "length": 4.954280853271484, "mode": "train", "epoch": 9}
{"loss": 0.33213010430336, "acc": 0.8592985272407532, "length": 5.0, "mode": "test", "epoch": 9}
{"loss": 0.29539820551872253, "acc": 0.8742888569831848, "length": 4.9689412117004395, "mode": "train", "epoch": 10}
{"loss": 0.3244379162788391, "acc": 0.865212082862854, "length": 5.0, "mode": "test", "epoch": 10}
{"loss": 0.2786839008331299, "acc": 0.8834218382835388, "length": 4.978530406951904, "mode": "train", "epoch": 11}
{"loss": 0.3283509314060211, "acc": 0.8597063422203064, "length": 5.0, "mode": "test", "epoch": 11}
{"loss": 0.25409385561943054, "acc": 0.8944385051727295, "length": 4.985253810882568, "mode": "train", "epoch": 12}
{"loss": 0.3063308894634247, "acc": 0.8803017735481262, "length": 5.0, "mode": "test", "epoch": 12}
{"loss": 0.24655136466026306, "acc": 0.8997843861579895, "length": 4.989988327026367, "mode": "train", "epoch": 13}
{"loss": 0.30426356196403503, "acc": 0.8739804029464722, "length": 5.0, "mode": "test", "epoch": 13}
{"loss": 0.24536624550819397, "acc": 0.9020136594772339, "length": 4.991002082824707, "mode": "train", "epoch": 14}
{"loss": 0.3014356791973114, "acc": 0.8807096481323242, "length": 5.0, "mode": "test", "epoch": 14}
{"loss": 0.22751882672309875, "acc": 0.9075554609298706, "length": 4.9920196533203125, "mode": "train", "epoch": 15}
{"loss": 0.2859078347682953, "acc": 0.8935562968254089, "length": 5.0, "mode": "test", "epoch": 15}
{"loss": 0.22272540628910065, "acc": 0.9117229580879211, "length": 4.993492126464844, "mode": "train", "epoch": 16}
{"loss": 0.28834566473960876, "acc": 0.8902936577796936, "length": 5.0, "mode": "test", "epoch": 16}
{"loss": 0.22103458642959595, "acc": 0.9122275114059448, "length": 4.994982719421387, "mode": "train", "epoch": 17}
{"loss": 0.297076553106308, "acc": 0.8874388337135315, "length": 5.0, "mode": "test", "epoch": 17}
{"loss": 0.22124630212783813, "acc": 0.9149335622787476, "length": 4.997625350952148, "mode": "train", "epoch": 18}
{"loss": 0.28157758712768555, "acc": 0.8962071537971497, "length": 5.0, "mode": "test", "epoch": 18}
{"loss": 0.1986728012561798, "acc": 0.9228337407112122, "length": 4.997714042663574, "mode": "train", "epoch": 19}
{"loss": 0.29286807775497437, "acc": 0.8845840096473694, "length": 5.0, "mode": "test", "epoch": 19}
{"loss": 0.19272226095199585, "acc": 0.9265894889831543, "length": 4.998444080352783, "mode": "train", "epoch": 20}
{"loss": 0.2661341726779938, "acc": 0.8972267508506775, "length": 5.0, "mode": "test", "epoch": 20}
{"loss": 0.19006967544555664, "acc": 0.9292412996292114, "length": 4.9985480308532715, "mode": "train", "epoch": 21}
{"loss": 0.25840067863464355, "acc": 0.9015089869499207, "length": 5.0, "mode": "test", "epoch": 21}
{"loss": 0.19562651216983795, "acc": 0.9248847961425781, "length": 4.998311996459961, "mode": "train", "epoch": 22}
{"loss": 0.2946575880050659, "acc": 0.8951876163482666, "length": 5.0, "mode": "test", "epoch": 22}
{"loss": 0.18651236593723297, "acc": 0.9293370842933655, "length": 4.999207019805908, "mode": "train", "epoch": 23}
{"loss": 0.27371811866760254, "acc": 0.9066068530082703, "length": 5.0, "mode": "test", "epoch": 23}
{"loss": 0.1791948825120926, "acc": 0.9321901202201843, "length": 4.9990458488464355, "mode": "train", "epoch": 24}
{"loss": 0.25089314579963684, "acc": 0.9098694920539856, "length": 5.0, "mode": "test", "epoch": 24}
{"loss": 0.17318150401115417, "acc": 0.9397323131561279, "length": 4.998528957366943, "mode": "train", "epoch": 25}
{"loss": 0.266311913728714, "acc": 0.9053833484649658, "length": 5.0, "mode": "test", "epoch": 25}
{"loss": 0.1840764433145523, "acc": 0.9293419122695923, "length": 4.999409198760986, "mode": "train", "epoch": 26}
{"loss": 0.28913968801498413, "acc": 0.899877667427063, "length": 5.0, "mode": "test", "epoch": 26}
{"loss": 0.16631858050823212, "acc": 0.9388176202774048, "length": 4.998004913330078, "mode": "train", "epoch": 27}
{"loss": 0.2639746367931366, "acc": 0.9045677185058594, "length": 5.0, "mode": "test", "epoch": 27}
{"loss": 0.1635771542787552, "acc": 0.9413965344429016, "length": 4.999457836151123, "mode": "train", "epoch": 28}
{"loss": 0.2580251693725586, "acc": 0.906199038028717, "length": 5.0, "mode": "test", "epoch": 28}
{"loss": 0.16382339596748352, "acc": 0.9399760365486145, "length": 4.999600887298584, "mode": "train", "epoch": 29}
{"loss": 0.27038559317588806, "acc": 0.9121125340461731, "length": 5.0, "mode": "test", "epoch": 29}
{"loss": 0.16233238577842712, "acc": 0.9381988644599915, "length": 4.999563217163086, "mode": "train", "epoch": 30}
{"loss": 0.24929247796535492, "acc": 0.9106851816177368, "length": 5.0, "mode": "test", "epoch": 30}
{"loss": 0.15635867416858673, "acc": 0.9433913230895996, "length": 4.999910354614258, "mode": "train", "epoch": 31}
{"loss": 0.25581803917884827, "acc": 0.9104812145233154, "length": 5.0, "mode": "test", "epoch": 31}
{"loss": 0.15847356617450714, "acc": 0.9420961141586304, "length": 4.999930381774902, "mode": "train", "epoch": 32}
{"loss": 0.2623838484287262, "acc": 0.9108890891075134, "length": 5.0, "mode": "test", "epoch": 32}
{"loss": 0.15420785546302795, "acc": 0.943253219127655, "length": 4.9999098777771, "mode": "train", "epoch": 33}
{"loss": 0.2706950008869171, "acc": 0.9104812145233154, "length": 5.0, "mode": "test", "epoch": 33}
{"loss": 0.15385204553604126, "acc": 0.9425025582313538, "length": 4.999903202056885, "mode": "train", "epoch": 34}
{"loss": 0.26465845108032227, "acc": 0.906199038028717, "length": 5.0, "mode": "test", "epoch": 34}
{"loss": 0.15699419379234314, "acc": 0.9426416158676147, "length": 4.9999589920043945, "mode": "train", "epoch": 35}
{"loss": 0.2838069498538971, "acc": 0.901305079460144, "length": 5.0, "mode": "test", "epoch": 35}
{"loss": 0.15056006610393524, "acc": 0.9440037608146667, "length": 4.999943733215332, "mode": "train", "epoch": 36}
{"loss": 0.2558172643184662, "acc": 0.91109299659729, "length": 5.0, "mode": "test", "epoch": 36}
{"loss": 0.14073900878429413, "acc": 0.949385404586792, "length": 4.999945163726807, "mode": "train", "epoch": 37}
{"loss": 0.24071939289569855, "acc": 0.9153752326965332, "length": 5.0, "mode": "test", "epoch": 37}
{"loss": 0.1429779976606369, "acc": 0.9478840231895447, "length": 4.999911308288574, "mode": "train", "epoch": 38}
{"loss": 0.26814064383506775, "acc": 0.9100733995437622, "length": 5.0, "mode": "test", "epoch": 38}
{"loss": 0.16794700920581818, "acc": 0.9371914863586426, "length": 4.999917984008789, "mode": "train", "epoch": 39}
{"loss": 0.27667123079299927, "acc": 0.9059951305389404, "length": 5.0, "mode": "test", "epoch": 39}
{"loss": 0.16704457998275757, "acc": 0.9389641880989075, "length": 4.9999895095825195, "mode": "train", "epoch": 40}
{"loss": 0.27391955256462097, "acc": 0.9066068530082703, "length": 5.0, "mode": "test", "epoch": 40}
{"loss": 0.1490449458360672, "acc": 0.9453675150871277, "length": 4.99998664855957, "mode": "train", "epoch": 41}
{"loss": 0.2632494866847992, "acc": 0.9090538620948792, "length": 5.0, "mode": "test", "epoch": 41}
{"loss": 0.1547694057226181, "acc": 0.9432504177093506, "length": 4.9998297691345215, "mode": "train", "epoch": 42}
{"loss": 0.2481008619070053, "acc": 0.9176182746887207, "length": 5.0, "mode": "test", "epoch": 42}
{"loss": 0.14138171076774597, "acc": 0.9488918781280518, "length": 4.9995317459106445, "mode": "train", "epoch": 43}
{"loss": 0.25468286871910095, "acc": 0.9119086265563965, "length": 5.0, "mode": "test", "epoch": 43}
{"loss": 0.1540091335773468, "acc": 0.9439370036125183, "length": 4.999987602233887, "mode": "train", "epoch": 44}
{"loss": 0.2967846095561981, "acc": 0.8947798013687134, "length": 5.0, "mode": "test", "epoch": 44}
{"loss": 0.16783782839775085, "acc": 0.9373775124549866, "length": 4.999581813812256, "mode": "train", "epoch": 45}
{"loss": 0.267691045999527, "acc": 0.9072185754776001, "length": 5.0, "mode": "test", "epoch": 45}
{"loss": 0.15206381678581238, "acc": 0.9452992081642151, "length": 4.999984264373779, "mode": "train", "epoch": 46}
{"loss": 0.2609899640083313, "acc": 0.9157830476760864, "length": 5.0, "mode": "test", "epoch": 46}
{"loss": 0.14141963422298431, "acc": 0.9491133093833923, "length": 4.999950885772705, "mode": "train", "epoch": 47}
{"loss": 0.23687593638896942, "acc": 0.9153752326965332, "length": 5.0, "mode": "test", "epoch": 47}
{"loss": 0.14235593378543854, "acc": 0.9475476741790771, "length": 4.999998092651367, "mode": "train", "epoch": 48}
{"loss": 0.248520165681839, "acc": 0.9165986776351929, "length": 5.0, "mode": "test", "epoch": 48}
{"loss": 0.1411687135696411, "acc": 0.949931800365448, "length": 4.999999046325684, "mode": "train", "epoch": 49}
{"loss": 0.2504560351371765, "acc": 0.9225122332572937, "length": 5.0, "mode": "test", "epoch": 49}
{"loss": 0.13263972103595734, "acc": 0.9514287710189819, "length": 4.999940395355225, "mode": "train", "epoch": 50}
{"loss": 0.2550000846385956, "acc": 0.9178221821784973, "length": 5.0, "mode": "test", "epoch": 50}
{"loss": 0.15629321336746216, "acc": 0.9453670978546143, "length": 4.999980926513672, "mode": "train", "epoch": 51}
{"loss": 0.27017712593078613, "acc": 0.9059951305389404, "length": 5.0, "mode": "test", "epoch": 51}
{"loss": 0.17040109634399414, "acc": 0.9375336766242981, "length": 4.9999799728393555, "mode": "train", "epoch": 52}
{"loss": 0.27626997232437134, "acc": 0.9029363989830017, "length": 5.0, "mode": "test", "epoch": 52}
{"loss": 0.16054636240005493, "acc": 0.9430956244468689, "length": 4.9994049072265625, "mode": "train", "epoch": 53}
{"loss": 0.27842631936073303, "acc": 0.9139478206634521, "length": 5.0, "mode": "test", "epoch": 53}
{"loss": 0.15967251360416412, "acc": 0.9428471922874451, "length": 4.999992370605469, "mode": "train", "epoch": 54}
{"loss": 0.33379626274108887, "acc": 0.8821370601654053, "length": 5.0, "mode": "test", "epoch": 54}
{"loss": 0.23731112480163574, "acc": 0.9085825681686401, "length": 4.9999871253967285, "mode": "train", "epoch": 55}
{"loss": 0.3156168460845947, "acc": 0.8849918246269226, "length": 5.0, "mode": "test", "epoch": 55}
{"loss": 0.2534193694591522, "acc": 0.9053807258605957, "length": 4.999977111816406, "mode": "train", "epoch": 56}
{"loss": 0.299611896276474, "acc": 0.8870310187339783, "length": 5.0, "mode": "test", "epoch": 56}
{"loss": 0.22733083367347717, "acc": 0.9120041131973267, "length": 4.998372554779053, "mode": "train", "epoch": 57}
{"loss": 0.28020569682121277, "acc": 0.889681875705719, "length": 5.0, "mode": "test", "epoch": 57}
{"loss": 0.2191952019929886, "acc": 0.9159395694732666, "length": 4.9999799728393555, "mode": "train", "epoch": 58}
{"loss": 0.2888377904891968, "acc": 0.8868270516395569, "length": 5.0, "mode": "test", "epoch": 58}
{"loss": 0.20066770911216736, "acc": 0.9215928316116333, "length": 4.999948501586914, "mode": "train", "epoch": 59}
{"loss": 0.2760102152824402, "acc": 0.8925366997718811, "length": 5.0, "mode": "test", "epoch": 59}
{"loss": 0.2032282054424286, "acc": 0.9239746332168579, "length": 4.999861717224121, "mode": "train", "epoch": 60}
{"loss": 0.2849900424480438, "acc": 0.8917210698127747, "length": 5.0, "mode": "test", "epoch": 60}
{"loss": 0.1904938966035843, "acc": 0.9294267296791077, "length": 4.999961853027344, "mode": "train", "epoch": 61}
{"loss": 0.2553612291812897, "acc": 0.9004893898963928, "length": 5.0, "mode": "test", "epoch": 61}
{"loss": 0.18592041730880737, "acc": 0.9309264421463013, "length": 4.999997138977051, "mode": "train", "epoch": 62}
{"loss": 0.25236472487449646, "acc": 0.9051794409751892, "length": 5.0, "mode": "test", "epoch": 62}
{"loss": 0.17446134984493256, "acc": 0.9340535998344421, "length": 4.999752998352051, "mode": "train", "epoch": 63}
{"loss": 0.2640291750431061, "acc": 0.9025285243988037, "length": 5.0, "mode": "test", "epoch": 63}
{"loss": 0.1637679636478424, "acc": 0.9397801160812378, "length": 4.999922752380371, "mode": "train", "epoch": 64}
{"loss": 0.2698194682598114, "acc": 0.8986541628837585, "length": 5.0, "mode": "test", "epoch": 64}
{"loss": 0.19740350544452667, "acc": 0.9244320392608643, "length": 4.999083518981934, "mode": "train", "epoch": 65}
{"loss": 0.29225051403045654, "acc": 0.9023246169090271, "length": 5.0, "mode": "test", "epoch": 65}
{"loss": 0.19474659860134125, "acc": 0.9290181994438171, "length": 4.999963760375977, "mode": "train", "epoch": 66}
{"loss": 0.26363417506217957, "acc": 0.9041598439216614, "length": 5.0, "mode": "test", "epoch": 66}
{"loss": 0.16413238644599915, "acc": 0.9412091970443726, "length": 4.999884128570557, "mode": "train", "epoch": 67}
{"loss": 0.26119428873062134, "acc": 0.9055872559547424, "length": 5.0, "mode": "test", "epoch": 67}
{"loss": 0.17877282202243805, "acc": 0.933035135269165, "length": 4.999940395355225, "mode": "train", "epoch": 68}
{"loss": 0.2631862163543701, "acc": 0.8996737599372864, "length": 5.0, "mode": "test", "epoch": 68}
{"loss": 0.16280671954154968, "acc": 0.9360345005989075, "length": 4.999953746795654, "mode": "train", "epoch": 69}
{"loss": 0.26167818903923035, "acc": 0.905791163444519, "length": 5.0, "mode": "test", "epoch": 69}
{"loss": 0.16980525851249695, "acc": 0.936358630657196, "length": 4.999430179595947, "mode": "train", "epoch": 70}
{"loss": 0.26710742712020874, "acc": 0.8996737599372864, "length": 5.0, "mode": "test", "epoch": 70}
{"loss": 0.16373580694198608, "acc": 0.9401895403862, "length": 4.99996280670166, "mode": "train", "epoch": 71}
{"loss": 0.22908642888069153, "acc": 0.9115008115768433, "length": 5.0, "mode": "test", "epoch": 71}
{"loss": 0.1553005874156952, "acc": 0.9408659934997559, "length": 4.999860763549805, "mode": "train", "epoch": 72}
{"loss": 0.264449805021286, "acc": 0.9019168019294739, "length": 5.0, "mode": "test", "epoch": 72}
{"loss": 0.15957525372505188, "acc": 0.9405795931816101, "length": 4.9991912841796875, "mode": "train", "epoch": 73}
{"loss": 0.24595344066619873, "acc": 0.914559543132782, "length": 5.0, "mode": "test", "epoch": 73}
{"loss": 0.14243316650390625, "acc": 0.9480236172676086, "length": 4.999972820281982, "mode": "train", "epoch": 74}
{"loss": 0.24075162410736084, "acc": 0.9143556356430054, "length": 5.0, "mode": "test", "epoch": 74}
{"loss": 0.14091862738132477, "acc": 0.9479534029960632, "length": 4.999906539916992, "mode": "train", "epoch": 75}
{"loss": 0.24488714337348938, "acc": 0.9163947701454163, "length": 5.0, "mode": "test", "epoch": 75}
{"loss": 0.1459774523973465, "acc": 0.9459127187728882, "length": 4.999996662139893, "mode": "train", "epoch": 76}
{"loss": 0.2598705291748047, "acc": 0.9070146679878235, "length": 5.0, "mode": "test", "epoch": 76}
{"loss": 0.168354332447052, "acc": 0.9360983967781067, "length": 4.99985933303833, "mode": "train", "epoch": 77}
{"loss": 0.26519492268562317, "acc": 0.9082381725311279, "length": 5.0, "mode": "test", "epoch": 77}
{"loss": 0.17944593727588654, "acc": 0.9346722960472107, "length": 4.999971866607666, "mode": "train", "epoch": 78}
{"loss": 0.29568082094192505, "acc": 0.8984502553939819, "length": 5.0, "mode": "test", "epoch": 78}
{"loss": 0.209678053855896, "acc": 0.9215901494026184, "length": 4.999811172485352, "mode": "train", "epoch": 79}
{"loss": 0.269759863615036, "acc": 0.900897204875946, "length": 5.0, "mode": "test", "epoch": 79}
{"loss": 0.18797260522842407, "acc": 0.9290731549263, "length": 4.999537944793701, "mode": "train", "epoch": 80}
{"loss": 0.26187577843666077, "acc": 0.9029363989830017, "length": 5.0, "mode": "test", "epoch": 80}
{"loss": 0.1731528341770172, "acc": 0.9342637062072754, "length": 4.999953746795654, "mode": "train", "epoch": 81}
{"loss": 0.27780696749687195, "acc": 0.9053833484649658, "length": 5.0, "mode": "test", "epoch": 81}
{"loss": 0.1582365185022354, "acc": 0.9414808750152588, "length": 4.999881744384766, "mode": "train", "epoch": 82}
{"loss": 0.23916392028331757, "acc": 0.9129282236099243, "length": 5.0, "mode": "test", "epoch": 82}
{"loss": 0.14807111024856567, "acc": 0.9466596245765686, "length": 4.9978718757629395, "mode": "train", "epoch": 83}
{"loss": 0.2567421793937683, "acc": 0.9082381725311279, "length": 5.0, "mode": "test", "epoch": 83}
{"loss": 0.14856110513210297, "acc": 0.9446824789047241, "length": 4.99977445602417, "mode": "train", "epoch": 84}
{"loss": 0.23336397111415863, "acc": 0.9174143671989441, "length": 5.0, "mode": "test", "epoch": 84}
{"loss": 0.14169879257678986, "acc": 0.9489726424217224, "length": 4.999802112579346, "mode": "train", "epoch": 85}
{"loss": 0.2503614127635956, "acc": 0.9139478206634521, "length": 5.0, "mode": "test", "epoch": 85}
{"loss": 0.1366376429796219, "acc": 0.9512074589729309, "length": 4.999215126037598, "mode": "train", "epoch": 86}
{"loss": 0.2608557939529419, "acc": 0.9088498950004578, "length": 5.0, "mode": "test", "epoch": 86}
{"loss": 0.14627143740653992, "acc": 0.9452953338623047, "length": 4.999838352203369, "mode": "train", "epoch": 87}
{"loss": 0.25435689091682434, "acc": 0.9125204086303711, "length": 5.0, "mode": "test", "epoch": 87}
{"loss": 0.13650763034820557, "acc": 0.9500667452812195, "length": 4.999950408935547, "mode": "train", "epoch": 88}
{"loss": 0.23537230491638184, "acc": 0.9139478206634521, "length": 5.0, "mode": "test", "epoch": 88}
{"loss": 0.1397494226694107, "acc": 0.9491755366325378, "length": 4.999417781829834, "mode": "train", "epoch": 89}
{"loss": 0.25426292419433594, "acc": 0.9131321310997009, "length": 5.0, "mode": "test", "epoch": 89}
{"loss": 0.1302114725112915, "acc": 0.9528568983078003, "length": 4.9998979568481445, "mode": "train", "epoch": 90}
{"loss": 0.23703745007514954, "acc": 0.919453501701355, "length": 5.0, "mode": "test", "epoch": 90}
{"loss": 0.13733309507369995, "acc": 0.9486371874809265, "length": 4.999984264373779, "mode": "train", "epoch": 91}
{"loss": 0.26558157801628113, "acc": 0.9100733995437622, "length": 5.0, "mode": "test", "epoch": 91}
{"loss": 0.135660320520401, "acc": 0.9518108367919922, "length": 4.9992451667785645, "mode": "train", "epoch": 92}
{"loss": 0.26439645886421204, "acc": 0.9117047190666199, "length": 5.0, "mode": "test", "epoch": 92}
{"loss": 0.13153041899204254, "acc": 0.9521112442016602, "length": 4.9999494552612305, "mode": "train", "epoch": 93}
{"loss": 0.27070391178131104, "acc": 0.9133360385894775, "length": 5.0, "mode": "test", "epoch": 93}
{"loss": 0.15936152637004852, "acc": 0.9418255090713501, "length": 4.999995708465576, "mode": "train", "epoch": 94}
{"loss": 0.27431759238243103, "acc": 0.9015089869499207, "length": 5.0, "mode": "test", "epoch": 94}
{"loss": 0.1646900773048401, "acc": 0.9376692771911621, "length": 4.999969482421875, "mode": "train", "epoch": 95}
{"loss": 0.2893136441707611, "acc": 0.9031403064727783, "length": 5.0, "mode": "test", "epoch": 95}
{"loss": 0.16142156720161438, "acc": 0.938691258430481, "length": 4.999971866607666, "mode": "train", "epoch": 96}
{"loss": 0.29481709003448486, "acc": 0.9025285243988037, "length": 5.0, "mode": "test", "epoch": 96}
{"loss": 0.1576594114303589, "acc": 0.9438641667366028, "length": 4.999810695648193, "mode": "train", "epoch": 97}
{"loss": 0.2934666574001312, "acc": 0.9059951305389404, "length": 5.0, "mode": "test", "epoch": 97}
{"loss": 0.1540454477071762, "acc": 0.9439887404441833, "length": 4.999624252319336, "mode": "train", "epoch": 98}
{"loss": 0.2765364348888397, "acc": 0.9053833484649658, "length": 5.0, "mode": "test", "epoch": 98}
{"loss": 0.1647658348083496, "acc": 0.9376686811447144, "length": 4.999927043914795, "mode": "train", "epoch": 99}
{"loss": 0.2794491946697235, "acc": 0.8986541628837585, "length": 5.0, "mode": "test", "epoch": 99}
{"loss": 0.15144163370132446, "acc": 0.9439318180084229, "length": 4.999849796295166, "mode": "train", "epoch": 100}
{"loss": 0.27409225702285767, "acc": 0.9084420800209045, "length": 5.0, "mode": "test", "epoch": 100}
test accuracy: 0.859375
