# ["--attributes=4", "--values=3", "--game_size=4", "--vocab_size_factor=3", "--n_epochs=100", "--batch_size=32", "--learning_rate=0.0005", "--hidden_size=256", "--temp_update=0.99", "--temperature=2"]
Creating train_ds and val_ds...

Creating test_ds...
{"loss": 0.7004327178001404, "acc": 0.5014045834541321, "length": 2.0589513778686523, "mode": "train", "epoch": 1}
{"loss": 0.6949693560600281, "acc": 0.49575933814048767, "length": 1.0, "mode": "test", "epoch": 1}
{"loss": 0.6171198487281799, "acc": 0.6529183983802795, "length": 2.697788953781128, "mode": "train", "epoch": 2}
{"loss": 0.5946860909461975, "acc": 0.7144192457199097, "length": 3.2100162506103516, "mode": "test", "epoch": 2}
{"loss": 0.5155479311943054, "acc": 0.7581039667129517, "length": 3.6216111183166504, "mode": "train", "epoch": 3}
{"loss": 0.5180656313896179, "acc": 0.7677326798439026, "length": 3.7722132205963135, "mode": "test", "epoch": 3}
{"loss": 0.4549810588359833, "acc": 0.7924258708953857, "length": 3.8762691020965576, "mode": "train", "epoch": 4}
{"loss": 0.5083910822868347, "acc": 0.7798008918762207, "length": 3.9789984226226807, "mode": "test", "epoch": 4}
{"loss": 0.4219401478767395, "acc": 0.8105219006538391, "length": 4.043603897094727, "mode": "train", "epoch": 5}
{"loss": 0.480194091796875, "acc": 0.785464882850647, "length": 4.101777076721191, "mode": "test", "epoch": 5}
{"loss": 0.4034549295902252, "acc": 0.8192750215530396, "length": 4.112446308135986, "mode": "train", "epoch": 6}
{"loss": 0.4936109483242035, "acc": 0.7719579935073853, "length": 4.088852882385254, "mode": "test", "epoch": 6}
{"loss": 0.38924941420555115, "acc": 0.823549747467041, "length": 4.118529796600342, "mode": "train", "epoch": 7}
{"loss": 0.45815616846084595, "acc": 0.7899900674819946, "length": 4.185783386230469, "mode": "test", "epoch": 7}
{"loss": 0.37260356545448303, "acc": 0.8329697251319885, "length": 4.172394752502441, "mode": "train", "epoch": 8}
{"loss": 0.46754351258277893, "acc": 0.8039652109146118, "length": 4.082390785217285, "mode": "test", "epoch": 8}
{"loss": 0.36132752895355225, "acc": 0.8364400267601013, "length": 4.255466938018799, "mode": "train", "epoch": 9}
{"loss": 0.42411667108535767, "acc": 0.8088152408599854, "length": 4.334410190582275, "mode": "test", "epoch": 9}
{"loss": 0.3381189703941345, "acc": 0.8542695641517639, "length": 4.274257183074951, "mode": "train", "epoch": 10}
{"loss": 0.41532427072525024, "acc": 0.8182822465896606, "length": 4.30210018157959, "mode": "test", "epoch": 10}
{"loss": 0.3246927857398987, "acc": 0.8611786961555481, "length": 4.315586090087891, "mode": "train", "epoch": 11}
{"loss": 0.3903179466724396, "acc": 0.84956955909729, "length": 4.289175987243652, "mode": "test", "epoch": 11}
{"loss": 0.3138934373855591, "acc": 0.8691992163658142, "length": 4.352227210998535, "mode": "train", "epoch": 12}
{"loss": 0.4002278447151184, "acc": 0.8426468372344971, "length": 4.2633280754089355, "mode": "test", "epoch": 12}
{"loss": 0.3048012852668762, "acc": 0.8746107220649719, "length": 4.357450485229492, "mode": "train", "epoch": 13}
{"loss": 0.3680521249771118, "acc": 0.8515321016311646, "length": 4.3974151611328125, "mode": "test", "epoch": 13}
{"loss": 0.2946873605251312, "acc": 0.8788869976997375, "length": 4.463300704956055, "mode": "train", "epoch": 14}
{"loss": 0.35529133677482605, "acc": 0.8604352474212646, "length": 4.84168004989624, "mode": "test", "epoch": 14}
{"loss": 0.28556451201438904, "acc": 0.8802154660224915, "length": 4.678896903991699, "mode": "train", "epoch": 15}
{"loss": 0.35049983859062195, "acc": 0.8622841835021973, "length": 4.974152088165283, "mode": "test", "epoch": 15}
{"loss": 0.2726742625236511, "acc": 0.8849619626998901, "length": 4.86844539642334, "mode": "train", "epoch": 16}
{"loss": 0.33775195479393005, "acc": 0.8669225573539734, "length": 5.0, "mode": "test", "epoch": 16}
{"loss": 0.26116636395454407, "acc": 0.8862549066543579, "length": 4.913022994995117, "mode": "train", "epoch": 17}
{"loss": 0.3156951367855072, "acc": 0.8703554272651672, "length": 5.0, "mode": "test", "epoch": 17}
{"loss": 0.24124568700790405, "acc": 0.8970910906791687, "length": 4.954408168792725, "mode": "train", "epoch": 18}
{"loss": 0.3395262360572815, "acc": 0.8711631894111633, "length": 5.0, "mode": "test", "epoch": 18}
{"loss": 0.23259732127189636, "acc": 0.8998903632164001, "length": 4.972445964813232, "mode": "train", "epoch": 19}
{"loss": 0.34034422039985657, "acc": 0.8752020597457886, "length": 5.0, "mode": "test", "epoch": 19}
{"loss": 0.23137661814689636, "acc": 0.9051475524902344, "length": 4.974452495574951, "mode": "train", "epoch": 20}
{"loss": 0.33012303709983826, "acc": 0.8715670704841614, "length": 5.0, "mode": "test", "epoch": 20}
{"loss": 0.21292626857757568, "acc": 0.9136664867401123, "length": 4.979921340942383, "mode": "train", "epoch": 21}
{"loss": 0.317388117313385, "acc": 0.8832795023918152, "length": 5.0, "mode": "test", "epoch": 21}
{"loss": 0.1995769888162613, "acc": 0.9198265075683594, "length": 4.985321521759033, "mode": "train", "epoch": 22}
{"loss": 0.3163263499736786, "acc": 0.8804523348808289, "length": 5.0, "mode": "test", "epoch": 22}
{"loss": 0.19543026387691498, "acc": 0.9233086109161377, "length": 4.988562107086182, "mode": "train", "epoch": 23}
{"loss": 0.2849341332912445, "acc": 0.8850968480110168, "length": 5.0, "mode": "test", "epoch": 23}
{"loss": 0.18756885826587677, "acc": 0.9248945713043213, "length": 4.9919304847717285, "mode": "train", "epoch": 24}
{"loss": 0.3093326687812805, "acc": 0.8846930265426636, "length": 5.0, "mode": "test", "epoch": 24}
{"loss": 0.17937330901622772, "acc": 0.9290847778320312, "length": 4.993561267852783, "mode": "train", "epoch": 25}
{"loss": 0.30810242891311646, "acc": 0.8844910264015198, "length": 5.0, "mode": "test", "epoch": 25}
{"loss": 0.17409083247184753, "acc": 0.9320506453514099, "length": 4.992537498474121, "mode": "train", "epoch": 26}
{"loss": 0.29256683588027954, "acc": 0.8919627666473389, "length": 5.0, "mode": "test", "epoch": 26}
{"loss": 0.180864155292511, "acc": 0.9285467267036438, "length": 4.993408679962158, "mode": "train", "epoch": 27}
{"loss": 0.32721564173698425, "acc": 0.8792406320571899, "length": 5.0, "mode": "test", "epoch": 27}
{"loss": 0.17104803025722504, "acc": 0.9318809509277344, "length": 4.995743274688721, "mode": "train", "epoch": 28}
{"loss": 0.2899675965309143, "acc": 0.8899434804916382, "length": 5.0, "mode": "test", "epoch": 28}
{"loss": 0.1615360975265503, "acc": 0.9378952383995056, "length": 4.9969892501831055, "mode": "train", "epoch": 29}
{"loss": 0.2946912944316864, "acc": 0.8943861126899719, "length": 5.0, "mode": "test", "epoch": 29}
{"loss": 0.15379799902439117, "acc": 0.9402512311935425, "length": 4.996697902679443, "mode": "train", "epoch": 30}
{"loss": 0.2935165762901306, "acc": 0.8964055180549622, "length": 5.0, "mode": "test", "epoch": 30}
{"loss": 0.15435181558132172, "acc": 0.9402623772621155, "length": 4.99739933013916, "mode": "train", "epoch": 31}
{"loss": 0.2993090748786926, "acc": 0.8996365070343018, "length": 5.0, "mode": "test", "epoch": 31}
{"loss": 0.14938302338123322, "acc": 0.9418173432350159, "length": 4.997767448425293, "mode": "train", "epoch": 32}
{"loss": 0.2971680164337158, "acc": 0.9008481502532959, "length": 5.0, "mode": "test", "epoch": 32}
{"loss": 0.1437213122844696, "acc": 0.9435773491859436, "length": 4.997987747192383, "mode": "train", "epoch": 33}
{"loss": 0.30415311455726624, "acc": 0.8986268043518066, "length": 5.0, "mode": "test", "epoch": 33}
{"loss": 0.1372838318347931, "acc": 0.9485720992088318, "length": 4.998383045196533, "mode": "train", "epoch": 34}
{"loss": 0.28047916293144226, "acc": 0.9032713770866394, "length": 5.0, "mode": "test", "epoch": 34}
{"loss": 0.13405795395374298, "acc": 0.949783205986023, "length": 4.998305320739746, "mode": "train", "epoch": 35}
{"loss": 0.3046244978904724, "acc": 0.8988287448883057, "length": 5.0, "mode": "test", "epoch": 35}
{"loss": 0.1289171278476715, "acc": 0.9530291557312012, "length": 4.99880838394165, "mode": "train", "epoch": 36}
{"loss": 0.29179105162620544, "acc": 0.8986268043518066, "length": 5.0, "mode": "test", "epoch": 36}
{"loss": 0.1324584186077118, "acc": 0.9505982398986816, "length": 4.998711109161377, "mode": "train", "epoch": 37}
{"loss": 0.31560787558555603, "acc": 0.8996365070343018, "length": 5.0, "mode": "test", "epoch": 37}
{"loss": 0.12151873111724854, "acc": 0.9560632705688477, "length": 4.998815059661865, "mode": "train", "epoch": 38}
{"loss": 0.30860036611557007, "acc": 0.9026656746864319, "length": 5.0, "mode": "test", "epoch": 38}
{"loss": 0.12349327653646469, "acc": 0.9527631998062134, "length": 4.999009132385254, "mode": "train", "epoch": 39}
{"loss": 0.2986741364002228, "acc": 0.9054927229881287, "length": 5.0, "mode": "test", "epoch": 39}
{"loss": 0.1173895001411438, "acc": 0.9536396265029907, "length": 4.99905252456665, "mode": "train", "epoch": 40}
{"loss": 0.3010912537574768, "acc": 0.9010500907897949, "length": 5.0, "mode": "test", "epoch": 40}
{"loss": 0.12193581461906433, "acc": 0.9528360366821289, "length": 4.999438285827637, "mode": "train", "epoch": 41}
{"loss": 0.3100007474422455, "acc": 0.9079160094261169, "length": 5.0, "mode": "test", "epoch": 41}
{"loss": 0.1160019040107727, "acc": 0.9582961201667786, "length": 4.999277114868164, "mode": "train", "epoch": 42}
{"loss": 0.31793689727783203, "acc": 0.9038771986961365, "length": 5.0, "mode": "test", "epoch": 42}
{"loss": 0.11957568675279617, "acc": 0.9558731317520142, "length": 4.999505996704102, "mode": "train", "epoch": 43}
{"loss": 0.32020506262779236, "acc": 0.8978190422058105, "length": 5.0, "mode": "test", "epoch": 43}
{"loss": 0.10867483168840408, "acc": 0.9579635858535767, "length": 4.999475955963135, "mode": "train", "epoch": 44}
{"loss": 0.3075627088546753, "acc": 0.9040791392326355, "length": 5.0, "mode": "test", "epoch": 44}
{"loss": 0.11585509777069092, "acc": 0.9563478827476501, "length": 4.999654293060303, "mode": "train", "epoch": 45}
{"loss": 0.30189985036849976, "acc": 0.9077141284942627, "length": 5.0, "mode": "test", "epoch": 45}
{"loss": 0.10763087123632431, "acc": 0.9598563313484192, "length": 4.999537467956543, "mode": "train", "epoch": 46}
{"loss": 0.3067267835140228, "acc": 0.9095315933227539, "length": 5.0, "mode": "test", "epoch": 46}
{"loss": 0.10745654255151749, "acc": 0.9608674049377441, "length": 4.999664306640625, "mode": "train", "epoch": 47}
{"loss": 0.309123694896698, "acc": 0.901857852935791, "length": 5.0, "mode": "test", "epoch": 47}
{"loss": 0.10514463484287262, "acc": 0.9626858830451965, "length": 4.999500751495361, "mode": "train", "epoch": 48}
{"loss": 0.31319499015808105, "acc": 0.9046849608421326, "length": 5.0, "mode": "test", "epoch": 48}
{"loss": 0.09784573316574097, "acc": 0.9636325836181641, "length": 4.99968957901001, "mode": "train", "epoch": 49}
{"loss": 0.29374656081199646, "acc": 0.9097334146499634, "length": 5.0, "mode": "test", "epoch": 49}
{"loss": 0.0938078761100769, "acc": 0.964646577835083, "length": 4.999752998352051, "mode": "train", "epoch": 50}
{"loss": 0.31919965147972107, "acc": 0.9010500907897949, "length": 5.0, "mode": "test", "epoch": 50}
{"loss": 0.0968635305762291, "acc": 0.962486982345581, "length": 4.999709129333496, "mode": "train", "epoch": 51}
{"loss": 0.2840763330459595, "acc": 0.9141761064529419, "length": 5.0, "mode": "test", "epoch": 51}
{"loss": 0.09743182361125946, "acc": 0.9639058113098145, "length": 4.999754428863525, "mode": "train", "epoch": 52}
{"loss": 0.31337806582450867, "acc": 0.908723771572113, "length": 5.0, "mode": "test", "epoch": 52}
{"loss": 0.09649594128131866, "acc": 0.9651210308074951, "length": 4.999835014343262, "mode": "train", "epoch": 53}
{"loss": 0.2837526500225067, "acc": 0.9095314741134644, "length": 5.0, "mode": "test", "epoch": 53}
{"loss": 0.0974922925233841, "acc": 0.9639744758605957, "length": 4.9998698234558105, "mode": "train", "epoch": 54}
{"loss": 0.29082486033439636, "acc": 0.9139741659164429, "length": 5.0, "mode": "test", "epoch": 54}
{"loss": 0.10420801490545273, "acc": 0.9617471694946289, "length": 4.999818801879883, "mode": "train", "epoch": 55}
{"loss": 0.28885284066200256, "acc": 0.9095314741134644, "length": 5.0, "mode": "test", "epoch": 55}
{"loss": 0.10096030682325363, "acc": 0.9623554348945618, "length": 4.999848365783691, "mode": "train", "epoch": 56}
{"loss": 0.28333666920661926, "acc": 0.9141761064529419, "length": 5.0, "mode": "test", "epoch": 56}
{"loss": 0.08956383913755417, "acc": 0.9686955809593201, "length": 4.999841690063477, "mode": "train", "epoch": 57}
{"loss": 0.2882116436958313, "acc": 0.9117528200149536, "length": 5.0, "mode": "test", "epoch": 57}
{"loss": 0.09260600060224533, "acc": 0.9656623601913452, "length": 4.999917984008789, "mode": "train", "epoch": 58}
{"loss": 0.3117573857307434, "acc": 0.9075120091438293, "length": 5.0, "mode": "test", "epoch": 58}
{"loss": 0.1003052145242691, "acc": 0.9635700583457947, "length": 4.999891757965088, "mode": "train", "epoch": 59}
{"loss": 0.28327885270118713, "acc": 0.9143780469894409, "length": 5.0, "mode": "test", "epoch": 59}
{"loss": 0.10147128254175186, "acc": 0.9627593755722046, "length": 4.999763488769531, "mode": "train", "epoch": 60}
{"loss": 0.2946583032608032, "acc": 0.9141759872436523, "length": 5.0, "mode": "test", "epoch": 60}
{"loss": 0.09036347270011902, "acc": 0.967551052570343, "length": 4.999927997589111, "mode": "train", "epoch": 61}
{"loss": 0.3060549199581146, "acc": 0.9063004851341248, "length": 5.0, "mode": "test", "epoch": 61}
{"loss": 0.0875362753868103, "acc": 0.9680904746055603, "length": 4.999924182891846, "mode": "train", "epoch": 62}
{"loss": 0.2838193476200104, "acc": 0.9099353551864624, "length": 5.0, "mode": "test", "epoch": 62}
{"loss": 0.07982101291418076, "acc": 0.9702500104904175, "length": 4.999955654144287, "mode": "train", "epoch": 63}
{"loss": 0.30808278918266296, "acc": 0.9113489389419556, "length": 5.0, "mode": "test", "epoch": 63}
{"loss": 0.0862995982170105, "acc": 0.968496561050415, "length": 4.999904155731201, "mode": "train", "epoch": 64}
{"loss": 0.29326167702674866, "acc": 0.9186187386512756, "length": 5.0, "mode": "test", "epoch": 64}
{"loss": 0.08749169111251831, "acc": 0.9669439196586609, "length": 4.999936580657959, "mode": "train", "epoch": 65}
{"loss": 0.30889692902565, "acc": 0.915387749671936, "length": 5.0, "mode": "test", "epoch": 65}
{"loss": 0.0895049050450325, "acc": 0.9679562449455261, "length": 4.9999566078186035, "mode": "train", "epoch": 66}
{"loss": 0.28175097703933716, "acc": 0.914983868598938, "length": 5.0, "mode": "test", "epoch": 66}
{"loss": 0.08089900761842728, "acc": 0.9707220196723938, "length": 4.999957084655762, "mode": "train", "epoch": 67}
{"loss": 0.30342039465904236, "acc": 0.9141761064529419, "length": 5.0, "mode": "test", "epoch": 67}
{"loss": 0.08295716345310211, "acc": 0.9698399305343628, "length": 4.999682426452637, "mode": "train", "epoch": 68}
{"loss": 0.2912992537021637, "acc": 0.9176090359687805, "length": 5.0, "mode": "test", "epoch": 68}
{"loss": 0.07998252660036087, "acc": 0.9718016386032104, "length": 4.999956130981445, "mode": "train", "epoch": 69}
{"loss": 0.2997294068336487, "acc": 0.9111469984054565, "length": 5.0, "mode": "test", "epoch": 69}
{"loss": 0.08282195031642914, "acc": 0.9701156616210938, "length": 4.999979019165039, "mode": "train", "epoch": 70}
{"loss": 0.2761147916316986, "acc": 0.9210420250892639, "length": 5.0, "mode": "test", "epoch": 70}
{"loss": 0.08976138383150101, "acc": 0.9672147631645203, "length": 4.999969959259033, "mode": "train", "epoch": 71}
{"loss": 0.3063817024230957, "acc": 0.9165993332862854, "length": 5.0, "mode": "test", "epoch": 71}
{"loss": 0.08078331500291824, "acc": 0.9705203175544739, "length": 4.999978542327881, "mode": "train", "epoch": 72}
{"loss": 0.2952828109264374, "acc": 0.9159935116767883, "length": 5.0, "mode": "test", "epoch": 72}
{"loss": 0.07991112023591995, "acc": 0.9709243774414062, "length": 4.999938011169434, "mode": "train", "epoch": 73}
{"loss": 0.277094304561615, "acc": 0.9163973331451416, "length": 5.0, "mode": "test", "epoch": 73}
{"loss": 0.07772180438041687, "acc": 0.9725436568260193, "length": 4.999964237213135, "mode": "train", "epoch": 74}
{"loss": 0.3004128634929657, "acc": 0.92184978723526, "length": 5.0, "mode": "test", "epoch": 74}
{"loss": 0.07289992272853851, "acc": 0.9733535051345825, "length": 4.999974250793457, "mode": "train", "epoch": 75}
{"loss": 0.29270946979522705, "acc": 0.9190226197242737, "length": 5.0, "mode": "test", "epoch": 75}
{"loss": 0.08071926236152649, "acc": 0.9724090695381165, "length": 4.999974727630615, "mode": "train", "epoch": 76}
{"loss": 0.30085182189941406, "acc": 0.9174070954322815, "length": 5.0, "mode": "test", "epoch": 76}
{"loss": 0.08243774622678757, "acc": 0.9714642763137817, "length": 4.999964714050293, "mode": "train", "epoch": 77}
{"loss": 0.32501348853111267, "acc": 0.9159935116767883, "length": 5.0, "mode": "test", "epoch": 77}
{"loss": 0.09007318317890167, "acc": 0.9678217172622681, "length": 4.999969482421875, "mode": "train", "epoch": 78}
{"loss": 0.29936906695365906, "acc": 0.9186187386512756, "length": 5.0, "mode": "test", "epoch": 78}
{"loss": 0.07124266773462296, "acc": 0.9751072525978088, "length": 4.999974727630615, "mode": "train", "epoch": 79}
{"loss": 0.2893845736980438, "acc": 0.9220516681671143, "length": 5.0, "mode": "test", "epoch": 79}
{"loss": 0.06842731684446335, "acc": 0.9756469130516052, "length": 4.999969959259033, "mode": "train", "epoch": 80}
{"loss": 0.2958758771419525, "acc": 0.9204362034797668, "length": 5.0, "mode": "test", "epoch": 80}
{"loss": 0.07233905047178268, "acc": 0.974027693271637, "length": 4.999969959259033, "mode": "train", "epoch": 81}
{"loss": 0.2972204387187958, "acc": 0.914781928062439, "length": 5.0, "mode": "test", "epoch": 81}
{"loss": 0.06954335421323776, "acc": 0.9756333231925964, "length": 4.999533176422119, "mode": "train", "epoch": 82}
{"loss": 0.2887512743473053, "acc": 0.9180129170417786, "length": 5.0, "mode": "test", "epoch": 82}
{"loss": 0.07102328538894653, "acc": 0.9734882712364197, "length": 4.999968528747559, "mode": "train", "epoch": 83}
{"loss": 0.3241986930370331, "acc": 0.9117528200149536, "length": 5.0, "mode": "test", "epoch": 83}
{"loss": 0.06573288887739182, "acc": 0.9763895273208618, "length": 4.999995708465576, "mode": "train", "epoch": 84}
{"loss": 0.30869555473327637, "acc": 0.9125605821609497, "length": 5.0, "mode": "test", "epoch": 84}
{"loss": 0.06682439148426056, "acc": 0.9767937660217285, "length": 4.999974250793457, "mode": "train", "epoch": 85}
{"loss": 0.2841876447200775, "acc": 0.9228594303131104, "length": 5.0, "mode": "test", "epoch": 85}
{"loss": 0.06329474598169327, "acc": 0.9768616557121277, "length": 4.999992847442627, "mode": "train", "epoch": 86}
{"loss": 0.30607134103775024, "acc": 0.9163973927497864, "length": 5.0, "mode": "test", "epoch": 86}
{"loss": 0.07038284093141556, "acc": 0.9751754403114319, "length": 4.999968528747559, "mode": "train", "epoch": 87}
{"loss": 0.28151196241378784, "acc": 0.9214457869529724, "length": 5.0, "mode": "test", "epoch": 87}
{"loss": 0.0676383376121521, "acc": 0.9761869311332703, "length": 4.999988079071045, "mode": "train", "epoch": 88}
{"loss": 0.29431337118148804, "acc": 0.9230613708496094, "length": 5.0, "mode": "test", "epoch": 88}
{"loss": 0.06771433353424072, "acc": 0.9769966006278992, "length": 4.999994277954102, "mode": "train", "epoch": 89}
{"loss": 0.2996753752231598, "acc": 0.9220516681671143, "length": 5.0, "mode": "test", "epoch": 89}
{"loss": 0.06218573823571205, "acc": 0.9786156415939331, "length": 4.999990463256836, "mode": "train", "epoch": 90}
{"loss": 0.304504930973053, "acc": 0.92184978723526, "length": 5.0, "mode": "test", "epoch": 90}
{"loss": 0.062471404671669006, "acc": 0.9784806966781616, "length": 4.999995231628418, "mode": "train", "epoch": 91}
{"loss": 0.2923172116279602, "acc": 0.9232632517814636, "length": 5.0, "mode": "test", "epoch": 91}
{"loss": 0.05590639263391495, "acc": 0.9809088706970215, "length": 4.999945163726807, "mode": "train", "epoch": 92}
{"loss": 0.2902967035770416, "acc": 0.9256865978240967, "length": 5.0, "mode": "test", "epoch": 92}
{"loss": 0.05213835835456848, "acc": 0.9822580814361572, "length": 4.9999799728393555, "mode": "train", "epoch": 93}
{"loss": 0.30866649746894836, "acc": 0.9172051548957825, "length": 5.0, "mode": "test", "epoch": 93}
{"loss": 0.06000857800245285, "acc": 0.9788180589675903, "length": 4.999995708465576, "mode": "train", "epoch": 94}
{"loss": 0.3043869733810425, "acc": 0.9220516681671143, "length": 5.0, "mode": "test", "epoch": 94}
{"loss": 0.060557883232831955, "acc": 0.9795598983764648, "length": 4.999990940093994, "mode": "train", "epoch": 95}
{"loss": 0.32544633746147156, "acc": 0.9212440252304077, "length": 5.0, "mode": "test", "epoch": 95}
{"loss": 0.07166633009910583, "acc": 0.9768617153167725, "length": 4.999991416931152, "mode": "train", "epoch": 96}
{"loss": 0.3143901824951172, "acc": 0.9196284413337708, "length": 5.0, "mode": "test", "epoch": 96}
{"loss": 0.06567689031362534, "acc": 0.9780084490776062, "length": 4.999993801116943, "mode": "train", "epoch": 97}
{"loss": 0.30765047669410706, "acc": 0.9188206791877747, "length": 5.0, "mode": "test", "epoch": 97}
{"loss": 0.05423259735107422, "acc": 0.9830679297447205, "length": 4.999999046325684, "mode": "train", "epoch": 98}
{"loss": 0.28989410400390625, "acc": 0.9252825975418091, "length": 5.0, "mode": "test", "epoch": 98}
{"loss": 0.05881885439157486, "acc": 0.9812465906143188, "length": 4.999995708465576, "mode": "train", "epoch": 99}
{"loss": 0.307713121175766, "acc": 0.9254846572875977, "length": 5.0, "mode": "test", "epoch": 99}
{"loss": 0.054920878261327744, "acc": 0.9819210767745972, "length": 4.999989032745361, "mode": "train", "epoch": 100}
{"loss": 0.32024678587913513, "acc": 0.9220516681671143, "length": 5.0, "mode": "test", "epoch": 100}
test accuracy: 0.8620833158493042
