# ["--attributes=4", "--values=3", "--game_size=4", "--vocab_size_factor=3", "--n_epochs=100", "--batch_size=64", "--learning_rate=0.001", "--hidden_size=256", "--temp_update=0.97", "--temperature=1"]
Creating train_ds and val_ds...

Creating test_ds...
{"loss": 0.7042152881622314, "acc": 0.5028969645500183, "length": 1.6094884872436523, "mode": "train", "epoch": 1}
{"loss": 0.6946362853050232, "acc": 0.5078883767127991, "length": 1.0, "mode": "test", "epoch": 1}
{"loss": 0.6968225836753845, "acc": 0.49776962399482727, "length": 1.0003401041030884, "mode": "train", "epoch": 2}
{"loss": 0.6958379149436951, "acc": 0.48745954036712646, "length": 1.0, "mode": "test", "epoch": 2}
{"loss": 0.6955311894416809, "acc": 0.5060834884643555, "length": 1.0006526708602905, "mode": "train", "epoch": 3}
{"loss": 0.6926078796386719, "acc": 0.5167880058288574, "length": 1.0, "mode": "test", "epoch": 3}
{"loss": 0.6948184370994568, "acc": 0.5037143230438232, "length": 1.0006420612335205, "mode": "train", "epoch": 4}
{"loss": 0.6935413479804993, "acc": 0.5024271607398987, "length": 1.0, "mode": "test", "epoch": 4}
{"loss": 0.695722222328186, "acc": 0.4920308589935303, "length": 1.000436782836914, "mode": "train", "epoch": 5}
{"loss": 0.6959986090660095, "acc": 0.501011312007904, "length": 1.0, "mode": "test", "epoch": 5}
{"loss": 0.695007860660553, "acc": 0.5014864802360535, "length": 1.0003515481948853, "mode": "train", "epoch": 6}
{"loss": 0.6939308643341064, "acc": 0.5086974501609802, "length": 1.0, "mode": "test", "epoch": 6}
{"loss": 0.694998562335968, "acc": 0.5003171563148499, "length": 1.004718542098999, "mode": "train", "epoch": 7}
{"loss": 0.6948458552360535, "acc": 0.5004045367240906, "length": 1.0, "mode": "test", "epoch": 7}
{"loss": 0.6725586652755737, "acc": 0.5521354079246521, "length": 1.6881544589996338, "mode": "train", "epoch": 8}
{"loss": 0.6237143278121948, "acc": 0.6670206189155579, "length": 3.213592290878296, "mode": "test", "epoch": 8}
{"loss": 0.6141325235366821, "acc": 0.6613737940788269, "length": 3.0105714797973633, "mode": "train", "epoch": 9}
{"loss": 0.6071938872337341, "acc": 0.6678407788276672, "length": 3.0453073978424072, "mode": "test", "epoch": 9}
{"loss": 0.5762887597084045, "acc": 0.7007238268852234, "length": 3.494952917098999, "mode": "train", "epoch": 10}
{"loss": 0.5428327918052673, "acc": 0.7395401000976562, "length": 3.76375412940979, "mode": "test", "epoch": 10}
{"loss": 0.5172863006591797, "acc": 0.7555708885192871, "length": 3.875786066055298, "mode": "train", "epoch": 11}
{"loss": 0.5188437104225159, "acc": 0.7642691731452942, "length": 3.7443366050720215, "mode": "test", "epoch": 11}
{"loss": 0.47121015191078186, "acc": 0.7827401161193848, "length": 3.9682865142822266, "mode": "train", "epoch": 12}
{"loss": 0.4493575692176819, "acc": 0.80097895860672, "length": 4.011326789855957, "mode": "test", "epoch": 12}
{"loss": 0.43790996074676514, "acc": 0.7998266816139221, "length": 3.961721181869507, "mode": "train", "epoch": 13}
{"loss": 0.4480816423892975, "acc": 0.801364541053772, "length": 4.061488628387451, "mode": "test", "epoch": 13}
{"loss": 0.40530022978782654, "acc": 0.8179672360420227, "length": 3.991509199142456, "mode": "train", "epoch": 14}
{"loss": 0.42286643385887146, "acc": 0.8144224286079407, "length": 4.022653579711914, "mode": "test", "epoch": 14}
{"loss": 0.3871743679046631, "acc": 0.8272978067398071, "length": 4.068227767944336, "mode": "train", "epoch": 15}
{"loss": 0.41385480761528015, "acc": 0.8209643959999084, "length": 3.9433658123016357, "mode": "test", "epoch": 15}
{"loss": 0.38006213307380676, "acc": 0.8341729640960693, "length": 3.9823946952819824, "mode": "train", "epoch": 16}
{"loss": 0.41397032141685486, "acc": 0.8261584639549255, "length": 4.030744552612305, "mode": "test", "epoch": 16}
{"loss": 0.3673609793186188, "acc": 0.8373928666114807, "length": 4.02979040145874, "mode": "train", "epoch": 17}
{"loss": 0.40495702624320984, "acc": 0.8266608119010925, "length": 4.025889873504639, "mode": "test", "epoch": 17}
{"loss": 0.3642354905605316, "acc": 0.8397401571273804, "length": 4.026498317718506, "mode": "train", "epoch": 18}
{"loss": 0.4154145419597626, "acc": 0.8272090554237366, "length": 4.121359348297119, "mode": "test", "epoch": 18}
{"loss": 0.3528500497341156, "acc": 0.8470593690872192, "length": 4.039221286773682, "mode": "train", "epoch": 19}
{"loss": 0.39309975504875183, "acc": 0.8336418867111206, "length": 4.072815418243408, "mode": "test", "epoch": 19}
{"loss": 0.3403165638446808, "acc": 0.8518220782279968, "length": 4.495258331298828, "mode": "train", "epoch": 20}
{"loss": 0.3920009136199951, "acc": 0.8379974961280823, "length": 4.930420875549316, "mode": "test", "epoch": 20}
{"loss": 0.3347112238407135, "acc": 0.8523549437522888, "length": 4.821531295776367, "mode": "train", "epoch": 21}
{"loss": 0.37900230288505554, "acc": 0.83436518907547, "length": 4.927184581756592, "mode": "test", "epoch": 21}
{"loss": 0.32475024461746216, "acc": 0.8612490892410278, "length": 4.871311187744141, "mode": "train", "epoch": 22}
{"loss": 0.37108084559440613, "acc": 0.8515340685844421, "length": 4.988673210144043, "mode": "test", "epoch": 22}
{"loss": 0.3212839961051941, "acc": 0.8609476685523987, "length": 4.931960582733154, "mode": "train", "epoch": 23}
{"loss": 0.3793611526489258, "acc": 0.8483465909957886, "length": 4.967637538909912, "mode": "test", "epoch": 23}
{"loss": 0.31514668464660645, "acc": 0.8634728193283081, "length": 4.917113780975342, "mode": "train", "epoch": 24}
{"loss": 0.39373984932899475, "acc": 0.8450425863265991, "length": 4.996763706207275, "mode": "test", "epoch": 24}
{"loss": 0.30771470069885254, "acc": 0.8692495226860046, "length": 4.968782901763916, "mode": "train", "epoch": 25}
{"loss": 0.3802177608013153, "acc": 0.8397742509841919, "length": 4.996763706207275, "mode": "test", "epoch": 25}
{"loss": 0.3293082118034363, "acc": 0.856556236743927, "length": 4.970096588134766, "mode": "train", "epoch": 26}
{"loss": 0.4546128213405609, "acc": 0.8193801641464233, "length": 4.996763706207275, "mode": "test", "epoch": 26}
{"loss": 0.34678441286087036, "acc": 0.8488119840621948, "length": 4.934157371520996, "mode": "train", "epoch": 27}
{"loss": 0.4368419647216797, "acc": 0.8329287171363831, "length": 5.0, "mode": "test", "epoch": 27}
{"loss": 0.338409423828125, "acc": 0.8514462113380432, "length": 4.911074638366699, "mode": "train", "epoch": 28}
{"loss": 0.4025939404964447, "acc": 0.8333143591880798, "length": 4.990291118621826, "mode": "test", "epoch": 28}
{"loss": 0.3183582127094269, "acc": 0.8622468113899231, "length": 4.951457977294922, "mode": "train", "epoch": 29}
{"loss": 0.38471657037734985, "acc": 0.8466828465461731, "length": 5.0, "mode": "test", "epoch": 29}
{"loss": 0.31860578060150146, "acc": 0.8620203137397766, "length": 4.955680847167969, "mode": "train", "epoch": 30}
{"loss": 0.39860308170318604, "acc": 0.8410193920135498, "length": 5.0, "mode": "test", "epoch": 30}
{"loss": 0.30790039896965027, "acc": 0.8670669198036194, "length": 4.974428653717041, "mode": "train", "epoch": 31}
{"loss": 0.37915679812431335, "acc": 0.8432442545890808, "length": 5.0, "mode": "test", "epoch": 31}
{"loss": 0.3042106330394745, "acc": 0.8718987703323364, "length": 4.985984802246094, "mode": "train", "epoch": 32}
{"loss": 0.36741167306900024, "acc": 0.8523463010787964, "length": 5.0, "mode": "test", "epoch": 32}
{"loss": 0.2998195290565491, "acc": 0.8735344409942627, "length": 4.993675231933594, "mode": "train", "epoch": 33}
{"loss": 0.3677336573600769, "acc": 0.848705530166626, "length": 5.0, "mode": "test", "epoch": 33}
{"loss": 0.2972201406955719, "acc": 0.8752568364143372, "length": 4.992118835449219, "mode": "train", "epoch": 34}
{"loss": 0.3483446538448334, "acc": 0.8565937280654907, "length": 5.0, "mode": "test", "epoch": 34}
{"loss": 0.28738507628440857, "acc": 0.8765691518783569, "length": 4.992306709289551, "mode": "train", "epoch": 35}
{"loss": 0.3726443648338318, "acc": 0.8466828465461731, "length": 5.0, "mode": "test", "epoch": 35}
{"loss": 0.2860449552536011, "acc": 0.8785328269004822, "length": 4.995126724243164, "mode": "train", "epoch": 36}
{"loss": 0.34855377674102783, "acc": 0.8539643883705139, "length": 5.0, "mode": "test", "epoch": 36}
{"loss": 0.2776376008987427, "acc": 0.880138635635376, "length": 4.992376804351807, "mode": "train", "epoch": 37}
{"loss": 0.37377771735191345, "acc": 0.8549758195877075, "length": 5.0, "mode": "test", "epoch": 37}
{"loss": 0.26829662919044495, "acc": 0.8880332708358765, "length": 4.99390172958374, "mode": "train", "epoch": 38}
{"loss": 0.347732275724411, "acc": 0.8569983839988708, "length": 5.0, "mode": "test", "epoch": 38}
{"loss": 0.26923391222953796, "acc": 0.8888880610466003, "length": 4.996098041534424, "mode": "train", "epoch": 39}
{"loss": 0.36545440554618835, "acc": 0.8535598516464233, "length": 5.0, "mode": "test", "epoch": 39}
{"loss": 0.26811298727989197, "acc": 0.8869686722755432, "length": 4.992035388946533, "mode": "train", "epoch": 40}
{"loss": 0.3444134294986725, "acc": 0.8638753890991211, "length": 5.0, "mode": "test", "epoch": 40}
{"loss": 0.27456751465797424, "acc": 0.8891687989234924, "length": 4.996445178985596, "mode": "train", "epoch": 41}
{"loss": 0.3324533700942993, "acc": 0.8624595403671265, "length": 5.0, "mode": "test", "epoch": 41}
{"loss": 0.2634304165840149, "acc": 0.891724169254303, "length": 4.994538307189941, "mode": "train", "epoch": 42}
{"loss": 0.33961647748947144, "acc": 0.8642799258232117, "length": 5.0, "mode": "test", "epoch": 42}
{"loss": 0.26078662276268005, "acc": 0.8922623991966248, "length": 4.99627685546875, "mode": "train", "epoch": 43}
{"loss": 0.3385070860385895, "acc": 0.8594255447387695, "length": 5.0, "mode": "test", "epoch": 43}
{"loss": 0.2791900634765625, "acc": 0.8895806670188904, "length": 4.997853755950928, "mode": "train", "epoch": 44}
{"loss": 0.35925111174583435, "acc": 0.8610436916351318, "length": 5.0, "mode": "test", "epoch": 44}
{"loss": 0.2735366225242615, "acc": 0.8858925700187683, "length": 4.993553161621094, "mode": "train", "epoch": 45}
{"loss": 0.3181766867637634, "acc": 0.8691344261169434, "length": 5.0, "mode": "test", "epoch": 45}
{"loss": 0.2564053237438202, "acc": 0.8947271108627319, "length": 4.9933857917785645, "mode": "train", "epoch": 46}
{"loss": 0.35468775033950806, "acc": 0.8636731505393982, "length": 5.0, "mode": "test", "epoch": 46}
{"loss": 0.2714357078075409, "acc": 0.8928078413009644, "length": 4.993607521057129, "mode": "train", "epoch": 47}
{"loss": 0.3431727886199951, "acc": 0.8723705410957336, "length": 5.0, "mode": "test", "epoch": 47}
{"loss": 0.26965969800949097, "acc": 0.8945192694664001, "length": 4.990567684173584, "mode": "train", "epoch": 48}
{"loss": 0.3290153443813324, "acc": 0.8719660043716431, "length": 5.0, "mode": "test", "epoch": 48}
{"loss": 0.27474427223205566, "acc": 0.8937865495681763, "length": 4.992894649505615, "mode": "train", "epoch": 49}
{"loss": 0.32986435294151306, "acc": 0.8701456189155579, "length": 5.0, "mode": "test", "epoch": 49}
{"loss": 0.28467774391174316, "acc": 0.8823157548904419, "length": 4.994790554046631, "mode": "train", "epoch": 50}
{"loss": 0.3404079079627991, "acc": 0.8638753890991211, "length": 5.0, "mode": "test", "epoch": 50}
{"loss": 0.2833704650402069, "acc": 0.8823139071464539, "length": 4.995638847351074, "mode": "train", "epoch": 51}
{"loss": 0.35071155428886414, "acc": 0.8557847738265991, "length": 5.0, "mode": "test", "epoch": 51}
{"loss": 0.27282077074050903, "acc": 0.8896543979644775, "length": 4.998295307159424, "mode": "train", "epoch": 52}
{"loss": 0.3270140588283539, "acc": 0.8707524538040161, "length": 5.0, "mode": "test", "epoch": 52}
{"loss": 0.2522088885307312, "acc": 0.897251546382904, "length": 4.995608329772949, "mode": "train", "epoch": 53}
{"loss": 0.33415308594703674, "acc": 0.8665048480033875, "length": 5.0, "mode": "test", "epoch": 53}
{"loss": 0.26304295659065247, "acc": 0.896021842956543, "length": 4.995757102966309, "mode": "train", "epoch": 54}
{"loss": 0.3360055088996887, "acc": 0.8667071461677551, "length": 5.0, "mode": "test", "epoch": 54}
{"loss": 0.2626638114452362, "acc": 0.8938282132148743, "length": 4.996386528015137, "mode": "train", "epoch": 55}
{"loss": 0.3389665186405182, "acc": 0.8689320683479309, "length": 5.0, "mode": "test", "epoch": 55}
{"loss": 0.2520560920238495, "acc": 0.9003967642784119, "length": 4.993744373321533, "mode": "train", "epoch": 56}
{"loss": 0.31091052293777466, "acc": 0.8735841512680054, "length": 5.0, "mode": "test", "epoch": 56}
{"loss": 0.23702958226203918, "acc": 0.9057559370994568, "length": 4.989308834075928, "mode": "train", "epoch": 57}
{"loss": 0.2934877872467041, "acc": 0.8824838995933533, "length": 5.0, "mode": "test", "epoch": 57}
{"loss": 0.22760003805160522, "acc": 0.9101884365081787, "length": 4.991710662841797, "mode": "train", "epoch": 58}
{"loss": 0.2926296889781952, "acc": 0.8873381614685059, "length": 5.0, "mode": "test", "epoch": 58}
{"loss": 0.2207261323928833, "acc": 0.9135419726371765, "length": 4.993738174438477, "mode": "train", "epoch": 59}
{"loss": 0.28303584456443787, "acc": 0.8899675607681274, "length": 5.0, "mode": "test", "epoch": 59}
{"loss": 0.22135546803474426, "acc": 0.9109019637107849, "length": 4.995120048522949, "mode": "train", "epoch": 60}
{"loss": 0.29083749651908875, "acc": 0.890978991985321, "length": 5.0, "mode": "test", "epoch": 60}
{"loss": 0.22375236451625824, "acc": 0.9132506251335144, "length": 4.994801998138428, "mode": "train", "epoch": 61}
{"loss": 0.2841550409793854, "acc": 0.8841020464897156, "length": 5.0, "mode": "test", "epoch": 61}
{"loss": 0.2107428014278412, "acc": 0.9189979434013367, "length": 4.996118068695068, "mode": "train", "epoch": 62}
{"loss": 0.2617933750152588, "acc": 0.8980582356452942, "length": 5.0, "mode": "test", "epoch": 62}
{"loss": 0.19659356772899628, "acc": 0.9239432215690613, "length": 4.995957374572754, "mode": "train", "epoch": 63}
{"loss": 0.2646513879299164, "acc": 0.8988673090934753, "length": 5.0, "mode": "test", "epoch": 63}
{"loss": 0.1951366513967514, "acc": 0.9250341653823853, "length": 4.996793746948242, "mode": "train", "epoch": 64}
{"loss": 0.2878265082836151, "acc": 0.8934061527252197, "length": 5.0, "mode": "test", "epoch": 64}
{"loss": 0.20204880833625793, "acc": 0.921057939529419, "length": 4.99827766418457, "mode": "train", "epoch": 65}
{"loss": 0.2682419419288635, "acc": 0.8948220014572144, "length": 5.0, "mode": "test", "epoch": 65}
{"loss": 0.1959071010351181, "acc": 0.9245593547821045, "length": 4.998074531555176, "mode": "train", "epoch": 66}
{"loss": 0.2838020622730255, "acc": 0.8932037949562073, "length": 5.0, "mode": "test", "epoch": 66}
{"loss": 0.2210322618484497, "acc": 0.9157440066337585, "length": 4.998785018920898, "mode": "train", "epoch": 67}
{"loss": 0.2960135042667389, "acc": 0.891181230545044, "length": 5.0, "mode": "test", "epoch": 67}
{"loss": 0.23365940153598785, "acc": 0.90812087059021, "length": 4.997572422027588, "mode": "train", "epoch": 68}
{"loss": 0.29437652230262756, "acc": 0.8907766938209534, "length": 5.0, "mode": "test", "epoch": 68}
{"loss": 0.21855215728282928, "acc": 0.9155578017234802, "length": 4.997922897338867, "mode": "train", "epoch": 69}
{"loss": 0.30297374725341797, "acc": 0.8838996887207031, "length": 5.0, "mode": "test", "epoch": 69}
{"loss": 0.21742407977581024, "acc": 0.9159188866615295, "length": 4.997396469116211, "mode": "train", "epoch": 70}
{"loss": 0.29868242144584656, "acc": 0.8828883767127991, "length": 5.0, "mode": "test", "epoch": 70}
{"loss": 0.21922224760055542, "acc": 0.9150547385215759, "length": 4.998965740203857, "mode": "train", "epoch": 71}
{"loss": 0.3190394341945648, "acc": 0.8768203854560852, "length": 5.0, "mode": "test", "epoch": 71}
{"loss": 0.2511507272720337, "acc": 0.9000492095947266, "length": 4.999095916748047, "mode": "train", "epoch": 72}
{"loss": 0.31032803654670715, "acc": 0.879045307636261, "length": 5.0, "mode": "test", "epoch": 72}
{"loss": 0.2294216752052307, "acc": 0.9082123637199402, "length": 4.997246742248535, "mode": "train", "epoch": 73}
{"loss": 0.2985454499721527, "acc": 0.8788430690765381, "length": 5.0, "mode": "test", "epoch": 73}
{"loss": 0.26271992921829224, "acc": 0.8933036923408508, "length": 4.997956275939941, "mode": "train", "epoch": 74}
{"loss": 0.34211915731430054, "acc": 0.8622573614120483, "length": 5.0, "mode": "test", "epoch": 74}
{"loss": 0.26002898812294006, "acc": 0.8953289985656738, "length": 4.999858379364014, "mode": "train", "epoch": 75}
{"loss": 0.32330116629600525, "acc": 0.8713592290878296, "length": 5.0, "mode": "test", "epoch": 75}
{"loss": 0.23925460875034332, "acc": 0.9072930812835693, "length": 4.999787330627441, "mode": "train", "epoch": 76}
{"loss": 0.3016846179962158, "acc": 0.8794498443603516, "length": 5.0, "mode": "test", "epoch": 76}
{"loss": 0.23879581689834595, "acc": 0.9035122394561768, "length": 4.999938011169434, "mode": "train", "epoch": 77}
{"loss": 0.30272358655929565, "acc": 0.8828882575035095, "length": 5.0, "mode": "test", "epoch": 77}
{"loss": 0.21840661764144897, "acc": 0.91357421875, "length": 4.999355792999268, "mode": "train", "epoch": 78}
{"loss": 0.2907906472682953, "acc": 0.8905744552612305, "length": 5.0, "mode": "test", "epoch": 78}
{"loss": 0.20931333303451538, "acc": 0.9188483357429504, "length": 4.9998369216918945, "mode": "train", "epoch": 79}
{"loss": 0.3096088469028473, "acc": 0.883090615272522, "length": 5.0, "mode": "test", "epoch": 79}
{"loss": 0.20691664516925812, "acc": 0.9211461544036865, "length": 4.999922752380371, "mode": "train", "epoch": 80}
{"loss": 0.2916712462902069, "acc": 0.8927993774414062, "length": 5.0, "mode": "test", "epoch": 80}
{"loss": 0.20893651247024536, "acc": 0.9192376732826233, "length": 4.998741149902344, "mode": "train", "epoch": 81}
{"loss": 0.30910682678222656, "acc": 0.8786406517028809, "length": 5.0, "mode": "test", "epoch": 81}
{"loss": 0.21538828313350677, "acc": 0.9168813228607178, "length": 4.999704837799072, "mode": "train", "epoch": 82}
{"loss": 0.3215533196926117, "acc": 0.8893608450889587, "length": 5.0, "mode": "test", "epoch": 82}
{"loss": 0.22778292000293732, "acc": 0.9114152789115906, "length": 4.999604225158691, "mode": "train", "epoch": 83}
{"loss": 0.2931954562664032, "acc": 0.8907765746116638, "length": 5.0, "mode": "test", "epoch": 83}
{"loss": 0.21428854763507843, "acc": 0.9200437664985657, "length": 4.999370098114014, "mode": "train", "epoch": 84}
{"loss": 0.3030824363231659, "acc": 0.8812702298164368, "length": 5.0, "mode": "test", "epoch": 84}
{"loss": 0.2065855711698532, "acc": 0.9196486473083496, "length": 4.998781681060791, "mode": "train", "epoch": 85}
{"loss": 0.278776615858078, "acc": 0.8938106894493103, "length": 5.0, "mode": "test", "epoch": 85}
{"loss": 0.19871734082698822, "acc": 0.9225571155548096, "length": 4.999565601348877, "mode": "train", "epoch": 86}
{"loss": 0.2737395465373993, "acc": 0.901294469833374, "length": 5.0, "mode": "test", "epoch": 86}
{"loss": 0.19601747393608093, "acc": 0.9264718294143677, "length": 4.999314785003662, "mode": "train", "epoch": 87}
{"loss": 0.3120436370372772, "acc": 0.888551652431488, "length": 5.0, "mode": "test", "epoch": 87}
{"loss": 0.20100365579128265, "acc": 0.9238421320915222, "length": 4.99944543838501, "mode": "train", "epoch": 88}
{"loss": 0.29426467418670654, "acc": 0.8907766938209534, "length": 5.0, "mode": "test", "epoch": 88}
{"loss": 0.19198709726333618, "acc": 0.9249201416969299, "length": 4.999140739440918, "mode": "train", "epoch": 89}
{"loss": 0.30283263325691223, "acc": 0.8917879462242126, "length": 5.0, "mode": "test", "epoch": 89}
{"loss": 0.18243348598480225, "acc": 0.9310639500617981, "length": 4.999130725860596, "mode": "train", "epoch": 90}
{"loss": 0.2892981171607971, "acc": 0.8944174647331238, "length": 5.0, "mode": "test", "epoch": 90}
{"loss": 0.18643948435783386, "acc": 0.9297739267349243, "length": 4.9984235763549805, "mode": "train", "epoch": 91}
{"loss": 0.29493218660354614, "acc": 0.8952265381813049, "length": 5.0, "mode": "test", "epoch": 91}
{"loss": 0.19354523718357086, "acc": 0.9254648685455322, "length": 4.999390602111816, "mode": "train", "epoch": 92}
{"loss": 0.2932796776294708, "acc": 0.8942152261734009, "length": 5.0, "mode": "test", "epoch": 92}
{"loss": 0.22670398652553558, "acc": 0.9125650525093079, "length": 4.999817371368408, "mode": "train", "epoch": 93}
{"loss": 0.3363877832889557, "acc": 0.8820793628692627, "length": 5.0, "mode": "test", "epoch": 93}
{"loss": 0.24173493683338165, "acc": 0.9078367948532104, "length": 4.999773025512695, "mode": "train", "epoch": 94}
{"loss": 0.31267958879470825, "acc": 0.8828882575035095, "length": 5.0, "mode": "test", "epoch": 94}
{"loss": 0.21925050020217896, "acc": 0.9160170555114746, "length": 4.999449253082275, "mode": "train", "epoch": 95}
{"loss": 0.29463931918144226, "acc": 0.8853155374526978, "length": 5.0, "mode": "test", "epoch": 95}
{"loss": 0.21760617196559906, "acc": 0.9157118201255798, "length": 4.999103546142578, "mode": "train", "epoch": 96}
{"loss": 0.3282672166824341, "acc": 0.8758090734481812, "length": 5.0, "mode": "test", "epoch": 96}
{"loss": 0.22703634202480316, "acc": 0.9116199612617493, "length": 4.999929904937744, "mode": "train", "epoch": 97}
{"loss": 0.3187672793865204, "acc": 0.8818770051002502, "length": 5.0, "mode": "test", "epoch": 97}
{"loss": 0.2155887484550476, "acc": 0.9152700304985046, "length": 4.999992847442627, "mode": "train", "epoch": 98}
{"loss": 0.3104276955127716, "acc": 0.8808656930923462, "length": 5.0, "mode": "test", "epoch": 98}
{"loss": 0.20779140293598175, "acc": 0.9189022183418274, "length": 4.99931526184082, "mode": "train", "epoch": 99}
{"loss": 0.30470189452171326, "acc": 0.8838996887207031, "length": 5.0, "mode": "test", "epoch": 99}
{"loss": 0.19428730010986328, "acc": 0.9262160062789917, "length": 4.999989986419678, "mode": "train", "epoch": 100}
{"loss": 0.2857700288295746, "acc": 0.8978559970855713, "length": 5.0, "mode": "test", "epoch": 100}
test accuracy: 0.8687912821769714
