# ["--attributes=4", "--values=3", "--game_size=4", "--vocab_size_factor=3", "--n_epochs=100", "--batch_size=64", "--learning_rate=0.001", "--hidden_size=256", "--temp_update=0.99", "--temperature=1.5"]
Creating train_ds and val_ds...

Creating test_ds...
{"loss": 0.7071120142936707, "acc": 0.5038928985595703, "length": 1.8733923435211182, "mode": "train", "epoch": 1}
{"loss": 0.6970488429069519, "acc": 0.5126221776008606, "length": 1.0, "mode": "test", "epoch": 1}
{"loss": 0.6975699663162231, "acc": 0.5000013113021851, "length": 1.0018821954727173, "mode": "train", "epoch": 2}
{"loss": 0.6948724985122681, "acc": 0.5046823620796204, "length": 1.0, "mode": "test", "epoch": 2}
{"loss": 0.6970394253730774, "acc": 0.4936792552471161, "length": 1.0013316869735718, "mode": "train", "epoch": 3}
{"loss": 0.6964471936225891, "acc": 0.49043163657188416, "length": 1.0, "mode": "test", "epoch": 3}
{"loss": 0.696296751499176, "acc": 0.49857303500175476, "length": 1.0012462139129639, "mode": "train", "epoch": 4}
{"loss": 0.6955599784851074, "acc": 0.5093648433685303, "length": 1.0, "mode": "test", "epoch": 4}
{"loss": 0.6954714059829712, "acc": 0.5042135119438171, "length": 1.0011597871780396, "mode": "train", "epoch": 5}
{"loss": 0.6930073499679565, "acc": 0.5103827118873596, "length": 1.0, "mode": "test", "epoch": 5}
{"loss": 0.6954118609428406, "acc": 0.5000010132789612, "length": 1.0009499788284302, "mode": "train", "epoch": 6}
{"loss": 0.6923453211784363, "acc": 0.5146579742431641, "length": 1.0, "mode": "test", "epoch": 6}
{"loss": 0.6954274773597717, "acc": 0.5018348097801208, "length": 1.0009469985961914, "mode": "train", "epoch": 7}
{"loss": 0.6972317099571228, "acc": 0.5052931308746338, "length": 1.0, "mode": "test", "epoch": 7}
{"loss": 0.694413959980011, "acc": 0.5022454261779785, "length": 1.0008193254470825, "mode": "train", "epoch": 8}
{"loss": 0.6953641176223755, "acc": 0.5105862617492676, "length": 1.0, "mode": "test", "epoch": 8}
{"loss": 0.6944500207901001, "acc": 0.5050296187400818, "length": 1.0006369352340698, "mode": "train", "epoch": 9}
{"loss": 0.6935594081878662, "acc": 0.5118077993392944, "length": 1.0, "mode": "test", "epoch": 9}
{"loss": 0.6937584280967712, "acc": 0.503676176071167, "length": 1.0007127523422241, "mode": "train", "epoch": 10}
{"loss": 0.6936631798744202, "acc": 0.5067182183265686, "length": 1.0, "mode": "test", "epoch": 10}
{"loss": 0.6946328282356262, "acc": 0.49306827783584595, "length": 1.0005635023117065, "mode": "train", "epoch": 11}
{"loss": 0.6944815516471863, "acc": 0.5081433057785034, "length": 1.0, "mode": "test", "epoch": 11}
{"loss": 0.6941651105880737, "acc": 0.5094524025917053, "length": 1.0005217790603638, "mode": "train", "epoch": 12}
{"loss": 0.6921040415763855, "acc": 0.5168973803520203, "length": 1.0, "mode": "test", "epoch": 12}
{"loss": 0.6938490271568298, "acc": 0.5073501467704773, "length": 1.0007258653640747, "mode": "train", "epoch": 13}
{"loss": 0.6948770880699158, "acc": 0.5026465654373169, "length": 1.0, "mode": "test", "epoch": 13}
{"loss": 0.6941208243370056, "acc": 0.5043532252311707, "length": 1.0003933906555176, "mode": "train", "epoch": 14}
{"loss": 0.6930805444717407, "acc": 0.5158794522285461, "length": 1.0, "mode": "test", "epoch": 14}
{"loss": 0.6932963132858276, "acc": 0.5080253481864929, "length": 1.0003068447113037, "mode": "train", "epoch": 15}
{"loss": 0.6950324177742004, "acc": 0.5030537843704224, "length": 1.0, "mode": "test", "epoch": 15}
{"loss": 0.693986177444458, "acc": 0.5096564292907715, "length": 1.000285029411316, "mode": "train", "epoch": 16}
{"loss": 0.6936769485473633, "acc": 0.5028501749038696, "length": 1.0, "mode": "test", "epoch": 16}
{"loss": 0.6929715871810913, "acc": 0.5059157609939575, "length": 1.0002686977386475, "mode": "train", "epoch": 17}
{"loss": 0.6921208500862122, "acc": 0.5189332962036133, "length": 1.0, "mode": "test", "epoch": 17}
{"loss": 0.6934981346130371, "acc": 0.5127176642417908, "length": 1.0002856254577637, "mode": "train", "epoch": 18}
{"loss": 0.6945962309837341, "acc": 0.5016286373138428, "length": 1.0, "mode": "test", "epoch": 18}
{"loss": 0.6935040950775146, "acc": 0.509657084941864, "length": 1.000262975692749, "mode": "train", "epoch": 19}
{"loss": 0.6925281286239624, "acc": 0.5168973803520203, "length": 1.0, "mode": "test", "epoch": 19}
{"loss": 0.6932240128517151, "acc": 0.5082301497459412, "length": 1.0002291202545166, "mode": "train", "epoch": 20}
{"loss": 0.6937039494514465, "acc": 0.4995928406715393, "length": 1.0, "mode": "test", "epoch": 20}
{"loss": 0.692805826663971, "acc": 0.5078210830688477, "length": 1.000221610069275, "mode": "train", "epoch": 21}
{"loss": 0.6932924389839172, "acc": 0.5091612339019775, "length": 1.0, "mode": "test", "epoch": 21}
{"loss": 0.6928715109825134, "acc": 0.5180901288986206, "length": 1.0001802444458008, "mode": "train", "epoch": 22}
{"loss": 0.6937693953514099, "acc": 0.5004071593284607, "length": 1.0, "mode": "test", "epoch": 22}
{"loss": 0.6933667659759521, "acc": 0.5151658654212952, "length": 1.0001417398452759, "mode": "train", "epoch": 23}
{"loss": 0.6921867728233337, "acc": 0.5095683336257935, "length": 1.0, "mode": "test", "epoch": 23}
{"loss": 0.6933220624923706, "acc": 0.5147577524185181, "length": 1.0001260042190552, "mode": "train", "epoch": 24}
{"loss": 0.6935645937919617, "acc": 0.5144544243812561, "length": 1.0, "mode": "test", "epoch": 24}
{"loss": 0.692608118057251, "acc": 0.5144180655479431, "length": 1.0001380443572998, "mode": "train", "epoch": 25}
{"loss": 0.692313551902771, "acc": 0.5128257274627686, "length": 1.0, "mode": "test", "epoch": 25}
{"loss": 0.69266676902771, "acc": 0.5093172788619995, "length": 1.0001479387283325, "mode": "train", "epoch": 26}
{"loss": 0.6931424736976624, "acc": 0.5014250874519348, "length": 1.0, "mode": "test", "epoch": 26}
{"loss": 0.6930518746376038, "acc": 0.5067326426506042, "length": 1.0000817775726318, "mode": "train", "epoch": 27}
{"loss": 0.6932298541069031, "acc": 0.5111970901489258, "length": 1.0, "mode": "test", "epoch": 27}
{"loss": 0.6927950978279114, "acc": 0.5140775442123413, "length": 1.0000782012939453, "mode": "train", "epoch": 28}
{"loss": 0.6928282976150513, "acc": 0.5124185681343079, "length": 1.0, "mode": "test", "epoch": 28}
{"loss": 0.6921352744102478, "acc": 0.517886221408844, "length": 1.0000725984573364, "mode": "train", "epoch": 29}
{"loss": 0.6925094723701477, "acc": 0.5048859715461731, "length": 1.0, "mode": "test", "epoch": 29}
{"loss": 0.6922225952148438, "acc": 0.511561393737793, "length": 1.000064492225647, "mode": "train", "epoch": 30}
{"loss": 0.6925053000450134, "acc": 0.5087540745735168, "length": 1.0, "mode": "test", "epoch": 30}
{"loss": 0.6928975582122803, "acc": 0.5089091658592224, "length": 1.0000505447387695, "mode": "train", "epoch": 31}
{"loss": 0.6934866905212402, "acc": 0.510993480682373, "length": 1.0, "mode": "test", "epoch": 31}
{"loss": 0.6919137239456177, "acc": 0.5206742882728577, "length": 1.0000730752944946, "mode": "train", "epoch": 32}
{"loss": 0.6924344301223755, "acc": 0.5061075091362, "length": 1.0, "mode": "test", "epoch": 32}
{"loss": 0.691609799861908, "acc": 0.5162542462348938, "length": 1.0000568628311157, "mode": "train", "epoch": 33}
{"loss": 0.6918420195579529, "acc": 0.5126221776008606, "length": 1.0, "mode": "test", "epoch": 33}
{"loss": 0.691676676273346, "acc": 0.5187702178955078, "length": 1.0000441074371338, "mode": "train", "epoch": 34}
{"loss": 0.6936319470405579, "acc": 0.5067182183265686, "length": 1.0, "mode": "test", "epoch": 34}
{"loss": 0.6927075982093811, "acc": 0.516798198223114, "length": 1.000044584274292, "mode": "train", "epoch": 35}
{"loss": 0.6931192278862, "acc": 0.5105863213539124, "length": 1.0, "mode": "test", "epoch": 35}
{"loss": 0.6917496919631958, "acc": 0.5202667713165283, "length": 1.0000468492507935, "mode": "train", "epoch": 36}
{"loss": 0.6919049620628357, "acc": 0.5114006400108337, "length": 1.0, "mode": "test", "epoch": 36}
{"loss": 0.6910026669502258, "acc": 0.5193823575973511, "length": 1.0000324249267578, "mode": "train", "epoch": 37}
{"loss": 0.6932234764099121, "acc": 0.5089576840400696, "length": 1.0, "mode": "test", "epoch": 37}
{"loss": 0.6914948225021362, "acc": 0.5116974711418152, "length": 1.0000263452529907, "mode": "train", "epoch": 38}
{"loss": 0.6924733519554138, "acc": 0.5181188583374023, "length": 1.0, "mode": "test", "epoch": 38}
{"loss": 0.6914005875587463, "acc": 0.5231229066848755, "length": 1.000022053718567, "mode": "train", "epoch": 39}
{"loss": 0.6922399401664734, "acc": 0.5095683932304382, "length": 1.0, "mode": "test", "epoch": 39}
{"loss": 0.6915164589881897, "acc": 0.5177504420280457, "length": 1.0000351667404175, "mode": "train", "epoch": 40}
{"loss": 0.6920706629753113, "acc": 0.5136400461196899, "length": 1.0, "mode": "test", "epoch": 40}
{"loss": 0.6912103891372681, "acc": 0.5252310633659363, "length": 1.0000258684158325, "mode": "train", "epoch": 41}
{"loss": 0.6938310265541077, "acc": 0.5016286373138428, "length": 1.0, "mode": "test", "epoch": 41}
{"loss": 0.6908203363418579, "acc": 0.5227148532867432, "length": 1.0000183582305908, "mode": "train", "epoch": 42}
{"loss": 0.692513644695282, "acc": 0.5095683932304382, "length": 1.0, "mode": "test", "epoch": 42}
{"loss": 0.6907806396484375, "acc": 0.5261832475662231, "length": 1.0000172853469849, "mode": "train", "epoch": 43}
{"loss": 0.6927275061607361, "acc": 0.5144544243812561, "length": 1.0, "mode": "test", "epoch": 43}
{"loss": 0.6912060379981995, "acc": 0.5248910188674927, "length": 1.0000247955322266, "mode": "train", "epoch": 44}
{"loss": 0.6929676532745361, "acc": 0.5097720623016357, "length": 1.0, "mode": "test", "epoch": 44}
{"loss": 0.6907602548599243, "acc": 0.5255711674690247, "length": 1.0000132322311401, "mode": "train", "epoch": 45}
{"loss": 0.6926937699317932, "acc": 0.5114006400108337, "length": 1.0, "mode": "test", "epoch": 45}
{"loss": 0.6907342672348022, "acc": 0.5233268737792969, "length": 1.0000184774398804, "mode": "train", "epoch": 46}
{"loss": 0.693298876285553, "acc": 0.5201547145843506, "length": 1.0, "mode": "test", "epoch": 46}
{"loss": 0.6907274723052979, "acc": 0.524823009967804, "length": 1.0000208616256714, "mode": "train", "epoch": 47}
{"loss": 0.6923512816429138, "acc": 0.5195439457893372, "length": 1.0, "mode": "test", "epoch": 47}
{"loss": 0.6909936666488647, "acc": 0.5238710045814514, "length": 1.0000076293945312, "mode": "train", "epoch": 48}
{"loss": 0.6925565600395203, "acc": 0.5063110589981079, "length": 1.0, "mode": "test", "epoch": 48}
{"loss": 0.6907182335853577, "acc": 0.5220348834991455, "length": 1.0000081062316895, "mode": "train", "epoch": 49}
{"loss": 0.6937461495399475, "acc": 0.5087540745735168, "length": 1.0, "mode": "test", "epoch": 49}
{"loss": 0.6911102533340454, "acc": 0.5278154611587524, "length": 1.000012993812561, "mode": "train", "epoch": 50}
{"loss": 0.6926013827323914, "acc": 0.5118078589439392, "length": 1.0, "mode": "test", "epoch": 50}
{"loss": 0.6898094415664673, "acc": 0.5376766324043274, "length": 1.0000109672546387, "mode": "train", "epoch": 51}
{"loss": 0.6935688853263855, "acc": 0.5122149586677551, "length": 1.0, "mode": "test", "epoch": 51}
{"loss": 0.6916338205337524, "acc": 0.5226468443870544, "length": 1.0000053644180298, "mode": "train", "epoch": 52}
{"loss": 0.6946847438812256, "acc": 0.5073290467262268, "length": 1.0, "mode": "test", "epoch": 52}
{"loss": 0.6907833814620972, "acc": 0.524415135383606, "length": 1.0000059604644775, "mode": "train", "epoch": 53}
{"loss": 0.6935039162635803, "acc": 0.510993480682373, "length": 1.0, "mode": "test", "epoch": 53}
{"loss": 0.6904183030128479, "acc": 0.5308071970939636, "length": 1.0000215768814087, "mode": "train", "epoch": 54}
{"loss": 0.6930844783782959, "acc": 0.5109934210777283, "length": 1.0, "mode": "test", "epoch": 54}
{"loss": 0.6899835467338562, "acc": 0.5307398438453674, "length": 1.0000048875808716, "mode": "train", "epoch": 55}
{"loss": 0.6930721402168274, "acc": 0.5142508149147034, "length": 1.0, "mode": "test", "epoch": 55}
{"loss": 0.6899232268333435, "acc": 0.5262513756752014, "length": 1.0000035762786865, "mode": "train", "epoch": 56}
{"loss": 0.6935588717460632, "acc": 0.5126221179962158, "length": 1.0, "mode": "test", "epoch": 56}
{"loss": 0.6900909543037415, "acc": 0.5308078527450562, "length": 1.000006079673767, "mode": "train", "epoch": 57}
{"loss": 0.6942832469940186, "acc": 0.5156759023666382, "length": 1.0, "mode": "test", "epoch": 57}
{"loss": 0.6899272799491882, "acc": 0.5307406783103943, "length": 1.0000286102294922, "mode": "train", "epoch": 58}
{"loss": 0.6931790709495544, "acc": 0.5152688026428223, "length": 1.0, "mode": "test", "epoch": 58}
{"loss": 0.6900833249092102, "acc": 0.5303999185562134, "length": 1.000003457069397, "mode": "train", "epoch": 59}
{"loss": 0.6934819221496582, "acc": 0.5093647837638855, "length": 1.0, "mode": "test", "epoch": 59}
{"loss": 0.6897018551826477, "acc": 0.5325761437416077, "length": 1.000002145767212, "mode": "train", "epoch": 60}
{"loss": 0.6938995718955994, "acc": 0.5091612935066223, "length": 1.0, "mode": "test", "epoch": 60}
{"loss": 0.6902454495429993, "acc": 0.5277475118637085, "length": 1.0000016689300537, "mode": "train", "epoch": 61}
{"loss": 0.6947289705276489, "acc": 0.5116042494773865, "length": 1.0, "mode": "test", "epoch": 61}
{"loss": 0.6900758147239685, "acc": 0.5344123244285583, "length": 1.0000042915344238, "mode": "train", "epoch": 62}
{"loss": 0.6936882138252258, "acc": 0.5089576840400696, "length": 1.0, "mode": "test", "epoch": 62}
{"loss": 0.6899386048316956, "acc": 0.527339518070221, "length": 1.0000030994415283, "mode": "train", "epoch": 63}
{"loss": 0.6931743025779724, "acc": 0.513436496257782, "length": 1.0, "mode": "test", "epoch": 63}
{"loss": 0.6897260546684265, "acc": 0.5325760841369629, "length": 1.000001311302185, "mode": "train", "epoch": 64}
{"loss": 0.6936365962028503, "acc": 0.5114006996154785, "length": 1.0, "mode": "test", "epoch": 64}
{"loss": 0.6895945072174072, "acc": 0.5378807783126831, "length": 1.000002384185791, "mode": "train", "epoch": 65}
{"loss": 0.6933802962303162, "acc": 0.5024430751800537, "length": 1.0, "mode": "test", "epoch": 65}
{"loss": 0.6905449032783508, "acc": 0.5338683128356934, "length": 1.0000015497207642, "mode": "train", "epoch": 66}
{"loss": 0.6930713057518005, "acc": 0.5093647837638855, "length": 1.0, "mode": "test", "epoch": 66}
{"loss": 0.6893196105957031, "acc": 0.5371327996253967, "length": 1.0000015497207642, "mode": "train", "epoch": 67}
{"loss": 0.6937891840934753, "acc": 0.5132328867912292, "length": 1.0, "mode": "test", "epoch": 67}
{"loss": 0.6901381015777588, "acc": 0.5336642265319824, "length": 1.000001072883606, "mode": "train", "epoch": 68}
{"loss": 0.6935024261474609, "acc": 0.5061074495315552, "length": 1.0, "mode": "test", "epoch": 68}
{"loss": 0.6902077794075012, "acc": 0.5340723395347595, "length": 1.0000011920928955, "mode": "train", "epoch": 69}
{"loss": 0.6934747099876404, "acc": 0.5103827714920044, "length": 1.0, "mode": "test", "epoch": 69}
{"loss": 0.6897534132003784, "acc": 0.5359765291213989, "length": 1.0000032186508179, "mode": "train", "epoch": 70}
{"loss": 0.6934027075767517, "acc": 0.5179153084754944, "length": 1.0, "mode": "test", "epoch": 70}
{"loss": 0.6893893480300903, "acc": 0.5338683128356934, "length": 1.000003695487976, "mode": "train", "epoch": 71}
{"loss": 0.6937417984008789, "acc": 0.5103827714920044, "length": 1.0, "mode": "test", "epoch": 71}
{"loss": 0.6897290349006653, "acc": 0.5366566777229309, "length": 1.0000007152557373, "mode": "train", "epoch": 72}
{"loss": 0.693515419960022, "acc": 0.5079397559165955, "length": 1.0, "mode": "test", "epoch": 72}
{"loss": 0.6900035738945007, "acc": 0.5311480164527893, "length": 1.0000008344650269, "mode": "train", "epoch": 73}
{"loss": 0.6937825083732605, "acc": 0.5042753219604492, "length": 1.0, "mode": "test", "epoch": 73}
{"loss": 0.6900103092193604, "acc": 0.5340723395347595, "length": 1.0000022649765015, "mode": "train", "epoch": 74}
{"loss": 0.6930891275405884, "acc": 0.5138435959815979, "length": 1.0, "mode": "test", "epoch": 74}
{"loss": 0.6894558072090149, "acc": 0.5274075269699097, "length": 1.0000005960464478, "mode": "train", "epoch": 75}
{"loss": 0.69328773021698, "acc": 0.5130293369293213, "length": 1.0, "mode": "test", "epoch": 75}
{"loss": 0.6895409226417542, "acc": 0.533664345741272, "length": 1.0000011920928955, "mode": "train", "epoch": 76}
{"loss": 0.6936900019645691, "acc": 0.5128257274627686, "length": 1.0, "mode": "test", "epoch": 76}
{"loss": 0.6894378662109375, "acc": 0.5314880013465881, "length": 1.0000003576278687, "mode": "train", "epoch": 77}
{"loss": 0.6936138272285461, "acc": 0.5122149586677551, "length": 1.0, "mode": "test", "epoch": 77}
{"loss": 0.6890822649002075, "acc": 0.5379488468170166, "length": 1.000000238418579, "mode": "train", "epoch": 78}
{"loss": 0.693497359752655, "acc": 0.5152686834335327, "length": 1.0, "mode": "test", "epoch": 78}
{"loss": 0.6896679997444153, "acc": 0.5378808379173279, "length": 1.0000003576278687, "mode": "train", "epoch": 79}
{"loss": 0.6934798955917358, "acc": 0.5130293369293213, "length": 1.0, "mode": "test", "epoch": 79}
{"loss": 0.6895186305046082, "acc": 0.5361125469207764, "length": 1.0000004768371582, "mode": "train", "epoch": 80}
{"loss": 0.6945402026176453, "acc": 0.5175080895423889, "length": 1.0, "mode": "test", "epoch": 80}
{"loss": 0.6890600919723511, "acc": 0.5407368540763855, "length": 1.000007152557373, "mode": "train", "epoch": 81}
{"loss": 0.6933664679527283, "acc": 0.5140472054481506, "length": 1.0, "mode": "test", "epoch": 81}
{"loss": 0.6892606019973755, "acc": 0.5339363217353821, "length": 1.0000001192092896, "mode": "train", "epoch": 82}
{"loss": 0.6938837170600891, "acc": 0.5034608840942383, "length": 1.0, "mode": "test", "epoch": 82}
{"loss": 0.6893524527549744, "acc": 0.5369967222213745, "length": 1.0000022649765015, "mode": "train", "epoch": 83}
{"loss": 0.6933473944664001, "acc": 0.5162866711616516, "length": 1.0, "mode": "test", "epoch": 83}
{"loss": 0.6894276142120361, "acc": 0.531283974647522, "length": 1.0000001192092896, "mode": "train", "epoch": 84}
{"loss": 0.693572461605072, "acc": 0.5093648433685303, "length": 1.0, "mode": "test", "epoch": 84}
{"loss": 0.688979983329773, "acc": 0.5378808379173279, "length": 1.000005841255188, "mode": "train", "epoch": 85}
{"loss": 0.6939640641212463, "acc": 0.5164902210235596, "length": 1.0, "mode": "test", "epoch": 85}
{"loss": 0.6889429688453674, "acc": 0.5401932001113892, "length": 1.0000001192092896, "mode": "train", "epoch": 86}
{"loss": 0.6941664814949036, "acc": 0.5095683932304382, "length": 1.0, "mode": "test", "epoch": 86}
{"loss": 0.6889501214027405, "acc": 0.5395810008049011, "length": 1.000000238418579, "mode": "train", "epoch": 87}
{"loss": 0.6933832168579102, "acc": 0.5171009302139282, "length": 1.0, "mode": "test", "epoch": 87}
{"loss": 0.6900312900543213, "acc": 0.5399891138076782, "length": 1.0000001192092896, "mode": "train", "epoch": 88}
{"loss": 0.6946655511856079, "acc": 0.5154722929000854, "length": 1.0, "mode": "test", "epoch": 88}
{"loss": 0.6891293525695801, "acc": 0.5404651761054993, "length": 1.0, "mode": "train", "epoch": 89}
{"loss": 0.6939932703971863, "acc": 0.517304539680481, "length": 1.0, "mode": "test", "epoch": 89}
{"loss": 0.6886226534843445, "acc": 0.5384249091148376, "length": 1.0000001192092896, "mode": "train", "epoch": 90}
{"loss": 0.6935096383094788, "acc": 0.5219870209693909, "length": 1.0, "mode": "test", "epoch": 90}
{"loss": 0.6888320446014404, "acc": 0.5394450426101685, "length": 1.0, "mode": "train", "epoch": 91}
{"loss": 0.6934417486190796, "acc": 0.5179153680801392, "length": 1.0, "mode": "test", "epoch": 91}
{"loss": 0.6887489557266235, "acc": 0.5423693656921387, "length": 1.0000001192092896, "mode": "train", "epoch": 92}
{"loss": 0.6940546631813049, "acc": 0.513232946395874, "length": 1.0, "mode": "test", "epoch": 92}
{"loss": 0.6891113519668579, "acc": 0.5363850593566895, "length": 1.0000085830688477, "mode": "train", "epoch": 93}
{"loss": 0.6934563517570496, "acc": 0.517304539680481, "length": 1.0, "mode": "test", "epoch": 93}
{"loss": 0.6890997290611267, "acc": 0.5376088619232178, "length": 1.0000001192092896, "mode": "train", "epoch": 94}
{"loss": 0.6933785676956177, "acc": 0.513436496257782, "length": 1.0, "mode": "test", "epoch": 94}
{"loss": 0.6890489459037781, "acc": 0.5395808815956116, "length": 1.0000160932540894, "mode": "train", "epoch": 95}
{"loss": 0.693530261516571, "acc": 0.5166938900947571, "length": 1.0, "mode": "test", "epoch": 95}
{"loss": 0.689192533493042, "acc": 0.5318960547447205, "length": 1.0000003576278687, "mode": "train", "epoch": 96}
{"loss": 0.6938573718070984, "acc": 0.5185260772705078, "length": 1.0, "mode": "test", "epoch": 96}
{"loss": 0.6888684630393982, "acc": 0.5389009714126587, "length": 1.0, "mode": "train", "epoch": 97}
{"loss": 0.6934672594070435, "acc": 0.5156759023666382, "length": 1.0, "mode": "test", "epoch": 97}
{"loss": 0.6893567442893982, "acc": 0.536588728427887, "length": 1.0, "mode": "train", "epoch": 98}
{"loss": 0.6938768625259399, "acc": 0.5103827118873596, "length": 1.0, "mode": "test", "epoch": 98}
{"loss": 0.688849925994873, "acc": 0.5390369296073914, "length": 1.0, "mode": "train", "epoch": 99}
{"loss": 0.6937327980995178, "acc": 0.5205618739128113, "length": 1.0, "mode": "test", "epoch": 99}
{"loss": 0.6885853409767151, "acc": 0.5382209420204163, "length": 1.0, "mode": "train", "epoch": 100}
{"loss": 0.6934478878974915, "acc": 0.516897439956665, "length": 1.0, "mode": "test", "epoch": 100}
test accuracy: 0.3860887289047241
