# ["--attributes=4", "--values=3", "--game_size=4", "--vocab_size_factor=3", "--n_epochs=100", "--batch_size=64", "--learning_rate=0.001", "--hidden_size=256", "--temp_update=0.99", "--temperature=2"]
Creating train_ds and val_ds...

Creating test_ds...
{"loss": 0.7079206705093384, "acc": 0.4992029666900635, "length": 1.8870645761489868, "mode": "train", "epoch": 1}
{"loss": 0.6938435435295105, "acc": 0.4951534867286682, "length": 1.0, "mode": "test", "epoch": 1}
{"loss": 0.6960256099700928, "acc": 0.49461930990219116, "length": 1.0060044527053833, "mode": "train", "epoch": 2}
{"loss": 0.6979843378067017, "acc": 0.4949515461921692, "length": 1.0, "mode": "test", "epoch": 2}
{"loss": 0.6960684657096863, "acc": 0.5000656247138977, "length": 1.0039379596710205, "mode": "train", "epoch": 3}
{"loss": 0.6944756507873535, "acc": 0.5064620971679688, "length": 1.0, "mode": "test", "epoch": 3}
{"loss": 0.6948322653770447, "acc": 0.49825382232666016, "length": 1.0032750368118286, "mode": "train", "epoch": 4}
{"loss": 0.6950929760932922, "acc": 0.496768981218338, "length": 1.0, "mode": "test", "epoch": 4}
{"loss": 0.695049524307251, "acc": 0.5007495880126953, "length": 1.0027326345443726, "mode": "train", "epoch": 5}
{"loss": 0.6944085359573364, "acc": 0.5030291080474854, "length": 1.0, "mode": "test", "epoch": 5}
{"loss": 0.6956993341445923, "acc": 0.5031061172485352, "length": 1.0024430751800537, "mode": "train", "epoch": 6}
{"loss": 0.6937349438667297, "acc": 0.5272617340087891, "length": 1.0, "mode": "test", "epoch": 6}
{"loss": 0.6948533654212952, "acc": 0.5096383094787598, "length": 1.0021793842315674, "mode": "train", "epoch": 7}
{"loss": 0.6931154131889343, "acc": 0.5064620971679688, "length": 1.0, "mode": "test", "epoch": 7}
{"loss": 0.6937998533248901, "acc": 0.5028975009918213, "length": 1.0021997690200806, "mode": "train", "epoch": 8}
{"loss": 0.6961848139762878, "acc": 0.49878835678100586, "length": 1.0, "mode": "test", "epoch": 8}
{"loss": 0.6944316029548645, "acc": 0.4956211447715759, "length": 1.002902865409851, "mode": "train", "epoch": 9}
{"loss": 0.6946601271629333, "acc": 0.4957592785358429, "length": 1.0, "mode": "test", "epoch": 9}
{"loss": 0.6932026147842407, "acc": 0.5129552483558655, "length": 1.0395958423614502, "mode": "train", "epoch": 10}
{"loss": 0.6955031156539917, "acc": 0.5143375396728516, "length": 1.0, "mode": "test", "epoch": 10}
{"loss": 0.6374527215957642, "acc": 0.6345517039299011, "length": 2.4922196865081787, "mode": "train", "epoch": 11}
{"loss": 0.5783947110176086, "acc": 0.7150928378105164, "length": 3.1130855083465576, "mode": "test", "epoch": 11}
{"loss": 0.5510993003845215, "acc": 0.7226912379264832, "length": 3.2194035053253174, "mode": "train", "epoch": 12}
{"loss": 0.5684616565704346, "acc": 0.7166153192520142, "length": 3.546041965484619, "mode": "test", "epoch": 12}
{"loss": 0.5072164535522461, "acc": 0.7579243779182434, "length": 3.5058109760284424, "mode": "train", "epoch": 13}
{"loss": 0.5153335332870483, "acc": 0.7683311104774475, "length": 3.5234248638153076, "mode": "test", "epoch": 13}
{"loss": 0.43950164318084717, "acc": 0.8005006909370422, "length": 3.9217145442962646, "mode": "train", "epoch": 14}
{"loss": 0.482698529958725, "acc": 0.7916437983512878, "length": 3.7996768951416016, "mode": "test", "epoch": 14}
{"loss": 0.40226614475250244, "acc": 0.8262678384780884, "length": 4.040201663970947, "mode": "train", "epoch": 15}
{"loss": 0.45240649580955505, "acc": 0.8117139339447021, "length": 4.105008125305176, "mode": "test", "epoch": 15}
{"loss": 0.37661534547805786, "acc": 0.8308284878730774, "length": 4.193185329437256, "mode": "train", "epoch": 16}
{"loss": 0.44772911071777344, "acc": 0.8075608015060425, "length": 4.366720676422119, "mode": "test", "epoch": 16}
{"loss": 0.35406267642974854, "acc": 0.8433804512023926, "length": 4.331745147705078, "mode": "train", "epoch": 17}
{"loss": 0.4069109857082367, "acc": 0.8258509635925293, "length": 4.613893508911133, "mode": "test", "epoch": 17}
{"loss": 0.3338037431240082, "acc": 0.8547812104225159, "length": 4.654596328735352, "mode": "train", "epoch": 18}
{"loss": 0.38679251074790955, "acc": 0.8295354247093201, "length": 4.972536563873291, "mode": "test", "epoch": 18}
{"loss": 0.3106191158294678, "acc": 0.8686425685882568, "length": 4.875436782836914, "mode": "train", "epoch": 19}
{"loss": 0.36862990260124207, "acc": 0.8404685258865356, "length": 5.0, "mode": "test", "epoch": 19}
{"loss": 0.28827783465385437, "acc": 0.881150484085083, "length": 4.943205833435059, "mode": "train", "epoch": 20}
{"loss": 0.36109745502471924, "acc": 0.8491518497467041, "length": 5.0, "mode": "test", "epoch": 20}
{"loss": 0.27285492420196533, "acc": 0.8833872079849243, "length": 4.964902877807617, "mode": "train", "epoch": 21}
{"loss": 0.3570690155029297, "acc": 0.8542004227638245, "length": 5.0, "mode": "test", "epoch": 21}
{"loss": 0.2631378173828125, "acc": 0.8915147185325623, "length": 4.971690654754639, "mode": "train", "epoch": 22}
{"loss": 0.30656349658966064, "acc": 0.8802505135536194, "length": 5.0, "mode": "test", "epoch": 22}
{"loss": 0.24644455313682556, "acc": 0.8955345153808594, "length": 4.971872806549072, "mode": "train", "epoch": 23}
{"loss": 0.32475802302360535, "acc": 0.8822698593139648, "length": 5.0, "mode": "test", "epoch": 23}
{"loss": 0.23990477621555328, "acc": 0.9014930129051208, "length": 4.972152233123779, "mode": "train", "epoch": 24}
{"loss": 0.3258507251739502, "acc": 0.8822697997093201, "length": 5.0, "mode": "test", "epoch": 24}
{"loss": 0.22285783290863037, "acc": 0.9100066423416138, "length": 4.981010437011719, "mode": "train", "epoch": 25}
{"loss": 0.3050958514213562, "acc": 0.8780291080474854, "length": 5.0, "mode": "test", "epoch": 25}
{"loss": 0.21237577497959137, "acc": 0.9139348268508911, "length": 4.987495422363281, "mode": "train", "epoch": 26}
{"loss": 0.2986794114112854, "acc": 0.8871161937713623, "length": 5.0, "mode": "test", "epoch": 26}
{"loss": 0.20679059624671936, "acc": 0.9179351925849915, "length": 4.989377021789551, "mode": "train", "epoch": 27}
{"loss": 0.29382607340812683, "acc": 0.8925687670707703, "length": 5.0, "mode": "test", "epoch": 27}
{"loss": 0.19521965086460114, "acc": 0.9221343994140625, "length": 4.9916276931762695, "mode": "train", "epoch": 28}
{"loss": 0.2982290983200073, "acc": 0.895395815372467, "length": 5.0, "mode": "test", "epoch": 28}
{"loss": 0.19501997530460358, "acc": 0.9227502942085266, "length": 4.992459297180176, "mode": "train", "epoch": 29}
{"loss": 0.28176581859588623, "acc": 0.8986267447471619, "length": 5.0, "mode": "test", "epoch": 29}
{"loss": 0.18485593795776367, "acc": 0.9296982288360596, "length": 4.992834568023682, "mode": "train", "epoch": 30}
{"loss": 0.27451014518737793, "acc": 0.9002422094345093, "length": 5.0, "mode": "test", "epoch": 30}
{"loss": 0.1740065962076187, "acc": 0.9354034066200256, "length": 4.992800235748291, "mode": "train", "epoch": 31}
{"loss": 0.292697936296463, "acc": 0.901857852935791, "length": 5.0, "mode": "test", "epoch": 31}
{"loss": 0.17705851793289185, "acc": 0.9325533509254456, "length": 4.994755268096924, "mode": "train", "epoch": 32}
{"loss": 0.27601200342178345, "acc": 0.9056947827339172, "length": 5.0, "mode": "test", "epoch": 32}
{"loss": 0.1710931360721588, "acc": 0.9344937801361084, "length": 4.9945068359375, "mode": "train", "epoch": 33}
{"loss": 0.2667679488658905, "acc": 0.9109450578689575, "length": 5.0, "mode": "test", "epoch": 33}
{"loss": 0.16722925007343292, "acc": 0.9347262978553772, "length": 4.995677471160889, "mode": "train", "epoch": 34}
{"loss": 0.2591901123523712, "acc": 0.9174070358276367, "length": 5.0, "mode": "test", "epoch": 34}
{"loss": 0.16374650597572327, "acc": 0.9368274807929993, "length": 4.997145652770996, "mode": "train", "epoch": 35}
{"loss": 0.26937639713287354, "acc": 0.9077140688896179, "length": 5.0, "mode": "test", "epoch": 35}
{"loss": 0.16290082037448883, "acc": 0.9365556240081787, "length": 4.997032165527344, "mode": "train", "epoch": 36}
{"loss": 0.26982995867729187, "acc": 0.9111469984054565, "length": 5.0, "mode": "test", "epoch": 36}
{"loss": 0.15834875404834747, "acc": 0.9391821622848511, "length": 4.9971771240234375, "mode": "train", "epoch": 37}
{"loss": 0.2480326145887375, "acc": 0.9117528200149536, "length": 5.0, "mode": "test", "epoch": 37}
{"loss": 0.15062057971954346, "acc": 0.9424993991851807, "length": 4.997553825378418, "mode": "train", "epoch": 38}
{"loss": 0.2802841365337372, "acc": 0.9145799875259399, "length": 5.0, "mode": "test", "epoch": 38}
{"loss": 0.1520007997751236, "acc": 0.941222071647644, "length": 4.997920989990234, "mode": "train", "epoch": 39}
{"loss": 0.27240824699401855, "acc": 0.9069061875343323, "length": 5.0, "mode": "test", "epoch": 39}
{"loss": 0.15209920704364777, "acc": 0.9427748322486877, "length": 4.99826717376709, "mode": "train", "epoch": 40}
{"loss": 0.27198526263237, "acc": 0.908117949962616, "length": 5.0, "mode": "test", "epoch": 40}
{"loss": 0.14762471616268158, "acc": 0.9450719356536865, "length": 4.998591899871826, "mode": "train", "epoch": 41}
{"loss": 0.2787848711013794, "acc": 0.9077140688896179, "length": 5.0, "mode": "test", "epoch": 41}
{"loss": 0.14179064333438873, "acc": 0.94634610414505, "length": 4.997862815856934, "mode": "train", "epoch": 42}
{"loss": 0.26124802231788635, "acc": 0.915185809135437, "length": 5.0, "mode": "test", "epoch": 42}
{"loss": 0.14183032512664795, "acc": 0.9448615312576294, "length": 4.997994899749756, "mode": "train", "epoch": 43}
{"loss": 0.26466742157936096, "acc": 0.9188205599784851, "length": 5.0, "mode": "test", "epoch": 43}
{"loss": 0.13851654529571533, "acc": 0.9483789205551147, "length": 4.99838924407959, "mode": "train", "epoch": 44}
{"loss": 0.2699591815471649, "acc": 0.9182148575782776, "length": 5.0, "mode": "test", "epoch": 44}
{"loss": 0.1343170553445816, "acc": 0.9486519694328308, "length": 4.998856067657471, "mode": "train", "epoch": 45}
{"loss": 0.27644920349121094, "acc": 0.9172051548957825, "length": 5.0, "mode": "test", "epoch": 45}
{"loss": 0.12857849895954132, "acc": 0.953574001789093, "length": 4.9987711906433105, "mode": "train", "epoch": 46}
{"loss": 0.2680877447128296, "acc": 0.9196284413337708, "length": 5.0, "mode": "test", "epoch": 46}
{"loss": 0.13490095734596252, "acc": 0.9501358270645142, "length": 4.998941898345947, "mode": "train", "epoch": 47}
{"loss": 0.2613718509674072, "acc": 0.9161953926086426, "length": 5.0, "mode": "test", "epoch": 47}
{"loss": 0.12984304130077362, "acc": 0.9509463310241699, "length": 4.998954772949219, "mode": "train", "epoch": 48}
{"loss": 0.28445419669151306, "acc": 0.9129644632339478, "length": 5.0, "mode": "test", "epoch": 48}
{"loss": 0.12514092028141022, "acc": 0.9539807438850403, "length": 4.999159336090088, "mode": "train", "epoch": 49}
{"loss": 0.26558780670166016, "acc": 0.9210419058799744, "length": 5.0, "mode": "test", "epoch": 49}
{"loss": 0.12355189770460129, "acc": 0.9536277651786804, "length": 4.998478412628174, "mode": "train", "epoch": 50}
{"loss": 0.2641901671886444, "acc": 0.9190226197242737, "length": 5.0, "mode": "test", "epoch": 50}
{"loss": 0.12296143174171448, "acc": 0.955197811126709, "length": 4.999217510223389, "mode": "train", "epoch": 51}
{"loss": 0.2604258954524994, "acc": 0.9200323224067688, "length": 5.0, "mode": "test", "epoch": 51}
{"loss": 0.11699610203504562, "acc": 0.958438515663147, "length": 4.99932861328125, "mode": "train", "epoch": 52}
{"loss": 0.2584991753101349, "acc": 0.9196283221244812, "length": 5.0, "mode": "test", "epoch": 52}
{"loss": 0.11583272367715836, "acc": 0.9564839005470276, "length": 4.999544620513916, "mode": "train", "epoch": 53}
{"loss": 0.27194732427597046, "acc": 0.9190226197242737, "length": 5.0, "mode": "test", "epoch": 53}
{"loss": 0.11803577095270157, "acc": 0.9559443593025208, "length": 4.999200344085693, "mode": "train", "epoch": 54}
{"loss": 0.2684088349342346, "acc": 0.9236671328544617, "length": 5.0, "mode": "test", "epoch": 54}
{"loss": 0.11687269806861877, "acc": 0.9571576714515686, "length": 4.999433517456055, "mode": "train", "epoch": 55}
{"loss": 0.2857202887535095, "acc": 0.9125605821609497, "length": 5.0, "mode": "test", "epoch": 55}
{"loss": 0.11655408143997192, "acc": 0.9576296806335449, "length": 4.999347686767578, "mode": "train", "epoch": 56}
{"loss": 0.26916322112083435, "acc": 0.9250807762145996, "length": 5.0, "mode": "test", "epoch": 56}
{"loss": 0.11127345263957977, "acc": 0.9593136310577393, "length": 4.999114990234375, "mode": "train", "epoch": 57}
{"loss": 0.2629201114177704, "acc": 0.9250807762145996, "length": 5.0, "mode": "test", "epoch": 57}
{"loss": 0.11186693608760834, "acc": 0.960058867931366, "length": 4.99935245513916, "mode": "train", "epoch": 58}
{"loss": 0.27080726623535156, "acc": 0.9174070954322815, "length": 5.0, "mode": "test", "epoch": 58}
{"loss": 0.11206648498773575, "acc": 0.9597874879837036, "length": 4.99939489364624, "mode": "train", "epoch": 59}
{"loss": 0.2890435457229614, "acc": 0.9186187386512756, "length": 5.0, "mode": "test", "epoch": 59}
{"loss": 0.11150440573692322, "acc": 0.9579684734344482, "length": 4.9995551109313965, "mode": "train", "epoch": 60}
{"loss": 0.2678348124027252, "acc": 0.9266961812973022, "length": 5.0, "mode": "test", "epoch": 60}
{"loss": 0.10897868126630783, "acc": 0.9612058997154236, "length": 4.999602794647217, "mode": "train", "epoch": 61}
{"loss": 0.26822587847709656, "acc": 0.9264943599700928, "length": 5.0, "mode": "test", "epoch": 61}
{"loss": 0.10505854338407516, "acc": 0.9619483351707458, "length": 4.999590873718262, "mode": "train", "epoch": 62}
{"loss": 0.2681431472301483, "acc": 0.9287156462669373, "length": 5.0, "mode": "test", "epoch": 62}
{"loss": 0.10383374243974686, "acc": 0.9637011885643005, "length": 4.999675750732422, "mode": "train", "epoch": 63}
{"loss": 0.2724977731704712, "acc": 0.9250807762145996, "length": 5.0, "mode": "test", "epoch": 63}
{"loss": 0.10077700018882751, "acc": 0.9645820260047913, "length": 4.999805927276611, "mode": "train", "epoch": 64}
{"loss": 0.27246230840682983, "acc": 0.9172051548957825, "length": 5.0, "mode": "test", "epoch": 64}
{"loss": 0.10101082175970078, "acc": 0.9634348154067993, "length": 4.999801158905029, "mode": "train", "epoch": 65}
{"loss": 0.2781684696674347, "acc": 0.9200323224067688, "length": 5.0, "mode": "test", "epoch": 65}
{"loss": 0.11439743638038635, "acc": 0.9567565321922302, "length": 4.999706745147705, "mode": "train", "epoch": 66}
{"loss": 0.3323855400085449, "acc": 0.8974151611328125, "length": 5.0, "mode": "test", "epoch": 66}
{"loss": 0.12550367414951324, "acc": 0.9539223313331604, "length": 4.999785423278809, "mode": "train", "epoch": 67}
{"loss": 0.2823352515697479, "acc": 0.9172051548957825, "length": 5.0, "mode": "test", "epoch": 67}
{"loss": 0.11629433929920197, "acc": 0.9565556049346924, "length": 4.999868392944336, "mode": "train", "epoch": 68}
{"loss": 0.2998145520687103, "acc": 0.9040790796279907, "length": 5.0, "mode": "test", "epoch": 68}
{"loss": 0.12311069667339325, "acc": 0.9537859559059143, "length": 4.999759674072266, "mode": "train", "epoch": 69}
{"loss": 0.2769080698490143, "acc": 0.9155896902084351, "length": 5.0, "mode": "test", "epoch": 69}
{"loss": 0.12470678240060806, "acc": 0.9545314908027649, "length": 4.9998250007629395, "mode": "train", "epoch": 70}
{"loss": 0.2765054702758789, "acc": 0.9194265007972717, "length": 5.0, "mode": "test", "epoch": 70}
{"loss": 0.10604593902826309, "acc": 0.9641772508621216, "length": 4.999800205230713, "mode": "train", "epoch": 71}
{"loss": 0.267799437046051, "acc": 0.9212438464164734, "length": 5.0, "mode": "test", "epoch": 71}
{"loss": 0.08922544866800308, "acc": 0.9685623049736023, "length": 4.9998345375061035, "mode": "train", "epoch": 72}
{"loss": 0.26479777693748474, "acc": 0.9188206791877747, "length": 5.0, "mode": "test", "epoch": 72}
{"loss": 0.0947113111615181, "acc": 0.9659318327903748, "length": 4.99985408782959, "mode": "train", "epoch": 73}
{"loss": 0.2524334490299225, "acc": 0.9250807762145996, "length": 5.0, "mode": "test", "epoch": 73}
{"loss": 0.09218316525220871, "acc": 0.96686190366745, "length": 4.9992265701293945, "mode": "train", "epoch": 74}
{"loss": 0.27215835452079773, "acc": 0.9206381440162659, "length": 5.0, "mode": "test", "epoch": 74}
{"loss": 0.08611252903938293, "acc": 0.9693011045455933, "length": 4.999607563018799, "mode": "train", "epoch": 75}
{"loss": 0.2574298083782196, "acc": 0.9291195273399353, "length": 5.0, "mode": "test", "epoch": 75}
{"loss": 0.09113661199808121, "acc": 0.9675506949424744, "length": 4.999866008758545, "mode": "train", "epoch": 76}
{"loss": 0.27055999636650085, "acc": 0.9242730140686035, "length": 5.0, "mode": "test", "epoch": 76}
{"loss": 0.08369766920804977, "acc": 0.9694808125495911, "length": 4.998836517333984, "mode": "train", "epoch": 77}
{"loss": 0.25696370005607605, "acc": 0.9301292300224304, "length": 5.0, "mode": "test", "epoch": 77}
{"loss": 0.08109625428915024, "acc": 0.9710568785667419, "length": 4.999733924865723, "mode": "train", "epoch": 78}
{"loss": 0.25013041496276855, "acc": 0.9287156462669373, "length": 5.0, "mode": "test", "epoch": 78}
{"loss": 0.0756324753165245, "acc": 0.9737563133239746, "length": 4.999870777130127, "mode": "train", "epoch": 79}
{"loss": 0.2552562355995178, "acc": 0.9307350516319275, "length": 5.0, "mode": "test", "epoch": 79}
{"loss": 0.07989684492349625, "acc": 0.970452070236206, "length": 4.999910354614258, "mode": "train", "epoch": 80}
{"loss": 0.2761962115764618, "acc": 0.9295234084129333, "length": 5.0, "mode": "test", "epoch": 80}
{"loss": 0.09723154455423355, "acc": 0.9664037823677063, "length": 4.999826431274414, "mode": "train", "epoch": 81}
{"loss": 0.3083571791648865, "acc": 0.9188207983970642, "length": 5.0, "mode": "test", "epoch": 81}
{"loss": 0.09730678051710129, "acc": 0.96626877784729, "length": 4.9998626708984375, "mode": "train", "epoch": 82}
{"loss": 0.2968314588069916, "acc": 0.9210419058799744, "length": 5.0, "mode": "test", "epoch": 82}
{"loss": 0.1203296035528183, "acc": 0.957904040813446, "length": 4.999866962432861, "mode": "train", "epoch": 83}
{"loss": 0.2750627100467682, "acc": 0.9200323224067688, "length": 5.0, "mode": "test", "epoch": 83}
{"loss": 0.09998016804456711, "acc": 0.9634350538253784, "length": 4.99984884262085, "mode": "train", "epoch": 84}
{"loss": 0.27127861976623535, "acc": 0.9264942407608032, "length": 5.0, "mode": "test", "epoch": 84}
{"loss": 0.09229935705661774, "acc": 0.9677538275718689, "length": 4.9998908042907715, "mode": "train", "epoch": 85}
{"loss": 0.25987741351127625, "acc": 0.9260904788970947, "length": 5.0, "mode": "test", "epoch": 85}
{"loss": 0.07964055985212326, "acc": 0.9718645811080933, "length": 4.9994025230407715, "mode": "train", "epoch": 86}
{"loss": 0.2524447441101074, "acc": 0.9220516085624695, "length": 5.0, "mode": "test", "epoch": 86}
{"loss": 0.07724034041166306, "acc": 0.9729465246200562, "length": 4.999730110168457, "mode": "train", "epoch": 87}
{"loss": 0.2704474925994873, "acc": 0.9254845380783081, "length": 5.0, "mode": "test", "epoch": 87}
{"loss": 0.07486928999423981, "acc": 0.9727452993392944, "length": 4.999913215637207, "mode": "train", "epoch": 88}
{"loss": 0.25285249948501587, "acc": 0.9238691329956055, "length": 5.0, "mode": "test", "epoch": 88}
{"loss": 0.08018544316291809, "acc": 0.9699125289916992, "length": 4.999941349029541, "mode": "train", "epoch": 89}
{"loss": 0.27162060141563416, "acc": 0.9252825975418091, "length": 5.0, "mode": "test", "epoch": 89}
{"loss": 0.09694304317235947, "acc": 0.9680229425430298, "length": 4.9999284744262695, "mode": "train", "epoch": 90}
{"loss": 0.3011285662651062, "acc": 0.9125605821609497, "length": 5.0, "mode": "test", "epoch": 90}
{"loss": 0.10776490718126297, "acc": 0.9609410762786865, "length": 4.999903202056885, "mode": "train", "epoch": 91}
{"loss": 0.252252995967865, "acc": 0.9291194677352905, "length": 5.0, "mode": "test", "epoch": 91}
{"loss": 0.08042732626199722, "acc": 0.9707857370376587, "length": 4.999696731567383, "mode": "train", "epoch": 92}
{"loss": 0.27809610962867737, "acc": 0.9277058839797974, "length": 5.0, "mode": "test", "epoch": 92}
{"loss": 0.09484201669692993, "acc": 0.9678881764411926, "length": 4.999893665313721, "mode": "train", "epoch": 93}
{"loss": 0.2518240213394165, "acc": 0.9275039434432983, "length": 5.0, "mode": "test", "epoch": 93}
{"loss": 0.08194523304700851, "acc": 0.9704465270042419, "length": 4.999692916870117, "mode": "train", "epoch": 94}
{"loss": 0.25478169322013855, "acc": 0.9293214082717896, "length": 5.0, "mode": "test", "epoch": 94}
{"loss": 0.07072283327579498, "acc": 0.9744998812675476, "length": 4.99994421005249, "mode": "train", "epoch": 95}
{"loss": 0.24072884023189545, "acc": 0.9307350516319275, "length": 5.0, "mode": "test", "epoch": 95}
{"loss": 0.06847874075174332, "acc": 0.9752416610717773, "length": 4.999863624572754, "mode": "train", "epoch": 96}
{"loss": 0.23740963637828827, "acc": 0.9323505759239197, "length": 5.0, "mode": "test", "epoch": 96}
{"loss": 0.07686944305896759, "acc": 0.9730811715126038, "length": 4.999813556671143, "mode": "train", "epoch": 97}
{"loss": 0.2967676818370819, "acc": 0.9151858687400818, "length": 5.0, "mode": "test", "epoch": 97}
{"loss": 0.09780865162611008, "acc": 0.9652565121650696, "length": 4.999715328216553, "mode": "train", "epoch": 98}
{"loss": 0.24848131835460663, "acc": 0.9303311705589294, "length": 5.0, "mode": "test", "epoch": 98}
{"loss": 0.08645075559616089, "acc": 0.9699125289916992, "length": 4.999539852142334, "mode": "train", "epoch": 99}
{"loss": 0.25829729437828064, "acc": 0.9252827167510986, "length": 5.0, "mode": "test", "epoch": 99}
{"loss": 0.08079665899276733, "acc": 0.9704475402832031, "length": 4.9997406005859375, "mode": "train", "epoch": 100}
{"loss": 0.2645602822303772, "acc": 0.9214457869529724, "length": 5.0, "mode": "test", "epoch": 100}
test accuracy: 0.856249988079071
