# ["--attributes=4", "--values=3", "--game_size=4", "--vocab_size_factor=3", "--n_epochs=100", "--batch_size=64", "--learning_rate=0.0005", "--hidden_size=128", "--temp_update=0.97", "--temperature=2"]
Creating train_ds and val_ds...

Creating test_ds...
{"loss": 0.6943448781967163, "acc": 0.5085016489028931, "length": 4.222637176513672, "mode": "train", "epoch": 1}
{"loss": 0.6913543939590454, "acc": 0.5294476747512817, "length": 1.0192925930023193, "mode": "test", "epoch": 1}
{"loss": 0.6877214908599854, "acc": 0.544442355632782, "length": 3.971040725708008, "mode": "train", "epoch": 2}
{"loss": 0.663996160030365, "acc": 0.6402608156204224, "length": 3.3987138271331787, "mode": "test", "epoch": 2}
{"loss": 0.6384995579719543, "acc": 0.6549970507621765, "length": 4.387491226196289, "mode": "train", "epoch": 3}
{"loss": 0.5949336290359497, "acc": 0.683279812335968, "length": 5.0, "mode": "test", "epoch": 3}
{"loss": 0.5528494119644165, "acc": 0.7104844450950623, "length": 4.82804012298584, "mode": "train", "epoch": 4}
{"loss": 0.5564422607421875, "acc": 0.7278937697410583, "length": 5.0, "mode": "test", "epoch": 4}
{"loss": 0.5044853687286377, "acc": 0.7566236853599548, "length": 4.90744686126709, "mode": "train", "epoch": 5}
{"loss": 0.531632661819458, "acc": 0.7526126503944397, "length": 5.0, "mode": "test", "epoch": 5}
{"loss": 0.48019683361053467, "acc": 0.7735587954521179, "length": 4.934211730957031, "mode": "train", "epoch": 6}
{"loss": 0.520224392414093, "acc": 0.7632636427879333, "length": 5.0, "mode": "test", "epoch": 6}
{"loss": 0.4621025621891022, "acc": 0.7845205068588257, "length": 4.95334529876709, "mode": "train", "epoch": 7}
{"loss": 0.4958389699459076, "acc": 0.7622588276863098, "length": 5.0, "mode": "test", "epoch": 7}
{"loss": 0.43757420778274536, "acc": 0.7977818250656128, "length": 4.966329574584961, "mode": "train", "epoch": 8}
{"loss": 0.47813916206359863, "acc": 0.7869775295257568, "length": 5.0, "mode": "test", "epoch": 8}
{"loss": 0.4194515645503998, "acc": 0.8079625368118286, "length": 4.975881576538086, "mode": "train", "epoch": 9}
{"loss": 0.4670511782169342, "acc": 0.7986334562301636, "length": 5.0, "mode": "test", "epoch": 9}
{"loss": 0.4072112739086151, "acc": 0.8149524927139282, "length": 4.982123851776123, "mode": "train", "epoch": 10}
{"loss": 0.4620037078857422, "acc": 0.810691237449646, "length": 5.0, "mode": "test", "epoch": 10}
{"loss": 0.4008764624595642, "acc": 0.8264556527137756, "length": 4.9871296882629395, "mode": "train", "epoch": 11}
{"loss": 0.4494733512401581, "acc": 0.8096864223480225, "length": 5.0, "mode": "test", "epoch": 11}
{"loss": 0.3895915448665619, "acc": 0.8326593637466431, "length": 4.990040302276611, "mode": "train", "epoch": 12}
{"loss": 0.4439891278743744, "acc": 0.8125000596046448, "length": 5.0, "mode": "test", "epoch": 12}
{"loss": 0.368739515542984, "acc": 0.8392565846443176, "length": 4.991837501525879, "mode": "train", "epoch": 13}
{"loss": 0.4368865191936493, "acc": 0.8163183331489563, "length": 5.0, "mode": "test", "epoch": 13}
{"loss": 0.3655417859554291, "acc": 0.8427863121032715, "length": 4.994635581970215, "mode": "train", "epoch": 14}
{"loss": 0.42401543259620667, "acc": 0.8223473429679871, "length": 5.0, "mode": "test", "epoch": 14}
{"loss": 0.3567327558994293, "acc": 0.8460789322853088, "length": 4.995835781097412, "mode": "train", "epoch": 15}
{"loss": 0.4094807803630829, "acc": 0.8251608610153198, "length": 5.0, "mode": "test", "epoch": 15}
{"loss": 0.3502074182033539, "acc": 0.8475077748298645, "length": 4.997015953063965, "mode": "train", "epoch": 16}
{"loss": 0.4144916236400604, "acc": 0.8209404945373535, "length": 5.0, "mode": "test", "epoch": 16}
{"loss": 0.34501031041145325, "acc": 0.849527895450592, "length": 4.997757911682129, "mode": "train", "epoch": 17}
{"loss": 0.40169939398765564, "acc": 0.8321945071220398, "length": 5.0, "mode": "test", "epoch": 17}
{"loss": 0.3435003459453583, "acc": 0.851543664932251, "length": 4.997872352600098, "mode": "train", "epoch": 18}
{"loss": 0.3930761218070984, "acc": 0.8325965404510498, "length": 5.0, "mode": "test", "epoch": 18}
{"loss": 0.33940833806991577, "acc": 0.8511494994163513, "length": 4.9981465339660645, "mode": "train", "epoch": 19}
{"loss": 0.40116769075393677, "acc": 0.8346061110496521, "length": 5.0, "mode": "test", "epoch": 19}
{"loss": 0.33515024185180664, "acc": 0.8554498553276062, "length": 4.9987263679504395, "mode": "train", "epoch": 20}
{"loss": 0.3850543797016144, "acc": 0.8396302461624146, "length": 5.0, "mode": "test", "epoch": 20}
{"loss": 0.32222121953964233, "acc": 0.8606909513473511, "length": 4.999139308929443, "mode": "train", "epoch": 21}
{"loss": 0.38051339983940125, "acc": 0.8444534540176392, "length": 5.0, "mode": "test", "epoch": 21}
{"loss": 0.3192334771156311, "acc": 0.8586739897727966, "length": 4.99893045425415, "mode": "train", "epoch": 22}
{"loss": 0.37454500794410706, "acc": 0.8426446914672852, "length": 5.0, "mode": "test", "epoch": 22}
{"loss": 0.32435154914855957, "acc": 0.862036406993866, "length": 4.9994378089904785, "mode": "train", "epoch": 23}
{"loss": 0.3728785812854767, "acc": 0.8434484601020813, "length": 5.0, "mode": "test", "epoch": 23}
{"loss": 0.32271087169647217, "acc": 0.8602930903434753, "length": 4.999567985534668, "mode": "train", "epoch": 24}
{"loss": 0.37454378604888916, "acc": 0.8430466055870056, "length": 5.0, "mode": "test", "epoch": 24}
{"loss": 0.3160264492034912, "acc": 0.8621039390563965, "length": 4.999516487121582, "mode": "train", "epoch": 25}
{"loss": 0.38233473896980286, "acc": 0.8362138271331787, "length": 5.0, "mode": "test", "epoch": 25}
{"loss": 0.323576420545578, "acc": 0.866331934928894, "length": 4.999443531036377, "mode": "train", "epoch": 26}
{"loss": 0.3733345866203308, "acc": 0.8412379622459412, "length": 5.0, "mode": "test", "epoch": 26}
{"loss": 0.30808013677597046, "acc": 0.8652628064155579, "length": 4.999745845794678, "mode": "train", "epoch": 27}
{"loss": 0.3755805194377899, "acc": 0.8388263583183289, "length": 5.0, "mode": "test", "epoch": 27}
{"loss": 0.30982881784439087, "acc": 0.8665380477905273, "length": 4.999725818634033, "mode": "train", "epoch": 28}
{"loss": 0.37307867407798767, "acc": 0.8438505530357361, "length": 5.0, "mode": "test", "epoch": 28}
{"loss": 0.3070952296257019, "acc": 0.867344856262207, "length": 4.999851703643799, "mode": "train", "epoch": 29}
{"loss": 0.3699079751968384, "acc": 0.8426446914672852, "length": 5.0, "mode": "test", "epoch": 29}
{"loss": 0.3039238154888153, "acc": 0.87043297290802, "length": 4.999881267547607, "mode": "train", "epoch": 30}
{"loss": 0.3670640289783478, "acc": 0.8420419096946716, "length": 5.0, "mode": "test", "epoch": 30}
{"loss": 0.3037779629230499, "acc": 0.8702991008758545, "length": 4.999844074249268, "mode": "train", "epoch": 31}
{"loss": 0.3679417073726654, "acc": 0.8484725952148438, "length": 5.0, "mode": "test", "epoch": 31}
{"loss": 0.3036597669124603, "acc": 0.871301531791687, "length": 4.999353408813477, "mode": "train", "epoch": 32}
{"loss": 0.3639559745788574, "acc": 0.8502814769744873, "length": 5.0, "mode": "test", "epoch": 32}
{"loss": 0.29727011919021606, "acc": 0.8723810315132141, "length": 4.99992036819458, "mode": "train", "epoch": 33}
{"loss": 0.36563387513160706, "acc": 0.8490755558013916, "length": 5.0, "mode": "test", "epoch": 33}
{"loss": 0.2964225113391876, "acc": 0.870769739151001, "length": 4.999933242797852, "mode": "train", "epoch": 34}
{"loss": 0.3656338155269623, "acc": 0.8528938889503479, "length": 5.0, "mode": "test", "epoch": 34}
{"loss": 0.2908343970775604, "acc": 0.8756018280982971, "length": 4.999798774719238, "mode": "train", "epoch": 35}
{"loss": 0.3722723424434662, "acc": 0.8424438238143921, "length": 5.0, "mode": "test", "epoch": 35}
{"loss": 0.28527355194091797, "acc": 0.8725126385688782, "length": 4.999726295471191, "mode": "train", "epoch": 36}
{"loss": 0.3648742139339447, "acc": 0.8524919748306274, "length": 5.0, "mode": "test", "epoch": 36}
{"loss": 0.28571614623069763, "acc": 0.8773220777511597, "length": 4.998933792114258, "mode": "train", "epoch": 37}
{"loss": 0.36608606576919556, "acc": 0.8480708599090576, "length": 5.0, "mode": "test", "epoch": 37}
{"loss": 0.28996390104293823, "acc": 0.8741919994354248, "length": 4.999894618988037, "mode": "train", "epoch": 38}
{"loss": 0.3635663688182831, "acc": 0.8464630246162415, "length": 5.0, "mode": "test", "epoch": 38}
{"loss": 0.28215911984443665, "acc": 0.8740594983100891, "length": 4.999896049499512, "mode": "train", "epoch": 39}
{"loss": 0.3697507083415985, "acc": 0.8500803709030151, "length": 5.0, "mode": "test", "epoch": 39}
{"loss": 0.28325244784355164, "acc": 0.8752685189247131, "length": 4.999995231628418, "mode": "train", "epoch": 40}
{"loss": 0.35937657952308655, "acc": 0.8508843183517456, "length": 5.0, "mode": "test", "epoch": 40}
{"loss": 0.28963592648506165, "acc": 0.8788254261016846, "length": 4.999967575073242, "mode": "train", "epoch": 41}
{"loss": 0.3626299500465393, "acc": 0.8420417904853821, "length": 5.0, "mode": "test", "epoch": 41}
{"loss": 0.2887876033782959, "acc": 0.8743956685066223, "length": 4.9999847412109375, "mode": "train", "epoch": 42}
{"loss": 0.3615536093711853, "acc": 0.8502813577651978, "length": 5.0, "mode": "test", "epoch": 42}
{"loss": 0.28230926394462585, "acc": 0.878826379776001, "length": 4.999990463256836, "mode": "train", "epoch": 43}
{"loss": 0.36661192774772644, "acc": 0.853697657585144, "length": 5.0, "mode": "test", "epoch": 43}
{"loss": 0.27658772468566895, "acc": 0.877416729927063, "length": 4.999997615814209, "mode": "train", "epoch": 44}
{"loss": 0.36966708302497864, "acc": 0.8442525267601013, "length": 5.0, "mode": "test", "epoch": 44}
{"loss": 0.27258601784706116, "acc": 0.8798308372497559, "length": 4.999905586242676, "mode": "train", "epoch": 45}
{"loss": 0.36139389872550964, "acc": 0.8547025918960571, "length": 5.0, "mode": "test", "epoch": 45}
{"loss": 0.2755294442176819, "acc": 0.8794307112693787, "length": 4.999893665313721, "mode": "train", "epoch": 46}
{"loss": 0.36442670226097107, "acc": 0.8559083342552185, "length": 5.0, "mode": "test", "epoch": 46}
{"loss": 0.26897841691970825, "acc": 0.8825859427452087, "length": 4.999998569488525, "mode": "train", "epoch": 47}
{"loss": 0.3464384973049164, "acc": 0.8534966707229614, "length": 5.0, "mode": "test", "epoch": 47}
{"loss": 0.27090945839881897, "acc": 0.8822502493858337, "length": 4.999999523162842, "mode": "train", "epoch": 48}
{"loss": 0.3615339696407318, "acc": 0.8494774699211121, "length": 5.0, "mode": "test", "epoch": 48}
{"loss": 0.2665482759475708, "acc": 0.8816458582878113, "length": 4.999989986419678, "mode": "train", "epoch": 49}
{"loss": 0.3783663213253021, "acc": 0.8516880869865417, "length": 5.0, "mode": "test", "epoch": 49}
{"loss": 0.2733001410961151, "acc": 0.8869495391845703, "length": 4.999999523162842, "mode": "train", "epoch": 50}
{"loss": 0.34792521595954895, "acc": 0.8623391389846802, "length": 5.0, "mode": "test", "epoch": 50}
{"loss": 0.2730395495891571, "acc": 0.886009693145752, "length": 4.999998569488525, "mode": "train", "epoch": 51}
{"loss": 0.34637704491615295, "acc": 0.8569132089614868, "length": 5.0, "mode": "test", "epoch": 51}
{"loss": 0.2706567049026489, "acc": 0.8836600184440613, "length": 5.0, "mode": "train", "epoch": 52}
{"loss": 0.3540899455547333, "acc": 0.8569132089614868, "length": 5.0, "mode": "test", "epoch": 52}
{"loss": 0.27096593379974365, "acc": 0.880370557308197, "length": 4.999998569488525, "mode": "train", "epoch": 53}
{"loss": 0.34980303049087524, "acc": 0.8583199381828308, "length": 5.0, "mode": "test", "epoch": 53}
{"loss": 0.2569608986377716, "acc": 0.8884264230728149, "length": 4.999997615814209, "mode": "train", "epoch": 54}
{"loss": 0.3537001311779022, "acc": 0.8583199381828308, "length": 5.0, "mode": "test", "epoch": 54}
{"loss": 0.2625710666179657, "acc": 0.8892991542816162, "length": 5.0, "mode": "train", "epoch": 55}
{"loss": 0.35036346316337585, "acc": 0.8595257997512817, "length": 5.0, "mode": "test", "epoch": 55}
{"loss": 0.2576421797275543, "acc": 0.890238344669342, "length": 4.9999613761901855, "mode": "train", "epoch": 56}
{"loss": 0.34149622917175293, "acc": 0.85972660779953, "length": 5.0, "mode": "test", "epoch": 56}
{"loss": 0.25981366634368896, "acc": 0.8915144801139832, "length": 4.999996662139893, "mode": "train", "epoch": 57}
{"loss": 0.34786197543144226, "acc": 0.8627410531044006, "length": 5.0, "mode": "test", "epoch": 57}
{"loss": 0.2579245865345001, "acc": 0.8925886154174805, "length": 4.999999046325684, "mode": "train", "epoch": 58}
{"loss": 0.3437851667404175, "acc": 0.8649517893791199, "length": 5.0, "mode": "test", "epoch": 58}
{"loss": 0.2479453980922699, "acc": 0.8952736854553223, "length": 4.999988555908203, "mode": "train", "epoch": 59}
{"loss": 0.34864944219589233, "acc": 0.8711816668510437, "length": 5.0, "mode": "test", "epoch": 59}
{"loss": 0.24081666767597198, "acc": 0.8936627507209778, "length": 4.999999046325684, "mode": "train", "epoch": 60}
{"loss": 0.33912724256515503, "acc": 0.8573151230812073, "length": 5.0, "mode": "test", "epoch": 60}
{"loss": 0.25160157680511475, "acc": 0.8933941125869751, "length": 4.999993801116943, "mode": "train", "epoch": 61}
{"loss": 0.3422359824180603, "acc": 0.8643487691879272, "length": 5.0, "mode": "test", "epoch": 61}
{"loss": 0.2502259314060211, "acc": 0.8920491933822632, "length": 4.999884605407715, "mode": "train", "epoch": 62}
{"loss": 0.34770917892456055, "acc": 0.8583199381828308, "length": 5.0, "mode": "test", "epoch": 62}
{"loss": 0.24812187254428864, "acc": 0.8950053453445435, "length": 4.999999046325684, "mode": "train", "epoch": 63}
{"loss": 0.3434505760669708, "acc": 0.8653535842895508, "length": 5.0, "mode": "test", "epoch": 63}
{"loss": 0.23929904401302338, "acc": 0.8960794806480408, "length": 4.999999523162842, "mode": "train", "epoch": 64}
{"loss": 0.34061509370803833, "acc": 0.8649517893791199, "length": 5.0, "mode": "test", "epoch": 64}
{"loss": 0.24092675745487213, "acc": 0.8981605768203735, "length": 5.0, "mode": "train", "epoch": 65}
{"loss": 0.3333275020122528, "acc": 0.8651528358459473, "length": 5.0, "mode": "test", "epoch": 65}
{"loss": 0.23356406390666962, "acc": 0.8993018269538879, "length": 4.999999046325684, "mode": "train", "epoch": 66}
{"loss": 0.34913864731788635, "acc": 0.862942099571228, "length": 5.0, "mode": "test", "epoch": 66}
{"loss": 0.2464393973350525, "acc": 0.8947350978851318, "length": 4.999863624572754, "mode": "train", "epoch": 67}
{"loss": 0.3469884693622589, "acc": 0.8631432056427002, "length": 5.0, "mode": "test", "epoch": 67}
{"loss": 0.23606759309768677, "acc": 0.8984962701797485, "length": 4.999998569488525, "mode": "train", "epoch": 68}
{"loss": 0.34415385127067566, "acc": 0.867363452911377, "length": 5.0, "mode": "test", "epoch": 68}
{"loss": 0.23253212869167328, "acc": 0.9015170335769653, "length": 4.999990463256836, "mode": "train", "epoch": 69}
{"loss": 0.33050763607025146, "acc": 0.8649516701698303, "length": 5.0, "mode": "test", "epoch": 69}
{"loss": 0.23525437712669373, "acc": 0.8980929255485535, "length": 4.999972343444824, "mode": "train", "epoch": 70}
{"loss": 0.33688727021217346, "acc": 0.8639469742774963, "length": 5.0, "mode": "test", "epoch": 70}
{"loss": 0.24309109151363373, "acc": 0.8981605768203735, "length": 5.0, "mode": "train", "epoch": 71}
{"loss": 0.34138283133506775, "acc": 0.8575160503387451, "length": 5.0, "mode": "test", "epoch": 71}
{"loss": 0.23006318509578705, "acc": 0.8991003036499023, "length": 4.999992847442627, "mode": "train", "epoch": 72}
{"loss": 0.3477954864501953, "acc": 0.8637459874153137, "length": 5.0, "mode": "test", "epoch": 72}
{"loss": 0.23612655699253082, "acc": 0.901107907295227, "length": 4.999834060668945, "mode": "train", "epoch": 73}
{"loss": 0.35085272789001465, "acc": 0.8627411723136902, "length": 5.0, "mode": "test", "epoch": 73}
{"loss": 0.22608953714370728, "acc": 0.9018524289131165, "length": 4.9999680519104, "mode": "train", "epoch": 74}
{"loss": 0.3435762822628021, "acc": 0.8653535842895508, "length": 5.0, "mode": "test", "epoch": 74}
{"loss": 0.22720420360565186, "acc": 0.9035311341285706, "length": 4.999999523162842, "mode": "train", "epoch": 75}
{"loss": 0.3485514521598816, "acc": 0.8691719174385071, "length": 5.0, "mode": "test", "epoch": 75}
{"loss": 0.2239546924829483, "acc": 0.905813455581665, "length": 4.999993801116943, "mode": "train", "epoch": 76}
{"loss": 0.3462623357772827, "acc": 0.8651528358459473, "length": 5.0, "mode": "test", "epoch": 76}
{"loss": 0.2424296885728836, "acc": 0.8953409790992737, "length": 4.999996662139893, "mode": "train", "epoch": 77}
{"loss": 0.3526531159877777, "acc": 0.8615352511405945, "length": 5.0, "mode": "test", "epoch": 77}
{"loss": 0.23253485560417175, "acc": 0.8982948660850525, "length": 4.999999523162842, "mode": "train", "epoch": 78}
{"loss": 0.3351815640926361, "acc": 0.862942099571228, "length": 5.0, "mode": "test", "epoch": 78}
{"loss": 0.2417171448469162, "acc": 0.8950053453445435, "length": 5.0, "mode": "train", "epoch": 79}
{"loss": 0.3416963517665863, "acc": 0.8645498156547546, "length": 5.0, "mode": "test", "epoch": 79}
{"loss": 0.23296698927879333, "acc": 0.8984962701797485, "length": 5.0, "mode": "train", "epoch": 80}
{"loss": 0.3647123873233795, "acc": 0.8559082746505737, "length": 5.0, "mode": "test", "epoch": 80}
{"loss": 0.25529012084007263, "acc": 0.8858752846717834, "length": 4.999994277954102, "mode": "train", "epoch": 81}
{"loss": 0.3834454119205475, "acc": 0.8563103079795837, "length": 5.0, "mode": "test", "epoch": 81}
{"loss": 0.2594698965549469, "acc": 0.8909103274345398, "length": 4.999999046325684, "mode": "train", "epoch": 82}
{"loss": 0.44378384947776794, "acc": 0.8420417904853821, "length": 5.0, "mode": "test", "epoch": 82}
{"loss": 0.278268963098526, "acc": 0.8839285969734192, "length": 5.0, "mode": "train", "epoch": 83}
{"loss": 0.3597455620765686, "acc": 0.8603296875953674, "length": 5.0, "mode": "test", "epoch": 83}
{"loss": 0.2502145767211914, "acc": 0.8905075192451477, "length": 5.0, "mode": "train", "epoch": 84}
{"loss": 0.3587021827697754, "acc": 0.8621382713317871, "length": 5.0, "mode": "test", "epoch": 84}
{"loss": 0.2345200926065445, "acc": 0.9001073837280273, "length": 4.999999523162842, "mode": "train", "epoch": 85}
{"loss": 0.35750481486320496, "acc": 0.861535370349884, "length": 5.0, "mode": "test", "epoch": 85}
{"loss": 0.23082397878170013, "acc": 0.9013152718544006, "length": 4.999957084655762, "mode": "train", "epoch": 86}
{"loss": 0.35273277759552, "acc": 0.8641477823257446, "length": 5.0, "mode": "test", "epoch": 86}
{"loss": 0.22931958734989166, "acc": 0.9019871354103088, "length": 4.999999523162842, "mode": "train", "epoch": 87}
{"loss": 0.3636680543422699, "acc": 0.861535370349884, "length": 5.0, "mode": "test", "epoch": 87}
{"loss": 0.22341959178447723, "acc": 0.903732419013977, "length": 4.9999847412109375, "mode": "train", "epoch": 88}
{"loss": 0.3506035804748535, "acc": 0.8711816668510437, "length": 5.0, "mode": "test", "epoch": 88}
{"loss": 0.21835781633853912, "acc": 0.9050747752189636, "length": 4.999980926513672, "mode": "train", "epoch": 89}
{"loss": 0.3486339747905731, "acc": 0.8709806799888611, "length": 5.0, "mode": "test", "epoch": 89}
{"loss": 0.20967571437358856, "acc": 0.9095058441162109, "length": 4.999998092651367, "mode": "train", "epoch": 90}
{"loss": 0.34755536913871765, "acc": 0.8713825345039368, "length": 5.0, "mode": "test", "epoch": 90}
{"loss": 0.2117035686969757, "acc": 0.910444438457489, "length": 4.999952793121338, "mode": "train", "epoch": 91}
{"loss": 0.3495717942714691, "acc": 0.8711815476417542, "length": 5.0, "mode": "test", "epoch": 91}
{"loss": 0.21143974363803864, "acc": 0.9096401333808899, "length": 4.999998092651367, "mode": "train", "epoch": 92}
{"loss": 0.34904786944389343, "acc": 0.8745980858802795, "length": 5.0, "mode": "test", "epoch": 92}
{"loss": 0.21124868094921112, "acc": 0.9109823703765869, "length": 4.999976634979248, "mode": "train", "epoch": 93}
{"loss": 0.35445091128349304, "acc": 0.868971049785614, "length": 5.0, "mode": "test", "epoch": 93}
{"loss": 0.21972081065177917, "acc": 0.9085660576820374, "length": 4.999999046325684, "mode": "train", "epoch": 94}
{"loss": 0.3649587631225586, "acc": 0.861535370349884, "length": 5.0, "mode": "test", "epoch": 94}
{"loss": 0.21745412051677704, "acc": 0.907424807548523, "length": 4.999995231628418, "mode": "train", "epoch": 95}
{"loss": 0.3557077646255493, "acc": 0.8709806799888611, "length": 5.0, "mode": "test", "epoch": 95}
{"loss": 0.21826419234275818, "acc": 0.9070891737937927, "length": 4.999999046325684, "mode": "train", "epoch": 96}
{"loss": 0.3392964005470276, "acc": 0.8719855546951294, "length": 5.0, "mode": "test", "epoch": 96}
{"loss": 0.21178869903087616, "acc": 0.911853551864624, "length": 4.999899864196777, "mode": "train", "epoch": 97}
{"loss": 0.3464716076850891, "acc": 0.8749998807907104, "length": 5.0, "mode": "test", "epoch": 97}
{"loss": 0.20906005799770355, "acc": 0.909572422504425, "length": 4.999975681304932, "mode": "train", "epoch": 98}
{"loss": 0.3568086326122284, "acc": 0.8709807991981506, "length": 5.0, "mode": "test", "epoch": 98}
{"loss": 0.1990056037902832, "acc": 0.9147422313690186, "length": 4.999999523162842, "mode": "train", "epoch": 99}
{"loss": 0.3405248820781708, "acc": 0.8739951848983765, "length": 5.0, "mode": "test", "epoch": 99}
{"loss": 0.20143267512321472, "acc": 0.9129296541213989, "length": 5.0, "mode": "train", "epoch": 100}
{"loss": 0.36127856373786926, "acc": 0.8725883364677429, "length": 5.0, "mode": "test", "epoch": 100}
test accuracy: 0.8335459232330322
