# ["--attributes=4", "--values=3", "--game_size=4", "--vocab_size_factor=3", "--n_epochs=100", "--batch_size=64", "--learning_rate=0.0005", "--hidden_size=256", "--temp_update=0.97", "--temperature=1.5"]
Creating train_ds and val_ds...

Creating test_ds...
{"loss": 0.7013474106788635, "acc": 0.5158374905586243, "length": 2.851043701171875, "mode": "train", "epoch": 1}
{"loss": 0.6937572360038757, "acc": 0.506610631942749, "length": 1.0, "mode": "test", "epoch": 1}
{"loss": 0.6658974289894104, "acc": 0.5900349617004395, "length": 2.236942768096924, "mode": "train", "epoch": 2}
{"loss": 0.6204747557640076, "acc": 0.655147135257721, "length": 2.9166667461395264, "mode": "test", "epoch": 2}
{"loss": 0.6084206104278564, "acc": 0.6702885627746582, "length": 2.7755961418151855, "mode": "train", "epoch": 3}
{"loss": 0.5908545255661011, "acc": 0.6964080333709717, "length": 3.0592949390411377, "mode": "test", "epoch": 3}
{"loss": 0.5440854430198669, "acc": 0.7388724684715271, "length": 3.540438175201416, "mode": "train", "epoch": 4}
{"loss": 0.49758845567703247, "acc": 0.7783787846565247, "length": 4.211538314819336, "mode": "test", "epoch": 4}
{"loss": 0.46277108788490295, "acc": 0.7933615446090698, "length": 4.273088455200195, "mode": "train", "epoch": 5}
{"loss": 0.4585992395877838, "acc": 0.8116423487663269, "length": 4.455128192901611, "mode": "test", "epoch": 5}
{"loss": 0.43623149394989014, "acc": 0.8111287951469421, "length": 4.317790508270264, "mode": "train", "epoch": 6}
{"loss": 0.43886256217956543, "acc": 0.8120712637901306, "length": 4.269230842590332, "mode": "test", "epoch": 6}
{"loss": 0.40971750020980835, "acc": 0.8249460458755493, "length": 4.339570999145508, "mode": "train", "epoch": 7}
{"loss": 0.4070506691932678, "acc": 0.8231168985366821, "length": 4.525640964508057, "mode": "test", "epoch": 7}
{"loss": 0.38104331493377686, "acc": 0.8383470177650452, "length": 4.425909519195557, "mode": "train", "epoch": 8}
{"loss": 0.40043002367019653, "acc": 0.8301385641098022, "length": 4.570512771606445, "mode": "test", "epoch": 8}
{"loss": 0.36686602234840393, "acc": 0.8429179787635803, "length": 4.484285831451416, "mode": "train", "epoch": 9}
{"loss": 0.3982941210269928, "acc": 0.8224493265151978, "length": 4.467948913574219, "mode": "test", "epoch": 9}
{"loss": 0.35269930958747864, "acc": 0.8470571637153625, "length": 4.488050937652588, "mode": "train", "epoch": 10}
{"loss": 0.38737598061561584, "acc": 0.8321866989135742, "length": 4.434294700622559, "mode": "test", "epoch": 10}
{"loss": 0.3451743423938751, "acc": 0.8545679450035095, "length": 4.5059051513671875, "mode": "train", "epoch": 11}
{"loss": 0.3879908621311188, "acc": 0.8318612575531006, "length": 4.599359035491943, "mode": "test", "epoch": 11}
{"loss": 0.342342734336853, "acc": 0.8570764064788818, "length": 4.679505348205566, "mode": "train", "epoch": 12}
{"loss": 0.39181873202323914, "acc": 0.8374890089035034, "length": 4.820512771606445, "mode": "test", "epoch": 12}
{"loss": 0.3288164436817169, "acc": 0.8647258877754211, "length": 4.812729358673096, "mode": "train", "epoch": 13}
{"loss": 0.3644285798072815, "acc": 0.8435840010643005, "length": 4.940705299377441, "mode": "test", "epoch": 13}
{"loss": 0.3274482786655426, "acc": 0.8658275604248047, "length": 4.84271764755249, "mode": "train", "epoch": 14}
{"loss": 0.36885157227516174, "acc": 0.8432428240776062, "length": 4.982371807098389, "mode": "test", "epoch": 14}
{"loss": 0.3039545714855194, "acc": 0.8755521178245544, "length": 4.917210102081299, "mode": "train", "epoch": 15}
{"loss": 0.3489486277103424, "acc": 0.8500100374221802, "length": 4.980769157409668, "mode": "test", "epoch": 15}
{"loss": 0.2953667938709259, "acc": 0.8799084424972534, "length": 4.927300930023193, "mode": "train", "epoch": 16}
{"loss": 0.34076783061027527, "acc": 0.8579634428024292, "length": 4.996794700622559, "mode": "test", "epoch": 16}
{"loss": 0.2881132960319519, "acc": 0.8851690292358398, "length": 4.956377029418945, "mode": "train", "epoch": 17}
{"loss": 0.33339425921440125, "acc": 0.8605770468711853, "length": 5.0, "mode": "test", "epoch": 17}
{"loss": 0.28625136613845825, "acc": 0.882975161075592, "length": 4.975911617279053, "mode": "train", "epoch": 18}
{"loss": 0.32367458939552307, "acc": 0.8595753312110901, "length": 5.0, "mode": "test", "epoch": 18}
{"loss": 0.27195948362350464, "acc": 0.8883553743362427, "length": 4.982649803161621, "mode": "train", "epoch": 19}
{"loss": 0.32930922508239746, "acc": 0.8655850291252136, "length": 5.0, "mode": "test", "epoch": 19}
{"loss": 0.26509952545166016, "acc": 0.8888921737670898, "length": 4.9887213706970215, "mode": "train", "epoch": 20}
{"loss": 0.31563684344291687, "acc": 0.874599277973175, "length": 5.0, "mode": "test", "epoch": 20}
{"loss": 0.25649189949035645, "acc": 0.8951201438903809, "length": 4.989903926849365, "mode": "train", "epoch": 21}
{"loss": 0.30437585711479187, "acc": 0.8749998807907104, "length": 5.0, "mode": "test", "epoch": 21}
{"loss": 0.2526058554649353, "acc": 0.8952115178108215, "length": 4.992526054382324, "mode": "train", "epoch": 22}
{"loss": 0.2996022403240204, "acc": 0.8818110227584839, "length": 5.0, "mode": "test", "epoch": 22}
{"loss": 0.24995096027851105, "acc": 0.896564245223999, "length": 4.994174957275391, "mode": "train", "epoch": 23}
{"loss": 0.2949882745742798, "acc": 0.8782051205635071, "length": 5.0, "mode": "test", "epoch": 23}
{"loss": 0.24934512376785278, "acc": 0.8983762264251709, "length": 4.995715618133545, "mode": "train", "epoch": 24}
{"loss": 0.2960833013057709, "acc": 0.8760014772415161, "length": 5.0, "mode": "test", "epoch": 24}
{"loss": 0.25425633788108826, "acc": 0.8972439169883728, "length": 4.99568510055542, "mode": "train", "epoch": 25}
{"loss": 0.32331201434135437, "acc": 0.8703925013542175, "length": 5.0, "mode": "test", "epoch": 25}
{"loss": 0.24424603581428528, "acc": 0.8999309539794922, "length": 4.997509479522705, "mode": "train", "epoch": 26}
{"loss": 0.29057011008262634, "acc": 0.8884214758872986, "length": 5.0, "mode": "test", "epoch": 26}
{"loss": 0.23517632484436035, "acc": 0.9019062519073486, "length": 4.996556758880615, "mode": "train", "epoch": 27}
{"loss": 0.29358622431755066, "acc": 0.8824118375778198, "length": 5.0, "mode": "test", "epoch": 27}
{"loss": 0.2314801663160324, "acc": 0.9044032692909241, "length": 4.997567653656006, "mode": "train", "epoch": 28}
{"loss": 0.2951260507106781, "acc": 0.8848156929016113, "length": 5.0, "mode": "test", "epoch": 28}
{"loss": 0.22329440712928772, "acc": 0.90589439868927, "length": 4.997797966003418, "mode": "train", "epoch": 29}
{"loss": 0.295882910490036, "acc": 0.8872196674346924, "length": 5.0, "mode": "test", "epoch": 29}
{"loss": 0.2325984686613083, "acc": 0.905028223991394, "length": 4.998530864715576, "mode": "train", "epoch": 30}
{"loss": 0.28694769740104675, "acc": 0.8894229531288147, "length": 5.0, "mode": "test", "epoch": 30}
{"loss": 0.23001247644424438, "acc": 0.9056436419487, "length": 4.9964704513549805, "mode": "train", "epoch": 31}
{"loss": 0.2898331880569458, "acc": 0.8866186141967773, "length": 5.0, "mode": "test", "epoch": 31}
{"loss": 0.2250719517469406, "acc": 0.9059608578681946, "length": 4.998732089996338, "mode": "train", "epoch": 32}
{"loss": 0.2855057418346405, "acc": 0.8920271396636963, "length": 5.0, "mode": "test", "epoch": 32}
{"loss": 0.21634067595005035, "acc": 0.9119277596473694, "length": 4.999093532562256, "mode": "train", "epoch": 33}
{"loss": 0.2844008207321167, "acc": 0.8936299085617065, "length": 5.0, "mode": "test", "epoch": 33}
{"loss": 0.21184876561164856, "acc": 0.9119179844856262, "length": 4.99824333190918, "mode": "train", "epoch": 34}
{"loss": 0.2797626256942749, "acc": 0.8966346383094788, "length": 5.0, "mode": "test", "epoch": 34}
{"loss": 0.22038908302783966, "acc": 0.9104523658752441, "length": 4.999105930328369, "mode": "train", "epoch": 35}
{"loss": 0.29819464683532715, "acc": 0.8896235227584839, "length": 5.0, "mode": "test", "epoch": 35}
{"loss": 0.21625182032585144, "acc": 0.9119316935539246, "length": 4.999050617218018, "mode": "train", "epoch": 36}
{"loss": 0.2886163294315338, "acc": 0.8882210850715637, "length": 5.0, "mode": "test", "epoch": 36}
{"loss": 0.21161013841629028, "acc": 0.9107917547225952, "length": 4.999415874481201, "mode": "train", "epoch": 37}
{"loss": 0.2720091640949249, "acc": 0.893629789352417, "length": 5.0, "mode": "test", "epoch": 37}
{"loss": 0.21803781390190125, "acc": 0.9115247130393982, "length": 4.999428749084473, "mode": "train", "epoch": 38}
{"loss": 0.27866435050964355, "acc": 0.8912258744239807, "length": 5.0, "mode": "test", "epoch": 38}
{"loss": 0.2168407440185547, "acc": 0.9087921977043152, "length": 4.999863624572754, "mode": "train", "epoch": 39}
{"loss": 0.2737063765525818, "acc": 0.8970353603363037, "length": 5.0, "mode": "test", "epoch": 39}
{"loss": 0.20633023977279663, "acc": 0.9127216339111328, "length": 4.998941421508789, "mode": "train", "epoch": 40}
{"loss": 0.29405659437179565, "acc": 0.8866186141967773, "length": 5.0, "mode": "test", "epoch": 40}
{"loss": 0.2098352164030075, "acc": 0.9147442579269409, "length": 4.99970006942749, "mode": "train", "epoch": 41}
{"loss": 0.2777438163757324, "acc": 0.9000401496887207, "length": 5.0, "mode": "test", "epoch": 41}
{"loss": 0.20931091904640198, "acc": 0.9129392504692078, "length": 4.999247074127197, "mode": "train", "epoch": 42}
{"loss": 0.290897399187088, "acc": 0.8918269276618958, "length": 5.0, "mode": "test", "epoch": 42}
{"loss": 0.2131662517786026, "acc": 0.9118697643280029, "length": 4.999924182891846, "mode": "train", "epoch": 43}
{"loss": 0.30095455050468445, "acc": 0.8852164149284363, "length": 5.0, "mode": "test", "epoch": 43}
{"loss": 0.21322178840637207, "acc": 0.911800742149353, "length": 4.999576091766357, "mode": "train", "epoch": 44}
{"loss": 0.27680402994155884, "acc": 0.901442289352417, "length": 5.0, "mode": "test", "epoch": 44}
{"loss": 0.21815870702266693, "acc": 0.9091928601264954, "length": 4.999912261962891, "mode": "train", "epoch": 45}
{"loss": 0.28062018752098083, "acc": 0.8948317170143127, "length": 5.0, "mode": "test", "epoch": 45}
{"loss": 0.20634165406227112, "acc": 0.9156502485275269, "length": 4.998365879058838, "mode": "train", "epoch": 46}
{"loss": 0.27965614199638367, "acc": 0.8924278616905212, "length": 5.0, "mode": "test", "epoch": 46}
{"loss": 0.2066539227962494, "acc": 0.916475236415863, "length": 4.998863697052002, "mode": "train", "epoch": 47}
{"loss": 0.28171592950820923, "acc": 0.8938300013542175, "length": 5.0, "mode": "test", "epoch": 47}
{"loss": 0.2155255377292633, "acc": 0.9128004908561707, "length": 4.999751091003418, "mode": "train", "epoch": 48}
{"loss": 0.2850389778614044, "acc": 0.8914263844490051, "length": 5.0, "mode": "test", "epoch": 48}
{"loss": 0.20412780344486237, "acc": 0.9145412445068359, "length": 4.999743938446045, "mode": "train", "epoch": 49}
{"loss": 0.2755666673183441, "acc": 0.8950319290161133, "length": 5.0, "mode": "test", "epoch": 49}
{"loss": 0.21149326860904694, "acc": 0.9144113659858704, "length": 4.999790191650391, "mode": "train", "epoch": 50}
{"loss": 0.28259217739105225, "acc": 0.8942306637763977, "length": 5.0, "mode": "test", "epoch": 50}
{"loss": 0.19866089522838593, "acc": 0.9193649291992188, "length": 4.999939918518066, "mode": "train", "epoch": 51}
{"loss": 0.2568279206752777, "acc": 0.9030447602272034, "length": 5.0, "mode": "test", "epoch": 51}
{"loss": 0.20101459324359894, "acc": 0.9168201684951782, "length": 4.999371528625488, "mode": "train", "epoch": 52}
{"loss": 0.3027542531490326, "acc": 0.8930288553237915, "length": 5.0, "mode": "test", "epoch": 52}
{"loss": 0.19736747443675995, "acc": 0.9183389544487, "length": 4.999083995819092, "mode": "train", "epoch": 53}
{"loss": 0.29606425762176514, "acc": 0.9002404808998108, "length": 5.0, "mode": "test", "epoch": 53}
{"loss": 0.20145359635353088, "acc": 0.9176860451698303, "length": 4.999569416046143, "mode": "train", "epoch": 54}
{"loss": 0.3016177713871002, "acc": 0.8930288553237915, "length": 5.0, "mode": "test", "epoch": 54}
{"loss": 0.21505430340766907, "acc": 0.9138758778572083, "length": 4.999808311462402, "mode": "train", "epoch": 55}
{"loss": 0.31134405732154846, "acc": 0.8890223503112793, "length": 5.0, "mode": "test", "epoch": 55}
{"loss": 0.20572134852409363, "acc": 0.9155496954917908, "length": 4.999907493591309, "mode": "train", "epoch": 56}
{"loss": 0.29128727316856384, "acc": 0.8888220191001892, "length": 5.0, "mode": "test", "epoch": 56}
{"loss": 0.20675478875637054, "acc": 0.9161534905433655, "length": 4.9999823570251465, "mode": "train", "epoch": 57}
{"loss": 0.27098366618156433, "acc": 0.8960336446762085, "length": 5.0, "mode": "test", "epoch": 57}
{"loss": 0.19504378736019135, "acc": 0.9206976294517517, "length": 4.999512672424316, "mode": "train", "epoch": 58}
{"loss": 0.2897484004497528, "acc": 0.896033763885498, "length": 5.0, "mode": "test", "epoch": 58}
{"loss": 0.19603638350963593, "acc": 0.9198918342590332, "length": 4.999626159667969, "mode": "train", "epoch": 59}
{"loss": 0.27748432755470276, "acc": 0.8924278616905212, "length": 5.0, "mode": "test", "epoch": 59}
{"loss": 0.19308459758758545, "acc": 0.9204975366592407, "length": 4.999633312225342, "mode": "train", "epoch": 60}
{"loss": 0.2626759707927704, "acc": 0.9006410241127014, "length": 5.0, "mode": "test", "epoch": 60}
{"loss": 0.19299115240573883, "acc": 0.9197001457214355, "length": 4.99998140335083, "mode": "train", "epoch": 61}
{"loss": 0.2668892443180084, "acc": 0.8970351815223694, "length": 5.0, "mode": "test", "epoch": 61}
{"loss": 0.18995481729507446, "acc": 0.9218379855155945, "length": 4.999897003173828, "mode": "train", "epoch": 62}
{"loss": 0.2801370918750763, "acc": 0.8994389772415161, "length": 5.0, "mode": "test", "epoch": 62}
{"loss": 0.1951974630355835, "acc": 0.9184948801994324, "length": 4.999950408935547, "mode": "train", "epoch": 63}
{"loss": 0.26923757791519165, "acc": 0.900841236114502, "length": 5.0, "mode": "test", "epoch": 63}
{"loss": 0.19613231718540192, "acc": 0.9195660948753357, "length": 4.999983310699463, "mode": "train", "epoch": 64}
{"loss": 0.2816771864891052, "acc": 0.8990383744239807, "length": 5.0, "mode": "test", "epoch": 64}
{"loss": 0.18444782495498657, "acc": 0.9251835942268372, "length": 4.999671459197998, "mode": "train", "epoch": 65}
{"loss": 0.25986286997795105, "acc": 0.9042466878890991, "length": 5.0, "mode": "test", "epoch": 65}
{"loss": 0.18510612845420837, "acc": 0.9267250299453735, "length": 4.999922275543213, "mode": "train", "epoch": 66}
{"loss": 0.27392274141311646, "acc": 0.8974360227584839, "length": 5.0, "mode": "test", "epoch": 66}
{"loss": 0.18728381395339966, "acc": 0.9207703471183777, "length": 4.9999589920043945, "mode": "train", "epoch": 67}
{"loss": 0.31501078605651855, "acc": 0.888020932674408, "length": 5.0, "mode": "test", "epoch": 67}
{"loss": 0.19674693048000336, "acc": 0.9187631011009216, "length": 4.999980449676514, "mode": "train", "epoch": 68}
{"loss": 0.3008470833301544, "acc": 0.8888221383094788, "length": 5.0, "mode": "test", "epoch": 68}
{"loss": 0.1969655156135559, "acc": 0.9201662540435791, "length": 4.999795436859131, "mode": "train", "epoch": 69}
{"loss": 0.29422250390052795, "acc": 0.8890225291252136, "length": 5.0, "mode": "test", "epoch": 69}
{"loss": 0.18199816346168518, "acc": 0.925853431224823, "length": 4.999820232391357, "mode": "train", "epoch": 70}
{"loss": 0.28473320603370667, "acc": 0.8970352411270142, "length": 5.0, "mode": "test", "epoch": 70}
{"loss": 0.17894211411476135, "acc": 0.9251696467399597, "length": 4.999150276184082, "mode": "train", "epoch": 71}
{"loss": 0.270462304353714, "acc": 0.903245210647583, "length": 5.0, "mode": "test", "epoch": 71}
{"loss": 0.20292629301548004, "acc": 0.9170627593994141, "length": 4.999131679534912, "mode": "train", "epoch": 72}
{"loss": 0.272970587015152, "acc": 0.8960336446762085, "length": 5.0, "mode": "test", "epoch": 72}
{"loss": 0.18736085295677185, "acc": 0.92059326171875, "length": 4.998122692108154, "mode": "train", "epoch": 73}
{"loss": 0.28303590416908264, "acc": 0.9010417461395264, "length": 5.0, "mode": "test", "epoch": 73}
{"loss": 0.18062862753868103, "acc": 0.9223666787147522, "length": 4.999614238739014, "mode": "train", "epoch": 74}
{"loss": 0.270921915769577, "acc": 0.9058493375778198, "length": 5.0, "mode": "test", "epoch": 74}
{"loss": 0.19723397493362427, "acc": 0.9188287258148193, "length": 4.999934196472168, "mode": "train", "epoch": 75}
{"loss": 0.27754390239715576, "acc": 0.896033763885498, "length": 5.0, "mode": "test", "epoch": 75}
{"loss": 0.18903401494026184, "acc": 0.9221752285957336, "length": 4.9999494552612305, "mode": "train", "epoch": 76}
{"loss": 0.2691047787666321, "acc": 0.901041567325592, "length": 5.0, "mode": "test", "epoch": 76}
{"loss": 0.18498286604881287, "acc": 0.9254499077796936, "length": 4.999765396118164, "mode": "train", "epoch": 77}
{"loss": 0.28354236483573914, "acc": 0.8998398184776306, "length": 5.0, "mode": "test", "epoch": 77}
{"loss": 0.1827552765607834, "acc": 0.9257887601852417, "length": 4.999965667724609, "mode": "train", "epoch": 78}
{"loss": 0.27100399136543274, "acc": 0.9010416865348816, "length": 5.0, "mode": "test", "epoch": 78}
{"loss": 0.1702972948551178, "acc": 0.9297913312911987, "length": 4.999331474304199, "mode": "train", "epoch": 79}
{"loss": 0.2785848081111908, "acc": 0.9026442170143127, "length": 5.0, "mode": "test", "epoch": 79}
{"loss": 0.18605531752109528, "acc": 0.9250080585479736, "length": 4.9984049797058105, "mode": "train", "epoch": 80}
{"loss": 0.29904747009277344, "acc": 0.8940304517745972, "length": 5.0, "mode": "test", "epoch": 80}
{"loss": 0.17815148830413818, "acc": 0.928062379360199, "length": 4.999913215637207, "mode": "train", "epoch": 81}
{"loss": 0.2836739718914032, "acc": 0.8974357843399048, "length": 5.0, "mode": "test", "epoch": 81}
{"loss": 0.17640380561351776, "acc": 0.9250522255897522, "length": 4.999942302703857, "mode": "train", "epoch": 82}
{"loss": 0.28351926803588867, "acc": 0.9016427397727966, "length": 5.0, "mode": "test", "epoch": 82}
{"loss": 0.17537501454353333, "acc": 0.9283985495567322, "length": 4.999969482421875, "mode": "train", "epoch": 83}
{"loss": 0.29721173644065857, "acc": 0.888421356678009, "length": 5.0, "mode": "test", "epoch": 83}
{"loss": 0.21170006692409515, "acc": 0.9114001393318176, "length": 4.999884605407715, "mode": "train", "epoch": 84}
{"loss": 0.3139714002609253, "acc": 0.8828125, "length": 5.0, "mode": "test", "epoch": 84}
{"loss": 0.2104191780090332, "acc": 0.9153464436531067, "length": 4.999810695648193, "mode": "train", "epoch": 85}
{"loss": 0.2846364676952362, "acc": 0.8922274708747864, "length": 5.0, "mode": "test", "epoch": 85}
{"loss": 0.19686591625213623, "acc": 0.9181609749794006, "length": 4.9999895095825195, "mode": "train", "epoch": 86}
{"loss": 0.2945898771286011, "acc": 0.8910256624221802, "length": 5.0, "mode": "test", "epoch": 86}
{"loss": 0.20096775889396667, "acc": 0.916754424571991, "length": 4.998298168182373, "mode": "train", "epoch": 87}
{"loss": 0.2858401834964752, "acc": 0.8960336446762085, "length": 5.0, "mode": "test", "epoch": 87}
{"loss": 0.1919577419757843, "acc": 0.9225043058395386, "length": 4.999730587005615, "mode": "train", "epoch": 88}
{"loss": 0.2792454659938812, "acc": 0.8980369567871094, "length": 5.0, "mode": "test", "epoch": 88}
{"loss": 0.18511831760406494, "acc": 0.9210877418518066, "length": 4.999275207519531, "mode": "train", "epoch": 89}
{"loss": 0.28207048773765564, "acc": 0.8998398184776306, "length": 5.0, "mode": "test", "epoch": 89}
{"loss": 0.19064439833164215, "acc": 0.9196317195892334, "length": 4.999898910522461, "mode": "train", "epoch": 90}
{"loss": 0.289300799369812, "acc": 0.8978365659713745, "length": 5.0, "mode": "test", "epoch": 90}
{"loss": 0.19719372689723969, "acc": 0.9201680421829224, "length": 4.999966144561768, "mode": "train", "epoch": 91}
{"loss": 0.31616470217704773, "acc": 0.8862178325653076, "length": 5.0, "mode": "test", "epoch": 91}
{"loss": 0.2240457981824875, "acc": 0.9072480797767639, "length": 4.999765872955322, "mode": "train", "epoch": 92}
{"loss": 0.3174186646938324, "acc": 0.8854166865348816, "length": 5.0, "mode": "test", "epoch": 92}
{"loss": 0.21222032606601715, "acc": 0.9140521883964539, "length": 4.999344348907471, "mode": "train", "epoch": 93}
{"loss": 0.3038029074668884, "acc": 0.8898237943649292, "length": 5.0, "mode": "test", "epoch": 93}
{"loss": 0.1981513947248459, "acc": 0.9172231554985046, "length": 4.999902248382568, "mode": "train", "epoch": 94}
{"loss": 0.3004237711429596, "acc": 0.894230842590332, "length": 5.0, "mode": "test", "epoch": 94}
{"loss": 0.18835359811782837, "acc": 0.9218326807022095, "length": 4.999602317810059, "mode": "train", "epoch": 95}
{"loss": 0.2814001441001892, "acc": 0.8960336446762085, "length": 5.0, "mode": "test", "epoch": 95}
{"loss": 0.18199895322322845, "acc": 0.9255138635635376, "length": 4.9996657371521, "mode": "train", "epoch": 96}
{"loss": 0.2929513156414032, "acc": 0.8894229531288147, "length": 5.0, "mode": "test", "epoch": 96}
{"loss": 0.2115379124879837, "acc": 0.913543164730072, "length": 4.999876499176025, "mode": "train", "epoch": 97}
{"loss": 0.30222877860069275, "acc": 0.8842147588729858, "length": 5.0, "mode": "test", "epoch": 97}
{"loss": 0.18872180581092834, "acc": 0.9223625063896179, "length": 4.999159812927246, "mode": "train", "epoch": 98}
{"loss": 0.3096528649330139, "acc": 0.8928285241127014, "length": 5.0, "mode": "test", "epoch": 98}
{"loss": 0.20881208777427673, "acc": 0.9163512587547302, "length": 4.999856472015381, "mode": "train", "epoch": 99}
{"loss": 0.29984864592552185, "acc": 0.8904246687889099, "length": 5.0, "mode": "test", "epoch": 99}
{"loss": 0.21565379202365875, "acc": 0.9142115116119385, "length": 4.9999284744262695, "mode": "train", "epoch": 100}
{"loss": 0.31549444794654846, "acc": 0.8808093070983887, "length": 5.0, "mode": "test", "epoch": 100}
test accuracy: 0.8127155303955078
