# ["--attributes=4", "--values=3", "--game_size=10", "--vocab_size_factor=3", "--n_epochs=100", "--batch_size=32", "--learning_rate=0.001", "--hidden_size=128", "--temp_update=0.99", "--temperature=1"]
Creating train_ds and val_ds...

Creating test_ds...
{"loss": 0.5555642247200012, "acc": 0.6959294676780701, "length": 4.513580799102783, "mode": "train", "epoch": 1}
{"loss": 0.46300065517425537, "acc": 0.7905526161193848, "length": 5.0, "mode": "test", "epoch": 1}
{"loss": 0.3937256336212158, "acc": 0.8267766237258911, "length": 4.990137577056885, "mode": "train", "epoch": 2}
{"loss": 0.3785317838191986, "acc": 0.8240038752555847, "length": 5.0, "mode": "test", "epoch": 2}
{"loss": 0.3562254011631012, "acc": 0.8331041932106018, "length": 4.996678352355957, "mode": "train", "epoch": 3}
{"loss": 0.39065805077552795, "acc": 0.8163881897926331, "length": 5.0, "mode": "test", "epoch": 3}
{"loss": 0.3381859064102173, "acc": 0.8379570841789246, "length": 4.998607635498047, "mode": "train", "epoch": 4}
{"loss": 0.34402188658714294, "acc": 0.831009030342102, "length": 5.0, "mode": "test", "epoch": 4}
{"loss": 0.3270929753780365, "acc": 0.8414828181266785, "length": 4.999234199523926, "mode": "train", "epoch": 5}
{"loss": 0.32992973923683167, "acc": 0.8409061431884766, "length": 5.0, "mode": "test", "epoch": 5}
{"loss": 0.32149291038513184, "acc": 0.8434076309204102, "length": 4.999117851257324, "mode": "train", "epoch": 6}
{"loss": 0.33478257060050964, "acc": 0.8372108340263367, "length": 5.0, "mode": "test", "epoch": 6}
{"loss": 0.3182312548160553, "acc": 0.8442077040672302, "length": 4.999439716339111, "mode": "train", "epoch": 7}
{"loss": 0.32887279987335205, "acc": 0.8379498720169067, "length": 5.0, "mode": "test", "epoch": 7}
{"loss": 0.3131208121776581, "acc": 0.8439724445343018, "length": 4.999455451965332, "mode": "train", "epoch": 8}
{"loss": 0.3221875727176666, "acc": 0.8365361094474792, "length": 5.0, "mode": "test", "epoch": 8}
{"loss": 0.30673375725746155, "acc": 0.845975399017334, "length": 4.999431133270264, "mode": "train", "epoch": 9}
{"loss": 0.3302778899669647, "acc": 0.8403276205062866, "length": 5.0, "mode": "test", "epoch": 9}
{"loss": 0.29786416888237, "acc": 0.8537993431091309, "length": 4.999510765075684, "mode": "train", "epoch": 10}
{"loss": 0.3045107424259186, "acc": 0.8613110780715942, "length": 5.0, "mode": "test", "epoch": 10}
{"loss": 0.28531691431999207, "acc": 0.8680000901222229, "length": 4.999573230743408, "mode": "train", "epoch": 11}
{"loss": 0.30902859568595886, "acc": 0.8634640574455261, "length": 5.0, "mode": "test", "epoch": 11}
{"loss": 0.27830782532691956, "acc": 0.8758764266967773, "length": 4.999860763549805, "mode": "train", "epoch": 12}
{"loss": 0.2851065993309021, "acc": 0.8754180073738098, "length": 5.0, "mode": "test", "epoch": 12}
{"loss": 0.2582028806209564, "acc": 0.8861724734306335, "length": 4.999584674835205, "mode": "train", "epoch": 13}
{"loss": 0.2621462643146515, "acc": 0.889620840549469, "length": 5.0, "mode": "test", "epoch": 13}
{"loss": 0.25173237919807434, "acc": 0.8899475336074829, "length": 4.99971866607666, "mode": "train", "epoch": 14}
{"loss": 0.2646522521972656, "acc": 0.8880140781402588, "length": 5.0, "mode": "test", "epoch": 14}
{"loss": 0.23293699324131012, "acc": 0.898216724395752, "length": 4.999814033508301, "mode": "train", "epoch": 15}
{"loss": 0.24838285148143768, "acc": 0.8918702006340027, "length": 5.0, "mode": "test", "epoch": 15}
{"loss": 0.22296559810638428, "acc": 0.9019722938537598, "length": 4.9994378089904785, "mode": "train", "epoch": 16}
{"loss": 0.24259954690933228, "acc": 0.897750735282898, "length": 5.0, "mode": "test", "epoch": 16}
{"loss": 0.21078559756278992, "acc": 0.9118634462356567, "length": 4.999763011932373, "mode": "train", "epoch": 17}
{"loss": 0.22612173855304718, "acc": 0.9068443179130554, "length": 5.0, "mode": "test", "epoch": 17}
{"loss": 0.1971486657857895, "acc": 0.9176328182220459, "length": 4.999913215637207, "mode": "train", "epoch": 18}
{"loss": 0.21723704040050507, "acc": 0.9084189534187317, "length": 5.0, "mode": "test", "epoch": 18}
{"loss": 0.2019900679588318, "acc": 0.9160244464874268, "length": 4.999884605407715, "mode": "train", "epoch": 19}
{"loss": 0.2256387621164322, "acc": 0.9054626822471619, "length": 5.0, "mode": "test", "epoch": 19}
{"loss": 0.1962091326713562, "acc": 0.9205928444862366, "length": 4.999937534332275, "mode": "train", "epoch": 20}
{"loss": 0.20841239392757416, "acc": 0.9125319719314575, "length": 5.0, "mode": "test", "epoch": 20}
{"loss": 0.187898188829422, "acc": 0.9224803447723389, "length": 4.999978065490723, "mode": "train", "epoch": 21}
{"loss": 0.2034245878458023, "acc": 0.922268807888031, "length": 5.0, "mode": "test", "epoch": 21}
{"loss": 0.19552065432071686, "acc": 0.9185137748718262, "length": 4.99998140335083, "mode": "train", "epoch": 22}
{"loss": 0.21717175841331482, "acc": 0.914910078048706, "length": 5.0, "mode": "test", "epoch": 22}
{"loss": 0.19617964327335358, "acc": 0.9209244251251221, "length": 4.9999589920043945, "mode": "train", "epoch": 23}
{"loss": 0.2447463423013687, "acc": 0.9054304957389832, "length": 5.0, "mode": "test", "epoch": 23}
{"loss": 0.1946452260017395, "acc": 0.9203358292579651, "length": 4.999975204467773, "mode": "train", "epoch": 24}
{"loss": 0.21464362740516663, "acc": 0.9136567711830139, "length": 5.0, "mode": "test", "epoch": 24}
{"loss": 0.17383643984794617, "acc": 0.9292832612991333, "length": 4.999855041503906, "mode": "train", "epoch": 25}
{"loss": 0.19454319775104523, "acc": 0.9225900173187256, "length": 5.0, "mode": "test", "epoch": 25}
{"loss": 0.17036685347557068, "acc": 0.9311613440513611, "length": 4.999881267547607, "mode": "train", "epoch": 26}
{"loss": 0.18247568607330322, "acc": 0.9289523959159851, "length": 5.0, "mode": "test", "epoch": 26}
{"loss": 0.15820853412151337, "acc": 0.9368773102760315, "length": 4.999961853027344, "mode": "train", "epoch": 27}
{"loss": 0.18268266320228577, "acc": 0.9333547353744507, "length": 5.0, "mode": "test", "epoch": 27}
{"loss": 0.16191311180591583, "acc": 0.9376174807548523, "length": 4.999985218048096, "mode": "train", "epoch": 28}
{"loss": 0.2660447359085083, "acc": 0.9080013632774353, "length": 5.0, "mode": "test", "epoch": 28}
{"loss": 0.1758188009262085, "acc": 0.9308095574378967, "length": 4.999984264373779, "mode": "train", "epoch": 29}
{"loss": 0.19199758768081665, "acc": 0.9256427884101868, "length": 5.0, "mode": "test", "epoch": 29}
{"loss": 0.16288906335830688, "acc": 0.9355053901672363, "length": 4.999983310699463, "mode": "train", "epoch": 30}
{"loss": 0.1921936273574829, "acc": 0.9267674088478088, "length": 5.0, "mode": "test", "epoch": 30}
{"loss": 0.17240199446678162, "acc": 0.9333177804946899, "length": 4.999950408935547, "mode": "train", "epoch": 31}
{"loss": 0.20783255994319916, "acc": 0.9172236323356628, "length": 5.0, "mode": "test", "epoch": 31}
{"loss": 0.16586196422576904, "acc": 0.934046745300293, "length": 4.999977111816406, "mode": "train", "epoch": 32}
{"loss": 0.17397244274616241, "acc": 0.9356362223625183, "length": 5.0, "mode": "test", "epoch": 32}
{"loss": 0.15515311062335968, "acc": 0.9388672709465027, "length": 4.999929904937744, "mode": "train", "epoch": 33}
{"loss": 0.18718385696411133, "acc": 0.9308481812477112, "length": 5.0, "mode": "test", "epoch": 33}
{"loss": 0.15003351867198944, "acc": 0.9409515857696533, "length": 4.999992847442627, "mode": "train", "epoch": 34}
{"loss": 0.16200189292430878, "acc": 0.9414523839950562, "length": 5.0, "mode": "test", "epoch": 34}
{"loss": 0.14293226599693298, "acc": 0.9444573521614075, "length": 4.999996662139893, "mode": "train", "epoch": 35}
{"loss": 0.17096076905727386, "acc": 0.9363110065460205, "length": 5.0, "mode": "test", "epoch": 35}
{"loss": 0.14166030287742615, "acc": 0.9452399611473083, "length": 4.99999475479126, "mode": "train", "epoch": 36}
{"loss": 0.18058428168296814, "acc": 0.9344794750213623, "length": 5.0, "mode": "test", "epoch": 36}
{"loss": 0.1434328258037567, "acc": 0.9454758167266846, "length": 4.999993801116943, "mode": "train", "epoch": 37}
{"loss": 0.16355189681053162, "acc": 0.9355076551437378, "length": 5.0, "mode": "test", "epoch": 37}
{"loss": 0.14675909280776978, "acc": 0.9428805112838745, "length": 4.999955654144287, "mode": "train", "epoch": 38}
{"loss": 0.16877473890781403, "acc": 0.9348006248474121, "length": 5.0, "mode": "test", "epoch": 38}
{"loss": 0.14304421842098236, "acc": 0.9450786113739014, "length": 4.999971389770508, "mode": "train", "epoch": 39}
{"loss": 0.1757618635892868, "acc": 0.9366321563720703, "length": 5.0, "mode": "test", "epoch": 39}
{"loss": 0.14032578468322754, "acc": 0.946204662322998, "length": 4.999993324279785, "mode": "train", "epoch": 40}
{"loss": 0.17511364817619324, "acc": 0.935282826423645, "length": 5.0, "mode": "test", "epoch": 40}
{"loss": 0.1521058976650238, "acc": 0.940833568572998, "length": 4.999984264373779, "mode": "train", "epoch": 41}
{"loss": 0.1711786538362503, "acc": 0.9340615272521973, "length": 5.0, "mode": "test", "epoch": 41}
{"loss": 0.14949749410152435, "acc": 0.9418087005615234, "length": 4.999968528747559, "mode": "train", "epoch": 42}
{"loss": 0.16294850409030914, "acc": 0.9413239359855652, "length": 5.0, "mode": "test", "epoch": 42}
{"loss": 0.13784882426261902, "acc": 0.9481126070022583, "length": 4.999987602233887, "mode": "train", "epoch": 43}
{"loss": 0.19428269565105438, "acc": 0.9303984045982361, "length": 5.0, "mode": "test", "epoch": 43}
{"loss": 0.15617814660072327, "acc": 0.9399152398109436, "length": 4.999805450439453, "mode": "train", "epoch": 44}
{"loss": 0.16457302868366241, "acc": 0.9388176202774048, "length": 5.0, "mode": "test", "epoch": 44}
{"loss": 0.1445264220237732, "acc": 0.9449506998062134, "length": 4.999986171722412, "mode": "train", "epoch": 45}
{"loss": 0.16958263516426086, "acc": 0.938689112663269, "length": 5.0, "mode": "test", "epoch": 45}
{"loss": 0.1521095186471939, "acc": 0.9425258040428162, "length": 4.999950408935547, "mode": "train", "epoch": 46}
{"loss": 0.20147304236888885, "acc": 0.9246465563774109, "length": 5.0, "mode": "test", "epoch": 46}
{"loss": 0.15514712035655975, "acc": 0.940866231918335, "length": 4.999999523162842, "mode": "train", "epoch": 47}
{"loss": 0.1680845320224762, "acc": 0.9363431334495544, "length": 5.0, "mode": "test", "epoch": 47}
{"loss": 0.14225934445858002, "acc": 0.9464728236198425, "length": 4.999996662139893, "mode": "train", "epoch": 48}
{"loss": 0.16937045753002167, "acc": 0.9407455325126648, "length": 5.0, "mode": "test", "epoch": 48}
{"loss": 0.14526259899139404, "acc": 0.9451324343681335, "length": 4.999987602233887, "mode": "train", "epoch": 49}
{"loss": 0.18153610825538635, "acc": 0.9319087862968445, "length": 5.0, "mode": "test", "epoch": 49}
{"loss": 0.13804645836353302, "acc": 0.9481239914894104, "length": 4.999998092651367, "mode": "train", "epoch": 50}
{"loss": 0.14993682503700256, "acc": 0.944473147392273, "length": 5.0, "mode": "test", "epoch": 50}
{"loss": 0.1283232569694519, "acc": 0.9510177969932556, "length": 4.999979019165039, "mode": "train", "epoch": 51}
{"loss": 0.16026140749454498, "acc": 0.944119393825531, "length": 5.0, "mode": "test", "epoch": 51}
{"loss": 0.1342593878507614, "acc": 0.9485527873039246, "length": 4.999998092651367, "mode": "train", "epoch": 52}
{"loss": 0.16076309978961945, "acc": 0.9426735639572144, "length": 5.0, "mode": "test", "epoch": 52}
{"loss": 0.13320189714431763, "acc": 0.9492384195327759, "length": 4.999988079071045, "mode": "train", "epoch": 53}
{"loss": 0.15694820880889893, "acc": 0.9433484673500061, "length": 5.0, "mode": "test", "epoch": 53}
{"loss": 0.13790039718151093, "acc": 0.9470625519752502, "length": 4.999998569488525, "mode": "train", "epoch": 54}
{"loss": 0.1800713986158371, "acc": 0.9318123459815979, "length": 5.0, "mode": "test", "epoch": 54}
{"loss": 0.16365879774093628, "acc": 0.9343429207801819, "length": 4.999884605407715, "mode": "train", "epoch": 55}
{"loss": 0.1900799572467804, "acc": 0.9287275075912476, "length": 5.0, "mode": "test", "epoch": 55}
{"loss": 0.15251310169696808, "acc": 0.9427528977394104, "length": 4.999996185302734, "mode": "train", "epoch": 56}
{"loss": 0.2072572261095047, "acc": 0.9162595868110657, "length": 5.0, "mode": "test", "epoch": 56}
{"loss": 0.16302108764648438, "acc": 0.9383949041366577, "length": 4.999832630157471, "mode": "train", "epoch": 57}
{"loss": 0.17821688950061798, "acc": 0.9370501637458801, "length": 5.0, "mode": "test", "epoch": 57}
{"loss": 0.15248717367649078, "acc": 0.9446826577186584, "length": 4.999999046325684, "mode": "train", "epoch": 58}
{"loss": 0.1861221343278885, "acc": 0.9335475564002991, "length": 5.0, "mode": "test", "epoch": 58}
{"loss": 0.14115402102470398, "acc": 0.9470840096473694, "length": 4.999998092651367, "mode": "train", "epoch": 59}
{"loss": 0.18180270493030548, "acc": 0.9328406453132629, "length": 5.0, "mode": "test", "epoch": 59}
{"loss": 0.14227621257305145, "acc": 0.9466123580932617, "length": 4.999998092651367, "mode": "train", "epoch": 60}
{"loss": 0.16005146503448486, "acc": 0.9378857612609863, "length": 5.0, "mode": "test", "epoch": 60}
{"loss": 0.14175747334957123, "acc": 0.9445540904998779, "length": 5.0, "mode": "train", "epoch": 61}
{"loss": 0.1605813205242157, "acc": 0.9379176497459412, "length": 5.0, "mode": "test", "epoch": 61}
{"loss": 0.14413626492023468, "acc": 0.9428280591964722, "length": 5.0, "mode": "train", "epoch": 62}
{"loss": 0.2500359117984772, "acc": 0.9019279479980469, "length": 5.0, "mode": "test", "epoch": 62}
{"loss": 0.16103960573673248, "acc": 0.9374572038650513, "length": 4.999999523162842, "mode": "train", "epoch": 63}
{"loss": 0.171705424785614, "acc": 0.9380783438682556, "length": 5.0, "mode": "test", "epoch": 63}
{"loss": 0.14376837015151978, "acc": 0.9458510279655457, "length": 4.999995708465576, "mode": "train", "epoch": 64}
{"loss": 0.16482412815093994, "acc": 0.9414523839950562, "length": 5.0, "mode": "test", "epoch": 64}
{"loss": 0.13674475252628326, "acc": 0.948595404624939, "length": 4.999996185302734, "mode": "train", "epoch": 65}
{"loss": 0.1583459973335266, "acc": 0.9434446692466736, "length": 5.0, "mode": "test", "epoch": 65}
{"loss": 0.13462182879447937, "acc": 0.9506219029426575, "length": 4.999999523162842, "mode": "train", "epoch": 66}
{"loss": 0.1660647839307785, "acc": 0.9372106790542603, "length": 5.0, "mode": "test", "epoch": 66}
{"loss": 0.12893331050872803, "acc": 0.9499773383140564, "length": 4.999938488006592, "mode": "train", "epoch": 67}
{"loss": 0.15115223824977875, "acc": 0.9428018927574158, "length": 5.0, "mode": "test", "epoch": 67}
{"loss": 0.12564337253570557, "acc": 0.9539666175842285, "length": 5.0, "mode": "train", "epoch": 68}
{"loss": 0.1508047878742218, "acc": 0.9489073157310486, "length": 5.0, "mode": "test", "epoch": 68}
{"loss": 0.13213731348514557, "acc": 0.9503536224365234, "length": 4.999997138977051, "mode": "train", "epoch": 69}
{"loss": 0.14778092503547668, "acc": 0.9471080899238586, "length": 5.0, "mode": "test", "epoch": 69}
{"loss": 0.14374513924121857, "acc": 0.9427205324172974, "length": 4.999996662139893, "mode": "train", "epoch": 70}
{"loss": 0.15285144746303558, "acc": 0.9420307874679565, "length": 5.0, "mode": "test", "epoch": 70}
{"loss": 0.14435990154743195, "acc": 0.9455938935279846, "length": 4.999998092651367, "mode": "train", "epoch": 71}
{"loss": 0.1887848824262619, "acc": 0.9244216680526733, "length": 5.0, "mode": "test", "epoch": 71}
{"loss": 0.16304872930049896, "acc": 0.9356131553649902, "length": 5.0, "mode": "train", "epoch": 72}
{"loss": 0.17759834229946136, "acc": 0.9343187808990479, "length": 5.0, "mode": "test", "epoch": 72}
{"loss": 0.1437053084373474, "acc": 0.9443291425704956, "length": 5.0, "mode": "train", "epoch": 73}
{"loss": 0.1859322488307953, "acc": 0.9321656823158264, "length": 5.0, "mode": "test", "epoch": 73}
{"loss": 0.1397823691368103, "acc": 0.9455611705780029, "length": 4.999991416931152, "mode": "train", "epoch": 74}
{"loss": 0.17307741940021515, "acc": 0.9368252158164978, "length": 5.0, "mode": "test", "epoch": 74}
{"loss": 0.133356973528862, "acc": 0.9485956430435181, "length": 5.0, "mode": "train", "epoch": 75}
{"loss": 0.1642027497291565, "acc": 0.9389138221740723, "length": 5.0, "mode": "test", "epoch": 75}
{"loss": 0.12834882736206055, "acc": 0.951612114906311, "length": 4.999802589416504, "mode": "train", "epoch": 76}
{"loss": 0.1494344174861908, "acc": 0.9464974403381348, "length": 5.0, "mode": "test", "epoch": 76}
{"loss": 0.13551579415798187, "acc": 0.9477701187133789, "length": 4.999997615814209, "mode": "train", "epoch": 77}
{"loss": 0.15879057347774506, "acc": 0.9425128698348999, "length": 5.0, "mode": "test", "epoch": 77}
{"loss": 0.1330701857805252, "acc": 0.9494746923446655, "length": 5.0, "mode": "train", "epoch": 78}
{"loss": 0.15401750802993774, "acc": 0.947043776512146, "length": 5.0, "mode": "test", "epoch": 78}
{"loss": 0.13173198699951172, "acc": 0.9513401389122009, "length": 4.999999523162842, "mode": "train", "epoch": 79}
{"loss": 0.15696534514427185, "acc": 0.9449549317359924, "length": 5.0, "mode": "test", "epoch": 79}
{"loss": 0.1419171839952469, "acc": 0.9465801119804382, "length": 4.999999046325684, "mode": "train", "epoch": 80}
{"loss": 0.152723491191864, "acc": 0.9448907375335693, "length": 5.0, "mode": "test", "epoch": 80}
{"loss": 0.12606880068778992, "acc": 0.9519510865211487, "length": 5.0, "mode": "train", "epoch": 81}
{"loss": 0.17493997514247894, "acc": 0.9363433718681335, "length": 5.0, "mode": "test", "epoch": 81}
{"loss": 0.1295117884874344, "acc": 0.9508575797080994, "length": 4.999998092651367, "mode": "train", "epoch": 82}
{"loss": 0.1486789882183075, "acc": 0.9454048871994019, "length": 5.0, "mode": "test", "epoch": 82}
{"loss": 0.13334564864635468, "acc": 0.9491183757781982, "length": 4.999902248382568, "mode": "train", "epoch": 83}
{"loss": 0.16109386086463928, "acc": 0.9448264837265015, "length": 5.0, "mode": "test", "epoch": 83}
{"loss": 0.12478343397378922, "acc": 0.9527552127838135, "length": 5.0, "mode": "train", "epoch": 84}
{"loss": 0.13957488536834717, "acc": 0.9454368948936462, "length": 5.0, "mode": "test", "epoch": 84}
{"loss": 0.12318333983421326, "acc": 0.9539879560470581, "length": 5.0, "mode": "train", "epoch": 85}
{"loss": 0.16446533799171448, "acc": 0.942191481590271, "length": 5.0, "mode": "test", "epoch": 85}
{"loss": 0.12445477396249771, "acc": 0.9511041641235352, "length": 5.0, "mode": "train", "epoch": 86}
{"loss": 0.16686639189720154, "acc": 0.9399098753929138, "length": 5.0, "mode": "test", "epoch": 86}
{"loss": 0.13708487153053284, "acc": 0.9465051293373108, "length": 4.999999523162842, "mode": "train", "epoch": 87}
{"loss": 0.1723870187997818, "acc": 0.9359896779060364, "length": 5.0, "mode": "test", "epoch": 87}
{"loss": 0.13443706929683685, "acc": 0.9486813545227051, "length": 4.999999523162842, "mode": "train", "epoch": 88}
{"loss": 0.15658031404018402, "acc": 0.9431555867195129, "length": 5.0, "mode": "test", "epoch": 88}
{"loss": 0.12979714572429657, "acc": 0.9519510865211487, "length": 5.0, "mode": "train", "epoch": 89}
{"loss": 0.16875530779361725, "acc": 0.9371786713600159, "length": 5.0, "mode": "test", "epoch": 89}
{"loss": 0.13208350539207458, "acc": 0.950600266456604, "length": 5.0, "mode": "train", "epoch": 90}
{"loss": 0.16513343155384064, "acc": 0.9374678134918213, "length": 5.0, "mode": "test", "epoch": 90}
{"loss": 0.13247327506542206, "acc": 0.9492166638374329, "length": 4.99998664855957, "mode": "train", "epoch": 91}
{"loss": 0.15529191493988037, "acc": 0.9455655217170715, "length": 5.0, "mode": "test", "epoch": 91}
{"loss": 0.12645940482616425, "acc": 0.9511897563934326, "length": 5.0, "mode": "train", "epoch": 92}
{"loss": 0.17361891269683838, "acc": 0.9345757961273193, "length": 5.0, "mode": "test", "epoch": 92}
{"loss": 0.12851214408874512, "acc": 0.9503216743469238, "length": 5.0, "mode": "train", "epoch": 93}
{"loss": 0.16235168278217316, "acc": 0.9406812191009521, "length": 5.0, "mode": "test", "epoch": 93}
{"loss": 0.12462034821510315, "acc": 0.9518117308616638, "length": 5.0, "mode": "train", "epoch": 94}
{"loss": 0.15601789951324463, "acc": 0.943509042263031, "length": 5.0, "mode": "test", "epoch": 94}
{"loss": 0.11532203108072281, "acc": 0.9554137587547302, "length": 4.999999523162842, "mode": "train", "epoch": 95}
{"loss": 0.15306878089904785, "acc": 0.945083498954773, "length": 5.0, "mode": "test", "epoch": 95}
{"loss": 0.1253819316625595, "acc": 0.9526480436325073, "length": 5.0, "mode": "train", "epoch": 96}
{"loss": 0.16452407836914062, "acc": 0.9370179772377014, "length": 5.0, "mode": "test", "epoch": 96}
{"loss": 0.1276603639125824, "acc": 0.9529911279678345, "length": 5.0, "mode": "train", "epoch": 97}
{"loss": 0.15459951758384705, "acc": 0.947300910949707, "length": 5.0, "mode": "test", "epoch": 97}
{"loss": 0.12656530737876892, "acc": 0.9531946182250977, "length": 4.999999523162842, "mode": "train", "epoch": 98}
{"loss": 0.19555072486400604, "acc": 0.9342544674873352, "length": 5.0, "mode": "test", "epoch": 98}
{"loss": 0.1308981329202652, "acc": 0.9505575299263, "length": 4.999998092651367, "mode": "train", "epoch": 99}
{"loss": 0.15409821271896362, "acc": 0.9438947439193726, "length": 5.0, "mode": "test", "epoch": 99}
{"loss": 0.12262192368507385, "acc": 0.9539772868156433, "length": 5.0, "mode": "train", "epoch": 100}
{"loss": 0.15220806002616882, "acc": 0.944151759147644, "length": 5.0, "mode": "test", "epoch": 100}
test accuracy: 0.8731849193572998
