# ["--attributes=4", "--values=3", "--game_size=10", "--vocab_size_factor=3", "--n_epochs=100", "--batch_size=32", "--learning_rate=0.001", "--hidden_size=128", "--temp_update=0.99", "--temperature=1.5"]
Creating train_ds and val_ds...

Creating test_ds...
{"loss": 0.5851614475250244, "acc": 0.672078013420105, "length": 3.9523916244506836, "mode": "train", "epoch": 1}
{"loss": 0.4923538863658905, "acc": 0.7889216542243958, "length": 4.993476867675781, "mode": "test", "epoch": 1}
{"loss": 0.4008733630180359, "acc": 0.8182623386383057, "length": 4.895939350128174, "mode": "train", "epoch": 2}
{"loss": 0.43268677592277527, "acc": 0.8020222783088684, "length": 5.0, "mode": "test", "epoch": 2}
{"loss": 0.3416231572628021, "acc": 0.8507735133171082, "length": 4.982762336730957, "mode": "train", "epoch": 3}
{"loss": 0.3730984926223755, "acc": 0.8483692407608032, "length": 5.0, "mode": "test", "epoch": 3}
{"loss": 0.3021872937679291, "acc": 0.8757930397987366, "length": 4.991527080535889, "mode": "train", "epoch": 4}
{"loss": 0.31327521800994873, "acc": 0.8663079142570496, "length": 5.0, "mode": "test", "epoch": 4}
{"loss": 0.2708580195903778, "acc": 0.888863205909729, "length": 4.994894981384277, "mode": "train", "epoch": 5}
{"loss": 0.2952912151813507, "acc": 0.8821265697479248, "length": 5.0, "mode": "test", "epoch": 5}
{"loss": 0.24718546867370605, "acc": 0.9013205766677856, "length": 4.997060298919678, "mode": "train", "epoch": 6}
{"loss": 0.26689088344573975, "acc": 0.8903458118438721, "length": 5.0, "mode": "test", "epoch": 6}
{"loss": 0.22801825404167175, "acc": 0.909238338470459, "length": 4.997891426086426, "mode": "train", "epoch": 7}
{"loss": 0.2388470470905304, "acc": 0.902478814125061, "length": 5.0, "mode": "test", "epoch": 7}
{"loss": 0.19792285561561584, "acc": 0.9225042462348938, "length": 4.997918605804443, "mode": "train", "epoch": 8}
{"loss": 0.22372697293758392, "acc": 0.9078276753425598, "length": 5.0, "mode": "test", "epoch": 8}
{"loss": 0.1781143695116043, "acc": 0.9318785667419434, "length": 4.9980316162109375, "mode": "train", "epoch": 9}
{"loss": 0.21330183744430542, "acc": 0.9174168705940247, "length": 5.0, "mode": "test", "epoch": 9}
{"loss": 0.15639622509479523, "acc": 0.942124605178833, "length": 4.998717308044434, "mode": "train", "epoch": 10}
{"loss": 0.20116440951824188, "acc": 0.9260275959968567, "length": 5.0, "mode": "test", "epoch": 10}
{"loss": 0.14070913195610046, "acc": 0.9490225911140442, "length": 4.998820781707764, "mode": "train", "epoch": 11}
{"loss": 0.18265226483345032, "acc": 0.935942530632019, "length": 5.0, "mode": "test", "epoch": 11}
{"loss": 0.13392865657806396, "acc": 0.952166736125946, "length": 4.999019622802734, "mode": "train", "epoch": 12}
{"loss": 0.16795063018798828, "acc": 0.9406718611717224, "length": 5.0, "mode": "test", "epoch": 12}
{"loss": 0.11900155991315842, "acc": 0.9586251378059387, "length": 4.999260902404785, "mode": "train", "epoch": 13}
{"loss": 0.15266954898834229, "acc": 0.9474886059761047, "length": 5.0, "mode": "test", "epoch": 13}
{"loss": 0.1164635717868805, "acc": 0.9602685570716858, "length": 4.999342918395996, "mode": "train", "epoch": 14}
{"loss": 0.15150998532772064, "acc": 0.9475213885307312, "length": 5.0, "mode": "test", "epoch": 14}
{"loss": 0.10204271227121353, "acc": 0.9648531079292297, "length": 4.9995341300964355, "mode": "train", "epoch": 15}
{"loss": 0.14774897694587708, "acc": 0.9483365416526794, "length": 5.0, "mode": "test", "epoch": 15}
{"loss": 0.09772554785013199, "acc": 0.9680216908454895, "length": 4.999623775482178, "mode": "train", "epoch": 16}
{"loss": 0.1362980604171753, "acc": 0.9553163051605225, "length": 5.0, "mode": "test", "epoch": 16}
{"loss": 0.09160776436328888, "acc": 0.9694916009902954, "length": 4.9997029304504395, "mode": "train", "epoch": 17}
{"loss": 0.12956415116786957, "acc": 0.9594911336898804, "length": 5.0, "mode": "test", "epoch": 17}
{"loss": 0.08586601912975311, "acc": 0.971514105796814, "length": 4.999714374542236, "mode": "train", "epoch": 18}
{"loss": 0.12388279289007187, "acc": 0.9560014009475708, "length": 5.0, "mode": "test", "epoch": 18}
{"loss": 0.0831177607178688, "acc": 0.9723235964775085, "length": 4.999826431274414, "mode": "train", "epoch": 19}
{"loss": 0.12402164191007614, "acc": 0.9579907655715942, "length": 5.0, "mode": "test", "epoch": 19}
{"loss": 0.08347444236278534, "acc": 0.9712476134300232, "length": 4.999850749969482, "mode": "train", "epoch": 20}
{"loss": 0.1257377415895462, "acc": 0.9566863179206848, "length": 5.0, "mode": "test", "epoch": 20}
{"loss": 0.08170566707849503, "acc": 0.9726934432983398, "length": 4.9998345375061035, "mode": "train", "epoch": 21}
{"loss": 0.11399968713521957, "acc": 0.9620352387428284, "length": 5.0, "mode": "test", "epoch": 21}
{"loss": 0.07483641058206558, "acc": 0.9760761260986328, "length": 4.999843597412109, "mode": "train", "epoch": 22}
{"loss": 0.11067419499158859, "acc": 0.9659165143966675, "length": 5.0, "mode": "test", "epoch": 22}
{"loss": 0.07298075407743454, "acc": 0.9766644835472107, "length": 4.999866962432861, "mode": "train", "epoch": 23}
{"loss": 0.11931165307760239, "acc": 0.9586433172225952, "length": 5.0, "mode": "test", "epoch": 23}
{"loss": 0.07134077697992325, "acc": 0.9771446585655212, "length": 4.999916076660156, "mode": "train", "epoch": 24}
{"loss": 0.10504653304815292, "acc": 0.9626550078392029, "length": 5.0, "mode": "test", "epoch": 24}
{"loss": 0.07028421014547348, "acc": 0.9772977232933044, "length": 4.999931812286377, "mode": "train", "epoch": 25}
{"loss": 0.0990070104598999, "acc": 0.9663731455802917, "length": 5.0, "mode": "test", "epoch": 25}
{"loss": 0.07082317769527435, "acc": 0.9772211313247681, "length": 4.999922752380371, "mode": "train", "epoch": 26}
{"loss": 0.10592429339885712, "acc": 0.9657209515571594, "length": 5.0, "mode": "test", "epoch": 26}
{"loss": 0.06606720387935638, "acc": 0.9784936308860779, "length": 4.9999213218688965, "mode": "train", "epoch": 27}
{"loss": 0.09006326645612717, "acc": 0.9711023569107056, "length": 5.0, "mode": "test", "epoch": 27}
{"loss": 0.0693318322300911, "acc": 0.9773725271224976, "length": 4.999899864196777, "mode": "train", "epoch": 28}
{"loss": 0.11297442018985748, "acc": 0.9658187031745911, "length": 5.0, "mode": "test", "epoch": 28}
{"loss": 0.06688733398914337, "acc": 0.9782410264015198, "length": 4.999882221221924, "mode": "train", "epoch": 29}
{"loss": 0.09234188497066498, "acc": 0.970743715763092, "length": 5.0, "mode": "test", "epoch": 29}
{"loss": 0.06007207930088043, "acc": 0.9805393815040588, "length": 4.999949932098389, "mode": "train", "epoch": 30}
{"loss": 0.09546995162963867, "acc": 0.9672862887382507, "length": 5.0, "mode": "test", "epoch": 30}
{"loss": 0.05915920063853264, "acc": 0.9803434014320374, "length": 4.999937534332275, "mode": "train", "epoch": 31}
{"loss": 0.08872580528259277, "acc": 0.9719505310058594, "length": 5.0, "mode": "test", "epoch": 31}
{"loss": 0.054425887763500214, "acc": 0.982256293296814, "length": 4.999928951263428, "mode": "train", "epoch": 32}
{"loss": 0.08349394053220749, "acc": 0.9738422632217407, "length": 5.0, "mode": "test", "epoch": 32}
{"loss": 0.05581338703632355, "acc": 0.9818661212921143, "length": 4.999939441680908, "mode": "train", "epoch": 33}
{"loss": 0.1020435094833374, "acc": 0.9667645692825317, "length": 5.0, "mode": "test", "epoch": 33}
{"loss": 0.05547530576586723, "acc": 0.9812149405479431, "length": 4.999978065490723, "mode": "train", "epoch": 34}
{"loss": 0.08161965012550354, "acc": 0.9735485911369324, "length": 5.0, "mode": "test", "epoch": 34}
{"loss": 0.05638405308127403, "acc": 0.9817806482315063, "length": 4.999978542327881, "mode": "train", "epoch": 35}
{"loss": 0.08959701657295227, "acc": 0.9731573462486267, "length": 5.0, "mode": "test", "epoch": 35}
{"loss": 0.05076850950717926, "acc": 0.9835524559020996, "length": 4.999964237213135, "mode": "train", "epoch": 36}
{"loss": 0.09756475687026978, "acc": 0.9689823389053345, "length": 5.0, "mode": "test", "epoch": 36}
{"loss": 0.051278162747621536, "acc": 0.9836627244949341, "length": 4.999987602233887, "mode": "train", "epoch": 37}
{"loss": 0.10157518833875656, "acc": 0.9688845872879028, "length": 5.0, "mode": "test", "epoch": 37}
{"loss": 0.05358606204390526, "acc": 0.9817264676094055, "length": 4.999986171722412, "mode": "train", "epoch": 38}
{"loss": 0.07736784219741821, "acc": 0.9762232303619385, "length": 5.0, "mode": "test", "epoch": 38}
{"loss": 0.041925471276044846, "acc": 0.9867082834243774, "length": 4.999990463256836, "mode": "train", "epoch": 39}
{"loss": 0.07580069452524185, "acc": 0.9780821204185486, "length": 5.0, "mode": "test", "epoch": 39}
{"loss": 0.040242236107587814, "acc": 0.9871430397033691, "length": 4.999986171722412, "mode": "train", "epoch": 40}
{"loss": 0.08286482840776443, "acc": 0.9743641018867493, "length": 5.0, "mode": "test", "epoch": 40}
{"loss": 0.04668547958135605, "acc": 0.9848265051841736, "length": 4.999990463256836, "mode": "train", "epoch": 41}
{"loss": 0.09128773212432861, "acc": 0.971493661403656, "length": 5.0, "mode": "test", "epoch": 41}
{"loss": 0.03708290681242943, "acc": 0.9884375929832458, "length": 4.999990463256836, "mode": "train", "epoch": 42}
{"loss": 0.0698346346616745, "acc": 0.9761578440666199, "length": 5.0, "mode": "test", "epoch": 42}
{"loss": 0.035396624356508255, "acc": 0.9887201189994812, "length": 4.999983787536621, "mode": "train", "epoch": 43}
{"loss": 0.0712156668305397, "acc": 0.9782453775405884, "length": 5.0, "mode": "test", "epoch": 43}
{"loss": 0.032765697687864304, "acc": 0.9900257587432861, "length": 4.999993801116943, "mode": "train", "epoch": 44}
{"loss": 0.06194256991147995, "acc": 0.9809198379516602, "length": 5.0, "mode": "test", "epoch": 44}
{"loss": 0.038021672517061234, "acc": 0.9886008501052856, "length": 4.999993801116943, "mode": "train", "epoch": 45}
{"loss": 0.06142299994826317, "acc": 0.9805935025215149, "length": 5.0, "mode": "test", "epoch": 45}
{"loss": 0.03216918557882309, "acc": 0.9893296360969543, "length": 4.999994277954102, "mode": "train", "epoch": 46}
{"loss": 0.0831400454044342, "acc": 0.9748204946517944, "length": 5.0, "mode": "test", "epoch": 46}
{"loss": 0.0353022925555706, "acc": 0.9888702034950256, "length": 4.9999494552612305, "mode": "train", "epoch": 47}
{"loss": 0.09205298125743866, "acc": 0.9711677432060242, "length": 5.0, "mode": "test", "epoch": 47}
{"loss": 0.037216026335954666, "acc": 0.9880680441856384, "length": 4.999995708465576, "mode": "train", "epoch": 48}
{"loss": 0.06543290615081787, "acc": 0.9785388708114624, "length": 5.0, "mode": "test", "epoch": 48}
{"loss": 0.05269816890358925, "acc": 0.9830755591392517, "length": 4.999994277954102, "mode": "train", "epoch": 49}
{"loss": 0.09190152585506439, "acc": 0.9704175591468811, "length": 5.0, "mode": "test", "epoch": 49}
{"loss": 0.051880739629268646, "acc": 0.9830756187438965, "length": 4.99999475479126, "mode": "train", "epoch": 50}
{"loss": 0.0760216936469078, "acc": 0.9755707383155823, "length": 5.0, "mode": "test", "epoch": 50}
{"loss": 0.028831208124756813, "acc": 0.9906460642814636, "length": 4.999998092651367, "mode": "train", "epoch": 51}
{"loss": 0.06307896971702576, "acc": 0.9822244644165039, "length": 5.0, "mode": "test", "epoch": 51}
{"loss": 0.02742146886885166, "acc": 0.9917336106300354, "length": 4.999998092651367, "mode": "train", "epoch": 52}
{"loss": 0.05708032846450806, "acc": 0.9836594462394714, "length": 5.0, "mode": "test", "epoch": 52}
{"loss": 0.04230209067463875, "acc": 0.9880354404449463, "length": 4.999996662139893, "mode": "train", "epoch": 53}
{"loss": 0.15341401100158691, "acc": 0.9595564007759094, "length": 5.0, "mode": "test", "epoch": 53}
{"loss": 0.0481254868209362, "acc": 0.985131561756134, "length": 4.999998092651367, "mode": "train", "epoch": 54}
{"loss": 0.07685870677232742, "acc": 0.9787346720695496, "length": 5.0, "mode": "test", "epoch": 54}
{"loss": 0.03510259464383125, "acc": 0.9890797734260559, "length": 4.999998092651367, "mode": "train", "epoch": 55}
{"loss": 0.09557052701711655, "acc": 0.9742333889007568, "length": 5.0, "mode": "test", "epoch": 55}
{"loss": 0.039917927235364914, "acc": 0.9873829483985901, "length": 4.999997615814209, "mode": "train", "epoch": 56}
{"loss": 0.06031649932265282, "acc": 0.9817352294921875, "length": 5.0, "mode": "test", "epoch": 56}
{"loss": 0.029018567875027657, "acc": 0.9912545084953308, "length": 4.9999895095825195, "mode": "train", "epoch": 57}
{"loss": 0.06404796242713928, "acc": 0.9803653359413147, "length": 5.0, "mode": "test", "epoch": 57}
{"loss": 0.026088634505867958, "acc": 0.9924618601799011, "length": 4.999985694885254, "mode": "train", "epoch": 58}
{"loss": 0.044800952076911926, "acc": 0.9863991737365723, "length": 5.0, "mode": "test", "epoch": 58}
{"loss": 0.021917397156357765, "acc": 0.9936479926109314, "length": 4.999998569488525, "mode": "train", "epoch": 59}
{"loss": 0.05363529175519943, "acc": 0.9850618839263916, "length": 5.0, "mode": "test", "epoch": 59}
{"loss": 0.019191855564713478, "acc": 0.9945399165153503, "length": 4.999999523162842, "mode": "train", "epoch": 60}
{"loss": 0.05496067553758621, "acc": 0.9854532480239868, "length": 5.0, "mode": "test", "epoch": 60}
{"loss": 0.02313283085823059, "acc": 0.9935173392295837, "length": 4.999998092651367, "mode": "train", "epoch": 61}
{"loss": 0.04507845640182495, "acc": 0.9860730767250061, "length": 5.0, "mode": "test", "epoch": 61}
{"loss": 0.017697002738714218, "acc": 0.9950075745582581, "length": 4.999998569488525, "mode": "train", "epoch": 62}
{"loss": 0.04188276454806328, "acc": 0.9892694354057312, "length": 5.0, "mode": "test", "epoch": 62}
{"loss": 0.02984870783984661, "acc": 0.991657555103302, "length": 4.999999046325684, "mode": "train", "epoch": 63}
{"loss": 0.06246250495314598, "acc": 0.981800377368927, "length": 5.0, "mode": "test", "epoch": 63}
{"loss": 0.026828322559595108, "acc": 0.9921143054962158, "length": 4.999999523162842, "mode": "train", "epoch": 64}
{"loss": 0.0465674065053463, "acc": 0.9859752058982849, "length": 5.0, "mode": "test", "epoch": 64}
{"loss": 0.022041818127036095, "acc": 0.9936479926109314, "length": 5.0, "mode": "train", "epoch": 65}
{"loss": 0.04234942048788071, "acc": 0.9880300760269165, "length": 5.0, "mode": "test", "epoch": 65}
{"loss": 0.015309418551623821, "acc": 0.9963128566741943, "length": 4.999999046325684, "mode": "train", "epoch": 66}
{"loss": 0.03716238588094711, "acc": 0.9912263751029968, "length": 5.0, "mode": "test", "epoch": 66}
{"loss": 0.033249381929636, "acc": 0.9913748502731323, "length": 4.999999046325684, "mode": "train", "epoch": 67}
{"loss": 0.09426384419202805, "acc": 0.9763209819793701, "length": 5.0, "mode": "test", "epoch": 67}
{"loss": 0.030763251706957817, "acc": 0.9916141629219055, "length": 5.0, "mode": "train", "epoch": 68}
{"loss": 0.06596445292234421, "acc": 0.9801369309425354, "length": 5.0, "mode": "test", "epoch": 68}
{"loss": 0.032510221004486084, "acc": 0.9902218580245972, "length": 4.999999523162842, "mode": "train", "epoch": 69}
{"loss": 0.05725131183862686, "acc": 0.9818655848503113, "length": 5.0, "mode": "test", "epoch": 69}
{"loss": 0.039739906787872314, "acc": 0.9876441359519958, "length": 4.999999523162842, "mode": "train", "epoch": 70}
{"loss": 0.06487857550382614, "acc": 0.9821265339851379, "length": 5.0, "mode": "test", "epoch": 70}
{"loss": 0.0324455164372921, "acc": 0.9904829263687134, "length": 4.999999046325684, "mode": "train", "epoch": 71}
{"loss": 0.05288441479206085, "acc": 0.9852249622344971, "length": 5.0, "mode": "test", "epoch": 71}
{"loss": 0.029594894498586655, "acc": 0.9907548427581787, "length": 4.999999523162842, "mode": "train", "epoch": 72}
{"loss": 0.04811307415366173, "acc": 0.9877038598060608, "length": 5.0, "mode": "test", "epoch": 72}
{"loss": 0.02810635231435299, "acc": 0.9914942979812622, "length": 4.999999046325684, "mode": "train", "epoch": 73}
{"loss": 0.04605460911989212, "acc": 0.9861711263656616, "length": 5.0, "mode": "test", "epoch": 73}
{"loss": 0.01723780669271946, "acc": 0.9955838918685913, "length": 4.999998569488525, "mode": "train", "epoch": 74}
{"loss": 0.03908570110797882, "acc": 0.9882909655570984, "length": 5.0, "mode": "test", "epoch": 74}
{"loss": 0.020077716559171677, "acc": 0.9948009848594666, "length": 5.0, "mode": "train", "epoch": 75}
{"loss": 0.07894213497638702, "acc": 0.9775277376174927, "length": 5.0, "mode": "test", "epoch": 75}
{"loss": 0.029188504442572594, "acc": 0.991331160068512, "length": 4.999999523162842, "mode": "train", "epoch": 76}
{"loss": 0.04837217926979065, "acc": 0.9868886470794678, "length": 5.0, "mode": "test", "epoch": 76}
{"loss": 0.025381725281476974, "acc": 0.9925168752670288, "length": 5.0, "mode": "train", "epoch": 77}
{"loss": 0.0441894493997097, "acc": 0.9882910251617432, "length": 5.0, "mode": "test", "epoch": 77}
{"loss": 0.015019112266600132, "acc": 0.9956601858139038, "length": 5.0, "mode": "train", "epoch": 78}
{"loss": 0.03965026140213013, "acc": 0.989399790763855, "length": 5.0, "mode": "test", "epoch": 78}
{"loss": 0.022668585181236267, "acc": 0.9939961433410645, "length": 5.0, "mode": "train", "epoch": 79}
{"loss": 0.04907887428998947, "acc": 0.9863340258598328, "length": 5.0, "mode": "test", "epoch": 79}
{"loss": 0.024412300437688828, "acc": 0.9927343130111694, "length": 4.999998092651367, "mode": "train", "epoch": 80}
{"loss": 0.04767464101314545, "acc": 0.986790657043457, "length": 5.0, "mode": "test", "epoch": 80}
{"loss": 0.029706669971346855, "acc": 0.9914509654045105, "length": 5.0, "mode": "train", "epoch": 81}
{"loss": 0.06124713271856308, "acc": 0.9836596250534058, "length": 5.0, "mode": "test", "epoch": 81}
{"loss": 0.018207961693406105, "acc": 0.9950620532035828, "length": 5.0, "mode": "train", "epoch": 82}
{"loss": 0.054662205278873444, "acc": 0.9854534864425659, "length": 5.0, "mode": "test", "epoch": 82}
{"loss": 0.0168332289904356, "acc": 0.9951056241989136, "length": 4.999999046325684, "mode": "train", "epoch": 83}
{"loss": 0.03344082832336426, "acc": 0.9899541735649109, "length": 5.0, "mode": "test", "epoch": 83}
{"loss": 0.012244872748851776, "acc": 0.9967479705810547, "length": 5.0, "mode": "train", "epoch": 84}
{"loss": 0.0372721366584301, "acc": 0.9910632967948914, "length": 5.0, "mode": "test", "epoch": 84}
{"loss": 0.027846569195389748, "acc": 0.9930716753005981, "length": 5.0, "mode": "train", "epoch": 85}
{"loss": 0.0855533629655838, "acc": 0.9768102765083313, "length": 5.0, "mode": "test", "epoch": 85}
{"loss": 0.037638530135154724, "acc": 0.9891124963760376, "length": 5.0, "mode": "train", "epoch": 86}
{"loss": 0.07401630282402039, "acc": 0.9802348017692566, "length": 5.0, "mode": "test", "epoch": 86}
{"loss": 0.05885354056954384, "acc": 0.9827821850776672, "length": 5.0, "mode": "train", "epoch": 87}
{"loss": 0.08136053383350372, "acc": 0.9783105254173279, "length": 5.0, "mode": "test", "epoch": 87}
{"loss": 0.04661876708269119, "acc": 0.9859254360198975, "length": 5.0, "mode": "train", "epoch": 88}
{"loss": 0.06645610928535461, "acc": 0.9793215990066528, "length": 5.0, "mode": "test", "epoch": 88}
{"loss": 0.032835397869348526, "acc": 0.9895910024642944, "length": 5.0, "mode": "train", "epoch": 89}
{"loss": 0.054785795509815216, "acc": 0.9851923584938049, "length": 5.0, "mode": "test", "epoch": 89}
{"loss": 0.029684824869036674, "acc": 0.9907765984535217, "length": 5.0, "mode": "train", "epoch": 90}
{"loss": 0.056202005594968796, "acc": 0.9864971041679382, "length": 5.0, "mode": "test", "epoch": 90}
{"loss": 0.0225692056119442, "acc": 0.9934957027435303, "length": 5.0, "mode": "train", "epoch": 91}
{"loss": 0.036473214626312256, "acc": 0.9889759421348572, "length": 5.0, "mode": "test", "epoch": 91}
{"loss": 0.01888224110007286, "acc": 0.9943332076072693, "length": 5.0, "mode": "train", "epoch": 92}
{"loss": 0.0419686958193779, "acc": 0.9893019199371338, "length": 5.0, "mode": "test", "epoch": 92}
{"loss": 0.016150303184986115, "acc": 0.9955514073371887, "length": 4.999999523162842, "mode": "train", "epoch": 93}
{"loss": 0.028333846479654312, "acc": 0.9928570985794067, "length": 5.0, "mode": "test", "epoch": 93}
{"loss": 0.0216712336987257, "acc": 0.99449622631073, "length": 5.0, "mode": "train", "epoch": 94}
{"loss": 0.0698331817984581, "acc": 0.980202317237854, "length": 5.0, "mode": "test", "epoch": 94}
{"loss": 0.02697349153459072, "acc": 0.9919078350067139, "length": 5.0, "mode": "train", "epoch": 95}
{"loss": 0.028826190158724785, "acc": 0.9920090436935425, "length": 5.0, "mode": "test", "epoch": 95}
{"loss": 0.019043758511543274, "acc": 0.9947682619094849, "length": 4.999999523162842, "mode": "train", "epoch": 96}
{"loss": 0.03475173935294151, "acc": 0.9921069145202637, "length": 5.0, "mode": "test", "epoch": 96}
{"loss": 0.01999027654528618, "acc": 0.9947248101234436, "length": 5.0, "mode": "train", "epoch": 97}
{"loss": 0.04715088754892349, "acc": 0.9879321455955505, "length": 5.0, "mode": "test", "epoch": 97}
{"loss": 0.02738102898001671, "acc": 0.9914835095405579, "length": 4.999999523162842, "mode": "train", "epoch": 98}
{"loss": 0.04452534019947052, "acc": 0.9889758229255676, "length": 5.0, "mode": "test", "epoch": 98}
{"loss": 0.02065286785364151, "acc": 0.9941592216491699, "length": 5.0, "mode": "train", "epoch": 99}
{"loss": 0.055398087948560715, "acc": 0.985551118850708, "length": 5.0, "mode": "test", "epoch": 99}
{"loss": 0.04054322466254234, "acc": 0.9886121153831482, "length": 5.0, "mode": "train", "epoch": 100}
{"loss": 0.08568368852138519, "acc": 0.9792237877845764, "length": 5.0, "mode": "test", "epoch": 100}
test accuracy: 0.9185806512832642
