# ["--attributes=4", "--values=3", "--game_size=10", "--vocab_size_factor=3", "--n_epochs=100", "--batch_size=32", "--learning_rate=0.0005", "--hidden_size=128", "--temp_update=0.99", "--temperature=1"]
Creating train_ds and val_ds...

Creating test_ds...
{"loss": 0.5990855097770691, "acc": 0.6613989472389221, "length": 4.509054660797119, "mode": "train", "epoch": 1}
{"loss": 0.5086154341697693, "acc": 0.7718812227249146, "length": 5.0, "mode": "test", "epoch": 1}
{"loss": 0.4256535470485687, "acc": 0.803921639919281, "length": 4.974461555480957, "mode": "train", "epoch": 2}
{"loss": 0.4260435998439789, "acc": 0.8094055652618408, "length": 5.0, "mode": "test", "epoch": 2}
{"loss": 0.3703233301639557, "acc": 0.8291634321212769, "length": 4.993119716644287, "mode": "train", "epoch": 3}
{"loss": 0.3904224634170532, "acc": 0.822664737701416, "length": 5.0, "mode": "test", "epoch": 3}
{"loss": 0.3561319410800934, "acc": 0.8335141539573669, "length": 4.995760440826416, "mode": "train", "epoch": 4}
{"loss": 0.40639376640319824, "acc": 0.8226975202560425, "length": 5.0, "mode": "test", "epoch": 4}
{"loss": 0.3380276560783386, "acc": 0.8435984253883362, "length": 4.99778413772583, "mode": "train", "epoch": 5}
{"loss": 0.3303854465484619, "acc": 0.8545069098472595, "length": 5.0, "mode": "test", "epoch": 5}
{"loss": 0.3048273026943207, "acc": 0.8665766716003418, "length": 4.998363494873047, "mode": "train", "epoch": 6}
{"loss": 0.30984732508659363, "acc": 0.8695297837257385, "length": 5.0, "mode": "test", "epoch": 6}
{"loss": 0.28381386399269104, "acc": 0.8775283098220825, "length": 4.9986572265625, "mode": "train", "epoch": 7}
{"loss": 0.2882404327392578, "acc": 0.8797191977500916, "length": 5.0, "mode": "test", "epoch": 7}
{"loss": 0.2674582898616791, "acc": 0.8858221769332886, "length": 4.999510765075684, "mode": "train", "epoch": 8}
{"loss": 0.2605426609516144, "acc": 0.8943827152252197, "length": 5.0, "mode": "test", "epoch": 8}
{"loss": 0.2434207648038864, "acc": 0.8997875452041626, "length": 4.999471664428711, "mode": "train", "epoch": 9}
{"loss": 0.2509097158908844, "acc": 0.9009798765182495, "length": 5.0, "mode": "test", "epoch": 9}
{"loss": 0.2247021496295929, "acc": 0.9088727235794067, "length": 4.999734878540039, "mode": "train", "epoch": 10}
{"loss": 0.22594302892684937, "acc": 0.9103527069091797, "length": 5.0, "mode": "test", "epoch": 10}
{"loss": 0.21505698561668396, "acc": 0.9143186211585999, "length": 4.999695301055908, "mode": "train", "epoch": 11}
{"loss": 0.23236767947673798, "acc": 0.9096340537071228, "length": 5.0, "mode": "test", "epoch": 11}
{"loss": 0.20619359612464905, "acc": 0.9179285168647766, "length": 4.9997735023498535, "mode": "train", "epoch": 12}
{"loss": 0.21053700149059296, "acc": 0.9179946780204773, "length": 5.0, "mode": "test", "epoch": 12}
{"loss": 0.19608286023139954, "acc": 0.922152578830719, "length": 4.999670028686523, "mode": "train", "epoch": 13}
{"loss": 0.1967965066432953, "acc": 0.9241019487380981, "length": 5.0, "mode": "test", "epoch": 13}
{"loss": 0.19136929512023926, "acc": 0.9237313270568848, "length": 4.999579906463623, "mode": "train", "epoch": 14}
{"loss": 0.20287010073661804, "acc": 0.9201174378395081, "length": 5.0, "mode": "test", "epoch": 14}
{"loss": 0.18453086912631989, "acc": 0.926048219203949, "length": 4.999897480010986, "mode": "train", "epoch": 15}
{"loss": 0.18837353587150574, "acc": 0.9256696105003357, "length": 5.0, "mode": "test", "epoch": 15}
{"loss": 0.1813918501138687, "acc": 0.9270743727684021, "length": 4.999963283538818, "mode": "train", "epoch": 16}
{"loss": 0.18056832253932953, "acc": 0.9275636076927185, "length": 5.0, "mode": "test", "epoch": 16}
{"loss": 0.17724591493606567, "acc": 0.9291864633560181, "length": 4.99988317489624, "mode": "train", "epoch": 17}
{"loss": 0.17838291823863983, "acc": 0.9282823204994202, "length": 5.0, "mode": "test", "epoch": 17}
{"loss": 0.17714373767375946, "acc": 0.9297319650650024, "length": 4.999949932098389, "mode": "train", "epoch": 18}
{"loss": 0.17374742031097412, "acc": 0.9321686029434204, "length": 5.0, "mode": "test", "epoch": 18}
{"loss": 0.17002159357070923, "acc": 0.9325767755508423, "length": 4.999971866607666, "mode": "train", "epoch": 19}
{"loss": 0.17707806825637817, "acc": 0.9322337508201599, "length": 5.0, "mode": "test", "epoch": 19}
{"loss": 0.1683967560529709, "acc": 0.9321838021278381, "length": 4.999955177307129, "mode": "train", "epoch": 20}
{"loss": 0.18196642398834229, "acc": 0.9326257705688477, "length": 5.0, "mode": "test", "epoch": 20}
{"loss": 0.17123989760875702, "acc": 0.9304515719413757, "length": 4.999956130981445, "mode": "train", "epoch": 21}
{"loss": 0.17292559146881104, "acc": 0.9325929284095764, "length": 5.0, "mode": "test", "epoch": 21}
{"loss": 0.1629064828157425, "acc": 0.934831976890564, "length": 4.999969482421875, "mode": "train", "epoch": 22}
{"loss": 0.17569158971309662, "acc": 0.931842029094696, "length": 5.0, "mode": "test", "epoch": 22}
{"loss": 0.16187676787376404, "acc": 0.9364615082740784, "length": 4.999759674072266, "mode": "train", "epoch": 23}
{"loss": 0.17802885174751282, "acc": 0.9292293787002563, "length": 5.0, "mode": "test", "epoch": 23}
{"loss": 0.16190700232982635, "acc": 0.9369569420814514, "length": 4.999978542327881, "mode": "train", "epoch": 24}
{"loss": 0.1983146369457245, "acc": 0.925081729888916, "length": 5.0, "mode": "test", "epoch": 24}
{"loss": 0.17252250015735626, "acc": 0.9326639771461487, "length": 4.999971866607666, "mode": "train", "epoch": 25}
{"loss": 0.18539872765541077, "acc": 0.9258654713630676, "length": 5.0, "mode": "test", "epoch": 25}
{"loss": 0.16773757338523865, "acc": 0.9333398938179016, "length": 4.999962329864502, "mode": "train", "epoch": 26}
{"loss": 0.1747155487537384, "acc": 0.9353036880493164, "length": 5.0, "mode": "test", "epoch": 26}
{"loss": 0.16591060161590576, "acc": 0.9350395202636719, "length": 4.9999823570251465, "mode": "train", "epoch": 27}
{"loss": 0.17322102189064026, "acc": 0.9381450414657593, "length": 5.0, "mode": "test", "epoch": 27}
{"loss": 0.15943096578121185, "acc": 0.9393002390861511, "length": 4.99999475479126, "mode": "train", "epoch": 28}
{"loss": 0.1800207495689392, "acc": 0.9348464012145996, "length": 5.0, "mode": "test", "epoch": 28}
{"loss": 0.16123299300670624, "acc": 0.9376986622810364, "length": 4.999994277954102, "mode": "train", "epoch": 29}
{"loss": 0.1752503514289856, "acc": 0.9358261823654175, "length": 5.0, "mode": "test", "epoch": 29}
{"loss": 0.15243501961231232, "acc": 0.9422635436058044, "length": 4.9999847412109375, "mode": "train", "epoch": 30}
{"loss": 0.17281828820705414, "acc": 0.935075044631958, "length": 5.0, "mode": "test", "epoch": 30}
{"loss": 0.15716026723384857, "acc": 0.9393439292907715, "length": 4.999995708465576, "mode": "train", "epoch": 31}
{"loss": 0.17372459173202515, "acc": 0.9359896183013916, "length": 5.0, "mode": "test", "epoch": 31}
{"loss": 0.1554233431816101, "acc": 0.9414139986038208, "length": 4.999990463256836, "mode": "train", "epoch": 32}
{"loss": 0.16789989173412323, "acc": 0.9396471977233887, "length": 5.0, "mode": "test", "epoch": 32}
{"loss": 0.15172259509563446, "acc": 0.9432551860809326, "length": 4.999994277954102, "mode": "train", "epoch": 33}
{"loss": 0.1685844510793686, "acc": 0.9368059039115906, "length": 5.0, "mode": "test", "epoch": 33}
{"loss": 0.1624707728624344, "acc": 0.9388092756271362, "length": 4.9999799728393555, "mode": "train", "epoch": 34}
{"loss": 0.17813464999198914, "acc": 0.9353690147399902, "length": 5.0, "mode": "test", "epoch": 34}
{"loss": 0.15753033757209778, "acc": 0.9406290650367737, "length": 4.999988079071045, "mode": "train", "epoch": 35}
{"loss": 0.17351555824279785, "acc": 0.9355648756027222, "length": 5.0, "mode": "test", "epoch": 35}
{"loss": 0.1494157910346985, "acc": 0.9440834522247314, "length": 4.999996662139893, "mode": "train", "epoch": 36}
{"loss": 0.16331881284713745, "acc": 0.9400717616081238, "length": 5.0, "mode": "test", "epoch": 36}
{"loss": 0.14929886162281036, "acc": 0.94482421875, "length": 4.999970436096191, "mode": "train", "epoch": 37}
{"loss": 0.16550981998443604, "acc": 0.9397777915000916, "length": 5.0, "mode": "test", "epoch": 37}
{"loss": 0.15863138437271118, "acc": 0.9411416053771973, "length": 4.999997615814209, "mode": "train", "epoch": 38}
{"loss": 0.2004048079252243, "acc": 0.9246570467948914, "length": 5.0, "mode": "test", "epoch": 38}
{"loss": 0.16531410813331604, "acc": 0.937164843082428, "length": 4.999995231628418, "mode": "train", "epoch": 39}
{"loss": 0.1697315275669098, "acc": 0.9380144476890564, "length": 5.0, "mode": "test", "epoch": 39}
{"loss": 0.1556093841791153, "acc": 0.9411197304725647, "length": 4.999995231628418, "mode": "train", "epoch": 40}
{"loss": 0.16637268662452698, "acc": 0.9398757815361023, "length": 5.0, "mode": "test", "epoch": 40}
{"loss": 0.1506359726190567, "acc": 0.9429827332496643, "length": 4.999992370605469, "mode": "train", "epoch": 41}
{"loss": 0.1659395843744278, "acc": 0.9400392174720764, "length": 5.0, "mode": "test", "epoch": 41}
{"loss": 0.15192359685897827, "acc": 0.9434583187103271, "length": 4.999642372131348, "mode": "train", "epoch": 42}
{"loss": 0.16521316766738892, "acc": 0.939059317111969, "length": 5.0, "mode": "test", "epoch": 42}
{"loss": 0.16204850375652313, "acc": 0.9414024353027344, "length": 4.999851226806641, "mode": "train", "epoch": 43}
{"loss": 0.23238210380077362, "acc": 0.9141085147857666, "length": 5.0, "mode": "test", "epoch": 43}
{"loss": 0.1644154042005539, "acc": 0.9390697479248047, "length": 4.999962329864502, "mode": "train", "epoch": 44}
{"loss": 0.17238646745681763, "acc": 0.9407902359962463, "length": 5.0, "mode": "test", "epoch": 44}
{"loss": 0.15492567420005798, "acc": 0.9432443380355835, "length": 4.999991416931152, "mode": "train", "epoch": 45}
{"loss": 0.16560520231723785, "acc": 0.9389615058898926, "length": 5.0, "mode": "test", "epoch": 45}
{"loss": 0.14431767165660858, "acc": 0.9473957419395447, "length": 4.999997138977051, "mode": "train", "epoch": 46}
{"loss": 0.15691561996936798, "acc": 0.944088876247406, "length": 5.0, "mode": "test", "epoch": 46}
{"loss": 0.15071116387844086, "acc": 0.9450968503952026, "length": 4.999998092651367, "mode": "train", "epoch": 47}
{"loss": 0.17158710956573486, "acc": 0.9378183484077454, "length": 5.0, "mode": "test", "epoch": 47}
{"loss": 0.1465599089860916, "acc": 0.9459794163703918, "length": 4.999999523162842, "mode": "train", "epoch": 48}
{"loss": 0.1612270176410675, "acc": 0.9428151249885559, "length": 5.0, "mode": "test", "epoch": 48}
{"loss": 0.15381400287151337, "acc": 0.9425582885742188, "length": 4.999999523162842, "mode": "train", "epoch": 49}
{"loss": 0.15230777859687805, "acc": 0.9449380040168762, "length": 5.0, "mode": "test", "epoch": 49}
{"loss": 0.1395290046930313, "acc": 0.9480770230293274, "length": 4.999922752380371, "mode": "train", "epoch": 50}
{"loss": 0.16125184297561646, "acc": 0.9415415525436401, "length": 5.0, "mode": "test", "epoch": 50}
{"loss": 0.14059515297412872, "acc": 0.9469817280769348, "length": 4.999998092651367, "mode": "train", "epoch": 51}
{"loss": 0.16881024837493896, "acc": 0.9375571012496948, "length": 5.0, "mode": "test", "epoch": 51}
{"loss": 0.14822989702224731, "acc": 0.9442688226699829, "length": 4.999997615814209, "mode": "train", "epoch": 52}
{"loss": 0.16141077876091003, "acc": 0.9436968564987183, "length": 5.0, "mode": "test", "epoch": 52}
{"loss": 0.14036747813224792, "acc": 0.9483000636100769, "length": 4.999999046325684, "mode": "train", "epoch": 53}
{"loss": 0.1589002013206482, "acc": 0.9434683918952942, "length": 5.0, "mode": "test", "epoch": 53}
{"loss": 0.14505405724048615, "acc": 0.9462082982063293, "length": 4.999999523162842, "mode": "train", "epoch": 54}
{"loss": 0.15759730339050293, "acc": 0.9433048367500305, "length": 5.0, "mode": "test", "epoch": 54}
{"loss": 0.1425473690032959, "acc": 0.9483221173286438, "length": 5.0, "mode": "train", "epoch": 55}
{"loss": 0.15717348456382751, "acc": 0.945101261138916, "length": 5.0, "mode": "test", "epoch": 55}
{"loss": 0.1407826989889145, "acc": 0.9479517340660095, "length": 4.999999523162842, "mode": "train", "epoch": 56}
{"loss": 0.16329661011695862, "acc": 0.9425866007804871, "length": 5.0, "mode": "test", "epoch": 56}
{"loss": 0.1451445370912552, "acc": 0.9460775256156921, "length": 4.999999523162842, "mode": "train", "epoch": 57}
{"loss": 0.1728663444519043, "acc": 0.9391247630119324, "length": 5.0, "mode": "test", "epoch": 57}
{"loss": 0.14528107643127441, "acc": 0.9454672932624817, "length": 4.999999046325684, "mode": "train", "epoch": 58}
{"loss": 0.165189728140831, "acc": 0.942521333694458, "length": 5.0, "mode": "test", "epoch": 58}
{"loss": 0.13399364054203033, "acc": 0.9501307010650635, "length": 4.999998092651367, "mode": "train", "epoch": 59}
{"loss": 0.1530643105506897, "acc": 0.9454604983329773, "length": 5.0, "mode": "test", "epoch": 59}
{"loss": 0.14538800716400146, "acc": 0.9446927905082703, "length": 4.999966144561768, "mode": "train", "epoch": 60}
{"loss": 0.1659887433052063, "acc": 0.9385043382644653, "length": 5.0, "mode": "test", "epoch": 60}
{"loss": 0.135530024766922, "acc": 0.9485291838645935, "length": 5.0, "mode": "train", "epoch": 61}
{"loss": 0.16120241582393646, "acc": 0.9413779377937317, "length": 5.0, "mode": "test", "epoch": 61}
{"loss": 0.15125057101249695, "acc": 0.9437350034713745, "length": 5.0, "mode": "train", "epoch": 62}
{"loss": 0.18738779425621033, "acc": 0.9350097179412842, "length": 5.0, "mode": "test", "epoch": 62}
{"loss": 0.1464124172925949, "acc": 0.9448991417884827, "length": 4.999970436096191, "mode": "train", "epoch": 63}
{"loss": 0.16031813621520996, "acc": 0.941672146320343, "length": 5.0, "mode": "test", "epoch": 63}
{"loss": 0.1467394381761551, "acc": 0.9446502327919006, "length": 5.0, "mode": "train", "epoch": 64}
{"loss": 0.17422747611999512, "acc": 0.9347484111785889, "length": 5.0, "mode": "test", "epoch": 64}
{"loss": 0.1504676192998886, "acc": 0.9433972835540771, "length": 5.0, "mode": "train", "epoch": 65}
{"loss": 0.19412821531295776, "acc": 0.9335728883743286, "length": 5.0, "mode": "test", "epoch": 65}
{"loss": 0.1518435925245285, "acc": 0.9430486559867859, "length": 4.999999523162842, "mode": "train", "epoch": 66}
{"loss": 0.20310568809509277, "acc": 0.9309273958206177, "length": 5.0, "mode": "test", "epoch": 66}
{"loss": 0.1751449853181839, "acc": 0.9322835206985474, "length": 5.0, "mode": "train", "epoch": 67}
{"loss": 0.17318521440029144, "acc": 0.9407250881195068, "length": 5.0, "mode": "test", "epoch": 67}
{"loss": 0.1717463880777359, "acc": 0.9337326884269714, "length": 4.999999046325684, "mode": "train", "epoch": 68}
{"loss": 0.20023614168167114, "acc": 0.9241673350334167, "length": 5.0, "mode": "test", "epoch": 68}
{"loss": 0.17199496924877167, "acc": 0.933656632900238, "length": 5.0, "mode": "train", "epoch": 69}
{"loss": 0.18961630761623383, "acc": 0.9283801317214966, "length": 5.0, "mode": "test", "epoch": 69}
{"loss": 0.17436091601848602, "acc": 0.933436930179596, "length": 4.999974250793457, "mode": "train", "epoch": 70}
{"loss": 0.17736952006816864, "acc": 0.9339972138404846, "length": 5.0, "mode": "test", "epoch": 70}
{"loss": 0.16180874407291412, "acc": 0.9387879967689514, "length": 4.999993324279785, "mode": "train", "epoch": 71}
{"loss": 0.174005925655365, "acc": 0.9380143284797668, "length": 5.0, "mode": "test", "epoch": 71}
{"loss": 0.15811271965503693, "acc": 0.940608024597168, "length": 4.999998092651367, "mode": "train", "epoch": 72}
{"loss": 0.2036822885274887, "acc": 0.927498459815979, "length": 5.0, "mode": "test", "epoch": 72}
{"loss": 0.16553933918476105, "acc": 0.937850296497345, "length": 4.999981880187988, "mode": "train", "epoch": 73}
{"loss": 0.1820307821035385, "acc": 0.93654465675354, "length": 5.0, "mode": "test", "epoch": 73}
{"loss": 0.15486398339271545, "acc": 0.9417517185211182, "length": 4.999994277954102, "mode": "train", "epoch": 74}
{"loss": 0.1837465763092041, "acc": 0.9348790645599365, "length": 5.0, "mode": "test", "epoch": 74}
{"loss": 0.15343904495239258, "acc": 0.942078709602356, "length": 4.999996662139893, "mode": "train", "epoch": 75}
{"loss": 0.174558624625206, "acc": 0.9364141225814819, "length": 5.0, "mode": "test", "epoch": 75}
{"loss": 0.14593012630939484, "acc": 0.9454938173294067, "length": 4.999859809875488, "mode": "train", "epoch": 76}
{"loss": 0.15902219712734222, "acc": 0.9442193508148193, "length": 5.0, "mode": "test", "epoch": 76}
{"loss": 0.14719520509243011, "acc": 0.9436805248260498, "length": 5.0, "mode": "train", "epoch": 77}
{"loss": 0.17377154529094696, "acc": 0.9387654066085815, "length": 5.0, "mode": "test", "epoch": 77}
{"loss": 0.1534181386232376, "acc": 0.9419373273849487, "length": 5.0, "mode": "train", "epoch": 78}
{"loss": 0.1732555478811264, "acc": 0.935761034488678, "length": 5.0, "mode": "test", "epoch": 78}
{"loss": 0.16160498559474945, "acc": 0.9372628331184387, "length": 4.999998569488525, "mode": "train", "epoch": 79}
{"loss": 0.18373653292655945, "acc": 0.9325605630874634, "length": 5.0, "mode": "test", "epoch": 79}
{"loss": 0.15371504426002502, "acc": 0.9416822791099548, "length": 4.99992036819458, "mode": "train", "epoch": 80}
{"loss": 0.16242074966430664, "acc": 0.9406598806381226, "length": 5.0, "mode": "test", "epoch": 80}
{"loss": 0.1451885998249054, "acc": 0.9455579519271851, "length": 4.999685764312744, "mode": "train", "epoch": 81}
{"loss": 0.16704729199409485, "acc": 0.9432722926139832, "length": 5.0, "mode": "test", "epoch": 81}
{"loss": 0.15144160389900208, "acc": 0.9458815455436707, "length": 4.999999046325684, "mode": "train", "epoch": 82}
{"loss": 0.20235520601272583, "acc": 0.9274330735206604, "length": 5.0, "mode": "test", "epoch": 82}
{"loss": 0.16006328165531158, "acc": 0.9405206441879272, "length": 4.999996185302734, "mode": "train", "epoch": 83}
{"loss": 0.16728681325912476, "acc": 0.9421946406364441, "length": 5.0, "mode": "test", "epoch": 83}
{"loss": 0.15020151436328888, "acc": 0.9442790150642395, "length": 4.999977111816406, "mode": "train", "epoch": 84}
{"loss": 0.18075262010097504, "acc": 0.9372959136962891, "length": 5.0, "mode": "test", "epoch": 84}
{"loss": 0.14573736488819122, "acc": 0.9462947845458984, "length": 4.999983787536621, "mode": "train", "epoch": 85}
{"loss": 0.1617436707019806, "acc": 0.9436967968940735, "length": 5.0, "mode": "test", "epoch": 85}
{"loss": 0.13842739164829254, "acc": 0.9494218826293945, "length": 4.999985694885254, "mode": "train", "epoch": 86}
{"loss": 0.1618366837501526, "acc": 0.9444808959960938, "length": 5.0, "mode": "test", "epoch": 86}
{"loss": 0.13491247594356537, "acc": 0.9498468637466431, "length": 4.999988555908203, "mode": "train", "epoch": 87}
{"loss": 0.15981405973434448, "acc": 0.9458851218223572, "length": 5.0, "mode": "test", "epoch": 87}
{"loss": 0.14586757123470306, "acc": 0.9469817280769348, "length": 4.999995708465576, "mode": "train", "epoch": 88}
{"loss": 0.16785389184951782, "acc": 0.9400720000267029, "length": 5.0, "mode": "test", "epoch": 88}
{"loss": 0.15385030210018158, "acc": 0.9424817562103271, "length": 4.999995231628418, "mode": "train", "epoch": 89}
{"loss": 0.15960797667503357, "acc": 0.9431090950965881, "length": 5.0, "mode": "test", "epoch": 89}
{"loss": 0.1452372521162033, "acc": 0.9467422366142273, "length": 4.999998092651367, "mode": "train", "epoch": 90}
{"loss": 0.16723297536373138, "acc": 0.9424885511398315, "length": 5.0, "mode": "test", "epoch": 90}
{"loss": 0.1437736302614212, "acc": 0.9467856287956238, "length": 5.0, "mode": "train", "epoch": 91}
{"loss": 0.16742883622646332, "acc": 0.9410189390182495, "length": 5.0, "mode": "test", "epoch": 91}
{"loss": 0.14754240214824677, "acc": 0.948539137840271, "length": 4.9999871253967285, "mode": "train", "epoch": 92}
{"loss": 0.1549357771873474, "acc": 0.9452319145202637, "length": 5.0, "mode": "test", "epoch": 92}
{"loss": 0.13567757606506348, "acc": 0.9503051042556763, "length": 5.0, "mode": "train", "epoch": 93}
{"loss": 0.15604268014431, "acc": 0.9470280408859253, "length": 5.0, "mode": "test", "epoch": 93}
{"loss": 0.15844503045082092, "acc": 0.942579984664917, "length": 4.999999523162842, "mode": "train", "epoch": 94}
{"loss": 0.18287162482738495, "acc": 0.9338015913963318, "length": 5.0, "mode": "test", "epoch": 94}
{"loss": 0.15306456387043, "acc": 0.9437726140022278, "length": 4.999906063079834, "mode": "train", "epoch": 95}
{"loss": 0.165211483836174, "acc": 0.9397125840187073, "length": 5.0, "mode": "test", "epoch": 95}
{"loss": 0.14409014582633972, "acc": 0.9457724690437317, "length": 4.999999046325684, "mode": "train", "epoch": 96}
{"loss": 0.15864156186580658, "acc": 0.9458848834037781, "length": 5.0, "mode": "test", "epoch": 96}
{"loss": 0.1377420872449875, "acc": 0.94845050573349, "length": 4.999963283538818, "mode": "train", "epoch": 97}
{"loss": 0.15777473151683807, "acc": 0.9443501830101013, "length": 5.0, "mode": "test", "epoch": 97}
{"loss": 0.1341695636510849, "acc": 0.950250506401062, "length": 5.0, "mode": "train", "epoch": 98}
{"loss": 0.16084441542625427, "acc": 0.9428150653839111, "length": 5.0, "mode": "test", "epoch": 98}
{"loss": 0.1405627280473709, "acc": 0.9477006793022156, "length": 4.999995708465576, "mode": "train", "epoch": 99}
{"loss": 0.16254916787147522, "acc": 0.9425539970397949, "length": 5.0, "mode": "test", "epoch": 99}
{"loss": 0.14748398959636688, "acc": 0.9454130530357361, "length": 5.0, "mode": "train", "epoch": 100}
{"loss": 0.1672968864440918, "acc": 0.941835343837738, "length": 5.0, "mode": "test", "epoch": 100}
test accuracy: 0.8839743733406067
