# ["--attributes=4", "--values=3", "--game_size=10", "--vocab_size_factor=3", "--n_epochs=100", "--batch_size=32", "--learning_rate=0.0005", "--hidden_size=128", "--temp_update=0.99", "--temperature=1.5"]
Creating train_ds and val_ds...

Creating test_ds...
{"loss": 0.6365906596183777, "acc": 0.6124738454818726, "length": 4.038877964019775, "mode": "train", "epoch": 1}
{"loss": 0.5781137943267822, "acc": 0.7005166411399841, "length": 4.541284561157227, "mode": "test", "epoch": 1}
{"loss": 0.48019173741340637, "acc": 0.7705391049385071, "length": 4.481578350067139, "mode": "train", "epoch": 2}
{"loss": 0.4468715190887451, "acc": 0.8060412406921387, "length": 4.690039157867432, "mode": "test", "epoch": 2}
{"loss": 0.38293784856796265, "acc": 0.830982506275177, "length": 4.761391639709473, "mode": "train", "epoch": 3}
{"loss": 0.4042744040489197, "acc": 0.8322283029556274, "length": 4.781782627105713, "mode": "test", "epoch": 3}
{"loss": 0.3507445752620697, "acc": 0.8460436463356018, "length": 4.8413987159729, "mode": "train", "epoch": 4}
{"loss": 0.37316569685935974, "acc": 0.8356128334999084, "length": 4.892529487609863, "mode": "test", "epoch": 4}
{"loss": 0.309992253780365, "acc": 0.8671908378601074, "length": 4.891373157501221, "mode": "train", "epoch": 5}
{"loss": 0.3191496729850769, "acc": 0.8644406199455261, "length": 4.959371089935303, "mode": "test", "epoch": 5}
{"loss": 0.27643659710884094, "acc": 0.8830538392066956, "length": 4.965799331665039, "mode": "train", "epoch": 6}
{"loss": 0.29346683621406555, "acc": 0.8780800700187683, "length": 5.0, "mode": "test", "epoch": 6}
{"loss": 0.25460517406463623, "acc": 0.8938797116279602, "length": 4.990899085998535, "mode": "train", "epoch": 7}
{"loss": 0.2653321623802185, "acc": 0.8911205530166626, "length": 5.0, "mode": "test", "epoch": 7}
{"loss": 0.23758167028427124, "acc": 0.9024844765663147, "length": 4.994251728057861, "mode": "train", "epoch": 8}
{"loss": 0.2573391795158386, "acc": 0.8897772431373596, "length": 5.0, "mode": "test", "epoch": 8}
{"loss": 0.2236095815896988, "acc": 0.9096242189407349, "length": 4.996297359466553, "mode": "train", "epoch": 9}
{"loss": 0.2523777484893799, "acc": 0.8935124278068542, "length": 5.0, "mode": "test", "epoch": 9}
{"loss": 0.21618565917015076, "acc": 0.9139851927757263, "length": 4.9975385665893555, "mode": "train", "epoch": 10}
{"loss": 0.23354803025722504, "acc": 0.9015072584152222, "length": 5.0, "mode": "test", "epoch": 10}
{"loss": 0.20453347265720367, "acc": 0.9189068675041199, "length": 4.9973626136779785, "mode": "train", "epoch": 11}
{"loss": 0.22890309989452362, "acc": 0.9072410464286804, "length": 5.0, "mode": "test", "epoch": 11}
{"loss": 0.19636403024196625, "acc": 0.9225137233734131, "length": 4.998006343841553, "mode": "train", "epoch": 12}
{"loss": 0.21873919665813446, "acc": 0.9116318225860596, "length": 5.0, "mode": "test", "epoch": 12}
{"loss": 0.1892186999320984, "acc": 0.9245458245277405, "length": 4.998759746551514, "mode": "train", "epoch": 13}
{"loss": 0.20798133313655853, "acc": 0.9153341054916382, "length": 5.0, "mode": "test", "epoch": 13}
{"loss": 0.1819234937429428, "acc": 0.9275835156440735, "length": 4.998501300811768, "mode": "train", "epoch": 14}
{"loss": 0.23428337275981903, "acc": 0.901638388633728, "length": 5.0, "mode": "test", "epoch": 14}
{"loss": 0.17432306706905365, "acc": 0.9308945536613464, "length": 4.999093532562256, "mode": "train", "epoch": 15}
{"loss": 0.20488670468330383, "acc": 0.9193644523620605, "length": 5.0, "mode": "test", "epoch": 15}
{"loss": 0.16620291769504547, "acc": 0.9357826113700867, "length": 4.9990997314453125, "mode": "train", "epoch": 16}
{"loss": 0.2019629180431366, "acc": 0.9231652021408081, "length": 5.0, "mode": "test", "epoch": 16}
{"loss": 0.16387155652046204, "acc": 0.9360172152519226, "length": 4.999348163604736, "mode": "train", "epoch": 17}
{"loss": 0.19468656182289124, "acc": 0.9213958382606506, "length": 5.0, "mode": "test", "epoch": 17}
{"loss": 0.15672804415225983, "acc": 0.9398520588874817, "length": 4.999250888824463, "mode": "train", "epoch": 18}
{"loss": 0.18396401405334473, "acc": 0.9308978319168091, "length": 5.0, "mode": "test", "epoch": 18}
{"loss": 0.15501822531223297, "acc": 0.9400434494018555, "length": 4.9994330406188965, "mode": "train", "epoch": 19}
{"loss": 0.19567814469337463, "acc": 0.9257863759994507, "length": 5.0, "mode": "test", "epoch": 19}
{"loss": 0.14969323575496674, "acc": 0.9427446722984314, "length": 4.999494552612305, "mode": "train", "epoch": 20}
{"loss": 0.1855607032775879, "acc": 0.9252620339393616, "length": 5.0, "mode": "test", "epoch": 20}
{"loss": 0.14494913816452026, "acc": 0.9448491930961609, "length": 4.999627113342285, "mode": "train", "epoch": 21}
{"loss": 0.1749425232410431, "acc": 0.9342072010040283, "length": 5.0, "mode": "test", "epoch": 21}
{"loss": 0.1430686116218567, "acc": 0.9434284567832947, "length": 4.999654769897461, "mode": "train", "epoch": 22}
{"loss": 0.1690448522567749, "acc": 0.9365007281303406, "length": 5.0, "mode": "test", "epoch": 22}
{"loss": 0.13712772727012634, "acc": 0.947847306728363, "length": 4.999721527099609, "mode": "train", "epoch": 23}
{"loss": 0.1648232340812683, "acc": 0.9411532878875732, "length": 5.0, "mode": "test", "epoch": 23}
{"loss": 0.1352282613515854, "acc": 0.9487425088882446, "length": 4.999711036682129, "mode": "train", "epoch": 24}
{"loss": 0.1639304757118225, "acc": 0.9393839836120605, "length": 5.0, "mode": "test", "epoch": 24}
{"loss": 0.1282808780670166, "acc": 0.9515640735626221, "length": 4.9997477531433105, "mode": "train", "epoch": 25}
{"loss": 0.15774616599082947, "acc": 0.9410222172737122, "length": 5.0, "mode": "test", "epoch": 25}
{"loss": 0.12653329968452454, "acc": 0.9522417187690735, "length": 4.999721527099609, "mode": "train", "epoch": 26}
{"loss": 0.15139535069465637, "acc": 0.9449869394302368, "length": 5.0, "mode": "test", "epoch": 26}
{"loss": 0.12399841099977493, "acc": 0.9533820748329163, "length": 4.999816417694092, "mode": "train", "epoch": 27}
{"loss": 0.15410670638084412, "acc": 0.9425623416900635, "length": 5.0, "mode": "test", "epoch": 27}
{"loss": 0.1176881343126297, "acc": 0.9561708569526672, "length": 4.9998555183410645, "mode": "train", "epoch": 28}
{"loss": 0.15345683693885803, "acc": 0.9449540376663208, "length": 5.0, "mode": "test", "epoch": 28}
{"loss": 0.11610584706068039, "acc": 0.9564946889877319, "length": 4.99970006942749, "mode": "train", "epoch": 29}
{"loss": 0.15534299612045288, "acc": 0.9415792226791382, "length": 5.0, "mode": "test", "epoch": 29}
{"loss": 0.11339520663022995, "acc": 0.9572392106056213, "length": 4.999775409698486, "mode": "train", "epoch": 30}
{"loss": 0.15197955071926117, "acc": 0.9482306838035583, "length": 5.0, "mode": "test", "epoch": 30}
{"loss": 0.11880889534950256, "acc": 0.9550132155418396, "length": 4.999864101409912, "mode": "train", "epoch": 31}
{"loss": 0.14370980858802795, "acc": 0.9486240148544312, "length": 5.0, "mode": "test", "epoch": 31}
{"loss": 0.1085759773850441, "acc": 0.9594194889068604, "length": 4.999911785125732, "mode": "train", "epoch": 32}
{"loss": 0.1441628634929657, "acc": 0.9480013251304626, "length": 5.0, "mode": "test", "epoch": 32}
{"loss": 0.10400925576686859, "acc": 0.9616148471832275, "length": 4.999855041503906, "mode": "train", "epoch": 33}
{"loss": 0.13874046504497528, "acc": 0.949246346950531, "length": 5.0, "mode": "test", "epoch": 33}
{"loss": 0.10493671149015427, "acc": 0.9607526063919067, "length": 4.999897480010986, "mode": "train", "epoch": 34}
{"loss": 0.1387636661529541, "acc": 0.9491808414459229, "length": 5.0, "mode": "test", "epoch": 34}
{"loss": 0.10144685953855515, "acc": 0.9629051685333252, "length": 4.999883651733398, "mode": "train", "epoch": 35}
{"loss": 0.1476459801197052, "acc": 0.9461665153503418, "length": 5.0, "mode": "test", "epoch": 35}
{"loss": 0.10068866610527039, "acc": 0.9617757201194763, "length": 4.999810218811035, "mode": "train", "epoch": 36}
{"loss": 0.15308375656604767, "acc": 0.9455766677856445, "length": 5.0, "mode": "test", "epoch": 36}
{"loss": 0.09635669738054276, "acc": 0.9644160866737366, "length": 4.999941825866699, "mode": "train", "epoch": 37}
{"loss": 0.13295409083366394, "acc": 0.9514417052268982, "length": 5.0, "mode": "test", "epoch": 37}
{"loss": 0.09117987006902695, "acc": 0.966492235660553, "length": 4.999924182891846, "mode": "train", "epoch": 38}
{"loss": 0.13248804211616516, "acc": 0.951835036277771, "length": 5.0, "mode": "test", "epoch": 38}
{"loss": 0.098636195063591, "acc": 0.9631474614143372, "length": 4.999938488006592, "mode": "train", "epoch": 39}
{"loss": 0.13264188170433044, "acc": 0.9525884985923767, "length": 5.0, "mode": "test", "epoch": 39}
{"loss": 0.09500227868556976, "acc": 0.9636074900627136, "length": 4.999932289123535, "mode": "train", "epoch": 40}
{"loss": 0.13410688936710358, "acc": 0.9523919224739075, "length": 5.0, "mode": "test", "epoch": 40}
{"loss": 0.08498161286115646, "acc": 0.9688981771469116, "length": 4.999953746795654, "mode": "train", "epoch": 41}
{"loss": 0.13547837734222412, "acc": 0.9539647698402405, "length": 5.0, "mode": "test", "epoch": 41}
{"loss": 0.08782538026571274, "acc": 0.967094898223877, "length": 4.999956130981445, "mode": "train", "epoch": 42}
{"loss": 0.12640886008739471, "acc": 0.9551113843917847, "length": 5.0, "mode": "test", "epoch": 42}
{"loss": 0.09240391850471497, "acc": 0.9648979902267456, "length": 4.999963283538818, "mode": "train", "epoch": 43}
{"loss": 0.15013158321380615, "acc": 0.9474115967750549, "length": 5.0, "mode": "test", "epoch": 43}
{"loss": 0.08881717920303345, "acc": 0.9676634669303894, "length": 4.9999613761901855, "mode": "train", "epoch": 44}
{"loss": 0.12239523977041245, "acc": 0.9553734660148621, "length": 5.0, "mode": "test", "epoch": 44}
{"loss": 0.08126196265220642, "acc": 0.9702426791191101, "length": 4.999953269958496, "mode": "train", "epoch": 45}
{"loss": 0.12760457396507263, "acc": 0.9522280097007751, "length": 5.0, "mode": "test", "epoch": 45}
{"loss": 0.08271229267120361, "acc": 0.9699037671089172, "length": 4.999939918518066, "mode": "train", "epoch": 46}
{"loss": 0.11113595217466354, "acc": 0.9601245522499084, "length": 5.0, "mode": "test", "epoch": 46}
{"loss": 0.0789739191532135, "acc": 0.9706807136535645, "length": 4.999959945678711, "mode": "train", "epoch": 47}
{"loss": 0.13225266337394714, "acc": 0.9507209658622742, "length": 5.0, "mode": "test", "epoch": 47}
{"loss": 0.08323153853416443, "acc": 0.9685488939285278, "length": 4.999956130981445, "mode": "train", "epoch": 48}
{"loss": 0.118988037109375, "acc": 0.9552425146102905, "length": 5.0, "mode": "test", "epoch": 48}
{"loss": 0.07591760158538818, "acc": 0.9716648459434509, "length": 4.999974250793457, "mode": "train", "epoch": 49}
{"loss": 0.12243185937404633, "acc": 0.9549804329872131, "length": 5.0, "mode": "test", "epoch": 49}
{"loss": 0.08379939198493958, "acc": 0.9703423976898193, "length": 4.9999823570251465, "mode": "train", "epoch": 50}
{"loss": 0.12797975540161133, "acc": 0.9546199440956116, "length": 5.0, "mode": "test", "epoch": 50}
{"loss": 0.07656577229499817, "acc": 0.9716638922691345, "length": 4.999959945678711, "mode": "train", "epoch": 51}
{"loss": 0.11613782495260239, "acc": 0.9583876729011536, "length": 5.0, "mode": "test", "epoch": 51}
{"loss": 0.07266485691070557, "acc": 0.9731897115707397, "length": 4.999917030334473, "mode": "train", "epoch": 52}
{"loss": 0.10299645364284515, "acc": 0.9617300629615784, "length": 5.0, "mode": "test", "epoch": 52}
{"loss": 0.06353811174631119, "acc": 0.9775343537330627, "length": 4.999959945678711, "mode": "train", "epoch": 53}
{"loss": 0.11620213091373444, "acc": 0.9613040089607239, "length": 5.0, "mode": "test", "epoch": 53}
{"loss": 0.06293269991874695, "acc": 0.9770757555961609, "length": 4.999977111816406, "mode": "train", "epoch": 54}
{"loss": 0.10812138766050339, "acc": 0.9616644978523254, "length": 5.0, "mode": "test", "epoch": 54}
{"loss": 0.06046906113624573, "acc": 0.9784643650054932, "length": 4.999986171722412, "mode": "train", "epoch": 55}
{"loss": 0.1045689806342125, "acc": 0.9611074328422546, "length": 5.0, "mode": "test", "epoch": 55}
{"loss": 0.06926073879003525, "acc": 0.9747589230537415, "length": 4.9999871253967285, "mode": "train", "epoch": 56}
{"loss": 0.09598421305418015, "acc": 0.9673328399658203, "length": 5.0, "mode": "test", "epoch": 56}
{"loss": 0.057315126061439514, "acc": 0.9802135229110718, "length": 4.9999871253967285, "mode": "train", "epoch": 57}
{"loss": 0.10241546481847763, "acc": 0.9637941718101501, "length": 5.0, "mode": "test", "epoch": 57}
{"loss": 0.06832803040742874, "acc": 0.9761902689933777, "length": 4.9999823570251465, "mode": "train", "epoch": 58}
{"loss": 0.1291956603527069, "acc": 0.9568808078765869, "length": 5.0, "mode": "test", "epoch": 58}
{"loss": 0.0571434423327446, "acc": 0.9797431826591492, "length": 4.999969959259033, "mode": "train", "epoch": 59}
{"loss": 0.10503324121236801, "acc": 0.9650065898895264, "length": 5.0, "mode": "test", "epoch": 59}
{"loss": 0.053094282746315, "acc": 0.9815676212310791, "length": 4.9999613761901855, "mode": "train", "epoch": 60}
{"loss": 0.10526078194379807, "acc": 0.9634667634963989, "length": 5.0, "mode": "test", "epoch": 60}
{"loss": 0.0590193010866642, "acc": 0.9783555865287781, "length": 4.999995708465576, "mode": "train", "epoch": 61}
{"loss": 0.13653498888015747, "acc": 0.9569134712219238, "length": 5.0, "mode": "test", "epoch": 61}
{"loss": 0.06555236130952835, "acc": 0.9768797755241394, "length": 4.999992847442627, "mode": "train", "epoch": 62}
{"loss": 0.11551513522863388, "acc": 0.9619922041893005, "length": 5.0, "mode": "test", "epoch": 62}
{"loss": 0.061473358422517776, "acc": 0.9781261682510376, "length": 4.999995231628418, "mode": "train", "epoch": 63}
{"loss": 0.13265766203403473, "acc": 0.9593054056167603, "length": 5.0, "mode": "test", "epoch": 63}
{"loss": 0.06769709289073944, "acc": 0.9748679399490356, "length": 4.999981880187988, "mode": "train", "epoch": 64}
{"loss": 0.1219429075717926, "acc": 0.9615333080291748, "length": 5.0, "mode": "test", "epoch": 64}
{"loss": 0.05485650151968002, "acc": 0.9792518615722656, "length": 4.999992847442627, "mode": "train", "epoch": 65}
{"loss": 0.09807141870260239, "acc": 0.9673330187797546, "length": 5.0, "mode": "test", "epoch": 65}
{"loss": 0.0910416841506958, "acc": 0.9658823609352112, "length": 4.9999823570251465, "mode": "train", "epoch": 66}
{"loss": 0.12218642234802246, "acc": 0.9596985578536987, "length": 5.0, "mode": "test", "epoch": 66}
{"loss": 0.06568300724029541, "acc": 0.9763723611831665, "length": 4.99993371963501, "mode": "train", "epoch": 67}
{"loss": 0.1301279366016388, "acc": 0.957175612449646, "length": 5.0, "mode": "test", "epoch": 67}
{"loss": 0.06033773347735405, "acc": 0.9791532754898071, "length": 4.9999895095825195, "mode": "train", "epoch": 68}
{"loss": 0.09317901730537415, "acc": 0.9688072800636292, "length": 5.0, "mode": "test", "epoch": 68}
{"loss": 0.047896020114421844, "acc": 0.9832088351249695, "length": 4.9999918937683105, "mode": "train", "epoch": 69}
{"loss": 0.09122069925069809, "acc": 0.9699540734291077, "length": 5.0, "mode": "test", "epoch": 69}
{"loss": 0.044783562421798706, "acc": 0.9842140078544617, "length": 4.999974727630615, "mode": "train", "epoch": 70}
{"loss": 0.09303893148899078, "acc": 0.9683815240859985, "length": 5.0, "mode": "test", "epoch": 70}
{"loss": 0.04239845648407936, "acc": 0.9849469661712646, "length": 4.999989986419678, "mode": "train", "epoch": 71}
{"loss": 0.08195602893829346, "acc": 0.9720510840415955, "length": 5.0, "mode": "test", "epoch": 71}
{"loss": 0.05012550577521324, "acc": 0.9825641512870789, "length": 4.999995231628418, "mode": "train", "epoch": 72}
{"loss": 0.09131117910146713, "acc": 0.9677588939666748, "length": 5.0, "mode": "test", "epoch": 72}
{"loss": 0.05910467728972435, "acc": 0.9788147211074829, "length": 4.999995231628418, "mode": "train", "epoch": 73}
{"loss": 0.13477922976016998, "acc": 0.9536697864532471, "length": 5.0, "mode": "test", "epoch": 73}
{"loss": 0.07702537626028061, "acc": 0.9729335904121399, "length": 4.999989986419678, "mode": "train", "epoch": 74}
{"loss": 0.13294386863708496, "acc": 0.9562909603118896, "length": 5.0, "mode": "test", "epoch": 74}
{"loss": 0.0675051137804985, "acc": 0.9766833186149597, "length": 4.999999046325684, "mode": "train", "epoch": 75}
{"loss": 0.11841675639152527, "acc": 0.9604521989822388, "length": 5.0, "mode": "test", "epoch": 75}
{"loss": 0.05578599125146866, "acc": 0.9792520999908447, "length": 4.999998092651367, "mode": "train", "epoch": 76}
{"loss": 0.10374850034713745, "acc": 0.9654325246810913, "length": 5.0, "mode": "test", "epoch": 76}
{"loss": 0.057948239147663116, "acc": 0.9785627126693726, "length": 4.99998664855957, "mode": "train", "epoch": 77}
{"loss": 0.11055883765220642, "acc": 0.9650720357894897, "length": 5.0, "mode": "test", "epoch": 77}
{"loss": 0.05460434406995773, "acc": 0.9796130061149597, "length": 4.999998092651367, "mode": "train", "epoch": 78}
{"loss": 0.09775178879499435, "acc": 0.9662187099456787, "length": 5.0, "mode": "test", "epoch": 78}
{"loss": 0.049537964165210724, "acc": 0.983066737651825, "length": 4.999989032745361, "mode": "train", "epoch": 79}
{"loss": 0.0905986875295639, "acc": 0.9675622582435608, "length": 5.0, "mode": "test", "epoch": 79}
{"loss": 0.042322054505348206, "acc": 0.9851551651954651, "length": 4.999999523162842, "mode": "train", "epoch": 80}
{"loss": 0.08650930225849152, "acc": 0.9713630676269531, "length": 5.0, "mode": "test", "epoch": 80}
{"loss": 0.050566621124744415, "acc": 0.9821052551269531, "length": 5.0, "mode": "train", "epoch": 81}
{"loss": 0.08722686767578125, "acc": 0.9705439209938049, "length": 5.0, "mode": "test", "epoch": 81}
{"loss": 0.04865989089012146, "acc": 0.982673704624176, "length": 4.999999523162842, "mode": "train", "epoch": 82}
{"loss": 0.08224546164274216, "acc": 0.9711666107177734, "length": 5.0, "mode": "test", "epoch": 82}
{"loss": 0.037664707750082016, "acc": 0.9874288439750671, "length": 4.999999046325684, "mode": "train", "epoch": 83}
{"loss": 0.07329303026199341, "acc": 0.9758517742156982, "length": 5.0, "mode": "test", "epoch": 83}
{"loss": 0.0356239378452301, "acc": 0.9877566695213318, "length": 4.999998569488525, "mode": "train", "epoch": 84}
{"loss": 0.06974691152572632, "acc": 0.9774245619773865, "length": 5.0, "mode": "test", "epoch": 84}
{"loss": 0.033527158200740814, "acc": 0.9889264702796936, "length": 4.999999523162842, "mode": "train", "epoch": 85}
{"loss": 0.07703228294849396, "acc": 0.9753602743148804, "length": 5.0, "mode": "test", "epoch": 85}
{"loss": 0.040157973766326904, "acc": 0.9871446490287781, "length": 4.999999046325684, "mode": "train", "epoch": 86}
{"loss": 0.07842393219470978, "acc": 0.9759827852249146, "length": 5.0, "mode": "test", "epoch": 86}
{"loss": 0.04210378974676132, "acc": 0.98563551902771, "length": 4.9999847412109375, "mode": "train", "epoch": 87}
{"loss": 0.07146524637937546, "acc": 0.9763761162757874, "length": 5.0, "mode": "test", "epoch": 87}
{"loss": 0.037656139582395554, "acc": 0.9867618680000305, "length": 4.999998092651367, "mode": "train", "epoch": 88}
{"loss": 0.06103968247771263, "acc": 0.9788005352020264, "length": 5.0, "mode": "test", "epoch": 88}
{"loss": 0.033551737666130066, "acc": 0.9891121983528137, "length": 4.999997615814209, "mode": "train", "epoch": 89}
{"loss": 0.06894941627979279, "acc": 0.9779487252235413, "length": 5.0, "mode": "test", "epoch": 89}
{"loss": 0.041231732815504074, "acc": 0.9856580495834351, "length": 4.999999523162842, "mode": "train", "epoch": 90}
{"loss": 0.08273295313119888, "acc": 0.9759175777435303, "length": 5.0, "mode": "test", "epoch": 90}
{"loss": 0.039850492030382156, "acc": 0.9867402911186218, "length": 5.0, "mode": "train", "epoch": 91}
{"loss": 0.08267596364021301, "acc": 0.9747706651687622, "length": 5.0, "mode": "test", "epoch": 91}
{"loss": 0.04804415628314018, "acc": 0.9846847653388977, "length": 4.999995708465576, "mode": "train", "epoch": 92}
{"loss": 0.1305457353591919, "acc": 0.9607798457145691, "length": 5.0, "mode": "test", "epoch": 92}
{"loss": 0.05765915662050247, "acc": 0.9808152914047241, "length": 4.999993801116943, "mode": "train", "epoch": 93}
{"loss": 0.09275977313518524, "acc": 0.9717888832092285, "length": 5.0, "mode": "test", "epoch": 93}
{"loss": 0.040383998304605484, "acc": 0.9855374097824097, "length": 4.999992370605469, "mode": "train", "epoch": 94}
{"loss": 0.09510093182325363, "acc": 0.9699541330337524, "length": 5.0, "mode": "test", "epoch": 94}
{"loss": 0.048992838710546494, "acc": 0.9838967323303223, "length": 4.9999775886535645, "mode": "train", "epoch": 95}
{"loss": 0.08800350874662399, "acc": 0.973034143447876, "length": 5.0, "mode": "test", "epoch": 95}
{"loss": 0.036294203251600266, "acc": 0.988248884677887, "length": 5.0, "mode": "train", "epoch": 96}
{"loss": 0.10240050405263901, "acc": 0.9691022634506226, "length": 5.0, "mode": "test", "epoch": 96}
{"loss": 0.04671495407819748, "acc": 0.9845104813575745, "length": 5.0, "mode": "train", "epoch": 97}
{"loss": 0.08495412766933441, "acc": 0.9722804427146912, "length": 5.0, "mode": "test", "epoch": 97}
{"loss": 0.036922432482242584, "acc": 0.9876146912574768, "length": 5.0, "mode": "train", "epoch": 98}
{"loss": 0.08947699517011642, "acc": 0.9730340838432312, "length": 5.0, "mode": "test", "epoch": 98}
{"loss": 0.03874489292502403, "acc": 0.9874289631843567, "length": 5.0, "mode": "train", "epoch": 99}
{"loss": 0.059380870312452316, "acc": 0.9815203547477722, "length": 5.0, "mode": "test", "epoch": 99}
{"loss": 0.031713277101516724, "acc": 0.9899321794509888, "length": 4.999999046325684, "mode": "train", "epoch": 100}
{"loss": 0.062239401042461395, "acc": 0.9795544147491455, "length": 5.0, "mode": "test", "epoch": 100}
test accuracy: 0.909841775894165
