# ["--attributes=4", "--values=3", "--game_size=10", "--vocab_size_factor=3", "--n_epochs=100", "--batch_size=32", "--learning_rate=0.0005", "--hidden_size=256", "--temp_update=0.97", "--temperature=1"]
Creating train_ds and val_ds...

Creating test_ds...
{"loss": 0.6416025161743164, "acc": 0.5978602170944214, "length": 2.337975025177002, "mode": "train", "epoch": 1}
{"loss": 0.5045022368431091, "acc": 0.779274582862854, "length": 3.740116596221924, "mode": "test", "epoch": 1}
{"loss": 0.43315786123275757, "acc": 0.8039169311523438, "length": 3.990387201309204, "mode": "train", "epoch": 2}
{"loss": 0.409993052482605, "acc": 0.8251893520355225, "length": 3.9163966178894043, "mode": "test", "epoch": 2}
{"loss": 0.36791709065437317, "acc": 0.8391030430793762, "length": 4.3282270431518555, "mode": "train", "epoch": 3}
{"loss": 0.344016432762146, "acc": 0.855725884437561, "length": 4.812054634094238, "mode": "test", "epoch": 3}
{"loss": 0.30406883358955383, "acc": 0.8697776198387146, "length": 4.941458225250244, "mode": "train", "epoch": 4}
{"loss": 0.3135456144809723, "acc": 0.8709331750869751, "length": 5.0, "mode": "test", "epoch": 4}
{"loss": 0.272279292345047, "acc": 0.8869336247444153, "length": 4.994319438934326, "mode": "train", "epoch": 5}
{"loss": 0.2710971534252167, "acc": 0.8919636607170105, "length": 5.0, "mode": "test", "epoch": 5}
{"loss": 0.25243428349494934, "acc": 0.8926429152488708, "length": 4.998385906219482, "mode": "train", "epoch": 6}
{"loss": 0.2596645951271057, "acc": 0.8937459588050842, "length": 5.0, "mode": "test", "epoch": 6}
{"loss": 0.2406310737133026, "acc": 0.8995069265365601, "length": 4.9985504150390625, "mode": "train", "epoch": 7}
{"loss": 0.2569490373134613, "acc": 0.8952689170837402, "length": 5.0, "mode": "test", "epoch": 7}
{"loss": 0.22948294878005981, "acc": 0.9046412110328674, "length": 4.998920440673828, "mode": "train", "epoch": 8}
{"loss": 0.24271386861801147, "acc": 0.9009396433830261, "length": 5.0, "mode": "test", "epoch": 8}
{"loss": 0.22967495024204254, "acc": 0.9054068326950073, "length": 4.999611854553223, "mode": "train", "epoch": 9}
{"loss": 0.23760131001472473, "acc": 0.9060919284820557, "length": 5.0, "mode": "test", "epoch": 9}
{"loss": 0.22019752860069275, "acc": 0.9104061126708984, "length": 4.9994215965271, "mode": "train", "epoch": 10}
{"loss": 0.23700986802577972, "acc": 0.9054762721061707, "length": 5.0, "mode": "test", "epoch": 10}
{"loss": 0.21597403287887573, "acc": 0.9102302193641663, "length": 4.999862194061279, "mode": "train", "epoch": 11}
{"loss": 0.23397809267044067, "acc": 0.9072260856628418, "length": 5.0, "mode": "test", "epoch": 11}
{"loss": 0.22292575240135193, "acc": 0.9086065888404846, "length": 4.999615669250488, "mode": "train", "epoch": 12}
{"loss": 0.2636795938014984, "acc": 0.8869085311889648, "length": 5.0, "mode": "test", "epoch": 12}
{"loss": 0.21674776077270508, "acc": 0.9107276797294617, "length": 4.9998297691345215, "mode": "train", "epoch": 13}
{"loss": 0.2327309399843216, "acc": 0.9080038666725159, "length": 5.0, "mode": "test", "epoch": 13}
{"loss": 0.21559856832027435, "acc": 0.9132575392723083, "length": 4.999911308288574, "mode": "train", "epoch": 14}
{"loss": 0.24925634264945984, "acc": 0.9037912487983704, "length": 5.0, "mode": "test", "epoch": 14}
{"loss": 0.21155871450901031, "acc": 0.9124844074249268, "length": 4.999409198760986, "mode": "train", "epoch": 15}
{"loss": 0.22162564098834991, "acc": 0.9121841192245483, "length": 5.0, "mode": "test", "epoch": 15}
{"loss": 0.2181428223848343, "acc": 0.9095944166183472, "length": 4.999937534332275, "mode": "train", "epoch": 16}
{"loss": 0.2308642864227295, "acc": 0.9014581441879272, "length": 5.0, "mode": "test", "epoch": 16}
{"loss": 0.23399652540683746, "acc": 0.9069798588752747, "length": 4.99996280670166, "mode": "train", "epoch": 17}
{"loss": 0.23155009746551514, "acc": 0.9070317149162292, "length": 5.0, "mode": "test", "epoch": 17}
{"loss": 0.2066461443901062, "acc": 0.9177297353744507, "length": 4.999862194061279, "mode": "train", "epoch": 18}
{"loss": 0.21589577198028564, "acc": 0.9133182764053345, "length": 5.0, "mode": "test", "epoch": 18}
{"loss": 0.2002549171447754, "acc": 0.918872594833374, "length": 4.9996747970581055, "mode": "train", "epoch": 19}
{"loss": 0.21317458152770996, "acc": 0.9164613485336304, "length": 5.0, "mode": "test", "epoch": 19}
{"loss": 0.19541479647159576, "acc": 0.9198377728462219, "length": 4.999936103820801, "mode": "train", "epoch": 20}
{"loss": 0.22560133039951324, "acc": 0.9117951393127441, "length": 5.0, "mode": "test", "epoch": 20}
{"loss": 0.19454242289066315, "acc": 0.9212085008621216, "length": 4.999850749969482, "mode": "train", "epoch": 21}
{"loss": 0.2136111706495285, "acc": 0.9201232194900513, "length": 5.0, "mode": "test", "epoch": 21}
{"loss": 0.1971171349287033, "acc": 0.919943630695343, "length": 4.9998345375061035, "mode": "train", "epoch": 22}
{"loss": 0.20692700147628784, "acc": 0.9181464314460754, "length": 5.0, "mode": "test", "epoch": 22}
{"loss": 0.19219984114170074, "acc": 0.9219654202461243, "length": 4.999815940856934, "mode": "train", "epoch": 23}
{"loss": 0.21687979996204376, "acc": 0.9141932129859924, "length": 5.0, "mode": "test", "epoch": 23}
{"loss": 0.19486568868160248, "acc": 0.9215688705444336, "length": 4.999997138977051, "mode": "train", "epoch": 24}
{"loss": 0.21622203290462494, "acc": 0.9171420335769653, "length": 5.0, "mode": "test", "epoch": 24}
{"loss": 0.1943802684545517, "acc": 0.9215691685676575, "length": 4.999950885772705, "mode": "train", "epoch": 25}
{"loss": 0.21560660004615784, "acc": 0.9164289832115173, "length": 5.0, "mode": "test", "epoch": 25}
{"loss": 0.19248555600643158, "acc": 0.9216976165771484, "length": 4.999929904937744, "mode": "train", "epoch": 26}
{"loss": 0.21472227573394775, "acc": 0.915942907333374, "length": 5.0, "mode": "test", "epoch": 26}
{"loss": 0.18629294633865356, "acc": 0.9253937602043152, "length": 4.9999680519104, "mode": "train", "epoch": 27}
{"loss": 0.22183682024478912, "acc": 0.9167530536651611, "length": 5.0, "mode": "test", "epoch": 27}
{"loss": 0.19782549142837524, "acc": 0.9198076128959656, "length": 4.999998092651367, "mode": "train", "epoch": 28}
{"loss": 0.21400752663612366, "acc": 0.9154569506645203, "length": 5.0, "mode": "test", "epoch": 28}
{"loss": 0.19231988489627838, "acc": 0.9221612811088562, "length": 4.99992561340332, "mode": "train", "epoch": 29}
{"loss": 0.23931200802326202, "acc": 0.8994490504264832, "length": 5.0, "mode": "test", "epoch": 29}
{"loss": 0.19409550726413727, "acc": 0.922918975353241, "length": 4.9999494552612305, "mode": "train", "epoch": 30}
{"loss": 0.21982519328594208, "acc": 0.9178224802017212, "length": 5.0, "mode": "test", "epoch": 30}
{"loss": 0.18811365962028503, "acc": 0.9244866371154785, "length": 4.999996185302734, "mode": "train", "epoch": 31}
{"loss": 0.2212468683719635, "acc": 0.918502926826477, "length": 5.0, "mode": "test", "epoch": 31}
{"loss": 0.19273991882801056, "acc": 0.9244213104248047, "length": 4.99993371963501, "mode": "train", "epoch": 32}
{"loss": 0.21263089776039124, "acc": 0.9179844856262207, "length": 5.0, "mode": "test", "epoch": 32}
{"loss": 0.18389269709587097, "acc": 0.9263187050819397, "length": 4.99977970123291, "mode": "train", "epoch": 33}
{"loss": 0.21345624327659607, "acc": 0.9204147458076477, "length": 5.0, "mode": "test", "epoch": 33}
{"loss": 0.17888158559799194, "acc": 0.9279012084007263, "length": 4.999990463256836, "mode": "train", "epoch": 34}
{"loss": 0.20572850108146667, "acc": 0.9230718612670898, "length": 5.0, "mode": "test", "epoch": 34}
{"loss": 0.18095159530639648, "acc": 0.9267017841339111, "length": 4.9999918937683105, "mode": "train", "epoch": 35}
{"loss": 0.21289987862110138, "acc": 0.917757511138916, "length": 5.0, "mode": "test", "epoch": 35}
{"loss": 0.17788255214691162, "acc": 0.929262101650238, "length": 4.9997239112854, "mode": "train", "epoch": 36}
{"loss": 0.20837728679180145, "acc": 0.9203823208808899, "length": 5.0, "mode": "test", "epoch": 36}
{"loss": 0.1758999079465866, "acc": 0.9295960068702698, "length": 4.999929428100586, "mode": "train", "epoch": 37}
{"loss": 0.20273597538471222, "acc": 0.9239792823791504, "length": 5.0, "mode": "test", "epoch": 37}
{"loss": 0.1900947242975235, "acc": 0.9234554767608643, "length": 4.999721050262451, "mode": "train", "epoch": 38}
{"loss": 0.21717818081378937, "acc": 0.9192481637001038, "length": 5.0, "mode": "test", "epoch": 38}
{"loss": 0.18855327367782593, "acc": 0.9245727062225342, "length": 4.999981880187988, "mode": "train", "epoch": 39}
{"loss": 0.24083857238292694, "acc": 0.908490002155304, "length": 5.0, "mode": "test", "epoch": 39}
{"loss": 0.19532613456249237, "acc": 0.9211907386779785, "length": 4.999964237213135, "mode": "train", "epoch": 40}
{"loss": 0.21155038475990295, "acc": 0.9185999035835266, "length": 5.0, "mode": "test", "epoch": 40}
{"loss": 0.18333345651626587, "acc": 0.9265146851539612, "length": 4.9994587898254395, "mode": "train", "epoch": 41}
{"loss": 0.21016770601272583, "acc": 0.9224563241004944, "length": 5.0, "mode": "test", "epoch": 41}
{"loss": 0.1840551346540451, "acc": 0.926494836807251, "length": 4.999931812286377, "mode": "train", "epoch": 42}
{"loss": 0.21523533761501312, "acc": 0.9193777441978455, "length": 5.0, "mode": "test", "epoch": 42}
{"loss": 0.1710638701915741, "acc": 0.9317697882652283, "length": 4.999988079071045, "mode": "train", "epoch": 43}
{"loss": 0.21722717583179474, "acc": 0.9183732271194458, "length": 5.0, "mode": "test", "epoch": 43}
{"loss": 0.23037496209144592, "acc": 0.9033229351043701, "length": 4.999799728393555, "mode": "train", "epoch": 44}
{"loss": 0.2802526354789734, "acc": 0.895592987537384, "length": 5.0, "mode": "test", "epoch": 44}
{"loss": 0.21073436737060547, "acc": 0.9152169823646545, "length": 4.999524116516113, "mode": "train", "epoch": 45}
{"loss": 0.231406569480896, "acc": 0.9120544195175171, "length": 5.0, "mode": "test", "epoch": 45}
{"loss": 0.19733108580112457, "acc": 0.9204366207122803, "length": 4.999659538269043, "mode": "train", "epoch": 46}
{"loss": 0.22420835494995117, "acc": 0.9125080108642578, "length": 5.0, "mode": "test", "epoch": 46}
{"loss": 0.18283836543560028, "acc": 0.9288303852081299, "length": 4.999983310699463, "mode": "train", "epoch": 47}
{"loss": 0.2190590649843216, "acc": 0.9219378232955933, "length": 5.0, "mode": "test", "epoch": 47}
{"loss": 0.19440124928951263, "acc": 0.9231249094009399, "length": 4.999974250793457, "mode": "train", "epoch": 48}
{"loss": 0.2195158153772354, "acc": 0.9176281094551086, "length": 5.0, "mode": "test", "epoch": 48}
{"loss": 0.18841372430324554, "acc": 0.9254375696182251, "length": 4.99998664855957, "mode": "train", "epoch": 49}
{"loss": 0.21651948988437653, "acc": 0.9199610948562622, "length": 5.0, "mode": "test", "epoch": 49}
{"loss": 0.22766220569610596, "acc": 0.909141480922699, "length": 4.999985218048096, "mode": "train", "epoch": 50}
{"loss": 0.2583847939968109, "acc": 0.8969540596008301, "length": 5.0, "mode": "test", "epoch": 50}
{"loss": 0.20706237852573395, "acc": 0.9165869355201721, "length": 4.999979019165039, "mode": "train", "epoch": 51}
{"loss": 0.2217491865158081, "acc": 0.9191186428070068, "length": 5.0, "mode": "test", "epoch": 51}
{"loss": 0.19946783781051636, "acc": 0.9207799434661865, "length": 4.999992370605469, "mode": "train", "epoch": 52}
{"loss": 0.23359301686286926, "acc": 0.9099804759025574, "length": 5.0, "mode": "test", "epoch": 52}
{"loss": 0.23972859978675842, "acc": 0.9003300666809082, "length": 4.999728202819824, "mode": "train", "epoch": 53}
{"loss": 0.2638023793697357, "acc": 0.9004860520362854, "length": 5.0, "mode": "test", "epoch": 53}
{"loss": 0.23015089333057404, "acc": 0.9082444906234741, "length": 4.999970436096191, "mode": "train", "epoch": 54}
{"loss": 0.25332245230674744, "acc": 0.8986066579818726, "length": 5.0, "mode": "test", "epoch": 54}
{"loss": 0.2339370995759964, "acc": 0.9063863158226013, "length": 4.999994277954102, "mode": "train", "epoch": 55}
{"loss": 0.2751959264278412, "acc": 0.890311062335968, "length": 5.0, "mode": "test", "epoch": 55}
{"loss": 0.2457336187362671, "acc": 0.8986988663673401, "length": 4.999819755554199, "mode": "train", "epoch": 56}
{"loss": 0.2536987364292145, "acc": 0.8961763381958008, "length": 5.0, "mode": "test", "epoch": 56}
{"loss": 0.23848064243793488, "acc": 0.901145339012146, "length": 4.999996662139893, "mode": "train", "epoch": 57}
{"loss": 0.24849708378314972, "acc": 0.903564453125, "length": 5.0, "mode": "test", "epoch": 57}
{"loss": 0.21860848367214203, "acc": 0.9113191962242126, "length": 4.9997100830078125, "mode": "train", "epoch": 58}
{"loss": 0.24078574776649475, "acc": 0.9063188433647156, "length": 5.0, "mode": "test", "epoch": 58}
{"loss": 0.21431183815002441, "acc": 0.9130399227142334, "length": 4.999951362609863, "mode": "train", "epoch": 59}
{"loss": 0.231666699051857, "acc": 0.908263087272644, "length": 5.0, "mode": "test", "epoch": 59}
{"loss": 0.21847480535507202, "acc": 0.9122300148010254, "length": 4.999603748321533, "mode": "train", "epoch": 60}
{"loss": 0.23706144094467163, "acc": 0.9088463187217712, "length": 5.0, "mode": "test", "epoch": 60}
{"loss": 0.20831544697284698, "acc": 0.9187264442443848, "length": 4.99998140335083, "mode": "train", "epoch": 61}
{"loss": 0.22441451251506805, "acc": 0.9150032997131348, "length": 5.0, "mode": "test", "epoch": 61}
{"loss": 0.19754374027252197, "acc": 0.9234520196914673, "length": 4.999881267547607, "mode": "train", "epoch": 62}
{"loss": 0.22457711398601532, "acc": 0.9199610948562622, "length": 5.0, "mode": "test", "epoch": 62}
{"loss": 0.19054384529590607, "acc": 0.9244644641876221, "length": 4.9999895095825195, "mode": "train", "epoch": 63}
{"loss": 0.22076533734798431, "acc": 0.9184380173683167, "length": 5.0, "mode": "test", "epoch": 63}
{"loss": 0.1875770390033722, "acc": 0.9266693592071533, "length": 4.999993801116943, "mode": "train", "epoch": 64}
{"loss": 0.21765939891338348, "acc": 0.9198639392852783, "length": 5.0, "mode": "test", "epoch": 64}
{"loss": 0.1810263991355896, "acc": 0.9300518035888672, "length": 4.999995708465576, "mode": "train", "epoch": 65}
{"loss": 0.2163885235786438, "acc": 0.9194103479385376, "length": 5.0, "mode": "test", "epoch": 65}
{"loss": 0.19336383044719696, "acc": 0.9230273962020874, "length": 4.9999918937683105, "mode": "train", "epoch": 66}
{"loss": 0.218678280711174, "acc": 0.9200906753540039, "length": 5.0, "mode": "test", "epoch": 66}
{"loss": 0.18133141100406647, "acc": 0.9282352924346924, "length": 4.999978542327881, "mode": "train", "epoch": 67}
{"loss": 0.21135863661766052, "acc": 0.9231367111206055, "length": 5.0, "mode": "test", "epoch": 67}
{"loss": 0.17302192747592926, "acc": 0.9301599264144897, "length": 5.0, "mode": "train", "epoch": 68}
{"loss": 0.20445729792118073, "acc": 0.92521071434021, "length": 5.0, "mode": "test", "epoch": 68}
{"loss": 0.17051413655281067, "acc": 0.9328867197036743, "length": 4.999784469604492, "mode": "train", "epoch": 69}
{"loss": 0.20731902122497559, "acc": 0.9228776693344116, "length": 5.0, "mode": "test", "epoch": 69}
{"loss": 0.1730675995349884, "acc": 0.9316937923431396, "length": 4.999974250793457, "mode": "train", "epoch": 70}
{"loss": 0.24214118719100952, "acc": 0.9064809083938599, "length": 5.0, "mode": "test", "epoch": 70}
{"loss": 0.1852216273546219, "acc": 0.9262046217918396, "length": 4.99999475479126, "mode": "train", "epoch": 71}
{"loss": 0.20717118680477142, "acc": 0.9245948791503906, "length": 5.0, "mode": "test", "epoch": 71}
{"loss": 0.16903331875801086, "acc": 0.9338878393173218, "length": 4.999994277954102, "mode": "train", "epoch": 72}
{"loss": 0.2133360505104065, "acc": 0.9237847924232483, "length": 5.0, "mode": "test", "epoch": 72}
{"loss": 0.1813739389181137, "acc": 0.9277282357215881, "length": 4.9999871253967285, "mode": "train", "epoch": 73}
{"loss": 0.217016339302063, "acc": 0.9219701886177063, "length": 5.0, "mode": "test", "epoch": 73}
{"loss": 0.17994001507759094, "acc": 0.9286362528800964, "length": 4.999998092651367, "mode": "train", "epoch": 74}
{"loss": 0.2142951935529709, "acc": 0.9206740856170654, "length": 5.0, "mode": "test", "epoch": 74}
{"loss": 0.16973577439785004, "acc": 0.9342220425605774, "length": 4.9999680519104, "mode": "train", "epoch": 75}
{"loss": 0.20285075902938843, "acc": 0.9288075566291809, "length": 5.0, "mode": "test", "epoch": 75}
{"loss": 0.17767645418643951, "acc": 0.929976224899292, "length": 4.999999046325684, "mode": "train", "epoch": 76}
{"loss": 0.2020213007926941, "acc": 0.9269280433654785, "length": 5.0, "mode": "test", "epoch": 76}
{"loss": 0.1746228188276291, "acc": 0.9315215945243835, "length": 4.999999046325684, "mode": "train", "epoch": 77}
{"loss": 0.21968711912631989, "acc": 0.9244979023933411, "length": 5.0, "mode": "test", "epoch": 77}
{"loss": 0.18786782026290894, "acc": 0.9252432584762573, "length": 4.999999046325684, "mode": "train", "epoch": 78}
{"loss": 0.21179351210594177, "acc": 0.9198315143585205, "length": 5.0, "mode": "test", "epoch": 78}
{"loss": 0.19232860207557678, "acc": 0.9244866371154785, "length": 4.999999046325684, "mode": "train", "epoch": 79}
{"loss": 0.21317121386528015, "acc": 0.9199610948562622, "length": 5.0, "mode": "test", "epoch": 79}
{"loss": 0.18510060012340546, "acc": 0.9306026697158813, "length": 4.999992370605469, "mode": "train", "epoch": 80}
{"loss": 0.1961732804775238, "acc": 0.9284835457801819, "length": 5.0, "mode": "test", "epoch": 80}
{"loss": 0.16698840260505676, "acc": 0.936664342880249, "length": 4.99997615814209, "mode": "train", "epoch": 81}
{"loss": 0.19288495182991028, "acc": 0.9262475967407227, "length": 5.0, "mode": "test", "epoch": 81}
{"loss": 0.17928294837474823, "acc": 0.9312455058097839, "length": 4.999783992767334, "mode": "train", "epoch": 82}
{"loss": 0.1998751014471054, "acc": 0.9313027262687683, "length": 5.0, "mode": "test", "epoch": 82}
{"loss": 0.18788301944732666, "acc": 0.9268858432769775, "length": 4.999998569488525, "mode": "train", "epoch": 83}
{"loss": 0.21742118895053864, "acc": 0.924951434135437, "length": 5.0, "mode": "test", "epoch": 83}
{"loss": 0.17879243195056915, "acc": 0.9322863817214966, "length": 4.999948024749756, "mode": "train", "epoch": 84}
{"loss": 0.22264699637889862, "acc": 0.9214193224906921, "length": 5.0, "mode": "test", "epoch": 84}
{"loss": 0.1777828186750412, "acc": 0.9331640601158142, "length": 5.0, "mode": "train", "epoch": 85}
{"loss": 0.20263411104679108, "acc": 0.9281269907951355, "length": 5.0, "mode": "test", "epoch": 85}
{"loss": 0.17499969899654388, "acc": 0.9335640072822571, "length": 5.0, "mode": "train", "epoch": 86}
{"loss": 0.20286326110363007, "acc": 0.9271872639656067, "length": 5.0, "mode": "test", "epoch": 86}
{"loss": 0.16453199088573456, "acc": 0.9372594952583313, "length": 4.999999046325684, "mode": "train", "epoch": 87}
{"loss": 0.19198687374591827, "acc": 0.9331496357917786, "length": 5.0, "mode": "test", "epoch": 87}
{"loss": 0.1828361451625824, "acc": 0.9302356243133545, "length": 4.999998569488525, "mode": "train", "epoch": 88}
{"loss": 0.23230776190757751, "acc": 0.9161050319671631, "length": 5.0, "mode": "test", "epoch": 88}
{"loss": 0.19641044735908508, "acc": 0.9242056012153625, "length": 4.999999523162842, "mode": "train", "epoch": 89}
{"loss": 0.21418467164039612, "acc": 0.9253725409507751, "length": 5.0, "mode": "test", "epoch": 89}
{"loss": 0.1752481758594513, "acc": 0.9333153367042542, "length": 4.999998092651367, "mode": "train", "epoch": 90}
{"loss": 0.20813602209091187, "acc": 0.9289695024490356, "length": 5.0, "mode": "test", "epoch": 90}
{"loss": 0.1662156730890274, "acc": 0.9353576898574829, "length": 5.0, "mode": "train", "epoch": 91}
{"loss": 0.20053082704544067, "acc": 0.9303305745124817, "length": 5.0, "mode": "test", "epoch": 91}
{"loss": 0.16541501879692078, "acc": 0.9371829032897949, "length": 4.999939441680908, "mode": "train", "epoch": 92}
{"loss": 0.18877385556697845, "acc": 0.9304600954055786, "length": 5.0, "mode": "test", "epoch": 92}
{"loss": 0.1607045978307724, "acc": 0.9385346174240112, "length": 5.0, "mode": "train", "epoch": 93}
{"loss": 0.1847342997789383, "acc": 0.9337977766990662, "length": 5.0, "mode": "test", "epoch": 93}
{"loss": 0.15414416790008545, "acc": 0.9412034153938293, "length": 4.999977111816406, "mode": "train", "epoch": 94}
{"loss": 0.18821363151073456, "acc": 0.9350940585136414, "length": 5.0, "mode": "test", "epoch": 94}
{"loss": 0.154839888215065, "acc": 0.9423277378082275, "length": 5.0, "mode": "train", "epoch": 95}
{"loss": 0.19246719777584076, "acc": 0.9380428791046143, "length": 5.0, "mode": "test", "epoch": 95}
{"loss": 0.15500211715698242, "acc": 0.9418841004371643, "length": 4.999974727630615, "mode": "train", "epoch": 96}
{"loss": 0.1823520064353943, "acc": 0.9358717203140259, "length": 5.0, "mode": "test", "epoch": 96}
{"loss": 0.15639832615852356, "acc": 0.9414846301078796, "length": 4.999997615814209, "mode": "train", "epoch": 97}
{"loss": 0.19964499771595, "acc": 0.9312053322792053, "length": 5.0, "mode": "test", "epoch": 97}
{"loss": 0.16014571487903595, "acc": 0.9396251440048218, "length": 4.999955654144287, "mode": "train", "epoch": 98}
{"loss": 0.2183608114719391, "acc": 0.92521071434021, "length": 5.0, "mode": "test", "epoch": 98}
{"loss": 0.1854587346315384, "acc": 0.9298355579376221, "length": 4.999999046325684, "mode": "train", "epoch": 99}
{"loss": 0.20971783995628357, "acc": 0.9254374504089355, "length": 5.0, "mode": "test", "epoch": 99}
{"loss": 0.16556183993816376, "acc": 0.9382420778274536, "length": 4.999988555908203, "mode": "train", "epoch": 100}
{"loss": 0.18645192682743073, "acc": 0.9348671436309814, "length": 5.0, "mode": "test", "epoch": 100}
test accuracy: 0.8922516107559204
