# ["--attributes=4", "--values=3", "--game_size=10", "--vocab_size_factor=3", "--n_epochs=100", "--batch_size=32", "--learning_rate=0.0005", "--hidden_size=256", "--temp_update=0.97", "--temperature=2"]
Creating train_ds and val_ds...

Creating test_ds...
{"loss": 0.604665219783783, "acc": 0.6469889283180237, "length": 3.07320499420166, "mode": "train", "epoch": 1}
{"loss": 0.5442148447036743, "acc": 0.7507818341255188, "length": 3.838292360305786, "mode": "test", "epoch": 1}
{"loss": 0.4271784722805023, "acc": 0.8063667416572571, "length": 4.3628621101379395, "mode": "train", "epoch": 2}
{"loss": 0.4337076246738434, "acc": 0.81390380859375, "length": 4.982535362243652, "mode": "test", "epoch": 2}
{"loss": 0.3258100152015686, "acc": 0.8583537936210632, "length": 4.905864715576172, "mode": "train", "epoch": 3}
{"loss": 0.3674948215484619, "acc": 0.8565977215766907, "length": 5.0, "mode": "test", "epoch": 3}
{"loss": 0.2881077229976654, "acc": 0.8753888010978699, "length": 4.982187747955322, "mode": "train", "epoch": 4}
{"loss": 0.3022248446941376, "acc": 0.8791720271110535, "length": 5.0, "mode": "test", "epoch": 4}
{"loss": 0.2757781445980072, "acc": 0.8781935572624207, "length": 4.991210460662842, "mode": "train", "epoch": 5}
{"loss": 0.3020862340927124, "acc": 0.8802071213722229, "length": 5.0, "mode": "test", "epoch": 5}
{"loss": 0.2645522952079773, "acc": 0.8816267251968384, "length": 4.9955573081970215, "mode": "train", "epoch": 6}
{"loss": 0.2810504734516144, "acc": 0.8797218799591064, "length": 5.0, "mode": "test", "epoch": 6}
{"loss": 0.2599430978298187, "acc": 0.8829720616340637, "length": 4.996842384338379, "mode": "train", "epoch": 7}
{"loss": 0.27648746967315674, "acc": 0.8812742829322815, "length": 5.0, "mode": "test", "epoch": 7}
{"loss": 0.2541421949863434, "acc": 0.8848820328712463, "length": 4.997743129730225, "mode": "train", "epoch": 8}
{"loss": 0.26525697112083435, "acc": 0.8847348093986511, "length": 5.0, "mode": "test", "epoch": 8}
{"loss": 0.24452674388885498, "acc": 0.8894162178039551, "length": 4.998159885406494, "mode": "train", "epoch": 9}
{"loss": 0.24426588416099548, "acc": 0.8920115828514099, "length": 5.0, "mode": "test", "epoch": 9}
{"loss": 0.21201585233211517, "acc": 0.9093826413154602, "length": 4.998572826385498, "mode": "train", "epoch": 10}
{"loss": 0.23066642880439758, "acc": 0.9065330028533936, "length": 5.0, "mode": "test", "epoch": 10}
{"loss": 0.19951465725898743, "acc": 0.9167323708534241, "length": 4.998779296875, "mode": "train", "epoch": 11}
{"loss": 0.21401038765907288, "acc": 0.9163001775741577, "length": 5.0, "mode": "test", "epoch": 11}
{"loss": 0.18269960582256317, "acc": 0.9266270399093628, "length": 4.999004364013672, "mode": "train", "epoch": 12}
{"loss": 0.20290261507034302, "acc": 0.9194374084472656, "length": 5.0, "mode": "test", "epoch": 12}
{"loss": 0.1749606877565384, "acc": 0.9292399883270264, "length": 4.998807907104492, "mode": "train", "epoch": 13}
{"loss": 0.19612760841846466, "acc": 0.9256144762039185, "length": 5.0, "mode": "test", "epoch": 13}
{"loss": 0.16418154537677765, "acc": 0.9374010562896729, "length": 4.998622894287109, "mode": "train", "epoch": 14}
{"loss": 0.20208580791950226, "acc": 0.9286870956420898, "length": 5.0, "mode": "test", "epoch": 14}
{"loss": 0.15557248890399933, "acc": 0.9395261406898499, "length": 4.999368667602539, "mode": "train", "epoch": 15}
{"loss": 0.18445485830307007, "acc": 0.9306597709655762, "length": 5.0, "mode": "test", "epoch": 15}
{"loss": 0.14715738594532013, "acc": 0.9433420896530151, "length": 4.99906587600708, "mode": "train", "epoch": 16}
{"loss": 0.18049417436122894, "acc": 0.9350906610488892, "length": 5.0, "mode": "test", "epoch": 16}
{"loss": 0.14256347715854645, "acc": 0.9459318518638611, "length": 4.999095916748047, "mode": "train", "epoch": 17}
{"loss": 0.16985984146595, "acc": 0.9403300285339355, "length": 5.0, "mode": "test", "epoch": 17}
{"loss": 0.1368318647146225, "acc": 0.9476302266120911, "length": 4.999450206756592, "mode": "train", "epoch": 18}
{"loss": 0.16911916434764862, "acc": 0.9388096928596497, "length": 5.0, "mode": "test", "epoch": 18}
{"loss": 0.11949276179075241, "acc": 0.9553955793380737, "length": 4.999367713928223, "mode": "train", "epoch": 19}
{"loss": 0.1716313362121582, "acc": 0.937968909740448, "length": 5.0, "mode": "test", "epoch": 19}
{"loss": 0.11348409950733185, "acc": 0.9592944979667664, "length": 4.999625205993652, "mode": "train", "epoch": 20}
{"loss": 0.1384839117527008, "acc": 0.9514554142951965, "length": 5.0, "mode": "test", "epoch": 20}
{"loss": 0.1138610988855362, "acc": 0.9576139450073242, "length": 4.99971342086792, "mode": "train", "epoch": 21}
{"loss": 0.15824156999588013, "acc": 0.9476391077041626, "length": 5.0, "mode": "test", "epoch": 21}
{"loss": 0.10355804860591888, "acc": 0.9620492458343506, "length": 4.999762058258057, "mode": "train", "epoch": 22}
{"loss": 0.1312495768070221, "acc": 0.9546571373939514, "length": 5.0, "mode": "test", "epoch": 22}
{"loss": 0.09577520191669464, "acc": 0.9655123353004456, "length": 4.999791622161865, "mode": "train", "epoch": 23}
{"loss": 0.12927058339118958, "acc": 0.9537192583084106, "length": 5.0, "mode": "test", "epoch": 23}
{"loss": 0.08994240313768387, "acc": 0.9682971239089966, "length": 4.9998579025268555, "mode": "train", "epoch": 24}
{"loss": 0.11899437010288239, "acc": 0.9589909911155701, "length": 5.0, "mode": "test", "epoch": 24}
{"loss": 0.08125409483909607, "acc": 0.9720615744590759, "length": 4.99972677230835, "mode": "train", "epoch": 25}
{"loss": 0.11939991265535355, "acc": 0.958408772945404, "length": 5.0, "mode": "test", "epoch": 25}
{"loss": 0.08372656255960464, "acc": 0.9698399305343628, "length": 4.999818325042725, "mode": "train", "epoch": 26}
{"loss": 0.1307222694158554, "acc": 0.9576326012611389, "length": 5.0, "mode": "test", "epoch": 26}
{"loss": 0.0819501131772995, "acc": 0.970186710357666, "length": 4.9998860359191895, "mode": "train", "epoch": 27}
{"loss": 0.1204749196767807, "acc": 0.9597024917602539, "length": 5.0, "mode": "test", "epoch": 27}
{"loss": 0.09313999861478806, "acc": 0.9663324356079102, "length": 4.999854564666748, "mode": "train", "epoch": 28}
{"loss": 0.13873179256916046, "acc": 0.9602199792861938, "length": 5.0, "mode": "test", "epoch": 28}
{"loss": 0.08383188396692276, "acc": 0.9709427356719971, "length": 4.99996280670166, "mode": "train", "epoch": 29}
{"loss": 0.131105437874794, "acc": 0.9611901640892029, "length": 5.0, "mode": "test", "epoch": 29}
{"loss": 0.07536535710096359, "acc": 0.9738978147506714, "length": 4.999916076660156, "mode": "train", "epoch": 30}
{"loss": 0.12194985151290894, "acc": 0.9613518714904785, "length": 5.0, "mode": "test", "epoch": 30}
{"loss": 0.07656532526016235, "acc": 0.9734668731689453, "length": 4.999922752380371, "mode": "train", "epoch": 31}
{"loss": 0.10603689402341843, "acc": 0.966688334941864, "length": 5.0, "mode": "test", "epoch": 31}
{"loss": 0.0680578351020813, "acc": 0.9760650396347046, "length": 4.999780178070068, "mode": "train", "epoch": 32}
{"loss": 0.11054220050573349, "acc": 0.965168297290802, "length": 5.0, "mode": "test", "epoch": 32}
{"loss": 0.0729217529296875, "acc": 0.9742655754089355, "length": 4.999972343444824, "mode": "train", "epoch": 33}
{"loss": 0.10544850677251816, "acc": 0.9656209349632263, "length": 5.0, "mode": "test", "epoch": 33}
{"loss": 0.07922134548425674, "acc": 0.9727325439453125, "length": 4.999918460845947, "mode": "train", "epoch": 34}
{"loss": 0.1174386739730835, "acc": 0.9620633125305176, "length": 5.0, "mode": "test", "epoch": 34}
{"loss": 0.06977316737174988, "acc": 0.9750644564628601, "length": 4.999977111816406, "mode": "train", "epoch": 35}
{"loss": 0.12046855688095093, "acc": 0.9611254930496216, "length": 5.0, "mode": "test", "epoch": 35}
{"loss": 0.07119397819042206, "acc": 0.9750967025756836, "length": 4.999910831451416, "mode": "train", "epoch": 36}
{"loss": 0.1281406283378601, "acc": 0.9615781903266907, "length": 5.0, "mode": "test", "epoch": 36}
{"loss": 0.0756504237651825, "acc": 0.9737025499343872, "length": 4.999738693237305, "mode": "train", "epoch": 37}
{"loss": 0.12326351553201675, "acc": 0.9589260816574097, "length": 5.0, "mode": "test", "epoch": 37}
{"loss": 0.09236186742782593, "acc": 0.9674965143203735, "length": 4.9997100830078125, "mode": "train", "epoch": 38}
{"loss": 0.10632261633872986, "acc": 0.9644241333007812, "length": 5.0, "mode": "test", "epoch": 38}
{"loss": 0.07118184864521027, "acc": 0.9743727445602417, "length": 4.999855995178223, "mode": "train", "epoch": 39}
{"loss": 0.09245170652866364, "acc": 0.9710220098495483, "length": 5.0, "mode": "test", "epoch": 39}
{"loss": 0.06664939224720001, "acc": 0.9770916700363159, "length": 4.99992036819458, "mode": "train", "epoch": 40}
{"loss": 0.11308488994836807, "acc": 0.9623867273330688, "length": 5.0, "mode": "test", "epoch": 40}
{"loss": 0.07767335325479507, "acc": 0.9734461903572083, "length": 4.999838829040527, "mode": "train", "epoch": 41}
{"loss": 0.1341618448495865, "acc": 0.9583441019058228, "length": 5.0, "mode": "test", "epoch": 41}
{"loss": 0.08995141088962555, "acc": 0.9698854684829712, "length": 4.999990940093994, "mode": "train", "epoch": 42}
{"loss": 0.13783888518810272, "acc": 0.9535899758338928, "length": 5.0, "mode": "test", "epoch": 42}
{"loss": 0.0756695419549942, "acc": 0.973812997341156, "length": 4.999993324279785, "mode": "train", "epoch": 43}
{"loss": 0.09831687808036804, "acc": 0.9703751802444458, "length": 5.0, "mode": "test", "epoch": 43}
{"loss": 0.06394195556640625, "acc": 0.9783223867416382, "length": 4.999885559082031, "mode": "train", "epoch": 44}
{"loss": 0.08638086915016174, "acc": 0.9735445976257324, "length": 5.0, "mode": "test", "epoch": 44}
{"loss": 0.11141833662986755, "acc": 0.9619943499565125, "length": 4.999838829040527, "mode": "train", "epoch": 45}
{"loss": 0.1584751009941101, "acc": 0.9434993863105774, "length": 5.0, "mode": "test", "epoch": 45}
{"loss": 0.09273812174797058, "acc": 0.9672622680664062, "length": 4.999760627746582, "mode": "train", "epoch": 46}
{"loss": 0.09547866135835648, "acc": 0.9686933755874634, "length": 5.0, "mode": "test", "epoch": 46}
{"loss": 0.06606552004814148, "acc": 0.9778699278831482, "length": 4.999976634979248, "mode": "train", "epoch": 47}
{"loss": 0.10989435017108917, "acc": 0.9664942026138306, "length": 5.0, "mode": "test", "epoch": 47}
{"loss": 0.06951425969600677, "acc": 0.9759165644645691, "length": 4.999973297119141, "mode": "train", "epoch": 48}
{"loss": 0.10171308368444443, "acc": 0.9683701395988464, "length": 5.0, "mode": "test", "epoch": 48}
{"loss": 0.08201862871646881, "acc": 0.9718709588050842, "length": 4.99999475479126, "mode": "train", "epoch": 49}
{"loss": 0.14400966465473175, "acc": 0.9515524506568909, "length": 5.0, "mode": "test", "epoch": 49}
{"loss": 0.08788806200027466, "acc": 0.9686336517333984, "length": 4.999931812286377, "mode": "train", "epoch": 50}
{"loss": 0.10694737732410431, "acc": 0.9674968719482422, "length": 5.0, "mode": "test", "epoch": 50}
{"loss": 0.06838155537843704, "acc": 0.9768449664115906, "length": 4.9999895095825195, "mode": "train", "epoch": 51}
{"loss": 0.08882414549589157, "acc": 0.9728009104728699, "length": 5.0, "mode": "test", "epoch": 51}
{"loss": 0.06056081876158714, "acc": 0.9795303344726562, "length": 4.999914646148682, "mode": "train", "epoch": 52}
{"loss": 0.0909222736954689, "acc": 0.971280574798584, "length": 5.0, "mode": "test", "epoch": 52}
{"loss": 0.05191836506128311, "acc": 0.9831136465072632, "length": 4.999980449676514, "mode": "train", "epoch": 53}
{"loss": 0.0804983377456665, "acc": 0.9766494631767273, "length": 5.0, "mode": "test", "epoch": 53}
{"loss": 0.051158588379621506, "acc": 0.9831483960151672, "length": 4.999774932861328, "mode": "train", "epoch": 54}
{"loss": 0.06912688165903091, "acc": 0.9790425300598145, "length": 5.0, "mode": "test", "epoch": 54}
{"loss": 0.044153809547424316, "acc": 0.9856495261192322, "length": 4.999997138977051, "mode": "train", "epoch": 55}
{"loss": 0.07615695148706436, "acc": 0.980303943157196, "length": 5.0, "mode": "test", "epoch": 55}
{"loss": 0.05644845589995384, "acc": 0.9812039136886597, "length": 4.999976634979248, "mode": "train", "epoch": 56}
{"loss": 0.08851704746484756, "acc": 0.974191427230835, "length": 5.0, "mode": "test", "epoch": 56}
{"loss": 0.06044348329305649, "acc": 0.9806641936302185, "length": 4.999983787536621, "mode": "train", "epoch": 57}
{"loss": 0.08159637451171875, "acc": 0.9755175709724426, "length": 5.0, "mode": "test", "epoch": 57}
{"loss": 0.04550858214497566, "acc": 0.9860377311706543, "length": 4.9999895095825195, "mode": "train", "epoch": 58}
{"loss": 0.06378067284822464, "acc": 0.9802070260047913, "length": 5.0, "mode": "test", "epoch": 58}
{"loss": 0.0393948033452034, "acc": 0.9872004985809326, "length": 4.999842643737793, "mode": "train", "epoch": 59}
{"loss": 0.06692249327898026, "acc": 0.9821150302886963, "length": 5.0, "mode": "test", "epoch": 59}
{"loss": 0.0351390540599823, "acc": 0.9885841012001038, "length": 4.999979496002197, "mode": "train", "epoch": 60}
{"loss": 0.06087104603648186, "acc": 0.9827296733856201, "length": 5.0, "mode": "test", "epoch": 60}
{"loss": 0.03331604599952698, "acc": 0.9895843267440796, "length": 4.99957275390625, "mode": "train", "epoch": 61}
{"loss": 0.07073675096035004, "acc": 0.9802392721176147, "length": 5.0, "mode": "test", "epoch": 61}
{"loss": 0.08028756827116013, "acc": 0.9739354252815247, "length": 4.999694347381592, "mode": "train", "epoch": 62}
{"loss": 0.09488388150930405, "acc": 0.9739003777503967, "length": 5.0, "mode": "test", "epoch": 62}
{"loss": 0.05327458679676056, "acc": 0.9834592342376709, "length": 4.999996662139893, "mode": "train", "epoch": 63}
{"loss": 0.08559757471084595, "acc": 0.975161612033844, "length": 5.0, "mode": "test", "epoch": 63}
{"loss": 0.0438176654279232, "acc": 0.9857683777809143, "length": 4.999998092651367, "mode": "train", "epoch": 64}
{"loss": 0.07135279476642609, "acc": 0.9801099896430969, "length": 5.0, "mode": "test", "epoch": 64}
{"loss": 0.05073430389165878, "acc": 0.983482301235199, "length": 4.999851703643799, "mode": "train", "epoch": 65}
{"loss": 0.08426468819379807, "acc": 0.9774256944656372, "length": 5.0, "mode": "test", "epoch": 65}
{"loss": 0.04023733735084534, "acc": 0.9873543381690979, "length": 4.999989032745361, "mode": "train", "epoch": 66}
{"loss": 0.0708763599395752, "acc": 0.9804656505584717, "length": 5.0, "mode": "test", "epoch": 66}
{"loss": 0.051334448158741, "acc": 0.9832538962364197, "length": 4.9999823570251465, "mode": "train", "epoch": 67}
{"loss": 0.07600332051515579, "acc": 0.9792042970657349, "length": 5.0, "mode": "test", "epoch": 67}
{"loss": 0.04420776665210724, "acc": 0.9861241579055786, "length": 4.9999895095825195, "mode": "train", "epoch": 68}
{"loss": 0.06146310642361641, "acc": 0.9820181727409363, "length": 5.0, "mode": "test", "epoch": 68}
{"loss": 0.03380340337753296, "acc": 0.9892748594284058, "length": 4.9999871253967285, "mode": "train", "epoch": 69}
{"loss": 0.055238667875528336, "acc": 0.9856404066085815, "length": 5.0, "mode": "test", "epoch": 69}
{"loss": 0.032031942158937454, "acc": 0.9904723167419434, "length": 4.9999775886535645, "mode": "train", "epoch": 70}
{"loss": 0.060868605971336365, "acc": 0.9828591346740723, "length": 5.0, "mode": "test", "epoch": 70}
{"loss": 0.03461860120296478, "acc": 0.9899006485939026, "length": 4.999995231628418, "mode": "train", "epoch": 71}
{"loss": 0.04685850813984871, "acc": 0.9870634078979492, "length": 5.0, "mode": "test", "epoch": 71}
{"loss": 0.03160378709435463, "acc": 0.9906095862388611, "length": 4.999842166900635, "mode": "train", "epoch": 72}
{"loss": 0.06515514850616455, "acc": 0.9821152091026306, "length": 5.0, "mode": "test", "epoch": 72}
{"loss": 0.04095996171236038, "acc": 0.9877210855484009, "length": 4.999999046325684, "mode": "train", "epoch": 73}
{"loss": 0.06998922675848007, "acc": 0.9804657697677612, "length": 5.0, "mode": "test", "epoch": 73}
{"loss": 0.07344960421323776, "acc": 0.9797136783599854, "length": 4.999910354614258, "mode": "train", "epoch": 74}
{"loss": 0.09132706373929977, "acc": 0.9747412204742432, "length": 5.0, "mode": "test", "epoch": 74}
{"loss": 0.054543159902095795, "acc": 0.9836642742156982, "length": 4.999992370605469, "mode": "train", "epoch": 75}
{"loss": 0.07177641987800598, "acc": 0.9800775051116943, "length": 5.0, "mode": "test", "epoch": 75}
{"loss": 0.05495477467775345, "acc": 0.9826023578643799, "length": 4.99979829788208, "mode": "train", "epoch": 76}
{"loss": 0.15583732724189758, "acc": 0.9619016647338867, "length": 5.0, "mode": "test", "epoch": 76}
{"loss": 0.07058386504650116, "acc": 0.977279543876648, "length": 4.999791145324707, "mode": "train", "epoch": 77}
{"loss": 0.10917510837316513, "acc": 0.9683698415756226, "length": 5.0, "mode": "test", "epoch": 77}
{"loss": 0.04502777382731438, "acc": 0.9847108125686646, "length": 4.999996662139893, "mode": "train", "epoch": 78}
{"loss": 0.05011139065027237, "acc": 0.9858667850494385, "length": 5.0, "mode": "test", "epoch": 78}
{"loss": 0.034008439630270004, "acc": 0.989501416683197, "length": 4.999998092651367, "mode": "train", "epoch": 79}
{"loss": 0.06991268694400787, "acc": 0.9821797609329224, "length": 5.0, "mode": "test", "epoch": 79}
{"loss": 0.028779631480574608, "acc": 0.9908912181854248, "length": 4.999871253967285, "mode": "train", "epoch": 80}
{"loss": 0.054784826934337616, "acc": 0.9858021140098572, "length": 5.0, "mode": "test", "epoch": 80}
{"loss": 0.023953227326273918, "acc": 0.9926499724388123, "length": 4.9999308586120605, "mode": "train", "epoch": 81}
{"loss": 0.04559670388698578, "acc": 0.9881307482719421, "length": 5.0, "mode": "test", "epoch": 81}
{"loss": 0.023739716038107872, "acc": 0.9928678870201111, "length": 4.999999523162842, "mode": "train", "epoch": 82}
{"loss": 0.037631627172231674, "acc": 0.9902650713920593, "length": 5.0, "mode": "test", "epoch": 82}
{"loss": 0.02355952374637127, "acc": 0.9929108619689941, "length": 4.999989986419678, "mode": "train", "epoch": 83}
{"loss": 0.04476938024163246, "acc": 0.9880660176277161, "length": 5.0, "mode": "test", "epoch": 83}
{"loss": 0.022243160754442215, "acc": 0.992803156375885, "length": 4.999999523162842, "mode": "train", "epoch": 84}
{"loss": 0.040683478116989136, "acc": 0.9888745546340942, "length": 5.0, "mode": "test", "epoch": 84}
{"loss": 0.021250175312161446, "acc": 0.9933211803436279, "length": 4.999999523162842, "mode": "train", "epoch": 85}
{"loss": 0.048639994114637375, "acc": 0.98800128698349, "length": 5.0, "mode": "test", "epoch": 85}
{"loss": 0.026383189484477043, "acc": 0.9916271567344666, "length": 4.999999523162842, "mode": "train", "epoch": 86}
{"loss": 0.05515119805932045, "acc": 0.9850583076477051, "length": 5.0, "mode": "test", "epoch": 86}
{"loss": 0.026300691068172455, "acc": 0.9917026162147522, "length": 4.999995708465576, "mode": "train", "epoch": 87}
{"loss": 0.11233337223529816, "acc": 0.9740296602249146, "length": 5.0, "mode": "test", "epoch": 87}
{"loss": 0.05537302792072296, "acc": 0.9821643233299255, "length": 4.999999046325684, "mode": "train", "epoch": 88}
{"loss": 0.07240563631057739, "acc": 0.9812095165252686, "length": 5.0, "mode": "test", "epoch": 88}
{"loss": 0.039999861270189285, "acc": 0.9880663156509399, "length": 4.99998140335083, "mode": "train", "epoch": 89}
{"loss": 0.08415912091732025, "acc": 0.9774255156517029, "length": 5.0, "mode": "test", "epoch": 89}
{"loss": 0.03259935975074768, "acc": 0.9897922277450562, "length": 4.9999680519104, "mode": "train", "epoch": 90}
{"loss": 0.05291366949677467, "acc": 0.9859313368797302, "length": 5.0, "mode": "test", "epoch": 90}
{"loss": 0.026213765144348145, "acc": 0.99235999584198, "length": 4.999980449676514, "mode": "train", "epoch": 91}
{"loss": 0.05087357014417648, "acc": 0.9874191284179688, "length": 5.0, "mode": "test", "epoch": 91}
{"loss": 0.03565191105008125, "acc": 0.9886490106582642, "length": 4.999988079071045, "mode": "train", "epoch": 92}
{"loss": 0.09364727139472961, "acc": 0.9742562770843506, "length": 5.0, "mode": "test", "epoch": 92}
{"loss": 0.042436178773641586, "acc": 0.9863719344139099, "length": 4.999974250793457, "mode": "train", "epoch": 93}
{"loss": 0.08763276785612106, "acc": 0.9745796322822571, "length": 5.0, "mode": "test", "epoch": 93}
{"loss": 0.04459244757890701, "acc": 0.986156702041626, "length": 4.999998092651367, "mode": "train", "epoch": 94}
{"loss": 0.0800618901848793, "acc": 0.9801101088523865, "length": 5.0, "mode": "test", "epoch": 94}
{"loss": 0.031131701543927193, "acc": 0.9902564883232117, "length": 4.9999871253967285, "mode": "train", "epoch": 95}
{"loss": 0.05404048413038254, "acc": 0.9854786992073059, "length": 5.0, "mode": "test", "epoch": 95}
{"loss": 0.02277568355202675, "acc": 0.992824375629425, "length": 4.999989986419678, "mode": "train", "epoch": 96}
{"loss": 0.0460338331758976, "acc": 0.988615870475769, "length": 5.0, "mode": "test", "epoch": 96}
{"loss": 0.019559144973754883, "acc": 0.994581401348114, "length": 4.999944686889648, "mode": "train", "epoch": 97}
{"loss": 0.044268373399972916, "acc": 0.9891008138656616, "length": 5.0, "mode": "test", "epoch": 97}
{"loss": 0.01725802943110466, "acc": 0.9943618178367615, "length": 4.999567031860352, "mode": "train", "epoch": 98}
{"loss": 0.04512486606836319, "acc": 0.9904270172119141, "length": 5.0, "mode": "test", "epoch": 98}
{"loss": 0.015540397725999355, "acc": 0.9954655170440674, "length": 4.999854564666748, "mode": "train", "epoch": 99}
{"loss": 0.045126594603061676, "acc": 0.990071177482605, "length": 5.0, "mode": "test", "epoch": 99}
{"loss": 0.016133839264512062, "acc": 0.994863748550415, "length": 4.999995231628418, "mode": "train", "epoch": 100}
{"loss": 0.0382344126701355, "acc": 0.99172043800354, "length": 5.0, "mode": "test", "epoch": 100}
test accuracy: 0.9124000668525696
