# ["--attributes=4", "--values=3", "--game_size=10", "--vocab_size_factor=3", "--n_epochs=100", "--batch_size=32", "--learning_rate=0.0005", "--hidden_size=256", "--temp_update=0.99", "--temperature=1"]
Creating train_ds and val_ds...

Creating test_ds...
{"loss": 0.5527709722518921, "acc": 0.703708291053772, "length": 3.6055614948272705, "mode": "train", "epoch": 1}
{"loss": 0.43301740288734436, "acc": 0.8126664757728577, "length": 4.139923095703125, "mode": "test", "epoch": 1}
{"loss": 0.4108808636665344, "acc": 0.8164069652557373, "length": 4.170060157775879, "mode": "train", "epoch": 2}
{"loss": 0.3994881808757782, "acc": 0.8130122423171997, "length": 4.614891052246094, "mode": "test", "epoch": 2}
{"loss": 0.37053292989730835, "acc": 0.8305365443229675, "length": 4.261764049530029, "mode": "train", "epoch": 3}
{"loss": 0.36318397521972656, "acc": 0.8306381702423096, "length": 4.338895797729492, "mode": "test", "epoch": 3}
{"loss": 0.3379576802253723, "acc": 0.8523017764091492, "length": 4.3223466873168945, "mode": "train", "epoch": 4}
{"loss": 0.3350740075111389, "acc": 0.8536792993545532, "length": 4.603979587554932, "mode": "test", "epoch": 4}
{"loss": 0.3076639473438263, "acc": 0.8691914677619934, "length": 4.42439603805542, "mode": "train", "epoch": 5}
{"loss": 0.3088308274745941, "acc": 0.8686346411705017, "length": 4.448010444641113, "mode": "test", "epoch": 5}
{"loss": 0.2951475977897644, "acc": 0.8736602067947388, "length": 4.440713882446289, "mode": "train", "epoch": 6}
{"loss": 0.2823784649372101, "acc": 0.8819200992584229, "length": 4.400513648986816, "mode": "test", "epoch": 6}
{"loss": 0.28164348006248474, "acc": 0.8763025403022766, "length": 4.687068462371826, "mode": "train", "epoch": 7}
{"loss": 0.2816663980484009, "acc": 0.8790155649185181, "length": 4.903080940246582, "mode": "test", "epoch": 7}
{"loss": 0.2737160325050354, "acc": 0.8812318444252014, "length": 4.814169883728027, "mode": "train", "epoch": 8}
{"loss": 0.26763027906417847, "acc": 0.8914032578468323, "length": 4.842105388641357, "mode": "test", "epoch": 8}
{"loss": 0.2650253176689148, "acc": 0.8852225542068481, "length": 4.832643985748291, "mode": "train", "epoch": 9}
{"loss": 0.26172617077827454, "acc": 0.8908587098121643, "length": 4.858793258666992, "mode": "test", "epoch": 9}
{"loss": 0.2632368803024292, "acc": 0.8864783644676208, "length": 4.8406829833984375, "mode": "train", "epoch": 10}
{"loss": 0.2580623924732208, "acc": 0.891035258769989, "length": 4.907573699951172, "mode": "test", "epoch": 10}
{"loss": 0.25933608412742615, "acc": 0.8857313394546509, "length": 4.842841148376465, "mode": "train", "epoch": 11}
{"loss": 0.2625865936279297, "acc": 0.8846107125282288, "length": 4.834403038024902, "mode": "test", "epoch": 11}
{"loss": 0.2557021677494049, "acc": 0.8878447413444519, "length": 4.838642597198486, "mode": "train", "epoch": 12}
{"loss": 0.25647202134132385, "acc": 0.8908756971359253, "length": 4.79910135269165, "mode": "test", "epoch": 12}
{"loss": 0.24962927401065826, "acc": 0.8891273140907288, "length": 4.859948635101318, "mode": "train", "epoch": 13}
{"loss": 0.2504458725452423, "acc": 0.8966483473777771, "length": 4.867137432098389, "mode": "test", "epoch": 13}
{"loss": 0.24665696918964386, "acc": 0.8911203742027283, "length": 4.84531831741333, "mode": "train", "epoch": 14}
{"loss": 0.2527247667312622, "acc": 0.8912097215652466, "length": 4.907573699951172, "mode": "test", "epoch": 14}
{"loss": 0.2502586543560028, "acc": 0.8900054693222046, "length": 4.841662406921387, "mode": "train", "epoch": 15}
{"loss": 0.24868179857730865, "acc": 0.892336905002594, "length": 4.850449085235596, "mode": "test", "epoch": 15}
{"loss": 0.24206529557704926, "acc": 0.8930751085281372, "length": 4.820122241973877, "mode": "train", "epoch": 16}
{"loss": 0.23995119333267212, "acc": 0.9021020531654358, "length": 4.8132219314575195, "mode": "test", "epoch": 16}
{"loss": 0.23705971240997314, "acc": 0.8946569561958313, "length": 4.830097198486328, "mode": "train", "epoch": 17}
{"loss": 0.2393849641084671, "acc": 0.8992589116096497, "length": 4.814505577087402, "mode": "test", "epoch": 17}
{"loss": 0.2348005473613739, "acc": 0.8971418738365173, "length": 4.839935779571533, "mode": "train", "epoch": 18}
{"loss": 0.25476762652397156, "acc": 0.8927851319313049, "length": 4.822849750518799, "mode": "test", "epoch": 18}
{"loss": 0.2409978061914444, "acc": 0.8940830230712891, "length": 4.83485746383667, "mode": "train", "epoch": 19}
{"loss": 0.25994351506233215, "acc": 0.8957247138023376, "length": 4.827984809875488, "mode": "test", "epoch": 19}
{"loss": 0.23098796606063843, "acc": 0.8988838791847229, "length": 4.845345973968506, "mode": "train", "epoch": 20}
{"loss": 0.23101691901683807, "acc": 0.9034329056739807, "length": 4.883183479309082, "mode": "test", "epoch": 20}
{"loss": 0.2271624207496643, "acc": 0.9012961983680725, "length": 4.873701572418213, "mode": "train", "epoch": 21}
{"loss": 0.24435752630233765, "acc": 0.8985728621482849, "length": 4.854300498962402, "mode": "test", "epoch": 21}
{"loss": 0.23088300228118896, "acc": 0.8994960188865662, "length": 4.880585193634033, "mode": "train", "epoch": 22}
{"loss": 0.22661910951137543, "acc": 0.9059261083602905, "length": 4.903080940246582, "mode": "test", "epoch": 22}
{"loss": 0.23258531093597412, "acc": 0.9001864194869995, "length": 4.871945381164551, "mode": "train", "epoch": 23}
{"loss": 0.23581208288669586, "acc": 0.9014832973480225, "length": 4.8652119636535645, "mode": "test", "epoch": 23}
{"loss": 0.22743472456932068, "acc": 0.9049354195594788, "length": 4.873700141906738, "mode": "train", "epoch": 24}
{"loss": 0.22355371713638306, "acc": 0.9103237390518188, "length": 4.8485236167907715, "mode": "test", "epoch": 24}
{"loss": 0.2159719318151474, "acc": 0.9080337882041931, "length": 4.882108211517334, "mode": "train", "epoch": 25}
{"loss": 0.2441062480211258, "acc": 0.8952984809875488, "length": 4.865853786468506, "mode": "test", "epoch": 25}
{"loss": 0.2182680070400238, "acc": 0.908419668674469, "length": 4.89277982711792, "mode": "train", "epoch": 26}
{"loss": 0.22170372307300568, "acc": 0.9098092913627625, "length": 4.879974365234375, "mode": "test", "epoch": 26}
{"loss": 0.22207416594028473, "acc": 0.9075694680213928, "length": 4.870692253112793, "mode": "train", "epoch": 27}
{"loss": 0.2435329407453537, "acc": 0.9009875059127808, "length": 4.84788179397583, "mode": "test", "epoch": 27}
{"loss": 0.21931713819503784, "acc": 0.9081906080245972, "length": 4.879286766052246, "mode": "train", "epoch": 28}
{"loss": 0.21317483484745026, "acc": 0.916398286819458, "length": 4.841463565826416, "mode": "test", "epoch": 28}
{"loss": 0.20184892416000366, "acc": 0.9160805344581604, "length": 4.881416320800781, "mode": "train", "epoch": 29}
{"loss": 0.21616911888122559, "acc": 0.9117027521133423, "length": 4.861360549926758, "mode": "test", "epoch": 29}
{"loss": 0.2040129005908966, "acc": 0.9145963191986084, "length": 4.844766616821289, "mode": "train", "epoch": 30}
{"loss": 0.21885906159877777, "acc": 0.9120587706565857, "length": 4.895378589630127, "mode": "test", "epoch": 30}
{"loss": 0.20007601380348206, "acc": 0.9175642728805542, "length": 4.87092924118042, "mode": "train", "epoch": 31}
{"loss": 0.21288344264030457, "acc": 0.9170791506767273, "length": 4.885750770568848, "mode": "test", "epoch": 31}
{"loss": 0.19909249246120453, "acc": 0.9168934226036072, "length": 4.881542205810547, "mode": "train", "epoch": 32}
{"loss": 0.2083333283662796, "acc": 0.9187309741973877, "length": 4.899230003356934, "mode": "test", "epoch": 32}
{"loss": 0.20025376975536346, "acc": 0.9172446727752686, "length": 4.891225337982178, "mode": "train", "epoch": 33}
{"loss": 0.20585474371910095, "acc": 0.9168707728385925, "length": 4.872913837432861, "mode": "test", "epoch": 33}
{"loss": 0.20426104962825775, "acc": 0.9160237908363342, "length": 4.86873722076416, "mode": "train", "epoch": 34}
{"loss": 0.2169642448425293, "acc": 0.9162648320198059, "length": 4.909499168395996, "mode": "test", "epoch": 34}
{"loss": 0.19887018203735352, "acc": 0.9173153638839722, "length": 4.880545139312744, "mode": "train", "epoch": 35}
{"loss": 0.21326056122779846, "acc": 0.914603054523468, "length": 4.9146342277526855, "mode": "test", "epoch": 35}
{"loss": 0.2041204571723938, "acc": 0.9154689311981201, "length": 4.882241725921631, "mode": "train", "epoch": 36}
{"loss": 0.23465467989444733, "acc": 0.903662383556366, "length": 4.915917873382568, "mode": "test", "epoch": 36}
{"loss": 0.20534935593605042, "acc": 0.9147816300392151, "length": 4.89059591293335, "mode": "train", "epoch": 37}
{"loss": 0.22385834157466888, "acc": 0.9122974276542664, "length": 4.870988368988037, "mode": "test", "epoch": 37}
{"loss": 0.20342817902565002, "acc": 0.917086660861969, "length": 4.87429666519165, "mode": "train", "epoch": 38}
{"loss": 0.2100195735692978, "acc": 0.9154424667358398, "length": 4.8684210777282715, "mode": "test", "epoch": 38}
{"loss": 0.20240357518196106, "acc": 0.919409990310669, "length": 4.906949996948242, "mode": "train", "epoch": 39}
{"loss": 0.2188495546579361, "acc": 0.9169557690620422, "length": 4.9268293380737305, "mode": "test", "epoch": 39}
{"loss": 0.19981853663921356, "acc": 0.9180819392204285, "length": 4.892716407775879, "mode": "train", "epoch": 40}
{"loss": 0.1987306922674179, "acc": 0.9207577705383301, "length": 4.887034893035889, "mode": "test", "epoch": 40}
{"loss": 0.18871073424816132, "acc": 0.9229118824005127, "length": 4.880215644836426, "mode": "train", "epoch": 41}
{"loss": 0.24183078110218048, "acc": 0.9041327834129333, "length": 4.904364585876465, "mode": "test", "epoch": 41}
{"loss": 0.18865451216697693, "acc": 0.9246171712875366, "length": 4.885776519775391, "mode": "train", "epoch": 42}
{"loss": 0.19651852548122406, "acc": 0.9284108281135559, "length": 4.915917873382568, "mode": "test", "epoch": 42}
{"loss": 0.18552908301353455, "acc": 0.9273700714111328, "length": 4.887563228607178, "mode": "train", "epoch": 43}
{"loss": 0.1972007304430008, "acc": 0.9251755475997925, "length": 4.875481605529785, "mode": "test", "epoch": 43}
{"loss": 0.17948183417320251, "acc": 0.9285300374031067, "length": 4.894410610198975, "mode": "train", "epoch": 44}
{"loss": 0.19321702420711517, "acc": 0.9281060099601746, "length": 4.903080940246582, "mode": "test", "epoch": 44}
{"loss": 0.1848117560148239, "acc": 0.9271653294563293, "length": 4.880434036254883, "mode": "train", "epoch": 45}
{"loss": 0.18574614822864532, "acc": 0.929847002029419, "length": 4.866495609283447, "mode": "test", "epoch": 45}
{"loss": 0.16929973661899567, "acc": 0.9342778921127319, "length": 4.894568920135498, "mode": "train", "epoch": 46}
{"loss": 0.182168647646904, "acc": 0.9302706718444824, "length": 4.881258010864258, "mode": "test", "epoch": 46}
{"loss": 0.16967760026454926, "acc": 0.9332311749458313, "length": 4.8911452293396, "mode": "train", "epoch": 47}
{"loss": 0.18002983927726746, "acc": 0.9322031736373901, "length": 4.869704723358154, "mode": "test", "epoch": 47}
{"loss": 0.18699394166469574, "acc": 0.9290192723274231, "length": 4.896738529205322, "mode": "train", "epoch": 48}
{"loss": 0.2144922912120819, "acc": 0.9248014092445374, "length": 4.908857345581055, "mode": "test", "epoch": 48}
{"loss": 0.17843246459960938, "acc": 0.9307096004486084, "length": 4.8789963722229, "mode": "train", "epoch": 49}
{"loss": 0.20914305746555328, "acc": 0.9133977890014648, "length": 4.8915276527404785, "mode": "test", "epoch": 49}
{"loss": 0.20901648700237274, "acc": 0.914758563041687, "length": 4.914494514465332, "mode": "train", "epoch": 50}
{"loss": 0.21187353134155273, "acc": 0.9232058525085449, "length": 4.930680274963379, "mode": "test", "epoch": 50}
{"loss": 0.19226177036762238, "acc": 0.9257972240447998, "length": 4.9229278564453125, "mode": "train", "epoch": 51}
{"loss": 0.2110772430896759, "acc": 0.9234415292739868, "length": 4.9268293380737305, "mode": "test", "epoch": 51}
{"loss": 0.196592316031456, "acc": 0.9250693321228027, "length": 4.9197916984558105, "mode": "train", "epoch": 52}
{"loss": 0.21644362807273865, "acc": 0.9222419857978821, "length": 4.910783290863037, "mode": "test", "epoch": 52}
{"loss": 0.18660324811935425, "acc": 0.9278160929679871, "length": 4.915142059326172, "mode": "train", "epoch": 53}
{"loss": 0.19140441715717316, "acc": 0.9305700659751892, "length": 4.899871826171875, "mode": "test", "epoch": 53}
{"loss": 0.178597554564476, "acc": 0.9308216571807861, "length": 4.925854206085205, "mode": "train", "epoch": 54}
{"loss": 0.20877094566822052, "acc": 0.9276406764984131, "length": 4.9300384521484375, "mode": "test", "epoch": 54}
{"loss": 0.19324557483196259, "acc": 0.925439715385437, "length": 4.919923305511475, "mode": "train", "epoch": 55}
{"loss": 0.19774459302425385, "acc": 0.9254372119903564, "length": 4.927471160888672, "mode": "test", "epoch": 55}
{"loss": 0.1928059607744217, "acc": 0.9259700179100037, "length": 4.930008411407471, "mode": "train", "epoch": 56}
{"loss": 0.19995377957820892, "acc": 0.9242648482322693, "length": 4.897304058074951, "mode": "test", "epoch": 56}
{"loss": 0.17892061173915863, "acc": 0.9317296743392944, "length": 4.904234886169434, "mode": "train", "epoch": 57}
{"loss": 0.1936645209789276, "acc": 0.9273869395256042, "length": 4.9210524559021, "mode": "test", "epoch": 57}
{"loss": 0.1712864488363266, "acc": 0.9342776536941528, "length": 4.924839019775391, "mode": "train", "epoch": 58}
{"loss": 0.1916835904121399, "acc": 0.929500937461853, "length": 4.917843341827393, "mode": "test", "epoch": 58}
{"loss": 0.16890275478363037, "acc": 0.9338124990463257, "length": 4.916444301605225, "mode": "train", "epoch": 59}
{"loss": 0.1898360699415207, "acc": 0.9317766427993774, "length": 4.927471160888672, "mode": "test", "epoch": 59}
{"loss": 0.17631696164608002, "acc": 0.931853711605072, "length": 4.9084858894348145, "mode": "train", "epoch": 60}
{"loss": 0.21240106225013733, "acc": 0.9234967231750488, "length": 4.9114251136779785, "mode": "test", "epoch": 60}
{"loss": 0.17386062443256378, "acc": 0.9328513741493225, "length": 4.9038848876953125, "mode": "train", "epoch": 61}
{"loss": 0.17930690944194794, "acc": 0.9355961084365845, "length": 4.893453121185303, "mode": "test", "epoch": 61}
{"loss": 0.1738225519657135, "acc": 0.9335736632347107, "length": 4.89534330368042, "mode": "train", "epoch": 62}
{"loss": 0.1892588883638382, "acc": 0.9326921701431274, "length": 4.915917873382568, "mode": "test", "epoch": 62}
{"loss": 0.16509012877941132, "acc": 0.9387008547782898, "length": 4.921314716339111, "mode": "train", "epoch": 63}
{"loss": 0.18025390803813934, "acc": 0.9345144629478455, "length": 4.9332475662231445, "mode": "test", "epoch": 63}
{"loss": 0.16974295675754547, "acc": 0.9355206489562988, "length": 4.922104835510254, "mode": "train", "epoch": 64}
{"loss": 0.21165946125984192, "acc": 0.9293146133422852, "length": 4.893453121185303, "mode": "test", "epoch": 64}
{"loss": 0.1762762814760208, "acc": 0.9339590072631836, "length": 4.926208972930908, "mode": "train", "epoch": 65}
{"loss": 0.18869712948799133, "acc": 0.933776319026947, "length": 4.952503204345703, "mode": "test", "epoch": 65}
{"loss": 0.16787870228290558, "acc": 0.9350503087043762, "length": 4.938471794128418, "mode": "train", "epoch": 66}
{"loss": 0.20327264070510864, "acc": 0.9258975386619568, "length": 4.97111701965332, "mode": "test", "epoch": 66}
{"loss": 0.17190535366535187, "acc": 0.9351351857185364, "length": 4.949422836303711, "mode": "train", "epoch": 67}
{"loss": 0.17818622291088104, "acc": 0.9331756830215454, "length": 4.940308094024658, "mode": "test", "epoch": 67}
{"loss": 0.1581224501132965, "acc": 0.9411673545837402, "length": 4.937960624694824, "mode": "train", "epoch": 68}
{"loss": 0.17249852418899536, "acc": 0.9400312900543213, "length": 4.944800853729248, "mode": "test", "epoch": 68}
{"loss": 0.1591564118862152, "acc": 0.9399343132972717, "length": 4.940974712371826, "mode": "train", "epoch": 69}
{"loss": 0.1841469407081604, "acc": 0.9358832836151123, "length": 4.940308094024658, "mode": "test", "epoch": 69}
{"loss": 0.16235478222370148, "acc": 0.9381343126296997, "length": 4.941344738006592, "mode": "train", "epoch": 70}
{"loss": 0.20391534268856049, "acc": 0.9275264143943787, "length": 4.959563732147217, "mode": "test", "epoch": 70}
{"loss": 0.1673792451620102, "acc": 0.935126006603241, "length": 4.9583740234375, "mode": "train", "epoch": 71}
{"loss": 0.19099190831184387, "acc": 0.927556574344635, "length": 4.960205554962158, "mode": "test", "epoch": 71}
{"loss": 0.16405294835567474, "acc": 0.9376571774482727, "length": 4.969082832336426, "mode": "train", "epoch": 72}
{"loss": 0.182878777384758, "acc": 0.9342503547668457, "length": 4.967265605926514, "mode": "test", "epoch": 72}
{"loss": 0.15454483032226562, "acc": 0.9412819743156433, "length": 4.972033500671387, "mode": "train", "epoch": 73}
{"loss": 0.1829639971256256, "acc": 0.9385681748390198, "length": 4.978818893432617, "mode": "test", "epoch": 73}
{"loss": 0.14608006179332733, "acc": 0.9431164860725403, "length": 4.978203296661377, "mode": "train", "epoch": 74}
{"loss": 0.16105607151985168, "acc": 0.9425255060195923, "length": 4.970475196838379, "mode": "test", "epoch": 74}
{"loss": 0.14868128299713135, "acc": 0.9428941011428833, "length": 4.989524841308594, "mode": "train", "epoch": 75}
{"loss": 0.16998551785945892, "acc": 0.9385589957237244, "length": 4.997432708740234, "mode": "test", "epoch": 75}
{"loss": 0.15681375563144684, "acc": 0.9418419599533081, "length": 4.990910053253174, "mode": "train", "epoch": 76}
{"loss": 0.17357492446899414, "acc": 0.9392189383506775, "length": 4.9884467124938965, "mode": "test", "epoch": 76}
{"loss": 0.1573697328567505, "acc": 0.9416764974594116, "length": 4.975119590759277, "mode": "train", "epoch": 77}
{"loss": 0.17246168851852417, "acc": 0.9403842687606812, "length": 4.9852375984191895, "mode": "test", "epoch": 77}
{"loss": 0.15337729454040527, "acc": 0.9409382343292236, "length": 4.9899373054504395, "mode": "train", "epoch": 78}
{"loss": 0.17195098102092743, "acc": 0.9362544417381287, "length": 4.991014003753662, "mode": "test", "epoch": 78}
{"loss": 0.1481100171804428, "acc": 0.9437483549118042, "length": 4.973916053771973, "mode": "train", "epoch": 79}
{"loss": 0.1644635647535324, "acc": 0.9397485256195068, "length": 4.981386184692383, "mode": "test", "epoch": 79}
{"loss": 0.14465458691120148, "acc": 0.9450919032096863, "length": 4.970404624938965, "mode": "train", "epoch": 80}
{"loss": 0.18228477239608765, "acc": 0.9286123514175415, "length": 4.987804889678955, "mode": "test", "epoch": 80}
{"loss": 0.15368041396141052, "acc": 0.9408456683158875, "length": 4.980324745178223, "mode": "train", "epoch": 81}
{"loss": 0.17299996316432953, "acc": 0.9368721842765808, "length": 4.997432708740234, "mode": "test", "epoch": 81}
{"loss": 0.16058215498924255, "acc": 0.9366415143013, "length": 4.985693454742432, "mode": "train", "epoch": 82}
{"loss": 0.17580747604370117, "acc": 0.9329739809036255, "length": 4.991014003753662, "mode": "test", "epoch": 82}
{"loss": 0.15827439725399017, "acc": 0.9386882781982422, "length": 4.98779296875, "mode": "train", "epoch": 83}
{"loss": 0.19124247133731842, "acc": 0.9312489628791809, "length": 4.999358177185059, "mode": "test", "epoch": 83}
{"loss": 0.15448831021785736, "acc": 0.9426773190498352, "length": 4.9953742027282715, "mode": "train", "epoch": 84}
{"loss": 0.16986612975597382, "acc": 0.9415274858474731, "length": 5.0, "mode": "test", "epoch": 84}
{"loss": 0.1424184888601303, "acc": 0.9472746253013611, "length": 4.994905948638916, "mode": "train", "epoch": 85}
{"loss": 0.18573908507823944, "acc": 0.9319320321083069, "length": 5.0, "mode": "test", "epoch": 85}
{"loss": 0.1581486165523529, "acc": 0.9408718943595886, "length": 4.995361804962158, "mode": "train", "epoch": 86}
{"loss": 0.16475257277488708, "acc": 0.9389280080795288, "length": 5.0, "mode": "test", "epoch": 86}
{"loss": 0.15433917939662933, "acc": 0.9405010938644409, "length": 4.9961957931518555, "mode": "train", "epoch": 87}
{"loss": 0.17724815011024475, "acc": 0.9392490386962891, "length": 5.0, "mode": "test", "epoch": 87}
{"loss": 0.14414067566394806, "acc": 0.9464620351791382, "length": 4.997554779052734, "mode": "train", "epoch": 88}
{"loss": 0.1723843216896057, "acc": 0.9416239261627197, "length": 5.0, "mode": "test", "epoch": 88}
{"loss": 0.1464851051568985, "acc": 0.9453131556510925, "length": 4.997830390930176, "mode": "train", "epoch": 89}
{"loss": 0.1850319802761078, "acc": 0.9350770115852356, "length": 5.0, "mode": "test", "epoch": 89}
{"loss": 0.14537139236927032, "acc": 0.9465480446815491, "length": 4.99888277053833, "mode": "train", "epoch": 90}
{"loss": 0.17476068437099457, "acc": 0.9378048777580261, "length": 5.0, "mode": "test", "epoch": 90}
{"loss": 0.14576195180416107, "acc": 0.9459548592567444, "length": 4.998807907104492, "mode": "train", "epoch": 91}
{"loss": 0.16413500905036926, "acc": 0.9395700097084045, "length": 5.0, "mode": "test", "epoch": 91}
{"loss": 0.1421465128660202, "acc": 0.94810551404953, "length": 4.998463153839111, "mode": "train", "epoch": 92}
{"loss": 0.16449600458145142, "acc": 0.9412710070610046, "length": 5.0, "mode": "test", "epoch": 92}
{"loss": 0.13714253902435303, "acc": 0.949691653251648, "length": 4.998871803283691, "mode": "train", "epoch": 93}
{"loss": 0.1640801876783371, "acc": 0.9392490983009338, "length": 5.0, "mode": "test", "epoch": 93}
{"loss": 0.1565312296152115, "acc": 0.9423055648803711, "length": 4.999803066253662, "mode": "train", "epoch": 94}
{"loss": 0.18358679115772247, "acc": 0.936424732208252, "length": 5.0, "mode": "test", "epoch": 94}
{"loss": 0.15427744388580322, "acc": 0.9427382349967957, "length": 4.999733924865723, "mode": "train", "epoch": 95}
{"loss": 0.1687893122434616, "acc": 0.940981924533844, "length": 5.0, "mode": "test", "epoch": 95}
{"loss": 0.14749424159526825, "acc": 0.945663332939148, "length": 4.999791145324707, "mode": "train", "epoch": 96}
{"loss": 0.17125067114830017, "acc": 0.9413029551506042, "length": 5.0, "mode": "test", "epoch": 96}
{"loss": 0.1465674191713333, "acc": 0.9450558423995972, "length": 4.9993743896484375, "mode": "train", "epoch": 97}
{"loss": 0.18503834307193756, "acc": 0.9383825659751892, "length": 5.0, "mode": "test", "epoch": 97}
{"loss": 0.13741593062877655, "acc": 0.9479017853736877, "length": 4.999759197235107, "mode": "train", "epoch": 98}
{"loss": 0.1640867441892624, "acc": 0.9426829814910889, "length": 5.0, "mode": "test", "epoch": 98}
{"loss": 0.1448758840560913, "acc": 0.9450504779815674, "length": 4.999518394470215, "mode": "train", "epoch": 99}
{"loss": 0.19235903024673462, "acc": 0.9307124018669128, "length": 5.0, "mode": "test", "epoch": 99}
{"loss": 0.14622628688812256, "acc": 0.9429250359535217, "length": 4.999743938446045, "mode": "train", "epoch": 100}
{"loss": 0.1772187501192093, "acc": 0.9357509016990662, "length": 5.0, "mode": "test", "epoch": 100}
test accuracy: 0.8539655804634094
