# ["--attributes=4", "--values=3", "--game_size=10", "--vocab_size_factor=3", "--n_epochs=100", "--batch_size=64", "--learning_rate=0.001", "--hidden_size=128", "--temp_update=0.99", "--temperature=2"]
Creating train_ds and val_ds...

Creating test_ds...
{"loss": 0.6233690977096558, "acc": 0.6341841816902161, "length": 4.138967037200928, "mode": "train", "epoch": 1}
{"loss": 0.5216347575187683, "acc": 0.7774389982223511, "length": 5.0, "mode": "test", "epoch": 1}
{"loss": 0.4416847229003906, "acc": 0.8011807203292847, "length": 4.920983791351318, "mode": "train", "epoch": 2}
{"loss": 0.45796483755111694, "acc": 0.7975930571556091, "length": 5.0, "mode": "test", "epoch": 2}
{"loss": 0.38724949955940247, "acc": 0.82443767786026, "length": 4.971916198730469, "mode": "train", "epoch": 3}
{"loss": 0.45437726378440857, "acc": 0.7888318300247192, "length": 5.0, "mode": "test", "epoch": 3}
{"loss": 0.3369857668876648, "acc": 0.8525571227073669, "length": 4.981879234313965, "mode": "train", "epoch": 4}
{"loss": 0.4067455232143402, "acc": 0.8340500593185425, "length": 5.0, "mode": "test", "epoch": 4}
{"loss": 0.2978317439556122, "acc": 0.8732064962387085, "length": 4.9904985427856445, "mode": "train", "epoch": 5}
{"loss": 0.3944215178489685, "acc": 0.8524067997932434, "length": 5.0, "mode": "test", "epoch": 5}
{"loss": 0.270792156457901, "acc": 0.884894073009491, "length": 4.994493007659912, "mode": "train", "epoch": 6}
{"loss": 0.35216131806373596, "acc": 0.8573811054229736, "length": 5.0, "mode": "test", "epoch": 6}
{"loss": 0.2439495474100113, "acc": 0.898557186126709, "length": 4.995486736297607, "mode": "train", "epoch": 7}
{"loss": 0.3076288104057312, "acc": 0.8765403628349304, "length": 5.0, "mode": "test", "epoch": 7}
{"loss": 0.2211662232875824, "acc": 0.9111058712005615, "length": 4.99664831161499, "mode": "train", "epoch": 8}
{"loss": 0.28251007199287415, "acc": 0.8904683589935303, "length": 5.0, "mode": "test", "epoch": 8}
{"loss": 0.20644155144691467, "acc": 0.9192674160003662, "length": 4.997215270996094, "mode": "train", "epoch": 9}
{"loss": 0.2721036672592163, "acc": 0.8947046995162964, "length": 5.0, "mode": "test", "epoch": 9}
{"loss": 0.19443058967590332, "acc": 0.9246552586555481, "length": 4.997910499572754, "mode": "train", "epoch": 10}
{"loss": 0.2656351327896118, "acc": 0.8945443630218506, "length": 5.0, "mode": "test", "epoch": 10}
{"loss": 0.18438269197940826, "acc": 0.9281727075576782, "length": 4.998189926147461, "mode": "train", "epoch": 11}
{"loss": 0.23764121532440186, "acc": 0.9112324714660645, "length": 5.0, "mode": "test", "epoch": 11}
{"loss": 0.17956218123435974, "acc": 0.9316260814666748, "length": 4.998568058013916, "mode": "train", "epoch": 12}
{"loss": 0.2330939769744873, "acc": 0.9126763939857483, "length": 5.0, "mode": "test", "epoch": 12}
{"loss": 0.17343392968177795, "acc": 0.934475302696228, "length": 4.998757362365723, "mode": "train", "epoch": 13}
{"loss": 0.22504407167434692, "acc": 0.9149872660636902, "length": 5.0, "mode": "test", "epoch": 13}
{"loss": 0.16737473011016846, "acc": 0.9366104006767273, "length": 4.998976707458496, "mode": "train", "epoch": 14}
{"loss": 0.20835542678833008, "acc": 0.9192233085632324, "length": 5.0, "mode": "test", "epoch": 14}
{"loss": 0.16153740882873535, "acc": 0.9390383958816528, "length": 4.998985767364502, "mode": "train", "epoch": 15}
{"loss": 0.22563862800598145, "acc": 0.9136390686035156, "length": 5.0, "mode": "test", "epoch": 15}
{"loss": 0.16000501811504364, "acc": 0.9399088025093079, "length": 4.999177932739258, "mode": "train", "epoch": 16}
{"loss": 0.21763603389263153, "acc": 0.9191592335700989, "length": 5.0, "mode": "test", "epoch": 16}
{"loss": 0.15524986386299133, "acc": 0.9427487254142761, "length": 4.999297618865967, "mode": "train", "epoch": 17}
{"loss": 0.2026866227388382, "acc": 0.9259307384490967, "length": 5.0, "mode": "test", "epoch": 17}
{"loss": 0.14908519387245178, "acc": 0.9446126818656921, "length": 4.999381065368652, "mode": "train", "epoch": 18}
{"loss": 0.1945267766714096, "acc": 0.9300705790519714, "length": 5.0, "mode": "test", "epoch": 18}
{"loss": 0.14905475080013275, "acc": 0.9446666240692139, "length": 4.999365329742432, "mode": "train", "epoch": 19}
{"loss": 0.199105903506279, "acc": 0.9280809164047241, "length": 5.0, "mode": "test", "epoch": 19}
{"loss": 0.14054837822914124, "acc": 0.9489501714706421, "length": 4.999524116516113, "mode": "train", "epoch": 20}
{"loss": 0.18783392012119293, "acc": 0.9327341914176941, "length": 5.0, "mode": "test", "epoch": 20}
{"loss": 0.1366664618253708, "acc": 0.9507690668106079, "length": 4.999516010284424, "mode": "train", "epoch": 21}
{"loss": 0.19041235744953156, "acc": 0.933793306350708, "length": 5.0, "mode": "test", "epoch": 21}
{"loss": 0.12932273745536804, "acc": 0.9541302919387817, "length": 4.999544143676758, "mode": "train", "epoch": 22}
{"loss": 0.18182110786437988, "acc": 0.9326058030128479, "length": 5.0, "mode": "test", "epoch": 22}
{"loss": 0.12329920381307602, "acc": 0.9564215540885925, "length": 4.999587535858154, "mode": "train", "epoch": 23}
{"loss": 0.17449212074279785, "acc": 0.940276026725769, "length": 5.0, "mode": "test", "epoch": 23}
{"loss": 0.12389545887708664, "acc": 0.9548284411430359, "length": 4.999610900878906, "mode": "train", "epoch": 24}
{"loss": 0.1730739325284958, "acc": 0.9416239261627197, "length": 5.0, "mode": "test", "epoch": 24}
{"loss": 0.11724928021430969, "acc": 0.9555031657218933, "length": 4.999634742736816, "mode": "train", "epoch": 25}
{"loss": 0.16878192126750946, "acc": 0.9387033581733704, "length": 5.0, "mode": "test", "epoch": 25}
{"loss": 0.10899291187524796, "acc": 0.9606189727783203, "length": 4.999655723571777, "mode": "train", "epoch": 26}
{"loss": 0.1635979413986206, "acc": 0.9435494542121887, "length": 5.0, "mode": "test", "epoch": 26}
{"loss": 0.10403486341238022, "acc": 0.9623305201530457, "length": 4.99963903427124, "mode": "train", "epoch": 27}
{"loss": 0.14759480953216553, "acc": 0.9443840980529785, "length": 5.0, "mode": "test", "epoch": 27}
{"loss": 0.099258653819561, "acc": 0.9631125926971436, "length": 4.999650478363037, "mode": "train", "epoch": 28}
{"loss": 0.14805862307548523, "acc": 0.9455710649490356, "length": 5.0, "mode": "test", "epoch": 28}
{"loss": 0.09157968312501907, "acc": 0.9669625163078308, "length": 4.9995574951171875, "mode": "train", "epoch": 29}
{"loss": 0.13186751306056976, "acc": 0.9521821141242981, "length": 5.0, "mode": "test", "epoch": 29}
{"loss": 0.0840628445148468, "acc": 0.969799280166626, "length": 4.9996161460876465, "mode": "train", "epoch": 30}
{"loss": 0.12229392677545547, "acc": 0.958151638507843, "length": 5.0, "mode": "test", "epoch": 30}
{"loss": 0.07563594728708267, "acc": 0.9728836417198181, "length": 4.9997172355651855, "mode": "train", "epoch": 31}
{"loss": 0.11598493158817291, "acc": 0.9592424631118774, "length": 5.0, "mode": "test", "epoch": 31}
{"loss": 0.06828907132148743, "acc": 0.9769293665885925, "length": 4.999733924865723, "mode": "train", "epoch": 32}
{"loss": 0.11351373046636581, "acc": 0.9586970806121826, "length": 5.0, "mode": "test", "epoch": 32}
{"loss": 0.05766172707080841, "acc": 0.981060266494751, "length": 4.999725818634033, "mode": "train", "epoch": 33}
{"loss": 0.09988077729940414, "acc": 0.9669448137283325, "length": 5.0, "mode": "test", "epoch": 33}
{"loss": 0.05519907921552658, "acc": 0.981167197227478, "length": 4.999732971191406, "mode": "train", "epoch": 34}
{"loss": 0.09015626460313797, "acc": 0.9706675410270691, "length": 5.0, "mode": "test", "epoch": 34}
{"loss": 0.04378383979201317, "acc": 0.9867979288101196, "length": 4.999795913696289, "mode": "train", "epoch": 35}
{"loss": 0.08572028577327728, "acc": 0.9719833731651306, "length": 5.0, "mode": "test", "epoch": 35}
{"loss": 0.04128348082304001, "acc": 0.9879969954490662, "length": 4.9998016357421875, "mode": "train", "epoch": 36}
{"loss": 0.08618883043527603, "acc": 0.9703143239021301, "length": 5.0, "mode": "test", "epoch": 36}
{"loss": 0.04124869406223297, "acc": 0.9871857762336731, "length": 4.999862194061279, "mode": "train", "epoch": 37}
{"loss": 0.07769378274679184, "acc": 0.9746791124343872, "length": 5.0, "mode": "test", "epoch": 37}
{"loss": 0.036576367914676666, "acc": 0.9893807172775269, "length": 4.999907493591309, "mode": "train", "epoch": 38}
{"loss": 0.07987650483846664, "acc": 0.9765403270721436, "length": 5.0, "mode": "test", "epoch": 38}
{"loss": 0.0338205061852932, "acc": 0.9902350902557373, "length": 4.999855041503906, "mode": "train", "epoch": 39}
{"loss": 0.08499385416507721, "acc": 0.972400426864624, "length": 5.0, "mode": "test", "epoch": 39}
{"loss": 0.0342690572142601, "acc": 0.9901604652404785, "length": 4.999868869781494, "mode": "train", "epoch": 40}
{"loss": 0.06472960114479065, "acc": 0.9810975790023804, "length": 5.0, "mode": "test", "epoch": 40}
{"loss": 0.033166784793138504, "acc": 0.9906724095344543, "length": 4.999808311462402, "mode": "train", "epoch": 41}
{"loss": 0.07496774196624756, "acc": 0.9779204726219177, "length": 5.0, "mode": "test", "epoch": 41}
{"loss": 0.027557268738746643, "acc": 0.992688000202179, "length": 4.999912738800049, "mode": "train", "epoch": 42}
{"loss": 0.06240455061197281, "acc": 0.9812901020050049, "length": 5.0, "mode": "test", "epoch": 42}
{"loss": 0.024688923731446266, "acc": 0.9936944842338562, "length": 4.999941825866699, "mode": "train", "epoch": 43}
{"loss": 0.061090514063835144, "acc": 0.9810975790023804, "length": 5.0, "mode": "test", "epoch": 43}
{"loss": 0.02732338011264801, "acc": 0.9929671883583069, "length": 4.999948024749756, "mode": "train", "epoch": 44}
{"loss": 0.06556367874145508, "acc": 0.9790115356445312, "length": 5.0, "mode": "test", "epoch": 44}
{"loss": 0.030262956395745277, "acc": 0.9915545582771301, "length": 4.999950408935547, "mode": "train", "epoch": 45}
{"loss": 0.05992591381072998, "acc": 0.9786586761474609, "length": 5.0, "mode": "test", "epoch": 45}
{"loss": 0.021438047289848328, "acc": 0.994626522064209, "length": 4.999967098236084, "mode": "train", "epoch": 46}
{"loss": 0.0627511739730835, "acc": 0.9828306436538696, "length": 5.0, "mode": "test", "epoch": 46}
{"loss": 0.02022884413599968, "acc": 0.9945405125617981, "length": 4.99995231628418, "mode": "train", "epoch": 47}
{"loss": 0.05453922972083092, "acc": 0.9836007356643677, "length": 5.0, "mode": "test", "epoch": 47}
{"loss": 0.019589601084589958, "acc": 0.9950867891311646, "length": 4.999966621398926, "mode": "train", "epoch": 48}
{"loss": 0.04490569606423378, "acc": 0.9860398173332214, "length": 5.0, "mode": "test", "epoch": 48}
{"loss": 0.018505921587347984, "acc": 0.9951509237289429, "length": 4.999966144561768, "mode": "train", "epoch": 49}
{"loss": 0.03837628662586212, "acc": 0.9900513291358948, "length": 5.0, "mode": "test", "epoch": 49}
{"loss": 0.017364660277962685, "acc": 0.9959108829498291, "length": 4.9999680519104, "mode": "train", "epoch": 50}
{"loss": 0.04577450081706047, "acc": 0.9871951341629028, "length": 5.0, "mode": "test", "epoch": 50}
{"loss": 0.01849094219505787, "acc": 0.9956114292144775, "length": 4.999975204467773, "mode": "train", "epoch": 51}
{"loss": 0.05717219039797783, "acc": 0.9821887016296387, "length": 5.0, "mode": "test", "epoch": 51}
{"loss": 0.016154810786247253, "acc": 0.9960715770721436, "length": 4.99997615814209, "mode": "train", "epoch": 52}
{"loss": 0.05026884749531746, "acc": 0.9844993948936462, "length": 5.0, "mode": "test", "epoch": 52}
{"loss": 0.02100878395140171, "acc": 0.9949162006378174, "length": 4.999988079071045, "mode": "train", "epoch": 53}
{"loss": 0.060805704444646835, "acc": 0.9828946590423584, "length": 5.0, "mode": "test", "epoch": 53}
{"loss": 0.017477096989750862, "acc": 0.9954617619514465, "length": 4.9999847412109375, "mode": "train", "epoch": 54}
{"loss": 0.048077479004859924, "acc": 0.9867135882377625, "length": 5.0, "mode": "test", "epoch": 54}
{"loss": 0.015793411061167717, "acc": 0.9959218502044678, "length": 4.999978542327881, "mode": "train", "epoch": 55}
{"loss": 0.0459342859685421, "acc": 0.9865212440490723, "length": 5.0, "mode": "test", "epoch": 55}
{"loss": 0.016803640872240067, "acc": 0.9961574077606201, "length": 4.99998140335083, "mode": "train", "epoch": 56}
{"loss": 0.04913483187556267, "acc": 0.9847562313079834, "length": 5.0, "mode": "test", "epoch": 56}
{"loss": 0.01247052475810051, "acc": 0.9975377917289734, "length": 4.9999775886535645, "mode": "train", "epoch": 57}
{"loss": 0.048653583973646164, "acc": 0.9862644076347351, "length": 5.0, "mode": "test", "epoch": 57}
{"loss": 0.014368019998073578, "acc": 0.9967565536499023, "length": 4.999958038330078, "mode": "train", "epoch": 58}
{"loss": 0.035497747361660004, "acc": 0.9905647039413452, "length": 5.0, "mode": "test", "epoch": 58}
{"loss": 0.022632958367466927, "acc": 0.994477391242981, "length": 4.999980926513672, "mode": "train", "epoch": 59}
{"loss": 0.0633947029709816, "acc": 0.9845635294914246, "length": 5.0, "mode": "test", "epoch": 59}
{"loss": 0.019131282344460487, "acc": 0.9942620396614075, "length": 4.999919414520264, "mode": "train", "epoch": 60}
{"loss": 0.05072832107543945, "acc": 0.9875801801681519, "length": 5.0, "mode": "test", "epoch": 60}
{"loss": 0.019389042630791664, "acc": 0.994766354560852, "length": 4.99998664855957, "mode": "train", "epoch": 61}
{"loss": 0.04628868028521538, "acc": 0.9873875975608826, "length": 5.0, "mode": "test", "epoch": 61}
{"loss": 0.010869578458368778, "acc": 0.9978163242340088, "length": 4.999987602233887, "mode": "train", "epoch": 62}
{"loss": 0.04229990765452385, "acc": 0.9886391758918762, "length": 5.0, "mode": "test", "epoch": 62}
{"loss": 0.01590515300631523, "acc": 0.9954620599746704, "length": 4.999992370605469, "mode": "train", "epoch": 63}
{"loss": 0.04066290706396103, "acc": 0.989281177520752, "length": 5.0, "mode": "test", "epoch": 63}
{"loss": 0.016207024455070496, "acc": 0.9960400462150574, "length": 4.999992370605469, "mode": "train", "epoch": 64}
{"loss": 0.059139858931303024, "acc": 0.9843067526817322, "length": 5.0, "mode": "test", "epoch": 64}
{"loss": 0.01788666844367981, "acc": 0.9949378371238708, "length": 4.99999475479126, "mode": "train", "epoch": 65}
{"loss": 0.04043691232800484, "acc": 0.9896982908248901, "length": 5.0, "mode": "test", "epoch": 65}
{"loss": 0.018289528787136078, "acc": 0.9946380853652954, "length": 4.999996185302734, "mode": "train", "epoch": 66}
{"loss": 0.046496886759996414, "acc": 0.9881898760795593, "length": 5.0, "mode": "test", "epoch": 66}
{"loss": 0.01627667248249054, "acc": 0.9955692887306213, "length": 4.999997615814209, "mode": "train", "epoch": 67}
{"loss": 0.042493537068367004, "acc": 0.9879974722862244, "length": 5.0, "mode": "test", "epoch": 67}
{"loss": 0.009840681217610836, "acc": 0.9981696009635925, "length": 4.999989986419678, "mode": "train", "epoch": 68}
{"loss": 0.046336252242326736, "acc": 0.9887677431106567, "length": 5.0, "mode": "test", "epoch": 68}
{"loss": 0.018625039607286453, "acc": 0.9944776892662048, "length": 4.999998092651367, "mode": "train", "epoch": 69}
{"loss": 0.054766714572906494, "acc": 0.9875481724739075, "length": 5.0, "mode": "test", "epoch": 69}
{"loss": 0.019393369555473328, "acc": 0.994745135307312, "length": 4.999993801116943, "mode": "train", "epoch": 70}
{"loss": 0.054785147309303284, "acc": 0.9867457151412964, "length": 5.0, "mode": "test", "epoch": 70}
{"loss": 0.018407082185149193, "acc": 0.9947559833526611, "length": 4.999998092651367, "mode": "train", "epoch": 71}
{"loss": 0.03691447898745537, "acc": 0.9917523264884949, "length": 5.0, "mode": "test", "epoch": 71}
{"loss": 0.014063304290175438, "acc": 0.9965431690216064, "length": 4.999998092651367, "mode": "train", "epoch": 72}
{"loss": 0.03143009915947914, "acc": 0.9920411705970764, "length": 5.0, "mode": "test", "epoch": 72}
{"loss": 0.013931483030319214, "acc": 0.9965431690216064, "length": 4.999997138977051, "mode": "train", "epoch": 73}
{"loss": 0.03347931429743767, "acc": 0.9913029074668884, "length": 5.0, "mode": "test", "epoch": 73}
{"loss": 0.011187219060957432, "acc": 0.9971747398376465, "length": 4.999997615814209, "mode": "train", "epoch": 74}
{"loss": 0.03747160732746124, "acc": 0.9902119040489197, "length": 5.0, "mode": "test", "epoch": 74}
{"loss": 0.009684990160167217, "acc": 0.9979662895202637, "length": 4.999991416931152, "mode": "train", "epoch": 75}
{"loss": 0.033805377781391144, "acc": 0.9931642413139343, "length": 5.0, "mode": "test", "epoch": 75}
{"loss": 0.008196535520255566, "acc": 0.9982554912567139, "length": 4.999998569488525, "mode": "train", "epoch": 76}
{"loss": 0.03352143615484238, "acc": 0.9926827549934387, "length": 5.0, "mode": "test", "epoch": 76}
{"loss": 0.016174213960766792, "acc": 0.9958047866821289, "length": 4.999998092651367, "mode": "train", "epoch": 77}
{"loss": 0.059608060866594315, "acc": 0.9868742823600769, "length": 5.0, "mode": "test", "epoch": 77}
{"loss": 0.024861928075551987, "acc": 0.9932791590690613, "length": 4.999998092651367, "mode": "train", "epoch": 78}
{"loss": 0.04523416981101036, "acc": 0.9896020293235779, "length": 5.0, "mode": "test", "epoch": 78}
{"loss": 0.011733751744031906, "acc": 0.9969925284385681, "length": 4.999995231628418, "mode": "train", "epoch": 79}
{"loss": 0.02313937060534954, "acc": 0.9939345121383667, "length": 5.0, "mode": "test", "epoch": 79}
{"loss": 0.012411665171384811, "acc": 0.9974529147148132, "length": 4.999998092651367, "mode": "train", "epoch": 80}
{"loss": 0.039037421345710754, "acc": 0.9895699620246887, "length": 5.0, "mode": "test", "epoch": 80}
{"loss": 0.011087095364928246, "acc": 0.9972710013389587, "length": 4.999999046325684, "mode": "train", "epoch": 81}
{"loss": 0.03716012090444565, "acc": 0.9928755760192871, "length": 5.0, "mode": "test", "epoch": 81}
{"loss": 0.0123955262824893, "acc": 0.9970996975898743, "length": 4.999999046325684, "mode": "train", "epoch": 82}
{"loss": 0.033701226115226746, "acc": 0.9900514483451843, "length": 5.0, "mode": "test", "epoch": 82}
{"loss": 0.019101032987236977, "acc": 0.9947987198829651, "length": 5.0, "mode": "train", "epoch": 83}
{"loss": 0.05598071590065956, "acc": 0.9880295991897583, "length": 5.0, "mode": "test", "epoch": 83}
{"loss": 0.01914183981716633, "acc": 0.9941887259483337, "length": 5.0, "mode": "train", "epoch": 84}
{"loss": 0.03710611164569855, "acc": 0.9911745190620422, "length": 5.0, "mode": "test", "epoch": 84}
{"loss": 0.011223689652979374, "acc": 0.9972923994064331, "length": 4.999999523162842, "mode": "train", "epoch": 85}
{"loss": 0.034070681780576706, "acc": 0.9921693801879883, "length": 5.0, "mode": "test", "epoch": 85}
{"loss": 0.013875174336135387, "acc": 0.9962968230247498, "length": 4.999992370605469, "mode": "train", "epoch": 86}
{"loss": 0.04445066675543785, "acc": 0.9850448966026306, "length": 5.0, "mode": "test", "epoch": 86}
{"loss": 0.02922452613711357, "acc": 0.9922088384628296, "length": 4.999998092651367, "mode": "train", "epoch": 87}
{"loss": 0.03378414362668991, "acc": 0.9913350343704224, "length": 5.0, "mode": "test", "epoch": 87}
{"loss": 0.02024606615304947, "acc": 0.9948093891143799, "length": 4.999998092651367, "mode": "train", "epoch": 88}
{"loss": 0.06901518255472183, "acc": 0.9822528958320618, "length": 5.0, "mode": "test", "epoch": 88}
{"loss": 0.023182909935712814, "acc": 0.993011474609375, "length": 4.999998092651367, "mode": "train", "epoch": 89}
{"loss": 0.061119869351387024, "acc": 0.984627902507782, "length": 5.0, "mode": "test", "epoch": 89}
{"loss": 0.016212789341807365, "acc": 0.9956764578819275, "length": 4.999999523162842, "mode": "train", "epoch": 90}
{"loss": 0.04217096418142319, "acc": 0.9911426305770874, "length": 5.0, "mode": "test", "epoch": 90}
{"loss": 0.026505302637815475, "acc": 0.9933647513389587, "length": 4.999999046325684, "mode": "train", "epoch": 91}
{"loss": 0.06322916597127914, "acc": 0.9841143488883972, "length": 5.0, "mode": "test", "epoch": 91}
{"loss": 0.027964886277914047, "acc": 0.9923372864723206, "length": 4.999997615814209, "mode": "train", "epoch": 92}
{"loss": 0.026857994496822357, "acc": 0.993228554725647, "length": 5.0, "mode": "test", "epoch": 92}
{"loss": 0.015065984800457954, "acc": 0.9967358708381653, "length": 4.999999046325684, "mode": "train", "epoch": 93}
{"loss": 0.036062464118003845, "acc": 0.990693211555481, "length": 5.0, "mode": "test", "epoch": 93}
{"loss": 0.023633161559700966, "acc": 0.9939425587654114, "length": 5.0, "mode": "train", "epoch": 94}
{"loss": 0.050146639347076416, "acc": 0.9862003326416016, "length": 5.0, "mode": "test", "epoch": 94}
{"loss": 0.018332691863179207, "acc": 0.9947343468666077, "length": 4.999999046325684, "mode": "train", "epoch": 95}
{"loss": 0.04480878263711929, "acc": 0.9897944331169128, "length": 5.0, "mode": "test", "epoch": 95}
{"loss": 0.014553776942193508, "acc": 0.9961684942245483, "length": 4.999997138977051, "mode": "train", "epoch": 96}
{"loss": 0.03153713047504425, "acc": 0.9939988255500793, "length": 5.0, "mode": "test", "epoch": 96}
{"loss": 0.013684559613466263, "acc": 0.996414840221405, "length": 4.999999523162842, "mode": "train", "epoch": 97}
{"loss": 0.045539844781160355, "acc": 0.9879011511802673, "length": 5.0, "mode": "test", "epoch": 97}
{"loss": 0.011307640001177788, "acc": 0.9969128966331482, "length": 4.99981164932251, "mode": "train", "epoch": 98}
{"loss": 0.02773994207382202, "acc": 0.9932926893234253, "length": 5.0, "mode": "test", "epoch": 98}
{"loss": 0.011068390682339668, "acc": 0.9972174763679504, "length": 5.0, "mode": "train", "epoch": 99}
{"loss": 0.03238356113433838, "acc": 0.9937741160392761, "length": 5.0, "mode": "test", "epoch": 99}
{"loss": 0.008962860330939293, "acc": 0.9980092644691467, "length": 4.99999475479126, "mode": "train", "epoch": 100}
{"loss": 0.03567470610141754, "acc": 0.9935816526412964, "length": 5.0, "mode": "test", "epoch": 100}
test accuracy: 0.9155518412590027
