# ["--attributes=4", "--values=3", "--game_size=10", "--vocab_size_factor=3", "--n_epochs=100", "--batch_size=64", "--learning_rate=0.001", "--hidden_size=256", "--temp_update=0.99", "--temperature=1.5"]
Creating train_ds and val_ds...

Creating test_ds...
{"loss": 0.6579754948616028, "acc": 0.5835246443748474, "length": 2.014251947402954, "mode": "train", "epoch": 1}
{"loss": 0.6044000387191772, "acc": 0.6681655049324036, "length": 2.247089147567749, "mode": "test", "epoch": 1}
{"loss": 0.47974056005477905, "acc": 0.7739777565002441, "length": 3.2851169109344482, "mode": "train", "epoch": 2}
{"loss": 0.46775275468826294, "acc": 0.8019834160804749, "length": 3.7166881561279297, "mode": "test", "epoch": 2}
{"loss": 0.3556996285915375, "acc": 0.8487192988395691, "length": 4.501291275024414, "mode": "train", "epoch": 3}
{"loss": 0.39818134903907776, "acc": 0.8464747667312622, "length": 5.0, "mode": "test", "epoch": 3}
{"loss": 0.27774760127067566, "acc": 0.8852912187576294, "length": 4.976785182952881, "mode": "train", "epoch": 4}
{"loss": 0.34869346022605896, "acc": 0.864521324634552, "length": 5.0, "mode": "test", "epoch": 4}
{"loss": 0.24420283734798431, "acc": 0.9018117189407349, "length": 4.988234043121338, "mode": "train", "epoch": 5}
{"loss": 0.2739590108394623, "acc": 0.8939196467399597, "length": 5.0, "mode": "test", "epoch": 5}
{"loss": 0.21560558676719666, "acc": 0.9156873822212219, "length": 4.992778778076172, "mode": "train", "epoch": 6}
{"loss": 0.24556618928909302, "acc": 0.9054981470108032, "length": 5.0, "mode": "test", "epoch": 6}
{"loss": 0.19138237833976746, "acc": 0.9274141788482666, "length": 4.995285511016846, "mode": "train", "epoch": 7}
{"loss": 0.23090389370918274, "acc": 0.9140685796737671, "length": 5.0, "mode": "test", "epoch": 7}
{"loss": 0.17280948162078857, "acc": 0.9356052279472351, "length": 4.996537208557129, "mode": "train", "epoch": 8}
{"loss": 0.21834783256053925, "acc": 0.9210543036460876, "length": 5.0, "mode": "test", "epoch": 8}
{"loss": 0.1589801013469696, "acc": 0.9422324299812317, "length": 4.997689247131348, "mode": "train", "epoch": 9}
{"loss": 0.18709789216518402, "acc": 0.9320182204246521, "length": 5.0, "mode": "test", "epoch": 9}
{"loss": 0.14611905813217163, "acc": 0.9456180930137634, "length": 4.998091697692871, "mode": "train", "epoch": 10}
{"loss": 0.17954948544502258, "acc": 0.9370311498641968, "length": 5.0, "mode": "test", "epoch": 10}
{"loss": 0.14109942317008972, "acc": 0.947757363319397, "length": 4.997948169708252, "mode": "train", "epoch": 11}
{"loss": 0.17121315002441406, "acc": 0.9387128353118896, "length": 5.0, "mode": "test", "epoch": 11}
{"loss": 0.1269286870956421, "acc": 0.952812910079956, "length": 4.998340129852295, "mode": "train", "epoch": 12}
{"loss": 0.1705799251794815, "acc": 0.9408795833587646, "length": 5.0, "mode": "test", "epoch": 12}
{"loss": 0.11670611798763275, "acc": 0.958227276802063, "length": 4.9988250732421875, "mode": "train", "epoch": 13}
{"loss": 0.14892272651195526, "acc": 0.9476391077041626, "length": 5.0, "mode": "test", "epoch": 13}
{"loss": 0.10298623889684677, "acc": 0.9638389348983765, "length": 4.998865604400635, "mode": "train", "epoch": 14}
{"loss": 0.14273770153522491, "acc": 0.9524579644203186, "length": 5.0, "mode": "test", "epoch": 14}
{"loss": 0.09633702039718628, "acc": 0.9655119180679321, "length": 4.998988628387451, "mode": "train", "epoch": 15}
{"loss": 0.13863801956176758, "acc": 0.9521345496177673, "length": 5.0, "mode": "test", "epoch": 15}
{"loss": 0.09092135727405548, "acc": 0.9680597186088562, "length": 4.999083518981934, "mode": "train", "epoch": 16}
{"loss": 0.12903161346912384, "acc": 0.9574061632156372, "length": 5.0, "mode": "test", "epoch": 16}
{"loss": 0.08319226652383804, "acc": 0.9711661338806152, "length": 4.999034881591797, "mode": "train", "epoch": 17}
{"loss": 0.13537579774856567, "acc": 0.9536546468734741, "length": 5.0, "mode": "test", "epoch": 17}
{"loss": 0.08019693940877914, "acc": 0.971804678440094, "length": 4.999138832092285, "mode": "train", "epoch": 18}
{"loss": 0.11961577832698822, "acc": 0.9605433940887451, "length": 5.0, "mode": "test", "epoch": 18}
{"loss": 0.07865921407938004, "acc": 0.9715796113014221, "length": 4.999153137207031, "mode": "train", "epoch": 19}
{"loss": 0.12068792432546616, "acc": 0.95588618516922, "length": 5.0, "mode": "test", "epoch": 19}
{"loss": 0.07470721006393433, "acc": 0.9735296368598938, "length": 4.99908971786499, "mode": "train", "epoch": 20}
{"loss": 0.13928161561489105, "acc": 0.9524902701377869, "length": 5.0, "mode": "test", "epoch": 20}
{"loss": 0.06398400664329529, "acc": 0.9774630665779114, "length": 4.999331951141357, "mode": "train", "epoch": 21}
{"loss": 0.11568325012922287, "acc": 0.9641332626342773, "length": 5.0, "mode": "test", "epoch": 21}
{"loss": 0.062260378152132034, "acc": 0.9783266186714172, "length": 4.999433517456055, "mode": "train", "epoch": 22}
{"loss": 0.10299556702375412, "acc": 0.9668822884559631, "length": 5.0, "mode": "test", "epoch": 22}
{"loss": 0.053451839834451675, "acc": 0.9813604950904846, "length": 4.999490737915039, "mode": "train", "epoch": 23}
{"loss": 0.13929469883441925, "acc": 0.9557567238807678, "length": 5.0, "mode": "test", "epoch": 23}
{"loss": 0.053680866956710815, "acc": 0.9818572998046875, "length": 4.999473571777344, "mode": "train", "epoch": 24}
{"loss": 0.084640271961689, "acc": 0.973609447479248, "length": 5.0, "mode": "test", "epoch": 24}
{"loss": 0.03886464610695839, "acc": 0.9876773953437805, "length": 4.999593257904053, "mode": "train", "epoch": 25}
{"loss": 0.08209700137376785, "acc": 0.9744179844856262, "length": 5.0, "mode": "test", "epoch": 25}
{"loss": 0.03816219046711922, "acc": 0.9873588681221008, "length": 4.999463081359863, "mode": "train", "epoch": 26}
{"loss": 0.07911937683820724, "acc": 0.9754204154014587, "length": 5.0, "mode": "test", "epoch": 26}
{"loss": 0.03708456829190254, "acc": 0.9879686236381531, "length": 4.99965763092041, "mode": "train", "epoch": 27}
{"loss": 0.10299694538116455, "acc": 0.9693726897239685, "length": 5.0, "mode": "test", "epoch": 27}
{"loss": 0.04921938478946686, "acc": 0.9835789203643799, "length": 4.99962043762207, "mode": "train", "epoch": 28}
{"loss": 0.10445792227983475, "acc": 0.9711512327194214, "length": 5.0, "mode": "test", "epoch": 28}
{"loss": 0.04307727515697479, "acc": 0.9865970015525818, "length": 4.999610424041748, "mode": "train", "epoch": 29}
{"loss": 0.0856829360127449, "acc": 0.9773609042167664, "length": 5.0, "mode": "test", "epoch": 29}
{"loss": 0.028728550300002098, "acc": 0.9912408590316772, "length": 4.999736785888672, "mode": "train", "epoch": 30}
{"loss": 0.0724564641714096, "acc": 0.9804334044456482, "length": 5.0, "mode": "test", "epoch": 30}
{"loss": 0.02594352327287197, "acc": 0.9920373558998108, "length": 4.9995880126953125, "mode": "train", "epoch": 31}
{"loss": 0.07028311491012573, "acc": 0.9821476340293884, "length": 5.0, "mode": "test", "epoch": 31}
{"loss": 0.029601886868476868, "acc": 0.9909942150115967, "length": 4.999757766723633, "mode": "train", "epoch": 32}
{"loss": 0.09230267256498337, "acc": 0.9761965870857239, "length": 5.0, "mode": "test", "epoch": 32}
{"loss": 0.03893369436264038, "acc": 0.98741215467453, "length": 4.9997382164001465, "mode": "train", "epoch": 33}
{"loss": 0.09392217546701431, "acc": 0.9767464995384216, "length": 5.0, "mode": "test", "epoch": 33}
{"loss": 0.03293455019593239, "acc": 0.9902080297470093, "length": 4.999817848205566, "mode": "train", "epoch": 34}
{"loss": 0.08412019908428192, "acc": 0.9794955253601074, "length": 5.0, "mode": "test", "epoch": 34}
{"loss": 0.0255386121571064, "acc": 0.9921927452087402, "length": 4.9998321533203125, "mode": "train", "epoch": 35}
{"loss": 0.0733281597495079, "acc": 0.9789779186248779, "length": 5.0, "mode": "test", "epoch": 35}
{"loss": 0.029397092759609222, "acc": 0.9913507699966431, "length": 4.999731063842773, "mode": "train", "epoch": 36}
{"loss": 0.0891580581665039, "acc": 0.9793661832809448, "length": 5.0, "mode": "test", "epoch": 36}
{"loss": 0.021698154509067535, "acc": 0.9937899708747864, "length": 4.999812126159668, "mode": "train", "epoch": 37}
{"loss": 0.06207085773348808, "acc": 0.9844437837600708, "length": 5.0, "mode": "test", "epoch": 37}
{"loss": 0.023921746760606766, "acc": 0.9934897422790527, "length": 4.999874114990234, "mode": "train", "epoch": 38}
{"loss": 0.07693351805210114, "acc": 0.9800777435302734, "length": 5.0, "mode": "test", "epoch": 38}
{"loss": 0.030705993995070457, "acc": 0.9895402789115906, "length": 4.999849319458008, "mode": "train", "epoch": 39}
{"loss": 0.10490217059850693, "acc": 0.9749030470848083, "length": 5.0, "mode": "test", "epoch": 39}
{"loss": 0.04452516883611679, "acc": 0.9865857362747192, "length": 4.999904632568359, "mode": "train", "epoch": 40}
{"loss": 0.11311694234609604, "acc": 0.9766493439674377, "length": 5.0, "mode": "test", "epoch": 40}
{"loss": 0.02740900218486786, "acc": 0.9919135570526123, "length": 4.999812126159668, "mode": "train", "epoch": 41}
{"loss": 0.08410395681858063, "acc": 0.9819211363792419, "length": 5.0, "mode": "test", "epoch": 41}
{"loss": 0.048820823431015015, "acc": 0.9857766032218933, "length": 4.999917507171631, "mode": "train", "epoch": 42}
{"loss": 0.08023471385240555, "acc": 0.9810479283332825, "length": 5.0, "mode": "test", "epoch": 42}
{"loss": 0.03776821494102478, "acc": 0.9884834289550781, "length": 4.9999189376831055, "mode": "train", "epoch": 43}
{"loss": 0.07635818421840668, "acc": 0.9808213710784912, "length": 5.0, "mode": "test", "epoch": 43}
{"loss": 0.023857343941926956, "acc": 0.9930266737937927, "length": 4.999885559082031, "mode": "train", "epoch": 44}
{"loss": 0.05815469101071358, "acc": 0.9840880632400513, "length": 5.0, "mode": "test", "epoch": 44}
{"loss": 0.028886323794722557, "acc": 0.9911797642707825, "length": 4.999756813049316, "mode": "train", "epoch": 45}
{"loss": 0.06667890399694443, "acc": 0.9850583076477051, "length": 5.0, "mode": "test", "epoch": 45}
{"loss": 0.01827109232544899, "acc": 0.9946356415748596, "length": 4.999933242797852, "mode": "train", "epoch": 46}
{"loss": 0.07087857276201248, "acc": 0.9863842725753784, "length": 5.0, "mode": "test", "epoch": 46}
{"loss": 0.018038542941212654, "acc": 0.9950123429298401, "length": 4.99989128112793, "mode": "train", "epoch": 47}
{"loss": 0.060528118163347244, "acc": 0.9858343005180359, "length": 5.0, "mode": "test", "epoch": 47}
{"loss": 0.028613081201910973, "acc": 0.9916038513183594, "length": 4.999939441680908, "mode": "train", "epoch": 48}
{"loss": 0.08138562738895416, "acc": 0.9810803532600403, "length": 5.0, "mode": "test", "epoch": 48}
{"loss": 0.025236329063773155, "acc": 0.9926292300224304, "length": 4.99996280670166, "mode": "train", "epoch": 49}
{"loss": 0.07112500071525574, "acc": 0.9815008044242859, "length": 5.0, "mode": "test", "epoch": 49}
{"loss": 0.06824149936437607, "acc": 0.9799185395240784, "length": 4.999942302703857, "mode": "train", "epoch": 50}
{"loss": 0.1671058088541031, "acc": 0.9569535255432129, "length": 5.0, "mode": "test", "epoch": 50}
{"loss": 0.0534353069961071, "acc": 0.9833394289016724, "length": 4.999964237213135, "mode": "train", "epoch": 51}
{"loss": 0.11921736598014832, "acc": 0.9722185730934143, "length": 5.0, "mode": "test", "epoch": 51}
{"loss": 0.04231218993663788, "acc": 0.9867776036262512, "length": 4.999825954437256, "mode": "train", "epoch": 52}
{"loss": 0.09182964265346527, "acc": 0.9783634543418884, "length": 5.0, "mode": "test", "epoch": 52}
{"loss": 0.02252698689699173, "acc": 0.993007481098175, "length": 4.999976634979248, "mode": "train", "epoch": 53}
{"loss": 0.07266879081726074, "acc": 0.9830854535102844, "length": 5.0, "mode": "test", "epoch": 53}
{"loss": 0.03235170990228653, "acc": 0.9900614619255066, "length": 4.999972343444824, "mode": "train", "epoch": 54}
{"loss": 0.1016373485326767, "acc": 0.9722185730934143, "length": 5.0, "mode": "test", "epoch": 54}
{"loss": 0.03966040164232254, "acc": 0.9880229830741882, "length": 4.999988079071045, "mode": "train", "epoch": 55}
{"loss": 0.07522916048765182, "acc": 0.980950653553009, "length": 5.0, "mode": "test", "epoch": 55}
{"loss": 0.028730712831020355, "acc": 0.9915814399719238, "length": 4.999929904937744, "mode": "train", "epoch": 56}
{"loss": 0.08547376096248627, "acc": 0.9785574078559875, "length": 5.0, "mode": "test", "epoch": 56}
{"loss": 0.03640313819050789, "acc": 0.9889355897903442, "length": 4.999827861785889, "mode": "train", "epoch": 57}
{"loss": 0.06819033622741699, "acc": 0.9817594289779663, "length": 5.0, "mode": "test", "epoch": 57}
{"loss": 0.02287551760673523, "acc": 0.9937415719032288, "length": 4.999990463256836, "mode": "train", "epoch": 58}
{"loss": 0.14939287304878235, "acc": 0.9718627333641052, "length": 5.0, "mode": "test", "epoch": 58}
{"loss": 0.05849046632647514, "acc": 0.9816678762435913, "length": 4.999995708465576, "mode": "train", "epoch": 59}
{"loss": 0.10287445038557053, "acc": 0.9727360010147095, "length": 5.0, "mode": "test", "epoch": 59}
{"loss": 0.030513927340507507, "acc": 0.9902240633964539, "length": 4.999990940093994, "mode": "train", "epoch": 60}
{"loss": 0.07241152226924896, "acc": 0.9820826053619385, "length": 5.0, "mode": "test", "epoch": 60}
{"loss": 0.02606085129082203, "acc": 0.9923038482666016, "length": 4.999894142150879, "mode": "train", "epoch": 61}
{"loss": 0.06512237340211868, "acc": 0.982503354549408, "length": 5.0, "mode": "test", "epoch": 61}
{"loss": 0.02070055529475212, "acc": 0.9943567514419556, "length": 4.999997138977051, "mode": "train", "epoch": 62}
{"loss": 0.06158066540956497, "acc": 0.983473539352417, "length": 5.0, "mode": "test", "epoch": 62}
{"loss": 0.016137877479195595, "acc": 0.9954996705055237, "length": 4.999969482421875, "mode": "train", "epoch": 63}
{"loss": 0.050515200942754745, "acc": 0.9876456260681152, "length": 5.0, "mode": "test", "epoch": 63}
{"loss": 0.013528724201023579, "acc": 0.9966333508491516, "length": 4.999998092651367, "mode": "train", "epoch": 64}
{"loss": 0.04428863525390625, "acc": 0.9900386929512024, "length": 5.0, "mode": "test", "epoch": 64}
{"loss": 0.014086647890508175, "acc": 0.9965255260467529, "length": 4.999998092651367, "mode": "train", "epoch": 65}
{"loss": 0.05341706797480583, "acc": 0.9868370890617371, "length": 5.0, "mode": "test", "epoch": 65}
{"loss": 0.014493790455162525, "acc": 0.9961265325546265, "length": 4.999998092651367, "mode": "train", "epoch": 66}
{"loss": 0.08153462409973145, "acc": 0.9822121858596802, "length": 5.0, "mode": "test", "epoch": 66}
{"loss": 0.01549542136490345, "acc": 0.9957380294799805, "length": 4.999999046325684, "mode": "train", "epoch": 67}
{"loss": 0.06516777724027634, "acc": 0.9858343005180359, "length": 5.0, "mode": "test", "epoch": 67}
{"loss": 0.01370841171592474, "acc": 0.9960185289382935, "length": 4.999998092651367, "mode": "train", "epoch": 68}
{"loss": 0.05603451281785965, "acc": 0.988680362701416, "length": 5.0, "mode": "test", "epoch": 68}
{"loss": 0.02255147509276867, "acc": 0.9935799837112427, "length": 4.999998092651367, "mode": "train", "epoch": 69}
{"loss": 0.06376370787620544, "acc": 0.9865460395812988, "length": 5.0, "mode": "test", "epoch": 69}
{"loss": 0.020767278969287872, "acc": 0.9938172698020935, "length": 4.999997615814209, "mode": "train", "epoch": 70}
{"loss": 0.06743171811103821, "acc": 0.9859638214111328, "length": 5.0, "mode": "test", "epoch": 70}
{"loss": 0.028088150545954704, "acc": 0.9919506311416626, "length": 4.999999046325684, "mode": "train", "epoch": 71}
{"loss": 0.06978265941143036, "acc": 0.9843466281890869, "length": 5.0, "mode": "test", "epoch": 71}
{"loss": 0.01767469197511673, "acc": 0.9952415227890015, "length": 4.999996185302734, "mode": "train", "epoch": 72}
{"loss": 0.05448117479681969, "acc": 0.989812433719635, "length": 5.0, "mode": "test", "epoch": 72}
{"loss": 0.017638185992836952, "acc": 0.9955869317054749, "length": 4.999998092651367, "mode": "train", "epoch": 73}
{"loss": 0.12485852837562561, "acc": 0.9762935042381287, "length": 5.0, "mode": "test", "epoch": 73}
{"loss": 0.05919979512691498, "acc": 0.983955442905426, "length": 4.999997615814209, "mode": "train", "epoch": 74}
{"loss": 0.10021135956048965, "acc": 0.97590571641922, "length": 5.0, "mode": "test", "epoch": 74}
{"loss": 0.06520542502403259, "acc": 0.9812225699424744, "length": 4.999952793121338, "mode": "train", "epoch": 75}
{"loss": 0.09016764163970947, "acc": 0.9757116436958313, "length": 5.0, "mode": "test", "epoch": 75}
{"loss": 0.04551805183291435, "acc": 0.9865343570709229, "length": 4.999998569488525, "mode": "train", "epoch": 76}
{"loss": 0.08181031048297882, "acc": 0.9808213710784912, "length": 5.0, "mode": "test", "epoch": 76}
{"loss": 0.05513385310769081, "acc": 0.9832420945167542, "length": 4.999973297119141, "mode": "train", "epoch": 77}
{"loss": 0.08859539777040482, "acc": 0.9786221385002136, "length": 5.0, "mode": "test", "epoch": 77}
{"loss": 0.028222443535923958, "acc": 0.9908931255340576, "length": 4.999988079071045, "mode": "train", "epoch": 78}
{"loss": 0.08217724412679672, "acc": 0.9787840247154236, "length": 5.0, "mode": "test", "epoch": 78}
{"loss": 0.044452544301748276, "acc": 0.9871276617050171, "length": 4.999993801116943, "mode": "train", "epoch": 79}
{"loss": 0.08015687763690948, "acc": 0.9812096357345581, "length": 5.0, "mode": "test", "epoch": 79}
{"loss": 0.03071027249097824, "acc": 0.9903753399848938, "length": 4.999998092651367, "mode": "train", "epoch": 80}
{"loss": 0.06039227917790413, "acc": 0.9865459203720093, "length": 5.0, "mode": "test", "epoch": 80}
{"loss": 0.020174754783511162, "acc": 0.9945942163467407, "length": 4.999999523162842, "mode": "train", "epoch": 81}
{"loss": 0.06866612285375595, "acc": 0.9870957732200623, "length": 5.0, "mode": "test", "epoch": 81}
{"loss": 0.01809118688106537, "acc": 0.9951770305633545, "length": 4.99999475479126, "mode": "train", "epoch": 82}
{"loss": 0.06703632324934006, "acc": 0.9875486493110657, "length": 5.0, "mode": "test", "epoch": 82}
{"loss": 0.01422171201556921, "acc": 0.9957270622253418, "length": 4.999998569488525, "mode": "train", "epoch": 83}
{"loss": 0.06028177961707115, "acc": 0.9855756759643555, "length": 5.0, "mode": "test", "epoch": 83}
{"loss": 0.016677752137184143, "acc": 0.9953495264053345, "length": 4.999999523162842, "mode": "train", "epoch": 84}
{"loss": 0.05557090789079666, "acc": 0.9872896075248718, "length": 5.0, "mode": "test", "epoch": 84}
{"loss": 0.014037476852536201, "acc": 0.9960507750511169, "length": 4.999996662139893, "mode": "train", "epoch": 85}
{"loss": 0.060988180339336395, "acc": 0.9863194227218628, "length": 5.0, "mode": "test", "epoch": 85}
{"loss": 0.01479713711887598, "acc": 0.9956085085868835, "length": 4.999997615814209, "mode": "train", "epoch": 86}
{"loss": 0.04666123166680336, "acc": 0.9891979694366455, "length": 5.0, "mode": "test", "epoch": 86}
{"loss": 0.014919641427695751, "acc": 0.9962666630744934, "length": 5.0, "mode": "train", "epoch": 87}
{"loss": 0.046542439609766006, "acc": 0.9903621077537537, "length": 5.0, "mode": "test", "epoch": 87}
{"loss": 0.03332000970840454, "acc": 0.9902350306510925, "length": 4.999992370605469, "mode": "train", "epoch": 88}
{"loss": 0.0959540382027626, "acc": 0.9786868095397949, "length": 5.0, "mode": "test", "epoch": 88}
{"loss": 0.05020091310143471, "acc": 0.9844510555267334, "length": 4.999959468841553, "mode": "train", "epoch": 89}
{"loss": 0.09980127960443497, "acc": 0.9785252809524536, "length": 5.0, "mode": "test", "epoch": 89}
{"loss": 0.0483994334936142, "acc": 0.9849050045013428, "length": 4.999998569488525, "mode": "train", "epoch": 90}
{"loss": 0.09121881425380707, "acc": 0.9764550924301147, "length": 5.0, "mode": "test", "epoch": 90}
{"loss": 0.06956087052822113, "acc": 0.9785175323486328, "length": 4.999999046325684, "mode": "train", "epoch": 91}
{"loss": 0.11240491271018982, "acc": 0.9673997759819031, "length": 5.0, "mode": "test", "epoch": 91}
{"loss": 0.052142683416604996, "acc": 0.9840633273124695, "length": 4.99999475479126, "mode": "train", "epoch": 92}
{"loss": 0.06489668041467667, "acc": 0.9818241596221924, "length": 5.0, "mode": "test", "epoch": 92}
{"loss": 0.02976725809276104, "acc": 0.9913896322250366, "length": 4.999998569488525, "mode": "train", "epoch": 93}
{"loss": 0.05968182533979416, "acc": 0.9824386239051819, "length": 5.0, "mode": "test", "epoch": 93}
{"loss": 0.05647625774145126, "acc": 0.982520580291748, "length": 4.999999046325684, "mode": "train", "epoch": 94}
{"loss": 0.13768033683300018, "acc": 0.9664941430091858, "length": 5.0, "mode": "test", "epoch": 94}
{"loss": 0.07905832678079605, "acc": 0.9763163328170776, "length": 4.999999046325684, "mode": "train", "epoch": 95}
{"loss": 0.10893388837575912, "acc": 0.9718953967094421, "length": 5.0, "mode": "test", "epoch": 95}
{"loss": 0.08269981294870377, "acc": 0.9745683670043945, "length": 5.0, "mode": "train", "epoch": 96}
{"loss": 0.11255288124084473, "acc": 0.967496931552887, "length": 5.0, "mode": "test", "epoch": 96}
{"loss": 0.050793737173080444, "acc": 0.9834376573562622, "length": 4.999999523162842, "mode": "train", "epoch": 97}
{"loss": 0.08047141134738922, "acc": 0.979042649269104, "length": 5.0, "mode": "test", "epoch": 97}
{"loss": 0.03917401656508446, "acc": 0.9870090484619141, "length": 4.999999523162842, "mode": "train", "epoch": 98}
{"loss": 0.08683799207210541, "acc": 0.9739651679992676, "length": 5.0, "mode": "test", "epoch": 98}
{"loss": 0.045669637620449066, "acc": 0.9861136078834534, "length": 5.0, "mode": "train", "epoch": 99}
{"loss": 0.06921674311161041, "acc": 0.9802069067955017, "length": 5.0, "mode": "test", "epoch": 99}
{"loss": 0.03785340487957001, "acc": 0.9885410070419312, "length": 4.9999918937683105, "mode": "train", "epoch": 100}
{"loss": 0.08211860805749893, "acc": 0.9808862209320068, "length": 5.0, "mode": "test", "epoch": 100}
test accuracy: 0.9050999283790588
