# ["--attributes=4", "--values=3", "--game_size=10", "--vocab_size_factor=3", "--n_epochs=100", "--batch_size=64", "--learning_rate=0.0005", "--hidden_size=128", "--temp_update=0.97", "--temperature=2"]
Creating train_ds and val_ds...

Creating test_ds...
{"loss": 0.6840203404426575, "acc": 0.5579120516777039, "length": 3.636608123779297, "mode": "train", "epoch": 1}
{"loss": 0.6136975288391113, "acc": 0.7342703938484192, "length": 3.7103538513183594, "mode": "test", "epoch": 1}
{"loss": 0.5021200180053711, "acc": 0.7708632349967957, "length": 4.289525508880615, "mode": "train", "epoch": 2}
{"loss": 0.4734952449798584, "acc": 0.7927395105361938, "length": 4.53407621383667, "mode": "test", "epoch": 2}
{"loss": 0.3948332965373993, "acc": 0.8277380466461182, "length": 4.722928047180176, "mode": "train", "epoch": 3}
{"loss": 0.47192221879959106, "acc": 0.7991885542869568, "length": 4.985583305358887, "mode": "test", "epoch": 3}
{"loss": 0.36385267972946167, "acc": 0.841246485710144, "length": 4.867126941680908, "mode": "train", "epoch": 4}
{"loss": 0.44570431113243103, "acc": 0.8143345713615417, "length": 4.995412826538086, "mode": "test", "epoch": 4}
{"loss": 0.34463274478912354, "acc": 0.849492073059082, "length": 4.902552604675293, "mode": "train", "epoch": 5}
{"loss": 0.4358901381492615, "acc": 0.8238481283187866, "length": 4.988204479217529, "mode": "test", "epoch": 5}
{"loss": 0.3192356824874878, "acc": 0.8650350570678711, "length": 4.935816287994385, "mode": "train", "epoch": 6}
{"loss": 0.39642366766929626, "acc": 0.8270698189735413, "length": 4.999344825744629, "mode": "test", "epoch": 6}
{"loss": 0.29442381858825684, "acc": 0.8732993006706238, "length": 4.958640098571777, "mode": "train", "epoch": 7}
{"loss": 0.3526989221572876, "acc": 0.8504259586334229, "length": 5.0, "mode": "test", "epoch": 7}
{"loss": 0.276449590921402, "acc": 0.87999427318573, "length": 4.978843688964844, "mode": "train", "epoch": 8}
{"loss": 0.32667016983032227, "acc": 0.8590433597564697, "length": 5.0, "mode": "test", "epoch": 8}
{"loss": 0.2667285203933716, "acc": 0.8831284046173096, "length": 4.987294673919678, "mode": "train", "epoch": 9}
{"loss": 0.31021052598953247, "acc": 0.8713629841804504, "length": 5.0, "mode": "test", "epoch": 9}
{"loss": 0.25365573167800903, "acc": 0.8912645578384399, "length": 4.990002632141113, "mode": "train", "epoch": 10}
{"loss": 0.2793470621109009, "acc": 0.882110059261322, "length": 5.0, "mode": "test", "epoch": 10}
{"loss": 0.23739595711231232, "acc": 0.9004898071289062, "length": 4.992223262786865, "mode": "train", "epoch": 11}
{"loss": 0.2597693204879761, "acc": 0.8952816724777222, "length": 5.0, "mode": "test", "epoch": 11}
{"loss": 0.22391459345817566, "acc": 0.9058599472045898, "length": 4.994204044342041, "mode": "train", "epoch": 12}
{"loss": 0.24197518825531006, "acc": 0.8994758129119873, "length": 5.0, "mode": "test", "epoch": 12}
{"loss": 0.21623079478740692, "acc": 0.9118466377258301, "length": 4.995745658874512, "mode": "train", "epoch": 13}
{"loss": 0.2584485113620758, "acc": 0.89397132396698, "length": 5.0, "mode": "test", "epoch": 13}
{"loss": 0.2112792283296585, "acc": 0.9144206643104553, "length": 4.9966721534729, "mode": "train", "epoch": 14}
{"loss": 0.21972934901714325, "acc": 0.9114351868629456, "length": 5.0, "mode": "test", "epoch": 14}
{"loss": 0.20348089933395386, "acc": 0.9180842638015747, "length": 4.996946334838867, "mode": "train", "epoch": 15}
{"loss": 0.21384721994400024, "acc": 0.9131062626838684, "length": 5.0, "mode": "test", "epoch": 15}
{"loss": 0.19860269129276276, "acc": 0.9199164509773254, "length": 4.998050689697266, "mode": "train", "epoch": 16}
{"loss": 0.20560584962368011, "acc": 0.9187746644020081, "length": 5.0, "mode": "test", "epoch": 16}
{"loss": 0.195401132106781, "acc": 0.9228165745735168, "length": 4.998283863067627, "mode": "train", "epoch": 17}
{"loss": 0.19789086282253265, "acc": 0.922280490398407, "length": 5.0, "mode": "test", "epoch": 17}
{"loss": 0.1903376579284668, "acc": 0.9254248142242432, "length": 4.998626708984375, "mode": "train", "epoch": 18}
{"loss": 0.196027010679245, "acc": 0.9236893653869629, "length": 5.0, "mode": "test", "epoch": 18}
{"loss": 0.18770863115787506, "acc": 0.9264705181121826, "length": 4.999029636383057, "mode": "train", "epoch": 19}
{"loss": 0.19281107187271118, "acc": 0.9248033165931702, "length": 5.0, "mode": "test", "epoch": 19}
{"loss": 0.18459920585155487, "acc": 0.9273428916931152, "length": 4.998878479003906, "mode": "train", "epoch": 20}
{"loss": 0.1911344826221466, "acc": 0.9261467456817627, "length": 5.0, "mode": "test", "epoch": 20}
{"loss": 0.18292562663555145, "acc": 0.928764283657074, "length": 4.999251842498779, "mode": "train", "epoch": 21}
{"loss": 0.19109368324279785, "acc": 0.9217889904975891, "length": 5.0, "mode": "test", "epoch": 21}
{"loss": 0.17960572242736816, "acc": 0.9294577836990356, "length": 4.999536037445068, "mode": "train", "epoch": 22}
{"loss": 0.18655788898468018, "acc": 0.9269005060195923, "length": 5.0, "mode": "test", "epoch": 22}
{"loss": 0.17757342755794525, "acc": 0.9313732981681824, "length": 4.99960994720459, "mode": "train", "epoch": 23}
{"loss": 0.19171589612960815, "acc": 0.926081120967865, "length": 5.0, "mode": "test", "epoch": 23}
{"loss": 0.17649301886558533, "acc": 0.9305554032325745, "length": 4.9996843338012695, "mode": "train", "epoch": 24}
{"loss": 0.1851232498884201, "acc": 0.9288008213043213, "length": 5.0, "mode": "test", "epoch": 24}
{"loss": 0.1761855036020279, "acc": 0.9316584467887878, "length": 4.999458312988281, "mode": "train", "epoch": 25}
{"loss": 0.183712899684906, "acc": 0.9274901747703552, "length": 5.0, "mode": "test", "epoch": 25}
{"loss": 0.17118823528289795, "acc": 0.9338277578353882, "length": 4.999849796295166, "mode": "train", "epoch": 26}
{"loss": 0.18677926063537598, "acc": 0.929259717464447, "length": 5.0, "mode": "test", "epoch": 26}
{"loss": 0.1719069629907608, "acc": 0.9332247972488403, "length": 4.999833583831787, "mode": "train", "epoch": 27}
{"loss": 0.18311041593551636, "acc": 0.9302098751068115, "length": 5.0, "mode": "test", "epoch": 27}
{"loss": 0.16793346405029297, "acc": 0.9352506399154663, "length": 4.9999098777771, "mode": "train", "epoch": 28}
{"loss": 0.18716208636760712, "acc": 0.9290300607681274, "length": 5.0, "mode": "test", "epoch": 28}
{"loss": 0.16738361120224, "acc": 0.9341801404953003, "length": 4.999929904937744, "mode": "train", "epoch": 29}
{"loss": 0.18055830895900726, "acc": 0.9325688481330872, "length": 5.0, "mode": "test", "epoch": 29}
{"loss": 0.16729623079299927, "acc": 0.9343875646591187, "length": 4.999915599822998, "mode": "train", "epoch": 30}
{"loss": 0.18792204558849335, "acc": 0.9294888973236084, "length": 5.0, "mode": "test", "epoch": 30}
{"loss": 0.1675659716129303, "acc": 0.9358299970626831, "length": 4.999913215637207, "mode": "train", "epoch": 31}
{"loss": 0.18486207723617554, "acc": 0.9293579459190369, "length": 5.0, "mode": "test", "epoch": 31}
{"loss": 0.16790777444839478, "acc": 0.9346622228622437, "length": 4.999952793121338, "mode": "train", "epoch": 32}
{"loss": 0.18020668625831604, "acc": 0.9342071413993835, "length": 5.0, "mode": "test", "epoch": 32}
{"loss": 0.16656410694122314, "acc": 0.9357316493988037, "length": 4.99992036819458, "mode": "train", "epoch": 33}
{"loss": 0.18191193044185638, "acc": 0.9314220547676086, "length": 5.0, "mode": "test", "epoch": 33}
{"loss": 0.1646115928888321, "acc": 0.93597412109375, "length": 4.999969959259033, "mode": "train", "epoch": 34}
{"loss": 0.1854790300130844, "acc": 0.9306684732437134, "length": 5.0, "mode": "test", "epoch": 34}
{"loss": 0.1655801385641098, "acc": 0.9372860789299011, "length": 4.999974727630615, "mode": "train", "epoch": 35}
{"loss": 0.17994040250778198, "acc": 0.9304717779159546, "length": 5.0, "mode": "test", "epoch": 35}
{"loss": 0.16231723129749298, "acc": 0.9363353252410889, "length": 4.99998140335083, "mode": "train", "epoch": 36}
{"loss": 0.1835825890302658, "acc": 0.9282766580581665, "length": 5.0, "mode": "test", "epoch": 36}
{"loss": 0.16718636453151703, "acc": 0.9352623820304871, "length": 4.999912261962891, "mode": "train", "epoch": 37}
{"loss": 0.18580858409404755, "acc": 0.9285058975219727, "length": 5.0, "mode": "test", "epoch": 37}
{"loss": 0.16143245995044708, "acc": 0.9385370016098022, "length": 4.9997406005859375, "mode": "train", "epoch": 38}
{"loss": 0.19419191777706146, "acc": 0.9277194738388062, "length": 5.0, "mode": "test", "epoch": 38}
{"loss": 0.16696876287460327, "acc": 0.9351768493652344, "length": 4.999993801116943, "mode": "train", "epoch": 39}
{"loss": 0.186013326048851, "acc": 0.9291282892227173, "length": 5.0, "mode": "test", "epoch": 39}
{"loss": 0.16923685371875763, "acc": 0.9342804551124573, "length": 4.999992847442627, "mode": "train", "epoch": 40}
{"loss": 0.18936865031719208, "acc": 0.9298822283744812, "length": 5.0, "mode": "test", "epoch": 40}
{"loss": 0.17090971767902374, "acc": 0.9344883561134338, "length": 4.999998092651367, "mode": "train", "epoch": 41}
{"loss": 0.18303045630455017, "acc": 0.9301114082336426, "length": 5.0, "mode": "test", "epoch": 41}
{"loss": 0.1637798696756363, "acc": 0.9371337294578552, "length": 4.99999475479126, "mode": "train", "epoch": 42}
{"loss": 0.18544283509254456, "acc": 0.9310618042945862, "length": 5.0, "mode": "test", "epoch": 42}
{"loss": 0.16526898741722107, "acc": 0.9361598491668701, "length": 4.999950408935547, "mode": "train", "epoch": 43}
{"loss": 0.18489572405815125, "acc": 0.933224081993103, "length": 5.0, "mode": "test", "epoch": 43}
{"loss": 0.16483230888843536, "acc": 0.9354935884475708, "length": 4.999983310699463, "mode": "train", "epoch": 44}
{"loss": 0.17866995930671692, "acc": 0.9339775443077087, "length": 5.0, "mode": "test", "epoch": 44}
{"loss": 0.16449296474456787, "acc": 0.9373522400856018, "length": 4.999989032745361, "mode": "train", "epoch": 45}
{"loss": 0.1863081157207489, "acc": 0.9300787448883057, "length": 5.0, "mode": "test", "epoch": 45}
{"loss": 0.16839660704135895, "acc": 0.9361459612846375, "length": 4.999831676483154, "mode": "train", "epoch": 46}
{"loss": 0.1952357143163681, "acc": 0.9263761043548584, "length": 5.0, "mode": "test", "epoch": 46}
{"loss": 0.18402770161628723, "acc": 0.928301215171814, "length": 4.999998092651367, "mode": "train", "epoch": 47}
{"loss": 0.2581455707550049, "acc": 0.9061598181724548, "length": 5.0, "mode": "test", "epoch": 47}
{"loss": 0.20246775448322296, "acc": 0.9221904277801514, "length": 4.999995708465576, "mode": "train", "epoch": 48}
{"loss": 0.20976045727729797, "acc": 0.9236566424369812, "length": 5.0, "mode": "test", "epoch": 48}
{"loss": 0.18341068923473358, "acc": 0.9279184937477112, "length": 4.999999046325684, "mode": "train", "epoch": 49}
{"loss": 0.19076643884181976, "acc": 0.9276866912841797, "length": 5.0, "mode": "test", "epoch": 49}
{"loss": 0.17310971021652222, "acc": 0.9334827065467834, "length": 4.999998092651367, "mode": "train", "epoch": 50}
{"loss": 0.1890019178390503, "acc": 0.9319790601730347, "length": 5.0, "mode": "test", "epoch": 50}
{"loss": 0.16701693832874298, "acc": 0.935767412185669, "length": 4.999997138977051, "mode": "train", "epoch": 51}
{"loss": 0.18078498542308807, "acc": 0.9324376583099365, "length": 5.0, "mode": "test", "epoch": 51}
{"loss": 0.1695183664560318, "acc": 0.9345757365226746, "length": 4.999996662139893, "mode": "train", "epoch": 52}
{"loss": 0.20054706931114197, "acc": 0.9233289361000061, "length": 5.0, "mode": "test", "epoch": 52}
{"loss": 0.16813327372074127, "acc": 0.9352426528930664, "length": 4.999997615814209, "mode": "train", "epoch": 53}
{"loss": 0.1837540715932846, "acc": 0.9293577075004578, "length": 5.0, "mode": "test", "epoch": 53}
{"loss": 0.16860635578632355, "acc": 0.9343022704124451, "length": 4.999989986419678, "mode": "train", "epoch": 54}
{"loss": 0.18501168489456177, "acc": 0.9287025332450867, "length": 5.0, "mode": "test", "epoch": 54}
{"loss": 0.16226570308208466, "acc": 0.9379120469093323, "length": 4.999772548675537, "mode": "train", "epoch": 55}
{"loss": 0.17954307794570923, "acc": 0.9327981472015381, "length": 5.0, "mode": "test", "epoch": 55}
{"loss": 0.1659001111984253, "acc": 0.9359637498855591, "length": 4.999987602233887, "mode": "train", "epoch": 56}
{"loss": 0.19180795550346375, "acc": 0.9294889569282532, "length": 5.0, "mode": "test", "epoch": 56}
{"loss": 0.16902337968349457, "acc": 0.9363683462142944, "length": 4.9999918937683105, "mode": "train", "epoch": 57}
{"loss": 0.18605969846248627, "acc": 0.9307665228843689, "length": 5.0, "mode": "test", "epoch": 57}
{"loss": 0.16192443668842316, "acc": 0.9382924437522888, "length": 4.999998092651367, "mode": "train", "epoch": 58}
{"loss": 0.17958228290081024, "acc": 0.9319135546684265, "length": 5.0, "mode": "test", "epoch": 58}
{"loss": 0.1613783985376358, "acc": 0.9377347230911255, "length": 4.999989986419678, "mode": "train", "epoch": 59}
{"loss": 0.18499323725700378, "acc": 0.9331256151199341, "length": 5.0, "mode": "test", "epoch": 59}
{"loss": 0.16372916102409363, "acc": 0.936365008354187, "length": 4.999858379364014, "mode": "train", "epoch": 60}
{"loss": 0.17847824096679688, "acc": 0.9350590705871582, "length": 5.0, "mode": "test", "epoch": 60}
{"loss": 0.15656737983226776, "acc": 0.9406369924545288, "length": 4.999813556671143, "mode": "train", "epoch": 61}
{"loss": 0.17733237147331238, "acc": 0.9351244568824768, "length": 5.0, "mode": "test", "epoch": 61}
{"loss": 0.1540064513683319, "acc": 0.9414621591567993, "length": 4.999988555908203, "mode": "train", "epoch": 62}
{"loss": 0.17891234159469604, "acc": 0.9334532618522644, "length": 5.0, "mode": "test", "epoch": 62}
{"loss": 0.15600796043872833, "acc": 0.9406945109367371, "length": 4.999763011932373, "mode": "train", "epoch": 63}
{"loss": 0.18254989385604858, "acc": 0.9314219951629639, "length": 5.0, "mode": "test", "epoch": 63}
{"loss": 0.15284639596939087, "acc": 0.9403637051582336, "length": 4.999356746673584, "mode": "train", "epoch": 64}
{"loss": 0.17801257967948914, "acc": 0.9343051910400391, "length": 5.0, "mode": "test", "epoch": 64}
{"loss": 0.15667621791362762, "acc": 0.9393950700759888, "length": 4.999936580657959, "mode": "train", "epoch": 65}
{"loss": 0.1820276379585266, "acc": 0.9315860867500305, "length": 5.0, "mode": "test", "epoch": 65}
{"loss": 0.15117113292217255, "acc": 0.9412000179290771, "length": 4.999993801116943, "mode": "train", "epoch": 66}
{"loss": 0.1747293323278427, "acc": 0.936697244644165, "length": 5.0, "mode": "test", "epoch": 66}
{"loss": 0.161484494805336, "acc": 0.9364542365074158, "length": 4.999963760375977, "mode": "train", "epoch": 67}
{"loss": 0.20172874629497528, "acc": 0.9263107180595398, "length": 5.0, "mode": "test", "epoch": 67}
{"loss": 0.1516394019126892, "acc": 0.9425773024559021, "length": 4.9999895095825195, "mode": "train", "epoch": 68}
{"loss": 0.16960492730140686, "acc": 0.9361075758934021, "length": 5.0, "mode": "test", "epoch": 68}
{"loss": 0.16776376962661743, "acc": 0.9387240409851074, "length": 4.9998250007629395, "mode": "train", "epoch": 69}
{"loss": 0.24170643091201782, "acc": 0.9179226756095886, "length": 5.0, "mode": "test", "epoch": 69}
{"loss": 0.19644290208816528, "acc": 0.9259390234947205, "length": 4.999968528747559, "mode": "train", "epoch": 70}
{"loss": 0.19635647535324097, "acc": 0.9267367124557495, "length": 5.0, "mode": "test", "epoch": 70}
{"loss": 0.16777046024799347, "acc": 0.9370349645614624, "length": 4.999989032745361, "mode": "train", "epoch": 71}
{"loss": 0.18444934487342834, "acc": 0.9317168593406677, "length": 5.0, "mode": "test", "epoch": 71}
{"loss": 0.15343305468559265, "acc": 0.9415999054908752, "length": 4.999502658843994, "mode": "train", "epoch": 72}
{"loss": 0.17720386385917664, "acc": 0.9329619407653809, "length": 5.0, "mode": "test", "epoch": 72}
{"loss": 0.1530618518590927, "acc": 0.9417900443077087, "length": 4.999988555908203, "mode": "train", "epoch": 73}
{"loss": 0.18006199598312378, "acc": 0.9339122772216797, "length": 5.0, "mode": "test", "epoch": 73}
{"loss": 0.1509152501821518, "acc": 0.9432222843170166, "length": 4.999992847442627, "mode": "train", "epoch": 74}
{"loss": 0.18169495463371277, "acc": 0.9358454346656799, "length": 5.0, "mode": "test", "epoch": 74}
{"loss": 0.15147101879119873, "acc": 0.9424899816513062, "length": 4.999995708465576, "mode": "train", "epoch": 75}
{"loss": 0.17341578006744385, "acc": 0.9394167065620422, "length": 5.0, "mode": "test", "epoch": 75}
{"loss": 0.1510213166475296, "acc": 0.9441555142402649, "length": 4.999489784240723, "mode": "train", "epoch": 76}
{"loss": 0.17844519019126892, "acc": 0.9341742396354675, "length": 5.0, "mode": "test", "epoch": 76}
{"loss": 0.15560297667980194, "acc": 0.9390344619750977, "length": 4.999690055847168, "mode": "train", "epoch": 77}
{"loss": 0.1816405951976776, "acc": 0.9292594790458679, "length": 5.0, "mode": "test", "epoch": 77}
{"loss": 0.1585521697998047, "acc": 0.9391338229179382, "length": 4.999990463256836, "mode": "train", "epoch": 78}
{"loss": 0.19666682183742523, "acc": 0.9292922616004944, "length": 5.0, "mode": "test", "epoch": 78}
{"loss": 0.15478534996509552, "acc": 0.9401288628578186, "length": 4.999998092651367, "mode": "train", "epoch": 79}
{"loss": 0.18017295002937317, "acc": 0.9349935054779053, "length": 5.0, "mode": "test", "epoch": 79}
{"loss": 0.14991267025470734, "acc": 0.9412544369697571, "length": 4.999761581420898, "mode": "train", "epoch": 80}
{"loss": 0.17530980706214905, "acc": 0.9369920492172241, "length": 5.0, "mode": "test", "epoch": 80}
{"loss": 0.1507667452096939, "acc": 0.9415369033813477, "length": 4.999460697174072, "mode": "train", "epoch": 81}
{"loss": 0.16974157094955444, "acc": 0.9391545653343201, "length": 5.0, "mode": "test", "epoch": 81}
{"loss": 0.14486606419086456, "acc": 0.9448280334472656, "length": 4.999967575073242, "mode": "train", "epoch": 82}
{"loss": 0.1761164367198944, "acc": 0.9338138699531555, "length": 5.0, "mode": "test", "epoch": 82}
{"loss": 0.1613347828388214, "acc": 0.9352200031280518, "length": 4.999988555908203, "mode": "train", "epoch": 83}
{"loss": 0.18519604206085205, "acc": 0.9309632182121277, "length": 5.0, "mode": "test", "epoch": 83}
{"loss": 0.15235726535320282, "acc": 0.9390999674797058, "length": 4.999577045440674, "mode": "train", "epoch": 84}
{"loss": 0.181513711810112, "acc": 0.9321428537368774, "length": 5.0, "mode": "test", "epoch": 84}
{"loss": 0.15332835912704468, "acc": 0.9389138221740723, "length": 4.9999566078186035, "mode": "train", "epoch": 85}
{"loss": 0.16884569823741913, "acc": 0.9342726469039917, "length": 5.0, "mode": "test", "epoch": 85}
{"loss": 0.14869892597198486, "acc": 0.9418773651123047, "length": 4.999982833862305, "mode": "train", "epoch": 86}
{"loss": 0.17378513514995575, "acc": 0.9349278807640076, "length": 5.0, "mode": "test", "epoch": 86}
{"loss": 0.1477312445640564, "acc": 0.9424814581871033, "length": 4.9997687339782715, "mode": "train", "epoch": 87}
{"loss": 0.16545341908931732, "acc": 0.9358779788017273, "length": 5.0, "mode": "test", "epoch": 87}
{"loss": 0.14712947607040405, "acc": 0.9419763088226318, "length": 4.999999046325684, "mode": "train", "epoch": 88}
{"loss": 0.16984961926937103, "acc": 0.9364679455757141, "length": 5.0, "mode": "test", "epoch": 88}
{"loss": 0.14152891933918, "acc": 0.9462937712669373, "length": 4.999987602233887, "mode": "train", "epoch": 89}
{"loss": 0.1609535962343216, "acc": 0.9424312114715576, "length": 5.0, "mode": "test", "epoch": 89}
{"loss": 0.13540132343769073, "acc": 0.9488301873207092, "length": 4.999991416931152, "mode": "train", "epoch": 90}
{"loss": 0.16276530921459198, "acc": 0.9406291842460632, "length": 5.0, "mode": "test", "epoch": 90}
{"loss": 0.140485942363739, "acc": 0.9454633593559265, "length": 4.999994277954102, "mode": "train", "epoch": 91}
{"loss": 0.16103637218475342, "acc": 0.9408256411552429, "length": 5.0, "mode": "test", "epoch": 91}
{"loss": 0.13425317406654358, "acc": 0.9482837915420532, "length": 4.999999523162842, "mode": "train", "epoch": 92}
{"loss": 0.15696343779563904, "acc": 0.9440039396286011, "length": 5.0, "mode": "test", "epoch": 92}
{"loss": 0.14244575798511505, "acc": 0.9445558190345764, "length": 4.999990940093994, "mode": "train", "epoch": 93}
{"loss": 0.16167879104614258, "acc": 0.9410224556922913, "length": 5.0, "mode": "test", "epoch": 93}
{"loss": 0.14381442964076996, "acc": 0.9444990754127502, "length": 4.999944686889648, "mode": "train", "epoch": 94}
{"loss": 0.15933650732040405, "acc": 0.9429227113723755, "length": 5.0, "mode": "test", "epoch": 94}
{"loss": 0.1384279578924179, "acc": 0.9446763396263123, "length": 4.999997615814209, "mode": "train", "epoch": 95}
{"loss": 0.16369599103927612, "acc": 0.9400721192359924, "length": 5.0, "mode": "test", "epoch": 95}
{"loss": 0.13802801072597504, "acc": 0.9468052983283997, "length": 4.999906539916992, "mode": "train", "epoch": 96}
{"loss": 0.16288915276527405, "acc": 0.9411203265190125, "length": 5.0, "mode": "test", "epoch": 96}
{"loss": 0.13866026699543, "acc": 0.9465673565864563, "length": 4.999999046325684, "mode": "train", "epoch": 97}
{"loss": 0.1812516748905182, "acc": 0.9375817775726318, "length": 5.0, "mode": "test", "epoch": 97}
{"loss": 0.14605851471424103, "acc": 0.9438126683235168, "length": 4.999998092651367, "mode": "train", "epoch": 98}
{"loss": 0.17365217208862305, "acc": 0.9374181032180786, "length": 5.0, "mode": "test", "epoch": 98}
{"loss": 0.1350695937871933, "acc": 0.9496495723724365, "length": 4.9999823570251465, "mode": "train", "epoch": 99}
{"loss": 0.15620771050453186, "acc": 0.9444626569747925, "length": 5.0, "mode": "test", "epoch": 99}
{"loss": 0.15558214485645294, "acc": 0.9425544738769531, "length": 4.999969005584717, "mode": "train", "epoch": 100}
{"loss": 0.18892347812652588, "acc": 0.9323395490646362, "length": 5.0, "mode": "test", "epoch": 100}
test accuracy: 0.8782278895378113
