# ["--attributes=4", "--values=3", "--game_size=10", "--vocab_size_factor=3", "--n_epochs=100", "--batch_size=64", "--learning_rate=0.0005", "--hidden_size=256", "--temp_update=0.97", "--temperature=1"]
Creating train_ds and val_ds...

Creating test_ds...
{"loss": 0.6506652235984802, "acc": 0.6042110919952393, "length": 2.7000792026519775, "mode": "train", "epoch": 1}
{"loss": 0.5837364196777344, "acc": 0.711995542049408, "length": 2.977792263031006, "mode": "test", "epoch": 1}
{"loss": 0.4904339015483856, "acc": 0.7752190232276917, "length": 3.7958829402923584, "mode": "train", "epoch": 2}
{"loss": 0.456581711769104, "acc": 0.7954243421554565, "length": 4.224689960479736, "mode": "test", "epoch": 2}
{"loss": 0.4097825884819031, "acc": 0.8188830018043518, "length": 4.1442108154296875, "mode": "train", "epoch": 3}
{"loss": 0.38065168261528015, "acc": 0.8437106013298035, "length": 4.60156774520874, "mode": "test", "epoch": 3}
{"loss": 0.3390655517578125, "acc": 0.8571333289146423, "length": 4.486590385437012, "mode": "train", "epoch": 4}
{"loss": 0.3395429849624634, "acc": 0.8552706837654114, "length": 4.7772698402404785, "mode": "test", "epoch": 4}
{"loss": 0.300314337015152, "acc": 0.8732573390007019, "length": 4.5291337966918945, "mode": "train", "epoch": 5}
{"loss": 0.29690128564834595, "acc": 0.877003014087677, "length": 4.477465629577637, "mode": "test", "epoch": 5}
{"loss": 0.28177228569984436, "acc": 0.8810596466064453, "length": 4.5848822593688965, "mode": "train", "epoch": 6}
{"loss": 0.28740447759628296, "acc": 0.8741958141326904, "length": 4.574787616729736, "mode": "test", "epoch": 6}
{"loss": 0.2703549265861511, "acc": 0.8840871453285217, "length": 4.608424186706543, "mode": "train", "epoch": 7}
{"loss": 0.2737196683883667, "acc": 0.8835742473602295, "length": 4.589810371398926, "mode": "test", "epoch": 7}
{"loss": 0.2557470202445984, "acc": 0.8914697170257568, "length": 4.738650798797607, "mode": "train", "epoch": 8}
{"loss": 0.2596052885055542, "acc": 0.8888220191001892, "length": 4.814500331878662, "mode": "test", "epoch": 8}
{"loss": 0.24909141659736633, "acc": 0.8936648368835449, "length": 4.776824951171875, "mode": "train", "epoch": 9}
{"loss": 0.2618640661239624, "acc": 0.8929923176765442, "length": 4.775963306427002, "mode": "test", "epoch": 9}
{"loss": 0.2436879277229309, "acc": 0.8940860629081726, "length": 4.777720928192139, "mode": "train", "epoch": 10}
{"loss": 0.2663775682449341, "acc": 0.8851767778396606, "length": 4.827563762664795, "mode": "test", "epoch": 10}
{"loss": 0.24003519117832184, "acc": 0.8976991772651672, "length": 4.81880521774292, "mode": "train", "epoch": 11}
{"loss": 0.2591523230075836, "acc": 0.8929348587989807, "length": 4.801436901092529, "mode": "test", "epoch": 11}
{"loss": 0.23733383417129517, "acc": 0.8987783193588257, "length": 4.815896511077881, "mode": "train", "epoch": 12}
{"loss": 0.25518178939819336, "acc": 0.8916178345680237, "length": 4.846505641937256, "mode": "test", "epoch": 12}
{"loss": 0.2369384765625, "acc": 0.8994353413581848, "length": 4.806925296783447, "mode": "train", "epoch": 13}
{"loss": 0.26292330026626587, "acc": 0.8919107913970947, "length": 4.800783634185791, "mode": "test", "epoch": 13}
{"loss": 0.23719657957553864, "acc": 0.8977303504943848, "length": 4.799863815307617, "mode": "train", "epoch": 14}
{"loss": 0.2584782838821411, "acc": 0.8899508714675903, "length": 4.819072723388672, "mode": "test", "epoch": 14}
{"loss": 0.2365277111530304, "acc": 0.8986393213272095, "length": 4.813632488250732, "mode": "train", "epoch": 15}
{"loss": 0.25751209259033203, "acc": 0.8879910111427307, "length": 4.822338104248047, "mode": "test", "epoch": 15}
{"loss": 0.23482179641723633, "acc": 0.8999335169792175, "length": 4.845081329345703, "mode": "train", "epoch": 16}
{"loss": 0.2542749047279358, "acc": 0.8903527855873108, "length": 4.871325969696045, "mode": "test", "epoch": 16}
{"loss": 0.23037320375442505, "acc": 0.9021228551864624, "length": 4.843430042266846, "mode": "train", "epoch": 17}
{"loss": 0.25940966606140137, "acc": 0.8934182524681091, "length": 4.797517776489258, "mode": "test", "epoch": 17}
{"loss": 0.22798067331314087, "acc": 0.9034634232521057, "length": 4.8528618812561035, "mode": "train", "epoch": 18}
{"loss": 0.25426217913627625, "acc": 0.895172119140625, "length": 4.8347487449646, "mode": "test", "epoch": 18}
{"loss": 0.2263137847185135, "acc": 0.9029346108436584, "length": 4.844078540802002, "mode": "train", "epoch": 19}
{"loss": 0.25459977984428406, "acc": 0.895409345626831, "length": 4.840627193450928, "mode": "test", "epoch": 19}
{"loss": 0.22839580476284027, "acc": 0.9010332822799683, "length": 4.840912342071533, "mode": "train", "epoch": 20}
{"loss": 0.2584778666496277, "acc": 0.8932550549507141, "length": 4.841279983520508, "mode": "test", "epoch": 20}
{"loss": 0.24157829582691193, "acc": 0.89740389585495, "length": 4.843148231506348, "mode": "train", "epoch": 21}
{"loss": 0.3150370121002197, "acc": 0.8806846737861633, "length": 4.77661657333374, "mode": "test", "epoch": 21}
{"loss": 0.24289730191230774, "acc": 0.8970412611961365, "length": 4.838092803955078, "mode": "train", "epoch": 22}
{"loss": 0.25376802682876587, "acc": 0.8989481329917908, "length": 4.884389400482178, "mode": "test", "epoch": 22}
{"loss": 0.22655265033245087, "acc": 0.9034557342529297, "length": 4.87962532043457, "mode": "train", "epoch": 23}
{"loss": 0.24224889278411865, "acc": 0.8983325958251953, "length": 4.86414098739624, "mode": "test", "epoch": 23}
{"loss": 0.22971507906913757, "acc": 0.9028548002243042, "length": 4.890793323516846, "mode": "train", "epoch": 24}
{"loss": 0.25851255655288696, "acc": 0.8906745910644531, "length": 4.898758888244629, "mode": "test", "epoch": 24}
{"loss": 0.22807809710502625, "acc": 0.9039671421051025, "length": 4.8895440101623535, "mode": "train", "epoch": 25}
{"loss": 0.256197988986969, "acc": 0.8880771398544312, "length": 4.87916374206543, "mode": "test", "epoch": 25}
{"loss": 0.30539384484291077, "acc": 0.8729110956192017, "length": 4.8971171379089355, "mode": "train", "epoch": 26}
{"loss": 0.27869218587875366, "acc": 0.8822665214538574, "length": 4.929457664489746, "mode": "test", "epoch": 26}
{"loss": 0.25107258558273315, "acc": 0.893725574016571, "length": 4.889528751373291, "mode": "train", "epoch": 27}
{"loss": 0.2585163712501526, "acc": 0.8920773863792419, "length": 4.866100788116455, "mode": "test", "epoch": 27}
{"loss": 0.24282632768154144, "acc": 0.8981004357337952, "length": 4.918417930603027, "mode": "train", "epoch": 28}
{"loss": 0.2545223832130432, "acc": 0.8916744589805603, "length": 4.895493030548096, "mode": "test", "epoch": 28}
{"loss": 0.23093247413635254, "acc": 0.9032155871391296, "length": 4.908198356628418, "mode": "train", "epoch": 29}
{"loss": 0.25057753920555115, "acc": 0.8953360915184021, "length": 4.907249927520752, "mode": "test", "epoch": 29}
{"loss": 0.22935448586940765, "acc": 0.9029616117477417, "length": 4.920644760131836, "mode": "train", "epoch": 30}
{"loss": 0.26406770944595337, "acc": 0.8948222994804382, "length": 4.949052810668945, "mode": "test", "epoch": 30}
{"loss": 0.22702662646770477, "acc": 0.9028617143630981, "length": 4.896512508392334, "mode": "train", "epoch": 31}
{"loss": 0.2524033188819885, "acc": 0.8989417552947998, "length": 4.868060111999512, "mode": "test", "epoch": 31}
{"loss": 0.2174898386001587, "acc": 0.9093447327613831, "length": 4.874604225158691, "mode": "train", "epoch": 32}
{"loss": 0.24255385994911194, "acc": 0.90379399061203, "length": 4.858262538909912, "mode": "test", "epoch": 32}
{"loss": 0.23661310970783234, "acc": 0.9000729918479919, "length": 4.9123053550720215, "mode": "train", "epoch": 33}
{"loss": 0.28199079632759094, "acc": 0.880349338054657, "length": 4.967994689941406, "mode": "test", "epoch": 33}
{"loss": 0.247689887881279, "acc": 0.8926711082458496, "length": 4.917784690856934, "mode": "train", "epoch": 34}
{"loss": 0.2590177059173584, "acc": 0.8886995315551758, "length": 4.898105621337891, "mode": "test", "epoch": 34}
{"loss": 0.23971131443977356, "acc": 0.8960203528404236, "length": 4.925049781799316, "mode": "train", "epoch": 35}
{"loss": 0.2576521337032318, "acc": 0.8902508020401001, "length": 4.934683322906494, "mode": "test", "epoch": 35}
{"loss": 0.25446686148643494, "acc": 0.8928675651550293, "length": 4.94653844833374, "mode": "train", "epoch": 36}
{"loss": 0.2726009488105774, "acc": 0.8910485506057739, "length": 4.979098796844482, "mode": "test", "epoch": 36}
{"loss": 0.24134723842144012, "acc": 0.9024826884269714, "length": 4.972532749176025, "mode": "train", "epoch": 37}
{"loss": 0.24104034900665283, "acc": 0.9027678966522217, "length": 4.949706077575684, "mode": "test", "epoch": 37}
{"loss": 0.221292182803154, "acc": 0.9097992777824402, "length": 4.946106910705566, "mode": "train", "epoch": 38}
{"loss": 0.24360814690589905, "acc": 0.899874746799469, "length": 4.955584526062012, "mode": "test", "epoch": 38}
{"loss": 0.21728971600532532, "acc": 0.913346529006958, "length": 4.933694839477539, "mode": "train", "epoch": 39}
{"loss": 0.2299337238073349, "acc": 0.9096873998641968, "length": 4.936642646789551, "mode": "test", "epoch": 39}
{"loss": 0.21369485557079315, "acc": 0.9143412709236145, "length": 4.936159133911133, "mode": "train", "epoch": 40}
{"loss": 0.24301210045814514, "acc": 0.9000850915908813, "length": 4.929457664489746, "mode": "test", "epoch": 40}
{"loss": 0.20967087149620056, "acc": 0.9165021181106567, "length": 4.938934803009033, "mode": "train", "epoch": 41}
{"loss": 0.22859513759613037, "acc": 0.9087824821472168, "length": 4.975832939147949, "mode": "test", "epoch": 41}
{"loss": 0.20825298130512238, "acc": 0.917790949344635, "length": 4.951789855957031, "mode": "train", "epoch": 42}
{"loss": 0.22361522912979126, "acc": 0.9103982448577881, "length": 4.947093486785889, "mode": "test", "epoch": 42}
{"loss": 0.222247913479805, "acc": 0.9109534025192261, "length": 4.922979831695557, "mode": "train", "epoch": 43}
{"loss": 0.2625940442085266, "acc": 0.902045488357544, "length": 4.915088176727295, "mode": "test", "epoch": 43}
{"loss": 0.2571251690387726, "acc": 0.8914769887924194, "length": 4.957648277282715, "mode": "train", "epoch": 44}
{"loss": 0.2527426779270172, "acc": 0.8956738114356995, "length": 4.954931259155273, "mode": "test", "epoch": 44}
{"loss": 0.22030109167099, "acc": 0.9092172384262085, "length": 4.9485626220703125, "mode": "train", "epoch": 45}
{"loss": 0.22939853370189667, "acc": 0.9090626239776611, "length": 4.976485729217529, "mode": "test", "epoch": 45}
{"loss": 0.20799526572227478, "acc": 0.9189792275428772, "length": 4.962833881378174, "mode": "train", "epoch": 46}
{"loss": 0.23167303204536438, "acc": 0.9119971394538879, "length": 4.928804874420166, "mode": "test", "epoch": 46}
{"loss": 0.20161306858062744, "acc": 0.9227070808410645, "length": 4.943953037261963, "mode": "train", "epoch": 47}
{"loss": 0.22342950105667114, "acc": 0.9165338277816772, "length": 4.937949180603027, "mode": "test", "epoch": 47}
{"loss": 0.1936466246843338, "acc": 0.9258372187614441, "length": 4.931921005249023, "mode": "train", "epoch": 48}
{"loss": 0.2317657768726349, "acc": 0.9154788851737976, "length": 4.928151607513428, "mode": "test", "epoch": 48}
{"loss": 0.19900906085968018, "acc": 0.9230962991714478, "length": 4.924393177032471, "mode": "train", "epoch": 49}
{"loss": 0.22334420680999756, "acc": 0.9184065461158752, "length": 4.915741443634033, "mode": "test", "epoch": 49}
{"loss": 0.18877948820590973, "acc": 0.9276509284973145, "length": 4.923208713531494, "mode": "train", "epoch": 50}
{"loss": 0.21098801493644714, "acc": 0.9235495924949646, "length": 4.9274983406066895, "mode": "test", "epoch": 50}
{"loss": 0.1851082146167755, "acc": 0.9287141561508179, "length": 4.925197124481201, "mode": "train", "epoch": 51}
{"loss": 0.20871862769126892, "acc": 0.9242797493934631, "length": 4.910515785217285, "mode": "test", "epoch": 51}
{"loss": 0.1848418116569519, "acc": 0.9284818768501282, "length": 4.924508571624756, "mode": "train", "epoch": 52}
{"loss": 0.20918983221054077, "acc": 0.9203232526779175, "length": 4.939908504486084, "mode": "test", "epoch": 52}
{"loss": 0.18701831996440887, "acc": 0.9267552495002747, "length": 4.926787376403809, "mode": "train", "epoch": 53}
{"loss": 0.24400007724761963, "acc": 0.9144088625907898, "length": 4.890921115875244, "mode": "test", "epoch": 53}
{"loss": 0.19977422058582306, "acc": 0.9220950603485107, "length": 4.943332672119141, "mode": "train", "epoch": 54}
{"loss": 0.22852575778961182, "acc": 0.9154372215270996, "length": 4.954278469085693, "mode": "test", "epoch": 54}
{"loss": 0.19284851849079132, "acc": 0.9237825870513916, "length": 4.932769775390625, "mode": "train", "epoch": 55}
{"loss": 0.2359573096036911, "acc": 0.9157052040100098, "length": 4.942521095275879, "mode": "test", "epoch": 55}
{"loss": 0.1888742595911026, "acc": 0.9265713691711426, "length": 4.9163899421691895, "mode": "train", "epoch": 56}
{"loss": 0.20127853751182556, "acc": 0.9239277839660645, "length": 4.917047500610352, "mode": "test", "epoch": 56}
{"loss": 0.18299070000648499, "acc": 0.9293777346611023, "length": 4.912137508392334, "mode": "train", "epoch": 57}
{"loss": 0.23314158618450165, "acc": 0.9150655269622803, "length": 4.917047500610352, "mode": "test", "epoch": 57}
{"loss": 0.18947423994541168, "acc": 0.9262303709983826, "length": 4.927652835845947, "mode": "train", "epoch": 58}
{"loss": 0.20121273398399353, "acc": 0.9246028661727905, "length": 4.932723522186279, "mode": "test", "epoch": 58}
{"loss": 0.18098783493041992, "acc": 0.9301480054855347, "length": 4.913215160369873, "mode": "train", "epoch": 59}
{"loss": 0.2092350572347641, "acc": 0.9244197607040405, "length": 4.9248857498168945, "mode": "test", "epoch": 59}
{"loss": 0.18333332240581512, "acc": 0.9302688837051392, "length": 4.916306972503662, "mode": "train", "epoch": 60}
{"loss": 0.22946849465370178, "acc": 0.9148433804512024, "length": 4.9359893798828125, "mode": "test", "epoch": 60}
{"loss": 0.1916855424642563, "acc": 0.9274419546127319, "length": 4.919313907623291, "mode": "train", "epoch": 61}
{"loss": 0.2095690369606018, "acc": 0.9237112998962402, "length": 4.936642646789551, "mode": "test", "epoch": 61}
{"loss": 0.1845771223306656, "acc": 0.9289065003395081, "length": 4.92821741104126, "mode": "train", "epoch": 62}
{"loss": 0.20707683265209198, "acc": 0.921566367149353, "length": 4.891573905944824, "mode": "test", "epoch": 62}
{"loss": 0.18821515142917633, "acc": 0.9274579286575317, "length": 4.901864051818848, "mode": "train", "epoch": 63}
{"loss": 0.22438693046569824, "acc": 0.9189602732658386, "length": 4.915088176727295, "mode": "test", "epoch": 63}
{"loss": 0.18214815855026245, "acc": 0.9314987659454346, "length": 4.9117326736450195, "mode": "train", "epoch": 64}
{"loss": 0.20761577785015106, "acc": 0.9236748218536377, "length": 4.919660568237305, "mode": "test", "epoch": 64}
{"loss": 0.2012956291437149, "acc": 0.9241284132003784, "length": 4.9105610847473145, "mode": "train", "epoch": 65}
{"loss": 0.2215399593114853, "acc": 0.9174399375915527, "length": 4.9124755859375, "mode": "test", "epoch": 65}
{"loss": 0.18677498400211334, "acc": 0.9280295372009277, "length": 4.914670944213867, "mode": "train", "epoch": 66}
{"loss": 0.19983211159706116, "acc": 0.9225380420684814, "length": 4.895493030548096, "mode": "test", "epoch": 66}
{"loss": 0.17908379435539246, "acc": 0.9293985962867737, "length": 4.9143781661987305, "mode": "train", "epoch": 67}
{"loss": 0.19910109043121338, "acc": 0.9230971932411194, "length": 4.941867828369141, "mode": "test", "epoch": 67}
{"loss": 0.17323322594165802, "acc": 0.9329184293746948, "length": 4.928059101104736, "mode": "train", "epoch": 68}
{"loss": 0.1939765214920044, "acc": 0.9252211451530457, "length": 4.925539016723633, "mode": "test", "epoch": 68}
{"loss": 0.1708109974861145, "acc": 0.9350748658180237, "length": 4.93015193939209, "mode": "train", "epoch": 69}
{"loss": 0.19994625449180603, "acc": 0.9263302683830261, "length": 4.932723522186279, "mode": "test", "epoch": 69}
{"loss": 0.17518046498298645, "acc": 0.93351811170578, "length": 4.92475700378418, "mode": "train", "epoch": 70}
{"loss": 0.19530892372131348, "acc": 0.9285378456115723, "length": 4.9412150382995605, "mode": "test", "epoch": 70}
{"loss": 0.17689871788024902, "acc": 0.9324178099632263, "length": 4.925968647003174, "mode": "train", "epoch": 71}
{"loss": 0.23423561453819275, "acc": 0.9182475209236145, "length": 4.913781642913818, "mode": "test", "epoch": 71}
{"loss": 0.1732146292924881, "acc": 0.9340803027153015, "length": 4.924240589141846, "mode": "train", "epoch": 72}
{"loss": 0.20090636610984802, "acc": 0.9265318512916565, "length": 4.931417465209961, "mode": "test", "epoch": 72}
{"loss": 0.16883745789527893, "acc": 0.9363245964050293, "length": 4.934225559234619, "mode": "train", "epoch": 73}
{"loss": 0.19689267873764038, "acc": 0.9270907044410706, "length": 4.931417465209961, "mode": "test", "epoch": 73}
{"loss": 0.17043167352676392, "acc": 0.9353531002998352, "length": 4.931600570678711, "mode": "train", "epoch": 74}
{"loss": 0.19217389822006226, "acc": 0.929355800151825, "length": 4.936642646789551, "mode": "test", "epoch": 74}
{"loss": 0.16800649464130402, "acc": 0.9360995292663574, "length": 4.9329423904418945, "mode": "train", "epoch": 75}
{"loss": 0.18720868229866028, "acc": 0.9308434724807739, "length": 4.945133686065674, "mode": "test", "epoch": 75}
{"loss": 0.16642849147319794, "acc": 0.9361211061477661, "length": 4.933043479919434, "mode": "train", "epoch": 76}
{"loss": 0.199260875582695, "acc": 0.9259138703346252, "length": 4.945133686065674, "mode": "test", "epoch": 76}
{"loss": 0.15927663445472717, "acc": 0.9387447237968445, "length": 4.934586048126221, "mode": "train", "epoch": 77}
{"loss": 0.18702492117881775, "acc": 0.931682825088501, "length": 4.932723522186279, "mode": "test", "epoch": 77}
{"loss": 0.15835565328598022, "acc": 0.9392470121383667, "length": 4.9375457763671875, "mode": "train", "epoch": 78}
{"loss": 0.1874404400587082, "acc": 0.9316309690475464, "length": 4.939255237579346, "mode": "test", "epoch": 78}
{"loss": 0.16736586391925812, "acc": 0.9371103644371033, "length": 4.934311389923096, "mode": "train", "epoch": 79}
{"loss": 0.19050472974777222, "acc": 0.9294572472572327, "length": 4.9412150382995605, "mode": "test", "epoch": 79}
{"loss": 0.16279752552509308, "acc": 0.9369451999664307, "length": 4.932802677154541, "mode": "train", "epoch": 80}
{"loss": 0.18909797072410583, "acc": 0.9328916072845459, "length": 4.928151607513428, "mode": "test", "epoch": 80}
{"loss": 0.16595874726772308, "acc": 0.9355082511901855, "length": 4.929174900054932, "mode": "train", "epoch": 81}
{"loss": 0.19390881061553955, "acc": 0.9286505579948425, "length": 4.931417465209961, "mode": "test", "epoch": 81}
{"loss": 0.1650015115737915, "acc": 0.9358308911323547, "length": 4.9373297691345215, "mode": "train", "epoch": 82}
{"loss": 0.19811299443244934, "acc": 0.9278883934020996, "length": 4.952971935272217, "mode": "test", "epoch": 82}
{"loss": 0.15991488099098206, "acc": 0.9384349584579468, "length": 4.934903621673584, "mode": "train", "epoch": 83}
{"loss": 0.18322676420211792, "acc": 0.93330317735672, "length": 4.928804874420166, "mode": "test", "epoch": 83}
{"loss": 0.15698523819446564, "acc": 0.9397684931755066, "length": 4.923603057861328, "mode": "train", "epoch": 84}
{"loss": 0.19236771762371063, "acc": 0.9303103685379028, "length": 4.930110931396484, "mode": "test", "epoch": 84}
{"loss": 0.1681421399116516, "acc": 0.9355040192604065, "length": 4.9278340339660645, "mode": "train", "epoch": 85}
{"loss": 0.19781872630119324, "acc": 0.9242675304412842, "length": 4.913781642913818, "mode": "test", "epoch": 85}
{"loss": 0.16753599047660828, "acc": 0.934639036655426, "length": 4.9057793617248535, "mode": "train", "epoch": 86}
{"loss": 0.18706512451171875, "acc": 0.9301223754882812, "length": 4.911822319030762, "mode": "test", "epoch": 86}
{"loss": 0.1549798846244812, "acc": 0.9415544867515564, "length": 4.916554927825928, "mode": "train", "epoch": 87}
{"loss": 0.19329848885536194, "acc": 0.9320135116577148, "length": 4.9359893798828125, "mode": "test", "epoch": 87}
{"loss": 0.16369253396987915, "acc": 0.9361567497253418, "length": 4.916340351104736, "mode": "train", "epoch": 88}
{"loss": 0.18738773465156555, "acc": 0.9328243136405945, "length": 4.9359893798828125, "mode": "test", "epoch": 88}
{"loss": 0.1509929746389389, "acc": 0.9425759315490723, "length": 4.91788911819458, "mode": "train", "epoch": 89}
{"loss": 0.1866450011730194, "acc": 0.9354647397994995, "length": 4.922926425933838, "mode": "test", "epoch": 89}
{"loss": 0.15388408303260803, "acc": 0.9401224255561829, "length": 4.9211907386779785, "mode": "train", "epoch": 90}
{"loss": 0.20364539325237274, "acc": 0.9275168776512146, "length": 4.9359893798828125, "mode": "test", "epoch": 90}
{"loss": 0.16052551567554474, "acc": 0.9386971592903137, "length": 4.92364501953125, "mode": "train", "epoch": 91}
{"loss": 0.2015007585287094, "acc": 0.9294860363006592, "length": 4.924232482910156, "mode": "test", "epoch": 91}
{"loss": 0.1652236431837082, "acc": 0.9358654618263245, "length": 4.926590919494629, "mode": "train", "epoch": 92}
{"loss": 0.20594608783721924, "acc": 0.9260827302932739, "length": 4.917047500610352, "mode": "test", "epoch": 92}
{"loss": 0.1685226410627365, "acc": 0.9331164360046387, "length": 4.934071063995361, "mode": "train", "epoch": 93}
{"loss": 0.2024717926979065, "acc": 0.9273541569709778, "length": 4.972567081451416, "mode": "test", "epoch": 93}
{"loss": 0.16842736303806305, "acc": 0.9352788329124451, "length": 4.953507423400879, "mode": "train", "epoch": 94}
{"loss": 0.20280788838863373, "acc": 0.9298364520072937, "length": 4.932723522186279, "mode": "test", "epoch": 94}
{"loss": 0.20288582146167755, "acc": 0.9245287775993347, "length": 4.9278740882873535, "mode": "train", "epoch": 95}
{"loss": 0.25220388174057007, "acc": 0.9091832041740417, "length": 4.934030055999756, "mode": "test", "epoch": 95}
{"loss": 0.18782544136047363, "acc": 0.9275325536727905, "length": 4.912232875823975, "mode": "train", "epoch": 96}
{"loss": 0.20423077046871185, "acc": 0.9242075681686401, "length": 4.911169052124023, "mode": "test", "epoch": 96}
{"loss": 0.170646533370018, "acc": 0.9355243444442749, "length": 4.905986785888672, "mode": "train", "epoch": 97}
{"loss": 0.18655329942703247, "acc": 0.9334653615951538, "length": 4.926191806793213, "mode": "test", "epoch": 97}
{"loss": 0.1584905982017517, "acc": 0.9394276738166809, "length": 4.928562641143799, "mode": "train", "epoch": 98}
{"loss": 0.19446496665477753, "acc": 0.9248074889183044, "length": 4.935336589813232, "mode": "test", "epoch": 98}
{"loss": 0.1582774668931961, "acc": 0.937977135181427, "length": 4.933732509613037, "mode": "train", "epoch": 99}
{"loss": 0.1894671767950058, "acc": 0.9296225309371948, "length": 4.9222731590271, "mode": "test", "epoch": 99}
{"loss": 0.17036807537078857, "acc": 0.9352056384086609, "length": 4.915648460388184, "mode": "train", "epoch": 100}
{"loss": 0.2306598722934723, "acc": 0.9208726286888123, "length": 4.928151607513428, "mode": "test", "epoch": 100}
test accuracy: 0.8688833117485046
