# ["--attributes=4", "--values=3", "--game_size=10", "--vocab_size_factor=3", "--n_epochs=100", "--batch_size=64", "--learning_rate=0.0005", "--hidden_size=256", "--temp_update=0.99", "--temperature=1"]
Creating train_ds and val_ds...

Creating test_ds...
{"loss": 0.6455729007720947, "acc": 0.6027184128761292, "length": 2.651995897293091, "mode": "train", "epoch": 1}
{"loss": 0.5674314498901367, "acc": 0.7134214043617249, "length": 3.1705427169799805, "mode": "test", "epoch": 1}
{"loss": 0.4683860242366791, "acc": 0.7847978472709656, "length": 4.191004276275635, "mode": "train", "epoch": 2}
{"loss": 0.42822277545928955, "acc": 0.81927490234375, "length": 4.9728684425354, "mode": "test", "epoch": 2}
{"loss": 0.34149807691574097, "acc": 0.8558414578437805, "length": 4.936617374420166, "mode": "train", "epoch": 3}
{"loss": 0.3431817591190338, "acc": 0.8580426573753357, "length": 5.0, "mode": "test", "epoch": 3}
{"loss": 0.3005398213863373, "acc": 0.880537211894989, "length": 4.989677429199219, "mode": "train", "epoch": 4}
{"loss": 0.28144609928131104, "acc": 0.8901808857917786, "length": 5.0, "mode": "test", "epoch": 4}
{"loss": 0.2652983069419861, "acc": 0.8952395915985107, "length": 4.995638847351074, "mode": "train", "epoch": 5}
{"loss": 0.2599644362926483, "acc": 0.9031330943107605, "length": 5.0, "mode": "test", "epoch": 5}
{"loss": 0.2434999942779541, "acc": 0.9073135256767273, "length": 4.996925354003906, "mode": "train", "epoch": 6}
{"loss": 0.25182846188545227, "acc": 0.9073644280433655, "length": 5.0, "mode": "test", "epoch": 6}
{"loss": 0.22875280678272247, "acc": 0.9120669960975647, "length": 4.997920989990234, "mode": "train", "epoch": 7}
{"loss": 0.22349093854427338, "acc": 0.9182170033454895, "length": 5.0, "mode": "test", "epoch": 7}
{"loss": 0.21338795125484467, "acc": 0.9192500114440918, "length": 4.998693943023682, "mode": "train", "epoch": 8}
{"loss": 0.22246021032333374, "acc": 0.9169251322746277, "length": 5.0, "mode": "test", "epoch": 8}
{"loss": 0.19908951222896576, "acc": 0.9251155257225037, "length": 4.998903751373291, "mode": "train", "epoch": 9}
{"loss": 0.20825839042663574, "acc": 0.9223513007164001, "length": 5.0, "mode": "test", "epoch": 9}
{"loss": 0.19108912348747253, "acc": 0.9288650155067444, "length": 4.999017238616943, "mode": "train", "epoch": 10}
{"loss": 0.21118956804275513, "acc": 0.9225451350212097, "length": 5.0, "mode": "test", "epoch": 10}
{"loss": 0.1835109293460846, "acc": 0.9312818050384521, "length": 4.999403953552246, "mode": "train", "epoch": 11}
{"loss": 0.19307765364646912, "acc": 0.9318152666091919, "length": 5.0, "mode": "test", "epoch": 11}
{"loss": 0.1777007281780243, "acc": 0.9345748424530029, "length": 4.99937105178833, "mode": "train", "epoch": 12}
{"loss": 0.1882043480873108, "acc": 0.9338501691818237, "length": 5.0, "mode": "test", "epoch": 12}
{"loss": 0.16766589879989624, "acc": 0.9396708607673645, "length": 4.999767780303955, "mode": "train", "epoch": 13}
{"loss": 0.18578387796878815, "acc": 0.9355297088623047, "length": 5.0, "mode": "test", "epoch": 13}
{"loss": 0.162347212433815, "acc": 0.941702663898468, "length": 4.999712944030762, "mode": "train", "epoch": 14}
{"loss": 0.18012626469135284, "acc": 0.9421831369400024, "length": 5.0, "mode": "test", "epoch": 14}
{"loss": 0.16199646890163422, "acc": 0.9420695900917053, "length": 4.999577522277832, "mode": "train", "epoch": 15}
{"loss": 0.1837189495563507, "acc": 0.9351098537445068, "length": 5.0, "mode": "test", "epoch": 15}
{"loss": 0.1575368195772171, "acc": 0.9437642693519592, "length": 4.999595642089844, "mode": "train", "epoch": 16}
{"loss": 0.17254337668418884, "acc": 0.9414082765579224, "length": 5.0, "mode": "test", "epoch": 16}
{"loss": 0.15209145843982697, "acc": 0.9460315704345703, "length": 4.999708652496338, "mode": "train", "epoch": 17}
{"loss": 0.17083202302455902, "acc": 0.9407946467399597, "length": 5.0, "mode": "test", "epoch": 17}
{"loss": 0.14724291861057281, "acc": 0.9477625489234924, "length": 4.999846935272217, "mode": "train", "epoch": 18}
{"loss": 0.17317180335521698, "acc": 0.9416022300720215, "length": 5.0, "mode": "test", "epoch": 18}
{"loss": 0.14783836901187897, "acc": 0.9487370848655701, "length": 4.999547481536865, "mode": "train", "epoch": 19}
{"loss": 0.16403865814208984, "acc": 0.946479320526123, "length": 5.0, "mode": "test", "epoch": 19}
{"loss": 0.14169849455356598, "acc": 0.9506707787513733, "length": 4.999824047088623, "mode": "train", "epoch": 20}
{"loss": 0.1721109002828598, "acc": 0.9446382522583008, "length": 5.0, "mode": "test", "epoch": 20}
{"loss": 0.13992621004581451, "acc": 0.9507471323013306, "length": 4.999613285064697, "mode": "train", "epoch": 21}
{"loss": 0.15761211514472961, "acc": 0.9495154023170471, "length": 5.0, "mode": "test", "epoch": 21}
{"loss": 0.13981595635414124, "acc": 0.9502241611480713, "length": 4.999765872955322, "mode": "train", "epoch": 22}
{"loss": 0.15954667329788208, "acc": 0.9466407895088196, "length": 5.0, "mode": "test", "epoch": 22}
{"loss": 0.14139355719089508, "acc": 0.9510173797607422, "length": 4.999876499176025, "mode": "train", "epoch": 23}
{"loss": 0.17401845753192902, "acc": 0.9410529732704163, "length": 5.0, "mode": "test", "epoch": 23}
{"loss": 0.13856537640094757, "acc": 0.9505336880683899, "length": 4.999656677246094, "mode": "train", "epoch": 24}
{"loss": 0.15097005665302277, "acc": 0.9516472220420837, "length": 5.0, "mode": "test", "epoch": 24}
{"loss": 0.13082119822502136, "acc": 0.9531494975090027, "length": 4.9998579025268555, "mode": "train", "epoch": 25}
{"loss": 0.17331336438655853, "acc": 0.9410531520843506, "length": 5.0, "mode": "test", "epoch": 25}
{"loss": 0.14224311709403992, "acc": 0.9486687183380127, "length": 4.999873161315918, "mode": "train", "epoch": 26}
{"loss": 0.1571163386106491, "acc": 0.9492570757865906, "length": 5.0, "mode": "test", "epoch": 26}
{"loss": 0.1306026726961136, "acc": 0.9545173645019531, "length": 4.999028205871582, "mode": "train", "epoch": 27}
{"loss": 0.16188740730285645, "acc": 0.9484495520591736, "length": 5.0, "mode": "test", "epoch": 27}
{"loss": 0.1341591477394104, "acc": 0.9527198076248169, "length": 4.999894618988037, "mode": "train", "epoch": 28}
{"loss": 0.15114308893680573, "acc": 0.9496769905090332, "length": 5.0, "mode": "test", "epoch": 28}
{"loss": 0.1227177157998085, "acc": 0.9569743275642395, "length": 4.999894142150879, "mode": "train", "epoch": 29}
{"loss": 0.16609276831150055, "acc": 0.947028398513794, "length": 5.0, "mode": "test", "epoch": 29}
{"loss": 0.12720856070518494, "acc": 0.9546689391136169, "length": 4.999867916107178, "mode": "train", "epoch": 30}
{"loss": 0.1492079198360443, "acc": 0.9510012269020081, "length": 5.0, "mode": "test", "epoch": 30}
{"loss": 0.12242541462182999, "acc": 0.9570651054382324, "length": 4.999837875366211, "mode": "train", "epoch": 31}
{"loss": 0.15798558294773102, "acc": 0.9501938223838806, "length": 5.0, "mode": "test", "epoch": 31}
{"loss": 0.11684069782495499, "acc": 0.9603684544563293, "length": 4.999911785125732, "mode": "train", "epoch": 32}
{"loss": 0.14976757764816284, "acc": 0.9547479748725891, "length": 5.0, "mode": "test", "epoch": 32}
{"loss": 0.11760301142930984, "acc": 0.959563136100769, "length": 4.999963760375977, "mode": "train", "epoch": 33}
{"loss": 0.16456164419651031, "acc": 0.9499677419662476, "length": 5.0, "mode": "test", "epoch": 33}
{"loss": 0.11764812469482422, "acc": 0.9586036205291748, "length": 4.999946117401123, "mode": "train", "epoch": 34}
{"loss": 0.1366875022649765, "acc": 0.9542312622070312, "length": 5.0, "mode": "test", "epoch": 34}
{"loss": 0.13942041993141174, "acc": 0.9495673179626465, "length": 4.99995756149292, "mode": "train", "epoch": 35}
{"loss": 0.14925581216812134, "acc": 0.9516149759292603, "length": 5.0, "mode": "test", "epoch": 35}
{"loss": 0.1262236386537552, "acc": 0.955750048160553, "length": 4.999964714050293, "mode": "train", "epoch": 36}
{"loss": 0.1600463092327118, "acc": 0.9444766044616699, "length": 5.0, "mode": "test", "epoch": 36}
{"loss": 0.11954005807638168, "acc": 0.9578927159309387, "length": 4.999959945678711, "mode": "train", "epoch": 37}
{"loss": 0.15155336260795593, "acc": 0.9509367346763611, "length": 5.0, "mode": "test", "epoch": 37}
{"loss": 0.11307882517576218, "acc": 0.9609513878822327, "length": 4.999952793121338, "mode": "train", "epoch": 38}
{"loss": 0.16819483041763306, "acc": 0.9476743936538696, "length": 5.0, "mode": "test", "epoch": 38}
{"loss": 0.1132325828075409, "acc": 0.9611644744873047, "length": 4.999905109405518, "mode": "train", "epoch": 39}
{"loss": 0.13230003416538239, "acc": 0.9586886763572693, "length": 5.0, "mode": "test", "epoch": 39}
{"loss": 0.1087091863155365, "acc": 0.9626500606536865, "length": 4.999905109405518, "mode": "train", "epoch": 40}
{"loss": 0.14975793659687042, "acc": 0.9533268809318542, "length": 5.0, "mode": "test", "epoch": 40}
{"loss": 0.10230042785406113, "acc": 0.9658749103546143, "length": 4.999966144561768, "mode": "train", "epoch": 41}
{"loss": 0.1375397890806198, "acc": 0.9556201696395874, "length": 5.0, "mode": "test", "epoch": 41}
{"loss": 0.10129985958337784, "acc": 0.967019259929657, "length": 4.999782085418701, "mode": "train", "epoch": 42}
{"loss": 0.15552566945552826, "acc": 0.9482558965682983, "length": 5.0, "mode": "test", "epoch": 42}
{"loss": 0.1040545180439949, "acc": 0.9644976854324341, "length": 4.999994277954102, "mode": "train", "epoch": 43}
{"loss": 0.1453106701374054, "acc": 0.9562341570854187, "length": 5.0, "mode": "test", "epoch": 43}
{"loss": 0.10247646272182465, "acc": 0.9634739756584167, "length": 4.9999895095825195, "mode": "train", "epoch": 44}
{"loss": 0.1559787392616272, "acc": 0.9541667103767395, "length": 5.0, "mode": "test", "epoch": 44}
{"loss": 0.11169525980949402, "acc": 0.9596275091171265, "length": 4.999955654144287, "mode": "train", "epoch": 45}
{"loss": 0.1507682353258133, "acc": 0.9539729356765747, "length": 5.0, "mode": "test", "epoch": 45}
{"loss": 0.1035049557685852, "acc": 0.9645835161209106, "length": 4.999987602233887, "mode": "train", "epoch": 46}
{"loss": 0.13239823281764984, "acc": 0.9563632011413574, "length": 5.0, "mode": "test", "epoch": 46}
{"loss": 0.10253319889307022, "acc": 0.9651868939399719, "length": 4.999876499176025, "mode": "train", "epoch": 47}
{"loss": 0.14173632860183716, "acc": 0.9559754133224487, "length": 5.0, "mode": "test", "epoch": 47}
{"loss": 0.10640766471624374, "acc": 0.9639583826065063, "length": 4.9999871253967285, "mode": "train", "epoch": 48}
{"loss": 0.12593962252140045, "acc": 0.961466372013092, "length": 5.0, "mode": "test", "epoch": 48}
{"loss": 0.09813602268695831, "acc": 0.9663813710212708, "length": 4.999977111816406, "mode": "train", "epoch": 49}
{"loss": 0.13527968525886536, "acc": 0.9595285058021545, "length": 5.0, "mode": "test", "epoch": 49}
{"loss": 0.10801468789577484, "acc": 0.9623205065727234, "length": 4.999971866607666, "mode": "train", "epoch": 50}
{"loss": 0.1555739790201187, "acc": 0.9493862390518188, "length": 5.0, "mode": "test", "epoch": 50}
{"loss": 0.11887896806001663, "acc": 0.9610722661018372, "length": 4.999990940093994, "mode": "train", "epoch": 51}
{"loss": 0.14302442967891693, "acc": 0.9568799138069153, "length": 5.0, "mode": "test", "epoch": 51}
{"loss": 0.10183420032262802, "acc": 0.9651898145675659, "length": 4.999769687652588, "mode": "train", "epoch": 52}
{"loss": 0.12160279601812363, "acc": 0.9622416496276855, "length": 5.0, "mode": "test", "epoch": 52}
{"loss": 0.09369008988142014, "acc": 0.9677151441574097, "length": 4.999955177307129, "mode": "train", "epoch": 53}
{"loss": 0.11960944533348083, "acc": 0.9616603255271912, "length": 5.0, "mode": "test", "epoch": 53}
{"loss": 0.10122708976268768, "acc": 0.9649932980537415, "length": 4.999997615814209, "mode": "train", "epoch": 54}
{"loss": 0.13502465188503265, "acc": 0.959722101688385, "length": 5.0, "mode": "test", "epoch": 54}
{"loss": 0.09810575842857361, "acc": 0.9659410715103149, "length": 4.999995231628418, "mode": "train", "epoch": 55}
{"loss": 0.13564227521419525, "acc": 0.9567506909370422, "length": 5.0, "mode": "test", "epoch": 55}
{"loss": 0.09533298015594482, "acc": 0.9671042561531067, "length": 4.999994277954102, "mode": "train", "epoch": 56}
{"loss": 0.12317175418138504, "acc": 0.9627261161804199, "length": 5.0, "mode": "test", "epoch": 56}
{"loss": 0.0863724872469902, "acc": 0.9714561700820923, "length": 4.999999046325684, "mode": "train", "epoch": 57}
{"loss": 0.12273528426885605, "acc": 0.9622740149497986, "length": 5.0, "mode": "test", "epoch": 57}
{"loss": 0.08745281398296356, "acc": 0.9711330533027649, "length": 4.999997615814209, "mode": "train", "epoch": 58}
{"loss": 0.1449805200099945, "acc": 0.9562985301017761, "length": 5.0, "mode": "test", "epoch": 58}
{"loss": 0.10884568095207214, "acc": 0.961988091468811, "length": 4.999996662139893, "mode": "train", "epoch": 59}
{"loss": 0.149396613240242, "acc": 0.9579135179519653, "length": 5.0, "mode": "test", "epoch": 59}
{"loss": 0.11480924487113953, "acc": 0.9612014293670654, "length": 4.999990940093994, "mode": "train", "epoch": 60}
{"loss": 0.1536867618560791, "acc": 0.9535205960273743, "length": 5.0, "mode": "test", "epoch": 60}
{"loss": 0.09408486634492874, "acc": 0.9685478210449219, "length": 4.99999475479126, "mode": "train", "epoch": 61}
{"loss": 0.13620583713054657, "acc": 0.9557494521141052, "length": 5.0, "mode": "test", "epoch": 61}
{"loss": 0.09898457676172256, "acc": 0.9664121270179749, "length": 4.999959945678711, "mode": "train", "epoch": 62}
{"loss": 0.11310640722513199, "acc": 0.9645026326179504, "length": 5.0, "mode": "test", "epoch": 62}
{"loss": 0.0848621279001236, "acc": 0.9713035225868225, "length": 4.999979019165039, "mode": "train", "epoch": 63}
{"loss": 0.1235978752374649, "acc": 0.9634689688682556, "length": 5.0, "mode": "test", "epoch": 63}
{"loss": 0.08695930242538452, "acc": 0.971574604511261, "length": 4.999998092651367, "mode": "train", "epoch": 64}
{"loss": 0.18389013409614563, "acc": 0.9498384594917297, "length": 5.0, "mode": "test", "epoch": 64}
{"loss": 0.10279803723096848, "acc": 0.9652627110481262, "length": 4.999998092651367, "mode": "train", "epoch": 65}
{"loss": 0.14141644537448883, "acc": 0.9564598798751831, "length": 5.0, "mode": "test", "epoch": 65}
{"loss": 0.09428764134645462, "acc": 0.9683109521865845, "length": 4.999998569488525, "mode": "train", "epoch": 66}
{"loss": 0.17489318549633026, "acc": 0.9447997808456421, "length": 5.0, "mode": "test", "epoch": 66}
{"loss": 0.106138676404953, "acc": 0.9638941287994385, "length": 4.999981880187988, "mode": "train", "epoch": 67}
{"loss": 0.1512605994939804, "acc": 0.9540051221847534, "length": 5.0, "mode": "test", "epoch": 67}
{"loss": 0.10721703618764877, "acc": 0.9631185531616211, "length": 4.999983787536621, "mode": "train", "epoch": 68}
{"loss": 0.15421725809574127, "acc": 0.9538437128067017, "length": 5.0, "mode": "test", "epoch": 68}
{"loss": 0.1114233210682869, "acc": 0.9613520503044128, "length": 4.9999775886535645, "mode": "train", "epoch": 69}
{"loss": 0.1739286184310913, "acc": 0.9516474008560181, "length": 5.0, "mode": "test", "epoch": 69}
{"loss": 0.10344415158033371, "acc": 0.9640403389930725, "length": 4.999899864196777, "mode": "train", "epoch": 70}
{"loss": 0.13697879016399384, "acc": 0.9592053294181824, "length": 5.0, "mode": "test", "epoch": 70}
{"loss": 0.09229529649019241, "acc": 0.9683753252029419, "length": 4.999988555908203, "mode": "train", "epoch": 71}
{"loss": 0.13870564103126526, "acc": 0.9596574902534485, "length": 5.0, "mode": "test", "epoch": 71}
{"loss": 0.10693944245576859, "acc": 0.9628706574440002, "length": 4.999985694885254, "mode": "train", "epoch": 72}
{"loss": 0.1572296917438507, "acc": 0.9490310549736023, "length": 5.0, "mode": "test", "epoch": 72}
{"loss": 0.09952082484960556, "acc": 0.9659842848777771, "length": 4.999999046325684, "mode": "train", "epoch": 73}
{"loss": 0.1407567858695984, "acc": 0.9541991353034973, "length": 5.0, "mode": "test", "epoch": 73}
{"loss": 0.13533452153205872, "acc": 0.9514754414558411, "length": 4.999995708465576, "mode": "train", "epoch": 74}
{"loss": 0.14927849173545837, "acc": 0.951679527759552, "length": 5.0, "mode": "test", "epoch": 74}
{"loss": 0.09524638205766678, "acc": 0.9671042561531067, "length": 4.9999918937683105, "mode": "train", "epoch": 75}
{"loss": 0.128307044506073, "acc": 0.9617248177528381, "length": 5.0, "mode": "test", "epoch": 75}
{"loss": 0.08880091458559036, "acc": 0.9697648286819458, "length": 4.999995708465576, "mode": "train", "epoch": 76}
{"loss": 0.13163785636425018, "acc": 0.9612080454826355, "length": 5.0, "mode": "test", "epoch": 76}
{"loss": 0.13915099203586578, "acc": 0.951561689376831, "length": 5.0, "mode": "train", "epoch": 77}
{"loss": 0.15005561709403992, "acc": 0.9537468552589417, "length": 5.0, "mode": "test", "epoch": 77}
{"loss": 0.11707483232021332, "acc": 0.9603182673454285, "length": 4.999987602233887, "mode": "train", "epoch": 78}
{"loss": 0.12498373538255692, "acc": 0.9610788226127625, "length": 5.0, "mode": "test", "epoch": 78}
{"loss": 0.10205527395009995, "acc": 0.9652196764945984, "length": 4.999998092651367, "mode": "train", "epoch": 79}
{"loss": 0.1291748434305191, "acc": 0.9563954472541809, "length": 5.0, "mode": "test", "epoch": 79}
{"loss": 0.116242915391922, "acc": 0.959908664226532, "length": 4.999976634979248, "mode": "train", "epoch": 80}
{"loss": 0.15932303667068481, "acc": 0.9529715180397034, "length": 5.0, "mode": "test", "epoch": 80}
{"loss": 0.10518144816160202, "acc": 0.9639022350311279, "length": 4.9997687339782715, "mode": "train", "epoch": 81}
{"loss": 0.15123972296714783, "acc": 0.9508721232414246, "length": 5.0, "mode": "test", "epoch": 81}
{"loss": 0.10817442834377289, "acc": 0.9625248908996582, "length": 4.999973297119141, "mode": "train", "epoch": 82}
{"loss": 0.1299959421157837, "acc": 0.9598836302757263, "length": 5.0, "mode": "test", "epoch": 82}
{"loss": 0.1005256325006485, "acc": 0.965693473815918, "length": 4.999996662139893, "mode": "train", "epoch": 83}
{"loss": 0.14795176684856415, "acc": 0.9562660455703735, "length": 5.0, "mode": "test", "epoch": 83}
{"loss": 0.10225419700145721, "acc": 0.9654912948608398, "length": 4.999499320983887, "mode": "train", "epoch": 84}
{"loss": 0.1515537053346634, "acc": 0.9555554986000061, "length": 5.0, "mode": "test", "epoch": 84}
{"loss": 0.11606034636497498, "acc": 0.9601022005081177, "length": 4.999983787536621, "mode": "train", "epoch": 85}
{"loss": 0.18057884275913239, "acc": 0.9451872706413269, "length": 5.0, "mode": "test", "epoch": 85}
{"loss": 0.11572770029306412, "acc": 0.9610395431518555, "length": 4.999977111816406, "mode": "train", "epoch": 86}
{"loss": 0.1452859491109848, "acc": 0.9556200504302979, "length": 5.0, "mode": "test", "epoch": 86}
{"loss": 0.09233252704143524, "acc": 0.969140350818634, "length": 4.999999523162842, "mode": "train", "epoch": 87}
{"loss": 0.14166763424873352, "acc": 0.9595282673835754, "length": 5.0, "mode": "test", "epoch": 87}
{"loss": 0.10892023146152496, "acc": 0.9632484912872314, "length": 4.999998092651367, "mode": "train", "epoch": 88}
{"loss": 0.1604897528886795, "acc": 0.9517765641212463, "length": 5.0, "mode": "test", "epoch": 88}
{"loss": 0.09655921161174774, "acc": 0.9664908051490784, "length": 4.999999523162842, "mode": "train", "epoch": 89}
{"loss": 0.11889301240444183, "acc": 0.9632428288459778, "length": 5.0, "mode": "test", "epoch": 89}
{"loss": 0.08485356718301773, "acc": 0.9705185294151306, "length": 4.999992847442627, "mode": "train", "epoch": 90}
{"loss": 0.1252196878194809, "acc": 0.9648577570915222, "length": 5.0, "mode": "test", "epoch": 90}
{"loss": 0.0848429948091507, "acc": 0.970981240272522, "length": 4.999985694885254, "mode": "train", "epoch": 91}
{"loss": 0.1281151920557022, "acc": 0.9614986181259155, "length": 5.0, "mode": "test", "epoch": 91}
{"loss": 0.07851952314376831, "acc": 0.9732465744018555, "length": 4.999586582183838, "mode": "train", "epoch": 92}
{"loss": 0.10589682310819626, "acc": 0.9685077667236328, "length": 5.0, "mode": "test", "epoch": 92}
{"loss": 0.07265477627515793, "acc": 0.9755169153213501, "length": 5.0, "mode": "train", "epoch": 93}
{"loss": 0.11702027916908264, "acc": 0.9675710201263428, "length": 5.0, "mode": "test", "epoch": 93}
{"loss": 0.07989837974309921, "acc": 0.9735779166221619, "length": 4.999997615814209, "mode": "train", "epoch": 94}
{"loss": 0.13096091151237488, "acc": 0.9609497785568237, "length": 5.0, "mode": "test", "epoch": 94}
{"loss": 0.08431486040353775, "acc": 0.9719808101654053, "length": 4.999939441680908, "mode": "train", "epoch": 95}
{"loss": 0.14109092950820923, "acc": 0.9593668580055237, "length": 5.0, "mode": "test", "epoch": 95}
{"loss": 0.08346287161111832, "acc": 0.972641110420227, "length": 4.999999523162842, "mode": "train", "epoch": 96}
{"loss": 0.12533701956272125, "acc": 0.9611755609512329, "length": 5.0, "mode": "test", "epoch": 96}
{"loss": 0.09052138775587082, "acc": 0.9687193036079407, "length": 4.999985694885254, "mode": "train", "epoch": 97}
{"loss": 0.1161365658044815, "acc": 0.9648903012275696, "length": 5.0, "mode": "test", "epoch": 97}
{"loss": 0.08198818564414978, "acc": 0.9720161557197571, "length": 4.999998569488525, "mode": "train", "epoch": 98}
{"loss": 0.12386302649974823, "acc": 0.9612402319908142, "length": 5.0, "mode": "test", "epoch": 98}
{"loss": 0.0792899876832962, "acc": 0.9726841449737549, "length": 4.999999523162842, "mode": "train", "epoch": 99}
{"loss": 0.10902456939220428, "acc": 0.963598370552063, "length": 5.0, "mode": "test", "epoch": 99}
{"loss": 0.06833934783935547, "acc": 0.9755600690841675, "length": 5.0, "mode": "train", "epoch": 100}
{"loss": 0.11196667701005936, "acc": 0.9659560918807983, "length": 5.0, "mode": "test", "epoch": 100}
test accuracy: 0.8971811532974243
