# ["--attributes=4", "--values=4", "--game_size=3", "--vocab_size_factor=3", "--n_epochs=100", "--batch_size=32", "--learning_rate=0.001", "--hidden_size=256", "--temp_update=0.97", "--temperature=1"]
Creating train_ds and val_ds...

Creating test_ds...
{"loss": 0.6985077857971191, "acc": 0.5127934813499451, "length": 1.332014799118042, "mode": "train", "epoch": 1}
{"loss": 0.6961610317230225, "acc": 0.5250345468521118, "length": 1.0, "mode": "test", "epoch": 1}
{"loss": 0.6958674192428589, "acc": 0.505718469619751, "length": 1.0007909536361694, "mode": "train", "epoch": 2}
{"loss": 0.6928989887237549, "acc": 0.5172889828681946, "length": 1.0, "mode": "test", "epoch": 2}
{"loss": 0.6946182250976562, "acc": 0.5130088925361633, "length": 1.0001482963562012, "mode": "train", "epoch": 3}
{"loss": 0.6934283375740051, "acc": 0.5047026872634888, "length": 1.0, "mode": "test", "epoch": 3}
{"loss": 0.6930837035179138, "acc": 0.5202516913414001, "length": 1.0002378225326538, "mode": "train", "epoch": 4}
{"loss": 0.6966723799705505, "acc": 0.5170124769210815, "length": 1.0, "mode": "test", "epoch": 4}
{"loss": 0.6936461925506592, "acc": 0.5126407742500305, "length": 1.0007256269454956, "mode": "train", "epoch": 5}
{"loss": 0.698269248008728, "acc": 0.49571239948272705, "length": 1.0, "mode": "test", "epoch": 5}
{"loss": 0.6262263059616089, "acc": 0.6319879293441772, "length": 2.3382318019866943, "mode": "train", "epoch": 6}
{"loss": 0.5503077507019043, "acc": 0.7172244787216187, "length": 3.532780170440674, "mode": "test", "epoch": 6}
{"loss": 0.5012379288673401, "acc": 0.759178876876831, "length": 3.6602509021759033, "mode": "train", "epoch": 7}
{"loss": 0.48118576407432556, "acc": 0.7802746295928955, "length": 3.858091354370117, "mode": "test", "epoch": 7}
{"loss": 0.43063822388648987, "acc": 0.8050782680511475, "length": 4.0742878913879395, "mode": "train", "epoch": 8}
{"loss": 0.4281260371208191, "acc": 0.8073567152023315, "length": 4.335269927978516, "mode": "test", "epoch": 8}
{"loss": 0.39611658453941345, "acc": 0.8237420320510864, "length": 4.232540607452393, "mode": "train", "epoch": 9}
{"loss": 0.4108712375164032, "acc": 0.8226245045661926, "length": 4.203319549560547, "mode": "test", "epoch": 9}
{"loss": 0.37923020124435425, "acc": 0.8339389562606812, "length": 4.329609394073486, "mode": "train", "epoch": 10}
{"loss": 0.40165194869041443, "acc": 0.8270329236984253, "length": 4.424066543579102, "mode": "test", "epoch": 10}
{"loss": 0.36600908637046814, "acc": 0.8403415083885193, "length": 4.390657901763916, "mode": "train", "epoch": 11}
{"loss": 0.3884005844593048, "acc": 0.8373855948448181, "length": 4.482987403869629, "mode": "test", "epoch": 11}
{"loss": 0.3529948890209198, "acc": 0.8496852517127991, "length": 4.395081043243408, "mode": "train", "epoch": 12}
{"loss": 0.3771307170391083, "acc": 0.8422718644142151, "length": 4.505393981933594, "mode": "test", "epoch": 12}
{"loss": 0.3455135226249695, "acc": 0.8552597761154175, "length": 4.465602874755859, "mode": "train", "epoch": 13}
{"loss": 0.3660919964313507, "acc": 0.8465335965156555, "length": 4.55269718170166, "mode": "test", "epoch": 13}
{"loss": 0.33574286103248596, "acc": 0.8611920475959778, "length": 4.4943623542785645, "mode": "train", "epoch": 14}
{"loss": 0.39080438017845154, "acc": 0.8360189199447632, "length": 4.497925281524658, "mode": "test", "epoch": 14}
{"loss": 0.34968847036361694, "acc": 0.8531592488288879, "length": 4.498820781707764, "mode": "train", "epoch": 15}
{"loss": 0.39608389139175415, "acc": 0.8467243909835815, "length": 4.4564313888549805, "mode": "test", "epoch": 15}
{"loss": 0.33155855536460876, "acc": 0.8652669191360474, "length": 4.5312910079956055, "mode": "train", "epoch": 16}
{"loss": 0.355033814907074, "acc": 0.8641414046287537, "length": 4.590041637420654, "mode": "test", "epoch": 16}
{"loss": 0.32110822200775146, "acc": 0.8728208541870117, "length": 4.543326377868652, "mode": "train", "epoch": 17}
{"loss": 0.3560696542263031, "acc": 0.8587483167648315, "length": 4.6937761306762695, "mode": "test", "epoch": 17}
{"loss": 0.31390947103500366, "acc": 0.8759759068489075, "length": 4.8782124519348145, "mode": "train", "epoch": 18}
{"loss": 0.35443902015686035, "acc": 0.8600277900695801, "length": 5.0, "mode": "test", "epoch": 18}
{"loss": 0.3095284104347229, "acc": 0.8764562606811523, "length": 4.971641540527344, "mode": "train", "epoch": 19}
{"loss": 0.35408514738082886, "acc": 0.8684648275375366, "length": 5.0, "mode": "test", "epoch": 19}
{"loss": 0.30822256207466125, "acc": 0.8784709572792053, "length": 4.994170188903809, "mode": "train", "epoch": 20}
{"loss": 0.348417192697525, "acc": 0.8684647083282471, "length": 5.0, "mode": "test", "epoch": 20}
{"loss": 0.29541245102882385, "acc": 0.8844150304794312, "length": 4.995834827423096, "mode": "train", "epoch": 21}
{"loss": 0.3384987711906433, "acc": 0.8683264255523682, "length": 5.0, "mode": "test", "epoch": 21}
{"loss": 0.2990983724594116, "acc": 0.8791272640228271, "length": 4.996907711029053, "mode": "train", "epoch": 22}
{"loss": 0.35688215494155884, "acc": 0.8655601739883423, "length": 5.0, "mode": "test", "epoch": 22}
{"loss": 0.29660269618034363, "acc": 0.8840444087982178, "length": 4.996461391448975, "mode": "train", "epoch": 23}
{"loss": 0.3338167071342468, "acc": 0.8795297741889954, "length": 5.0, "mode": "test", "epoch": 23}
{"loss": 0.2869687080383301, "acc": 0.8862303495407104, "length": 4.998931884765625, "mode": "train", "epoch": 24}
{"loss": 0.3417373597621918, "acc": 0.8733056783676147, "length": 5.0, "mode": "test", "epoch": 24}
{"loss": 0.30032721161842346, "acc": 0.8818536400794983, "length": 4.999438762664795, "mode": "train", "epoch": 25}
{"loss": 0.35474327206611633, "acc": 0.8580912947654724, "length": 5.0, "mode": "test", "epoch": 25}
{"loss": 0.31375402212142944, "acc": 0.8752071857452393, "length": 4.998365879058838, "mode": "train", "epoch": 26}
{"loss": 0.33704185485839844, "acc": 0.8698477149009705, "length": 5.0, "mode": "test", "epoch": 26}
{"loss": 0.28832709789276123, "acc": 0.8833813071250916, "length": 4.999617099761963, "mode": "train", "epoch": 27}
{"loss": 0.33786943554878235, "acc": 0.8713693022727966, "length": 5.0, "mode": "test", "epoch": 27}
{"loss": 0.3031504154205322, "acc": 0.8728625774383545, "length": 4.998978137969971, "mode": "train", "epoch": 28}
{"loss": 0.3511488437652588, "acc": 0.8645921349525452, "length": 5.0, "mode": "test", "epoch": 28}
{"loss": 0.2957749366760254, "acc": 0.8781605958938599, "length": 4.999074459075928, "mode": "train", "epoch": 29}
{"loss": 0.35163015127182007, "acc": 0.8645918965339661, "length": 5.0, "mode": "test", "epoch": 29}
{"loss": 0.2875302731990814, "acc": 0.883836030960083, "length": 4.999434947967529, "mode": "train", "epoch": 30}
{"loss": 0.32870155572891235, "acc": 0.884370744228363, "length": 5.0, "mode": "test", "epoch": 30}
{"loss": 0.27865543961524963, "acc": 0.8907078504562378, "length": 4.99936056137085, "mode": "train", "epoch": 31}
{"loss": 0.3222973048686981, "acc": 0.882296085357666, "length": 5.0, "mode": "test", "epoch": 31}
{"loss": 0.2754659354686737, "acc": 0.8888706564903259, "length": 4.999629020690918, "mode": "train", "epoch": 32}
{"loss": 0.32373327016830444, "acc": 0.8784232139587402, "length": 5.0, "mode": "test", "epoch": 32}
{"loss": 0.2740066349506378, "acc": 0.8895928859710693, "length": 4.998193740844727, "mode": "train", "epoch": 33}
{"loss": 0.3246689438819885, "acc": 0.8835408687591553, "length": 5.0, "mode": "test", "epoch": 33}
{"loss": 0.2707802355289459, "acc": 0.890511155128479, "length": 4.998325347900391, "mode": "train", "epoch": 34}
{"loss": 0.3420965075492859, "acc": 0.8752419948577881, "length": 5.0, "mode": "test", "epoch": 34}
{"loss": 0.28846511244773865, "acc": 0.8824939131736755, "length": 4.99863338470459, "mode": "train", "epoch": 35}
{"loss": 0.3331233561038971, "acc": 0.8832641243934631, "length": 5.0, "mode": "test", "epoch": 35}
{"loss": 0.27264153957366943, "acc": 0.8927425146102905, "length": 4.99963903427124, "mode": "train", "epoch": 36}
{"loss": 0.3247031569480896, "acc": 0.882572591304779, "length": 5.0, "mode": "test", "epoch": 36}
{"loss": 0.2738723158836365, "acc": 0.8932089805603027, "length": 4.9995808601379395, "mode": "train", "epoch": 37}
{"loss": 0.31890687346458435, "acc": 0.8814660906791687, "length": 5.0, "mode": "test", "epoch": 37}
{"loss": 0.2681567072868347, "acc": 0.894676685333252, "length": 4.999515056610107, "mode": "train", "epoch": 38}
{"loss": 0.31049636006355286, "acc": 0.8849237561225891, "length": 5.0, "mode": "test", "epoch": 38}
{"loss": 0.2642885446548462, "acc": 0.8957444429397583, "length": 4.999537467956543, "mode": "train", "epoch": 39}
{"loss": 0.3169538676738739, "acc": 0.8835408687591553, "length": 5.0, "mode": "test", "epoch": 39}
{"loss": 0.26409345865249634, "acc": 0.8937176465988159, "length": 4.999460697174072, "mode": "train", "epoch": 40}
{"loss": 0.31071075797080994, "acc": 0.8849239349365234, "length": 5.0, "mode": "test", "epoch": 40}
{"loss": 0.2697769105434418, "acc": 0.8907508254051208, "length": 4.9992146492004395, "mode": "train", "epoch": 41}
{"loss": 0.323383092880249, "acc": 0.8824343085289001, "length": 5.0, "mode": "test", "epoch": 41}
{"loss": 0.26852869987487793, "acc": 0.8921940922737122, "length": 4.999881267547607, "mode": "train", "epoch": 42}
{"loss": 0.3277328312397003, "acc": 0.8697095513343811, "length": 5.0, "mode": "test", "epoch": 42}
{"loss": 0.2712025046348572, "acc": 0.8891962170600891, "length": 4.999983787536621, "mode": "train", "epoch": 43}
{"loss": 0.3498851954936981, "acc": 0.8691563010215759, "length": 5.0, "mode": "test", "epoch": 43}
{"loss": 0.27616965770721436, "acc": 0.8893792033195496, "length": 4.999844074249268, "mode": "train", "epoch": 44}
{"loss": 0.3332342505455017, "acc": 0.8712310194969177, "length": 5.0, "mode": "test", "epoch": 44}
{"loss": 0.27635815739631653, "acc": 0.8869806528091431, "length": 4.999781131744385, "mode": "train", "epoch": 45}
{"loss": 0.320811003446579, "acc": 0.8842323422431946, "length": 5.0, "mode": "test", "epoch": 45}
{"loss": 0.2665987014770508, "acc": 0.8953627347946167, "length": 4.999420642852783, "mode": "train", "epoch": 46}
{"loss": 0.31923022866249084, "acc": 0.8810511231422424, "length": 5.0, "mode": "test", "epoch": 46}
{"loss": 0.2626646161079407, "acc": 0.8939934372901917, "length": 4.999968528747559, "mode": "train", "epoch": 47}
{"loss": 0.3149203956127167, "acc": 0.8796680569648743, "length": 5.0, "mode": "test", "epoch": 47}
{"loss": 0.2910732626914978, "acc": 0.8796349763870239, "length": 4.9995646476745605, "mode": "train", "epoch": 48}
{"loss": 0.327151358127594, "acc": 0.8692947030067444, "length": 5.0, "mode": "test", "epoch": 48}
{"loss": 0.2947125732898712, "acc": 0.8807995915412903, "length": 4.999938011169434, "mode": "train", "epoch": 49}
{"loss": 0.33313244581222534, "acc": 0.8760718703269958, "length": 5.0, "mode": "test", "epoch": 49}
{"loss": 0.2755281627178192, "acc": 0.8912708163261414, "length": 4.999749660491943, "mode": "train", "epoch": 50}
{"loss": 0.3277415633201599, "acc": 0.8798064589500427, "length": 5.0, "mode": "test", "epoch": 50}
{"loss": 0.2835150957107544, "acc": 0.8877581357955933, "length": 4.999577045440674, "mode": "train", "epoch": 51}
{"loss": 0.34392857551574707, "acc": 0.8672199249267578, "length": 5.0, "mode": "test", "epoch": 51}
{"loss": 0.2762294113636017, "acc": 0.8893775939941406, "length": 4.999826431274414, "mode": "train", "epoch": 52}
{"loss": 0.3295665681362152, "acc": 0.8748270869255066, "length": 5.0, "mode": "test", "epoch": 52}
{"loss": 0.26861733198165894, "acc": 0.8923286199569702, "length": 4.9996771812438965, "mode": "train", "epoch": 53}
{"loss": 0.3217940628528595, "acc": 0.879253089427948, "length": 5.0, "mode": "test", "epoch": 53}
{"loss": 0.27089446783065796, "acc": 0.8914969563484192, "length": 4.99955940246582, "mode": "train", "epoch": 54}
{"loss": 0.33395689725875854, "acc": 0.8767634630203247, "length": 5.0, "mode": "test", "epoch": 54}
{"loss": 0.2693692445755005, "acc": 0.8920997977256775, "length": 4.999805927276611, "mode": "train", "epoch": 55}
{"loss": 0.31562575697898865, "acc": 0.8777316212654114, "length": 5.0, "mode": "test", "epoch": 55}
{"loss": 0.26679107546806335, "acc": 0.8923793435096741, "length": 4.999987602233887, "mode": "train", "epoch": 56}
{"loss": 0.316584050655365, "acc": 0.8745505213737488, "length": 5.0, "mode": "test", "epoch": 56}
{"loss": 0.25570183992385864, "acc": 0.894636869430542, "length": 4.999882698059082, "mode": "train", "epoch": 57}
{"loss": 0.3169246017932892, "acc": 0.8832640051841736, "length": 5.0, "mode": "test", "epoch": 57}
{"loss": 0.2537427842617035, "acc": 0.8952853679656982, "length": 4.999986171722412, "mode": "train", "epoch": 58}
{"loss": 0.3046134114265442, "acc": 0.8800830841064453, "length": 5.0, "mode": "test", "epoch": 58}
{"loss": 0.25281769037246704, "acc": 0.9001286029815674, "length": 4.999643325805664, "mode": "train", "epoch": 59}
{"loss": 0.30521059036254883, "acc": 0.8874135613441467, "length": 5.0, "mode": "test", "epoch": 59}
{"loss": 0.2501891851425171, "acc": 0.8985593318939209, "length": 4.9994330406188965, "mode": "train", "epoch": 60}
{"loss": 0.30755531787872314, "acc": 0.883402407169342, "length": 5.0, "mode": "test", "epoch": 60}
{"loss": 0.24938850104808807, "acc": 0.8981903195381165, "length": 4.999938011169434, "mode": "train", "epoch": 61}
{"loss": 0.32863137125968933, "acc": 0.8739970922470093, "length": 5.0, "mode": "test", "epoch": 61}
{"loss": 0.27253997325897217, "acc": 0.8879835605621338, "length": 4.999505519866943, "mode": "train", "epoch": 62}
{"loss": 0.3183649778366089, "acc": 0.8824342489242554, "length": 5.0, "mode": "test", "epoch": 62}
{"loss": 0.25206875801086426, "acc": 0.8973104357719421, "length": 4.999370574951172, "mode": "train", "epoch": 63}
{"loss": 0.32092735171318054, "acc": 0.886030375957489, "length": 5.0, "mode": "test", "epoch": 63}
{"loss": 0.2585807740688324, "acc": 0.8970359563827515, "length": 4.999772071838379, "mode": "train", "epoch": 64}
{"loss": 0.30908769369125366, "acc": 0.8876901268959045, "length": 5.0, "mode": "test", "epoch": 64}
{"loss": 0.25635915994644165, "acc": 0.8958852291107178, "length": 4.99999475479126, "mode": "train", "epoch": 65}
{"loss": 0.3465048670768738, "acc": 0.8717842102050781, "length": 5.0, "mode": "test", "epoch": 65}
{"loss": 0.28201186656951904, "acc": 0.883934497833252, "length": 4.99992561340332, "mode": "train", "epoch": 66}
{"loss": 0.31659868359565735, "acc": 0.8840941786766052, "length": 5.0, "mode": "test", "epoch": 66}
{"loss": 0.2630960941314697, "acc": 0.8937625288963318, "length": 4.999957084655762, "mode": "train", "epoch": 67}
{"loss": 0.3186602294445038, "acc": 0.8838174343109131, "length": 5.0, "mode": "test", "epoch": 67}
{"loss": 0.2596389651298523, "acc": 0.8951009511947632, "length": 4.999997138977051, "mode": "train", "epoch": 68}
{"loss": 0.3082572817802429, "acc": 0.8896264433860779, "length": 5.0, "mode": "test", "epoch": 68}
{"loss": 0.24547742307186127, "acc": 0.9014589786529541, "length": 4.999754428863525, "mode": "train", "epoch": 69}
{"loss": 0.30251696705818176, "acc": 0.8896265625953674, "length": 5.0, "mode": "test", "epoch": 69}
{"loss": 0.24487872421741486, "acc": 0.9021127223968506, "length": 4.999995231628418, "mode": "train", "epoch": 70}
{"loss": 0.3028915524482727, "acc": 0.8876902461051941, "length": 5.0, "mode": "test", "epoch": 70}
{"loss": 0.24509570002555847, "acc": 0.9010977745056152, "length": 4.999996185302734, "mode": "train", "epoch": 71}
{"loss": 0.3120865821838379, "acc": 0.8900414705276489, "length": 5.0, "mode": "test", "epoch": 71}
{"loss": 0.24432535469532013, "acc": 0.903773307800293, "length": 4.99999475479126, "mode": "train", "epoch": 72}
{"loss": 0.3066639304161072, "acc": 0.8887968063354492, "length": 5.0, "mode": "test", "epoch": 72}
{"loss": 0.24498189985752106, "acc": 0.9034043550491333, "length": 4.999990940093994, "mode": "train", "epoch": 73}
{"loss": 0.2966482639312744, "acc": 0.8955740928649902, "length": 5.0, "mode": "test", "epoch": 73}
{"loss": 0.24566709995269775, "acc": 0.9022509455680847, "length": 4.999995231628418, "mode": "train", "epoch": 74}
{"loss": 0.29718202352523804, "acc": 0.8948823809623718, "length": 5.0, "mode": "test", "epoch": 74}
{"loss": 0.24396999180316925, "acc": 0.9031737446784973, "length": 5.0, "mode": "train", "epoch": 75}
{"loss": 0.30741479992866516, "acc": 0.8893499970436096, "length": 5.0, "mode": "test", "epoch": 75}
{"loss": 0.23595163226127625, "acc": 0.9075098037719727, "length": 4.999998569488525, "mode": "train", "epoch": 76}
{"loss": 0.29060834646224976, "acc": 0.8957123160362244, "length": 5.0, "mode": "test", "epoch": 76}
{"loss": 0.23630762100219727, "acc": 0.9062182307243347, "length": 5.0, "mode": "train", "epoch": 77}
{"loss": 0.30385223031044006, "acc": 0.887828528881073, "length": 5.0, "mode": "test", "epoch": 77}
{"loss": 0.24866604804992676, "acc": 0.9004056453704834, "length": 4.999980449676514, "mode": "train", "epoch": 78}
{"loss": 0.3084469437599182, "acc": 0.8845089077949524, "length": 5.0, "mode": "test", "epoch": 78}
{"loss": 0.23942090570926666, "acc": 0.9038656949996948, "length": 4.999999523162842, "mode": "train", "epoch": 79}
{"loss": 0.301492303609848, "acc": 0.8897648453712463, "length": 5.0, "mode": "test", "epoch": 79}
{"loss": 0.24509932100772858, "acc": 0.9011398553848267, "length": 4.999739646911621, "mode": "train", "epoch": 80}
{"loss": 0.32857123017311096, "acc": 0.8668049573898315, "length": 5.0, "mode": "test", "epoch": 80}
{"loss": 0.2544369399547577, "acc": 0.8960698843002319, "length": 5.0, "mode": "train", "epoch": 81}
{"loss": 0.32072821259498596, "acc": 0.8785614967346191, "length": 5.0, "mode": "test", "epoch": 81}
{"loss": 0.24807921051979065, "acc": 0.8984224796295166, "length": 4.999997138977051, "mode": "train", "epoch": 82}
{"loss": 0.30588459968566895, "acc": 0.8822958469390869, "length": 5.0, "mode": "test", "epoch": 82}
{"loss": 0.23737268149852753, "acc": 0.9033580422401428, "length": 4.999980926513672, "mode": "train", "epoch": 83}
{"loss": 0.3159182667732239, "acc": 0.8876901268959045, "length": 5.0, "mode": "test", "epoch": 83}
{"loss": 0.24037133157253265, "acc": 0.9056186079978943, "length": 4.999999523162842, "mode": "train", "epoch": 84}
{"loss": 0.3130255341529846, "acc": 0.8809128403663635, "length": 5.0, "mode": "test", "epoch": 84}
{"loss": 0.23872911930084229, "acc": 0.9041423797607422, "length": 4.999999523162842, "mode": "train", "epoch": 85}
{"loss": 0.30726996064186096, "acc": 0.8882433772087097, "length": 5.0, "mode": "test", "epoch": 85}
{"loss": 0.23303569853305817, "acc": 0.907509982585907, "length": 4.999996662139893, "mode": "train", "epoch": 86}
{"loss": 0.30656716227531433, "acc": 0.8882433772087097, "length": 5.0, "mode": "test", "epoch": 86}
{"loss": 0.24151481688022614, "acc": 0.9040040373802185, "length": 4.99999475479126, "mode": "train", "epoch": 87}
{"loss": 0.31372731924057007, "acc": 0.8883817195892334, "length": 5.0, "mode": "test", "epoch": 87}
{"loss": 0.2485443651676178, "acc": 0.8976839184761047, "length": 4.999983787536621, "mode": "train", "epoch": 88}
{"loss": 0.31758183240890503, "acc": 0.8822959661483765, "length": 5.0, "mode": "test", "epoch": 88}
{"loss": 0.2391979694366455, "acc": 0.903681218624115, "length": 4.999998569488525, "mode": "train", "epoch": 89}
{"loss": 0.3038022518157959, "acc": 0.8864453434944153, "length": 5.0, "mode": "test", "epoch": 89}
{"loss": 0.24056978523731232, "acc": 0.9042347073554993, "length": 4.999993324279785, "mode": "train", "epoch": 90}
{"loss": 0.3300693929195404, "acc": 0.8818809986114502, "length": 5.0, "mode": "test", "epoch": 90}
{"loss": 0.2521717846393585, "acc": 0.8980532884597778, "length": 4.999998569488525, "mode": "train", "epoch": 91}
{"loss": 0.32525762915611267, "acc": 0.8803596496582031, "length": 5.0, "mode": "test", "epoch": 91}
{"loss": 0.2530149221420288, "acc": 0.8980482816696167, "length": 4.999837398529053, "mode": "train", "epoch": 92}
{"loss": 0.325544536113739, "acc": 0.878976583480835, "length": 5.0, "mode": "test", "epoch": 92}
{"loss": 0.2434217929840088, "acc": 0.903773307800293, "length": 5.0, "mode": "train", "epoch": 93}
{"loss": 0.3095691204071045, "acc": 0.8883817195892334, "length": 5.0, "mode": "test", "epoch": 93}
{"loss": 0.22928297519683838, "acc": 0.9082480669021606, "length": 4.999996662139893, "mode": "train", "epoch": 94}
{"loss": 0.3104141652584076, "acc": 0.8923928141593933, "length": 5.0, "mode": "test", "epoch": 94}
{"loss": 0.22829607129096985, "acc": 0.9083401560783386, "length": 4.999996662139893, "mode": "train", "epoch": 95}
{"loss": 0.3253385126590729, "acc": 0.8836791515350342, "length": 5.0, "mode": "test", "epoch": 95}
{"loss": 0.2521887719631195, "acc": 0.8971289396286011, "length": 4.999948501586914, "mode": "train", "epoch": 96}
{"loss": 0.33617374300956726, "acc": 0.8708160519599915, "length": 5.0, "mode": "test", "epoch": 96}
{"loss": 0.24949321150779724, "acc": 0.8942710161209106, "length": 4.9999260902404785, "mode": "train", "epoch": 97}
{"loss": 0.32940641045570374, "acc": 0.8802213668823242, "length": 5.0, "mode": "test", "epoch": 97}
{"loss": 0.24027951061725616, "acc": 0.9033117890357971, "length": 4.9999823570251465, "mode": "train", "epoch": 98}
{"loss": 0.3167581260204315, "acc": 0.8865836262702942, "length": 5.0, "mode": "test", "epoch": 98}
{"loss": 0.23354485630989075, "acc": 0.9086626172065735, "length": 4.999980926513672, "mode": "train", "epoch": 99}
{"loss": 0.32049572467803955, "acc": 0.887413501739502, "length": 5.0, "mode": "test", "epoch": 99}
{"loss": 0.22832931578159332, "acc": 0.9103696942329407, "length": 4.99999475479126, "mode": "train", "epoch": 100}
{"loss": 0.312653511762619, "acc": 0.88990318775177, "length": 5.0, "mode": "test", "epoch": 100}
test accuracy: 0.8714045286178589
