# ["--attributes=4", "--values=4", "--game_size=3", "--vocab_size_factor=3", "--n_epochs=100", "--batch_size=32", "--learning_rate=0.001", "--hidden_size=256", "--temp_update=0.97", "--temperature=1.5"]
Creating train_ds and val_ds...

Creating test_ds...
{"loss": 0.6878799796104431, "acc": 0.5315343737602234, "length": 1.5816599130630493, "mode": "train", "epoch": 1}
{"loss": 0.6349936723709106, "acc": 0.6260381937026978, "length": 2.6021595001220703, "mode": "test", "epoch": 1}
{"loss": 0.5818604230880737, "acc": 0.6925762891769409, "length": 2.780332088470459, "mode": "train", "epoch": 2}
{"loss": 0.5734952688217163, "acc": 0.7028101682662964, "length": 3.089700937271118, "mode": "test", "epoch": 2}
{"loss": 0.5157685875892639, "acc": 0.7515875697135925, "length": 3.4385080337524414, "mode": "train", "epoch": 3}
{"loss": 0.5317695140838623, "acc": 0.7455011606216431, "length": 3.7275748252868652, "mode": "test", "epoch": 3}
{"loss": 0.4748522937297821, "acc": 0.7784146666526794, "length": 3.8434648513793945, "mode": "train", "epoch": 4}
{"loss": 0.4792327880859375, "acc": 0.7771603465080261, "length": 4.085548400878906, "mode": "test", "epoch": 4}
{"loss": 0.416500061750412, "acc": 0.8143657445907593, "length": 4.645941257476807, "mode": "train", "epoch": 5}
{"loss": 0.44088152050971985, "acc": 0.7953264117240906, "length": 4.755814075469971, "mode": "test", "epoch": 5}
{"loss": 0.3754321336746216, "acc": 0.8382901549339294, "length": 4.851018905639648, "mode": "train", "epoch": 6}
{"loss": 0.3839706778526306, "acc": 0.8415006399154663, "length": 4.9028239250183105, "mode": "test", "epoch": 6}
{"loss": 0.34842202067375183, "acc": 0.856276273727417, "length": 4.913779258728027, "mode": "train", "epoch": 7}
{"loss": 0.3850572407245636, "acc": 0.8437153697013855, "length": 4.99916934967041, "mode": "test", "epoch": 7}
{"loss": 0.32947635650634766, "acc": 0.8651198148727417, "length": 4.961750507354736, "mode": "train", "epoch": 8}
{"loss": 0.37777164578437805, "acc": 0.8428847193717957, "length": 5.0, "mode": "test", "epoch": 8}
{"loss": 0.3114926218986511, "acc": 0.8719235062599182, "length": 4.978814601898193, "mode": "train", "epoch": 9}
{"loss": 0.3651282787322998, "acc": 0.8578349351882935, "length": 5.0, "mode": "test", "epoch": 9}
{"loss": 0.2947169542312622, "acc": 0.8805480003356934, "length": 4.992384910583496, "mode": "train", "epoch": 10}
{"loss": 0.35899168252944946, "acc": 0.8629569411277771, "length": 5.0, "mode": "test", "epoch": 10}
{"loss": 0.27341750264167786, "acc": 0.8903118968009949, "length": 4.995295524597168, "mode": "train", "epoch": 11}
{"loss": 0.3177151083946228, "acc": 0.8802602887153625, "length": 5.0, "mode": "test", "epoch": 11}
{"loss": 0.25015518069267273, "acc": 0.9024993777275085, "length": 4.99731969833374, "mode": "train", "epoch": 12}
{"loss": 0.31711941957473755, "acc": 0.8805370926856995, "length": 5.0, "mode": "test", "epoch": 12}
{"loss": 0.23965860903263092, "acc": 0.9054134488105774, "length": 4.997483253479004, "mode": "train", "epoch": 13}
{"loss": 0.3081342279911041, "acc": 0.8830288648605347, "length": 5.0, "mode": "test", "epoch": 13}
{"loss": 0.22686555981636047, "acc": 0.9118998050689697, "length": 4.99737548828125, "mode": "train", "epoch": 14}
{"loss": 0.30642256140708923, "acc": 0.8935492038726807, "length": 5.0, "mode": "test", "epoch": 14}
{"loss": 0.21504616737365723, "acc": 0.9164026379585266, "length": 4.998849391937256, "mode": "train", "epoch": 15}
{"loss": 0.3055707812309265, "acc": 0.8873201608657837, "length": 5.0, "mode": "test", "epoch": 15}
{"loss": 0.20898357033729553, "acc": 0.9187621474266052, "length": 4.999499320983887, "mode": "train", "epoch": 16}
{"loss": 0.29322969913482666, "acc": 0.8950719237327576, "length": 5.0, "mode": "test", "epoch": 16}
{"loss": 0.2069680094718933, "acc": 0.918300986289978, "length": 4.99949836730957, "mode": "train", "epoch": 17}
{"loss": 0.274811714887619, "acc": 0.8983942866325378, "length": 5.0, "mode": "test", "epoch": 17}
{"loss": 0.1958698332309723, "acc": 0.9243011474609375, "length": 4.999391555786133, "mode": "train", "epoch": 18}
{"loss": 0.27534523606300354, "acc": 0.8971482515335083, "length": 5.0, "mode": "test", "epoch": 18}
{"loss": 0.1963481456041336, "acc": 0.9237937927246094, "length": 4.9988837242126465, "mode": "train", "epoch": 19}
{"loss": 0.29698288440704346, "acc": 0.8989480137825012, "length": 5.0, "mode": "test", "epoch": 19}
{"loss": 0.18146845698356628, "acc": 0.9300267100334167, "length": 4.999760150909424, "mode": "train", "epoch": 20}
{"loss": 0.2931751012802124, "acc": 0.8981173038482666, "length": 5.0, "mode": "test", "epoch": 20}
{"loss": 0.18546956777572632, "acc": 0.9285838007926941, "length": 4.998561382293701, "mode": "train", "epoch": 21}
{"loss": 0.27877387404441833, "acc": 0.9003322124481201, "length": 5.0, "mode": "test", "epoch": 21}
{"loss": 0.18311911821365356, "acc": 0.9288248419761658, "length": 4.999467372894287, "mode": "train", "epoch": 22}
{"loss": 0.26707252860069275, "acc": 0.9047619104385376, "length": 5.0, "mode": "test", "epoch": 22}
{"loss": 0.17653493583202362, "acc": 0.9318705201148987, "length": 4.999127388000488, "mode": "train", "epoch": 23}
{"loss": 0.2663283348083496, "acc": 0.9066998362541199, "length": 5.0, "mode": "test", "epoch": 23}
{"loss": 0.19045911729335785, "acc": 0.9285971522331238, "length": 4.999824523925781, "mode": "train", "epoch": 24}
{"loss": 0.26639312505722046, "acc": 0.9036544561386108, "length": 5.0, "mode": "test", "epoch": 24}
{"loss": 0.16961054503917694, "acc": 0.9348724484443665, "length": 4.999715328216553, "mode": "train", "epoch": 25}
{"loss": 0.27816909551620483, "acc": 0.9043465256690979, "length": 5.0, "mode": "test", "epoch": 25}
{"loss": 0.18236276507377625, "acc": 0.9297958612442017, "length": 4.999621391296387, "mode": "train", "epoch": 26}
{"loss": 0.282554566860199, "acc": 0.9061462879180908, "length": 5.0, "mode": "test", "epoch": 26}
{"loss": 0.17365756630897522, "acc": 0.9328436851501465, "length": 4.999847888946533, "mode": "train", "epoch": 27}
{"loss": 0.28018686175346375, "acc": 0.9001939296722412, "length": 5.0, "mode": "test", "epoch": 27}
{"loss": 0.1692882776260376, "acc": 0.9351763725280762, "length": 4.999185562133789, "mode": "train", "epoch": 28}
{"loss": 0.30463874340057373, "acc": 0.8957641124725342, "length": 5.0, "mode": "test", "epoch": 28}
{"loss": 0.18504850566387177, "acc": 0.9301207661628723, "length": 4.999957084655762, "mode": "train", "epoch": 29}
{"loss": 0.2840578556060791, "acc": 0.9028237462043762, "length": 5.0, "mode": "test", "epoch": 29}
{"loss": 0.17928624153137207, "acc": 0.9318727850914001, "length": 4.999861717224121, "mode": "train", "epoch": 30}
{"loss": 0.27191397547721863, "acc": 0.9046235680580139, "length": 5.0, "mode": "test", "epoch": 30}
{"loss": 0.17033794522285461, "acc": 0.9373166561126709, "length": 4.999486923217773, "mode": "train", "epoch": 31}
{"loss": 0.28401097655296326, "acc": 0.8990863561630249, "length": 5.0, "mode": "test", "epoch": 31}
{"loss": 0.18439249694347382, "acc": 0.9289207458496094, "length": 4.999563694000244, "mode": "train", "epoch": 32}
{"loss": 0.2755257785320282, "acc": 0.9054539203643799, "length": 5.0, "mode": "test", "epoch": 32}
{"loss": 0.18892021477222443, "acc": 0.9291525483131409, "length": 4.999346733093262, "mode": "train", "epoch": 33}
{"loss": 0.31018736958503723, "acc": 0.895625650882721, "length": 5.0, "mode": "test", "epoch": 33}
{"loss": 0.1889522224664688, "acc": 0.9286434054374695, "length": 4.999574661254883, "mode": "train", "epoch": 34}
{"loss": 0.3028065264225006, "acc": 0.8985326290130615, "length": 5.0, "mode": "test", "epoch": 34}
{"loss": 0.20353078842163086, "acc": 0.9231871962547302, "length": 4.999048233032227, "mode": "train", "epoch": 35}
{"loss": 0.2863028049468994, "acc": 0.8995016813278198, "length": 5.0, "mode": "test", "epoch": 35}
{"loss": 0.19817067682743073, "acc": 0.9240279793739319, "length": 4.999920845031738, "mode": "train", "epoch": 36}
{"loss": 0.2897418737411499, "acc": 0.8947952389717102, "length": 5.0, "mode": "test", "epoch": 36}
{"loss": 0.18706922233104706, "acc": 0.9315032958984375, "length": 4.999752998352051, "mode": "train", "epoch": 37}
{"loss": 0.27432096004486084, "acc": 0.9017165899276733, "length": 5.0, "mode": "test", "epoch": 37}
{"loss": 0.1861002892255783, "acc": 0.9296103119850159, "length": 4.999601364135742, "mode": "train", "epoch": 38}
{"loss": 0.28293371200561523, "acc": 0.9019933342933655, "length": 5.0, "mode": "test", "epoch": 38}
{"loss": 0.1776702105998993, "acc": 0.9314146637916565, "length": 4.998991966247559, "mode": "train", "epoch": 39}
{"loss": 0.27448201179504395, "acc": 0.9044850468635559, "length": 5.0, "mode": "test", "epoch": 39}
{"loss": 0.2035629004240036, "acc": 0.9226399660110474, "length": 4.999868392944336, "mode": "train", "epoch": 40}
{"loss": 0.29022666811943054, "acc": 0.9001938104629517, "length": 5.0, "mode": "test", "epoch": 40}
{"loss": 0.18712452054023743, "acc": 0.9289200305938721, "length": 4.999774932861328, "mode": "train", "epoch": 41}
{"loss": 0.28642982244491577, "acc": 0.8977020382881165, "length": 5.0, "mode": "test", "epoch": 41}
{"loss": 0.1931786835193634, "acc": 0.9255976676940918, "length": 4.999996662139893, "mode": "train", "epoch": 42}
{"loss": 0.32136884331703186, "acc": 0.8812292218208313, "length": 5.0, "mode": "test", "epoch": 42}
{"loss": 0.20452740788459778, "acc": 0.9204719066619873, "length": 4.999805927276611, "mode": "train", "epoch": 43}
{"loss": 0.2982615828514099, "acc": 0.8952104449272156, "length": 5.0, "mode": "test", "epoch": 43}
{"loss": 0.22095264494419098, "acc": 0.9171050786972046, "length": 4.999978542327881, "mode": "train", "epoch": 44}
{"loss": 0.3315078318119049, "acc": 0.8849667906761169, "length": 5.0, "mode": "test", "epoch": 44}
{"loss": 0.23805373907089233, "acc": 0.9093963503837585, "length": 4.999863624572754, "mode": "train", "epoch": 45}
{"loss": 0.2933391034603119, "acc": 0.8927186727523804, "length": 5.0, "mode": "test", "epoch": 45}
{"loss": 0.20898185670375824, "acc": 0.9237514734268188, "length": 4.999939918518066, "mode": "train", "epoch": 46}
{"loss": 0.27999013662338257, "acc": 0.895348846912384, "length": 5.0, "mode": "test", "epoch": 46}
{"loss": 0.1924077421426773, "acc": 0.9284130930900574, "length": 4.999993324279785, "mode": "train", "epoch": 47}
{"loss": 0.2788543403148651, "acc": 0.9013012647628784, "length": 5.0, "mode": "test", "epoch": 47}
{"loss": 0.19012068212032318, "acc": 0.9269354939460754, "length": 4.999868392944336, "mode": "train", "epoch": 48}
{"loss": 0.27459439635276794, "acc": 0.901577889919281, "length": 5.0, "mode": "test", "epoch": 48}
{"loss": 0.1933947205543518, "acc": 0.9278592467308044, "length": 4.999999523162842, "mode": "train", "epoch": 49}
{"loss": 0.2886245846748352, "acc": 0.8979790210723877, "length": 5.0, "mode": "test", "epoch": 49}
{"loss": 0.185044065117836, "acc": 0.9308594465255737, "length": 4.999996662139893, "mode": "train", "epoch": 50}
{"loss": 0.2732108533382416, "acc": 0.9026854038238525, "length": 5.0, "mode": "test", "epoch": 50}
{"loss": 0.18063117563724518, "acc": 0.9324749112129211, "length": 4.999999046325684, "mode": "train", "epoch": 51}
{"loss": 0.2975900173187256, "acc": 0.8946565389633179, "length": 5.0, "mode": "test", "epoch": 51}
{"loss": 0.18839038908481598, "acc": 0.9283670783042908, "length": 4.999997138977051, "mode": "train", "epoch": 52}
{"loss": 0.28191304206848145, "acc": 0.8978405594825745, "length": 5.0, "mode": "test", "epoch": 52}
{"loss": 0.1869417130947113, "acc": 0.9297056198120117, "length": 4.999998569488525, "mode": "train", "epoch": 53}
{"loss": 0.28364667296409607, "acc": 0.9008859992027283, "length": 5.0, "mode": "test", "epoch": 53}
{"loss": 0.19120141863822937, "acc": 0.9279007911682129, "length": 4.999682903289795, "mode": "train", "epoch": 54}
{"loss": 0.28342705965042114, "acc": 0.8982555866241455, "length": 5.0, "mode": "test", "epoch": 54}
{"loss": 0.18769240379333496, "acc": 0.9273738861083984, "length": 4.998627185821533, "mode": "train", "epoch": 55}
{"loss": 0.2639728784561157, "acc": 0.9043465256690979, "length": 5.0, "mode": "test", "epoch": 55}
{"loss": 0.1762770712375641, "acc": 0.9346397519111633, "length": 4.999758243560791, "mode": "train", "epoch": 56}
{"loss": 0.271974116563797, "acc": 0.904900312423706, "length": 5.0, "mode": "test", "epoch": 56}
{"loss": 0.16857877373695374, "acc": 0.9363986253738403, "length": 4.9996724128723145, "mode": "train", "epoch": 57}
{"loss": 0.27031368017196655, "acc": 0.9036545753479004, "length": 5.0, "mode": "test", "epoch": 57}
{"loss": 0.17242059111595154, "acc": 0.935171365737915, "length": 4.9993085861206055, "mode": "train", "epoch": 58}
{"loss": 0.29552704095840454, "acc": 0.8978405594825745, "length": 5.0, "mode": "test", "epoch": 58}
{"loss": 0.1836887151002884, "acc": 0.9306702613830566, "length": 4.999879360198975, "mode": "train", "epoch": 59}
{"loss": 0.2891708314418793, "acc": 0.897563636302948, "length": 5.0, "mode": "test", "epoch": 59}
{"loss": 0.2032301425933838, "acc": 0.9222745895385742, "length": 4.999996662139893, "mode": "train", "epoch": 60}
{"loss": 0.29355481266975403, "acc": 0.8971482515335083, "length": 5.0, "mode": "test", "epoch": 60}
{"loss": 0.1840483695268631, "acc": 0.9310901165008545, "length": 4.999996185302734, "mode": "train", "epoch": 61}
{"loss": 0.28840428590774536, "acc": 0.9022702574729919, "length": 5.0, "mode": "test", "epoch": 61}
{"loss": 0.1929953545331955, "acc": 0.9261514544487, "length": 4.999995231628418, "mode": "train", "epoch": 62}
{"loss": 0.277346134185791, "acc": 0.8992247581481934, "length": 5.0, "mode": "test", "epoch": 62}
{"loss": 0.19373247027397156, "acc": 0.9270280003547668, "length": 4.999979496002197, "mode": "train", "epoch": 63}
{"loss": 0.27025675773620605, "acc": 0.9025470018386841, "length": 5.0, "mode": "test", "epoch": 63}
{"loss": 0.18085555732250214, "acc": 0.9311358332633972, "length": 4.999936580657959, "mode": "train", "epoch": 64}
{"loss": 0.2745133638381958, "acc": 0.9060077667236328, "length": 5.0, "mode": "test", "epoch": 64}
{"loss": 0.17369288206100464, "acc": 0.9351517558097839, "length": 4.9999799728393555, "mode": "train", "epoch": 65}
{"loss": 0.2795977294445038, "acc": 0.9028237462043762, "length": 5.0, "mode": "test", "epoch": 65}
{"loss": 0.19166824221611023, "acc": 0.9265637993812561, "length": 4.999806880950928, "mode": "train", "epoch": 66}
{"loss": 0.3018348813056946, "acc": 0.8891196250915527, "length": 5.0, "mode": "test", "epoch": 66}
{"loss": 0.19033166766166687, "acc": 0.9237975478172302, "length": 4.999838352203369, "mode": "train", "epoch": 67}
{"loss": 0.2882300019264221, "acc": 0.8959023952484131, "length": 5.0, "mode": "test", "epoch": 67}
{"loss": 0.18411320447921753, "acc": 0.9321979284286499, "length": 4.999971389770508, "mode": "train", "epoch": 68}
{"loss": 0.29939576983451843, "acc": 0.895348846912384, "length": 5.0, "mode": "test", "epoch": 68}
{"loss": 0.1802850067615509, "acc": 0.9298888444900513, "length": 4.999910831451416, "mode": "train", "epoch": 69}
{"loss": 0.26487597823143005, "acc": 0.9011626839637756, "length": 5.0, "mode": "test", "epoch": 69}
{"loss": 0.16582079231739044, "acc": 0.9366747736930847, "length": 4.9997358322143555, "mode": "train", "epoch": 70}
{"loss": 0.2810586988925934, "acc": 0.9036544561386108, "length": 5.0, "mode": "test", "epoch": 70}
{"loss": 0.16833816468715668, "acc": 0.9348748922348022, "length": 4.999980926513672, "mode": "train", "epoch": 71}
{"loss": 0.26566192507743835, "acc": 0.9091916680335999, "length": 5.0, "mode": "test", "epoch": 71}
{"loss": 0.16749383509159088, "acc": 0.9374122619628906, "length": 4.9999189376831055, "mode": "train", "epoch": 72}
{"loss": 0.2864096164703369, "acc": 0.8990863561630249, "length": 5.0, "mode": "test", "epoch": 72}
{"loss": 0.16296398639678955, "acc": 0.9375433325767517, "length": 4.9995198249816895, "mode": "train", "epoch": 73}
{"loss": 0.25745925307273865, "acc": 0.9080842137336731, "length": 5.0, "mode": "test", "epoch": 73}
{"loss": 0.15237084031105042, "acc": 0.9433212876319885, "length": 4.999992370605469, "mode": "train", "epoch": 74}
{"loss": 0.25273266434669495, "acc": 0.9152824878692627, "length": 5.0, "mode": "test", "epoch": 74}
{"loss": 0.1439443975687027, "acc": 0.9464535713195801, "length": 4.999706268310547, "mode": "train", "epoch": 75}
{"loss": 0.27022862434387207, "acc": 0.9086378812789917, "length": 5.0, "mode": "test", "epoch": 75}
{"loss": 0.1481669545173645, "acc": 0.9447982311248779, "length": 4.999996185302734, "mode": "train", "epoch": 76}
{"loss": 0.2532663941383362, "acc": 0.914313554763794, "length": 5.0, "mode": "test", "epoch": 76}
{"loss": 0.1481001377105713, "acc": 0.9438291788101196, "length": 4.999999523162842, "mode": "train", "epoch": 77}
{"loss": 0.2525215446949005, "acc": 0.9184661507606506, "length": 5.0, "mode": "test", "epoch": 77}
{"loss": 0.16425690054893494, "acc": 0.9379211664199829, "length": 4.999999523162842, "mode": "train", "epoch": 78}
{"loss": 0.3054966330528259, "acc": 0.900747537612915, "length": 5.0, "mode": "test", "epoch": 78}
{"loss": 0.1703798472881317, "acc": 0.937874972820282, "length": 4.999995231628418, "mode": "train", "epoch": 79}
{"loss": 0.259021520614624, "acc": 0.9122371077537537, "length": 5.0, "mode": "test", "epoch": 79}
{"loss": 0.16057854890823364, "acc": 0.9412440061569214, "length": 4.999979019165039, "mode": "train", "epoch": 80}
{"loss": 0.2636582851409912, "acc": 0.909745454788208, "length": 5.0, "mode": "test", "epoch": 80}
{"loss": 0.16302213072776794, "acc": 0.9378749132156372, "length": 4.999996185302734, "mode": "train", "epoch": 81}
{"loss": 0.25436654686927795, "acc": 0.9107142686843872, "length": 5.0, "mode": "test", "epoch": 81}
{"loss": 0.15872500836849213, "acc": 0.9403648376464844, "length": 4.999899864196777, "mode": "train", "epoch": 82}
{"loss": 0.26304659247398376, "acc": 0.9148672223091125, "length": 5.0, "mode": "test", "epoch": 82}
{"loss": 0.15487174689769745, "acc": 0.9437823295593262, "length": 4.999980926513672, "mode": "train", "epoch": 83}
{"loss": 0.2603380084037781, "acc": 0.9100221991539001, "length": 5.0, "mode": "test", "epoch": 83}
{"loss": 0.1560669094324112, "acc": 0.9418442845344543, "length": 4.999992370605469, "mode": "train", "epoch": 84}
{"loss": 0.2702968120574951, "acc": 0.9145902991294861, "length": 5.0, "mode": "test", "epoch": 84}
{"loss": 0.16383099555969238, "acc": 0.9403672218322754, "length": 4.999999523162842, "mode": "train", "epoch": 85}
{"loss": 0.2585967481136322, "acc": 0.9116833209991455, "length": 5.0, "mode": "test", "epoch": 85}
{"loss": 0.16135480999946594, "acc": 0.9378288388252258, "length": 4.999996662139893, "mode": "train", "epoch": 86}
{"loss": 0.2575876712799072, "acc": 0.9145902991294861, "length": 5.0, "mode": "test", "epoch": 86}
{"loss": 0.15219005942344666, "acc": 0.9436442255973816, "length": 4.999996185302734, "mode": "train", "epoch": 87}
{"loss": 0.26468417048454285, "acc": 0.9119601249694824, "length": 5.0, "mode": "test", "epoch": 87}
{"loss": 0.14915095269680023, "acc": 0.9443829655647278, "length": 4.999998569488525, "mode": "train", "epoch": 88}
{"loss": 0.25821202993392944, "acc": 0.9114064574241638, "length": 5.0, "mode": "test", "epoch": 88}
{"loss": 0.15235674381256104, "acc": 0.9436905980110168, "length": 4.999999046325684, "mode": "train", "epoch": 89}
{"loss": 0.2587387263774872, "acc": 0.9130676984786987, "length": 5.0, "mode": "test", "epoch": 89}
{"loss": 0.15048901736736298, "acc": 0.9440599083900452, "length": 4.999999046325684, "mode": "train", "epoch": 90}
{"loss": 0.26150649785995483, "acc": 0.9130675792694092, "length": 5.0, "mode": "test", "epoch": 90}
{"loss": 0.14907994866371155, "acc": 0.944613516330719, "length": 4.999999523162842, "mode": "train", "epoch": 91}
{"loss": 0.24224349856376648, "acc": 0.9174972772598267, "length": 5.0, "mode": "test", "epoch": 91}
{"loss": 0.15351852774620056, "acc": 0.9409213066101074, "length": 5.0, "mode": "train", "epoch": 92}
{"loss": 0.2588585317134857, "acc": 0.9096067547798157, "length": 5.0, "mode": "test", "epoch": 92}
{"loss": 0.17003296315670013, "acc": 0.9356132745742798, "length": 4.999999523162842, "mode": "train", "epoch": 93}
{"loss": 0.26961901783943176, "acc": 0.9064230918884277, "length": 5.0, "mode": "test", "epoch": 93}
{"loss": 0.16556362807750702, "acc": 0.9370903372764587, "length": 5.0, "mode": "train", "epoch": 94}
{"loss": 0.25824031233787537, "acc": 0.909468412399292, "length": 5.0, "mode": "test", "epoch": 94}
{"loss": 0.1538032591342926, "acc": 0.941613495349884, "length": 5.0, "mode": "train", "epoch": 95}
{"loss": 0.25797238945961, "acc": 0.9133443832397461, "length": 5.0, "mode": "test", "epoch": 95}
{"loss": 0.16210204362869263, "acc": 0.9396751523017883, "length": 4.999999523162842, "mode": "train", "epoch": 96}
{"loss": 0.2624396085739136, "acc": 0.9130674600601196, "length": 5.0, "mode": "test", "epoch": 96}
{"loss": 0.14656546711921692, "acc": 0.9450750946998596, "length": 4.999997615814209, "mode": "train", "epoch": 97}
{"loss": 0.2656211853027344, "acc": 0.9112680554389954, "length": 5.0, "mode": "test", "epoch": 97}
{"loss": 0.1535799503326416, "acc": 0.9427214860916138, "length": 4.999999523162842, "mode": "train", "epoch": 98}
{"loss": 0.254102498292923, "acc": 0.9155591726303101, "length": 5.0, "mode": "test", "epoch": 98}
{"loss": 0.17481553554534912, "acc": 0.9329825639724731, "length": 4.999996185302734, "mode": "train", "epoch": 99}
{"loss": 0.2860589921474457, "acc": 0.90586918592453, "length": 5.0, "mode": "test", "epoch": 99}
{"loss": 0.15967288613319397, "acc": 0.9411051869392395, "length": 4.999935626983643, "mode": "train", "epoch": 100}
{"loss": 0.2924513518810272, "acc": 0.9010244011878967, "length": 5.0, "mode": "test", "epoch": 100}
