# ["--attributes=3", "--values=3", "--game_size=3", "--vocab_size_factor=3", "--n_epochs=100", "--batch_size=64", "--learning_rate=0.0005", "--hidden_size=256", "--temp_update=0.97", "--temperature=2"]
Creating train_ds and val_ds...

Creating test_ds...
{"loss": 0.7154053449630737, "acc": 0.5040184855461121, "length": 3.5459840297698975, "mode": "train", "epoch": 1}
{"loss": 0.6928235292434692, "acc": 0.5151515603065491, "length": 1.0, "mode": "test", "epoch": 1}
{"loss": 0.7043326497077942, "acc": 0.5188888907432556, "length": 3.4698965549468994, "mode": "train", "epoch": 2}
{"loss": 0.6970168352127075, "acc": 0.49810612201690674, "length": 1.0, "mode": "test", "epoch": 2}
{"loss": 0.6872197389602661, "acc": 0.5219506621360779, "length": 3.1871721744537354, "mode": "train", "epoch": 3}
{"loss": 0.687200665473938, "acc": 0.5719698071479797, "length": 1.0, "mode": "test", "epoch": 3}
{"loss": 0.6888440251350403, "acc": 0.5295318961143494, "length": 2.9574313163757324, "mode": "train", "epoch": 4}
{"loss": 0.6791276931762695, "acc": 0.5852273106575012, "length": 1.0, "mode": "test", "epoch": 4}
{"loss": 0.6963454484939575, "acc": 0.5309658050537109, "length": 2.55561900138855, "mode": "train", "epoch": 5}
{"loss": 0.6815387606620789, "acc": 0.5492424964904785, "length": 1.0, "mode": "test", "epoch": 5}
{"loss": 0.6839731335639954, "acc": 0.554998517036438, "length": 2.059481143951416, "mode": "train", "epoch": 6}
{"loss": 0.6895021796226501, "acc": 0.5227272510528564, "length": 1.0, "mode": "test", "epoch": 6}
{"loss": 0.6840832829475403, "acc": 0.5639984011650085, "length": 1.8466956615447998, "mode": "train", "epoch": 7}
{"loss": 0.6888918876647949, "acc": 0.5416667461395264, "length": 1.0227272510528564, "mode": "test", "epoch": 7}
{"loss": 0.6665616631507874, "acc": 0.5990198850631714, "length": 1.886601209640503, "mode": "train", "epoch": 8}
{"loss": 0.6698750853538513, "acc": 0.5754913091659546, "length": 1.2727272510528564, "mode": "test", "epoch": 8}
{"loss": 0.6364296674728394, "acc": 0.6225898265838623, "length": 2.0762407779693604, "mode": "train", "epoch": 9}
{"loss": 0.6355556845664978, "acc": 0.6397668719291687, "length": 1.6136363744735718, "mode": "test", "epoch": 9}
{"loss": 0.5935217142105103, "acc": 0.6887096166610718, "length": 2.3623485565185547, "mode": "train", "epoch": 10}
{"loss": 0.6059708595275879, "acc": 0.6877071857452393, "length": 2.0681817531585693, "mode": "test", "epoch": 10}
{"loss": 0.5732367038726807, "acc": 0.7272383570671082, "length": 2.3838796615600586, "mode": "train", "epoch": 11}
{"loss": 0.5879288911819458, "acc": 0.717832624912262, "length": 2.090909004211426, "mode": "test", "epoch": 11}
{"loss": 0.5491459965705872, "acc": 0.7420482635498047, "length": 2.400662899017334, "mode": "train", "epoch": 12}
{"loss": 0.591684103012085, "acc": 0.7228929996490479, "length": 2.2386362552642822, "mode": "test", "epoch": 12}
{"loss": 0.5527073740959167, "acc": 0.7494364976882935, "length": 2.460923671722412, "mode": "train", "epoch": 13}
{"loss": 0.576387882232666, "acc": 0.7325796484947205, "length": 2.2613637447357178, "mode": "test", "epoch": 13}
{"loss": 0.5239362120628357, "acc": 0.7545959949493408, "length": 2.411193370819092, "mode": "train", "epoch": 14}
{"loss": 0.5662096738815308, "acc": 0.7304292321205139, "length": 2.375, "mode": "test", "epoch": 14}
{"loss": 0.5328220129013062, "acc": 0.7742012739181519, "length": 2.510005474090576, "mode": "train", "epoch": 15}
{"loss": 0.5547620058059692, "acc": 0.7490234375, "length": 2.4772727489471436, "mode": "test", "epoch": 15}
{"loss": 0.5369334816932678, "acc": 0.7797442078590393, "length": 2.6631107330322266, "mode": "train", "epoch": 16}
{"loss": 0.5447542071342468, "acc": 0.7610479593276978, "length": 2.6022727489471436, "mode": "test", "epoch": 16}
{"loss": 0.4802461266517639, "acc": 0.7853648662567139, "length": 2.820460557937622, "mode": "train", "epoch": 17}
{"loss": 0.5410068035125732, "acc": 0.7606337070465088, "length": 3.0113637447357178, "mode": "test", "epoch": 17}
{"loss": 0.4753390848636627, "acc": 0.7902488112449646, "length": 2.969482421875, "mode": "train", "epoch": 18}
{"loss": 0.5326341390609741, "acc": 0.7654473781585693, "length": 3.1477272510528564, "mode": "test", "epoch": 18}
{"loss": 0.4816805422306061, "acc": 0.7911419868469238, "length": 3.0133981704711914, "mode": "train", "epoch": 19}
{"loss": 0.5201221704483032, "acc": 0.7679924368858337, "length": 2.9772727489471436, "mode": "test", "epoch": 19}
{"loss": 0.43757763504981995, "acc": 0.8064392805099487, "length": 2.928629159927368, "mode": "train", "epoch": 20}
{"loss": 0.51385498046875, "acc": 0.7760416269302368, "length": 3.25, "mode": "test", "epoch": 20}
{"loss": 0.4589864909648895, "acc": 0.8011714220046997, "length": 3.125450611114502, "mode": "train", "epoch": 21}
{"loss": 0.5156316161155701, "acc": 0.7723327875137329, "length": 3.3522727489471436, "mode": "test", "epoch": 21}
{"loss": 0.43315958976745605, "acc": 0.8052859902381897, "length": 3.1695327758789062, "mode": "train", "epoch": 22}
{"loss": 0.4792647361755371, "acc": 0.7882339358329773, "length": 3.079545497894287, "mode": "test", "epoch": 22}
{"loss": 0.44013452529907227, "acc": 0.8144329190254211, "length": 3.037464141845703, "mode": "train", "epoch": 23}
{"loss": 0.4567713141441345, "acc": 0.7967566847801208, "length": 3.1136362552642822, "mode": "test", "epoch": 23}
{"loss": 0.42664679884910583, "acc": 0.8218101859092712, "length": 3.1189239025115967, "mode": "train", "epoch": 24}
{"loss": 0.44954773783683777, "acc": 0.8096591830253601, "length": 3.25, "mode": "test", "epoch": 24}
{"loss": 0.4049086570739746, "acc": 0.8234748244285583, "length": 3.177064895629883, "mode": "train", "epoch": 25}
{"loss": 0.4338357448577881, "acc": 0.8232421875, "length": 3.284090995788574, "mode": "test", "epoch": 25}
{"loss": 0.44786378741264343, "acc": 0.8312885165214539, "length": 3.187560558319092, "mode": "train", "epoch": 26}
{"loss": 0.44335031509399414, "acc": 0.8236268758773804, "length": 3.1136362552642822, "mode": "test", "epoch": 26}
{"loss": 0.450221985578537, "acc": 0.8242923617362976, "length": 3.025771141052246, "mode": "train", "epoch": 27}
{"loss": 0.44132426381111145, "acc": 0.8095999360084534, "length": 3.045454502105713, "mode": "test", "epoch": 27}
{"loss": 0.43898820877075195, "acc": 0.8330263495445251, "length": 3.083670139312744, "mode": "train", "epoch": 28}
{"loss": 0.4360024631023407, "acc": 0.8118489980697632, "length": 3.284090995788574, "mode": "test", "epoch": 28}
{"loss": 0.4191736876964569, "acc": 0.8266410827636719, "length": 3.2209420204162598, "mode": "train", "epoch": 29}
{"loss": 0.42710617184638977, "acc": 0.8097183704376221, "length": 3.1818182468414307, "mode": "test", "epoch": 29}
{"loss": 0.37856337428092957, "acc": 0.8286212682723999, "length": 3.0253329277038574, "mode": "train", "epoch": 30}
{"loss": 0.421403169631958, "acc": 0.8360559344291687, "length": 3.1818182468414307, "mode": "test", "epoch": 30}
{"loss": 0.373988538980484, "acc": 0.8424626588821411, "length": 3.106896162033081, "mode": "train", "epoch": 31}
{"loss": 0.43895411491394043, "acc": 0.8217921853065491, "length": 3.3181817531585693, "mode": "test", "epoch": 31}
{"loss": 0.3411969840526581, "acc": 0.8438984751701355, "length": 3.1481704711914062, "mode": "train", "epoch": 32}
{"loss": 0.4371446371078491, "acc": 0.8229166269302368, "length": 3.25, "mode": "test", "epoch": 32}
{"loss": 0.33254432678222656, "acc": 0.8504843711853027, "length": 3.0776500701904297, "mode": "train", "epoch": 33}
{"loss": 0.4388907551765442, "acc": 0.8206676244735718, "length": 3.1818182468414307, "mode": "test", "epoch": 33}
{"loss": 0.36079782247543335, "acc": 0.847170889377594, "length": 3.026263952255249, "mode": "train", "epoch": 34}
{"loss": 0.4373737573623657, "acc": 0.8246330618858337, "length": 3.079545497894287, "mode": "test", "epoch": 34}
{"loss": 0.3874261975288391, "acc": 0.8527554869651794, "length": 2.956084728240967, "mode": "train", "epoch": 35}
{"loss": 0.41484493017196655, "acc": 0.8351089358329773, "length": 3.1818182468414307, "mode": "test", "epoch": 35}
{"loss": 0.3834854066371918, "acc": 0.8545073866844177, "length": 3.0795583724975586, "mode": "train", "epoch": 36}
{"loss": 0.41574710607528687, "acc": 0.8359375596046448, "length": 3.25, "mode": "test", "epoch": 36}
{"loss": 0.3305835425853729, "acc": 0.8606122732162476, "length": 3.054696798324585, "mode": "train", "epoch": 37}
{"loss": 0.40541428327560425, "acc": 0.8326330184936523, "length": 3.1818182468414307, "mode": "test", "epoch": 37}
{"loss": 0.3554430902004242, "acc": 0.8527522683143616, "length": 3.040707588195801, "mode": "train", "epoch": 38}
{"loss": 0.41670602560043335, "acc": 0.8154199123382568, "length": 3.215909004211426, "mode": "test", "epoch": 38}
{"loss": 0.36996933817863464, "acc": 0.8509921431541443, "length": 3.103106737136841, "mode": "train", "epoch": 39}
{"loss": 0.4249914884567261, "acc": 0.8231929540634155, "length": 3.1818182468414307, "mode": "test", "epoch": 39}
{"loss": 0.31800171732902527, "acc": 0.8597202301025391, "length": 3.119568109512329, "mode": "train", "epoch": 40}
{"loss": 0.4169641435146332, "acc": 0.8343493938446045, "length": 3.3522727489471436, "mode": "test", "epoch": 40}
{"loss": 0.31960511207580566, "acc": 0.8552114367485046, "length": 3.1542270183563232, "mode": "train", "epoch": 41}
{"loss": 0.3990098834037781, "acc": 0.8307291269302368, "length": 3.284090995788574, "mode": "test", "epoch": 41}
{"loss": 0.3543950021266937, "acc": 0.8568271398544312, "length": 3.101807117462158, "mode": "train", "epoch": 42}
{"loss": 0.4036771059036255, "acc": 0.8230449557304382, "length": 3.3522727489471436, "mode": "test", "epoch": 42}
{"loss": 0.3933708369731903, "acc": 0.8632410764694214, "length": 3.1368863582611084, "mode": "train", "epoch": 43}
{"loss": 0.4016568660736084, "acc": 0.8368057012557983, "length": 3.3522727489471436, "mode": "test", "epoch": 43}
{"loss": 0.31259679794311523, "acc": 0.8619174361228943, "length": 3.130725622177124, "mode": "train", "epoch": 44}
{"loss": 0.3859037756919861, "acc": 0.837949812412262, "length": 3.3522727489471436, "mode": "test", "epoch": 44}
{"loss": 0.3246774971485138, "acc": 0.8609930872917175, "length": 3.1914801597595215, "mode": "train", "epoch": 45}
{"loss": 0.38885200023651123, "acc": 0.8326627612113953, "length": 3.3863637447357178, "mode": "test", "epoch": 45}
{"loss": 0.33619722723960876, "acc": 0.8647920489311218, "length": 3.1611411571502686, "mode": "train", "epoch": 46}
{"loss": 0.3864741921424866, "acc": 0.8432766199111938, "length": 3.3181817531585693, "mode": "test", "epoch": 46}
{"loss": 0.3543826639652252, "acc": 0.8640520572662354, "length": 3.1959774494171143, "mode": "train", "epoch": 47}
{"loss": 0.3876166343688965, "acc": 0.8375751376152039, "length": 3.3522727489471436, "mode": "test", "epoch": 47}
{"loss": 0.37345975637435913, "acc": 0.8623136878013611, "length": 3.201504707336426, "mode": "train", "epoch": 48}
{"loss": 0.39324721693992615, "acc": 0.8442531228065491, "length": 3.2613637447357178, "mode": "test", "epoch": 48}
{"loss": 0.3414625823497772, "acc": 0.8546473979949951, "length": 3.105560302734375, "mode": "train", "epoch": 49}
{"loss": 0.38125473260879517, "acc": 0.8390151858329773, "length": 3.3181817531585693, "mode": "test", "epoch": 49}
{"loss": 0.3063969910144806, "acc": 0.8478713035583496, "length": 3.1922712326049805, "mode": "train", "epoch": 50}
{"loss": 0.363578200340271, "acc": 0.8457918763160706, "length": 3.3636362552642822, "mode": "test", "epoch": 50}
{"loss": 0.33102014660835266, "acc": 0.8534290194511414, "length": 3.2166199684143066, "mode": "train", "epoch": 51}
{"loss": 0.36895817518234253, "acc": 0.8490471243858337, "length": 3.3863637447357178, "mode": "test", "epoch": 51}
{"loss": 0.35385486483573914, "acc": 0.859214723110199, "length": 3.2417221069335938, "mode": "train", "epoch": 52}
{"loss": 0.36738821864128113, "acc": 0.8479225635528564, "length": 3.3863637447357178, "mode": "test", "epoch": 52}
{"loss": 0.36862537264823914, "acc": 0.8591158986091614, "length": 3.2377007007598877, "mode": "train", "epoch": 53}
{"loss": 0.38048750162124634, "acc": 0.8433258533477783, "length": 3.3636362552642822, "mode": "test", "epoch": 53}
{"loss": 0.3698980510234833, "acc": 0.8588222861289978, "length": 3.2149202823638916, "mode": "train", "epoch": 54}
{"loss": 0.3684092164039612, "acc": 0.8444207906723022, "length": 3.340909004211426, "mode": "test", "epoch": 54}
{"loss": 0.3302350342273712, "acc": 0.8614287376403809, "length": 3.2361257076263428, "mode": "train", "epoch": 55}
{"loss": 0.3392525315284729, "acc": 0.8577770590782166, "length": 3.375, "mode": "test", "epoch": 55}
{"loss": 0.3414604663848877, "acc": 0.8609315752983093, "length": 3.2171471118927, "mode": "train", "epoch": 56}
{"loss": 0.35634008049964905, "acc": 0.8405638337135315, "length": 3.340909004211426, "mode": "test", "epoch": 56}
{"loss": 0.3583286702632904, "acc": 0.8628392815589905, "length": 3.1445248126983643, "mode": "train", "epoch": 57}
{"loss": 0.34880268573760986, "acc": 0.8630544543266296, "length": 3.284090995788574, "mode": "test", "epoch": 57}
{"loss": 0.33172178268432617, "acc": 0.867516040802002, "length": 3.2306292057037354, "mode": "train", "epoch": 58}
{"loss": 0.3628338575363159, "acc": 0.8548374176025391, "length": 3.420454502105713, "mode": "test", "epoch": 58}
{"loss": 0.29856497049331665, "acc": 0.8628799915313721, "length": 3.317164897918701, "mode": "train", "epoch": 59}
{"loss": 0.37620627880096436, "acc": 0.8641887903213501, "length": 3.3977272510528564, "mode": "test", "epoch": 59}
{"loss": 0.3295053243637085, "acc": 0.8654160499572754, "length": 3.2689318656921387, "mode": "train", "epoch": 60}
{"loss": 0.3635052740573883, "acc": 0.8667930364608765, "length": 3.375, "mode": "test", "epoch": 60}
{"loss": 0.2965100407600403, "acc": 0.8634978532791138, "length": 3.2989723682403564, "mode": "train", "epoch": 61}
{"loss": 0.3774651885032654, "acc": 0.852943480014801, "length": 3.420454502105713, "mode": "test", "epoch": 61}
{"loss": 0.3074624836444855, "acc": 0.8622496128082275, "length": 3.317671060562134, "mode": "train", "epoch": 62}
{"loss": 0.3651043176651001, "acc": 0.8497968316078186, "length": 3.409090995788574, "mode": "test", "epoch": 62}
{"loss": 0.3312855660915375, "acc": 0.865951418876648, "length": 3.2950966358184814, "mode": "train", "epoch": 63}
{"loss": 0.34955471754074097, "acc": 0.8502506613731384, "length": 3.3863637447357178, "mode": "test", "epoch": 63}
{"loss": 0.32507869601249695, "acc": 0.8733170032501221, "length": 3.269937038421631, "mode": "train", "epoch": 64}
{"loss": 0.35893869400024414, "acc": 0.8197799324989319, "length": 3.340909004211426, "mode": "test", "epoch": 64}
{"loss": 0.354112833738327, "acc": 0.85140061378479, "length": 3.2425358295440674, "mode": "train", "epoch": 65}
{"loss": 0.3651324510574341, "acc": 0.854304850101471, "length": 3.284090995788574, "mode": "test", "epoch": 65}
{"loss": 0.3351096212863922, "acc": 0.8663402199745178, "length": 3.2411794662475586, "mode": "train", "epoch": 66}
{"loss": 0.3682253062725067, "acc": 0.8600358963012695, "length": 3.3863637447357178, "mode": "test", "epoch": 66}
{"loss": 0.3035185933113098, "acc": 0.8691328167915344, "length": 3.320005416870117, "mode": "train", "epoch": 67}
{"loss": 0.3512771725654602, "acc": 0.8547486662864685, "length": 3.409090995788574, "mode": "test", "epoch": 67}
{"loss": 0.30741822719573975, "acc": 0.870391309261322, "length": 3.2446954250335693, "mode": "train", "epoch": 68}
{"loss": 0.37065762281417847, "acc": 0.8465909957885742, "length": 3.2613637447357178, "mode": "test", "epoch": 68}
{"loss": 0.2958398759365082, "acc": 0.8695006966590881, "length": 3.1720237731933594, "mode": "train", "epoch": 69}
{"loss": 0.3762297034263611, "acc": 0.8414615392684937, "length": 3.1477272510528564, "mode": "test", "epoch": 69}
{"loss": 0.30259865522384644, "acc": 0.8679934144020081, "length": 3.158451795578003, "mode": "train", "epoch": 70}
{"loss": 0.35783466696739197, "acc": 0.8536931872367859, "length": 3.284090995788574, "mode": "test", "epoch": 70}
{"loss": 0.3587437570095062, "acc": 0.8670189380645752, "length": 3.2343497276306152, "mode": "train", "epoch": 71}
{"loss": 0.3476664423942566, "acc": 0.8541963696479797, "length": 3.284090995788574, "mode": "test", "epoch": 71}
{"loss": 0.3431207835674286, "acc": 0.8698577284812927, "length": 3.209071636199951, "mode": "train", "epoch": 72}
{"loss": 0.3540879786014557, "acc": 0.8468571305274963, "length": 3.1363637447357178, "mode": "test", "epoch": 72}
{"loss": 0.34041494131088257, "acc": 0.8649862408638, "length": 3.2082467079162598, "mode": "train", "epoch": 73}
{"loss": 0.35526004433631897, "acc": 0.8446279764175415, "length": 3.3181817531585693, "mode": "test", "epoch": 73}
{"loss": 0.322367399930954, "acc": 0.8660774230957031, "length": 3.270447254180908, "mode": "train", "epoch": 74}
{"loss": 0.36002039909362793, "acc": 0.8504380583763123, "length": 3.3977272510528564, "mode": "test", "epoch": 74}
{"loss": 0.31077197194099426, "acc": 0.8707618117332458, "length": 3.3105227947235107, "mode": "train", "epoch": 75}
{"loss": 0.3728199005126953, "acc": 0.8615353107452393, "length": 3.329545497894287, "mode": "test", "epoch": 75}
{"loss": 0.31143856048583984, "acc": 0.8732240796089172, "length": 3.2767140865325928, "mode": "train", "epoch": 76}
{"loss": 0.3669307231903076, "acc": 0.8621568083763123, "length": 3.284090995788574, "mode": "test", "epoch": 76}
{"loss": 0.33890023827552795, "acc": 0.8726350665092468, "length": 3.241934061050415, "mode": "train", "epoch": 77}
{"loss": 0.3649093508720398, "acc": 0.8596907258033752, "length": 3.215909004211426, "mode": "test", "epoch": 77}
{"loss": 0.29456910490989685, "acc": 0.8756281733512878, "length": 3.246265172958374, "mode": "train", "epoch": 78}
{"loss": 0.35921621322631836, "acc": 0.8385219573974609, "length": 3.329545497894287, "mode": "test", "epoch": 78}
{"loss": 0.34269413352012634, "acc": 0.8722798228263855, "length": 3.289005994796753, "mode": "train", "epoch": 79}
{"loss": 0.360551118850708, "acc": 0.8464627861976624, "length": 3.375, "mode": "test", "epoch": 79}
{"loss": 0.2820638418197632, "acc": 0.8718031048774719, "length": 3.3112878799438477, "mode": "train", "epoch": 80}
{"loss": 0.379461407661438, "acc": 0.8493627905845642, "length": 3.3977272510528564, "mode": "test", "epoch": 80}
{"loss": 0.3080054521560669, "acc": 0.8702730536460876, "length": 3.3091249465942383, "mode": "train", "epoch": 81}
{"loss": 0.3382755517959595, "acc": 0.871202290058136, "length": 3.420454502105713, "mode": "test", "epoch": 81}
{"loss": 0.3009755313396454, "acc": 0.8760401010513306, "length": 3.3415563106536865, "mode": "train", "epoch": 82}
{"loss": 0.32140088081359863, "acc": 0.8712122440338135, "length": 3.5, "mode": "test", "epoch": 82}
{"loss": 0.2788521945476532, "acc": 0.8724527359008789, "length": 3.3702802658081055, "mode": "train", "epoch": 83}
{"loss": 0.35392916202545166, "acc": 0.8472616672515869, "length": 3.590909004211426, "mode": "test", "epoch": 83}
{"loss": 0.2808383107185364, "acc": 0.8759081363677979, "length": 3.376018524169922, "mode": "train", "epoch": 84}
{"loss": 0.33820176124572754, "acc": 0.861140787601471, "length": 3.4772727489471436, "mode": "test", "epoch": 84}
{"loss": 0.25020158290863037, "acc": 0.8742172122001648, "length": 3.3182334899902344, "mode": "train", "epoch": 85}
{"loss": 0.3602254390716553, "acc": 0.858211100101471, "length": 3.420454502105713, "mode": "test", "epoch": 85}
{"loss": 0.2886648178100586, "acc": 0.8776571750640869, "length": 3.314051628112793, "mode": "train", "epoch": 86}
{"loss": 0.367573618888855, "acc": 0.8589804172515869, "length": 3.420454502105713, "mode": "test", "epoch": 86}
{"loss": 0.2975001037120819, "acc": 0.8761895895004272, "length": 3.3321518898010254, "mode": "train", "epoch": 87}
{"loss": 0.3399566411972046, "acc": 0.8516908288002014, "length": 3.4772727489471436, "mode": "test", "epoch": 87}
{"loss": 0.30394527316093445, "acc": 0.8759753704071045, "length": 3.331888198852539, "mode": "train", "epoch": 88}
{"loss": 0.33775293827056885, "acc": 0.8634786009788513, "length": 3.5113637447357178, "mode": "test", "epoch": 88}
{"loss": 0.3023301661014557, "acc": 0.8715865015983582, "length": 3.3482108116149902, "mode": "train", "epoch": 89}
{"loss": 0.3424241542816162, "acc": 0.8693872690200806, "length": 3.4886362552642822, "mode": "test", "epoch": 89}
{"loss": 0.3215172290802002, "acc": 0.8780345320701599, "length": 3.336566686630249, "mode": "train", "epoch": 90}
{"loss": 0.3406965732574463, "acc": 0.8693971633911133, "length": 3.4772727489471436, "mode": "test", "epoch": 90}
{"loss": 0.2690257132053375, "acc": 0.8811631202697754, "length": 3.331854820251465, "mode": "train", "epoch": 91}
{"loss": 0.33700817823410034, "acc": 0.8674243688583374, "length": 3.409090995788574, "mode": "test", "epoch": 91}
{"loss": 0.3151751458644867, "acc": 0.8782883882522583, "length": 3.3301150798797607, "mode": "train", "epoch": 92}
{"loss": 0.3733683228492737, "acc": 0.8641099333763123, "length": 3.3636362552642822, "mode": "test", "epoch": 92}
{"loss": 0.26743876934051514, "acc": 0.8709926605224609, "length": 3.310136318206787, "mode": "train", "epoch": 93}
{"loss": 0.36925220489501953, "acc": 0.8672959804534912, "length": 3.420454502105713, "mode": "test", "epoch": 93}
{"loss": 0.29680055379867554, "acc": 0.8776214718818665, "length": 3.3397715091705322, "mode": "train", "epoch": 94}
{"loss": 0.35503560304641724, "acc": 0.8697917461395264, "length": 3.420454502105713, "mode": "test", "epoch": 94}
{"loss": 0.28385019302368164, "acc": 0.8740347027778625, "length": 3.3057451248168945, "mode": "train", "epoch": 95}
{"loss": 0.38456979393959045, "acc": 0.8100734353065491, "length": 3.409090995788574, "mode": "test", "epoch": 95}
{"loss": 0.35665640234947205, "acc": 0.8764442205429077, "length": 3.32419490814209, "mode": "train", "epoch": 96}
{"loss": 0.3689696192741394, "acc": 0.842724084854126, "length": 3.409090995788574, "mode": "test", "epoch": 96}
{"loss": 0.26779064536094666, "acc": 0.8767521977424622, "length": 3.3149425983428955, "mode": "train", "epoch": 97}
{"loss": 0.364879846572876, "acc": 0.8430989980697632, "length": 3.3522727489471436, "mode": "test", "epoch": 97}
{"loss": 0.29022690653800964, "acc": 0.8801153898239136, "length": 3.3118789196014404, "mode": "train", "epoch": 98}
{"loss": 0.36082547903060913, "acc": 0.8444108366966248, "length": 3.3068182468414307, "mode": "test", "epoch": 98}
{"loss": 0.2739473283290863, "acc": 0.8783438801765442, "length": 3.2972497940063477, "mode": "train", "epoch": 99}
{"loss": 0.3607540726661682, "acc": 0.8400905132293701, "length": 3.284090995788574, "mode": "test", "epoch": 99}
{"loss": 0.36608225107192993, "acc": 0.8562400341033936, "length": 3.274937391281128, "mode": "train", "epoch": 100}
{"loss": 0.3680814504623413, "acc": 0.850398600101471, "length": 3.1931817531585693, "mode": "test", "epoch": 100}
test accuracy: 0.7086929678916931
