# ["--attributes=4", "--values=4", "--game_size=3", "--vocab_size_factor=3", "--n_epochs=100", "--batch_size=32", "--learning_rate=0.0005", "--hidden_size=128", "--temp_update=0.99", "--temperature=1.5"]
Creating train_ds and val_ds...

Creating test_ds...
{"loss": 0.6835770010948181, "acc": 0.5433130860328674, "length": 3.4745736122131348, "mode": "train", "epoch": 1}
{"loss": 0.6465604305267334, "acc": 0.6271882057189941, "length": 4.960066318511963, "mode": "test", "epoch": 1}
{"loss": 0.5825960040092468, "acc": 0.6837078928947449, "length": 4.7122802734375, "mode": "train", "epoch": 2}
{"loss": 0.5741299390792847, "acc": 0.7192180752754211, "length": 5.0, "mode": "test", "epoch": 2}
{"loss": 0.5200856924057007, "acc": 0.7463699579238892, "length": 4.905622482299805, "mode": "train", "epoch": 3}
{"loss": 0.5587746500968933, "acc": 0.729340136051178, "length": 5.0, "mode": "test", "epoch": 3}
{"loss": 0.4600617587566376, "acc": 0.7892515659332275, "length": 4.96566915512085, "mode": "train", "epoch": 4}
{"loss": 0.4919799566268921, "acc": 0.7818913459777832, "length": 5.0, "mode": "test", "epoch": 4}
{"loss": 0.42187827825546265, "acc": 0.8129163384437561, "length": 4.983402729034424, "mode": "train", "epoch": 5}
{"loss": 0.46295568346977234, "acc": 0.794093132019043, "length": 5.0, "mode": "test", "epoch": 5}
{"loss": 0.40364331007003784, "acc": 0.8204787969589233, "length": 4.989837169647217, "mode": "train", "epoch": 6}
{"loss": 0.4584745168685913, "acc": 0.7879922389984131, "length": 5.0, "mode": "test", "epoch": 6}
{"loss": 0.38686779141426086, "acc": 0.83040452003479, "length": 4.991544246673584, "mode": "train", "epoch": 7}
{"loss": 0.45149654150009155, "acc": 0.7859125733375549, "length": 5.0, "mode": "test", "epoch": 7}
{"loss": 0.3702608048915863, "acc": 0.8395287394523621, "length": 4.993471145629883, "mode": "train", "epoch": 8}
{"loss": 0.4392223358154297, "acc": 0.7989462614059448, "length": 5.0, "mode": "test", "epoch": 8}
{"loss": 0.35592812299728394, "acc": 0.8473942279815674, "length": 4.994019031524658, "mode": "train", "epoch": 9}
{"loss": 0.4185459017753601, "acc": 0.8211314678192139, "length": 5.0, "mode": "test", "epoch": 9}
{"loss": 0.3480563461780548, "acc": 0.8501396775245667, "length": 4.995771884918213, "mode": "train", "epoch": 10}
{"loss": 0.40962016582489014, "acc": 0.8268163204193115, "length": 5.0, "mode": "test", "epoch": 10}
{"loss": 0.33450743556022644, "acc": 0.8586679100990295, "length": 4.997087478637695, "mode": "train", "epoch": 11}
{"loss": 0.39689552783966064, "acc": 0.830976128578186, "length": 5.0, "mode": "test", "epoch": 11}
{"loss": 0.31873831152915955, "acc": 0.864999532699585, "length": 4.997044086456299, "mode": "train", "epoch": 12}
{"loss": 0.39061295986175537, "acc": 0.8380478620529175, "length": 5.0, "mode": "test", "epoch": 12}
{"loss": 0.3031434714794159, "acc": 0.8747284412384033, "length": 4.998053550720215, "mode": "train", "epoch": 13}
{"loss": 0.3769380450248718, "acc": 0.8447033166885376, "length": 5.0, "mode": "test", "epoch": 13}
{"loss": 0.2903081178665161, "acc": 0.8812084197998047, "length": 4.998323917388916, "mode": "train", "epoch": 14}
{"loss": 0.38038572669029236, "acc": 0.8434553742408752, "length": 5.0, "mode": "test", "epoch": 14}
{"loss": 0.27722328901290894, "acc": 0.8890719413757324, "length": 4.998637676239014, "mode": "train", "epoch": 15}
{"loss": 0.3740580379962921, "acc": 0.8483083844184875, "length": 5.0, "mode": "test", "epoch": 15}
{"loss": 0.27305006980895996, "acc": 0.8899585604667664, "length": 4.998908042907715, "mode": "train", "epoch": 16}
{"loss": 0.3649420738220215, "acc": 0.8530227541923523, "length": 5.0, "mode": "test", "epoch": 16}
{"loss": 0.2621961534023285, "acc": 0.8953148126602173, "length": 4.998623371124268, "mode": "train", "epoch": 17}
{"loss": 0.35179606080055237, "acc": 0.8605104088783264, "length": 5.0, "mode": "test", "epoch": 17}
{"loss": 0.2559047341346741, "acc": 0.899445652961731, "length": 4.999265670776367, "mode": "train", "epoch": 18}
{"loss": 0.34451478719711304, "acc": 0.8668886423110962, "length": 5.0, "mode": "test", "epoch": 18}
{"loss": 0.24755719304084778, "acc": 0.9038404226303101, "length": 4.999321937561035, "mode": "train", "epoch": 19}
{"loss": 0.35659661889076233, "acc": 0.8673045039176941, "length": 5.0, "mode": "test", "epoch": 19}
{"loss": 0.2405218929052353, "acc": 0.9058324694633484, "length": 4.999467849731445, "mode": "train", "epoch": 20}
{"loss": 0.3389180600643158, "acc": 0.877565324306488, "length": 5.0, "mode": "test", "epoch": 20}
{"loss": 0.23378057777881622, "acc": 0.9099022150039673, "length": 4.999499320983887, "mode": "train", "epoch": 21}
{"loss": 0.3404477834701538, "acc": 0.8714642524719238, "length": 5.0, "mode": "test", "epoch": 21}
{"loss": 0.22922594845294952, "acc": 0.9107821583747864, "length": 4.999502182006836, "mode": "train", "epoch": 22}
{"loss": 0.3412371277809143, "acc": 0.8699389696121216, "length": 5.0, "mode": "test", "epoch": 22}
{"loss": 0.22409485280513763, "acc": 0.9141104817390442, "length": 4.999500751495361, "mode": "train", "epoch": 23}
{"loss": 0.33410319685935974, "acc": 0.8785356879234314, "length": 5.0, "mode": "test", "epoch": 23}
{"loss": 0.21940363943576813, "acc": 0.9150377511978149, "length": 4.999572277069092, "mode": "train", "epoch": 24}
{"loss": 0.3296746611595154, "acc": 0.8804771304130554, "length": 5.0, "mode": "test", "epoch": 24}
{"loss": 0.21662193536758423, "acc": 0.9149000644683838, "length": 4.999645709991455, "mode": "train", "epoch": 25}
{"loss": 0.33375510573387146, "acc": 0.8786743879318237, "length": 5.0, "mode": "test", "epoch": 25}
{"loss": 0.21485881507396698, "acc": 0.9171675443649292, "length": 4.999658107757568, "mode": "train", "epoch": 26}
{"loss": 0.32534971833229065, "acc": 0.881725013256073, "length": 5.0, "mode": "test", "epoch": 26}
{"loss": 0.20964282751083374, "acc": 0.9184632897377014, "length": 4.999738693237305, "mode": "train", "epoch": 27}
{"loss": 0.3470187783241272, "acc": 0.8739601969718933, "length": 5.0, "mode": "test", "epoch": 27}
{"loss": 0.20187698304653168, "acc": 0.9243375658988953, "length": 4.99979829788208, "mode": "train", "epoch": 28}
{"loss": 0.32166236639022827, "acc": 0.8824182748794556, "length": 5.0, "mode": "test", "epoch": 28}
{"loss": 0.19807778298854828, "acc": 0.9234126210212708, "length": 4.999804496765137, "mode": "train", "epoch": 29}
{"loss": 0.3173367977142334, "acc": 0.8843594193458557, "length": 5.0, "mode": "test", "epoch": 29}
{"loss": 0.1951119750738144, "acc": 0.9254019260406494, "length": 4.999822616577148, "mode": "train", "epoch": 30}
{"loss": 0.31839627027511597, "acc": 0.8850528001785278, "length": 5.0, "mode": "test", "epoch": 30}
{"loss": 0.1895054131746292, "acc": 0.928128182888031, "length": 4.99975061416626, "mode": "train", "epoch": 31}
{"loss": 0.31720107793807983, "acc": 0.8854687213897705, "length": 5.0, "mode": "test", "epoch": 31}
{"loss": 0.19120486080646515, "acc": 0.9261417984962463, "length": 4.999844074249268, "mode": "train", "epoch": 32}
{"loss": 0.31113919615745544, "acc": 0.8911536931991577, "length": 5.0, "mode": "test", "epoch": 32}
{"loss": 0.1854126900434494, "acc": 0.9291495084762573, "length": 4.9998860359191895, "mode": "train", "epoch": 33}
{"loss": 0.3203408718109131, "acc": 0.8887965679168701, "length": 5.0, "mode": "test", "epoch": 33}
{"loss": 0.18117892742156982, "acc": 0.9328953623771667, "length": 4.999885559082031, "mode": "train", "epoch": 34}
{"loss": 0.3159690201282501, "acc": 0.8887965083122253, "length": 5.0, "mode": "test", "epoch": 34}
{"loss": 0.17786158621311188, "acc": 0.9334055185317993, "length": 4.9999308586120605, "mode": "train", "epoch": 35}
{"loss": 0.32125720381736755, "acc": 0.8900445103645325, "length": 5.0, "mode": "test", "epoch": 35}
{"loss": 0.1785510629415512, "acc": 0.9323417544364929, "length": 4.99993371963501, "mode": "train", "epoch": 36}
{"loss": 0.3097485601902008, "acc": 0.8942041397094727, "length": 5.0, "mode": "test", "epoch": 36}
{"loss": 0.17130763828754425, "acc": 0.9364113807678223, "length": 4.999942779541016, "mode": "train", "epoch": 37}
{"loss": 0.3130149245262146, "acc": 0.8907376527786255, "length": 5.0, "mode": "test", "epoch": 37}
{"loss": 0.17113634943962097, "acc": 0.9346538782119751, "length": 4.999931812286377, "mode": "train", "epoch": 38}
{"loss": 0.2984219789505005, "acc": 0.8968386054039001, "length": 5.0, "mode": "test", "epoch": 38}
{"loss": 0.1679636538028717, "acc": 0.9381583333015442, "length": 4.999655246734619, "mode": "train", "epoch": 39}
{"loss": 0.3139774799346924, "acc": 0.8900445103645325, "length": 5.0, "mode": "test", "epoch": 39}
{"loss": 0.16557112336158752, "acc": 0.9362261891365051, "length": 4.999923229217529, "mode": "train", "epoch": 40}
{"loss": 0.30168163776397705, "acc": 0.897670567035675, "length": 5.0, "mode": "test", "epoch": 40}
{"loss": 0.1631934940814972, "acc": 0.9390943050384521, "length": 4.999963283538818, "mode": "train", "epoch": 41}
{"loss": 0.3052142560482025, "acc": 0.8991957902908325, "length": 5.0, "mode": "test", "epoch": 41}
{"loss": 0.1599629670381546, "acc": 0.9408981204032898, "length": 4.999972820281982, "mode": "train", "epoch": 42}
{"loss": 0.29515913128852844, "acc": 0.897532045841217, "length": 5.0, "mode": "test", "epoch": 42}
{"loss": 0.15750080347061157, "acc": 0.9416334629058838, "length": 4.999818325042725, "mode": "train", "epoch": 43}
{"loss": 0.3249404728412628, "acc": 0.8869938850402832, "length": 5.0, "mode": "test", "epoch": 43}
{"loss": 0.16151545941829681, "acc": 0.9403427243232727, "length": 4.999955177307129, "mode": "train", "epoch": 44}
{"loss": 0.3131188154220581, "acc": 0.8960066437721252, "length": 5.0, "mode": "test", "epoch": 44}
{"loss": 0.1552964597940445, "acc": 0.9426553845405579, "length": 4.999966621398926, "mode": "train", "epoch": 45}
{"loss": 0.3146611750125885, "acc": 0.8955906629562378, "length": 5.0, "mode": "test", "epoch": 45}
{"loss": 0.15865720808506012, "acc": 0.9403396844863892, "length": 4.999874114990234, "mode": "train", "epoch": 46}
{"loss": 0.30289292335510254, "acc": 0.8997504115104675, "length": 5.0, "mode": "test", "epoch": 46}
{"loss": 0.14990781247615814, "acc": 0.944227933883667, "length": 4.999980449676514, "mode": "train", "epoch": 47}
{"loss": 0.2979922592639923, "acc": 0.90183025598526, "length": 5.0, "mode": "test", "epoch": 47}
{"loss": 0.15147167444229126, "acc": 0.9434884190559387, "length": 4.999988079071045, "mode": "train", "epoch": 48}
{"loss": 0.3056943416595459, "acc": 0.90072101354599, "length": 5.0, "mode": "test", "epoch": 48}
{"loss": 0.14688636362552643, "acc": 0.9441820383071899, "length": 4.9999871253967285, "mode": "train", "epoch": 49}
{"loss": 0.30790814757347107, "acc": 0.9016916751861572, "length": 5.0, "mode": "test", "epoch": 49}
{"loss": 0.14528131484985352, "acc": 0.9470488429069519, "length": 4.999983787536621, "mode": "train", "epoch": 50}
{"loss": 0.28641924262046814, "acc": 0.9061286449432373, "length": 5.0, "mode": "test", "epoch": 50}
{"loss": 0.1410244107246399, "acc": 0.9475106596946716, "length": 4.999963760375977, "mode": "train", "epoch": 51}
{"loss": 0.28997161984443665, "acc": 0.9090405702590942, "length": 5.0, "mode": "test", "epoch": 51}
{"loss": 0.14392226934432983, "acc": 0.9450142979621887, "length": 4.999988079071045, "mode": "train", "epoch": 52}
{"loss": 0.29830285906791687, "acc": 0.9019688963890076, "length": 5.0, "mode": "test", "epoch": 52}
{"loss": 0.14726515114307404, "acc": 0.9445981383323669, "length": 4.999988079071045, "mode": "train", "epoch": 53}
{"loss": 0.3123646676540375, "acc": 0.9021077156066895, "length": 5.0, "mode": "test", "epoch": 53}
{"loss": 0.14450770616531372, "acc": 0.9469568133354187, "length": 4.999990463256836, "mode": "train", "epoch": 54}
{"loss": 0.29080116748809814, "acc": 0.9065445065498352, "length": 5.0, "mode": "test", "epoch": 54}
{"loss": 0.13969683647155762, "acc": 0.9488991498947144, "length": 4.9999918937683105, "mode": "train", "epoch": 55}
{"loss": 0.30365824699401855, "acc": 0.8972547054290771, "length": 5.0, "mode": "test", "epoch": 55}
{"loss": 0.14522314071655273, "acc": 0.9446907043457031, "length": 4.9999871253967285, "mode": "train", "epoch": 56}
{"loss": 0.29718050360679626, "acc": 0.9090404510498047, "length": 5.0, "mode": "test", "epoch": 56}
{"loss": 0.1413308084011078, "acc": 0.9458465576171875, "length": 4.999980926513672, "mode": "train", "epoch": 57}
{"loss": 0.29909226298332214, "acc": 0.9026620984077454, "length": 5.0, "mode": "test", "epoch": 57}
{"loss": 0.13857834041118622, "acc": 0.9495462775230408, "length": 4.9999871253967285, "mode": "train", "epoch": 58}
{"loss": 0.29328420758247375, "acc": 0.9034940600395203, "length": 5.0, "mode": "test", "epoch": 58}
{"loss": 0.13419543206691742, "acc": 0.9489916563034058, "length": 4.999995231628418, "mode": "train", "epoch": 59}
{"loss": 0.3050433099269867, "acc": 0.9025235772132874, "length": 5.0, "mode": "test", "epoch": 59}
{"loss": 0.13556259870529175, "acc": 0.9492688775062561, "length": 4.9999799728393555, "mode": "train", "epoch": 60}
{"loss": 0.2911871373653412, "acc": 0.9023847579956055, "length": 5.0, "mode": "test", "epoch": 60}
{"loss": 0.13436049222946167, "acc": 0.9494538903236389, "length": 4.999985218048096, "mode": "train", "epoch": 61}
{"loss": 0.29950687289237976, "acc": 0.9050195217132568, "length": 5.0, "mode": "test", "epoch": 61}
{"loss": 0.1411750465631485, "acc": 0.9469096660614014, "length": 4.999979019165039, "mode": "train", "epoch": 62}
{"loss": 0.31413257122039795, "acc": 0.9008598327636719, "length": 5.0, "mode": "test", "epoch": 62}
{"loss": 0.14899849891662598, "acc": 0.9435344338417053, "length": 4.999992370605469, "mode": "train", "epoch": 63}
{"loss": 0.29514995217323303, "acc": 0.9041875004768372, "length": 5.0, "mode": "test", "epoch": 63}
{"loss": 0.13615311682224274, "acc": 0.9498241543769836, "length": 4.999995708465576, "mode": "train", "epoch": 64}
{"loss": 0.28759709000587463, "acc": 0.9112589359283447, "length": 5.0, "mode": "test", "epoch": 64}
{"loss": 0.13185681402683258, "acc": 0.9508876204490662, "length": 4.9999918937683105, "mode": "train", "epoch": 65}
{"loss": 0.29030123353004456, "acc": 0.9043261408805847, "length": 5.0, "mode": "test", "epoch": 65}
{"loss": 0.12910999357700348, "acc": 0.9524138569831848, "length": 4.999999046325684, "mode": "train", "epoch": 66}
{"loss": 0.29291173815727234, "acc": 0.9090403318405151, "length": 5.0, "mode": "test", "epoch": 66}
{"loss": 0.1367514729499817, "acc": 0.9485291242599487, "length": 4.999995708465576, "mode": "train", "epoch": 67}
{"loss": 0.291119784116745, "acc": 0.9029395580291748, "length": 5.0, "mode": "test", "epoch": 67}
{"loss": 0.13924074172973633, "acc": 0.9472344517707825, "length": 4.999997138977051, "mode": "train", "epoch": 68}
{"loss": 0.3057616651058197, "acc": 0.9037715196609497, "length": 5.0, "mode": "test", "epoch": 68}
{"loss": 0.13695254921913147, "acc": 0.9498242735862732, "length": 4.999999046325684, "mode": "train", "epoch": 69}
{"loss": 0.30348870158195496, "acc": 0.9065446257591248, "length": 5.0, "mode": "test", "epoch": 69}
{"loss": 0.133078470826149, "acc": 0.9493154883384705, "length": 4.999998569488525, "mode": "train", "epoch": 70}
{"loss": 0.2961582541465759, "acc": 0.9070993065834045, "length": 5.0, "mode": "test", "epoch": 70}
{"loss": 0.13953560590744019, "acc": 0.9474191069602966, "length": 4.999992847442627, "mode": "train", "epoch": 71}
{"loss": 0.29306015372276306, "acc": 0.9057125449180603, "length": 5.0, "mode": "test", "epoch": 71}
{"loss": 0.14053387939929962, "acc": 0.947512149810791, "length": 4.999999523162842, "mode": "train", "epoch": 72}
{"loss": 0.28571006655693054, "acc": 0.9080699682235718, "length": 5.0, "mode": "test", "epoch": 72}
{"loss": 0.12836600840091705, "acc": 0.9519052505493164, "length": 4.999998569488525, "mode": "train", "epoch": 73}
{"loss": 0.28971201181411743, "acc": 0.904880702495575, "length": 5.0, "mode": "test", "epoch": 73}
{"loss": 0.12988324463367462, "acc": 0.9525063633918762, "length": 4.999999046325684, "mode": "train", "epoch": 74}
{"loss": 0.28448542952537537, "acc": 0.9090404510498047, "length": 5.0, "mode": "test", "epoch": 74}
{"loss": 0.1491861194372177, "acc": 0.9462631940841675, "length": 4.99999475479126, "mode": "train", "epoch": 75}
{"loss": 0.2960340082645416, "acc": 0.9066833257675171, "length": 5.0, "mode": "test", "epoch": 75}
{"loss": 0.13430844247341156, "acc": 0.9513963460922241, "length": 4.999995231628418, "mode": "train", "epoch": 76}
{"loss": 0.27227500081062317, "acc": 0.912229597568512, "length": 5.0, "mode": "test", "epoch": 76}
{"loss": 0.13061894476413727, "acc": 0.9527376294136047, "length": 4.999999046325684, "mode": "train", "epoch": 77}
{"loss": 0.28398603200912476, "acc": 0.9097336530685425, "length": 5.0, "mode": "test", "epoch": 77}
{"loss": 0.13781994581222534, "acc": 0.9501475691795349, "length": 4.999988555908203, "mode": "train", "epoch": 78}
{"loss": 0.28722479939460754, "acc": 0.9082087278366089, "length": 5.0, "mode": "test", "epoch": 78}
{"loss": 0.13361825048923492, "acc": 0.9497777819633484, "length": 4.999992847442627, "mode": "train", "epoch": 79}
{"loss": 0.2953702211380005, "acc": 0.910288393497467, "length": 5.0, "mode": "test", "epoch": 79}
{"loss": 0.14481964707374573, "acc": 0.9472343325614929, "length": 4.999992370605469, "mode": "train", "epoch": 80}
{"loss": 0.2801872193813324, "acc": 0.9100110530853271, "length": 5.0, "mode": "test", "epoch": 80}
{"loss": 0.1381942629814148, "acc": 0.9497318267822266, "length": 4.999999046325684, "mode": "train", "epoch": 81}
{"loss": 0.2957250475883484, "acc": 0.904880702495575, "length": 5.0, "mode": "test", "epoch": 81}
{"loss": 0.14282196760177612, "acc": 0.9453384876251221, "length": 4.999997138977051, "mode": "train", "epoch": 82}
{"loss": 0.29745742678642273, "acc": 0.9040488004684448, "length": 5.0, "mode": "test", "epoch": 82}
{"loss": 0.13520537316799164, "acc": 0.9488529562950134, "length": 4.999999523162842, "mode": "train", "epoch": 83}
{"loss": 0.30793219804763794, "acc": 0.9001662731170654, "length": 5.0, "mode": "test", "epoch": 83}
{"loss": 0.14939232170581818, "acc": 0.9449222683906555, "length": 4.999999046325684, "mode": "train", "epoch": 84}
{"loss": 0.31294068694114685, "acc": 0.902246356010437, "length": 5.0, "mode": "test", "epoch": 84}
{"loss": 0.14400523900985718, "acc": 0.9464021325111389, "length": 5.0, "mode": "train", "epoch": 85}
{"loss": 0.318410724401474, "acc": 0.8983638882637024, "length": 5.0, "mode": "test", "epoch": 85}
{"loss": 0.1327267587184906, "acc": 0.9501480460166931, "length": 5.0, "mode": "train", "epoch": 86}
{"loss": 0.2877404987812042, "acc": 0.9076539278030396, "length": 5.0, "mode": "test", "epoch": 86}
{"loss": 0.12395653128623962, "acc": 0.9552348256111145, "length": 4.999999046325684, "mode": "train", "epoch": 87}
{"loss": 0.29266685247421265, "acc": 0.9105659127235413, "length": 5.0, "mode": "test", "epoch": 87}
{"loss": 0.12138901650905609, "acc": 0.9544481039047241, "length": 4.999983310699463, "mode": "train", "epoch": 88}
{"loss": 0.3046899139881134, "acc": 0.902246356010437, "length": 5.0, "mode": "test", "epoch": 88}
{"loss": 0.13803020119667053, "acc": 0.949408233165741, "length": 5.0, "mode": "train", "epoch": 89}
{"loss": 0.29453420639038086, "acc": 0.9079311490058899, "length": 5.0, "mode": "test", "epoch": 89}
{"loss": 0.13294458389282227, "acc": 0.9508416056632996, "length": 5.0, "mode": "train", "epoch": 90}
{"loss": 0.2973135709762573, "acc": 0.9062674641609192, "length": 5.0, "mode": "test", "epoch": 90}
{"loss": 0.13003355264663696, "acc": 0.9523216485977173, "length": 5.0, "mode": "train", "epoch": 91}
{"loss": 0.30685898661613464, "acc": 0.9070993065834045, "length": 5.0, "mode": "test", "epoch": 91}
{"loss": 0.1327151656150818, "acc": 0.950934112071991, "length": 4.999999523162842, "mode": "train", "epoch": 92}
{"loss": 0.3015972971916199, "acc": 0.9054354429244995, "length": 5.0, "mode": "test", "epoch": 92}
{"loss": 0.12344855815172195, "acc": 0.9541252255439758, "length": 5.0, "mode": "train", "epoch": 93}
{"loss": 0.3171013295650482, "acc": 0.9000277519226074, "length": 5.0, "mode": "test", "epoch": 93}
{"loss": 0.13503988087177277, "acc": 0.9519825577735901, "length": 4.999750137329102, "mode": "train", "epoch": 94}
{"loss": 0.31545114517211914, "acc": 0.9025235772132874, "length": 5.0, "mode": "test", "epoch": 94}
{"loss": 0.133034810423851, "acc": 0.9526916146278381, "length": 5.0, "mode": "train", "epoch": 95}
{"loss": 0.34300491213798523, "acc": 0.889212429523468, "length": 5.0, "mode": "test", "epoch": 95}
{"loss": 0.15629729628562927, "acc": 0.9419626593589783, "length": 5.0, "mode": "train", "epoch": 96}
{"loss": 0.2890018820762634, "acc": 0.9098724126815796, "length": 5.0, "mode": "test", "epoch": 96}
{"loss": 0.13989649713039398, "acc": 0.949500560760498, "length": 4.999999046325684, "mode": "train", "epoch": 97}
{"loss": 0.3097948133945465, "acc": 0.9084859490394592, "length": 5.0, "mode": "test", "epoch": 97}
{"loss": 0.17337463796138763, "acc": 0.9374768733978271, "length": 4.999997138977051, "mode": "train", "epoch": 98}
{"loss": 0.3090304136276245, "acc": 0.9015530347824097, "length": 5.0, "mode": "test", "epoch": 98}
{"loss": 0.1585611253976822, "acc": 0.9410378932952881, "length": 5.0, "mode": "train", "epoch": 99}
{"loss": 0.3063142001628876, "acc": 0.8996118903160095, "length": 5.0, "mode": "test", "epoch": 99}
{"loss": 0.19307522475719452, "acc": 0.9301235675811768, "length": 4.999992847442627, "mode": "train", "epoch": 100}
{"loss": 0.30961987376213074, "acc": 0.8982251286506653, "length": 5.0, "mode": "test", "epoch": 100}
test accuracy: 0.8700448274612427
