# ["--attributes=4", "--values=4", "--game_size=3", "--vocab_size_factor=3", "--n_epochs=100", "--batch_size=32", "--learning_rate=0.0005", "--hidden_size=256", "--temp_update=0.97", "--temperature=1"]
Creating train_ds and val_ds...

Creating test_ds...
{"loss": 0.6976393461227417, "acc": 0.4999890625476837, "length": 1.45930016040802, "mode": "train", "epoch": 1}
{"loss": 0.6965256333351135, "acc": 0.4998609721660614, "length": 1.0, "mode": "test", "epoch": 1}
{"loss": 0.6801539063453674, "acc": 0.5344716310501099, "length": 1.543257474899292, "mode": "train", "epoch": 2}
{"loss": 0.6383541822433472, "acc": 0.6452173590660095, "length": 2.640533685684204, "mode": "test", "epoch": 2}
{"loss": 0.6100794076919556, "acc": 0.6579247713088989, "length": 3.1735801696777344, "mode": "train", "epoch": 3}
{"loss": 0.5581955909729004, "acc": 0.7198143005371094, "length": 3.9624686241149902, "mode": "test", "epoch": 3}
{"loss": 0.5208413004875183, "acc": 0.7507011294364929, "length": 4.2745041847229, "mode": "train", "epoch": 4}
{"loss": 0.5028144717216492, "acc": 0.7773037552833557, "length": 4.60967493057251, "mode": "test", "epoch": 4}
{"loss": 0.48107245564460754, "acc": 0.7764282822608948, "length": 4.48157262802124, "mode": "train", "epoch": 5}
{"loss": 0.4685346782207489, "acc": 0.7943946123123169, "length": 4.866555690765381, "mode": "test", "epoch": 5}
{"loss": 0.4486587643623352, "acc": 0.7946879863739014, "length": 4.876544952392578, "mode": "train", "epoch": 6}
{"loss": 0.4348437786102295, "acc": 0.8060884475708008, "length": 5.0, "mode": "test", "epoch": 6}
{"loss": 0.41664814949035645, "acc": 0.8101634383201599, "length": 4.982639789581299, "mode": "train", "epoch": 7}
{"loss": 0.4014190137386322, "acc": 0.8199889063835144, "length": 5.0, "mode": "test", "epoch": 7}
{"loss": 0.3870401084423065, "acc": 0.8331965804100037, "length": 4.993363380432129, "mode": "train", "epoch": 8}
{"loss": 0.36442145705223083, "acc": 0.8489018678665161, "length": 5.0, "mode": "test", "epoch": 8}
{"loss": 0.36534368991851807, "acc": 0.8480830788612366, "length": 4.99818229675293, "mode": "train", "epoch": 9}
{"loss": 0.34984272718429565, "acc": 0.8614123463630676, "length": 5.0, "mode": "test", "epoch": 9}
{"loss": 0.35374927520751953, "acc": 0.8521352410316467, "length": 4.998673439025879, "mode": "train", "epoch": 10}
{"loss": 0.34739357233047485, "acc": 0.8647483587265015, "length": 5.0, "mode": "test", "epoch": 10}
{"loss": 0.3407546281814575, "acc": 0.8621917963027954, "length": 4.9989013671875, "mode": "train", "epoch": 11}
{"loss": 0.33297300338745117, "acc": 0.8729496598243713, "length": 5.0, "mode": "test", "epoch": 11}
{"loss": 0.3264557123184204, "acc": 0.8678036332130432, "length": 4.999141693115234, "mode": "train", "epoch": 12}
{"loss": 0.34342777729034424, "acc": 0.8651653528213501, "length": 5.0, "mode": "test", "epoch": 12}
{"loss": 0.3220851421356201, "acc": 0.8720589280128479, "length": 4.9983229637146, "mode": "train", "epoch": 13}
{"loss": 0.3302549123764038, "acc": 0.8803170323371887, "length": 5.0, "mode": "test", "epoch": 13}
{"loss": 0.3106057047843933, "acc": 0.8777828216552734, "length": 4.999599456787109, "mode": "train", "epoch": 14}
{"loss": 0.3239876925945282, "acc": 0.8821239471435547, "length": 5.0, "mode": "test", "epoch": 14}
{"loss": 0.3063751459121704, "acc": 0.880431592464447, "length": 4.999852657318115, "mode": "train", "epoch": 15}
{"loss": 0.3214864730834961, "acc": 0.8840699791908264, "length": 5.0, "mode": "test", "epoch": 15}
{"loss": 0.3004516661167145, "acc": 0.8816850185394287, "length": 4.999914169311523, "mode": "train", "epoch": 16}
{"loss": 0.32446280121803284, "acc": 0.8796218633651733, "length": 5.0, "mode": "test", "epoch": 16}
{"loss": 0.3009836971759796, "acc": 0.8818185329437256, "length": 4.999597072601318, "mode": "train", "epoch": 17}
{"loss": 0.3129734396934509, "acc": 0.8871282339096069, "length": 5.0, "mode": "test", "epoch": 17}
{"loss": 0.29847773909568787, "acc": 0.8818239569664001, "length": 4.999899864196777, "mode": "train", "epoch": 18}
{"loss": 0.3213152587413788, "acc": 0.8822629451751709, "length": 5.0, "mode": "test", "epoch": 18}
{"loss": 0.2890467047691345, "acc": 0.8870623707771301, "length": 4.9998860359191895, "mode": "train", "epoch": 19}
{"loss": 0.30981090664863586, "acc": 0.8840701580047607, "length": 5.0, "mode": "test", "epoch": 19}
{"loss": 0.29531386494636536, "acc": 0.8842364549636841, "length": 4.999969005584717, "mode": "train", "epoch": 20}
{"loss": 0.3182644844055176, "acc": 0.8811509609222412, "length": 5.0, "mode": "test", "epoch": 20}
{"loss": 0.28832724690437317, "acc": 0.8872469663619995, "length": 4.999851703643799, "mode": "train", "epoch": 21}
{"loss": 0.30863162875175476, "acc": 0.8899081349372864, "length": 5.0, "mode": "test", "epoch": 21}
{"loss": 0.285435289144516, "acc": 0.8877499103546143, "length": 4.999548435211182, "mode": "train", "epoch": 22}
{"loss": 0.31648629903793335, "acc": 0.8889352679252625, "length": 5.0, "mode": "test", "epoch": 22}
{"loss": 0.281025230884552, "acc": 0.8910054564476013, "length": 4.999979496002197, "mode": "train", "epoch": 23}
{"loss": 0.3106227517127991, "acc": 0.8857380151748657, "length": 5.0, "mode": "test", "epoch": 23}
{"loss": 0.28306904435157776, "acc": 0.890078604221344, "length": 4.999993324279785, "mode": "train", "epoch": 24}
{"loss": 0.3144877851009369, "acc": 0.8862943053245544, "length": 5.0, "mode": "test", "epoch": 24}
{"loss": 0.2811318039894104, "acc": 0.8889585733413696, "length": 4.999720096588135, "mode": "train", "epoch": 25}
{"loss": 0.33636149764060974, "acc": 0.8768417239189148, "length": 5.0, "mode": "test", "epoch": 25}
{"loss": 0.2792917788028717, "acc": 0.8910982608795166, "length": 4.99998664855957, "mode": "train", "epoch": 26}
{"loss": 0.3036234974861145, "acc": 0.8922713994979858, "length": 5.0, "mode": "test", "epoch": 26}
{"loss": 0.27618396282196045, "acc": 0.8918399214744568, "length": 4.999985694885254, "mode": "train", "epoch": 27}
{"loss": 0.30071449279785156, "acc": 0.8965803980827332, "length": 5.0, "mode": "test", "epoch": 27}
{"loss": 0.2725076377391815, "acc": 0.8942969441413879, "length": 4.999960899353027, "mode": "train", "epoch": 28}
{"loss": 0.31022584438323975, "acc": 0.8906033039093018, "length": 5.0, "mode": "test", "epoch": 28}
{"loss": 0.2712564170360565, "acc": 0.893463134765625, "length": 4.999999046325684, "mode": "train", "epoch": 29}
{"loss": 0.3105458617210388, "acc": 0.8865720629692078, "length": 5.0, "mode": "test", "epoch": 29}
{"loss": 0.27168551087379456, "acc": 0.8954562544822693, "length": 4.999991416931152, "mode": "train", "epoch": 30}
{"loss": 0.3093152344226837, "acc": 0.8874061703681946, "length": 5.0, "mode": "test", "epoch": 30}
{"loss": 0.27780741453170776, "acc": 0.8926714062690735, "length": 4.999925136566162, "mode": "train", "epoch": 31}
{"loss": 0.29910287261009216, "acc": 0.8947733640670776, "length": 5.0, "mode": "test", "epoch": 31}
{"loss": 0.2732100486755371, "acc": 0.892025887966156, "length": 4.999992847442627, "mode": "train", "epoch": 32}
{"loss": 0.30453261733055115, "acc": 0.8939393162727356, "length": 5.0, "mode": "test", "epoch": 32}
{"loss": 0.26738613843917847, "acc": 0.8953024744987488, "length": 4.999217510223389, "mode": "train", "epoch": 33}
{"loss": 0.30375778675079346, "acc": 0.8964415192604065, "length": 5.0, "mode": "test", "epoch": 33}
{"loss": 0.2636840343475342, "acc": 0.8974966406822205, "length": 4.999999523162842, "mode": "train", "epoch": 34}
{"loss": 0.2973032295703888, "acc": 0.893522322177887, "length": 5.0, "mode": "test", "epoch": 34}
{"loss": 0.2637493312358856, "acc": 0.8961052298545837, "length": 4.999982833862305, "mode": "train", "epoch": 35}
{"loss": 0.3037148416042328, "acc": 0.8914372324943542, "length": 5.0, "mode": "test", "epoch": 35}
{"loss": 0.259990394115448, "acc": 0.8974964022636414, "length": 4.999998569488525, "mode": "train", "epoch": 36}
{"loss": 0.30781248211860657, "acc": 0.890742301940918, "length": 5.0, "mode": "test", "epoch": 36}
{"loss": 0.2622118294239044, "acc": 0.8961057662963867, "length": 4.999999046325684, "mode": "train", "epoch": 37}
{"loss": 0.3167562782764435, "acc": 0.8797609210014343, "length": 5.0, "mode": "test", "epoch": 37}
{"loss": 0.2582879662513733, "acc": 0.8993973135948181, "length": 4.999999523162842, "mode": "train", "epoch": 38}
{"loss": 0.30650341510772705, "acc": 0.8911592960357666, "length": 5.0, "mode": "test", "epoch": 38}
{"loss": 0.25869110226631165, "acc": 0.8980992436408997, "length": 4.999998569488525, "mode": "train", "epoch": 39}
{"loss": 0.30933886766433716, "acc": 0.8894913196563721, "length": 5.0, "mode": "test", "epoch": 39}
{"loss": 0.2646794617176056, "acc": 0.8952711820602417, "length": 4.999997615814209, "mode": "train", "epoch": 40}
{"loss": 0.29889246821403503, "acc": 0.8932444453239441, "length": 5.0, "mode": "test", "epoch": 40}
{"loss": 0.26171252131462097, "acc": 0.896335780620575, "length": 4.999919414520264, "mode": "train", "epoch": 41}
{"loss": 0.2981010377407074, "acc": 0.8919932246208191, "length": 5.0, "mode": "test", "epoch": 41}
{"loss": 0.257743775844574, "acc": 0.8983309268951416, "length": 4.999987602233887, "mode": "train", "epoch": 42}
{"loss": 0.29897260665893555, "acc": 0.8912983536720276, "length": 5.0, "mode": "test", "epoch": 42}
{"loss": 0.25175511837005615, "acc": 0.9009272456169128, "length": 4.9999213218688965, "mode": "train", "epoch": 43}
{"loss": 0.3055325448513031, "acc": 0.8961634635925293, "length": 5.0, "mode": "test", "epoch": 43}
{"loss": 0.2600302994251251, "acc": 0.8970326781272888, "length": 4.9999895095825195, "mode": "train", "epoch": 44}
{"loss": 0.29842299222946167, "acc": 0.8950513005256653, "length": 5.0, "mode": "test", "epoch": 44}
{"loss": 0.2707024812698364, "acc": 0.8929532170295715, "length": 4.999996185302734, "mode": "train", "epoch": 45}
{"loss": 0.3030000627040863, "acc": 0.8918543457984924, "length": 5.0, "mode": "test", "epoch": 45}
{"loss": 0.2623721957206726, "acc": 0.8951320052146912, "length": 4.999995708465576, "mode": "train", "epoch": 46}
{"loss": 0.3074592053890228, "acc": 0.8922712802886963, "length": 5.0, "mode": "test", "epoch": 46}
{"loss": 0.2620241343975067, "acc": 0.8971711993217468, "length": 4.99985933303833, "mode": "train", "epoch": 47}
{"loss": 0.30038508772850037, "acc": 0.8965803980827332, "length": 5.0, "mode": "test", "epoch": 47}
{"loss": 0.25068899989128113, "acc": 0.9000462889671326, "length": 4.999997615814209, "mode": "train", "epoch": 48}
{"loss": 0.30832186341285706, "acc": 0.8939394354820251, "length": 5.0, "mode": "test", "epoch": 48}
{"loss": 0.24925649166107178, "acc": 0.900925874710083, "length": 4.999973773956299, "mode": "train", "epoch": 49}
{"loss": 0.3047524094581604, "acc": 0.8953294157981873, "length": 5.0, "mode": "test", "epoch": 49}
{"loss": 0.24460254609584808, "acc": 0.9048678874969482, "length": 4.999999523162842, "mode": "train", "epoch": 50}
{"loss": 0.29785680770874023, "acc": 0.8951904773712158, "length": 5.0, "mode": "test", "epoch": 50}
{"loss": 0.24156618118286133, "acc": 0.9040333032608032, "length": 4.999996662139893, "mode": "train", "epoch": 51}
{"loss": 0.30630743503570557, "acc": 0.893522322177887, "length": 5.0, "mode": "test", "epoch": 51}
{"loss": 0.24712495505809784, "acc": 0.9028249979019165, "length": 4.999901294708252, "mode": "train", "epoch": 52}
{"loss": 0.31027865409851074, "acc": 0.891715407371521, "length": 5.0, "mode": "test", "epoch": 52}
{"loss": 0.2631997764110565, "acc": 0.8943902850151062, "length": 4.999999046325684, "mode": "train", "epoch": 53}
{"loss": 0.3162505328655243, "acc": 0.8871282339096069, "length": 5.0, "mode": "test", "epoch": 53}
{"loss": 0.2531012296676636, "acc": 0.9006480574607849, "length": 4.999960899353027, "mode": "train", "epoch": 54}
{"loss": 0.3205098509788513, "acc": 0.8853211998939514, "length": 5.0, "mode": "test", "epoch": 54}
{"loss": 0.2628110945224762, "acc": 0.8958736658096313, "length": 4.999995231628418, "mode": "train", "epoch": 55}
{"loss": 0.31769827008247375, "acc": 0.8768418431282043, "length": 5.0, "mode": "test", "epoch": 55}
{"loss": 0.2579336166381836, "acc": 0.8974500894546509, "length": 4.999999046325684, "mode": "train", "epoch": 56}
{"loss": 0.30084291100502014, "acc": 0.8803168535232544, "length": 5.0, "mode": "test", "epoch": 56}
{"loss": 0.2493831217288971, "acc": 0.8994436264038086, "length": 4.999993324279785, "mode": "train", "epoch": 57}
{"loss": 0.30330461263656616, "acc": 0.8883792757987976, "length": 5.0, "mode": "test", "epoch": 57}
{"loss": 0.2418816238641739, "acc": 0.905748724937439, "length": 4.999999523162842, "mode": "train", "epoch": 58}
{"loss": 0.29674413800239563, "acc": 0.8940783739089966, "length": 5.0, "mode": "test", "epoch": 58}
{"loss": 0.2362094670534134, "acc": 0.9062120914459229, "length": 4.999992370605469, "mode": "train", "epoch": 59}
{"loss": 0.2856091856956482, "acc": 0.8996386528015137, "length": 5.0, "mode": "test", "epoch": 59}
{"loss": 0.23599731922149658, "acc": 0.9065832495689392, "length": 5.0, "mode": "train", "epoch": 60}
{"loss": 0.2860158383846283, "acc": 0.8922712802886963, "length": 5.0, "mode": "test", "epoch": 60}
{"loss": 0.2403770238161087, "acc": 0.9058877825737, "length": 4.999998569488525, "mode": "train", "epoch": 61}
{"loss": 0.29294121265411377, "acc": 0.89741450548172, "length": 5.0, "mode": "test", "epoch": 61}
{"loss": 0.23629388213157654, "acc": 0.9062122702598572, "length": 4.99997615814209, "mode": "train", "epoch": 62}
{"loss": 0.29092052578926086, "acc": 0.893522322177887, "length": 5.0, "mode": "test", "epoch": 62}
{"loss": 0.22947518527507782, "acc": 0.9090399146080017, "length": 4.9999871253967285, "mode": "train", "epoch": 63}
{"loss": 0.2949063777923584, "acc": 0.8978314399719238, "length": 5.0, "mode": "test", "epoch": 63}
{"loss": 0.23152704536914825, "acc": 0.9071855545043945, "length": 4.9999871253967285, "mode": "train", "epoch": 64}
{"loss": 0.3051937520503998, "acc": 0.894356369972229, "length": 5.0, "mode": "test", "epoch": 64}
{"loss": 0.2285485714673996, "acc": 0.9114511013031006, "length": 5.0, "mode": "train", "epoch": 65}
{"loss": 0.3106769323348999, "acc": 0.8926883935928345, "length": 5.0, "mode": "test", "epoch": 65}
{"loss": 0.23742322623729706, "acc": 0.9079274535179138, "length": 4.999996185302734, "mode": "train", "epoch": 66}
{"loss": 0.29655322432518005, "acc": 0.8990826606750488, "length": 5.0, "mode": "test", "epoch": 66}
{"loss": 0.22779859602451324, "acc": 0.9111260771751404, "length": 4.999975204467773, "mode": "train", "epoch": 67}
{"loss": 0.3053950071334839, "acc": 0.8910202383995056, "length": 5.0, "mode": "test", "epoch": 67}
{"loss": 0.2323356419801712, "acc": 0.9082050323486328, "length": 4.9999775886535645, "mode": "train", "epoch": 68}
{"loss": 0.3223942816257477, "acc": 0.8889351487159729, "length": 5.0, "mode": "test", "epoch": 68}
{"loss": 0.2604333162307739, "acc": 0.8959199786186218, "length": 4.999992370605469, "mode": "train", "epoch": 69}
{"loss": 0.3102527856826782, "acc": 0.8869892358779907, "length": 5.0, "mode": "test", "epoch": 69}
{"loss": 0.24871094524860382, "acc": 0.9021759629249573, "length": 4.999941349029541, "mode": "train", "epoch": 70}
{"loss": 0.29865968227386475, "acc": 0.8910203576087952, "length": 5.0, "mode": "test", "epoch": 70}
{"loss": 0.2315853387117386, "acc": 0.9082983136177063, "length": 4.999997615814209, "mode": "train", "epoch": 71}
{"loss": 0.3033197820186615, "acc": 0.8919932246208191, "length": 5.0, "mode": "test", "epoch": 71}
{"loss": 0.24049745500087738, "acc": 0.9054241180419922, "length": 4.999998569488525, "mode": "train", "epoch": 72}
{"loss": 0.3096175491809845, "acc": 0.8915762901306152, "length": 5.0, "mode": "test", "epoch": 72}
{"loss": 0.23531292378902435, "acc": 0.9065366387367249, "length": 4.999979496002197, "mode": "train", "epoch": 73}
{"loss": 0.3008852005004883, "acc": 0.8938004374504089, "length": 5.0, "mode": "test", "epoch": 73}
{"loss": 0.2342389076948166, "acc": 0.9085302352905273, "length": 4.999999523162842, "mode": "train", "epoch": 74}
{"loss": 0.29414939880371094, "acc": 0.8985264897346497, "length": 5.0, "mode": "test", "epoch": 74}
{"loss": 0.23365254700183868, "acc": 0.9080668091773987, "length": 4.999999046325684, "mode": "train", "epoch": 75}
{"loss": 0.3229767680168152, "acc": 0.8853210210800171, "length": 5.0, "mode": "test", "epoch": 75}
{"loss": 0.2431127429008484, "acc": 0.9022697806358337, "length": 4.999708652496338, "mode": "train", "epoch": 76}
{"loss": 0.2981095612049103, "acc": 0.8964414000511169, "length": 5.0, "mode": "test", "epoch": 76}
{"loss": 0.2570132315158844, "acc": 0.8959169387817383, "length": 4.999751567840576, "mode": "train", "epoch": 77}
{"loss": 0.3252789080142975, "acc": 0.877119779586792, "length": 5.0, "mode": "test", "epoch": 77}
{"loss": 0.2544472813606262, "acc": 0.8984676599502563, "length": 4.99995756149292, "mode": "train", "epoch": 78}
{"loss": 0.3029622733592987, "acc": 0.8855990171432495, "length": 5.0, "mode": "test", "epoch": 78}
{"loss": 0.23198243975639343, "acc": 0.9095037579536438, "length": 4.999983310699463, "mode": "train", "epoch": 79}
{"loss": 0.3027357757091522, "acc": 0.8883792757987976, "length": 5.0, "mode": "test", "epoch": 79}
{"loss": 0.22414666414260864, "acc": 0.9119606614112854, "length": 4.999992847442627, "mode": "train", "epoch": 80}
{"loss": 0.29383108019828796, "acc": 0.8947733640670776, "length": 5.0, "mode": "test", "epoch": 80}
{"loss": 0.22504977881908417, "acc": 0.9121928811073303, "length": 4.999999523162842, "mode": "train", "epoch": 81}
{"loss": 0.2839323878288269, "acc": 0.8957463502883911, "length": 5.0, "mode": "test", "epoch": 81}
{"loss": 0.22214891016483307, "acc": 0.9123319983482361, "length": 4.999999046325684, "mode": "train", "epoch": 82}
{"loss": 0.291320264339447, "acc": 0.9011675119400024, "length": 5.0, "mode": "test", "epoch": 82}
{"loss": 0.22182899713516235, "acc": 0.9131662845611572, "length": 4.999993801116943, "mode": "train", "epoch": 83}
{"loss": 0.296634703874588, "acc": 0.9007507562637329, "length": 5.0, "mode": "test", "epoch": 83}
{"loss": 0.22678568959236145, "acc": 0.9106165766716003, "length": 4.999997615814209, "mode": "train", "epoch": 84}
{"loss": 0.29404205083847046, "acc": 0.9000555872917175, "length": 5.0, "mode": "test", "epoch": 84}
{"loss": 0.21871048212051392, "acc": 0.9159443974494934, "length": 4.99994421005249, "mode": "train", "epoch": 85}
{"loss": 0.2883581221103668, "acc": 0.9011677503585815, "length": 5.0, "mode": "test", "epoch": 85}
{"loss": 0.21740369498729706, "acc": 0.914279043674469, "length": 4.999995231628418, "mode": "train", "epoch": 86}
{"loss": 0.2878728210926056, "acc": 0.8993605971336365, "length": 5.0, "mode": "test", "epoch": 86}
{"loss": 0.20907047390937805, "acc": 0.9195525646209717, "length": 4.999847412109375, "mode": "train", "epoch": 87}
{"loss": 0.2787230610847473, "acc": 0.8996386528015137, "length": 5.0, "mode": "test", "epoch": 87}
{"loss": 0.20815590023994446, "acc": 0.9178318381309509, "length": 4.9996209144592285, "mode": "train", "epoch": 88}
{"loss": 0.28364017605781555, "acc": 0.9046428203582764, "length": 5.0, "mode": "test", "epoch": 88}
{"loss": 0.22194023430347443, "acc": 0.9129809737205505, "length": 4.999999046325684, "mode": "train", "epoch": 89}
{"loss": 0.28117021918296814, "acc": 0.904642641544342, "length": 5.0, "mode": "test", "epoch": 89}
{"loss": 0.20893584191799164, "acc": 0.9172925353050232, "length": 4.999999523162842, "mode": "train", "epoch": 90}
{"loss": 0.27563878893852234, "acc": 0.9063106775283813, "length": 5.0, "mode": "test", "epoch": 90}
{"loss": 0.21349921822547913, "acc": 0.9177095293998718, "length": 4.999997138977051, "mode": "train", "epoch": 91}
{"loss": 0.29575857520103455, "acc": 0.8986655473709106, "length": 5.0, "mode": "test", "epoch": 91}
{"loss": 0.20837126672267914, "acc": 0.9173847436904907, "length": 4.99998140335083, "mode": "train", "epoch": 92}
{"loss": 0.2935403287410736, "acc": 0.9003337025642395, "length": 5.0, "mode": "test", "epoch": 92}
{"loss": 0.2227196991443634, "acc": 0.9132125377655029, "length": 4.999995708465576, "mode": "train", "epoch": 93}
{"loss": 0.29935404658317566, "acc": 0.9017237424850464, "length": 5.0, "mode": "test", "epoch": 93}
{"loss": 0.20908580720424652, "acc": 0.9188684821128845, "length": 4.999993801116943, "mode": "train", "epoch": 94}
{"loss": 0.28064724802970886, "acc": 0.9040868282318115, "length": 5.0, "mode": "test", "epoch": 94}
{"loss": 0.21246832609176636, "acc": 0.9184978008270264, "length": 4.999999523162842, "mode": "train", "epoch": 95}
{"loss": 0.28686875104904175, "acc": 0.8978314399719238, "length": 5.0, "mode": "test", "epoch": 95}
{"loss": 0.21114219725131989, "acc": 0.9180713891983032, "length": 4.9998087882995605, "mode": "train", "epoch": 96}
{"loss": 0.28445056080818176, "acc": 0.9025575518608093, "length": 5.0, "mode": "test", "epoch": 96}
{"loss": 0.22252175211906433, "acc": 0.9123755097389221, "length": 4.9999260902404785, "mode": "train", "epoch": 97}
{"loss": 0.2880742847919464, "acc": 0.9035307765007019, "length": 5.0, "mode": "test", "epoch": 97}
{"loss": 0.21273350715637207, "acc": 0.9175707101821899, "length": 4.999999523162842, "mode": "train", "epoch": 98}
{"loss": 0.2939026951789856, "acc": 0.9038087129592896, "length": 5.0, "mode": "test", "epoch": 98}
{"loss": 0.2100515216588974, "acc": 0.9181733131408691, "length": 4.999999523162842, "mode": "train", "epoch": 99}
{"loss": 0.2934684753417969, "acc": 0.9011677503585815, "length": 5.0, "mode": "test", "epoch": 99}
{"loss": 0.20244671404361725, "acc": 0.9215112924575806, "length": 4.999999046325684, "mode": "train", "epoch": 100}
{"loss": 0.288224458694458, "acc": 0.902279794216156, "length": 5.0, "mode": "test", "epoch": 100}
test accuracy: 0.8464621901512146
