# ["--attributes=4", "--values=4", "--game_size=3", "--vocab_size_factor=3", "--n_epochs=100", "--batch_size=32", "--learning_rate=0.0005", "--hidden_size=256", "--temp_update=0.99", "--temperature=1.5"]
Creating train_ds and val_ds...

Creating test_ds...
{"loss": 0.6880188584327698, "acc": 0.5318522453308105, "length": 2.087484836578369, "mode": "train", "epoch": 1}
{"loss": 0.6410020589828491, "acc": 0.6207613945007324, "length": 2.529264211654663, "mode": "test", "epoch": 1}
{"loss": 0.5773914456367493, "acc": 0.693404495716095, "length": 2.644169330596924, "mode": "train", "epoch": 2}
{"loss": 0.5560983419418335, "acc": 0.719681978225708, "length": 2.8202340602874756, "mode": "test", "epoch": 2}
{"loss": 0.5234864950180054, "acc": 0.7394014596939087, "length": 3.0731277465820312, "mode": "train", "epoch": 3}
{"loss": 0.5188127756118774, "acc": 0.748282790184021, "length": 3.571906328201294, "mode": "test", "epoch": 3}
{"loss": 0.48346903920173645, "acc": 0.7693881392478943, "length": 3.5893290042877197, "mode": "train", "epoch": 4}
{"loss": 0.5047135353088379, "acc": 0.7652084827423096, "length": 3.625417947769165, "mode": "test", "epoch": 4}
{"loss": 0.4469354450702667, "acc": 0.7948386073112488, "length": 3.7267656326293945, "mode": "train", "epoch": 5}
{"loss": 0.48274582624435425, "acc": 0.7802526950836182, "length": 3.63043475151062, "mode": "test", "epoch": 5}
{"loss": 0.41129299998283386, "acc": 0.8166935443878174, "length": 3.88974928855896, "mode": "train", "epoch": 6}
{"loss": 0.46748894453048706, "acc": 0.7871972322463989, "length": 4.110367774963379, "mode": "test", "epoch": 6}
{"loss": 0.3796651363372803, "acc": 0.8345149755477905, "length": 4.142033576965332, "mode": "train", "epoch": 7}
{"loss": 0.44483286142349243, "acc": 0.799126386642456, "length": 4.036789417266846, "mode": "test", "epoch": 7}
{"loss": 0.3566531240940094, "acc": 0.8477679491043091, "length": 4.303535461425781, "mode": "train", "epoch": 8}
{"loss": 0.4218656122684479, "acc": 0.8124739527702332, "length": 4.5894646644592285, "mode": "test", "epoch": 8}
{"loss": 0.33551937341690063, "acc": 0.857090950012207, "length": 4.520533084869385, "mode": "train", "epoch": 9}
{"loss": 0.40671634674072266, "acc": 0.8352190852165222, "length": 4.746655464172363, "mode": "test", "epoch": 9}
{"loss": 0.30973368883132935, "acc": 0.8719490766525269, "length": 4.654849052429199, "mode": "train", "epoch": 10}
{"loss": 0.3918372690677643, "acc": 0.8407104015350342, "length": 4.801839351654053, "mode": "test", "epoch": 10}
{"loss": 0.2937670946121216, "acc": 0.881829559803009, "length": 4.725041389465332, "mode": "train", "epoch": 11}
{"loss": 0.40932220220565796, "acc": 0.831709086894989, "length": 4.91304349899292, "mode": "test", "epoch": 11}
{"loss": 0.28785887360572815, "acc": 0.883440375328064, "length": 4.873509883880615, "mode": "train", "epoch": 12}
{"loss": 0.3714733421802521, "acc": 0.8589743971824646, "length": 5.0, "mode": "test", "epoch": 12}
{"loss": 0.2689805030822754, "acc": 0.8944068551063538, "length": 4.955743789672852, "mode": "train", "epoch": 13}
{"loss": 0.3698594868183136, "acc": 0.8596712946891785, "length": 5.0, "mode": "test", "epoch": 13}
{"loss": 0.2591629922389984, "acc": 0.8992870450019836, "length": 4.98434591293335, "mode": "train", "epoch": 14}
{"loss": 0.3630521297454834, "acc": 0.8628762364387512, "length": 5.0, "mode": "test", "epoch": 14}
{"loss": 0.25071316957473755, "acc": 0.9028886556625366, "length": 4.99126672744751, "mode": "train", "epoch": 15}
{"loss": 0.3646838068962097, "acc": 0.8560479879379272, "length": 5.0, "mode": "test", "epoch": 15}
{"loss": 0.2403295338153839, "acc": 0.9048848748207092, "length": 4.993587970733643, "mode": "train", "epoch": 16}
{"loss": 0.337971955537796, "acc": 0.8782051801681519, "length": 5.0, "mode": "test", "epoch": 16}
{"loss": 0.22868604958057404, "acc": 0.9138293862342834, "length": 4.995378494262695, "mode": "train", "epoch": 17}
{"loss": 0.3659608066082001, "acc": 0.8602285981178284, "length": 5.0, "mode": "test", "epoch": 17}
{"loss": 0.22033245861530304, "acc": 0.915402352809906, "length": 4.99568510055542, "mode": "train", "epoch": 18}
{"loss": 0.32736706733703613, "acc": 0.8765329122543335, "length": 5.0, "mode": "test", "epoch": 18}
{"loss": 0.203035369515419, "acc": 0.9239780902862549, "length": 4.996713638305664, "mode": "train", "epoch": 19}
{"loss": 0.3375736176967621, "acc": 0.8800167441368103, "length": 5.0, "mode": "test", "epoch": 19}
{"loss": 0.20482052862644196, "acc": 0.9230011105537415, "length": 4.996746063232422, "mode": "train", "epoch": 20}
{"loss": 0.3431282043457031, "acc": 0.8784838914871216, "length": 5.0, "mode": "test", "epoch": 20}
{"loss": 0.20143333077430725, "acc": 0.9224206209182739, "length": 4.997723579406738, "mode": "train", "epoch": 21}
{"loss": 0.35183706879615784, "acc": 0.8754180669784546, "length": 5.0, "mode": "test", "epoch": 21}
{"loss": 0.19078592956066132, "acc": 0.92628014087677, "length": 4.997990131378174, "mode": "train", "epoch": 22}
{"loss": 0.3577635586261749, "acc": 0.8741639852523804, "length": 5.0, "mode": "test", "epoch": 22}
{"loss": 0.18551328778266907, "acc": 0.9297763705253601, "length": 4.9984450340271, "mode": "train", "epoch": 23}
{"loss": 0.3433060646057129, "acc": 0.8789019584655762, "length": 5.0, "mode": "test", "epoch": 23}
{"loss": 0.18237701058387756, "acc": 0.9309535622596741, "length": 4.999001502990723, "mode": "train", "epoch": 24}
{"loss": 0.34092462062835693, "acc": 0.8805742263793945, "length": 5.0, "mode": "test", "epoch": 24}
{"loss": 0.18139861524105072, "acc": 0.9307676553726196, "length": 4.999035835266113, "mode": "train", "epoch": 25}
{"loss": 0.34476473927497864, "acc": 0.8808527588844299, "length": 5.0, "mode": "test", "epoch": 25}
{"loss": 0.17421886324882507, "acc": 0.9356028437614441, "length": 4.999126434326172, "mode": "train", "epoch": 26}
{"loss": 0.33817258477211, "acc": 0.8894928097724915, "length": 5.0, "mode": "test", "epoch": 26}
{"loss": 0.17880934476852417, "acc": 0.9330368041992188, "length": 4.9989776611328125, "mode": "train", "epoch": 27}
{"loss": 0.339017391204834, "acc": 0.8893535733222961, "length": 5.0, "mode": "test", "epoch": 27}
{"loss": 0.17062917351722717, "acc": 0.9354709386825562, "length": 4.9993791580200195, "mode": "train", "epoch": 28}
{"loss": 0.34075555205345154, "acc": 0.8869845271110535, "length": 5.0, "mode": "test", "epoch": 28}
{"loss": 0.16402195394039154, "acc": 0.9407253265380859, "length": 4.999480247497559, "mode": "train", "epoch": 29}
{"loss": 0.3398975431919098, "acc": 0.8885173201560974, "length": 5.0, "mode": "test", "epoch": 29}
{"loss": 0.1645924150943756, "acc": 0.9376047253608704, "length": 4.999191761016846, "mode": "train", "epoch": 30}
{"loss": 0.3542158007621765, "acc": 0.882803738117218, "length": 5.0, "mode": "test", "epoch": 30}
{"loss": 0.15509717166423798, "acc": 0.9427264928817749, "length": 4.999576091766357, "mode": "train", "epoch": 31}
{"loss": 0.351346492767334, "acc": 0.8828037977218628, "length": 5.0, "mode": "test", "epoch": 31}
{"loss": 0.15391096472740173, "acc": 0.9414727687835693, "length": 4.999478340148926, "mode": "train", "epoch": 32}
{"loss": 0.3509219288825989, "acc": 0.8878205418586731, "length": 5.0, "mode": "test", "epoch": 32}
{"loss": 0.15154622495174408, "acc": 0.9420356750488281, "length": 4.9997639656066895, "mode": "train", "epoch": 33}
{"loss": 0.3607615828514099, "acc": 0.8872631788253784, "length": 5.0, "mode": "test", "epoch": 33}
{"loss": 0.15154676139354706, "acc": 0.9425449371337891, "length": 4.999682426452637, "mode": "train", "epoch": 34}
{"loss": 0.34230008721351624, "acc": 0.8901894688606262, "length": 5.0, "mode": "test", "epoch": 34}
{"loss": 0.1475929319858551, "acc": 0.9475201368331909, "length": 4.999804973602295, "mode": "train", "epoch": 35}
{"loss": 0.3566451370716095, "acc": 0.8867055773735046, "length": 5.0, "mode": "test", "epoch": 35}
{"loss": 0.15752491354942322, "acc": 0.9417579770088196, "length": 4.999805927276611, "mode": "train", "epoch": 36}
{"loss": 0.3607725501060486, "acc": 0.8843367695808411, "length": 5.0, "mode": "test", "epoch": 36}
{"loss": 0.15095391869544983, "acc": 0.9434782266616821, "length": 4.99983024597168, "mode": "train", "epoch": 37}
{"loss": 0.34865492582321167, "acc": 0.891165018081665, "length": 5.0, "mode": "test", "epoch": 37}
{"loss": 0.14509931206703186, "acc": 0.9462226629257202, "length": 4.999898910522461, "mode": "train", "epoch": 38}
{"loss": 0.36658626794815063, "acc": 0.8835005164146423, "length": 5.0, "mode": "test", "epoch": 38}
{"loss": 0.14062923192977905, "acc": 0.946547269821167, "length": 4.999881267547607, "mode": "train", "epoch": 39}
{"loss": 0.3390335142612457, "acc": 0.8868451118469238, "length": 5.0, "mode": "test", "epoch": 39}
{"loss": 0.14312875270843506, "acc": 0.9474761486053467, "length": 4.999831199645996, "mode": "train", "epoch": 40}
{"loss": 0.35676831007003784, "acc": 0.8893533945083618, "length": 5.0, "mode": "test", "epoch": 40}
{"loss": 0.14922095835208893, "acc": 0.9456640481948853, "length": 4.999870300292969, "mode": "train", "epoch": 41}
{"loss": 0.3652488589286804, "acc": 0.8875418305397034, "length": 5.0, "mode": "test", "epoch": 41}
{"loss": 0.14850816130638123, "acc": 0.9450618624687195, "length": 4.999934196472168, "mode": "train", "epoch": 42}
{"loss": 0.34647977352142334, "acc": 0.8949273824691772, "length": 5.0, "mode": "test", "epoch": 42}
{"loss": 0.13444474339485168, "acc": 0.9498445391654968, "length": 4.999831676483154, "mode": "train", "epoch": 43}
{"loss": 0.3323177695274353, "acc": 0.8988293409347534, "length": 5.0, "mode": "test", "epoch": 43}
{"loss": 0.13154491782188416, "acc": 0.9526832699775696, "length": 4.999916076660156, "mode": "train", "epoch": 44}
{"loss": 0.3463418781757355, "acc": 0.8932552337646484, "length": 5.0, "mode": "test", "epoch": 44}
{"loss": 0.12868383526802063, "acc": 0.9537515044212341, "length": 4.999910354614258, "mode": "train", "epoch": 45}
{"loss": 0.35199326276779175, "acc": 0.8918618559837341, "length": 5.0, "mode": "test", "epoch": 45}
{"loss": 0.1220974400639534, "acc": 0.9565874338150024, "length": 4.999926567077637, "mode": "train", "epoch": 46}
{"loss": 0.3645399510860443, "acc": 0.8947883248329163, "length": 5.0, "mode": "test", "epoch": 46}
{"loss": 0.131242036819458, "acc": 0.9522199034690857, "length": 4.999955654144287, "mode": "train", "epoch": 47}
{"loss": 0.3548462986946106, "acc": 0.8939522504806519, "length": 5.0, "mode": "test", "epoch": 47}
{"loss": 0.1371176391839981, "acc": 0.9503595232963562, "length": 4.999921798706055, "mode": "train", "epoch": 48}
{"loss": 0.35973018407821655, "acc": 0.8926979303359985, "length": 5.0, "mode": "test", "epoch": 48}
{"loss": 0.15114565193653107, "acc": 0.9447373747825623, "length": 4.999959468841553, "mode": "train", "epoch": 49}
{"loss": 0.3408657908439636, "acc": 0.8936733603477478, "length": 5.0, "mode": "test", "epoch": 49}
{"loss": 0.12521758675575256, "acc": 0.9532887935638428, "length": 4.9999542236328125, "mode": "train", "epoch": 50}
{"loss": 0.3393145501613617, "acc": 0.9011984467506409, "length": 5.0, "mode": "test", "epoch": 50}
{"loss": 0.12274787575006485, "acc": 0.9563567042350769, "length": 4.9999613761901855, "mode": "train", "epoch": 51}
{"loss": 0.3425491750240326, "acc": 0.8961817622184753, "length": 5.0, "mode": "test", "epoch": 51}
{"loss": 0.1222282201051712, "acc": 0.9544516801834106, "length": 4.999978542327881, "mode": "train", "epoch": 52}
{"loss": 0.358661413192749, "acc": 0.8900500535964966, "length": 5.0, "mode": "test", "epoch": 52}
{"loss": 0.13309833407402039, "acc": 0.9513373374938965, "length": 4.999961853027344, "mode": "train", "epoch": 53}
{"loss": 0.3559828996658325, "acc": 0.8925585150718689, "length": 5.0, "mode": "test", "epoch": 53}
{"loss": 0.12856276333332062, "acc": 0.9518867135047913, "length": 4.999687194824219, "mode": "train", "epoch": 54}
{"loss": 0.3560062348842621, "acc": 0.89673912525177, "length": 5.0, "mode": "test", "epoch": 54}
{"loss": 0.12513643503189087, "acc": 0.9539373517036438, "length": 4.999885559082031, "mode": "train", "epoch": 55}
{"loss": 0.36431989073753357, "acc": 0.8922798037528992, "length": 5.0, "mode": "test", "epoch": 55}
{"loss": 0.11079897731542587, "acc": 0.9591443538665771, "length": 4.999940395355225, "mode": "train", "epoch": 56}
{"loss": 0.35832810401916504, "acc": 0.8938125967979431, "length": 5.0, "mode": "test", "epoch": 56}
{"loss": 0.11374303698539734, "acc": 0.9579374194145203, "length": 4.99997615814209, "mode": "train", "epoch": 57}
{"loss": 0.34158554673194885, "acc": 0.8974360227584839, "length": 5.0, "mode": "test", "epoch": 57}
{"loss": 0.13634374737739563, "acc": 0.9502220153808594, "length": 4.999964714050293, "mode": "train", "epoch": 58}
{"loss": 0.37219566106796265, "acc": 0.8918618559837341, "length": 5.0, "mode": "test", "epoch": 58}
{"loss": 0.1326131671667099, "acc": 0.9513835310935974, "length": 4.999969482421875, "mode": "train", "epoch": 59}
{"loss": 0.35958078503608704, "acc": 0.8950669765472412, "length": 5.0, "mode": "test", "epoch": 59}
{"loss": 0.11536825448274612, "acc": 0.9586814045906067, "length": 4.999985218048096, "mode": "train", "epoch": 60}
{"loss": 0.33943241834640503, "acc": 0.8991081714630127, "length": 5.0, "mode": "test", "epoch": 60}
{"loss": 0.11340909451246262, "acc": 0.9588196277618408, "length": 4.9999518394470215, "mode": "train", "epoch": 61}
{"loss": 0.35227417945861816, "acc": 0.8986899852752686, "length": 5.0, "mode": "test", "epoch": 61}
{"loss": 0.11943060904741287, "acc": 0.9580307006835938, "length": 4.999989032745361, "mode": "train", "epoch": 62}
{"loss": 0.3496742844581604, "acc": 0.8977145552635193, "length": 5.0, "mode": "test", "epoch": 62}
{"loss": 0.1434883326292038, "acc": 0.9475140571594238, "length": 4.999442100524902, "mode": "train", "epoch": 63}
{"loss": 0.35426071286201477, "acc": 0.8943701982498169, "length": 5.0, "mode": "test", "epoch": 63}
{"loss": 0.1260197013616562, "acc": 0.9544051885604858, "length": 4.999980449676514, "mode": "train", "epoch": 64}
{"loss": 0.3617677390575409, "acc": 0.8961816430091858, "length": 5.0, "mode": "test", "epoch": 64}
{"loss": 0.1494351029396057, "acc": 0.9458500742912292, "length": 4.999868392944336, "mode": "train", "epoch": 65}
{"loss": 0.3637000322341919, "acc": 0.8922799825668335, "length": 5.0, "mode": "test", "epoch": 65}
{"loss": 0.11907144635915756, "acc": 0.957240879535675, "length": 4.9999918937683105, "mode": "train", "epoch": 66}
{"loss": 0.34771475195884705, "acc": 0.8970179557800293, "length": 5.0, "mode": "test", "epoch": 66}
{"loss": 0.12225817143917084, "acc": 0.9554735422134399, "length": 4.999964237213135, "mode": "train", "epoch": 67}
{"loss": 0.35979169607162476, "acc": 0.8984114527702332, "length": 5.0, "mode": "test", "epoch": 67}
{"loss": 0.11443678289651871, "acc": 0.956728994846344, "length": 4.999980449676514, "mode": "train", "epoch": 68}
{"loss": 0.3746858537197113, "acc": 0.8971570730209351, "length": 5.0, "mode": "test", "epoch": 68}
{"loss": 0.11582143604755402, "acc": 0.9578434824943542, "length": 4.999964714050293, "mode": "train", "epoch": 69}
{"loss": 0.3489200174808502, "acc": 0.8977146744728088, "length": 5.0, "mode": "test", "epoch": 69}
{"loss": 0.11486446857452393, "acc": 0.9584493637084961, "length": 4.99999475479126, "mode": "train", "epoch": 70}
{"loss": 0.353208065032959, "acc": 0.8993868231773376, "length": 5.0, "mode": "test", "epoch": 70}
{"loss": 0.12208949774503708, "acc": 0.9578442573547363, "length": 4.999978542327881, "mode": "train", "epoch": 71}
{"loss": 0.36289623379707336, "acc": 0.8936733603477478, "length": 5.0, "mode": "test", "epoch": 71}
{"loss": 0.12126701325178146, "acc": 0.955613911151886, "length": 4.999990940093994, "mode": "train", "epoch": 72}
{"loss": 0.3707135021686554, "acc": 0.8918617367744446, "length": 5.0, "mode": "test", "epoch": 72}
{"loss": 0.11647307872772217, "acc": 0.9562185406684875, "length": 4.999997615814209, "mode": "train", "epoch": 73}
{"loss": 0.3551959991455078, "acc": 0.8967390060424805, "length": 5.0, "mode": "test", "epoch": 73}
{"loss": 0.11777154356241226, "acc": 0.9569617509841919, "length": 4.999989986419678, "mode": "train", "epoch": 74}
{"loss": 0.34406915307044983, "acc": 0.8992474675178528, "length": 5.0, "mode": "test", "epoch": 74}
{"loss": 0.10961190611124039, "acc": 0.9610985517501831, "length": 4.999993324279785, "mode": "train", "epoch": 75}
{"loss": 0.34158462285995483, "acc": 0.9044036269187927, "length": 5.0, "mode": "test", "epoch": 75}
{"loss": 0.10679929703474045, "acc": 0.9616098999977112, "length": 4.999997615814209, "mode": "train", "epoch": 76}
{"loss": 0.36407074332237244, "acc": 0.9000837206840515, "length": 5.0, "mode": "test", "epoch": 76}
{"loss": 0.11389072984457016, "acc": 0.9581239819526672, "length": 4.999995231628418, "mode": "train", "epoch": 77}
{"loss": 0.3870528042316437, "acc": 0.8968785405158997, "length": 5.0, "mode": "test", "epoch": 77}
{"loss": 0.1328524351119995, "acc": 0.9526860117912292, "length": 4.999993324279785, "mode": "train", "epoch": 78}
{"loss": 0.3764967620372772, "acc": 0.8921404480934143, "length": 5.0, "mode": "test", "epoch": 78}
{"loss": 0.11834791302680969, "acc": 0.9565902352333069, "length": 4.99999475479126, "mode": "train", "epoch": 79}
{"loss": 0.3471795618534088, "acc": 0.8993869423866272, "length": 5.0, "mode": "test", "epoch": 79}
{"loss": 0.11861763149499893, "acc": 0.9563403725624084, "length": 4.999746322631836, "mode": "train", "epoch": 80}
{"loss": 0.36467722058296204, "acc": 0.8975752592086792, "length": 5.0, "mode": "test", "epoch": 80}
{"loss": 0.11531196534633636, "acc": 0.9578450918197632, "length": 4.999997615814209, "mode": "train", "epoch": 81}
{"loss": 0.3452688157558441, "acc": 0.9002229571342468, "length": 5.0, "mode": "test", "epoch": 81}
{"loss": 0.13746462762355804, "acc": 0.9543127417564392, "length": 4.999993801116943, "mode": "train", "epoch": 82}
{"loss": 0.3690737187862396, "acc": 0.8900500535964966, "length": 5.0, "mode": "test", "epoch": 82}
{"loss": 0.13751433789730072, "acc": 0.9506840109825134, "length": 4.99991512298584, "mode": "train", "epoch": 83}
{"loss": 0.34069764614105225, "acc": 0.9024526476860046, "length": 5.0, "mode": "test", "epoch": 83}
{"loss": 0.12187778204679489, "acc": 0.9566677212715149, "length": 4.999810695648193, "mode": "train", "epoch": 84}
{"loss": 0.3667605221271515, "acc": 0.891025722026825, "length": 5.0, "mode": "test", "epoch": 84}
{"loss": 0.11451396346092224, "acc": 0.959378719329834, "length": 4.999995708465576, "mode": "train", "epoch": 85}
{"loss": 0.33396682143211365, "acc": 0.9045430421829224, "length": 5.0, "mode": "test", "epoch": 85}
{"loss": 0.09615548700094223, "acc": 0.9670935273170471, "length": 4.999978542327881, "mode": "train", "epoch": 86}
{"loss": 0.3361453413963318, "acc": 0.9002231359481812, "length": 5.0, "mode": "test", "epoch": 86}
{"loss": 0.10685160756111145, "acc": 0.9615630507469177, "length": 4.999987602233887, "mode": "train", "epoch": 87}
{"loss": 0.34662947058677673, "acc": 0.9021739363670349, "length": 5.0, "mode": "test", "epoch": 87}
{"loss": 0.11205177754163742, "acc": 0.9605874419212341, "length": 4.999999523162842, "mode": "train", "epoch": 88}
{"loss": 0.3599546551704407, "acc": 0.903149425983429, "length": 5.0, "mode": "test", "epoch": 88}
{"loss": 0.1564832180738449, "acc": 0.9410668611526489, "length": 4.99999475479126, "mode": "train", "epoch": 89}
{"loss": 0.3478068709373474, "acc": 0.8981327414512634, "length": 5.0, "mode": "test", "epoch": 89}
{"loss": 0.12495216727256775, "acc": 0.9531041383743286, "length": 4.999988555908203, "mode": "train", "epoch": 90}
{"loss": 0.3458483815193176, "acc": 0.9014770984649658, "length": 5.0, "mode": "test", "epoch": 90}
{"loss": 0.11848590523004532, "acc": 0.9568222165107727, "length": 4.999989986419678, "mode": "train", "epoch": 91}
{"loss": 0.35479220747947693, "acc": 0.8978540897369385, "length": 5.0, "mode": "test", "epoch": 91}
{"loss": 0.14115753769874573, "acc": 0.9482709169387817, "length": 4.999998569488525, "mode": "train", "epoch": 92}
{"loss": 0.35749754309654236, "acc": 0.8952062129974365, "length": 5.0, "mode": "test", "epoch": 92}
{"loss": 0.12317073345184326, "acc": 0.9556143879890442, "length": 4.999995708465576, "mode": "train", "epoch": 93}
{"loss": 0.3424154222011566, "acc": 0.8956242799758911, "length": 5.0, "mode": "test", "epoch": 93}
{"loss": 0.13158376514911652, "acc": 0.9511991143226624, "length": 4.999997615814209, "mode": "train", "epoch": 94}
{"loss": 0.34171491861343384, "acc": 0.9003624320030212, "length": 5.0, "mode": "test", "epoch": 94}
{"loss": 0.1315690577030182, "acc": 0.9521750807762146, "length": 4.999997615814209, "mode": "train", "epoch": 95}
{"loss": 0.39190465211868286, "acc": 0.888935387134552, "length": 5.0, "mode": "test", "epoch": 95}
{"loss": 0.11941683292388916, "acc": 0.9562172889709473, "length": 4.999978065490723, "mode": "train", "epoch": 96}
{"loss": 0.3362017273902893, "acc": 0.8988293409347534, "length": 5.0, "mode": "test", "epoch": 96}
{"loss": 0.13194908201694489, "acc": 0.9504548907279968, "length": 4.999983310699463, "mode": "train", "epoch": 97}
{"loss": 0.3868420720100403, "acc": 0.8836398720741272, "length": 5.0, "mode": "test", "epoch": 97}
{"loss": 0.1533251851797104, "acc": 0.9434837698936462, "length": 4.99999475479126, "mode": "train", "epoch": 98}
{"loss": 0.3734382092952728, "acc": 0.883361279964447, "length": 5.0, "mode": "test", "epoch": 98}
{"loss": 0.1318328082561493, "acc": 0.9515243172645569, "length": 4.999999046325684, "mode": "train", "epoch": 99}
{"loss": 0.3393539786338806, "acc": 0.8963210582733154, "length": 5.0, "mode": "test", "epoch": 99}
{"loss": 0.12536752223968506, "acc": 0.9543578028678894, "length": 4.999951362609863, "mode": "train", "epoch": 100}
{"loss": 0.35148075222969055, "acc": 0.8978539705276489, "length": 5.0, "mode": "test", "epoch": 100}
test accuracy: 0.8612480759620667
