# ["--attributes=4", "--values=4", "--game_size=3", "--vocab_size_factor=3", "--n_epochs=100", "--batch_size=64", "--learning_rate=0.001", "--hidden_size=128", "--temp_update=0.99", "--temperature=2"]
Creating train_ds and val_ds...

Creating test_ds...
{"loss": 0.6895654201507568, "acc": 0.5283893346786499, "length": 3.252084255218506, "mode": "train", "epoch": 1}
{"loss": 0.6456827521324158, "acc": 0.6385064721107483, "length": 3.016638994216919, "mode": "test", "epoch": 1}
{"loss": 0.583134651184082, "acc": 0.6892247200012207, "length": 3.840568780899048, "mode": "train", "epoch": 2}
{"loss": 0.5305899977684021, "acc": 0.7387643456459045, "length": 4.870216369628906, "mode": "test", "epoch": 2}
{"loss": 0.48817822337150574, "acc": 0.771561324596405, "length": 4.7559332847595215, "mode": "train", "epoch": 3}
{"loss": 0.48842164874076843, "acc": 0.7685731649398804, "length": 4.969217777252197, "mode": "test", "epoch": 3}
{"loss": 0.45260128378868103, "acc": 0.7873660922050476, "length": 4.881958961486816, "mode": "train", "epoch": 4}
{"loss": 0.48473313450813293, "acc": 0.7623406052589417, "length": 4.9991679191589355, "mode": "test", "epoch": 4}
{"loss": 0.4334558844566345, "acc": 0.801264226436615, "length": 4.919488906860352, "mode": "train", "epoch": 5}
{"loss": 0.45220947265625, "acc": 0.7775928378105164, "length": 5.0, "mode": "test", "epoch": 5}
{"loss": 0.41796180605888367, "acc": 0.8060004711151123, "length": 4.9669671058654785, "mode": "train", "epoch": 6}
{"loss": 0.43987664580345154, "acc": 0.7947865128517151, "length": 5.0, "mode": "test", "epoch": 6}
{"loss": 0.41087567806243896, "acc": 0.8105360865592957, "length": 4.977738380432129, "mode": "train", "epoch": 7}
{"loss": 0.45600882172584534, "acc": 0.7782861590385437, "length": 5.0, "mode": "test", "epoch": 7}
{"loss": 0.3950178027153015, "acc": 0.8226692080497742, "length": 4.984665870666504, "mode": "train", "epoch": 8}
{"loss": 0.44097694754600525, "acc": 0.7942317724227905, "length": 5.0, "mode": "test", "epoch": 8}
{"loss": 0.37920552492141724, "acc": 0.8318337202072144, "length": 4.988853454589844, "mode": "train", "epoch": 9}
{"loss": 0.39435890316963196, "acc": 0.8251525163650513, "length": 5.0, "mode": "test", "epoch": 9}
{"loss": 0.3569376468658447, "acc": 0.8437272906303406, "length": 4.991054534912109, "mode": "train", "epoch": 10}
{"loss": 0.3946138322353363, "acc": 0.8361065983772278, "length": 5.0, "mode": "test", "epoch": 10}
{"loss": 0.3487263321876526, "acc": 0.8495117425918579, "length": 4.992777347564697, "mode": "train", "epoch": 11}
{"loss": 0.38433578610420227, "acc": 0.8394343256950378, "length": 5.0, "mode": "test", "epoch": 11}
{"loss": 0.3379591703414917, "acc": 0.8530122637748718, "length": 4.994351863861084, "mode": "train", "epoch": 12}
{"loss": 0.3891376852989197, "acc": 0.841930091381073, "length": 5.0, "mode": "test", "epoch": 12}
{"loss": 0.3285280764102936, "acc": 0.8585706949234009, "length": 4.995028972625732, "mode": "train", "epoch": 13}
{"loss": 0.3614879548549652, "acc": 0.849833607673645, "length": 5.0, "mode": "test", "epoch": 13}
{"loss": 0.3091811239719391, "acc": 0.8694572448730469, "length": 4.99627161026001, "mode": "train", "epoch": 14}
{"loss": 0.36261793971061707, "acc": 0.8469218015670776, "length": 5.0, "mode": "test", "epoch": 14}
{"loss": 0.3113606870174408, "acc": 0.8681774735450745, "length": 4.996917724609375, "mode": "train", "epoch": 15}
{"loss": 0.358103483915329, "acc": 0.8516362309455872, "length": 5.0, "mode": "test", "epoch": 15}
{"loss": 0.29869702458381653, "acc": 0.8752649426460266, "length": 4.997673988342285, "mode": "train", "epoch": 16}
{"loss": 0.35454022884368896, "acc": 0.8516361117362976, "length": 5.0, "mode": "test", "epoch": 16}
{"loss": 0.29895955324172974, "acc": 0.8776731491088867, "length": 4.9979681968688965, "mode": "train", "epoch": 17}
{"loss": 0.3541887700557709, "acc": 0.8582916855812073, "length": 5.0, "mode": "test", "epoch": 17}
{"loss": 0.2914216220378876, "acc": 0.880273699760437, "length": 4.99836540222168, "mode": "train", "epoch": 18}
{"loss": 0.34316977858543396, "acc": 0.865086019039154, "length": 5.0, "mode": "test", "epoch": 18}
{"loss": 0.2842743396759033, "acc": 0.882731020450592, "length": 4.998629570007324, "mode": "train", "epoch": 19}
{"loss": 0.34857088327407837, "acc": 0.8560733199119568, "length": 5.0, "mode": "test", "epoch": 19}
{"loss": 0.2751072645187378, "acc": 0.8882796764373779, "length": 4.998733997344971, "mode": "train", "epoch": 20}
{"loss": 0.3436134159564972, "acc": 0.8585690259933472, "length": 5.0, "mode": "test", "epoch": 20}
{"loss": 0.27442073822021484, "acc": 0.8879165053367615, "length": 4.998916149139404, "mode": "train", "epoch": 21}
{"loss": 0.33782511949539185, "acc": 0.8684136867523193, "length": 5.0, "mode": "test", "epoch": 21}
{"loss": 0.26422742009162903, "acc": 0.8924530744552612, "length": 4.9991254806518555, "mode": "train", "epoch": 22}
{"loss": 0.3370097577571869, "acc": 0.865501880645752, "length": 5.0, "mode": "test", "epoch": 22}
{"loss": 0.26018667221069336, "acc": 0.8920398950576782, "length": 4.999208927154541, "mode": "train", "epoch": 23}
{"loss": 0.33915168046951294, "acc": 0.8610649704933167, "length": 5.0, "mode": "test", "epoch": 23}
{"loss": 0.25439637899398804, "acc": 0.8932433724403381, "length": 4.999298572540283, "mode": "train", "epoch": 24}
{"loss": 0.3272795081138611, "acc": 0.8739599585533142, "length": 5.0, "mode": "test", "epoch": 24}
{"loss": 0.2538420855998993, "acc": 0.8942202925682068, "length": 4.999444007873535, "mode": "train", "epoch": 25}
{"loss": 0.3346388041973114, "acc": 0.8649472594261169, "length": 5.0, "mode": "test", "epoch": 25}
{"loss": 0.24679787456989288, "acc": 0.8968108892440796, "length": 4.999480724334717, "mode": "train", "epoch": 26}
{"loss": 0.32533177733421326, "acc": 0.874376118183136, "length": 5.0, "mode": "test", "epoch": 26}
{"loss": 0.2483326643705368, "acc": 0.896443784236908, "length": 4.999565601348877, "mode": "train", "epoch": 27}
{"loss": 0.3250184953212738, "acc": 0.8729895949363708, "length": 5.0, "mode": "test", "epoch": 27}
{"loss": 0.24477599561214447, "acc": 0.8981557488441467, "length": 4.9996337890625, "mode": "train", "epoch": 28}
{"loss": 0.32895833253860474, "acc": 0.8760399222373962, "length": 5.0, "mode": "test", "epoch": 28}
{"loss": 0.24211907386779785, "acc": 0.900007426738739, "length": 4.999673366546631, "mode": "train", "epoch": 29}
{"loss": 0.3354912996292114, "acc": 0.8735440969467163, "length": 5.0, "mode": "test", "epoch": 29}
{"loss": 0.2389513999223709, "acc": 0.8997316956520081, "length": 4.999732494354248, "mode": "train", "epoch": 30}
{"loss": 0.3347497880458832, "acc": 0.8700776100158691, "length": 5.0, "mode": "test", "epoch": 30}
{"loss": 0.23609445989131927, "acc": 0.9031075835227966, "length": 4.999747276306152, "mode": "train", "epoch": 31}
{"loss": 0.3344937860965729, "acc": 0.865363359451294, "length": 5.0, "mode": "test", "epoch": 31}
{"loss": 0.23595468699932098, "acc": 0.9004278182983398, "length": 4.999800682067871, "mode": "train", "epoch": 32}
{"loss": 0.3311861753463745, "acc": 0.867997944355011, "length": 5.0, "mode": "test", "epoch": 32}
{"loss": 0.22771577537059784, "acc": 0.9032018184661865, "length": 4.99978494644165, "mode": "train", "epoch": 33}
{"loss": 0.3376533091068268, "acc": 0.8706322908401489, "length": 5.0, "mode": "test", "epoch": 33}
{"loss": 0.22688890993595123, "acc": 0.9063949584960938, "length": 4.9998459815979, "mode": "train", "epoch": 34}
{"loss": 0.33564841747283936, "acc": 0.8714643120765686, "length": 5.0, "mode": "test", "epoch": 34}
{"loss": 0.22931833565235138, "acc": 0.9044999480247498, "length": 4.999883651733398, "mode": "train", "epoch": 35}
{"loss": 0.33355197310447693, "acc": 0.8781198263168335, "length": 5.0, "mode": "test", "epoch": 35}
{"loss": 0.22733290493488312, "acc": 0.9047301411628723, "length": 4.99985408782959, "mode": "train", "epoch": 36}
{"loss": 0.3528602123260498, "acc": 0.8729894161224365, "length": 5.0, "mode": "test", "epoch": 36}
{"loss": 0.2209351360797882, "acc": 0.9065799117088318, "length": 4.999859809875488, "mode": "train", "epoch": 37}
{"loss": 0.32786837220191956, "acc": 0.8704936504364014, "length": 5.0, "mode": "test", "epoch": 37}
{"loss": 0.21354608237743378, "acc": 0.908524215221405, "length": 4.999911308288574, "mode": "train", "epoch": 38}
{"loss": 0.3322116732597351, "acc": 0.8771491050720215, "length": 5.0, "mode": "test", "epoch": 38}
{"loss": 0.2133227288722992, "acc": 0.9076460599899292, "length": 4.999915599822998, "mode": "train", "epoch": 39}
{"loss": 0.3250444829463959, "acc": 0.8788132071495056, "length": 5.0, "mode": "test", "epoch": 39}
{"loss": 0.2179238647222519, "acc": 0.9085705280303955, "length": 4.9998955726623535, "mode": "train", "epoch": 40}
{"loss": 0.3289823532104492, "acc": 0.8811703324317932, "length": 5.0, "mode": "test", "epoch": 40}
{"loss": 0.21523582935333252, "acc": 0.9098202586174011, "length": 4.999942779541016, "mode": "train", "epoch": 41}
{"loss": 0.3362305760383606, "acc": 0.8764560222625732, "length": 5.0, "mode": "test", "epoch": 41}
{"loss": 0.20937050879001617, "acc": 0.9131034016609192, "length": 4.999942779541016, "mode": "train", "epoch": 42}
{"loss": 0.32328954339027405, "acc": 0.8824180364608765, "length": 5.0, "mode": "test", "epoch": 42}
{"loss": 0.2038717269897461, "acc": 0.9120861887931824, "length": 4.999939441680908, "mode": "train", "epoch": 43}
{"loss": 0.3251272737979889, "acc": 0.8878257274627686, "length": 5.0, "mode": "test", "epoch": 43}
{"loss": 0.20270396769046783, "acc": 0.9151392579078674, "length": 4.999965667724609, "mode": "train", "epoch": 44}
{"loss": 0.314422070980072, "acc": 0.8839434385299683, "length": 5.0, "mode": "test", "epoch": 44}
{"loss": 0.19713643193244934, "acc": 0.9184686541557312, "length": 4.999965667724609, "mode": "train", "epoch": 45}
{"loss": 0.32635006308555603, "acc": 0.880615770816803, "length": 5.0, "mode": "test", "epoch": 45}
{"loss": 0.20029079914093018, "acc": 0.9157868027687073, "length": 4.999969005584717, "mode": "train", "epoch": 46}
{"loss": 0.3300914764404297, "acc": 0.8826954960823059, "length": 5.0, "mode": "test", "epoch": 46}
{"loss": 0.20668604969978333, "acc": 0.9143533110618591, "length": 4.999971389770508, "mode": "train", "epoch": 47}
{"loss": 0.31593918800354004, "acc": 0.885468602180481, "length": 5.0, "mode": "test", "epoch": 47}
{"loss": 0.20055720210075378, "acc": 0.9122263789176941, "length": 4.999980449676514, "mode": "train", "epoch": 48}
{"loss": 0.3291444182395935, "acc": 0.8789516687393188, "length": 5.0, "mode": "test", "epoch": 48}
{"loss": 0.19176246225833893, "acc": 0.9190704226493835, "length": 4.999975681304932, "mode": "train", "epoch": 49}
{"loss": 0.3366578221321106, "acc": 0.8792290687561035, "length": 5.0, "mode": "test", "epoch": 49}
{"loss": 0.19402313232421875, "acc": 0.9195327758789062, "length": 4.999974727630615, "mode": "train", "epoch": 50}
{"loss": 0.3200671374797821, "acc": 0.8840820789337158, "length": 5.0, "mode": "test", "epoch": 50}
{"loss": 0.19064690172672272, "acc": 0.9204116463661194, "length": 4.99998140335083, "mode": "train", "epoch": 51}
{"loss": 0.32879865169525146, "acc": 0.880754292011261, "length": 5.0, "mode": "test", "epoch": 51}
{"loss": 0.18997588753700256, "acc": 0.9192095994949341, "length": 4.99998664855957, "mode": "train", "epoch": 52}
{"loss": 0.3199694752693176, "acc": 0.8824182748794556, "length": 5.0, "mode": "test", "epoch": 52}
{"loss": 0.18741311132907867, "acc": 0.921105682849884, "length": 4.999988079071045, "mode": "train", "epoch": 53}
{"loss": 0.3235175907611847, "acc": 0.882834255695343, "length": 5.0, "mode": "test", "epoch": 53}
{"loss": 0.1856687217950821, "acc": 0.9213368892669678, "length": 4.999990463256836, "mode": "train", "epoch": 54}
{"loss": 0.31614890694618225, "acc": 0.8907376527786255, "length": 5.0, "mode": "test", "epoch": 54}
{"loss": 0.18708094954490662, "acc": 0.9224932789802551, "length": 4.999992370605469, "mode": "train", "epoch": 55}
{"loss": 0.31966856122016907, "acc": 0.8919854164123535, "length": 5.0, "mode": "test", "epoch": 55}
{"loss": 0.18617993593215942, "acc": 0.9226781725883484, "length": 4.999990940093994, "mode": "train", "epoch": 56}
{"loss": 0.3566524386405945, "acc": 0.8782585263252258, "length": 5.0, "mode": "test", "epoch": 56}
{"loss": 0.1846068948507309, "acc": 0.9240654110908508, "length": 4.999990940093994, "mode": "train", "epoch": 57}
{"loss": 0.3222711980342865, "acc": 0.8924015164375305, "length": 5.0, "mode": "test", "epoch": 57}
{"loss": 0.1822599321603775, "acc": 0.9239268898963928, "length": 4.999993801116943, "mode": "train", "epoch": 58}
{"loss": 0.32553985714912415, "acc": 0.8871325850486755, "length": 5.0, "mode": "test", "epoch": 58}
{"loss": 0.17960238456726074, "acc": 0.9262390732765198, "length": 4.999990463256836, "mode": "train", "epoch": 59}
{"loss": 0.3295125365257263, "acc": 0.8867166042327881, "length": 5.0, "mode": "test", "epoch": 59}
{"loss": 0.18044757843017578, "acc": 0.9255455136299133, "length": 4.999995708465576, "mode": "train", "epoch": 60}
{"loss": 0.3301853537559509, "acc": 0.8860232830047607, "length": 5.0, "mode": "test", "epoch": 60}
{"loss": 0.17079107463359833, "acc": 0.9291526079177856, "length": 4.999996662139893, "mode": "train", "epoch": 61}
{"loss": 0.3441861867904663, "acc": 0.8860234022140503, "length": 5.0, "mode": "test", "epoch": 61}
{"loss": 0.17360375821590424, "acc": 0.9282276630401611, "length": 4.999995708465576, "mode": "train", "epoch": 62}
{"loss": 0.3421160578727722, "acc": 0.8847752809524536, "length": 5.0, "mode": "test", "epoch": 62}
{"loss": 0.17575308680534363, "acc": 0.9279038906097412, "length": 4.999993324279785, "mode": "train", "epoch": 63}
{"loss": 0.3305254876613617, "acc": 0.8836661577224731, "length": 5.0, "mode": "test", "epoch": 63}
{"loss": 0.17213846743106842, "acc": 0.9296613931655884, "length": 4.999996662139893, "mode": "train", "epoch": 64}
{"loss": 0.32851070165634155, "acc": 0.8875486850738525, "length": 5.0, "mode": "test", "epoch": 64}
{"loss": 0.17080742120742798, "acc": 0.9321586489677429, "length": 4.999997615814209, "mode": "train", "epoch": 65}
{"loss": 0.336453378200531, "acc": 0.8813090920448303, "length": 5.0, "mode": "test", "epoch": 65}
{"loss": 0.1764868199825287, "acc": 0.9282739162445068, "length": 4.999997615814209, "mode": "train", "epoch": 66}
{"loss": 0.33854424953460693, "acc": 0.8881030678749084, "length": 5.0, "mode": "test", "epoch": 66}
{"loss": 0.18006309866905212, "acc": 0.9248057007789612, "length": 4.999997615814209, "mode": "train", "epoch": 67}
{"loss": 0.32274654507637024, "acc": 0.884498119354248, "length": 5.0, "mode": "test", "epoch": 67}
{"loss": 0.16619513928890228, "acc": 0.934424638748169, "length": 4.999997138977051, "mode": "train", "epoch": 68}
{"loss": 0.3234696686267853, "acc": 0.8867166042327881, "length": 5.0, "mode": "test", "epoch": 68}
{"loss": 0.16791947185993195, "acc": 0.9328985214233398, "length": 4.999997615814209, "mode": "train", "epoch": 69}
{"loss": 0.32305601239204407, "acc": 0.8918468952178955, "length": 5.0, "mode": "test", "epoch": 69}
{"loss": 0.16318033635616302, "acc": 0.9347483515739441, "length": 4.999998569488525, "mode": "train", "epoch": 70}
{"loss": 0.33955901861190796, "acc": 0.8856073021888733, "length": 5.0, "mode": "test", "epoch": 70}
{"loss": 0.16404473781585693, "acc": 0.9330834746360779, "length": 4.999999046325684, "mode": "train", "epoch": 71}
{"loss": 0.3325587213039398, "acc": 0.8886578679084778, "length": 5.0, "mode": "test", "epoch": 71}
{"loss": 0.16228194534778595, "acc": 0.9340546131134033, "length": 4.999999523162842, "mode": "train", "epoch": 72}
{"loss": 0.33619049191474915, "acc": 0.8833887577056885, "length": 5.0, "mode": "test", "epoch": 72}
{"loss": 0.16330435872077942, "acc": 0.9358120560646057, "length": 4.999999046325684, "mode": "train", "epoch": 73}
{"loss": 0.3249112069606781, "acc": 0.8879645466804504, "length": 5.0, "mode": "test", "epoch": 73}
{"loss": 0.1705213189125061, "acc": 0.9325746297836304, "length": 4.999993324279785, "mode": "train", "epoch": 74}
{"loss": 0.33939796686172485, "acc": 0.8864394426345825, "length": 5.0, "mode": "test", "epoch": 74}
{"loss": 0.1791638433933258, "acc": 0.9292915463447571, "length": 4.999997615814209, "mode": "train", "epoch": 75}
{"loss": 0.3480342626571655, "acc": 0.8815861344337463, "length": 5.0, "mode": "test", "epoch": 75}
{"loss": 0.15890894830226898, "acc": 0.934656023979187, "length": 5.0, "mode": "train", "epoch": 76}
{"loss": 0.3356033265590668, "acc": 0.8847752809524536, "length": 5.0, "mode": "test", "epoch": 76}
{"loss": 0.15986713767051697, "acc": 0.9359970092773438, "length": 5.0, "mode": "train", "epoch": 77}
{"loss": 0.3351570963859558, "acc": 0.8903217315673828, "length": 5.0, "mode": "test", "epoch": 77}
{"loss": 0.1570441871881485, "acc": 0.938031792640686, "length": 4.999999523162842, "mode": "train", "epoch": 78}
{"loss": 0.3469172418117523, "acc": 0.8896284103393555, "length": 5.0, "mode": "test", "epoch": 78}
{"loss": 0.1510794311761856, "acc": 0.941155731678009, "length": 4.999622344970703, "mode": "train", "epoch": 79}
{"loss": 0.3262881934642792, "acc": 0.8893511891365051, "length": 5.0, "mode": "test", "epoch": 79}
{"loss": 0.14961770176887512, "acc": 0.9390953183174133, "length": 4.999999046325684, "mode": "train", "epoch": 80}
{"loss": 0.3380153477191925, "acc": 0.8867166042327881, "length": 5.0, "mode": "test", "epoch": 80}
{"loss": 0.15508435666561127, "acc": 0.9399273991584778, "length": 4.999990463256836, "mode": "train", "epoch": 81}
{"loss": 0.33581051230430603, "acc": 0.8825568556785583, "length": 5.0, "mode": "test", "epoch": 81}
{"loss": 0.16450995206832886, "acc": 0.9345634579658508, "length": 4.999997138977051, "mode": "train", "epoch": 82}
{"loss": 0.34037527441978455, "acc": 0.892401397228241, "length": 5.0, "mode": "test", "epoch": 82}
{"loss": 0.15770328044891357, "acc": 0.9374767541885376, "length": 5.0, "mode": "train", "epoch": 83}
{"loss": 0.3333382308483124, "acc": 0.8854684829711914, "length": 5.0, "mode": "test", "epoch": 83}
{"loss": 0.16361308097839355, "acc": 0.9332224130630493, "length": 5.0, "mode": "train", "epoch": 84}
{"loss": 0.3257531523704529, "acc": 0.8904603719711304, "length": 5.0, "mode": "test", "epoch": 84}
{"loss": 0.15727369487285614, "acc": 0.937754213809967, "length": 5.0, "mode": "train", "epoch": 85}
{"loss": 0.3340234160423279, "acc": 0.8883804082870483, "length": 5.0, "mode": "test", "epoch": 85}
{"loss": 0.15320953726768494, "acc": 0.9397428035736084, "length": 5.0, "mode": "train", "epoch": 86}
{"loss": 0.33887284994125366, "acc": 0.885330080986023, "length": 5.0, "mode": "test", "epoch": 86}
{"loss": 0.1560191810131073, "acc": 0.9395578503608704, "length": 5.0, "mode": "train", "epoch": 87}
{"loss": 0.3422412574291229, "acc": 0.8918470144271851, "length": 5.0, "mode": "test", "epoch": 87}
{"loss": 0.15032349526882172, "acc": 0.9413614869117737, "length": 5.0, "mode": "train", "epoch": 88}
{"loss": 0.3224875032901764, "acc": 0.8908761739730835, "length": 5.0, "mode": "test", "epoch": 88}
{"loss": 0.14937084913253784, "acc": 0.9404829144477844, "length": 4.999999046325684, "mode": "train", "epoch": 89}
{"loss": 0.3494332432746887, "acc": 0.8928176760673523, "length": 5.0, "mode": "test", "epoch": 89}
{"loss": 0.16729536652565002, "acc": 0.9344247579574585, "length": 5.0, "mode": "train", "epoch": 90}
{"loss": 0.3390151262283325, "acc": 0.889212429523468, "length": 5.0, "mode": "test", "epoch": 90}
{"loss": 0.15950094163417816, "acc": 0.9378005266189575, "length": 5.0, "mode": "train", "epoch": 91}
{"loss": 0.3401075601577759, "acc": 0.8912924528121948, "length": 5.0, "mode": "test", "epoch": 91}
{"loss": 0.15317381918430328, "acc": 0.9404826164245605, "length": 5.0, "mode": "train", "epoch": 92}
{"loss": 0.33373817801475525, "acc": 0.8907377123832703, "length": 5.0, "mode": "test", "epoch": 92}
{"loss": 0.1512579470872879, "acc": 0.9398353099822998, "length": 5.0, "mode": "train", "epoch": 93}
{"loss": 0.3290329873561859, "acc": 0.8936493396759033, "length": 5.0, "mode": "test", "epoch": 93}
{"loss": 0.1574442982673645, "acc": 0.9392803907394409, "length": 5.0, "mode": "train", "epoch": 94}
{"loss": 0.3853079378604889, "acc": 0.875069260597229, "length": 5.0, "mode": "test", "epoch": 94}
{"loss": 0.18686480820178986, "acc": 0.9260081648826599, "length": 5.0, "mode": "train", "epoch": 95}
{"loss": 0.3397552967071533, "acc": 0.8876873850822449, "length": 5.0, "mode": "test", "epoch": 95}
{"loss": 0.15584437549114227, "acc": 0.9371994137763977, "length": 5.0, "mode": "train", "epoch": 96}
{"loss": 0.322775661945343, "acc": 0.8912923336029053, "length": 5.0, "mode": "test", "epoch": 96}
{"loss": 0.14791996777057648, "acc": 0.9420090317726135, "length": 5.0, "mode": "train", "epoch": 97}
{"loss": 0.3293076157569885, "acc": 0.8912922143936157, "length": 5.0, "mode": "test", "epoch": 97}
{"loss": 0.1507110297679901, "acc": 0.9418237805366516, "length": 5.0, "mode": "train", "epoch": 98}
{"loss": 0.3215816617012024, "acc": 0.8922628164291382, "length": 5.0, "mode": "test", "epoch": 98}
{"loss": 0.14722180366516113, "acc": 0.9421477317810059, "length": 5.0, "mode": "train", "epoch": 99}
{"loss": 0.33577898144721985, "acc": 0.8930948376655579, "length": 5.0, "mode": "test", "epoch": 99}
{"loss": 0.1478264182806015, "acc": 0.9427024722099304, "length": 5.0, "mode": "train", "epoch": 100}
{"loss": 0.3282044231891632, "acc": 0.8915696740150452, "length": 5.0, "mode": "test", "epoch": 100}
test accuracy: 0.8537130355834961
