# ["--attributes=4", "--values=4", "--game_size=3", "--vocab_size_factor=3", "--n_epochs=100", "--batch_size=64", "--learning_rate=0.0005", "--hidden_size=128", "--temp_update=0.97", "--temperature=1"]
Creating train_ds and val_ds...

Creating test_ds...
{"loss": 0.6947199106216431, "acc": 0.511968195438385, "length": 4.048480987548828, "mode": "train", "epoch": 1}
{"loss": 0.6943351626396179, "acc": 0.4915558993816376, "length": 1.0, "mode": "test", "epoch": 1}
{"loss": 0.6559867858886719, "acc": 0.6191898584365845, "length": 3.790715456008911, "mode": "train", "epoch": 2}
{"loss": 0.5784263014793396, "acc": 0.6989203095436096, "length": 5.0, "mode": "test", "epoch": 2}
{"loss": 0.5343895554542542, "acc": 0.7365579605102539, "length": 4.915653705596924, "mode": "train", "epoch": 3}
{"loss": 0.5132040977478027, "acc": 0.7558140754699707, "length": 5.0, "mode": "test", "epoch": 3}
{"loss": 0.4822258949279785, "acc": 0.7758083939552307, "length": 4.970142364501953, "mode": "train", "epoch": 4}
{"loss": 0.4717099666595459, "acc": 0.7850221991539001, "length": 5.0, "mode": "test", "epoch": 4}
{"loss": 0.4463452398777008, "acc": 0.7988096475601196, "length": 4.987338066101074, "mode": "train", "epoch": 5}
{"loss": 0.43697813153266907, "acc": 0.8067553639411926, "length": 5.0, "mode": "test", "epoch": 5}
{"loss": 0.42409732937812805, "acc": 0.812656044960022, "length": 4.994223594665527, "mode": "train", "epoch": 6}
{"loss": 0.4261905252933502, "acc": 0.8150608539581299, "length": 5.0, "mode": "test", "epoch": 6}
{"loss": 0.4101501405239105, "acc": 0.8212271928787231, "length": 4.99423360824585, "mode": "train", "epoch": 7}
{"loss": 0.41600316762924194, "acc": 0.8217055201530457, "length": 5.0, "mode": "test", "epoch": 7}
{"loss": 0.40126481652259827, "acc": 0.8287009596824646, "length": 4.996778964996338, "mode": "train", "epoch": 8}
{"loss": 0.412264883518219, "acc": 0.8240586519241333, "length": 5.0, "mode": "test", "epoch": 8}
{"loss": 0.39254531264305115, "acc": 0.8313349485397339, "length": 4.997115612030029, "mode": "train", "epoch": 9}
{"loss": 0.38883838057518005, "acc": 0.8409467339515686, "length": 5.0, "mode": "test", "epoch": 9}
{"loss": 0.38070088624954224, "acc": 0.8407329320907593, "length": 4.997938632965088, "mode": "train", "epoch": 10}
{"loss": 0.3921392261981964, "acc": 0.8377630114555359, "length": 5.0, "mode": "test", "epoch": 10}
{"loss": 0.37493249773979187, "acc": 0.8439289331436157, "length": 4.998682022094727, "mode": "train", "epoch": 11}
{"loss": 0.3789311647415161, "acc": 0.8504982590675354, "length": 5.0, "mode": "test", "epoch": 11}
{"loss": 0.3679198920726776, "acc": 0.8486454486846924, "length": 4.997863292694092, "mode": "train", "epoch": 12}
{"loss": 0.37018096446990967, "acc": 0.8509136438369751, "length": 5.0, "mode": "test", "epoch": 12}
{"loss": 0.3609306514263153, "acc": 0.8518396019935608, "length": 4.99900484085083, "mode": "train", "epoch": 13}
{"loss": 0.3730623424053192, "acc": 0.8500831723213196, "length": 5.0, "mode": "test", "epoch": 13}
{"loss": 0.356879323720932, "acc": 0.8563553094863892, "length": 4.998689651489258, "mode": "train", "epoch": 14}
{"loss": 0.36223578453063965, "acc": 0.857835054397583, "length": 5.0, "mode": "test", "epoch": 14}
{"loss": 0.35150301456451416, "acc": 0.8583736419677734, "length": 4.997722148895264, "mode": "train", "epoch": 15}
{"loss": 0.35918930172920227, "acc": 0.8612957000732422, "length": 5.0, "mode": "test", "epoch": 15}
{"loss": 0.34408143162727356, "acc": 0.8628856539726257, "length": 4.997699737548828, "mode": "train", "epoch": 16}
{"loss": 0.34884145855903625, "acc": 0.8682171702384949, "length": 5.0, "mode": "test", "epoch": 16}
{"loss": 0.34123483300209045, "acc": 0.8618834018707275, "length": 4.998498916625977, "mode": "train", "epoch": 17}
{"loss": 0.3524022400379181, "acc": 0.865448534488678, "length": 5.0, "mode": "test", "epoch": 17}
{"loss": 0.33717942237854004, "acc": 0.8640676140785217, "length": 4.998660564422607, "mode": "train", "epoch": 18}
{"loss": 0.3534492552280426, "acc": 0.8626800179481506, "length": 5.0, "mode": "test", "epoch": 18}
{"loss": 0.3358277678489685, "acc": 0.8641260266304016, "length": 4.999476432800293, "mode": "train", "epoch": 19}
{"loss": 0.34791654348373413, "acc": 0.8668327331542969, "length": 5.0, "mode": "test", "epoch": 19}
{"loss": 0.3335706293582916, "acc": 0.8641880750656128, "length": 4.999875068664551, "mode": "train", "epoch": 20}
{"loss": 0.35277900099754333, "acc": 0.8635106086730957, "length": 5.0, "mode": "test", "epoch": 20}
{"loss": 0.3308074474334717, "acc": 0.865584671497345, "length": 4.998127460479736, "mode": "train", "epoch": 21}
{"loss": 0.3457079231739044, "acc": 0.8637873530387878, "length": 5.0, "mode": "test", "epoch": 21}
{"loss": 0.33234840631484985, "acc": 0.8647013902664185, "length": 4.998919486999512, "mode": "train", "epoch": 22}
{"loss": 0.3401021361351013, "acc": 0.8672482371330261, "length": 5.0, "mode": "test", "epoch": 22}
{"loss": 0.3231964409351349, "acc": 0.8662655353546143, "length": 4.999782562255859, "mode": "train", "epoch": 23}
{"loss": 0.3411559462547302, "acc": 0.8697397112846375, "length": 5.0, "mode": "test", "epoch": 23}
{"loss": 0.3212032914161682, "acc": 0.8664932250976562, "length": 4.99961519241333, "mode": "train", "epoch": 24}
{"loss": 0.33478736877441406, "acc": 0.8675249218940735, "length": 5.0, "mode": "test", "epoch": 24}
{"loss": 0.3248651325702667, "acc": 0.8654366135597229, "length": 4.999958515167236, "mode": "train", "epoch": 25}
{"loss": 0.3358144462108612, "acc": 0.8687706589698792, "length": 5.0, "mode": "test", "epoch": 25}
{"loss": 0.3170429766178131, "acc": 0.8674695491790771, "length": 4.99992561340332, "mode": "train", "epoch": 26}
{"loss": 0.3373994827270508, "acc": 0.8690476417541504, "length": 5.0, "mode": "test", "epoch": 26}
{"loss": 0.3170081675052643, "acc": 0.8662615418434143, "length": 4.9995927810668945, "mode": "train", "epoch": 27}
{"loss": 0.33457115292549133, "acc": 0.867386519908905, "length": 5.0, "mode": "test", "epoch": 27}
{"loss": 0.3142681419849396, "acc": 0.8679777383804321, "length": 4.99991512298584, "mode": "train", "epoch": 28}
{"loss": 0.33310920000076294, "acc": 0.8700166344642639, "length": 5.0, "mode": "test", "epoch": 28}
{"loss": 0.3099835515022278, "acc": 0.8674930930137634, "length": 4.999181270599365, "mode": "train", "epoch": 29}
{"loss": 0.32804256677627563, "acc": 0.8684937953948975, "length": 5.0, "mode": "test", "epoch": 29}
{"loss": 0.3092118799686432, "acc": 0.868070662021637, "length": 4.999980449676514, "mode": "train", "epoch": 30}
{"loss": 0.328474223613739, "acc": 0.8708472847938538, "length": 5.0, "mode": "test", "epoch": 30}
{"loss": 0.3064786493778229, "acc": 0.8691773414611816, "length": 4.99991512298584, "mode": "train", "epoch": 31}
{"loss": 0.3278568685054779, "acc": 0.8712624311447144, "length": 5.0, "mode": "test", "epoch": 31}
{"loss": 0.3057175278663635, "acc": 0.868671178817749, "length": 4.999988079071045, "mode": "train", "epoch": 32}
{"loss": 0.32560965418815613, "acc": 0.8734771609306335, "length": 5.0, "mode": "test", "epoch": 32}
{"loss": 0.3017905652523041, "acc": 0.8707032203674316, "length": 4.999968528747559, "mode": "train", "epoch": 33}
{"loss": 0.32404354214668274, "acc": 0.8733388781547546, "length": 5.0, "mode": "test", "epoch": 33}
{"loss": 0.3000180423259735, "acc": 0.8715283870697021, "length": 4.99967098236084, "mode": "train", "epoch": 34}
{"loss": 0.33195066452026367, "acc": 0.8701549768447876, "length": 5.0, "mode": "test", "epoch": 34}
{"loss": 0.2973904311656952, "acc": 0.8704724907875061, "length": 4.999966621398926, "mode": "train", "epoch": 35}
{"loss": 0.323794424533844, "acc": 0.8711239695549011, "length": 5.0, "mode": "test", "epoch": 35}
{"loss": 0.29282987117767334, "acc": 0.8726440072059631, "length": 4.999994277954102, "mode": "train", "epoch": 36}
{"loss": 0.3237434923648834, "acc": 0.871400773525238, "length": 5.0, "mode": "test", "epoch": 36}
{"loss": 0.2933613359928131, "acc": 0.8725515007972717, "length": 4.99999475479126, "mode": "train", "epoch": 37}
{"loss": 0.3223256468772888, "acc": 0.8669712543487549, "length": 5.0, "mode": "test", "epoch": 37}
{"loss": 0.29222819209098816, "acc": 0.8725055456161499, "length": 4.999997615814209, "mode": "train", "epoch": 38}
{"loss": 0.316931813955307, "acc": 0.870293378829956, "length": 5.0, "mode": "test", "epoch": 38}
{"loss": 0.29692891240119934, "acc": 0.8710272312164307, "length": 4.999999046325684, "mode": "train", "epoch": 39}
{"loss": 0.326166033744812, "acc": 0.8693244457244873, "length": 5.0, "mode": "test", "epoch": 39}
{"loss": 0.3028169572353363, "acc": 0.8678274154663086, "length": 4.999780178070068, "mode": "train", "epoch": 40}
{"loss": 0.3297971785068512, "acc": 0.8640642762184143, "length": 5.0, "mode": "test", "epoch": 40}
{"loss": 0.28863513469696045, "acc": 0.8721812963485718, "length": 4.999967575073242, "mode": "train", "epoch": 41}
{"loss": 0.3269638419151306, "acc": 0.8708472847938538, "length": 5.0, "mode": "test", "epoch": 41}
{"loss": 0.28985586762428284, "acc": 0.871627926826477, "length": 4.999996185302734, "mode": "train", "epoch": 42}
{"loss": 0.32894742488861084, "acc": 0.8653098940849304, "length": 5.0, "mode": "test", "epoch": 42}
{"loss": 0.28648409247398376, "acc": 0.8749992847442627, "length": 4.99998140335083, "mode": "train", "epoch": 43}
{"loss": 0.3220400810241699, "acc": 0.8669712543487549, "length": 5.0, "mode": "test", "epoch": 43}
{"loss": 0.2839720547199249, "acc": 0.8761070370674133, "length": 4.999851703643799, "mode": "train", "epoch": 44}
{"loss": 0.3266664445400238, "acc": 0.8679400682449341, "length": 5.0, "mode": "test", "epoch": 44}
{"loss": 0.2841241955757141, "acc": 0.875505805015564, "length": 4.9999589920043945, "mode": "train", "epoch": 45}
{"loss": 0.31909164786338806, "acc": 0.872646689414978, "length": 5.0, "mode": "test", "epoch": 45}
{"loss": 0.28237035870552063, "acc": 0.8751822113990784, "length": 4.999927520751953, "mode": "train", "epoch": 46}
{"loss": 0.33741822838783264, "acc": 0.8558968901634216, "length": 5.0, "mode": "test", "epoch": 46}
{"loss": 0.2899256646633148, "acc": 0.8705157041549683, "length": 4.999916076660156, "mode": "train", "epoch": 47}
{"loss": 0.3249055743217468, "acc": 0.8682172894477844, "length": 5.0, "mode": "test", "epoch": 47}
{"loss": 0.28563931584358215, "acc": 0.8759238719940186, "length": 4.999999523162842, "mode": "train", "epoch": 48}
{"loss": 0.3225061595439911, "acc": 0.8729236721992493, "length": 5.0, "mode": "test", "epoch": 48}
{"loss": 0.28534671664237976, "acc": 0.8729669451713562, "length": 4.999980449676514, "mode": "train", "epoch": 49}
{"loss": 0.3244791030883789, "acc": 0.8646179437637329, "length": 5.0, "mode": "test", "epoch": 49}
{"loss": 0.28925833106040955, "acc": 0.8703805208206177, "length": 4.999994277954102, "mode": "train", "epoch": 50}
{"loss": 0.32927775382995605, "acc": 0.8687707781791687, "length": 5.0, "mode": "test", "epoch": 50}
{"loss": 0.28297486901283264, "acc": 0.8738449811935425, "length": 4.999998569488525, "mode": "train", "epoch": 51}
{"loss": 0.32771772146224976, "acc": 0.8664174675941467, "length": 5.0, "mode": "test", "epoch": 51}
{"loss": 0.28330785036087036, "acc": 0.8746303915977478, "length": 4.999998569488525, "mode": "train", "epoch": 52}
{"loss": 0.3346702754497528, "acc": 0.8701549768447876, "length": 5.0, "mode": "test", "epoch": 52}
{"loss": 0.2822040021419525, "acc": 0.8740299344062805, "length": 4.999999046325684, "mode": "train", "epoch": 53}
{"loss": 0.32684221863746643, "acc": 0.8655869960784912, "length": 5.0, "mode": "test", "epoch": 53}
{"loss": 0.28600171208381653, "acc": 0.8723207712173462, "length": 4.999993324279785, "mode": "train", "epoch": 54}
{"loss": 0.3222234547138214, "acc": 0.8734772801399231, "length": 5.0, "mode": "test", "epoch": 54}
{"loss": 0.27710163593292236, "acc": 0.8766167163848877, "length": 4.999995231628418, "mode": "train", "epoch": 55}
{"loss": 0.3230380117893219, "acc": 0.8738925457000732, "length": 5.0, "mode": "test", "epoch": 55}
{"loss": 0.27423572540283203, "acc": 0.8779101371765137, "length": 4.999998569488525, "mode": "train", "epoch": 56}
{"loss": 0.327554315328598, "acc": 0.8709854483604431, "length": 5.0, "mode": "test", "epoch": 56}
{"loss": 0.2733995020389557, "acc": 0.8753212690353394, "length": 4.999965190887451, "mode": "train", "epoch": 57}
{"loss": 0.321505606174469, "acc": 0.8672482371330261, "length": 5.0, "mode": "test", "epoch": 57}
{"loss": 0.280947208404541, "acc": 0.8757851123809814, "length": 4.999990940093994, "mode": "train", "epoch": 58}
{"loss": 0.3218698799610138, "acc": 0.8684938549995422, "length": 5.0, "mode": "test", "epoch": 58}
{"loss": 0.28252699971199036, "acc": 0.8761543035507202, "length": 4.99997615814209, "mode": "train", "epoch": 59}
{"loss": 0.3250315189361572, "acc": 0.8704319000244141, "length": 5.0, "mode": "test", "epoch": 59}
{"loss": 0.2753486931324005, "acc": 0.8763394355773926, "length": 4.999991416931152, "mode": "train", "epoch": 60}
{"loss": 0.3224259614944458, "acc": 0.8693244457244873, "length": 5.0, "mode": "test", "epoch": 60}
{"loss": 0.27428263425827026, "acc": 0.8773552179336548, "length": 4.999975204467773, "mode": "train", "epoch": 61}
{"loss": 0.32202908396720886, "acc": 0.8691861629486084, "length": 5.0, "mode": "test", "epoch": 61}
{"loss": 0.27578192949295044, "acc": 0.8774479031562805, "length": 4.999993324279785, "mode": "train", "epoch": 62}
{"loss": 0.32303935289382935, "acc": 0.8657253980636597, "length": 5.0, "mode": "test", "epoch": 62}
{"loss": 0.2723473310470581, "acc": 0.8778586387634277, "length": 4.999731540679932, "mode": "train", "epoch": 63}
{"loss": 0.3331946134567261, "acc": 0.8676635026931763, "length": 5.0, "mode": "test", "epoch": 63}
{"loss": 0.2762448489665985, "acc": 0.8772629499435425, "length": 4.999982833862305, "mode": "train", "epoch": 64}
{"loss": 0.3266294300556183, "acc": 0.8697397112846375, "length": 5.0, "mode": "test", "epoch": 64}
{"loss": 0.2762313187122345, "acc": 0.875830352306366, "length": 4.999902725219727, "mode": "train", "epoch": 65}
{"loss": 0.3338296711444855, "acc": 0.8612957000732422, "length": 5.0, "mode": "test", "epoch": 65}
{"loss": 0.2757956087589264, "acc": 0.8756694793701172, "length": 4.99964714050293, "mode": "train", "epoch": 66}
{"loss": 0.327107697725296, "acc": 0.8599114418029785, "length": 5.0, "mode": "test", "epoch": 66}
{"loss": 0.270584374666214, "acc": 0.8783499002456665, "length": 4.9995527267456055, "mode": "train", "epoch": 67}
{"loss": 0.32203763723373413, "acc": 0.8738926649093628, "length": 5.0, "mode": "test", "epoch": 67}
{"loss": 0.2684800624847412, "acc": 0.8789259791374207, "length": 4.999992370605469, "mode": "train", "epoch": 68}
{"loss": 0.32206419110298157, "acc": 0.8714008331298828, "length": 5.0, "mode": "test", "epoch": 68}
{"loss": 0.2773115634918213, "acc": 0.8751382231712341, "length": 4.99998140335083, "mode": "train", "epoch": 69}
{"loss": 0.385522723197937, "acc": 0.8575583696365356, "length": 5.0, "mode": "test", "epoch": 69}
{"loss": 0.30650800466537476, "acc": 0.8671932220458984, "length": 4.999999046325684, "mode": "train", "epoch": 70}
{"loss": 0.3298417031764984, "acc": 0.8633720874786377, "length": 5.0, "mode": "test", "epoch": 70}
{"loss": 0.2820175290107727, "acc": 0.8732445240020752, "length": 4.999999046325684, "mode": "train", "epoch": 71}
{"loss": 0.33455634117126465, "acc": 0.8611574172973633, "length": 5.0, "mode": "test", "epoch": 71}
{"loss": 0.2749433219432831, "acc": 0.8776327967643738, "length": 4.999974727630615, "mode": "train", "epoch": 72}
{"loss": 0.32153061032295227, "acc": 0.8680785894393921, "length": 5.0, "mode": "test", "epoch": 72}
{"loss": 0.27014559507369995, "acc": 0.8784644603729248, "length": 4.999996662139893, "mode": "train", "epoch": 73}
{"loss": 0.32405444979667664, "acc": 0.8698782324790955, "length": 5.0, "mode": "test", "epoch": 73}
{"loss": 0.27377238869667053, "acc": 0.8786953091621399, "length": 4.99999475479126, "mode": "train", "epoch": 74}
{"loss": 0.33280032873153687, "acc": 0.8657253980636597, "length": 5.0, "mode": "test", "epoch": 74}
{"loss": 0.271025687456131, "acc": 0.8801733255386353, "length": 4.999989032745361, "mode": "train", "epoch": 75}
{"loss": 0.33024895191192627, "acc": 0.8680784702301025, "length": 5.0, "mode": "test", "epoch": 75}
{"loss": 0.2696124017238617, "acc": 0.8804949522018433, "length": 4.999887466430664, "mode": "train", "epoch": 76}
{"loss": 0.3379020690917969, "acc": 0.8639258742332458, "length": 5.0, "mode": "test", "epoch": 76}
{"loss": 0.28644558787345886, "acc": 0.8741222023963928, "length": 4.999995231628418, "mode": "train", "epoch": 77}
{"loss": 0.3323846459388733, "acc": 0.8644795417785645, "length": 5.0, "mode": "test", "epoch": 77}
{"loss": 0.2781686782836914, "acc": 0.8751385807991028, "length": 4.999995708465576, "mode": "train", "epoch": 78}
{"loss": 0.3229478895664215, "acc": 0.8678017854690552, "length": 5.0, "mode": "test", "epoch": 78}
{"loss": 0.2653663456439972, "acc": 0.8800349831581116, "length": 4.999996185302734, "mode": "train", "epoch": 79}
{"loss": 0.3202366232872009, "acc": 0.872785210609436, "length": 5.0, "mode": "test", "epoch": 79}
{"loss": 0.2675720155239105, "acc": 0.8798964619636536, "length": 4.999996185302734, "mode": "train", "epoch": 80}
{"loss": 0.32382938265800476, "acc": 0.872646689414978, "length": 5.0, "mode": "test", "epoch": 80}
{"loss": 0.26441463828086853, "acc": 0.8824359774589539, "length": 4.999958515167236, "mode": "train", "epoch": 81}
{"loss": 0.3215023875236511, "acc": 0.8720930218696594, "length": 5.0, "mode": "test", "epoch": 81}
{"loss": 0.2719920873641968, "acc": 0.8784182667732239, "length": 4.999996662139893, "mode": "train", "epoch": 82}
{"loss": 0.3417361080646515, "acc": 0.8686323761940002, "length": 5.0, "mode": "test", "epoch": 82}
{"loss": 0.2690376937389374, "acc": 0.876247227191925, "length": 4.999999046325684, "mode": "train", "epoch": 83}
{"loss": 0.32852262258529663, "acc": 0.8709854483604431, "length": 5.0, "mode": "test", "epoch": 83}
{"loss": 0.2614423632621765, "acc": 0.8809545040130615, "length": 4.999915599822998, "mode": "train", "epoch": 84}
{"loss": 0.3202275037765503, "acc": 0.8715393543243408, "length": 5.0, "mode": "test", "epoch": 84}
{"loss": 0.26652833819389343, "acc": 0.8777716159820557, "length": 4.999996662139893, "mode": "train", "epoch": 85}
{"loss": 0.3279484212398529, "acc": 0.8734772801399231, "length": 5.0, "mode": "test", "epoch": 85}
{"loss": 0.2641464173793793, "acc": 0.881235659122467, "length": 4.999991416931152, "mode": "train", "epoch": 86}
{"loss": 0.3354988098144531, "acc": 0.8702934980392456, "length": 5.0, "mode": "test", "epoch": 86}
{"loss": 0.26624441146850586, "acc": 0.8798408508300781, "length": 4.999481201171875, "mode": "train", "epoch": 87}
{"loss": 0.32490968704223633, "acc": 0.8701552152633667, "length": 5.0, "mode": "test", "epoch": 87}
{"loss": 0.2607470750808716, "acc": 0.8811898827552795, "length": 4.999999523162842, "mode": "train", "epoch": 88}
{"loss": 0.32600143551826477, "acc": 0.8711241483688354, "length": 5.0, "mode": "test", "epoch": 88}
{"loss": 0.26138609647750854, "acc": 0.8819751143455505, "length": 5.0, "mode": "train", "epoch": 89}
{"loss": 0.3213360607624054, "acc": 0.8696014285087585, "length": 5.0, "mode": "test", "epoch": 89}
{"loss": 0.2602638006210327, "acc": 0.8834995627403259, "length": 4.999999046325684, "mode": "train", "epoch": 90}
{"loss": 0.3219485282897949, "acc": 0.8708471655845642, "length": 5.0, "mode": "test", "epoch": 90}
{"loss": 0.2611258029937744, "acc": 0.8786956071853638, "length": 4.999997615814209, "mode": "train", "epoch": 91}
{"loss": 0.3256247639656067, "acc": 0.8693245649337769, "length": 5.0, "mode": "test", "epoch": 91}
{"loss": 0.2610165774822235, "acc": 0.8807279467582703, "length": 5.0, "mode": "train", "epoch": 92}
{"loss": 0.3272618055343628, "acc": 0.8603267073631287, "length": 5.0, "mode": "test", "epoch": 92}
{"loss": 0.27497583627700806, "acc": 0.8748153448104858, "length": 4.999999523162842, "mode": "train", "epoch": 93}
{"loss": 0.33986881375312805, "acc": 0.8642026782035828, "length": 5.0, "mode": "test", "epoch": 93}
{"loss": 0.26323673129081726, "acc": 0.882390558719635, "length": 4.999979019165039, "mode": "train", "epoch": 94}
{"loss": 0.3266986310482025, "acc": 0.870985746383667, "length": 5.0, "mode": "test", "epoch": 94}
{"loss": 0.2737046480178833, "acc": 0.875322163105011, "length": 4.99997091293335, "mode": "train", "epoch": 95}
{"loss": 0.33063676953315735, "acc": 0.8700166344642639, "length": 5.0, "mode": "test", "epoch": 95}
{"loss": 0.2663612365722656, "acc": 0.8806354403495789, "length": 4.999995708465576, "mode": "train", "epoch": 96}
{"loss": 0.3371557295322418, "acc": 0.8575581312179565, "length": 5.0, "mode": "test", "epoch": 96}
{"loss": 0.26427412033081055, "acc": 0.8819751739501953, "length": 4.999996185302734, "mode": "train", "epoch": 97}
{"loss": 0.33111974596977234, "acc": 0.8686323761940002, "length": 5.0, "mode": "test", "epoch": 97}
{"loss": 0.25722065567970276, "acc": 0.8834072351455688, "length": 4.999995708465576, "mode": "train", "epoch": 98}
{"loss": 0.320475310087204, "acc": 0.8701550960540771, "length": 5.0, "mode": "test", "epoch": 98}
{"loss": 0.2584823966026306, "acc": 0.8840540647506714, "length": 4.999998569488525, "mode": "train", "epoch": 99}
{"loss": 0.33915433287620544, "acc": 0.8628184199333191, "length": 5.0, "mode": "test", "epoch": 99}
{"loss": 0.25550904870033264, "acc": 0.8834995627403259, "length": 4.999997615814209, "mode": "train", "epoch": 100}
{"loss": 0.3272148668766022, "acc": 0.869739830493927, "length": 5.0, "mode": "test", "epoch": 100}
test accuracy: 0.8497474789619446
