# ["--attributes=4", "--values=4", "--game_size=3", "--vocab_size_factor=3", "--n_epochs=100", "--batch_size=64", "--learning_rate=0.0005", "--hidden_size=128", "--temp_update=0.99", "--temperature=2"]
Creating train_ds and val_ds...

Creating test_ds...
{"loss": 0.6949544548988342, "acc": 0.5034589767456055, "length": 3.988218069076538, "mode": "train", "epoch": 1}
{"loss": 0.6938721537590027, "acc": 0.4938427209854126, "length": 1.0, "mode": "test", "epoch": 1}
{"loss": 0.6633607745170593, "acc": 0.6082978844642639, "length": 3.286957025527954, "mode": "train", "epoch": 2}
{"loss": 0.6068227887153625, "acc": 0.699977457523346, "length": 3.431570053100586, "mode": "test", "epoch": 2}
{"loss": 0.5693905353546143, "acc": 0.7053366303443909, "length": 4.411883354187012, "mode": "train", "epoch": 3}
{"loss": 0.5493307709693909, "acc": 0.7295684218406677, "length": 4.750629901885986, "mode": "test", "epoch": 3}
{"loss": 0.5271792411804199, "acc": 0.7422187924385071, "length": 4.743102073669434, "mode": "train", "epoch": 4}
{"loss": 0.5374283194541931, "acc": 0.7484244704246521, "length": 4.884970664978027, "mode": "test", "epoch": 4}
{"loss": 0.4782891273498535, "acc": 0.7814299464225769, "length": 4.879963397979736, "mode": "train", "epoch": 5}
{"loss": 0.48821720480918884, "acc": 0.7808331847190857, "length": 4.931150436401367, "mode": "test", "epoch": 5}
{"loss": 0.44823914766311646, "acc": 0.8000690937042236, "length": 4.925971984863281, "mode": "train", "epoch": 6}
{"loss": 0.4806079864501953, "acc": 0.7838879227638245, "length": 4.990764141082764, "mode": "test", "epoch": 6}
{"loss": 0.4309786856174469, "acc": 0.8106159567832947, "length": 4.951929569244385, "mode": "train", "epoch": 7}
{"loss": 0.47877100110054016, "acc": 0.7900508642196655, "length": 4.99580192565918, "mode": "test", "epoch": 7}
{"loss": 0.41717636585235596, "acc": 0.815342128276825, "length": 4.971743583679199, "mode": "train", "epoch": 8}
{"loss": 0.4662230610847473, "acc": 0.7988952994346619, "length": 4.998320579528809, "mode": "test", "epoch": 8}
{"loss": 0.4078954756259918, "acc": 0.8207895159721375, "length": 4.974992275238037, "mode": "train", "epoch": 9}
{"loss": 0.4541359841823578, "acc": 0.793590784072876, "length": 5.0, "mode": "test", "epoch": 9}
{"loss": 0.4006395936012268, "acc": 0.8244273066520691, "length": 4.979188442230225, "mode": "train", "epoch": 10}
{"loss": 0.4590255916118622, "acc": 0.7963895201683044, "length": 5.0, "mode": "test", "epoch": 10}
{"loss": 0.38954421877861023, "acc": 0.8286345601081848, "length": 4.986143112182617, "mode": "train", "epoch": 11}
{"loss": 0.43880167603492737, "acc": 0.8053457140922546, "length": 5.0, "mode": "test", "epoch": 11}
{"loss": 0.3789905905723572, "acc": 0.8325549960136414, "length": 4.989382743835449, "mode": "train", "epoch": 12}
{"loss": 0.4342048168182373, "acc": 0.8039462566375732, "length": 5.0, "mode": "test", "epoch": 12}
{"loss": 0.37399059534072876, "acc": 0.8344001770019531, "length": 4.991434097290039, "mode": "train", "epoch": 13}
{"loss": 0.4332849681377411, "acc": 0.8053456544876099, "length": 5.0, "mode": "test", "epoch": 13}
{"loss": 0.3623310327529907, "acc": 0.8407143950462341, "length": 4.992158889770508, "mode": "train", "epoch": 14}
{"loss": 0.4195135533809662, "acc": 0.8165406584739685, "length": 5.0, "mode": "test", "epoch": 14}
{"loss": 0.3548867106437683, "acc": 0.8448275923728943, "length": 4.993353366851807, "mode": "train", "epoch": 15}
{"loss": 0.4268915355205536, "acc": 0.8004478216171265, "length": 5.0, "mode": "test", "epoch": 15}
{"loss": 0.34621110558509827, "acc": 0.8510075807571411, "length": 4.9945292472839355, "mode": "train", "epoch": 16}
{"loss": 0.43477481603622437, "acc": 0.8059054017066956, "length": 5.0, "mode": "test", "epoch": 16}
{"loss": 0.3432624638080597, "acc": 0.8489199876785278, "length": 4.994797229766846, "mode": "train", "epoch": 17}
{"loss": 0.4195966124534607, "acc": 0.815281331539154, "length": 5.0, "mode": "test", "epoch": 17}
{"loss": 0.33399665355682373, "acc": 0.8548171520233154, "length": 4.99608039855957, "mode": "train", "epoch": 18}
{"loss": 0.41808179020881653, "acc": 0.8103834390640259, "length": 5.0, "mode": "test", "epoch": 18}
{"loss": 0.3334306478500366, "acc": 0.8543109893798828, "length": 4.99601936340332, "mode": "train", "epoch": 19}
{"loss": 0.4133913815021515, "acc": 0.8182200193405151, "length": 5.0, "mode": "test", "epoch": 19}
{"loss": 0.32563385367393494, "acc": 0.8601553440093994, "length": 4.996898651123047, "mode": "train", "epoch": 20}
{"loss": 0.40561988949775696, "acc": 0.8203189969062805, "length": 5.0, "mode": "test", "epoch": 20}
{"loss": 0.32215961813926697, "acc": 0.8594005107879639, "length": 4.996720790863037, "mode": "train", "epoch": 21}
{"loss": 0.39928004145622253, "acc": 0.8228380680084229, "length": 5.0, "mode": "test", "epoch": 21}
{"loss": 0.3189532458782196, "acc": 0.8630112409591675, "length": 4.997220993041992, "mode": "train", "epoch": 22}
{"loss": 0.39894556999206543, "acc": 0.826896071434021, "length": 5.0, "mode": "test", "epoch": 22}
{"loss": 0.3129976987838745, "acc": 0.8646109700202942, "length": 4.997891426086426, "mode": "train", "epoch": 23}
{"loss": 0.38869473338127136, "acc": 0.8368318676948547, "length": 5.0, "mode": "test", "epoch": 23}
{"loss": 0.30986952781677246, "acc": 0.8651754260063171, "length": 4.998072147369385, "mode": "train", "epoch": 24}
{"loss": 0.39468759298324585, "acc": 0.8240973949432373, "length": 5.0, "mode": "test", "epoch": 24}
{"loss": 0.305044949054718, "acc": 0.8667699694633484, "length": 4.998367786407471, "mode": "train", "epoch": 25}
{"loss": 0.38321515917778015, "acc": 0.8348726630210876, "length": 5.0, "mode": "test", "epoch": 25}
{"loss": 0.30102649331092834, "acc": 0.8716170191764832, "length": 4.9982452392578125, "mode": "train", "epoch": 26}
{"loss": 0.37764397263526917, "acc": 0.8357123136520386, "length": 5.0, "mode": "test", "epoch": 26}
{"loss": 0.2953798472881317, "acc": 0.8734422922134399, "length": 4.998476982116699, "mode": "train", "epoch": 27}
{"loss": 0.37951067090034485, "acc": 0.8329133987426758, "length": 5.0, "mode": "test", "epoch": 27}
{"loss": 0.29018327593803406, "acc": 0.8745201826095581, "length": 4.998600482940674, "mode": "train", "epoch": 28}
{"loss": 0.3784066140651703, "acc": 0.8397707343101501, "length": 5.0, "mode": "test", "epoch": 28}
{"loss": 0.2854955196380615, "acc": 0.8776537179946899, "length": 4.998859882354736, "mode": "train", "epoch": 29}
{"loss": 0.3672483265399933, "acc": 0.8481668829917908, "length": 5.0, "mode": "test", "epoch": 29}
{"loss": 0.2844267189502716, "acc": 0.8785409927368164, "length": 4.998924255371094, "mode": "train", "epoch": 30}
{"loss": 0.3750059902667999, "acc": 0.842149555683136, "length": 5.0, "mode": "test", "epoch": 30}
{"loss": 0.2766951322555542, "acc": 0.8840043544769287, "length": 4.998987674713135, "mode": "train", "epoch": 31}
{"loss": 0.35834839940071106, "acc": 0.8470473885536194, "length": 5.0, "mode": "test", "epoch": 31}
{"loss": 0.27109089493751526, "acc": 0.886295735836029, "length": 4.999206066131592, "mode": "train", "epoch": 32}
{"loss": 0.3626769185066223, "acc": 0.8474670648574829, "length": 5.0, "mode": "test", "epoch": 32}
{"loss": 0.26849594712257385, "acc": 0.8857361674308777, "length": 4.999001979827881, "mode": "train", "epoch": 33}
{"loss": 0.34847530722618103, "acc": 0.8522250056266785, "length": 5.0, "mode": "test", "epoch": 33}
{"loss": 0.2611147165298462, "acc": 0.8906891942024231, "length": 4.999327182769775, "mode": "train", "epoch": 34}
{"loss": 0.3604772388935089, "acc": 0.8571228384971619, "length": 5.0, "mode": "test", "epoch": 34}
{"loss": 0.26184165477752686, "acc": 0.890641987323761, "length": 4.999338150024414, "mode": "train", "epoch": 35}
{"loss": 0.3650462329387665, "acc": 0.8498461246490479, "length": 5.0, "mode": "test", "epoch": 35}
{"loss": 0.256504625082016, "acc": 0.893772542476654, "length": 4.999446392059326, "mode": "train", "epoch": 36}
{"loss": 0.35390704870224, "acc": 0.8502657413482666, "length": 5.0, "mode": "test", "epoch": 36}
{"loss": 0.253618448972702, "acc": 0.8937240839004517, "length": 4.999361038208008, "mode": "train", "epoch": 37}
{"loss": 0.34168606996536255, "acc": 0.8607613444328308, "length": 5.0, "mode": "test", "epoch": 37}
{"loss": 0.24965693056583405, "acc": 0.8961547613143921, "length": 4.999480247497559, "mode": "train", "epoch": 38}
{"loss": 0.34634268283843994, "acc": 0.859362006187439, "length": 5.0, "mode": "test", "epoch": 38}
{"loss": 0.2429496794939041, "acc": 0.8984888792037964, "length": 4.999419212341309, "mode": "train", "epoch": 39}
{"loss": 0.3418232202529907, "acc": 0.8597816824913025, "length": 5.0, "mode": "test", "epoch": 39}
{"loss": 0.23977114260196686, "acc": 0.901387631893158, "length": 4.999619007110596, "mode": "train", "epoch": 40}
{"loss": 0.3377512991428375, "acc": 0.8705568909645081, "length": 5.0, "mode": "test", "epoch": 40}
{"loss": 0.23595775663852692, "acc": 0.90395188331604, "length": 4.999458312988281, "mode": "train", "epoch": 41}
{"loss": 0.3494854271411896, "acc": 0.8621608018875122, "length": 5.0, "mode": "test", "epoch": 41}
{"loss": 0.22876961529254913, "acc": 0.9053547978401184, "length": 4.999604225158691, "mode": "train", "epoch": 42}
{"loss": 0.33678382635116577, "acc": 0.8662188053131104, "length": 5.0, "mode": "test", "epoch": 42}
{"loss": 0.23144933581352234, "acc": 0.9063319563865662, "length": 4.999574184417725, "mode": "train", "epoch": 43}
{"loss": 0.3467152416706085, "acc": 0.8606213331222534, "length": 5.0, "mode": "test", "epoch": 43}
{"loss": 0.22463557124137878, "acc": 0.907133162021637, "length": 4.999701499938965, "mode": "train", "epoch": 44}
{"loss": 0.32967618107795715, "acc": 0.8719563484191895, "length": 5.0, "mode": "test", "epoch": 44}
{"loss": 0.2219768911600113, "acc": 0.9100211262702942, "length": 4.999586582183838, "mode": "train", "epoch": 45}
{"loss": 0.3306919038295746, "acc": 0.8753149509429932, "length": 5.0, "mode": "test", "epoch": 45}
{"loss": 0.2196800261735916, "acc": 0.9113283157348633, "length": 4.999567985534668, "mode": "train", "epoch": 46}
{"loss": 0.3414056599140167, "acc": 0.8699971437454224, "length": 5.0, "mode": "test", "epoch": 46}
{"loss": 0.21571733057498932, "acc": 0.9131968021392822, "length": 4.999647617340088, "mode": "train", "epoch": 47}
{"loss": 0.33628469705581665, "acc": 0.8726560473442078, "length": 5.0, "mode": "test", "epoch": 47}
{"loss": 0.21327689290046692, "acc": 0.9143207669258118, "length": 4.9997076988220215, "mode": "train", "epoch": 48}
{"loss": 0.3325906991958618, "acc": 0.8611809611320496, "length": 5.0, "mode": "test", "epoch": 48}
{"loss": 0.2126447856426239, "acc": 0.9121723175048828, "length": 4.999643325805664, "mode": "train", "epoch": 49}
{"loss": 0.3205147385597229, "acc": 0.8743352293968201, "length": 5.0, "mode": "test", "epoch": 49}
{"loss": 0.20630638301372528, "acc": 0.9181987643241882, "length": 4.999772548675537, "mode": "train", "epoch": 50}
{"loss": 0.3331388533115387, "acc": 0.8712565302848816, "length": 5.0, "mode": "test", "epoch": 50}
{"loss": 0.20344537496566772, "acc": 0.9186174869537354, "length": 4.9997477531433105, "mode": "train", "epoch": 51}
{"loss": 0.3254326283931732, "acc": 0.8783934712409973, "length": 5.0, "mode": "test", "epoch": 51}
{"loss": 0.2025415450334549, "acc": 0.917921245098114, "length": 4.999828815460205, "mode": "train", "epoch": 52}
{"loss": 0.3262808322906494, "acc": 0.8790932893753052, "length": 5.0, "mode": "test", "epoch": 52}
{"loss": 0.197806254029274, "acc": 0.9214668869972229, "length": 4.9997735023498535, "mode": "train", "epoch": 53}
{"loss": 0.3245594799518585, "acc": 0.8750349283218384, "length": 5.0, "mode": "test", "epoch": 53}
{"loss": 0.19659453630447388, "acc": 0.922307014465332, "length": 4.999784469604492, "mode": "train", "epoch": 54}
{"loss": 0.3183148503303528, "acc": 0.8827317357063293, "length": 5.0, "mode": "test", "epoch": 54}
{"loss": 0.19370980560779572, "acc": 0.9215640425682068, "length": 4.999879837036133, "mode": "train", "epoch": 55}
{"loss": 0.3256283104419708, "acc": 0.8755948543548584, "length": 5.0, "mode": "test", "epoch": 55}
{"loss": 0.19183139503002167, "acc": 0.9248781800270081, "length": 4.9998626708984375, "mode": "train", "epoch": 56}
{"loss": 0.3232196271419525, "acc": 0.8809124827384949, "length": 5.0, "mode": "test", "epoch": 56}
{"loss": 0.18947619199752808, "acc": 0.924551248550415, "length": 4.999873161315918, "mode": "train", "epoch": 57}
{"loss": 0.3136288523674011, "acc": 0.884270966053009, "length": 5.0, "mode": "test", "epoch": 57}
{"loss": 0.18648108839988708, "acc": 0.9263722896575928, "length": 4.999870777130127, "mode": "train", "epoch": 58}
{"loss": 0.3135334551334381, "acc": 0.886509895324707, "length": 5.0, "mode": "test", "epoch": 58}
{"loss": 0.1860320121049881, "acc": 0.9283813238143921, "length": 4.99991512298584, "mode": "train", "epoch": 59}
{"loss": 0.3220926821231842, "acc": 0.884270966053009, "length": 5.0, "mode": "test", "epoch": 59}
{"loss": 0.1845456063747406, "acc": 0.927025318145752, "length": 4.999862194061279, "mode": "train", "epoch": 60}
{"loss": 0.3207867443561554, "acc": 0.884270966053009, "length": 5.0, "mode": "test", "epoch": 60}
{"loss": 0.179704487323761, "acc": 0.9304351806640625, "length": 4.999909400939941, "mode": "train", "epoch": 61}
{"loss": 0.32796141505241394, "acc": 0.883851170539856, "length": 5.0, "mode": "test", "epoch": 61}
{"loss": 0.18003715574741364, "acc": 0.9280993938446045, "length": 4.999874114990234, "mode": "train", "epoch": 62}
{"loss": 0.3191896378993988, "acc": 0.883011519908905, "length": 5.0, "mode": "test", "epoch": 62}
{"loss": 0.180337056517601, "acc": 0.9321622848510742, "length": 4.99990701675415, "mode": "train", "epoch": 63}
{"loss": 0.3262048363685608, "acc": 0.880072832107544, "length": 5.0, "mode": "test", "epoch": 63}
{"loss": 0.1778673380613327, "acc": 0.9312763810157776, "length": 4.999932289123535, "mode": "train", "epoch": 64}
{"loss": 0.3202514052391052, "acc": 0.8865100741386414, "length": 5.0, "mode": "test", "epoch": 64}
{"loss": 0.17828699946403503, "acc": 0.9307156801223755, "length": 4.999915599822998, "mode": "train", "epoch": 65}
{"loss": 0.322256475687027, "acc": 0.884270966053009, "length": 5.0, "mode": "test", "epoch": 65}
{"loss": 0.1749294102191925, "acc": 0.9309945702552795, "length": 4.9998779296875, "mode": "train", "epoch": 66}
{"loss": 0.31861984729766846, "acc": 0.8818920850753784, "length": 5.0, "mode": "test", "epoch": 66}
{"loss": 0.1711484044790268, "acc": 0.9339364767074585, "length": 4.999911785125732, "mode": "train", "epoch": 67}
{"loss": 0.3133161962032318, "acc": 0.8846905827522278, "length": 5.0, "mode": "test", "epoch": 67}
{"loss": 0.17663218080997467, "acc": 0.9312772750854492, "length": 4.999945640563965, "mode": "train", "epoch": 68}
{"loss": 0.31903308629989624, "acc": 0.8874894976615906, "length": 5.0, "mode": "test", "epoch": 68}
{"loss": 0.16944973170757294, "acc": 0.9353840947151184, "length": 4.999929428100586, "mode": "train", "epoch": 69}
{"loss": 0.32198190689086914, "acc": 0.8912679553031921, "length": 5.0, "mode": "test", "epoch": 69}
{"loss": 0.16846567392349243, "acc": 0.9339749217033386, "length": 4.99967622756958, "mode": "train", "epoch": 70}
{"loss": 0.32918938994407654, "acc": 0.885530412197113, "length": 5.0, "mode": "test", "epoch": 70}
{"loss": 0.16484729945659637, "acc": 0.9353858232498169, "length": 4.999958038330078, "mode": "train", "epoch": 71}
{"loss": 0.32546305656433105, "acc": 0.8844109177589417, "length": 5.0, "mode": "test", "epoch": 71}
{"loss": 0.16742564737796783, "acc": 0.9365053772926331, "length": 4.999937057495117, "mode": "train", "epoch": 72}
{"loss": 0.3285061717033386, "acc": 0.88511061668396, "length": 5.0, "mode": "test", "epoch": 72}
{"loss": 0.16535282135009766, "acc": 0.9374387264251709, "length": 4.999925136566162, "mode": "train", "epoch": 73}
{"loss": 0.31834354996681213, "acc": 0.8831515312194824, "length": 5.0, "mode": "test", "epoch": 73}
{"loss": 0.16520793735980988, "acc": 0.9372518062591553, "length": 4.999944686889648, "mode": "train", "epoch": 74}
{"loss": 0.32789942622184753, "acc": 0.8862301707267761, "length": 5.0, "mode": "test", "epoch": 74}
{"loss": 0.1660473793745041, "acc": 0.9367402791976929, "length": 4.999972820281982, "mode": "train", "epoch": 75}
{"loss": 0.3270432651042938, "acc": 0.8849707245826721, "length": 5.0, "mode": "test", "epoch": 75}
{"loss": 0.16562893986701965, "acc": 0.9378610253334045, "length": 4.999980926513672, "mode": "train", "epoch": 76}
{"loss": 0.3163968026638031, "acc": 0.8860900402069092, "length": 5.0, "mode": "test", "epoch": 76}
{"loss": 0.16132760047912598, "acc": 0.9376739859580994, "length": 4.999972820281982, "mode": "train", "epoch": 77}
{"loss": 0.3244212865829468, "acc": 0.8907081484794617, "length": 5.0, "mode": "test", "epoch": 77}
{"loss": 0.1622522920370102, "acc": 0.9362218379974365, "length": 4.999867916107178, "mode": "train", "epoch": 78}
{"loss": 0.35838136076927185, "acc": 0.8762944936752319, "length": 5.0, "mode": "test", "epoch": 78}
{"loss": 0.16567835211753845, "acc": 0.9344525337219238, "length": 4.999966621398926, "mode": "train", "epoch": 79}
{"loss": 0.32868385314941406, "acc": 0.8907081484794617, "length": 5.0, "mode": "test", "epoch": 79}
{"loss": 0.16920621693134308, "acc": 0.9342644810676575, "length": 4.999948978424072, "mode": "train", "epoch": 80}
{"loss": 0.32627397775650024, "acc": 0.8897286057472229, "length": 5.0, "mode": "test", "epoch": 80}
{"loss": 0.15615032613277435, "acc": 0.9404757022857666, "length": 4.999989986419678, "mode": "train", "epoch": 81}
{"loss": 0.3188835084438324, "acc": 0.8954659700393677, "length": 5.0, "mode": "test", "epoch": 81}
{"loss": 0.16018736362457275, "acc": 0.9394484162330627, "length": 4.9999823570251465, "mode": "train", "epoch": 82}
{"loss": 0.33374160528182983, "acc": 0.8852505087852478, "length": 5.0, "mode": "test", "epoch": 82}
{"loss": 0.15405899286270142, "acc": 0.9397287368774414, "length": 4.999978542327881, "mode": "train", "epoch": 83}
{"loss": 0.3401547968387604, "acc": 0.8824518322944641, "length": 5.0, "mode": "test", "epoch": 83}
{"loss": 0.15541210770606995, "acc": 0.9416894912719727, "length": 4.999985694885254, "mode": "train", "epoch": 84}
{"loss": 0.32720398902893066, "acc": 0.884270966053009, "length": 5.0, "mode": "test", "epoch": 84}
{"loss": 0.1598857045173645, "acc": 0.9379079937934875, "length": 4.999987602233887, "mode": "train", "epoch": 85}
{"loss": 0.33730897307395935, "acc": 0.8902882933616638, "length": 5.0, "mode": "test", "epoch": 85}
{"loss": 0.15888291597366333, "acc": 0.9395871162414551, "length": 4.999893665313721, "mode": "train", "epoch": 86}
{"loss": 0.3312210142612457, "acc": 0.886789858341217, "length": 5.0, "mode": "test", "epoch": 86}
{"loss": 0.14965815842151642, "acc": 0.9424833655357361, "length": 4.999991416931152, "mode": "train", "epoch": 87}
{"loss": 0.3284584879875183, "acc": 0.8865100741386414, "length": 5.0, "mode": "test", "epoch": 87}
{"loss": 0.15144208073616028, "acc": 0.9401013851165771, "length": 4.999971866607666, "mode": "train", "epoch": 88}
{"loss": 0.321256548166275, "acc": 0.8863699436187744, "length": 5.0, "mode": "test", "epoch": 88}
{"loss": 0.14825499057769775, "acc": 0.9430903196334839, "length": 4.999995708465576, "mode": "train", "epoch": 89}
{"loss": 0.3207992911338806, "acc": 0.891267716884613, "length": 5.0, "mode": "test", "epoch": 89}
{"loss": 0.1455231010913849, "acc": 0.9451443552970886, "length": 4.999989986419678, "mode": "train", "epoch": 90}
{"loss": 0.31968551874160767, "acc": 0.8884691596031189, "length": 5.0, "mode": "test", "epoch": 90}
{"loss": 0.14682695269584656, "acc": 0.9443506002426147, "length": 4.999988555908203, "mode": "train", "epoch": 91}
{"loss": 0.3240891695022583, "acc": 0.8883292078971863, "length": 5.0, "mode": "test", "epoch": 91}
{"loss": 0.15319442749023438, "acc": 0.9416431188583374, "length": 4.999995231628418, "mode": "train", "epoch": 92}
{"loss": 0.3287298083305359, "acc": 0.8881892561912537, "length": 5.0, "mode": "test", "epoch": 92}
{"loss": 0.1482119858264923, "acc": 0.9435570240020752, "length": 4.999989986419678, "mode": "train", "epoch": 93}
{"loss": 0.3322635889053345, "acc": 0.8865100741386414, "length": 5.0, "mode": "test", "epoch": 93}
{"loss": 0.14865116775035858, "acc": 0.9433703422546387, "length": 4.999992847442627, "mode": "train", "epoch": 94}
{"loss": 0.3378988206386566, "acc": 0.8890288472175598, "length": 5.0, "mode": "test", "epoch": 94}
{"loss": 0.1533338576555252, "acc": 0.9424340128898621, "length": 4.999947547912598, "mode": "train", "epoch": 95}
{"loss": 0.32162946462631226, "acc": 0.8953259587287903, "length": 5.0, "mode": "test", "epoch": 95}
{"loss": 0.14622388780117035, "acc": 0.9460315108299255, "length": 4.99999475479126, "mode": "train", "epoch": 96}
{"loss": 0.32462725043296814, "acc": 0.8918275833129883, "length": 5.0, "mode": "test", "epoch": 96}
{"loss": 0.14208461344242096, "acc": 0.9449558854103088, "length": 4.999966144561768, "mode": "train", "epoch": 97}
{"loss": 0.3307451009750366, "acc": 0.8879094123840332, "length": 5.0, "mode": "test", "epoch": 97}
{"loss": 0.1438310444355011, "acc": 0.9457979202270508, "length": 4.999992370605469, "mode": "train", "epoch": 98}
{"loss": 0.31493932008743286, "acc": 0.8912678360939026, "length": 5.0, "mode": "test", "epoch": 98}
{"loss": 0.1493287831544876, "acc": 0.9426236152648926, "length": 4.99999475479126, "mode": "train", "epoch": 99}
{"loss": 0.31878241896629333, "acc": 0.8869298100471497, "length": 5.0, "mode": "test", "epoch": 99}
{"loss": 0.14511772990226746, "acc": 0.9451436400413513, "length": 4.99997615814209, "mode": "train", "epoch": 100}
{"loss": 0.3281267285346985, "acc": 0.887629508972168, "length": 5.0, "mode": "test", "epoch": 100}
test accuracy: 0.8708636164665222
