# ["--attributes=4", "--values=4", "--game_size=3", "--vocab_size_factor=3", "--n_epochs=100", "--batch_size=64", "--learning_rate=0.0005", "--hidden_size=256", "--temp_update=0.97", "--temperature=2"]
Creating train_ds and val_ds...

Creating test_ds...
{"loss": 0.696732223033905, "acc": 0.503515899181366, "length": 2.6598637104034424, "mode": "train", "epoch": 1}
{"loss": 0.6896342635154724, "acc": 0.524519145488739, "length": 1.2552653551101685, "mode": "test", "epoch": 1}
{"loss": 0.6202008128166199, "acc": 0.6497017741203308, "length": 3.161956787109375, "mode": "train", "epoch": 2}
{"loss": 0.5921842455863953, "acc": 0.6923225522041321, "length": 3.7834877967834473, "mode": "test", "epoch": 2}
{"loss": 0.5317643880844116, "acc": 0.7345603704452515, "length": 4.188783168792725, "mode": "train", "epoch": 3}
{"loss": 0.5529252886772156, "acc": 0.726612389087677, "length": 4.743892192840576, "mode": "test", "epoch": 3}
{"loss": 0.4796622097492218, "acc": 0.7720680832862854, "length": 4.751065731048584, "mode": "train", "epoch": 4}
{"loss": 0.5377892851829529, "acc": 0.7498573660850525, "length": 4.984835624694824, "mode": "test", "epoch": 4}
{"loss": 0.4321068227291107, "acc": 0.8027219772338867, "length": 4.892387866973877, "mode": "train", "epoch": 5}
{"loss": 0.496861070394516, "acc": 0.7818028926849365, "length": 5.0, "mode": "test", "epoch": 5}
{"loss": 0.4005533456802368, "acc": 0.8233676552772522, "length": 4.961458206176758, "mode": "train", "epoch": 6}
{"loss": 0.4905641973018646, "acc": 0.789104163646698, "length": 5.0, "mode": "test", "epoch": 6}
{"loss": 0.3767227828502655, "acc": 0.8370245099067688, "length": 4.98310661315918, "mode": "train", "epoch": 7}
{"loss": 0.46652230620384216, "acc": 0.8065149784088135, "length": 5.0, "mode": "test", "epoch": 7}
{"loss": 0.3559306561946869, "acc": 0.8476811051368713, "length": 4.989130020141602, "mode": "train", "epoch": 8}
{"loss": 0.4364246129989624, "acc": 0.8192923069000244, "length": 5.0, "mode": "test", "epoch": 8}
{"loss": 0.34154146909713745, "acc": 0.8568559885025024, "length": 4.9922919273376465, "mode": "train", "epoch": 9}
{"loss": 0.41446805000305176, "acc": 0.8305251598358154, "length": 5.0, "mode": "test", "epoch": 9}
{"loss": 0.315035343170166, "acc": 0.8664012551307678, "length": 4.994376182556152, "mode": "train", "epoch": 10}
{"loss": 0.4101000428199768, "acc": 0.8348779082298279, "length": 5.0, "mode": "test", "epoch": 10}
{"loss": 0.3002395033836365, "acc": 0.8755536675453186, "length": 4.995885372161865, "mode": "train", "epoch": 11}
{"loss": 0.40290454030036926, "acc": 0.8454086780548096, "length": 5.0, "mode": "test", "epoch": 11}
{"loss": 0.28680193424224854, "acc": 0.8856791853904724, "length": 4.996706962585449, "mode": "train", "epoch": 12}
{"loss": 0.3889402449131012, "acc": 0.8496209979057312, "length": 5.0, "mode": "test", "epoch": 12}
{"loss": 0.26392537355422974, "acc": 0.8948234915733337, "length": 4.99731969833374, "mode": "train", "epoch": 13}
{"loss": 0.38021913170814514, "acc": 0.8499016761779785, "length": 5.0, "mode": "test", "epoch": 13}
{"loss": 0.24507173895835876, "acc": 0.9024657607078552, "length": 4.997698783874512, "mode": "train", "epoch": 14}
{"loss": 0.35682782530784607, "acc": 0.8678741455078125, "length": 5.0, "mode": "test", "epoch": 14}
{"loss": 0.23943378031253815, "acc": 0.9059075117111206, "length": 4.998509407043457, "mode": "train", "epoch": 15}
{"loss": 0.3568992018699646, "acc": 0.8642235398292542, "length": 5.0, "mode": "test", "epoch": 15}
{"loss": 0.23016250133514404, "acc": 0.9099785089492798, "length": 4.99851655960083, "mode": "train", "epoch": 16}
{"loss": 0.34749770164489746, "acc": 0.8723674416542053, "length": 5.0, "mode": "test", "epoch": 16}
{"loss": 0.21464604139328003, "acc": 0.9161316752433777, "length": 4.9990034103393555, "mode": "train", "epoch": 17}
{"loss": 0.3556375801563263, "acc": 0.8682953119277954, "length": 5.0, "mode": "test", "epoch": 17}
{"loss": 0.20313574373722076, "acc": 0.9232945442199707, "length": 4.99894905090332, "mode": "train", "epoch": 18}
{"loss": 0.355474054813385, "acc": 0.8729290962219238, "length": 5.0, "mode": "test", "epoch": 18}
{"loss": 0.19910797476768494, "acc": 0.9219555258750916, "length": 4.999402046203613, "mode": "train", "epoch": 19}
{"loss": 0.337963342666626, "acc": 0.8784047961235046, "length": 5.0, "mode": "test", "epoch": 19}
{"loss": 0.19472678005695343, "acc": 0.9233155846595764, "length": 4.999447822570801, "mode": "train", "epoch": 20}
{"loss": 0.34379157423973083, "acc": 0.8772817254066467, "length": 5.0, "mode": "test", "epoch": 20}
{"loss": 0.17814892530441284, "acc": 0.9335293769836426, "length": 4.999596118927002, "mode": "train", "epoch": 21}
{"loss": 0.3430509567260742, "acc": 0.879106879234314, "length": 5.0, "mode": "test", "epoch": 21}
{"loss": 0.1808042973279953, "acc": 0.9300202131271362, "length": 4.999661445617676, "mode": "train", "epoch": 22}
{"loss": 0.320800244808197, "acc": 0.8904802203178406, "length": 5.0, "mode": "test", "epoch": 22}
{"loss": 0.17532236874103546, "acc": 0.9329727292060852, "length": 4.999693870544434, "mode": "train", "epoch": 23}
{"loss": 0.3367239236831665, "acc": 0.8834596872329712, "length": 5.0, "mode": "test", "epoch": 23}
{"loss": 0.16448520123958588, "acc": 0.9371866583824158, "length": 4.999675273895264, "mode": "train", "epoch": 24}
{"loss": 0.34741663932800293, "acc": 0.8820555806159973, "length": 5.0, "mode": "test", "epoch": 24}
{"loss": 0.16115164756774902, "acc": 0.9382907152175903, "length": 4.999335289001465, "mode": "train", "epoch": 25}
{"loss": 0.33720582723617554, "acc": 0.8871104717254639, "length": 5.0, "mode": "test", "epoch": 25}
{"loss": 0.16424259543418884, "acc": 0.9379459023475647, "length": 4.9998979568481445, "mode": "train", "epoch": 26}
{"loss": 0.32408222556114197, "acc": 0.8883740305900574, "length": 5.0, "mode": "test", "epoch": 26}
{"loss": 0.1596691608428955, "acc": 0.9395381808280945, "length": 4.9999003410339355, "mode": "train", "epoch": 27}
{"loss": 0.3403438925743103, "acc": 0.8844426870346069, "length": 5.0, "mode": "test", "epoch": 27}
{"loss": 0.15167942643165588, "acc": 0.9416900277137756, "length": 4.999868869781494, "mode": "train", "epoch": 28}
{"loss": 0.33312124013900757, "acc": 0.8893569707870483, "length": 5.0, "mode": "test", "epoch": 28}
{"loss": 0.1473633348941803, "acc": 0.9436606764793396, "length": 4.999933242797852, "mode": "train", "epoch": 29}
{"loss": 0.31471118330955505, "acc": 0.8949731588363647, "length": 5.0, "mode": "test", "epoch": 29}
{"loss": 0.1437799632549286, "acc": 0.9464691877365112, "length": 4.999912738800049, "mode": "train", "epoch": 30}
{"loss": 0.3322369456291199, "acc": 0.8897781372070312, "length": 5.0, "mode": "test", "epoch": 30}
{"loss": 0.15061679482460022, "acc": 0.9410381317138672, "length": 4.999927997589111, "mode": "train", "epoch": 31}
{"loss": 0.3342452645301819, "acc": 0.886408269405365, "length": 5.0, "mode": "test", "epoch": 31}
{"loss": 0.14900918304920197, "acc": 0.9433804750442505, "length": 4.999948024749756, "mode": "train", "epoch": 32}
{"loss": 0.3294788599014282, "acc": 0.8932884335517883, "length": 5.0, "mode": "test", "epoch": 32}
{"loss": 0.13985079526901245, "acc": 0.9486147165298462, "length": 4.99971342086792, "mode": "train", "epoch": 33}
{"loss": 0.3239920139312744, "acc": 0.8921653032302856, "length": 5.0, "mode": "test", "epoch": 33}
{"loss": 0.13871632516384125, "acc": 0.9485790133476257, "length": 4.999959945678711, "mode": "train", "epoch": 34}
{"loss": 0.3147391676902771, "acc": 0.8959560990333557, "length": 5.0, "mode": "test", "epoch": 34}
{"loss": 0.14920741319656372, "acc": 0.9444098472595215, "length": 4.999902248382568, "mode": "train", "epoch": 35}
{"loss": 0.3361610770225525, "acc": 0.8889357447624207, "length": 5.0, "mode": "test", "epoch": 35}
{"loss": 0.14659467339515686, "acc": 0.9453952312469482, "length": 4.99997091293335, "mode": "train", "epoch": 36}
{"loss": 0.3149888813495636, "acc": 0.8973603844642639, "length": 5.0, "mode": "test", "epoch": 36}
{"loss": 0.14091219007968903, "acc": 0.9457680583000183, "length": 4.9999165534973145, "mode": "train", "epoch": 37}
{"loss": 0.31110626459121704, "acc": 0.89750075340271, "length": 5.0, "mode": "test", "epoch": 37}
{"loss": 0.14299367368221283, "acc": 0.9460493922233582, "length": 4.999935150146484, "mode": "train", "epoch": 38}
{"loss": 0.330915242433548, "acc": 0.890620768070221, "length": 5.0, "mode": "test", "epoch": 38}
{"loss": 0.14584694802761078, "acc": 0.9455233812332153, "length": 4.999760150909424, "mode": "train", "epoch": 39}
{"loss": 0.3254238963127136, "acc": 0.8953945636749268, "length": 5.0, "mode": "test", "epoch": 39}
{"loss": 0.14042606949806213, "acc": 0.9458149075508118, "length": 4.999905109405518, "mode": "train", "epoch": 40}
{"loss": 0.3104526102542877, "acc": 0.9005897045135498, "length": 5.0, "mode": "test", "epoch": 40}
{"loss": 0.13155512511730194, "acc": 0.9498451948165894, "length": 4.999995231628418, "mode": "train", "epoch": 41}
{"loss": 0.31290489435195923, "acc": 0.8994665145874023, "length": 5.0, "mode": "test", "epoch": 41}
{"loss": 0.13653461635112762, "acc": 0.9487682580947876, "length": 4.999995708465576, "mode": "train", "epoch": 42}
{"loss": 0.3250270485877991, "acc": 0.896939218044281, "length": 5.0, "mode": "test", "epoch": 42}
{"loss": 0.15437589585781097, "acc": 0.941647469997406, "length": 4.999833106994629, "mode": "train", "epoch": 43}
{"loss": 0.325031042098999, "acc": 0.8921651244163513, "length": 5.0, "mode": "test", "epoch": 43}
{"loss": 0.14866751432418823, "acc": 0.9431431293487549, "length": 4.999912738800049, "mode": "train", "epoch": 44}
{"loss": 0.31391942501068115, "acc": 0.8989048004150391, "length": 5.0, "mode": "test", "epoch": 44}
{"loss": 0.15171675384044647, "acc": 0.9418843388557434, "length": 4.999997615814209, "mode": "train", "epoch": 45}
{"loss": 0.3251107633113861, "acc": 0.8942712545394897, "length": 5.0, "mode": "test", "epoch": 45}
{"loss": 0.1474900245666504, "acc": 0.9439895153045654, "length": 4.999948501586914, "mode": "train", "epoch": 46}
{"loss": 0.32516637444496155, "acc": 0.8998876214027405, "length": 5.0, "mode": "test", "epoch": 46}
{"loss": 0.14727739989757538, "acc": 0.9434758424758911, "length": 4.999984264373779, "mode": "train", "epoch": 47}
{"loss": 0.32569965720176697, "acc": 0.8941307663917542, "length": 5.0, "mode": "test", "epoch": 47}
{"loss": 0.14673492312431335, "acc": 0.9437049627304077, "length": 4.999881267547607, "mode": "train", "epoch": 48}
{"loss": 0.3242064416408539, "acc": 0.8911821842193604, "length": 5.0, "mode": "test", "epoch": 48}
{"loss": 0.148394376039505, "acc": 0.943184494972229, "length": 4.999643802642822, "mode": "train", "epoch": 49}
{"loss": 0.3278239071369171, "acc": 0.8909014463424683, "length": 5.0, "mode": "test", "epoch": 49}
{"loss": 0.1477140486240387, "acc": 0.9434279203414917, "length": 4.9999566078186035, "mode": "train", "epoch": 50}
{"loss": 0.30515190958976746, "acc": 0.9012917280197144, "length": 5.0, "mode": "test", "epoch": 50}
{"loss": 0.14231017231941223, "acc": 0.9453964233398438, "length": 4.999992370605469, "mode": "train", "epoch": 51}
{"loss": 0.3274909257888794, "acc": 0.8952541947364807, "length": 5.0, "mode": "test", "epoch": 51}
{"loss": 0.13783752918243408, "acc": 0.9477379322052002, "length": 4.999995231628418, "mode": "train", "epoch": 52}
{"loss": 0.2965794801712036, "acc": 0.9031171202659607, "length": 5.0, "mode": "test", "epoch": 52}
{"loss": 0.16904979944229126, "acc": 0.9367695450782776, "length": 4.999699592590332, "mode": "train", "epoch": 53}
{"loss": 0.3143479526042938, "acc": 0.8927268385887146, "length": 5.0, "mode": "test", "epoch": 53}
{"loss": 0.1696341335773468, "acc": 0.9349431395530701, "length": 4.999734878540039, "mode": "train", "epoch": 54}
{"loss": 0.3418753445148468, "acc": 0.8851447105407715, "length": 5.0, "mode": "test", "epoch": 54}
{"loss": 0.1964731365442276, "acc": 0.9235336184501648, "length": 4.999192714691162, "mode": "train", "epoch": 55}
{"loss": 0.3384847640991211, "acc": 0.8800899386405945, "length": 5.0, "mode": "test", "epoch": 55}
{"loss": 0.19424453377723694, "acc": 0.9244356751441956, "length": 4.999359607696533, "mode": "train", "epoch": 56}
{"loss": 0.3483990728855133, "acc": 0.8793879747390747, "length": 5.0, "mode": "test", "epoch": 56}
{"loss": 0.18822015821933746, "acc": 0.9274342060089111, "length": 4.9995317459106445, "mode": "train", "epoch": 57}
{"loss": 0.3261290490627289, "acc": 0.8838809728622437, "length": 5.0, "mode": "test", "epoch": 57}
{"loss": 0.19418074190616608, "acc": 0.9234374165534973, "length": 4.999168395996094, "mode": "train", "epoch": 58}
{"loss": 0.3279719352722168, "acc": 0.8837406039237976, "length": 5.0, "mode": "test", "epoch": 58}
{"loss": 0.16994363069534302, "acc": 0.9319510459899902, "length": 4.999849796295166, "mode": "train", "epoch": 59}
{"loss": 0.3353063464164734, "acc": 0.8799493312835693, "length": 5.0, "mode": "test", "epoch": 59}
{"loss": 0.16560882329940796, "acc": 0.9366858005523682, "length": 4.9999895095825195, "mode": "train", "epoch": 60}
{"loss": 0.3023436665534973, "acc": 0.8925864696502686, "length": 5.0, "mode": "test", "epoch": 60}
{"loss": 0.18119925260543823, "acc": 0.9298020601272583, "length": 4.999993324279785, "mode": "train", "epoch": 61}
{"loss": 0.34303075075149536, "acc": 0.8812130689620972, "length": 5.0, "mode": "test", "epoch": 61}
{"loss": 0.17500616610050201, "acc": 0.9320946931838989, "length": 4.999948978424072, "mode": "train", "epoch": 62}
{"loss": 0.3061728775501251, "acc": 0.895675539970398, "length": 5.0, "mode": "test", "epoch": 62}
{"loss": 0.14922642707824707, "acc": 0.9431234002113342, "length": 4.999223232269287, "mode": "train", "epoch": 63}
{"loss": 0.2853700518608093, "acc": 0.902695894241333, "length": 5.0, "mode": "test", "epoch": 63}
{"loss": 0.14844253659248352, "acc": 0.9440768957138062, "length": 4.999764442443848, "mode": "train", "epoch": 64}
{"loss": 0.30076009035110474, "acc": 0.8996068835258484, "length": 5.0, "mode": "test", "epoch": 64}
{"loss": 0.137390598654747, "acc": 0.9473609328269958, "length": 4.999917030334473, "mode": "train", "epoch": 65}
{"loss": 0.28995051980018616, "acc": 0.8976412415504456, "length": 5.0, "mode": "test", "epoch": 65}
{"loss": 0.13549135625362396, "acc": 0.9478279948234558, "length": 4.9999260902404785, "mode": "train", "epoch": 66}
{"loss": 0.29651424288749695, "acc": 0.9010108709335327, "length": 5.0, "mode": "test", "epoch": 66}
{"loss": 0.13450662791728973, "acc": 0.9486628174781799, "length": 4.999738693237305, "mode": "train", "epoch": 67}
{"loss": 0.3362467885017395, "acc": 0.8896377682685852, "length": 5.0, "mode": "test", "epoch": 67}
{"loss": 0.14798720180988312, "acc": 0.9439264535903931, "length": 4.999683380126953, "mode": "train", "epoch": 68}
{"loss": 0.3220309615135193, "acc": 0.8887952566146851, "length": 5.0, "mode": "test", "epoch": 68}
{"loss": 0.1588074266910553, "acc": 0.940526008605957, "length": 4.999989986419678, "mode": "train", "epoch": 69}
{"loss": 0.3071626126766205, "acc": 0.8932885527610779, "length": 5.0, "mode": "test", "epoch": 69}
{"loss": 0.14107635617256165, "acc": 0.9460039138793945, "length": 4.999967098236084, "mode": "train", "epoch": 70}
{"loss": 0.30857935547828674, "acc": 0.8962370753288269, "length": 5.0, "mode": "test", "epoch": 70}
{"loss": 0.15712183713912964, "acc": 0.9397294521331787, "length": 4.999975681304932, "mode": "train", "epoch": 71}
{"loss": 0.3226465582847595, "acc": 0.8904802203178406, "length": 5.0, "mode": "test", "epoch": 71}
{"loss": 0.143955796957016, "acc": 0.9436167478561401, "length": 4.999993801116943, "mode": "train", "epoch": 72}
{"loss": 0.29171451926231384, "acc": 0.8998876214027405, "length": 5.0, "mode": "test", "epoch": 72}
{"loss": 0.1364886611700058, "acc": 0.9478774070739746, "length": 4.999973297119141, "mode": "train", "epoch": 73}
{"loss": 0.29775387048721313, "acc": 0.8980623483657837, "length": 5.0, "mode": "test", "epoch": 73}
{"loss": 0.14198602735996246, "acc": 0.9466603994369507, "length": 4.9999847412109375, "mode": "train", "epoch": 74}
{"loss": 0.3060450255870819, "acc": 0.8977813720703125, "length": 5.0, "mode": "test", "epoch": 74}
{"loss": 0.13947317004203796, "acc": 0.9475265741348267, "length": 4.999312877655029, "mode": "train", "epoch": 75}
{"loss": 0.32791388034820557, "acc": 0.8903398513793945, "length": 5.0, "mode": "test", "epoch": 75}
{"loss": 0.16709795594215393, "acc": 0.9354677796363831, "length": 4.999971866607666, "mode": "train", "epoch": 76}
{"loss": 0.3065224885940552, "acc": 0.8960963487625122, "length": 5.0, "mode": "test", "epoch": 76}
{"loss": 0.14806336164474487, "acc": 0.9449111223220825, "length": 4.999697208404541, "mode": "train", "epoch": 77}
{"loss": 0.31033027172088623, "acc": 0.8984835743904114, "length": 5.0, "mode": "test", "epoch": 77}
{"loss": 0.14696165919303894, "acc": 0.9438503384590149, "length": 4.9999823570251465, "mode": "train", "epoch": 78}
{"loss": 0.3199741542339325, "acc": 0.890761137008667, "length": 5.0, "mode": "test", "epoch": 78}
{"loss": 0.16241498291492462, "acc": 0.9378557205200195, "length": 4.9999613761901855, "mode": "train", "epoch": 79}
{"loss": 0.3165111839771271, "acc": 0.8955349326133728, "length": 5.0, "mode": "test", "epoch": 79}
{"loss": 0.14243392646312714, "acc": 0.9475774765014648, "length": 4.999648571014404, "mode": "train", "epoch": 80}
{"loss": 0.2932097911834717, "acc": 0.9003088474273682, "length": 5.0, "mode": "test", "epoch": 80}
{"loss": 0.12921756505966187, "acc": 0.9509145021438599, "length": 4.999808311462402, "mode": "train", "epoch": 81}
{"loss": 0.2839882969856262, "acc": 0.9055041074752808, "length": 5.0, "mode": "test", "epoch": 81}
{"loss": 0.12659695744514465, "acc": 0.9530267715454102, "length": 4.999939441680908, "mode": "train", "epoch": 82}
{"loss": 0.3023350238800049, "acc": 0.8975008130073547, "length": 5.0, "mode": "test", "epoch": 82}
{"loss": 0.1331121325492859, "acc": 0.9486255049705505, "length": 4.999920845031738, "mode": "train", "epoch": 83}
{"loss": 0.2982393503189087, "acc": 0.8967985510826111, "length": 5.0, "mode": "test", "epoch": 83}
{"loss": 0.13494378328323364, "acc": 0.9474101066589355, "length": 4.999995708465576, "mode": "train", "epoch": 84}
{"loss": 0.29447686672210693, "acc": 0.9003088474273682, "length": 5.0, "mode": "test", "epoch": 84}
{"loss": 0.13009639084339142, "acc": 0.9506406784057617, "length": 4.999982833862305, "mode": "train", "epoch": 85}
{"loss": 0.3076077401638031, "acc": 0.8979220986366272, "length": 5.0, "mode": "test", "epoch": 85}
{"loss": 0.126106858253479, "acc": 0.9524207711219788, "length": 4.999995231628418, "mode": "train", "epoch": 86}
{"loss": 0.2785792052745819, "acc": 0.9050830006599426, "length": 5.0, "mode": "test", "epoch": 86}
{"loss": 0.12526504695415497, "acc": 0.9521803259849548, "length": 4.999720096588135, "mode": "train", "epoch": 87}
{"loss": 0.28158578276634216, "acc": 0.9106993675231934, "length": 5.0, "mode": "test", "epoch": 87}
{"loss": 0.12707588076591492, "acc": 0.9515623450279236, "length": 4.999748706817627, "mode": "train", "epoch": 88}
{"loss": 0.31621894240379333, "acc": 0.8953945636749268, "length": 5.0, "mode": "test", "epoch": 88}
{"loss": 0.13095887005329132, "acc": 0.9504038691520691, "length": 4.999905586242676, "mode": "train", "epoch": 89}
{"loss": 0.297168105840683, "acc": 0.9003087878227234, "length": 5.0, "mode": "test", "epoch": 89}
{"loss": 0.12810884416103363, "acc": 0.9512700438499451, "length": 4.999536514282227, "mode": "train", "epoch": 90}
{"loss": 0.29827290773391724, "acc": 0.8993260264396667, "length": 5.0, "mode": "test", "epoch": 90}
{"loss": 0.12390749156475067, "acc": 0.9522334337234497, "length": 4.999993324279785, "mode": "train", "epoch": 91}
{"loss": 0.2947039008140564, "acc": 0.9024150371551514, "length": 5.0, "mode": "test", "epoch": 91}
{"loss": 0.11186037957668304, "acc": 0.9593459367752075, "length": 4.999904632568359, "mode": "train", "epoch": 92}
{"loss": 0.30512839555740356, "acc": 0.8952541947364807, "length": 5.0, "mode": "test", "epoch": 92}
{"loss": 0.11009752750396729, "acc": 0.9587796330451965, "length": 4.999720573425293, "mode": "train", "epoch": 93}
{"loss": 0.28009071946144104, "acc": 0.9050827622413635, "length": 5.0, "mode": "test", "epoch": 93}
{"loss": 0.11154316365718842, "acc": 0.9596323370933533, "length": 4.999986171722412, "mode": "train", "epoch": 94}
{"loss": 0.28234192728996277, "acc": 0.9080314636230469, "length": 5.0, "mode": "test", "epoch": 94}
{"loss": 0.10868377238512039, "acc": 0.9587382674217224, "length": 4.9999098777771, "mode": "train", "epoch": 95}
{"loss": 0.2998664081096649, "acc": 0.9017130136489868, "length": 5.0, "mode": "test", "epoch": 95}
{"loss": 0.1191147193312645, "acc": 0.9556519985198975, "length": 4.999995231628418, "mode": "train", "epoch": 96}
{"loss": 0.29972371459007263, "acc": 0.9033980369567871, "length": 5.0, "mode": "test", "epoch": 96}
{"loss": 0.12750855088233948, "acc": 0.9520460963249207, "length": 4.999993324279785, "mode": "train", "epoch": 97}
{"loss": 0.2986868917942047, "acc": 0.9028363227844238, "length": 5.0, "mode": "test", "epoch": 97}
{"loss": 0.11449375003576279, "acc": 0.9576187133789062, "length": 4.999989986419678, "mode": "train", "epoch": 98}
{"loss": 0.290177583694458, "acc": 0.9057847261428833, "length": 5.0, "mode": "test", "epoch": 98}
{"loss": 0.110837921500206, "acc": 0.9582697153091431, "length": 4.999881267547607, "mode": "train", "epoch": 99}
{"loss": 0.29550036787986755, "acc": 0.9042403101921082, "length": 5.0, "mode": "test", "epoch": 99}
{"loss": 0.13466209173202515, "acc": 0.950734555721283, "length": 4.999983310699463, "mode": "train", "epoch": 100}
{"loss": 0.315529465675354, "acc": 0.8997472524642944, "length": 5.0, "mode": "test", "epoch": 100}
test accuracy: 0.8911483287811279
