# ["--attributes=4", "--values=4", "--game_size=3", "--vocab_size_factor=3", "--n_epochs=100", "--batch_size=64", "--learning_rate=0.0005", "--hidden_size=256", "--temp_update=0.99", "--temperature=1.5"]
Creating train_ds and val_ds...

Creating test_ds...
{"loss": 0.6897726058959961, "acc": 0.5364088416099548, "length": 3.0551557540893555, "mode": "train", "epoch": 1}
{"loss": 0.6472837328910828, "acc": 0.6445749998092651, "length": 2.6425602436065674, "mode": "test", "epoch": 1}
{"loss": 0.6109569072723389, "acc": 0.6705693006515503, "length": 3.146334171295166, "mode": "train", "epoch": 2}
{"loss": 0.5821106433868408, "acc": 0.7159325480461121, "length": 3.533665895462036, "mode": "test", "epoch": 2}
{"loss": 0.525205671787262, "acc": 0.7507816553115845, "length": 3.9489524364471436, "mode": "train", "epoch": 3}
{"loss": 0.5375567674636841, "acc": 0.751679539680481, "length": 4.258520603179932, "mode": "test", "epoch": 3}
{"loss": 0.46316590905189514, "acc": 0.7921847105026245, "length": 4.230103015899658, "mode": "train", "epoch": 4}
{"loss": 0.4772573411464691, "acc": 0.7893334031105042, "length": 4.255195140838623, "mode": "test", "epoch": 4}
{"loss": 0.4119696021080017, "acc": 0.8199654221534729, "length": 4.427920818328857, "mode": "train", "epoch": 5}
{"loss": 0.4596570134162903, "acc": 0.7975093126296997, "length": 4.546966075897217, "mode": "test", "epoch": 5}
{"loss": 0.3784719407558441, "acc": 0.8403339385986328, "length": 4.576874732971191, "mode": "train", "epoch": 6}
{"loss": 0.42157796025276184, "acc": 0.8143084049224854, "length": 4.74064826965332, "mode": "test", "epoch": 6}
{"loss": 0.34274032711982727, "acc": 0.8569400906562805, "length": 4.639627933502197, "mode": "train", "epoch": 7}
{"loss": 0.41540059447288513, "acc": 0.8277192115783691, "length": 4.788861274719238, "mode": "test", "epoch": 7}
{"loss": 0.327560693025589, "acc": 0.8647340536117554, "length": 4.677115440368652, "mode": "train", "epoch": 8}
{"loss": 0.41726481914520264, "acc": 0.8247331380844116, "length": 4.93516206741333, "mode": "test", "epoch": 8}
{"loss": 0.3059048056602478, "acc": 0.8772285580635071, "length": 4.739871978759766, "mode": "train", "epoch": 9}
{"loss": 0.39649704098701477, "acc": 0.8281026482582092, "length": 4.7581048011779785, "mode": "test", "epoch": 9}
{"loss": 0.2964496314525604, "acc": 0.8818327784538269, "length": 4.735436916351318, "mode": "train", "epoch": 10}
{"loss": 0.39262571930885315, "acc": 0.8376880884170532, "length": 4.892767906188965, "mode": "test", "epoch": 10}
{"loss": 0.28563547134399414, "acc": 0.8857670426368713, "length": 4.785043716430664, "mode": "train", "epoch": 11}
{"loss": 0.3818247616291046, "acc": 0.8442385792732239, "length": 4.829592704772949, "mode": "test", "epoch": 11}
{"loss": 0.2784990668296814, "acc": 0.8912982940673828, "length": 4.769918918609619, "mode": "train", "epoch": 12}
{"loss": 0.3796912431716919, "acc": 0.8481538891792297, "length": 4.878636837005615, "mode": "test", "epoch": 12}
{"loss": 0.26938384771347046, "acc": 0.8942602872848511, "length": 4.816688537597656, "mode": "train", "epoch": 13}
{"loss": 0.3844638168811798, "acc": 0.8432670831680298, "length": 4.8561930656433105, "mode": "test", "epoch": 13}
{"loss": 0.26089417934417725, "acc": 0.8991039991378784, "length": 4.817420959472656, "mode": "train", "epoch": 14}
{"loss": 0.3618088662624359, "acc": 0.857358992099762, "length": 4.906068325042725, "mode": "test", "epoch": 14}
{"loss": 0.2520381808280945, "acc": 0.9024247527122498, "length": 4.842846870422363, "mode": "train", "epoch": 15}
{"loss": 0.3489903211593628, "acc": 0.8688914179801941, "length": 4.833748817443848, "mode": "test", "epoch": 15}
{"loss": 0.23871438205242157, "acc": 0.9090239405632019, "length": 4.854111194610596, "mode": "train", "epoch": 16}
{"loss": 0.3683624863624573, "acc": 0.8577498197555542, "length": 4.847049236297607, "mode": "test", "epoch": 16}
{"loss": 0.23407335579395294, "acc": 0.9109717607498169, "length": 4.8721699714660645, "mode": "train", "epoch": 17}
{"loss": 0.3527151644229889, "acc": 0.8724096417427063, "length": 4.867830276489258, "mode": "test", "epoch": 17}
{"loss": 0.228148952126503, "acc": 0.915584146976471, "length": 4.892544746398926, "mode": "train", "epoch": 18}
{"loss": 0.33239245414733887, "acc": 0.8779604434967041, "length": 4.913549423217773, "mode": "test", "epoch": 18}
{"loss": 0.21992234885692596, "acc": 0.91860032081604, "length": 4.906966209411621, "mode": "train", "epoch": 19}
{"loss": 0.35336044430732727, "acc": 0.8769083023071289, "length": 4.9393181800842285, "mode": "test", "epoch": 19}
{"loss": 0.22009530663490295, "acc": 0.9187499284744263, "length": 4.929851531982422, "mode": "train", "epoch": 20}
{"loss": 0.3324584364891052, "acc": 0.8820245862007141, "length": 4.9625935554504395, "mode": "test", "epoch": 20}
{"loss": 0.2058122456073761, "acc": 0.9254778623580933, "length": 4.941323757171631, "mode": "train", "epoch": 21}
{"loss": 0.34515246748924255, "acc": 0.8776647448539734, "length": 4.989193916320801, "mode": "test", "epoch": 21}
{"loss": 0.20144110918045044, "acc": 0.9276229739189148, "length": 4.95424222946167, "mode": "train", "epoch": 22}
{"loss": 0.32378673553466797, "acc": 0.8832995891571045, "length": 4.992518901824951, "mode": "test", "epoch": 22}
{"loss": 0.19821502268314362, "acc": 0.9294975399971008, "length": 4.969703197479248, "mode": "train", "epoch": 23}
{"loss": 0.3287557065486908, "acc": 0.884178638458252, "length": 5.0, "mode": "test", "epoch": 23}
{"loss": 0.1900152564048767, "acc": 0.9310165047645569, "length": 4.983775615692139, "mode": "train", "epoch": 24}
{"loss": 0.31224682927131653, "acc": 0.893183708190918, "length": 5.0, "mode": "test", "epoch": 24}
{"loss": 0.1883799433708191, "acc": 0.9316257834434509, "length": 4.987321376800537, "mode": "train", "epoch": 25}
{"loss": 0.31113195419311523, "acc": 0.8948462009429932, "length": 5.0, "mode": "test", "epoch": 25}
{"loss": 0.18138200044631958, "acc": 0.9347712397575378, "length": 4.987113952636719, "mode": "train", "epoch": 26}
{"loss": 0.3135718107223511, "acc": 0.895538866519928, "length": 5.0, "mode": "test", "epoch": 26}
{"loss": 0.18051517009735107, "acc": 0.9340429902076721, "length": 4.989131927490234, "mode": "train", "epoch": 27}
{"loss": 0.3102169334888458, "acc": 0.8895816802978516, "length": 5.0, "mode": "test", "epoch": 27}
{"loss": 0.1775798797607422, "acc": 0.9356143474578857, "length": 4.989949703216553, "mode": "train", "epoch": 28}
{"loss": 0.3066447973251343, "acc": 0.8992795348167419, "length": 5.0, "mode": "test", "epoch": 28}
{"loss": 0.17234787344932556, "acc": 0.9395189881324768, "length": 4.993111610412598, "mode": "train", "epoch": 29}
{"loss": 0.2995840013027191, "acc": 0.9012191295623779, "length": 5.0, "mode": "test", "epoch": 29}
{"loss": 0.16469164192676544, "acc": 0.9408847093582153, "length": 4.995028018951416, "mode": "train", "epoch": 30}
{"loss": 0.3049423396587372, "acc": 0.8988639116287231, "length": 5.0, "mode": "test", "epoch": 30}
{"loss": 0.16791678965091705, "acc": 0.938815176486969, "length": 4.9962615966796875, "mode": "train", "epoch": 31}
{"loss": 0.2973560094833374, "acc": 0.9064837694168091, "length": 5.0, "mode": "test", "epoch": 31}
{"loss": 0.16064836084842682, "acc": 0.9420042634010315, "length": 4.995622634887695, "mode": "train", "epoch": 32}
{"loss": 0.30256256461143494, "acc": 0.8972013592720032, "length": 5.0, "mode": "test", "epoch": 32}
{"loss": 0.15964463353157043, "acc": 0.9427921772003174, "length": 4.996359825134277, "mode": "train", "epoch": 33}
{"loss": 0.29369163513183594, "acc": 0.9055140018463135, "length": 5.0, "mode": "test", "epoch": 33}
{"loss": 0.15733903646469116, "acc": 0.9454260468482971, "length": 4.996809959411621, "mode": "train", "epoch": 34}
{"loss": 0.3037573993206024, "acc": 0.9021888971328735, "length": 5.0, "mode": "test", "epoch": 34}
{"loss": 0.15410369634628296, "acc": 0.9454394578933716, "length": 4.99786376953125, "mode": "train", "epoch": 35}
{"loss": 0.30677470564842224, "acc": 0.9001107811927795, "length": 5.0, "mode": "test", "epoch": 35}
{"loss": 0.14651371538639069, "acc": 0.9490717053413391, "length": 4.997035503387451, "mode": "train", "epoch": 36}
{"loss": 0.30540403723716736, "acc": 0.9001108407974243, "length": 5.0, "mode": "test", "epoch": 36}
{"loss": 0.1463671624660492, "acc": 0.9489596486091614, "length": 4.997838020324707, "mode": "train", "epoch": 37}
{"loss": 0.3125499188899994, "acc": 0.9013577699661255, "length": 5.0, "mode": "test", "epoch": 37}
{"loss": 0.15229514241218567, "acc": 0.94498610496521, "length": 4.998758792877197, "mode": "train", "epoch": 38}
{"loss": 0.2921195924282074, "acc": 0.9017733931541443, "length": 5.0, "mode": "test", "epoch": 38}
{"loss": 0.1507176160812378, "acc": 0.9448006749153137, "length": 4.998709678649902, "mode": "train", "epoch": 39}
{"loss": 0.31603172421455383, "acc": 0.8960931301116943, "length": 5.0, "mode": "test", "epoch": 39}
{"loss": 0.14879991114139557, "acc": 0.9484449625015259, "length": 4.9983649253845215, "mode": "train", "epoch": 40}
{"loss": 0.3045518398284912, "acc": 0.9046826958656311, "length": 5.0, "mode": "test", "epoch": 40}
{"loss": 0.14334586262702942, "acc": 0.9469273090362549, "length": 4.998820781707764, "mode": "train", "epoch": 41}
{"loss": 0.30837729573249817, "acc": 0.9019119143486023, "length": 5.0, "mode": "test", "epoch": 41}
{"loss": 0.13686369359493256, "acc": 0.9504882097244263, "length": 4.999034881591797, "mode": "train", "epoch": 42}
{"loss": 0.2978654205799103, "acc": 0.9062066674232483, "length": 5.0, "mode": "test", "epoch": 42}
{"loss": 0.12986943125724792, "acc": 0.9532919526100159, "length": 4.998465538024902, "mode": "train", "epoch": 43}
{"loss": 0.30137941241264343, "acc": 0.9056525230407715, "length": 5.0, "mode": "test", "epoch": 43}
{"loss": 0.1363239735364914, "acc": 0.9507144093513489, "length": 4.998592853546143, "mode": "train", "epoch": 44}
{"loss": 0.29683059453964233, "acc": 0.9042671322822571, "length": 5.0, "mode": "test", "epoch": 44}
{"loss": 0.12929733097553253, "acc": 0.9526973962783813, "length": 4.998368740081787, "mode": "train", "epoch": 45}
{"loss": 0.3068830966949463, "acc": 0.9049599170684814, "length": 5.0, "mode": "test", "epoch": 45}
{"loss": 0.12673687934875488, "acc": 0.9530742764472961, "length": 4.998748779296875, "mode": "train", "epoch": 46}
{"loss": 0.3062998354434967, "acc": 0.9082847833633423, "length": 5.0, "mode": "test", "epoch": 46}
{"loss": 0.12885040044784546, "acc": 0.9531695246696472, "length": 4.9992289543151855, "mode": "train", "epoch": 47}
{"loss": 0.30941280722618103, "acc": 0.9064840078353882, "length": 5.0, "mode": "test", "epoch": 47}
{"loss": 0.13286539912223816, "acc": 0.9505385756492615, "length": 4.9993815422058105, "mode": "train", "epoch": 48}
{"loss": 0.2957862913608551, "acc": 0.9099473357200623, "length": 5.0, "mode": "test", "epoch": 48}
{"loss": 0.12679189443588257, "acc": 0.9549693465232849, "length": 4.998572826385498, "mode": "train", "epoch": 49}
{"loss": 0.287925660610199, "acc": 0.9139652848243713, "length": 5.0, "mode": "test", "epoch": 49}
{"loss": 0.12100028991699219, "acc": 0.9575148820877075, "length": 4.999248027801514, "mode": "train", "epoch": 50}
{"loss": 0.30645492672920227, "acc": 0.9103630781173706, "length": 5.0, "mode": "test", "epoch": 50}
{"loss": 0.1210404485464096, "acc": 0.9559909105300903, "length": 4.999222278594971, "mode": "train", "epoch": 51}
{"loss": 0.31202077865600586, "acc": 0.9049597978591919, "length": 5.0, "mode": "test", "epoch": 51}
{"loss": 0.11610586196184158, "acc": 0.9587644338607788, "length": 4.999257564544678, "mode": "train", "epoch": 52}
{"loss": 0.31332072615623474, "acc": 0.905791163444519, "length": 5.0, "mode": "test", "epoch": 52}
{"loss": 0.12193720787763596, "acc": 0.9539593458175659, "length": 4.999368667602539, "mode": "train", "epoch": 53}
{"loss": 0.30713024735450745, "acc": 0.9100858569145203, "length": 5.0, "mode": "test", "epoch": 53}
{"loss": 0.1224253848195076, "acc": 0.9555706977844238, "length": 4.998989105224609, "mode": "train", "epoch": 54}
{"loss": 0.3165949881076813, "acc": 0.9106401801109314, "length": 5.0, "mode": "test", "epoch": 54}
{"loss": 0.11785843223333359, "acc": 0.9577471613883972, "length": 4.999434471130371, "mode": "train", "epoch": 55}
{"loss": 0.30900248885154724, "acc": 0.9120255708694458, "length": 5.0, "mode": "test", "epoch": 55}
{"loss": 0.12275215983390808, "acc": 0.9560409188270569, "length": 4.999662399291992, "mode": "train", "epoch": 56}
{"loss": 0.38298770785331726, "acc": 0.8819616436958313, "length": 5.0, "mode": "test", "epoch": 56}
{"loss": 0.13211974501609802, "acc": 0.9526152014732361, "length": 4.999501705169678, "mode": "train", "epoch": 57}
{"loss": 0.31852754950523376, "acc": 0.9073151350021362, "length": 5.0, "mode": "test", "epoch": 57}
{"loss": 0.1160745620727539, "acc": 0.9592060446739197, "length": 4.998420715332031, "mode": "train", "epoch": 58}
{"loss": 0.29881876707077026, "acc": 0.9123026728630066, "length": 5.0, "mode": "test", "epoch": 58}
{"loss": 0.1069219782948494, "acc": 0.9633409976959229, "length": 4.999574184417725, "mode": "train", "epoch": 59}
{"loss": 0.2965751588344574, "acc": 0.9102245569229126, "length": 5.0, "mode": "test", "epoch": 59}
{"loss": 0.10402395576238632, "acc": 0.9624194502830505, "length": 4.9996771812438965, "mode": "train", "epoch": 60}
{"loss": 0.3019523024559021, "acc": 0.9089775681495667, "length": 5.0, "mode": "test", "epoch": 60}
{"loss": 0.1022239550948143, "acc": 0.965233325958252, "length": 4.999358177185059, "mode": "train", "epoch": 61}
{"loss": 0.29079940915107727, "acc": 0.9102245569229126, "length": 5.0, "mode": "test", "epoch": 61}
{"loss": 0.10384327918291092, "acc": 0.9632018804550171, "length": 4.999230861663818, "mode": "train", "epoch": 62}
{"loss": 0.3021889626979828, "acc": 0.909393310546875, "length": 5.0, "mode": "test", "epoch": 62}
{"loss": 0.10644005239009857, "acc": 0.9622795581817627, "length": 4.999710559844971, "mode": "train", "epoch": 63}
{"loss": 0.31383246183395386, "acc": 0.911748468875885, "length": 5.0, "mode": "test", "epoch": 63}
{"loss": 0.11249945312738419, "acc": 0.9595500826835632, "length": 4.9993896484375, "mode": "train", "epoch": 64}
{"loss": 0.31266123056411743, "acc": 0.9067608118057251, "length": 5.0, "mode": "test", "epoch": 64}
{"loss": 0.11019463837146759, "acc": 0.9622350931167603, "length": 4.9997076988220215, "mode": "train", "epoch": 65}
{"loss": 0.3104162812232971, "acc": 0.908007800579071, "length": 5.0, "mode": "test", "epoch": 65}
{"loss": 0.10712242871522903, "acc": 0.9599176049232483, "length": 4.999325275421143, "mode": "train", "epoch": 66}
{"loss": 0.3054386079311371, "acc": 0.913549542427063, "length": 5.0, "mode": "test", "epoch": 66}
{"loss": 0.100258007645607, "acc": 0.9644383192062378, "length": 4.99882698059082, "mode": "train", "epoch": 67}
{"loss": 0.31375592947006226, "acc": 0.9100858569145203, "length": 5.0, "mode": "test", "epoch": 67}
{"loss": 0.09877994656562805, "acc": 0.9651841521263123, "length": 4.999289035797119, "mode": "train", "epoch": 68}
{"loss": 0.2931010127067566, "acc": 0.9183984994888306, "length": 5.0, "mode": "test", "epoch": 68}
{"loss": 0.10324302315711975, "acc": 0.9642616510391235, "length": 4.999366760253906, "mode": "train", "epoch": 69}
{"loss": 0.30665889382362366, "acc": 0.9146578311920166, "length": 5.0, "mode": "test", "epoch": 69}
{"loss": 0.09648200869560242, "acc": 0.9668093919754028, "length": 4.9996466636657715, "mode": "train", "epoch": 70}
{"loss": 0.30076807737350464, "acc": 0.9098089337348938, "length": 5.0, "mode": "test", "epoch": 70}
{"loss": 0.1007445901632309, "acc": 0.9648100137710571, "length": 4.998995780944824, "mode": "train", "epoch": 71}
{"loss": 0.30341029167175293, "acc": 0.9161818623542786, "length": 5.0, "mode": "test", "epoch": 71}
{"loss": 0.09604351967573166, "acc": 0.9661191701889038, "length": 4.999876976013184, "mode": "train", "epoch": 72}
{"loss": 0.3029812276363373, "acc": 0.9189527034759521, "length": 5.0, "mode": "test", "epoch": 72}
{"loss": 0.08918215334415436, "acc": 0.9693522453308105, "length": 4.999757289886475, "mode": "train", "epoch": 73}
{"loss": 0.28614962100982666, "acc": 0.9224161505699158, "length": 5.0, "mode": "test", "epoch": 73}
{"loss": 0.09709322452545166, "acc": 0.964267909526825, "length": 4.99960470199585, "mode": "train", "epoch": 74}
{"loss": 0.3374445140361786, "acc": 0.9113327264785767, "length": 5.0, "mode": "test", "epoch": 74}
{"loss": 0.10999792814254761, "acc": 0.9602959156036377, "length": 4.99989128112793, "mode": "train", "epoch": 75}
{"loss": 0.3068458139896393, "acc": 0.9118870496749878, "length": 5.0, "mode": "test", "epoch": 75}
{"loss": 0.10173521935939789, "acc": 0.9647771120071411, "length": 4.99979305267334, "mode": "train", "epoch": 76}
{"loss": 0.31987616419792175, "acc": 0.9088390469551086, "length": 5.0, "mode": "test", "epoch": 76}
{"loss": 0.10379249602556229, "acc": 0.9618189930915833, "length": 4.99978494644165, "mode": "train", "epoch": 77}
{"loss": 0.2947615087032318, "acc": 0.9157660007476807, "length": 5.0, "mode": "test", "epoch": 77}
{"loss": 0.0933929905295372, "acc": 0.9670358300209045, "length": 4.999591827392578, "mode": "train", "epoch": 78}
{"loss": 0.2926598787307739, "acc": 0.918259859085083, "length": 5.0, "mode": "test", "epoch": 78}
{"loss": 0.09161458909511566, "acc": 0.968846321105957, "length": 4.999880790710449, "mode": "train", "epoch": 79}
{"loss": 0.28603291511535645, "acc": 0.9185370802879333, "length": 5.0, "mode": "test", "epoch": 79}
{"loss": 0.10157091915607452, "acc": 0.963945746421814, "length": 4.99983024597168, "mode": "train", "epoch": 80}
{"loss": 0.3389856219291687, "acc": 0.907730758190155, "length": 5.0, "mode": "test", "epoch": 80}
{"loss": 0.12369126826524734, "acc": 0.954517126083374, "length": 4.999845027923584, "mode": "train", "epoch": 81}
{"loss": 0.3064594566822052, "acc": 0.9146578311920166, "length": 5.0, "mode": "test", "epoch": 81}
{"loss": 0.09825120866298676, "acc": 0.9641777873039246, "length": 4.999924659729004, "mode": "train", "epoch": 82}
{"loss": 0.29807373881340027, "acc": 0.9178442358970642, "length": 5.0, "mode": "test", "epoch": 82}
{"loss": 0.12040432542562485, "acc": 0.9565519690513611, "length": 4.999892711639404, "mode": "train", "epoch": 83}
{"loss": 0.3346146047115326, "acc": 0.9030200839042664, "length": 5.0, "mode": "test", "epoch": 83}
{"loss": 0.13978123664855957, "acc": 0.9493879675865173, "length": 4.999832630157471, "mode": "train", "epoch": 84}
{"loss": 0.308093786239624, "acc": 0.9147964715957642, "length": 5.0, "mode": "test", "epoch": 84}
{"loss": 0.1118423342704773, "acc": 0.9588643312454224, "length": 4.9999308586120605, "mode": "train", "epoch": 85}
{"loss": 0.28600209951400757, "acc": 0.919368326663971, "length": 5.0, "mode": "test", "epoch": 85}
{"loss": 0.09691257029771805, "acc": 0.9663957357406616, "length": 4.99985408782959, "mode": "train", "epoch": 86}
{"loss": 0.27916738390922546, "acc": 0.9201995134353638, "length": 5.0, "mode": "test", "epoch": 86}
{"loss": 0.08797390013933182, "acc": 0.9687044620513916, "length": 4.999693870544434, "mode": "train", "epoch": 87}
{"loss": 0.28111162781715393, "acc": 0.919368326663971, "length": 5.0, "mode": "test", "epoch": 87}
{"loss": 0.09160549193620682, "acc": 0.9672740697860718, "length": 4.9998040199279785, "mode": "train", "epoch": 88}
{"loss": 0.28911834955215454, "acc": 0.9159045219421387, "length": 5.0, "mode": "test", "epoch": 88}
{"loss": 0.09995253384113312, "acc": 0.9651367664337158, "length": 4.999267578125, "mode": "train", "epoch": 89}
{"loss": 0.30636781454086304, "acc": 0.9132722616195679, "length": 5.0, "mode": "test", "epoch": 89}
{"loss": 0.09288869798183441, "acc": 0.9669487476348877, "length": 4.99977445602417, "mode": "train", "epoch": 90}
{"loss": 0.2864057421684265, "acc": 0.9233860373497009, "length": 5.0, "mode": "test", "epoch": 90}
{"loss": 0.08949173241853714, "acc": 0.9691193103790283, "length": 4.999748229980469, "mode": "train", "epoch": 91}
{"loss": 0.30346769094467163, "acc": 0.9171515107154846, "length": 5.0, "mode": "test", "epoch": 91}
{"loss": 0.08667157590389252, "acc": 0.9690306186676025, "length": 4.999840259552002, "mode": "train", "epoch": 92}
{"loss": 0.30284106731414795, "acc": 0.9171515107154846, "length": 5.0, "mode": "test", "epoch": 92}
{"loss": 0.09383875131607056, "acc": 0.9671322703361511, "length": 4.9997758865356445, "mode": "train", "epoch": 93}
{"loss": 0.3084661066532135, "acc": 0.9124413132667542, "length": 5.0, "mode": "test", "epoch": 93}
{"loss": 0.09939505904912949, "acc": 0.964177668094635, "length": 4.999871253967285, "mode": "train", "epoch": 94}
{"loss": 0.28741034865379333, "acc": 0.9200608730316162, "length": 5.0, "mode": "test", "epoch": 94}
{"loss": 0.09152141958475113, "acc": 0.965515673160553, "length": 4.999809741973877, "mode": "train", "epoch": 95}
{"loss": 0.28117984533309937, "acc": 0.9195067286491394, "length": 5.0, "mode": "test", "epoch": 95}
{"loss": 0.09106481820344925, "acc": 0.9697719216346741, "length": 4.9999589920043945, "mode": "train", "epoch": 96}
{"loss": 0.3363175690174103, "acc": 0.9048213958740234, "length": 5.0, "mode": "test", "epoch": 96}
{"loss": 0.13317175209522247, "acc": 0.9547508358955383, "length": 4.999935626983643, "mode": "train", "epoch": 97}
{"loss": 0.29822486639022827, "acc": 0.9105016589164734, "length": 5.0, "mode": "test", "epoch": 97}
{"loss": 0.09935331344604492, "acc": 0.965240478515625, "length": 4.999852180480957, "mode": "train", "epoch": 98}
{"loss": 0.28238508105278015, "acc": 0.9210307598114014, "length": 5.0, "mode": "test", "epoch": 98}
{"loss": 0.08217808604240417, "acc": 0.9709257483482361, "length": 4.999582290649414, "mode": "train", "epoch": 99}
{"loss": 0.28821855783462524, "acc": 0.918398380279541, "length": 5.0, "mode": "test", "epoch": 99}
{"loss": 0.08512838184833527, "acc": 0.9706900119781494, "length": 4.9995903968811035, "mode": "train", "epoch": 100}
{"loss": 0.2768974304199219, "acc": 0.9179827570915222, "length": 5.0, "mode": "test", "epoch": 100}
test accuracy: 0.8776936531066895
