# ["--attributes=4", "--values=4", "--game_size=4", "--vocab_size_factor=3", "--n_epochs=100", "--batch_size=32", "--learning_rate=0.001", "--hidden_size=128", "--temp_update=0.97", "--temperature=1.5"]
Creating train_ds and val_ds...

Creating test_ds...
{"loss": 0.6295289397239685, "acc": 0.6187019348144531, "length": 2.992979049682617, "mode": "train", "epoch": 1}
{"loss": 0.5348426699638367, "acc": 0.7394107580184937, "length": 3.324528217315674, "mode": "test", "epoch": 1}
{"loss": 0.4896847903728485, "acc": 0.7587325572967529, "length": 3.5982136726379395, "mode": "train", "epoch": 2}
{"loss": 0.4879840612411499, "acc": 0.7775865197181702, "length": 3.706918239593506, "mode": "test", "epoch": 2}
{"loss": 0.44107192754745483, "acc": 0.7939348816871643, "length": 4.192006587982178, "mode": "train", "epoch": 3}
{"loss": 0.44451168179512024, "acc": 0.7948384284973145, "length": 4.589937210083008, "mode": "test", "epoch": 3}
{"loss": 0.3996208608150482, "acc": 0.8221386075019836, "length": 4.6196608543396, "mode": "train", "epoch": 4}
{"loss": 0.417660653591156, "acc": 0.8061222434043884, "length": 4.806289196014404, "mode": "test", "epoch": 4}
{"loss": 0.37265661358833313, "acc": 0.832888126373291, "length": 4.849435806274414, "mode": "train", "epoch": 5}
{"loss": 0.37890446186065674, "acc": 0.8361635208129883, "length": 5.0, "mode": "test", "epoch": 5}
{"loss": 0.34424909949302673, "acc": 0.8529419898986816, "length": 4.987007141113281, "mode": "train", "epoch": 6}
{"loss": 0.3702097237110138, "acc": 0.8398584127426147, "length": 5.0, "mode": "test", "epoch": 6}
{"loss": 0.32801464200019836, "acc": 0.8620914816856384, "length": 4.9955644607543945, "mode": "train", "epoch": 7}
{"loss": 0.34386298060417175, "acc": 0.8580188155174255, "length": 5.0, "mode": "test", "epoch": 7}
{"loss": 0.31892287731170654, "acc": 0.867061197757721, "length": 4.997671604156494, "mode": "train", "epoch": 8}
{"loss": 0.3452800214290619, "acc": 0.8559749126434326, "length": 5.0, "mode": "test", "epoch": 8}
{"loss": 0.30497637391090393, "acc": 0.8743972778320312, "length": 4.99875545501709, "mode": "train", "epoch": 9}
{"loss": 0.33851146697998047, "acc": 0.8700472712516785, "length": 5.0, "mode": "test", "epoch": 9}
{"loss": 0.29588767886161804, "acc": 0.8788424134254456, "length": 4.999413967132568, "mode": "train", "epoch": 10}
{"loss": 0.32904285192489624, "acc": 0.8750786781311035, "length": 5.0, "mode": "test", "epoch": 10}
{"loss": 0.2916635274887085, "acc": 0.881166934967041, "length": 4.999154090881348, "mode": "train", "epoch": 11}
{"loss": 0.3176150321960449, "acc": 0.8786162734031677, "length": 5.0, "mode": "test", "epoch": 11}
{"loss": 0.28328850865364075, "acc": 0.8860068917274475, "length": 4.999658107757568, "mode": "train", "epoch": 12}
{"loss": 0.32668453454971313, "acc": 0.8747642040252686, "length": 5.0, "mode": "test", "epoch": 12}
{"loss": 0.276019424200058, "acc": 0.8895479440689087, "length": 4.9997477531433105, "mode": "train", "epoch": 13}
{"loss": 0.3172133266925812, "acc": 0.8808174729347229, "length": 5.0, "mode": "test", "epoch": 13}
{"loss": 0.2679286003112793, "acc": 0.891362726688385, "length": 4.999892711639404, "mode": "train", "epoch": 14}
{"loss": 0.31250423192977905, "acc": 0.8772012591362, "length": 5.0, "mode": "test", "epoch": 14}
{"loss": 0.2638317346572876, "acc": 0.8933836221694946, "length": 4.999934196472168, "mode": "train", "epoch": 15}
{"loss": 0.32555243372917175, "acc": 0.8805817365646362, "length": 5.0, "mode": "test", "epoch": 15}
{"loss": 0.25876444578170776, "acc": 0.8957704901695251, "length": 4.9999518394470215, "mode": "train", "epoch": 16}
{"loss": 0.3107052445411682, "acc": 0.8807388544082642, "length": 5.0, "mode": "test", "epoch": 16}
{"loss": 0.2578699290752411, "acc": 0.8970038294792175, "length": 4.999966621398926, "mode": "train", "epoch": 17}
{"loss": 0.30549749732017517, "acc": 0.8834118843078613, "length": 5.0, "mode": "test", "epoch": 17}
{"loss": 0.25258517265319824, "acc": 0.9004661440849304, "length": 4.999976634979248, "mode": "train", "epoch": 18}
{"loss": 0.3049319386482239, "acc": 0.8812106847763062, "length": 5.0, "mode": "test", "epoch": 18}
{"loss": 0.2526596188545227, "acc": 0.8984988927841187, "length": 4.999963283538818, "mode": "train", "epoch": 19}
{"loss": 0.3297375738620758, "acc": 0.8781447410583496, "length": 5.0, "mode": "test", "epoch": 19}
{"loss": 0.2551334500312805, "acc": 0.8970308303833008, "length": 4.999991416931152, "mode": "train", "epoch": 20}
{"loss": 0.31729069352149963, "acc": 0.877987265586853, "length": 5.0, "mode": "test", "epoch": 20}
{"loss": 0.2508745789527893, "acc": 0.9009125232696533, "length": 4.999993801116943, "mode": "train", "epoch": 21}
{"loss": 0.3132282495498657, "acc": 0.8897014260292053, "length": 5.0, "mode": "test", "epoch": 21}
{"loss": 0.2489018589258194, "acc": 0.9000722169876099, "length": 4.999964714050293, "mode": "train", "epoch": 22}
{"loss": 0.3004007935523987, "acc": 0.8918237686157227, "length": 5.0, "mode": "test", "epoch": 22}
{"loss": 0.2485383301973343, "acc": 0.9005191922187805, "length": 4.999996662139893, "mode": "train", "epoch": 23}
{"loss": 0.32127439975738525, "acc": 0.8822327852249146, "length": 5.0, "mode": "test", "epoch": 23}
{"loss": 0.24452073872089386, "acc": 0.9037714004516602, "length": 4.999995231628418, "mode": "train", "epoch": 24}
{"loss": 0.30304139852523804, "acc": 0.8899369239807129, "length": 5.0, "mode": "test", "epoch": 24}
{"loss": 0.23607999086380005, "acc": 0.9057909250259399, "length": 4.999999046325684, "mode": "train", "epoch": 25}
{"loss": 0.3129115402698517, "acc": 0.8827829957008362, "length": 5.0, "mode": "test", "epoch": 25}
{"loss": 0.24120238423347473, "acc": 0.9036927223205566, "length": 4.999997615814209, "mode": "train", "epoch": 26}
{"loss": 0.30885961651802063, "acc": 0.8908019661903381, "length": 5.0, "mode": "test", "epoch": 26}
{"loss": 0.23761293292045593, "acc": 0.9063942432403564, "length": 5.0, "mode": "train", "epoch": 27}
{"loss": 0.3149487376213074, "acc": 0.8829402327537537, "length": 5.0, "mode": "test", "epoch": 27}
{"loss": 0.23979465663433075, "acc": 0.9050304293632507, "length": 4.999998569488525, "mode": "train", "epoch": 28}
{"loss": 0.29374760389328003, "acc": 0.8930030465126038, "length": 5.0, "mode": "test", "epoch": 28}
{"loss": 0.2422148883342743, "acc": 0.9055811166763306, "length": 4.999999523162842, "mode": "train", "epoch": 29}
{"loss": 0.2958267629146576, "acc": 0.8908019065856934, "length": 5.0, "mode": "test", "epoch": 29}
{"loss": 0.24949966371059418, "acc": 0.9025912880897522, "length": 5.0, "mode": "train", "epoch": 30}
{"loss": 0.3055577874183655, "acc": 0.8858489990234375, "length": 5.0, "mode": "test", "epoch": 30}
{"loss": 0.23236234486103058, "acc": 0.9083875417709351, "length": 4.999999523162842, "mode": "train", "epoch": 31}
{"loss": 0.29441240429878235, "acc": 0.8954401612281799, "length": 5.0, "mode": "test", "epoch": 31}
{"loss": 0.23113486170768738, "acc": 0.908151388168335, "length": 5.0, "mode": "train", "epoch": 32}
{"loss": 0.30553483963012695, "acc": 0.8892296552658081, "length": 5.0, "mode": "test", "epoch": 32}
{"loss": 0.24996797740459442, "acc": 0.8982899785041809, "length": 5.0, "mode": "train", "epoch": 33}
{"loss": 0.3162737190723419, "acc": 0.878852128982544, "length": 5.0, "mode": "test", "epoch": 33}
{"loss": 0.24460361897945404, "acc": 0.9022502899169922, "length": 5.0, "mode": "train", "epoch": 34}
{"loss": 0.29022806882858276, "acc": 0.8939465880393982, "length": 5.0, "mode": "test", "epoch": 34}
{"loss": 0.24404893815517426, "acc": 0.9044796228408813, "length": 5.0, "mode": "train", "epoch": 35}
{"loss": 0.31940126419067383, "acc": 0.8829403519630432, "length": 5.0, "mode": "test", "epoch": 35}
{"loss": 0.2352817952632904, "acc": 0.9089906811714172, "length": 5.0, "mode": "train", "epoch": 36}
{"loss": 0.30039462447166443, "acc": 0.8904088139533997, "length": 5.0, "mode": "test", "epoch": 36}
{"loss": 0.22896511852741241, "acc": 0.9102497100830078, "length": 5.0, "mode": "train", "epoch": 37}
{"loss": 0.3355472981929779, "acc": 0.8848269581794739, "length": 5.0, "mode": "test", "epoch": 37}
{"loss": 0.24130216240882874, "acc": 0.9066565036773682, "length": 5.0, "mode": "train", "epoch": 38}
{"loss": 0.2954882085323334, "acc": 0.889937162399292, "length": 5.0, "mode": "test", "epoch": 38}
{"loss": 0.23222818970680237, "acc": 0.9082564115524292, "length": 5.0, "mode": "train", "epoch": 39}
{"loss": 0.2939448356628418, "acc": 0.8954402804374695, "length": 5.0, "mode": "test", "epoch": 39}
{"loss": 0.23802264034748077, "acc": 0.9045583009719849, "length": 5.0, "mode": "train", "epoch": 40}
{"loss": 0.30369868874549866, "acc": 0.886242151260376, "length": 5.0, "mode": "test", "epoch": 40}
{"loss": 0.23986324667930603, "acc": 0.9065515398979187, "length": 4.999998569488525, "mode": "train", "epoch": 41}
{"loss": 0.2987189292907715, "acc": 0.8921385407447815, "length": 5.0, "mode": "test", "epoch": 41}
{"loss": 0.23236703872680664, "acc": 0.9088072776794434, "length": 5.0, "mode": "train", "epoch": 42}
{"loss": 0.29271313548088074, "acc": 0.8966980576515198, "length": 5.0, "mode": "test", "epoch": 42}
{"loss": 0.23443107306957245, "acc": 0.9084398150444031, "length": 4.999998569488525, "mode": "train", "epoch": 43}
{"loss": 0.324239045381546, "acc": 0.8878146409988403, "length": 5.0, "mode": "test", "epoch": 43}
{"loss": 0.22756272554397583, "acc": 0.9106168746948242, "length": 5.0, "mode": "train", "epoch": 44}
{"loss": 0.28618770837783813, "acc": 0.8944966793060303, "length": 5.0, "mode": "test", "epoch": 44}
{"loss": 0.2202908843755722, "acc": 0.9130822420120239, "length": 5.0, "mode": "train", "epoch": 45}
{"loss": 0.2906940281391144, "acc": 0.8962265849113464, "length": 5.0, "mode": "test", "epoch": 45}
{"loss": 0.23236814141273499, "acc": 0.9078629612922668, "length": 4.999999046325684, "mode": "train", "epoch": 46}
{"loss": 0.291072279214859, "acc": 0.8944182395935059, "length": 5.0, "mode": "test", "epoch": 46}
{"loss": 0.224732905626297, "acc": 0.9130032658576965, "length": 4.99999475479126, "mode": "train", "epoch": 47}
{"loss": 0.2868035137653351, "acc": 0.8962265849113464, "length": 5.0, "mode": "test", "epoch": 47}
{"loss": 0.23555968701839447, "acc": 0.9084399938583374, "length": 5.0, "mode": "train", "epoch": 48}
{"loss": 0.3032272160053253, "acc": 0.8890722990036011, "length": 5.0, "mode": "test", "epoch": 48}
{"loss": 0.22639276087284088, "acc": 0.9127413034439087, "length": 5.0, "mode": "train", "epoch": 49}
{"loss": 0.3045896291732788, "acc": 0.8948898315429688, "length": 5.0, "mode": "test", "epoch": 49}
{"loss": 0.2344210147857666, "acc": 0.9087809324264526, "length": 5.0, "mode": "train", "epoch": 50}
{"loss": 0.3150327205657959, "acc": 0.8886005282402039, "length": 5.0, "mode": "test", "epoch": 50}
{"loss": 0.22744794189929962, "acc": 0.9129509925842285, "length": 5.0, "mode": "train", "epoch": 51}
{"loss": 0.2934216260910034, "acc": 0.8941038250923157, "length": 5.0, "mode": "test", "epoch": 51}
{"loss": 0.2162172794342041, "acc": 0.9164129495620728, "length": 4.999997615814209, "mode": "train", "epoch": 52}
{"loss": 0.2832881808280945, "acc": 0.8968552947044373, "length": 5.0, "mode": "test", "epoch": 52}
{"loss": 0.21612708270549774, "acc": 0.9154951572418213, "length": 4.999999046325684, "mode": "train", "epoch": 53}
{"loss": 0.28409671783447266, "acc": 0.8996070027351379, "length": 5.0, "mode": "test", "epoch": 53}
{"loss": 0.21038630604743958, "acc": 0.9186162352561951, "length": 5.0, "mode": "train", "epoch": 54}
{"loss": 0.28060251474380493, "acc": 0.8996068239212036, "length": 5.0, "mode": "test", "epoch": 54}
{"loss": 0.20829996466636658, "acc": 0.9185636639595032, "length": 4.999999046325684, "mode": "train", "epoch": 55}
{"loss": 0.2815791070461273, "acc": 0.9006291031837463, "length": 5.0, "mode": "test", "epoch": 55}
{"loss": 0.21084436774253845, "acc": 0.9179866909980774, "length": 4.999998569488525, "mode": "train", "epoch": 56}
{"loss": 0.29371941089630127, "acc": 0.8998426795005798, "length": 5.0, "mode": "test", "epoch": 56}
{"loss": 0.2098541557788849, "acc": 0.9187210202217102, "length": 5.0, "mode": "train", "epoch": 57}
{"loss": 0.28909605741500854, "acc": 0.9003143906593323, "length": 5.0, "mode": "test", "epoch": 57}
{"loss": 0.21175388991832733, "acc": 0.9174883365631104, "length": 4.999999523162842, "mode": "train", "epoch": 58}
{"loss": 0.32671552896499634, "acc": 0.8857704997062683, "length": 5.0, "mode": "test", "epoch": 58}
{"loss": 0.25312894582748413, "acc": 0.8991292715072632, "length": 4.999999523162842, "mode": "train", "epoch": 59}
{"loss": 0.30881252884864807, "acc": 0.8867925405502319, "length": 5.0, "mode": "test", "epoch": 59}
{"loss": 0.22283165156841278, "acc": 0.912237823009491, "length": 4.999891757965088, "mode": "train", "epoch": 60}
{"loss": 0.296170711517334, "acc": 0.8951258659362793, "length": 5.0, "mode": "test", "epoch": 60}
{"loss": 0.21698585152626038, "acc": 0.9176195859909058, "length": 5.0, "mode": "train", "epoch": 61}
{"loss": 0.31502237915992737, "acc": 0.8952831029891968, "length": 5.0, "mode": "test", "epoch": 61}
{"loss": 0.21522164344787598, "acc": 0.9182228446006775, "length": 5.0, "mode": "train", "epoch": 62}
{"loss": 0.30175772309303284, "acc": 0.8951258063316345, "length": 5.0, "mode": "test", "epoch": 62}
{"loss": 0.22014759480953217, "acc": 0.9163341522216797, "length": 4.999994277954102, "mode": "train", "epoch": 63}
{"loss": 0.2989851236343384, "acc": 0.8952042460441589, "length": 5.0, "mode": "test", "epoch": 63}
{"loss": 0.2145410180091858, "acc": 0.9157311916351318, "length": 5.0, "mode": "train", "epoch": 64}
{"loss": 0.2852780818939209, "acc": 0.8999999165534973, "length": 5.0, "mode": "test", "epoch": 64}
{"loss": 0.20525036752223969, "acc": 0.9202948212623596, "length": 5.0, "mode": "train", "epoch": 65}
{"loss": 0.28107547760009766, "acc": 0.900550365447998, "length": 5.0, "mode": "test", "epoch": 65}
{"loss": 0.20455588400363922, "acc": 0.9214750528335571, "length": 5.0, "mode": "train", "epoch": 66}
{"loss": 0.29545703530311584, "acc": 0.8964622616767883, "length": 5.0, "mode": "test", "epoch": 66}
{"loss": 0.20991475880146027, "acc": 0.9177770614624023, "length": 5.0, "mode": "train", "epoch": 67}
{"loss": 0.2950563132762909, "acc": 0.8973271250724792, "length": 5.0, "mode": "test", "epoch": 67}
{"loss": 0.21705663204193115, "acc": 0.914839506149292, "length": 5.0, "mode": "train", "epoch": 68}
{"loss": 0.2793572247028351, "acc": 0.9065251350402832, "length": 5.0, "mode": "test", "epoch": 68}
{"loss": 0.20565690100193024, "acc": 0.9205046892166138, "length": 4.999999523162842, "mode": "train", "epoch": 69}
{"loss": 0.28796449303627014, "acc": 0.900471568107605, "length": 5.0, "mode": "test", "epoch": 69}
{"loss": 0.20764122903347015, "acc": 0.919560432434082, "length": 4.999999523162842, "mode": "train", "epoch": 70}
{"loss": 0.2762431204319, "acc": 0.9031446576118469, "length": 5.0, "mode": "test", "epoch": 70}
{"loss": 0.20471148192882538, "acc": 0.9216586351394653, "length": 5.0, "mode": "train", "epoch": 71}
{"loss": 0.28225651383399963, "acc": 0.8999212980270386, "length": 5.0, "mode": "test", "epoch": 71}
{"loss": 0.19782774150371552, "acc": 0.9246748089790344, "length": 5.0, "mode": "train", "epoch": 72}
{"loss": 0.27731409668922424, "acc": 0.9044812917709351, "length": 5.0, "mode": "test", "epoch": 72}
{"loss": 0.19984778761863708, "acc": 0.9222880601882935, "length": 5.0, "mode": "train", "epoch": 73}
{"loss": 0.2809731364250183, "acc": 0.9022797346115112, "length": 5.0, "mode": "test", "epoch": 73}
{"loss": 0.20453357696533203, "acc": 0.9210291504859924, "length": 4.999999523162842, "mode": "train", "epoch": 74}
{"loss": 0.28760984539985657, "acc": 0.9021226167678833, "length": 5.0, "mode": "test", "epoch": 74}
{"loss": 0.19703304767608643, "acc": 0.9243075847625732, "length": 5.0, "mode": "train", "epoch": 75}
{"loss": 0.2772568166255951, "acc": 0.9037734270095825, "length": 5.0, "mode": "test", "epoch": 75}
{"loss": 0.1949627846479416, "acc": 0.9247272610664368, "length": 5.0, "mode": "train", "epoch": 76}
{"loss": 0.28425663709640503, "acc": 0.9025156497955322, "length": 5.0, "mode": "test", "epoch": 76}
{"loss": 0.19046650826931, "acc": 0.9271401762962341, "length": 5.0, "mode": "train", "epoch": 77}
{"loss": 0.29828357696533203, "acc": 0.8963050246238708, "length": 5.0, "mode": "test", "epoch": 77}
{"loss": 0.2010798156261444, "acc": 0.9221831560134888, "length": 5.0, "mode": "train", "epoch": 78}
{"loss": 0.3024314343929291, "acc": 0.8866351246833801, "length": 5.0, "mode": "test", "epoch": 78}
{"loss": 0.21505998075008392, "acc": 0.9170162677764893, "length": 5.0, "mode": "train", "epoch": 79}
{"loss": 0.30309662222862244, "acc": 0.8961478471755981, "length": 5.0, "mode": "test", "epoch": 79}
{"loss": 0.19902342557907104, "acc": 0.92255038022995, "length": 5.0, "mode": "train", "epoch": 80}
{"loss": 0.3015314042568207, "acc": 0.8977986574172974, "length": 5.0, "mode": "test", "epoch": 80}
{"loss": 0.19522777199745178, "acc": 0.9247535467147827, "length": 5.0, "mode": "train", "epoch": 81}
{"loss": 0.28473007678985596, "acc": 0.9054244756698608, "length": 5.0, "mode": "test", "epoch": 81}
{"loss": 0.1995219737291336, "acc": 0.92255038022995, "length": 4.999999523162842, "mode": "train", "epoch": 82}
{"loss": 0.29978179931640625, "acc": 0.8985848426818848, "length": 5.0, "mode": "test", "epoch": 82}
{"loss": 0.2007792741060257, "acc": 0.9221569299697876, "length": 5.0, "mode": "train", "epoch": 83}
{"loss": 0.2925335168838501, "acc": 0.8971696496009827, "length": 5.0, "mode": "test", "epoch": 83}
{"loss": 0.19924023747444153, "acc": 0.9234158396720886, "length": 5.0, "mode": "train", "epoch": 84}
{"loss": 0.2775658071041107, "acc": 0.9067609906196594, "length": 5.0, "mode": "test", "epoch": 84}
{"loss": 0.19175343215465546, "acc": 0.9273237586021423, "length": 5.0, "mode": "train", "epoch": 85}
{"loss": 0.29207131266593933, "acc": 0.9024370908737183, "length": 5.0, "mode": "test", "epoch": 85}
{"loss": 0.19335290789604187, "acc": 0.9259337186813354, "length": 5.0, "mode": "train", "epoch": 86}
{"loss": 0.276914119720459, "acc": 0.9073114991188049, "length": 5.0, "mode": "test", "epoch": 86}
{"loss": 0.19528040289878845, "acc": 0.9245960116386414, "length": 5.0, "mode": "train", "epoch": 87}
{"loss": 0.27637144923210144, "acc": 0.901965320110321, "length": 5.0, "mode": "test", "epoch": 87}
{"loss": 0.18984127044677734, "acc": 0.9273496866226196, "length": 4.99999475479126, "mode": "train", "epoch": 88}
{"loss": 0.2823496460914612, "acc": 0.905738890171051, "length": 5.0, "mode": "test", "epoch": 88}
{"loss": 0.1878235936164856, "acc": 0.9287924766540527, "length": 5.0, "mode": "train", "epoch": 89}
{"loss": 0.2990237772464752, "acc": 0.9053459763526917, "length": 5.0, "mode": "test", "epoch": 89}
{"loss": 0.19776079058647156, "acc": 0.9236782193183899, "length": 5.0, "mode": "train", "epoch": 90}
{"loss": 0.2920510768890381, "acc": 0.9033019542694092, "length": 5.0, "mode": "test", "epoch": 90}
{"loss": 0.2014910876750946, "acc": 0.9229962229728699, "length": 5.0, "mode": "train", "epoch": 91}
{"loss": 0.29285699129104614, "acc": 0.903852105140686, "length": 5.0, "mode": "test", "epoch": 91}
{"loss": 0.215483620762825, "acc": 0.9185375571250916, "length": 5.0, "mode": "train", "epoch": 92}
{"loss": 0.325010746717453, "acc": 0.898742139339447, "length": 5.0, "mode": "test", "epoch": 92}
{"loss": 0.20491604506969452, "acc": 0.9198226928710938, "length": 5.0, "mode": "train", "epoch": 93}
{"loss": 0.28410229086875916, "acc": 0.903066098690033, "length": 5.0, "mode": "test", "epoch": 93}
{"loss": 0.19129160046577454, "acc": 0.9264844655990601, "length": 5.0, "mode": "train", "epoch": 94}
{"loss": 0.2813993990421295, "acc": 0.9058176875114441, "length": 5.0, "mode": "test", "epoch": 94}
{"loss": 0.19185416400432587, "acc": 0.9274811148643494, "length": 5.0, "mode": "train", "epoch": 95}
{"loss": 0.2860561013221741, "acc": 0.9038522839546204, "length": 5.0, "mode": "test", "epoch": 95}
{"loss": 0.1867881566286087, "acc": 0.9290809631347656, "length": 5.0, "mode": "train", "epoch": 96}
{"loss": 0.28111597895622253, "acc": 0.9042452573776245, "length": 5.0, "mode": "test", "epoch": 96}
{"loss": 0.18385475873947144, "acc": 0.9302612543106079, "length": 5.0, "mode": "train", "epoch": 97}
{"loss": 0.27576616406440735, "acc": 0.9055818319320679, "length": 5.0, "mode": "test", "epoch": 97}
{"loss": 0.1865750551223755, "acc": 0.9280843734741211, "length": 5.0, "mode": "train", "epoch": 98}
{"loss": 0.29932382702827454, "acc": 0.9020439386367798, "length": 5.0, "mode": "test", "epoch": 98}
{"loss": 0.19212891161441803, "acc": 0.925435483455658, "length": 5.0, "mode": "train", "epoch": 99}
{"loss": 0.2914193570613861, "acc": 0.8983491063117981, "length": 5.0, "mode": "test", "epoch": 99}
{"loss": 0.18507352471351624, "acc": 0.9295530915260315, "length": 5.0, "mode": "train", "epoch": 100}
{"loss": 0.2802468240261078, "acc": 0.9074684977531433, "length": 5.0, "mode": "test", "epoch": 100}
test accuracy: 0.862302303314209
