# ["--attributes=4", "--values=4", "--game_size=4", "--vocab_size_factor=3", "--n_epochs=100", "--batch_size=32", "--learning_rate=0.001", "--hidden_size=128", "--temp_update=0.97", "--temperature=2"]
Creating train_ds and val_ds...

Creating test_ds...
{"loss": 0.6489838361740112, "acc": 0.601143479347229, "length": 2.9169838428497314, "mode": "train", "epoch": 1}
{"loss": 0.6128994822502136, "acc": 0.6686699390411377, "length": 2.956112861633301, "mode": "test", "epoch": 1}
{"loss": 0.5136501789093018, "acc": 0.7532447576522827, "length": 4.154773712158203, "mode": "train", "epoch": 2}
{"loss": 0.5036409497261047, "acc": 0.7664086222648621, "length": 4.944827556610107, "mode": "test", "epoch": 2}
{"loss": 0.42596399784088135, "acc": 0.8126852512359619, "length": 4.962962627410889, "mode": "train", "epoch": 3}
{"loss": 0.45158320665359497, "acc": 0.8079153895378113, "length": 5.0, "mode": "test", "epoch": 3}
{"loss": 0.3943459689617157, "acc": 0.8307399749755859, "length": 4.987906455993652, "mode": "train", "epoch": 4}
{"loss": 0.4161365330219269, "acc": 0.8182601928710938, "length": 5.0, "mode": "test", "epoch": 4}
{"loss": 0.36768147349357605, "acc": 0.8433214426040649, "length": 4.993967056274414, "mode": "train", "epoch": 5}
{"loss": 0.3802005648612976, "acc": 0.8368337750434875, "length": 5.0, "mode": "test", "epoch": 5}
{"loss": 0.351715624332428, "acc": 0.8528249263763428, "length": 4.996353626251221, "mode": "train", "epoch": 6}
{"loss": 0.3740804195404053, "acc": 0.8466300964355469, "length": 5.0, "mode": "test", "epoch": 6}
{"loss": 0.33401617407798767, "acc": 0.8615300059318542, "length": 4.997538089752197, "mode": "train", "epoch": 7}
{"loss": 0.3501717746257782, "acc": 0.8542319536209106, "length": 5.0, "mode": "test", "epoch": 7}
{"loss": 0.32498884201049805, "acc": 0.8667567372322083, "length": 4.998602867126465, "mode": "train", "epoch": 8}
{"loss": 0.3404638171195984, "acc": 0.867398202419281, "length": 5.0, "mode": "test", "epoch": 8}
{"loss": 0.31167128682136536, "acc": 0.8741112947463989, "length": 4.998981475830078, "mode": "train", "epoch": 9}
{"loss": 0.3325825333595276, "acc": 0.867554783821106, "length": 5.0, "mode": "test", "epoch": 9}
{"loss": 0.30143412947654724, "acc": 0.8762083053588867, "length": 4.999210834503174, "mode": "train", "epoch": 10}
{"loss": 0.32862067222595215, "acc": 0.8673981428146362, "length": 5.0, "mode": "test", "epoch": 10}
{"loss": 0.2925676107406616, "acc": 0.8802409768104553, "length": 4.999343395233154, "mode": "train", "epoch": 11}
{"loss": 0.32298633456230164, "acc": 0.872805655002594, "length": 5.0, "mode": "test", "epoch": 11}
{"loss": 0.28425872325897217, "acc": 0.8843994140625, "length": 4.999497413635254, "mode": "train", "epoch": 12}
{"loss": 0.3247375786304474, "acc": 0.8721002340316772, "length": 5.0, "mode": "test", "epoch": 12}
{"loss": 0.2822318375110626, "acc": 0.8858389854431152, "length": 4.999514579772949, "mode": "train", "epoch": 13}
{"loss": 0.3266368508338928, "acc": 0.8706896305084229, "length": 5.0, "mode": "test", "epoch": 13}
{"loss": 0.27979013323783875, "acc": 0.8873867988586426, "length": 4.999777793884277, "mode": "train", "epoch": 14}
{"loss": 0.30871567130088806, "acc": 0.8797022700309753, "length": 5.0, "mode": "test", "epoch": 14}
{"loss": 0.26402008533477783, "acc": 0.8926959037780762, "length": 4.999825954437256, "mode": "train", "epoch": 15}
{"loss": 0.3079415559768677, "acc": 0.8769592642784119, "length": 5.0, "mode": "test", "epoch": 15}
{"loss": 0.2592281699180603, "acc": 0.8967997431755066, "length": 4.999807834625244, "mode": "train", "epoch": 16}
{"loss": 0.31131458282470703, "acc": 0.8713949918746948, "length": 5.0, "mode": "test", "epoch": 16}
{"loss": 0.25115135312080383, "acc": 0.8981359004974365, "length": 4.999904155731201, "mode": "train", "epoch": 17}
{"loss": 0.29094892740249634, "acc": 0.8888714909553528, "length": 5.0, "mode": "test", "epoch": 17}
{"loss": 0.24455101788043976, "acc": 0.9014041423797607, "length": 4.999906539916992, "mode": "train", "epoch": 18}
{"loss": 0.29119816422462463, "acc": 0.8915360569953918, "length": 5.0, "mode": "test", "epoch": 18}
{"loss": 0.23296384513378143, "acc": 0.907809853553772, "length": 4.999920845031738, "mode": "train", "epoch": 19}
{"loss": 0.27776455879211426, "acc": 0.8958463072776794, "length": 5.0, "mode": "test", "epoch": 19}
{"loss": 0.22311310470104218, "acc": 0.9124638438224792, "length": 4.999932765960693, "mode": "train", "epoch": 20}
{"loss": 0.26831939816474915, "acc": 0.8995298743247986, "length": 5.0, "mode": "test", "epoch": 20}
{"loss": 0.21974875032901764, "acc": 0.9151310920715332, "length": 4.999952793121338, "mode": "train", "epoch": 21}
{"loss": 0.2615964412689209, "acc": 0.8987460136413574, "length": 5.0, "mode": "test", "epoch": 21}
{"loss": 0.21400851011276245, "acc": 0.9159937500953674, "length": 4.9999470710754395, "mode": "train", "epoch": 22}
{"loss": 0.2658013701438904, "acc": 0.8992162942886353, "length": 5.0, "mode": "test", "epoch": 22}
{"loss": 0.20690315961837769, "acc": 0.9197570085525513, "length": 4.999926567077637, "mode": "train", "epoch": 23}
{"loss": 0.2659648358821869, "acc": 0.9061912298202515, "length": 5.0, "mode": "test", "epoch": 23}
{"loss": 0.20374296605587006, "acc": 0.9198906421661377, "length": 4.999978542327881, "mode": "train", "epoch": 24}
{"loss": 0.2587573826313019, "acc": 0.9074451327323914, "length": 5.0, "mode": "test", "epoch": 24}
{"loss": 0.1986839920282364, "acc": 0.9224265217781067, "length": 4.999974727630615, "mode": "train", "epoch": 25}
{"loss": 0.2674444019794464, "acc": 0.9027429223060608, "length": 5.0, "mode": "test", "epoch": 25}
{"loss": 0.1993045210838318, "acc": 0.9230282306671143, "length": 4.999985694885254, "mode": "train", "epoch": 26}
{"loss": 0.2590067386627197, "acc": 0.9087774157524109, "length": 5.0, "mode": "test", "epoch": 26}
{"loss": 0.19412221014499664, "acc": 0.9241266250610352, "length": 4.999995231628418, "mode": "train", "epoch": 27}
{"loss": 0.24974189698696136, "acc": 0.9042319655418396, "length": 5.0, "mode": "test", "epoch": 27}
{"loss": 0.1917976588010788, "acc": 0.9246706962585449, "length": 4.9998626708984375, "mode": "train", "epoch": 28}
{"loss": 0.2545015513896942, "acc": 0.9048589468002319, "length": 5.0, "mode": "test", "epoch": 28}
{"loss": 0.19423961639404297, "acc": 0.9222964644432068, "length": 4.999998092651367, "mode": "train", "epoch": 29}
{"loss": 0.25875622034072876, "acc": 0.9096394777297974, "length": 5.0, "mode": "test", "epoch": 29}
{"loss": 0.18793053925037384, "acc": 0.926479697227478, "length": 4.999998569488525, "mode": "train", "epoch": 30}
{"loss": 0.256994366645813, "acc": 0.9078369736671448, "length": 5.0, "mode": "test", "epoch": 30}
{"loss": 0.19163788855075836, "acc": 0.923577606678009, "length": 4.999998092651367, "mode": "train", "epoch": 31}
{"loss": 0.2562018930912018, "acc": 0.9100314974784851, "length": 5.0, "mode": "test", "epoch": 31}
{"loss": 0.18881191313266754, "acc": 0.9253555536270142, "length": 4.999998569488525, "mode": "train", "epoch": 32}
{"loss": 0.2469673454761505, "acc": 0.9103447794914246, "length": 5.0, "mode": "test", "epoch": 32}
{"loss": 0.18615180253982544, "acc": 0.9264536499977112, "length": 4.999998569488525, "mode": "train", "epoch": 33}
{"loss": 0.24502958357334137, "acc": 0.9108150601387024, "length": 5.0, "mode": "test", "epoch": 33}
{"loss": 0.182129368185997, "acc": 0.929460346698761, "length": 4.999999046325684, "mode": "train", "epoch": 34}
{"loss": 0.23876309394836426, "acc": 0.91144198179245, "length": 5.0, "mode": "test", "epoch": 34}
{"loss": 0.18263769149780273, "acc": 0.9282838106155396, "length": 4.999998569488525, "mode": "train", "epoch": 35}
{"loss": 0.25474071502685547, "acc": 0.9079939126968384, "length": 5.0, "mode": "test", "epoch": 35}
{"loss": 0.1939019113779068, "acc": 0.9244403839111328, "length": 4.999999046325684, "mode": "train", "epoch": 36}
{"loss": 0.25106871128082275, "acc": 0.9103447794914246, "length": 5.0, "mode": "test", "epoch": 36}
{"loss": 0.18486763536930084, "acc": 0.928126871585846, "length": 5.0, "mode": "train", "epoch": 37}
{"loss": 0.24779418110847473, "acc": 0.9104230999946594, "length": 5.0, "mode": "test", "epoch": 37}
{"loss": 0.1884291023015976, "acc": 0.924806535243988, "length": 4.999999523162842, "mode": "train", "epoch": 38}
{"loss": 0.25391197204589844, "acc": 0.9045454263687134, "length": 5.0, "mode": "test", "epoch": 38}
{"loss": 0.1967567503452301, "acc": 0.9214600324630737, "length": 5.0, "mode": "train", "epoch": 39}
{"loss": 0.24332743883132935, "acc": 0.909247636795044, "length": 5.0, "mode": "test", "epoch": 39}
{"loss": 0.18543089926242828, "acc": 0.9288851618766785, "length": 4.999996185302734, "mode": "train", "epoch": 40}
{"loss": 0.2509061396121979, "acc": 0.9146550893783569, "length": 5.0, "mode": "test", "epoch": 40}
{"loss": 0.17857958376407623, "acc": 0.9293297529220581, "length": 5.0, "mode": "train", "epoch": 41}
{"loss": 0.2444026917219162, "acc": 0.9163792133331299, "length": 5.0, "mode": "test", "epoch": 41}
{"loss": 0.17207083106040955, "acc": 0.9313166737556458, "length": 5.0, "mode": "train", "epoch": 42}
{"loss": 0.2423793226480484, "acc": 0.9134012460708618, "length": 5.0, "mode": "test", "epoch": 42}
{"loss": 0.18107013404369354, "acc": 0.9297217130661011, "length": 4.999999523162842, "mode": "train", "epoch": 43}
{"loss": 0.2565646767616272, "acc": 0.9139497876167297, "length": 5.0, "mode": "test", "epoch": 43}
{"loss": 0.1765226274728775, "acc": 0.9313166737556458, "length": 5.0, "mode": "train", "epoch": 44}
{"loss": 0.249747633934021, "acc": 0.9121472835540771, "length": 5.0, "mode": "test", "epoch": 44}
{"loss": 0.18086789548397064, "acc": 0.9284408092498779, "length": 5.0, "mode": "train", "epoch": 45}
{"loss": 0.24426746368408203, "acc": 0.9139498472213745, "length": 5.0, "mode": "test", "epoch": 45}
{"loss": 0.1826220452785492, "acc": 0.9291990399360657, "length": 5.0, "mode": "train", "epoch": 46}
{"loss": 0.2582433521747589, "acc": 0.9105799198150635, "length": 5.0, "mode": "test", "epoch": 46}
{"loss": 0.18377356231212616, "acc": 0.9285190105438232, "length": 5.0, "mode": "train", "epoch": 47}
{"loss": 0.25033876299858093, "acc": 0.9128526449203491, "length": 5.0, "mode": "test", "epoch": 47}
{"loss": 0.1738869845867157, "acc": 0.9314997792243958, "length": 5.0, "mode": "train", "epoch": 48}
{"loss": 0.24573282897472382, "acc": 0.9159089922904968, "length": 5.0, "mode": "test", "epoch": 48}
{"loss": 0.17062713205814362, "acc": 0.931787371635437, "length": 5.0, "mode": "train", "epoch": 49}
{"loss": 0.23111242055892944, "acc": 0.9189655184745789, "length": 5.0, "mode": "test", "epoch": 49}
{"loss": 0.16927608847618103, "acc": 0.9338788986206055, "length": 4.999995708465576, "mode": "train", "epoch": 50}
{"loss": 0.23766939342021942, "acc": 0.9164575934410095, "length": 5.0, "mode": "test", "epoch": 50}
{"loss": 0.16491097211837769, "acc": 0.9358396530151367, "length": 5.0, "mode": "train", "epoch": 51}
{"loss": 0.23638664186000824, "acc": 0.9161441326141357, "length": 5.0, "mode": "test", "epoch": 51}
{"loss": 0.16600529849529266, "acc": 0.9362059235572815, "length": 5.0, "mode": "train", "epoch": 52}
{"loss": 0.26210933923721313, "acc": 0.9075234532356262, "length": 5.0, "mode": "test", "epoch": 52}
{"loss": 0.167634055018425, "acc": 0.9351861476898193, "length": 5.0, "mode": "train", "epoch": 53}
{"loss": 0.2441028207540512, "acc": 0.9173197746276855, "length": 5.0, "mode": "test", "epoch": 53}
{"loss": 0.17104646563529968, "acc": 0.9319441318511963, "length": 5.0, "mode": "train", "epoch": 54}
{"loss": 0.232320174574852, "acc": 0.9212382435798645, "length": 5.0, "mode": "test", "epoch": 54}
{"loss": 0.1776464432477951, "acc": 0.9308460354804993, "length": 5.0, "mode": "train", "epoch": 55}
{"loss": 0.25204259157180786, "acc": 0.9074451327323914, "length": 5.0, "mode": "test", "epoch": 55}
{"loss": 0.16785062849521637, "acc": 0.93421870470047, "length": 5.0, "mode": "train", "epoch": 56}
{"loss": 0.23460575938224792, "acc": 0.9201410412788391, "length": 5.0, "mode": "test", "epoch": 56}
{"loss": 0.17442230880260468, "acc": 0.9322317242622375, "length": 5.0, "mode": "train", "epoch": 57}
{"loss": 0.24878303706645966, "acc": 0.9130094051361084, "length": 5.0, "mode": "test", "epoch": 57}
{"loss": 0.17193911969661713, "acc": 0.9341664910316467, "length": 5.0, "mode": "train", "epoch": 58}
{"loss": 0.24421831965446472, "acc": 0.9158307313919067, "length": 5.0, "mode": "test", "epoch": 58}
{"loss": 0.16414979100227356, "acc": 0.9368593692779541, "length": 4.999999046325684, "mode": "train", "epoch": 59}
{"loss": 0.23999527096748352, "acc": 0.9190438985824585, "length": 5.0, "mode": "test", "epoch": 59}
{"loss": 0.16090533137321472, "acc": 0.9390819072723389, "length": 5.0, "mode": "train", "epoch": 60}
{"loss": 0.23311208188533783, "acc": 0.9196709394454956, "length": 5.0, "mode": "test", "epoch": 60}
{"loss": 0.16270749270915985, "acc": 0.9362580180168152, "length": 5.0, "mode": "train", "epoch": 61}
{"loss": 0.22986271977424622, "acc": 0.9221787452697754, "length": 5.0, "mode": "test", "epoch": 61}
{"loss": 0.1586737036705017, "acc": 0.9398137331008911, "length": 5.0, "mode": "train", "epoch": 62}
{"loss": 0.2429940551519394, "acc": 0.919592559337616, "length": 5.0, "mode": "test", "epoch": 62}
{"loss": 0.15843677520751953, "acc": 0.9396831393241882, "length": 5.0, "mode": "train", "epoch": 63}
{"loss": 0.2308058887720108, "acc": 0.9208464026451111, "length": 5.0, "mode": "test", "epoch": 63}
{"loss": 0.15535639226436615, "acc": 0.9408333897590637, "length": 5.0, "mode": "train", "epoch": 64}
{"loss": 0.2308962196111679, "acc": 0.9229623675346375, "length": 5.0, "mode": "test", "epoch": 64}
{"loss": 0.15289191901683807, "acc": 0.9406243562698364, "length": 5.0, "mode": "train", "epoch": 65}
{"loss": 0.23404234647750854, "acc": 0.9217085242271423, "length": 5.0, "mode": "test", "epoch": 65}
{"loss": 0.15963490307331085, "acc": 0.9396831393241882, "length": 5.0, "mode": "train", "epoch": 66}
{"loss": 0.24594508111476898, "acc": 0.9170846343040466, "length": 5.0, "mode": "test", "epoch": 66}
{"loss": 0.1538977026939392, "acc": 0.9408596754074097, "length": 5.0, "mode": "train", "epoch": 67}
{"loss": 0.23024262487888336, "acc": 0.9241380095481873, "length": 5.0, "mode": "test", "epoch": 67}
{"loss": 0.14942403137683868, "acc": 0.942559003829956, "length": 5.0, "mode": "train", "epoch": 68}
{"loss": 0.23383526504039764, "acc": 0.9231191277503967, "length": 5.0, "mode": "test", "epoch": 68}
{"loss": 0.14815755188465118, "acc": 0.9441800117492676, "length": 5.0, "mode": "train", "epoch": 69}
{"loss": 0.22820371389389038, "acc": 0.9230407476425171, "length": 5.0, "mode": "test", "epoch": 69}
{"loss": 0.14522308111190796, "acc": 0.9451996684074402, "length": 5.0, "mode": "train", "epoch": 70}
{"loss": 0.23482324182987213, "acc": 0.9224920868873596, "length": 5.0, "mode": "test", "epoch": 70}
{"loss": 0.1526622623205185, "acc": 0.9411211013793945, "length": 5.0, "mode": "train", "epoch": 71}
{"loss": 0.23904220759868622, "acc": 0.9200627207756042, "length": 5.0, "mode": "test", "epoch": 71}
{"loss": 0.15025083720684052, "acc": 0.942219078540802, "length": 5.0, "mode": "train", "epoch": 72}
{"loss": 0.22967810928821564, "acc": 0.9225704669952393, "length": 5.0, "mode": "test", "epoch": 72}
{"loss": 0.14936292171478271, "acc": 0.942689836025238, "length": 5.0, "mode": "train", "epoch": 73}
{"loss": 0.2470049113035202, "acc": 0.9148902297019958, "length": 5.0, "mode": "test", "epoch": 73}
{"loss": 0.14431232213974, "acc": 0.9447551965713501, "length": 5.0, "mode": "train", "epoch": 74}
{"loss": 0.23194976150989532, "acc": 0.9224137663841248, "length": 5.0, "mode": "test", "epoch": 74}
{"loss": 0.1409837305545807, "acc": 0.9461669921875, "length": 5.0, "mode": "train", "epoch": 75}
{"loss": 0.2298017293214798, "acc": 0.9249215722084045, "length": 5.0, "mode": "test", "epoch": 75}
{"loss": 0.14238931238651276, "acc": 0.9461148381233215, "length": 5.0, "mode": "train", "epoch": 76}
{"loss": 0.232091024518013, "acc": 0.922492265701294, "length": 5.0, "mode": "test", "epoch": 76}
{"loss": 0.14409099519252777, "acc": 0.9462456703186035, "length": 5.0, "mode": "train", "epoch": 77}
{"loss": 0.24631817638874054, "acc": 0.9208464026451111, "length": 5.0, "mode": "test", "epoch": 77}
{"loss": 0.141025573015213, "acc": 0.945644199848175, "length": 5.0, "mode": "train", "epoch": 78}
{"loss": 0.22737105190753937, "acc": 0.9253134727478027, "length": 5.0, "mode": "test", "epoch": 78}
{"loss": 0.137637197971344, "acc": 0.9467160701751709, "length": 5.0, "mode": "train", "epoch": 79}
{"loss": 0.23774968087673187, "acc": 0.9257053136825562, "length": 5.0, "mode": "test", "epoch": 79}
{"loss": 0.14076073467731476, "acc": 0.9478403925895691, "length": 5.0, "mode": "train", "epoch": 80}
{"loss": 0.2330910861492157, "acc": 0.9246082901954651, "length": 5.0, "mode": "test", "epoch": 80}
{"loss": 0.14027631282806396, "acc": 0.9479188323020935, "length": 5.0, "mode": "train", "epoch": 81}
{"loss": 0.22634069621562958, "acc": 0.9259403347969055, "length": 5.0, "mode": "test", "epoch": 81}
{"loss": 0.13566909730434418, "acc": 0.9503763914108276, "length": 5.0, "mode": "train", "epoch": 82}
{"loss": 0.2218257337808609, "acc": 0.9280564188957214, "length": 5.0, "mode": "test", "epoch": 82}
{"loss": 0.15834902226924896, "acc": 0.9424021244049072, "length": 5.0, "mode": "train", "epoch": 83}
{"loss": 0.24187712371349335, "acc": 0.9220219254493713, "length": 5.0, "mode": "test", "epoch": 83}
{"loss": 0.1460104137659073, "acc": 0.9453827738761902, "length": 5.0, "mode": "train", "epoch": 84}
{"loss": 0.26780882477760315, "acc": 0.9077585935592651, "length": 5.0, "mode": "test", "epoch": 84}
{"loss": 0.1583082377910614, "acc": 0.9411733150482178, "length": 5.0, "mode": "train", "epoch": 85}
{"loss": 0.27014604210853577, "acc": 0.9172413945198059, "length": 5.0, "mode": "test", "epoch": 85}
{"loss": 0.1544022411108017, "acc": 0.9426374435424805, "length": 5.0, "mode": "train", "epoch": 86}
{"loss": 0.24371597170829773, "acc": 0.9209247827529907, "length": 5.0, "mode": "test", "epoch": 86}
{"loss": 0.14704632759094238, "acc": 0.9467684626579285, "length": 5.0, "mode": "train", "epoch": 87}
{"loss": 0.24716965854167938, "acc": 0.9195141196250916, "length": 5.0, "mode": "test", "epoch": 87}
{"loss": 0.13972921669483185, "acc": 0.94838947057724, "length": 5.0, "mode": "train", "epoch": 88}
{"loss": 0.23888364434242249, "acc": 0.9215517044067383, "length": 5.0, "mode": "test", "epoch": 88}
{"loss": 0.1335560381412506, "acc": 0.9495136737823486, "length": 5.0, "mode": "train", "epoch": 89}
{"loss": 0.23536933958530426, "acc": 0.9281347990036011, "length": 5.0, "mode": "test", "epoch": 89}
{"loss": 0.13211050629615784, "acc": 0.951422393321991, "length": 5.0, "mode": "train", "epoch": 90}
{"loss": 0.23396849632263184, "acc": 0.9268808960914612, "length": 5.0, "mode": "test", "epoch": 90}
{"loss": 0.12843336164951324, "acc": 0.9513174891471863, "length": 4.999998569488525, "mode": "train", "epoch": 91}
{"loss": 0.24077941477298737, "acc": 0.9248431921005249, "length": 5.0, "mode": "test", "epoch": 91}
{"loss": 0.13522875308990479, "acc": 0.950454831123352, "length": 5.0, "mode": "train", "epoch": 92}
{"loss": 0.24263077974319458, "acc": 0.925000011920929, "length": 5.0, "mode": "test", "epoch": 92}
{"loss": 0.12944991886615753, "acc": 0.9521018862724304, "length": 4.999995708465576, "mode": "train", "epoch": 93}
{"loss": 0.2416394054889679, "acc": 0.9289968609809875, "length": 5.0, "mode": "test", "epoch": 93}
{"loss": 0.13211067020893097, "acc": 0.9515007138252258, "length": 5.0, "mode": "train", "epoch": 94}
{"loss": 0.2427324652671814, "acc": 0.9235893487930298, "length": 5.0, "mode": "test", "epoch": 94}
{"loss": 0.12326891720294952, "acc": 0.9538537859916687, "length": 5.0, "mode": "train", "epoch": 95}
{"loss": 0.2422632873058319, "acc": 0.9263322353363037, "length": 5.0, "mode": "test", "epoch": 95}
{"loss": 0.13763684034347534, "acc": 0.9495920538902283, "length": 5.0, "mode": "train", "epoch": 96}
{"loss": 0.2466285079717636, "acc": 0.9236677289009094, "length": 5.0, "mode": "test", "epoch": 96}
{"loss": 0.14477360248565674, "acc": 0.9476050138473511, "length": 5.0, "mode": "train", "epoch": 97}
{"loss": 0.24272683262825012, "acc": 0.925078272819519, "length": 5.0, "mode": "test", "epoch": 97}
{"loss": 0.1335921436548233, "acc": 0.9521544575691223, "length": 5.0, "mode": "train", "epoch": 98}
{"loss": 0.23830872774124146, "acc": 0.9258620738983154, "length": 5.0, "mode": "test", "epoch": 98}
{"loss": 0.13192889094352722, "acc": 0.9523112177848816, "length": 5.0, "mode": "train", "epoch": 99}
{"loss": 0.2532252371311188, "acc": 0.9221002459526062, "length": 5.0, "mode": "test", "epoch": 99}
{"loss": 0.12928889691829681, "acc": 0.9533309936523438, "length": 5.0, "mode": "train", "epoch": 100}
{"loss": 0.2282431721687317, "acc": 0.9291535019874573, "length": 5.0, "mode": "test", "epoch": 100}
test accuracy: 0.8928571343421936
