# ["--attributes=4", "--values=4", "--game_size=4", "--vocab_size_factor=3", "--n_epochs=100", "--batch_size=32", "--learning_rate=0.001", "--hidden_size=128", "--temp_update=0.99", "--temperature=1"]
Creating train_ds and val_ds...

Creating test_ds...
{"loss": 0.6663668751716614, "acc": 0.5707410573959351, "length": 2.4380953311920166, "mode": "train", "epoch": 1}
{"loss": 0.6007046699523926, "acc": 0.7021086812019348, "length": 3.401869058609009, "mode": "test", "epoch": 1}
{"loss": 0.4999654293060303, "acc": 0.76315838098526, "length": 4.1724958419799805, "mode": "train", "epoch": 2}
{"loss": 0.49311715364456177, "acc": 0.7770200371742249, "length": 4.576947212219238, "mode": "test", "epoch": 2}
{"loss": 0.4287048876285553, "acc": 0.8060694336891174, "length": 4.875373363494873, "mode": "train", "epoch": 3}
{"loss": 0.44034072756767273, "acc": 0.8071650862693787, "length": 5.0, "mode": "test", "epoch": 3}
{"loss": 0.3880782425403595, "acc": 0.8359198570251465, "length": 4.991844177246094, "mode": "train", "epoch": 4}
{"loss": 0.41867828369140625, "acc": 0.823208749294281, "length": 5.0, "mode": "test", "epoch": 4}
{"loss": 0.368670791387558, "acc": 0.8448856472969055, "length": 4.996425628662109, "mode": "train", "epoch": 5}
{"loss": 0.39913421869277954, "acc": 0.8327881693840027, "length": 5.0, "mode": "test", "epoch": 5}
{"loss": 0.35199442505836487, "acc": 0.854023277759552, "length": 4.997372150421143, "mode": "train", "epoch": 6}
{"loss": 0.38265925645828247, "acc": 0.838862955570221, "length": 5.0, "mode": "test", "epoch": 6}
{"loss": 0.33910438418388367, "acc": 0.8608200550079346, "length": 4.998091697692871, "mode": "train", "epoch": 7}
{"loss": 0.3674758970737457, "acc": 0.8509345650672913, "length": 5.0, "mode": "test", "epoch": 7}
{"loss": 0.3326587975025177, "acc": 0.8653427958488464, "length": 4.99873685836792, "mode": "train", "epoch": 8}
{"loss": 0.357648104429245, "acc": 0.8563084006309509, "length": 5.0, "mode": "test", "epoch": 8}
{"loss": 0.321072518825531, "acc": 0.8682330846786499, "length": 4.999222755432129, "mode": "train", "epoch": 9}
{"loss": 0.3661995530128479, "acc": 0.8502336740493774, "length": 5.0, "mode": "test", "epoch": 9}
{"loss": 0.31883811950683594, "acc": 0.8689666390419006, "length": 4.998988628387451, "mode": "train", "epoch": 10}
{"loss": 0.3535063862800598, "acc": 0.8603582382202148, "length": 5.0, "mode": "test", "epoch": 10}
{"loss": 0.3090958297252655, "acc": 0.8754314184188843, "length": 4.999236583709717, "mode": "train", "epoch": 11}
{"loss": 0.351543664932251, "acc": 0.8599688410758972, "length": 5.0, "mode": "test", "epoch": 11}
{"loss": 0.3085353672504425, "acc": 0.8742127418518066, "length": 4.999470233917236, "mode": "train", "epoch": 12}
{"loss": 0.3621431887149811, "acc": 0.8524143099784851, "length": 5.0, "mode": "test", "epoch": 12}
{"loss": 0.299137145280838, "acc": 0.8786584138870239, "length": 4.999621391296387, "mode": "train", "epoch": 13}
{"loss": 0.34569528698921204, "acc": 0.8640186786651611, "length": 5.0, "mode": "test", "epoch": 13}
{"loss": 0.2936868369579315, "acc": 0.881096363067627, "length": 4.999321937561035, "mode": "train", "epoch": 14}
{"loss": 0.34067437052726746, "acc": 0.8647975325584412, "length": 5.0, "mode": "test", "epoch": 14}
{"loss": 0.28477582335472107, "acc": 0.8856220245361328, "length": 4.999711513519287, "mode": "train", "epoch": 15}
{"loss": 0.3350454270839691, "acc": 0.872897207736969, "length": 5.0, "mode": "test", "epoch": 15}
{"loss": 0.2807556688785553, "acc": 0.8867917060852051, "length": 4.999724388122559, "mode": "train", "epoch": 16}
{"loss": 0.33657360076904297, "acc": 0.8672897219657898, "length": 5.0, "mode": "test", "epoch": 16}
{"loss": 0.2812119722366333, "acc": 0.8878586888313293, "length": 4.999841213226318, "mode": "train", "epoch": 17}
{"loss": 0.33039748668670654, "acc": 0.8741433024406433, "length": 5.0, "mode": "test", "epoch": 17}
{"loss": 0.29503700137138367, "acc": 0.8821690082550049, "length": 4.99989128112793, "mode": "train", "epoch": 18}
{"loss": 0.33809322118759155, "acc": 0.8694704174995422, "length": 5.0, "mode": "test", "epoch": 18}
{"loss": 0.27968737483024597, "acc": 0.8868179321289062, "length": 4.999792098999023, "mode": "train", "epoch": 19}
{"loss": 0.32174167037010193, "acc": 0.8786604404449463, "length": 5.0, "mode": "test", "epoch": 19}
{"loss": 0.2702851891517639, "acc": 0.8913432359695435, "length": 4.999833583831787, "mode": "train", "epoch": 20}
{"loss": 0.3470541834831238, "acc": 0.8630841374397278, "length": 5.0, "mode": "test", "epoch": 20}
{"loss": 0.2670463025569916, "acc": 0.88993239402771, "length": 4.999361991882324, "mode": "train", "epoch": 21}
{"loss": 0.31506645679473877, "acc": 0.8809189796447754, "length": 5.0, "mode": "test", "epoch": 21}
{"loss": 0.25714990496635437, "acc": 0.895965039730072, "length": 4.9997944831848145, "mode": "train", "epoch": 22}
{"loss": 0.31950268149375916, "acc": 0.879517138004303, "length": 5.0, "mode": "test", "epoch": 22}
{"loss": 0.27095913887023926, "acc": 0.8904587626457214, "length": 4.9999589920043945, "mode": "train", "epoch": 23}
{"loss": 0.3234596252441406, "acc": 0.8764797449111938, "length": 5.0, "mode": "test", "epoch": 23}
{"loss": 0.2577989101409912, "acc": 0.8968716859817505, "length": 4.999821186065674, "mode": "train", "epoch": 24}
{"loss": 0.31954413652420044, "acc": 0.8807632327079773, "length": 5.0, "mode": "test", "epoch": 24}
{"loss": 0.2504805326461792, "acc": 0.8995782732963562, "length": 4.999931335449219, "mode": "train", "epoch": 25}
{"loss": 0.3094840943813324, "acc": 0.8828660249710083, "length": 5.0, "mode": "test", "epoch": 25}
{"loss": 0.24776585400104523, "acc": 0.8995780944824219, "length": 4.999908447265625, "mode": "train", "epoch": 26}
{"loss": 0.310871958732605, "acc": 0.8858255743980408, "length": 5.0, "mode": "test", "epoch": 26}
{"loss": 0.25265535712242126, "acc": 0.8971850872039795, "length": 4.999863624572754, "mode": "train", "epoch": 27}
{"loss": 0.3261739909648895, "acc": 0.8813084363937378, "length": 5.0, "mode": "test", "epoch": 27}
{"loss": 0.25454989075660706, "acc": 0.8970834016799927, "length": 4.999905586242676, "mode": "train", "epoch": 28}
{"loss": 0.3265649080276489, "acc": 0.8717289566993713, "length": 5.0, "mode": "test", "epoch": 28}
{"loss": 0.25786036252975464, "acc": 0.8965648412704468, "length": 4.9999847412109375, "mode": "train", "epoch": 29}
{"loss": 0.31183987855911255, "acc": 0.8851246237754822, "length": 5.0, "mode": "test", "epoch": 29}
{"loss": 0.24694985151290894, "acc": 0.9020472168922424, "length": 4.999987602233887, "mode": "train", "epoch": 30}
{"loss": 0.3220728933811188, "acc": 0.8809968829154968, "length": 5.0, "mode": "test", "epoch": 30}
{"loss": 0.2450278103351593, "acc": 0.9030604958534241, "length": 4.999992370605469, "mode": "train", "epoch": 31}
{"loss": 0.31008976697921753, "acc": 0.8871495127677917, "length": 5.0, "mode": "test", "epoch": 31}
{"loss": 0.24836644530296326, "acc": 0.9006698131561279, "length": 4.999979019165039, "mode": "train", "epoch": 32}
{"loss": 0.3297064006328583, "acc": 0.8803738355636597, "length": 5.0, "mode": "test", "epoch": 32}
{"loss": 0.256773978471756, "acc": 0.8973705172538757, "length": 4.999990463256836, "mode": "train", "epoch": 33}
{"loss": 0.3177495300769806, "acc": 0.8859034180641174, "length": 5.0, "mode": "test", "epoch": 33}
{"loss": 0.24602392315864563, "acc": 0.9024887681007385, "length": 4.999974250793457, "mode": "train", "epoch": 34}
{"loss": 0.30900001525878906, "acc": 0.8915888071060181, "length": 5.0, "mode": "test", "epoch": 34}
{"loss": 0.25080955028533936, "acc": 0.8994747400283813, "length": 4.999975681304932, "mode": "train", "epoch": 35}
{"loss": 0.31678956747055054, "acc": 0.8814641833305359, "length": 5.0, "mode": "test", "epoch": 35}
{"loss": 0.2547294795513153, "acc": 0.8996049761772156, "length": 4.999988555908203, "mode": "train", "epoch": 36}
{"loss": 0.30876871943473816, "acc": 0.8869158625602722, "length": 5.0, "mode": "test", "epoch": 36}
{"loss": 0.24950633943080902, "acc": 0.9009297490119934, "length": 4.999975204467773, "mode": "train", "epoch": 37}
{"loss": 0.3161991536617279, "acc": 0.8873831629753113, "length": 5.0, "mode": "test", "epoch": 37}
{"loss": 0.24135223031044006, "acc": 0.9037618041038513, "length": 4.999851703643799, "mode": "train", "epoch": 38}
{"loss": 0.3166158199310303, "acc": 0.8836448788642883, "length": 5.0, "mode": "test", "epoch": 38}
{"loss": 0.24020522832870483, "acc": 0.9038920998573303, "length": 4.999993324279785, "mode": "train", "epoch": 39}
{"loss": 0.33159300684928894, "acc": 0.8805295825004578, "length": 5.0, "mode": "test", "epoch": 39}
{"loss": 0.27432960271835327, "acc": 0.8932647109031677, "length": 4.999963760375977, "mode": "train", "epoch": 40}
{"loss": 0.31822672486305237, "acc": 0.882087230682373, "length": 5.0, "mode": "test", "epoch": 40}
{"loss": 0.2553478181362152, "acc": 0.9014756083488464, "length": 4.999973297119141, "mode": "train", "epoch": 41}
{"loss": 0.3069683313369751, "acc": 0.8866822719573975, "length": 5.0, "mode": "test", "epoch": 41}
{"loss": 0.24257434904575348, "acc": 0.9036058187484741, "length": 4.9999542236328125, "mode": "train", "epoch": 42}
{"loss": 0.29984626173973083, "acc": 0.8915888071060181, "length": 5.0, "mode": "test", "epoch": 42}
{"loss": 0.23605048656463623, "acc": 0.9073995351791382, "length": 4.999994277954102, "mode": "train", "epoch": 43}
{"loss": 0.30671948194503784, "acc": 0.888707160949707, "length": 5.0, "mode": "test", "epoch": 43}
{"loss": 0.24021625518798828, "acc": 0.9047490358352661, "length": 4.999968528747559, "mode": "train", "epoch": 44}
{"loss": 0.3049911856651306, "acc": 0.8919782042503357, "length": 5.0, "mode": "test", "epoch": 44}
{"loss": 0.23677226901054382, "acc": 0.909140408039093, "length": 4.999990940093994, "mode": "train", "epoch": 45}
{"loss": 0.2971973419189453, "acc": 0.8993769288063049, "length": 5.0, "mode": "test", "epoch": 45}
{"loss": 0.22935372591018677, "acc": 0.9089738726615906, "length": 4.999572277069092, "mode": "train", "epoch": 46}
{"loss": 0.30112403631210327, "acc": 0.8937694430351257, "length": 5.0, "mode": "test", "epoch": 46}
{"loss": 0.24303385615348816, "acc": 0.9053986072540283, "length": 4.999972820281982, "mode": "train", "epoch": 47}
{"loss": 0.31145963072776794, "acc": 0.8926012516021729, "length": 5.0, "mode": "test", "epoch": 47}
{"loss": 0.24857181310653687, "acc": 0.9037360548973083, "length": 4.999910831451416, "mode": "train", "epoch": 48}
{"loss": 0.31606048345565796, "acc": 0.883722722530365, "length": 5.0, "mode": "test", "epoch": 48}
{"loss": 0.23734000325202942, "acc": 0.9053990840911865, "length": 4.999997615814209, "mode": "train", "epoch": 49}
{"loss": 0.2964586913585663, "acc": 0.8929906487464905, "length": 5.0, "mode": "test", "epoch": 49}
{"loss": 0.22972626984119415, "acc": 0.9106220006942749, "length": 4.999814987182617, "mode": "train", "epoch": 50}
{"loss": 0.3028962016105652, "acc": 0.8925233483314514, "length": 5.0, "mode": "test", "epoch": 50}
{"loss": 0.23792888224124908, "acc": 0.9054506421089172, "length": 4.999977111816406, "mode": "train", "epoch": 51}
{"loss": 0.3132477402687073, "acc": 0.8852024674415588, "length": 5.0, "mode": "test", "epoch": 51}
{"loss": 0.2368774712085724, "acc": 0.907035768032074, "length": 4.999991416931152, "mode": "train", "epoch": 52}
{"loss": 0.29620933532714844, "acc": 0.8957943916320801, "length": 5.0, "mode": "test", "epoch": 52}
{"loss": 0.23220469057559967, "acc": 0.9092963933944702, "length": 4.999998569488525, "mode": "train", "epoch": 53}
{"loss": 0.29310745000839233, "acc": 0.8975856900215149, "length": 5.0, "mode": "test", "epoch": 53}
{"loss": 0.22937415540218353, "acc": 0.9124401211738586, "length": 4.999995708465576, "mode": "train", "epoch": 54}
{"loss": 0.3002694845199585, "acc": 0.8943925499916077, "length": 5.0, "mode": "test", "epoch": 54}
{"loss": 0.23077531158924103, "acc": 0.9083350896835327, "length": 4.999998569488525, "mode": "train", "epoch": 55}
{"loss": 0.3035328984260559, "acc": 0.8943146467208862, "length": 5.0, "mode": "test", "epoch": 55}
{"loss": 0.25922396779060364, "acc": 0.896409273147583, "length": 4.999999523162842, "mode": "train", "epoch": 56}
{"loss": 0.32062652707099915, "acc": 0.8828660249710083, "length": 5.0, "mode": "test", "epoch": 56}
{"loss": 0.24451516568660736, "acc": 0.9019694328308105, "length": 4.999983310699463, "mode": "train", "epoch": 57}
{"loss": 0.3163720667362213, "acc": 0.8888629078865051, "length": 5.0, "mode": "test", "epoch": 57}
{"loss": 0.24230477213859558, "acc": 0.9058927297592163, "length": 4.999997615814209, "mode": "train", "epoch": 58}
{"loss": 0.3104739487171173, "acc": 0.8915888071060181, "length": 5.0, "mode": "test", "epoch": 58}
{"loss": 0.24370890855789185, "acc": 0.9048789143562317, "length": 4.9999847412109375, "mode": "train", "epoch": 59}
{"loss": 0.3122955858707428, "acc": 0.8848130702972412, "length": 5.0, "mode": "test", "epoch": 59}
{"loss": 0.24275687336921692, "acc": 0.9065424203872681, "length": 5.0, "mode": "train", "epoch": 60}
{"loss": 0.3322943150997162, "acc": 0.8843457698822021, "length": 5.0, "mode": "test", "epoch": 60}
{"loss": 0.2407795935869217, "acc": 0.9066462516784668, "length": 5.0, "mode": "train", "epoch": 61}
{"loss": 0.2950162887573242, "acc": 0.8942367434501648, "length": 5.0, "mode": "test", "epoch": 61}
{"loss": 0.24295879900455475, "acc": 0.9062564969062805, "length": 4.999999523162842, "mode": "train", "epoch": 62}
{"loss": 0.3017728626728058, "acc": 0.895327091217041, "length": 5.0, "mode": "test", "epoch": 62}
{"loss": 0.24188962578773499, "acc": 0.906120777130127, "length": 4.999833583831787, "mode": "train", "epoch": 63}
{"loss": 0.3163691759109497, "acc": 0.8834112286567688, "length": 5.0, "mode": "test", "epoch": 63}
{"loss": 0.2633593678474426, "acc": 0.8980720043182373, "length": 4.999998569488525, "mode": "train", "epoch": 64}
{"loss": 0.3012058436870575, "acc": 0.8862928152084351, "length": 5.0, "mode": "test", "epoch": 64}
{"loss": 0.26762837171554565, "acc": 0.8990593552589417, "length": 5.0, "mode": "train", "epoch": 65}
{"loss": 0.33951884508132935, "acc": 0.8742990493774414, "length": 5.0, "mode": "test", "epoch": 65}
{"loss": 0.26961028575897217, "acc": 0.8973446488380432, "length": 4.999998569488525, "mode": "train", "epoch": 66}
{"loss": 0.3157697916030884, "acc": 0.8857476711273193, "length": 5.0, "mode": "test", "epoch": 66}
{"loss": 0.25019052624702454, "acc": 0.9044377207756042, "length": 5.0, "mode": "train", "epoch": 67}
{"loss": 0.31372788548469543, "acc": 0.8883956670761108, "length": 5.0, "mode": "test", "epoch": 67}
{"loss": 0.2666415274143219, "acc": 0.8971367478370667, "length": 4.999999523162842, "mode": "train", "epoch": 68}
{"loss": 0.314156174659729, "acc": 0.889018714427948, "length": 5.0, "mode": "test", "epoch": 68}
{"loss": 0.2541733682155609, "acc": 0.9025930166244507, "length": 4.999998569488525, "mode": "train", "epoch": 69}
{"loss": 0.3110090494155884, "acc": 0.8902648091316223, "length": 5.0, "mode": "test", "epoch": 69}
{"loss": 0.2594129145145416, "acc": 0.9011113047599792, "length": 4.999980926513672, "mode": "train", "epoch": 70}
{"loss": 0.3120509386062622, "acc": 0.8852024674415588, "length": 5.0, "mode": "test", "epoch": 70}
{"loss": 0.2636159062385559, "acc": 0.8980721235275269, "length": 5.0, "mode": "train", "epoch": 71}
{"loss": 0.3257257640361786, "acc": 0.8809968829154968, "length": 5.0, "mode": "test", "epoch": 71}
{"loss": 0.25594455003738403, "acc": 0.9014236927032471, "length": 4.999996185302734, "mode": "train", "epoch": 72}
{"loss": 0.2990877628326416, "acc": 0.8961837887763977, "length": 5.0, "mode": "test", "epoch": 72}
{"loss": 0.24226899445056915, "acc": 0.9056589007377625, "length": 5.0, "mode": "train", "epoch": 73}
{"loss": 0.30634504556655884, "acc": 0.8905763030052185, "length": 5.0, "mode": "test", "epoch": 73}
{"loss": 0.2414332777261734, "acc": 0.9086728096008301, "length": 4.999999046325684, "mode": "train", "epoch": 74}
{"loss": 0.298493891954422, "acc": 0.8993769288063049, "length": 5.0, "mode": "test", "epoch": 74}
{"loss": 0.23502393066883087, "acc": 0.9090365767478943, "length": 4.999999046325684, "mode": "train", "epoch": 75}
{"loss": 0.3031148910522461, "acc": 0.8930685520172119, "length": 5.0, "mode": "test", "epoch": 75}
{"loss": 0.2511249780654907, "acc": 0.9015017747879028, "length": 4.999998569488525, "mode": "train", "epoch": 76}
{"loss": 0.3060167729854584, "acc": 0.886604368686676, "length": 5.0, "mode": "test", "epoch": 76}
{"loss": 0.23497909307479858, "acc": 0.9085923433303833, "length": 4.999943256378174, "mode": "train", "epoch": 77}
{"loss": 0.2987444996833801, "acc": 0.8933022022247314, "length": 5.0, "mode": "test", "epoch": 77}
{"loss": 0.24360431730747223, "acc": 0.9062824845314026, "length": 5.0, "mode": "train", "epoch": 78}
{"loss": 0.3043683171272278, "acc": 0.8937694430351257, "length": 5.0, "mode": "test", "epoch": 78}
{"loss": 0.2362859845161438, "acc": 0.9088287353515625, "length": 5.0, "mode": "train", "epoch": 79}
{"loss": 0.30403515696525574, "acc": 0.8939252495765686, "length": 5.0, "mode": "test", "epoch": 79}
{"loss": 0.23620212078094482, "acc": 0.9087767601013184, "length": 5.0, "mode": "train", "epoch": 80}
{"loss": 0.30216988921165466, "acc": 0.8915888071060181, "length": 5.0, "mode": "test", "epoch": 80}
{"loss": 0.22920960187911987, "acc": 0.9117897748947144, "length": 4.999983787536621, "mode": "train", "epoch": 81}
{"loss": 0.29678043723106384, "acc": 0.9000778794288635, "length": 5.0, "mode": "test", "epoch": 81}
{"loss": 0.23956485092639923, "acc": 0.9072437882423401, "length": 4.999995231628418, "mode": "train", "epoch": 82}
{"loss": 0.300741046667099, "acc": 0.8958722949028015, "length": 5.0, "mode": "test", "epoch": 82}
{"loss": 0.2341434359550476, "acc": 0.9091925024986267, "length": 4.999998569488525, "mode": "train", "epoch": 83}
{"loss": 0.29498568177223206, "acc": 0.8991432785987854, "length": 5.0, "mode": "test", "epoch": 83}
{"loss": 0.23209276795387268, "acc": 0.9101797938346863, "length": 4.999999046325684, "mode": "train", "epoch": 84}
{"loss": 0.3015384078025818, "acc": 0.8949376940727234, "length": 5.0, "mode": "test", "epoch": 84}
{"loss": 0.2501647472381592, "acc": 0.9056843519210815, "length": 4.9999871253967285, "mode": "train", "epoch": 85}
{"loss": 0.30494171380996704, "acc": 0.8933800458908081, "length": 5.0, "mode": "test", "epoch": 85}
{"loss": 0.250078022480011, "acc": 0.9052976965904236, "length": 4.999355316162109, "mode": "train", "epoch": 86}
{"loss": 0.31291463971138, "acc": 0.8933800458908081, "length": 5.0, "mode": "test", "epoch": 86}
{"loss": 0.24150030314922333, "acc": 0.9083349704742432, "length": 4.999995231628418, "mode": "train", "epoch": 87}
{"loss": 0.2942104637622833, "acc": 0.8983644843101501, "length": 5.0, "mode": "test", "epoch": 87}
{"loss": 0.23819006979465485, "acc": 0.9097371101379395, "length": 4.9999775886535645, "mode": "train", "epoch": 88}
{"loss": 0.29666903614997864, "acc": 0.894859790802002, "length": 5.0, "mode": "test", "epoch": 88}
{"loss": 0.2408287674188614, "acc": 0.9073471426963806, "length": 4.999987602233887, "mode": "train", "epoch": 89}
{"loss": 0.2928878664970398, "acc": 0.9007788300514221, "length": 5.0, "mode": "test", "epoch": 89}
{"loss": 0.23243601620197296, "acc": 0.9113489985466003, "length": 4.999999523162842, "mode": "train", "epoch": 90}
{"loss": 0.2857746481895447, "acc": 0.9013239741325378, "length": 5.0, "mode": "test", "epoch": 90}
{"loss": 0.23557499051094055, "acc": 0.9102059006690979, "length": 5.0, "mode": "train", "epoch": 91}
{"loss": 0.29207226634025574, "acc": 0.8986760377883911, "length": 5.0, "mode": "test", "epoch": 91}
{"loss": 0.2343568354845047, "acc": 0.9105173349380493, "length": 4.999997138977051, "mode": "train", "epoch": 92}
{"loss": 0.29563695192337036, "acc": 0.8961837887763977, "length": 5.0, "mode": "test", "epoch": 92}
{"loss": 0.22740933299064636, "acc": 0.9133236408233643, "length": 5.0, "mode": "train", "epoch": 93}
{"loss": 0.29527971148490906, "acc": 0.8975077867507935, "length": 5.0, "mode": "test", "epoch": 93}
{"loss": 0.22992046177387238, "acc": 0.9133236408233643, "length": 4.999999523162842, "mode": "train", "epoch": 94}
{"loss": 0.2978965640068054, "acc": 0.8933022022247314, "length": 5.0, "mode": "test", "epoch": 94}
{"loss": 0.23563501238822937, "acc": 0.9087768793106079, "length": 5.0, "mode": "train", "epoch": 95}
{"loss": 0.3042592406272888, "acc": 0.8947819471359253, "length": 5.0, "mode": "test", "epoch": 95}
{"loss": 0.2266879826784134, "acc": 0.9128818511962891, "length": 4.999998569488525, "mode": "train", "epoch": 96}
{"loss": 0.2966420650482178, "acc": 0.8936915993690491, "length": 5.0, "mode": "test", "epoch": 96}
{"loss": 0.22690895199775696, "acc": 0.9118686318397522, "length": 5.0, "mode": "train", "epoch": 97}
{"loss": 0.29839563369750977, "acc": 0.8939252495765686, "length": 5.0, "mode": "test", "epoch": 97}
{"loss": 0.2347976714372635, "acc": 0.9097378849983215, "length": 4.999993324279785, "mode": "train", "epoch": 98}
{"loss": 0.30607178807258606, "acc": 0.8934579491615295, "length": 5.0, "mode": "test", "epoch": 98}
{"loss": 0.2461520880460739, "acc": 0.9036842584609985, "length": 4.999997615814209, "mode": "train", "epoch": 99}
{"loss": 0.31680533289909363, "acc": 0.8870716691017151, "length": 5.0, "mode": "test", "epoch": 99}
{"loss": 0.25069037079811096, "acc": 0.9004072546958923, "length": 4.9999518394470215, "mode": "train", "epoch": 100}
{"loss": 0.3272917866706848, "acc": 0.8810747861862183, "length": 5.0, "mode": "test", "epoch": 100}
test accuracy: 0.8547979593276978
