# ["--attributes=4", "--values=4", "--game_size=4", "--vocab_size_factor=3", "--n_epochs=100", "--batch_size=32", "--learning_rate=0.001", "--hidden_size=256", "--temp_update=0.97", "--temperature=1"]
Creating train_ds and val_ds...

Creating test_ds...
{"loss": 0.6972886919975281, "acc": 0.5032503008842468, "length": 1.1958911418914795, "mode": "train", "epoch": 1}
{"loss": 0.6960010528564453, "acc": 0.49264249205589294, "length": 1.0, "mode": "test", "epoch": 1}
{"loss": 0.6955375671386719, "acc": 0.5022727847099304, "length": 1.000478744506836, "mode": "train", "epoch": 2}
{"loss": 0.6948168873786926, "acc": 0.5121320486068726, "length": 1.0, "mode": "test", "epoch": 2}
{"loss": 0.6940703988075256, "acc": 0.5065263509750366, "length": 1.0008233785629272, "mode": "train", "epoch": 3}
{"loss": 0.694656252861023, "acc": 0.5060269832611084, "length": 1.0, "mode": "test", "epoch": 3}
{"loss": 0.6937314867973328, "acc": 0.513813316822052, "length": 1.0000852346420288, "mode": "train", "epoch": 4}
{"loss": 0.6952014565467834, "acc": 0.49913910031318665, "length": 1.0, "mode": "test", "epoch": 4}
{"loss": 0.6938167214393616, "acc": 0.5078366994857788, "length": 1.0002775192260742, "mode": "train", "epoch": 5}
{"loss": 0.6939406991004944, "acc": 0.5106449127197266, "length": 1.0, "mode": "test", "epoch": 5}
{"loss": 0.6938812136650085, "acc": 0.5113061666488647, "length": 1.0002739429473877, "mode": "train", "epoch": 6}
{"loss": 0.6935188174247742, "acc": 0.5131495594978333, "length": 1.0, "mode": "test", "epoch": 6}
{"loss": 0.6936904788017273, "acc": 0.5049883127212524, "length": 1.0002307891845703, "mode": "train", "epoch": 7}
{"loss": 0.6936035752296448, "acc": 0.5106449127197266, "length": 1.0, "mode": "test", "epoch": 7}
{"loss": 0.6931294202804565, "acc": 0.5059797167778015, "length": 1.00004243850708, "mode": "train", "epoch": 8}
{"loss": 0.6941378712654114, "acc": 0.5036787986755371, "length": 1.0, "mode": "test", "epoch": 8}
{"loss": 0.6230955719947815, "acc": 0.6192508935928345, "length": 1.5141024589538574, "mode": "train", "epoch": 9}
{"loss": 0.5803107023239136, "acc": 0.6722273826599121, "length": 1.561678171157837, "mode": "test", "epoch": 9}
{"loss": 0.5610673427581787, "acc": 0.6793556809425354, "length": 1.635269045829773, "mode": "train", "epoch": 10}
{"loss": 0.5386409759521484, "acc": 0.7100242972373962, "length": 1.76643705368042, "mode": "test", "epoch": 10}
{"loss": 0.5122720003128052, "acc": 0.7226234674453735, "length": 1.7814298868179321, "mode": "train", "epoch": 11}
{"loss": 0.5081589221954346, "acc": 0.7241758704185486, "length": 1.7714464664459229, "mode": "test", "epoch": 11}
{"loss": 0.5015540719032288, "acc": 0.7272126078605652, "length": 1.7822185754776, "mode": "train", "epoch": 12}
{"loss": 0.509291410446167, "acc": 0.7234717011451721, "length": 1.7714464664459229, "mode": "test", "epoch": 12}
{"loss": 0.5008686184883118, "acc": 0.7293053269386292, "length": 1.7808871269226074, "mode": "train", "epoch": 13}
{"loss": 0.5085973143577576, "acc": 0.7228501439094543, "length": 1.7726987600326538, "mode": "test", "epoch": 13}
{"loss": 0.4997413754463196, "acc": 0.7284529805183411, "length": 1.7861261367797852, "mode": "train", "epoch": 14}
{"loss": 0.5020239353179932, "acc": 0.7246852517127991, "length": 1.7726987600326538, "mode": "test", "epoch": 14}
{"loss": 0.497207909822464, "acc": 0.7297838926315308, "length": 1.7811706066131592, "mode": "train", "epoch": 15}
{"loss": 0.5032874345779419, "acc": 0.7238046526908875, "length": 1.7726987600326538, "mode": "test", "epoch": 15}
{"loss": 0.4970090389251709, "acc": 0.7278705835342407, "length": 1.7859100103378296, "mode": "train", "epoch": 16}
{"loss": 0.5025568008422852, "acc": 0.7245328426361084, "length": 1.7726987600326538, "mode": "test", "epoch": 16}
{"loss": 0.4958585798740387, "acc": 0.7295491099357605, "length": 1.7812875509262085, "mode": "train", "epoch": 17}
{"loss": 0.5084972977638245, "acc": 0.7222893238067627, "length": 1.7726987600326538, "mode": "test", "epoch": 17}
{"loss": 0.49483877420425415, "acc": 0.7304650545120239, "length": 1.7812834978103638, "mode": "train", "epoch": 18}
{"loss": 0.5027450919151306, "acc": 0.7217503190040588, "length": 1.7726987600326538, "mode": "test", "epoch": 18}
{"loss": 0.4965895116329193, "acc": 0.7292959690093994, "length": 1.7812892198562622, "mode": "train", "epoch": 19}
{"loss": 0.5034303665161133, "acc": 0.7219298481941223, "length": 1.7726987600326538, "mode": "test", "epoch": 19}
{"loss": 0.4946948289871216, "acc": 0.7296021580696106, "length": 1.781285285949707, "mode": "train", "epoch": 20}
{"loss": 0.5053643584251404, "acc": 0.7243024110794067, "length": 1.7726987600326538, "mode": "test", "epoch": 20}
{"loss": 0.49451783299446106, "acc": 0.7310361266136169, "length": 1.7813018560409546, "mode": "train", "epoch": 21}
{"loss": 0.5092626214027405, "acc": 0.7217879295349121, "length": 1.7726987600326538, "mode": "test", "epoch": 21}
{"loss": 0.49439114332199097, "acc": 0.7305185198783875, "length": 1.7812836170196533, "mode": "train", "epoch": 22}
{"loss": 0.502346396446228, "acc": 0.7250933647155762, "length": 1.7726987600326538, "mode": "test", "epoch": 22}
{"loss": 0.49409475922584534, "acc": 0.7311656475067139, "length": 1.7812832593917847, "mode": "train", "epoch": 23}
{"loss": 0.5046148300170898, "acc": 0.7226051688194275, "length": 1.7726987600326538, "mode": "test", "epoch": 23}
{"loss": 0.4968968331813812, "acc": 0.72967928647995, "length": 1.783355474472046, "mode": "train", "epoch": 24}
{"loss": 0.5117655992507935, "acc": 0.7240166068077087, "length": 1.765184760093689, "mode": "test", "epoch": 24}
{"loss": 0.49780726432800293, "acc": 0.7288913130760193, "length": 1.791664958000183, "mode": "train", "epoch": 25}
{"loss": 0.5048015713691711, "acc": 0.7220279574394226, "length": 1.7726987600326538, "mode": "test", "epoch": 25}
{"loss": 0.492451548576355, "acc": 0.7310939431190491, "length": 1.7814960479736328, "mode": "train", "epoch": 26}
{"loss": 0.50290846824646, "acc": 0.7188631892204285, "length": 1.7726987600326538, "mode": "test", "epoch": 26}
{"loss": 0.49348852038383484, "acc": 0.7294440269470215, "length": 1.7818118333816528, "mode": "train", "epoch": 27}
{"loss": 0.5056196451187134, "acc": 0.724316418170929, "length": 1.772072672843933, "mode": "test", "epoch": 27}
{"loss": 0.4920743405818939, "acc": 0.7306289076805115, "length": 1.7817004919052124, "mode": "train", "epoch": 28}
{"loss": 0.5033670663833618, "acc": 0.7252725958824158, "length": 1.772072672843933, "mode": "test", "epoch": 28}
{"loss": 0.49152472615242004, "acc": 0.7318846583366394, "length": 1.7817051410675049, "mode": "train", "epoch": 29}
{"loss": 0.5045894980430603, "acc": 0.7250421047210693, "length": 1.772072672843933, "mode": "test", "epoch": 29}
{"loss": 0.49046215415000916, "acc": 0.7310199737548828, "length": 1.781700849533081, "mode": "train", "epoch": 30}
{"loss": 0.5041424632072449, "acc": 0.7242667078971863, "length": 1.772072672843933, "mode": "test", "epoch": 30}
{"loss": 0.4910087585449219, "acc": 0.7314699292182922, "length": 1.7817004919052124, "mode": "train", "epoch": 31}
{"loss": 0.5031819939613342, "acc": 0.7256103157997131, "length": 1.772072672843933, "mode": "test", "epoch": 31}
{"loss": 0.49060508608818054, "acc": 0.7317948937416077, "length": 1.7817004919052124, "mode": "train", "epoch": 32}
{"loss": 0.5048960447311401, "acc": 0.7247503399848938, "length": 1.772072672843933, "mode": "test", "epoch": 32}
{"loss": 0.49055883288383484, "acc": 0.7310596704483032, "length": 1.781700849533081, "mode": "train", "epoch": 33}
{"loss": 0.5051974058151245, "acc": 0.7252568602561951, "length": 1.772072672843933, "mode": "test", "epoch": 33}
{"loss": 0.4905613958835602, "acc": 0.7307109236717224, "length": 1.781700611114502, "mode": "train", "epoch": 34}
{"loss": 0.5055383443832397, "acc": 0.724023163318634, "length": 1.772072672843933, "mode": "test", "epoch": 34}
{"loss": 0.4902433454990387, "acc": 0.7317914962768555, "length": 1.781700611114502, "mode": "train", "epoch": 35}
{"loss": 0.5062205195426941, "acc": 0.7210914492607117, "length": 1.772072672843933, "mode": "test", "epoch": 35}
{"loss": 0.4924035668373108, "acc": 0.7306270003318787, "length": 1.781700611114502, "mode": "train", "epoch": 36}
{"loss": 0.5061520338058472, "acc": 0.724646270275116, "length": 1.772072672843933, "mode": "test", "epoch": 36}
{"loss": 0.4937376379966736, "acc": 0.7301039695739746, "length": 1.7817012071609497, "mode": "train", "epoch": 37}
{"loss": 0.5133652091026306, "acc": 0.7240192294120789, "length": 1.772072672843933, "mode": "test", "epoch": 37}
{"loss": 0.4943338632583618, "acc": 0.7311752438545227, "length": 1.7817045450210571, "mode": "train", "epoch": 38}
{"loss": 0.508101761341095, "acc": 0.7218155264854431, "length": 1.772072672843933, "mode": "test", "epoch": 38}
{"loss": 0.4939310848712921, "acc": 0.7308123111724854, "length": 1.7817004919052124, "mode": "train", "epoch": 39}
{"loss": 0.5098115801811218, "acc": 0.7226351499557495, "length": 1.7726987600326538, "mode": "test", "epoch": 39}
{"loss": 0.4941789507865906, "acc": 0.7317554950714111, "length": 1.7817004919052124, "mode": "train", "epoch": 40}
{"loss": 0.5034173727035522, "acc": 0.7249481678009033, "length": 1.7726987600326538, "mode": "test", "epoch": 40}
{"loss": 0.4937697947025299, "acc": 0.7307746410369873, "length": 1.7817198038101196, "mode": "train", "epoch": 41}
{"loss": 0.5070304274559021, "acc": 0.7255037426948547, "length": 1.7726987600326538, "mode": "test", "epoch": 41}
{"loss": 0.4919455051422119, "acc": 0.7319947481155396, "length": 1.781714916229248, "mode": "train", "epoch": 42}
{"loss": 0.5040103197097778, "acc": 0.7249364256858826, "length": 1.7726987600326538, "mode": "test", "epoch": 42}
{"loss": 0.49151745438575745, "acc": 0.7315793633460999, "length": 1.7817344665527344, "mode": "train", "epoch": 43}
{"loss": 0.5037127733230591, "acc": 0.7245216369628906, "length": 1.7726987600326538, "mode": "test", "epoch": 43}
{"loss": 0.49164149165153503, "acc": 0.7323136329650879, "length": 1.7815979719161987, "mode": "train", "epoch": 44}
{"loss": 0.5067391991615295, "acc": 0.7235007286071777, "length": 1.772072672843933, "mode": "test", "epoch": 44}
{"loss": 0.49206000566482544, "acc": 0.7321369051933289, "length": 1.7814915180206299, "mode": "train", "epoch": 45}
{"loss": 0.5079374313354492, "acc": 0.7238479852676392, "length": 1.772072672843933, "mode": "test", "epoch": 45}
{"loss": 0.4907786250114441, "acc": 0.7324811220169067, "length": 1.7814915180206299, "mode": "train", "epoch": 46}
{"loss": 0.5083536505699158, "acc": 0.7231202721595764, "length": 1.772072672843933, "mode": "test", "epoch": 46}
{"loss": 0.49085715413093567, "acc": 0.7320428490638733, "length": 1.7814915180206299, "mode": "train", "epoch": 47}
{"loss": 0.5043694972991943, "acc": 0.7220255136489868, "length": 1.772072672843933, "mode": "test", "epoch": 47}
{"loss": 0.49272650480270386, "acc": 0.7316759824752808, "length": 1.7805190086364746, "mode": "train", "epoch": 48}
{"loss": 0.5101414322853088, "acc": 0.7229387760162354, "length": 1.772072672843933, "mode": "test", "epoch": 48}
{"loss": 0.49308162927627563, "acc": 0.7324783802032471, "length": 1.7814878225326538, "mode": "train", "epoch": 49}
{"loss": 0.5028204321861267, "acc": 0.723363995552063, "length": 1.772072672843933, "mode": "test", "epoch": 49}
{"loss": 0.4944581091403961, "acc": 0.7293396592140198, "length": 1.7941466569900513, "mode": "train", "epoch": 50}
{"loss": 0.5018748044967651, "acc": 0.7231355905532837, "length": 1.777082085609436, "mode": "test", "epoch": 50}
{"loss": 0.49138861894607544, "acc": 0.73203045129776, "length": 1.7830356359481812, "mode": "train", "epoch": 51}
{"loss": 0.5032596588134766, "acc": 0.7245616912841797, "length": 1.772072672843933, "mode": "test", "epoch": 51}
{"loss": 0.49034568667411804, "acc": 0.7319216728210449, "length": 1.7814745903015137, "mode": "train", "epoch": 52}
{"loss": 0.5005061626434326, "acc": 0.7217906713485718, "length": 1.7745773792266846, "mode": "test", "epoch": 52}
{"loss": 0.49066057801246643, "acc": 0.7325519323348999, "length": 1.7844940423965454, "mode": "train", "epoch": 53}
{"loss": 0.4993821978569031, "acc": 0.7217603921890259, "length": 1.772072672843933, "mode": "test", "epoch": 53}
{"loss": 0.4903731346130371, "acc": 0.7314993143081665, "length": 1.781726598739624, "mode": "train", "epoch": 54}
{"loss": 0.5083140730857849, "acc": 0.7237269878387451, "length": 1.7726987600326538, "mode": "test", "epoch": 54}
{"loss": 0.4909859299659729, "acc": 0.7305569648742676, "length": 1.787095308303833, "mode": "train", "epoch": 55}
{"loss": 0.5035964846611023, "acc": 0.7226812243461609, "length": 1.7726987600326538, "mode": "test", "epoch": 55}
{"loss": 0.4907485544681549, "acc": 0.7317243814468384, "length": 1.7810735702514648, "mode": "train", "epoch": 56}
{"loss": 0.5018355846405029, "acc": 0.724905252456665, "length": 1.772072672843933, "mode": "test", "epoch": 56}
{"loss": 0.48889750242233276, "acc": 0.7327186465263367, "length": 1.7812764644622803, "mode": "train", "epoch": 57}
{"loss": 0.5023812055587769, "acc": 0.7232248783111572, "length": 1.772072672843933, "mode": "test", "epoch": 57}
{"loss": 0.48889055848121643, "acc": 0.7331908941268921, "length": 1.7814915180206299, "mode": "train", "epoch": 58}
{"loss": 0.5010654926300049, "acc": 0.7228357195854187, "length": 1.772072672843933, "mode": "test", "epoch": 58}
{"loss": 0.4893192648887634, "acc": 0.7317914366722107, "length": 1.7814878225326538, "mode": "train", "epoch": 59}
{"loss": 0.50223308801651, "acc": 0.7265838980674744, "length": 1.772072672843933, "mode": "test", "epoch": 59}
{"loss": 0.4885319173336029, "acc": 0.7337499856948853, "length": 1.7812830209732056, "mode": "train", "epoch": 60}
{"loss": 0.5009844899177551, "acc": 0.7260643839836121, "length": 1.772072672843933, "mode": "test", "epoch": 60}
{"loss": 0.48912832140922546, "acc": 0.732039213180542, "length": 1.7831300497055054, "mode": "train", "epoch": 61}
{"loss": 0.5099005103111267, "acc": 0.713708758354187, "length": 1.8165309429168701, "mode": "test", "epoch": 61}
{"loss": 0.48866039514541626, "acc": 0.7331777811050415, "length": 1.7818375825881958, "mode": "train", "epoch": 62}
{"loss": 0.5023794174194336, "acc": 0.7259968519210815, "length": 1.772072672843933, "mode": "test", "epoch": 62}
{"loss": 0.4880768060684204, "acc": 0.7338509559631348, "length": 1.781075358390808, "mode": "train", "epoch": 63}
{"loss": 0.49897101521492004, "acc": 0.7219882011413574, "length": 1.772072672843933, "mode": "test", "epoch": 63}
{"loss": 0.48710545897483826, "acc": 0.7338755130767822, "length": 1.7812893390655518, "mode": "train", "epoch": 64}
{"loss": 0.501923143863678, "acc": 0.7243157625198364, "length": 1.772072672843933, "mode": "test", "epoch": 64}
{"loss": 0.4867161810398102, "acc": 0.7327103018760681, "length": 1.7817004919052124, "mode": "train", "epoch": 65}
{"loss": 0.5007321834564209, "acc": 0.723731517791748, "length": 1.772072672843933, "mode": "test", "epoch": 65}
{"loss": 0.48660391569137573, "acc": 0.7339882850646973, "length": 1.7817010879516602, "mode": "train", "epoch": 66}
{"loss": 0.5020043253898621, "acc": 0.7225699424743652, "length": 1.772072672843933, "mode": "test", "epoch": 66}
{"loss": 0.48688915371894836, "acc": 0.7331957221031189, "length": 1.7817004919052124, "mode": "train", "epoch": 67}
{"loss": 0.5017101764678955, "acc": 0.7234359383583069, "length": 1.772072672843933, "mode": "test", "epoch": 67}
{"loss": 0.48619523644447327, "acc": 0.7331311106681824, "length": 1.7817004919052124, "mode": "train", "epoch": 68}
{"loss": 0.5017911195755005, "acc": 0.7231946587562561, "length": 1.772072672843933, "mode": "test", "epoch": 68}
{"loss": 0.48667022585868835, "acc": 0.7340363264083862, "length": 1.7817004919052124, "mode": "train", "epoch": 69}
{"loss": 0.5030691623687744, "acc": 0.723046600818634, "length": 1.772072672843933, "mode": "test", "epoch": 69}
{"loss": 0.48693931102752686, "acc": 0.7345308065414429, "length": 1.7817004919052124, "mode": "train", "epoch": 70}
{"loss": 0.5054661631584167, "acc": 0.7235538363456726, "length": 1.772072672843933, "mode": "test", "epoch": 70}
{"loss": 0.48834019899368286, "acc": 0.7321980595588684, "length": 1.7817004919052124, "mode": "train", "epoch": 71}
{"loss": 0.5029099583625793, "acc": 0.7249906659126282, "length": 1.772072672843933, "mode": "test", "epoch": 71}
{"loss": 0.48623743653297424, "acc": 0.7344736456871033, "length": 1.7817004919052124, "mode": "train", "epoch": 72}
{"loss": 0.5024049878120422, "acc": 0.7239354252815247, "length": 1.772072672843933, "mode": "test", "epoch": 72}
{"loss": 0.4861711859703064, "acc": 0.734299898147583, "length": 1.7817004919052124, "mode": "train", "epoch": 73}
{"loss": 0.503052294254303, "acc": 0.724581241607666, "length": 1.772072672843933, "mode": "test", "epoch": 73}
{"loss": 0.48634421825408936, "acc": 0.7342014312744141, "length": 1.7817004919052124, "mode": "train", "epoch": 74}
{"loss": 0.502841591835022, "acc": 0.7237002849578857, "length": 1.772072672843933, "mode": "test", "epoch": 74}
{"loss": 0.48593583703041077, "acc": 0.7351348996162415, "length": 1.7817004919052124, "mode": "train", "epoch": 75}
{"loss": 0.5033115148544312, "acc": 0.721350371837616, "length": 1.772072672843933, "mode": "test", "epoch": 75}
{"loss": 0.485591858625412, "acc": 0.7346540689468384, "length": 1.7817004919052124, "mode": "train", "epoch": 76}
{"loss": 0.5037988424301147, "acc": 0.7234292030334473, "length": 1.772072672843933, "mode": "test", "epoch": 76}
{"loss": 0.48550426959991455, "acc": 0.7351053357124329, "length": 1.7817004919052124, "mode": "train", "epoch": 77}
{"loss": 0.503624439239502, "acc": 0.7225024104118347, "length": 1.772072672843933, "mode": "test", "epoch": 77}
{"loss": 0.486411452293396, "acc": 0.7355713248252869, "length": 1.7817004919052124, "mode": "train", "epoch": 78}
{"loss": 0.503227949142456, "acc": 0.7243329882621765, "length": 1.772072672843933, "mode": "test", "epoch": 78}
{"loss": 0.48547542095184326, "acc": 0.7345687747001648, "length": 1.781700611114502, "mode": "train", "epoch": 79}
{"loss": 0.5024484992027283, "acc": 0.724281907081604, "length": 1.772072672843933, "mode": "test", "epoch": 79}
{"loss": 0.48526617884635925, "acc": 0.7357394695281982, "length": 1.7817004919052124, "mode": "train", "epoch": 80}
{"loss": 0.5028266310691833, "acc": 0.7228467464447021, "length": 1.772072672843933, "mode": "test", "epoch": 80}
{"loss": 0.4856398105621338, "acc": 0.7351893186569214, "length": 1.781700611114502, "mode": "train", "epoch": 81}
{"loss": 0.5034854412078857, "acc": 0.7228626012802124, "length": 1.772072672843933, "mode": "test", "epoch": 81}
{"loss": 0.48498865962028503, "acc": 0.736224353313446, "length": 1.7817004919052124, "mode": "train", "epoch": 82}
{"loss": 0.5029664635658264, "acc": 0.7231521606445312, "length": 1.772072672843933, "mode": "test", "epoch": 82}
{"loss": 0.4853324890136719, "acc": 0.7359438538551331, "length": 1.7817004919052124, "mode": "train", "epoch": 83}
{"loss": 0.503601610660553, "acc": 0.7222884297370911, "length": 1.772072672843933, "mode": "test", "epoch": 83}
{"loss": 0.48613736033439636, "acc": 0.7343154549598694, "length": 1.7817004919052124, "mode": "train", "epoch": 84}
{"loss": 0.5046389698982239, "acc": 0.7237551212310791, "length": 1.772072672843933, "mode": "test", "epoch": 84}
{"loss": 0.4860980212688446, "acc": 0.7359324097633362, "length": 1.7817004919052124, "mode": "train", "epoch": 85}
{"loss": 0.5055892467498779, "acc": 0.7236888408660889, "length": 1.772072672843933, "mode": "test", "epoch": 85}
{"loss": 0.48536714911460876, "acc": 0.7356176972389221, "length": 1.7825578451156616, "mode": "train", "epoch": 86}
{"loss": 0.5043625235557556, "acc": 0.7205478549003601, "length": 1.773324966430664, "mode": "test", "epoch": 86}
{"loss": 0.48552700877189636, "acc": 0.7360755801200867, "length": 1.7829868793487549, "mode": "train", "epoch": 87}
{"loss": 0.5086240768432617, "acc": 0.7164932489395142, "length": 1.7977458238601685, "mode": "test", "epoch": 87}
{"loss": 0.4853208065032959, "acc": 0.7353129982948303, "length": 1.7847094535827637, "mode": "train", "epoch": 88}
{"loss": 0.5013853907585144, "acc": 0.7230353951454163, "length": 1.7726987600326538, "mode": "test", "epoch": 88}
{"loss": 0.484998494386673, "acc": 0.7354251742362976, "length": 1.7819032669067383, "mode": "train", "epoch": 89}
{"loss": 0.5002005100250244, "acc": 0.7213984131813049, "length": 1.7726987600326538, "mode": "test", "epoch": 89}
{"loss": 0.4846841096878052, "acc": 0.7362330555915833, "length": 1.7819093465805054, "mode": "train", "epoch": 90}
{"loss": 0.5018194317817688, "acc": 0.7226905226707458, "length": 1.7726987600326538, "mode": "test", "epoch": 90}
{"loss": 0.4845968782901764, "acc": 0.7361890077590942, "length": 1.7817071676254272, "mode": "train", "epoch": 91}
{"loss": 0.5015274286270142, "acc": 0.7239755392074585, "length": 1.7726987600326538, "mode": "test", "epoch": 91}
{"loss": 0.4846806824207306, "acc": 0.7362416386604309, "length": 1.7817004919052124, "mode": "train", "epoch": 92}
{"loss": 0.5020942091941833, "acc": 0.7264591455459595, "length": 1.7726987600326538, "mode": "test", "epoch": 92}
{"loss": 0.48466476798057556, "acc": 0.736168622970581, "length": 1.7818926572799683, "mode": "train", "epoch": 93}
{"loss": 0.50152188539505, "acc": 0.7244935035705566, "length": 1.7726987600326538, "mode": "test", "epoch": 93}
{"loss": 0.4847032427787781, "acc": 0.7359486818313599, "length": 1.7817004919052124, "mode": "train", "epoch": 94}
{"loss": 0.502214789390564, "acc": 0.7224872708320618, "length": 1.7726987600326538, "mode": "test", "epoch": 94}
{"loss": 0.4849916100502014, "acc": 0.7363512516021729, "length": 1.7817004919052124, "mode": "train", "epoch": 95}
{"loss": 0.5022743344306946, "acc": 0.7238612174987793, "length": 1.7726987600326538, "mode": "test", "epoch": 95}
{"loss": 0.48456817865371704, "acc": 0.7358201742172241, "length": 1.7817004919052124, "mode": "train", "epoch": 96}
{"loss": 0.5017350316047668, "acc": 0.7236967086791992, "length": 1.7726987600326538, "mode": "test", "epoch": 96}
{"loss": 0.48453232645988464, "acc": 0.7368051409721375, "length": 1.7817004919052124, "mode": "train", "epoch": 97}
{"loss": 0.5020719766616821, "acc": 0.7243067026138306, "length": 1.7726987600326538, "mode": "test", "epoch": 97}
{"loss": 0.4845329821109772, "acc": 0.7371788024902344, "length": 1.7817004919052124, "mode": "train", "epoch": 98}
{"loss": 0.5035600066184998, "acc": 0.7234594821929932, "length": 1.7726987600326538, "mode": "test", "epoch": 98}
{"loss": 0.48477137088775635, "acc": 0.7370882630348206, "length": 1.7817004919052124, "mode": "train", "epoch": 99}
{"loss": 0.5016450881958008, "acc": 0.724122941493988, "length": 1.7726987600326538, "mode": "test", "epoch": 99}
{"loss": 0.48395901918411255, "acc": 0.7375664710998535, "length": 1.7817004919052124, "mode": "train", "epoch": 100}
{"loss": 0.503182053565979, "acc": 0.7225914597511292, "length": 1.7726987600326538, "mode": "test", "epoch": 100}
test accuracy: 0.710959255695343
