# ["--attributes=4", "--values=4", "--game_size=4", "--vocab_size_factor=3", "--n_epochs=100", "--batch_size=32", "--learning_rate=0.0005", "--hidden_size=128", "--temp_update=0.99", "--temperature=1"]
Creating train_ds and val_ds...

Creating test_ds...
{"loss": 0.6529261469841003, "acc": 0.5935209393501282, "length": 3.911053419113159, "mode": "train", "epoch": 1}
{"loss": 0.5602840185165405, "acc": 0.7122859358787537, "length": 4.734082221984863, "mode": "test", "epoch": 1}
{"loss": 0.524222195148468, "acc": 0.7429437637329102, "length": 4.7145843505859375, "mode": "train", "epoch": 2}
{"loss": 0.5184908509254456, "acc": 0.7496171593666077, "length": 4.959425926208496, "mode": "test", "epoch": 2}
{"loss": 0.48183417320251465, "acc": 0.7723053097724915, "length": 4.938848495483398, "mode": "train", "epoch": 3}
{"loss": 0.48799362778663635, "acc": 0.7687265872955322, "length": 5.0, "mode": "test", "epoch": 3}
{"loss": 0.4459621012210846, "acc": 0.790754497051239, "length": 4.981260299682617, "mode": "train", "epoch": 4}
{"loss": 0.44613829255104065, "acc": 0.795646071434021, "length": 5.0, "mode": "test", "epoch": 4}
{"loss": 0.42219170928001404, "acc": 0.8046169877052307, "length": 4.992640018463135, "mode": "train", "epoch": 5}
{"loss": 0.4186338186264038, "acc": 0.8062577843666077, "length": 5.0, "mode": "test", "epoch": 5}
{"loss": 0.3993675112724304, "acc": 0.8219300508499146, "length": 4.996539115905762, "mode": "train", "epoch": 6}
{"loss": 0.4083116054534912, "acc": 0.817571759223938, "length": 5.0, "mode": "test", "epoch": 6}
{"loss": 0.3737049102783203, "acc": 0.8370802998542786, "length": 4.997535228729248, "mode": "train", "epoch": 7}
{"loss": 0.3811390995979309, "acc": 0.8330992460250854, "length": 5.0, "mode": "test", "epoch": 7}
{"loss": 0.3570317327976227, "acc": 0.8485630750656128, "length": 4.998773097991943, "mode": "train", "epoch": 8}
{"loss": 0.3846854269504547, "acc": 0.8354400992393494, "length": 5.0, "mode": "test", "epoch": 8}
{"loss": 0.3476584255695343, "acc": 0.8544219136238098, "length": 4.999221324920654, "mode": "train", "epoch": 9}
{"loss": 0.3655358850955963, "acc": 0.8438670635223389, "length": 5.0, "mode": "test", "epoch": 9}
{"loss": 0.3342442512512207, "acc": 0.8611512780189514, "length": 4.99943733215332, "mode": "train", "epoch": 10}
{"loss": 0.35378363728523254, "acc": 0.8528401851654053, "length": 5.0, "mode": "test", "epoch": 10}
{"loss": 0.32069122791290283, "acc": 0.8672320246696472, "length": 4.999271869659424, "mode": "train", "epoch": 11}
{"loss": 0.3434136211872101, "acc": 0.8572877645492554, "length": 5.0, "mode": "test", "epoch": 11}
{"loss": 0.3107776641845703, "acc": 0.8719349503517151, "length": 4.999663829803467, "mode": "train", "epoch": 12}
{"loss": 0.34340590238571167, "acc": 0.8619694113731384, "length": 5.0, "mode": "test", "epoch": 12}
{"loss": 0.30467689037323, "acc": 0.8781751394271851, "length": 4.99954891204834, "mode": "train", "epoch": 13}
{"loss": 0.32397693395614624, "acc": 0.8661829233169556, "length": 5.0, "mode": "test", "epoch": 13}
{"loss": 0.2947249412536621, "acc": 0.880509078502655, "length": 4.999852657318115, "mode": "train", "epoch": 14}
{"loss": 0.3258286416530609, "acc": 0.8728152513504028, "length": 5.0, "mode": "test", "epoch": 14}
{"loss": 0.2864281237125397, "acc": 0.8877120614051819, "length": 4.999784469604492, "mode": "train", "epoch": 15}
{"loss": 0.32331857085227966, "acc": 0.8704743981361389, "length": 5.0, "mode": "test", "epoch": 15}
{"loss": 0.2845436930656433, "acc": 0.8889265060424805, "length": 4.99962854385376, "mode": "train", "epoch": 16}
{"loss": 0.3099251687526703, "acc": 0.8757022619247437, "length": 5.0, "mode": "test", "epoch": 16}
{"loss": 0.27806803584098816, "acc": 0.8905136585235596, "length": 4.999662399291992, "mode": "train", "epoch": 17}
{"loss": 0.3082517981529236, "acc": 0.8775749206542969, "length": 5.0, "mode": "test", "epoch": 17}
{"loss": 0.27025893330574036, "acc": 0.8935173749923706, "length": 4.999265670776367, "mode": "train", "epoch": 18}
{"loss": 0.2983008921146393, "acc": 0.8863919973373413, "length": 5.0, "mode": "test", "epoch": 18}
{"loss": 0.267686665058136, "acc": 0.8966568112373352, "length": 4.999986171722412, "mode": "train", "epoch": 19}
{"loss": 0.29927006363868713, "acc": 0.8863919973373413, "length": 5.0, "mode": "test", "epoch": 19}
{"loss": 0.26122695207595825, "acc": 0.8992062211036682, "length": 4.999969959259033, "mode": "train", "epoch": 20}
{"loss": 0.2870580852031708, "acc": 0.8888888955116272, "length": 5.0, "mode": "test", "epoch": 20}
{"loss": 0.255431205034256, "acc": 0.8995198011398315, "length": 4.999980449676514, "mode": "train", "epoch": 21}
{"loss": 0.28524526953697205, "acc": 0.8935705423355103, "length": 5.0, "mode": "test", "epoch": 21}
{"loss": 0.250948429107666, "acc": 0.9034252762794495, "length": 4.9999918937683105, "mode": "train", "epoch": 22}
{"loss": 0.2866469919681549, "acc": 0.8923221230506897, "length": 5.0, "mode": "test", "epoch": 22}
{"loss": 0.24833309650421143, "acc": 0.9039198160171509, "length": 4.999994277954102, "mode": "train", "epoch": 23}
{"loss": 0.2819497883319855, "acc": 0.8929463028907776, "length": 5.0, "mode": "test", "epoch": 23}
{"loss": 0.2457728087902069, "acc": 0.9075098633766174, "length": 4.999957084655762, "mode": "train", "epoch": 24}
{"loss": 0.2815279960632324, "acc": 0.8948189616203308, "length": 5.0, "mode": "test", "epoch": 24}
{"loss": 0.24590036273002625, "acc": 0.908057689666748, "length": 4.9999823570251465, "mode": "train", "epoch": 25}
{"loss": 0.2768248915672302, "acc": 0.891775906085968, "length": 5.0, "mode": "test", "epoch": 25}
{"loss": 0.2510063648223877, "acc": 0.9035033583641052, "length": 4.999993801116943, "mode": "train", "epoch": 26}
{"loss": 0.2722865641117096, "acc": 0.8983302116394043, "length": 5.0, "mode": "test", "epoch": 26}
{"loss": 0.24365419149398804, "acc": 0.9064964652061462, "length": 4.999990463256836, "mode": "train", "epoch": 27}
{"loss": 0.28124573826789856, "acc": 0.8924001455307007, "length": 5.0, "mode": "test", "epoch": 27}
{"loss": 0.23993471264839172, "acc": 0.9080841541290283, "length": 4.99998664855957, "mode": "train", "epoch": 28}
{"loss": 0.2827885150909424, "acc": 0.8950530290603638, "length": 5.0, "mode": "test", "epoch": 28}
{"loss": 0.2364298552274704, "acc": 0.9112589955329895, "length": 4.999963283538818, "mode": "train", "epoch": 29}
{"loss": 0.26847514510154724, "acc": 0.9000468254089355, "length": 5.0, "mode": "test", "epoch": 29}
{"loss": 0.23013447225093842, "acc": 0.9146708846092224, "length": 4.999998092651367, "mode": "train", "epoch": 30}
{"loss": 0.2806273400783539, "acc": 0.8977059721946716, "length": 5.0, "mode": "test", "epoch": 30}
{"loss": 0.2307066023349762, "acc": 0.913915753364563, "length": 4.999996662139893, "mode": "train", "epoch": 31}
{"loss": 0.27246958017349243, "acc": 0.9009051322937012, "length": 5.0, "mode": "test", "epoch": 31}
{"loss": 0.23174333572387695, "acc": 0.9133694171905518, "length": 4.999999046325684, "mode": "train", "epoch": 32}
{"loss": 0.27980414032936096, "acc": 0.8973158597946167, "length": 5.0, "mode": "test", "epoch": 32}
{"loss": 0.23068568110466003, "acc": 0.9149309992790222, "length": 4.99999475479126, "mode": "train", "epoch": 33}
{"loss": 0.26993370056152344, "acc": 0.9030898809432983, "length": 5.0, "mode": "test", "epoch": 33}
{"loss": 0.2207869440317154, "acc": 0.917768657207489, "length": 4.999999523162842, "mode": "train", "epoch": 34}
{"loss": 0.27544859051704407, "acc": 0.8980181217193604, "length": 5.0, "mode": "test", "epoch": 34}
{"loss": 0.21700450778007507, "acc": 0.9180808067321777, "length": 4.999997138977051, "mode": "train", "epoch": 35}
{"loss": 0.2660800814628601, "acc": 0.9055867791175842, "length": 5.0, "mode": "test", "epoch": 35}
{"loss": 0.21852220594882965, "acc": 0.9172999858856201, "length": 4.999999046325684, "mode": "train", "epoch": 36}
{"loss": 0.26237764954566956, "acc": 0.90363609790802, "length": 5.0, "mode": "test", "epoch": 36}
{"loss": 0.21333323419094086, "acc": 0.9196689128875732, "length": 5.0, "mode": "train", "epoch": 37}
{"loss": 0.2739085257053375, "acc": 0.8941947817802429, "length": 5.0, "mode": "test", "epoch": 37}
{"loss": 0.21283860504627228, "acc": 0.919147789478302, "length": 4.999992370605469, "mode": "train", "epoch": 38}
{"loss": 0.27868860960006714, "acc": 0.8991885185241699, "length": 5.0, "mode": "test", "epoch": 38}
{"loss": 0.21848557889461517, "acc": 0.9209442734718323, "length": 4.999998092651367, "mode": "train", "epoch": 39}
{"loss": 0.26477789878845215, "acc": 0.90363609790802, "length": 5.0, "mode": "test", "epoch": 39}
{"loss": 0.22729237377643585, "acc": 0.914775013923645, "length": 4.999998569488525, "mode": "train", "epoch": 40}
{"loss": 0.284066766500473, "acc": 0.8908395767211914, "length": 5.0, "mode": "test", "epoch": 40}
{"loss": 0.21617631614208221, "acc": 0.9181587100028992, "length": 4.999995708465576, "mode": "train", "epoch": 41}
{"loss": 0.2672402262687683, "acc": 0.9009051322937012, "length": 5.0, "mode": "test", "epoch": 41}
{"loss": 0.2122594565153122, "acc": 0.9204493761062622, "length": 4.999995231628418, "mode": "train", "epoch": 42}
{"loss": 0.26757243275642395, "acc": 0.9026217460632324, "length": 5.0, "mode": "test", "epoch": 42}
{"loss": 0.20712777972221375, "acc": 0.9231285452842712, "length": 4.999969005584717, "mode": "train", "epoch": 43}
{"loss": 0.2645060420036316, "acc": 0.903480052947998, "length": 5.0, "mode": "test", "epoch": 43}
{"loss": 0.20229622721672058, "acc": 0.9249791502952576, "length": 5.0, "mode": "train", "epoch": 44}
{"loss": 0.25875529646873474, "acc": 0.9081616997718811, "length": 5.0, "mode": "test", "epoch": 44}
{"loss": 0.20948301255702972, "acc": 0.9212306141853333, "length": 4.999999046325684, "mode": "train", "epoch": 45}
{"loss": 0.29139015078544617, "acc": 0.8973158597946167, "length": 5.0, "mode": "test", "epoch": 45}
{"loss": 0.21866059303283691, "acc": 0.918445348739624, "length": 4.999999046325684, "mode": "train", "epoch": 46}
{"loss": 0.342729777097702, "acc": 0.8726591467857361, "length": 5.0, "mode": "test", "epoch": 46}
{"loss": 0.23570501804351807, "acc": 0.9100895524024963, "length": 5.0, "mode": "train", "epoch": 47}
{"loss": 0.27118393778800964, "acc": 0.9044944047927856, "length": 5.0, "mode": "test", "epoch": 47}
{"loss": 0.2076326608657837, "acc": 0.9233637452125549, "length": 4.9999871253967285, "mode": "train", "epoch": 48}
{"loss": 0.2551421821117401, "acc": 0.908941924571991, "length": 5.0, "mode": "test", "epoch": 48}
{"loss": 0.2007182091474533, "acc": 0.9255778789520264, "length": 5.0, "mode": "train", "epoch": 49}
{"loss": 0.2610480487346649, "acc": 0.9062109589576721, "length": 5.0, "mode": "test", "epoch": 49}
{"loss": 0.20451341569423676, "acc": 0.9250832796096802, "length": 5.0, "mode": "train", "epoch": 50}
{"loss": 0.26101258397102356, "acc": 0.908629834651947, "length": 5.0, "mode": "test", "epoch": 50}
{"loss": 0.1999169886112213, "acc": 0.9256299734115601, "length": 4.999999523162842, "mode": "train", "epoch": 51}
{"loss": 0.2572284936904907, "acc": 0.9100343585014343, "length": 5.0, "mode": "test", "epoch": 51}
{"loss": 0.19810126721858978, "acc": 0.9271657466888428, "length": 5.0, "mode": "train", "epoch": 52}
{"loss": 0.2561787962913513, "acc": 0.9098782539367676, "length": 5.0, "mode": "test", "epoch": 52}
{"loss": 0.1989414095878601, "acc": 0.9266191124916077, "length": 5.0, "mode": "train", "epoch": 53}
{"loss": 0.2593236565589905, "acc": 0.9092540740966797, "length": 5.0, "mode": "test", "epoch": 53}
{"loss": 0.19693338871002197, "acc": 0.9274364709854126, "length": 4.999785900115967, "mode": "train", "epoch": 54}
{"loss": 0.25625741481781006, "acc": 0.9121410846710205, "length": 5.0, "mode": "test", "epoch": 54}
{"loss": 0.1973133534193039, "acc": 0.9274260997772217, "length": 5.0, "mode": "train", "epoch": 55}
{"loss": 0.2581530213356018, "acc": 0.9094881415367126, "length": 5.0, "mode": "test", "epoch": 55}
{"loss": 0.19907423853874207, "acc": 0.9253175854682922, "length": 4.999999046325684, "mode": "train", "epoch": 56}
{"loss": 0.26448050141334534, "acc": 0.9079275727272034, "length": 5.0, "mode": "test", "epoch": 56}
{"loss": 0.1983557492494583, "acc": 0.9264629483222961, "length": 5.0, "mode": "train", "epoch": 57}
{"loss": 0.25431156158447266, "acc": 0.9110487103462219, "length": 5.0, "mode": "test", "epoch": 57}
{"loss": 0.194366917014122, "acc": 0.9300013184547424, "length": 4.999983787536621, "mode": "train", "epoch": 58}
{"loss": 0.2497987300157547, "acc": 0.9120630621910095, "length": 5.0, "mode": "test", "epoch": 58}
{"loss": 0.1923147737979889, "acc": 0.9301069378852844, "length": 4.999996662139893, "mode": "train", "epoch": 59}
{"loss": 0.2553689479827881, "acc": 0.9073033928871155, "length": 5.0, "mode": "test", "epoch": 59}
{"loss": 0.19478151202201843, "acc": 0.927374005317688, "length": 5.0, "mode": "train", "epoch": 60}
{"loss": 0.2688242495059967, "acc": 0.9056648015975952, "length": 5.0, "mode": "test", "epoch": 60}
{"loss": 0.19628405570983887, "acc": 0.9276342988014221, "length": 4.999999523162842, "mode": "train", "epoch": 61}
{"loss": 0.259017676115036, "acc": 0.9076935052871704, "length": 5.0, "mode": "test", "epoch": 61}
{"loss": 0.20188415050506592, "acc": 0.925082802772522, "length": 4.999995708465576, "mode": "train", "epoch": 62}
{"loss": 0.250379353761673, "acc": 0.9119850397109985, "length": 5.0, "mode": "test", "epoch": 62}
{"loss": 0.1902712732553482, "acc": 0.9291699528694153, "length": 4.999998092651367, "mode": "train", "epoch": 63}
{"loss": 0.24477265775203705, "acc": 0.9147160053253174, "length": 5.0, "mode": "test", "epoch": 63}
{"loss": 0.18926145136356354, "acc": 0.9318773150444031, "length": 4.999999523162842, "mode": "train", "epoch": 64}
{"loss": 0.25189921259880066, "acc": 0.9129993915557861, "length": 5.0, "mode": "test", "epoch": 64}
{"loss": 0.18850219249725342, "acc": 0.9306018352508545, "length": 4.999999046325684, "mode": "train", "epoch": 65}
{"loss": 0.26824259757995605, "acc": 0.908473789691925, "length": 5.0, "mode": "test", "epoch": 65}
{"loss": 0.19089893996715546, "acc": 0.9288577437400818, "length": 5.0, "mode": "train", "epoch": 66}
{"loss": 0.25680822134017944, "acc": 0.9096441864967346, "length": 5.0, "mode": "test", "epoch": 66}
{"loss": 0.19444184005260468, "acc": 0.9292996525764465, "length": 4.999991416931152, "mode": "train", "epoch": 67}
{"loss": 0.24162162840366364, "acc": 0.915886402130127, "length": 5.0, "mode": "test", "epoch": 67}
{"loss": 0.20928356051445007, "acc": 0.9220637083053589, "length": 5.0, "mode": "train", "epoch": 68}
{"loss": 0.2532826066017151, "acc": 0.908941924571991, "length": 5.0, "mode": "test", "epoch": 68}
{"loss": 0.19385464489459991, "acc": 0.9284152388572693, "length": 5.0, "mode": "train", "epoch": 69}
{"loss": 0.24493509531021118, "acc": 0.9119070172309875, "length": 5.0, "mode": "test", "epoch": 69}
{"loss": 0.19493505358695984, "acc": 0.9272178411483765, "length": 5.0, "mode": "train", "epoch": 70}
{"loss": 0.24928759038448334, "acc": 0.9095661640167236, "length": 5.0, "mode": "test", "epoch": 70}
{"loss": 0.22490397095680237, "acc": 0.9126145243644714, "length": 5.0, "mode": "train", "epoch": 71}
{"loss": 0.261807382106781, "acc": 0.9050405621528625, "length": 5.0, "mode": "test", "epoch": 71}
{"loss": 0.2199133038520813, "acc": 0.9156081080436707, "length": 5.0, "mode": "train", "epoch": 72}
{"loss": 0.26834604144096375, "acc": 0.9055087566375732, "length": 5.0, "mode": "test", "epoch": 72}
{"loss": 0.2186664491891861, "acc": 0.9169096350669861, "length": 5.0, "mode": "train", "epoch": 73}
{"loss": 0.27159014344215393, "acc": 0.9024656414985657, "length": 5.0, "mode": "test", "epoch": 73}
{"loss": 0.2214265763759613, "acc": 0.9155820608139038, "length": 5.0, "mode": "train", "epoch": 74}
{"loss": 0.27860045433044434, "acc": 0.8935705423355103, "length": 5.0, "mode": "test", "epoch": 74}
{"loss": 0.2266915738582611, "acc": 0.9136557579040527, "length": 5.0, "mode": "train", "epoch": 75}
{"loss": 0.25795778632164, "acc": 0.9081616997718811, "length": 5.0, "mode": "test", "epoch": 75}
{"loss": 0.21350431442260742, "acc": 0.9195387363433838, "length": 5.0, "mode": "train", "epoch": 76}
{"loss": 0.26249054074287415, "acc": 0.9066011309623718, "length": 5.0, "mode": "test", "epoch": 76}
{"loss": 0.2052864134311676, "acc": 0.9226101636886597, "length": 4.999998569488525, "mode": "train", "epoch": 77}
{"loss": 0.2570602595806122, "acc": 0.9105024933815002, "length": 5.0, "mode": "test", "epoch": 77}
{"loss": 0.20627471804618835, "acc": 0.9224281311035156, "length": 5.0, "mode": "train", "epoch": 78}
{"loss": 0.2619105577468872, "acc": 0.9016854166984558, "length": 5.0, "mode": "test", "epoch": 78}
{"loss": 0.20477569103240967, "acc": 0.9226363897323608, "length": 4.999999523162842, "mode": "train", "epoch": 79}
{"loss": 0.2544420659542084, "acc": 0.9105805158615112, "length": 5.0, "mode": "test", "epoch": 79}
{"loss": 0.21312208473682404, "acc": 0.9230789542198181, "length": 5.0, "mode": "train", "epoch": 80}
{"loss": 0.3138105869293213, "acc": 0.8922440409660339, "length": 5.0, "mode": "test", "epoch": 80}
{"loss": 0.2011050134897232, "acc": 0.9257912039756775, "length": 4.999794006347656, "mode": "train", "epoch": 81}
{"loss": 0.2461998015642166, "acc": 0.9146379232406616, "length": 5.0, "mode": "test", "epoch": 81}
{"loss": 0.19518093764781952, "acc": 0.9289358854293823, "length": 5.0, "mode": "train", "epoch": 82}
{"loss": 0.24410653114318848, "acc": 0.9154182076454163, "length": 5.0, "mode": "test", "epoch": 82}
{"loss": 0.18033353984355927, "acc": 0.9336993098258972, "length": 4.999998569488525, "mode": "train", "epoch": 83}
{"loss": 0.2389126867055893, "acc": 0.9179151058197021, "length": 5.0, "mode": "test", "epoch": 83}
{"loss": 0.1796393096446991, "acc": 0.9341940879821777, "length": 5.0, "mode": "train", "epoch": 84}
{"loss": 0.24333123862743378, "acc": 0.9151841402053833, "length": 5.0, "mode": "test", "epoch": 84}
{"loss": 0.1737067848443985, "acc": 0.9374739527702332, "length": 5.0, "mode": "train", "epoch": 85}
{"loss": 0.23954717814922333, "acc": 0.9165105819702148, "length": 5.0, "mode": "test", "epoch": 85}
{"loss": 0.17574778199195862, "acc": 0.9370834827423096, "length": 5.0, "mode": "train", "epoch": 86}
{"loss": 0.24388882517814636, "acc": 0.9170567989349365, "length": 5.0, "mode": "test", "epoch": 86}
{"loss": 0.17266301810741425, "acc": 0.9361203908920288, "length": 5.0, "mode": "train", "epoch": 87}
{"loss": 0.2331545501947403, "acc": 0.920333981513977, "length": 5.0, "mode": "test", "epoch": 87}
{"loss": 0.18794606626033783, "acc": 0.9307059645652771, "length": 4.999999523162842, "mode": "train", "epoch": 88}
{"loss": 0.2593725323677063, "acc": 0.9083957672119141, "length": 5.0, "mode": "test", "epoch": 88}
{"loss": 0.18583248555660248, "acc": 0.9308880567550659, "length": 4.999999046325684, "mode": "train", "epoch": 89}
{"loss": 0.24303078651428223, "acc": 0.9170567989349365, "length": 5.0, "mode": "test", "epoch": 89}
{"loss": 0.17639198899269104, "acc": 0.9359381794929504, "length": 5.0, "mode": "train", "epoch": 90}
{"loss": 0.24394474923610687, "acc": 0.9155742526054382, "length": 5.0, "mode": "test", "epoch": 90}
{"loss": 0.1700124889612198, "acc": 0.9388536214828491, "length": 5.0, "mode": "train", "epoch": 91}
{"loss": 0.23138894140720367, "acc": 0.9199438095092773, "length": 5.0, "mode": "test", "epoch": 91}
{"loss": 0.1681494265794754, "acc": 0.9386193156242371, "length": 5.0, "mode": "train", "epoch": 92}
{"loss": 0.23697903752326965, "acc": 0.9198657870292664, "length": 5.0, "mode": "test", "epoch": 92}
{"loss": 0.16731920838356018, "acc": 0.9388526082038879, "length": 4.999992847442627, "mode": "train", "epoch": 93}
{"loss": 0.23547135293483734, "acc": 0.9168227314949036, "length": 5.0, "mode": "test", "epoch": 93}
{"loss": 0.1800844371318817, "acc": 0.9330487251281738, "length": 5.0, "mode": "train", "epoch": 94}
{"loss": 0.2396024465560913, "acc": 0.9176810383796692, "length": 5.0, "mode": "test", "epoch": 94}
{"loss": 0.1823301464319229, "acc": 0.9339597821235657, "length": 5.0, "mode": "train", "epoch": 95}
{"loss": 0.24761681258678436, "acc": 0.9080836176872253, "length": 5.0, "mode": "test", "epoch": 95}
{"loss": 0.1716817319393158, "acc": 0.9370314478874207, "length": 5.0, "mode": "train", "epoch": 96}
{"loss": 0.23111692070960999, "acc": 0.9193976521492004, "length": 5.0, "mode": "test", "epoch": 96}
{"loss": 0.16499166190624237, "acc": 0.9407538771629333, "length": 5.0, "mode": "train", "epoch": 97}
{"loss": 0.22906866669654846, "acc": 0.9210361838340759, "length": 5.0, "mode": "test", "epoch": 97}
{"loss": 0.165025994181633, "acc": 0.9410922527313232, "length": 5.0, "mode": "train", "epoch": 98}
{"loss": 0.22909130156040192, "acc": 0.9215043783187866, "length": 5.0, "mode": "test", "epoch": 98}
{"loss": 0.1647612750530243, "acc": 0.9396865963935852, "length": 5.0, "mode": "train", "epoch": 99}
{"loss": 0.22949372231960297, "acc": 0.9249376058578491, "length": 5.0, "mode": "test", "epoch": 99}
{"loss": 0.1657770276069641, "acc": 0.9398688077926636, "length": 5.0, "mode": "train", "epoch": 100}
{"loss": 0.24200236797332764, "acc": 0.9160424470901489, "length": 5.0, "mode": "test", "epoch": 100}
test accuracy: 0.8817356824874878
