# ["--attributes=4", "--values=4", "--game_size=4", "--vocab_size_factor=3", "--n_epochs=100", "--batch_size=32", "--learning_rate=0.0005", "--hidden_size=128", "--temp_update=0.99", "--temperature=1.5"]
Creating train_ds and val_ds...

Creating test_ds...
{"loss": 0.6586308479309082, "acc": 0.5855066776275635, "length": 4.036341667175293, "mode": "train", "epoch": 1}
{"loss": 0.5718202590942383, "acc": 0.7039949297904968, "length": 4.725907325744629, "mode": "test", "epoch": 1}
{"loss": 0.5163840651512146, "acc": 0.7524634003639221, "length": 4.567074775695801, "mode": "train", "epoch": 2}
{"loss": 0.5005979537963867, "acc": 0.7563107013702393, "length": 4.6927409172058105, "mode": "test", "epoch": 2}
{"loss": 0.4759414792060852, "acc": 0.7751421928405762, "length": 4.829012870788574, "mode": "train", "epoch": 3}
{"loss": 0.48306405544281006, "acc": 0.7750033140182495, "length": 4.997497081756592, "mode": "test", "epoch": 3}
{"loss": 0.436774343252182, "acc": 0.8015809059143066, "length": 4.942907333374023, "mode": "train", "epoch": 4}
{"loss": 0.4487667679786682, "acc": 0.8000625967979431, "length": 5.0, "mode": "test", "epoch": 4}
{"loss": 0.3990020155906677, "acc": 0.8280014991760254, "length": 4.980827808380127, "mode": "train", "epoch": 5}
{"loss": 0.4245612323284149, "acc": 0.8130475878715515, "length": 5.0, "mode": "test", "epoch": 5}
{"loss": 0.3709230124950409, "acc": 0.8434546589851379, "length": 4.991090297698975, "mode": "train", "epoch": 6}
{"loss": 0.41467753052711487, "acc": 0.8146902322769165, "length": 5.0, "mode": "test", "epoch": 6}
{"loss": 0.35297825932502747, "acc": 0.8499655723571777, "length": 4.993558406829834, "mode": "train", "epoch": 7}
{"loss": 0.4026050865650177, "acc": 0.8229818344116211, "length": 5.0, "mode": "test", "epoch": 7}
{"loss": 0.3429527282714844, "acc": 0.857465922832489, "length": 4.99525785446167, "mode": "train", "epoch": 8}
{"loss": 0.38711485266685486, "acc": 0.8321338891983032, "length": 5.0, "mode": "test", "epoch": 8}
{"loss": 0.3329075872898102, "acc": 0.8598240613937378, "length": 4.996256351470947, "mode": "train", "epoch": 9}
{"loss": 0.3958808183670044, "acc": 0.8336982727050781, "length": 5.0, "mode": "test", "epoch": 9}
{"loss": 0.3207390308380127, "acc": 0.8673268556594849, "length": 4.997088432312012, "mode": "train", "epoch": 10}
{"loss": 0.3712753653526306, "acc": 0.848013162612915, "length": 5.0, "mode": "test", "epoch": 10}
{"loss": 0.3094485402107239, "acc": 0.8717526793479919, "length": 4.998132705688477, "mode": "train", "epoch": 11}
{"loss": 0.38053783774375916, "acc": 0.8426157832145691, "length": 5.0, "mode": "test", "epoch": 11}
{"loss": 0.29453763365745544, "acc": 0.8783556818962097, "length": 4.998396396636963, "mode": "train", "epoch": 12}
{"loss": 0.3618347942829132, "acc": 0.8516114950180054, "length": 5.0, "mode": "test", "epoch": 12}
{"loss": 0.2795998156070709, "acc": 0.8842352628707886, "length": 4.998826026916504, "mode": "train", "epoch": 13}
{"loss": 0.3568660020828247, "acc": 0.8510637283325195, "length": 5.0, "mode": "test", "epoch": 13}
{"loss": 0.2695348262786865, "acc": 0.8914594650268555, "length": 4.998956203460693, "mode": "train", "epoch": 14}
{"loss": 0.3480907678604126, "acc": 0.8605287075042725, "length": 5.0, "mode": "test", "epoch": 14}
{"loss": 0.263519287109375, "acc": 0.8926425576210022, "length": 4.9991888999938965, "mode": "train", "epoch": 15}
{"loss": 0.3577895760536194, "acc": 0.855053186416626, "length": 5.0, "mode": "test", "epoch": 15}
{"loss": 0.2513086795806885, "acc": 0.8995841145515442, "length": 4.999288082122803, "mode": "train", "epoch": 16}
{"loss": 0.34075912833213806, "acc": 0.8609198331832886, "length": 5.0, "mode": "test", "epoch": 16}
{"loss": 0.24159899353981018, "acc": 0.9049322605133057, "length": 4.999222278594971, "mode": "train", "epoch": 17}
{"loss": 0.32771947979927063, "acc": 0.8681946396827698, "length": 5.0, "mode": "test", "epoch": 17}
{"loss": 0.23383165895938873, "acc": 0.9102420806884766, "length": 4.999638557434082, "mode": "train", "epoch": 18}
{"loss": 0.3192935883998871, "acc": 0.8729661107063293, "length": 5.0, "mode": "test", "epoch": 18}
{"loss": 0.22702331840991974, "acc": 0.9135557413101196, "length": 4.99965763092041, "mode": "train", "epoch": 19}
{"loss": 0.3227832615375519, "acc": 0.8758604526519775, "length": 5.0, "mode": "test", "epoch": 19}
{"loss": 0.22079753875732422, "acc": 0.9165517091751099, "length": 4.999528884887695, "mode": "train", "epoch": 20}
{"loss": 0.3119591176509857, "acc": 0.8803191781044006, "length": 5.0, "mode": "test", "epoch": 20}
{"loss": 0.21314267814159393, "acc": 0.9214646816253662, "length": 4.999704837799072, "mode": "train", "epoch": 21}
{"loss": 0.31783527135849, "acc": 0.8752346634864807, "length": 5.0, "mode": "test", "epoch": 21}
{"loss": 0.20473992824554443, "acc": 0.9231885671615601, "length": 4.999759197235107, "mode": "train", "epoch": 22}
{"loss": 0.3011293411254883, "acc": 0.884230375289917, "length": 5.0, "mode": "test", "epoch": 22}
{"loss": 0.20223413407802582, "acc": 0.9235032200813293, "length": 4.9998064041137695, "mode": "train", "epoch": 23}
{"loss": 0.29825761914253235, "acc": 0.8898622989654541, "length": 5.0, "mode": "test", "epoch": 23}
{"loss": 0.19758470356464386, "acc": 0.9259336590766907, "length": 4.999874591827393, "mode": "train", "epoch": 24}
{"loss": 0.29935774207115173, "acc": 0.8912702798843384, "length": 5.0, "mode": "test", "epoch": 24}
{"loss": 0.19370217621326447, "acc": 0.9280461072921753, "length": 4.999845027923584, "mode": "train", "epoch": 25}
{"loss": 0.28438180685043335, "acc": 0.8989360928535461, "length": 5.0, "mode": "test", "epoch": 25}
{"loss": 0.19176159799098969, "acc": 0.9297183752059937, "length": 4.9998908042907715, "mode": "train", "epoch": 26}
{"loss": 0.30494385957717896, "acc": 0.8890801668167114, "length": 5.0, "mode": "test", "epoch": 26}
{"loss": 0.18940585851669312, "acc": 0.9303153157234192, "length": 4.9998369216918945, "mode": "train", "epoch": 27}
{"loss": 0.289826363325119, "acc": 0.892678439617157, "length": 5.0, "mode": "test", "epoch": 27}
{"loss": 0.18001537024974823, "acc": 0.9352249503135681, "length": 4.999904155731201, "mode": "train", "epoch": 28}
{"loss": 0.28243210911750793, "acc": 0.8994054198265076, "length": 5.0, "mode": "test", "epoch": 28}
{"loss": 0.17806364595890045, "acc": 0.9357478022575378, "length": 4.999924182891846, "mode": "train", "epoch": 29}
{"loss": 0.2843457758426666, "acc": 0.8987014889717102, "length": 5.0, "mode": "test", "epoch": 29}
{"loss": 0.17511746287345886, "acc": 0.9370788931846619, "length": 4.999935150146484, "mode": "train", "epoch": 30}
{"loss": 0.29554781317710876, "acc": 0.898388683795929, "length": 5.0, "mode": "test", "epoch": 30}
{"loss": 0.17208755016326904, "acc": 0.9371828436851501, "length": 4.999921798706055, "mode": "train", "epoch": 31}
{"loss": 0.2916896641254425, "acc": 0.8964331150054932, "length": 5.0, "mode": "test", "epoch": 31}
{"loss": 0.17222416400909424, "acc": 0.9377837777137756, "length": 4.999938011169434, "mode": "train", "epoch": 32}
{"loss": 0.28956401348114014, "acc": 0.8978409767150879, "length": 5.0, "mode": "test", "epoch": 32}
{"loss": 0.17037586867809296, "acc": 0.9382549524307251, "length": 4.999957084655762, "mode": "train", "epoch": 33}
{"loss": 0.28889477252960205, "acc": 0.9004223942756653, "length": 5.0, "mode": "test", "epoch": 33}
{"loss": 0.16906769573688507, "acc": 0.9384376406669617, "length": 4.9999613761901855, "mode": "train", "epoch": 34}
{"loss": 0.2893524765968323, "acc": 0.8990925550460815, "length": 5.0, "mode": "test", "epoch": 34}
{"loss": 0.1621476113796234, "acc": 0.9415683150291443, "length": 4.9999518394470215, "mode": "train", "epoch": 35}
{"loss": 0.28730735182762146, "acc": 0.9028472900390625, "length": 5.0, "mode": "test", "epoch": 35}
{"loss": 0.16205798089504242, "acc": 0.9426651000976562, "length": 4.999959945678711, "mode": "train", "epoch": 36}
{"loss": 0.2861713469028473, "acc": 0.9022997617721558, "length": 5.0, "mode": "test", "epoch": 36}
{"loss": 0.16029271483421326, "acc": 0.9434482455253601, "length": 4.999970436096191, "mode": "train", "epoch": 37}
{"loss": 0.29068973660469055, "acc": 0.9019086360931396, "length": 5.0, "mode": "test", "epoch": 37}
{"loss": 0.15868699550628662, "acc": 0.9420652985572815, "length": 4.999969005584717, "mode": "train", "epoch": 38}
{"loss": 0.2757609188556671, "acc": 0.9123122692108154, "length": 5.0, "mode": "test", "epoch": 38}
{"loss": 0.15844573080539703, "acc": 0.9424573183059692, "length": 4.999981880187988, "mode": "train", "epoch": 39}
{"loss": 0.2799933850765228, "acc": 0.9072276949882507, "length": 5.0, "mode": "test", "epoch": 39}
{"loss": 0.15504229068756104, "acc": 0.9440217614173889, "length": 4.999960422515869, "mode": "train", "epoch": 40}
{"loss": 0.2817482650279999, "acc": 0.9076189994812012, "length": 5.0, "mode": "test", "epoch": 40}
{"loss": 0.15565873682498932, "acc": 0.9437616467475891, "length": 4.999970436096191, "mode": "train", "epoch": 41}
{"loss": 0.2816700041294098, "acc": 0.9110607504844666, "length": 5.0, "mode": "test", "epoch": 41}
{"loss": 0.15322622656822205, "acc": 0.9448582530021667, "length": 4.9999847412109375, "mode": "train", "epoch": 42}
{"loss": 0.29053232073783875, "acc": 0.9042552709579468, "length": 5.0, "mode": "test", "epoch": 42}
{"loss": 0.1507834643125534, "acc": 0.9460586905479431, "length": 4.999985694885254, "mode": "train", "epoch": 43}
{"loss": 0.2750961482524872, "acc": 0.9114518761634827, "length": 5.0, "mode": "test", "epoch": 43}
{"loss": 0.1505281627178192, "acc": 0.9450933337211609, "length": 4.9999871253967285, "mode": "train", "epoch": 44}
{"loss": 0.2781088352203369, "acc": 0.9112953543663025, "length": 5.0, "mode": "test", "epoch": 44}
{"loss": 0.1490067094564438, "acc": 0.9483030438423157, "length": 4.999987602233887, "mode": "train", "epoch": 45}
{"loss": 0.28101879358291626, "acc": 0.9093397855758667, "length": 5.0, "mode": "test", "epoch": 45}
{"loss": 0.15131442248821259, "acc": 0.9462409615516663, "length": 4.999979019165039, "mode": "train", "epoch": 46}
{"loss": 0.2811531722545624, "acc": 0.9141896367073059, "length": 5.0, "mode": "test", "epoch": 46}
{"loss": 0.15051642060279846, "acc": 0.9459264874458313, "length": 4.999935626983643, "mode": "train", "epoch": 47}
{"loss": 0.27948543429374695, "acc": 0.9117648005485535, "length": 5.0, "mode": "test", "epoch": 47}
{"loss": 0.14821192622184753, "acc": 0.9470248222351074, "length": 4.999995231628418, "mode": "train", "epoch": 48}
{"loss": 0.2791573703289032, "acc": 0.9107478857040405, "length": 5.0, "mode": "test", "epoch": 48}
{"loss": 0.1440066695213318, "acc": 0.9497648477554321, "length": 4.999993324279785, "mode": "train", "epoch": 49}
{"loss": 0.2682802379131317, "acc": 0.9172403216362, "length": 5.0, "mode": "test", "epoch": 49}
{"loss": 0.14670638740062714, "acc": 0.9477555155754089, "length": 4.999995708465576, "mode": "train", "epoch": 50}
{"loss": 0.27352407574653625, "acc": 0.9146590232849121, "length": 5.0, "mode": "test", "epoch": 50}
{"loss": 0.14665545523166656, "acc": 0.9486948847770691, "length": 4.99999475479126, "mode": "train", "epoch": 51}
{"loss": 0.28809618949890137, "acc": 0.9092615842819214, "length": 5.0, "mode": "test", "epoch": 51}
{"loss": 0.14445821940898895, "acc": 0.9483029246330261, "length": 4.999988079071045, "mode": "train", "epoch": 52}
{"loss": 0.27000173926353455, "acc": 0.917553186416626, "length": 5.0, "mode": "test", "epoch": 52}
{"loss": 0.1381603330373764, "acc": 0.9505215883255005, "length": 4.999993801116943, "mode": "train", "epoch": 53}
{"loss": 0.26570945978164673, "acc": 0.9200562238693237, "length": 5.0, "mode": "test", "epoch": 53}
{"loss": 0.1374896913766861, "acc": 0.9522441625595093, "length": 4.999996185302734, "mode": "train", "epoch": 54}
{"loss": 0.27893882989883423, "acc": 0.9140331149101257, "length": 5.0, "mode": "test", "epoch": 54}
{"loss": 0.14241212606430054, "acc": 0.9486427903175354, "length": 4.999995231628418, "mode": "train", "epoch": 55}
{"loss": 0.2687358856201172, "acc": 0.9153630137443542, "length": 5.0, "mode": "test", "epoch": 55}
{"loss": 0.13808777928352356, "acc": 0.9519039988517761, "length": 4.99997615814209, "mode": "train", "epoch": 56}
{"loss": 0.2676396369934082, "acc": 0.9180225133895874, "length": 5.0, "mode": "test", "epoch": 56}
{"loss": 0.14053310453891754, "acc": 0.9496345520019531, "length": 4.999998569488525, "mode": "train", "epoch": 57}
{"loss": 0.2828540503978729, "acc": 0.9147371053695679, "length": 5.0, "mode": "test", "epoch": 57}
{"loss": 0.13973909616470337, "acc": 0.9513307809829712, "length": 4.999998569488525, "mode": "train", "epoch": 58}
{"loss": 0.26320210099220276, "acc": 0.9194305539131165, "length": 5.0, "mode": "test", "epoch": 58}
{"loss": 0.13802963495254517, "acc": 0.9498693943023682, "length": 5.0, "mode": "train", "epoch": 59}
{"loss": 0.27484986186027527, "acc": 0.9172403812408447, "length": 5.0, "mode": "test", "epoch": 59}
{"loss": 0.14005057513713837, "acc": 0.9503653645515442, "length": 4.999998569488525, "mode": "train", "epoch": 60}
{"loss": 0.27722322940826416, "acc": 0.9170056581497192, "length": 5.0, "mode": "test", "epoch": 60}
{"loss": 0.13228243589401245, "acc": 0.9536534547805786, "length": 4.999998569488525, "mode": "train", "epoch": 61}
{"loss": 0.2772861123085022, "acc": 0.9172402024269104, "length": 5.0, "mode": "test", "epoch": 61}
{"loss": 0.14976681768894196, "acc": 0.947364091873169, "length": 4.999997615814209, "mode": "train", "epoch": 62}
{"loss": 0.3340032994747162, "acc": 0.8958854079246521, "length": 5.0, "mode": "test", "epoch": 62}
{"loss": 0.14493809640407562, "acc": 0.9478078484535217, "length": 4.999999046325684, "mode": "train", "epoch": 63}
{"loss": 0.28236889839172363, "acc": 0.9113736152648926, "length": 5.0, "mode": "test", "epoch": 63}
{"loss": 0.1405162811279297, "acc": 0.950313150882721, "length": 4.999999046325684, "mode": "train", "epoch": 64}
{"loss": 0.267152339220047, "acc": 0.9197434186935425, "length": 5.0, "mode": "test", "epoch": 64}
{"loss": 0.1403796672821045, "acc": 0.9508090019226074, "length": 4.999998569488525, "mode": "train", "epoch": 65}
{"loss": 0.28263014554977417, "acc": 0.9112171530723572, "length": 5.0, "mode": "test", "epoch": 65}
{"loss": 0.14875926077365875, "acc": 0.947077214717865, "length": 5.0, "mode": "train", "epoch": 66}
{"loss": 0.2737604081630707, "acc": 0.91544109582901, "length": 5.0, "mode": "test", "epoch": 66}
{"loss": 0.13483236730098724, "acc": 0.9532098174095154, "length": 4.999999523162842, "mode": "train", "epoch": 67}
{"loss": 0.27319619059562683, "acc": 0.9116864204406738, "length": 5.0, "mode": "test", "epoch": 67}
{"loss": 0.13673987984657288, "acc": 0.951330304145813, "length": 4.9999895095825195, "mode": "train", "epoch": 68}
{"loss": 0.2609435021877289, "acc": 0.9195088148117065, "length": 5.0, "mode": "test", "epoch": 68}
{"loss": 0.1279659867286682, "acc": 0.9539666175842285, "length": 4.999999046325684, "mode": "train", "epoch": 69}
{"loss": 0.2643873393535614, "acc": 0.9202908873558044, "length": 5.0, "mode": "test", "epoch": 69}
{"loss": 0.1253715604543686, "acc": 0.9558715224266052, "length": 4.999999046325684, "mode": "train", "epoch": 70}
{"loss": 0.26702889800071716, "acc": 0.9208386540412903, "length": 5.0, "mode": "test", "epoch": 70}
{"loss": 0.13197238743305206, "acc": 0.9544873237609863, "length": 4.99997615814209, "mode": "train", "epoch": 71}
{"loss": 0.28677695989608765, "acc": 0.9123122096061707, "length": 5.0, "mode": "test", "epoch": 71}
{"loss": 0.13272276520729065, "acc": 0.9523747563362122, "length": 4.999999523162842, "mode": "train", "epoch": 72}
{"loss": 0.2664663791656494, "acc": 0.9215424656867981, "length": 5.0, "mode": "test", "epoch": 72}
{"loss": 0.13450928032398224, "acc": 0.9518784284591675, "length": 4.999989032745361, "mode": "train", "epoch": 73}
{"loss": 0.28459832072257996, "acc": 0.912703275680542, "length": 5.0, "mode": "test", "epoch": 73}
{"loss": 0.1383509486913681, "acc": 0.9514352083206177, "length": 4.999996662139893, "mode": "train", "epoch": 74}
{"loss": 0.278816819190979, "acc": 0.916536271572113, "length": 5.0, "mode": "test", "epoch": 74}
{"loss": 0.14153073728084564, "acc": 0.9498170018196106, "length": 4.999993324279785, "mode": "train", "epoch": 75}
{"loss": 0.2708694636821747, "acc": 0.9158322811126709, "length": 5.0, "mode": "test", "epoch": 75}
{"loss": 0.1316079944372177, "acc": 0.953079104423523, "length": 4.999996185302734, "mode": "train", "epoch": 76}
{"loss": 0.2695569097995758, "acc": 0.9213078618049622, "length": 5.0, "mode": "test", "epoch": 76}
{"loss": 0.1333531141281128, "acc": 0.9529749751091003, "length": 4.999999046325684, "mode": "train", "epoch": 77}
{"loss": 0.272212952375412, "acc": 0.9152846336364746, "length": 5.0, "mode": "test", "epoch": 77}
{"loss": 0.13006247580051422, "acc": 0.9547494649887085, "length": 4.999997138977051, "mode": "train", "epoch": 78}
{"loss": 0.2711072564125061, "acc": 0.918022632598877, "length": 5.0, "mode": "test", "epoch": 78}
{"loss": 0.13066667318344116, "acc": 0.954723060131073, "length": 4.999995708465576, "mode": "train", "epoch": 79}
{"loss": 0.2635950744152069, "acc": 0.9216207265853882, "length": 5.0, "mode": "test", "epoch": 79}
{"loss": 0.12407331168651581, "acc": 0.957172155380249, "length": 4.999917030334473, "mode": "train", "epoch": 80}
{"loss": 0.2623138427734375, "acc": 0.9218553900718689, "length": 5.0, "mode": "test", "epoch": 80}
{"loss": 0.13603343069553375, "acc": 0.9516438245773315, "length": 4.999995708465576, "mode": "train", "epoch": 81}
{"loss": 0.2722216844558716, "acc": 0.9159886837005615, "length": 5.0, "mode": "test", "epoch": 81}
{"loss": 0.1289677619934082, "acc": 0.9545667171478271, "length": 4.999998092651367, "mode": "train", "epoch": 82}
{"loss": 0.26276060938835144, "acc": 0.9217771291732788, "length": 5.0, "mode": "test", "epoch": 82}
{"loss": 0.15914659202098846, "acc": 0.9438673257827759, "length": 4.999999046325684, "mode": "train", "epoch": 83}
{"loss": 0.2840740382671356, "acc": 0.9134857058525085, "length": 5.0, "mode": "test", "epoch": 83}
{"loss": 0.15672549605369568, "acc": 0.9455373883247375, "length": 4.999998569488525, "mode": "train", "epoch": 84}
{"loss": 0.33749091625213623, "acc": 0.8911139965057373, "length": 5.0, "mode": "test", "epoch": 84}
{"loss": 0.18675518035888672, "acc": 0.9309884309768677, "length": 4.999821186065674, "mode": "train", "epoch": 85}
{"loss": 0.30259785056114197, "acc": 0.9095744490623474, "length": 5.0, "mode": "test", "epoch": 85}
{"loss": 0.1697690784931183, "acc": 0.9380984902381897, "length": 4.999978065490723, "mode": "train", "epoch": 86}
{"loss": 0.2733475863933563, "acc": 0.9191177487373352, "length": 5.0, "mode": "test", "epoch": 86}
{"loss": 0.15056324005126953, "acc": 0.9460852146148682, "length": 4.999992847442627, "mode": "train", "epoch": 87}
{"loss": 0.2684202790260315, "acc": 0.9196652173995972, "length": 5.0, "mode": "test", "epoch": 87}
{"loss": 0.14255782961845398, "acc": 0.9496603608131409, "length": 4.999993801116943, "mode": "train", "epoch": 88}
{"loss": 0.2719805836677551, "acc": 0.9192740321159363, "length": 5.0, "mode": "test", "epoch": 88}
{"loss": 0.13619987666606903, "acc": 0.9519050121307373, "length": 4.999999523162842, "mode": "train", "epoch": 89}
{"loss": 0.2641843259334564, "acc": 0.9177878499031067, "length": 5.0, "mode": "test", "epoch": 89}
{"loss": 0.1288195699453354, "acc": 0.9539403915405273, "length": 4.999999046325684, "mode": "train", "epoch": 90}
{"loss": 0.2689054310321808, "acc": 0.9188830256462097, "length": 5.0, "mode": "test", "epoch": 90}
{"loss": 0.12881293892860413, "acc": 0.9541231989860535, "length": 5.0, "mode": "train", "epoch": 91}
{"loss": 0.25368818640708923, "acc": 0.92388916015625, "length": 5.0, "mode": "test", "epoch": 91}
{"loss": 0.12393654137849808, "acc": 0.9558715224266052, "length": 5.0, "mode": "train", "epoch": 92}
{"loss": 0.25888192653656006, "acc": 0.9256101846694946, "length": 5.0, "mode": "test", "epoch": 92}
{"loss": 0.12616077065467834, "acc": 0.9550625085830688, "length": 4.999998569488525, "mode": "train", "epoch": 93}
{"loss": 0.2521984279155731, "acc": 0.9263923764228821, "length": 5.0, "mode": "test", "epoch": 93}
{"loss": 0.1242893859744072, "acc": 0.9566022753715515, "length": 5.0, "mode": "train", "epoch": 94}
{"loss": 0.26719585061073303, "acc": 0.9234199523925781, "length": 5.0, "mode": "test", "epoch": 94}
{"loss": 0.13699260354042053, "acc": 0.9509649276733398, "length": 4.999989032745361, "mode": "train", "epoch": 95}
{"loss": 0.251960813999176, "acc": 0.9252971410751343, "length": 5.0, "mode": "test", "epoch": 95}
{"loss": 0.14723195135593414, "acc": 0.9465292096138, "length": 4.999999046325684, "mode": "train", "epoch": 96}
{"loss": 0.2829126715660095, "acc": 0.9146589636802673, "length": 5.0, "mode": "test", "epoch": 96}
{"loss": 0.14420732855796814, "acc": 0.947912335395813, "length": 5.0, "mode": "train", "epoch": 97}
{"loss": 0.26002609729766846, "acc": 0.9221684336662292, "length": 5.0, "mode": "test", "epoch": 97}
{"loss": 0.13733823597431183, "acc": 0.9510958194732666, "length": 4.999997615814209, "mode": "train", "epoch": 98}
{"loss": 0.276934415102005, "acc": 0.9180224537849426, "length": 5.0, "mode": "test", "epoch": 98}
{"loss": 0.13202688097953796, "acc": 0.9531571269035339, "length": 4.999994277954102, "mode": "train", "epoch": 99}
{"loss": 0.2727374732494354, "acc": 0.9181789755821228, "length": 5.0, "mode": "test", "epoch": 99}
{"loss": 0.13075992465019226, "acc": 0.9545048475265503, "length": 4.999216079711914, "mode": "train", "epoch": 100}
{"loss": 0.2576007544994354, "acc": 0.923576295375824, "length": 5.0, "mode": "test", "epoch": 100}
test accuracy: 0.8921371102333069
