# ["--attributes=3", "--values=3", "--game_size=4", "--vocab_size_factor=3", "--n_epochs=100", "--batch_size=32", "--learning_rate=0.001", "--hidden_size=128", "--temp_update=0.97", "--temperature=2"]
Creating train_ds and val_ds...

Creating test_ds...
{"loss": 0.6965175867080688, "acc": 0.5053623914718628, "length": 3.5046393871307373, "mode": "train", "epoch": 1}
{"loss": 0.697799026966095, "acc": 0.4921875, "length": 1.0, "mode": "test", "epoch": 1}
{"loss": 0.6915206909179688, "acc": 0.5457053780555725, "length": 3.2953274250030518, "mode": "train", "epoch": 2}
{"loss": 0.6925475597381592, "acc": 0.5145089030265808, "length": 1.0, "mode": "test", "epoch": 2}
{"loss": 0.6842083930969238, "acc": 0.5604183077812195, "length": 3.15944766998291, "mode": "train", "epoch": 3}
{"loss": 0.6852795481681824, "acc": 0.57373046875, "length": 1.6160714626312256, "mode": "test", "epoch": 3}
{"loss": 0.6695043444633484, "acc": 0.5855429768562317, "length": 3.2244064807891846, "mode": "train", "epoch": 4}
{"loss": 0.6420612335205078, "acc": 0.6242327094078064, "length": 3.919642925262451, "mode": "test", "epoch": 4}
{"loss": 0.622654914855957, "acc": 0.6641752123832703, "length": 3.7058377265930176, "mode": "train", "epoch": 5}
{"loss": 0.5757206082344055, "acc": 0.7087053656578064, "length": 4.0, "mode": "test", "epoch": 5}
{"loss": 0.5463635921478271, "acc": 0.7190593481063843, "length": 3.8551669120788574, "mode": "train", "epoch": 6}
{"loss": 0.5515272617340088, "acc": 0.7477678656578064, "length": 4.0, "mode": "test", "epoch": 6}
{"loss": 0.507965087890625, "acc": 0.775191605091095, "length": 3.9021973609924316, "mode": "train", "epoch": 7}
{"loss": 0.5185301899909973, "acc": 0.7154017686843872, "length": 4.0, "mode": "test", "epoch": 7}
{"loss": 0.4619203507900238, "acc": 0.7917704582214355, "length": 3.915478467941284, "mode": "train", "epoch": 8}
{"loss": 0.5274739265441895, "acc": 0.7734375, "length": 4.0, "mode": "test", "epoch": 8}
{"loss": 0.44341421127319336, "acc": 0.7959949374198914, "length": 3.9320807456970215, "mode": "train", "epoch": 9}
{"loss": 0.554901123046875, "acc": 0.7421875, "length": 4.0, "mode": "test", "epoch": 9}
{"loss": 0.41461828351020813, "acc": 0.8133001923561096, "length": 3.948545217514038, "mode": "train", "epoch": 10}
{"loss": 0.5236355066299438, "acc": 0.7834821343421936, "length": 4.0, "mode": "test", "epoch": 10}
{"loss": 0.3991537094116211, "acc": 0.8326694369316101, "length": 3.969917058944702, "mode": "train", "epoch": 11}
{"loss": 0.5305438041687012, "acc": 0.7779017686843872, "length": 4.0, "mode": "test", "epoch": 11}
{"loss": 0.37858667969703674, "acc": 0.8399115800857544, "length": 3.9752182960510254, "mode": "train", "epoch": 12}
{"loss": 0.5305331945419312, "acc": 0.7979910969734192, "length": 4.0, "mode": "test", "epoch": 12}
{"loss": 0.3730304539203644, "acc": 0.8488501906394958, "length": 3.983219861984253, "mode": "train", "epoch": 13}
{"loss": 0.5024833679199219, "acc": 0.7935267686843872, "length": 4.0, "mode": "test", "epoch": 13}
{"loss": 0.3750346601009369, "acc": 0.8511363863945007, "length": 3.9852283000946045, "mode": "train", "epoch": 14}
{"loss": 0.5200912952423096, "acc": 0.7723214030265808, "length": 4.0, "mode": "test", "epoch": 14}
{"loss": 0.3560682237148285, "acc": 0.8459358811378479, "length": 3.9873576164245605, "mode": "train", "epoch": 15}
{"loss": 0.5233184695243835, "acc": 0.765625, "length": 4.0, "mode": "test", "epoch": 15}
{"loss": 0.3397490978240967, "acc": 0.8568663001060486, "length": 3.99314022064209, "mode": "train", "epoch": 16}
{"loss": 0.515626847743988, "acc": 0.7890625, "length": 4.0, "mode": "test", "epoch": 16}
{"loss": 0.3403971195220947, "acc": 0.8621517419815063, "length": 3.9940898418426514, "mode": "train", "epoch": 17}
{"loss": 0.49974969029426575, "acc": 0.8214285969734192, "length": 4.0, "mode": "test", "epoch": 17}
{"loss": 0.3217734694480896, "acc": 0.8691814541816711, "length": 3.984487533569336, "mode": "train", "epoch": 18}
{"loss": 0.4763428568840027, "acc": 0.8102678656578064, "length": 4.0, "mode": "test", "epoch": 18}
{"loss": 0.32188746333122253, "acc": 0.8696659207344055, "length": 3.995265007019043, "mode": "train", "epoch": 19}
{"loss": 0.5101807117462158, "acc": 0.8058035969734192, "length": 4.0, "mode": "test", "epoch": 19}
{"loss": 0.3139195442199707, "acc": 0.8727110028266907, "length": 3.9970479011535645, "mode": "train", "epoch": 20}
{"loss": 0.5038154125213623, "acc": 0.8102678656578064, "length": 4.0, "mode": "test", "epoch": 20}
{"loss": 0.3059391975402832, "acc": 0.8776017427444458, "length": 3.996791124343872, "mode": "train", "epoch": 21}
{"loss": 0.4987392723560333, "acc": 0.8247767686843872, "length": 4.0, "mode": "test", "epoch": 21}
{"loss": 0.3116082549095154, "acc": 0.8711737990379333, "length": 3.9960761070251465, "mode": "train", "epoch": 22}
{"loss": 0.5462307929992676, "acc": 0.8080357313156128, "length": 4.0, "mode": "test", "epoch": 22}
{"loss": 0.303786039352417, "acc": 0.8779792189598083, "length": 3.995033025741577, "mode": "train", "epoch": 23}
{"loss": 0.5045629739761353, "acc": 0.8303571343421936, "length": 4.0, "mode": "test", "epoch": 23}
{"loss": 0.296819806098938, "acc": 0.8791161179542542, "length": 3.997464895248413, "mode": "train", "epoch": 24}
{"loss": 0.48764169216156006, "acc": 0.8236607313156128, "length": 4.0, "mode": "test", "epoch": 24}
{"loss": 0.3059590458869934, "acc": 0.880628764629364, "length": 3.9973511695861816, "mode": "train", "epoch": 25}
{"loss": 0.5120814442634583, "acc": 0.8303571343421936, "length": 4.0, "mode": "test", "epoch": 25}
{"loss": 0.2941231429576874, "acc": 0.8866562247276306, "length": 3.9979465007781982, "mode": "train", "epoch": 26}
{"loss": 0.47617417573928833, "acc": 0.8292410969734192, "length": 4.0, "mode": "test", "epoch": 26}
{"loss": 0.2806524634361267, "acc": 0.8919124603271484, "length": 3.998014211654663, "mode": "train", "epoch": 27}
{"loss": 0.4444025158882141, "acc": 0.8482142686843872, "length": 4.0, "mode": "test", "epoch": 27}
{"loss": 0.28004220128059387, "acc": 0.8933954834938049, "length": 3.9965991973876953, "mode": "train", "epoch": 28}
{"loss": 0.463990718126297, "acc": 0.8549107313156128, "length": 4.0, "mode": "test", "epoch": 28}
{"loss": 0.2576392590999603, "acc": 0.9039691090583801, "length": 3.9990193843841553, "mode": "train", "epoch": 29}
{"loss": 0.4363151788711548, "acc": 0.8604910969734192, "length": 4.0, "mode": "test", "epoch": 29}
{"loss": 0.2644605040550232, "acc": 0.9027947783470154, "length": 3.9960885047912598, "mode": "train", "epoch": 30}
{"loss": 0.40757471323013306, "acc": 0.8638392686843872, "length": 4.0, "mode": "test", "epoch": 30}
{"loss": 0.2580259144306183, "acc": 0.8987078666687012, "length": 3.999150037765503, "mode": "train", "epoch": 31}
{"loss": 0.40400785207748413, "acc": 0.8716517686843872, "length": 4.0, "mode": "test", "epoch": 31}
{"loss": 0.25332003831863403, "acc": 0.8983205556869507, "length": 3.998880386352539, "mode": "train", "epoch": 32}
{"loss": 0.4304097294807434, "acc": 0.8627232313156128, "length": 4.0, "mode": "test", "epoch": 32}
{"loss": 0.24441775679588318, "acc": 0.9043405652046204, "length": 3.998143196105957, "mode": "train", "epoch": 33}
{"loss": 0.41413336992263794, "acc": 0.8727678656578064, "length": 4.0, "mode": "test", "epoch": 33}
{"loss": 0.2462560534477234, "acc": 0.9107506275177002, "length": 3.9992587566375732, "mode": "train", "epoch": 34}
{"loss": 0.4296680986881256, "acc": 0.8627232313156128, "length": 4.0, "mode": "test", "epoch": 34}
{"loss": 0.24555131793022156, "acc": 0.9115168452262878, "length": 3.999476432800293, "mode": "train", "epoch": 35}
{"loss": 0.3791065216064453, "acc": 0.8772321343421936, "length": 4.0, "mode": "test", "epoch": 35}
{"loss": 0.21974338591098785, "acc": 0.9220572113990784, "length": 3.999668836593628, "mode": "train", "epoch": 36}
{"loss": 0.38720983266830444, "acc": 0.8828125, "length": 4.0, "mode": "test", "epoch": 36}
{"loss": 0.21761301159858704, "acc": 0.9179214835166931, "length": 3.9991631507873535, "mode": "train", "epoch": 37}
{"loss": 0.4161643981933594, "acc": 0.8738839030265808, "length": 4.0, "mode": "test", "epoch": 37}
{"loss": 0.22426152229309082, "acc": 0.9175418615341187, "length": 3.999819040298462, "mode": "train", "epoch": 38}
{"loss": 0.4033949375152588, "acc": 0.8939732313156128, "length": 4.0, "mode": "test", "epoch": 38}
{"loss": 0.2248777598142624, "acc": 0.9126419425010681, "length": 3.9996113777160645, "mode": "train", "epoch": 39}
{"loss": 0.3884410858154297, "acc": 0.8772321343421936, "length": 4.0, "mode": "test", "epoch": 39}
{"loss": 0.21295493841171265, "acc": 0.9182294607162476, "length": 3.997497081756592, "mode": "train", "epoch": 40}
{"loss": 0.4238106310367584, "acc": 0.8627232313156128, "length": 4.0, "mode": "test", "epoch": 40}
{"loss": 0.21387097239494324, "acc": 0.9164150357246399, "length": 3.9999747276306152, "mode": "train", "epoch": 41}
{"loss": 0.3996821641921997, "acc": 0.8738839030265808, "length": 4.0, "mode": "test", "epoch": 41}
{"loss": 0.1988685131072998, "acc": 0.9163915514945984, "length": 3.9993135929107666, "mode": "train", "epoch": 42}
{"loss": 0.4205095171928406, "acc": 0.875, "length": 4.0, "mode": "test", "epoch": 42}
{"loss": 0.2035205364227295, "acc": 0.9235687255859375, "length": 3.999919891357422, "mode": "train", "epoch": 43}
{"loss": 0.41578209400177, "acc": 0.8794642686843872, "length": 4.0, "mode": "test", "epoch": 43}
{"loss": 0.19185984134674072, "acc": 0.9246940016746521, "length": 3.9998087882995605, "mode": "train", "epoch": 44}
{"loss": 0.3983803689479828, "acc": 0.8861607313156128, "length": 4.0, "mode": "test", "epoch": 44}
{"loss": 0.18953318893909454, "acc": 0.9393451809883118, "length": 3.997943878173828, "mode": "train", "epoch": 45}
{"loss": 0.3929213285446167, "acc": 0.8839285969734192, "length": 4.0, "mode": "test", "epoch": 45}
{"loss": 0.18386778235435486, "acc": 0.9325960278511047, "length": 3.9996888637542725, "mode": "train", "epoch": 46}
{"loss": 0.428752064704895, "acc": 0.8850446343421936, "length": 4.0, "mode": "test", "epoch": 46}
{"loss": 0.1883910894393921, "acc": 0.931819498538971, "length": 3.998453140258789, "mode": "train", "epoch": 47}
{"loss": 0.4375252425670624, "acc": 0.8828125, "length": 4.0, "mode": "test", "epoch": 47}
{"loss": 0.1756543517112732, "acc": 0.9291127324104309, "length": 3.9942967891693115, "mode": "train", "epoch": 48}
{"loss": 0.4210541248321533, "acc": 0.890625, "length": 4.0, "mode": "test", "epoch": 48}
{"loss": 0.1841498166322708, "acc": 0.9303459525108337, "length": 3.999966621398926, "mode": "train", "epoch": 49}
{"loss": 0.43186092376708984, "acc": 0.8738839030265808, "length": 4.0, "mode": "test", "epoch": 49}
{"loss": 0.1798085719347, "acc": 0.9329400062561035, "length": 3.998603105545044, "mode": "train", "epoch": 50}
{"loss": 0.4335598349571228, "acc": 0.8783482313156128, "length": 4.0, "mode": "test", "epoch": 50}
{"loss": 0.16728688776493073, "acc": 0.9423918128013611, "length": 3.9999289512634277, "mode": "train", "epoch": 51}
{"loss": 0.46170487999916077, "acc": 0.8861607313156128, "length": 4.0, "mode": "test", "epoch": 51}
{"loss": 0.17233000695705414, "acc": 0.9348618984222412, "length": 3.9999186992645264, "mode": "train", "epoch": 52}
{"loss": 0.44235411286354065, "acc": 0.8705357313156128, "length": 4.0, "mode": "test", "epoch": 52}
{"loss": 0.1773923635482788, "acc": 0.9322267174720764, "length": 3.999929428100586, "mode": "train", "epoch": 53}
{"loss": 0.39489448070526123, "acc": 0.875, "length": 4.0, "mode": "test", "epoch": 53}
{"loss": 0.1626225858926773, "acc": 0.9397584795951843, "length": 3.9999849796295166, "mode": "train", "epoch": 54}
{"loss": 0.4376809000968933, "acc": 0.8761160969734192, "length": 4.0, "mode": "test", "epoch": 54}
{"loss": 0.1607033759355545, "acc": 0.9427282214164734, "length": 3.99884033203125, "mode": "train", "epoch": 55}
{"loss": 0.3838557302951813, "acc": 0.8861607313156128, "length": 4.0, "mode": "test", "epoch": 55}
{"loss": 0.15784092247486115, "acc": 0.943504810333252, "length": 3.9994912147521973, "mode": "train", "epoch": 56}
{"loss": 0.41741859912872314, "acc": 0.8794642686843872, "length": 4.0, "mode": "test", "epoch": 56}
{"loss": 0.14817166328430176, "acc": 0.9518056511878967, "length": 3.999948501586914, "mode": "train", "epoch": 57}
{"loss": 0.4251222014427185, "acc": 0.8828125, "length": 4.0, "mode": "test", "epoch": 57}
{"loss": 0.1520068496465683, "acc": 0.9457821249961853, "length": 3.9999728202819824, "mode": "train", "epoch": 58}
{"loss": 0.4319390654563904, "acc": 0.8694196343421936, "length": 4.0, "mode": "test", "epoch": 58}
{"loss": 0.15474849939346313, "acc": 0.9438980221748352, "length": 3.9999289512634277, "mode": "train", "epoch": 59}
{"loss": 0.41574424505233765, "acc": 0.8816964030265808, "length": 4.0, "mode": "test", "epoch": 59}
{"loss": 0.153481587767601, "acc": 0.9454033970832825, "length": 3.9998583793640137, "mode": "train", "epoch": 60}
{"loss": 0.43480759859085083, "acc": 0.8872767686843872, "length": 4.0, "mode": "test", "epoch": 60}
{"loss": 0.15786400437355042, "acc": 0.9491713047027588, "length": 3.999990463256836, "mode": "train", "epoch": 61}
{"loss": 0.40100058913230896, "acc": 0.8872767686843872, "length": 4.0, "mode": "test", "epoch": 61}
{"loss": 0.1557377427816391, "acc": 0.9461482167243958, "length": 3.999692678451538, "mode": "train", "epoch": 62}
{"loss": 0.4316820204257965, "acc": 0.8772321343421936, "length": 4.0, "mode": "test", "epoch": 62}
{"loss": 0.16012859344482422, "acc": 0.9401229619979858, "length": 3.999565362930298, "mode": "train", "epoch": 63}
{"loss": 0.4443538784980774, "acc": 0.8694196343421936, "length": 4.0, "mode": "test", "epoch": 63}
{"loss": 0.1577981412410736, "acc": 0.9420159459114075, "length": 3.999915361404419, "mode": "train", "epoch": 64}
{"loss": 0.4706588387489319, "acc": 0.8761160969734192, "length": 4.0, "mode": "test", "epoch": 64}
{"loss": 0.1570882648229599, "acc": 0.9378753304481506, "length": 3.999948501586914, "mode": "train", "epoch": 65}
{"loss": 0.3755575120449066, "acc": 0.8828125, "length": 4.0, "mode": "test", "epoch": 65}
{"loss": 0.15679098665714264, "acc": 0.9382622241973877, "length": 3.997271776199341, "mode": "train", "epoch": 66}
{"loss": 0.37804168462753296, "acc": 0.8939732313156128, "length": 4.0, "mode": "test", "epoch": 66}
{"loss": 0.14883556962013245, "acc": 0.9438961148262024, "length": 3.9997823238372803, "mode": "train", "epoch": 67}
{"loss": 0.4164506196975708, "acc": 0.8928571343421936, "length": 4.0, "mode": "test", "epoch": 67}
{"loss": 0.14262685179710388, "acc": 0.9499176144599915, "length": 3.999738931655884, "mode": "train", "epoch": 68}
{"loss": 0.41613104939460754, "acc": 0.8917410969734192, "length": 4.0, "mode": "test", "epoch": 68}
{"loss": 0.13945581018924713, "acc": 0.9457805752754211, "length": 3.9999442100524902, "mode": "train", "epoch": 69}
{"loss": 0.4053804576396942, "acc": 0.8816964030265808, "length": 4.0, "mode": "test", "epoch": 69}
{"loss": 0.12951624393463135, "acc": 0.9536129832267761, "length": 3.9945273399353027, "mode": "train", "epoch": 70}
{"loss": 0.46312403678894043, "acc": 0.8783482313156128, "length": 4.0, "mode": "test", "epoch": 70}
{"loss": 0.13024607300758362, "acc": 0.952890157699585, "length": 3.9984800815582275, "mode": "train", "epoch": 71}
{"loss": 0.3597264289855957, "acc": 0.8950892686843872, "length": 4.0, "mode": "test", "epoch": 71}
{"loss": 0.13407647609710693, "acc": 0.949573278427124, "length": 3.9975335597991943, "mode": "train", "epoch": 72}
{"loss": 0.36853283643722534, "acc": 0.8950892686843872, "length": 4.0, "mode": "test", "epoch": 72}
{"loss": 0.13339605927467346, "acc": 0.9559482336044312, "length": 3.999986410140991, "mode": "train", "epoch": 73}
{"loss": 0.41831710934638977, "acc": 0.875, "length": 4.0, "mode": "test", "epoch": 73}
{"loss": 0.12778161466121674, "acc": 0.9506774544715881, "length": 3.9999892711639404, "mode": "train", "epoch": 74}
{"loss": 0.40768033266067505, "acc": 0.8917410969734192, "length": 4.0, "mode": "test", "epoch": 74}
{"loss": 0.13649749755859375, "acc": 0.9533130526542664, "length": 3.9999899864196777, "mode": "train", "epoch": 75}
{"loss": 0.4432750940322876, "acc": 0.8872767686843872, "length": 4.0, "mode": "test", "epoch": 75}
{"loss": 0.12569545209407806, "acc": 0.9533125162124634, "length": 3.999980926513672, "mode": "train", "epoch": 76}
{"loss": 0.4406464099884033, "acc": 0.8872767686843872, "length": 4.0, "mode": "test", "epoch": 76}
{"loss": 0.1292184591293335, "acc": 0.9533126354217529, "length": 3.9999334812164307, "mode": "train", "epoch": 77}
{"loss": 0.44252052903175354, "acc": 0.8872767686843872, "length": 4.0, "mode": "test", "epoch": 77}
{"loss": 0.19344568252563477, "acc": 0.929212749004364, "length": 3.9998934268951416, "mode": "train", "epoch": 78}
{"loss": 0.46542179584503174, "acc": 0.8627232313156128, "length": 4.0, "mode": "test", "epoch": 78}
{"loss": 0.17252753674983978, "acc": 0.9382522702217102, "length": 3.999981641769409, "mode": "train", "epoch": 79}
{"loss": 0.42963552474975586, "acc": 0.875, "length": 4.0, "mode": "test", "epoch": 79}
{"loss": 0.15302620828151703, "acc": 0.9401324987411499, "length": 3.9999279975891113, "mode": "train", "epoch": 80}
{"loss": 0.43914464116096497, "acc": 0.8794642686843872, "length": 4.0, "mode": "test", "epoch": 80}
{"loss": 0.14067919552326202, "acc": 0.9491714835166931, "length": 3.9999959468841553, "mode": "train", "epoch": 81}
{"loss": 0.4154515564441681, "acc": 0.8917410969734192, "length": 4.0, "mode": "test", "epoch": 81}
{"loss": 0.133307546377182, "acc": 0.9555697441101074, "length": 3.999861001968384, "mode": "train", "epoch": 82}
{"loss": 0.3523522615432739, "acc": 0.8861607313156128, "length": 4.0, "mode": "test", "epoch": 82}
{"loss": 0.1413724571466446, "acc": 0.9469102621078491, "length": 3.9999160766601562, "mode": "train", "epoch": 83}
{"loss": 0.3721231520175934, "acc": 0.8839285969734192, "length": 4.0, "mode": "test", "epoch": 83}
{"loss": 0.1332072615623474, "acc": 0.9555711150169373, "length": 3.9999775886535645, "mode": "train", "epoch": 84}
{"loss": 0.38686567544937134, "acc": 0.8839285969734192, "length": 4.0, "mode": "test", "epoch": 84}
{"loss": 0.12341036647558212, "acc": 0.9548189043998718, "length": 3.999988555908203, "mode": "train", "epoch": 85}
{"loss": 0.3614395558834076, "acc": 0.8895089030265808, "length": 4.0, "mode": "test", "epoch": 85}
{"loss": 0.10971540212631226, "acc": 0.9593244791030884, "length": 3.9995367527008057, "mode": "train", "epoch": 86}
{"loss": 0.4506205916404724, "acc": 0.8794642686843872, "length": 4.0, "mode": "test", "epoch": 86}
{"loss": 0.12427838891744614, "acc": 0.9529367685317993, "length": 3.999998092651367, "mode": "train", "epoch": 87}
{"loss": 0.48220664262771606, "acc": 0.8861607313156128, "length": 4.0, "mode": "test", "epoch": 87}
{"loss": 0.14370162785053253, "acc": 0.9499233365058899, "length": 3.9998245239257812, "mode": "train", "epoch": 88}
{"loss": 0.5004345178604126, "acc": 0.8705357313156128, "length": 4.0, "mode": "test", "epoch": 88}
{"loss": 0.24291467666625977, "acc": 0.924321711063385, "length": 3.999980926513672, "mode": "train", "epoch": 89}
{"loss": 0.4378420412540436, "acc": 0.8727678656578064, "length": 4.0, "mode": "test", "epoch": 89}
{"loss": 0.17864890396595, "acc": 0.9397581815719604, "length": 3.9999728202819824, "mode": "train", "epoch": 90}
{"loss": 0.4020061194896698, "acc": 0.8638392686843872, "length": 4.0, "mode": "test", "epoch": 90}
{"loss": 0.14805415272712708, "acc": 0.9362968802452087, "length": 3.998115301132202, "mode": "train", "epoch": 91}
{"loss": 0.4510616660118103, "acc": 0.8772321343421936, "length": 4.0, "mode": "test", "epoch": 91}
{"loss": 0.13797922432422638, "acc": 0.9482820630073547, "length": 3.994598388671875, "mode": "train", "epoch": 92}
{"loss": 0.42953652143478394, "acc": 0.8761160969734192, "length": 4.0, "mode": "test", "epoch": 92}
{"loss": 0.12982511520385742, "acc": 0.9525522589683533, "length": 3.9997923374176025, "mode": "train", "epoch": 93}
{"loss": 0.4296838045120239, "acc": 0.8805803656578064, "length": 4.0, "mode": "test", "epoch": 93}
{"loss": 0.13389483094215393, "acc": 0.9480414390563965, "length": 3.9999117851257324, "mode": "train", "epoch": 94}
{"loss": 0.3627270758152008, "acc": 0.8917410969734192, "length": 4.0, "mode": "test", "epoch": 94}
{"loss": 0.12792758643627167, "acc": 0.9540340304374695, "length": 3.998655080795288, "mode": "train", "epoch": 95}
{"loss": 0.41637498140335083, "acc": 0.890625, "length": 4.0, "mode": "test", "epoch": 95}
{"loss": 0.12004967778921127, "acc": 0.9574548006057739, "length": 3.9999985694885254, "mode": "train", "epoch": 96}
{"loss": 0.3605649471282959, "acc": 0.890625, "length": 4.0, "mode": "test", "epoch": 96}
{"loss": 0.11274027824401855, "acc": 0.9619589447975159, "length": 3.9995992183685303, "mode": "train", "epoch": 97}
{"loss": 0.39806240797042847, "acc": 0.8839285969734192, "length": 4.0, "mode": "test", "epoch": 97}
{"loss": 0.1155584454536438, "acc": 0.9559118151664734, "length": 3.9976601600646973, "mode": "train", "epoch": 98}
{"loss": 0.3898121118545532, "acc": 0.8850446343421936, "length": 4.0, "mode": "test", "epoch": 98}
{"loss": 0.10896555334329605, "acc": 0.9612179398536682, "length": 3.999896287918091, "mode": "train", "epoch": 99}
{"loss": 0.39980465173721313, "acc": 0.8794642686843872, "length": 4.0, "mode": "test", "epoch": 99}
{"loss": 0.10876991599798203, "acc": 0.9604656100273132, "length": 3.999922513961792, "mode": "train", "epoch": 100}
{"loss": 0.4066959321498871, "acc": 0.8973214030265808, "length": 4.0, "mode": "test", "epoch": 100}
test accuracy: 0.8446969985961914
