# ["--attributes=4", "--values=4", "--game_size=4", "--vocab_size_factor=3", "--n_epochs=100", "--batch_size=64", "--learning_rate=0.001", "--hidden_size=128", "--temp_update=0.97", "--temperature=1"]
Creating train_ds and val_ds...

Creating test_ds...
{"loss": 0.6652517914772034, "acc": 0.5742368698120117, "length": 3.3437774181365967, "mode": "train", "epoch": 1}
{"loss": 0.6109195947647095, "acc": 0.6617830395698547, "length": 4.13840389251709, "mode": "test", "epoch": 1}
{"loss": 0.5483642816543579, "acc": 0.7273125648498535, "length": 4.28047513961792, "mode": "train", "epoch": 2}
{"loss": 0.5403875112533569, "acc": 0.74169921875, "length": 4.4170823097229, "mode": "test", "epoch": 2}
{"loss": 0.47416892647743225, "acc": 0.777057945728302, "length": 4.864548683166504, "mode": "train", "epoch": 3}
{"loss": 0.4618988633155823, "acc": 0.7820293307304382, "length": 5.0, "mode": "test", "epoch": 3}
{"loss": 0.42092618346214294, "acc": 0.808816134929657, "length": 4.992010116577148, "mode": "train", "epoch": 4}
{"loss": 0.41603052616119385, "acc": 0.8042393922805786, "length": 5.0, "mode": "test", "epoch": 4}
{"loss": 0.38915860652923584, "acc": 0.8262080550193787, "length": 4.9963860511779785, "mode": "train", "epoch": 5}
{"loss": 0.3799467980861664, "acc": 0.8274626135826111, "length": 5.0, "mode": "test", "epoch": 5}
{"loss": 0.36960965394973755, "acc": 0.8374642133712769, "length": 4.997823238372803, "mode": "train", "epoch": 6}
{"loss": 0.3674837052822113, "acc": 0.8354893922805786, "length": 5.0, "mode": "test", "epoch": 6}
{"loss": 0.35925132036209106, "acc": 0.8442468047142029, "length": 4.999207019805908, "mode": "train", "epoch": 7}
{"loss": 0.3551609218120575, "acc": 0.8463996052742004, "length": 5.0, "mode": "test", "epoch": 7}
{"loss": 0.3390355706214905, "acc": 0.855877697467804, "length": 4.999630928039551, "mode": "train", "epoch": 8}
{"loss": 0.35288453102111816, "acc": 0.857309877872467, "length": 5.0, "mode": "test", "epoch": 8}
{"loss": 0.3350836932659149, "acc": 0.8610167503356934, "length": 4.9993510246276855, "mode": "train", "epoch": 9}
{"loss": 0.3297874927520752, "acc": 0.8631545901298523, "length": 5.0, "mode": "test", "epoch": 9}
{"loss": 0.31859615445137024, "acc": 0.8693258762359619, "length": 4.999835968017578, "mode": "train", "epoch": 10}
{"loss": 0.31789302825927734, "acc": 0.8762468695640564, "length": 5.0, "mode": "test", "epoch": 10}
{"loss": 0.3087642192840576, "acc": 0.8764788508415222, "length": 4.999373435974121, "mode": "train", "epoch": 11}
{"loss": 0.31435880064964294, "acc": 0.8770262002944946, "length": 5.0, "mode": "test", "epoch": 11}
{"loss": 0.3049437701702118, "acc": 0.8780396580696106, "length": 4.999945640563965, "mode": "train", "epoch": 12}
{"loss": 0.309626966714859, "acc": 0.8749220967292786, "length": 5.0, "mode": "test", "epoch": 12}
{"loss": 0.29889753460884094, "acc": 0.8810511231422424, "length": 4.999837875366211, "mode": "train", "epoch": 13}
{"loss": 0.3000275492668152, "acc": 0.8851309418678284, "length": 5.0, "mode": "test", "epoch": 13}
{"loss": 0.29340746998786926, "acc": 0.8827915787696838, "length": 4.999832630157471, "mode": "train", "epoch": 14}
{"loss": 0.32833656668663025, "acc": 0.8725062608718872, "length": 5.0, "mode": "test", "epoch": 14}
{"loss": 0.2956851124763489, "acc": 0.8830575346946716, "length": 4.999960422515869, "mode": "train", "epoch": 15}
{"loss": 0.3000551164150238, "acc": 0.878273069858551, "length": 5.0, "mode": "test", "epoch": 15}
{"loss": 0.28678250312805176, "acc": 0.88417649269104, "length": 4.999979019165039, "mode": "train", "epoch": 16}
{"loss": 0.30384138226509094, "acc": 0.8846633434295654, "length": 5.0, "mode": "test", "epoch": 16}
{"loss": 0.2806531488895416, "acc": 0.8863609433174133, "length": 4.999989032745361, "mode": "train", "epoch": 17}
{"loss": 0.30198654532432556, "acc": 0.8837282061576843, "length": 5.0, "mode": "test", "epoch": 17}
{"loss": 0.28220126032829285, "acc": 0.8858411908149719, "length": 4.999995708465576, "mode": "train", "epoch": 18}
{"loss": 0.2953614592552185, "acc": 0.8863778114318848, "length": 5.0, "mode": "test", "epoch": 18}
{"loss": 0.2769854664802551, "acc": 0.8871038556098938, "length": 4.9994659423828125, "mode": "train", "epoch": 19}
{"loss": 0.29331231117248535, "acc": 0.8850529789924622, "length": 5.0, "mode": "test", "epoch": 19}
{"loss": 0.2741144597530365, "acc": 0.8875907063484192, "length": 4.999475002288818, "mode": "train", "epoch": 20}
{"loss": 0.2991553843021393, "acc": 0.8870012760162354, "length": 5.0, "mode": "test", "epoch": 20}
{"loss": 0.27315038442611694, "acc": 0.8885191082954407, "length": 4.999998092651367, "mode": "train", "epoch": 21}
{"loss": 0.2983834445476532, "acc": 0.8868454098701477, "length": 5.0, "mode": "test", "epoch": 21}
{"loss": 0.2695211172103882, "acc": 0.8897872567176819, "length": 4.999912261962891, "mode": "train", "epoch": 22}
{"loss": 0.291557639837265, "acc": 0.8888715505599976, "length": 5.0, "mode": "test", "epoch": 22}
{"loss": 0.26973310112953186, "acc": 0.8907803893089294, "length": 4.999989986419678, "mode": "train", "epoch": 23}
{"loss": 0.28877267241477966, "acc": 0.8866895437240601, "length": 5.0, "mode": "test", "epoch": 23}
{"loss": 0.26848599314689636, "acc": 0.890390932559967, "length": 4.999998092651367, "mode": "train", "epoch": 24}
{"loss": 0.28295817971229553, "acc": 0.888559877872467, "length": 5.0, "mode": "test", "epoch": 24}
{"loss": 0.26749733090400696, "acc": 0.8882851600646973, "length": 5.0, "mode": "train", "epoch": 25}
{"loss": 0.29008737206459045, "acc": 0.8888715505599976, "length": 5.0, "mode": "test", "epoch": 25}
{"loss": 0.2696421146392822, "acc": 0.888883113861084, "length": 4.999998569488525, "mode": "train", "epoch": 26}
{"loss": 0.29416486620903015, "acc": 0.8827930092811584, "length": 5.0, "mode": "test", "epoch": 26}
{"loss": 0.26275452971458435, "acc": 0.8899490237236023, "length": 4.999999523162842, "mode": "train", "epoch": 27}
{"loss": 0.2880266606807709, "acc": 0.88084477186203, "length": 5.0, "mode": "test", "epoch": 27}
{"loss": 0.25531524419784546, "acc": 0.8919693231582642, "length": 4.999886989593506, "mode": "train", "epoch": 28}
{"loss": 0.28617289662361145, "acc": 0.8855984807014465, "length": 5.0, "mode": "test", "epoch": 28}
{"loss": 0.25854989886283875, "acc": 0.8900010585784912, "length": 5.0, "mode": "train", "epoch": 29}
{"loss": 0.27662453055381775, "acc": 0.8905081152915955, "length": 5.0, "mode": "test", "epoch": 29}
{"loss": 0.25945016741752625, "acc": 0.8901050090789795, "length": 5.0, "mode": "train", "epoch": 30}
{"loss": 0.28899991512298584, "acc": 0.8853647112846375, "length": 5.0, "mode": "test", "epoch": 30}
{"loss": 0.2582193911075592, "acc": 0.8899230360984802, "length": 4.999999523162842, "mode": "train", "epoch": 31}
{"loss": 0.2928268611431122, "acc": 0.8795199394226074, "length": 5.0, "mode": "test", "epoch": 31}
{"loss": 0.25624051690101624, "acc": 0.8904395699501038, "length": 4.999586582183838, "mode": "train", "epoch": 32}
{"loss": 0.29238736629486084, "acc": 0.8850529789924622, "length": 5.0, "mode": "test", "epoch": 32}
{"loss": 0.2505144476890564, "acc": 0.8914569616317749, "length": 5.0, "mode": "train", "epoch": 33}
{"loss": 0.2849157452583313, "acc": 0.8845074772834778, "length": 5.0, "mode": "test", "epoch": 33}
{"loss": 0.2585187256336212, "acc": 0.8892729878425598, "length": 4.999997615814209, "mode": "train", "epoch": 34}
{"loss": 0.2910688817501068, "acc": 0.8862219452857971, "length": 5.0, "mode": "test", "epoch": 34}
{"loss": 0.25628894567489624, "acc": 0.8898085951805115, "length": 4.999818801879883, "mode": "train", "epoch": 35}
{"loss": 0.28987935185432434, "acc": 0.8870012760162354, "length": 5.0, "mode": "test", "epoch": 35}
{"loss": 0.2605764865875244, "acc": 0.8882331252098083, "length": 5.0, "mode": "train", "epoch": 36}
{"loss": 0.29091551899909973, "acc": 0.8838061094284058, "length": 5.0, "mode": "test", "epoch": 36}
{"loss": 0.25058189034461975, "acc": 0.8917169570922852, "length": 5.0, "mode": "train", "epoch": 37}
{"loss": 0.28048473596572876, "acc": 0.8862998485565186, "length": 5.0, "mode": "test", "epoch": 37}
{"loss": 0.24697527289390564, "acc": 0.89158695936203, "length": 4.999995708465576, "mode": "train", "epoch": 38}
{"loss": 0.27840057015419006, "acc": 0.8908198475837708, "length": 5.0, "mode": "test", "epoch": 38}
{"loss": 0.2510841488838196, "acc": 0.8922368884086609, "length": 5.0, "mode": "train", "epoch": 39}
{"loss": 0.29130613803863525, "acc": 0.8902742862701416, "length": 5.0, "mode": "test", "epoch": 39}
{"loss": 0.2446611374616623, "acc": 0.8934588432312012, "length": 5.0, "mode": "train", "epoch": 40}
{"loss": 0.29206228256225586, "acc": 0.8847412467002869, "length": 5.0, "mode": "test", "epoch": 40}
{"loss": 0.24846462905406952, "acc": 0.8933548331260681, "length": 5.0, "mode": "train", "epoch": 41}
{"loss": 0.2778832018375397, "acc": 0.8909757137298584, "length": 5.0, "mode": "test", "epoch": 41}
{"loss": 0.2510308623313904, "acc": 0.8929370045661926, "length": 4.9999799728393555, "mode": "train", "epoch": 42}
{"loss": 0.2949434220790863, "acc": 0.8848971128463745, "length": 5.0, "mode": "test", "epoch": 42}
{"loss": 0.24797634780406952, "acc": 0.8936926126480103, "length": 4.999992847442627, "mode": "train", "epoch": 43}
{"loss": 0.2799626290798187, "acc": 0.8876246809959412, "length": 5.0, "mode": "test", "epoch": 43}
{"loss": 0.24127916991710663, "acc": 0.8942127823829651, "length": 5.0, "mode": "train", "epoch": 44}
{"loss": 0.2887471318244934, "acc": 0.8854426145553589, "length": 5.0, "mode": "test", "epoch": 44}
{"loss": 0.247235506772995, "acc": 0.8906769752502441, "length": 5.0, "mode": "train", "epoch": 45}
{"loss": 0.3605247437953949, "acc": 0.8721165657043457, "length": 5.0, "mode": "test", "epoch": 45}
{"loss": 0.2739292085170746, "acc": 0.8861508369445801, "length": 4.999957084655762, "mode": "train", "epoch": 46}
{"loss": 0.2966960668563843, "acc": 0.8770262002944946, "length": 5.0, "mode": "test", "epoch": 46}
{"loss": 0.25473737716674805, "acc": 0.890754759311676, "length": 4.999998092651367, "mode": "train", "epoch": 47}
{"loss": 0.2970082759857178, "acc": 0.8802992701530457, "length": 5.0, "mode": "test", "epoch": 47}
{"loss": 0.257106214761734, "acc": 0.8866207599639893, "length": 4.99998664855957, "mode": "train", "epoch": 48}
{"loss": 0.2851293981075287, "acc": 0.8842737078666687, "length": 5.0, "mode": "test", "epoch": 48}
{"loss": 0.25968992710113525, "acc": 0.8881549835205078, "length": 4.999993801116943, "mode": "train", "epoch": 49}
{"loss": 0.2943591773509979, "acc": 0.8752337694168091, "length": 5.0, "mode": "test", "epoch": 49}
{"loss": 0.26248034834861755, "acc": 0.8835013508796692, "length": 4.999998569488525, "mode": "train", "epoch": 50}
{"loss": 0.29135560989379883, "acc": 0.8836502432823181, "length": 5.0, "mode": "test", "epoch": 50}
{"loss": 0.2510521709918976, "acc": 0.888381838798523, "length": 4.999792575836182, "mode": "train", "epoch": 51}
{"loss": 0.28843504190444946, "acc": 0.8827930092811584, "length": 5.0, "mode": "test", "epoch": 51}
{"loss": 0.2482161521911621, "acc": 0.8905730247497559, "length": 4.999999046325684, "mode": "train", "epoch": 52}
{"loss": 0.2870383858680725, "acc": 0.8857543468475342, "length": 5.0, "mode": "test", "epoch": 52}
{"loss": 0.2405051440000534, "acc": 0.8945229053497314, "length": 4.999948024749756, "mode": "train", "epoch": 53}
{"loss": 0.28284868597984314, "acc": 0.8905860185623169, "length": 5.0, "mode": "test", "epoch": 53}
{"loss": 0.23742713034152985, "acc": 0.8948107361793518, "length": 4.999999046325684, "mode": "train", "epoch": 54}
{"loss": 0.274255633354187, "acc": 0.8898067474365234, "length": 5.0, "mode": "test", "epoch": 54}
{"loss": 0.2398153841495514, "acc": 0.8937968015670776, "length": 5.0, "mode": "train", "epoch": 55}
{"loss": 0.28780901432037354, "acc": 0.8820916414260864, "length": 5.0, "mode": "test", "epoch": 55}
{"loss": 0.23970255255699158, "acc": 0.8943947553634644, "length": 4.999999523162842, "mode": "train", "epoch": 56}
{"loss": 0.28020456433296204, "acc": 0.8908198475837708, "length": 5.0, "mode": "test", "epoch": 56}
{"loss": 0.24347646534442902, "acc": 0.8929388523101807, "length": 5.0, "mode": "train", "epoch": 57}
{"loss": 0.2801855206489563, "acc": 0.8878584504127502, "length": 5.0, "mode": "test", "epoch": 57}
{"loss": 0.24325470626354218, "acc": 0.8915860056877136, "length": 4.999973773956299, "mode": "train", "epoch": 58}
{"loss": 0.2768901288509369, "acc": 0.8873909115791321, "length": 5.0, "mode": "test", "epoch": 58}
{"loss": 0.232865110039711, "acc": 0.895901620388031, "length": 4.99995756149292, "mode": "train", "epoch": 59}
{"loss": 0.2755080759525299, "acc": 0.8863778114318848, "length": 5.0, "mode": "test", "epoch": 59}
{"loss": 0.23076122999191284, "acc": 0.8965764045715332, "length": 4.999973297119141, "mode": "train", "epoch": 60}
{"loss": 0.2767578661441803, "acc": 0.8872350454330444, "length": 5.0, "mode": "test", "epoch": 60}
{"loss": 0.23931443691253662, "acc": 0.8956946730613708, "length": 5.0, "mode": "train", "epoch": 61}
{"loss": 0.3133409321308136, "acc": 0.8861440420150757, "length": 5.0, "mode": "test", "epoch": 61}
{"loss": 0.23982419073581696, "acc": 0.8940567970275879, "length": 5.0, "mode": "train", "epoch": 62}
{"loss": 0.2929205596446991, "acc": 0.8862998485565186, "length": 5.0, "mode": "test", "epoch": 62}
{"loss": 0.23205606639385223, "acc": 0.8980604410171509, "length": 4.99999475479126, "mode": "train", "epoch": 63}
{"loss": 0.276832640171051, "acc": 0.8903522491455078, "length": 5.0, "mode": "test", "epoch": 63}
{"loss": 0.2309621274471283, "acc": 0.8978005647659302, "length": 5.0, "mode": "train", "epoch": 64}
{"loss": 0.2918147146701813, "acc": 0.8866895437240601, "length": 5.0, "mode": "test", "epoch": 64}
{"loss": 0.2515413761138916, "acc": 0.8894290924072266, "length": 5.0, "mode": "train", "epoch": 65}
{"loss": 0.2957179546356201, "acc": 0.8810785412788391, "length": 5.0, "mode": "test", "epoch": 65}
{"loss": 0.24058844149112701, "acc": 0.8901829123497009, "length": 4.999999046325684, "mode": "train", "epoch": 66}
{"loss": 0.28753146529197693, "acc": 0.8795979022979736, "length": 5.0, "mode": "test", "epoch": 66}
{"loss": 0.24677497148513794, "acc": 0.8917151093482971, "length": 4.999973773956299, "mode": "train", "epoch": 67}
{"loss": 0.3102203607559204, "acc": 0.8813902735710144, "length": 5.0, "mode": "test", "epoch": 67}
{"loss": 0.24002808332443237, "acc": 0.8948367238044739, "length": 5.0, "mode": "train", "epoch": 68}
{"loss": 0.28961414098739624, "acc": 0.8891832828521729, "length": 5.0, "mode": "test", "epoch": 68}
{"loss": 0.23460057377815247, "acc": 0.8972025513648987, "length": 5.0, "mode": "train", "epoch": 69}
{"loss": 0.281177818775177, "acc": 0.8898846507072449, "length": 5.0, "mode": "test", "epoch": 69}
{"loss": 0.23448924720287323, "acc": 0.8964745998382568, "length": 5.0, "mode": "train", "epoch": 70}
{"loss": 0.281544029712677, "acc": 0.8911315202713013, "length": 5.0, "mode": "test", "epoch": 70}
{"loss": 0.2341027706861496, "acc": 0.8980345129966736, "length": 4.999999523162842, "mode": "train", "epoch": 71}
{"loss": 0.27945560216903687, "acc": 0.8918328881263733, "length": 5.0, "mode": "test", "epoch": 71}
{"loss": 0.22905535995960236, "acc": 0.8987624645233154, "length": 5.0, "mode": "train", "epoch": 72}
{"loss": 0.27582064270973206, "acc": 0.8928459882736206, "length": 5.0, "mode": "test", "epoch": 72}
{"loss": 0.2311372011899948, "acc": 0.8983725309371948, "length": 4.999999046325684, "mode": "train", "epoch": 73}
{"loss": 0.28252097964286804, "acc": 0.8866115808486938, "length": 5.0, "mode": "test", "epoch": 73}
{"loss": 0.22677788138389587, "acc": 0.8989964723587036, "length": 5.0, "mode": "train", "epoch": 74}
{"loss": 0.28212490677833557, "acc": 0.8902742862701416, "length": 5.0, "mode": "test", "epoch": 74}
{"loss": 0.22505955398082733, "acc": 0.8989964723587036, "length": 5.0, "mode": "train", "epoch": 75}
{"loss": 0.2811180651187897, "acc": 0.8870791792869568, "length": 5.0, "mode": "test", "epoch": 75}
{"loss": 0.22531241178512573, "acc": 0.9004263877868652, "length": 4.999999523162842, "mode": "train", "epoch": 76}
{"loss": 0.284464955329895, "acc": 0.8887936472892761, "length": 5.0, "mode": "test", "epoch": 76}
{"loss": 0.22909806668758392, "acc": 0.8970205783843994, "length": 5.0, "mode": "train", "epoch": 77}
{"loss": 0.27858054637908936, "acc": 0.8901184797286987, "length": 5.0, "mode": "test", "epoch": 77}
{"loss": 0.22482043504714966, "acc": 0.9000104069709778, "length": 4.999999523162842, "mode": "train", "epoch": 78}
{"loss": 0.27721959352493286, "acc": 0.8898846507072449, "length": 5.0, "mode": "test", "epoch": 78}
{"loss": 0.22636020183563232, "acc": 0.8985791802406311, "length": 4.999979496002197, "mode": "train", "epoch": 79}
{"loss": 0.2866192162036896, "acc": 0.8848192095756531, "length": 5.0, "mode": "test", "epoch": 79}
{"loss": 0.23210462927818298, "acc": 0.8969945907592773, "length": 5.0, "mode": "train", "epoch": 80}
{"loss": 0.2945738732814789, "acc": 0.8886377811431885, "length": 5.0, "mode": "test", "epoch": 80}
{"loss": 0.23268699645996094, "acc": 0.8977724313735962, "length": 4.999938488006592, "mode": "train", "epoch": 81}
{"loss": 0.2880268096923828, "acc": 0.8877026438713074, "length": 5.0, "mode": "test", "epoch": 81}
{"loss": 0.22966663539409637, "acc": 0.897644579410553, "length": 5.0, "mode": "train", "epoch": 82}
{"loss": 0.3027292788028717, "acc": 0.8792082071304321, "length": 5.0, "mode": "test", "epoch": 82}
{"loss": 0.2338889092206955, "acc": 0.8975405693054199, "length": 5.0, "mode": "train", "epoch": 83}
{"loss": 0.2809872627258301, "acc": 0.8919108510017395, "length": 5.0, "mode": "test", "epoch": 83}
{"loss": 0.23596467077732086, "acc": 0.8967077732086182, "length": 4.9999775886535645, "mode": "train", "epoch": 84}
{"loss": 0.3039601147174835, "acc": 0.882715106010437, "length": 5.0, "mode": "test", "epoch": 84}
{"loss": 0.27621686458587646, "acc": 0.8818375468254089, "length": 4.999998569488525, "mode": "train", "epoch": 85}
{"loss": 0.3559924364089966, "acc": 0.8635442852973938, "length": 5.0, "mode": "test", "epoch": 85}
{"loss": 0.2776055634021759, "acc": 0.8826435208320618, "length": 4.999998569488525, "mode": "train", "epoch": 86}
{"loss": 0.28316518664360046, "acc": 0.8866115808486938, "length": 5.0, "mode": "test", "epoch": 86}
{"loss": 0.24251259863376617, "acc": 0.8958766460418701, "length": 5.0, "mode": "train", "epoch": 87}
{"loss": 0.2771177291870117, "acc": 0.8902742862701416, "length": 5.0, "mode": "test", "epoch": 87}
{"loss": 0.23675918579101562, "acc": 0.8978265523910522, "length": 5.0, "mode": "train", "epoch": 88}
{"loss": 0.28642821311950684, "acc": 0.8887936472892761, "length": 5.0, "mode": "test", "epoch": 88}
{"loss": 0.23341472446918488, "acc": 0.8996464014053345, "length": 5.0, "mode": "train", "epoch": 89}
{"loss": 0.277507483959198, "acc": 0.8931577205657959, "length": 5.0, "mode": "test", "epoch": 89}
{"loss": 0.22595328092575073, "acc": 0.9002443552017212, "length": 5.0, "mode": "train", "epoch": 90}
{"loss": 0.28287965059280396, "acc": 0.8937811851501465, "length": 5.0, "mode": "test", "epoch": 90}
{"loss": 0.22575950622558594, "acc": 0.9011803269386292, "length": 4.999999046325684, "mode": "train", "epoch": 91}
{"loss": 0.2787395417690277, "acc": 0.8889495134353638, "length": 5.0, "mode": "test", "epoch": 91}
{"loss": 0.2340330332517624, "acc": 0.8993081450462341, "length": 4.999988079071045, "mode": "train", "epoch": 92}
{"loss": 0.28397414088249207, "acc": 0.8904301524162292, "length": 5.0, "mode": "test", "epoch": 92}
{"loss": 0.22519606351852417, "acc": 0.9016976356506348, "length": 4.999950408935547, "mode": "train", "epoch": 93}
{"loss": 0.2816912829875946, "acc": 0.8915212154388428, "length": 5.0, "mode": "test", "epoch": 93}
{"loss": 0.22091421484947205, "acc": 0.9042221307754517, "length": 5.0, "mode": "train", "epoch": 94}
{"loss": 0.2782692015171051, "acc": 0.8908977508544922, "length": 5.0, "mode": "test", "epoch": 94}
{"loss": 0.2192584127187729, "acc": 0.9029741883277893, "length": 5.0, "mode": "train", "epoch": 95}
{"loss": 0.27875417470932007, "acc": 0.8927680850028992, "length": 5.0, "mode": "test", "epoch": 95}
{"loss": 0.22304677963256836, "acc": 0.9014636874198914, "length": 4.999935150146484, "mode": "train", "epoch": 96}
{"loss": 0.2768459618091583, "acc": 0.8918328881263733, "length": 5.0, "mode": "test", "epoch": 96}
{"loss": 0.22913341224193573, "acc": 0.8994384407997131, "length": 5.0, "mode": "train", "epoch": 97}
{"loss": 0.3063681423664093, "acc": 0.88084477186203, "length": 5.0, "mode": "test", "epoch": 97}
{"loss": 0.22784735262393951, "acc": 0.9033122062683105, "length": 4.999999523162842, "mode": "train", "epoch": 98}
{"loss": 0.27730411291122437, "acc": 0.8892612457275391, "length": 5.0, "mode": "test", "epoch": 98}
{"loss": 0.2204994410276413, "acc": 0.9027402400970459, "length": 5.0, "mode": "train", "epoch": 99}
{"loss": 0.2850487530231476, "acc": 0.8924563527107239, "length": 5.0, "mode": "test", "epoch": 99}
{"loss": 0.23576608300209045, "acc": 0.8970205783843994, "length": 5.0, "mode": "train", "epoch": 100}
{"loss": 0.29588085412979126, "acc": 0.8797537684440613, "length": 5.0, "mode": "test", "epoch": 100}
test accuracy: 0.8530384302139282
