# ["--attributes=4", "--values=4", "--game_size=4", "--vocab_size_factor=3", "--n_epochs=100", "--batch_size=64", "--learning_rate=0.001", "--hidden_size=128", "--temp_update=0.99", "--temperature=1.5"]
Creating train_ds and val_ds...

Creating test_ds...
{"loss": 0.6692083477973938, "acc": 0.5709503889083862, "length": 3.4463014602661133, "mode": "train", "epoch": 1}
{"loss": 0.5950132012367249, "acc": 0.6999020576477051, "length": 3.678637742996216, "mode": "test", "epoch": 1}
{"loss": 0.5466020107269287, "acc": 0.7247817516326904, "length": 4.317641735076904, "mode": "train", "epoch": 2}
{"loss": 0.5550568103790283, "acc": 0.737582266330719, "length": 4.982662677764893, "mode": "test", "epoch": 2}
{"loss": 0.4709256887435913, "acc": 0.7862115502357483, "length": 4.910639762878418, "mode": "train", "epoch": 3}
{"loss": 0.4946473240852356, "acc": 0.7634674906730652, "length": 5.0, "mode": "test", "epoch": 3}
{"loss": 0.43176761269569397, "acc": 0.8048945665359497, "length": 4.969390869140625, "mode": "train", "epoch": 4}
{"loss": 0.4402584433555603, "acc": 0.799148678779602, "length": 5.0, "mode": "test", "epoch": 4}
{"loss": 0.4061896502971649, "acc": 0.819436252117157, "length": 4.98640775680542, "mode": "train", "epoch": 5}
{"loss": 0.42010122537612915, "acc": 0.8150929808616638, "length": 5.0, "mode": "test", "epoch": 5}
{"loss": 0.38313740491867065, "acc": 0.8321298360824585, "length": 4.991454601287842, "mode": "train", "epoch": 6}
{"loss": 0.40322381258010864, "acc": 0.8255417943000793, "length": 5.0, "mode": "test", "epoch": 6}
{"loss": 0.36449554562568665, "acc": 0.8419440388679504, "length": 4.994278907775879, "mode": "train", "epoch": 7}
{"loss": 0.39797332882881165, "acc": 0.8325077295303345, "length": 5.0, "mode": "test", "epoch": 7}
{"loss": 0.34863826632499695, "acc": 0.850814700126648, "length": 4.995342254638672, "mode": "train", "epoch": 8}
{"loss": 0.3801511526107788, "acc": 0.8440402746200562, "length": 5.0, "mode": "test", "epoch": 8}
{"loss": 0.3357546925544739, "acc": 0.8587446212768555, "length": 4.995591640472412, "mode": "train", "epoch": 9}
{"loss": 0.36118966341018677, "acc": 0.8471361398696899, "length": 5.0, "mode": "test", "epoch": 9}
{"loss": 0.3212854266166687, "acc": 0.8643587827682495, "length": 4.9966535568237305, "mode": "train", "epoch": 10}
{"loss": 0.35456132888793945, "acc": 0.8476006388664246, "length": 5.0, "mode": "test", "epoch": 10}
{"loss": 0.3077954649925232, "acc": 0.8695809841156006, "length": 4.997244358062744, "mode": "train", "epoch": 11}
{"loss": 0.33776578307151794, "acc": 0.8530959486961365, "length": 5.0, "mode": "test", "epoch": 11}
{"loss": 0.29237210750579834, "acc": 0.8803034424781799, "length": 4.997840881347656, "mode": "train", "epoch": 12}
{"loss": 0.3308503329753876, "acc": 0.8590558171272278, "length": 5.0, "mode": "test", "epoch": 12}
{"loss": 0.2891820967197418, "acc": 0.8812178373336792, "length": 4.998265743255615, "mode": "train", "epoch": 13}
{"loss": 0.31534358859062195, "acc": 0.8667183518409729, "length": 5.0, "mode": "test", "epoch": 13}
{"loss": 0.275629460811615, "acc": 0.889948308467865, "length": 4.998610973358154, "mode": "train", "epoch": 14}
{"loss": 0.3158533275127411, "acc": 0.8714396953582764, "length": 5.0, "mode": "test", "epoch": 14}
{"loss": 0.2679252028465271, "acc": 0.892549991607666, "length": 4.998298168182373, "mode": "train", "epoch": 15}
{"loss": 0.3035787343978882, "acc": 0.8775542378425598, "length": 5.0, "mode": "test", "epoch": 15}
{"loss": 0.26082053780555725, "acc": 0.8962476253509521, "length": 4.998535633087158, "mode": "train", "epoch": 16}
{"loss": 0.3015808165073395, "acc": 0.8799535632133484, "length": 5.0, "mode": "test", "epoch": 16}
{"loss": 0.2572311758995056, "acc": 0.8971430063247681, "length": 4.998201847076416, "mode": "train", "epoch": 17}
{"loss": 0.27844730019569397, "acc": 0.8897057771682739, "length": 5.0, "mode": "test", "epoch": 17}
{"loss": 0.24353070557117462, "acc": 0.9024441838264465, "length": 4.9986090660095215, "mode": "train", "epoch": 18}
{"loss": 0.284170925617218, "acc": 0.8886223435401917, "length": 5.0, "mode": "test", "epoch": 18}
{"loss": 0.24069558084011078, "acc": 0.9049798250198364, "length": 4.998845100402832, "mode": "train", "epoch": 19}
{"loss": 0.27879390120506287, "acc": 0.8886223435401917, "length": 5.0, "mode": "test", "epoch": 19}
{"loss": 0.23060889542102814, "acc": 0.9099065065383911, "length": 4.9986982345581055, "mode": "train", "epoch": 20}
{"loss": 0.2757188677787781, "acc": 0.8894736170768738, "length": 5.0, "mode": "test", "epoch": 20}
{"loss": 0.22419856488704681, "acc": 0.9107180833816528, "length": 4.999211311340332, "mode": "train", "epoch": 21}
{"loss": 0.26643458008766174, "acc": 0.8953559398651123, "length": 5.0, "mode": "test", "epoch": 21}
{"loss": 0.22375516593456268, "acc": 0.9120351672172546, "length": 4.999269008636475, "mode": "train", "epoch": 22}
{"loss": 0.26582464575767517, "acc": 0.8972911238670349, "length": 5.0, "mode": "test", "epoch": 22}
{"loss": 0.21474863588809967, "acc": 0.9158340692520142, "length": 4.999405860900879, "mode": "train", "epoch": 23}
{"loss": 0.2624228000640869, "acc": 0.8952785730361938, "length": 5.0, "mode": "test", "epoch": 23}
{"loss": 0.21126830577850342, "acc": 0.916575014591217, "length": 4.999161243438721, "mode": "train", "epoch": 24}
{"loss": 0.2511073350906372, "acc": 0.8996130228042603, "length": 5.0, "mode": "test", "epoch": 24}
{"loss": 0.20415453612804413, "acc": 0.919655978679657, "length": 4.999468803405762, "mode": "train", "epoch": 25}
{"loss": 0.2576693594455719, "acc": 0.9017802476882935, "length": 5.0, "mode": "test", "epoch": 25}
{"loss": 0.204130157828331, "acc": 0.9195497632026672, "length": 4.999333381652832, "mode": "train", "epoch": 26}
{"loss": 0.25276103615760803, "acc": 0.9034829139709473, "length": 5.0, "mode": "test", "epoch": 26}
{"loss": 0.19389867782592773, "acc": 0.9245870113372803, "length": 4.999484062194824, "mode": "train", "epoch": 27}
{"loss": 0.2512911856174469, "acc": 0.9061919450759888, "length": 5.0, "mode": "test", "epoch": 27}
{"loss": 0.193611741065979, "acc": 0.9244003295898438, "length": 4.999185085296631, "mode": "train", "epoch": 28}
{"loss": 0.24542950093746185, "acc": 0.907352864742279, "length": 5.0, "mode": "test", "epoch": 28}
{"loss": 0.1818905919790268, "acc": 0.9304788708686829, "length": 4.999673843383789, "mode": "train", "epoch": 29}
{"loss": 0.24824415147304535, "acc": 0.9101393818855286, "length": 5.0, "mode": "test", "epoch": 29}
{"loss": 0.1816280037164688, "acc": 0.9300405979156494, "length": 4.9997029304504395, "mode": "train", "epoch": 30}
{"loss": 0.2466352880001068, "acc": 0.909520149230957, "length": 5.0, "mode": "test", "epoch": 30}
{"loss": 0.17935392260551453, "acc": 0.9298380613327026, "length": 4.999809741973877, "mode": "train", "epoch": 31}
{"loss": 0.2494935393333435, "acc": 0.9094427227973938, "length": 5.0, "mode": "test", "epoch": 31}
{"loss": 0.1753663271665573, "acc": 0.9327297806739807, "length": 4.999820709228516, "mode": "train", "epoch": 32}
{"loss": 0.24721889197826385, "acc": 0.9093652367591858, "length": 5.0, "mode": "test", "epoch": 32}
{"loss": 0.17354540526866913, "acc": 0.9333489537239075, "length": 4.999795436859131, "mode": "train", "epoch": 33}
{"loss": 0.24294538795948029, "acc": 0.9073530435562134, "length": 5.0, "mode": "test", "epoch": 33}
{"loss": 0.16655661165714264, "acc": 0.9368072748184204, "length": 4.999746799468994, "mode": "train", "epoch": 34}
{"loss": 0.23816920816898346, "acc": 0.9120742082595825, "length": 5.0, "mode": "test", "epoch": 34}
{"loss": 0.17077532410621643, "acc": 0.9346663355827332, "length": 4.999813556671143, "mode": "train", "epoch": 35}
{"loss": 0.2426592856645584, "acc": 0.9081268310546875, "length": 5.0, "mode": "test", "epoch": 35}
{"loss": 0.1660321205854416, "acc": 0.9353399276733398, "length": 4.999869346618652, "mode": "train", "epoch": 36}
{"loss": 0.23570743203163147, "acc": 0.9137769937515259, "length": 5.0, "mode": "test", "epoch": 36}
{"loss": 0.16101180016994476, "acc": 0.9387223720550537, "length": 4.9998884201049805, "mode": "train", "epoch": 37}
{"loss": 0.23601287603378296, "acc": 0.9152476191520691, "length": 5.0, "mode": "test", "epoch": 37}
{"loss": 0.16378870606422424, "acc": 0.9370142221450806, "length": 4.999785900115967, "mode": "train", "epoch": 38}
{"loss": 0.23785936832427979, "acc": 0.9106811285018921, "length": 5.0, "mode": "test", "epoch": 38}
{"loss": 0.15646786987781525, "acc": 0.941073477268219, "length": 4.9999284744262695, "mode": "train", "epoch": 39}
{"loss": 0.23762942850589752, "acc": 0.9157895445823669, "length": 5.0, "mode": "test", "epoch": 39}
{"loss": 0.15339428186416626, "acc": 0.9415621757507324, "length": 4.999887943267822, "mode": "train", "epoch": 40}
{"loss": 0.2409513145685196, "acc": 0.9116873145103455, "length": 5.0, "mode": "test", "epoch": 40}
{"loss": 0.15114422142505646, "acc": 0.9429578185081482, "length": 4.999913692474365, "mode": "train", "epoch": 41}
{"loss": 0.2306450754404068, "acc": 0.9131578207015991, "length": 5.0, "mode": "test", "epoch": 41}
{"loss": 0.14616131782531738, "acc": 0.9459754824638367, "length": 4.999825477600098, "mode": "train", "epoch": 42}
{"loss": 0.23957914113998413, "acc": 0.9164861440658569, "length": 5.0, "mode": "test", "epoch": 42}
{"loss": 0.14786198735237122, "acc": 0.9444513320922852, "length": 4.999815464019775, "mode": "train", "epoch": 43}
{"loss": 0.2510424256324768, "acc": 0.9079720377922058, "length": 5.0, "mode": "test", "epoch": 43}
{"loss": 0.15021829307079315, "acc": 0.9434237480163574, "length": 4.99994421005249, "mode": "train", "epoch": 44}
{"loss": 0.22777165472507477, "acc": 0.9171826839447021, "length": 5.0, "mode": "test", "epoch": 44}
{"loss": 0.1480109840631485, "acc": 0.9441473484039307, "length": 4.999967098236084, "mode": "train", "epoch": 45}
{"loss": 0.22595280408859253, "acc": 0.9166408777236938, "length": 5.0, "mode": "test", "epoch": 45}
{"loss": 0.14425069093704224, "acc": 0.9462646245956421, "length": 4.999958038330078, "mode": "train", "epoch": 46}
{"loss": 0.2200699895620346, "acc": 0.921517014503479, "length": 5.0, "mode": "test", "epoch": 46}
{"loss": 0.14805394411087036, "acc": 0.9454099535942078, "length": 4.999916076660156, "mode": "train", "epoch": 47}
{"loss": 0.21782778203487396, "acc": 0.9214396476745605, "length": 5.0, "mode": "test", "epoch": 47}
{"loss": 0.14150063693523407, "acc": 0.9473756551742554, "length": 4.999973297119141, "mode": "train", "epoch": 48}
{"loss": 0.22634723782539368, "acc": 0.9202012419700623, "length": 5.0, "mode": "test", "epoch": 48}
{"loss": 0.13920025527477264, "acc": 0.9480721354484558, "length": 4.999964714050293, "mode": "train", "epoch": 49}
{"loss": 0.2159036248922348, "acc": 0.9239163994789124, "length": 5.0, "mode": "test", "epoch": 49}
{"loss": 0.13883048295974731, "acc": 0.9478665590286255, "length": 4.999986171722412, "mode": "train", "epoch": 50}
{"loss": 0.24282227456569672, "acc": 0.9110680222511292, "length": 5.0, "mode": "test", "epoch": 50}
{"loss": 0.1383575201034546, "acc": 0.9480205774307251, "length": 4.999958515167236, "mode": "train", "epoch": 51}
{"loss": 0.21916872262954712, "acc": 0.9219813346862793, "length": 5.0, "mode": "test", "epoch": 51}
{"loss": 0.13397690653800964, "acc": 0.9504987001419067, "length": 4.999955654144287, "mode": "train", "epoch": 52}
{"loss": 0.2165282517671585, "acc": 0.9225232005119324, "length": 5.0, "mode": "test", "epoch": 52}
{"loss": 0.13324081897735596, "acc": 0.9506031274795532, "length": 4.999975204467773, "mode": "train", "epoch": 53}
{"loss": 0.2153480350971222, "acc": 0.9244582653045654, "length": 5.0, "mode": "test", "epoch": 53}
{"loss": 0.1275089979171753, "acc": 0.952359139919281, "length": 4.999982833862305, "mode": "train", "epoch": 54}
{"loss": 0.21976155042648315, "acc": 0.924148678779602, "length": 5.0, "mode": "test", "epoch": 54}
{"loss": 0.1284281313419342, "acc": 0.9529532194137573, "length": 4.9999847412109375, "mode": "train", "epoch": 55}
{"loss": 0.230361670255661, "acc": 0.9219815135002136, "length": 5.0, "mode": "test", "epoch": 55}
{"loss": 0.1298283487558365, "acc": 0.9529531002044678, "length": 4.999983787536621, "mode": "train", "epoch": 56}
{"loss": 0.22280386090278625, "acc": 0.9236841201782227, "length": 5.0, "mode": "test", "epoch": 56}
{"loss": 0.13073305785655975, "acc": 0.9516017436981201, "length": 4.999845027923584, "mode": "train", "epoch": 57}
{"loss": 0.23831690847873688, "acc": 0.9188080430030823, "length": 5.0, "mode": "test", "epoch": 57}
{"loss": 0.1391865462064743, "acc": 0.9490010738372803, "length": 4.999942779541016, "mode": "train", "epoch": 58}
{"loss": 0.2380627542734146, "acc": 0.9181888699531555, "length": 5.0, "mode": "test", "epoch": 58}
{"loss": 0.13685031235218048, "acc": 0.9495192170143127, "length": 4.999988079071045, "mode": "train", "epoch": 59}
{"loss": 0.22220899164676666, "acc": 0.9231423139572144, "length": 5.0, "mode": "test", "epoch": 59}
{"loss": 0.126475527882576, "acc": 0.9545800685882568, "length": 4.999990463256836, "mode": "train", "epoch": 60}
{"loss": 0.21837438642978668, "acc": 0.9233745336532593, "length": 5.0, "mode": "test", "epoch": 60}
{"loss": 0.12505990266799927, "acc": 0.9543731808662415, "length": 4.9999823570251465, "mode": "train", "epoch": 61}
{"loss": 0.23547163605690002, "acc": 0.922832727432251, "length": 5.0, "mode": "test", "epoch": 61}
{"loss": 0.12886282801628113, "acc": 0.9529016613960266, "length": 4.999990463256836, "mode": "train", "epoch": 62}
{"loss": 0.2261754423379898, "acc": 0.9222910404205322, "length": 5.0, "mode": "test", "epoch": 62}
{"loss": 0.1262427568435669, "acc": 0.953288197517395, "length": 4.999974250793457, "mode": "train", "epoch": 63}
{"loss": 0.22716878354549408, "acc": 0.9232197403907776, "length": 5.0, "mode": "test", "epoch": 63}
{"loss": 0.13833092153072357, "acc": 0.9497775435447693, "length": 4.999992370605469, "mode": "train", "epoch": 64}
{"loss": 0.23880645632743835, "acc": 0.919659435749054, "length": 5.0, "mode": "test", "epoch": 64}
{"loss": 0.13775542378425598, "acc": 0.9487437605857849, "length": 4.999974250793457, "mode": "train", "epoch": 65}
{"loss": 0.23069849610328674, "acc": 0.9226781129837036, "length": 5.0, "mode": "test", "epoch": 65}
{"loss": 0.13287755846977234, "acc": 0.9507579207420349, "length": 4.9999799728393555, "mode": "train", "epoch": 66}
{"loss": 0.2226945459842682, "acc": 0.9236842393875122, "length": 5.0, "mode": "test", "epoch": 66}
{"loss": 0.12559860944747925, "acc": 0.9545519351959229, "length": 4.999887466430664, "mode": "train", "epoch": 67}
{"loss": 0.22426722943782806, "acc": 0.9240711331367493, "length": 5.0, "mode": "test", "epoch": 67}
{"loss": 0.13522039353847504, "acc": 0.9501906633377075, "length": 4.9999918937683105, "mode": "train", "epoch": 68}
{"loss": 0.2272215485572815, "acc": 0.9240711331367493, "length": 5.0, "mode": "test", "epoch": 68}
{"loss": 0.127963125705719, "acc": 0.9532118439674377, "length": 4.99999475479126, "mode": "train", "epoch": 69}
{"loss": 0.21009200811386108, "acc": 0.9294890761375427, "length": 5.0, "mode": "test", "epoch": 69}
{"loss": 0.11619661748409271, "acc": 0.9572658538818359, "length": 4.999996662139893, "mode": "train", "epoch": 70}
{"loss": 0.22335320711135864, "acc": 0.928947389125824, "length": 5.0, "mode": "test", "epoch": 70}
{"loss": 0.11682488024234772, "acc": 0.9578855633735657, "length": 4.999996185302734, "mode": "train", "epoch": 71}
{"loss": 0.2251853495836258, "acc": 0.9234520196914673, "length": 5.0, "mode": "test", "epoch": 71}
{"loss": 0.12670882046222687, "acc": 0.9546060562133789, "length": 4.999993324279785, "mode": "train", "epoch": 72}
{"loss": 0.21077269315719604, "acc": 0.9281733632087708, "length": 5.0, "mode": "test", "epoch": 72}
{"loss": 0.13225668668746948, "acc": 0.9519208073616028, "length": 4.999994277954102, "mode": "train", "epoch": 73}
{"loss": 0.21627043187618256, "acc": 0.9283280968666077, "length": 5.0, "mode": "test", "epoch": 73}
{"loss": 0.1422949582338333, "acc": 0.9475829601287842, "length": 4.999997615814209, "mode": "train", "epoch": 74}
{"loss": 0.22785858809947968, "acc": 0.9210525751113892, "length": 5.0, "mode": "test", "epoch": 74}
{"loss": 0.13125409185886383, "acc": 0.9518949389457703, "length": 4.999993324279785, "mode": "train", "epoch": 75}
{"loss": 0.2332369089126587, "acc": 0.9211300015449524, "length": 5.0, "mode": "test", "epoch": 75}
{"loss": 0.13540494441986084, "acc": 0.9507060050964355, "length": 4.9999775886535645, "mode": "train", "epoch": 76}
{"loss": 0.22563716769218445, "acc": 0.9270123243331909, "length": 5.0, "mode": "test", "epoch": 76}
{"loss": 0.124542735517025, "acc": 0.955510139465332, "length": 4.999997138977051, "mode": "train", "epoch": 77}
{"loss": 0.21381635963916779, "acc": 0.9262384176254272, "length": 5.0, "mode": "test", "epoch": 77}
{"loss": 0.11566361784934998, "acc": 0.9584020972251892, "length": 4.999998569488525, "mode": "train", "epoch": 78}
{"loss": 0.220565065741539, "acc": 0.927476704120636, "length": 5.0, "mode": "test", "epoch": 78}
{"loss": 0.11956515163183212, "acc": 0.9576534032821655, "length": 4.999998569488525, "mode": "train", "epoch": 79}
{"loss": 0.22633972764015198, "acc": 0.9252321720123291, "length": 5.0, "mode": "test", "epoch": 79}
{"loss": 0.11906544864177704, "acc": 0.9564913511276245, "length": 4.999998569488525, "mode": "train", "epoch": 80}
{"loss": 0.22544817626476288, "acc": 0.9226779937744141, "length": 5.0, "mode": "test", "epoch": 80}
{"loss": 0.11986451596021652, "acc": 0.9559231400489807, "length": 4.999997615814209, "mode": "train", "epoch": 81}
{"loss": 0.22160972654819489, "acc": 0.927476704120636, "length": 5.0, "mode": "test", "epoch": 81}
{"loss": 0.11634465306997299, "acc": 0.9581180810928345, "length": 5.0, "mode": "train", "epoch": 82}
{"loss": 0.22315211594104767, "acc": 0.9284829497337341, "length": 5.0, "mode": "test", "epoch": 82}
{"loss": 0.12399029731750488, "acc": 0.9559748768806458, "length": 4.999996662139893, "mode": "train", "epoch": 83}
{"loss": 0.21871834993362427, "acc": 0.9270123243331909, "length": 5.0, "mode": "test", "epoch": 83}
{"loss": 0.12255514413118362, "acc": 0.9557940363883972, "length": 4.999997615814209, "mode": "train", "epoch": 84}
{"loss": 0.21156707406044006, "acc": 0.9302631616592407, "length": 5.0, "mode": "test", "epoch": 84}
{"loss": 0.11456514894962311, "acc": 0.9595119953155518, "length": 4.999987602233887, "mode": "train", "epoch": 85}
{"loss": 0.2075311839580536, "acc": 0.9294890761375427, "length": 5.0, "mode": "test", "epoch": 85}
{"loss": 0.11221729964017868, "acc": 0.9598472714424133, "length": 4.999983787536621, "mode": "train", "epoch": 86}
{"loss": 0.20782235264778137, "acc": 0.9330495595932007, "length": 5.0, "mode": "test", "epoch": 86}
{"loss": 0.11535908281803131, "acc": 0.9585568308830261, "length": 4.999996185302734, "mode": "train", "epoch": 87}
{"loss": 0.21517570316791534, "acc": 0.9272446036338806, "length": 5.0, "mode": "test", "epoch": 87}
{"loss": 0.15166883170604706, "acc": 0.9455689787864685, "length": 5.0, "mode": "train", "epoch": 88}
{"loss": 0.22882217168807983, "acc": 0.925386905670166, "length": 5.0, "mode": "test", "epoch": 88}
{"loss": 0.12912829220294952, "acc": 0.9530830383300781, "length": 4.999998569488525, "mode": "train", "epoch": 89}
{"loss": 0.2253601849079132, "acc": 0.9239163398742676, "length": 5.0, "mode": "test", "epoch": 89}
{"loss": 0.1522742360830307, "acc": 0.9432966113090515, "length": 4.999998569488525, "mode": "train", "epoch": 90}
{"loss": 0.2365628331899643, "acc": 0.919581949710846, "length": 5.0, "mode": "test", "epoch": 90}
{"loss": 0.13754838705062866, "acc": 0.9499069452285767, "length": 4.999996185302734, "mode": "train", "epoch": 91}
{"loss": 0.21690507233142853, "acc": 0.9306500554084778, "length": 5.0, "mode": "test", "epoch": 91}
{"loss": 0.12401468306779861, "acc": 0.9561040997505188, "length": 5.0, "mode": "train", "epoch": 92}
{"loss": 0.21771420538425446, "acc": 0.930804967880249, "length": 5.0, "mode": "test", "epoch": 92}
{"loss": 0.11650121957063675, "acc": 0.9584020972251892, "length": 4.999999523162842, "mode": "train", "epoch": 93}
{"loss": 0.20153231918811798, "acc": 0.9325076937675476, "length": 5.0, "mode": "test", "epoch": 93}
{"loss": 0.11254191398620605, "acc": 0.9596157670021057, "length": 5.0, "mode": "train", "epoch": 94}
{"loss": 0.21013547480106354, "acc": 0.9327400326728821, "length": 5.0, "mode": "test", "epoch": 94}
{"loss": 0.11152861267328262, "acc": 0.9610617756843567, "length": 4.999999046325684, "mode": "train", "epoch": 95}
{"loss": 0.2076704055070877, "acc": 0.9323529601097107, "length": 5.0, "mode": "test", "epoch": 95}
{"loss": 0.1142798587679863, "acc": 0.9595383405685425, "length": 4.999999523162842, "mode": "train", "epoch": 96}
{"loss": 0.240738645195961, "acc": 0.9216717481613159, "length": 5.0, "mode": "test", "epoch": 96}
{"loss": 0.1178952306509018, "acc": 0.957575798034668, "length": 5.0, "mode": "train", "epoch": 97}
{"loss": 0.23075352609157562, "acc": 0.9271671772003174, "length": 5.0, "mode": "test", "epoch": 97}
{"loss": 0.1174418032169342, "acc": 0.959073543548584, "length": 5.0, "mode": "train", "epoch": 98}
{"loss": 0.21196621656417847, "acc": 0.9348296523094177, "length": 5.0, "mode": "test", "epoch": 98}
{"loss": 0.10996449738740921, "acc": 0.9618100523948669, "length": 4.99999475479126, "mode": "train", "epoch": 99}
{"loss": 0.2098597139120102, "acc": 0.9330494403839111, "length": 5.0, "mode": "test", "epoch": 99}
{"loss": 0.1303105652332306, "acc": 0.9530054926872253, "length": 4.999999046325684, "mode": "train", "epoch": 100}
{"loss": 0.22409196197986603, "acc": 0.9284828901290894, "length": 5.0, "mode": "test", "epoch": 100}
test accuracy: 0.8889248967170715
