# ["--attributes=4", "--values=4", "--game_size=4", "--vocab_size_factor=3", "--n_epochs=100", "--batch_size=64", "--learning_rate=0.0005", "--hidden_size=128", "--temp_update=0.97", "--temperature=1.5"]
Creating train_ds and val_ds...

Creating test_ds...
{"loss": 0.6898359060287476, "acc": 0.533801257610321, "length": 3.6328001022338867, "mode": "train", "epoch": 1}
{"loss": 0.6604223251342773, "acc": 0.6297341585159302, "length": 2.4034652709960938, "mode": "test", "epoch": 1}
{"loss": 0.6001337766647339, "acc": 0.6853899955749512, "length": 3.8771090507507324, "mode": "train", "epoch": 2}
{"loss": 0.5655108094215393, "acc": 0.7062613368034363, "length": 4.775990009307861, "mode": "test", "epoch": 2}
{"loss": 0.5117655396461487, "acc": 0.7523054480552673, "length": 4.852331161499023, "mode": "train", "epoch": 3}
{"loss": 0.5331928730010986, "acc": 0.7550278306007385, "length": 5.0, "mode": "test", "epoch": 3}
{"loss": 0.47346195578575134, "acc": 0.7822030186653137, "length": 4.959230422973633, "mode": "train", "epoch": 4}
{"loss": 0.5031333565711975, "acc": 0.7681002616882324, "length": 5.0, "mode": "test", "epoch": 4}
{"loss": 0.4503764510154724, "acc": 0.8004555106163025, "length": 4.966969966888428, "mode": "train", "epoch": 5}
{"loss": 0.4884714186191559, "acc": 0.7779238820075989, "length": 5.0, "mode": "test", "epoch": 5}
{"loss": 0.41998061537742615, "acc": 0.8192482590675354, "length": 4.981939315795898, "mode": "train", "epoch": 6}
{"loss": 0.44395187497138977, "acc": 0.8005105257034302, "length": 5.0, "mode": "test", "epoch": 6}
{"loss": 0.38848868012428284, "acc": 0.8331913948059082, "length": 4.989237308502197, "mode": "train", "epoch": 7}
{"loss": 0.4229861795902252, "acc": 0.8183013796806335, "length": 5.0, "mode": "test", "epoch": 7}
{"loss": 0.3648577928543091, "acc": 0.8428454995155334, "length": 4.991583347320557, "mode": "train", "epoch": 8}
{"loss": 0.3842606544494629, "acc": 0.8384127616882324, "length": 5.0, "mode": "test", "epoch": 8}
{"loss": 0.3362041413784027, "acc": 0.8599734306335449, "length": 4.99253511428833, "mode": "train", "epoch": 9}
{"loss": 0.37855568528175354, "acc": 0.8435179591178894, "length": 5.0, "mode": "test", "epoch": 9}
{"loss": 0.3179393410682678, "acc": 0.8709576725959778, "length": 4.993996620178223, "mode": "train", "epoch": 10}
{"loss": 0.33709093928337097, "acc": 0.8616182208061218, "length": 5.0, "mode": "test", "epoch": 10}
{"loss": 0.3069261908531189, "acc": 0.8776184320449829, "length": 4.995744228363037, "mode": "train", "epoch": 11}
{"loss": 0.3355254828929901, "acc": 0.8631651997566223, "length": 5.0, "mode": "test", "epoch": 11}
{"loss": 0.2998661696910858, "acc": 0.8801594972610474, "length": 4.997106552124023, "mode": "train", "epoch": 12}
{"loss": 0.3264882266521454, "acc": 0.8714418411254883, "length": 5.0, "mode": "test", "epoch": 12}
{"loss": 0.2880745828151703, "acc": 0.8845559358596802, "length": 4.998462200164795, "mode": "train", "epoch": 13}
{"loss": 0.31817176938056946, "acc": 0.8751546740531921, "length": 5.0, "mode": "test", "epoch": 13}
{"loss": 0.2852109968662262, "acc": 0.887505292892456, "length": 4.998569965362549, "mode": "train", "epoch": 14}
{"loss": 0.31178018450737, "acc": 0.8789449334144592, "length": 5.0, "mode": "test", "epoch": 14}
{"loss": 0.27932384610176086, "acc": 0.8905169367790222, "length": 4.998655319213867, "mode": "train", "epoch": 15}
{"loss": 0.3052583336830139, "acc": 0.8812654614448547, "length": 5.0, "mode": "test", "epoch": 15}
{"loss": 0.27208268642425537, "acc": 0.891804575920105, "length": 4.999210357666016, "mode": "train", "epoch": 16}
{"loss": 0.2991124987602234, "acc": 0.8821936845779419, "length": 5.0, "mode": "test", "epoch": 16}
{"loss": 0.26739075779914856, "acc": 0.8941704630851746, "length": 4.999126434326172, "mode": "train", "epoch": 17}
{"loss": 0.2962634265422821, "acc": 0.8865253925323486, "length": 5.0, "mode": "test", "epoch": 17}
{"loss": 0.26358672976493835, "acc": 0.8942133188247681, "length": 4.9995951652526855, "mode": "train", "epoch": 18}
{"loss": 0.29223087430000305, "acc": 0.8860612511634827, "length": 5.0, "mode": "test", "epoch": 18}
{"loss": 0.261627733707428, "acc": 0.896763265132904, "length": 4.999504089355469, "mode": "train", "epoch": 19}
{"loss": 0.2921253740787506, "acc": 0.8858292102813721, "length": 5.0, "mode": "test", "epoch": 19}
{"loss": 0.25621357560157776, "acc": 0.898988664150238, "length": 4.999640464782715, "mode": "train", "epoch": 20}
{"loss": 0.2858791947364807, "acc": 0.8904703259468079, "length": 5.0, "mode": "test", "epoch": 20}
{"loss": 0.25179871916770935, "acc": 0.9006436467170715, "length": 4.9997076988220215, "mode": "train", "epoch": 21}
{"loss": 0.2866949141025543, "acc": 0.8903929591178894, "length": 5.0, "mode": "test", "epoch": 21}
{"loss": 0.24353207647800446, "acc": 0.905541181564331, "length": 4.999595642089844, "mode": "train", "epoch": 22}
{"loss": 0.2801584005355835, "acc": 0.8954207897186279, "length": 5.0, "mode": "test", "epoch": 22}
{"loss": 0.24291247129440308, "acc": 0.9053388833999634, "length": 4.999664306640625, "mode": "train", "epoch": 23}
{"loss": 0.2866319715976715, "acc": 0.8859065771102905, "length": 5.0, "mode": "test", "epoch": 23}
{"loss": 0.24272732436656952, "acc": 0.9034865498542786, "length": 4.999904632568359, "mode": "train", "epoch": 24}
{"loss": 0.27702847123146057, "acc": 0.8937190771102905, "length": 5.0, "mode": "test", "epoch": 24}
{"loss": 0.2416399121284485, "acc": 0.9051881432533264, "length": 4.999846458435059, "mode": "train", "epoch": 25}
{"loss": 0.2748000919818878, "acc": 0.8944151997566223, "length": 5.0, "mode": "test", "epoch": 25}
{"loss": 0.23627404868602753, "acc": 0.9072763323783875, "length": 4.999802112579346, "mode": "train", "epoch": 26}
{"loss": 0.27856022119522095, "acc": 0.8949567079544067, "length": 5.0, "mode": "test", "epoch": 26}
{"loss": 0.23331795632839203, "acc": 0.9093170762062073, "length": 4.999896049499512, "mode": "train", "epoch": 27}
{"loss": 0.28386056423187256, "acc": 0.8904703259468079, "length": 5.0, "mode": "test", "epoch": 27}
{"loss": 0.23836180567741394, "acc": 0.9062991738319397, "length": 4.99992036819458, "mode": "train", "epoch": 28}
{"loss": 0.2796289324760437, "acc": 0.8949567079544067, "length": 5.0, "mode": "test", "epoch": 28}
{"loss": 0.22767749428749084, "acc": 0.9119527339935303, "length": 4.999988079071045, "mode": "train", "epoch": 29}
{"loss": 0.27011001110076904, "acc": 0.8978960514068604, "length": 5.0, "mode": "test", "epoch": 29}
{"loss": 0.23273618519306183, "acc": 0.9089847207069397, "length": 4.999969482421875, "mode": "train", "epoch": 30}
{"loss": 0.2774755656719208, "acc": 0.8972772359848022, "length": 5.0, "mode": "test", "epoch": 30}
{"loss": 0.22237712144851685, "acc": 0.9144039154052734, "length": 4.999985218048096, "mode": "train", "epoch": 31}
{"loss": 0.27395644783973694, "acc": 0.8952661156654358, "length": 5.0, "mode": "test", "epoch": 31}
{"loss": 0.23581115901470184, "acc": 0.9063255786895752, "length": 4.9999518394470215, "mode": "train", "epoch": 32}
{"loss": 0.3250180184841156, "acc": 0.8754640817642212, "length": 5.0, "mode": "test", "epoch": 32}
{"loss": 0.2512543201446533, "acc": 0.8993404507637024, "length": 4.99958610534668, "mode": "train", "epoch": 33}
{"loss": 0.2819609045982361, "acc": 0.8955755233764648, "length": 5.0, "mode": "test", "epoch": 33}
{"loss": 0.233088418841362, "acc": 0.9098042249679565, "length": 4.999758243560791, "mode": "train", "epoch": 34}
{"loss": 0.27720481157302856, "acc": 0.8979734182357788, "length": 5.0, "mode": "test", "epoch": 34}
{"loss": 0.2236848622560501, "acc": 0.9132421016693115, "length": 4.9999589920043945, "mode": "train", "epoch": 35}
{"loss": 0.27454984188079834, "acc": 0.8984375, "length": 5.0, "mode": "test", "epoch": 35}
{"loss": 0.22271974384784698, "acc": 0.9153046011924744, "length": 4.999912738800049, "mode": "train", "epoch": 36}
{"loss": 0.27597886323928833, "acc": 0.8999845385551453, "length": 5.0, "mode": "test", "epoch": 36}
{"loss": 0.22607268393039703, "acc": 0.9128556847572327, "length": 4.999990940093994, "mode": "train", "epoch": 37}
{"loss": 0.2801114618778229, "acc": 0.8945699334144592, "length": 5.0, "mode": "test", "epoch": 37}
{"loss": 0.22130288183689117, "acc": 0.9146106839179993, "length": 4.999992847442627, "mode": "train", "epoch": 38}
{"loss": 0.26768362522125244, "acc": 0.901144802570343, "length": 5.0, "mode": "test", "epoch": 38}
{"loss": 0.21971426904201508, "acc": 0.9154621362686157, "length": 4.999986171722412, "mode": "train", "epoch": 39}
{"loss": 0.2696700692176819, "acc": 0.9019956588745117, "length": 5.0, "mode": "test", "epoch": 39}
{"loss": 0.22699740529060364, "acc": 0.9119782447814941, "length": 4.9999823570251465, "mode": "train", "epoch": 40}
{"loss": 0.2797369062900543, "acc": 0.8961169719696045, "length": 5.0, "mode": "test", "epoch": 40}
{"loss": 0.22615890204906464, "acc": 0.9125205278396606, "length": 4.999996185302734, "mode": "train", "epoch": 41}
{"loss": 0.270434707403183, "acc": 0.9003713130950928, "length": 5.0, "mode": "test", "epoch": 41}
{"loss": 0.216300368309021, "acc": 0.9175001382827759, "length": 4.999962329864502, "mode": "train", "epoch": 42}
{"loss": 0.2750881314277649, "acc": 0.8978960514068604, "length": 5.0, "mode": "test", "epoch": 42}
{"loss": 0.21356013417243958, "acc": 0.9183266758918762, "length": 4.999996185302734, "mode": "train", "epoch": 43}
{"loss": 0.2626446485519409, "acc": 0.9026918411254883, "length": 5.0, "mode": "test", "epoch": 43}
{"loss": 0.2111573964357376, "acc": 0.9182482957839966, "length": 4.999963283538818, "mode": "train", "epoch": 44}
{"loss": 0.26941344141960144, "acc": 0.903852105140686, "length": 5.0, "mode": "test", "epoch": 44}
{"loss": 0.21226076781749725, "acc": 0.9181443452835083, "length": 4.999938011169434, "mode": "train", "epoch": 45}
{"loss": 0.27253517508506775, "acc": 0.901144802570343, "length": 5.0, "mode": "test", "epoch": 45}
{"loss": 0.21099795401096344, "acc": 0.9190492630004883, "length": 4.999995231628418, "mode": "train", "epoch": 46}
{"loss": 0.26670897006988525, "acc": 0.9047029614448547, "length": 5.0, "mode": "test", "epoch": 46}
{"loss": 0.21140241622924805, "acc": 0.919487714767456, "length": 4.9999918937683105, "mode": "train", "epoch": 47}
{"loss": 0.29183992743492126, "acc": 0.8896967768669128, "length": 5.0, "mode": "test", "epoch": 47}
{"loss": 0.24806278944015503, "acc": 0.9001727104187012, "length": 4.999614715576172, "mode": "train", "epoch": 48}
{"loss": 0.2934761643409729, "acc": 0.8903929591178894, "length": 5.0, "mode": "test", "epoch": 48}
{"loss": 0.22759601473808289, "acc": 0.9101415276527405, "length": 4.999860763549805, "mode": "train", "epoch": 49}
{"loss": 0.2682132124900818, "acc": 0.9014542102813721, "length": 5.0, "mode": "test", "epoch": 49}
{"loss": 0.2102174013853073, "acc": 0.9182215332984924, "length": 4.999947547912598, "mode": "train", "epoch": 50}
{"loss": 0.264843612909317, "acc": 0.9016862511634827, "length": 5.0, "mode": "test", "epoch": 50}
{"loss": 0.2077881246805191, "acc": 0.919692873954773, "length": 4.999946117401123, "mode": "train", "epoch": 51}
{"loss": 0.26714906096458435, "acc": 0.9053991436958313, "length": 5.0, "mode": "test", "epoch": 51}
{"loss": 0.20778989791870117, "acc": 0.9204404950141907, "length": 4.99993896484375, "mode": "train", "epoch": 52}
{"loss": 0.2714591324329376, "acc": 0.8997524976730347, "length": 5.0, "mode": "test", "epoch": 52}
{"loss": 0.2092496007680893, "acc": 0.9207518696784973, "length": 4.999980449676514, "mode": "train", "epoch": 53}
{"loss": 0.26473110914230347, "acc": 0.9040067791938782, "length": 5.0, "mode": "test", "epoch": 53}
{"loss": 0.21132506430149078, "acc": 0.9183518886566162, "length": 4.999985218048096, "mode": "train", "epoch": 54}
{"loss": 0.2935502827167511, "acc": 0.8937963843345642, "length": 5.0, "mode": "test", "epoch": 54}
{"loss": 0.21799291670322418, "acc": 0.9145596623420715, "length": 4.999943733215332, "mode": "train", "epoch": 55}
{"loss": 0.28715038299560547, "acc": 0.8965810537338257, "length": 5.0, "mode": "test", "epoch": 55}
{"loss": 0.2153187096118927, "acc": 0.9164684414863586, "length": 4.999988079071045, "mode": "train", "epoch": 56}
{"loss": 0.27459871768951416, "acc": 0.9017636179924011, "length": 5.0, "mode": "test", "epoch": 56}
{"loss": 0.22492001950740814, "acc": 0.9135270714759827, "length": 4.999995231628418, "mode": "train", "epoch": 57}
{"loss": 0.2897140085697174, "acc": 0.8894647359848022, "length": 5.0, "mode": "test", "epoch": 57}
{"loss": 0.2216767966747284, "acc": 0.9157719016075134, "length": 4.999995231628418, "mode": "train", "epoch": 58}
{"loss": 0.27349066734313965, "acc": 0.9036200642585754, "length": 5.0, "mode": "test", "epoch": 58}
{"loss": 0.21982848644256592, "acc": 0.916649341583252, "length": 4.999997138977051, "mode": "train", "epoch": 59}
{"loss": 0.2693704664707184, "acc": 0.9034653306007385, "length": 5.0, "mode": "test", "epoch": 59}
{"loss": 0.20694714784622192, "acc": 0.9211294651031494, "length": 4.999580383300781, "mode": "train", "epoch": 60}
{"loss": 0.26613953709602356, "acc": 0.903542697429657, "length": 5.0, "mode": "test", "epoch": 60}
{"loss": 0.20730894804000854, "acc": 0.9220420122146606, "length": 4.999969959259033, "mode": "train", "epoch": 61}
{"loss": 0.26496386528015137, "acc": 0.9053217768669128, "length": 5.0, "mode": "test", "epoch": 61}
{"loss": 0.19960011541843414, "acc": 0.9238739609718323, "length": 4.999951362609863, "mode": "train", "epoch": 62}
{"loss": 0.26263919472694397, "acc": 0.9043935537338257, "length": 5.0, "mode": "test", "epoch": 62}
{"loss": 0.20079107582569122, "acc": 0.9242618680000305, "length": 4.999995708465576, "mode": "train", "epoch": 63}
{"loss": 0.25854504108428955, "acc": 0.9077970385551453, "length": 5.0, "mode": "test", "epoch": 63}
{"loss": 0.19580146670341492, "acc": 0.9237715005874634, "length": 4.999986171722412, "mode": "train", "epoch": 64}
{"loss": 0.27305668592453003, "acc": 0.9026144742965698, "length": 5.0, "mode": "test", "epoch": 64}
{"loss": 0.2207033783197403, "acc": 0.9150752425193787, "length": 4.999998569488525, "mode": "train", "epoch": 65}
{"loss": 0.2815738916397095, "acc": 0.898746907711029, "length": 5.0, "mode": "test", "epoch": 65}
{"loss": 0.22103121876716614, "acc": 0.9146871566772461, "length": 4.999948501586914, "mode": "train", "epoch": 66}
{"loss": 0.2783411145210266, "acc": 0.8982828259468079, "length": 5.0, "mode": "test", "epoch": 66}
{"loss": 0.2093237191438675, "acc": 0.9177588820457458, "length": 4.9999871253967285, "mode": "train", "epoch": 67}
{"loss": 0.2715017795562744, "acc": 0.9047803282737732, "length": 5.0, "mode": "test", "epoch": 67}
{"loss": 0.21153365075588226, "acc": 0.9180939197540283, "length": 4.999980449676514, "mode": "train", "epoch": 68}
{"loss": 0.2866068184375763, "acc": 0.890934407711029, "length": 5.0, "mode": "test", "epoch": 68}
{"loss": 0.21252191066741943, "acc": 0.9179395437240601, "length": 4.999982833862305, "mode": "train", "epoch": 69}
{"loss": 0.2675895094871521, "acc": 0.9009127616882324, "length": 5.0, "mode": "test", "epoch": 69}
{"loss": 0.20442935824394226, "acc": 0.9222741723060608, "length": 4.999978542327881, "mode": "train", "epoch": 70}
{"loss": 0.2647669017314911, "acc": 0.9037747383117676, "length": 5.0, "mode": "test", "epoch": 70}
{"loss": 0.205348938703537, "acc": 0.9214231371879578, "length": 4.9999871253967285, "mode": "train", "epoch": 71}
{"loss": 0.266592800617218, "acc": 0.9041615128517151, "length": 5.0, "mode": "test", "epoch": 71}
{"loss": 0.215499147772789, "acc": 0.9178858995437622, "length": 4.99992036819458, "mode": "train", "epoch": 72}
{"loss": 0.27453336119651794, "acc": 0.8972772359848022, "length": 5.0, "mode": "test", "epoch": 72}
{"loss": 0.21077288687229156, "acc": 0.919823169708252, "length": 4.999990940093994, "mode": "train", "epoch": 73}
{"loss": 0.287964403629303, "acc": 0.8893873691558838, "length": 5.0, "mode": "test", "epoch": 73}
{"loss": 0.21365217864513397, "acc": 0.9174103140830994, "length": 4.999713897705078, "mode": "train", "epoch": 74}
{"loss": 0.2676790654659271, "acc": 0.8995977640151978, "length": 5.0, "mode": "test", "epoch": 74}
{"loss": 0.20408594608306885, "acc": 0.921010434627533, "length": 4.999996185302734, "mode": "train", "epoch": 75}
{"loss": 0.2732657492160797, "acc": 0.9016862511634827, "length": 5.0, "mode": "test", "epoch": 75}
{"loss": 0.21458874642848969, "acc": 0.9194362163543701, "length": 4.999992847442627, "mode": "train", "epoch": 76}
{"loss": 0.2944953739643097, "acc": 0.8936417102813721, "length": 5.0, "mode": "test", "epoch": 76}
{"loss": 0.2506329119205475, "acc": 0.9009584188461304, "length": 4.999962329864502, "mode": "train", "epoch": 77}
{"loss": 0.2980828285217285, "acc": 0.8920946717262268, "length": 5.0, "mode": "test", "epoch": 77}
{"loss": 0.22475239634513855, "acc": 0.9123408198356628, "length": 4.999907493591309, "mode": "train", "epoch": 78}
{"loss": 0.29427289962768555, "acc": 0.8929455280303955, "length": 5.0, "mode": "test", "epoch": 78}
{"loss": 0.2233763188123703, "acc": 0.9126496911048889, "length": 4.999997615814209, "mode": "train", "epoch": 79}
{"loss": 0.2776815593242645, "acc": 0.8937190771102905, "length": 5.0, "mode": "test", "epoch": 79}
{"loss": 0.21971072256565094, "acc": 0.9137075543403625, "length": 4.999993324279785, "mode": "train", "epoch": 80}
{"loss": 0.2860744893550873, "acc": 0.8936417102813721, "length": 5.0, "mode": "test", "epoch": 80}
{"loss": 0.21119345724582672, "acc": 0.9195623993873596, "length": 4.999873161315918, "mode": "train", "epoch": 81}
{"loss": 0.2865177094936371, "acc": 0.8982054591178894, "length": 5.0, "mode": "test", "epoch": 81}
{"loss": 0.20468953251838684, "acc": 0.9219127893447876, "length": 4.999972343444824, "mode": "train", "epoch": 82}
{"loss": 0.2611367404460907, "acc": 0.9057085514068604, "length": 5.0, "mode": "test", "epoch": 82}
{"loss": 0.20528388023376465, "acc": 0.9215523600578308, "length": 4.999997615814209, "mode": "train", "epoch": 83}
{"loss": 0.2662319839000702, "acc": 0.9036973714828491, "length": 5.0, "mode": "test", "epoch": 83}
{"loss": 0.19767175614833832, "acc": 0.9241585731506348, "length": 4.999989986419678, "mode": "train", "epoch": 84}
{"loss": 0.26512154936790466, "acc": 0.9063273668289185, "length": 5.0, "mode": "test", "epoch": 84}
{"loss": 0.21093246340751648, "acc": 0.9196687340736389, "length": 4.999997615814209, "mode": "train", "epoch": 85}
{"loss": 0.2670117914676666, "acc": 0.9048576951026917, "length": 5.0, "mode": "test", "epoch": 85}
{"loss": 0.20097948610782623, "acc": 0.9236168265342712, "length": 4.999999046325684, "mode": "train", "epoch": 86}
{"loss": 0.27291765809059143, "acc": 0.9044709205627441, "length": 5.0, "mode": "test", "epoch": 86}
{"loss": 0.21198157966136932, "acc": 0.9199005961418152, "length": 4.9999895095825195, "mode": "train", "epoch": 87}
{"loss": 0.28282031416893005, "acc": 0.8991336822509766, "length": 5.0, "mode": "test", "epoch": 87}
{"loss": 0.2119380384683609, "acc": 0.9178352952003479, "length": 4.999957084655762, "mode": "train", "epoch": 88}
{"loss": 0.2756927013397217, "acc": 0.900835394859314, "length": 5.0, "mode": "test", "epoch": 88}
{"loss": 0.205244779586792, "acc": 0.9220167398452759, "length": 4.999995708465576, "mode": "train", "epoch": 89}
{"loss": 0.26083436608314514, "acc": 0.9041615128517151, "length": 5.0, "mode": "test", "epoch": 89}
{"loss": 0.19685330986976624, "acc": 0.9260423183441162, "length": 4.9999895095825195, "mode": "train", "epoch": 90}
{"loss": 0.26771318912506104, "acc": 0.903852105140686, "length": 5.0, "mode": "test", "epoch": 90}
{"loss": 0.19506311416625977, "acc": 0.9261714220046997, "length": 4.999995231628418, "mode": "train", "epoch": 91}
{"loss": 0.26349958777427673, "acc": 0.9061726331710815, "length": 5.0, "mode": "test", "epoch": 91}
{"loss": 0.2019672840833664, "acc": 0.923281192779541, "length": 4.999992847442627, "mode": "train", "epoch": 92}
{"loss": 0.2742491662502289, "acc": 0.8999071717262268, "length": 5.0, "mode": "test", "epoch": 92}
{"loss": 0.20522741973400116, "acc": 0.9231523275375366, "length": 4.999998569488525, "mode": "train", "epoch": 93}
{"loss": 0.28150150179862976, "acc": 0.8971225023269653, "length": 5.0, "mode": "test", "epoch": 93}
{"loss": 0.20056003332138062, "acc": 0.9244683980941772, "length": 4.999999046325684, "mode": "train", "epoch": 94}
{"loss": 0.2609509825706482, "acc": 0.9049350023269653, "length": 5.0, "mode": "test", "epoch": 94}
{"loss": 0.19905973970890045, "acc": 0.9240037202835083, "length": 4.999996185302734, "mode": "train", "epoch": 95}
{"loss": 0.26666972041130066, "acc": 0.9033106565475464, "length": 5.0, "mode": "test", "epoch": 95}
{"loss": 0.19378794729709625, "acc": 0.9261197447776794, "length": 4.9999895095825195, "mode": "train", "epoch": 96}
{"loss": 0.26345038414001465, "acc": 0.9036973714828491, "length": 5.0, "mode": "test", "epoch": 96}
{"loss": 0.1893283724784851, "acc": 0.9284940361976624, "length": 4.999996662139893, "mode": "train", "epoch": 97}
{"loss": 0.25206461548805237, "acc": 0.9094213843345642, "length": 5.0, "mode": "test", "epoch": 97}
{"loss": 0.185115784406662, "acc": 0.9300931096076965, "length": 4.999968528747559, "mode": "train", "epoch": 98}
{"loss": 0.26382407546043396, "acc": 0.9060179591178894, "length": 5.0, "mode": "test", "epoch": 98}
{"loss": 0.19052596390247345, "acc": 0.9281843304634094, "length": 5.0, "mode": "train", "epoch": 99}
{"loss": 0.2591308057308197, "acc": 0.9075649976730347, "length": 5.0, "mode": "test", "epoch": 99}
{"loss": 0.19802013039588928, "acc": 0.9251393675804138, "length": 4.999999046325684, "mode": "train", "epoch": 100}
{"loss": 0.2842903733253479, "acc": 0.8946473002433777, "length": 5.0, "mode": "test", "epoch": 100}
test accuracy: 0.8769480586051941
