# ["--attributes=4", "--values=4", "--game_size=4", "--vocab_size_factor=3", "--n_epochs=100", "--batch_size=64", "--learning_rate=0.0005", "--hidden_size=128", "--temp_update=0.99", "--temperature=2"]
Creating train_ds and val_ds...

Creating test_ds...
{"loss": 0.6915156245231628, "acc": 0.5211018919944763, "length": 4.151700496673584, "mode": "train", "epoch": 1}
{"loss": 0.6551461219787598, "acc": 0.6565629243850708, "length": 4.770573616027832, "mode": "test", "epoch": 1}
{"loss": 0.6029712557792664, "acc": 0.672995388507843, "length": 4.764051914215088, "mode": "train", "epoch": 2}
{"loss": 0.5506747364997864, "acc": 0.727867841720581, "length": 5.0, "mode": "test", "epoch": 2}
{"loss": 0.5197142958641052, "acc": 0.7441490292549133, "length": 4.931535720825195, "mode": "train", "epoch": 3}
{"loss": 0.5277429223060608, "acc": 0.7552992701530457, "length": 5.0, "mode": "test", "epoch": 3}
{"loss": 0.4786067306995392, "acc": 0.770919680595398, "length": 4.959575653076172, "mode": "train", "epoch": 4}
{"loss": 0.5075188875198364, "acc": 0.7530393004417419, "length": 5.0, "mode": "test", "epoch": 4}
{"loss": 0.4317588210105896, "acc": 0.803860068321228, "length": 4.979592800140381, "mode": "train", "epoch": 5}
{"loss": 0.47230416536331177, "acc": 0.7822631001472473, "length": 5.0, "mode": "test", "epoch": 5}
{"loss": 0.3982929587364197, "acc": 0.8175174593925476, "length": 4.989345550537109, "mode": "train", "epoch": 6}
{"loss": 0.42982640862464905, "acc": 0.8088372945785522, "length": 5.0, "mode": "test", "epoch": 6}
{"loss": 0.3787958025932312, "acc": 0.8278983235359192, "length": 4.992894172668457, "mode": "train", "epoch": 7}
{"loss": 0.40978410840034485, "acc": 0.8252805471420288, "length": 5.0, "mode": "test", "epoch": 7}
{"loss": 0.3629642426967621, "acc": 0.8381792306900024, "length": 4.995001792907715, "mode": "train", "epoch": 8}
{"loss": 0.4089512228965759, "acc": 0.8314370512962341, "length": 5.0, "mode": "test", "epoch": 8}
{"loss": 0.3524017930030823, "acc": 0.8456289172172546, "length": 4.9962944984436035, "mode": "train", "epoch": 9}
{"loss": 0.380764365196228, "acc": 0.8329176902770996, "length": 5.0, "mode": "test", "epoch": 9}
{"loss": 0.3385924696922302, "acc": 0.8533918261528015, "length": 4.997391700744629, "mode": "train", "epoch": 10}
{"loss": 0.38768112659454346, "acc": 0.8402431607246399, "length": 5.0, "mode": "test", "epoch": 10}
{"loss": 0.32831257581710815, "acc": 0.8618947267532349, "length": 4.997780799865723, "mode": "train", "epoch": 11}
{"loss": 0.362610399723053, "acc": 0.8497506380081177, "length": 5.0, "mode": "test", "epoch": 11}
{"loss": 0.3212231993675232, "acc": 0.8662996888160706, "length": 4.998339653015137, "mode": "train", "epoch": 12}
{"loss": 0.36608073115348816, "acc": 0.8530237078666687, "length": 5.0, "mode": "test", "epoch": 12}
{"loss": 0.31084978580474854, "acc": 0.8691630959510803, "length": 4.998604774475098, "mode": "train", "epoch": 13}
{"loss": 0.35700953006744385, "acc": 0.8593360185623169, "length": 5.0, "mode": "test", "epoch": 13}
{"loss": 0.3063260018825531, "acc": 0.8743956685066223, "length": 4.998884677886963, "mode": "train", "epoch": 14}
{"loss": 0.36200809478759766, "acc": 0.8554395437240601, "length": 5.0, "mode": "test", "epoch": 14}
{"loss": 0.29868167638778687, "acc": 0.8789235353469849, "length": 4.999136447906494, "mode": "train", "epoch": 15}
{"loss": 0.35393035411834717, "acc": 0.8601153492927551, "length": 5.0, "mode": "test", "epoch": 15}
{"loss": 0.2918933928012848, "acc": 0.8806197047233582, "length": 4.999325275421143, "mode": "train", "epoch": 16}
{"loss": 0.33470606803894043, "acc": 0.8714151978492737, "length": 5.0, "mode": "test", "epoch": 16}
{"loss": 0.28492671251296997, "acc": 0.8831456303596497, "length": 4.999480724334717, "mode": "train", "epoch": 17}
{"loss": 0.3278927206993103, "acc": 0.8707917928695679, "length": 5.0, "mode": "test", "epoch": 17}
{"loss": 0.28347837924957275, "acc": 0.8850725293159485, "length": 4.99957275390625, "mode": "train", "epoch": 18}
{"loss": 0.32310751080513, "acc": 0.873831033706665, "length": 5.0, "mode": "test", "epoch": 18}
{"loss": 0.2774835526943207, "acc": 0.8858813047409058, "length": 4.999671936035156, "mode": "train", "epoch": 19}
{"loss": 0.32885468006134033, "acc": 0.8713372945785522, "length": 5.0, "mode": "test", "epoch": 19}
{"loss": 0.2804681956768036, "acc": 0.8869229555130005, "length": 4.9997148513793945, "mode": "train", "epoch": 20}
{"loss": 0.3413325250148773, "acc": 0.8626090884208679, "length": 5.0, "mode": "test", "epoch": 20}
{"loss": 0.2786838710308075, "acc": 0.8864304423332214, "length": 4.99976110458374, "mode": "train", "epoch": 21}
{"loss": 0.3239516317844391, "acc": 0.8773379325866699, "length": 5.0, "mode": "test", "epoch": 21}
{"loss": 0.27016064524650574, "acc": 0.8891084790229797, "length": 4.999779224395752, "mode": "train", "epoch": 22}
{"loss": 0.32874423265457153, "acc": 0.8730517625808716, "length": 5.0, "mode": "test", "epoch": 22}
{"loss": 0.2665410339832306, "acc": 0.8895519375801086, "length": 4.999805450439453, "mode": "train", "epoch": 23}
{"loss": 0.3157735764980316, "acc": 0.8769482374191284, "length": 5.0, "mode": "test", "epoch": 23}
{"loss": 0.2673744261264801, "acc": 0.8888776302337646, "length": 4.999855995178223, "mode": "train", "epoch": 24}
{"loss": 0.32118305563926697, "acc": 0.8744544982910156, "length": 5.0, "mode": "test", "epoch": 24}
{"loss": 0.26157671213150024, "acc": 0.8910620212554932, "length": 4.999875545501709, "mode": "train", "epoch": 25}
{"loss": 0.31470346450805664, "acc": 0.875701367855072, "length": 5.0, "mode": "test", "epoch": 25}
{"loss": 0.26103606820106506, "acc": 0.8897880911827087, "length": 4.999880313873291, "mode": "train", "epoch": 26}
{"loss": 0.32273605465888977, "acc": 0.878740668296814, "length": 5.0, "mode": "test", "epoch": 26}
{"loss": 0.2571118474006653, "acc": 0.8921552300453186, "length": 4.999907493591309, "mode": "train", "epoch": 27}
{"loss": 0.31299564242362976, "acc": 0.8767923712730408, "length": 5.0, "mode": "test", "epoch": 27}
{"loss": 0.2550797462463379, "acc": 0.8936119675636292, "length": 4.999929904937744, "mode": "train", "epoch": 28}
{"loss": 0.3145659565925598, "acc": 0.8773379325866699, "length": 5.0, "mode": "test", "epoch": 28}
{"loss": 0.24996812641620636, "acc": 0.8925713300704956, "length": 4.9998931884765625, "mode": "train", "epoch": 29}
{"loss": 0.3062081038951874, "acc": 0.8810785412788391, "length": 5.0, "mode": "test", "epoch": 29}
{"loss": 0.24827733635902405, "acc": 0.8940807580947876, "length": 4.999949932098389, "mode": "train", "epoch": 30}
{"loss": 0.3041653633117676, "acc": 0.8759351372718811, "length": 5.0, "mode": "test", "epoch": 30}
{"loss": 0.2474282681941986, "acc": 0.8947309255599976, "length": 4.999955177307129, "mode": "train", "epoch": 31}
{"loss": 0.3102993667125702, "acc": 0.8784289360046387, "length": 5.0, "mode": "test", "epoch": 31}
{"loss": 0.24551890790462494, "acc": 0.893742561340332, "length": 4.999948978424072, "mode": "train", "epoch": 32}
{"loss": 0.30767202377319336, "acc": 0.878974437713623, "length": 5.0, "mode": "test", "epoch": 32}
{"loss": 0.24510174989700317, "acc": 0.8966031670570374, "length": 4.999967098236084, "mode": "train", "epoch": 33}
{"loss": 0.30760735273361206, "acc": 0.8777275681495667, "length": 5.0, "mode": "test", "epoch": 33}
{"loss": 0.2461216300725937, "acc": 0.895225465297699, "length": 4.99997091293335, "mode": "train", "epoch": 34}
{"loss": 0.2975873649120331, "acc": 0.8868454098701477, "length": 5.0, "mode": "test", "epoch": 34}
{"loss": 0.24145999550819397, "acc": 0.8970455527305603, "length": 4.99997615814209, "mode": "train", "epoch": 35}
{"loss": 0.299072802066803, "acc": 0.880143404006958, "length": 5.0, "mode": "test", "epoch": 35}
{"loss": 0.23984794318675995, "acc": 0.8968377709388733, "length": 4.999976634979248, "mode": "train", "epoch": 36}
{"loss": 0.2974034249782562, "acc": 0.8848192095756531, "length": 5.0, "mode": "test", "epoch": 36}
{"loss": 0.23403117060661316, "acc": 0.8980076909065247, "length": 4.99998140335083, "mode": "train", "epoch": 37}
{"loss": 0.3048344850540161, "acc": 0.8783509731292725, "length": 5.0, "mode": "test", "epoch": 37}
{"loss": 0.2331022173166275, "acc": 0.8965780138969421, "length": 4.9999823570251465, "mode": "train", "epoch": 38}
{"loss": 0.30891141295433044, "acc": 0.8760910034179688, "length": 5.0, "mode": "test", "epoch": 38}
{"loss": 0.23859331011772156, "acc": 0.8975139260292053, "length": 4.999986171722412, "mode": "train", "epoch": 39}
{"loss": 0.3057350814342499, "acc": 0.8817799091339111, "length": 5.0, "mode": "test", "epoch": 39}
{"loss": 0.2344929575920105, "acc": 0.8987098932266235, "length": 4.999985218048096, "mode": "train", "epoch": 40}
{"loss": 0.30544739961624146, "acc": 0.8792082071304321, "length": 5.0, "mode": "test", "epoch": 40}
{"loss": 0.23440095782279968, "acc": 0.8998540043830872, "length": 4.999988555908203, "mode": "train", "epoch": 41}
{"loss": 0.294086754322052, "acc": 0.8873909115791321, "length": 5.0, "mode": "test", "epoch": 41}
{"loss": 0.2303503006696701, "acc": 0.9005559682846069, "length": 4.9999895095825195, "mode": "train", "epoch": 42}
{"loss": 0.299331396818161, "acc": 0.8843516111373901, "length": 5.0, "mode": "test", "epoch": 42}
{"loss": 0.2305319458246231, "acc": 0.9015440940856934, "length": 4.9999918937683105, "mode": "train", "epoch": 43}
{"loss": 0.2961593270301819, "acc": 0.8842737078666687, "length": 5.0, "mode": "test", "epoch": 43}
{"loss": 0.22756187617778778, "acc": 0.9020118713378906, "length": 4.999992370605469, "mode": "train", "epoch": 44}
{"loss": 0.30521833896636963, "acc": 0.8839619755744934, "length": 5.0, "mode": "test", "epoch": 44}
{"loss": 0.22764348983764648, "acc": 0.9019861817359924, "length": 4.999995231628418, "mode": "train", "epoch": 45}
{"loss": 0.30519792437553406, "acc": 0.880143404006958, "length": 5.0, "mode": "test", "epoch": 45}
{"loss": 0.225961834192276, "acc": 0.9032598733901978, "length": 4.9999918937683105, "mode": "train", "epoch": 46}
{"loss": 0.29653143882751465, "acc": 0.8848971128463745, "length": 5.0, "mode": "test", "epoch": 46}
{"loss": 0.2239800989627838, "acc": 0.9023241400718689, "length": 4.999995708465576, "mode": "train", "epoch": 47}
{"loss": 0.30697140097618103, "acc": 0.8799875378608704, "length": 5.0, "mode": "test", "epoch": 47}
{"loss": 0.22373957931995392, "acc": 0.9031301736831665, "length": 4.999997138977051, "mode": "train", "epoch": 48}
{"loss": 0.29774919152259827, "acc": 0.8858323097229004, "length": 5.0, "mode": "test", "epoch": 48}
{"loss": 0.2224528193473816, "acc": 0.9044561386108398, "length": 4.999996662139893, "mode": "train", "epoch": 49}
{"loss": 0.3013139069080353, "acc": 0.8849750757217407, "length": 5.0, "mode": "test", "epoch": 49}
{"loss": 0.22324256598949432, "acc": 0.9045860171318054, "length": 4.999997138977051, "mode": "train", "epoch": 50}
{"loss": 0.2845309376716614, "acc": 0.8928459882736206, "length": 5.0, "mode": "test", "epoch": 50}
{"loss": 0.2219870537519455, "acc": 0.9039621353149414, "length": 4.999997615814209, "mode": "train", "epoch": 51}
{"loss": 0.2966078221797943, "acc": 0.8903522491455078, "length": 5.0, "mode": "test", "epoch": 51}
{"loss": 0.22099259495735168, "acc": 0.903650164604187, "length": 4.999998092651367, "mode": "train", "epoch": 52}
{"loss": 0.2925177812576294, "acc": 0.8884040117263794, "length": 5.0, "mode": "test", "epoch": 52}
{"loss": 0.21976177394390106, "acc": 0.9048200845718384, "length": 4.999998569488525, "mode": "train", "epoch": 53}
{"loss": 0.30039024353027344, "acc": 0.8925343155860901, "length": 5.0, "mode": "test", "epoch": 53}
{"loss": 0.21255211532115936, "acc": 0.9072639346122742, "length": 4.999999523162842, "mode": "train", "epoch": 54}
{"loss": 0.28686729073524475, "acc": 0.8896508812904358, "length": 5.0, "mode": "test", "epoch": 54}
{"loss": 0.21216076612472534, "acc": 0.9082258939743042, "length": 4.999999046325684, "mode": "train", "epoch": 55}
{"loss": 0.2954968512058258, "acc": 0.8908198475837708, "length": 5.0, "mode": "test", "epoch": 55}
{"loss": 0.21211913228034973, "acc": 0.9082778692245483, "length": 4.999999046325684, "mode": "train", "epoch": 56}
{"loss": 0.29385724663734436, "acc": 0.8924563527107239, "length": 5.0, "mode": "test", "epoch": 56}
{"loss": 0.2145126760005951, "acc": 0.9067439436912537, "length": 4.999999046325684, "mode": "train", "epoch": 57}
{"loss": 0.28589531779289246, "acc": 0.8881701827049255, "length": 5.0, "mode": "test", "epoch": 57}
{"loss": 0.2122671753168106, "acc": 0.9077059030532837, "length": 4.999999046325684, "mode": "train", "epoch": 58}
{"loss": 0.2863946557044983, "acc": 0.8905081152915955, "length": 5.0, "mode": "test", "epoch": 58}
{"loss": 0.21164146065711975, "acc": 0.9077578783035278, "length": 5.0, "mode": "train", "epoch": 59}
{"loss": 0.29433944821357727, "acc": 0.8866115808486938, "length": 5.0, "mode": "test", "epoch": 59}
{"loss": 0.20756082236766815, "acc": 0.9105397462844849, "length": 5.0, "mode": "train", "epoch": 60}
{"loss": 0.28942131996154785, "acc": 0.8869233131408691, "length": 5.0, "mode": "test", "epoch": 60}
{"loss": 0.20848625898361206, "acc": 0.910513699054718, "length": 5.0, "mode": "train", "epoch": 61}
{"loss": 0.28638312220573425, "acc": 0.8894950151443481, "length": 5.0, "mode": "test", "epoch": 61}
{"loss": 0.20563139021396637, "acc": 0.9092398285865784, "length": 5.0, "mode": "train", "epoch": 62}
{"loss": 0.28753215074539185, "acc": 0.8887936472892761, "length": 5.0, "mode": "test", "epoch": 62}
{"loss": 0.2078709900379181, "acc": 0.9113456606864929, "length": 5.0, "mode": "train", "epoch": 63}
{"loss": 0.2872351109981537, "acc": 0.8873909115791321, "length": 5.0, "mode": "test", "epoch": 63}
{"loss": 0.2058369368314743, "acc": 0.9103317260742188, "length": 5.0, "mode": "train", "epoch": 64}
{"loss": 0.28849998116493225, "acc": 0.8880143165588379, "length": 5.0, "mode": "test", "epoch": 64}
{"loss": 0.20585428178310394, "acc": 0.9112936854362488, "length": 5.0, "mode": "train", "epoch": 65}
{"loss": 0.28975948691368103, "acc": 0.8935473561286926, "length": 5.0, "mode": "test", "epoch": 65}
{"loss": 0.20506832003593445, "acc": 0.9122036099433899, "length": 5.0, "mode": "train", "epoch": 66}
{"loss": 0.29652777314186096, "acc": 0.8895729184150696, "length": 5.0, "mode": "test", "epoch": 66}
{"loss": 0.2042810469865799, "acc": 0.9119696617126465, "length": 5.0, "mode": "train", "epoch": 67}
{"loss": 0.2860632836818695, "acc": 0.8963528871536255, "length": 5.0, "mode": "test", "epoch": 67}
{"loss": 0.20257695019245148, "acc": 0.9130875468254089, "length": 5.0, "mode": "train", "epoch": 68}
{"loss": 0.28969529271125793, "acc": 0.8906639814376831, "length": 5.0, "mode": "test", "epoch": 68}
{"loss": 0.20072497427463531, "acc": 0.9142054915428162, "length": 5.0, "mode": "train", "epoch": 69}
{"loss": 0.2778272330760956, "acc": 0.8957294225692749, "length": 5.0, "mode": "test", "epoch": 69}
{"loss": 0.2040708065032959, "acc": 0.9130615592002869, "length": 5.0, "mode": "train", "epoch": 70}
{"loss": 0.2932271957397461, "acc": 0.8930018544197083, "length": 5.0, "mode": "test", "epoch": 70}
{"loss": 0.19911865890026093, "acc": 0.9156873822212219, "length": 5.0, "mode": "train", "epoch": 71}
{"loss": 0.2897457778453827, "acc": 0.8912873864173889, "length": 5.0, "mode": "test", "epoch": 71}
{"loss": 0.20652253925800323, "acc": 0.9131395816802979, "length": 5.0, "mode": "train", "epoch": 72}
{"loss": 0.28690752387046814, "acc": 0.8915212154388428, "length": 5.0, "mode": "test", "epoch": 72}
{"loss": 0.1984415501356125, "acc": 0.9154273867607117, "length": 5.0, "mode": "train", "epoch": 73}
{"loss": 0.2943098843097687, "acc": 0.8943266868591309, "length": 5.0, "mode": "test", "epoch": 73}
{"loss": 0.2004171460866928, "acc": 0.9123855829238892, "length": 5.0, "mode": "train", "epoch": 74}
{"loss": 0.2810700535774231, "acc": 0.8920667171478271, "length": 5.0, "mode": "test", "epoch": 74}
{"loss": 0.1940283477306366, "acc": 0.9162073731422424, "length": 5.0, "mode": "train", "epoch": 75}
{"loss": 0.28137919306755066, "acc": 0.8935473561286926, "length": 5.0, "mode": "test", "epoch": 75}
{"loss": 0.19562476873397827, "acc": 0.9158693552017212, "length": 5.0, "mode": "train", "epoch": 76}
{"loss": 0.2787333130836487, "acc": 0.8979114890098572, "length": 5.0, "mode": "test", "epoch": 76}
{"loss": 0.19433580338954926, "acc": 0.9174292683601379, "length": 5.0, "mode": "train", "epoch": 77}
{"loss": 0.279382586479187, "acc": 0.897833526134491, "length": 5.0, "mode": "test", "epoch": 77}
{"loss": 0.19645962119102478, "acc": 0.9156354069709778, "length": 5.0, "mode": "train", "epoch": 78}
{"loss": 0.2851565182209015, "acc": 0.8964307904243469, "length": 5.0, "mode": "test", "epoch": 78}
{"loss": 0.20266321301460266, "acc": 0.9142314791679382, "length": 5.0, "mode": "train", "epoch": 79}
{"loss": 0.28931039571762085, "acc": 0.897833526134491, "length": 5.0, "mode": "test", "epoch": 79}
{"loss": 0.19913306832313538, "acc": 0.9160254001617432, "length": 4.999999046325684, "mode": "train", "epoch": 80}
{"loss": 0.28619036078453064, "acc": 0.8951839208602905, "length": 5.0, "mode": "test", "epoch": 80}
{"loss": 0.1956597864627838, "acc": 0.9165973663330078, "length": 5.0, "mode": "train", "epoch": 81}
{"loss": 0.28990796208381653, "acc": 0.8918328881263733, "length": 5.0, "mode": "test", "epoch": 81}
{"loss": 0.19479918479919434, "acc": 0.9181312322616577, "length": 5.0, "mode": "train", "epoch": 82}
{"loss": 0.28423404693603516, "acc": 0.8961970210075378, "length": 5.0, "mode": "test", "epoch": 82}
{"loss": 0.19268357753753662, "acc": 0.9177672863006592, "length": 5.0, "mode": "train", "epoch": 83}
{"loss": 0.27965623140335083, "acc": 0.8973659873008728, "length": 5.0, "mode": "test", "epoch": 83}
{"loss": 0.19385136663913727, "acc": 0.9173772931098938, "length": 5.0, "mode": "train", "epoch": 84}
{"loss": 0.28035080432891846, "acc": 0.8981452584266663, "length": 5.0, "mode": "test", "epoch": 84}
{"loss": 0.1929052323102951, "acc": 0.9186772108078003, "length": 5.0, "mode": "train", "epoch": 85}
{"loss": 0.28315961360931396, "acc": 0.8912873864173889, "length": 5.0, "mode": "test", "epoch": 85}
{"loss": 0.1907501518726349, "acc": 0.9181572198867798, "length": 5.0, "mode": "train", "epoch": 86}
{"loss": 0.2845640778541565, "acc": 0.8929239511489868, "length": 5.0, "mode": "test", "epoch": 86}
{"loss": 0.1899246871471405, "acc": 0.9201850891113281, "length": 5.0, "mode": "train", "epoch": 87}
{"loss": 0.28792211413383484, "acc": 0.8949501514434814, "length": 5.0, "mode": "test", "epoch": 87}
{"loss": 0.18957868218421936, "acc": 0.9200811386108398, "length": 5.0, "mode": "train", "epoch": 88}
{"loss": 0.2787211835384369, "acc": 0.8927680850028992, "length": 5.0, "mode": "test", "epoch": 88}
{"loss": 0.19684359431266785, "acc": 0.9171692728996277, "length": 5.0, "mode": "train", "epoch": 89}
{"loss": 0.28777334094047546, "acc": 0.8968204259872437, "length": 5.0, "mode": "test", "epoch": 89}
{"loss": 0.2700382471084595, "acc": 0.8953046798706055, "length": 5.0, "mode": "train", "epoch": 90}
{"loss": 0.3329351544380188, "acc": 0.8806889057159424, "length": 5.0, "mode": "test", "epoch": 90}
{"loss": 0.23595453798770905, "acc": 0.9021682739257812, "length": 5.0, "mode": "train", "epoch": 91}
{"loss": 0.2913336753845215, "acc": 0.8932356834411621, "length": 5.0, "mode": "test", "epoch": 91}
{"loss": 0.20879817008972168, "acc": 0.9126455783843994, "length": 5.0, "mode": "train", "epoch": 92}
{"loss": 0.2908478379249573, "acc": 0.8995479941368103, "length": 5.0, "mode": "test", "epoch": 92}
{"loss": 0.2038959413766861, "acc": 0.9168832898139954, "length": 5.0, "mode": "train", "epoch": 93}
{"loss": 0.2795184254646301, "acc": 0.9019638299942017, "length": 5.0, "mode": "test", "epoch": 93}
{"loss": 0.20381999015808105, "acc": 0.9160254001617432, "length": 5.0, "mode": "train", "epoch": 94}
{"loss": 0.28890857100486755, "acc": 0.8925343155860901, "length": 5.0, "mode": "test", "epoch": 94}
{"loss": 0.2034437656402588, "acc": 0.9164933562278748, "length": 5.0, "mode": "train", "epoch": 95}
{"loss": 0.2823944687843323, "acc": 0.8988466262817383, "length": 5.0, "mode": "test", "epoch": 95}
{"loss": 0.1951642483472824, "acc": 0.9203931093215942, "length": 5.0, "mode": "train", "epoch": 96}
{"loss": 0.28358545899391174, "acc": 0.8984569907188416, "length": 5.0, "mode": "test", "epoch": 96}
{"loss": 0.20246902108192444, "acc": 0.9171692728996277, "length": 5.0, "mode": "train", "epoch": 97}
{"loss": 0.2850033938884735, "acc": 0.897132158279419, "length": 5.0, "mode": "test", "epoch": 97}
{"loss": 0.20021159946918488, "acc": 0.9174292683601379, "length": 5.0, "mode": "train", "epoch": 98}
{"loss": 0.2893000841140747, "acc": 0.9002493619918823, "length": 5.0, "mode": "test", "epoch": 98}
{"loss": 0.19073547422885895, "acc": 0.9216670393943787, "length": 5.0, "mode": "train", "epoch": 99}
{"loss": 0.27250832319259644, "acc": 0.9033665657043457, "length": 5.0, "mode": "test", "epoch": 99}
{"loss": 0.18582935631275177, "acc": 0.9234609007835388, "length": 5.0, "mode": "train", "epoch": 100}
{"loss": 0.2720818519592285, "acc": 0.9032886624336243, "length": 5.0, "mode": "test", "epoch": 100}
test accuracy: 0.854376494884491
