# ["--attributes=4", "--values=4", "--game_size=4", "--vocab_size_factor=3", "--n_epochs=100", "--batch_size=64", "--learning_rate=0.0005", "--hidden_size=256", "--temp_update=0.97", "--temperature=2"]
Creating train_ds and val_ds...

Creating test_ds...
{"loss": 0.6781556010246277, "acc": 0.5524990558624268, "length": 2.759159564971924, "mode": "train", "epoch": 1}
{"loss": 0.6034351587295532, "acc": 0.6820219159126282, "length": 3.540708541870117, "mode": "test", "epoch": 1}
{"loss": 0.5542993545532227, "acc": 0.721936047077179, "length": 3.7603232860565186, "mode": "train", "epoch": 2}
{"loss": 0.5508087277412415, "acc": 0.7403568029403687, "length": 4.182100772857666, "mode": "test", "epoch": 2}
{"loss": 0.48575663566589355, "acc": 0.7750157117843628, "length": 4.113464832305908, "mode": "train", "epoch": 3}
{"loss": 0.49836814403533936, "acc": 0.7639068961143494, "length": 4.33126163482666, "mode": "test", "epoch": 3}
{"loss": 0.44518792629241943, "acc": 0.7977641820907593, "length": 4.2688822746276855, "mode": "train", "epoch": 4}
{"loss": 0.4651084244251251, "acc": 0.7811540961265564, "length": 4.429459095001221, "mode": "test", "epoch": 4}
{"loss": 0.42534834146499634, "acc": 0.8084099888801575, "length": 4.2893195152282715, "mode": "train", "epoch": 5}
{"loss": 0.4575086534023285, "acc": 0.7950803637504578, "length": 4.313238143920898, "mode": "test", "epoch": 5}
{"loss": 0.4104069769382477, "acc": 0.8171275854110718, "length": 4.3601861000061035, "mode": "train", "epoch": 6}
{"loss": 0.46901825070381165, "acc": 0.7871227264404297, "length": 4.321938991546631, "mode": "test", "epoch": 6}
{"loss": 0.38938096165657043, "acc": 0.8257838487625122, "length": 4.4536027908325195, "mode": "train", "epoch": 7}
{"loss": 0.4452265799045563, "acc": 0.7976834177970886, "length": 4.581106185913086, "mode": "test", "epoch": 7}
{"loss": 0.3658076524734497, "acc": 0.8383634686470032, "length": 4.553686141967773, "mode": "train", "epoch": 8}
{"loss": 0.4466179609298706, "acc": 0.7956295609474182, "length": 4.5823493003845215, "mode": "test", "epoch": 8}
{"loss": 0.3464461863040924, "acc": 0.849639356136322, "length": 4.635124206542969, "mode": "train", "epoch": 9}
{"loss": 0.4256531894207001, "acc": 0.8210359811782837, "length": 4.699192047119141, "mode": "test", "epoch": 9}
{"loss": 0.31811025738716125, "acc": 0.8645135164260864, "length": 4.756836414337158, "mode": "train", "epoch": 10}
{"loss": 0.38237038254737854, "acc": 0.8357675671577454, "length": 4.957737922668457, "mode": "test", "epoch": 10}
{"loss": 0.297373503446579, "acc": 0.8752440810203552, "length": 4.867363452911377, "mode": "train", "epoch": 11}
{"loss": 0.3592943251132965, "acc": 0.8499807715415955, "length": 4.982597827911377, "mode": "test", "epoch": 11}
{"loss": 0.28512153029441833, "acc": 0.8812708258628845, "length": 4.948880672454834, "mode": "train", "epoch": 12}
{"loss": 0.31727147102355957, "acc": 0.8750776648521423, "length": 5.0, "mode": "test", "epoch": 12}
{"loss": 0.2674313187599182, "acc": 0.8903599381446838, "length": 4.981284141540527, "mode": "train", "epoch": 13}
{"loss": 0.3049011826515198, "acc": 0.8798166513442993, "length": 5.0, "mode": "test", "epoch": 13}
{"loss": 0.2567775249481201, "acc": 0.8926478028297424, "length": 4.991327285766602, "mode": "train", "epoch": 14}
{"loss": 0.3043299615383148, "acc": 0.8833903074264526, "length": 5.0, "mode": "test", "epoch": 14}
{"loss": 0.24831673502922058, "acc": 0.8988728523254395, "length": 4.995190620422363, "mode": "train", "epoch": 15}
{"loss": 0.29816651344299316, "acc": 0.8804382085800171, "length": 5.0, "mode": "test", "epoch": 15}
{"loss": 0.23920106887817383, "acc": 0.90338134765625, "length": 4.997025489807129, "mode": "train", "epoch": 16}
{"loss": 0.2848172187805176, "acc": 0.8841671943664551, "length": 5.0, "mode": "test", "epoch": 16}
{"loss": 0.23088572919368744, "acc": 0.9049163460731506, "length": 4.997371673583984, "mode": "train", "epoch": 17}
{"loss": 0.2873229682445526, "acc": 0.8886730670928955, "length": 5.0, "mode": "test", "epoch": 17}
{"loss": 0.2221771627664566, "acc": 0.9106752872467041, "length": 4.99790620803833, "mode": "train", "epoch": 18}
{"loss": 0.2755591571331024, "acc": 0.8885954022407532, "length": 5.0, "mode": "test", "epoch": 18}
{"loss": 0.22015029191970825, "acc": 0.912811279296875, "length": 4.99860954284668, "mode": "train", "epoch": 19}
{"loss": 0.2923378348350525, "acc": 0.8882846236228943, "length": 5.0, "mode": "test", "epoch": 19}
{"loss": 0.21126322448253632, "acc": 0.9152057766914368, "length": 4.9990763664245605, "mode": "train", "epoch": 20}
{"loss": 0.2752501368522644, "acc": 0.8938004970550537, "length": 5.0, "mode": "test", "epoch": 20}
{"loss": 0.205672025680542, "acc": 0.9189315438270569, "length": 4.999019622802734, "mode": "train", "epoch": 21}
{"loss": 0.2689816951751709, "acc": 0.903977632522583, "length": 5.0, "mode": "test", "epoch": 21}
{"loss": 0.19955164194107056, "acc": 0.9220010638237, "length": 4.999504566192627, "mode": "train", "epoch": 22}
{"loss": 0.26715779304504395, "acc": 0.8999378681182861, "length": 5.0, "mode": "test", "epoch": 22}
{"loss": 0.19038070738315582, "acc": 0.9249529838562012, "length": 4.999424457550049, "mode": "train", "epoch": 23}
{"loss": 0.2682831287384033, "acc": 0.900481641292572, "length": 5.0, "mode": "test", "epoch": 23}
{"loss": 0.19067323207855225, "acc": 0.9253686666488647, "length": 4.999402046203613, "mode": "train", "epoch": 24}
{"loss": 0.27223193645477295, "acc": 0.89263516664505, "length": 5.0, "mode": "test", "epoch": 24}
{"loss": 0.18878328800201416, "acc": 0.9262092709541321, "length": 4.999868869781494, "mode": "train", "epoch": 25}
{"loss": 0.2683033347129822, "acc": 0.9003263115882874, "length": 5.0, "mode": "test", "epoch": 25}
{"loss": 0.18282796442508698, "acc": 0.930147111415863, "length": 4.999829292297363, "mode": "train", "epoch": 26}
{"loss": 0.2607342600822449, "acc": 0.9073182344436646, "length": 5.0, "mode": "test", "epoch": 26}
{"loss": 0.17946790158748627, "acc": 0.9300941824913025, "length": 4.999794960021973, "mode": "train", "epoch": 27}
{"loss": 0.25511375069618225, "acc": 0.9084058403968811, "length": 5.0, "mode": "test", "epoch": 27}
{"loss": 0.18102005124092102, "acc": 0.9291890859603882, "length": 4.999831676483154, "mode": "train", "epoch": 28}
{"loss": 0.25361698865890503, "acc": 0.9096488356590271, "length": 5.0, "mode": "test", "epoch": 28}
{"loss": 0.17809265851974487, "acc": 0.9315211772918701, "length": 4.99983024597168, "mode": "train", "epoch": 29}
{"loss": 0.26383739709854126, "acc": 0.9048321843147278, "length": 5.0, "mode": "test", "epoch": 29}
{"loss": 0.1744445115327835, "acc": 0.9328446984291077, "length": 4.999906063079834, "mode": "train", "epoch": 30}
{"loss": 0.2593332827091217, "acc": 0.9101926684379578, "length": 5.0, "mode": "test", "epoch": 30}
{"loss": 0.17423957586288452, "acc": 0.9347371459007263, "length": 4.999924182891846, "mode": "train", "epoch": 31}
{"loss": 0.26205727458000183, "acc": 0.90335613489151, "length": 5.0, "mode": "test", "epoch": 31}
{"loss": 0.17036455869674683, "acc": 0.935279369354248, "length": 4.999875068664551, "mode": "train", "epoch": 32}
{"loss": 0.26153579354286194, "acc": 0.9132224917411804, "length": 5.0, "mode": "test", "epoch": 32}
{"loss": 0.16538015007972717, "acc": 0.937175452709198, "length": 4.999980926513672, "mode": "train", "epoch": 33}
{"loss": 0.2659853994846344, "acc": 0.9091827273368835, "length": 5.0, "mode": "test", "epoch": 33}
{"loss": 0.16596059501171112, "acc": 0.9383936524391174, "length": 4.999983310699463, "mode": "train", "epoch": 34}
{"loss": 0.24650798738002777, "acc": 0.9157862067222595, "length": 5.0, "mode": "test", "epoch": 34}
{"loss": 0.1645437479019165, "acc": 0.9373046159744263, "length": 4.999932765960693, "mode": "train", "epoch": 35}
{"loss": 0.28043273091316223, "acc": 0.9083281755447388, "length": 5.0, "mode": "test", "epoch": 35}
{"loss": 0.18054386973381042, "acc": 0.9314479827880859, "length": 4.999988079071045, "mode": "train", "epoch": 36}
{"loss": 0.2592161297798157, "acc": 0.9100372791290283, "length": 5.0, "mode": "test", "epoch": 36}
{"loss": 0.1632460206747055, "acc": 0.9395859241485596, "length": 4.999985218048096, "mode": "train", "epoch": 37}
{"loss": 0.2551453709602356, "acc": 0.9141547679901123, "length": 5.0, "mode": "test", "epoch": 37}
{"loss": 0.16569049656391144, "acc": 0.9365006685256958, "length": 4.999957084655762, "mode": "train", "epoch": 38}
{"loss": 0.2509525716304779, "acc": 0.9133002161979675, "length": 5.0, "mode": "test", "epoch": 38}
{"loss": 0.1732974499464035, "acc": 0.9352321028709412, "length": 4.999997138977051, "mode": "train", "epoch": 39}
{"loss": 0.2508467137813568, "acc": 0.9132224917411804, "length": 5.0, "mode": "test", "epoch": 39}
{"loss": 0.16735850274562836, "acc": 0.9363205432891846, "length": 4.999996185302734, "mode": "train", "epoch": 40}
{"loss": 0.2547379434108734, "acc": 0.9157085418701172, "length": 5.0, "mode": "test", "epoch": 40}
{"loss": 0.16593775153160095, "acc": 0.9391958713531494, "length": 4.999950885772705, "mode": "train", "epoch": 41}
{"loss": 0.2713302671909332, "acc": 0.907085120677948, "length": 5.0, "mode": "test", "epoch": 41}
{"loss": 0.1656024307012558, "acc": 0.9381603002548218, "length": 4.999969482421875, "mode": "train", "epoch": 42}
{"loss": 0.2516665458679199, "acc": 0.9129894375801086, "length": 5.0, "mode": "test", "epoch": 42}
{"loss": 0.17881233990192413, "acc": 0.9340400099754333, "length": 4.999999523162842, "mode": "train", "epoch": 43}
{"loss": 0.255275160074234, "acc": 0.9136109352111816, "length": 5.0, "mode": "test", "epoch": 43}
{"loss": 0.16970428824424744, "acc": 0.9368650317192078, "length": 5.0, "mode": "train", "epoch": 44}
{"loss": 0.25516748428344727, "acc": 0.9150869846343994, "length": 5.0, "mode": "test", "epoch": 44}
{"loss": 0.17321732640266418, "acc": 0.9357764720916748, "length": 4.999999523162842, "mode": "train", "epoch": 45}
{"loss": 0.2927263677120209, "acc": 0.8942666053771973, "length": 5.0, "mode": "test", "epoch": 45}
{"loss": 0.18080198764801025, "acc": 0.931422233581543, "length": 4.99999475479126, "mode": "train", "epoch": 46}
{"loss": 0.2478155642747879, "acc": 0.9157862067222595, "length": 5.0, "mode": "test", "epoch": 46}
{"loss": 0.15863730013370514, "acc": 0.940519392490387, "length": 4.999998569488525, "mode": "train", "epoch": 47}
{"loss": 0.2448733001947403, "acc": 0.9157862067222595, "length": 5.0, "mode": "test", "epoch": 47}
{"loss": 0.15766441822052002, "acc": 0.9424370527267456, "length": 4.999988555908203, "mode": "train", "epoch": 48}
{"loss": 0.24214687943458557, "acc": 0.9177284240722656, "length": 5.0, "mode": "test", "epoch": 48}
{"loss": 0.15795807540416718, "acc": 0.9419964551925659, "length": 4.99999475479126, "mode": "train", "epoch": 49}
{"loss": 0.2553354501724243, "acc": 0.913067102432251, "length": 5.0, "mode": "test", "epoch": 49}
{"loss": 0.15980970859527588, "acc": 0.942307710647583, "length": 4.999998569488525, "mode": "train", "epoch": 50}
{"loss": 0.24112334847450256, "acc": 0.9153977632522583, "length": 5.0, "mode": "test", "epoch": 50}
{"loss": 0.17173542082309723, "acc": 0.9357762932777405, "length": 4.999993324279785, "mode": "train", "epoch": 51}
{"loss": 0.2448236495256424, "acc": 0.9185053110122681, "length": 5.0, "mode": "test", "epoch": 51}
{"loss": 0.1667584627866745, "acc": 0.937408983707428, "length": 4.999993324279785, "mode": "train", "epoch": 52}
{"loss": 0.2373933345079422, "acc": 0.9181945323944092, "length": 5.0, "mode": "test", "epoch": 52}
{"loss": 0.15902554988861084, "acc": 0.9411930441856384, "length": 4.999990463256836, "mode": "train", "epoch": 53}
{"loss": 0.23535580933094025, "acc": 0.9192044734954834, "length": 5.0, "mode": "test", "epoch": 53}
{"loss": 0.15329690277576447, "acc": 0.9427218437194824, "length": 4.999988079071045, "mode": "train", "epoch": 54}
{"loss": 0.2404954582452774, "acc": 0.9192044734954834, "length": 5.0, "mode": "test", "epoch": 54}
{"loss": 0.15413221716880798, "acc": 0.9437072277069092, "length": 4.999996185302734, "mode": "train", "epoch": 55}
{"loss": 0.24853132665157318, "acc": 0.9178837537765503, "length": 5.0, "mode": "test", "epoch": 55}
{"loss": 0.16155876219272614, "acc": 0.9392480254173279, "length": 4.999915599822998, "mode": "train", "epoch": 56}
{"loss": 0.24310137331485748, "acc": 0.9185053110122681, "length": 5.0, "mode": "test", "epoch": 56}
{"loss": 0.15309318900108337, "acc": 0.943568229675293, "length": 4.999655246734619, "mode": "train", "epoch": 57}
{"loss": 0.2515217661857605, "acc": 0.9139217138290405, "length": 5.0, "mode": "test", "epoch": 57}
{"loss": 0.21456241607666016, "acc": 0.91864413022995, "length": 4.999972343444824, "mode": "train", "epoch": 58}
{"loss": 0.28159990906715393, "acc": 0.896131157875061, "length": 5.0, "mode": "test", "epoch": 58}
{"loss": 0.20879869163036346, "acc": 0.9200950860977173, "length": 4.999835014343262, "mode": "train", "epoch": 59}
{"loss": 0.2557682693004608, "acc": 0.9040552973747253, "length": 5.0, "mode": "test", "epoch": 59}
{"loss": 0.1876133531332016, "acc": 0.9301216006278992, "length": 4.999886512756348, "mode": "train", "epoch": 60}
{"loss": 0.2485361248254776, "acc": 0.9122901558876038, "length": 5.0, "mode": "test", "epoch": 60}
{"loss": 0.17551006376743317, "acc": 0.9340397119522095, "length": 4.999995231628418, "mode": "train", "epoch": 61}
{"loss": 0.2412230521440506, "acc": 0.9139217138290405, "length": 5.0, "mode": "test", "epoch": 61}
{"loss": 0.16909396648406982, "acc": 0.9376941919326782, "length": 4.999990463256836, "mode": "train", "epoch": 62}
{"loss": 0.24351786077022552, "acc": 0.9164853692054749, "length": 5.0, "mode": "test", "epoch": 62}
{"loss": 0.17953723669052124, "acc": 0.9316810369491577, "length": 4.999982833862305, "mode": "train", "epoch": 63}
{"loss": 0.25179728865623474, "acc": 0.9116687178611755, "length": 5.0, "mode": "test", "epoch": 63}
{"loss": 0.16443705558776855, "acc": 0.9392494559288025, "length": 5.0, "mode": "train", "epoch": 64}
{"loss": 0.23403090238571167, "acc": 0.9176506996154785, "length": 5.0, "mode": "test", "epoch": 64}
{"loss": 0.15587788820266724, "acc": 0.9412189722061157, "length": 4.999994277954102, "mode": "train", "epoch": 65}
{"loss": 0.22828394174575806, "acc": 0.9227004647254944, "length": 5.0, "mode": "test", "epoch": 65}
{"loss": 0.16922762989997864, "acc": 0.9386533498764038, "length": 4.999998569488525, "mode": "train", "epoch": 66}
{"loss": 0.257068395614624, "acc": 0.9128340482711792, "length": 5.0, "mode": "test", "epoch": 66}
{"loss": 0.1583539843559265, "acc": 0.9407526254653931, "length": 4.999996662139893, "mode": "train", "epoch": 67}
{"loss": 0.23313571512699127, "acc": 0.9202144145965576, "length": 5.0, "mode": "test", "epoch": 67}
{"loss": 0.145738884806633, "acc": 0.9465516805648804, "length": 4.999881267547607, "mode": "train", "epoch": 68}
{"loss": 0.22881463170051575, "acc": 0.9212243556976318, "length": 5.0, "mode": "test", "epoch": 68}
{"loss": 0.14150744676589966, "acc": 0.9492533802986145, "length": 4.999993801116943, "mode": "train", "epoch": 69}
{"loss": 0.22528253495693207, "acc": 0.9258079528808594, "length": 5.0, "mode": "test", "epoch": 69}
{"loss": 0.14555135369300842, "acc": 0.9476205706596375, "length": 4.999989032745361, "mode": "train", "epoch": 70}
{"loss": 0.24093544483184814, "acc": 0.9198259115219116, "length": 5.0, "mode": "test", "epoch": 70}
{"loss": 0.13888125121593475, "acc": 0.9492257237434387, "length": 4.999951362609863, "mode": "train", "epoch": 71}
{"loss": 0.2255217581987381, "acc": 0.9248756766319275, "length": 5.0, "mode": "test", "epoch": 71}
{"loss": 0.14178140461444855, "acc": 0.949253499507904, "length": 4.999996662139893, "mode": "train", "epoch": 72}
{"loss": 0.2756527364253998, "acc": 0.9032007455825806, "length": 5.0, "mode": "test", "epoch": 72}
{"loss": 0.16393586993217468, "acc": 0.9388838410377502, "length": 4.999876022338867, "mode": "train", "epoch": 73}
{"loss": 0.2302837073802948, "acc": 0.9180391430854797, "length": 5.0, "mode": "test", "epoch": 73}
{"loss": 0.14674583077430725, "acc": 0.9444846510887146, "length": 4.999996662139893, "mode": "train", "epoch": 74}
{"loss": 0.22791917622089386, "acc": 0.9218458533287048, "length": 5.0, "mode": "test", "epoch": 74}
{"loss": 0.13897457718849182, "acc": 0.9489424824714661, "length": 4.999994277954102, "mode": "train", "epoch": 75}
{"loss": 0.2290375530719757, "acc": 0.9231665730476379, "length": 5.0, "mode": "test", "epoch": 75}
{"loss": 0.13843336701393127, "acc": 0.9500554800033569, "length": 4.99993371963501, "mode": "train", "epoch": 76}
{"loss": 0.2205633968114853, "acc": 0.9237104058265686, "length": 5.0, "mode": "test", "epoch": 76}
{"loss": 0.13745510578155518, "acc": 0.9494606256484985, "length": 4.999993801116943, "mode": "train", "epoch": 77}
{"loss": 0.23447415232658386, "acc": 0.9216904640197754, "length": 5.0, "mode": "test", "epoch": 77}
{"loss": 0.13927261531352997, "acc": 0.9478534460067749, "length": 4.9999871253967285, "mode": "train", "epoch": 78}
{"loss": 0.23830139636993408, "acc": 0.9233996272087097, "length": 5.0, "mode": "test", "epoch": 78}
{"loss": 0.13076168298721313, "acc": 0.9516890048980713, "length": 4.9999871253967285, "mode": "train", "epoch": 79}
{"loss": 0.2296631783246994, "acc": 0.9203698039054871, "length": 5.0, "mode": "test", "epoch": 79}
{"loss": 0.15002165734767914, "acc": 0.9464541673660278, "length": 4.999979019165039, "mode": "train", "epoch": 80}
{"loss": 0.23806728422641754, "acc": 0.9188159704208374, "length": 5.0, "mode": "test", "epoch": 80}
{"loss": 0.14380773901939392, "acc": 0.9487346410751343, "length": 4.999980926513672, "mode": "train", "epoch": 81}
{"loss": 0.22080372273921967, "acc": 0.9226227402687073, "length": 5.0, "mode": "test", "epoch": 81}
{"loss": 0.1473292112350464, "acc": 0.9466018676757812, "length": 4.999809741973877, "mode": "train", "epoch": 82}
{"loss": 0.2270200550556183, "acc": 0.9240211248397827, "length": 5.0, "mode": "test", "epoch": 82}
{"loss": 0.14121074974536896, "acc": 0.9479575157165527, "length": 4.999996185302734, "mode": "train", "epoch": 83}
{"loss": 0.22399938106536865, "acc": 0.9233995676040649, "length": 5.0, "mode": "test", "epoch": 83}
{"loss": 0.13050015270709991, "acc": 0.9545146226882935, "length": 4.999997138977051, "mode": "train", "epoch": 84}
{"loss": 0.22712475061416626, "acc": 0.9247980117797852, "length": 5.0, "mode": "test", "epoch": 84}
{"loss": 0.12810570001602173, "acc": 0.9552143216133118, "length": 4.999990463256836, "mode": "train", "epoch": 85}
{"loss": 0.21840675175189972, "acc": 0.9258079528808594, "length": 5.0, "mode": "test", "epoch": 85}
{"loss": 0.13205359876155853, "acc": 0.9521240592002869, "length": 4.999819278717041, "mode": "train", "epoch": 86}
{"loss": 0.2137795090675354, "acc": 0.9273616671562195, "length": 5.0, "mode": "test", "epoch": 86}
{"loss": 0.141856387257576, "acc": 0.9478533267974854, "length": 4.999988555908203, "mode": "train", "epoch": 87}
{"loss": 0.2157312035560608, "acc": 0.9261186122894287, "length": 5.0, "mode": "test", "epoch": 87}
{"loss": 0.13218113780021667, "acc": 0.952467143535614, "length": 4.999997138977051, "mode": "train", "epoch": 88}
{"loss": 0.218281552195549, "acc": 0.9258079528808594, "length": 5.0, "mode": "test", "epoch": 88}
{"loss": 0.16287606954574585, "acc": 0.9416067004203796, "length": 4.999977111816406, "mode": "train", "epoch": 89}
{"loss": 0.2769007682800293, "acc": 0.9091050624847412, "length": 5.0, "mode": "test", "epoch": 89}
{"loss": 0.19146010279655457, "acc": 0.9263684153556824, "length": 4.999996662139893, "mode": "train", "epoch": 90}
{"loss": 0.2573049068450928, "acc": 0.9126009941101074, "length": 5.0, "mode": "test", "epoch": 90}
{"loss": 0.1575583964586258, "acc": 0.9400269389152527, "length": 4.999996185302734, "mode": "train", "epoch": 91}
{"loss": 0.230763241648674, "acc": 0.9217681884765625, "length": 5.0, "mode": "test", "epoch": 91}
{"loss": 0.13994160294532776, "acc": 0.9503929615020752, "length": 4.999983787536621, "mode": "train", "epoch": 92}
{"loss": 0.21898363530635834, "acc": 0.9241765141487122, "length": 5.0, "mode": "test", "epoch": 92}
{"loss": 0.1379614621400833, "acc": 0.9497308135032654, "length": 4.9996657371521, "mode": "train", "epoch": 93}
{"loss": 0.21928833425045013, "acc": 0.9245649576187134, "length": 5.0, "mode": "test", "epoch": 93}
{"loss": 0.1405397206544876, "acc": 0.9483182430267334, "length": 4.999852180480957, "mode": "train", "epoch": 94}
{"loss": 0.22427062690258026, "acc": 0.9230888485908508, "length": 5.0, "mode": "test", "epoch": 94}
{"loss": 0.13881482183933258, "acc": 0.9497977495193481, "length": 4.999998092651367, "mode": "train", "epoch": 95}
{"loss": 0.21604716777801514, "acc": 0.9289155006408691, "length": 5.0, "mode": "test", "epoch": 95}
{"loss": 0.12992283701896667, "acc": 0.9530623555183411, "length": 4.999974250793457, "mode": "train", "epoch": 96}
{"loss": 0.21471725404262543, "acc": 0.9294592142105103, "length": 5.0, "mode": "test", "epoch": 96}
{"loss": 0.12641847133636475, "acc": 0.9548205733299255, "length": 4.999841213226318, "mode": "train", "epoch": 97}
{"loss": 0.21182109415531158, "acc": 0.9307023286819458, "length": 5.0, "mode": "test", "epoch": 97}
{"loss": 0.12100329250097275, "acc": 0.9565361142158508, "length": 4.999988079071045, "mode": "train", "epoch": 98}
{"loss": 0.21665236353874207, "acc": 0.9300031065940857, "length": 5.0, "mode": "test", "epoch": 98}
{"loss": 0.12301943451166153, "acc": 0.9568199515342712, "length": 4.999973773956299, "mode": "train", "epoch": 99}
{"loss": 0.21109960973262787, "acc": 0.9299253225326538, "length": 5.0, "mode": "test", "epoch": 99}
{"loss": 0.12205526977777481, "acc": 0.9565619826316833, "length": 4.999995231628418, "mode": "train", "epoch": 100}
{"loss": 0.20225222408771515, "acc": 0.9359074234962463, "length": 5.0, "mode": "test", "epoch": 100}
test accuracy: 0.8768335580825806
