# ["--attributes=4", "--values=4", "--game_size=10", "--vocab_size_factor=3", "--n_epochs=100", "--batch_size=32", "--learning_rate=0.001", "--hidden_size=128", "--temp_update=0.97", "--temperature=1"]
Creating train_ds and val_ds...

Creating test_ds...
{"loss": 0.5529252290725708, "acc": 0.682689905166626, "length": 3.758406162261963, "mode": "train", "epoch": 1}
{"loss": 0.4342816174030304, "acc": 0.7824945449829102, "length": 5.0, "mode": "test", "epoch": 1}
{"loss": 0.38793134689331055, "acc": 0.8151367902755737, "length": 4.997422218322754, "mode": "train", "epoch": 2}
{"loss": 0.3513893187046051, "acc": 0.8456765413284302, "length": 5.0, "mode": "test", "epoch": 2}
{"loss": 0.32568982243537903, "acc": 0.8541668653488159, "length": 4.999510765075684, "mode": "train", "epoch": 3}
{"loss": 0.3104081451892853, "acc": 0.865835964679718, "length": 5.0, "mode": "test", "epoch": 3}
{"loss": 0.29561829566955566, "acc": 0.870455801486969, "length": 4.999507427215576, "mode": "train", "epoch": 4}
{"loss": 0.29262420535087585, "acc": 0.8756665587425232, "length": 5.0, "mode": "test", "epoch": 4}
{"loss": 0.28240132331848145, "acc": 0.8790783286094666, "length": 4.999791145324707, "mode": "train", "epoch": 5}
{"loss": 0.2776670753955841, "acc": 0.88417649269104, "length": 5.0, "mode": "test", "epoch": 5}
{"loss": 0.27333006262779236, "acc": 0.8817929625511169, "length": 4.999875545501709, "mode": "train", "epoch": 6}
{"loss": 0.2718344032764435, "acc": 0.8860952854156494, "length": 5.0, "mode": "test", "epoch": 6}
{"loss": 0.2651466727256775, "acc": 0.8862428665161133, "length": 4.99992561340332, "mode": "train", "epoch": 7}
{"loss": 0.26217836141586304, "acc": 0.8882507681846619, "length": 5.0, "mode": "test", "epoch": 7}
{"loss": 0.26068758964538574, "acc": 0.8900503516197205, "length": 4.9999823570251465, "mode": "train", "epoch": 8}
{"loss": 0.26139599084854126, "acc": 0.8903065919876099, "length": 5.0, "mode": "test", "epoch": 8}
{"loss": 0.2543152868747711, "acc": 0.8922272324562073, "length": 4.999987602233887, "mode": "train", "epoch": 9}
{"loss": 0.25603675842285156, "acc": 0.8936082124710083, "length": 5.0, "mode": "test", "epoch": 9}
{"loss": 0.24766607582569122, "acc": 0.8941637277603149, "length": 4.99995231628418, "mode": "train", "epoch": 10}
{"loss": 0.2648008465766907, "acc": 0.8919388055801392, "length": 5.0, "mode": "test", "epoch": 10}
{"loss": 0.24832409620285034, "acc": 0.8943210244178772, "length": 4.999986171722412, "mode": "train", "epoch": 11}
{"loss": 0.26853469014167786, "acc": 0.8862572312355042, "length": 5.0, "mode": "test", "epoch": 11}
{"loss": 0.24801163375377655, "acc": 0.8950814008712769, "length": 4.999993801116943, "mode": "train", "epoch": 12}
{"loss": 0.24464967846870422, "acc": 0.9004858732223511, "length": 5.0, "mode": "test", "epoch": 12}
{"loss": 0.24158553779125214, "acc": 0.8974535465240479, "length": 4.999997615814209, "mode": "train", "epoch": 13}
{"loss": 0.2497253566980362, "acc": 0.8937577605247498, "length": 5.0, "mode": "test", "epoch": 13}
{"loss": 0.23728013038635254, "acc": 0.898479700088501, "length": 4.999998569488525, "mode": "train", "epoch": 14}
{"loss": 0.24346190690994263, "acc": 0.9006727933883667, "length": 5.0, "mode": "test", "epoch": 14}
{"loss": 0.2322303056716919, "acc": 0.9012625813484192, "length": 4.999998092651367, "mode": "train", "epoch": 15}
{"loss": 0.2338050752878189, "acc": 0.9034761786460876, "length": 5.0, "mode": "test", "epoch": 15}
{"loss": 0.2289363294839859, "acc": 0.9037009477615356, "length": 4.999998092651367, "mode": "train", "epoch": 16}
{"loss": 0.22958891093730927, "acc": 0.9081859588623047, "length": 5.0, "mode": "test", "epoch": 16}
{"loss": 0.22567440569400787, "acc": 0.9074119329452515, "length": 4.999973773956299, "mode": "train", "epoch": 17}
{"loss": 0.2268436849117279, "acc": 0.906790554523468, "length": 5.0, "mode": "test", "epoch": 17}
{"loss": 0.22085760533809662, "acc": 0.9094874262809753, "length": 4.999999046325684, "mode": "train", "epoch": 18}
{"loss": 0.22958271205425262, "acc": 0.9055818915367126, "length": 5.0, "mode": "test", "epoch": 18}
{"loss": 0.22302144765853882, "acc": 0.9094207882881165, "length": 4.999995231628418, "mode": "train", "epoch": 19}
{"loss": 0.22622165083885193, "acc": 0.9111513495445251, "length": 5.0, "mode": "test", "epoch": 19}
{"loss": 0.21550023555755615, "acc": 0.9121001958847046, "length": 4.999999523162842, "mode": "train", "epoch": 20}
{"loss": 0.2179584950208664, "acc": 0.913705587387085, "length": 5.0, "mode": "test", "epoch": 20}
{"loss": 0.21231605112552643, "acc": 0.9138396978378296, "length": 4.99998664855957, "mode": "train", "epoch": 21}
{"loss": 0.22005362808704376, "acc": 0.9148643612861633, "length": 5.0, "mode": "test", "epoch": 21}
{"loss": 0.21227508783340454, "acc": 0.9159008860588074, "length": 4.999998569488525, "mode": "train", "epoch": 22}
{"loss": 0.21118046343326569, "acc": 0.9190130829811096, "length": 5.0, "mode": "test", "epoch": 22}
{"loss": 0.20585282146930695, "acc": 0.9181190729141235, "length": 5.0, "mode": "train", "epoch": 23}
{"loss": 0.21143852174282074, "acc": 0.9232493042945862, "length": 5.0, "mode": "test", "epoch": 23}
{"loss": 0.20459263026714325, "acc": 0.919394314289093, "length": 5.0, "mode": "train", "epoch": 24}
{"loss": 0.23277603089809418, "acc": 0.9100548624992371, "length": 5.0, "mode": "test", "epoch": 24}
{"loss": 0.21242211759090424, "acc": 0.915294349193573, "length": 4.999998569488525, "mode": "train", "epoch": 25}
{"loss": 0.20309090614318848, "acc": 0.9230875968933105, "length": 5.0, "mode": "test", "epoch": 25}
{"loss": 0.20566202700138092, "acc": 0.9192115664482117, "length": 5.0, "mode": "train", "epoch": 26}
{"loss": 0.20876656472682953, "acc": 0.9207202196121216, "length": 5.0, "mode": "test", "epoch": 26}
{"loss": 0.1992987096309662, "acc": 0.9217038154602051, "length": 4.999999523162842, "mode": "train", "epoch": 27}
{"loss": 0.20510870218276978, "acc": 0.9242836236953735, "length": 5.0, "mode": "test", "epoch": 27}
{"loss": 0.2016945630311966, "acc": 0.9221108555793762, "length": 5.0, "mode": "train", "epoch": 28}
{"loss": 0.22586855292320251, "acc": 0.9174556732177734, "length": 5.0, "mode": "test", "epoch": 28}
{"loss": 0.21003548800945282, "acc": 0.919489860534668, "length": 5.0, "mode": "train", "epoch": 29}
{"loss": 0.20370052754878998, "acc": 0.9247945547103882, "length": 5.0, "mode": "test", "epoch": 29}
{"loss": 0.20694370567798615, "acc": 0.9205366969108582, "length": 5.0, "mode": "train", "epoch": 30}
{"loss": 0.2089357078075409, "acc": 0.9227510690689087, "length": 5.0, "mode": "test", "epoch": 30}
{"loss": 0.20961950719356537, "acc": 0.9176995754241943, "length": 5.0, "mode": "train", "epoch": 31}
{"loss": 0.20832188427448273, "acc": 0.9213804006576538, "length": 5.0, "mode": "test", "epoch": 31}
{"loss": 0.2106010764837265, "acc": 0.9178532361984253, "length": 5.0, "mode": "train", "epoch": 32}
{"loss": 0.21855837106704712, "acc": 0.9168328046798706, "length": 5.0, "mode": "test", "epoch": 32}
{"loss": 0.20436853170394897, "acc": 0.9204078316688538, "length": 5.0, "mode": "train", "epoch": 33}
{"loss": 0.20137432217597961, "acc": 0.9220906496047974, "length": 5.0, "mode": "test", "epoch": 33}
{"loss": 0.1973821073770523, "acc": 0.9224330186843872, "length": 4.999974727630615, "mode": "train", "epoch": 34}
{"loss": 0.19633211195468903, "acc": 0.9243083596229553, "length": 5.0, "mode": "test", "epoch": 34}
{"loss": 0.19258473813533783, "acc": 0.9237601161003113, "length": 5.0, "mode": "train", "epoch": 35}
{"loss": 0.19366739690303802, "acc": 0.926327109336853, "length": 5.0, "mode": "test", "epoch": 35}
{"loss": 0.19772067666053772, "acc": 0.9224018454551697, "length": 5.0, "mode": "train", "epoch": 36}
{"loss": 0.20727995038032532, "acc": 0.9195117354393005, "length": 5.0, "mode": "test", "epoch": 36}
{"loss": 0.20180928707122803, "acc": 0.9205741882324219, "length": 5.0, "mode": "train", "epoch": 37}
{"loss": 0.2114710807800293, "acc": 0.9176303148269653, "length": 5.0, "mode": "test", "epoch": 37}
{"loss": 0.201584592461586, "acc": 0.9206530451774597, "length": 5.0, "mode": "train", "epoch": 38}
{"loss": 0.20300398766994476, "acc": 0.9227511286735535, "length": 5.0, "mode": "test", "epoch": 38}
{"loss": 0.19608467817306519, "acc": 0.9222813248634338, "length": 5.0, "mode": "train", "epoch": 39}
{"loss": 0.20195350050926208, "acc": 0.9209195375442505, "length": 5.0, "mode": "test", "epoch": 39}
{"loss": 0.19306321442127228, "acc": 0.9245535135269165, "length": 5.0, "mode": "train", "epoch": 40}
{"loss": 0.20047037303447723, "acc": 0.9239472150802612, "length": 5.0, "mode": "test", "epoch": 40}
{"loss": 0.19036205112934113, "acc": 0.9259243011474609, "length": 5.0, "mode": "train", "epoch": 41}
{"loss": 0.2037123441696167, "acc": 0.923137366771698, "length": 5.0, "mode": "test", "epoch": 41}
{"loss": 0.19699862599372864, "acc": 0.9232159852981567, "length": 5.0, "mode": "train", "epoch": 42}
{"loss": 0.1964774876832962, "acc": 0.9252554774284363, "length": 5.0, "mode": "test", "epoch": 42}
{"loss": 0.18963441252708435, "acc": 0.9252344369888306, "length": 4.999998092651367, "mode": "train", "epoch": 43}
{"loss": 0.1910686492919922, "acc": 0.9284949898719788, "length": 5.0, "mode": "test", "epoch": 43}
{"loss": 0.19119149446487427, "acc": 0.9244703650474548, "length": 5.0, "mode": "train", "epoch": 44}
{"loss": 0.19396615028381348, "acc": 0.9260278940200806, "length": 5.0, "mode": "test", "epoch": 44}
{"loss": 0.1898649036884308, "acc": 0.9250810742378235, "length": 5.0, "mode": "train", "epoch": 45}
{"loss": 0.19462928175926208, "acc": 0.927473247051239, "length": 5.0, "mode": "test", "epoch": 45}
{"loss": 0.18198543787002563, "acc": 0.9294342994689941, "length": 5.0, "mode": "train", "epoch": 46}
{"loss": 0.19225837290287018, "acc": 0.9279965758323669, "length": 5.0, "mode": "test", "epoch": 46}
{"loss": 0.1850186288356781, "acc": 0.9279430508613586, "length": 5.0, "mode": "train", "epoch": 47}
{"loss": 0.1925099492073059, "acc": 0.9289684295654297, "length": 5.0, "mode": "test", "epoch": 47}
{"loss": 0.18702323734760284, "acc": 0.928026020526886, "length": 5.0, "mode": "train", "epoch": 48}
{"loss": 0.19025082886219025, "acc": 0.9295041561126709, "length": 5.0, "mode": "test", "epoch": 48}
{"loss": 0.18025082349777222, "acc": 0.9300864338874817, "length": 5.0, "mode": "train", "epoch": 49}
{"loss": 0.18779468536376953, "acc": 0.9309371709823608, "length": 5.0, "mode": "test", "epoch": 49}
{"loss": 0.18075789511203766, "acc": 0.9305723905563354, "length": 5.0, "mode": "train", "epoch": 50}
{"loss": 0.18808269500732422, "acc": 0.9313231706619263, "length": 5.0, "mode": "test", "epoch": 50}
{"loss": 0.19624556601047516, "acc": 0.9245449304580688, "length": 4.999997615814209, "mode": "train", "epoch": 51}
{"loss": 0.2024957686662674, "acc": 0.9244953989982605, "length": 5.0, "mode": "test", "epoch": 51}
{"loss": 0.18947236239910126, "acc": 0.9275359511375427, "length": 5.0, "mode": "train", "epoch": 52}
{"loss": 0.19171679019927979, "acc": 0.9305009245872498, "length": 5.0, "mode": "test", "epoch": 52}
{"loss": 0.17867444455623627, "acc": 0.9316774010658264, "length": 5.0, "mode": "train", "epoch": 53}
{"loss": 0.18379747867584229, "acc": 0.9321953058242798, "length": 5.0, "mode": "test", "epoch": 53}
{"loss": 0.1734369397163391, "acc": 0.9339327812194824, "length": 5.0, "mode": "train", "epoch": 54}
{"loss": 0.1811373233795166, "acc": 0.9325193762779236, "length": 5.0, "mode": "test", "epoch": 54}
{"loss": 0.17686264216899872, "acc": 0.9324208498001099, "length": 5.0, "mode": "train", "epoch": 55}
{"loss": 0.1907515972852707, "acc": 0.9288312196731567, "length": 5.0, "mode": "test", "epoch": 55}
{"loss": 0.1793661117553711, "acc": 0.9313409328460693, "length": 5.0, "mode": "train", "epoch": 56}
{"loss": 0.18638259172439575, "acc": 0.9314354658126831, "length": 5.0, "mode": "test", "epoch": 56}
{"loss": 0.18546262383460999, "acc": 0.9285244941711426, "length": 5.0, "mode": "train", "epoch": 57}
{"loss": 0.18874476850032806, "acc": 0.9306628704071045, "length": 5.0, "mode": "test", "epoch": 57}
{"loss": 0.17859338223934174, "acc": 0.9314945936203003, "length": 5.0, "mode": "train", "epoch": 58}
{"loss": 0.18585528433322906, "acc": 0.9307376146316528, "length": 5.0, "mode": "test", "epoch": 58}
{"loss": 0.18105629086494446, "acc": 0.9294882416725159, "length": 5.0, "mode": "train", "epoch": 59}
{"loss": 0.19347690045833588, "acc": 0.9287815690040588, "length": 5.0, "mode": "test", "epoch": 59}
{"loss": 0.18231725692749023, "acc": 0.9296140074729919, "length": 4.999917984008789, "mode": "train", "epoch": 60}
{"loss": 0.18323998153209686, "acc": 0.9327934980392456, "length": 5.0, "mode": "test", "epoch": 60}
{"loss": 0.17578579485416412, "acc": 0.9335340261459351, "length": 5.0, "mode": "train", "epoch": 61}
{"loss": 0.18223868310451508, "acc": 0.9333541393280029, "length": 5.0, "mode": "test", "epoch": 61}
{"loss": 0.17117063701152802, "acc": 0.9351872801780701, "length": 5.0, "mode": "train", "epoch": 62}
{"loss": 0.17775551974773407, "acc": 0.9367181062698364, "length": 5.0, "mode": "test", "epoch": 62}
{"loss": 0.1702745109796524, "acc": 0.9355072975158691, "length": 4.999999523162842, "mode": "train", "epoch": 63}
{"loss": 0.1818401962518692, "acc": 0.9334787726402283, "length": 5.0, "mode": "test", "epoch": 63}
{"loss": 0.17112071812152863, "acc": 0.9355113506317139, "length": 5.0, "mode": "train", "epoch": 64}
{"loss": 0.18140831589698792, "acc": 0.9345254302024841, "length": 5.0, "mode": "test", "epoch": 64}
{"loss": 0.16980110108852386, "acc": 0.9361303448677063, "length": 5.0, "mode": "train", "epoch": 65}
{"loss": 0.1797831654548645, "acc": 0.9324197173118591, "length": 5.0, "mode": "test", "epoch": 65}
{"loss": 0.17342844605445862, "acc": 0.9349755048751831, "length": 4.999999523162842, "mode": "train", "epoch": 66}
{"loss": 0.1955941915512085, "acc": 0.9293919801712036, "length": 5.0, "mode": "test", "epoch": 66}
{"loss": 0.17905549705028534, "acc": 0.9334427118301392, "length": 5.0, "mode": "train", "epoch": 67}
{"loss": 0.19427454471588135, "acc": 0.9278470873832703, "length": 5.0, "mode": "test", "epoch": 67}
{"loss": 0.17741253972053528, "acc": 0.9328321814537048, "length": 5.0, "mode": "train", "epoch": 68}
{"loss": 0.17956124246120453, "acc": 0.9340269565582275, "length": 5.0, "mode": "test", "epoch": 68}
{"loss": 0.16987991333007812, "acc": 0.9360347986221313, "length": 5.0, "mode": "train", "epoch": 69}
{"loss": 0.18597248196601868, "acc": 0.9336531162261963, "length": 5.0, "mode": "test", "epoch": 69}
{"loss": 0.17123378813266754, "acc": 0.9355819225311279, "length": 5.0, "mode": "train", "epoch": 70}
{"loss": 0.18426533043384552, "acc": 0.9355593919754028, "length": 5.0, "mode": "test", "epoch": 70}
{"loss": 0.16995620727539062, "acc": 0.9360721111297607, "length": 5.0, "mode": "train", "epoch": 71}
{"loss": 0.1865227073431015, "acc": 0.9325067400932312, "length": 5.0, "mode": "test", "epoch": 71}
{"loss": 0.17097525298595428, "acc": 0.9357356429100037, "length": 5.0, "mode": "train", "epoch": 72}
{"loss": 0.17890602350234985, "acc": 0.9371293783187866, "length": 5.0, "mode": "test", "epoch": 72}
{"loss": 0.16523899137973785, "acc": 0.9376797080039978, "length": 5.0, "mode": "train", "epoch": 73}
{"loss": 0.18460458517074585, "acc": 0.9337777495384216, "length": 5.0, "mode": "test", "epoch": 73}
{"loss": 0.17355164885520935, "acc": 0.9351084232330322, "length": 5.0, "mode": "train", "epoch": 74}
{"loss": 0.17698563635349274, "acc": 0.937154233455658, "length": 5.0, "mode": "test", "epoch": 74}
{"loss": 0.16356395184993744, "acc": 0.9385477900505066, "length": 5.0, "mode": "train", "epoch": 75}
{"loss": 0.17312833666801453, "acc": 0.9385373592376709, "length": 5.0, "mode": "test", "epoch": 75}
{"loss": 0.16358067095279694, "acc": 0.9384440183639526, "length": 5.0, "mode": "train", "epoch": 76}
{"loss": 0.1716299206018448, "acc": 0.9398455619812012, "length": 5.0, "mode": "test", "epoch": 76}
{"loss": 0.158572256565094, "acc": 0.940886378288269, "length": 5.0, "mode": "train", "epoch": 77}
{"loss": 0.1713840216398239, "acc": 0.939808189868927, "length": 5.0, "mode": "test", "epoch": 77}
{"loss": 0.164041668176651, "acc": 0.9385727047920227, "length": 5.0, "mode": "train", "epoch": 78}
{"loss": 0.1734224408864975, "acc": 0.9380513429641724, "length": 5.0, "mode": "test", "epoch": 78}
{"loss": 0.1579141765832901, "acc": 0.942028820514679, "length": 5.0, "mode": "train", "epoch": 79}
{"loss": 0.1697836071252823, "acc": 0.940194308757782, "length": 5.0, "mode": "test", "epoch": 79}
{"loss": 0.15535910427570343, "acc": 0.9439229965209961, "length": 5.0, "mode": "train", "epoch": 80}
{"loss": 0.16306105256080627, "acc": 0.9438948035240173, "length": 5.0, "mode": "test", "epoch": 80}
{"loss": 0.1543598771095276, "acc": 0.9435948133468628, "length": 5.0, "mode": "train", "epoch": 81}
{"loss": 0.16706031560897827, "acc": 0.9427111148834229, "length": 5.0, "mode": "test", "epoch": 81}
{"loss": 0.1497325599193573, "acc": 0.9457256197929382, "length": 5.0, "mode": "train", "epoch": 82}
{"loss": 0.16113319993019104, "acc": 0.9442810416221619, "length": 5.0, "mode": "test", "epoch": 82}
{"loss": 0.15070761740207672, "acc": 0.9454349279403687, "length": 5.0, "mode": "train", "epoch": 83}
{"loss": 0.1608595848083496, "acc": 0.9463494420051575, "length": 5.0, "mode": "test", "epoch": 83}
{"loss": 0.14805398881435394, "acc": 0.946925699710846, "length": 4.999991416931152, "mode": "train", "epoch": 84}
{"loss": 0.1600748747587204, "acc": 0.9465861916542053, "length": 5.0, "mode": "test", "epoch": 84}
{"loss": 0.14893263578414917, "acc": 0.946660041809082, "length": 5.0, "mode": "train", "epoch": 85}
{"loss": 0.16164705157279968, "acc": 0.9440818428993225, "length": 5.0, "mode": "test", "epoch": 85}
{"loss": 0.1514379382133484, "acc": 0.9453850388526917, "length": 5.0, "mode": "train", "epoch": 86}
{"loss": 0.16854678094387054, "acc": 0.9417642951011658, "length": 5.0, "mode": "test", "epoch": 86}
{"loss": 0.1558157503604889, "acc": 0.94386887550354, "length": 5.0, "mode": "train", "epoch": 87}
{"loss": 0.17385956645011902, "acc": 0.9417891502380371, "length": 5.0, "mode": "test", "epoch": 87}
{"loss": 0.1544523686170578, "acc": 0.9435822367668152, "length": 5.0, "mode": "train", "epoch": 88}
{"loss": 0.1630818098783493, "acc": 0.9438825249671936, "length": 5.0, "mode": "test", "epoch": 88}
{"loss": 0.1536385416984558, "acc": 0.9448491930961609, "length": 5.0, "mode": "train", "epoch": 89}
{"loss": 0.16189999878406525, "acc": 0.9451532363891602, "length": 5.0, "mode": "test", "epoch": 89}
{"loss": 0.15016363561153412, "acc": 0.946219801902771, "length": 5.0, "mode": "train", "epoch": 90}
{"loss": 0.16011834144592285, "acc": 0.9457389712333679, "length": 5.0, "mode": "test", "epoch": 90}
{"loss": 0.14847993850708008, "acc": 0.9470300078392029, "length": 5.0, "mode": "train", "epoch": 91}
{"loss": 0.1571023017168045, "acc": 0.9466857314109802, "length": 5.0, "mode": "test", "epoch": 91}
{"loss": 0.14660842716693878, "acc": 0.947279155254364, "length": 5.0, "mode": "train", "epoch": 92}
{"loss": 0.15946775674819946, "acc": 0.9469723105430603, "length": 5.0, "mode": "test", "epoch": 92}
{"loss": 0.15299706161022186, "acc": 0.944604218006134, "length": 5.0, "mode": "train", "epoch": 93}
{"loss": 0.17105700075626373, "acc": 0.9413159489631653, "length": 5.0, "mode": "test", "epoch": 93}
{"loss": 0.15121038258075714, "acc": 0.9446996450424194, "length": 5.0, "mode": "train", "epoch": 94}
{"loss": 0.17346303164958954, "acc": 0.9410168528556824, "length": 5.0, "mode": "test", "epoch": 94}
{"loss": 0.1483754962682724, "acc": 0.9455760717391968, "length": 5.0, "mode": "train", "epoch": 95}
{"loss": 0.1624288409948349, "acc": 0.9451781511306763, "length": 5.0, "mode": "test", "epoch": 95}
{"loss": 0.15048956871032715, "acc": 0.9449572563171387, "length": 5.0, "mode": "train", "epoch": 96}
{"loss": 0.16680249571800232, "acc": 0.9417767524719238, "length": 5.0, "mode": "test", "epoch": 96}
{"loss": 0.14963774383068085, "acc": 0.9455056190490723, "length": 5.0, "mode": "train", "epoch": 97}
{"loss": 0.16414649784564972, "acc": 0.9430724382400513, "length": 5.0, "mode": "test", "epoch": 97}
{"loss": 0.15432806313037872, "acc": 0.9438731074333191, "length": 5.0, "mode": "train", "epoch": 98}
{"loss": 0.17115795612335205, "acc": 0.9393472075462341, "length": 5.0, "mode": "test", "epoch": 98}
{"loss": 0.15297558903694153, "acc": 0.9437234997749329, "length": 5.0, "mode": "train", "epoch": 99}
{"loss": 0.16124321520328522, "acc": 0.9428980946540833, "length": 5.0, "mode": "test", "epoch": 99}
{"loss": 0.1470545530319214, "acc": 0.9467101097106934, "length": 5.0, "mode": "train", "epoch": 100}
{"loss": 0.16079504787921906, "acc": 0.9470970034599304, "length": 5.0, "mode": "test", "epoch": 100}
test accuracy: 0.855253279209137
