# ["--attributes=4", "--values=4", "--game_size=10", "--vocab_size_factor=3", "--n_epochs=100", "--batch_size=32", "--learning_rate=0.001", "--hidden_size=128", "--temp_update=0.97", "--temperature=1.5"]
Creating train_ds and val_ds...

Creating test_ds...
{"loss": 0.5761706829071045, "acc": 0.6883599758148193, "length": 2.7315077781677246, "mode": "train", "epoch": 1}
{"loss": 0.534977376461029, "acc": 0.7493844628334045, "length": 3.023080825805664, "mode": "test", "epoch": 1}
{"loss": 0.4371986389160156, "acc": 0.7987236976623535, "length": 4.599123954772949, "mode": "train", "epoch": 2}
{"loss": 0.37570542097091675, "acc": 0.8285749554634094, "length": 5.0, "mode": "test", "epoch": 2}
{"loss": 0.34325820207595825, "acc": 0.8495981097221375, "length": 4.992819786071777, "mode": "train", "epoch": 3}
{"loss": 0.34946489334106445, "acc": 0.8426742553710938, "length": 5.0, "mode": "test", "epoch": 3}
{"loss": 0.2973167598247528, "acc": 0.8712654709815979, "length": 4.997267246246338, "mode": "train", "epoch": 4}
{"loss": 0.2913365364074707, "acc": 0.8751380443572998, "length": 5.0, "mode": "test", "epoch": 4}
{"loss": 0.2647724449634552, "acc": 0.8891482949256897, "length": 4.998725891113281, "mode": "train", "epoch": 5}
{"loss": 0.2724931836128235, "acc": 0.8849974870681763, "length": 5.0, "mode": "test", "epoch": 5}
{"loss": 0.2420583814382553, "acc": 0.9007406234741211, "length": 4.999488830566406, "mode": "train", "epoch": 6}
{"loss": 0.25119417905807495, "acc": 0.8974035382270813, "length": 5.0, "mode": "test", "epoch": 6}
{"loss": 0.2163204848766327, "acc": 0.9126044511795044, "length": 4.999702453613281, "mode": "train", "epoch": 7}
{"loss": 0.2347184419631958, "acc": 0.9054692387580872, "length": 5.0, "mode": "test", "epoch": 7}
{"loss": 0.2010868936777115, "acc": 0.919734001159668, "length": 4.999805927276611, "mode": "train", "epoch": 8}
{"loss": 0.22375066578388214, "acc": 0.9073382019996643, "length": 5.0, "mode": "test", "epoch": 8}
{"loss": 0.18818841874599457, "acc": 0.9267800450325012, "length": 4.999855041503906, "mode": "train", "epoch": 9}
{"loss": 0.20724216103553772, "acc": 0.9171725511550903, "length": 5.0, "mode": "test", "epoch": 9}
{"loss": 0.17720215022563934, "acc": 0.9320757985115051, "length": 4.99987268447876, "mode": "train", "epoch": 10}
{"loss": 0.2003815472126007, "acc": 0.9237831830978394, "length": 5.0, "mode": "test", "epoch": 10}
{"loss": 0.17082685232162476, "acc": 0.9353182315826416, "length": 4.999933242797852, "mode": "train", "epoch": 11}
{"loss": 0.18586990237236023, "acc": 0.928386926651001, "length": 5.0, "mode": "test", "epoch": 11}
{"loss": 0.16482242941856384, "acc": 0.9382558465003967, "length": 4.999957084655762, "mode": "train", "epoch": 12}
{"loss": 0.18807032704353333, "acc": 0.9308078289031982, "length": 5.0, "mode": "test", "epoch": 12}
{"loss": 0.1582646369934082, "acc": 0.9411254525184631, "length": 4.999964714050293, "mode": "train", "epoch": 13}
{"loss": 0.18671195209026337, "acc": 0.9304816722869873, "length": 5.0, "mode": "test", "epoch": 13}
{"loss": 0.15759435296058655, "acc": 0.9421138167381287, "length": 4.999974250793457, "mode": "train", "epoch": 14}
{"loss": 0.1660044640302658, "acc": 0.939551055431366, "length": 5.0, "mode": "test", "epoch": 14}
{"loss": 0.1473647505044937, "acc": 0.9456236958503723, "length": 4.9999847412109375, "mode": "train", "epoch": 15}
{"loss": 0.1642388552427292, "acc": 0.9403535723686218, "length": 5.0, "mode": "test", "epoch": 15}
{"loss": 0.14498691260814667, "acc": 0.9472470879554749, "length": 4.999992370605469, "mode": "train", "epoch": 16}
{"loss": 0.17386950552463531, "acc": 0.9380707740783691, "length": 5.0, "mode": "test", "epoch": 16}
{"loss": 0.14262735843658447, "acc": 0.9480879306793213, "length": 4.999993324279785, "mode": "train", "epoch": 17}
{"loss": 0.17066647112369537, "acc": 0.9388360381126404, "length": 5.0, "mode": "test", "epoch": 17}
{"loss": 0.14901956915855408, "acc": 0.9462143778800964, "length": 4.999998092651367, "mode": "train", "epoch": 18}
{"loss": 0.16407649219036102, "acc": 0.9431257843971252, "length": 5.0, "mode": "test", "epoch": 18}
{"loss": 0.14396744966506958, "acc": 0.9483518004417419, "length": 4.999998569488525, "mode": "train", "epoch": 19}
{"loss": 0.15888148546218872, "acc": 0.9440164566040039, "length": 5.0, "mode": "test", "epoch": 19}
{"loss": 0.1400059461593628, "acc": 0.9497110247612, "length": 4.999996185302734, "mode": "train", "epoch": 20}
{"loss": 0.16339005529880524, "acc": 0.9433643221855164, "length": 5.0, "mode": "test", "epoch": 20}
{"loss": 0.13695645332336426, "acc": 0.9516435861587524, "length": 4.999997615814209, "mode": "train", "epoch": 21}
{"loss": 0.15856698155403137, "acc": 0.9449072480201721, "length": 5.0, "mode": "test", "epoch": 21}
{"loss": 0.12990346550941467, "acc": 0.953283429145813, "length": 4.999999523162842, "mode": "train", "epoch": 22}
{"loss": 0.14444483816623688, "acc": 0.9481558799743652, "length": 5.0, "mode": "test", "epoch": 22}
{"loss": 0.1250038743019104, "acc": 0.9557344317436218, "length": 4.999999523162842, "mode": "train", "epoch": 23}
{"loss": 0.14256733655929565, "acc": 0.950526773929596, "length": 5.0, "mode": "test", "epoch": 23}
{"loss": 0.12757723033428192, "acc": 0.9538061618804932, "length": 5.0, "mode": "train", "epoch": 24}
{"loss": 0.14264868199825287, "acc": 0.9498242735862732, "length": 5.0, "mode": "test", "epoch": 24}
{"loss": 0.15635664761066437, "acc": 0.9404340982437134, "length": 5.0, "mode": "train", "epoch": 25}
{"loss": 0.1779642403125763, "acc": 0.9336427450180054, "length": 5.0, "mode": "test", "epoch": 25}
{"loss": 0.14482416212558746, "acc": 0.9455620050430298, "length": 4.999999523162842, "mode": "train", "epoch": 26}
{"loss": 0.15267828106880188, "acc": 0.9434770941734314, "length": 5.0, "mode": "test", "epoch": 26}
{"loss": 0.1401989907026291, "acc": 0.9492262601852417, "length": 4.999999523162842, "mode": "train", "epoch": 27}
{"loss": 0.14493153989315033, "acc": 0.9487206935882568, "length": 5.0, "mode": "test", "epoch": 27}
{"loss": 0.14136426150798798, "acc": 0.9486573338508606, "length": 5.0, "mode": "train", "epoch": 28}
{"loss": 0.1509670615196228, "acc": 0.9468265771865845, "length": 5.0, "mode": "test", "epoch": 28}
{"loss": 0.1391730010509491, "acc": 0.9500709772109985, "length": 5.0, "mode": "train", "epoch": 29}
{"loss": 0.15601710975170135, "acc": 0.9449950456619263, "length": 5.0, "mode": "test", "epoch": 29}
{"loss": 0.13589611649513245, "acc": 0.9508281350135803, "length": 5.0, "mode": "train", "epoch": 30}
{"loss": 0.1512584388256073, "acc": 0.9458227753639221, "length": 5.0, "mode": "test", "epoch": 30}
{"loss": 0.13206277787685394, "acc": 0.9530031681060791, "length": 5.0, "mode": "train", "epoch": 31}
{"loss": 0.14502093195915222, "acc": 0.9492348432540894, "length": 5.0, "mode": "test", "epoch": 31}
{"loss": 0.12673670053482056, "acc": 0.9547891020774841, "length": 5.0, "mode": "train", "epoch": 32}
{"loss": 0.15996044874191284, "acc": 0.945170521736145, "length": 5.0, "mode": "test", "epoch": 32}
{"loss": 0.14384588599205017, "acc": 0.9490213990211487, "length": 5.0, "mode": "train", "epoch": 33}
{"loss": 0.15362656116485596, "acc": 0.946374773979187, "length": 5.0, "mode": "test", "epoch": 33}
{"loss": 0.13283608853816986, "acc": 0.9521791338920593, "length": 5.0, "mode": "train", "epoch": 34}
{"loss": 0.1458740085363388, "acc": 0.9475038051605225, "length": 5.0, "mode": "test", "epoch": 34}
{"loss": 0.13216108083724976, "acc": 0.952267050743103, "length": 5.0, "mode": "train", "epoch": 35}
{"loss": 0.15490414202213287, "acc": 0.9444807171821594, "length": 5.0, "mode": "test", "epoch": 35}
{"loss": 0.13257022202014923, "acc": 0.9522333741188049, "length": 4.999999523162842, "mode": "train", "epoch": 36}
{"loss": 0.13945594429969788, "acc": 0.9492098093032837, "length": 5.0, "mode": "test", "epoch": 36}
{"loss": 0.14468275010585785, "acc": 0.9461016654968262, "length": 5.0, "mode": "train", "epoch": 37}
{"loss": 0.14966636896133423, "acc": 0.9470272064208984, "length": 5.0, "mode": "test", "epoch": 37}
{"loss": 0.13546521961688995, "acc": 0.951238214969635, "length": 5.0, "mode": "train", "epoch": 38}
{"loss": 0.14457635581493378, "acc": 0.9487329721450806, "length": 5.0, "mode": "test", "epoch": 38}
{"loss": 0.13690993189811707, "acc": 0.9502426385879517, "length": 5.0, "mode": "train", "epoch": 39}
{"loss": 0.15824368596076965, "acc": 0.9431885480880737, "length": 5.0, "mode": "test", "epoch": 39}
{"loss": 0.13374201953411102, "acc": 0.9515810608863831, "length": 5.0, "mode": "train", "epoch": 40}
{"loss": 0.15645962953567505, "acc": 0.943615198135376, "length": 5.0, "mode": "test", "epoch": 40}
{"loss": 0.1327212154865265, "acc": 0.9519240856170654, "length": 5.0, "mode": "train", "epoch": 41}
{"loss": 0.1405702531337738, "acc": 0.9490717649459839, "length": 5.0, "mode": "test", "epoch": 41}
{"loss": 0.12912115454673767, "acc": 0.9540279507637024, "length": 5.0, "mode": "train", "epoch": 42}
{"loss": 0.16384366154670715, "acc": 0.9418966770172119, "length": 5.0, "mode": "test", "epoch": 42}
{"loss": 0.1312936246395111, "acc": 0.9529697299003601, "length": 5.0, "mode": "train", "epoch": 43}
{"loss": 0.1403827667236328, "acc": 0.9505018591880798, "length": 5.0, "mode": "test", "epoch": 43}
{"loss": 0.13468295335769653, "acc": 0.95143061876297, "length": 5.0, "mode": "train", "epoch": 44}
{"loss": 0.17212054133415222, "acc": 0.9392749071121216, "length": 5.0, "mode": "test", "epoch": 44}
{"loss": 0.13081246614456177, "acc": 0.9524843692779541, "length": 4.999999523162842, "mode": "train", "epoch": 45}
{"loss": 0.13495244085788727, "acc": 0.9516558647155762, "length": 5.0, "mode": "test", "epoch": 45}
{"loss": 0.12760323286056519, "acc": 0.9537310004234314, "length": 5.0, "mode": "train", "epoch": 46}
{"loss": 0.14849655330181122, "acc": 0.9471148252487183, "length": 5.0, "mode": "test", "epoch": 46}
{"loss": 0.12569986283779144, "acc": 0.9538021683692932, "length": 5.0, "mode": "train", "epoch": 47}
{"loss": 0.1346263736486435, "acc": 0.953223705291748, "length": 5.0, "mode": "test", "epoch": 47}
{"loss": 0.11684665083885193, "acc": 0.9581438302993774, "length": 5.0, "mode": "train", "epoch": 48}
{"loss": 0.13343876600265503, "acc": 0.9520196318626404, "length": 5.0, "mode": "test", "epoch": 48}
{"loss": 0.11745438724756241, "acc": 0.9576919078826904, "length": 5.0, "mode": "train", "epoch": 49}
{"loss": 0.1439799964427948, "acc": 0.9473531246185303, "length": 5.0, "mode": "test", "epoch": 49}
{"loss": 0.11831382662057877, "acc": 0.957277774810791, "length": 5.0, "mode": "train", "epoch": 50}
{"loss": 0.12706531584262848, "acc": 0.9542398452758789, "length": 5.0, "mode": "test", "epoch": 50}
{"loss": 0.11287868022918701, "acc": 0.9594821929931641, "length": 5.0, "mode": "train", "epoch": 51}
{"loss": 0.13626621663570404, "acc": 0.9506772756576538, "length": 5.0, "mode": "test", "epoch": 51}
{"loss": 0.11856894940137863, "acc": 0.9578841924667358, "length": 5.0, "mode": "train", "epoch": 52}
{"loss": 0.13432584702968597, "acc": 0.950727641582489, "length": 5.0, "mode": "test", "epoch": 52}
{"loss": 0.11506195366382599, "acc": 0.9589259028434753, "length": 5.0, "mode": "train", "epoch": 53}
{"loss": 0.1419130116701126, "acc": 0.9478799700737, "length": 5.0, "mode": "test", "epoch": 53}
{"loss": 0.11020161956548691, "acc": 0.9610714912414551, "length": 5.0, "mode": "train", "epoch": 54}
{"loss": 0.12622389197349548, "acc": 0.9561966061592102, "length": 5.0, "mode": "test", "epoch": 54}
{"loss": 0.11067766696214676, "acc": 0.9614270329475403, "length": 5.0, "mode": "train", "epoch": 55}
{"loss": 0.12720361351966858, "acc": 0.9559333324432373, "length": 5.0, "mode": "test", "epoch": 55}
{"loss": 0.11585637927055359, "acc": 0.9592394828796387, "length": 5.0, "mode": "train", "epoch": 56}
{"loss": 0.14707528054714203, "acc": 0.9494730830192566, "length": 5.0, "mode": "test", "epoch": 56}
{"loss": 0.1287715584039688, "acc": 0.9550778269767761, "length": 5.0, "mode": "train", "epoch": 57}
{"loss": 0.1380612701177597, "acc": 0.9496110677719116, "length": 5.0, "mode": "test", "epoch": 57}
{"loss": 0.11979033052921295, "acc": 0.9578424692153931, "length": 5.0, "mode": "train", "epoch": 58}
{"loss": 0.1350843757390976, "acc": 0.952057421207428, "length": 5.0, "mode": "test", "epoch": 58}
{"loss": 0.11670970916748047, "acc": 0.9593778252601624, "length": 5.0, "mode": "train", "epoch": 59}
{"loss": 0.1409488469362259, "acc": 0.9515805840492249, "length": 5.0, "mode": "test", "epoch": 59}
{"loss": 0.12145482003688812, "acc": 0.9582774043083191, "length": 5.0, "mode": "train", "epoch": 60}
{"loss": 0.1365612894296646, "acc": 0.9538885951042175, "length": 5.0, "mode": "test", "epoch": 60}
{"loss": 0.11643864959478378, "acc": 0.959473729133606, "length": 5.0, "mode": "train", "epoch": 61}
{"loss": 0.13441765308380127, "acc": 0.9531485438346863, "length": 5.0, "mode": "test", "epoch": 61}
{"loss": 0.11485499888658524, "acc": 0.9597206115722656, "length": 5.0, "mode": "train", "epoch": 62}
{"loss": 0.13658486306667328, "acc": 0.9538382887840271, "length": 5.0, "mode": "test", "epoch": 62}
{"loss": 0.11774753779172897, "acc": 0.9587000608444214, "length": 5.0, "mode": "train", "epoch": 63}
{"loss": 0.13891087472438812, "acc": 0.9536628127098083, "length": 5.0, "mode": "test", "epoch": 63}
{"loss": 0.11113638430833817, "acc": 0.9618580341339111, "length": 5.0, "mode": "train", "epoch": 64}
{"loss": 0.12971052527427673, "acc": 0.9554440379142761, "length": 5.0, "mode": "test", "epoch": 64}
{"loss": 0.10813245922327042, "acc": 0.9620044231414795, "length": 5.0, "mode": "train", "epoch": 65}
{"loss": 0.13009005784988403, "acc": 0.9559833407402039, "length": 5.0, "mode": "test", "epoch": 65}
{"loss": 0.11271382868289948, "acc": 0.9607663750648499, "length": 5.0, "mode": "train", "epoch": 66}
{"loss": 0.12735602259635925, "acc": 0.9568740725517273, "length": 5.0, "mode": "test", "epoch": 66}
{"loss": 0.11832676827907562, "acc": 0.9591472148895264, "length": 4.99999475479126, "mode": "train", "epoch": 67}
{"loss": 0.15691180527210236, "acc": 0.9465003609657288, "length": 5.0, "mode": "test", "epoch": 67}
{"loss": 0.11524273455142975, "acc": 0.9602058529853821, "length": 5.0, "mode": "train", "epoch": 68}
{"loss": 0.13365140557289124, "acc": 0.9543779492378235, "length": 5.0, "mode": "test", "epoch": 68}
{"loss": 0.11100444942712784, "acc": 0.9609794616699219, "length": 5.0, "mode": "train", "epoch": 69}
{"loss": 0.12503699958324432, "acc": 0.9567987322807312, "length": 5.0, "mode": "test", "epoch": 69}
{"loss": 0.11542488634586334, "acc": 0.959708034992218, "length": 5.0, "mode": "train", "epoch": 70}
{"loss": 0.13274207711219788, "acc": 0.9551427960395813, "length": 5.0, "mode": "test", "epoch": 70}
{"loss": 0.11923635005950928, "acc": 0.9584825038909912, "length": 5.0, "mode": "train", "epoch": 71}
{"loss": 0.15423358976840973, "acc": 0.94629967212677, "length": 5.0, "mode": "test", "epoch": 71}
{"loss": 0.11524336040019989, "acc": 0.9602895379066467, "length": 5.0, "mode": "train", "epoch": 72}
{"loss": 0.12587647140026093, "acc": 0.9563220739364624, "length": 5.0, "mode": "test", "epoch": 72}
{"loss": 0.1202809065580368, "acc": 0.9581102728843689, "length": 5.0, "mode": "train", "epoch": 73}
{"loss": 0.1383867859840393, "acc": 0.9516558647155762, "length": 5.0, "mode": "test", "epoch": 73}
{"loss": 0.11660099774599075, "acc": 0.9593609571456909, "length": 5.0, "mode": "train", "epoch": 74}
{"loss": 0.13335461914539337, "acc": 0.9536126852035522, "length": 5.0, "mode": "test", "epoch": 74}
{"loss": 0.1123441830277443, "acc": 0.9612891674041748, "length": 5.0, "mode": "train", "epoch": 75}
{"loss": 0.12066666036844254, "acc": 0.9576769471168518, "length": 5.0, "mode": "test", "epoch": 75}
{"loss": 0.1044539213180542, "acc": 0.9635644555091858, "length": 4.999999523162842, "mode": "train", "epoch": 76}
{"loss": 0.12226870656013489, "acc": 0.9572505950927734, "length": 5.0, "mode": "test", "epoch": 76}
{"loss": 0.10498970001935959, "acc": 0.9635685086250305, "length": 5.0, "mode": "train", "epoch": 77}
{"loss": 0.1446634978055954, "acc": 0.9518440365791321, "length": 5.0, "mode": "test", "epoch": 77}
{"loss": 0.1082359105348587, "acc": 0.9626350998878479, "length": 4.999992370605469, "mode": "train", "epoch": 78}
{"loss": 0.120823934674263, "acc": 0.9594205617904663, "length": 5.0, "mode": "test", "epoch": 78}
{"loss": 0.10042530298233032, "acc": 0.9648695588111877, "length": 5.0, "mode": "train", "epoch": 79}
{"loss": 0.11933831870555878, "acc": 0.9599848985671997, "length": 5.0, "mode": "test", "epoch": 79}
{"loss": 0.11026813834905624, "acc": 0.9611009955406189, "length": 5.0, "mode": "train", "epoch": 80}
{"loss": 0.12776389718055725, "acc": 0.9568364024162292, "length": 5.0, "mode": "test", "epoch": 80}
{"loss": 0.12603536248207092, "acc": 0.955655038356781, "length": 5.0, "mode": "train", "epoch": 81}
{"loss": 0.12911498546600342, "acc": 0.9539888501167297, "length": 5.0, "mode": "test", "epoch": 81}
{"loss": 0.11243424564599991, "acc": 0.9595784544944763, "length": 5.0, "mode": "train", "epoch": 82}
{"loss": 0.12886103987693787, "acc": 0.9542522430419922, "length": 5.0, "mode": "test", "epoch": 82}
{"loss": 0.11528170108795166, "acc": 0.9589760303497314, "length": 5.0, "mode": "train", "epoch": 83}
{"loss": 0.13842934370040894, "acc": 0.9508907198905945, "length": 5.0, "mode": "test", "epoch": 83}
{"loss": 0.11598583310842514, "acc": 0.9595031142234802, "length": 5.0, "mode": "train", "epoch": 84}
{"loss": 0.1447235494852066, "acc": 0.950526773929596, "length": 5.0, "mode": "test", "epoch": 84}
{"loss": 0.11475425213575363, "acc": 0.9599965810775757, "length": 5.0, "mode": "train", "epoch": 85}
{"loss": 0.12999625504016876, "acc": 0.9555569887161255, "length": 5.0, "mode": "test", "epoch": 85}
{"loss": 0.11175411194562912, "acc": 0.9607746601104736, "length": 5.0, "mode": "train", "epoch": 86}
{"loss": 0.12846216559410095, "acc": 0.9560461640357971, "length": 5.0, "mode": "test", "epoch": 86}
{"loss": 0.10644899308681488, "acc": 0.9631127715110779, "length": 5.0, "mode": "train", "epoch": 87}
{"loss": 0.12090317904949188, "acc": 0.9585047960281372, "length": 5.0, "mode": "test", "epoch": 87}
{"loss": 0.102964386343956, "acc": 0.964589536190033, "length": 5.0, "mode": "train", "epoch": 88}
{"loss": 0.11932231485843658, "acc": 0.958818256855011, "length": 5.0, "mode": "test", "epoch": 88}
{"loss": 0.1037430390715599, "acc": 0.9642879366874695, "length": 5.0, "mode": "train", "epoch": 89}
{"loss": 0.12067010998725891, "acc": 0.9590691328048706, "length": 5.0, "mode": "test", "epoch": 89}
{"loss": 0.10329043865203857, "acc": 0.9642128348350525, "length": 4.999999523162842, "mode": "train", "epoch": 90}
{"loss": 0.12555617094039917, "acc": 0.9560837745666504, "length": 5.0, "mode": "test", "epoch": 90}
{"loss": 0.11913157254457474, "acc": 0.9580393433570862, "length": 5.0, "mode": "train", "epoch": 91}
{"loss": 0.12798401713371277, "acc": 0.9558454751968384, "length": 5.0, "mode": "test", "epoch": 91}
{"loss": 0.10887590050697327, "acc": 0.9618078470230103, "length": 5.0, "mode": "train", "epoch": 92}
{"loss": 0.12287637591362, "acc": 0.9562968611717224, "length": 5.0, "mode": "test", "epoch": 92}
{"loss": 0.10347644984722137, "acc": 0.9636605978012085, "length": 5.0, "mode": "train", "epoch": 93}
{"loss": 0.12231700867414474, "acc": 0.955895721912384, "length": 5.0, "mode": "test", "epoch": 93}
{"loss": 0.10538608580827713, "acc": 0.9635854959487915, "length": 5.0, "mode": "train", "epoch": 94}
{"loss": 0.1313338428735733, "acc": 0.9543024897575378, "length": 5.0, "mode": "test", "epoch": 94}
{"loss": 0.11009643226861954, "acc": 0.9617323875427246, "length": 5.0, "mode": "train", "epoch": 95}
{"loss": 0.12876978516578674, "acc": 0.9550676941871643, "length": 5.0, "mode": "test", "epoch": 95}
{"loss": 0.10795850306749344, "acc": 0.9621631503105164, "length": 5.0, "mode": "train", "epoch": 96}
{"loss": 0.13901670277118683, "acc": 0.9513046145439148, "length": 5.0, "mode": "test", "epoch": 96}
{"loss": 0.11901598423719406, "acc": 0.9579428434371948, "length": 5.0, "mode": "train", "epoch": 97}
{"loss": 0.13055264949798584, "acc": 0.9532488584518433, "length": 5.0, "mode": "test", "epoch": 97}
{"loss": 0.11193890869617462, "acc": 0.9613059163093567, "length": 5.0, "mode": "train", "epoch": 98}
{"loss": 0.13990330696105957, "acc": 0.9516057372093201, "length": 5.0, "mode": "test", "epoch": 98}
{"loss": 0.10938514024019241, "acc": 0.9621298909187317, "length": 5.0, "mode": "train", "epoch": 99}
{"loss": 0.13475126028060913, "acc": 0.9541895985603333, "length": 5.0, "mode": "test", "epoch": 99}
{"loss": 0.10242284834384918, "acc": 0.963982880115509, "length": 5.0, "mode": "train", "epoch": 100}
{"loss": 0.12226752936840057, "acc": 0.9574007391929626, "length": 5.0, "mode": "test", "epoch": 100}
test accuracy: 0.8765148520469666
