# ["--attributes=4", "--values=4", "--game_size=10", "--vocab_size_factor=3", "--n_epochs=100", "--batch_size=32", "--learning_rate=0.001", "--hidden_size=128", "--temp_update=0.99", "--temperature=2"]
Creating train_ds and val_ds...

Creating test_ds...
{"loss": 0.5378090739250183, "acc": 0.7082286477088928, "length": 3.864441156387329, "mode": "train", "epoch": 1}
{"loss": 0.4441102147102356, "acc": 0.7814618349075317, "length": 5.0, "mode": "test", "epoch": 1}
{"loss": 0.36820635199546814, "acc": 0.8283390402793884, "length": 4.981996059417725, "mode": "train", "epoch": 2}
{"loss": 0.34236952662467957, "acc": 0.8554006218910217, "length": 5.0, "mode": "test", "epoch": 2}
{"loss": 0.30838915705680847, "acc": 0.86810302734375, "length": 4.997096538543701, "mode": "train", "epoch": 3}
{"loss": 0.3085629343986511, "acc": 0.8599849939346313, "length": 5.0, "mode": "test", "epoch": 3}
{"loss": 0.2682802379131317, "acc": 0.8886771202087402, "length": 4.998387813568115, "mode": "train", "epoch": 4}
{"loss": 0.27295970916748047, "acc": 0.8888596296310425, "length": 5.0, "mode": "test", "epoch": 4}
{"loss": 0.23565080761909485, "acc": 0.903681755065918, "length": 4.999129772186279, "mode": "train", "epoch": 5}
{"loss": 0.25204023718833923, "acc": 0.8958050608634949, "length": 5.0, "mode": "test", "epoch": 5}
{"loss": 0.217354416847229, "acc": 0.912609338760376, "length": 4.999512672424316, "mode": "train", "epoch": 6}
{"loss": 0.23752261698246002, "acc": 0.9057521224021912, "length": 5.0, "mode": "test", "epoch": 6}
{"loss": 0.19893363118171692, "acc": 0.9215882420539856, "length": 4.999693393707275, "mode": "train", "epoch": 7}
{"loss": 0.22697240114212036, "acc": 0.9095200896263123, "length": 5.0, "mode": "test", "epoch": 7}
{"loss": 0.18138310313224792, "acc": 0.9301056265830994, "length": 4.9997711181640625, "mode": "train", "epoch": 8}
{"loss": 0.21344801783561707, "acc": 0.9144437313079834, "length": 5.0, "mode": "test", "epoch": 8}
{"loss": 0.17157602310180664, "acc": 0.934867799282074, "length": 4.999852180480957, "mode": "train", "epoch": 9}
{"loss": 0.20865203440189362, "acc": 0.9197185635566711, "length": 5.0, "mode": "test", "epoch": 9}
{"loss": 0.1599959135055542, "acc": 0.9404677748680115, "length": 4.99986457824707, "mode": "train", "epoch": 10}
{"loss": 0.1957530826330185, "acc": 0.9275557398796082, "length": 5.0, "mode": "test", "epoch": 10}
{"loss": 0.1522131711244583, "acc": 0.9449543952941895, "length": 4.9998860359191895, "mode": "train", "epoch": 11}
{"loss": 0.1957167088985443, "acc": 0.9278699159622192, "length": 5.0, "mode": "test", "epoch": 11}
{"loss": 0.14390124380588531, "acc": 0.9478662610054016, "length": 4.999907493591309, "mode": "train", "epoch": 12}
{"loss": 0.17612336575984955, "acc": 0.9381186366081238, "length": 5.0, "mode": "test", "epoch": 12}
{"loss": 0.13895902037620544, "acc": 0.9490445256233215, "length": 4.999930381774902, "mode": "train", "epoch": 13}
{"loss": 0.17389003932476044, "acc": 0.9363726377487183, "length": 5.0, "mode": "test", "epoch": 13}
{"loss": 0.13204024732112885, "acc": 0.9517810940742493, "length": 4.9999566078186035, "mode": "train", "epoch": 14}
{"loss": 0.17151477932929993, "acc": 0.9386711120605469, "length": 5.0, "mode": "test", "epoch": 14}
{"loss": 0.1286691129207611, "acc": 0.953385591506958, "length": 4.999965190887451, "mode": "train", "epoch": 15}
{"loss": 0.17522422969341278, "acc": 0.9363476634025574, "length": 5.0, "mode": "test", "epoch": 15}
{"loss": 0.12623406946659088, "acc": 0.9545714855194092, "length": 4.999975681304932, "mode": "train", "epoch": 16}
{"loss": 0.15854206681251526, "acc": 0.9439210891723633, "length": 5.0, "mode": "test", "epoch": 16}
{"loss": 0.12584802508354187, "acc": 0.9547597765922546, "length": 4.999972343444824, "mode": "train", "epoch": 17}
{"loss": 0.15677839517593384, "acc": 0.9456669688224792, "length": 5.0, "mode": "test", "epoch": 17}
{"loss": 0.11765770614147186, "acc": 0.9576415419578552, "length": 4.999978542327881, "mode": "train", "epoch": 18}
{"loss": 0.15822730958461761, "acc": 0.9422130584716797, "length": 5.0, "mode": "test", "epoch": 18}
{"loss": 0.113294817507267, "acc": 0.9595010280609131, "length": 4.9999799728393555, "mode": "train", "epoch": 19}
{"loss": 0.14996813237667084, "acc": 0.9477769136428833, "length": 5.0, "mode": "test", "epoch": 19}
{"loss": 0.10829988121986389, "acc": 0.961277186870575, "length": 4.9999871253967285, "mode": "train", "epoch": 20}
{"loss": 0.15568101406097412, "acc": 0.9459307193756104, "length": 5.0, "mode": "test", "epoch": 20}
{"loss": 0.10749983042478561, "acc": 0.9622699618339539, "length": 4.999989986419678, "mode": "train", "epoch": 21}
{"loss": 0.14572511613368988, "acc": 0.9502009153366089, "length": 5.0, "mode": "test", "epoch": 21}
{"loss": 0.10115175694227219, "acc": 0.9646737575531006, "length": 4.999989032745361, "mode": "train", "epoch": 22}
{"loss": 0.13456057012081146, "acc": 0.9540820717811584, "length": 5.0, "mode": "test", "epoch": 22}
{"loss": 0.09284207224845886, "acc": 0.9678483009338379, "length": 4.999989986419678, "mode": "train", "epoch": 23}
{"loss": 0.1319873332977295, "acc": 0.9556140899658203, "length": 5.0, "mode": "test", "epoch": 23}
{"loss": 0.12243712693452835, "acc": 0.9551172852516174, "length": 4.999995231628418, "mode": "train", "epoch": 24}
{"loss": 0.15409733355045319, "acc": 0.945930540561676, "length": 5.0, "mode": "test", "epoch": 24}
{"loss": 0.10953430831432343, "acc": 0.9607042074203491, "length": 4.999997615814209, "mode": "train", "epoch": 25}
{"loss": 0.14235267043113708, "acc": 0.9489450454711914, "length": 5.0, "mode": "test", "epoch": 25}
{"loss": 0.09952154755592346, "acc": 0.9649925231933594, "length": 4.999996185302734, "mode": "train", "epoch": 26}
{"loss": 0.14947709441184998, "acc": 0.9451896548271179, "length": 5.0, "mode": "test", "epoch": 26}
{"loss": 0.09188847243785858, "acc": 0.9677692651748657, "length": 4.999999523162842, "mode": "train", "epoch": 27}
{"loss": 0.12816809117794037, "acc": 0.9567067623138428, "length": 5.0, "mode": "test", "epoch": 27}
{"loss": 0.08778563141822815, "acc": 0.9701857566833496, "length": 4.999999046325684, "mode": "train", "epoch": 28}
{"loss": 0.1286056786775589, "acc": 0.9535418152809143, "length": 5.0, "mode": "test", "epoch": 28}
{"loss": 0.0837191566824913, "acc": 0.9720243811607361, "length": 4.999999523162842, "mode": "train", "epoch": 29}
{"loss": 0.11649011075496674, "acc": 0.9581637978553772, "length": 5.0, "mode": "test", "epoch": 29}
{"loss": 0.08015023171901703, "acc": 0.9733436107635498, "length": 4.999999523162842, "mode": "train", "epoch": 30}
{"loss": 0.12285521626472473, "acc": 0.9560538530349731, "length": 5.0, "mode": "test", "epoch": 30}
{"loss": 0.07630655914545059, "acc": 0.9752656817436218, "length": 4.999999523162842, "mode": "train", "epoch": 31}
{"loss": 0.11225995421409607, "acc": 0.96515953540802, "length": 5.0, "mode": "test", "epoch": 31}
{"loss": 0.0745338723063469, "acc": 0.9758690595626831, "length": 4.999999523162842, "mode": "train", "epoch": 32}
{"loss": 0.1071559265255928, "acc": 0.9669430255889893, "length": 5.0, "mode": "test", "epoch": 32}
{"loss": 0.07217972725629807, "acc": 0.9773514866828918, "length": 5.0, "mode": "train", "epoch": 33}
{"loss": 0.10728516429662704, "acc": 0.9669806957244873, "length": 5.0, "mode": "test", "epoch": 33}
{"loss": 0.06887023150920868, "acc": 0.9784319996833801, "length": 5.0, "mode": "train", "epoch": 34}
{"loss": 0.11057812720537186, "acc": 0.9655866622924805, "length": 5.0, "mode": "test", "epoch": 34}
{"loss": 0.06848908215761185, "acc": 0.9791145324707031, "length": 5.0, "mode": "train", "epoch": 35}
{"loss": 0.09531578421592712, "acc": 0.971552312374115, "length": 5.0, "mode": "test", "epoch": 35}
{"loss": 0.06354416906833649, "acc": 0.9804296493530273, "length": 5.0, "mode": "train", "epoch": 36}
{"loss": 0.10813914984464645, "acc": 0.9662522077560425, "length": 5.0, "mode": "test", "epoch": 36}
{"loss": 0.061756473034620285, "acc": 0.9814975261688232, "length": 5.0, "mode": "train", "epoch": 37}
{"loss": 0.09344954043626785, "acc": 0.9725319743156433, "length": 5.0, "mode": "test", "epoch": 37}
{"loss": 0.0563618540763855, "acc": 0.9829257130622864, "length": 5.0, "mode": "train", "epoch": 38}
{"loss": 0.08694596588611603, "acc": 0.975898027420044, "length": 5.0, "mode": "test", "epoch": 38}
{"loss": 0.05338909104466438, "acc": 0.9842950701713562, "length": 4.999999523162842, "mode": "train", "epoch": 39}
{"loss": 0.08635259419679642, "acc": 0.9766138792037964, "length": 5.0, "mode": "test", "epoch": 39}
{"loss": 0.05686751753091812, "acc": 0.9829843044281006, "length": 5.0, "mode": "train", "epoch": 40}
{"loss": 0.10046733915805817, "acc": 0.9702839255332947, "length": 5.0, "mode": "test", "epoch": 40}
{"loss": 0.05353180691599846, "acc": 0.9844710230827332, "length": 5.0, "mode": "train", "epoch": 41}
{"loss": 0.09140262007713318, "acc": 0.9732604622840881, "length": 5.0, "mode": "test", "epoch": 41}
{"loss": 0.05098951980471611, "acc": 0.9850824475288391, "length": 4.999999523162842, "mode": "train", "epoch": 42}
{"loss": 0.08348280936479568, "acc": 0.9779326915740967, "length": 5.0, "mode": "test", "epoch": 42}
{"loss": 0.046897731721401215, "acc": 0.9862927794456482, "length": 5.0, "mode": "train", "epoch": 43}
{"loss": 0.0852196142077446, "acc": 0.9740391373634338, "length": 5.0, "mode": "test", "epoch": 43}
{"loss": 0.04851887375116348, "acc": 0.9859996438026428, "length": 5.0, "mode": "train", "epoch": 44}
{"loss": 0.08960846811532974, "acc": 0.9747424125671387, "length": 5.0, "mode": "test", "epoch": 44}
{"loss": 0.04866943508386612, "acc": 0.9853965640068054, "length": 5.0, "mode": "train", "epoch": 45}
{"loss": 0.07225524634122849, "acc": 0.9804447889328003, "length": 5.0, "mode": "test", "epoch": 45}
{"loss": 0.041404854506254196, "acc": 0.9877711534500122, "length": 5.0, "mode": "train", "epoch": 46}
{"loss": 0.06576503068208694, "acc": 0.982868492603302, "length": 5.0, "mode": "test", "epoch": 46}
{"loss": 0.03959717974066734, "acc": 0.9888056516647339, "length": 5.0, "mode": "train", "epoch": 47}
{"loss": 0.07052727043628693, "acc": 0.9817759394645691, "length": 5.0, "mode": "test", "epoch": 47}
{"loss": 0.03804967552423477, "acc": 0.9894253015518188, "length": 5.0, "mode": "train", "epoch": 48}
{"loss": 0.06040230765938759, "acc": 0.9832454323768616, "length": 5.0, "mode": "test", "epoch": 48}
{"loss": 0.040616877377033234, "acc": 0.9886967539787292, "length": 5.0, "mode": "train", "epoch": 49}
{"loss": 0.07644324004650116, "acc": 0.9799422025680542, "length": 5.0, "mode": "test", "epoch": 49}
{"loss": 0.03721560165286064, "acc": 0.9894423484802246, "length": 5.0, "mode": "train", "epoch": 50}
{"loss": 0.07405521720647812, "acc": 0.9800300002098083, "length": 5.0, "mode": "test", "epoch": 50}
{"loss": 0.03596915677189827, "acc": 0.9899572730064392, "length": 5.0, "mode": "train", "epoch": 51}
{"loss": 0.05815863609313965, "acc": 0.9847400188446045, "length": 5.0, "mode": "test", "epoch": 51}
{"loss": 0.039693497121334076, "acc": 0.9887972474098206, "length": 5.0, "mode": "train", "epoch": 52}
{"loss": 0.06923277676105499, "acc": 0.9817886352539062, "length": 5.0, "mode": "test", "epoch": 52}
{"loss": 0.03847489133477211, "acc": 0.9895551204681396, "length": 5.0, "mode": "train", "epoch": 53}
{"loss": 0.0633455142378807, "acc": 0.9826678037643433, "length": 5.0, "mode": "test", "epoch": 53}
{"loss": 0.03666914626955986, "acc": 0.9898316860198975, "length": 5.0, "mode": "train", "epoch": 54}
{"loss": 0.05765489861369133, "acc": 0.9849409461021423, "length": 5.0, "mode": "test", "epoch": 54}
{"loss": 0.03179193660616875, "acc": 0.9913392663002014, "length": 5.0, "mode": "train", "epoch": 55}
{"loss": 0.05449076369404793, "acc": 0.9855437874794006, "length": 5.0, "mode": "test", "epoch": 55}
{"loss": 0.02721301279962063, "acc": 0.992700457572937, "length": 5.0, "mode": "train", "epoch": 56}
{"loss": 0.051115021109580994, "acc": 0.9871640801429749, "length": 5.0, "mode": "test", "epoch": 56}
{"loss": 0.028921503573656082, "acc": 0.9921936988830566, "length": 5.0, "mode": "train", "epoch": 57}
{"loss": 0.04985908418893814, "acc": 0.9868249893188477, "length": 5.0, "mode": "test", "epoch": 57}
{"loss": 0.0355968177318573, "acc": 0.990015983581543, "length": 5.0, "mode": "train", "epoch": 58}
{"loss": 0.04903194308280945, "acc": 0.9875157475471497, "length": 5.0, "mode": "test", "epoch": 58}
{"loss": 0.027369175106287003, "acc": 0.9925538897514343, "length": 5.0, "mode": "train", "epoch": 59}
{"loss": 0.051648709923028946, "acc": 0.9863854050636292, "length": 5.0, "mode": "test", "epoch": 59}
{"loss": 0.026637857779860497, "acc": 0.9929182529449463, "length": 5.0, "mode": "train", "epoch": 60}
{"loss": 0.05213301628828049, "acc": 0.9863854646682739, "length": 5.0, "mode": "test", "epoch": 60}
{"loss": 0.02703431062400341, "acc": 0.9929223656654358, "length": 5.0, "mode": "train", "epoch": 61}
{"loss": 0.04573345556855202, "acc": 0.9883946776390076, "length": 5.0, "mode": "test", "epoch": 61}
{"loss": 0.024000713601708412, "acc": 0.9937096238136292, "length": 5.0, "mode": "train", "epoch": 62}
{"loss": 0.041572071611881256, "acc": 0.9900904297828674, "length": 5.0, "mode": "test", "epoch": 62}
{"loss": 0.02634865790605545, "acc": 0.9927464127540588, "length": 5.0, "mode": "train", "epoch": 63}
{"loss": 0.048275094479322433, "acc": 0.9887967705726624, "length": 5.0, "mode": "test", "epoch": 63}
{"loss": 0.029658548533916473, "acc": 0.9918753504753113, "length": 5.0, "mode": "train", "epoch": 64}
{"loss": 0.05268685892224312, "acc": 0.9876664280891418, "length": 5.0, "mode": "test", "epoch": 64}
{"loss": 0.023183826357126236, "acc": 0.9937599301338196, "length": 5.0, "mode": "train", "epoch": 65}
{"loss": 0.04698018729686737, "acc": 0.9891232848167419, "length": 5.0, "mode": "test", "epoch": 65}
{"loss": 0.029714280739426613, "acc": 0.9918753504753113, "length": 5.0, "mode": "train", "epoch": 66}
{"loss": 0.0413004569709301, "acc": 0.9892741441726685, "length": 5.0, "mode": "test", "epoch": 66}
{"loss": 0.02686050534248352, "acc": 0.9927003383636475, "length": 5.0, "mode": "train", "epoch": 67}
{"loss": 0.045464832335710526, "acc": 0.9887967109680176, "length": 5.0, "mode": "test", "epoch": 67}
{"loss": 0.021701611578464508, "acc": 0.9942290186882019, "length": 5.0, "mode": "train", "epoch": 68}
{"loss": 0.041473135352134705, "acc": 0.9908188581466675, "length": 5.0, "mode": "test", "epoch": 68}
{"loss": 0.01983596198260784, "acc": 0.9946980476379395, "length": 5.0, "mode": "train", "epoch": 69}
{"loss": 0.04317910969257355, "acc": 0.9903666973114014, "length": 5.0, "mode": "test", "epoch": 69}
{"loss": 0.0241446141153574, "acc": 0.9935086965560913, "length": 5.0, "mode": "train", "epoch": 70}
{"loss": 0.04243820160627365, "acc": 0.9899271726608276, "length": 5.0, "mode": "test", "epoch": 70}
{"loss": 0.027755461633205414, "acc": 0.9925622940063477, "length": 5.0, "mode": "train", "epoch": 71}
{"loss": 0.0443115197122097, "acc": 0.9884450435638428, "length": 5.0, "mode": "test", "epoch": 71}
{"loss": 0.02926161326467991, "acc": 0.992017924785614, "length": 5.0, "mode": "train", "epoch": 72}
{"loss": 0.04247574135661125, "acc": 0.9890353083610535, "length": 5.0, "mode": "test", "epoch": 72}
{"loss": 0.020735589787364006, "acc": 0.9944761395454407, "length": 5.0, "mode": "train", "epoch": 73}
{"loss": 0.042989905923604965, "acc": 0.9900400042533875, "length": 5.0, "mode": "test", "epoch": 73}
{"loss": 0.020259398967027664, "acc": 0.9948069453239441, "length": 5.0, "mode": "train", "epoch": 74}
{"loss": 0.03889312595129013, "acc": 0.9901784062385559, "length": 5.0, "mode": "test", "epoch": 74}
{"loss": 0.018732473254203796, "acc": 0.9952844381332397, "length": 5.0, "mode": "train", "epoch": 75}
{"loss": 0.030768312513828278, "acc": 0.9930543899536133, "length": 5.0, "mode": "test", "epoch": 75}
{"loss": 0.020367402583360672, "acc": 0.9946436882019043, "length": 5.0, "mode": "train", "epoch": 76}
{"loss": 0.0344974510371685, "acc": 0.9916855692863464, "length": 5.0, "mode": "test", "epoch": 76}
{"loss": 0.016564195975661278, "acc": 0.9960005879402161, "length": 5.0, "mode": "train", "epoch": 77}
{"loss": 0.03525379300117493, "acc": 0.9912835955619812, "length": 5.0, "mode": "test", "epoch": 77}
{"loss": 0.018260851502418518, "acc": 0.9949492812156677, "length": 5.0, "mode": "train", "epoch": 78}
{"loss": 0.0359777957201004, "acc": 0.9910448789596558, "length": 5.0, "mode": "test", "epoch": 78}
{"loss": 0.027569085359573364, "acc": 0.9921267032623291, "length": 5.0, "mode": "train", "epoch": 79}
{"loss": 0.03478701040148735, "acc": 0.9916351437568665, "length": 5.0, "mode": "test", "epoch": 79}
{"loss": 0.023641638457775116, "acc": 0.9933077096939087, "length": 5.0, "mode": "train", "epoch": 80}
{"loss": 0.03782336786389351, "acc": 0.9910953044891357, "length": 5.0, "mode": "test", "epoch": 80}
{"loss": 0.017361227422952652, "acc": 0.9954854249954224, "length": 5.0, "mode": "train", "epoch": 81}
{"loss": 0.03289094194769859, "acc": 0.9917734265327454, "length": 5.0, "mode": "test", "epoch": 81}
{"loss": 0.015110868960618973, "acc": 0.9960967898368835, "length": 5.0, "mode": "train", "epoch": 82}
{"loss": 0.02833067625761032, "acc": 0.9928660988807678, "length": 5.0, "mode": "test", "epoch": 82}
{"loss": 0.023889878764748573, "acc": 0.9936217665672302, "length": 5.0, "mode": "train", "epoch": 83}
{"loss": 0.041758887469768524, "acc": 0.9892113208770752, "length": 5.0, "mode": "test", "epoch": 83}
{"loss": 0.0185073409229517, "acc": 0.9955567717552185, "length": 5.0, "mode": "train", "epoch": 84}
{"loss": 0.031225837767124176, "acc": 0.9927530884742737, "length": 5.0, "mode": "test", "epoch": 84}
{"loss": 0.018434377387166023, "acc": 0.9951000809669495, "length": 5.0, "mode": "train", "epoch": 85}
{"loss": 0.03965751454234123, "acc": 0.9907310009002686, "length": 5.0, "mode": "test", "epoch": 85}
{"loss": 0.018164731562137604, "acc": 0.9950666427612305, "length": 5.0, "mode": "train", "epoch": 86}
{"loss": 0.03144573047757149, "acc": 0.9924516081809998, "length": 5.0, "mode": "test", "epoch": 86}
{"loss": 0.015559227205812931, "acc": 0.9960256814956665, "length": 5.0, "mode": "train", "epoch": 87}
{"loss": 0.02969600073993206, "acc": 0.9933433532714844, "length": 5.0, "mode": "test", "epoch": 87}
{"loss": 0.019854836165905, "acc": 0.9946478605270386, "length": 5.0, "mode": "train", "epoch": 88}
{"loss": 0.03336498513817787, "acc": 0.9929037690162659, "length": 5.0, "mode": "test", "epoch": 88}
{"loss": 0.018482323735952377, "acc": 0.9951043725013733, "length": 5.0, "mode": "train", "epoch": 89}
{"loss": 0.029200363904237747, "acc": 0.9938331246376038, "length": 5.0, "mode": "test", "epoch": 89}
{"loss": 0.020785989239811897, "acc": 0.994731605052948, "length": 5.0, "mode": "train", "epoch": 90}
{"loss": 0.03459416702389717, "acc": 0.9919366836547852, "length": 5.0, "mode": "test", "epoch": 90}
{"loss": 0.014028269797563553, "acc": 0.9964153170585632, "length": 5.0, "mode": "train", "epoch": 91}
{"loss": 0.02994306944310665, "acc": 0.9927530884742737, "length": 5.0, "mode": "test", "epoch": 91}
{"loss": 0.012787709943950176, "acc": 0.9966539144515991, "length": 5.0, "mode": "train", "epoch": 92}
{"loss": 0.025579651817679405, "acc": 0.9934816360473633, "length": 5.0, "mode": "test", "epoch": 92}
{"loss": 0.012295259162783623, "acc": 0.9968715310096741, "length": 5.0, "mode": "train", "epoch": 93}
{"loss": 0.025044960901141167, "acc": 0.9942226409912109, "length": 5.0, "mode": "test", "epoch": 93}
{"loss": 0.014923643320798874, "acc": 0.9962727427482605, "length": 5.0, "mode": "train", "epoch": 94}
{"loss": 0.029486821964383125, "acc": 0.9928159117698669, "length": 5.0, "mode": "test", "epoch": 94}
{"loss": 0.015554388985037804, "acc": 0.9955523610115051, "length": 5.0, "mode": "train", "epoch": 95}
{"loss": 0.022338146343827248, "acc": 0.9946496486663818, "length": 5.0, "mode": "test", "epoch": 95}
{"loss": 0.018611237406730652, "acc": 0.9951419830322266, "length": 5.0, "mode": "train", "epoch": 96}
{"loss": 0.03670435771346092, "acc": 0.9917482733726501, "length": 5.0, "mode": "test", "epoch": 96}
{"loss": 0.02190655656158924, "acc": 0.9941871762275696, "length": 5.0, "mode": "train", "epoch": 97}
{"loss": 0.048582740128040314, "acc": 0.9896005392074585, "length": 5.0, "mode": "test", "epoch": 97}
{"loss": 0.020282937213778496, "acc": 0.9944216012954712, "length": 5.0, "mode": "train", "epoch": 98}
{"loss": 0.03962340205907822, "acc": 0.9912459254264832, "length": 5.0, "mode": "test", "epoch": 98}
{"loss": 0.017083412036299706, "acc": 0.9955313801765442, "length": 5.0, "mode": "train", "epoch": 99}
{"loss": 0.028991015627980232, "acc": 0.993519127368927, "length": 5.0, "mode": "test", "epoch": 99}
{"loss": 0.012778900563716888, "acc": 0.9969218373298645, "length": 5.0, "mode": "train", "epoch": 100}
{"loss": 0.02974122203886509, "acc": 0.9930294156074524, "length": 5.0, "mode": "test", "epoch": 100}
test accuracy: 0.9472426176071167
