# ["--attributes=4", "--values=4", "--game_size=10", "--vocab_size_factor=3", "--n_epochs=100", "--batch_size=32", "--learning_rate=0.0005", "--hidden_size=256", "--temp_update=0.97", "--temperature=1"]
Creating train_ds and val_ds...

Creating test_ds...
{"loss": 0.5384947657585144, "acc": 0.7131975293159485, "length": 3.7959368228912354, "mode": "train", "epoch": 1}
{"loss": 0.43843334913253784, "acc": 0.8014895915985107, "length": 5.0, "mode": "test", "epoch": 1}
{"loss": 0.3844233453273773, "acc": 0.8289637565612793, "length": 4.9818806648254395, "mode": "train", "epoch": 2}
{"loss": 0.3629550635814667, "acc": 0.8524951338768005, "length": 5.0, "mode": "test", "epoch": 2}
{"loss": 0.3243670165538788, "acc": 0.8619389533996582, "length": 4.997346878051758, "mode": "train", "epoch": 3}
{"loss": 0.3114936649799347, "acc": 0.8727779388427734, "length": 5.0, "mode": "test", "epoch": 3}
{"loss": 0.3020796775817871, "acc": 0.8702516555786133, "length": 4.998412132263184, "mode": "train", "epoch": 4}
{"loss": 0.28629598021507263, "acc": 0.8757076859474182, "length": 5.0, "mode": "test", "epoch": 4}
{"loss": 0.29002779722213745, "acc": 0.871945858001709, "length": 4.998588562011719, "mode": "train", "epoch": 5}
{"loss": 0.27880215644836426, "acc": 0.8774454593658447, "length": 5.0, "mode": "test", "epoch": 5}
{"loss": 0.2798389196395874, "acc": 0.8755343556404114, "length": 4.999258518218994, "mode": "train", "epoch": 6}
{"loss": 0.28235557675361633, "acc": 0.8792205452919006, "length": 5.0, "mode": "test", "epoch": 6}
{"loss": 0.2708835303783417, "acc": 0.8801175355911255, "length": 4.999534606933594, "mode": "train", "epoch": 7}
{"loss": 0.2720593810081482, "acc": 0.8824355006217957, "length": 5.0, "mode": "test", "epoch": 7}
{"loss": 0.27346453070640564, "acc": 0.8798053860664368, "length": 4.999739646911621, "mode": "train", "epoch": 8}
{"loss": 0.26322004199028015, "acc": 0.88520348072052, "length": 5.0, "mode": "test", "epoch": 8}
{"loss": 0.26277971267700195, "acc": 0.8847384452819824, "length": 4.999808311462402, "mode": "train", "epoch": 9}
{"loss": 0.26492834091186523, "acc": 0.8899454474449158, "length": 5.0, "mode": "test", "epoch": 9}
{"loss": 0.26373592019081116, "acc": 0.8844354152679443, "length": 4.999784469604492, "mode": "train", "epoch": 10}
{"loss": 0.2580418884754181, "acc": 0.8839747905731201, "length": 5.0, "mode": "test", "epoch": 10}
{"loss": 0.2575893700122833, "acc": 0.886322021484375, "length": 4.999935150146484, "mode": "train", "epoch": 11}
{"loss": 0.25776800513267517, "acc": 0.8888406157493591, "length": 5.0, "mode": "test", "epoch": 11}
{"loss": 0.25609344244003296, "acc": 0.8871371150016785, "length": 4.9999518394470215, "mode": "train", "epoch": 12}
{"loss": 0.25853002071380615, "acc": 0.890913724899292, "length": 5.0, "mode": "test", "epoch": 12}
{"loss": 0.25878575444221497, "acc": 0.8863627910614014, "length": 4.999701976776123, "mode": "train", "epoch": 13}
{"loss": 0.26020583510398865, "acc": 0.8908019065856934, "length": 5.0, "mode": "test", "epoch": 13}
{"loss": 0.24834732711315155, "acc": 0.8911228775978088, "length": 4.999985218048096, "mode": "train", "epoch": 14}
{"loss": 0.24974028766155243, "acc": 0.8925397992134094, "length": 5.0, "mode": "test", "epoch": 14}
{"loss": 0.24413587152957916, "acc": 0.8926375508308411, "length": 4.999990463256836, "mode": "train", "epoch": 15}
{"loss": 0.2448919117450714, "acc": 0.8944886326789856, "length": 5.0, "mode": "test", "epoch": 15}
{"loss": 0.2448348104953766, "acc": 0.8935642242431641, "length": 4.999974250793457, "mode": "train", "epoch": 16}
{"loss": 0.2419072687625885, "acc": 0.89858478307724, "length": 5.0, "mode": "test", "epoch": 16}
{"loss": 0.24452844262123108, "acc": 0.8947473168373108, "length": 4.999943733215332, "mode": "train", "epoch": 17}
{"loss": 0.23935140669345856, "acc": 0.8991062641143799, "length": 5.0, "mode": "test", "epoch": 17}
{"loss": 0.2383558750152588, "acc": 0.8981499671936035, "length": 4.9999895095825195, "mode": "train", "epoch": 18}
{"loss": 0.24837380647659302, "acc": 0.8934953808784485, "length": 5.0, "mode": "test", "epoch": 18}
{"loss": 0.23486289381980896, "acc": 0.8992672562599182, "length": 4.999993801116943, "mode": "train", "epoch": 19}
{"loss": 0.23246121406555176, "acc": 0.9041707515716553, "length": 5.0, "mode": "test", "epoch": 19}
{"loss": 0.2340295910835266, "acc": 0.8992964029312134, "length": 4.999996662139893, "mode": "train", "epoch": 20}
{"loss": 0.23399095237255096, "acc": 0.9032647013664246, "length": 5.0, "mode": "test", "epoch": 20}
{"loss": 0.23983310163021088, "acc": 0.8972851634025574, "length": 4.999987602233887, "mode": "train", "epoch": 21}
{"loss": 0.23749643564224243, "acc": 0.902010977268219, "length": 5.0, "mode": "test", "epoch": 21}
{"loss": 0.23708344995975494, "acc": 0.8991172909736633, "length": 4.999960899353027, "mode": "train", "epoch": 22}
{"loss": 0.23465584218502045, "acc": 0.903103232383728, "length": 5.0, "mode": "test", "epoch": 22}
{"loss": 0.23233939707279205, "acc": 0.9015955328941345, "length": 4.999929428100586, "mode": "train", "epoch": 23}
{"loss": 0.2405366450548172, "acc": 0.9024826884269714, "length": 5.0, "mode": "test", "epoch": 23}
{"loss": 0.23952698707580566, "acc": 0.8985416293144226, "length": 4.99992036819458, "mode": "train", "epoch": 24}
{"loss": 0.25964081287384033, "acc": 0.8896848559379578, "length": 5.0, "mode": "test", "epoch": 24}
{"loss": 0.24422882497310638, "acc": 0.8962959051132202, "length": 4.999972820281982, "mode": "train", "epoch": 25}
{"loss": 0.23054111003875732, "acc": 0.904568076133728, "length": 5.0, "mode": "test", "epoch": 25}
{"loss": 0.2300904393196106, "acc": 0.9045683145523071, "length": 4.999978065490723, "mode": "train", "epoch": 26}
{"loss": 0.23306657373905182, "acc": 0.9066781401634216, "length": 5.0, "mode": "test", "epoch": 26}
{"loss": 0.23439396917819977, "acc": 0.9028926491737366, "length": 4.999993324279785, "mode": "train", "epoch": 27}
{"loss": 0.2533116042613983, "acc": 0.8973187208175659, "length": 5.0, "mode": "test", "epoch": 27}
{"loss": 0.2423519343137741, "acc": 0.8984187245368958, "length": 4.999989986419678, "mode": "train", "epoch": 28}
{"loss": 0.24240155518054962, "acc": 0.9015392065048218, "length": 5.0, "mode": "test", "epoch": 28}
{"loss": 0.2324954718351364, "acc": 0.9046398997306824, "length": 4.9999213218688965, "mode": "train", "epoch": 29}
{"loss": 0.2260490208864212, "acc": 0.9110725522041321, "length": 5.0, "mode": "test", "epoch": 29}
{"loss": 0.22221912443637848, "acc": 0.9104576706886292, "length": 4.999999523162842, "mode": "train", "epoch": 30}
{"loss": 0.22232934832572937, "acc": 0.9120283126831055, "length": 5.0, "mode": "test", "epoch": 30}
{"loss": 0.21711300313472748, "acc": 0.9124359488487244, "length": 4.9999895095825195, "mode": "train", "epoch": 31}
{"loss": 0.2341642826795578, "acc": 0.9083912372589111, "length": 5.0, "mode": "test", "epoch": 31}
{"loss": 0.2272336333990097, "acc": 0.9071468114852905, "length": 4.999999523162842, "mode": "train", "epoch": 32}
{"loss": 0.2172931730747223, "acc": 0.9115814566612244, "length": 5.0, "mode": "test", "epoch": 32}
{"loss": 0.22511743009090424, "acc": 0.9086077213287354, "length": 4.999998569488525, "mode": "train", "epoch": 33}
{"loss": 0.2212076634168625, "acc": 0.9119537472724915, "length": 5.0, "mode": "test", "epoch": 33}
{"loss": 0.2125990390777588, "acc": 0.9150272607803345, "length": 4.999922752380371, "mode": "train", "epoch": 34}
{"loss": 0.21281901001930237, "acc": 0.915988028049469, "length": 5.0, "mode": "test", "epoch": 34}
{"loss": 0.20264682173728943, "acc": 0.9199209809303284, "length": 4.999973297119141, "mode": "train", "epoch": 35}
{"loss": 0.20526796579360962, "acc": 0.92034512758255, "length": 5.0, "mode": "test", "epoch": 35}
{"loss": 0.19791778922080994, "acc": 0.92214035987854, "length": 4.999998569488525, "mode": "train", "epoch": 36}
{"loss": 0.20362739264965057, "acc": 0.9216731786727905, "length": 5.0, "mode": "test", "epoch": 36}
{"loss": 0.19662420451641083, "acc": 0.9223718643188477, "length": 4.9999871253967285, "mode": "train", "epoch": 37}
{"loss": 0.20920832455158234, "acc": 0.9177383780479431, "length": 5.0, "mode": "test", "epoch": 37}
{"loss": 0.21154168248176575, "acc": 0.9166693687438965, "length": 4.999999523162842, "mode": "train", "epoch": 38}
{"loss": 0.20177321135997772, "acc": 0.9212511777877808, "length": 5.0, "mode": "test", "epoch": 38}
{"loss": 0.19949501752853394, "acc": 0.9207953810691833, "length": 4.999999523162842, "mode": "train", "epoch": 39}
{"loss": 0.200368270277977, "acc": 0.9213876724243164, "length": 5.0, "mode": "test", "epoch": 39}
{"loss": 0.20284932851791382, "acc": 0.9199840426445007, "length": 4.999995708465576, "mode": "train", "epoch": 40}
{"loss": 0.2001698762178421, "acc": 0.922542154788971, "length": 5.0, "mode": "test", "epoch": 40}
{"loss": 0.1981993317604065, "acc": 0.9215900301933289, "length": 5.0, "mode": "train", "epoch": 41}
{"loss": 0.20243637263774872, "acc": 0.9216980338096619, "length": 5.0, "mode": "test", "epoch": 41}
{"loss": 0.19762885570526123, "acc": 0.9219914078712463, "length": 4.999999523162842, "mode": "train", "epoch": 42}
{"loss": 0.1933661550283432, "acc": 0.9226416349411011, "length": 5.0, "mode": "test", "epoch": 42}
{"loss": 0.18999220430850983, "acc": 0.9252812266349792, "length": 4.99998664855957, "mode": "train", "epoch": 43}
{"loss": 0.19386109709739685, "acc": 0.9252235293388367, "length": 5.0, "mode": "test", "epoch": 43}
{"loss": 0.19094470143318176, "acc": 0.9241563677787781, "length": 4.999953269958496, "mode": "train", "epoch": 44}
{"loss": 0.18674181401729584, "acc": 0.926923930644989, "length": 5.0, "mode": "test", "epoch": 44}
{"loss": 0.18643563985824585, "acc": 0.9264435768127441, "length": 4.999965667724609, "mode": "train", "epoch": 45}
{"loss": 0.183746799826622, "acc": 0.9284384250640869, "length": 5.0, "mode": "test", "epoch": 45}
{"loss": 0.1838662028312683, "acc": 0.9277803897857666, "length": 4.999965667724609, "mode": "train", "epoch": 46}
{"loss": 0.1946299523115158, "acc": 0.9256702661514282, "length": 5.0, "mode": "test", "epoch": 46}
{"loss": 0.18964514136314392, "acc": 0.9266842603683472, "length": 4.999997615814209, "mode": "train", "epoch": 47}
{"loss": 0.19010527431964874, "acc": 0.9250745177268982, "length": 5.0, "mode": "test", "epoch": 47}
{"loss": 0.19085323810577393, "acc": 0.9255917072296143, "length": 4.999993324279785, "mode": "train", "epoch": 48}
{"loss": 0.19675098359584808, "acc": 0.9218348860740662, "length": 5.0, "mode": "test", "epoch": 48}
{"loss": 0.18990032374858856, "acc": 0.9238249063491821, "length": 5.0, "mode": "train", "epoch": 49}
{"loss": 0.19555558264255524, "acc": 0.9243916869163513, "length": 5.0, "mode": "test", "epoch": 49}
{"loss": 0.1841680407524109, "acc": 0.9285342693328857, "length": 5.0, "mode": "train", "epoch": 50}
{"loss": 0.18693898618221283, "acc": 0.9288358092308044, "length": 5.0, "mode": "test", "epoch": 50}
{"loss": 0.18411248922348022, "acc": 0.928740918636322, "length": 4.999999523162842, "mode": "train", "epoch": 51}
{"loss": 0.19596634805202484, "acc": 0.9205065369606018, "length": 5.0, "mode": "test", "epoch": 51}
{"loss": 0.18448397517204285, "acc": 0.9288941025733948, "length": 4.999998092651367, "mode": "train", "epoch": 52}
{"loss": 0.18863080441951752, "acc": 0.9290838241577148, "length": 5.0, "mode": "test", "epoch": 52}
{"loss": 0.18555571138858795, "acc": 0.9288156032562256, "length": 4.999999046325684, "mode": "train", "epoch": 53}
{"loss": 0.1862228810787201, "acc": 0.9291585087776184, "length": 5.0, "mode": "test", "epoch": 53}
{"loss": 0.17794159054756165, "acc": 0.9321965575218201, "length": 4.999994277954102, "mode": "train", "epoch": 54}
{"loss": 0.17784379422664642, "acc": 0.9347567558288574, "length": 5.0, "mode": "test", "epoch": 54}
{"loss": 0.17308756709098816, "acc": 0.9343732595443726, "length": 4.999982833862305, "mode": "train", "epoch": 55}
{"loss": 0.17548775672912598, "acc": 0.934185802936554, "length": 5.0, "mode": "test", "epoch": 55}
{"loss": 0.17846955358982086, "acc": 0.9320269227027893, "length": 5.0, "mode": "train", "epoch": 56}
{"loss": 0.19692333042621613, "acc": 0.9248139262199402, "length": 5.0, "mode": "test", "epoch": 56}
{"loss": 0.17878924310207367, "acc": 0.932449221611023, "length": 4.999999523162842, "mode": "train", "epoch": 57}
{"loss": 0.18731921911239624, "acc": 0.9303624033927917, "length": 5.0, "mode": "test", "epoch": 57}
{"loss": 0.1927344650030136, "acc": 0.925608217716217, "length": 5.0, "mode": "train", "epoch": 58}
{"loss": 0.18854333460330963, "acc": 0.9306603074073792, "length": 5.0, "mode": "test", "epoch": 58}
{"loss": 0.17944422364234924, "acc": 0.9330399036407471, "length": 4.999943256378174, "mode": "train", "epoch": 59}
{"loss": 0.18380756676197052, "acc": 0.9286990165710449, "length": 5.0, "mode": "test", "epoch": 59}
{"loss": 0.1806272566318512, "acc": 0.9311496615409851, "length": 5.0, "mode": "train", "epoch": 60}
{"loss": 0.1854712963104248, "acc": 0.9311319589614868, "length": 5.0, "mode": "test", "epoch": 60}
{"loss": 0.17692303657531738, "acc": 0.9328587055206299, "length": 4.999998569488525, "mode": "train", "epoch": 61}
{"loss": 0.18585680425167084, "acc": 0.9319141507148743, "length": 5.0, "mode": "test", "epoch": 61}
{"loss": 0.1783190667629242, "acc": 0.9322587847709656, "length": 4.999999523162842, "mode": "train", "epoch": 62}
{"loss": 0.18076321482658386, "acc": 0.9353401064872742, "length": 5.0, "mode": "test", "epoch": 62}
{"loss": 0.17104347050189972, "acc": 0.9359129667282104, "length": 4.999998092651367, "mode": "train", "epoch": 63}
{"loss": 0.1721794754266739, "acc": 0.9368794560432434, "length": 5.0, "mode": "test", "epoch": 63}
{"loss": 0.17126137018203735, "acc": 0.936078667640686, "length": 5.0, "mode": "train", "epoch": 64}
{"loss": 0.17431402206420898, "acc": 0.9373136758804321, "length": 5.0, "mode": "test", "epoch": 64}
{"loss": 0.17207640409469604, "acc": 0.9343693852424622, "length": 4.999999523162842, "mode": "train", "epoch": 65}
{"loss": 0.1645415723323822, "acc": 0.9389400482177734, "length": 5.0, "mode": "test", "epoch": 65}
{"loss": 0.16817854344844818, "acc": 0.9359296560287476, "length": 5.0, "mode": "train", "epoch": 66}
{"loss": 0.16972419619560242, "acc": 0.9377607107162476, "length": 5.0, "mode": "test", "epoch": 66}
{"loss": 0.16906194388866425, "acc": 0.9368192553520203, "length": 5.0, "mode": "train", "epoch": 67}
{"loss": 0.1781516820192337, "acc": 0.9340739250183105, "length": 5.0, "mode": "test", "epoch": 67}
{"loss": 0.1742730736732483, "acc": 0.933607816696167, "length": 5.0, "mode": "train", "epoch": 68}
{"loss": 0.1707291305065155, "acc": 0.938170313835144, "length": 5.0, "mode": "test", "epoch": 68}
{"loss": 0.1662486344575882, "acc": 0.9369516372680664, "length": 5.0, "mode": "train", "epoch": 69}
{"loss": 0.183533176779747, "acc": 0.9324852824211121, "length": 5.0, "mode": "test", "epoch": 69}
{"loss": 0.17342858016490936, "acc": 0.936119794845581, "length": 5.0, "mode": "train", "epoch": 70}
{"loss": 0.19086036086082458, "acc": 0.9330063462257385, "length": 5.0, "mode": "test", "epoch": 70}
{"loss": 0.17065173387527466, "acc": 0.9378993511199951, "length": 5.0, "mode": "train", "epoch": 71}
{"loss": 0.16537046432495117, "acc": 0.9403921365737915, "length": 5.0, "mode": "test", "epoch": 71}
{"loss": 0.15685412287712097, "acc": 0.9421742558479309, "length": 5.0, "mode": "train", "epoch": 72}
{"loss": 0.1606806218624115, "acc": 0.9432099461555481, "length": 5.0, "mode": "test", "epoch": 72}
{"loss": 0.1589604616165161, "acc": 0.941474974155426, "length": 4.999999523162842, "mode": "train", "epoch": 73}
{"loss": 0.1732499897480011, "acc": 0.9370532035827637, "length": 5.0, "mode": "test", "epoch": 73}
{"loss": 0.16683168709278107, "acc": 0.9388347864151001, "length": 5.0, "mode": "train", "epoch": 74}
{"loss": 0.17564427852630615, "acc": 0.9374131560325623, "length": 5.0, "mode": "test", "epoch": 74}
{"loss": 0.15883485972881317, "acc": 0.9408459663391113, "length": 5.0, "mode": "train", "epoch": 75}
{"loss": 0.16102799773216248, "acc": 0.9426513314247131, "length": 5.0, "mode": "test", "epoch": 75}
{"loss": 0.1528005450963974, "acc": 0.9440075159072876, "length": 5.0, "mode": "train", "epoch": 76}
{"loss": 0.16414758563041687, "acc": 0.9401811957359314, "length": 5.0, "mode": "test", "epoch": 76}
{"loss": 0.1526152640581131, "acc": 0.9434074759483337, "length": 5.0, "mode": "train", "epoch": 77}
{"loss": 0.16840612888336182, "acc": 0.9408389329910278, "length": 5.0, "mode": "test", "epoch": 77}
{"loss": 0.16469302773475647, "acc": 0.9390746355056763, "length": 5.0, "mode": "train", "epoch": 78}
{"loss": 0.2118358314037323, "acc": 0.9228898286819458, "length": 5.0, "mode": "test", "epoch": 78}
{"loss": 0.18007035553455353, "acc": 0.935027003288269, "length": 4.99999475479126, "mode": "train", "epoch": 79}
{"loss": 0.18977326154708862, "acc": 0.9304739832878113, "length": 5.0, "mode": "test", "epoch": 79}
{"loss": 0.17080296576023102, "acc": 0.9377338290214539, "length": 4.999999046325684, "mode": "train", "epoch": 80}
{"loss": 0.1761137694120407, "acc": 0.9385427236557007, "length": 5.0, "mode": "test", "epoch": 80}
{"loss": 0.1695583611726761, "acc": 0.9373160600662231, "length": 5.0, "mode": "train", "epoch": 81}
{"loss": 0.16626548767089844, "acc": 0.939051628112793, "length": 5.0, "mode": "test", "epoch": 81}
{"loss": 0.15917794406414032, "acc": 0.9409947395324707, "length": 4.999996662139893, "mode": "train", "epoch": 82}
{"loss": 0.16806331276893616, "acc": 0.9369909763336182, "length": 5.0, "mode": "test", "epoch": 82}
{"loss": 0.15794309973716736, "acc": 0.9426749348640442, "length": 5.0, "mode": "train", "epoch": 83}
{"loss": 0.15308669209480286, "acc": 0.9458417296409607, "length": 5.0, "mode": "test", "epoch": 83}
{"loss": 0.14534281194210052, "acc": 0.9475790858268738, "length": 5.0, "mode": "train", "epoch": 84}
{"loss": 0.14973121881484985, "acc": 0.946648359298706, "length": 5.0, "mode": "test", "epoch": 84}
{"loss": 0.14157362282276154, "acc": 0.949201226234436, "length": 5.0, "mode": "train", "epoch": 85}
{"loss": 0.14144828915596008, "acc": 0.949267566204071, "length": 5.0, "mode": "test", "epoch": 85}
{"loss": 0.13697302341461182, "acc": 0.9501199722290039, "length": 5.0, "mode": "train", "epoch": 86}
{"loss": 0.14733067154884338, "acc": 0.9472070336341858, "length": 5.0, "mode": "test", "epoch": 86}
{"loss": 0.15287819504737854, "acc": 0.9447935819625854, "length": 4.999996185302734, "mode": "train", "epoch": 87}
{"loss": 0.15519192814826965, "acc": 0.94577956199646, "length": 5.0, "mode": "test", "epoch": 87}
{"loss": 0.14933252334594727, "acc": 0.9472687244415283, "length": 5.0, "mode": "train", "epoch": 88}
{"loss": 0.15730071067810059, "acc": 0.9472319483757019, "length": 5.0, "mode": "test", "epoch": 88}
{"loss": 0.14593735337257385, "acc": 0.9489321112632751, "length": 5.0, "mode": "train", "epoch": 89}
{"loss": 0.14719009399414062, "acc": 0.9513654112815857, "length": 5.0, "mode": "test", "epoch": 89}
{"loss": 0.1367209106683731, "acc": 0.9524583220481873, "length": 5.0, "mode": "train", "epoch": 90}
{"loss": 0.1401847004890442, "acc": 0.9518619775772095, "length": 5.0, "mode": "test", "epoch": 90}
{"loss": 0.1395786851644516, "acc": 0.951328456401825, "length": 4.999999523162842, "mode": "train", "epoch": 91}
{"loss": 0.14495599269866943, "acc": 0.9515764713287354, "length": 5.0, "mode": "test", "epoch": 91}
{"loss": 0.13772819936275482, "acc": 0.9515436291694641, "length": 5.0, "mode": "train", "epoch": 92}
{"loss": 0.1415019929409027, "acc": 0.9516013264656067, "length": 5.0, "mode": "test", "epoch": 92}
{"loss": 0.13877008855342865, "acc": 0.9509063363075256, "length": 5.0, "mode": "train", "epoch": 93}
{"loss": 0.14301612973213196, "acc": 0.9521227478981018, "length": 5.0, "mode": "test", "epoch": 93}
{"loss": 0.13415086269378662, "acc": 0.9529962539672852, "length": 5.0, "mode": "train", "epoch": 94}
{"loss": 0.14252692461013794, "acc": 0.9521599411964417, "length": 5.0, "mode": "test", "epoch": 94}
{"loss": 0.13552309572696686, "acc": 0.952363133430481, "length": 5.0, "mode": "train", "epoch": 95}
{"loss": 0.13796700537204742, "acc": 0.9540590047836304, "length": 5.0, "mode": "test", "epoch": 95}
{"loss": 0.16944573819637299, "acc": 0.936147928237915, "length": 4.99996280670166, "mode": "train", "epoch": 96}
{"loss": 0.16691306233406067, "acc": 0.9420928955078125, "length": 5.0, "mode": "test", "epoch": 96}
{"loss": 0.15358053147792816, "acc": 0.9442682862281799, "length": 4.999999523162842, "mode": "train", "epoch": 97}
{"loss": 0.1556655466556549, "acc": 0.946847140789032, "length": 5.0, "mode": "test", "epoch": 97}
{"loss": 0.14767375588417053, "acc": 0.9467720985412598, "length": 5.0, "mode": "train", "epoch": 98}
{"loss": 0.15838101506233215, "acc": 0.943992018699646, "length": 5.0, "mode": "test", "epoch": 98}
{"loss": 0.13877320289611816, "acc": 0.95049649477005, "length": 5.0, "mode": "train", "epoch": 99}
{"loss": 0.14074864983558655, "acc": 0.9506703615188599, "length": 5.0, "mode": "test", "epoch": 99}
{"loss": 0.13736490905284882, "acc": 0.9509020447731018, "length": 5.0, "mode": "train", "epoch": 100}
{"loss": 0.14097650349140167, "acc": 0.9515638947486877, "length": 5.0, "mode": "test", "epoch": 100}
test accuracy: 0.8892930150032043
