# ["--attributes=4", "--values=4", "--game_size=10", "--vocab_size_factor=3", "--n_epochs=100", "--batch_size=32", "--learning_rate=0.0005", "--hidden_size=256", "--temp_update=0.97", "--temperature=1.5"]
Creating train_ds and val_ds...

Creating test_ds...
{"loss": 0.4939335882663727, "acc": 0.741310179233551, "length": 4.104986667633057, "mode": "train", "epoch": 1}
{"loss": 0.3798760175704956, "acc": 0.8304195404052734, "length": 5.0, "mode": "test", "epoch": 1}
{"loss": 0.3364764451980591, "acc": 0.8546488285064697, "length": 4.9970574378967285, "mode": "train", "epoch": 2}
{"loss": 0.3292491137981415, "acc": 0.8594826459884644, "length": 5.0, "mode": "test", "epoch": 2}
{"loss": 0.2988795042037964, "acc": 0.87496417760849, "length": 4.99903678894043, "mode": "train", "epoch": 3}
{"loss": 0.2998744249343872, "acc": 0.8798167705535889, "length": 5.0, "mode": "test", "epoch": 3}
{"loss": 0.2693222165107727, "acc": 0.8895785212516785, "length": 4.999395847320557, "mode": "train", "epoch": 4}
{"loss": 0.2709957957267761, "acc": 0.8892991542816162, "length": 5.0, "mode": "test", "epoch": 4}
{"loss": 0.2507275342941284, "acc": 0.8979740142822266, "length": 4.999608516693115, "mode": "train", "epoch": 5}
{"loss": 0.26210495829582214, "acc": 0.8979151248931885, "length": 5.0, "mode": "test", "epoch": 5}
{"loss": 0.2373168021440506, "acc": 0.9050012230873108, "length": 4.999724388122559, "mode": "train", "epoch": 6}
{"loss": 0.25424912571907043, "acc": 0.8983168601989746, "length": 5.0, "mode": "test", "epoch": 6}
{"loss": 0.22922585904598236, "acc": 0.9072632193565369, "length": 4.999812602996826, "mode": "train", "epoch": 7}
{"loss": 0.2520138919353485, "acc": 0.9038307666778564, "length": 5.0, "mode": "test", "epoch": 7}
{"loss": 0.22732116281986237, "acc": 0.9088456034660339, "length": 4.999815940856934, "mode": "train", "epoch": 8}
{"loss": 0.23862360417842865, "acc": 0.9108139276504517, "length": 5.0, "mode": "test", "epoch": 8}
{"loss": 0.21627894043922424, "acc": 0.9133764505386353, "length": 4.999903678894043, "mode": "train", "epoch": 9}
{"loss": 0.23668073117733002, "acc": 0.905363142490387, "length": 5.0, "mode": "test", "epoch": 9}
{"loss": 0.21097031235694885, "acc": 0.9152158498764038, "length": 4.999942302703857, "mode": "train", "epoch": 10}
{"loss": 0.23786906898021698, "acc": 0.899422287940979, "length": 5.0, "mode": "test", "epoch": 10}
{"loss": 0.21378131210803986, "acc": 0.9134787917137146, "length": 4.999951362609863, "mode": "train", "epoch": 11}
{"loss": 0.23350562155246735, "acc": 0.9091433882713318, "length": 5.0, "mode": "test", "epoch": 11}
{"loss": 0.20925240218639374, "acc": 0.9160509705543518, "length": 4.999967098236084, "mode": "train", "epoch": 12}
{"loss": 0.2268674671649933, "acc": 0.9120322465896606, "length": 5.0, "mode": "test", "epoch": 12}
{"loss": 0.19740593433380127, "acc": 0.9212440252304077, "length": 4.999965190887451, "mode": "train", "epoch": 13}
{"loss": 0.2160908281803131, "acc": 0.9156618714332581, "length": 5.0, "mode": "test", "epoch": 13}
{"loss": 0.2004426121711731, "acc": 0.9188816547393799, "length": 4.999970436096191, "mode": "train", "epoch": 14}
{"loss": 0.20771172642707825, "acc": 0.9196557998657227, "length": 5.0, "mode": "test", "epoch": 14}
{"loss": 0.20098714530467987, "acc": 0.9181753396987915, "length": 4.999992370605469, "mode": "train", "epoch": 15}
{"loss": 0.22671516239643097, "acc": 0.9038057327270508, "length": 5.0, "mode": "test", "epoch": 15}
{"loss": 0.1951831877231598, "acc": 0.9219945073127747, "length": 4.9999871253967285, "mode": "train", "epoch": 16}
{"loss": 0.21570198237895966, "acc": 0.9148077368736267, "length": 5.0, "mode": "test", "epoch": 16}
{"loss": 0.2008955478668213, "acc": 0.9190127849578857, "length": 4.999985694885254, "mode": "train", "epoch": 17}
{"loss": 0.21309368312358856, "acc": 0.9151219129562378, "length": 5.0, "mode": "test", "epoch": 17}
{"loss": 0.1840478926897049, "acc": 0.9280245304107666, "length": 4.999979496002197, "mode": "train", "epoch": 18}
{"loss": 0.19013246893882751, "acc": 0.9261742234230042, "length": 5.0, "mode": "test", "epoch": 18}
{"loss": 0.17245624959468842, "acc": 0.9341984391212463, "length": 4.999993324279785, "mode": "train", "epoch": 19}
{"loss": 0.1793084293603897, "acc": 0.9335720539093018, "length": 5.0, "mode": "test", "epoch": 19}
{"loss": 0.16297762095928192, "acc": 0.9388131499290466, "length": 4.999980926513672, "mode": "train", "epoch": 20}
{"loss": 0.17459745705127716, "acc": 0.936184287071228, "length": 5.0, "mode": "test", "epoch": 20}
{"loss": 0.1576632708311081, "acc": 0.9426961541175842, "length": 4.999997615814209, "mode": "train", "epoch": 21}
{"loss": 0.1669871062040329, "acc": 0.9380432367324829, "length": 5.0, "mode": "test", "epoch": 21}
{"loss": 0.1489519625902176, "acc": 0.9459124803543091, "length": 4.999998569488525, "mode": "train", "epoch": 22}
{"loss": 0.15967924892902374, "acc": 0.9445238709449768, "length": 5.0, "mode": "test", "epoch": 22}
{"loss": 0.1496717780828476, "acc": 0.9453595280647278, "length": 4.999998569488525, "mode": "train", "epoch": 23}
{"loss": 0.15902352333068848, "acc": 0.9431549906730652, "length": 5.0, "mode": "test", "epoch": 23}
{"loss": 0.15024976432323456, "acc": 0.945368230342865, "length": 4.999999523162842, "mode": "train", "epoch": 24}
{"loss": 0.1520710289478302, "acc": 0.9453782439231873, "length": 5.0, "mode": "test", "epoch": 24}
{"loss": 0.1404040902853012, "acc": 0.9496524333953857, "length": 5.0, "mode": "train", "epoch": 25}
{"loss": 0.15194584429264069, "acc": 0.9481287002563477, "length": 5.0, "mode": "test", "epoch": 25}
{"loss": 0.14378511905670166, "acc": 0.9488189220428467, "length": 4.999999046325684, "mode": "train", "epoch": 26}
{"loss": 0.1637340635061264, "acc": 0.9416353106498718, "length": 5.0, "mode": "test", "epoch": 26}
{"loss": 0.14555425941944122, "acc": 0.9472102522850037, "length": 4.999989032745361, "mode": "train", "epoch": 27}
{"loss": 0.16682036221027374, "acc": 0.9393996000289917, "length": 5.0, "mode": "test", "epoch": 27}
{"loss": 0.13923320174217224, "acc": 0.9502258896827698, "length": 4.999996185302734, "mode": "train", "epoch": 28}
{"loss": 0.14485831558704376, "acc": 0.9510549902915955, "length": 5.0, "mode": "test", "epoch": 28}
{"loss": 0.12958797812461853, "acc": 0.9550256133079529, "length": 5.0, "mode": "train", "epoch": 29}
{"loss": 0.15315403044223785, "acc": 0.9471364617347717, "length": 5.0, "mode": "test", "epoch": 29}
{"loss": 0.1271612048149109, "acc": 0.9565288424491882, "length": 4.999994277954102, "mode": "train", "epoch": 30}
{"loss": 0.13587665557861328, "acc": 0.9549486041069031, "length": 5.0, "mode": "test", "epoch": 30}
{"loss": 0.13704641163349152, "acc": 0.9525957703590393, "length": 4.999983787536621, "mode": "train", "epoch": 31}
{"loss": 0.14922748506069183, "acc": 0.9509418606758118, "length": 5.0, "mode": "test", "epoch": 31}
{"loss": 0.12858106195926666, "acc": 0.9566087126731873, "length": 5.0, "mode": "train", "epoch": 32}
{"loss": 0.13329623639583588, "acc": 0.9569329619407654, "length": 5.0, "mode": "test", "epoch": 32}
{"loss": 0.12268491834402084, "acc": 0.9595110416412354, "length": 4.999999523162842, "mode": "train", "epoch": 33}
{"loss": 0.13466934859752655, "acc": 0.9556267261505127, "length": 5.0, "mode": "test", "epoch": 33}
{"loss": 0.12015660107135773, "acc": 0.9605537056922913, "length": 5.0, "mode": "train", "epoch": 34}
{"loss": 0.1421014666557312, "acc": 0.9551871418952942, "length": 5.0, "mode": "test", "epoch": 34}
{"loss": 0.12703244388103485, "acc": 0.9578900933265686, "length": 5.0, "mode": "train", "epoch": 35}
{"loss": 0.13880230486392975, "acc": 0.9556518197059631, "length": 5.0, "mode": "test", "epoch": 35}
{"loss": 0.13947278261184692, "acc": 0.9537649750709534, "length": 5.0, "mode": "train", "epoch": 36}
{"loss": 0.14570479094982147, "acc": 0.9525245428085327, "length": 5.0, "mode": "test", "epoch": 36}
{"loss": 0.1237415298819542, "acc": 0.9587781429290771, "length": 5.0, "mode": "train", "epoch": 37}
{"loss": 0.14324204623699188, "acc": 0.9550363421440125, "length": 5.0, "mode": "test", "epoch": 37}
{"loss": 0.12269837409257889, "acc": 0.9594104290008545, "length": 5.0, "mode": "train", "epoch": 38}
{"loss": 0.12953776121139526, "acc": 0.9586285948753357, "length": 5.0, "mode": "test", "epoch": 38}
{"loss": 0.11439389735460281, "acc": 0.9627691507339478, "length": 5.0, "mode": "train", "epoch": 39}
{"loss": 0.12038861215114594, "acc": 0.9602361917495728, "length": 5.0, "mode": "test", "epoch": 39}
{"loss": 0.11522280424833298, "acc": 0.9623294472694397, "length": 5.0, "mode": "train", "epoch": 40}
{"loss": 0.13110192120075226, "acc": 0.9562169313430786, "length": 5.0, "mode": "test", "epoch": 40}
{"loss": 0.12253865599632263, "acc": 0.9592300653457642, "length": 4.999999523162842, "mode": "train", "epoch": 41}
{"loss": 0.13321532309055328, "acc": 0.9559280872344971, "length": 5.0, "mode": "test", "epoch": 41}
{"loss": 0.11216568946838379, "acc": 0.9640129208564758, "length": 5.0, "mode": "train", "epoch": 42}
{"loss": 0.11854515224695206, "acc": 0.9630871415138245, "length": 5.0, "mode": "test", "epoch": 42}
{"loss": 0.11116713285446167, "acc": 0.9639836549758911, "length": 5.0, "mode": "train", "epoch": 43}
{"loss": 0.1315004974603653, "acc": 0.9578623175621033, "length": 5.0, "mode": "test", "epoch": 43}
{"loss": 0.12067529559135437, "acc": 0.961420476436615, "length": 5.0, "mode": "train", "epoch": 44}
{"loss": 0.14661039412021637, "acc": 0.9546721577644348, "length": 5.0, "mode": "test", "epoch": 44}
{"loss": 0.1129748523235321, "acc": 0.9644904136657715, "length": 5.0, "mode": "train", "epoch": 45}
{"loss": 0.11140352487564087, "acc": 0.967407763004303, "length": 5.0, "mode": "test", "epoch": 45}
{"loss": 0.10687217116355896, "acc": 0.9663329124450684, "length": 5.0, "mode": "train", "epoch": 46}
{"loss": 0.1108630821108818, "acc": 0.9660763740539551, "length": 5.0, "mode": "test", "epoch": 46}
{"loss": 0.10233836621046066, "acc": 0.9685074090957642, "length": 4.999917030334473, "mode": "train", "epoch": 47}
{"loss": 0.11957454681396484, "acc": 0.9628484845161438, "length": 5.0, "mode": "test", "epoch": 47}
{"loss": 0.11028855293989182, "acc": 0.964775025844574, "length": 4.999999523162842, "mode": "train", "epoch": 48}
{"loss": 0.13258065283298492, "acc": 0.9588420391082764, "length": 5.0, "mode": "test", "epoch": 48}
{"loss": 0.10061264038085938, "acc": 0.96825110912323, "length": 5.0, "mode": "train", "epoch": 49}
{"loss": 0.10729367285966873, "acc": 0.9681864380836487, "length": 5.0, "mode": "test", "epoch": 49}
{"loss": 0.09227678179740906, "acc": 0.9712789058685303, "length": 5.0, "mode": "train", "epoch": 50}
{"loss": 0.10279924422502518, "acc": 0.9695303440093994, "length": 5.0, "mode": "test", "epoch": 50}
{"loss": 0.09124913811683655, "acc": 0.9715093970298767, "length": 5.0, "mode": "train", "epoch": 51}
{"loss": 0.10316073149442673, "acc": 0.9701833128929138, "length": 5.0, "mode": "test", "epoch": 51}
{"loss": 0.0973508432507515, "acc": 0.9702823758125305, "length": 5.0, "mode": "train", "epoch": 52}
{"loss": 0.16441647708415985, "acc": 0.9482793807983398, "length": 5.0, "mode": "test", "epoch": 52}
{"loss": 0.11035280674695969, "acc": 0.9647583365440369, "length": 4.999999046325684, "mode": "train", "epoch": 53}
{"loss": 0.13375940918922424, "acc": 0.9575358629226685, "length": 5.0, "mode": "test", "epoch": 53}
{"loss": 0.11716365814208984, "acc": 0.9628152251243591, "length": 4.999997615814209, "mode": "train", "epoch": 54}
{"loss": 0.13586702942848206, "acc": 0.9586285352706909, "length": 5.0, "mode": "test", "epoch": 54}
{"loss": 0.10560699552297592, "acc": 0.9662032127380371, "length": 5.0, "mode": "train", "epoch": 55}
{"loss": 0.10883796215057373, "acc": 0.9669680595397949, "length": 5.0, "mode": "test", "epoch": 55}
{"loss": 0.09886451065540314, "acc": 0.9685023427009583, "length": 5.0, "mode": "train", "epoch": 56}
{"loss": 0.11590375751256943, "acc": 0.9651973247528076, "length": 5.0, "mode": "test", "epoch": 56}
{"loss": 0.09740080684423447, "acc": 0.9691054821014404, "length": 5.0, "mode": "train", "epoch": 57}
{"loss": 0.11666247248649597, "acc": 0.9659255743026733, "length": 5.0, "mode": "test", "epoch": 57}
{"loss": 0.10738922655582428, "acc": 0.9661069512367249, "length": 5.0, "mode": "train", "epoch": 58}
{"loss": 0.12179888784885406, "acc": 0.9622960090637207, "length": 5.0, "mode": "test", "epoch": 58}
{"loss": 0.10116773843765259, "acc": 0.9680290222167969, "length": 5.0, "mode": "train", "epoch": 59}
{"loss": 0.11184582114219666, "acc": 0.9652097821235657, "length": 5.0, "mode": "test", "epoch": 59}
{"loss": 0.09941304475069046, "acc": 0.9688040018081665, "length": 5.0, "mode": "train", "epoch": 60}
{"loss": 0.1079031229019165, "acc": 0.9668048620223999, "length": 5.0, "mode": "test", "epoch": 60}
{"loss": 0.0959402397274971, "acc": 0.9700560569763184, "length": 5.0, "mode": "train", "epoch": 61}
{"loss": 0.1068606749176979, "acc": 0.9682491421699524, "length": 5.0, "mode": "test", "epoch": 61}
{"loss": 0.08954508602619171, "acc": 0.9724302291870117, "length": 4.999993324279785, "mode": "train", "epoch": 62}
{"loss": 0.10857721418142319, "acc": 0.9660260677337646, "length": 5.0, "mode": "test", "epoch": 62}
{"loss": 0.09165871143341064, "acc": 0.9714340567588806, "length": 5.0, "mode": "train", "epoch": 63}
{"loss": 0.10102781653404236, "acc": 0.9694674611091614, "length": 5.0, "mode": "test", "epoch": 63}
{"loss": 0.09073237329721451, "acc": 0.9721248745918274, "length": 5.0, "mode": "train", "epoch": 64}
{"loss": 0.12400537729263306, "acc": 0.9624341130256653, "length": 5.0, "mode": "test", "epoch": 64}
{"loss": 0.09647218883037567, "acc": 0.9706172943115234, "length": 5.0, "mode": "train", "epoch": 65}
{"loss": 0.10024597495794296, "acc": 0.9690531492233276, "length": 5.0, "mode": "test", "epoch": 65}
{"loss": 0.08867128193378448, "acc": 0.9724893569946289, "length": 5.0, "mode": "train", "epoch": 66}
{"loss": 0.09520240128040314, "acc": 0.9717408418655396, "length": 5.0, "mode": "test", "epoch": 66}
{"loss": 0.0952594056725502, "acc": 0.9701399803161621, "length": 4.999999523162842, "mode": "train", "epoch": 67}
{"loss": 0.13144661486148834, "acc": 0.9616177678108215, "length": 5.0, "mode": "test", "epoch": 67}
{"loss": 0.09716387838125229, "acc": 0.9700686931610107, "length": 5.0, "mode": "train", "epoch": 68}
{"loss": 0.10306467115879059, "acc": 0.9686386585235596, "length": 5.0, "mode": "test", "epoch": 68}
{"loss": 0.08884377777576447, "acc": 0.9725185632705688, "length": 5.0, "mode": "train", "epoch": 69}
{"loss": 0.1044885665178299, "acc": 0.9689399600028992, "length": 5.0, "mode": "test", "epoch": 69}
{"loss": 0.08680006861686707, "acc": 0.973544716835022, "length": 5.0, "mode": "train", "epoch": 70}
{"loss": 0.09894727915525436, "acc": 0.9705601334571838, "length": 5.0, "mode": "test", "epoch": 70}
{"loss": 0.08387668430805206, "acc": 0.9744995832443237, "length": 4.999999523162842, "mode": "train", "epoch": 71}
{"loss": 0.10352429002523422, "acc": 0.9694550037384033, "length": 5.0, "mode": "test", "epoch": 71}
{"loss": 0.0930546224117279, "acc": 0.9706718921661377, "length": 5.0, "mode": "train", "epoch": 72}
{"loss": 0.10746271163225174, "acc": 0.9676085710525513, "length": 5.0, "mode": "test", "epoch": 72}
{"loss": 0.09120117127895355, "acc": 0.9717397093772888, "length": 5.0, "mode": "train", "epoch": 73}
{"loss": 0.09959904849529266, "acc": 0.9701455235481262, "length": 5.0, "mode": "test", "epoch": 73}
{"loss": 0.09264250844717026, "acc": 0.9709564447402954, "length": 5.0, "mode": "train", "epoch": 74}
{"loss": 0.09756229817867279, "acc": 0.971276044845581, "length": 5.0, "mode": "test", "epoch": 74}
{"loss": 0.09197241067886353, "acc": 0.9716977477073669, "length": 4.999999523162842, "mode": "train", "epoch": 75}
{"loss": 0.09878410398960114, "acc": 0.9700703620910645, "length": 5.0, "mode": "test", "epoch": 75}
{"loss": 0.08245063573122025, "acc": 0.9748011231422424, "length": 5.0, "mode": "train", "epoch": 76}
{"loss": 0.09816519170999527, "acc": 0.9707737565040588, "length": 5.0, "mode": "test", "epoch": 76}
{"loss": 0.08198966830968857, "acc": 0.9746250510215759, "length": 5.0, "mode": "train", "epoch": 77}
{"loss": 0.10631834715604782, "acc": 0.9690154194831848, "length": 5.0, "mode": "test", "epoch": 77}
{"loss": 0.08451040834188461, "acc": 0.9734063744544983, "length": 5.0, "mode": "train", "epoch": 78}
{"loss": 0.10228684544563293, "acc": 0.9682618379592896, "length": 5.0, "mode": "test", "epoch": 78}
{"loss": 0.08363357186317444, "acc": 0.9740597605705261, "length": 5.0, "mode": "train", "epoch": 79}
{"loss": 0.08791836351156235, "acc": 0.9745039343833923, "length": 5.0, "mode": "test", "epoch": 79}
{"loss": 0.082609623670578, "acc": 0.9742776155471802, "length": 5.0, "mode": "train", "epoch": 80}
{"loss": 0.10565861314535141, "acc": 0.9678850769996643, "length": 5.0, "mode": "test", "epoch": 80}
{"loss": 0.08904707431793213, "acc": 0.971664309501648, "length": 5.0, "mode": "train", "epoch": 81}
{"loss": 0.10157345980405807, "acc": 0.9685381054878235, "length": 5.0, "mode": "test", "epoch": 81}
{"loss": 0.08218149840831757, "acc": 0.9741436243057251, "length": 5.0, "mode": "train", "epoch": 82}
{"loss": 0.09219475090503693, "acc": 0.972645103931427, "length": 5.0, "mode": "test", "epoch": 82}
{"loss": 0.07613596320152283, "acc": 0.9768320918083191, "length": 4.999998569488525, "mode": "train", "epoch": 83}
{"loss": 0.08427882939577103, "acc": 0.9759984016418457, "length": 5.0, "mode": "test", "epoch": 83}
{"loss": 0.07014936953783035, "acc": 0.9790727496147156, "length": 5.0, "mode": "train", "epoch": 84}
{"loss": 0.08072693645954132, "acc": 0.9761867523193359, "length": 5.0, "mode": "test", "epoch": 84}
{"loss": 0.0785888135433197, "acc": 0.9759359359741211, "length": 5.0, "mode": "train", "epoch": 85}
{"loss": 0.09576041251420975, "acc": 0.9718790650367737, "length": 5.0, "mode": "test", "epoch": 85}
{"loss": 0.08048263937234879, "acc": 0.9749560356140137, "length": 5.0, "mode": "train", "epoch": 86}
{"loss": 0.09268925338983536, "acc": 0.9727205038070679, "length": 5.0, "mode": "test", "epoch": 86}
{"loss": 0.07416699826717377, "acc": 0.9776152968406677, "length": 5.0, "mode": "train", "epoch": 87}
{"loss": 0.09966367483139038, "acc": 0.970321536064148, "length": 5.0, "mode": "test", "epoch": 87}
{"loss": 0.07674135267734528, "acc": 0.9768867492675781, "length": 5.0, "mode": "train", "epoch": 88}
{"loss": 0.0880805253982544, "acc": 0.9746421575546265, "length": 5.0, "mode": "test", "epoch": 88}
{"loss": 0.07204248011112213, "acc": 0.9784238338470459, "length": 5.0, "mode": "train", "epoch": 89}
{"loss": 0.08246077597141266, "acc": 0.9776942133903503, "length": 5.0, "mode": "test", "epoch": 89}
{"loss": 0.065781369805336, "acc": 0.9806475639343262, "length": 5.0, "mode": "train", "epoch": 90}
{"loss": 0.0792667418718338, "acc": 0.9780205488204956, "length": 5.0, "mode": "test", "epoch": 90}
{"loss": 0.0648249164223671, "acc": 0.9806140065193176, "length": 5.0, "mode": "train", "epoch": 91}
{"loss": 0.08145412057638168, "acc": 0.9772546291351318, "length": 5.0, "mode": "test", "epoch": 91}
{"loss": 0.06853517144918442, "acc": 0.9791901111602783, "length": 4.999999523162842, "mode": "train", "epoch": 92}
{"loss": 0.08786012977361679, "acc": 0.9746044278144836, "length": 5.0, "mode": "test", "epoch": 92}
{"loss": 0.07129526138305664, "acc": 0.9783651232719421, "length": 5.0, "mode": "train", "epoch": 93}
{"loss": 0.08846119046211243, "acc": 0.975772500038147, "length": 5.0, "mode": "test", "epoch": 93}
{"loss": 0.07028286904096603, "acc": 0.9788088798522949, "length": 5.0, "mode": "train", "epoch": 94}
{"loss": 0.08529513329267502, "acc": 0.9757724404335022, "length": 5.0, "mode": "test", "epoch": 94}
{"loss": 0.07066814601421356, "acc": 0.979030966758728, "length": 5.0, "mode": "train", "epoch": 95}
{"loss": 0.08099307119846344, "acc": 0.9785102605819702, "length": 5.0, "mode": "test", "epoch": 95}
{"loss": 0.07234057039022446, "acc": 0.9785617589950562, "length": 5.0, "mode": "train", "epoch": 96}
{"loss": 0.0904822126030922, "acc": 0.9733483791351318, "length": 5.0, "mode": "test", "epoch": 96}
{"loss": 0.0711391344666481, "acc": 0.9786332249641418, "length": 5.0, "mode": "train", "epoch": 97}
{"loss": 0.09400228410959244, "acc": 0.9735494256019592, "length": 5.0, "mode": "test", "epoch": 97}
{"loss": 0.07044583559036255, "acc": 0.9788341522216797, "length": 5.0, "mode": "train", "epoch": 98}
{"loss": 0.0959848016500473, "acc": 0.9732480049133301, "length": 5.0, "mode": "test", "epoch": 98}
{"loss": 0.06861207634210587, "acc": 0.9792696237564087, "length": 5.0, "mode": "train", "epoch": 99}
{"loss": 0.08139531314373016, "acc": 0.9764129519462585, "length": 5.0, "mode": "test", "epoch": 99}
{"loss": 0.06615612655878067, "acc": 0.9794957041740417, "length": 5.0, "mode": "train", "epoch": 100}
{"loss": 0.07697027921676636, "acc": 0.9793520569801331, "length": 5.0, "mode": "test", "epoch": 100}
test accuracy: 0.87395840883255
