# ["--attributes=4", "--values=4", "--game_size=10", "--vocab_size_factor=3", "--n_epochs=100", "--batch_size=32", "--learning_rate=0.0005", "--hidden_size=256", "--temp_update=0.99", "--temperature=1.5"]
Creating train_ds and val_ds...

Creating test_ds...
{"loss": 0.5029739737510681, "acc": 0.7401629090309143, "length": 4.0632004737854, "mode": "train", "epoch": 1}
{"loss": 0.4160722494125366, "acc": 0.8292176723480225, "length": 5.0, "mode": "test", "epoch": 1}
{"loss": 0.3182923495769501, "acc": 0.8710464239120483, "length": 4.975977897644043, "mode": "train", "epoch": 2}
{"loss": 0.3404049575328827, "acc": 0.8650761246681213, "length": 5.0, "mode": "test", "epoch": 2}
{"loss": 0.272394597530365, "acc": 0.8895493745803833, "length": 4.995082378387451, "mode": "train", "epoch": 3}
{"loss": 0.28725913166999817, "acc": 0.8800273537635803, "length": 5.0, "mode": "test", "epoch": 3}
{"loss": 0.24183838069438934, "acc": 0.9039695262908936, "length": 4.997697353363037, "mode": "train", "epoch": 4}
{"loss": 0.2545497417449951, "acc": 0.8984551429748535, "length": 5.0, "mode": "test", "epoch": 4}
{"loss": 0.2187076210975647, "acc": 0.9140245318412781, "length": 4.998682975769043, "mode": "train", "epoch": 5}
{"loss": 0.2353375107049942, "acc": 0.9090954065322876, "length": 5.0, "mode": "test", "epoch": 5}
{"loss": 0.19902083277702332, "acc": 0.9231683015823364, "length": 4.999129772186279, "mode": "train", "epoch": 6}
{"loss": 0.22049438953399658, "acc": 0.9137428402900696, "length": 5.0, "mode": "test", "epoch": 6}
{"loss": 0.18138755857944489, "acc": 0.9322503805160522, "length": 4.999509811401367, "mode": "train", "epoch": 7}
{"loss": 0.20448929071426392, "acc": 0.9247322082519531, "length": 5.0, "mode": "test", "epoch": 7}
{"loss": 0.16783814132213593, "acc": 0.9378803372383118, "length": 4.999586582183838, "mode": "train", "epoch": 8}
{"loss": 0.2030358761548996, "acc": 0.9255420565605164, "length": 5.0, "mode": "test", "epoch": 8}
{"loss": 0.15561865270137787, "acc": 0.9440081119537354, "length": 4.999724388122559, "mode": "train", "epoch": 9}
{"loss": 0.1827785223722458, "acc": 0.9344878792762756, "length": 5.0, "mode": "test", "epoch": 9}
{"loss": 0.1503918319940567, "acc": 0.9455667734146118, "length": 4.999753475189209, "mode": "train", "epoch": 10}
{"loss": 0.26611584424972534, "acc": 0.9054945111274719, "length": 5.0, "mode": "test", "epoch": 10}
{"loss": 0.1494290828704834, "acc": 0.9447034001350403, "length": 4.999765396118164, "mode": "train", "epoch": 11}
{"loss": 0.16677311062812805, "acc": 0.9375653862953186, "length": 5.0, "mode": "test", "epoch": 11}
{"loss": 0.13785667717456818, "acc": 0.9490062594413757, "length": 4.999884128570557, "mode": "train", "epoch": 12}
{"loss": 0.17691569030284882, "acc": 0.9309992790222168, "length": 5.0, "mode": "test", "epoch": 12}
{"loss": 0.13093416392803192, "acc": 0.9524279236793518, "length": 4.999865531921387, "mode": "train", "epoch": 13}
{"loss": 0.16985981166362762, "acc": 0.9376277327537537, "length": 5.0, "mode": "test", "epoch": 13}
{"loss": 0.1214589849114418, "acc": 0.9572609066963196, "length": 4.99991512298584, "mode": "train", "epoch": 14}
{"loss": 0.14334075152873993, "acc": 0.951009213924408, "length": 5.0, "mode": "test", "epoch": 14}
{"loss": 0.11580060422420502, "acc": 0.9593265652656555, "length": 4.999937534332275, "mode": "train", "epoch": 15}
{"loss": 0.15707677602767944, "acc": 0.9473835229873657, "length": 5.0, "mode": "test", "epoch": 15}
{"loss": 0.11940068751573563, "acc": 0.9579273462295532, "length": 4.999949932098389, "mode": "train", "epoch": 16}
{"loss": 0.15222515165805817, "acc": 0.943545937538147, "length": 5.0, "mode": "test", "epoch": 16}
{"loss": 0.10869994759559631, "acc": 0.961906909942627, "length": 4.999954700469971, "mode": "train", "epoch": 17}
{"loss": 0.1554514616727829, "acc": 0.9433590173721313, "length": 5.0, "mode": "test", "epoch": 17}
{"loss": 0.10384521633386612, "acc": 0.9633437991142273, "length": 4.999894618988037, "mode": "train", "epoch": 18}
{"loss": 0.1648426204919815, "acc": 0.9467605352401733, "length": 5.0, "mode": "test", "epoch": 18}
{"loss": 0.10254959762096405, "acc": 0.9638184905052185, "length": 4.99997091293335, "mode": "train", "epoch": 19}
{"loss": 0.13561297953128815, "acc": 0.9522801041603088, "length": 5.0, "mode": "test", "epoch": 19}
{"loss": 0.09948628395795822, "acc": 0.965035617351532, "length": 4.999975204467773, "mode": "train", "epoch": 20}
{"loss": 0.12569908797740936, "acc": 0.9574259519577026, "length": 5.0, "mode": "test", "epoch": 20}
{"loss": 0.09473735839128494, "acc": 0.9664978981018066, "length": 4.999977111816406, "mode": "train", "epoch": 21}
{"loss": 0.13252559304237366, "acc": 0.9547345638275146, "length": 5.0, "mode": "test", "epoch": 21}
{"loss": 0.09226527065038681, "acc": 0.9683054089546204, "length": 4.9999871253967285, "mode": "train", "epoch": 22}
{"loss": 0.11003916710615158, "acc": 0.9622475504875183, "length": 5.0, "mode": "test", "epoch": 22}
{"loss": 0.08778625726699829, "acc": 0.969634473323822, "length": 4.999985218048096, "mode": "train", "epoch": 23}
{"loss": 0.11842916160821915, "acc": 0.9601792693138123, "length": 5.0, "mode": "test", "epoch": 23}
{"loss": 0.07983516156673431, "acc": 0.9729079008102417, "length": 4.999989032745361, "mode": "train", "epoch": 24}
{"loss": 0.10076650977134705, "acc": 0.9673311710357666, "length": 5.0, "mode": "test", "epoch": 24}
{"loss": 0.06886538118124008, "acc": 0.9767377376556396, "length": 4.9999871253967285, "mode": "train", "epoch": 25}
{"loss": 0.1004691943526268, "acc": 0.9663093090057373, "length": 5.0, "mode": "test", "epoch": 25}
{"loss": 0.06894218921661377, "acc": 0.9767418503761292, "length": 4.9999871253967285, "mode": "train", "epoch": 26}
{"loss": 0.09264546632766724, "acc": 0.9682282209396362, "length": 5.0, "mode": "test", "epoch": 26}
{"loss": 0.05883442237973213, "acc": 0.9813986420631409, "length": 4.999993324279785, "mode": "train", "epoch": 27}
{"loss": 0.08926161378622055, "acc": 0.9702343940734863, "length": 5.0, "mode": "test", "epoch": 27}
{"loss": 0.0580407939851284, "acc": 0.9816854000091553, "length": 4.999995708465576, "mode": "train", "epoch": 28}
{"loss": 0.0902191549539566, "acc": 0.971392810344696, "length": 5.0, "mode": "test", "epoch": 28}
{"loss": 0.05117710307240486, "acc": 0.9837540984153748, "length": 4.999996662139893, "mode": "train", "epoch": 29}
{"loss": 0.07787556201219559, "acc": 0.9761775135993958, "length": 5.0, "mode": "test", "epoch": 29}
{"loss": 0.06404227018356323, "acc": 0.9790684580802917, "length": 4.999995708465576, "mode": "train", "epoch": 30}
{"loss": 0.09919031709432602, "acc": 0.9691876769065857, "length": 5.0, "mode": "test", "epoch": 30}
{"loss": 0.04965934529900551, "acc": 0.9849792718887329, "length": 4.999996185302734, "mode": "train", "epoch": 31}
{"loss": 0.06970521807670593, "acc": 0.979616105556488, "length": 5.0, "mode": "test", "epoch": 31}
{"loss": 0.05742015317082405, "acc": 0.9822421073913574, "length": 4.999997138977051, "mode": "train", "epoch": 32}
{"loss": 0.1622438132762909, "acc": 0.9484053254127502, "length": 5.0, "mode": "test", "epoch": 32}
{"loss": 0.07826609164476395, "acc": 0.9743828773498535, "length": 4.999996662139893, "mode": "train", "epoch": 33}
{"loss": 0.08281012624502182, "acc": 0.9742712378501892, "length": 5.0, "mode": "test", "epoch": 33}
{"loss": 0.04737627133727074, "acc": 0.9855321049690247, "length": 4.999999046325684, "mode": "train", "epoch": 34}
{"loss": 0.06820368766784668, "acc": 0.980014979839325, "length": 5.0, "mode": "test", "epoch": 34}
{"loss": 0.046086352318525314, "acc": 0.9855610132217407, "length": 4.999999523162842, "mode": "train", "epoch": 35}
{"loss": 0.0731067880988121, "acc": 0.9792425036430359, "length": 5.0, "mode": "test", "epoch": 35}
{"loss": 0.03984812647104263, "acc": 0.9879539012908936, "length": 4.999999523162842, "mode": "train", "epoch": 36}
{"loss": 0.06544696539640427, "acc": 0.9796411395072937, "length": 5.0, "mode": "test", "epoch": 36}
{"loss": 0.038264308124780655, "acc": 0.9886932373046875, "length": 5.0, "mode": "train", "epoch": 37}
{"loss": 0.07514079660177231, "acc": 0.9773986339569092, "length": 5.0, "mode": "test", "epoch": 37}
{"loss": 0.0447504036128521, "acc": 0.9859185218811035, "length": 4.999999523162842, "mode": "train", "epoch": 38}
{"loss": 0.05952662602066994, "acc": 0.9833666086196899, "length": 5.0, "mode": "test", "epoch": 38}
{"loss": 0.03482329100370407, "acc": 0.98959881067276, "length": 4.999999523162842, "mode": "train", "epoch": 39}
{"loss": 0.05399800091981888, "acc": 0.9842512011528015, "length": 5.0, "mode": "test", "epoch": 39}
{"loss": 0.03677700459957123, "acc": 0.9891501665115356, "length": 5.0, "mode": "train", "epoch": 40}
{"loss": 0.05515315756201744, "acc": 0.9848243594169617, "length": 5.0, "mode": "test", "epoch": 40}
{"loss": 0.030612090602517128, "acc": 0.9910399913787842, "length": 4.999999523162842, "mode": "train", "epoch": 41}
{"loss": 0.055022358894348145, "acc": 0.983590841293335, "length": 5.0, "mode": "test", "epoch": 41}
{"loss": 0.028789421543478966, "acc": 0.9917421936988831, "length": 5.0, "mode": "train", "epoch": 42}
{"loss": 0.07134998589754105, "acc": 0.9795539975166321, "length": 5.0, "mode": "test", "epoch": 42}
{"loss": 0.03506119176745415, "acc": 0.9893245100975037, "length": 5.0, "mode": "train", "epoch": 43}
{"loss": 0.050409946590662, "acc": 0.986456573009491, "length": 5.0, "mode": "test", "epoch": 43}
{"loss": 0.028498653322458267, "acc": 0.9919291138648987, "length": 5.0, "mode": "train", "epoch": 44}
{"loss": 0.048641517758369446, "acc": 0.9862820506095886, "length": 5.0, "mode": "test", "epoch": 44}
{"loss": 0.026480264961719513, "acc": 0.9920328855514526, "length": 4.999999523162842, "mode": "train", "epoch": 45}
{"loss": 0.04388762265443802, "acc": 0.9886244535446167, "length": 5.0, "mode": "test", "epoch": 45}
{"loss": 0.024442164227366447, "acc": 0.9931668043136597, "length": 5.0, "mode": "train", "epoch": 46}
{"loss": 0.05464698746800423, "acc": 0.9852854609489441, "length": 5.0, "mode": "test", "epoch": 46}
{"loss": 0.02712814323604107, "acc": 0.9918336272239685, "length": 5.0, "mode": "train", "epoch": 47}
{"loss": 0.05501183494925499, "acc": 0.9837155342102051, "length": 5.0, "mode": "test", "epoch": 47}
{"loss": 0.026360463351011276, "acc": 0.9920870065689087, "length": 5.0, "mode": "train", "epoch": 48}
{"loss": 0.05627727508544922, "acc": 0.9835160374641418, "length": 5.0, "mode": "test", "epoch": 48}
{"loss": 0.027396252378821373, "acc": 0.9914557337760925, "length": 5.0, "mode": "train", "epoch": 49}
{"loss": 0.04115661233663559, "acc": 0.9884998798370361, "length": 5.0, "mode": "test", "epoch": 49}
{"loss": 0.029629237949848175, "acc": 0.9909406304359436, "length": 5.0, "mode": "train", "epoch": 50}
{"loss": 0.054099686443805695, "acc": 0.9846374988555908, "length": 5.0, "mode": "test", "epoch": 50}
{"loss": 0.033215250819921494, "acc": 0.9896776676177979, "length": 5.0, "mode": "train", "epoch": 51}
{"loss": 0.041141774505376816, "acc": 0.9885496497154236, "length": 5.0, "mode": "test", "epoch": 51}
{"loss": 0.030743779614567757, "acc": 0.9899476766586304, "length": 5.0, "mode": "train", "epoch": 52}
{"loss": 0.04446611553430557, "acc": 0.9874160289764404, "length": 5.0, "mode": "test", "epoch": 52}
{"loss": 0.023797346279025078, "acc": 0.9930672645568848, "length": 5.0, "mode": "train", "epoch": 53}
{"loss": 0.039452917873859406, "acc": 0.9896587133407593, "length": 5.0, "mode": "test", "epoch": 53}
{"loss": 0.022289440035820007, "acc": 0.993274986743927, "length": 5.0, "mode": "train", "epoch": 54}
{"loss": 0.03510165587067604, "acc": 0.9892226457595825, "length": 5.0, "mode": "test", "epoch": 54}
{"loss": 0.021957632154226303, "acc": 0.9934536218643188, "length": 5.0, "mode": "train", "epoch": 55}
{"loss": 0.03311140462756157, "acc": 0.9920508861541748, "length": 5.0, "mode": "test", "epoch": 55}
{"loss": 0.018107930198311806, "acc": 0.9949570894241333, "length": 5.0, "mode": "train", "epoch": 56}
{"loss": 0.027230361476540565, "acc": 0.9934962391853333, "length": 5.0, "mode": "test", "epoch": 56}
{"loss": 0.015359579585492611, "acc": 0.9956342577934265, "length": 5.0, "mode": "train", "epoch": 57}
{"loss": 0.03656667470932007, "acc": 0.9896336197853088, "length": 5.0, "mode": "test", "epoch": 57}
{"loss": 0.01757710613310337, "acc": 0.9949365258216858, "length": 5.0, "mode": "train", "epoch": 58}
{"loss": 0.03840257227420807, "acc": 0.9899951219558716, "length": 5.0, "mode": "test", "epoch": 58}
{"loss": 0.024594129994511604, "acc": 0.9926061034202576, "length": 5.0, "mode": "train", "epoch": 59}
{"loss": 0.04002135992050171, "acc": 0.9891229271888733, "length": 5.0, "mode": "test", "epoch": 59}
{"loss": 0.03234587982296944, "acc": 0.9901968836784363, "length": 5.0, "mode": "train", "epoch": 60}
{"loss": 0.052744437009096146, "acc": 0.9864066243171692, "length": 5.0, "mode": "test", "epoch": 60}
{"loss": 0.022463412955403328, "acc": 0.9939229488372803, "length": 5.0, "mode": "train", "epoch": 61}
{"loss": 0.04161985218524933, "acc": 0.9875777959823608, "length": 5.0, "mode": "test", "epoch": 61}
{"loss": 0.024963757023215294, "acc": 0.9928054809570312, "length": 5.0, "mode": "train", "epoch": 62}
{"loss": 0.03504589945077896, "acc": 0.989995002746582, "length": 5.0, "mode": "test", "epoch": 62}
{"loss": 0.024963386356830597, "acc": 0.9928138852119446, "length": 5.0, "mode": "train", "epoch": 63}
{"loss": 0.02705347165465355, "acc": 0.9932344555854797, "length": 5.0, "mode": "test", "epoch": 63}
{"loss": 0.016804305836558342, "acc": 0.9955844879150391, "length": 5.0, "mode": "train", "epoch": 64}
{"loss": 0.027355533093214035, "acc": 0.9940943121910095, "length": 5.0, "mode": "test", "epoch": 64}
{"loss": 0.016953537240624428, "acc": 0.9952937364578247, "length": 5.0, "mode": "train", "epoch": 65}
{"loss": 0.04957907646894455, "acc": 0.9869799017906189, "length": 5.0, "mode": "test", "epoch": 65}
{"loss": 0.022669102996587753, "acc": 0.9937983155250549, "length": 5.0, "mode": "train", "epoch": 66}
{"loss": 0.03626095503568649, "acc": 0.990094780921936, "length": 5.0, "mode": "test", "epoch": 66}
{"loss": 0.01850544847548008, "acc": 0.9950860142707825, "length": 5.0, "mode": "train", "epoch": 67}
{"loss": 0.025169655680656433, "acc": 0.9932344555854797, "length": 5.0, "mode": "test", "epoch": 67}
{"loss": 0.019334139302372932, "acc": 0.994583249092102, "length": 5.0, "mode": "train", "epoch": 68}
{"loss": 0.03770659863948822, "acc": 0.9902568459510803, "length": 5.0, "mode": "test", "epoch": 68}
{"loss": 0.049437183886766434, "acc": 0.9862467646598816, "length": 5.0, "mode": "train", "epoch": 69}
{"loss": 0.08507511019706726, "acc": 0.9765761494636536, "length": 5.0, "mode": "test", "epoch": 69}
{"loss": 0.031392280012369156, "acc": 0.9903298616409302, "length": 5.0, "mode": "train", "epoch": 70}
{"loss": 0.035117749124765396, "acc": 0.9902068972587585, "length": 5.0, "mode": "test", "epoch": 70}
{"loss": 0.01834426075220108, "acc": 0.9947038292884827, "length": 5.0, "mode": "train", "epoch": 71}
{"loss": 0.03443646430969238, "acc": 0.9910166263580322, "length": 5.0, "mode": "test", "epoch": 71}
{"loss": 0.016133327037096024, "acc": 0.9953600764274597, "length": 5.0, "mode": "train", "epoch": 72}
{"loss": 0.025389347225427628, "acc": 0.9924370646476746, "length": 5.0, "mode": "test", "epoch": 72}
{"loss": 0.021702202036976814, "acc": 0.9939146041870117, "length": 5.0, "mode": "train", "epoch": 73}
{"loss": 0.026052530854940414, "acc": 0.9930724501609802, "length": 5.0, "mode": "test", "epoch": 73}
{"loss": 0.017744868993759155, "acc": 0.9949157238006592, "length": 5.0, "mode": "train", "epoch": 74}
{"loss": 0.034807607531547546, "acc": 0.9894219636917114, "length": 5.0, "mode": "test", "epoch": 74}
{"loss": 0.018328383564949036, "acc": 0.9947453141212463, "length": 5.0, "mode": "train", "epoch": 75}
{"loss": 0.029445238411426544, "acc": 0.991913914680481, "length": 5.0, "mode": "test", "epoch": 75}
{"loss": 0.013605419546365738, "acc": 0.9964483976364136, "length": 5.0, "mode": "train", "epoch": 76}
{"loss": 0.023338954895734787, "acc": 0.9932718873023987, "length": 5.0, "mode": "test", "epoch": 76}
{"loss": 0.02705441601574421, "acc": 0.9928719401359558, "length": 5.0, "mode": "train", "epoch": 77}
{"loss": 0.09612462669610977, "acc": 0.9744331240653992, "length": 5.0, "mode": "test", "epoch": 77}
{"loss": 0.06366711109876633, "acc": 0.9821093678474426, "length": 5.0, "mode": "train", "epoch": 78}
{"loss": 0.06924276053905487, "acc": 0.9806254506111145, "length": 5.0, "mode": "test", "epoch": 78}
{"loss": 0.044912971556186676, "acc": 0.9870566725730896, "length": 5.0, "mode": "train", "epoch": 79}
{"loss": 0.05656467378139496, "acc": 0.9844754934310913, "length": 5.0, "mode": "test", "epoch": 79}
{"loss": 0.03932921588420868, "acc": 0.9884315133094788, "length": 5.0, "mode": "train", "epoch": 80}
{"loss": 0.06216190755367279, "acc": 0.9813979864120483, "length": 5.0, "mode": "test", "epoch": 80}
{"loss": 0.045026056468486786, "acc": 0.9860554337501526, "length": 5.0, "mode": "train", "epoch": 81}
{"loss": 0.054827332496643066, "acc": 0.9833664894104004, "length": 5.0, "mode": "test", "epoch": 81}
{"loss": 0.029411256313323975, "acc": 0.9911731481552124, "length": 5.0, "mode": "train", "epoch": 82}
{"loss": 0.03034505806863308, "acc": 0.9914527535438538, "length": 5.0, "mode": "test", "epoch": 82}
{"loss": 0.026678362861275673, "acc": 0.9924691319465637, "length": 5.0, "mode": "train", "epoch": 83}
{"loss": 0.036619290709495544, "acc": 0.9895339608192444, "length": 5.0, "mode": "test", "epoch": 83}
{"loss": 0.019201477989554405, "acc": 0.994388222694397, "length": 5.0, "mode": "train", "epoch": 84}
{"loss": 0.023164689540863037, "acc": 0.9938451051712036, "length": 5.0, "mode": "test", "epoch": 84}
{"loss": 0.013716242276132107, "acc": 0.9962615966796875, "length": 5.0, "mode": "train", "epoch": 85}
{"loss": 0.031190885230898857, "acc": 0.991240918636322, "length": 5.0, "mode": "test", "epoch": 85}
{"loss": 0.01805703341960907, "acc": 0.9946829080581665, "length": 4.999997615814209, "mode": "train", "epoch": 86}
{"loss": 0.02695162035524845, "acc": 0.9919636249542236, "length": 5.0, "mode": "test", "epoch": 86}
{"loss": 0.014299986883997917, "acc": 0.9961742162704468, "length": 5.0, "mode": "train", "epoch": 87}
{"loss": 0.017994431778788567, "acc": 0.994816780090332, "length": 5.0, "mode": "test", "epoch": 87}
{"loss": 0.01729954592883587, "acc": 0.9952688217163086, "length": 5.0, "mode": "train", "epoch": 88}
{"loss": 0.031624238938093185, "acc": 0.9916894435882568, "length": 5.0, "mode": "test", "epoch": 88}
{"loss": 0.020649287849664688, "acc": 0.9939437508583069, "length": 5.0, "mode": "train", "epoch": 89}
{"loss": 0.02812669612467289, "acc": 0.9933590888977051, "length": 5.0, "mode": "test", "epoch": 89}
{"loss": 0.01684829406440258, "acc": 0.995202362537384, "length": 5.0, "mode": "train", "epoch": 90}
{"loss": 0.02220054529607296, "acc": 0.9941814541816711, "length": 5.0, "mode": "test", "epoch": 90}
{"loss": 0.017367463558912277, "acc": 0.9952065348625183, "length": 5.0, "mode": "train", "epoch": 91}
{"loss": 0.028007881715893745, "acc": 0.9930601119995117, "length": 5.0, "mode": "test", "epoch": 91}
{"loss": 0.026391256600618362, "acc": 0.993187665939331, "length": 5.0, "mode": "train", "epoch": 92}
{"loss": 0.035729166120290756, "acc": 0.9910664558410645, "length": 5.0, "mode": "test", "epoch": 92}
{"loss": 0.024530939757823944, "acc": 0.9928762316703796, "length": 5.0, "mode": "train", "epoch": 93}
{"loss": 0.04567699134349823, "acc": 0.9896460175514221, "length": 5.0, "mode": "test", "epoch": 93}
{"loss": 0.028069347143173218, "acc": 0.9914929270744324, "length": 5.0, "mode": "train", "epoch": 94}
{"loss": 0.044231921434402466, "acc": 0.9878270626068115, "length": 5.0, "mode": "test", "epoch": 94}
{"loss": 0.01661413349211216, "acc": 0.9951607584953308, "length": 5.0, "mode": "train", "epoch": 95}
{"loss": 0.026338845491409302, "acc": 0.9934961795806885, "length": 5.0, "mode": "test", "epoch": 95}
{"loss": 0.012977062724530697, "acc": 0.9964859485626221, "length": 5.0, "mode": "train", "epoch": 96}
{"loss": 0.024133717641234398, "acc": 0.9933216571807861, "length": 5.0, "mode": "test", "epoch": 96}
{"loss": 0.01179245114326477, "acc": 0.9965897798538208, "length": 5.0, "mode": "train", "epoch": 97}
{"loss": 0.019041262567043304, "acc": 0.9953151345252991, "length": 5.0, "mode": "test", "epoch": 97}
{"loss": 0.010832536034286022, "acc": 0.997175395488739, "length": 5.0, "mode": "train", "epoch": 98}
{"loss": 0.023042060434818268, "acc": 0.9948418140411377, "length": 5.0, "mode": "test", "epoch": 98}
{"loss": 0.01093914546072483, "acc": 0.9970674514770508, "length": 5.0, "mode": "train", "epoch": 99}
{"loss": 0.02007172256708145, "acc": 0.9948044419288635, "length": 5.0, "mode": "test", "epoch": 99}
{"loss": 0.034100864082574844, "acc": 0.9904210567474365, "length": 4.999998092651367, "mode": "train", "epoch": 100}
{"loss": 0.06676299124956131, "acc": 0.9828183650970459, "length": 5.0, "mode": "test", "epoch": 100}
test accuracy: 0.926632821559906
