# ["--attributes=4", "--values=4", "--game_size=10", "--vocab_size_factor=3", "--n_epochs=100", "--batch_size=64", "--learning_rate=0.001", "--hidden_size=128", "--temp_update=0.97", "--temperature=1"]
Creating train_ds and val_ds...

Creating test_ds...
{"loss": 0.5803675055503845, "acc": 0.6700982451438904, "length": 3.8028502464294434, "mode": "train", "epoch": 1}
{"loss": 0.48224160075187683, "acc": 0.767114520072937, "length": 4.962591171264648, "mode": "test", "epoch": 1}
{"loss": 0.4233333170413971, "acc": 0.8045143485069275, "length": 4.859225273132324, "mode": "train", "epoch": 2}
{"loss": 0.3884972035884857, "acc": 0.825467586517334, "length": 4.898819923400879, "mode": "test", "epoch": 2}
{"loss": 0.36010172963142395, "acc": 0.8417577743530273, "length": 4.971426010131836, "mode": "train", "epoch": 3}
{"loss": 0.35562893748283386, "acc": 0.8493974208831787, "length": 5.0, "mode": "test", "epoch": 3}
{"loss": 0.33195051550865173, "acc": 0.8589759469032288, "length": 4.999095439910889, "mode": "train", "epoch": 4}
{"loss": 0.33312785625457764, "acc": 0.8605573177337646, "length": 5.0, "mode": "test", "epoch": 4}
{"loss": 0.3119022250175476, "acc": 0.8700717687606812, "length": 4.999484539031982, "mode": "train", "epoch": 5}
{"loss": 0.3071705400943756, "acc": 0.8726963996887207, "length": 5.0, "mode": "test", "epoch": 5}
{"loss": 0.2924191355705261, "acc": 0.8784661293029785, "length": 4.9998064041137695, "mode": "train", "epoch": 6}
{"loss": 0.3082202672958374, "acc": 0.8717048168182373, "length": 5.0, "mode": "test", "epoch": 6}
{"loss": 0.2802463471889496, "acc": 0.8853543400764465, "length": 4.999825954437256, "mode": "train", "epoch": 7}
{"loss": 0.288352906703949, "acc": 0.8851996064186096, "length": 5.0, "mode": "test", "epoch": 7}
{"loss": 0.2740321159362793, "acc": 0.8896733522415161, "length": 4.999670028686523, "mode": "train", "epoch": 8}
{"loss": 0.27335211634635925, "acc": 0.8917272090911865, "length": 5.0, "mode": "test", "epoch": 8}
{"loss": 0.2695271372795105, "acc": 0.8906354904174805, "length": 4.99995231628418, "mode": "train", "epoch": 9}
{"loss": 0.27723658084869385, "acc": 0.8880491852760315, "length": 5.0, "mode": "test", "epoch": 9}
{"loss": 0.2728104293346405, "acc": 0.8867530822753906, "length": 4.999981880187988, "mode": "train", "epoch": 10}
{"loss": 0.28002962470054626, "acc": 0.8824251294136047, "length": 5.0, "mode": "test", "epoch": 10}
{"loss": 0.2632996141910553, "acc": 0.8905019164085388, "length": 4.999875545501709, "mode": "train", "epoch": 11}
{"loss": 0.28947970271110535, "acc": 0.8805171251296997, "length": 5.0, "mode": "test", "epoch": 11}
{"loss": 0.2953217923641205, "acc": 0.8730370402336121, "length": 4.99990177154541, "mode": "train", "epoch": 12}
{"loss": 0.2988828718662262, "acc": 0.8674492239952087, "length": 5.0, "mode": "test", "epoch": 12}
{"loss": 0.2847326099872589, "acc": 0.8782440423965454, "length": 4.999821662902832, "mode": "train", "epoch": 13}
{"loss": 0.2885377109050751, "acc": 0.8793121576309204, "length": 5.0, "mode": "test", "epoch": 13}
{"loss": 0.2787627577781677, "acc": 0.8799558281898499, "length": 4.9997124671936035, "mode": "train", "epoch": 14}
{"loss": 0.2844351530075073, "acc": 0.8750187158584595, "length": 5.0, "mode": "test", "epoch": 14}
{"loss": 0.2813737392425537, "acc": 0.8805655837059021, "length": 4.999900817871094, "mode": "train", "epoch": 15}
{"loss": 0.27721765637397766, "acc": 0.8862665891647339, "length": 5.0, "mode": "test", "epoch": 15}
{"loss": 0.27728432416915894, "acc": 0.8820843696594238, "length": 4.999852180480957, "mode": "train", "epoch": 16}
{"loss": 0.27904069423675537, "acc": 0.8803792595863342, "length": 5.0, "mode": "test", "epoch": 16}
{"loss": 0.26297250390052795, "acc": 0.8895862102508545, "length": 4.9999871253967285, "mode": "train", "epoch": 17}
{"loss": 0.26161831617355347, "acc": 0.8941751718521118, "length": 5.0, "mode": "test", "epoch": 17}
{"loss": 0.2814682722091675, "acc": 0.8828564882278442, "length": 4.999982833862305, "mode": "train", "epoch": 18}
{"loss": 0.26560261845588684, "acc": 0.8902709484100342, "length": 5.0, "mode": "test", "epoch": 18}
{"loss": 0.2641978859901428, "acc": 0.8905530571937561, "length": 4.999927520751953, "mode": "train", "epoch": 19}
{"loss": 0.26541805267333984, "acc": 0.8914135694503784, "length": 5.0, "mode": "test", "epoch": 19}
{"loss": 0.25306829810142517, "acc": 0.8932924866676331, "length": 4.9998955726623535, "mode": "train", "epoch": 20}
{"loss": 0.25999385118484497, "acc": 0.890986442565918, "length": 5.0, "mode": "test", "epoch": 20}
{"loss": 0.2451205998659134, "acc": 0.8981581330299377, "length": 4.999995231628418, "mode": "train", "epoch": 21}
{"loss": 0.25249770283699036, "acc": 0.8959326148033142, "length": 5.0, "mode": "test", "epoch": 21}
{"loss": 0.24135644733905792, "acc": 0.900581419467926, "length": 4.999994277954102, "mode": "train", "epoch": 22}
{"loss": 0.2592329680919647, "acc": 0.8929701447486877, "length": 5.0, "mode": "test", "epoch": 22}
{"loss": 0.23993344604969025, "acc": 0.9008675217628479, "length": 4.999889850616455, "mode": "train", "epoch": 23}
{"loss": 0.2435067594051361, "acc": 0.9009039402008057, "length": 5.0, "mode": "test", "epoch": 23}
{"loss": 0.2364182323217392, "acc": 0.9021307229995728, "length": 4.9997663497924805, "mode": "train", "epoch": 24}
{"loss": 0.2473054826259613, "acc": 0.8968617916107178, "length": 5.0, "mode": "test", "epoch": 24}
{"loss": 0.2451576590538025, "acc": 0.8982880115509033, "length": 4.999996662139893, "mode": "train", "epoch": 25}
{"loss": 0.2629200220108032, "acc": 0.8906475901603699, "length": 5.0, "mode": "test", "epoch": 25}
{"loss": 0.2743883728981018, "acc": 0.8877695202827454, "length": 4.999737739562988, "mode": "train", "epoch": 26}
{"loss": 0.2672119736671448, "acc": 0.8899949193000793, "length": 5.0, "mode": "test", "epoch": 26}
{"loss": 0.25082457065582275, "acc": 0.8955085277557373, "length": 4.999875545501709, "mode": "train", "epoch": 27}
{"loss": 0.25334981083869934, "acc": 0.8946649432182312, "length": 5.0, "mode": "test", "epoch": 27}
{"loss": 0.2377142459154129, "acc": 0.9023937582969666, "length": 5.0, "mode": "train", "epoch": 28}
{"loss": 0.2401234209537506, "acc": 0.9039416909217834, "length": 5.0, "mode": "test", "epoch": 28}
{"loss": 0.23363453149795532, "acc": 0.9046034812927246, "length": 4.999998569488525, "mode": "train", "epoch": 29}
{"loss": 0.24722354114055634, "acc": 0.899209201335907, "length": 5.0, "mode": "test", "epoch": 29}
{"loss": 0.23135370016098022, "acc": 0.9062899947166443, "length": 4.999997138977051, "mode": "train", "epoch": 30}
{"loss": 0.2489032745361328, "acc": 0.9013556838035583, "length": 5.0, "mode": "test", "epoch": 30}
{"loss": 0.2242298275232315, "acc": 0.9088135957717896, "length": 4.999997138977051, "mode": "train", "epoch": 31}
{"loss": 0.2319980412721634, "acc": 0.9073311686515808, "length": 5.0, "mode": "test", "epoch": 31}
{"loss": 0.22362786531448364, "acc": 0.9092152714729309, "length": 4.999990463256836, "mode": "train", "epoch": 32}
{"loss": 0.2347402125597, "acc": 0.9050840735435486, "length": 5.0, "mode": "test", "epoch": 32}
{"loss": 0.2181624323129654, "acc": 0.9111860394477844, "length": 4.999991416931152, "mode": "train", "epoch": 33}
{"loss": 0.22916576266288757, "acc": 0.9069795608520508, "length": 5.0, "mode": "test", "epoch": 33}
{"loss": 0.22551138699054718, "acc": 0.9092910289764404, "length": 5.0, "mode": "train", "epoch": 34}
{"loss": 0.2328076809644699, "acc": 0.9048080444335938, "length": 5.0, "mode": "test", "epoch": 34}
{"loss": 0.21718153357505798, "acc": 0.9118815660476685, "length": 4.999999523162842, "mode": "train", "epoch": 35}
{"loss": 0.23500332236289978, "acc": 0.9069421291351318, "length": 5.0, "mode": "test", "epoch": 35}
{"loss": 0.22528670728206635, "acc": 0.9084706902503967, "length": 5.0, "mode": "train", "epoch": 36}
{"loss": 0.23181185126304626, "acc": 0.9052096605300903, "length": 5.0, "mode": "test", "epoch": 36}
{"loss": 0.21389560401439667, "acc": 0.9130407571792603, "length": 4.999997615814209, "mode": "train", "epoch": 37}
{"loss": 0.228274866938591, "acc": 0.9092016816139221, "length": 5.0, "mode": "test", "epoch": 37}
{"loss": 0.2222524732351303, "acc": 0.9092114567756653, "length": 5.0, "mode": "train", "epoch": 38}
{"loss": 0.2614869773387909, "acc": 0.8933844566345215, "length": 5.0, "mode": "test", "epoch": 38}
{"loss": 0.2510708272457123, "acc": 0.8977587819099426, "length": 4.999971389770508, "mode": "train", "epoch": 39}
{"loss": 0.24882309138774872, "acc": 0.8985815644264221, "length": 5.0, "mode": "test", "epoch": 39}
{"loss": 0.23212476074695587, "acc": 0.9052017331123352, "length": 4.999994277954102, "mode": "train", "epoch": 40}
{"loss": 0.23695559799671173, "acc": 0.9028370380401611, "length": 5.0, "mode": "test", "epoch": 40}
{"loss": 0.22937887907028198, "acc": 0.9060721397399902, "length": 4.999993324279785, "mode": "train", "epoch": 41}
{"loss": 0.24021168053150177, "acc": 0.9034523367881775, "length": 5.0, "mode": "test", "epoch": 41}
{"loss": 0.22154183685779572, "acc": 0.9090319871902466, "length": 4.999948501586914, "mode": "train", "epoch": 42}
{"loss": 0.23281903564929962, "acc": 0.9067913889884949, "length": 5.0, "mode": "test", "epoch": 42}
{"loss": 0.24060897529125214, "acc": 0.9027533531188965, "length": 4.999990940093994, "mode": "train", "epoch": 43}
{"loss": 0.2559708058834076, "acc": 0.899886965751648, "length": 5.0, "mode": "test", "epoch": 43}
{"loss": 0.23619365692138672, "acc": 0.9029611945152283, "length": 4.999915599822998, "mode": "train", "epoch": 44}
{"loss": 0.23891396820545197, "acc": 0.903075635433197, "length": 5.0, "mode": "test", "epoch": 44}
{"loss": 0.2232118546962738, "acc": 0.9084249138832092, "length": 4.999942302703857, "mode": "train", "epoch": 45}
{"loss": 0.23424667119979858, "acc": 0.9055736064910889, "length": 5.0, "mode": "test", "epoch": 45}
{"loss": 0.2185715138912201, "acc": 0.9101278781890869, "length": 4.999943256378174, "mode": "train", "epoch": 46}
{"loss": 0.2283523827791214, "acc": 0.9066407084465027, "length": 5.0, "mode": "test", "epoch": 46}
{"loss": 0.22376596927642822, "acc": 0.9078009724617004, "length": 4.999999523162842, "mode": "train", "epoch": 47}
{"loss": 0.22958244383335114, "acc": 0.9053100943565369, "length": 5.0, "mode": "test", "epoch": 47}
{"loss": 0.22144146263599396, "acc": 0.9094036817550659, "length": 4.999995231628418, "mode": "train", "epoch": 48}
{"loss": 0.231752410531044, "acc": 0.9053102135658264, "length": 5.0, "mode": "test", "epoch": 48}
{"loss": 0.23388013243675232, "acc": 0.9044698476791382, "length": 5.0, "mode": "train", "epoch": 49}
{"loss": 0.24301064014434814, "acc": 0.9032135605812073, "length": 5.0, "mode": "test", "epoch": 49}
{"loss": 0.22292399406433105, "acc": 0.9085363149642944, "length": 4.999888896942139, "mode": "train", "epoch": 50}
{"loss": 0.24224701523780823, "acc": 0.9017825126647949, "length": 5.0, "mode": "test", "epoch": 50}
{"loss": 0.22227078676223755, "acc": 0.9092602729797363, "length": 4.99998664855957, "mode": "train", "epoch": 51}
{"loss": 0.25009870529174805, "acc": 0.9051091074943542, "length": 5.0, "mode": "test", "epoch": 51}
{"loss": 0.24734219908714294, "acc": 0.9032346606254578, "length": 4.999995231628418, "mode": "train", "epoch": 52}
{"loss": 0.27016139030456543, "acc": 0.8967235684394836, "length": 5.0, "mode": "test", "epoch": 52}
{"loss": 0.23403829336166382, "acc": 0.9049856066703796, "length": 4.999809265136719, "mode": "train", "epoch": 53}
{"loss": 0.2438344657421112, "acc": 0.903590202331543, "length": 5.0, "mode": "test", "epoch": 53}
{"loss": 0.2260398119688034, "acc": 0.9089446663856506, "length": 4.999932765960693, "mode": "train", "epoch": 54}
{"loss": 0.22747138142585754, "acc": 0.9092140793800354, "length": 5.0, "mode": "test", "epoch": 54}
{"loss": 0.22558414936065674, "acc": 0.9090607762336731, "length": 4.999999523162842, "mode": "train", "epoch": 55}
{"loss": 0.24059857428073883, "acc": 0.9027242064476013, "length": 5.0, "mode": "test", "epoch": 55}
{"loss": 0.21840262413024902, "acc": 0.9116973280906677, "length": 4.999998569488525, "mode": "train", "epoch": 56}
{"loss": 0.22540634870529175, "acc": 0.9094778895378113, "length": 5.0, "mode": "test", "epoch": 56}
{"loss": 0.21409806609153748, "acc": 0.9121620059013367, "length": 4.999998569488525, "mode": "train", "epoch": 57}
{"loss": 0.22498318552970886, "acc": 0.9094150066375732, "length": 5.0, "mode": "test", "epoch": 57}
{"loss": 0.20999908447265625, "acc": 0.9140878319740295, "length": 4.999752044677734, "mode": "train", "epoch": 58}
{"loss": 0.22913230955600739, "acc": 0.9074189066886902, "length": 5.0, "mode": "test", "epoch": 58}
{"loss": 0.20721247792243958, "acc": 0.9150623679161072, "length": 5.0, "mode": "train", "epoch": 59}
{"loss": 0.21748067438602448, "acc": 0.9129800796508789, "length": 5.0, "mode": "test", "epoch": 59}
{"loss": 0.20217806100845337, "acc": 0.9170711636543274, "length": 4.999999523162842, "mode": "train", "epoch": 60}
{"loss": 0.21669788658618927, "acc": 0.9110847115516663, "length": 5.0, "mode": "test", "epoch": 60}
{"loss": 0.20057561993598938, "acc": 0.918456494808197, "length": 4.999998569488525, "mode": "train", "epoch": 61}
{"loss": 0.2307647317647934, "acc": 0.9084234237670898, "length": 5.0, "mode": "test", "epoch": 61}
{"loss": 0.22291918098926544, "acc": 0.911240816116333, "length": 4.999993324279785, "mode": "train", "epoch": 62}
{"loss": 0.2186412513256073, "acc": 0.9121642112731934, "length": 5.0, "mode": "test", "epoch": 62}
{"loss": 0.20386074483394623, "acc": 0.9184732437133789, "length": 4.999999046325684, "mode": "train", "epoch": 63}
{"loss": 0.21622313559055328, "acc": 0.9101682901382446, "length": 5.0, "mode": "test", "epoch": 63}
{"loss": 0.20296764373779297, "acc": 0.9181132912635803, "length": 5.0, "mode": "train", "epoch": 64}
{"loss": 0.22171878814697266, "acc": 0.9124277234077454, "length": 5.0, "mode": "test", "epoch": 64}
{"loss": 0.22465680539608002, "acc": 0.9093286991119385, "length": 5.0, "mode": "train", "epoch": 65}
{"loss": 0.22603434324264526, "acc": 0.9104443192481995, "length": 5.0, "mode": "test", "epoch": 65}
{"loss": 0.2112451046705246, "acc": 0.9160122871398926, "length": 5.0, "mode": "train", "epoch": 66}
{"loss": 0.2180785834789276, "acc": 0.9130805730819702, "length": 5.0, "mode": "test", "epoch": 66}
{"loss": 0.203654944896698, "acc": 0.9196744561195374, "length": 5.0, "mode": "train", "epoch": 67}
{"loss": 0.22171880304813385, "acc": 0.9119130969047546, "length": 5.0, "mode": "test", "epoch": 67}
{"loss": 0.19973306357860565, "acc": 0.919666051864624, "length": 4.999999523162842, "mode": "train", "epoch": 68}
{"loss": 0.21278925240039825, "acc": 0.9160179495811462, "length": 5.0, "mode": "test", "epoch": 68}
{"loss": 0.1969902515411377, "acc": 0.9210258722305298, "length": 4.999996662139893, "mode": "train", "epoch": 69}
{"loss": 0.2159554809331894, "acc": 0.9153903722763062, "length": 5.0, "mode": "test", "epoch": 69}
{"loss": 0.20618225634098053, "acc": 0.9165266752243042, "length": 4.999994277954102, "mode": "train", "epoch": 70}
{"loss": 0.2168998420238495, "acc": 0.9141978621482849, "length": 5.0, "mode": "test", "epoch": 70}
{"loss": 0.20800000429153442, "acc": 0.9162381291389465, "length": 4.999996185302734, "mode": "train", "epoch": 71}
{"loss": 0.21686550974845886, "acc": 0.915114164352417, "length": 5.0, "mode": "test", "epoch": 71}
{"loss": 0.20351018011569977, "acc": 0.9188916683197021, "length": 5.0, "mode": "train", "epoch": 72}
{"loss": 0.21684470772743225, "acc": 0.915716826915741, "length": 5.0, "mode": "test", "epoch": 72}
{"loss": 0.1968064159154892, "acc": 0.9225495457649231, "length": 4.999999523162842, "mode": "train", "epoch": 73}
{"loss": 0.20635563135147095, "acc": 0.9195956587791443, "length": 5.0, "mode": "test", "epoch": 73}
{"loss": 0.19293177127838135, "acc": 0.9239474534988403, "length": 4.999999523162842, "mode": "train", "epoch": 74}
{"loss": 0.20475518703460693, "acc": 0.9211273789405823, "length": 5.0, "mode": "test", "epoch": 74}
{"loss": 0.19660727679729462, "acc": 0.9240729212760925, "length": 4.999999523162842, "mode": "train", "epoch": 75}
{"loss": 0.21331627666950226, "acc": 0.9197087287902832, "length": 5.0, "mode": "test", "epoch": 75}
{"loss": 0.18593360483646393, "acc": 0.9280487298965454, "length": 4.999999523162842, "mode": "train", "epoch": 76}
{"loss": 0.20174647867679596, "acc": 0.9226714372634888, "length": 5.0, "mode": "test", "epoch": 76}
{"loss": 0.18226107954978943, "acc": 0.928663432598114, "length": 4.9999871253967285, "mode": "train", "epoch": 77}
{"loss": 0.20770688354969025, "acc": 0.9190812110900879, "length": 5.0, "mode": "test", "epoch": 77}
{"loss": 0.18193654716014862, "acc": 0.9278856515884399, "length": 4.999999046325684, "mode": "train", "epoch": 78}
{"loss": 0.19961316883563995, "acc": 0.9242404103279114, "length": 5.0, "mode": "test", "epoch": 78}
{"loss": 0.18022336065769196, "acc": 0.9302419424057007, "length": 5.0, "mode": "train", "epoch": 79}
{"loss": 0.200783371925354, "acc": 0.9237133860588074, "length": 5.0, "mode": "test", "epoch": 79}
{"loss": 0.18061178922653198, "acc": 0.9299447536468506, "length": 5.0, "mode": "train", "epoch": 80}
{"loss": 0.2030337154865265, "acc": 0.9214034676551819, "length": 5.0, "mode": "test", "epoch": 80}
{"loss": 0.17962512373924255, "acc": 0.9296600222587585, "length": 4.999999523162842, "mode": "train", "epoch": 81}
{"loss": 0.1962052583694458, "acc": 0.924855649471283, "length": 5.0, "mode": "test", "epoch": 81}
{"loss": 0.17575418949127197, "acc": 0.9315924644470215, "length": 4.999990940093994, "mode": "train", "epoch": 82}
{"loss": 0.19371271133422852, "acc": 0.9261360168457031, "length": 5.0, "mode": "test", "epoch": 82}
{"loss": 0.17729254066944122, "acc": 0.9317737817764282, "length": 5.0, "mode": "train", "epoch": 83}
{"loss": 0.201548233628273, "acc": 0.9243158102035522, "length": 5.0, "mode": "test", "epoch": 83}
{"loss": 0.1830374151468277, "acc": 0.9291370511054993, "length": 5.0, "mode": "train", "epoch": 84}
{"loss": 0.20123735070228577, "acc": 0.9234371185302734, "length": 5.0, "mode": "test", "epoch": 84}
{"loss": 0.17896218597888947, "acc": 0.9305766224861145, "length": 4.999998569488525, "mode": "train", "epoch": 85}
{"loss": 0.19924072921276093, "acc": 0.9236127138137817, "length": 5.0, "mode": "test", "epoch": 85}
{"loss": 0.18292313814163208, "acc": 0.9283419847488403, "length": 5.0, "mode": "train", "epoch": 86}
{"loss": 0.2119792252779007, "acc": 0.9186040163040161, "length": 5.0, "mode": "test", "epoch": 86}
{"loss": 0.1851876825094223, "acc": 0.9289529919624329, "length": 5.0, "mode": "train", "epoch": 87}
{"loss": 0.2016211301088333, "acc": 0.9214411377906799, "length": 5.0, "mode": "test", "epoch": 87}
{"loss": 0.1817910522222519, "acc": 0.9301331639289856, "length": 5.0, "mode": "train", "epoch": 88}
{"loss": 0.20060831308364868, "acc": 0.922934889793396, "length": 5.0, "mode": "test", "epoch": 88}
{"loss": 0.1779874712228775, "acc": 0.9305934309959412, "length": 5.0, "mode": "train", "epoch": 89}
{"loss": 0.1943921148777008, "acc": 0.9259729385375977, "length": 5.0, "mode": "test", "epoch": 89}
{"loss": 0.1788002848625183, "acc": 0.9308321475982666, "length": 5.0, "mode": "train", "epoch": 90}
{"loss": 0.21232731640338898, "acc": 0.9160305261611938, "length": 5.0, "mode": "test", "epoch": 90}
{"loss": 0.2268720269203186, "acc": 0.9124340415000916, "length": 5.0, "mode": "train", "epoch": 91}
{"loss": 0.22650042176246643, "acc": 0.9106578826904297, "length": 5.0, "mode": "test", "epoch": 91}
{"loss": 0.23169060051441193, "acc": 0.9093412160873413, "length": 5.0, "mode": "train", "epoch": 92}
{"loss": 0.22915083169937134, "acc": 0.9121766686439514, "length": 5.0, "mode": "test", "epoch": 92}
{"loss": 0.20953822135925293, "acc": 0.9159246683120728, "length": 5.0, "mode": "train", "epoch": 93}
{"loss": 0.2179771512746811, "acc": 0.9144741296768188, "length": 5.0, "mode": "test", "epoch": 93}
{"loss": 0.23816260695457458, "acc": 0.9071483612060547, "length": 5.0, "mode": "train", "epoch": 94}
{"loss": 0.22493255138397217, "acc": 0.910896360874176, "length": 5.0, "mode": "test", "epoch": 94}
{"loss": 0.20699957013130188, "acc": 0.9184311032295227, "length": 4.999746322631836, "mode": "train", "epoch": 95}
{"loss": 0.2196277678012848, "acc": 0.9132815003395081, "length": 5.0, "mode": "test", "epoch": 95}
{"loss": 0.21243150532245636, "acc": 0.916409969329834, "length": 4.999999523162842, "mode": "train", "epoch": 96}
{"loss": 0.2194213569164276, "acc": 0.9137082099914551, "length": 5.0, "mode": "test", "epoch": 96}
{"loss": 0.19788740575313568, "acc": 0.92237389087677, "length": 5.0, "mode": "train", "epoch": 97}
{"loss": 0.217741459608078, "acc": 0.9154655933380127, "length": 5.0, "mode": "test", "epoch": 97}
{"loss": 0.20276576280593872, "acc": 0.9207624197006226, "length": 4.999999523162842, "mode": "train", "epoch": 98}
{"loss": 0.21710044145584106, "acc": 0.9156667590141296, "length": 5.0, "mode": "test", "epoch": 98}
{"loss": 0.21190880239009857, "acc": 0.9180323481559753, "length": 4.9999775886535645, "mode": "train", "epoch": 99}
{"loss": 0.21885180473327637, "acc": 0.9162817597389221, "length": 5.0, "mode": "test", "epoch": 99}
{"loss": 0.1984494924545288, "acc": 0.9227655529975891, "length": 4.999934673309326, "mode": "train", "epoch": 100}
{"loss": 0.2093098908662796, "acc": 0.9200101494789124, "length": 5.0, "mode": "test", "epoch": 100}
test accuracy: 0.864201545715332
