# ["--attributes=4", "--values=4", "--game_size=10", "--vocab_size_factor=3", "--n_epochs=100", "--batch_size=64", "--learning_rate=0.001", "--hidden_size=128", "--temp_update=0.99", "--temperature=1"]
Creating train_ds and val_ds...

Creating test_ds...
{"loss": 0.5925519466400146, "acc": 0.6624791622161865, "length": 3.4413251876831055, "mode": "train", "epoch": 1}
{"loss": 0.4947254955768585, "acc": 0.7721065878868103, "length": 4.496722221374512, "mode": "test", "epoch": 1}
{"loss": 0.39550596475601196, "acc": 0.8234646916389465, "length": 4.738369464874268, "mode": "train", "epoch": 2}
{"loss": 0.3743235468864441, "acc": 0.8385526537895203, "length": 5.0, "mode": "test", "epoch": 2}
{"loss": 0.29759469628334045, "acc": 0.8810940384864807, "length": 4.985405921936035, "mode": "train", "epoch": 3}
{"loss": 0.2877318263053894, "acc": 0.8868507146835327, "length": 5.0, "mode": "test", "epoch": 3}
{"loss": 0.2644994854927063, "acc": 0.8980618715286255, "length": 4.9971513748168945, "mode": "train", "epoch": 4}
{"loss": 0.26735958456993103, "acc": 0.8918052911758423, "length": 5.0, "mode": "test", "epoch": 4}
{"loss": 0.2454548329114914, "acc": 0.9064172506332397, "length": 4.998930931091309, "mode": "train", "epoch": 5}
{"loss": 0.24719883501529694, "acc": 0.9086738228797913, "length": 5.0, "mode": "test", "epoch": 5}
{"loss": 0.2323482483625412, "acc": 0.911746084690094, "length": 4.9993486404418945, "mode": "train", "epoch": 6}
{"loss": 0.23320190608501434, "acc": 0.9138932228088379, "length": 5.0, "mode": "test", "epoch": 6}
{"loss": 0.2204715609550476, "acc": 0.9149430990219116, "length": 4.9996113777160645, "mode": "train", "epoch": 7}
{"loss": 0.2291300892829895, "acc": 0.9158724546432495, "length": 5.0, "mode": "test", "epoch": 7}
{"loss": 0.21352408826351166, "acc": 0.9177355766296387, "length": 4.999679088592529, "mode": "train", "epoch": 8}
{"loss": 0.21374531090259552, "acc": 0.920536994934082, "length": 5.0, "mode": "test", "epoch": 8}
{"loss": 0.2089611142873764, "acc": 0.9199232459068298, "length": 4.999619483947754, "mode": "train", "epoch": 9}
{"loss": 0.222448468208313, "acc": 0.917675256729126, "length": 5.0, "mode": "test", "epoch": 9}
{"loss": 0.20103584229946136, "acc": 0.9228546619415283, "length": 4.999801158905029, "mode": "train", "epoch": 10}
{"loss": 0.2171088457107544, "acc": 0.921633780002594, "length": 5.0, "mode": "test", "epoch": 10}
{"loss": 0.19971530139446259, "acc": 0.9238480925559998, "length": 4.9998555183410645, "mode": "train", "epoch": 11}
{"loss": 0.2069258689880371, "acc": 0.923802375793457, "length": 5.0, "mode": "test", "epoch": 11}
{"loss": 0.19590452313423157, "acc": 0.9247363805770874, "length": 4.999864101409912, "mode": "train", "epoch": 12}
{"loss": 0.20708619058132172, "acc": 0.9262226819992065, "length": 5.0, "mode": "test", "epoch": 12}
{"loss": 0.1916339248418808, "acc": 0.9271047115325928, "length": 4.999940872192383, "mode": "train", "epoch": 13}
{"loss": 0.21305283904075623, "acc": 0.9226047396659851, "length": 5.0, "mode": "test", "epoch": 13}
{"loss": 0.19122140109539032, "acc": 0.927054226398468, "length": 4.999950885772705, "mode": "train", "epoch": 14}
{"loss": 0.19638465344905853, "acc": 0.9279502034187317, "length": 5.0, "mode": "test", "epoch": 14}
{"loss": 0.18546918034553528, "acc": 0.9287782907485962, "length": 4.9999613761901855, "mode": "train", "epoch": 15}
{"loss": 0.19720901548862457, "acc": 0.9277610182762146, "length": 5.0, "mode": "test", "epoch": 15}
{"loss": 0.18524174392223358, "acc": 0.9291006922721863, "length": 4.9999284744262695, "mode": "train", "epoch": 16}
{"loss": 0.1967817097902298, "acc": 0.9274710416793823, "length": 5.0, "mode": "test", "epoch": 16}
{"loss": 0.18649227917194366, "acc": 0.9286186695098877, "length": 4.999970436096191, "mode": "train", "epoch": 17}
{"loss": 0.19944314658641815, "acc": 0.9262229800224304, "length": 5.0, "mode": "test", "epoch": 17}
{"loss": 0.19055335223674774, "acc": 0.9277809858322144, "length": 4.999932289123535, "mode": "train", "epoch": 18}
{"loss": 0.20025253295898438, "acc": 0.9278491139411926, "length": 5.0, "mode": "test", "epoch": 18}
{"loss": 0.190514475107193, "acc": 0.9273940324783325, "length": 4.9999213218688965, "mode": "train", "epoch": 19}
{"loss": 0.21744304895401, "acc": 0.9198057651519775, "length": 5.0, "mode": "test", "epoch": 19}
{"loss": 0.1829589307308197, "acc": 0.9308413863182068, "length": 4.9999308586120605, "mode": "train", "epoch": 20}
{"loss": 0.19732430577278137, "acc": 0.9266893267631531, "length": 5.0, "mode": "test", "epoch": 20}
{"loss": 0.17567960917949677, "acc": 0.9328975677490234, "length": 4.99993371963501, "mode": "train", "epoch": 21}
{"loss": 0.1891319900751114, "acc": 0.9317196607589722, "length": 5.0, "mode": "test", "epoch": 21}
{"loss": 0.17180809378623962, "acc": 0.9344223737716675, "length": 4.999902248382568, "mode": "train", "epoch": 22}
{"loss": 0.21256545186042786, "acc": 0.9230457544326782, "length": 5.0, "mode": "test", "epoch": 22}
{"loss": 0.17451630532741547, "acc": 0.9341509342193604, "length": 4.999971389770508, "mode": "train", "epoch": 23}
{"loss": 0.18737556040287018, "acc": 0.9321860671043396, "length": 5.0, "mode": "test", "epoch": 23}
{"loss": 0.17074118554592133, "acc": 0.9352388978004456, "length": 4.999904632568359, "mode": "train", "epoch": 24}
{"loss": 0.19618315994739532, "acc": 0.9315305352210999, "length": 5.0, "mode": "test", "epoch": 24}
{"loss": 0.16851677000522614, "acc": 0.9355592727661133, "length": 4.999979496002197, "mode": "train", "epoch": 25}
{"loss": 0.1815691441297531, "acc": 0.9349218010902405, "length": 5.0, "mode": "test", "epoch": 25}
{"loss": 0.16942359507083893, "acc": 0.935621976852417, "length": 4.999969005584717, "mode": "train", "epoch": 26}
{"loss": 0.18813829123973846, "acc": 0.9326525330543518, "length": 5.0, "mode": "test", "epoch": 26}
{"loss": 0.17713181674480438, "acc": 0.9333357810974121, "length": 4.999985694885254, "mode": "train", "epoch": 27}
{"loss": 0.21483567357063293, "acc": 0.9250503778457642, "length": 5.0, "mode": "test", "epoch": 27}
{"loss": 0.17346692085266113, "acc": 0.9355374574661255, "length": 4.999942302703857, "mode": "train", "epoch": 28}
{"loss": 0.1781242936849594, "acc": 0.9351109266281128, "length": 5.0, "mode": "test", "epoch": 28}
{"loss": 0.16132159531116486, "acc": 0.9388338923454285, "length": 4.999968528747559, "mode": "train", "epoch": 29}
{"loss": 0.17734268307685852, "acc": 0.9350478053092957, "length": 5.0, "mode": "test", "epoch": 29}
{"loss": 0.16852830350399017, "acc": 0.936180591583252, "length": 4.999966621398926, "mode": "train", "epoch": 30}
{"loss": 0.18644867837429047, "acc": 0.9313665628433228, "length": 5.0, "mode": "test", "epoch": 30}
{"loss": 0.17715409398078918, "acc": 0.9341385960578918, "length": 4.999986171722412, "mode": "train", "epoch": 31}
{"loss": 0.1806594580411911, "acc": 0.9360689520835876, "length": 5.0, "mode": "test", "epoch": 31}
{"loss": 0.16525162756443024, "acc": 0.937375545501709, "length": 4.999985694885254, "mode": "train", "epoch": 32}
{"loss": 0.1746084839105606, "acc": 0.9359303712844849, "length": 5.0, "mode": "test", "epoch": 32}
{"loss": 0.15437574684619904, "acc": 0.9416509866714478, "length": 4.999987602233887, "mode": "train", "epoch": 33}
{"loss": 0.16914616525173187, "acc": 0.9380987882614136, "length": 5.0, "mode": "test", "epoch": 33}
{"loss": 0.15922288596630096, "acc": 0.9404990077018738, "length": 4.9999847412109375, "mode": "train", "epoch": 34}
{"loss": 0.18291328847408295, "acc": 0.9329425096511841, "length": 5.0, "mode": "test", "epoch": 34}
{"loss": 0.15538182854652405, "acc": 0.9426007270812988, "length": 4.999984264373779, "mode": "train", "epoch": 35}
{"loss": 0.16532477736473083, "acc": 0.9418684244155884, "length": 5.0, "mode": "test", "epoch": 35}
{"loss": 0.14993131160736084, "acc": 0.9441648125648499, "length": 4.999989986419678, "mode": "train", "epoch": 36}
{"loss": 0.17156118154525757, "acc": 0.9384392499923706, "length": 5.0, "mode": "test", "epoch": 36}
{"loss": 0.15984079241752625, "acc": 0.940692663192749, "length": 4.999994277954102, "mode": "train", "epoch": 37}
{"loss": 0.18087096512317657, "acc": 0.9367752075195312, "length": 5.0, "mode": "test", "epoch": 37}
{"loss": 0.16369080543518066, "acc": 0.9400367140769958, "length": 4.999989986419678, "mode": "train", "epoch": 38}
{"loss": 0.17440348863601685, "acc": 0.9382879734039307, "length": 5.0, "mode": "test", "epoch": 38}
{"loss": 0.1650102585554123, "acc": 0.9395198225975037, "length": 4.999997138977051, "mode": "train", "epoch": 39}
{"loss": 0.17726455628871918, "acc": 0.9373800158500671, "length": 5.0, "mode": "test", "epoch": 39}
{"loss": 0.15224552154541016, "acc": 0.9430845975875854, "length": 4.999996662139893, "mode": "train", "epoch": 40}
{"loss": 0.16611579060554504, "acc": 0.9410994052886963, "length": 5.0, "mode": "test", "epoch": 40}
{"loss": 0.1484951674938202, "acc": 0.9452661871910095, "length": 4.999994277954102, "mode": "train", "epoch": 41}
{"loss": 0.16338180005550385, "acc": 0.9423476457595825, "length": 5.0, "mode": "test", "epoch": 41}
{"loss": 0.14886173605918884, "acc": 0.9442563056945801, "length": 4.999948978424072, "mode": "train", "epoch": 42}
{"loss": 0.16240571439266205, "acc": 0.9409227967262268, "length": 5.0, "mode": "test", "epoch": 42}
{"loss": 0.14490339159965515, "acc": 0.946392297744751, "length": 4.999975681304932, "mode": "train", "epoch": 43}
{"loss": 0.16340583562850952, "acc": 0.9436208009719849, "length": 5.0, "mode": "test", "epoch": 43}
{"loss": 0.14555229246616364, "acc": 0.9459241628646851, "length": 4.999934196472168, "mode": "train", "epoch": 44}
{"loss": 0.16779224574565887, "acc": 0.9378719925880432, "length": 5.0, "mode": "test", "epoch": 44}
{"loss": 0.14690136909484863, "acc": 0.9454220533370972, "length": 4.999998569488525, "mode": "train", "epoch": 45}
{"loss": 0.17198295891284943, "acc": 0.940280020236969, "length": 5.0, "mode": "test", "epoch": 45}
{"loss": 0.15946806967258453, "acc": 0.9408683776855469, "length": 4.999979019165039, "mode": "train", "epoch": 46}
{"loss": 0.1740858554840088, "acc": 0.9384642839431763, "length": 5.0, "mode": "test", "epoch": 46}
{"loss": 0.15178443491458893, "acc": 0.9445140957832336, "length": 4.999999046325684, "mode": "train", "epoch": 47}
{"loss": 0.17610818147659302, "acc": 0.9380989670753479, "length": 5.0, "mode": "test", "epoch": 47}
{"loss": 0.14935807883739471, "acc": 0.9450141191482544, "length": 4.999999523162842, "mode": "train", "epoch": 48}
{"loss": 0.17195412516593933, "acc": 0.9368507862091064, "length": 5.0, "mode": "test", "epoch": 48}
{"loss": 0.15087999403476715, "acc": 0.9450730681419373, "length": 4.999998569488525, "mode": "train", "epoch": 49}
{"loss": 0.159644216299057, "acc": 0.9451589584350586, "length": 5.0, "mode": "test", "epoch": 49}
{"loss": 0.15057320892810822, "acc": 0.9453001022338867, "length": 4.999999046325684, "mode": "train", "epoch": 50}
{"loss": 0.17481501400470734, "acc": 0.9369264841079712, "length": 5.0, "mode": "test", "epoch": 50}
{"loss": 0.15969902276992798, "acc": 0.9423995614051819, "length": 4.999997138977051, "mode": "train", "epoch": 51}
{"loss": 0.16817514598369598, "acc": 0.9404690265655518, "length": 5.0, "mode": "test", "epoch": 51}
{"loss": 0.14762753248214722, "acc": 0.9466915726661682, "length": 4.999995231628418, "mode": "train", "epoch": 52}
{"loss": 0.15740083158016205, "acc": 0.9456126689910889, "length": 5.0, "mode": "test", "epoch": 52}
{"loss": 0.14287225902080536, "acc": 0.9486632347106934, "length": 4.999999523162842, "mode": "train", "epoch": 53}
{"loss": 0.18543806672096252, "acc": 0.9335224032402039, "length": 5.0, "mode": "test", "epoch": 53}
{"loss": 0.1495453417301178, "acc": 0.9457874894142151, "length": 4.999992847442627, "mode": "train", "epoch": 54}
{"loss": 0.1562647968530655, "acc": 0.9444654583930969, "length": 5.0, "mode": "test", "epoch": 54}
{"loss": 0.1458267718553543, "acc": 0.9465358853340149, "length": 4.99999475479126, "mode": "train", "epoch": 55}
{"loss": 0.16294482350349426, "acc": 0.9436712265014648, "length": 5.0, "mode": "test", "epoch": 55}
{"loss": 0.14549152553081512, "acc": 0.9478054642677307, "length": 4.999998569488525, "mode": "train", "epoch": 56}
{"loss": 0.1662777066230774, "acc": 0.9415154457092285, "length": 5.0, "mode": "test", "epoch": 56}
{"loss": 0.14298252761363983, "acc": 0.9484320282936096, "length": 5.0, "mode": "train", "epoch": 57}
{"loss": 0.15511733293533325, "acc": 0.9456506371498108, "length": 5.0, "mode": "test", "epoch": 57}
{"loss": 0.13868194818496704, "acc": 0.9501890540122986, "length": 4.999999523162842, "mode": "train", "epoch": 58}
{"loss": 0.148823544383049, "acc": 0.9501009583473206, "length": 5.0, "mode": "test", "epoch": 58}
{"loss": 0.14520248770713806, "acc": 0.9479315876960754, "length": 4.999996185302734, "mode": "train", "epoch": 59}
{"loss": 0.16109661757946014, "acc": 0.9453730583190918, "length": 5.0, "mode": "test", "epoch": 59}
{"loss": 0.14619125425815582, "acc": 0.947317898273468, "length": 4.999999523162842, "mode": "train", "epoch": 60}
{"loss": 0.16288110613822937, "acc": 0.9422087073326111, "length": 5.0, "mode": "test", "epoch": 60}
{"loss": 0.14291103184223175, "acc": 0.9480786323547363, "length": 4.999989986419678, "mode": "train", "epoch": 61}
{"loss": 0.168127179145813, "acc": 0.9415280818939209, "length": 5.0, "mode": "test", "epoch": 61}
{"loss": 0.14390650391578674, "acc": 0.9480910301208496, "length": 4.999984264373779, "mode": "train", "epoch": 62}
{"loss": 0.16140474379062653, "acc": 0.9421331882476807, "length": 5.0, "mode": "test", "epoch": 62}
{"loss": 0.147430419921875, "acc": 0.9471707940101624, "length": 5.0, "mode": "train", "epoch": 63}
{"loss": 0.15325042605400085, "acc": 0.9485375881195068, "length": 5.0, "mode": "test", "epoch": 63}
{"loss": 0.13599856197834015, "acc": 0.9528082609176636, "length": 4.999999523162842, "mode": "train", "epoch": 64}
{"loss": 0.15865206718444824, "acc": 0.9459657669067383, "length": 5.0, "mode": "test", "epoch": 64}
{"loss": 0.1432832032442093, "acc": 0.9500753283500671, "length": 4.99999475479126, "mode": "train", "epoch": 65}
{"loss": 0.15271326899528503, "acc": 0.9477937817573547, "length": 5.0, "mode": "test", "epoch": 65}
{"loss": 0.1486106961965561, "acc": 0.9479905366897583, "length": 4.999998569488525, "mode": "train", "epoch": 66}
{"loss": 0.16140322387218475, "acc": 0.9453983902931213, "length": 5.0, "mode": "test", "epoch": 66}
{"loss": 0.144320547580719, "acc": 0.9488775730133057, "length": 4.999998092651367, "mode": "train", "epoch": 67}
{"loss": 0.15053324401378632, "acc": 0.9490921497344971, "length": 5.0, "mode": "test", "epoch": 67}
{"loss": 0.14399400353431702, "acc": 0.9498488306999207, "length": 5.0, "mode": "train", "epoch": 68}
{"loss": 0.15584184229373932, "acc": 0.9461674094200134, "length": 5.0, "mode": "test", "epoch": 68}
{"loss": 0.1446315199136734, "acc": 0.9498107433319092, "length": 4.999999523162842, "mode": "train", "epoch": 69}
{"loss": 0.17030997574329376, "acc": 0.9431039094924927, "length": 5.0, "mode": "test", "epoch": 69}
{"loss": 0.14107094705104828, "acc": 0.9520975947380066, "length": 5.0, "mode": "train", "epoch": 70}
{"loss": 0.1552869826555252, "acc": 0.9474155306816101, "length": 5.0, "mode": "test", "epoch": 70}
{"loss": 0.15614856779575348, "acc": 0.9466915726661682, "length": 5.0, "mode": "train", "epoch": 71}
{"loss": 0.16281436383724213, "acc": 0.9454110264778137, "length": 5.0, "mode": "test", "epoch": 71}
{"loss": 0.14115694165229797, "acc": 0.9524845480918884, "length": 4.999999523162842, "mode": "train", "epoch": 72}
{"loss": 0.15002405643463135, "acc": 0.9513742923736572, "length": 5.0, "mode": "test", "epoch": 72}
{"loss": 0.13227415084838867, "acc": 0.9554058909416199, "length": 5.0, "mode": "train", "epoch": 73}
{"loss": 0.14781692624092102, "acc": 0.9515759944915771, "length": 5.0, "mode": "test", "epoch": 73}
{"loss": 0.1358659565448761, "acc": 0.9545400738716125, "length": 5.0, "mode": "train", "epoch": 74}
{"loss": 0.154917374253273, "acc": 0.94781893491745, "length": 5.0, "mode": "test", "epoch": 74}
{"loss": 0.14782270789146423, "acc": 0.949011504650116, "length": 4.99998140335083, "mode": "train", "epoch": 75}
{"loss": 0.1600818932056427, "acc": 0.9461169838905334, "length": 5.0, "mode": "test", "epoch": 75}
{"loss": 0.149984210729599, "acc": 0.9473684430122375, "length": 4.999998569488525, "mode": "train", "epoch": 76}
{"loss": 0.1789969503879547, "acc": 0.939460277557373, "length": 5.0, "mode": "test", "epoch": 76}
{"loss": 0.1506967395544052, "acc": 0.9467840194702148, "length": 5.0, "mode": "train", "epoch": 77}
{"loss": 0.16796444356441498, "acc": 0.9416413903236389, "length": 5.0, "mode": "test", "epoch": 77}
{"loss": 0.15286681056022644, "acc": 0.9466074109077454, "length": 5.0, "mode": "train", "epoch": 78}
{"loss": 0.16034865379333496, "acc": 0.9452343583106995, "length": 5.0, "mode": "test", "epoch": 78}
{"loss": 0.16201527416706085, "acc": 0.9432232975959778, "length": 5.0, "mode": "train", "epoch": 79}
{"loss": 0.16571050882339478, "acc": 0.9429904818534851, "length": 5.0, "mode": "test", "epoch": 79}
{"loss": 0.16003648936748505, "acc": 0.9436479806900024, "length": 5.0, "mode": "train", "epoch": 80}
{"loss": 0.1817604899406433, "acc": 0.9355520606040955, "length": 5.0, "mode": "test", "epoch": 80}
{"loss": 0.17853502929210663, "acc": 0.9338953495025635, "length": 5.0, "mode": "train", "epoch": 81}
{"loss": 0.1913507878780365, "acc": 0.9304589033126831, "length": 5.0, "mode": "test", "epoch": 81}
{"loss": 0.16394253075122833, "acc": 0.9403102397918701, "length": 5.0, "mode": "train", "epoch": 82}
{"loss": 0.17085130512714386, "acc": 0.9378340840339661, "length": 5.0, "mode": "test", "epoch": 82}
{"loss": 0.15771204233169556, "acc": 0.9432570934295654, "length": 4.999999523162842, "mode": "train", "epoch": 83}
{"loss": 0.17162150144577026, "acc": 0.9400025010108948, "length": 5.0, "mode": "test", "epoch": 83}
{"loss": 0.1598542332649231, "acc": 0.9437488913536072, "length": 4.999998569488525, "mode": "train", "epoch": 84}
{"loss": 0.17243506014347076, "acc": 0.94007807970047, "length": 5.0, "mode": "test", "epoch": 84}
{"loss": 0.15273119509220123, "acc": 0.94553542137146, "length": 4.999998092651367, "mode": "train", "epoch": 85}
{"loss": 0.16582345962524414, "acc": 0.942284345626831, "length": 5.0, "mode": "test", "epoch": 85}
{"loss": 0.1506318897008896, "acc": 0.946674644947052, "length": 5.0, "mode": "train", "epoch": 86}
{"loss": 0.1622113138437271, "acc": 0.9453732371330261, "length": 5.0, "mode": "test", "epoch": 86}
{"loss": 0.14266519248485565, "acc": 0.9497687220573425, "length": 5.0, "mode": "train", "epoch": 87}
{"loss": 0.15877199172973633, "acc": 0.9469995498657227, "length": 5.0, "mode": "test", "epoch": 87}
{"loss": 0.13934488594532013, "acc": 0.9522530436515808, "length": 5.0, "mode": "train", "epoch": 88}
{"loss": 0.17247197031974792, "acc": 0.943583071231842, "length": 5.0, "mode": "test", "epoch": 88}
{"loss": 0.14243461191654205, "acc": 0.9513746500015259, "length": 5.0, "mode": "train", "epoch": 89}
{"loss": 0.15357643365859985, "acc": 0.9483737945556641, "length": 5.0, "mode": "test", "epoch": 89}
{"loss": 0.13630205392837524, "acc": 0.9534342885017395, "length": 4.999994277954102, "mode": "train", "epoch": 90}
{"loss": 0.14700289070606232, "acc": 0.9513489603996277, "length": 5.0, "mode": "test", "epoch": 90}
{"loss": 0.1424061506986618, "acc": 0.9506181478500366, "length": 5.0, "mode": "train", "epoch": 91}
{"loss": 0.1564275026321411, "acc": 0.9474786520004272, "length": 5.0, "mode": "test", "epoch": 91}
{"loss": 0.14134114980697632, "acc": 0.951231837272644, "length": 5.0, "mode": "train", "epoch": 92}
{"loss": 0.1508418321609497, "acc": 0.9505294561386108, "length": 5.0, "mode": "test", "epoch": 92}
{"loss": 0.13317030668258667, "acc": 0.9543424844741821, "length": 5.0, "mode": "train", "epoch": 93}
{"loss": 0.15408532321453094, "acc": 0.9486762881278992, "length": 5.0, "mode": "test", "epoch": 93}
{"loss": 0.13390591740608215, "acc": 0.9550528526306152, "length": 5.0, "mode": "train", "epoch": 94}
{"loss": 0.14364132285118103, "acc": 0.9523700475692749, "length": 5.0, "mode": "test", "epoch": 94}
{"loss": 0.12744732201099396, "acc": 0.9575665593147278, "length": 5.0, "mode": "train", "epoch": 95}
{"loss": 0.14505700767040253, "acc": 0.9523828029632568, "length": 5.0, "mode": "test", "epoch": 95}
{"loss": 0.12684573233127594, "acc": 0.9574030041694641, "length": 5.0, "mode": "train", "epoch": 96}
{"loss": 0.14892026782035828, "acc": 0.9510590434074402, "length": 5.0, "mode": "test", "epoch": 96}
{"loss": 0.13568712770938873, "acc": 0.954069197177887, "length": 5.0, "mode": "train", "epoch": 97}
{"loss": 0.16926854848861694, "acc": 0.9433308243751526, "length": 5.0, "mode": "test", "epoch": 97}
{"loss": 0.15154150128364563, "acc": 0.9475489854812622, "length": 4.999995231628418, "mode": "train", "epoch": 98}
{"loss": 0.16253551840782166, "acc": 0.9440241456031799, "length": 5.0, "mode": "test", "epoch": 98}
{"loss": 0.13163462281227112, "acc": 0.9546871185302734, "length": 5.0, "mode": "train", "epoch": 99}
{"loss": 0.14523279666900635, "acc": 0.9533534049987793, "length": 5.0, "mode": "test", "epoch": 99}
{"loss": 0.12324975430965424, "acc": 0.9582648277282715, "length": 5.0, "mode": "train", "epoch": 100}
{"loss": 0.1409347653388977, "acc": 0.9513238668441772, "length": 5.0, "mode": "test", "epoch": 100}
test accuracy: 0.8821982145309448
