# ["--attributes=4", "--values=4", "--game_size=10", "--vocab_size_factor=3", "--n_epochs=100", "--batch_size=64", "--learning_rate=0.001", "--hidden_size=256", "--temp_update=0.97", "--temperature=1.5"]
Creating train_ds and val_ds...

Creating test_ds...
{"loss": 0.696209192276001, "acc": 0.5027713179588318, "length": 1.1425565481185913, "mode": "train", "epoch": 1}
{"loss": 0.6941790580749512, "acc": 0.5059103965759277, "length": 1.0, "mode": "test", "epoch": 1}
{"loss": 0.5746087431907654, "acc": 0.6807148456573486, "length": 3.4594712257385254, "mode": "train", "epoch": 2}
{"loss": 0.5056396126747131, "acc": 0.7331447005271912, "length": 4.151515007019043, "mode": "test", "epoch": 2}
{"loss": 0.4562276601791382, "acc": 0.7590876221656799, "length": 4.413764953613281, "mode": "train", "epoch": 3}
{"loss": 0.4288509488105774, "acc": 0.7718489170074463, "length": 4.688454627990723, "mode": "test", "epoch": 3}
{"loss": 0.41180142760276794, "acc": 0.7716682553291321, "length": 4.807180404663086, "mode": "train", "epoch": 4}
{"loss": 0.41052180528640747, "acc": 0.7730913758277893, "length": 4.802905082702637, "mode": "test", "epoch": 4}
{"loss": 0.40189051628112793, "acc": 0.773760199546814, "length": 4.846945762634277, "mode": "train", "epoch": 5}
{"loss": 0.39865729212760925, "acc": 0.7749047875404358, "length": 4.829451560974121, "mode": "test", "epoch": 5}
{"loss": 0.3990163207054138, "acc": 0.7732502818107605, "length": 4.896662712097168, "mode": "train", "epoch": 6}
{"loss": 0.4018203020095825, "acc": 0.7732831835746765, "length": 4.958677768707275, "mode": "test", "epoch": 6}
{"loss": 0.3958505094051361, "acc": 0.775100588798523, "length": 4.887162685394287, "mode": "train", "epoch": 7}
{"loss": 0.3976888060569763, "acc": 0.7738086581230164, "length": 4.925870418548584, "mode": "test", "epoch": 7}
{"loss": 0.38935619592666626, "acc": 0.7812656760215759, "length": 4.889276504516602, "mode": "train", "epoch": 8}
{"loss": 0.3923581540584564, "acc": 0.7843167781829834, "length": 4.924367427825928, "mode": "test", "epoch": 8}
{"loss": 0.38189956545829773, "acc": 0.7869303226470947, "length": 4.882266044616699, "mode": "train", "epoch": 9}
{"loss": 0.3659866750240326, "acc": 0.8098891973495483, "length": 4.865264415740967, "mode": "test", "epoch": 9}
{"loss": 0.33554571866989136, "acc": 0.8388875126838684, "length": 4.940637588500977, "mode": "train", "epoch": 10}
{"loss": 0.32793185114860535, "acc": 0.8429251313209534, "length": 5.0, "mode": "test", "epoch": 10}
{"loss": 0.3074897229671478, "acc": 0.8585101962089539, "length": 4.997538089752197, "mode": "train", "epoch": 11}
{"loss": 0.306413859128952, "acc": 0.8564613461494446, "length": 5.0, "mode": "test", "epoch": 11}
{"loss": 0.29446572065353394, "acc": 0.8663602471351624, "length": 4.999976634979248, "mode": "train", "epoch": 12}
{"loss": 0.2964196503162384, "acc": 0.8694465756416321, "length": 5.0, "mode": "test", "epoch": 12}
{"loss": 0.28046277165412903, "acc": 0.8739699721336365, "length": 4.9999518394470215, "mode": "train", "epoch": 13}
{"loss": 0.28364279866218567, "acc": 0.877322793006897, "length": 5.0, "mode": "test", "epoch": 13}
{"loss": 0.27085080742836, "acc": 0.8799654841423035, "length": 4.999978065490723, "mode": "train", "epoch": 14}
{"loss": 0.26957836747169495, "acc": 0.8844102621078491, "length": 5.0, "mode": "test", "epoch": 14}
{"loss": 0.25693392753601074, "acc": 0.8870165944099426, "length": 4.999992847442627, "mode": "train", "epoch": 15}
{"loss": 0.26466673612594604, "acc": 0.8864763975143433, "length": 5.0, "mode": "test", "epoch": 15}
{"loss": 0.2505238950252533, "acc": 0.8925188183784485, "length": 4.999997615814209, "mode": "train", "epoch": 16}
{"loss": 0.25872159004211426, "acc": 0.8941398859024048, "length": 5.0, "mode": "test", "epoch": 16}
{"loss": 0.2405758798122406, "acc": 0.8986724615097046, "length": 4.999998569488525, "mode": "train", "epoch": 17}
{"loss": 0.24821822345256805, "acc": 0.898998498916626, "length": 5.0, "mode": "test", "epoch": 17}
{"loss": 0.2340032458305359, "acc": 0.901231586933136, "length": 4.999999046325684, "mode": "train", "epoch": 18}
{"loss": 0.2745014429092407, "acc": 0.8774730563163757, "length": 5.0, "mode": "test", "epoch": 18}
{"loss": 0.23794618248939514, "acc": 0.8990063071250916, "length": 4.999998569488525, "mode": "train", "epoch": 19}
{"loss": 0.24617451429367065, "acc": 0.8960556387901306, "length": 5.0, "mode": "test", "epoch": 19}
{"loss": 0.23084093630313873, "acc": 0.9009268283843994, "length": 4.999998092651367, "mode": "train", "epoch": 20}
{"loss": 0.23794549703598022, "acc": 0.900200366973877, "length": 5.0, "mode": "test", "epoch": 20}
{"loss": 0.22906391322612762, "acc": 0.9016448259353638, "length": 5.0, "mode": "train", "epoch": 21}
{"loss": 0.24365690350532532, "acc": 0.901627779006958, "length": 5.0, "mode": "test", "epoch": 21}
{"loss": 0.2292197346687317, "acc": 0.9029722213745117, "length": 4.999992370605469, "mode": "train", "epoch": 22}
{"loss": 0.2449604719877243, "acc": 0.8987979888916016, "length": 5.0, "mode": "test", "epoch": 22}
{"loss": 0.22645655274391174, "acc": 0.9029557108879089, "length": 4.999999523162842, "mode": "train", "epoch": 23}
{"loss": 0.23738114535808563, "acc": 0.9033433198928833, "length": 5.0, "mode": "test", "epoch": 23}
{"loss": 0.2226913720369339, "acc": 0.9045421481132507, "length": 4.999999046325684, "mode": "train", "epoch": 24}
{"loss": 0.23986215889453888, "acc": 0.9027799367904663, "length": 5.0, "mode": "test", "epoch": 24}
{"loss": 0.2227679193019867, "acc": 0.9055104851722717, "length": 5.0, "mode": "train", "epoch": 25}
{"loss": 0.23905186355113983, "acc": 0.9026421904563904, "length": 5.0, "mode": "test", "epoch": 25}
{"loss": 0.21858905255794525, "acc": 0.9072971940040588, "length": 4.999994277954102, "mode": "train", "epoch": 26}
{"loss": 0.23349206149578094, "acc": 0.905998170375824, "length": 5.0, "mode": "test", "epoch": 26}
{"loss": 0.22030149400234222, "acc": 0.9062327146530151, "length": 4.999998569488525, "mode": "train", "epoch": 27}
{"loss": 0.24637840688228607, "acc": 0.9022162556648254, "length": 5.0, "mode": "test", "epoch": 27}
{"loss": 0.21649973094463348, "acc": 0.9094011187553406, "length": 4.999993324279785, "mode": "train", "epoch": 28}
{"loss": 0.2332618087530136, "acc": 0.9077135324478149, "length": 5.0, "mode": "test", "epoch": 28}
{"loss": 0.21248279511928558, "acc": 0.9126114845275879, "length": 4.999991416931152, "mode": "train", "epoch": 29}
{"loss": 0.21713164448738098, "acc": 0.9143375158309937, "length": 5.0, "mode": "test", "epoch": 29}
{"loss": 0.19921833276748657, "acc": 0.9182601571083069, "length": 5.0, "mode": "train", "epoch": 30}
{"loss": 0.21395671367645264, "acc": 0.9154645800590515, "length": 5.0, "mode": "test", "epoch": 30}
{"loss": 0.1938905417919159, "acc": 0.921332597732544, "length": 5.0, "mode": "train", "epoch": 31}
{"loss": 0.19852197170257568, "acc": 0.9216504693031311, "length": 5.0, "mode": "test", "epoch": 31}
{"loss": 0.18911480903625488, "acc": 0.9229816198348999, "length": 5.0, "mode": "train", "epoch": 32}
{"loss": 0.19811032712459564, "acc": 0.9218883514404297, "length": 5.0, "mode": "test", "epoch": 32}
{"loss": 0.19153791666030884, "acc": 0.9230066537857056, "length": 5.0, "mode": "train", "epoch": 33}
{"loss": 0.20422643423080444, "acc": 0.9186077117919922, "length": 5.0, "mode": "test", "epoch": 33}
{"loss": 0.1894085556268692, "acc": 0.9228562712669373, "length": 4.999999523162842, "mode": "train", "epoch": 34}
{"loss": 0.1986532360315323, "acc": 0.9216002225875854, "length": 5.0, "mode": "test", "epoch": 34}
{"loss": 0.18354864418506622, "acc": 0.925323486328125, "length": 5.0, "mode": "train", "epoch": 35}
{"loss": 0.1975461095571518, "acc": 0.9224894046783447, "length": 5.0, "mode": "test", "epoch": 35}
{"loss": 0.18746928870677948, "acc": 0.9244133234024048, "length": 5.0, "mode": "train", "epoch": 36}
{"loss": 0.1994645893573761, "acc": 0.9222639203071594, "length": 5.0, "mode": "test", "epoch": 36}
{"loss": 0.1811051219701767, "acc": 0.9272187352180481, "length": 5.0, "mode": "train", "epoch": 37}
{"loss": 0.18951958417892456, "acc": 0.9241799116134644, "length": 5.0, "mode": "test", "epoch": 37}
{"loss": 0.18224592506885529, "acc": 0.9265885353088379, "length": 5.0, "mode": "train", "epoch": 38}
{"loss": 0.19959144294261932, "acc": 0.9234535694122314, "length": 5.0, "mode": "test", "epoch": 38}
{"loss": 0.18024380505084991, "acc": 0.9281957745552063, "length": 5.0, "mode": "train", "epoch": 39}
{"loss": 0.18955542147159576, "acc": 0.9261707663536072, "length": 5.0, "mode": "test", "epoch": 39}
{"loss": 0.17998549342155457, "acc": 0.9280872941017151, "length": 5.0, "mode": "train", "epoch": 40}
{"loss": 0.19283044338226318, "acc": 0.925657331943512, "length": 5.0, "mode": "test", "epoch": 40}
{"loss": 0.17685823142528534, "acc": 0.9298572540283203, "length": 5.0, "mode": "train", "epoch": 41}
{"loss": 0.18990512192249298, "acc": 0.9235285520553589, "length": 5.0, "mode": "test", "epoch": 41}
{"loss": 0.1771170198917389, "acc": 0.9291601181030273, "length": 5.0, "mode": "train", "epoch": 42}
{"loss": 0.18312488496303558, "acc": 0.9282745718955994, "length": 5.0, "mode": "test", "epoch": 42}
{"loss": 0.17246012389659882, "acc": 0.9321072697639465, "length": 5.0, "mode": "train", "epoch": 43}
{"loss": 0.17819251120090485, "acc": 0.9312168955802917, "length": 5.0, "mode": "test", "epoch": 43}
{"loss": 0.1700156331062317, "acc": 0.9330382347106934, "length": 4.999999046325684, "mode": "train", "epoch": 44}
{"loss": 0.17946162819862366, "acc": 0.9303907155990601, "length": 5.0, "mode": "test", "epoch": 44}
{"loss": 0.1662035882472992, "acc": 0.9357057213783264, "length": 4.999996185302734, "mode": "train", "epoch": 45}
{"loss": 0.17850549519062042, "acc": 0.9326570630073547, "length": 5.0, "mode": "test", "epoch": 45}
{"loss": 0.1639236956834793, "acc": 0.9360690116882324, "length": 4.999994277954102, "mode": "train", "epoch": 46}
{"loss": 0.17304910719394684, "acc": 0.9346354603767395, "length": 5.0, "mode": "test", "epoch": 46}
{"loss": 0.16859225928783417, "acc": 0.9350004196166992, "length": 5.0, "mode": "train", "epoch": 47}
{"loss": 0.1821386069059372, "acc": 0.9327571988105774, "length": 5.0, "mode": "test", "epoch": 47}
{"loss": 0.17131885886192322, "acc": 0.935284435749054, "length": 5.0, "mode": "train", "epoch": 48}
{"loss": 0.17416658997535706, "acc": 0.9348735213279724, "length": 5.0, "mode": "test", "epoch": 48}
{"loss": 0.15694446861743927, "acc": 0.9400059580802917, "length": 5.0, "mode": "train", "epoch": 49}
{"loss": 0.16090597212314606, "acc": 0.9401953220367432, "length": 5.0, "mode": "test", "epoch": 49}
{"loss": 0.14912296831607819, "acc": 0.9435124397277832, "length": 5.0, "mode": "train", "epoch": 50}
{"loss": 0.15341627597808838, "acc": 0.9433132410049438, "length": 5.0, "mode": "test", "epoch": 50}
{"loss": 0.14329122006893158, "acc": 0.946948230266571, "length": 5.0, "mode": "train", "epoch": 51}
{"loss": 0.1552732139825821, "acc": 0.9440019726753235, "length": 5.0, "mode": "test", "epoch": 51}
{"loss": 0.14864502847194672, "acc": 0.9446272850036621, "length": 5.0, "mode": "train", "epoch": 52}
{"loss": 0.14931891858577728, "acc": 0.9456047415733337, "length": 5.0, "mode": "test", "epoch": 52}
{"loss": 0.13733899593353271, "acc": 0.9490272998809814, "length": 5.0, "mode": "train", "epoch": 53}
{"loss": 0.15072137117385864, "acc": 0.9471073746681213, "length": 5.0, "mode": "test", "epoch": 53}
{"loss": 0.13496847450733185, "acc": 0.9504133462905884, "length": 5.0, "mode": "train", "epoch": 54}
{"loss": 0.14005692303180695, "acc": 0.9485350847244263, "length": 5.0, "mode": "test", "epoch": 54}
{"loss": 0.13394108414649963, "acc": 0.9514611959457397, "length": 4.999999523162842, "mode": "train", "epoch": 55}
{"loss": 0.14527088403701782, "acc": 0.9477461576461792, "length": 5.0, "mode": "test", "epoch": 55}
{"loss": 0.13095246255397797, "acc": 0.9520790576934814, "length": 5.0, "mode": "train", "epoch": 56}
{"loss": 0.1411886364221573, "acc": 0.9498749375343323, "length": 5.0, "mode": "test", "epoch": 56}
{"loss": 0.12939931452274323, "acc": 0.952751100063324, "length": 5.0, "mode": "train", "epoch": 57}
{"loss": 0.14632554352283478, "acc": 0.9481967687606812, "length": 5.0, "mode": "test", "epoch": 57}
{"loss": 0.13011421263217926, "acc": 0.9530099630355835, "length": 5.0, "mode": "train", "epoch": 58}
{"loss": 0.1460680365562439, "acc": 0.9485474824905396, "length": 5.0, "mode": "test", "epoch": 58}
{"loss": 0.12615862488746643, "acc": 0.9541162252426147, "length": 5.0, "mode": "train", "epoch": 59}
{"loss": 0.13739265501499176, "acc": 0.9511393904685974, "length": 5.0, "mode": "test", "epoch": 59}
{"loss": 0.1244860365986824, "acc": 0.954458475112915, "length": 5.0, "mode": "train", "epoch": 60}
{"loss": 0.13678990304470062, "acc": 0.9511269927024841, "length": 5.0, "mode": "test", "epoch": 60}
{"loss": 0.12322743982076645, "acc": 0.9551557302474976, "length": 5.0, "mode": "train", "epoch": 61}
{"loss": 0.14011645317077637, "acc": 0.9510393142700195, "length": 5.0, "mode": "test", "epoch": 61}
{"loss": 0.12135452777147293, "acc": 0.9559406042098999, "length": 5.0, "mode": "train", "epoch": 62}
{"loss": 0.14073869585990906, "acc": 0.9495741724967957, "length": 5.0, "mode": "test", "epoch": 62}
{"loss": 0.12581400573253632, "acc": 0.9546422362327576, "length": 5.0, "mode": "train", "epoch": 63}
{"loss": 0.13311071693897247, "acc": 0.9524668455123901, "length": 5.0, "mode": "test", "epoch": 63}
{"loss": 0.11885899305343628, "acc": 0.9574267864227295, "length": 5.0, "mode": "train", "epoch": 64}
{"loss": 0.1321885883808136, "acc": 0.9540070295333862, "length": 5.0, "mode": "test", "epoch": 64}
{"loss": 0.11769946664571762, "acc": 0.9583325982093811, "length": 4.999999523162842, "mode": "train", "epoch": 65}
{"loss": 0.12847401201725006, "acc": 0.9566867351531982, "length": 5.0, "mode": "test", "epoch": 65}
{"loss": 0.1120770201086998, "acc": 0.9609084725379944, "length": 5.0, "mode": "train", "epoch": 66}
{"loss": 0.12995964288711548, "acc": 0.9557225108146667, "length": 5.0, "mode": "test", "epoch": 66}
{"loss": 0.10961724817752838, "acc": 0.9620855450630188, "length": 5.0, "mode": "train", "epoch": 67}
{"loss": 0.12437333911657333, "acc": 0.9571999311447144, "length": 5.0, "mode": "test", "epoch": 67}
{"loss": 0.10859621316194534, "acc": 0.9616556763648987, "length": 5.0, "mode": "train", "epoch": 68}
{"loss": 0.12414872646331787, "acc": 0.9564238786697388, "length": 5.0, "mode": "test", "epoch": 68}
{"loss": 0.10893303900957108, "acc": 0.9621024131774902, "length": 5.0, "mode": "train", "epoch": 69}
{"loss": 0.12654195725917816, "acc": 0.9570121169090271, "length": 5.0, "mode": "test", "epoch": 69}
{"loss": 0.11113601922988892, "acc": 0.9614678025245667, "length": 5.0, "mode": "train", "epoch": 70}
{"loss": 0.13446569442749023, "acc": 0.9545955657958984, "length": 5.0, "mode": "test", "epoch": 70}
{"loss": 0.11294130235910416, "acc": 0.9602780938148499, "length": 5.0, "mode": "train", "epoch": 71}
{"loss": 0.12973324954509735, "acc": 0.9548584818840027, "length": 5.0, "mode": "test", "epoch": 71}
{"loss": 0.11629083752632141, "acc": 0.9595515131950378, "length": 5.0, "mode": "train", "epoch": 72}
{"loss": 0.1409258395433426, "acc": 0.9523415565490723, "length": 5.0, "mode": "test", "epoch": 72}
{"loss": 0.11232885718345642, "acc": 0.9601402282714844, "length": 5.0, "mode": "train", "epoch": 73}
{"loss": 0.12135811895132065, "acc": 0.958577573299408, "length": 5.0, "mode": "test", "epoch": 73}
{"loss": 0.10731712728738785, "acc": 0.9623319506645203, "length": 4.999999523162842, "mode": "train", "epoch": 74}
{"loss": 0.12185438722372055, "acc": 0.9566740989685059, "length": 5.0, "mode": "test", "epoch": 74}
{"loss": 0.10531535744667053, "acc": 0.9631627798080444, "length": 5.0, "mode": "train", "epoch": 75}
{"loss": 0.1212809607386589, "acc": 0.9578888416290283, "length": 5.0, "mode": "test", "epoch": 75}
{"loss": 0.1065915897488594, "acc": 0.962803840637207, "length": 5.0, "mode": "train", "epoch": 76}
{"loss": 0.12085548043251038, "acc": 0.9579638838768005, "length": 5.0, "mode": "test", "epoch": 76}
{"loss": 0.10577454417943954, "acc": 0.9632503390312195, "length": 4.999987602233887, "mode": "train", "epoch": 77}
{"loss": 0.12143125385046005, "acc": 0.9583269357681274, "length": 5.0, "mode": "test", "epoch": 77}
{"loss": 0.10443741828203201, "acc": 0.9638557434082031, "length": 5.0, "mode": "train", "epoch": 78}
{"loss": 0.11632095277309418, "acc": 0.960305392742157, "length": 5.0, "mode": "test", "epoch": 78}
{"loss": 0.09853942692279816, "acc": 0.9659138321876526, "length": 4.999999523162842, "mode": "train", "epoch": 79}
{"loss": 0.1192246675491333, "acc": 0.9601052403450012, "length": 5.0, "mode": "test", "epoch": 79}
{"loss": 0.10210386663675308, "acc": 0.963955819606781, "length": 4.999999523162842, "mode": "train", "epoch": 80}
{"loss": 0.12356039881706238, "acc": 0.9570246338844299, "length": 5.0, "mode": "test", "epoch": 80}
{"loss": 0.10394537448883057, "acc": 0.9643022418022156, "length": 5.0, "mode": "train", "epoch": 81}
{"loss": 0.11882911622524261, "acc": 0.9608439803123474, "length": 5.0, "mode": "test", "epoch": 81}
{"loss": 0.0982874408364296, "acc": 0.9657511115074158, "length": 5.0, "mode": "train", "epoch": 82}
{"loss": 0.11513259261846542, "acc": 0.963248074054718, "length": 5.0, "mode": "test", "epoch": 82}
{"loss": 0.0967668741941452, "acc": 0.967074453830719, "length": 5.0, "mode": "train", "epoch": 83}
{"loss": 0.12236785143613815, "acc": 0.9589030146598816, "length": 5.0, "mode": "test", "epoch": 83}
{"loss": 0.10474870353937149, "acc": 0.9643399119377136, "length": 5.0, "mode": "train", "epoch": 84}
{"loss": 0.13570468127727509, "acc": 0.9555847644805908, "length": 5.0, "mode": "test", "epoch": 84}
{"loss": 0.10714837908744812, "acc": 0.9630375504493713, "length": 5.0, "mode": "train", "epoch": 85}
{"loss": 0.11251967400312424, "acc": 0.9626596570014954, "length": 5.0, "mode": "test", "epoch": 85}
{"loss": 0.09299101680517197, "acc": 0.9683393836021423, "length": 5.0, "mode": "train", "epoch": 86}
{"loss": 0.10650496184825897, "acc": 0.9638116359710693, "length": 5.0, "mode": "test", "epoch": 86}
{"loss": 0.10304053872823715, "acc": 0.9648243188858032, "length": 5.0, "mode": "train", "epoch": 87}
{"loss": 0.11755239218473434, "acc": 0.9606936573982239, "length": 5.0, "mode": "test", "epoch": 87}
{"loss": 0.09570495039224625, "acc": 0.9674416780471802, "length": 5.0, "mode": "train", "epoch": 88}
{"loss": 0.10776346921920776, "acc": 0.9645128846168518, "length": 5.0, "mode": "test", "epoch": 88}
{"loss": 0.08964665234088898, "acc": 0.9694956541061401, "length": 5.0, "mode": "train", "epoch": 89}
{"loss": 0.10792325437068939, "acc": 0.9630478620529175, "length": 5.0, "mode": "test", "epoch": 89}
{"loss": 0.08725661039352417, "acc": 0.9705517888069153, "length": 5.0, "mode": "train", "epoch": 90}
{"loss": 0.10149876028299332, "acc": 0.9658400416374207, "length": 5.0, "mode": "test", "epoch": 90}
{"loss": 0.08476851880550385, "acc": 0.9715036749839783, "length": 5.0, "mode": "train", "epoch": 91}
{"loss": 0.1014610305428505, "acc": 0.9668669700622559, "length": 5.0, "mode": "test", "epoch": 91}
{"loss": 0.08465488255023956, "acc": 0.9715330004692078, "length": 5.0, "mode": "train", "epoch": 92}
{"loss": 0.0997983068227768, "acc": 0.9670672416687012, "length": 5.0, "mode": "test", "epoch": 92}
{"loss": 0.08357168734073639, "acc": 0.9717918038368225, "length": 5.0, "mode": "train", "epoch": 93}
{"loss": 0.09802982956171036, "acc": 0.9684573411941528, "length": 5.0, "mode": "test", "epoch": 93}
{"loss": 0.08408898115158081, "acc": 0.9714073538780212, "length": 4.999997615814209, "mode": "train", "epoch": 94}
{"loss": 0.10513396561145782, "acc": 0.9659780263900757, "length": 5.0, "mode": "test", "epoch": 94}
{"loss": 0.08398496359586716, "acc": 0.9716998934745789, "length": 5.0, "mode": "train", "epoch": 95}
{"loss": 0.11672472208738327, "acc": 0.9612196087837219, "length": 5.0, "mode": "test", "epoch": 95}
{"loss": 0.08658580482006073, "acc": 0.9707188010215759, "length": 5.0, "mode": "train", "epoch": 96}
{"loss": 0.10939005017280579, "acc": 0.96394944190979, "length": 5.0, "mode": "test", "epoch": 96}
{"loss": 0.08668749779462814, "acc": 0.9709733128547668, "length": 5.0, "mode": "train", "epoch": 97}
{"loss": 0.09514384716749191, "acc": 0.9700225591659546, "length": 5.0, "mode": "test", "epoch": 97}
{"loss": 0.0786963701248169, "acc": 0.9741295576095581, "length": 5.0, "mode": "train", "epoch": 98}
{"loss": 0.09448233246803284, "acc": 0.9715001583099365, "length": 5.0, "mode": "test", "epoch": 98}
{"loss": 0.08061274886131287, "acc": 0.9734366536140442, "length": 4.999998569488525, "mode": "train", "epoch": 99}
{"loss": 0.1026315838098526, "acc": 0.9671674966812134, "length": 5.0, "mode": "test", "epoch": 99}
{"loss": 0.07922053337097168, "acc": 0.9740836024284363, "length": 5.0, "mode": "train", "epoch": 100}
{"loss": 0.09985516965389252, "acc": 0.9675807952880859, "length": 5.0, "mode": "test", "epoch": 100}
test accuracy: 0.8713648915290833
