# ["--attributes=3", "--values=3", "--game_size=4", "--vocab_size_factor=3", "--n_epochs=100", "--batch_size=32", "--learning_rate=0.001", "--hidden_size=256", "--temp_update=0.97", "--temperature=2"]
Creating train_ds and val_ds...

Creating test_ds...
{"loss": 0.7164583206176758, "acc": 0.49884772300720215, "length": 3.2355613708496094, "mode": "train", "epoch": 1}
{"loss": 0.7010592222213745, "acc": 0.4933628737926483, "length": 1.0, "mode": "test", "epoch": 1}
{"loss": 0.691669762134552, "acc": 0.5444110631942749, "length": 1.4236257076263428, "mode": "train", "epoch": 2}
{"loss": 0.7056552171707153, "acc": 0.47123897075653076, "length": 1.0, "mode": "test", "epoch": 2}
{"loss": 0.6823391914367676, "acc": 0.5560548901557922, "length": 1.1733330488204956, "mode": "train", "epoch": 3}
{"loss": 0.7031396627426147, "acc": 0.49312081933021545, "length": 1.0088495016098022, "mode": "test", "epoch": 3}
{"loss": 0.639870822429657, "acc": 0.6426687836647034, "length": 2.19905686378479, "mode": "train", "epoch": 4}
{"loss": 0.6620833873748779, "acc": 0.5964584946632385, "length": 1.725663661956787, "mode": "test", "epoch": 4}
{"loss": 0.5748369097709656, "acc": 0.6954376697540283, "length": 2.362352132797241, "mode": "train", "epoch": 5}
{"loss": 0.6804038286209106, "acc": 0.6309458017349243, "length": 2.008849620819092, "mode": "test", "epoch": 5}
{"loss": 0.5504555702209473, "acc": 0.7101937532424927, "length": 2.346668243408203, "mode": "train", "epoch": 6}
{"loss": 0.6257285475730896, "acc": 0.700636088848114, "length": 2.3274335861206055, "mode": "test", "epoch": 6}
{"loss": 0.5141154527664185, "acc": 0.7434855699539185, "length": 2.4763271808624268, "mode": "train", "epoch": 7}
{"loss": 0.600003719329834, "acc": 0.7192522287368774, "length": 2.539823055267334, "mode": "test", "epoch": 7}
{"loss": 0.48395848274230957, "acc": 0.7777506113052368, "length": 2.730168342590332, "mode": "train", "epoch": 8}
{"loss": 0.550605058670044, "acc": 0.7393609881401062, "length": 3.150442361831665, "mode": "test", "epoch": 8}
{"loss": 0.444578617811203, "acc": 0.8035147786140442, "length": 2.999696731567383, "mode": "train", "epoch": 9}
{"loss": 0.5353702902793884, "acc": 0.7573366165161133, "length": 3.0973451137542725, "mode": "test", "epoch": 9}
{"loss": 0.4212423861026764, "acc": 0.8239067196846008, "length": 3.061602830886841, "mode": "train", "epoch": 10}
{"loss": 0.5274595618247986, "acc": 0.770301878452301, "length": 3.1769912242889404, "mode": "test", "epoch": 10}
{"loss": 0.39581194519996643, "acc": 0.8322566151618958, "length": 3.143914222717285, "mode": "train", "epoch": 11}
{"loss": 0.5153185129165649, "acc": 0.7740475535392761, "length": 3.2035398483276367, "mode": "test", "epoch": 11}
{"loss": 0.3724985718727112, "acc": 0.8449719548225403, "length": 3.2001829147338867, "mode": "train", "epoch": 12}
{"loss": 0.4853006601333618, "acc": 0.7745274901390076, "length": 3.2035398483276367, "mode": "test", "epoch": 12}
{"loss": 0.35588765144348145, "acc": 0.8510975241661072, "length": 3.2175867557525635, "mode": "train", "epoch": 13}
{"loss": 0.4604201316833496, "acc": 0.7942295074462891, "length": 3.2035398483276367, "mode": "test", "epoch": 13}
{"loss": 0.329541951417923, "acc": 0.8613097071647644, "length": 3.226494312286377, "mode": "train", "epoch": 14}
{"loss": 0.47560209035873413, "acc": 0.7906343340873718, "length": 3.2035398483276367, "mode": "test", "epoch": 14}
{"loss": 0.3206726014614105, "acc": 0.8695385456085205, "length": 3.230902671813965, "mode": "train", "epoch": 15}
{"loss": 0.435586154460907, "acc": 0.8041729927062988, "length": 3.2035398483276367, "mode": "test", "epoch": 15}
{"loss": 0.3068109154701233, "acc": 0.8701189160346985, "length": 3.23949933052063, "mode": "train", "epoch": 16}
{"loss": 0.4555765986442566, "acc": 0.8024058938026428, "length": 3.2566370964050293, "mode": "test", "epoch": 16}
{"loss": 0.2922838032245636, "acc": 0.8746956586837769, "length": 3.2529304027557373, "mode": "train", "epoch": 17}
{"loss": 0.42896926403045654, "acc": 0.8217014074325562, "length": 3.2831859588623047, "mode": "test", "epoch": 17}
{"loss": 0.28324079513549805, "acc": 0.8839163184165955, "length": 3.3175623416900635, "mode": "train", "epoch": 18}
{"loss": 0.4543154537677765, "acc": 0.8098829984664917, "length": 3.2566370964050293, "mode": "test", "epoch": 18}
{"loss": 0.27208375930786133, "acc": 0.8790586590766907, "length": 3.208789110183716, "mode": "train", "epoch": 19}
{"loss": 0.39874985814094543, "acc": 0.824062168598175, "length": 3.309734582901001, "mode": "test", "epoch": 19}
{"loss": 0.2592824101448059, "acc": 0.8922102451324463, "length": 3.344843626022339, "mode": "train", "epoch": 20}
{"loss": 0.41130661964416504, "acc": 0.8396587371826172, "length": 3.2831859588623047, "mode": "test", "epoch": 20}
{"loss": 0.2453642636537552, "acc": 0.8963343501091003, "length": 3.3245630264282227, "mode": "train", "epoch": 21}
{"loss": 0.3746873140335083, "acc": 0.8538603186607361, "length": 3.2123894691467285, "mode": "test", "epoch": 21}
{"loss": 0.23113983869552612, "acc": 0.9011578559875488, "length": 3.3187034130096436, "mode": "train", "epoch": 22}
{"loss": 0.39186975359916687, "acc": 0.8497750163078308, "length": 3.2920353412628174, "mode": "test", "epoch": 22}
{"loss": 0.24075917899608612, "acc": 0.9054170846939087, "length": 3.263176202774048, "mode": "train", "epoch": 23}
{"loss": 0.40019938349723816, "acc": 0.8528416156768799, "length": 3.2123894691467285, "mode": "test", "epoch": 23}
{"loss": 0.23416808247566223, "acc": 0.9018123745918274, "length": 3.2485764026641846, "mode": "train", "epoch": 24}
{"loss": 0.3668825030326843, "acc": 0.8539478778839111, "length": 3.2123894691467285, "mode": "test", "epoch": 24}
{"loss": 0.2235392928123474, "acc": 0.9038656949996948, "length": 3.3027288913726807, "mode": "train", "epoch": 25}
{"loss": 0.40007293224334717, "acc": 0.8502528071403503, "length": 3.1681416034698486, "mode": "test", "epoch": 25}
{"loss": 0.2313762903213501, "acc": 0.9077131152153015, "length": 3.27384090423584, "mode": "train", "epoch": 26}
{"loss": 0.36541295051574707, "acc": 0.8558124303817749, "length": 3.230088472366333, "mode": "test", "epoch": 26}
{"loss": 0.20701102912425995, "acc": 0.9181632399559021, "length": 3.2876527309417725, "mode": "train", "epoch": 27}
{"loss": 0.3359571695327759, "acc": 0.8794350028038025, "length": 3.2477877140045166, "mode": "test", "epoch": 27}
{"loss": 0.21355150640010834, "acc": 0.9172589182853699, "length": 3.295715093612671, "mode": "train", "epoch": 28}
{"loss": 0.3297298848628998, "acc": 0.8740096688270569, "length": 3.1327433586120605, "mode": "test", "epoch": 28}
{"loss": 0.21766595542430878, "acc": 0.9132575392723083, "length": 3.2506566047668457, "mode": "train", "epoch": 29}
{"loss": 0.33853578567504883, "acc": 0.8725029826164246, "length": 3.221238851547241, "mode": "test", "epoch": 29}
{"loss": 0.21166162192821503, "acc": 0.9201036095619202, "length": 3.313361883163452, "mode": "train", "epoch": 30}
{"loss": 0.3981500267982483, "acc": 0.8516662120819092, "length": 3.345132827758789, "mode": "test", "epoch": 30}
{"loss": 0.18947413563728333, "acc": 0.9248877763748169, "length": 3.3464243412017822, "mode": "train", "epoch": 31}
{"loss": 0.3685760200023651, "acc": 0.8535165786743164, "length": 3.115044355392456, "mode": "test", "epoch": 31}
{"loss": 0.18828602135181427, "acc": 0.9259162545204163, "length": 3.2401785850524902, "mode": "train", "epoch": 32}
{"loss": 0.3758046329021454, "acc": 0.8583644032478333, "length": 3.1769912242889404, "mode": "test", "epoch": 32}
{"loss": 0.177764430642128, "acc": 0.9320734143257141, "length": 3.286367177963257, "mode": "train", "epoch": 33}
{"loss": 0.3295266032218933, "acc": 0.8689849972724915, "length": 3.221238851547241, "mode": "test", "epoch": 33}
{"loss": 0.17329144477844238, "acc": 0.928939163684845, "length": 3.3616745471954346, "mode": "train", "epoch": 34}
{"loss": 0.3476349413394928, "acc": 0.8768014907836914, "length": 3.2035398483276367, "mode": "test", "epoch": 34}
{"loss": 0.17255164682865143, "acc": 0.9330224990844727, "length": 3.2802107334136963, "mode": "train", "epoch": 35}
{"loss": 0.3965742588043213, "acc": 0.8679764866828918, "length": 3.2566370964050293, "mode": "test", "epoch": 35}
{"loss": 0.16959793865680695, "acc": 0.9343470335006714, "length": 3.3075785636901855, "mode": "train", "epoch": 36}
{"loss": 0.3575637638568878, "acc": 0.8680151104927063, "length": 3.185840606689453, "mode": "test", "epoch": 36}
{"loss": 0.18359971046447754, "acc": 0.9293746948242188, "length": 3.307252883911133, "mode": "train", "epoch": 37}
{"loss": 0.37935858964920044, "acc": 0.8840265274047852, "length": 3.3185839653015137, "mode": "test", "epoch": 37}
{"loss": 0.16509853303432465, "acc": 0.9315659999847412, "length": 3.345233678817749, "mode": "train", "epoch": 38}
{"loss": 0.35415560007095337, "acc": 0.8764498829841614, "length": 3.2123894691467285, "mode": "test", "epoch": 38}
{"loss": 0.1749308556318283, "acc": 0.9328990578651428, "length": 3.3704185485839844, "mode": "train", "epoch": 39}
{"loss": 0.38963061571121216, "acc": 0.8740788102149963, "length": 3.345132827758789, "mode": "test", "epoch": 39}
{"loss": 0.17015492916107178, "acc": 0.9360175728797913, "length": 3.3070311546325684, "mode": "train", "epoch": 40}
{"loss": 0.32385796308517456, "acc": 0.8830158710479736, "length": 3.230088472366333, "mode": "test", "epoch": 40}
{"loss": 0.16934122145175934, "acc": 0.9312205910682678, "length": 3.3246870040893555, "mode": "train", "epoch": 41}
{"loss": 0.328855961561203, "acc": 0.8934515118598938, "length": 3.221238851547241, "mode": "test", "epoch": 41}
{"loss": 0.1542937308549881, "acc": 0.9434366226196289, "length": 3.3675999641418457, "mode": "train", "epoch": 42}
{"loss": 0.3136148154735565, "acc": 0.8890247941017151, "length": 3.3362832069396973, "mode": "test", "epoch": 42}
{"loss": 0.1498291790485382, "acc": 0.9464039206504822, "length": 3.3929367065429688, "mode": "train", "epoch": 43}
{"loss": 0.33626338839530945, "acc": 0.8912655115127563, "length": 3.2477877140045166, "mode": "test", "epoch": 43}
{"loss": 0.14816397428512573, "acc": 0.9439572691917419, "length": 3.2764573097229004, "mode": "train", "epoch": 44}
{"loss": 0.34904563426971436, "acc": 0.8849882483482361, "length": 3.185840606689453, "mode": "test", "epoch": 44}
{"loss": 0.14645503461360931, "acc": 0.949289083480835, "length": 3.246415138244629, "mode": "train", "epoch": 45}
{"loss": 0.3190596401691437, "acc": 0.8972804546356201, "length": 3.2477877140045166, "mode": "test", "epoch": 45}
{"loss": 0.15049026906490326, "acc": 0.9428490400314331, "length": 3.2649545669555664, "mode": "train", "epoch": 46}
{"loss": 0.32451990246772766, "acc": 0.8835628628730774, "length": 3.1415929794311523, "mode": "test", "epoch": 46}
{"loss": 0.14840379357337952, "acc": 0.9440625309944153, "length": 3.2688753604888916, "mode": "train", "epoch": 47}
{"loss": 0.32580074667930603, "acc": 0.8988889455795288, "length": 3.3982300758361816, "mode": "test", "epoch": 47}
{"loss": 0.13837072253227234, "acc": 0.9523217678070068, "length": 3.3643853664398193, "mode": "train", "epoch": 48}
{"loss": 0.35405778884887695, "acc": 0.8972825407981873, "length": 3.3628318309783936, "mode": "test", "epoch": 48}
{"loss": 0.17206139862537384, "acc": 0.9387072324752808, "length": 3.357135534286499, "mode": "train", "epoch": 49}
{"loss": 0.4122734069824219, "acc": 0.8833858370780945, "length": 3.3185839653015137, "mode": "test", "epoch": 49}
{"loss": 0.150548055768013, "acc": 0.9391459226608276, "length": 3.4601686000823975, "mode": "train", "epoch": 50}
{"loss": 0.34073469042778015, "acc": 0.8911657929420471, "length": 3.3362832069396973, "mode": "test", "epoch": 50}
{"loss": 0.1413218230009079, "acc": 0.9466057419776917, "length": 3.348569393157959, "mode": "train", "epoch": 51}
{"loss": 0.3428250849246979, "acc": 0.8837417960166931, "length": 3.2123894691467285, "mode": "test", "epoch": 51}
{"loss": 0.142090305685997, "acc": 0.9474250674247742, "length": 3.4076626300811768, "mode": "train", "epoch": 52}
{"loss": 0.3553260564804077, "acc": 0.8898422122001648, "length": 3.451327323913574, "mode": "test", "epoch": 52}
{"loss": 0.13764722645282745, "acc": 0.949862539768219, "length": 3.383859872817993, "mode": "train", "epoch": 53}
{"loss": 0.34154221415519714, "acc": 0.8911985158920288, "length": 3.2831859588623047, "mode": "test", "epoch": 53}
{"loss": 0.14876721799373627, "acc": 0.946689784526825, "length": 3.4549272060394287, "mode": "train", "epoch": 54}
{"loss": 0.34812864661216736, "acc": 0.8918145895004272, "length": 3.265486717224121, "mode": "test", "epoch": 54}
{"loss": 0.13575787842273712, "acc": 0.951437771320343, "length": 3.2876698970794678, "mode": "train", "epoch": 55}
{"loss": 0.34346944093704224, "acc": 0.8822065591812134, "length": 3.1327433586120605, "mode": "test", "epoch": 55}
{"loss": 0.13604457676410675, "acc": 0.9488667249679565, "length": 3.3265340328216553, "mode": "train", "epoch": 56}
{"loss": 0.32638341188430786, "acc": 0.8919223546981812, "length": 3.309734582901001, "mode": "test", "epoch": 56}
{"loss": 0.12654410302639008, "acc": 0.9546360373497009, "length": 3.44769024848938, "mode": "train", "epoch": 57}
{"loss": 0.32738927006721497, "acc": 0.8935125470161438, "length": 3.380531072616577, "mode": "test", "epoch": 57}
{"loss": 0.1354203224182129, "acc": 0.950448751449585, "length": 3.4449896812438965, "mode": "train", "epoch": 58}
{"loss": 0.3841485381126404, "acc": 0.8917962908744812, "length": 3.504424810409546, "mode": "test", "epoch": 58}
{"loss": 0.11243206262588501, "acc": 0.9587897658348083, "length": 3.514719247817993, "mode": "train", "epoch": 59}
{"loss": 0.3904373049736023, "acc": 0.8848642706871033, "length": 3.5221238136291504, "mode": "test", "epoch": 59}
{"loss": 0.10539746284484863, "acc": 0.9599380493164062, "length": 3.5411009788513184, "mode": "train", "epoch": 60}
{"loss": 0.36492276191711426, "acc": 0.8952917456626892, "length": 3.469026565551758, "mode": "test", "epoch": 60}
{"loss": 0.11793039739131927, "acc": 0.9570015668869019, "length": 3.4939076900482178, "mode": "train", "epoch": 61}
{"loss": 0.3364754617214203, "acc": 0.8957635164260864, "length": 3.1681416034698486, "mode": "test", "epoch": 61}
{"loss": 0.13233360648155212, "acc": 0.9484242796897888, "length": 3.4304404258728027, "mode": "train", "epoch": 62}
{"loss": 0.32300183176994324, "acc": 0.9025735855102539, "length": 3.3716814517974854, "mode": "test", "epoch": 62}
{"loss": 0.13129733502864838, "acc": 0.9562498331069946, "length": 3.5296671390533447, "mode": "train", "epoch": 63}
{"loss": 0.3626439571380615, "acc": 0.8958794474601746, "length": 3.460176944732666, "mode": "test", "epoch": 63}
{"loss": 0.11261309683322906, "acc": 0.9600716829299927, "length": 3.5680248737335205, "mode": "train", "epoch": 64}
{"loss": 0.3398573696613312, "acc": 0.9027687907218933, "length": 3.3274335861206055, "mode": "test", "epoch": 64}
{"loss": 0.1250002533197403, "acc": 0.954378604888916, "length": 3.3882462978363037, "mode": "train", "epoch": 65}
{"loss": 0.30689767003059387, "acc": 0.9038912057876587, "length": 3.504424810409546, "mode": "test", "epoch": 65}
{"loss": 0.1162307858467102, "acc": 0.9575429558753967, "length": 3.526975393295288, "mode": "train", "epoch": 66}
{"loss": 0.3306572139263153, "acc": 0.900462806224823, "length": 3.495575189590454, "mode": "test", "epoch": 66}
{"loss": 0.1066565215587616, "acc": 0.9608880281448364, "length": 3.5643186569213867, "mode": "train", "epoch": 67}
{"loss": 0.34380853176116943, "acc": 0.9023499488830566, "length": 3.699115037918091, "mode": "test", "epoch": 67}
{"loss": 0.10824569314718246, "acc": 0.9635043740272522, "length": 3.627195358276367, "mode": "train", "epoch": 68}
{"loss": 0.36517512798309326, "acc": 0.8935205936431885, "length": 3.3185839653015137, "mode": "test", "epoch": 68}
{"loss": 0.10293032228946686, "acc": 0.9630985260009766, "length": 3.3773193359375, "mode": "train", "epoch": 69}
{"loss": 0.34867656230926514, "acc": 0.8966846466064453, "length": 3.238938093185425, "mode": "test", "epoch": 69}
{"loss": 0.09505075961351395, "acc": 0.9655892848968506, "length": 3.4118003845214844, "mode": "train", "epoch": 70}
{"loss": 0.34553277492523193, "acc": 0.8889148831367493, "length": 3.460176944732666, "mode": "test", "epoch": 70}
{"loss": 0.10014486312866211, "acc": 0.9631782174110413, "length": 3.5084269046783447, "mode": "train", "epoch": 71}
{"loss": 0.36396393179893494, "acc": 0.8967883586883545, "length": 3.469026565551758, "mode": "test", "epoch": 71}
{"loss": 0.09206148982048035, "acc": 0.9689450263977051, "length": 3.554361343383789, "mode": "train", "epoch": 72}
{"loss": 0.34934866428375244, "acc": 0.8930367827415466, "length": 3.5663716793060303, "mode": "test", "epoch": 72}
{"loss": 0.09845099598169327, "acc": 0.9649775624275208, "length": 3.6397206783294678, "mode": "train", "epoch": 73}
{"loss": 0.3437776565551758, "acc": 0.906638503074646, "length": 3.5575220584869385, "mode": "test", "epoch": 73}
{"loss": 0.10387307405471802, "acc": 0.9683794975280762, "length": 3.581653118133545, "mode": "train", "epoch": 74}
{"loss": 0.37021371722221375, "acc": 0.9081858396530151, "length": 3.5929203033447266, "mode": "test", "epoch": 74}
{"loss": 0.09040424972772598, "acc": 0.9670299291610718, "length": 3.653689384460449, "mode": "train", "epoch": 75}
{"loss": 0.37430834770202637, "acc": 0.9026244878768921, "length": 3.619468927383423, "mode": "test", "epoch": 75}
{"loss": 0.09358557313680649, "acc": 0.968296229839325, "length": 3.60632061958313, "mode": "train", "epoch": 76}
{"loss": 0.39694881439208984, "acc": 0.8981283903121948, "length": 3.469026565551758, "mode": "test", "epoch": 76}
{"loss": 0.09089817851781845, "acc": 0.9692283272743225, "length": 3.601717710494995, "mode": "train", "epoch": 77}
{"loss": 0.34009692072868347, "acc": 0.9029740691184998, "length": 3.699115037918091, "mode": "test", "epoch": 77}
{"loss": 0.06962230056524277, "acc": 0.9760503768920898, "length": 3.739454507827759, "mode": "train", "epoch": 78}
{"loss": 0.339594304561615, "acc": 0.9041229486465454, "length": 3.7168140411376953, "mode": "test", "epoch": 78}
{"loss": 0.07371710240840912, "acc": 0.9737547039985657, "length": 3.747042655944824, "mode": "train", "epoch": 79}
{"loss": 0.3543623387813568, "acc": 0.9066343307495117, "length": 3.725663661956787, "mode": "test", "epoch": 79}
{"loss": 0.07603785395622253, "acc": 0.9744648933410645, "length": 3.7287423610687256, "mode": "train", "epoch": 80}
{"loss": 0.34354209899902344, "acc": 0.9060812592506409, "length": 3.7079646587371826, "mode": "test", "epoch": 80}
{"loss": 0.08941618353128433, "acc": 0.9724812507629395, "length": 3.750941276550293, "mode": "train", "epoch": 81}
{"loss": 0.36078646779060364, "acc": 0.8996698260307312, "length": 3.6460177898406982, "mode": "test", "epoch": 81}
{"loss": 0.09112853556871414, "acc": 0.9655020833015442, "length": 3.6931793689727783, "mode": "train", "epoch": 82}
{"loss": 0.43875065445899963, "acc": 0.8883475065231323, "length": 3.7168140411376953, "mode": "test", "epoch": 82}
{"loss": 0.09888835996389389, "acc": 0.9662901163101196, "length": 3.778916120529175, "mode": "train", "epoch": 83}
{"loss": 0.34525302052497864, "acc": 0.9031897187232971, "length": 3.654867172241211, "mode": "test", "epoch": 83}
{"loss": 0.07601875066757202, "acc": 0.9744055271148682, "length": 3.7750561237335205, "mode": "train", "epoch": 84}
{"loss": 0.37682288885116577, "acc": 0.906136155128479, "length": 3.7168140411376953, "mode": "test", "epoch": 84}
{"loss": 0.06828844547271729, "acc": 0.9745840430259705, "length": 3.8361525535583496, "mode": "train", "epoch": 85}
{"loss": 0.399754136800766, "acc": 0.9017682075500488, "length": 3.7522122859954834, "mode": "test", "epoch": 85}
{"loss": 0.07249806821346283, "acc": 0.9762662649154663, "length": 3.854590654373169, "mode": "train", "epoch": 86}
{"loss": 0.3948217034339905, "acc": 0.8958855271339417, "length": 3.929203510284424, "mode": "test", "epoch": 86}
{"loss": 0.06785507500171661, "acc": 0.979663074016571, "length": 3.936833143234253, "mode": "train", "epoch": 87}
{"loss": 0.3577549457550049, "acc": 0.9121612310409546, "length": 3.95575213432312, "mode": "test", "epoch": 87}
{"loss": 0.06568697839975357, "acc": 0.978774905204773, "length": 3.9508392810821533, "mode": "train", "epoch": 88}
{"loss": 0.42518705129623413, "acc": 0.8993362784385681, "length": 4.0, "mode": "test", "epoch": 88}
{"loss": 0.05533730238676071, "acc": 0.9812394380569458, "length": 3.9806127548217773, "mode": "train", "epoch": 89}
{"loss": 0.41438597440719604, "acc": 0.9048672318458557, "length": 4.0, "mode": "test", "epoch": 89}
{"loss": 0.08089403063058853, "acc": 0.9744628667831421, "length": 3.987055540084839, "mode": "train", "epoch": 90}
{"loss": 0.3751819133758545, "acc": 0.8993362784385681, "length": 3.9823009967803955, "mode": "test", "epoch": 90}
{"loss": 0.07438822090625763, "acc": 0.9755395650863647, "length": 3.975698947906494, "mode": "train", "epoch": 91}
{"loss": 0.4150961935520172, "acc": 0.9024474620819092, "length": 3.95575213432312, "mode": "test", "epoch": 91}
{"loss": 0.05547475814819336, "acc": 0.9819908142089844, "length": 3.9885613918304443, "mode": "train", "epoch": 92}
{"loss": 0.37613147497177124, "acc": 0.9136821627616882, "length": 3.991150379180908, "mode": "test", "epoch": 92}
{"loss": 0.0536406934261322, "acc": 0.9814258813858032, "length": 3.971024513244629, "mode": "train", "epoch": 93}
{"loss": 0.2998124361038208, "acc": 0.9127488136291504, "length": 3.9380531311035156, "mode": "test", "epoch": 93}
{"loss": 0.041573066264390945, "acc": 0.9851015210151672, "length": 3.970320224761963, "mode": "train", "epoch": 94}
{"loss": 0.42688584327697754, "acc": 0.9035882353782654, "length": 3.9469027519226074, "mode": "test", "epoch": 94}
{"loss": 0.11047884821891785, "acc": 0.9674436450004578, "length": 3.9585347175598145, "mode": "train", "epoch": 95}
{"loss": 0.45385563373565674, "acc": 0.8975387215614319, "length": 3.9026548862457275, "mode": "test", "epoch": 95}
{"loss": 0.07566287368535995, "acc": 0.9774858355522156, "length": 3.9351115226745605, "mode": "train", "epoch": 96}
{"loss": 0.43733713030815125, "acc": 0.9065611958503723, "length": 3.920353889465332, "mode": "test", "epoch": 96}
{"loss": 0.06538502126932144, "acc": 0.9782078266143799, "length": 3.9509313106536865, "mode": "train", "epoch": 97}
{"loss": 0.41224515438079834, "acc": 0.8961559534072876, "length": 3.920353889465332, "mode": "test", "epoch": 97}
{"loss": 0.053775183856487274, "acc": 0.977899968624115, "length": 3.951885461807251, "mode": "train", "epoch": 98}
{"loss": 0.37959468364715576, "acc": 0.9111241102218628, "length": 3.9380531311035156, "mode": "test", "epoch": 98}
{"loss": 0.05064095929265022, "acc": 0.9802247285842896, "length": 3.955632448196411, "mode": "train", "epoch": 99}
{"loss": 0.3492978811264038, "acc": 0.9090154767036438, "length": 3.9380531311035156, "mode": "test", "epoch": 99}
{"loss": 0.04715985804796219, "acc": 0.9837996363639832, "length": 3.959458351135254, "mode": "train", "epoch": 100}
{"loss": 0.4119147062301636, "acc": 0.9003387689590454, "length": 3.9380531311035156, "mode": "test", "epoch": 100}
test accuracy: 0.8349609375
