# ["--attributes=4", "--values=4", "--game_size=10", "--vocab_size_factor=3", "--n_epochs=100", "--batch_size=64", "--learning_rate=0.0005", "--hidden_size=256", "--temp_update=0.99", "--temperature=2"]
Creating train_ds and val_ds...

Creating test_ds...
{"loss": 0.5894714593887329, "acc": 0.6653757095336914, "length": 3.117637872695923, "mode": "train", "epoch": 1}
{"loss": 0.5971588492393494, "acc": 0.6789090633392334, "length": 4.129202365875244, "mode": "test", "epoch": 1}
{"loss": 0.4021803140640259, "acc": 0.815500020980835, "length": 4.83462381362915, "mode": "train", "epoch": 2}
{"loss": 0.40836164355278015, "acc": 0.8191670775413513, "length": 5.0, "mode": "test", "epoch": 2}
{"loss": 0.3282566964626312, "acc": 0.856809675693512, "length": 4.987277507781982, "mode": "train", "epoch": 3}
{"loss": 0.3658766746520996, "acc": 0.8495233058929443, "length": 5.0, "mode": "test", "epoch": 3}
{"loss": 0.2884373366832733, "acc": 0.8742600083351135, "length": 4.992680072784424, "mode": "train", "epoch": 4}
{"loss": 0.33526912331581116, "acc": 0.8508279323577881, "length": 5.0, "mode": "test", "epoch": 4}
{"loss": 0.2675039768218994, "acc": 0.8821935057640076, "length": 4.9955220222473145, "mode": "train", "epoch": 5}
{"loss": 0.29569512605667114, "acc": 0.861741304397583, "length": 5.0, "mode": "test", "epoch": 5}
{"loss": 0.25244778394699097, "acc": 0.8899542093276978, "length": 4.996829509735107, "mode": "train", "epoch": 6}
{"loss": 0.30060213804244995, "acc": 0.8566108345985413, "length": 5.0, "mode": "test", "epoch": 6}
{"loss": 0.23219117522239685, "acc": 0.9018896818161011, "length": 4.997568607330322, "mode": "train", "epoch": 7}
{"loss": 0.2732009291648865, "acc": 0.8852232098579407, "length": 5.0, "mode": "test", "epoch": 7}
{"loss": 0.20646606385707855, "acc": 0.9164389371871948, "length": 4.998084545135498, "mode": "train", "epoch": 8}
{"loss": 0.24081791937351227, "acc": 0.9016181826591492, "length": 5.0, "mode": "test", "epoch": 8}
{"loss": 0.19058029353618622, "acc": 0.9250310063362122, "length": 4.998584270477295, "mode": "train", "epoch": 9}
{"loss": 0.24851574003696442, "acc": 0.8978675007820129, "length": 5.0, "mode": "test", "epoch": 9}
{"loss": 0.17667417228221893, "acc": 0.9310103058815002, "length": 4.999013900756836, "mode": "train", "epoch": 10}
{"loss": 0.2148762047290802, "acc": 0.9130706191062927, "length": 5.0, "mode": "test", "epoch": 10}
{"loss": 0.167101189494133, "acc": 0.9347538948059082, "length": 4.999120235443115, "mode": "train", "epoch": 11}
{"loss": 0.21971727907657623, "acc": 0.9098971486091614, "length": 5.0, "mode": "test", "epoch": 11}
{"loss": 0.15921549499034882, "acc": 0.9390653371810913, "length": 4.999342441558838, "mode": "train", "epoch": 12}
{"loss": 0.20968097448349, "acc": 0.9187656044960022, "length": 5.0, "mode": "test", "epoch": 12}
{"loss": 0.14949044585227966, "acc": 0.9423822164535522, "length": 4.999469757080078, "mode": "train", "epoch": 13}
{"loss": 0.2010781317949295, "acc": 0.9168590307235718, "length": 5.0, "mode": "test", "epoch": 13}
{"loss": 0.14304399490356445, "acc": 0.9456039667129517, "length": 4.9995036125183105, "mode": "train", "epoch": 14}
{"loss": 0.2006208300590515, "acc": 0.9164074063301086, "length": 5.0, "mode": "test", "epoch": 14}
{"loss": 0.14299757778644562, "acc": 0.9444463849067688, "length": 4.9996161460876465, "mode": "train", "epoch": 15}
{"loss": 0.1959705799818039, "acc": 0.9210361838340759, "length": 5.0, "mode": "test", "epoch": 15}
{"loss": 0.13524751365184784, "acc": 0.9481623768806458, "length": 4.999668598175049, "mode": "train", "epoch": 16}
{"loss": 0.19406336545944214, "acc": 0.9191545844078064, "length": 5.0, "mode": "test", "epoch": 16}
{"loss": 0.13212193548679352, "acc": 0.949539303779602, "length": 4.999707221984863, "mode": "train", "epoch": 17}
{"loss": 0.18863409757614136, "acc": 0.9251128435134888, "length": 5.0, "mode": "test", "epoch": 17}
{"loss": 0.12761159241199493, "acc": 0.9513596892356873, "length": 4.999731540679932, "mode": "train", "epoch": 18}
{"loss": 0.17682738602161407, "acc": 0.9316105842590332, "length": 5.0, "mode": "test", "epoch": 18}
{"loss": 0.12248000502586365, "acc": 0.9535026550292969, "length": 4.999767780303955, "mode": "train", "epoch": 19}
{"loss": 0.16919821500778198, "acc": 0.9360888600349426, "length": 5.0, "mode": "test", "epoch": 19}
{"loss": 0.11723785102367401, "acc": 0.9559041261672974, "length": 4.999788761138916, "mode": "train", "epoch": 20}
{"loss": 0.16958896815776825, "acc": 0.9381461143493652, "length": 5.0, "mode": "test", "epoch": 20}
{"loss": 0.11744960397481918, "acc": 0.9563782215118408, "length": 4.99981689453125, "mode": "train", "epoch": 21}
{"loss": 0.16489146649837494, "acc": 0.9376064538955688, "length": 5.0, "mode": "test", "epoch": 21}
{"loss": 0.10852678120136261, "acc": 0.9600804448127747, "length": 4.999836444854736, "mode": "train", "epoch": 22}
{"loss": 0.16500981152057648, "acc": 0.9390993714332581, "length": 5.0, "mode": "test", "epoch": 22}
{"loss": 0.10839693993330002, "acc": 0.9603959321975708, "length": 4.999877452850342, "mode": "train", "epoch": 23}
{"loss": 0.15799102187156677, "acc": 0.9399648308753967, "length": 5.0, "mode": "test", "epoch": 23}
{"loss": 0.0937347561120987, "acc": 0.9669913649559021, "length": 4.999869346618652, "mode": "train", "epoch": 24}
{"loss": 0.15172366797924042, "acc": 0.9458228945732117, "length": 5.0, "mode": "test", "epoch": 24}
{"loss": 0.08747289329767227, "acc": 0.9693720936775208, "length": 4.999885082244873, "mode": "train", "epoch": 25}
{"loss": 0.16207937896251678, "acc": 0.9408556222915649, "length": 5.0, "mode": "test", "epoch": 25}
{"loss": 0.08544286340475082, "acc": 0.9705770611763, "length": 4.999894618988037, "mode": "train", "epoch": 26}
{"loss": 0.1438068151473999, "acc": 0.9469392895698547, "length": 5.0, "mode": "test", "epoch": 26}
{"loss": 0.08251494914293289, "acc": 0.9715064764022827, "length": 4.999911785125732, "mode": "train", "epoch": 27}
{"loss": 0.1371748149394989, "acc": 0.9520822763442993, "length": 5.0, "mode": "test", "epoch": 27}
{"loss": 0.07616399228572845, "acc": 0.9739970564842224, "length": 4.999942779541016, "mode": "train", "epoch": 28}
{"loss": 0.1400119811296463, "acc": 0.9517184495925903, "length": 5.0, "mode": "test", "epoch": 28}
{"loss": 0.07122939825057983, "acc": 0.9759381413459778, "length": 4.999950408935547, "mode": "train", "epoch": 29}
{"loss": 0.12638816237449646, "acc": 0.9565354585647583, "length": 5.0, "mode": "test", "epoch": 29}
{"loss": 0.06826329231262207, "acc": 0.9769459962844849, "length": 4.999945163726807, "mode": "train", "epoch": 30}
{"loss": 0.1329995095729828, "acc": 0.9532740712165833, "length": 5.0, "mode": "test", "epoch": 30}
{"loss": 0.07167807966470718, "acc": 0.9757129549980164, "length": 4.999959945678711, "mode": "train", "epoch": 31}
{"loss": 0.1216120645403862, "acc": 0.9578524827957153, "length": 5.0, "mode": "test", "epoch": 31}
{"loss": 0.0693628117442131, "acc": 0.9764198660850525, "length": 4.999960899353027, "mode": "train", "epoch": 32}
{"loss": 0.12191946804523468, "acc": 0.9570621252059937, "length": 5.0, "mode": "test", "epoch": 32}
{"loss": 0.06022612005472183, "acc": 0.9797120094299316, "length": 4.999969959259033, "mode": "train", "epoch": 33}
{"loss": 0.12577304244041443, "acc": 0.954214870929718, "length": 5.0, "mode": "test", "epoch": 33}
{"loss": 0.06584955751895905, "acc": 0.9773990511894226, "length": 4.999969959259033, "mode": "train", "epoch": 34}
{"loss": 0.14198854565620422, "acc": 0.9507400393486023, "length": 5.0, "mode": "test", "epoch": 34}
{"loss": 0.05522986501455307, "acc": 0.9813979864120483, "length": 4.999975204467773, "mode": "train", "epoch": 35}
{"loss": 0.11693095415830612, "acc": 0.9599096179008484, "length": 5.0, "mode": "test", "epoch": 35}
{"loss": 0.049627408385276794, "acc": 0.9832844138145447, "length": 4.999976634979248, "mode": "train", "epoch": 36}
{"loss": 0.10459037125110626, "acc": 0.9655542969703674, "length": 5.0, "mode": "test", "epoch": 36}
{"loss": 0.04473450779914856, "acc": 0.9857523441314697, "length": 4.999977111816406, "mode": "train", "epoch": 37}
{"loss": 0.1045648455619812, "acc": 0.964550793170929, "length": 5.0, "mode": "test", "epoch": 37}
{"loss": 0.04041597992181778, "acc": 0.9870573282241821, "length": 4.999977111816406, "mode": "train", "epoch": 38}
{"loss": 0.10573851317167282, "acc": 0.9660812616348267, "length": 5.0, "mode": "test", "epoch": 38}
{"loss": 0.05157351493835449, "acc": 0.982381284236908, "length": 4.999980449676514, "mode": "train", "epoch": 39}
{"loss": 0.1173073798418045, "acc": 0.961327075958252, "length": 5.0, "mode": "test", "epoch": 39}
{"loss": 0.03980262950062752, "acc": 0.9870036244392395, "length": 4.999989032745361, "mode": "train", "epoch": 40}
{"loss": 0.10220074653625488, "acc": 0.9644253253936768, "length": 5.0, "mode": "test", "epoch": 40}
{"loss": 0.03949056193232536, "acc": 0.9872381687164307, "length": 4.999992847442627, "mode": "train", "epoch": 41}
{"loss": 0.09387427568435669, "acc": 0.9689412713050842, "length": 5.0, "mode": "test", "epoch": 41}
{"loss": 0.03560502827167511, "acc": 0.9886725544929504, "length": 4.999990940093994, "mode": "train", "epoch": 42}
{"loss": 0.11028958857059479, "acc": 0.9642624855041504, "length": 5.0, "mode": "test", "epoch": 42}
{"loss": 0.037761203944683075, "acc": 0.9879868030548096, "length": 4.999993324279785, "mode": "train", "epoch": 43}
{"loss": 0.07981923222541809, "acc": 0.9738711714744568, "length": 5.0, "mode": "test", "epoch": 43}
{"loss": 0.030434494838118553, "acc": 0.9903586506843567, "length": 4.999995231628418, "mode": "train", "epoch": 44}
{"loss": 0.08906393498182297, "acc": 0.9708477854728699, "length": 5.0, "mode": "test", "epoch": 44}
{"loss": 0.030691130086779594, "acc": 0.9900153279304504, "length": 4.999993324279785, "mode": "train", "epoch": 45}
{"loss": 0.08476390689611435, "acc": 0.9740842580795288, "length": 5.0, "mode": "test", "epoch": 45}
{"loss": 0.026730814948678017, "acc": 0.9915924668312073, "length": 4.999995708465576, "mode": "train", "epoch": 46}
{"loss": 0.09425369650125504, "acc": 0.9707349538803101, "length": 5.0, "mode": "test", "epoch": 46}
{"loss": 0.030342016369104385, "acc": 0.9903712272644043, "length": 4.999996662139893, "mode": "train", "epoch": 47}
{"loss": 0.09819430857896805, "acc": 0.9689412117004395, "length": 5.0, "mode": "test", "epoch": 47}
{"loss": 0.044110722839832306, "acc": 0.9854899644851685, "length": 4.999996662139893, "mode": "train", "epoch": 48}
{"loss": 0.08934790641069412, "acc": 0.9718012809753418, "length": 5.0, "mode": "test", "epoch": 48}
{"loss": 0.029683278873562813, "acc": 0.9899989366531372, "length": 4.999997615814209, "mode": "train", "epoch": 49}
{"loss": 0.07748543471097946, "acc": 0.9767434597015381, "length": 5.0, "mode": "test", "epoch": 49}
{"loss": 0.02373398281633854, "acc": 0.9929392337799072, "length": 4.999996185302734, "mode": "train", "epoch": 50}
{"loss": 0.07891324162483215, "acc": 0.9750251770019531, "length": 5.0, "mode": "test", "epoch": 50}
{"loss": 0.030996866524219513, "acc": 0.9904047250747681, "length": 4.999997615814209, "mode": "train", "epoch": 51}
{"loss": 0.0782753974199295, "acc": 0.9760159254074097, "length": 5.0, "mode": "test", "epoch": 51}
{"loss": 0.029483428224921227, "acc": 0.9904047250747681, "length": 4.999997615814209, "mode": "train", "epoch": 52}
{"loss": 0.09892682731151581, "acc": 0.9686779975891113, "length": 5.0, "mode": "test", "epoch": 52}
{"loss": 0.028487203642725945, "acc": 0.9908481240272522, "length": 4.999998092651367, "mode": "train", "epoch": 53}
{"loss": 0.056341513991355896, "acc": 0.9822503328323364, "length": 5.0, "mode": "test", "epoch": 53}
{"loss": 0.023672819137573242, "acc": 0.992830753326416, "length": 4.999999046325684, "mode": "train", "epoch": 54}
{"loss": 0.07193626463413239, "acc": 0.9769442081451416, "length": 5.0, "mode": "test", "epoch": 54}
{"loss": 0.022299224510788918, "acc": 0.9934539794921875, "length": 4.999998569488525, "mode": "train", "epoch": 55}
{"loss": 0.05652780085802078, "acc": 0.9829027056694031, "length": 5.0, "mode": "test", "epoch": 55}
{"loss": 0.023052655160427094, "acc": 0.9931111335754395, "length": 4.999999523162842, "mode": "train", "epoch": 56}
{"loss": 0.07367429882287979, "acc": 0.9774085283279419, "length": 5.0, "mode": "test", "epoch": 56}
{"loss": 0.022805282846093178, "acc": 0.9931026101112366, "length": 4.999999523162842, "mode": "train", "epoch": 57}
{"loss": 0.05440419167280197, "acc": 0.9832789301872253, "length": 5.0, "mode": "test", "epoch": 57}
{"loss": 0.021888531744480133, "acc": 0.9933829307556152, "length": 5.0, "mode": "train", "epoch": 58}
{"loss": 0.060033999383449554, "acc": 0.9820748567581177, "length": 5.0, "mode": "test", "epoch": 58}
{"loss": 0.022638441994786263, "acc": 0.9931777715682983, "length": 4.999998092651367, "mode": "train", "epoch": 59}
{"loss": 0.0698017105460167, "acc": 0.9800176620483398, "length": 5.0, "mode": "test", "epoch": 59}
{"loss": 0.01684190332889557, "acc": 0.9950559139251709, "length": 5.0, "mode": "train", "epoch": 60}
{"loss": 0.0556165911257267, "acc": 0.9841821193695068, "length": 5.0, "mode": "test", "epoch": 60}
{"loss": 0.018464790657162666, "acc": 0.9942404627799988, "length": 5.0, "mode": "train", "epoch": 61}
{"loss": 0.05904683098196983, "acc": 0.9819620251655579, "length": 5.0, "mode": "test", "epoch": 61}
{"loss": 0.0188206285238266, "acc": 0.9945124387741089, "length": 5.0, "mode": "train", "epoch": 62}
{"loss": 0.04803881421685219, "acc": 0.9854992628097534, "length": 5.0, "mode": "test", "epoch": 62}
{"loss": 0.015602733939886093, "acc": 0.9953070282936096, "length": 4.999998569488525, "mode": "train", "epoch": 63}
{"loss": 0.052330244332551956, "acc": 0.985148012638092, "length": 5.0, "mode": "test", "epoch": 63}
{"loss": 0.02547820843756199, "acc": 0.9921323657035828, "length": 5.0, "mode": "train", "epoch": 64}
{"loss": 0.06850243359804153, "acc": 0.9808078408241272, "length": 5.0, "mode": "test", "epoch": 64}
{"loss": 0.021425003185868263, "acc": 0.9931737184524536, "length": 5.0, "mode": "train", "epoch": 65}
{"loss": 0.05510145053267479, "acc": 0.9825765490531921, "length": 5.0, "mode": "test", "epoch": 65}
{"loss": 0.015653885900974274, "acc": 0.9954659342765808, "length": 5.0, "mode": "train", "epoch": 66}
{"loss": 0.04019554704427719, "acc": 0.9894756078720093, "length": 5.0, "mode": "test", "epoch": 66}
{"loss": 0.01069930661469698, "acc": 0.9970554709434509, "length": 5.0, "mode": "train", "epoch": 67}
{"loss": 0.05079039931297302, "acc": 0.986690878868103, "length": 5.0, "mode": "test", "epoch": 67}
{"loss": 0.014546375721693039, "acc": 0.9963024854660034, "length": 5.0, "mode": "train", "epoch": 68}
{"loss": 0.0536971315741539, "acc": 0.9851229786872864, "length": 5.0, "mode": "test", "epoch": 68}
{"loss": 0.014097391627728939, "acc": 0.9958382844924927, "length": 5.0, "mode": "train", "epoch": 69}
{"loss": 0.049685098230838776, "acc": 0.9869794845581055, "length": 5.0, "mode": "test", "epoch": 69}
{"loss": 0.013685905374586582, "acc": 0.9959888458251953, "length": 5.0, "mode": "train", "epoch": 70}
{"loss": 0.04153904691338539, "acc": 0.9887356162071228, "length": 5.0, "mode": "test", "epoch": 70}
{"loss": 0.012445110827684402, "acc": 0.9965535998344421, "length": 5.0, "mode": "train", "epoch": 71}
{"loss": 0.04555263742804527, "acc": 0.9886477589607239, "length": 5.0, "mode": "test", "epoch": 71}
{"loss": 0.012791539542376995, "acc": 0.9965451955795288, "length": 5.0, "mode": "train", "epoch": 72}
{"loss": 0.057294029742479324, "acc": 0.9854867458343506, "length": 5.0, "mode": "test", "epoch": 72}
{"loss": 0.01893346756696701, "acc": 0.9943075180053711, "length": 5.0, "mode": "train", "epoch": 73}
{"loss": 0.06129344925284386, "acc": 0.9827144145965576, "length": 5.0, "mode": "test", "epoch": 73}
{"loss": 0.02020866610109806, "acc": 0.993859589099884, "length": 5.0, "mode": "train", "epoch": 74}
{"loss": 0.0496588759124279, "acc": 0.9856371879577637, "length": 5.0, "mode": "test", "epoch": 74}
{"loss": 0.030788738280534744, "acc": 0.9904174208641052, "length": 5.0, "mode": "train", "epoch": 75}
{"loss": 0.052493106573820114, "acc": 0.9862143397331238, "length": 5.0, "mode": "test", "epoch": 75}
{"loss": 0.018697647377848625, "acc": 0.9947172999382019, "length": 5.0, "mode": "train", "epoch": 76}
{"loss": 0.04420408234000206, "acc": 0.9874810576438904, "length": 5.0, "mode": "test", "epoch": 76}
{"loss": 0.016575178131461143, "acc": 0.9950644373893738, "length": 5.0, "mode": "train", "epoch": 77}
{"loss": 0.043143756687641144, "acc": 0.9880832433700562, "length": 5.0, "mode": "test", "epoch": 77}
{"loss": 0.012470407411456108, "acc": 0.996515691280365, "length": 5.0, "mode": "train", "epoch": 78}
{"loss": 0.03557291999459267, "acc": 0.9909182786941528, "length": 5.0, "mode": "test", "epoch": 78}
{"loss": 0.012421119958162308, "acc": 0.9965282678604126, "length": 5.0, "mode": "train", "epoch": 79}
{"loss": 0.040564242750406265, "acc": 0.9890742897987366, "length": 5.0, "mode": "test", "epoch": 79}
{"loss": 0.012030079960823059, "acc": 0.9966747760772705, "length": 5.0, "mode": "train", "epoch": 80}
{"loss": 0.04325319081544876, "acc": 0.9892498850822449, "length": 5.0, "mode": "test", "epoch": 80}
{"loss": 0.014132481999695301, "acc": 0.9959009289741516, "length": 5.0, "mode": "train", "epoch": 81}
{"loss": 0.05142576992511749, "acc": 0.987255334854126, "length": 5.0, "mode": "test", "epoch": 81}
{"loss": 0.022461798042058945, "acc": 0.9932323694229126, "length": 5.0, "mode": "train", "epoch": 82}
{"loss": 0.0719820037484169, "acc": 0.9817360639572144, "length": 5.0, "mode": "test", "epoch": 82}
{"loss": 0.04220814257860184, "acc": 0.9877069592475891, "length": 5.0, "mode": "train", "epoch": 83}
{"loss": 0.06609060615301132, "acc": 0.9823130965232849, "length": 5.0, "mode": "test", "epoch": 83}
{"loss": 0.03114534169435501, "acc": 0.9905053377151489, "length": 5.0, "mode": "train", "epoch": 84}
{"loss": 0.06100340560078621, "acc": 0.9813346266746521, "length": 5.0, "mode": "test", "epoch": 84}
{"loss": 0.018373148515820503, "acc": 0.9945165514945984, "length": 5.0, "mode": "train", "epoch": 85}
{"loss": 0.04672114551067352, "acc": 0.9866281151771545, "length": 5.0, "mode": "test", "epoch": 85}
{"loss": 0.021395254880189896, "acc": 0.9933454394340515, "length": 5.0, "mode": "train", "epoch": 86}
{"loss": 0.04841873422265053, "acc": 0.9856371879577637, "length": 5.0, "mode": "test", "epoch": 86}
{"loss": 0.016991140320897102, "acc": 0.9949933290481567, "length": 5.0, "mode": "train", "epoch": 87}
{"loss": 0.04341166093945503, "acc": 0.9877948760986328, "length": 5.0, "mode": "test", "epoch": 87}
{"loss": 0.019311631098389626, "acc": 0.9939895868301392, "length": 5.0, "mode": "train", "epoch": 88}
{"loss": 0.0465177446603775, "acc": 0.9885851740837097, "length": 5.0, "mode": "test", "epoch": 88}
{"loss": 0.011972668580710888, "acc": 0.9965283870697021, "length": 5.0, "mode": "train", "epoch": 89}
{"loss": 0.03145254775881767, "acc": 0.9923105835914612, "length": 5.0, "mode": "test", "epoch": 89}
{"loss": 0.010881125926971436, "acc": 0.9969549775123596, "length": 5.0, "mode": "train", "epoch": 90}
{"loss": 0.03285461664199829, "acc": 0.9921222925186157, "length": 5.0, "mode": "test", "epoch": 90}
{"loss": 0.014255426824092865, "acc": 0.9958591461181641, "length": 5.0, "mode": "train", "epoch": 91}
{"loss": 0.040609605610370636, "acc": 0.9887605905532837, "length": 5.0, "mode": "test", "epoch": 91}
{"loss": 0.011668183840811253, "acc": 0.9969633221626282, "length": 5.0, "mode": "train", "epoch": 92}
{"loss": 0.02990030124783516, "acc": 0.9919344186782837, "length": 5.0, "mode": "test", "epoch": 92}
{"loss": 0.01166281197220087, "acc": 0.996632993221283, "length": 5.0, "mode": "train", "epoch": 93}
{"loss": 0.0313994325697422, "acc": 0.9916332364082336, "length": 5.0, "mode": "test", "epoch": 93}
{"loss": 0.019512604922056198, "acc": 0.994403600692749, "length": 5.0, "mode": "train", "epoch": 94}
{"loss": 0.04530242457985878, "acc": 0.9883217215538025, "length": 5.0, "mode": "test", "epoch": 94}
{"loss": 0.017299219965934753, "acc": 0.994507908821106, "length": 5.0, "mode": "train", "epoch": 95}
{"loss": 0.04203726351261139, "acc": 0.9909182786941528, "length": 5.0, "mode": "test", "epoch": 95}
{"loss": 0.012347382493317127, "acc": 0.9967082738876343, "length": 5.0, "mode": "train", "epoch": 96}
{"loss": 0.032522644847631454, "acc": 0.9927873015403748, "length": 5.0, "mode": "test", "epoch": 96}
{"loss": 0.010748181492090225, "acc": 0.9970971941947937, "length": 5.0, "mode": "train", "epoch": 97}
{"loss": 0.029279202222824097, "acc": 0.9932513236999512, "length": 5.0, "mode": "test", "epoch": 97}
{"loss": 0.011854876764118671, "acc": 0.9963862299919128, "length": 5.0, "mode": "train", "epoch": 98}
{"loss": 0.03729879856109619, "acc": 0.9898267984390259, "length": 5.0, "mode": "test", "epoch": 98}
{"loss": 0.02213565818965435, "acc": 0.9940021634101868, "length": 5.0, "mode": "train", "epoch": 99}
{"loss": 0.0650060698390007, "acc": 0.9826015830039978, "length": 5.0, "mode": "test", "epoch": 99}
{"loss": 0.021795053035020828, "acc": 0.9939098954200745, "length": 5.0, "mode": "train", "epoch": 100}
{"loss": 0.039115577936172485, "acc": 0.9898895621299744, "length": 5.0, "mode": "test", "epoch": 100}
test accuracy: 0.9396551847457886
