# ["--attributes=3", "--values=3", "--game_size=4", "--vocab_size_factor=3", "--n_epochs=100", "--batch_size=32", "--learning_rate=0.0005", "--hidden_size=128", "--temp_update=0.99", "--temperature=1.5"]
Creating train_ds and val_ds...

Creating test_ds...
{"loss": 0.6965986490249634, "acc": 0.5196639895439148, "length": 3.5454249382019043, "mode": "train", "epoch": 1}
{"loss": 0.6811690330505371, "acc": 0.6069684624671936, "length": 2.044642925262451, "mode": "test", "epoch": 1}
{"loss": 0.6887524724006653, "acc": 0.5209679007530212, "length": 3.508631706237793, "mode": "train", "epoch": 2}
{"loss": 0.6913528442382812, "acc": 0.5106724500656128, "length": 1.1428571939468384, "mode": "test", "epoch": 2}
{"loss": 0.6894659399986267, "acc": 0.5288864374160767, "length": 3.4215171337127686, "mode": "train", "epoch": 3}
{"loss": 0.6906384825706482, "acc": 0.5305873155593872, "length": 1.1339285373687744, "mode": "test", "epoch": 3}
{"loss": 0.6877059936523438, "acc": 0.5489628911018372, "length": 3.2405660152435303, "mode": "train", "epoch": 4}
{"loss": 0.6875700354576111, "acc": 0.5487583875656128, "length": 1.2321428060531616, "mode": "test", "epoch": 4}
{"loss": 0.6827437281608582, "acc": 0.5641793608665466, "length": 2.902773857116699, "mode": "train", "epoch": 5}
{"loss": 0.6711085438728333, "acc": 0.6119210124015808, "length": 1.8839285373687744, "mode": "test", "epoch": 5}
{"loss": 0.6672022938728333, "acc": 0.6144816875457764, "length": 2.964106559753418, "mode": "train", "epoch": 6}
{"loss": 0.644659161567688, "acc": 0.698974609375, "length": 2.9017856121063232, "mode": "test", "epoch": 6}
{"loss": 0.6351959109306335, "acc": 0.6873356699943542, "length": 3.1823513507843018, "mode": "train", "epoch": 7}
{"loss": 0.6062798500061035, "acc": 0.7333287000656128, "length": 3.4107143878936768, "mode": "test", "epoch": 7}
{"loss": 0.5905930995941162, "acc": 0.7371633648872375, "length": 3.3460652828216553, "mode": "train", "epoch": 8}
{"loss": 0.5543959140777588, "acc": 0.771484375, "length": 3.544642925262451, "mode": "test", "epoch": 8}
{"loss": 0.5466156005859375, "acc": 0.7563713192939758, "length": 3.4844765663146973, "mode": "train", "epoch": 9}
{"loss": 0.5371224284172058, "acc": 0.7432686686515808, "length": 3.5267856121063232, "mode": "test", "epoch": 9}
{"loss": 0.5194136500358582, "acc": 0.7600379586219788, "length": 3.450911283493042, "mode": "train", "epoch": 10}
{"loss": 0.5194206237792969, "acc": 0.7684151530265808, "length": 3.4107143878936768, "mode": "test", "epoch": 10}
{"loss": 0.4880848824977875, "acc": 0.7802492380142212, "length": 3.3987181186676025, "mode": "train", "epoch": 11}
{"loss": 0.5150458812713623, "acc": 0.76318359375, "length": 3.2589285373687744, "mode": "test", "epoch": 11}
{"loss": 0.4599606990814209, "acc": 0.804668128490448, "length": 3.3919386863708496, "mode": "train", "epoch": 12}
{"loss": 0.5096497535705566, "acc": 0.7680315375328064, "length": 3.3839285373687744, "mode": "test", "epoch": 12}
{"loss": 0.4464104473590851, "acc": 0.8045482635498047, "length": 3.4955801963806152, "mode": "train", "epoch": 13}
{"loss": 0.48659247159957886, "acc": 0.7768206000328064, "length": 3.3214285373687744, "mode": "test", "epoch": 13}
{"loss": 0.427133172750473, "acc": 0.8112548589706421, "length": 3.451493501663208, "mode": "train", "epoch": 14}
{"loss": 0.49102911353111267, "acc": 0.7929338812828064, "length": 3.392857074737549, "mode": "test", "epoch": 14}
{"loss": 0.41223496198654175, "acc": 0.8171527981758118, "length": 3.522160530090332, "mode": "train", "epoch": 15}
{"loss": 0.5010828971862793, "acc": 0.781494140625, "length": 3.375, "mode": "test", "epoch": 15}
{"loss": 0.40383005142211914, "acc": 0.8254100680351257, "length": 3.52038311958313, "mode": "train", "epoch": 16}
{"loss": 0.5007871389389038, "acc": 0.7789829969406128, "length": 3.4107143878936768, "mode": "test", "epoch": 16}
{"loss": 0.3959624171257019, "acc": 0.827937126159668, "length": 3.509575843811035, "mode": "train", "epoch": 17}
{"loss": 0.4676808714866638, "acc": 0.805419921875, "length": 3.4910714626312256, "mode": "test", "epoch": 17}
{"loss": 0.38941630721092224, "acc": 0.837373673915863, "length": 3.5888359546661377, "mode": "train", "epoch": 18}
{"loss": 0.48060423135757446, "acc": 0.79296875, "length": 3.4285714626312256, "mode": "test", "epoch": 18}
{"loss": 0.3654573857784271, "acc": 0.8438631296157837, "length": 3.5480849742889404, "mode": "train", "epoch": 19}
{"loss": 0.4756124019622803, "acc": 0.8016532063484192, "length": 3.5089285373687744, "mode": "test", "epoch": 19}
{"loss": 0.35725751519203186, "acc": 0.8476611971855164, "length": 3.5763015747070312, "mode": "train", "epoch": 20}
{"loss": 0.4557921886444092, "acc": 0.8060477375984192, "length": 3.4732143878936768, "mode": "test", "epoch": 20}
{"loss": 0.35186585783958435, "acc": 0.8565528392791748, "length": 3.585052013397217, "mode": "train", "epoch": 21}
{"loss": 0.4472810626029968, "acc": 0.8272181749343872, "length": 3.544642925262451, "mode": "test", "epoch": 21}
{"loss": 0.34506046772003174, "acc": 0.8558091521263123, "length": 3.6207451820373535, "mode": "train", "epoch": 22}
{"loss": 0.4204424023628235, "acc": 0.8280203938484192, "length": 3.5625, "mode": "test", "epoch": 22}
{"loss": 0.33024531602859497, "acc": 0.8647763133049011, "length": 3.5940091609954834, "mode": "train", "epoch": 23}
{"loss": 0.4211425185203552, "acc": 0.8364606499671936, "length": 3.5089285373687744, "mode": "test", "epoch": 23}
{"loss": 0.3236774504184723, "acc": 0.8657946586608887, "length": 3.5965187549591064, "mode": "train", "epoch": 24}
{"loss": 0.4296291768550873, "acc": 0.8435755968093872, "length": 3.5714285373687744, "mode": "test", "epoch": 24}
{"loss": 0.3130912780761719, "acc": 0.8759716749191284, "length": 3.639672040939331, "mode": "train", "epoch": 25}
{"loss": 0.4415654242038727, "acc": 0.8339495062828064, "length": 3.580357074737549, "mode": "test", "epoch": 25}
{"loss": 0.3082718849182129, "acc": 0.8755810260772705, "length": 3.633608102798462, "mode": "train", "epoch": 26}
{"loss": 0.42072269320487976, "acc": 0.845703125, "length": 3.6160714626312256, "mode": "test", "epoch": 26}
{"loss": 0.31299591064453125, "acc": 0.8809699416160583, "length": 3.651841163635254, "mode": "train", "epoch": 27}
{"loss": 0.431238055229187, "acc": 0.8452497124671936, "length": 3.544642925262451, "mode": "test", "epoch": 27}
{"loss": 0.2999257445335388, "acc": 0.8800331950187683, "length": 3.6155261993408203, "mode": "train", "epoch": 28}
{"loss": 0.4277918338775635, "acc": 0.8456682562828064, "length": 3.625, "mode": "test", "epoch": 28}
{"loss": 0.2923243045806885, "acc": 0.8843042850494385, "length": 3.6627609729766846, "mode": "train", "epoch": 29}
{"loss": 0.40474775433540344, "acc": 0.8522600531578064, "length": 3.5625, "mode": "test", "epoch": 29}
{"loss": 0.2882123589515686, "acc": 0.8846508860588074, "length": 3.6195836067199707, "mode": "train", "epoch": 30}
{"loss": 0.4235142469406128, "acc": 0.8455635905265808, "length": 3.625, "mode": "test", "epoch": 30}
{"loss": 0.288522332906723, "acc": 0.8902536630630493, "length": 3.688035726547241, "mode": "train", "epoch": 31}
{"loss": 0.4095157980918884, "acc": 0.8470633625984192, "length": 3.580357074737549, "mode": "test", "epoch": 31}
{"loss": 0.2765340805053711, "acc": 0.9006673097610474, "length": 3.6438491344451904, "mode": "train", "epoch": 32}
{"loss": 0.4175701141357422, "acc": 0.8504115343093872, "length": 3.625, "mode": "test", "epoch": 32}
{"loss": 0.2774537205696106, "acc": 0.8937211632728577, "length": 3.68255615234375, "mode": "train", "epoch": 33}
{"loss": 0.4156976044178009, "acc": 0.8502720594406128, "length": 3.607142925262451, "mode": "test", "epoch": 33}
{"loss": 0.28175148367881775, "acc": 0.8966268301010132, "length": 3.7128961086273193, "mode": "train", "epoch": 34}
{"loss": 0.42317840456962585, "acc": 0.8374372124671936, "length": 3.642857074737549, "mode": "test", "epoch": 34}
{"loss": 0.2761607766151428, "acc": 0.8947378993034363, "length": 3.6729471683502197, "mode": "train", "epoch": 35}
{"loss": 0.3966032564640045, "acc": 0.85107421875, "length": 3.5714285373687744, "mode": "test", "epoch": 35}
{"loss": 0.26183462142944336, "acc": 0.895547091960907, "length": 3.6825168132781982, "mode": "train", "epoch": 36}
{"loss": 0.38894274830818176, "acc": 0.8522251844406128, "length": 3.6339285373687744, "mode": "test", "epoch": 36}
{"loss": 0.2690364122390747, "acc": 0.892181396484375, "length": 3.726189613342285, "mode": "train", "epoch": 37}
{"loss": 0.412005752325058, "acc": 0.8443778157234192, "length": 3.6964285373687744, "mode": "test", "epoch": 37}
{"loss": 0.25448518991470337, "acc": 0.9037950038909912, "length": 3.736880302429199, "mode": "train", "epoch": 38}
{"loss": 0.4300912320613861, "acc": 0.8456333875656128, "length": 3.7142856121063232, "mode": "test", "epoch": 38}
{"loss": 0.2550489902496338, "acc": 0.8968153595924377, "length": 3.7500109672546387, "mode": "train", "epoch": 39}
{"loss": 0.4084765911102295, "acc": 0.8475865125656128, "length": 3.7767856121063232, "mode": "test", "epoch": 39}
{"loss": 0.24809269607067108, "acc": 0.9040181040763855, "length": 3.764507532119751, "mode": "train", "epoch": 40}
{"loss": 0.383176326751709, "acc": 0.8487025499343872, "length": 3.7589285373687744, "mode": "test", "epoch": 40}
{"loss": 0.24626164138317108, "acc": 0.9014782309532166, "length": 3.7751893997192383, "mode": "train", "epoch": 41}
{"loss": 0.4011842608451843, "acc": 0.8457728624343872, "length": 3.8125, "mode": "test", "epoch": 41}
{"loss": 0.24538755416870117, "acc": 0.904125988483429, "length": 3.79613995552063, "mode": "train", "epoch": 42}
{"loss": 0.3768584430217743, "acc": 0.8638392686843872, "length": 3.732142925262451, "mode": "test", "epoch": 42}
{"loss": 0.24436034262180328, "acc": 0.9066762328147888, "length": 3.752662420272827, "mode": "train", "epoch": 43}
{"loss": 0.3917942941188812, "acc": 0.8470633625984192, "length": 3.8035714626312256, "mode": "test", "epoch": 43}
{"loss": 0.2370356023311615, "acc": 0.9063888788223267, "length": 3.8090617656707764, "mode": "train", "epoch": 44}
{"loss": 0.39817801117897034, "acc": 0.8565848469734192, "length": 3.8482143878936768, "mode": "test", "epoch": 44}
{"loss": 0.24506138265132904, "acc": 0.9114951491355896, "length": 3.8206381797790527, "mode": "train", "epoch": 45}
{"loss": 0.3785940408706665, "acc": 0.8569684624671936, "length": 3.830357074737549, "mode": "test", "epoch": 45}
{"loss": 0.23953421413898468, "acc": 0.9077962040901184, "length": 3.8164451122283936, "mode": "train", "epoch": 46}
{"loss": 0.3727637529373169, "acc": 0.8450404405593872, "length": 3.794642925262451, "mode": "test", "epoch": 46}
{"loss": 0.22971342504024506, "acc": 0.9089970588684082, "length": 3.7896037101745605, "mode": "train", "epoch": 47}
{"loss": 0.3841085433959961, "acc": 0.8501325249671936, "length": 3.8214285373687744, "mode": "test", "epoch": 47}
{"loss": 0.23131926357746124, "acc": 0.9090378284454346, "length": 3.829242467880249, "mode": "train", "epoch": 48}
{"loss": 0.3917993903160095, "acc": 0.8516671061515808, "length": 3.9017856121063232, "mode": "test", "epoch": 48}
{"loss": 0.2298620641231537, "acc": 0.9073252081871033, "length": 3.8214797973632812, "mode": "train", "epoch": 49}
{"loss": 0.35111039876937866, "acc": 0.8621651530265808, "length": 3.8482143878936768, "mode": "test", "epoch": 49}
{"loss": 0.2257823348045349, "acc": 0.9137722849845886, "length": 3.8272275924682617, "mode": "train", "epoch": 50}
{"loss": 0.3918798565864563, "acc": 0.8497139811515808, "length": 3.8482143878936768, "mode": "test", "epoch": 50}
{"loss": 0.2272357940673828, "acc": 0.9083170890808105, "length": 3.786219835281372, "mode": "train", "epoch": 51}
{"loss": 0.3716486692428589, "acc": 0.8573172688484192, "length": 3.7142856121063232, "mode": "test", "epoch": 51}
{"loss": 0.21487459540367126, "acc": 0.9149273037910461, "length": 3.76656174659729, "mode": "train", "epoch": 52}
{"loss": 0.38981255888938904, "acc": 0.8506556749343872, "length": 3.857142925262451, "mode": "test", "epoch": 52}
{"loss": 0.21305152773857117, "acc": 0.9187735915184021, "length": 3.812464714050293, "mode": "train", "epoch": 53}
{"loss": 0.3669760525226593, "acc": 0.8616420030593872, "length": 3.7767856121063232, "mode": "test", "epoch": 53}
{"loss": 0.21133053302764893, "acc": 0.9128748178482056, "length": 3.7704222202301025, "mode": "train", "epoch": 54}
{"loss": 0.38482528924942017, "acc": 0.8528180718421936, "length": 3.8482143878936768, "mode": "test", "epoch": 54}
{"loss": 0.20956552028656006, "acc": 0.9173892736434937, "length": 3.8104236125946045, "mode": "train", "epoch": 55}
{"loss": 0.3433956503868103, "acc": 0.8605259656906128, "length": 3.794642925262451, "mode": "test", "epoch": 55}
{"loss": 0.2182779610157013, "acc": 0.9190883636474609, "length": 3.782578468322754, "mode": "train", "epoch": 56}
{"loss": 0.40179669857025146, "acc": 0.8469935655593872, "length": 3.8839285373687744, "mode": "test", "epoch": 56}
{"loss": 0.21436910331249237, "acc": 0.9231146574020386, "length": 3.8251891136169434, "mode": "train", "epoch": 57}
{"loss": 0.33430084586143494, "acc": 0.867431640625, "length": 3.830357074737549, "mode": "test", "epoch": 57}
{"loss": 0.2014695405960083, "acc": 0.9237277507781982, "length": 3.8238892555236816, "mode": "train", "epoch": 58}
{"loss": 0.33432936668395996, "acc": 0.8702567219734192, "length": 3.794642925262451, "mode": "test", "epoch": 58}
{"loss": 0.2017785757780075, "acc": 0.9264401197433472, "length": 3.7578492164611816, "mode": "train", "epoch": 59}
{"loss": 0.37719449400901794, "acc": 0.8619210124015808, "length": 3.8214285373687744, "mode": "test", "epoch": 59}
{"loss": 0.1857905387878418, "acc": 0.9324231147766113, "length": 3.801173210144043, "mode": "train", "epoch": 60}
{"loss": 0.3696504831314087, "acc": 0.8553292155265808, "length": 3.794642925262451, "mode": "test", "epoch": 60}
{"loss": 0.18969039618968964, "acc": 0.9303075671195984, "length": 3.7725884914398193, "mode": "train", "epoch": 61}
{"loss": 0.35412999987602234, "acc": 0.8635951280593872, "length": 3.875, "mode": "test", "epoch": 61}
{"loss": 0.18995197117328644, "acc": 0.9291534423828125, "length": 3.832824230194092, "mode": "train", "epoch": 62}
{"loss": 0.3364610970020294, "acc": 0.8639788031578064, "length": 3.8839285373687744, "mode": "test", "epoch": 62}
{"loss": 0.1907394677400589, "acc": 0.9321719408035278, "length": 3.830247163772583, "mode": "train", "epoch": 63}
{"loss": 0.3279356360435486, "acc": 0.8711286187171936, "length": 3.8660714626312256, "mode": "test", "epoch": 63}
{"loss": 0.18184204399585724, "acc": 0.930529773235321, "length": 3.820389747619629, "mode": "train", "epoch": 64}
{"loss": 0.3394533395767212, "acc": 0.8740583062171936, "length": 3.8482143878936768, "mode": "test", "epoch": 64}
{"loss": 0.18588943779468536, "acc": 0.9331992268562317, "length": 3.8198635578155518, "mode": "train", "epoch": 65}
{"loss": 0.3653029799461365, "acc": 0.8639439344406128, "length": 3.8660714626312256, "mode": "test", "epoch": 65}
{"loss": 0.1867954283952713, "acc": 0.9242070317268372, "length": 3.7984397411346436, "mode": "train", "epoch": 66}
{"loss": 0.3555411100387573, "acc": 0.8673619031906128, "length": 3.857142925262451, "mode": "test", "epoch": 66}
{"loss": 0.1884806603193283, "acc": 0.9343299269676208, "length": 3.807384729385376, "mode": "train", "epoch": 67}
{"loss": 0.3663118779659271, "acc": 0.8641182780265808, "length": 3.8392856121063232, "mode": "test", "epoch": 67}
{"loss": 0.17831827700138092, "acc": 0.9354273080825806, "length": 3.765493392944336, "mode": "train", "epoch": 68}
{"loss": 0.3621484637260437, "acc": 0.8716517686843872, "length": 3.830357074737549, "mode": "test", "epoch": 68}
{"loss": 0.1947394609451294, "acc": 0.9299390912055969, "length": 3.808910369873047, "mode": "train", "epoch": 69}
{"loss": 0.3544412851333618, "acc": 0.8673270344734192, "length": 3.8392856121063232, "mode": "test", "epoch": 69}
{"loss": 0.1945256143808365, "acc": 0.9253616333007812, "length": 3.7388813495635986, "mode": "train", "epoch": 70}
{"loss": 0.34988802671432495, "acc": 0.8705008625984192, "length": 3.857142925262451, "mode": "test", "epoch": 70}
{"loss": 0.17933793365955353, "acc": 0.9337133169174194, "length": 3.801692008972168, "mode": "train", "epoch": 71}
{"loss": 0.32926470041275024, "acc": 0.8723493218421936, "length": 3.8125, "mode": "test", "epoch": 71}
{"loss": 0.16918273270130157, "acc": 0.9354554414749146, "length": 3.772630453109741, "mode": "train", "epoch": 72}
{"loss": 0.3286781311035156, "acc": 0.8783482313156128, "length": 3.7857143878936768, "mode": "test", "epoch": 72}
{"loss": 0.17375032603740692, "acc": 0.9370149374008179, "length": 3.7878029346466064, "mode": "train", "epoch": 73}
{"loss": 0.34053945541381836, "acc": 0.8782435655593872, "length": 3.857142925262451, "mode": "test", "epoch": 73}
{"loss": 0.16485044360160828, "acc": 0.9414862394332886, "length": 3.8036558628082275, "mode": "train", "epoch": 74}
{"loss": 0.3565828502178192, "acc": 0.8716866374015808, "length": 3.8214285373687744, "mode": "test", "epoch": 74}
{"loss": 0.1704316884279251, "acc": 0.9383122324943542, "length": 3.7914206981658936, "mode": "train", "epoch": 75}
{"loss": 0.34735918045043945, "acc": 0.8743373155593872, "length": 3.794642925262451, "mode": "test", "epoch": 75}
{"loss": 0.17436671257019043, "acc": 0.9304186105728149, "length": 3.749072313308716, "mode": "train", "epoch": 76}
{"loss": 0.315933495759964, "acc": 0.8799176812171936, "length": 3.7857143878936768, "mode": "test", "epoch": 76}
{"loss": 0.1735379993915558, "acc": 0.9349126219749451, "length": 3.794589042663574, "mode": "train", "epoch": 77}
{"loss": 0.3565390110015869, "acc": 0.8780692219734192, "length": 3.857142925262451, "mode": "test", "epoch": 77}
{"loss": 0.16287854313850403, "acc": 0.9395596385002136, "length": 3.78808856010437, "mode": "train", "epoch": 78}
{"loss": 0.30836576223373413, "acc": 0.8783831000328064, "length": 3.7767856121063232, "mode": "test", "epoch": 78}
{"loss": 0.16566228866577148, "acc": 0.9388800859451294, "length": 3.770660400390625, "mode": "train", "epoch": 79}
{"loss": 0.35551968216896057, "acc": 0.8798130750656128, "length": 3.830357074737549, "mode": "test", "epoch": 79}
{"loss": 0.16461706161499023, "acc": 0.9407157301902771, "length": 3.8011794090270996, "mode": "train", "epoch": 80}
{"loss": 0.3452984690666199, "acc": 0.8846958875656128, "length": 3.8482143878936768, "mode": "test", "epoch": 80}
{"loss": 0.16784100234508514, "acc": 0.9418628215789795, "length": 3.7993898391723633, "mode": "train", "epoch": 81}
{"loss": 0.39490798115730286, "acc": 0.8726631999015808, "length": 3.8839285373687744, "mode": "test", "epoch": 81}
{"loss": 0.16206829249858856, "acc": 0.9409074187278748, "length": 3.7975313663482666, "mode": "train", "epoch": 82}
{"loss": 0.3120914697647095, "acc": 0.8858467936515808, "length": 3.7857143878936768, "mode": "test", "epoch": 82}
{"loss": 0.1508849710226059, "acc": 0.9401007294654846, "length": 3.778824806213379, "mode": "train", "epoch": 83}
{"loss": 0.3479556441307068, "acc": 0.8834053874015808, "length": 3.8125, "mode": "test", "epoch": 83}
{"loss": 0.15303419530391693, "acc": 0.9440591931343079, "length": 3.7855117321014404, "mode": "train", "epoch": 84}
{"loss": 0.3609095513820648, "acc": 0.8892647624015808, "length": 3.830357074737549, "mode": "test", "epoch": 84}
{"loss": 0.16383297741413116, "acc": 0.9368611574172974, "length": 3.8123390674591064, "mode": "train", "epoch": 85}
{"loss": 0.33293047547340393, "acc": 0.8802664875984192, "length": 3.8214285373687744, "mode": "test", "epoch": 85}
{"loss": 0.16189990937709808, "acc": 0.9377121329307556, "length": 3.780470132827759, "mode": "train", "epoch": 86}
{"loss": 0.3687679171562195, "acc": 0.8819754719734192, "length": 3.830357074737549, "mode": "test", "epoch": 86}
{"loss": 0.1711607724428177, "acc": 0.9415041208267212, "length": 3.798184394836426, "mode": "train", "epoch": 87}
{"loss": 0.3584030866622925, "acc": 0.8866838812828064, "length": 3.857142925262451, "mode": "test", "epoch": 87}
{"loss": 0.15521958470344543, "acc": 0.9422475099563599, "length": 3.803986072540283, "mode": "train", "epoch": 88}
{"loss": 0.35249778628349304, "acc": 0.8797782063484192, "length": 3.7857143878936768, "mode": "test", "epoch": 88}
{"loss": 0.16217857599258423, "acc": 0.9397501945495605, "length": 3.7702250480651855, "mode": "train", "epoch": 89}
{"loss": 0.36846494674682617, "acc": 0.859619140625, "length": 3.857142925262451, "mode": "test", "epoch": 89}
{"loss": 0.15260529518127441, "acc": 0.9438339471817017, "length": 3.8009657859802246, "mode": "train", "epoch": 90}
{"loss": 0.3521227240562439, "acc": 0.8854283094406128, "length": 3.8482143878936768, "mode": "test", "epoch": 90}
{"loss": 0.15549293160438538, "acc": 0.9415866136550903, "length": 3.8301284313201904, "mode": "train", "epoch": 91}
{"loss": 0.3176455795764923, "acc": 0.889404296875, "length": 3.830357074737549, "mode": "test", "epoch": 91}
{"loss": 0.14456024765968323, "acc": 0.9466338753700256, "length": 3.7765958309173584, "mode": "train", "epoch": 92}
{"loss": 0.3394506573677063, "acc": 0.8861607313156128, "length": 3.830357074737549, "mode": "test", "epoch": 92}
{"loss": 0.1463514119386673, "acc": 0.942927360534668, "length": 3.793341636657715, "mode": "train", "epoch": 93}
{"loss": 0.3294934630393982, "acc": 0.8882881999015808, "length": 3.8214285373687744, "mode": "test", "epoch": 93}
{"loss": 0.14584632217884064, "acc": 0.9447467923164368, "length": 3.79797101020813, "mode": "train", "epoch": 94}
{"loss": 0.3613862991333008, "acc": 0.8876604437828064, "length": 3.857142925262451, "mode": "test", "epoch": 94}
{"loss": 0.14377851784229279, "acc": 0.9444936513900757, "length": 3.7986550331115723, "mode": "train", "epoch": 95}
{"loss": 0.3604513108730316, "acc": 0.8880091905593872, "length": 3.8392856121063232, "mode": "test", "epoch": 95}
{"loss": 0.1633385270833969, "acc": 0.9419896006584167, "length": 3.8241944313049316, "mode": "train", "epoch": 96}
{"loss": 0.3481012284755707, "acc": 0.8775460124015808, "length": 3.8660714626312256, "mode": "test", "epoch": 96}
{"loss": 0.14815297722816467, "acc": 0.9444901943206787, "length": 3.81030535697937, "mode": "train", "epoch": 97}
{"loss": 0.36901530623435974, "acc": 0.8797432780265808, "length": 3.8839285373687744, "mode": "test", "epoch": 97}
{"loss": 0.14434011280536652, "acc": 0.9459448456764221, "length": 3.810122489929199, "mode": "train", "epoch": 98}
{"loss": 0.3564609885215759, "acc": 0.8904854655265808, "length": 3.8125, "mode": "test", "epoch": 98}
{"loss": 0.1428641378879547, "acc": 0.9482536911964417, "length": 3.7555840015411377, "mode": "train", "epoch": 99}
{"loss": 0.36296939849853516, "acc": 0.8834053874015808, "length": 3.7589285373687744, "mode": "test", "epoch": 99}
{"loss": 0.1420200914144516, "acc": 0.9470404982566833, "length": 3.767848253250122, "mode": "train", "epoch": 100}
{"loss": 0.38517874479293823, "acc": 0.8814522624015808, "length": 3.8660714626312256, "mode": "test", "epoch": 100}
test accuracy: 0.7811316251754761
