# ["--attributes=3", "--values=3", "--game_size=4", "--vocab_size_factor=3", "--n_epochs=100", "--batch_size=32", "--learning_rate=0.0005", "--hidden_size=256", "--temp_update=0.99", "--temperature=1"]
Creating train_ds and val_ds...

Creating test_ds...
{"loss": 0.7169198989868164, "acc": 0.4949444532394409, "length": 3.4274024963378906, "mode": "train", "epoch": 1}
{"loss": 0.6969345808029175, "acc": 0.47065219283103943, "length": 1.0, "mode": "test", "epoch": 1}
{"loss": 0.693709671497345, "acc": 0.5285580158233643, "length": 2.599313497543335, "mode": "train", "epoch": 2}
{"loss": 0.6960220336914062, "acc": 0.4826086163520813, "length": 1.0, "mode": "test", "epoch": 2}
{"loss": 0.6886578798294067, "acc": 0.5417959094047546, "length": 1.8450771570205688, "mode": "train", "epoch": 3}
{"loss": 0.6940544843673706, "acc": 0.5032609105110168, "length": 1.0, "mode": "test", "epoch": 3}
{"loss": 0.6617035865783691, "acc": 0.6120428442955017, "length": 2.7208328247070312, "mode": "train", "epoch": 4}
{"loss": 0.621752917766571, "acc": 0.6882668733596802, "length": 3.1913044452667236, "mode": "test", "epoch": 4}
{"loss": 0.596132755279541, "acc": 0.6942545175552368, "length": 3.462786912918091, "mode": "train", "epoch": 5}
{"loss": 0.5582767724990845, "acc": 0.7565215826034546, "length": 4.0, "mode": "test", "epoch": 5}
{"loss": 0.5369001030921936, "acc": 0.7279283404350281, "length": 3.8666114807128906, "mode": "train", "epoch": 6}
{"loss": 0.5334392786026001, "acc": 0.7391303777694702, "length": 4.0, "mode": "test", "epoch": 6}
{"loss": 0.5109598636627197, "acc": 0.7665940523147583, "length": 3.9089226722717285, "mode": "train", "epoch": 7}
{"loss": 0.5039112567901611, "acc": 0.7880435585975647, "length": 4.0, "mode": "test", "epoch": 7}
{"loss": 0.4825155735015869, "acc": 0.7835049033164978, "length": 3.9329190254211426, "mode": "train", "epoch": 8}
{"loss": 0.4919968843460083, "acc": 0.7880433201789856, "length": 4.0, "mode": "test", "epoch": 8}
{"loss": 0.47456300258636475, "acc": 0.7852128744125366, "length": 3.957456588745117, "mode": "train", "epoch": 9}
{"loss": 0.49262329936027527, "acc": 0.7804347276687622, "length": 4.0, "mode": "test", "epoch": 9}
{"loss": 0.4551396369934082, "acc": 0.8003646731376648, "length": 3.952103614807129, "mode": "train", "epoch": 10}
{"loss": 0.501166582107544, "acc": 0.7793477773666382, "length": 4.0, "mode": "test", "epoch": 10}
{"loss": 0.44410789012908936, "acc": 0.8124743103981018, "length": 3.9651129245758057, "mode": "train", "epoch": 11}
{"loss": 0.4835255444049835, "acc": 0.7804346680641174, "length": 4.0, "mode": "test", "epoch": 11}
{"loss": 0.4279649555683136, "acc": 0.810051679611206, "length": 3.9559803009033203, "mode": "train", "epoch": 12}
{"loss": 0.4734257757663727, "acc": 0.7836955785751343, "length": 4.0, "mode": "test", "epoch": 12}
{"loss": 0.40078285336494446, "acc": 0.8396942019462585, "length": 3.96826171875, "mode": "train", "epoch": 13}
{"loss": 0.4363396167755127, "acc": 0.8086957335472107, "length": 4.0, "mode": "test", "epoch": 13}
{"loss": 0.3822818696498871, "acc": 0.8424469828605652, "length": 3.9873766899108887, "mode": "train", "epoch": 14}
{"loss": 0.4329829812049866, "acc": 0.8271738886833191, "length": 4.0, "mode": "test", "epoch": 14}
{"loss": 0.35503238439559937, "acc": 0.8548395037651062, "length": 3.98077130317688, "mode": "train", "epoch": 15}
{"loss": 0.40888291597366333, "acc": 0.834782600402832, "length": 4.0, "mode": "test", "epoch": 15}
{"loss": 0.3363189399242401, "acc": 0.8635025024414062, "length": 3.994847297668457, "mode": "train", "epoch": 16}
{"loss": 0.394406795501709, "acc": 0.8402174711227417, "length": 4.0, "mode": "test", "epoch": 16}
{"loss": 0.330138236284256, "acc": 0.8709033131599426, "length": 3.99641489982605, "mode": "train", "epoch": 17}
{"loss": 0.39376625418663025, "acc": 0.8510870337486267, "length": 4.0, "mode": "test", "epoch": 17}
{"loss": 0.3291957378387451, "acc": 0.8613623976707458, "length": 3.997298002243042, "mode": "train", "epoch": 18}
{"loss": 0.4011334180831909, "acc": 0.835869550704956, "length": 4.0, "mode": "test", "epoch": 18}
{"loss": 0.32121506333351135, "acc": 0.870444655418396, "length": 3.9949309825897217, "mode": "train", "epoch": 19}
{"loss": 0.40447676181793213, "acc": 0.8413044214248657, "length": 4.0, "mode": "test", "epoch": 19}
{"loss": 0.3083783686161041, "acc": 0.8789512515068054, "length": 3.9972095489501953, "mode": "train", "epoch": 20}
{"loss": 0.3716968595981598, "acc": 0.8586956262588501, "length": 4.0, "mode": "test", "epoch": 20}
{"loss": 0.30086252093315125, "acc": 0.8829830884933472, "length": 3.998150587081909, "mode": "train", "epoch": 21}
{"loss": 0.3841531574726105, "acc": 0.844565212726593, "length": 4.0, "mode": "test", "epoch": 21}
{"loss": 0.3033352792263031, "acc": 0.8789504766464233, "length": 3.9973573684692383, "mode": "train", "epoch": 22}
{"loss": 0.353449285030365, "acc": 0.8597826957702637, "length": 4.0, "mode": "test", "epoch": 22}
{"loss": 0.29173731803894043, "acc": 0.8808388113975525, "length": 3.9993691444396973, "mode": "train", "epoch": 23}
{"loss": 0.415719211101532, "acc": 0.85326087474823, "length": 4.0, "mode": "test", "epoch": 23}
{"loss": 0.2877223789691925, "acc": 0.8874322772026062, "length": 3.9991307258605957, "mode": "train", "epoch": 24}
{"loss": 0.3993660509586334, "acc": 0.845652163028717, "length": 4.0, "mode": "test", "epoch": 24}
{"loss": 0.28789418935775757, "acc": 0.8855915665626526, "length": 3.9989683628082275, "mode": "train", "epoch": 25}
{"loss": 0.4015582799911499, "acc": 0.8532609343528748, "length": 4.0, "mode": "test", "epoch": 25}
{"loss": 0.2828064262866974, "acc": 0.8852372765541077, "length": 3.998901844024658, "mode": "train", "epoch": 26}
{"loss": 0.41156312823295593, "acc": 0.8565216660499573, "length": 4.0, "mode": "test", "epoch": 26}
{"loss": 0.27354687452316284, "acc": 0.8916701078414917, "length": 3.995401382446289, "mode": "train", "epoch": 27}
{"loss": 0.431301474571228, "acc": 0.845652163028717, "length": 4.0, "mode": "test", "epoch": 27}
{"loss": 0.26612934470176697, "acc": 0.9020988941192627, "length": 3.999216318130493, "mode": "train", "epoch": 28}
{"loss": 0.4120160639286041, "acc": 0.8608695864677429, "length": 4.0, "mode": "test", "epoch": 28}
{"loss": 0.2588236331939697, "acc": 0.902430534362793, "length": 3.998481035232544, "mode": "train", "epoch": 29}
{"loss": 0.4130871295928955, "acc": 0.8510869145393372, "length": 4.0, "mode": "test", "epoch": 29}
{"loss": 0.25410231947898865, "acc": 0.9061478972434998, "length": 3.9996938705444336, "mode": "train", "epoch": 30}
{"loss": 0.40842294692993164, "acc": 0.8510867953300476, "length": 4.0, "mode": "test", "epoch": 30}
{"loss": 0.2555028200149536, "acc": 0.9021111726760864, "length": 3.9996140003204346, "mode": "train", "epoch": 31}
{"loss": 0.4119027554988861, "acc": 0.865217387676239, "length": 4.0, "mode": "test", "epoch": 31}
{"loss": 0.250708669424057, "acc": 0.904623806476593, "length": 3.9984278678894043, "mode": "train", "epoch": 32}
{"loss": 0.4434347450733185, "acc": 0.8576087355613708, "length": 4.0, "mode": "test", "epoch": 32}
{"loss": 0.244779571890831, "acc": 0.9090868830680847, "length": 3.99989914894104, "mode": "train", "epoch": 33}
{"loss": 0.43545129895210266, "acc": 0.8706521987915039, "length": 4.0, "mode": "test", "epoch": 33}
{"loss": 0.24406303465366364, "acc": 0.9101671576499939, "length": 3.9995782375335693, "mode": "train", "epoch": 34}
{"loss": 0.44570696353912354, "acc": 0.8717391490936279, "length": 4.0, "mode": "test", "epoch": 34}
{"loss": 0.23654554784297943, "acc": 0.9109165072441101, "length": 3.9998624324798584, "mode": "train", "epoch": 35}
{"loss": 0.42687445878982544, "acc": 0.865217387676239, "length": 4.0, "mode": "test", "epoch": 35}
{"loss": 0.2289142608642578, "acc": 0.9120076298713684, "length": 3.9994988441467285, "mode": "train", "epoch": 36}
{"loss": 0.4516727030277252, "acc": 0.8641304969787598, "length": 4.0, "mode": "test", "epoch": 36}
{"loss": 0.24050728976726532, "acc": 0.9094148874282837, "length": 3.998825788497925, "mode": "train", "epoch": 37}
{"loss": 0.3962545394897461, "acc": 0.866304337978363, "length": 4.0, "mode": "test", "epoch": 37}
{"loss": 0.2200971394777298, "acc": 0.9208177328109741, "length": 3.999929904937744, "mode": "train", "epoch": 38}
{"loss": 0.40356189012527466, "acc": 0.8673914074897766, "length": 4.0, "mode": "test", "epoch": 38}
{"loss": 0.2229665070772171, "acc": 0.9118073582649231, "length": 3.991528034210205, "mode": "train", "epoch": 39}
{"loss": 0.4722583591938019, "acc": 0.8576086759567261, "length": 4.0, "mode": "test", "epoch": 39}
{"loss": 0.2276400327682495, "acc": 0.9138453006744385, "length": 3.999802350997925, "mode": "train", "epoch": 40}
{"loss": 0.4873749613761902, "acc": 0.8500001430511475, "length": 4.0, "mode": "test", "epoch": 40}
{"loss": 0.21201351284980774, "acc": 0.9193516969680786, "length": 3.9999442100524902, "mode": "train", "epoch": 41}
{"loss": 0.4700707197189331, "acc": 0.8673913478851318, "length": 4.0, "mode": "test", "epoch": 41}
{"loss": 0.21712487936019897, "acc": 0.9171517491340637, "length": 3.999932289123535, "mode": "train", "epoch": 42}
{"loss": 0.4264407753944397, "acc": 0.8695653080940247, "length": 4.0, "mode": "test", "epoch": 42}
{"loss": 0.21076177060604095, "acc": 0.9171445965766907, "length": 3.9997951984405518, "mode": "train", "epoch": 43}
{"loss": 0.5211329460144043, "acc": 0.8576086759567261, "length": 4.0, "mode": "test", "epoch": 43}
{"loss": 0.2071719914674759, "acc": 0.9167739748954773, "length": 3.9997153282165527, "mode": "train", "epoch": 44}
{"loss": 0.4896741211414337, "acc": 0.854347825050354, "length": 4.0, "mode": "test", "epoch": 44}
{"loss": 0.1952027827501297, "acc": 0.9270513653755188, "length": 3.999964475631714, "mode": "train", "epoch": 45}
{"loss": 0.45445889234542847, "acc": 0.8565218448638916, "length": 4.0, "mode": "test", "epoch": 45}
{"loss": 0.19287922978401184, "acc": 0.9281455874443054, "length": 3.9998574256896973, "mode": "train", "epoch": 46}
{"loss": 0.463589072227478, "acc": 0.8641304969787598, "length": 4.0, "mode": "test", "epoch": 46}
{"loss": 0.19005665183067322, "acc": 0.9318162202835083, "length": 3.9999659061431885, "mode": "train", "epoch": 47}
{"loss": 0.474124014377594, "acc": 0.8510869741439819, "length": 4.0, "mode": "test", "epoch": 47}
{"loss": 0.18920648097991943, "acc": 0.9332812428474426, "length": 3.999938488006592, "mode": "train", "epoch": 48}
{"loss": 0.4914676547050476, "acc": 0.8652174472808838, "length": 4.0, "mode": "test", "epoch": 48}
{"loss": 0.19074414670467377, "acc": 0.9281421303749084, "length": 3.9989678859710693, "mode": "train", "epoch": 49}
{"loss": 0.4962417483329773, "acc": 0.8565216660499573, "length": 4.0, "mode": "test", "epoch": 49}
{"loss": 0.18387220799922943, "acc": 0.9325486421585083, "length": 3.9999563694000244, "mode": "train", "epoch": 50}
{"loss": 0.5059674382209778, "acc": 0.8554348945617676, "length": 4.0, "mode": "test", "epoch": 50}
{"loss": 0.19783921539783478, "acc": 0.9186089038848877, "length": 3.999746084213257, "mode": "train", "epoch": 51}
{"loss": 0.4928412437438965, "acc": 0.8510869145393372, "length": 4.0, "mode": "test", "epoch": 51}
{"loss": 0.2171313464641571, "acc": 0.9167861938476562, "length": 3.999958038330078, "mode": "train", "epoch": 52}
{"loss": 0.49165278673171997, "acc": 0.8663043975830078, "length": 4.0, "mode": "test", "epoch": 52}
{"loss": 0.1985505372285843, "acc": 0.922285795211792, "length": 3.999969482421875, "mode": "train", "epoch": 53}
{"loss": 0.4139072895050049, "acc": 0.8673913478851318, "length": 4.0, "mode": "test", "epoch": 53}
{"loss": 0.17233459651470184, "acc": 0.9362002611160278, "length": 3.9997308254241943, "mode": "train", "epoch": 54}
{"loss": 0.4564259648323059, "acc": 0.8728262186050415, "length": 4.0, "mode": "test", "epoch": 54}
{"loss": 0.17630422115325928, "acc": 0.935112714767456, "length": 3.9999349117279053, "mode": "train", "epoch": 55}
{"loss": 0.48396968841552734, "acc": 0.8673914074897766, "length": 4.0, "mode": "test", "epoch": 55}
{"loss": 0.1769515573978424, "acc": 0.9351121187210083, "length": 3.9999477863311768, "mode": "train", "epoch": 56}
{"loss": 0.542035698890686, "acc": 0.8608695864677429, "length": 4.0, "mode": "test", "epoch": 56}
{"loss": 0.16617757081985474, "acc": 0.9376819133758545, "length": 3.999976396560669, "mode": "train", "epoch": 57}
{"loss": 0.47685760259628296, "acc": 0.8673913478851318, "length": 4.0, "mode": "test", "epoch": 57}
{"loss": 0.17049293220043182, "acc": 0.9369322657585144, "length": 3.9997758865356445, "mode": "train", "epoch": 58}
{"loss": 0.47797372937202454, "acc": 0.863043487071991, "length": 4.0, "mode": "test", "epoch": 58}
{"loss": 0.19509093463420868, "acc": 0.9237531423568726, "length": 3.999988079071045, "mode": "train", "epoch": 59}
{"loss": 0.4399206340312958, "acc": 0.864130437374115, "length": 4.0, "mode": "test", "epoch": 59}
{"loss": 0.17647361755371094, "acc": 0.9339324235916138, "length": 3.9989726543426514, "mode": "train", "epoch": 60}
{"loss": 0.4789213240146637, "acc": 0.8684781789779663, "length": 4.0, "mode": "test", "epoch": 60}
{"loss": 0.1619849056005478, "acc": 0.937221109867096, "length": 3.9989826679229736, "mode": "train", "epoch": 61}
{"loss": 0.48243623971939087, "acc": 0.866304337978363, "length": 4.0, "mode": "test", "epoch": 61}
{"loss": 0.16300232708454132, "acc": 0.9387824535369873, "length": 3.9999921321868896, "mode": "train", "epoch": 62}
{"loss": 0.45039084553718567, "acc": 0.8673914074897766, "length": 4.0, "mode": "test", "epoch": 62}
{"loss": 0.16225090622901917, "acc": 0.9365812540054321, "length": 3.9999680519104004, "mode": "train", "epoch": 63}
{"loss": 0.46974804997444153, "acc": 0.8586957454681396, "length": 4.0, "mode": "test", "epoch": 63}
{"loss": 0.16092221438884735, "acc": 0.9416452050209045, "length": 3.999089002609253, "mode": "train", "epoch": 64}
{"loss": 0.4429852366447449, "acc": 0.8815217614173889, "length": 4.0, "mode": "test", "epoch": 64}
{"loss": 0.16633208096027374, "acc": 0.938416063785553, "length": 3.999995708465576, "mode": "train", "epoch": 65}
{"loss": 0.44006627798080444, "acc": 0.8771738409996033, "length": 4.0, "mode": "test", "epoch": 65}
{"loss": 0.16040435433387756, "acc": 0.9391188025474548, "length": 3.999537467956543, "mode": "train", "epoch": 66}
{"loss": 0.4428844153881073, "acc": 0.863043487071991, "length": 4.0, "mode": "test", "epoch": 66}
{"loss": 0.14824825525283813, "acc": 0.9475802779197693, "length": 3.9999959468841553, "mode": "train", "epoch": 67}
{"loss": 0.4035392105579376, "acc": 0.8815217614173889, "length": 4.0, "mode": "test", "epoch": 67}
{"loss": 0.1456110030412674, "acc": 0.9420820474624634, "length": 3.9999992847442627, "mode": "train", "epoch": 68}
{"loss": 0.5212975740432739, "acc": 0.866304337978363, "length": 4.0, "mode": "test", "epoch": 68}
{"loss": 0.15212106704711914, "acc": 0.9402489066123962, "length": 3.9999964237213135, "mode": "train", "epoch": 69}
{"loss": 0.5292540192604065, "acc": 0.864130437374115, "length": 4.0, "mode": "test", "epoch": 69}
{"loss": 0.15324297547340393, "acc": 0.9453638792037964, "length": 3.9997503757476807, "mode": "train", "epoch": 70}
{"loss": 0.46713095903396606, "acc": 0.872826099395752, "length": 4.0, "mode": "test", "epoch": 70}
{"loss": 0.14698024094104767, "acc": 0.9450145959854126, "length": 3.999999523162842, "mode": "train", "epoch": 71}
{"loss": 0.441804438829422, "acc": 0.8913044333457947, "length": 4.0, "mode": "test", "epoch": 71}
{"loss": 0.1444907933473587, "acc": 0.9434911012649536, "length": 3.9985318183898926, "mode": "train", "epoch": 72}
{"loss": 0.4713280200958252, "acc": 0.884782612323761, "length": 4.0, "mode": "test", "epoch": 72}
{"loss": 0.14163896441459656, "acc": 0.9420790672302246, "length": 3.999948740005493, "mode": "train", "epoch": 73}
{"loss": 0.4835784137248993, "acc": 0.8706521987915039, "length": 4.0, "mode": "test", "epoch": 73}
{"loss": 0.16929888725280762, "acc": 0.9402490854263306, "length": 3.9999945163726807, "mode": "train", "epoch": 74}
{"loss": 0.37464267015457153, "acc": 0.8902174830436707, "length": 4.0, "mode": "test", "epoch": 74}
{"loss": 0.1638031005859375, "acc": 0.9351173043251038, "length": 3.9999985694885254, "mode": "train", "epoch": 75}
{"loss": 0.4204423427581787, "acc": 0.9021739959716797, "length": 4.0, "mode": "test", "epoch": 75}
{"loss": 0.13984310626983643, "acc": 0.9472132921218872, "length": 3.9999899864196777, "mode": "train", "epoch": 76}
{"loss": 0.4505060911178589, "acc": 0.8826086521148682, "length": 4.0, "mode": "test", "epoch": 76}
{"loss": 0.14798851311206818, "acc": 0.9441632032394409, "length": 3.998265504837036, "mode": "train", "epoch": 77}
{"loss": 0.49146580696105957, "acc": 0.864130437374115, "length": 4.0, "mode": "test", "epoch": 77}
{"loss": 0.14478576183319092, "acc": 0.9398818016052246, "length": 3.999988555908203, "mode": "train", "epoch": 78}
{"loss": 0.44365745782852173, "acc": 0.8956521153450012, "length": 4.0, "mode": "test", "epoch": 78}
{"loss": 0.1398313045501709, "acc": 0.9442813396453857, "length": 3.9999988079071045, "mode": "train", "epoch": 79}
{"loss": 0.45168250799179077, "acc": 0.872826099395752, "length": 4.0, "mode": "test", "epoch": 79}
{"loss": 0.13133569061756134, "acc": 0.946480929851532, "length": 3.9999992847442627, "mode": "train", "epoch": 80}
{"loss": 0.4625743627548218, "acc": 0.8913044333457947, "length": 4.0, "mode": "test", "epoch": 80}
{"loss": 0.13304583728313446, "acc": 0.951970636844635, "length": 3.9998738765716553, "mode": "train", "epoch": 81}
{"loss": 0.4316813349723816, "acc": 0.904347836971283, "length": 4.0, "mode": "test", "epoch": 81}
{"loss": 0.12078668922185898, "acc": 0.9538062214851379, "length": 3.9999330043792725, "mode": "train", "epoch": 82}
{"loss": 0.4151572585105896, "acc": 0.9119566082954407, "length": 4.0, "mode": "test", "epoch": 82}
{"loss": 0.11835400760173798, "acc": 0.9600439667701721, "length": 3.999999523162842, "mode": "train", "epoch": 83}
{"loss": 0.3717140555381775, "acc": 0.9130434393882751, "length": 4.0, "mode": "test", "epoch": 83}
{"loss": 0.11662625521421432, "acc": 0.9593106508255005, "length": 3.9999985694885254, "mode": "train", "epoch": 84}
{"loss": 0.3766799569129944, "acc": 0.8967390656471252, "length": 4.0, "mode": "test", "epoch": 84}
{"loss": 0.12147411704063416, "acc": 0.9600439071655273, "length": 4.0, "mode": "train", "epoch": 85}
{"loss": 0.3644057810306549, "acc": 0.8978260159492493, "length": 4.0, "mode": "test", "epoch": 85}
{"loss": 0.1076454371213913, "acc": 0.9629718661308289, "length": 3.9999520778656006, "mode": "train", "epoch": 86}
{"loss": 0.38363534212112427, "acc": 0.9021738171577454, "length": 4.0, "mode": "test", "epoch": 86}
{"loss": 0.1161561831831932, "acc": 0.9596773386001587, "length": 3.9999985694885254, "mode": "train", "epoch": 87}
{"loss": 0.4082823097705841, "acc": 0.9054347276687622, "length": 4.0, "mode": "test", "epoch": 87}
{"loss": 0.11082317680120468, "acc": 0.9582107663154602, "length": 3.999997138977051, "mode": "train", "epoch": 88}
{"loss": 0.44630974531173706, "acc": 0.9043477773666382, "length": 4.0, "mode": "test", "epoch": 88}
{"loss": 0.1228431835770607, "acc": 0.9560117125511169, "length": 3.9999988079071045, "mode": "train", "epoch": 89}
{"loss": 0.4054107666015625, "acc": 0.9119566082954407, "length": 4.0, "mode": "test", "epoch": 89}
{"loss": 0.11484376341104507, "acc": 0.9611436128616333, "length": 3.9999992847442627, "mode": "train", "epoch": 90}
{"loss": 0.3596164882183075, "acc": 0.9119565486907959, "length": 4.0, "mode": "test", "epoch": 90}
{"loss": 0.10817059874534607, "acc": 0.9596771597862244, "length": 3.99999737739563, "mode": "train", "epoch": 91}
{"loss": 0.3943100571632385, "acc": 0.9054347276687622, "length": 4.0, "mode": "test", "epoch": 91}
{"loss": 0.1125340461730957, "acc": 0.9600439667701721, "length": 4.0, "mode": "train", "epoch": 92}
{"loss": 0.344946026802063, "acc": 0.9108694195747375, "length": 4.0, "mode": "test", "epoch": 92}
{"loss": 0.1277957707643509, "acc": 0.9538119435310364, "length": 3.999997854232788, "mode": "train", "epoch": 93}
{"loss": 0.39303261041641235, "acc": 0.9076086282730103, "length": 4.0, "mode": "test", "epoch": 93}
{"loss": 0.1481943279504776, "acc": 0.945014476776123, "length": 3.999998092651367, "mode": "train", "epoch": 94}
{"loss": 0.5109977126121521, "acc": 0.8728262186050415, "length": 4.0, "mode": "test", "epoch": 94}
{"loss": 0.14089660346508026, "acc": 0.9472131729125977, "length": 3.9999938011169434, "mode": "train", "epoch": 95}
{"loss": 0.3886576294898987, "acc": 0.8999999165534973, "length": 4.0, "mode": "test", "epoch": 95}
{"loss": 0.1356745809316635, "acc": 0.9494128823280334, "length": 3.999990701675415, "mode": "train", "epoch": 96}
{"loss": 0.4693193733692169, "acc": 0.885869562625885, "length": 4.0, "mode": "test", "epoch": 96}
{"loss": 0.13252949714660645, "acc": 0.9497799873352051, "length": 3.9999992847442627, "mode": "train", "epoch": 97}
{"loss": 0.3847573697566986, "acc": 0.904347836971283, "length": 4.0, "mode": "test", "epoch": 97}
{"loss": 0.11981899291276932, "acc": 0.9538113474845886, "length": 3.999987840652466, "mode": "train", "epoch": 98}
{"loss": 0.44486168026924133, "acc": 0.8880434036254883, "length": 4.0, "mode": "test", "epoch": 98}
{"loss": 0.1324911117553711, "acc": 0.9538043737411499, "length": 3.999901294708252, "mode": "train", "epoch": 99}
{"loss": 0.47687700390815735, "acc": 0.895652174949646, "length": 4.0, "mode": "test", "epoch": 99}
{"loss": 0.10654737800359726, "acc": 0.9599866271018982, "length": 3.999265432357788, "mode": "train", "epoch": 100}
{"loss": 0.40233466029167175, "acc": 0.9010869860649109, "length": 4.0, "mode": "test", "epoch": 100}
test accuracy: 0.7739583253860474
