# ["--attributes=3", "--values=3", "--game_size=4", "--vocab_size_factor=3", "--n_epochs=100", "--batch_size=64", "--learning_rate=0.001", "--hidden_size=256", "--temp_update=0.99", "--temperature=1"]
Creating train_ds and val_ds...

Creating test_ds...
{"loss": 0.7289711833000183, "acc": 0.5044532418251038, "length": 3.3650362491607666, "mode": "train", "epoch": 1}
{"loss": 0.7021135091781616, "acc": 0.5281532406806946, "length": 1.0, "mode": "test", "epoch": 1}
{"loss": 0.700757622718811, "acc": 0.5153754949569702, "length": 1.793095588684082, "mode": "train", "epoch": 2}
{"loss": 0.7034341096878052, "acc": 0.4740990400314331, "length": 1.0, "mode": "test", "epoch": 2}
{"loss": 0.6948236227035522, "acc": 0.5313370823860168, "length": 1.0196590423583984, "mode": "train", "epoch": 3}
{"loss": 0.7061717510223389, "acc": 0.4954955279827118, "length": 1.0, "mode": "test", "epoch": 3}
{"loss": 0.6939061880111694, "acc": 0.5299933552742004, "length": 1.0021581649780273, "mode": "train", "epoch": 4}
{"loss": 0.6977834701538086, "acc": 0.5011261105537415, "length": 1.0, "mode": "test", "epoch": 4}
{"loss": 0.6960358619689941, "acc": 0.5193860530853271, "length": 1.0008316040039062, "mode": "train", "epoch": 5}
{"loss": 0.6898980140686035, "acc": 0.5157658457756042, "length": 1.0, "mode": "test", "epoch": 5}
{"loss": 0.6934027075767517, "acc": 0.520126461982727, "length": 1.000609278678894, "mode": "train", "epoch": 6}
{"loss": 0.6955597996711731, "acc": 0.5033783316612244, "length": 1.0, "mode": "test", "epoch": 6}
{"loss": 0.6916078329086304, "acc": 0.5201321244239807, "length": 1.0002979040145874, "mode": "train", "epoch": 7}
{"loss": 0.7030975818634033, "acc": 0.47522518038749695, "length": 1.0, "mode": "test", "epoch": 7}
{"loss": 0.6936839818954468, "acc": 0.5197558999061584, "length": 1.0001254081726074, "mode": "train", "epoch": 8}
{"loss": 0.7035478353500366, "acc": 0.5, "length": 1.0, "mode": "test", "epoch": 8}
{"loss": 0.6904825568199158, "acc": 0.5037935376167297, "length": 1.001014232635498, "mode": "train", "epoch": 9}
{"loss": 0.7012107372283936, "acc": 0.4932432174682617, "length": 1.0, "mode": "test", "epoch": 9}
{"loss": 0.6937304735183716, "acc": 0.5182397961616516, "length": 1.0006532669067383, "mode": "train", "epoch": 10}
{"loss": 0.6984976530075073, "acc": 0.5022522807121277, "length": 1.0, "mode": "test", "epoch": 10}
{"loss": 0.6964499950408936, "acc": 0.5015202760696411, "length": 1.000195026397705, "mode": "train", "epoch": 11}
{"loss": 0.688812255859375, "acc": 0.5259009599685669, "length": 1.0, "mode": "test", "epoch": 11}
{"loss": 0.693868100643158, "acc": 0.5091232657432556, "length": 1.0004156827926636, "mode": "train", "epoch": 12}
{"loss": 0.6922403573989868, "acc": 0.4932432472705841, "length": 1.0, "mode": "test", "epoch": 12}
{"loss": 0.6920635104179382, "acc": 0.49695974588394165, "length": 1.0000838041305542, "mode": "train", "epoch": 13}
{"loss": 0.702043354511261, "acc": 0.4752252995967865, "length": 1.0, "mode": "test", "epoch": 13}
{"loss": 0.6965494155883789, "acc": 0.5201352834701538, "length": 1.0000557899475098, "mode": "train", "epoch": 14}
{"loss": 0.7007981538772583, "acc": 0.5022521615028381, "length": 1.0, "mode": "test", "epoch": 14}
{"loss": 0.690041184425354, "acc": 0.5224159955978394, "length": 1.0000759363174438, "mode": "train", "epoch": 15}
{"loss": 0.6899458169937134, "acc": 0.5337838530540466, "length": 1.0, "mode": "test", "epoch": 15}
{"loss": 0.6980794668197632, "acc": 0.5072190165519714, "length": 1.0000550746917725, "mode": "train", "epoch": 16}
{"loss": 0.6910932064056396, "acc": 0.5078829526901245, "length": 1.0, "mode": "test", "epoch": 16}
{"loss": 0.6924154758453369, "acc": 0.5068387389183044, "length": 1.0000452995300293, "mode": "train", "epoch": 17}
{"loss": 0.7021749019622803, "acc": 0.48648640513420105, "length": 1.0, "mode": "test", "epoch": 17}
{"loss": 0.6997206211090088, "acc": 0.5094985365867615, "length": 1.0000261068344116, "mode": "train", "epoch": 18}
{"loss": 0.6999809741973877, "acc": 0.4988738000392914, "length": 1.0, "mode": "test", "epoch": 18}
{"loss": 0.6891368627548218, "acc": 0.5334339737892151, "length": 1.0000306367874146, "mode": "train", "epoch": 19}
{"loss": 0.6883040070533752, "acc": 0.5259009003639221, "length": 1.0, "mode": "test", "epoch": 19}
{"loss": 0.6980547904968262, "acc": 0.5121585726737976, "length": 1.0000386238098145, "mode": "train", "epoch": 20}
{"loss": 0.6899889707565308, "acc": 0.5259008407592773, "length": 1.0, "mode": "test", "epoch": 20}
{"loss": 0.6904396414756775, "acc": 0.5334343910217285, "length": 1.000030755996704, "mode": "train", "epoch": 21}
{"loss": 0.6960958242416382, "acc": 0.5135135650634766, "length": 1.0, "mode": "test", "epoch": 21}
{"loss": 0.6909267902374268, "acc": 0.5281153917312622, "length": 1.0000303983688354, "mode": "train", "epoch": 22}
{"loss": 0.6977622509002686, "acc": 0.4988739490509033, "length": 1.0, "mode": "test", "epoch": 22}
{"loss": 0.6867101192474365, "acc": 0.5452123880386353, "length": 1.0000213384628296, "mode": "train", "epoch": 23}
{"loss": 0.6964510679244995, "acc": 0.49887391924858093, "length": 1.0, "mode": "test", "epoch": 23}
{"loss": 0.6875207424163818, "acc": 0.540273129940033, "length": 1.000035285949707, "mode": "train", "epoch": 24}
{"loss": 0.698758602142334, "acc": 0.507882833480835, "length": 1.0, "mode": "test", "epoch": 24}
{"loss": 0.688491940498352, "acc": 0.5208972692489624, "length": 1.0000516176223755, "mode": "train", "epoch": 25}
{"loss": 0.695177435874939, "acc": 0.5022522807121277, "length": 1.0, "mode": "test", "epoch": 25}
{"loss": 0.6908891201019287, "acc": 0.5307751893997192, "length": 1.000023365020752, "mode": "train", "epoch": 26}
{"loss": 0.689241349697113, "acc": 0.5518018007278442, "length": 1.0, "mode": "test", "epoch": 26}
{"loss": 0.6964980959892273, "acc": 0.5216565132141113, "length": 1.0000523328781128, "mode": "train", "epoch": 27}
{"loss": 0.6871328353881836, "acc": 0.5495494604110718, "length": 1.0, "mode": "test", "epoch": 27}
{"loss": 0.6933106184005737, "acc": 0.5212764739990234, "length": 1.0000187158584595, "mode": "train", "epoch": 28}
{"loss": 0.6992118954658508, "acc": 0.4864864945411682, "length": 1.0, "mode": "test", "epoch": 28}
{"loss": 0.6920928955078125, "acc": 0.5239361524581909, "length": 1.0000132322311401, "mode": "train", "epoch": 29}
{"loss": 0.6969316005706787, "acc": 0.522522509098053, "length": 1.0, "mode": "test", "epoch": 29}
{"loss": 0.6916360259056091, "acc": 0.5417937636375427, "length": 1.0000344514846802, "mode": "train", "epoch": 30}
{"loss": 0.6925204992294312, "acc": 0.5484233498573303, "length": 1.0, "mode": "test", "epoch": 30}
{"loss": 0.6992623209953308, "acc": 0.5387508273124695, "length": 1.0001702308654785, "mode": "train", "epoch": 31}
{"loss": 0.6933939456939697, "acc": 0.5022522807121277, "length": 1.0, "mode": "test", "epoch": 31}
{"loss": 0.6880840063095093, "acc": 0.533054530620575, "length": 1.0000108480453491, "mode": "train", "epoch": 32}
{"loss": 0.689397931098938, "acc": 0.5123875141143799, "length": 1.0, "mode": "test", "epoch": 32}
{"loss": 0.691687822341919, "acc": 0.529634952545166, "length": 1.0000637769699097, "mode": "train", "epoch": 33}
{"loss": 0.6928579807281494, "acc": 0.5135135650634766, "length": 1.0, "mode": "test", "epoch": 33}
{"loss": 0.6867529153823853, "acc": 0.5398712754249573, "length": 1.0014228820800781, "mode": "train", "epoch": 34}
{"loss": 0.6910848617553711, "acc": 0.5326577425003052, "length": 1.0, "mode": "test", "epoch": 34}
{"loss": 0.6864902377128601, "acc": 0.5417934656143188, "length": 1.0000230073928833, "mode": "train", "epoch": 35}
{"loss": 0.6909509301185608, "acc": 0.5135135650634766, "length": 1.0, "mode": "test", "epoch": 35}
{"loss": 0.6879124045372009, "acc": 0.5341930389404297, "length": 1.0000839233398438, "mode": "train", "epoch": 36}
{"loss": 0.6912204623222351, "acc": 0.5157657265663147, "length": 1.0, "mode": "test", "epoch": 36}
{"loss": 0.6870129108428955, "acc": 0.5406529307365417, "length": 1.0000249147415161, "mode": "train", "epoch": 37}
{"loss": 0.6983153820037842, "acc": 0.49887385964393616, "length": 1.0, "mode": "test", "epoch": 37}
{"loss": 0.6902952194213867, "acc": 0.5265957713127136, "length": 1.0000057220458984, "mode": "train", "epoch": 38}
{"loss": 0.6970515251159668, "acc": 0.5168918371200562, "length": 1.0, "mode": "test", "epoch": 38}
{"loss": 0.6866182684898376, "acc": 0.5425531268119812, "length": 1.0000101327896118, "mode": "train", "epoch": 39}
{"loss": 0.6839393973350525, "acc": 0.5675675868988037, "length": 1.0, "mode": "test", "epoch": 39}
{"loss": 0.6939377784729004, "acc": 0.5288757085800171, "length": 1.000035285949707, "mode": "train", "epoch": 40}
{"loss": 0.6845399141311646, "acc": 0.5394144058227539, "length": 1.0, "mode": "test", "epoch": 40}
{"loss": 0.685625433921814, "acc": 0.5554710626602173, "length": 1.0000035762786865, "mode": "train", "epoch": 41}
{"loss": 0.694144070148468, "acc": 0.5078828930854797, "length": 1.0, "mode": "test", "epoch": 41}
{"loss": 0.6904875636100769, "acc": 0.5349544286727905, "length": 1.0000052452087402, "mode": "train", "epoch": 42}
{"loss": 0.7030664682388306, "acc": 0.5090090036392212, "length": 1.0, "mode": "test", "epoch": 42}
{"loss": 0.6857019662857056, "acc": 0.5433164834976196, "length": 1.0006036758422852, "mode": "train", "epoch": 43}
{"loss": 0.6922051906585693, "acc": 0.5337837934494019, "length": 1.0, "mode": "test", "epoch": 43}
{"loss": 0.6828858852386475, "acc": 0.5528114438056946, "length": 1.0000226497650146, "mode": "train", "epoch": 44}
{"loss": 0.6888169050216675, "acc": 0.5202702283859253, "length": 1.0, "mode": "test", "epoch": 44}
{"loss": 0.6860942244529724, "acc": 0.5387538075447083, "length": 1.0000039339065552, "mode": "train", "epoch": 45}
{"loss": 0.6928683519363403, "acc": 0.5135135650634766, "length": 1.0, "mode": "test", "epoch": 45}
{"loss": 0.6851824522018433, "acc": 0.5455926656723022, "length": 1.0000005960464478, "mode": "train", "epoch": 46}
{"loss": 0.6910533905029297, "acc": 0.5506756901741028, "length": 1.0, "mode": "test", "epoch": 46}
{"loss": 0.681396484375, "acc": 0.5448328256607056, "length": 1.0000014305114746, "mode": "train", "epoch": 47}
{"loss": 0.6898701190948486, "acc": 0.5506756901741028, "length": 1.0, "mode": "test", "epoch": 47}
{"loss": 0.683070182800293, "acc": 0.5600304007530212, "length": 1.0000014305114746, "mode": "train", "epoch": 48}
{"loss": 0.6885688304901123, "acc": 0.5360360145568848, "length": 1.0, "mode": "test", "epoch": 48}
{"loss": 0.6826979517936707, "acc": 0.561170220375061, "length": 1.000000238418579, "mode": "train", "epoch": 49}
{"loss": 0.6890670657157898, "acc": 0.5529279708862305, "length": 1.0, "mode": "test", "epoch": 49}
{"loss": 0.6869556307792664, "acc": 0.5596504807472229, "length": 1.000000238418579, "mode": "train", "epoch": 50}
{"loss": 0.6909061670303345, "acc": 0.5202703475952148, "length": 1.0, "mode": "test", "epoch": 50}
{"loss": 0.6792049407958984, "acc": 0.5501520037651062, "length": 1.0000005960464478, "mode": "train", "epoch": 51}
{"loss": 0.7003836035728455, "acc": 0.5213963985443115, "length": 1.0, "mode": "test", "epoch": 51}
{"loss": 0.6873149871826172, "acc": 0.5402735471725464, "length": 1.0000007152557373, "mode": "train", "epoch": 52}
{"loss": 0.6996065378189087, "acc": 0.5101352334022522, "length": 1.0, "mode": "test", "epoch": 52}
{"loss": 0.6828963160514832, "acc": 0.5444527268409729, "length": 1.000014066696167, "mode": "train", "epoch": 53}
{"loss": 0.6983532905578613, "acc": 0.5180180072784424, "length": 1.0, "mode": "test", "epoch": 53}
{"loss": 0.684144914150238, "acc": 0.5531914830207825, "length": 1.0000005960464478, "mode": "train", "epoch": 54}
{"loss": 0.6975909471511841, "acc": 0.5349099636077881, "length": 1.0, "mode": "test", "epoch": 54}
{"loss": 0.6841797232627869, "acc": 0.5623100399971008, "length": 1.0000014305114746, "mode": "train", "epoch": 55}
{"loss": 0.6935139894485474, "acc": 0.5675675868988037, "length": 1.0, "mode": "test", "epoch": 55}
{"loss": 0.6868688464164734, "acc": 0.5645896792411804, "length": 1.0, "mode": "train", "epoch": 56}
{"loss": 0.6889373660087585, "acc": 0.5259008407592773, "length": 1.0, "mode": "test", "epoch": 56}
{"loss": 0.683810830116272, "acc": 0.5573708415031433, "length": 1.0000014305114746, "mode": "train", "epoch": 57}
{"loss": 0.7018195390701294, "acc": 0.5213963389396667, "length": 1.0, "mode": "test", "epoch": 57}
{"loss": 0.6892973780632019, "acc": 0.5414133667945862, "length": 1.0000027418136597, "mode": "train", "epoch": 58}
{"loss": 0.6951114535331726, "acc": 0.5349099040031433, "length": 1.0, "mode": "test", "epoch": 58}
{"loss": 0.6838316321372986, "acc": 0.5638298392295837, "length": 1.0, "mode": "train", "epoch": 59}
{"loss": 0.6888951063156128, "acc": 0.5472973585128784, "length": 1.0, "mode": "test", "epoch": 59}
{"loss": 0.6837849617004395, "acc": 0.5721884369850159, "length": 1.000000238418579, "mode": "train", "epoch": 60}
{"loss": 0.6895915269851685, "acc": 0.546171247959137, "length": 1.0, "mode": "test", "epoch": 60}
{"loss": 0.6836205720901489, "acc": 0.5672492384910583, "length": 1.000001311302185, "mode": "train", "epoch": 61}
{"loss": 0.6867356300354004, "acc": 0.5281532406806946, "length": 1.0, "mode": "test", "epoch": 61}
{"loss": 0.6797401905059814, "acc": 0.56686931848526, "length": 1.0000001192092896, "mode": "train", "epoch": 62}
{"loss": 0.6890129446983337, "acc": 0.5382882952690125, "length": 1.0, "mode": "test", "epoch": 62}
{"loss": 0.6770586967468262, "acc": 0.5630698800086975, "length": 1.0000001192092896, "mode": "train", "epoch": 63}
{"loss": 0.6913572549819946, "acc": 0.5371622443199158, "length": 1.0, "mode": "test", "epoch": 63}
{"loss": 0.6828325986862183, "acc": 0.5588906407356262, "length": 1.0, "mode": "train", "epoch": 64}
{"loss": 0.6907816529273987, "acc": 0.5484234094619751, "length": 1.0, "mode": "test", "epoch": 64}
{"loss": 0.67684406042099, "acc": 0.5619300603866577, "length": 1.0, "mode": "train", "epoch": 65}
{"loss": 0.6850402355194092, "acc": 0.5641891956329346, "length": 1.0, "mode": "test", "epoch": 65}
{"loss": 0.6864655017852783, "acc": 0.5740881562232971, "length": 1.000001072883606, "mode": "train", "epoch": 66}
{"loss": 0.6860723495483398, "acc": 0.5630630850791931, "length": 1.0, "mode": "test", "epoch": 66}
{"loss": 0.6764267683029175, "acc": 0.5702887177467346, "length": 1.0, "mode": "train", "epoch": 67}
{"loss": 0.6852952241897583, "acc": 0.5518017411231995, "length": 1.0, "mode": "test", "epoch": 67}
{"loss": 0.6849247217178345, "acc": 0.5759878754615784, "length": 1.0, "mode": "train", "epoch": 68}
{"loss": 0.6952807903289795, "acc": 0.5067566633224487, "length": 1.0, "mode": "test", "epoch": 68}
{"loss": 0.6812748312950134, "acc": 0.5585110783576965, "length": 1.0000113248825073, "mode": "train", "epoch": 69}
{"loss": 0.6894417405128479, "acc": 0.5382882952690125, "length": 1.0, "mode": "test", "epoch": 69}
{"loss": 0.6813885569572449, "acc": 0.5828267335891724, "length": 1.0000008344650269, "mode": "train", "epoch": 70}
{"loss": 0.6885328888893127, "acc": 0.5608108639717102, "length": 1.0, "mode": "test", "epoch": 70}
{"loss": 0.6780757308006287, "acc": 0.5661094188690186, "length": 1.000003695487976, "mode": "train", "epoch": 71}
{"loss": 0.6916406154632568, "acc": 0.5608108639717102, "length": 1.0, "mode": "test", "epoch": 71}
{"loss": 0.6841053366661072, "acc": 0.556218683719635, "length": 1.0008997917175293, "mode": "train", "epoch": 72}
{"loss": 0.6946483254432678, "acc": 0.5382882356643677, "length": 1.0, "mode": "test", "epoch": 72}
{"loss": 0.6779000759124756, "acc": 0.5543313026428223, "length": 1.0, "mode": "train", "epoch": 73}
{"loss": 0.6900677680969238, "acc": 0.5394144654273987, "length": 1.0, "mode": "test", "epoch": 73}
{"loss": 0.677952229976654, "acc": 0.5554711222648621, "length": 1.0, "mode": "train", "epoch": 74}
{"loss": 0.6906186938285828, "acc": 0.5315315127372742, "length": 1.0, "mode": "test", "epoch": 74}
{"loss": 0.6763367652893066, "acc": 0.5744659304618835, "length": 1.0001198053359985, "mode": "train", "epoch": 75}
{"loss": 0.6930279731750488, "acc": 0.5540540218353271, "length": 1.0, "mode": "test", "epoch": 75}
{"loss": 0.689079761505127, "acc": 0.5448328256607056, "length": 1.0, "mode": "train", "epoch": 76}
{"loss": 0.6962790489196777, "acc": 0.5518017411231995, "length": 1.0, "mode": "test", "epoch": 76}
{"loss": 0.6758305430412292, "acc": 0.5801671147346497, "length": 1.0, "mode": "train", "epoch": 77}
{"loss": 0.6921486258506775, "acc": 0.542792797088623, "length": 1.0, "mode": "test", "epoch": 77}
{"loss": 0.690194308757782, "acc": 0.5512917637825012, "length": 1.0, "mode": "train", "epoch": 78}
{"loss": 0.689757764339447, "acc": 0.5596846342086792, "length": 1.0, "mode": "test", "epoch": 78}
{"loss": 0.6732832193374634, "acc": 0.5820668339729309, "length": 1.0, "mode": "train", "epoch": 79}
{"loss": 0.6871490478515625, "acc": 0.5281532406806946, "length": 1.0, "mode": "test", "epoch": 79}
{"loss": 0.6808878779411316, "acc": 0.5664893388748169, "length": 1.0, "mode": "train", "epoch": 80}
{"loss": 0.693121612071991, "acc": 0.5394144058227539, "length": 1.0, "mode": "test", "epoch": 80}
{"loss": 0.688210666179657, "acc": 0.5543312430381775, "length": 1.0000030994415283, "mode": "train", "epoch": 81}
{"loss": 0.6865202188491821, "acc": 0.5596848130226135, "length": 1.0, "mode": "test", "epoch": 81}
{"loss": 0.6792318224906921, "acc": 0.5862461924552917, "length": 1.0, "mode": "train", "epoch": 82}
{"loss": 0.6858998537063599, "acc": 0.5416667461395264, "length": 1.0, "mode": "test", "epoch": 82}
{"loss": 0.6742309927940369, "acc": 0.5550912022590637, "length": 1.0000001192092896, "mode": "train", "epoch": 83}
{"loss": 0.6854875683784485, "acc": 0.5529279708862305, "length": 1.0, "mode": "test", "epoch": 83}
{"loss": 0.6729631423950195, "acc": 0.5653495192527771, "length": 1.0, "mode": "train", "epoch": 84}
{"loss": 0.6895768642425537, "acc": 0.5461711883544922, "length": 1.0, "mode": "test", "epoch": 84}
{"loss": 0.6837735176086426, "acc": 0.5543313026428223, "length": 1.0, "mode": "train", "epoch": 85}
{"loss": 0.6923854351043701, "acc": 0.5472973585128784, "length": 1.0, "mode": "test", "epoch": 85}
{"loss": 0.6778740286827087, "acc": 0.5626899600028992, "length": 1.0, "mode": "train", "epoch": 86}
{"loss": 0.6887426376342773, "acc": 0.5675675868988037, "length": 1.0, "mode": "test", "epoch": 86}
{"loss": 0.6691913604736328, "acc": 0.5832067131996155, "length": 1.0, "mode": "train", "epoch": 87}
{"loss": 0.6879686713218689, "acc": 0.5720720887184143, "length": 1.0, "mode": "test", "epoch": 87}
{"loss": 0.6720178127288818, "acc": 0.5786474347114563, "length": 1.0, "mode": "train", "epoch": 88}
{"loss": 0.6901651620864868, "acc": 0.546171247959137, "length": 1.0, "mode": "test", "epoch": 88}
{"loss": 0.6829814314842224, "acc": 0.5653495192527771, "length": 1.0, "mode": "train", "epoch": 89}
{"loss": 0.6938126683235168, "acc": 0.5382882952690125, "length": 1.0, "mode": "test", "epoch": 89}
{"loss": 0.6753668785095215, "acc": 0.5714285969734192, "length": 1.0, "mode": "train", "epoch": 90}
{"loss": 0.6893361806869507, "acc": 0.5551801919937134, "length": 1.0, "mode": "test", "epoch": 90}
{"loss": 0.6807326078414917, "acc": 0.5721884369850159, "length": 1.0, "mode": "train", "epoch": 91}
{"loss": 0.6930227875709534, "acc": 0.5720720887184143, "length": 1.0, "mode": "test", "epoch": 91}
{"loss": 0.6810307502746582, "acc": 0.5801671147346497, "length": 1.0, "mode": "train", "epoch": 92}
{"loss": 0.6912611722946167, "acc": 0.5315315127372742, "length": 1.0, "mode": "test", "epoch": 92}
{"loss": 0.6753309965133667, "acc": 0.5497720837593079, "length": 1.0000005960464478, "mode": "train", "epoch": 93}
{"loss": 0.687484622001648, "acc": 0.5495495200157166, "length": 1.0, "mode": "test", "epoch": 93}
{"loss": 0.6769530773162842, "acc": 0.5661094188690186, "length": 1.0, "mode": "train", "epoch": 94}
{"loss": 0.6840714812278748, "acc": 0.5574324131011963, "length": 1.0, "mode": "test", "epoch": 94}
{"loss": 0.6731047034263611, "acc": 0.5771276354789734, "length": 1.0, "mode": "train", "epoch": 95}
{"loss": 0.6850718855857849, "acc": 0.546171247959137, "length": 1.0, "mode": "test", "epoch": 95}
{"loss": 0.6744133234024048, "acc": 0.5657294988632202, "length": 1.0, "mode": "train", "epoch": 96}
{"loss": 0.6927080154418945, "acc": 0.5641891956329346, "length": 1.0, "mode": "test", "epoch": 96}
{"loss": 0.6799180507659912, "acc": 0.5752279758453369, "length": 1.0, "mode": "train", "epoch": 97}
{"loss": 0.6908242702484131, "acc": 0.5281531810760498, "length": 1.0, "mode": "test", "epoch": 97}
{"loss": 0.6780310869216919, "acc": 0.5759878158569336, "length": 1.0, "mode": "train", "epoch": 98}
{"loss": 0.690353274345398, "acc": 0.5720720887184143, "length": 1.0, "mode": "test", "epoch": 98}
{"loss": 0.6784378886222839, "acc": 0.5862461924552917, "length": 1.0, "mode": "train", "epoch": 99}
{"loss": 0.6841535568237305, "acc": 0.5360360741615295, "length": 1.0, "mode": "test", "epoch": 99}
{"loss": 0.6802883148193359, "acc": 0.5805470943450928, "length": 1.0, "mode": "train", "epoch": 100}
{"loss": 0.6885735988616943, "acc": 0.5765765905380249, "length": 1.0, "mode": "test", "epoch": 100}
test accuracy: 0.22610294818878174
