# ["--attributes=3", "--values=3", "--game_size=4", "--vocab_size_factor=3", "--n_epochs=100", "--batch_size=64", "--learning_rate=0.0005", "--hidden_size=256", "--temp_update=0.99", "--temperature=1"]
Creating train_ds and val_ds...

Creating test_ds...
{"loss": 0.7089940905570984, "acc": 0.5117848515510559, "length": 3.5294687747955322, "mode": "train", "epoch": 1}
{"loss": 0.7023133039474487, "acc": 0.49225664138793945, "length": 1.0, "mode": "test", "epoch": 1}
{"loss": 0.6915889978408813, "acc": 0.5373120903968811, "length": 3.206387758255005, "mode": "train", "epoch": 2}
{"loss": 0.6987766027450562, "acc": 0.48672565817832947, "length": 1.0, "mode": "test", "epoch": 2}
{"loss": 0.6871864795684814, "acc": 0.533210039138794, "length": 3.0846712589263916, "mode": "train", "epoch": 3}
{"loss": 0.69866544008255, "acc": 0.4955752193927765, "length": 1.0, "mode": "test", "epoch": 3}
{"loss": 0.6903772354125977, "acc": 0.5504725575447083, "length": 2.8295440673828125, "mode": "train", "epoch": 4}
{"loss": 0.6959424018859863, "acc": 0.463495671749115, "length": 1.0, "mode": "test", "epoch": 4}
{"loss": 0.6789590120315552, "acc": 0.5742833018302917, "length": 2.523206949234009, "mode": "train", "epoch": 5}
{"loss": 0.6972031593322754, "acc": 0.46986186504364014, "length": 1.0088495016098022, "mode": "test", "epoch": 5}
{"loss": 0.668668270111084, "acc": 0.593234658241272, "length": 2.4211831092834473, "mode": "train", "epoch": 6}
{"loss": 0.6645755767822266, "acc": 0.596691906452179, "length": 1.8938052654266357, "mode": "test", "epoch": 6}
{"loss": 0.6525150537490845, "acc": 0.6351214051246643, "length": 2.652477979660034, "mode": "train", "epoch": 7}
{"loss": 0.6250566244125366, "acc": 0.6671475172042847, "length": 2.4778761863708496, "mode": "test", "epoch": 7}
{"loss": 0.6141607761383057, "acc": 0.7133741974830627, "length": 2.7300615310668945, "mode": "train", "epoch": 8}
{"loss": 0.5860743522644043, "acc": 0.7394220232963562, "length": 2.805309772491455, "mode": "test", "epoch": 8}
{"loss": 0.5620458126068115, "acc": 0.758769154548645, "length": 2.873631477355957, "mode": "train", "epoch": 9}
{"loss": 0.5460248589515686, "acc": 0.7633194923400879, "length": 3.0176990032196045, "mode": "test", "epoch": 9}
{"loss": 0.5063831210136414, "acc": 0.7816547155380249, "length": 3.1749205589294434, "mode": "train", "epoch": 10}
{"loss": 0.5117555260658264, "acc": 0.7620925903320312, "length": 3.460176944732666, "mode": "test", "epoch": 10}
{"loss": 0.4698713719844818, "acc": 0.7834577560424805, "length": 3.3907227516174316, "mode": "train", "epoch": 11}
{"loss": 0.4990118741989136, "acc": 0.776679515838623, "length": 3.6017699241638184, "mode": "test", "epoch": 11}
{"loss": 0.4439101815223694, "acc": 0.7854914665222168, "length": 3.49753737449646, "mode": "train", "epoch": 12}
{"loss": 0.47446510195732117, "acc": 0.8078407645225525, "length": 3.6371681690216064, "mode": "test", "epoch": 12}
{"loss": 0.4293443560600281, "acc": 0.8059694170951843, "length": 3.5646181106567383, "mode": "train", "epoch": 13}
{"loss": 0.4773885905742645, "acc": 0.8076343536376953, "length": 3.6283185482025146, "mode": "test", "epoch": 13}
{"loss": 0.40874576568603516, "acc": 0.8166783452033997, "length": 3.5971832275390625, "mode": "train", "epoch": 14}
{"loss": 0.4722881019115448, "acc": 0.7834511399269104, "length": 3.6725664138793945, "mode": "test", "epoch": 14}
{"loss": 0.3881865441799164, "acc": 0.8185664415359497, "length": 3.6305716037750244, "mode": "train", "epoch": 15}
{"loss": 0.4586418867111206, "acc": 0.8015498518943787, "length": 3.61061954498291, "mode": "test", "epoch": 15}
{"loss": 0.39019548892974854, "acc": 0.8291613459587097, "length": 3.566187620162964, "mode": "train", "epoch": 16}
{"loss": 0.44752001762390137, "acc": 0.8139649629592896, "length": 3.619468927383423, "mode": "test", "epoch": 16}
{"loss": 0.3684002161026001, "acc": 0.8352392315864563, "length": 3.682495594024658, "mode": "train", "epoch": 17}
{"loss": 0.44455236196517944, "acc": 0.8035010695457458, "length": 3.8230087757110596, "mode": "test", "epoch": 17}
{"loss": 0.3732275366783142, "acc": 0.8362836837768555, "length": 3.796724557876587, "mode": "train", "epoch": 18}
{"loss": 0.4127568006515503, "acc": 0.8187780976295471, "length": 3.769911527633667, "mode": "test", "epoch": 18}
{"loss": 0.3517493009567261, "acc": 0.8452713489532471, "length": 3.7283577919006348, "mode": "train", "epoch": 19}
{"loss": 0.42407315969467163, "acc": 0.8217044472694397, "length": 3.7433629035949707, "mode": "test", "epoch": 19}
{"loss": 0.3521801829338074, "acc": 0.8520833849906921, "length": 3.71283221244812, "mode": "train", "epoch": 20}
{"loss": 0.4270032048225403, "acc": 0.8156241178512573, "length": 3.690265417098999, "mode": "test", "epoch": 20}
{"loss": 0.34653156995773315, "acc": 0.8555943965911865, "length": 3.707995891571045, "mode": "train", "epoch": 21}
{"loss": 0.4244236350059509, "acc": 0.8203245997428894, "length": 3.7433629035949707, "mode": "test", "epoch": 21}
{"loss": 0.35313349962234497, "acc": 0.8595101833343506, "length": 3.7338929176330566, "mode": "train", "epoch": 22}
{"loss": 0.42386162281036377, "acc": 0.8157039880752563, "length": 3.761061906814575, "mode": "test", "epoch": 22}
{"loss": 0.33171647787094116, "acc": 0.869741678237915, "length": 3.7528696060180664, "mode": "train", "epoch": 23}
{"loss": 0.4099869430065155, "acc": 0.8158820271492004, "length": 3.725663661956787, "mode": "test", "epoch": 23}
{"loss": 0.3125035762786865, "acc": 0.858094334602356, "length": 3.767716884613037, "mode": "train", "epoch": 24}
{"loss": 0.4192121624946594, "acc": 0.8140661120414734, "length": 3.814159393310547, "mode": "test", "epoch": 24}
{"loss": 0.3150927424430847, "acc": 0.8651118278503418, "length": 3.8116204738616943, "mode": "train", "epoch": 25}
{"loss": 0.41475826501846313, "acc": 0.8196020126342773, "length": 3.8672566413879395, "mode": "test", "epoch": 25}
{"loss": 0.318526029586792, "acc": 0.8775513768196106, "length": 3.8429031372070312, "mode": "train", "epoch": 26}
{"loss": 0.3985259532928467, "acc": 0.8325437903404236, "length": 3.8761062622070312, "mode": "test", "epoch": 26}
{"loss": 0.2979094386100769, "acc": 0.874865710735321, "length": 3.851431369781494, "mode": "train", "epoch": 27}
{"loss": 0.3966931104660034, "acc": 0.8363375663757324, "length": 3.8672566413879395, "mode": "test", "epoch": 27}
{"loss": 0.29293447732925415, "acc": 0.8826497197151184, "length": 3.863100528717041, "mode": "train", "epoch": 28}
{"loss": 0.40612897276878357, "acc": 0.824214518070221, "length": 3.884955644607544, "mode": "test", "epoch": 28}
{"loss": 0.30135229229927063, "acc": 0.882735550403595, "length": 3.880042791366577, "mode": "train", "epoch": 29}
{"loss": 0.3764682412147522, "acc": 0.8483879566192627, "length": 3.8584070205688477, "mode": "test", "epoch": 29}
{"loss": 0.28899186849594116, "acc": 0.8775444626808167, "length": 3.839223623275757, "mode": "train", "epoch": 30}
{"loss": 0.388807088136673, "acc": 0.8415690064430237, "length": 3.8761062622070312, "mode": "test", "epoch": 30}
{"loss": 0.28456103801727295, "acc": 0.884044885635376, "length": 3.8477671146392822, "mode": "train", "epoch": 31}
{"loss": 0.38181573152542114, "acc": 0.841217041015625, "length": 3.8584070205688477, "mode": "test", "epoch": 31}
{"loss": 0.2608485817909241, "acc": 0.8909046649932861, "length": 3.866912841796875, "mode": "train", "epoch": 32}
{"loss": 0.38593584299087524, "acc": 0.8404180407524109, "length": 3.840708017349243, "mode": "test", "epoch": 32}
{"loss": 0.2689536511898041, "acc": 0.8926693797111511, "length": 3.8558881282806396, "mode": "train", "epoch": 33}
{"loss": 0.33692681789398193, "acc": 0.8629260659217834, "length": 3.7964601516723633, "mode": "test", "epoch": 33}
{"loss": 0.27339255809783936, "acc": 0.8975098729133606, "length": 3.847839832305908, "mode": "train", "epoch": 34}
{"loss": 0.3532646894454956, "acc": 0.8672835230827332, "length": 3.7964601516723633, "mode": "test", "epoch": 34}
{"loss": 0.2541252076625824, "acc": 0.8978481292724609, "length": 3.8386945724487305, "mode": "train", "epoch": 35}
{"loss": 0.37025657296180725, "acc": 0.8697187304496765, "length": 3.8230087757110596, "mode": "test", "epoch": 35}
{"loss": 0.23203782737255096, "acc": 0.9068964123725891, "length": 3.8302836418151855, "mode": "train", "epoch": 36}
{"loss": 0.36147260665893555, "acc": 0.8718206286430359, "length": 3.8584070205688477, "mode": "test", "epoch": 36}
{"loss": 0.22956344485282898, "acc": 0.9068563580513, "length": 3.884249687194824, "mode": "train", "epoch": 37}
{"loss": 0.32515043020248413, "acc": 0.8768761157989502, "length": 3.884955644607544, "mode": "test", "epoch": 37}
{"loss": 0.25280627608299255, "acc": 0.9049498438835144, "length": 3.903103828430176, "mode": "train", "epoch": 38}
{"loss": 0.3436066210269928, "acc": 0.8743562698364258, "length": 3.9115045070648193, "mode": "test", "epoch": 38}
{"loss": 0.23125486075878143, "acc": 0.903827428817749, "length": 3.893484354019165, "mode": "train", "epoch": 39}
{"loss": 0.33662712574005127, "acc": 0.8779990077018738, "length": 3.9115045070648193, "mode": "test", "epoch": 39}
{"loss": 0.2319769263267517, "acc": 0.9068900346755981, "length": 3.9228811264038086, "mode": "train", "epoch": 40}
{"loss": 0.3598313331604004, "acc": 0.8681380748748779, "length": 3.920353889465332, "mode": "test", "epoch": 40}
{"loss": 0.24147558212280273, "acc": 0.9053778052330017, "length": 3.8938169479370117, "mode": "train", "epoch": 41}
{"loss": 0.36298882961273193, "acc": 0.8631006479263306, "length": 3.884955644607544, "mode": "test", "epoch": 41}
{"loss": 0.2522302567958832, "acc": 0.9073986411094666, "length": 3.8861281871795654, "mode": "train", "epoch": 42}
{"loss": 0.3482958674430847, "acc": 0.8674824237823486, "length": 3.8230087757110596, "mode": "test", "epoch": 42}
{"loss": 0.24785488843917847, "acc": 0.9126876592636108, "length": 3.867755889892578, "mode": "train", "epoch": 43}
{"loss": 0.34541594982147217, "acc": 0.8794613480567932, "length": 3.849557638168335, "mode": "test", "epoch": 43}
{"loss": 0.2505885660648346, "acc": 0.8980937004089355, "length": 3.8825814723968506, "mode": "train", "epoch": 44}
{"loss": 0.31869369745254517, "acc": 0.8753305673599243, "length": 3.814159393310547, "mode": "test", "epoch": 44}
{"loss": 0.24466727674007416, "acc": 0.9021116495132446, "length": 3.8439295291900635, "mode": "train", "epoch": 45}
{"loss": 0.293612003326416, "acc": 0.8861057162284851, "length": 3.884955644607544, "mode": "test", "epoch": 45}
{"loss": 0.25108617544174194, "acc": 0.9061392545700073, "length": 3.9152326583862305, "mode": "train", "epoch": 46}
{"loss": 0.33157461881637573, "acc": 0.8806518912315369, "length": 3.8584070205688477, "mode": "test", "epoch": 46}
{"loss": 0.2504040002822876, "acc": 0.9093767404556274, "length": 3.867190361022949, "mode": "train", "epoch": 47}
{"loss": 0.31663134694099426, "acc": 0.8771345615386963, "length": 3.814159393310547, "mode": "test", "epoch": 47}
{"loss": 0.22565841674804688, "acc": 0.9123620986938477, "length": 3.8460512161254883, "mode": "train", "epoch": 48}
{"loss": 0.31962138414382935, "acc": 0.876539409160614, "length": 3.8230087757110596, "mode": "test", "epoch": 48}
{"loss": 0.21481315791606903, "acc": 0.9147576689720154, "length": 3.854565143585205, "mode": "train", "epoch": 49}
{"loss": 0.3201555907726288, "acc": 0.8785192966461182, "length": 3.7964601516723633, "mode": "test", "epoch": 49}
{"loss": 0.21072326600551605, "acc": 0.9151437282562256, "length": 3.8393077850341797, "mode": "train", "epoch": 50}
{"loss": 0.31647029519081116, "acc": 0.8959891200065613, "length": 3.805309772491455, "mode": "test", "epoch": 50}
{"loss": 0.2100273072719574, "acc": 0.927013635635376, "length": 3.884713888168335, "mode": "train", "epoch": 51}
{"loss": 0.29933011531829834, "acc": 0.9008749723434448, "length": 3.849557638168335, "mode": "test", "epoch": 51}
{"loss": 0.20041784644126892, "acc": 0.9170311689376831, "length": 3.868659019470215, "mode": "train", "epoch": 52}
{"loss": 0.3132471442222595, "acc": 0.8840225338935852, "length": 3.9115045070648193, "mode": "test", "epoch": 52}
{"loss": 0.20935046672821045, "acc": 0.9184518456459045, "length": 3.9466352462768555, "mode": "train", "epoch": 53}
{"loss": 0.30381202697753906, "acc": 0.8873676657676697, "length": 3.929203510284424, "mode": "test", "epoch": 53}
{"loss": 0.20536665618419647, "acc": 0.9197851419448853, "length": 3.9155778884887695, "mode": "train", "epoch": 54}
{"loss": 0.311129629611969, "acc": 0.8979380130767822, "length": 3.8318583965301514, "mode": "test", "epoch": 54}
{"loss": 0.20267963409423828, "acc": 0.9210249781608582, "length": 3.8792243003845215, "mode": "train", "epoch": 55}
{"loss": 0.31772834062576294, "acc": 0.8836454153060913, "length": 3.840708017349243, "mode": "test", "epoch": 55}
{"loss": 0.20325222611427307, "acc": 0.9256294965744019, "length": 3.8662166595458984, "mode": "train", "epoch": 56}
{"loss": 0.32167068123817444, "acc": 0.8661214709281921, "length": 3.814159393310547, "mode": "test", "epoch": 56}
{"loss": 0.19027173519134521, "acc": 0.9253877997398376, "length": 3.8598296642303467, "mode": "train", "epoch": 57}
{"loss": 0.3052920699119568, "acc": 0.8906076550483704, "length": 3.805309772491455, "mode": "test", "epoch": 57}
{"loss": 0.20671606063842773, "acc": 0.921813428401947, "length": 3.8334462642669678, "mode": "train", "epoch": 58}
{"loss": 0.3206322193145752, "acc": 0.8914371728897095, "length": 3.814159393310547, "mode": "test", "epoch": 58}
{"loss": 0.20841918885707855, "acc": 0.9235630035400391, "length": 3.885035753250122, "mode": "train", "epoch": 59}
{"loss": 0.30104872584342957, "acc": 0.897515058517456, "length": 3.8761062622070312, "mode": "test", "epoch": 59}
{"loss": 0.21191352605819702, "acc": 0.9237621426582336, "length": 3.8970320224761963, "mode": "train", "epoch": 60}
{"loss": 0.2954336702823639, "acc": 0.8961782455444336, "length": 3.8318583965301514, "mode": "test", "epoch": 60}
{"loss": 0.19856464862823486, "acc": 0.9294504523277283, "length": 3.856846570968628, "mode": "train", "epoch": 61}
{"loss": 0.3346335291862488, "acc": 0.8755499720573425, "length": 3.814159393310547, "mode": "test", "epoch": 61}
{"loss": 0.1881483793258667, "acc": 0.9354888200759888, "length": 3.865828037261963, "mode": "train", "epoch": 62}
{"loss": 0.32410138845443726, "acc": 0.8879607319831848, "length": 3.8761062622070312, "mode": "test", "epoch": 62}
{"loss": 0.17982785403728485, "acc": 0.9345497488975525, "length": 3.915654182434082, "mode": "train", "epoch": 63}
{"loss": 0.3035586476325989, "acc": 0.8896252512931824, "length": 3.920353889465332, "mode": "test", "epoch": 63}
{"loss": 0.16953353583812714, "acc": 0.9298581480979919, "length": 3.945410966873169, "mode": "train", "epoch": 64}
{"loss": 0.31891757249832153, "acc": 0.8904070854187012, "length": 3.9115045070648193, "mode": "test", "epoch": 64}
{"loss": 0.18197225034236908, "acc": 0.9305776357650757, "length": 3.9087908267974854, "mode": "train", "epoch": 65}
{"loss": 0.2952262759208679, "acc": 0.8953205943107605, "length": 3.8938052654266357, "mode": "test", "epoch": 65}
{"loss": 0.17689311504364014, "acc": 0.9328623414039612, "length": 3.9246163368225098, "mode": "train", "epoch": 66}
{"loss": 0.28484010696411133, "acc": 0.9036322832107544, "length": 3.9026548862457275, "mode": "test", "epoch": 66}
{"loss": 0.1709257960319519, "acc": 0.9294973611831665, "length": 3.912874698638916, "mode": "train", "epoch": 67}
{"loss": 0.305195152759552, "acc": 0.8866803050041199, "length": 3.8938052654266357, "mode": "test", "epoch": 67}
{"loss": 0.17502829432487488, "acc": 0.9286484718322754, "length": 3.9112679958343506, "mode": "train", "epoch": 68}
{"loss": 0.3070688247680664, "acc": 0.8978766202926636, "length": 3.8938052654266357, "mode": "test", "epoch": 68}
{"loss": 0.17665576934814453, "acc": 0.9261662364006042, "length": 3.9239003658294678, "mode": "train", "epoch": 69}
{"loss": 0.31472110748291016, "acc": 0.8981651663780212, "length": 3.849557638168335, "mode": "test", "epoch": 69}
{"loss": 0.18033641576766968, "acc": 0.9325937628746033, "length": 3.895596981048584, "mode": "train", "epoch": 70}
{"loss": 0.3127627372741699, "acc": 0.8974109888076782, "length": 3.920353889465332, "mode": "test", "epoch": 70}
{"loss": 0.18512777984142303, "acc": 0.9369791746139526, "length": 3.926325559616089, "mode": "train", "epoch": 71}
{"loss": 0.3530876040458679, "acc": 0.8696503043174744, "length": 3.929203510284424, "mode": "test", "epoch": 71}
{"loss": 0.17349699139595032, "acc": 0.9365420937538147, "length": 3.910601854324341, "mode": "train", "epoch": 72}
{"loss": 0.3076429069042206, "acc": 0.8877039551734924, "length": 3.9026548862457275, "mode": "test", "epoch": 72}
{"loss": 0.18025001883506775, "acc": 0.9338963627815247, "length": 3.8920278549194336, "mode": "train", "epoch": 73}
{"loss": 0.27716901898384094, "acc": 0.9012395143508911, "length": 3.9115045070648193, "mode": "test", "epoch": 73}
{"loss": 0.16453957557678223, "acc": 0.9390302300453186, "length": 3.881129026412964, "mode": "train", "epoch": 74}
{"loss": 0.278898149728775, "acc": 0.9059695601463318, "length": 3.9026548862457275, "mode": "test", "epoch": 74}
{"loss": 0.1675904244184494, "acc": 0.9329683780670166, "length": 3.906057596206665, "mode": "train", "epoch": 75}
{"loss": 0.3024207055568695, "acc": 0.8993093967437744, "length": 3.884955644607544, "mode": "test", "epoch": 75}
{"loss": 0.1582612693309784, "acc": 0.9409013986587524, "length": 3.9066667556762695, "mode": "train", "epoch": 76}
{"loss": 0.32443952560424805, "acc": 0.9024770855903625, "length": 3.8938052654266357, "mode": "test", "epoch": 76}
{"loss": 0.17873388528823853, "acc": 0.9377056956291199, "length": 3.918043851852417, "mode": "train", "epoch": 77}
{"loss": 0.30787572264671326, "acc": 0.9067407250404358, "length": 3.9115045070648193, "mode": "test", "epoch": 77}
{"loss": 0.16064313054084778, "acc": 0.9396559000015259, "length": 3.906052589416504, "mode": "train", "epoch": 78}
{"loss": 0.29735806584358215, "acc": 0.9164813160896301, "length": 3.8761062622070312, "mode": "test", "epoch": 78}
{"loss": 0.1489873081445694, "acc": 0.9407907724380493, "length": 3.9042487144470215, "mode": "train", "epoch": 79}
{"loss": 0.28044819831848145, "acc": 0.9089758992195129, "length": 3.8672566413879395, "mode": "test", "epoch": 79}
{"loss": 0.1479872763156891, "acc": 0.9391992092132568, "length": 3.9109458923339844, "mode": "train", "epoch": 80}
{"loss": 0.2867453098297119, "acc": 0.9129301905632019, "length": 3.8318583965301514, "mode": "test", "epoch": 80}
{"loss": 0.1524704396724701, "acc": 0.9440869688987732, "length": 3.888807773590088, "mode": "train", "epoch": 81}
{"loss": 0.3163667321205139, "acc": 0.9009825587272644, "length": 3.8761062622070312, "mode": "test", "epoch": 81}
{"loss": 0.16087427735328674, "acc": 0.9428943395614624, "length": 3.9125003814697266, "mode": "train", "epoch": 82}
{"loss": 0.2921515107154846, "acc": 0.9017251133918762, "length": 3.9115045070648193, "mode": "test", "epoch": 82}
{"loss": 0.15695780515670776, "acc": 0.9350233674049377, "length": 3.919019937515259, "mode": "train", "epoch": 83}
{"loss": 0.27481770515441895, "acc": 0.9164975881576538, "length": 3.884955644607544, "mode": "test", "epoch": 83}
{"loss": 0.14081063866615295, "acc": 0.9431724548339844, "length": 3.8908774852752686, "mode": "train", "epoch": 84}
{"loss": 0.3246668875217438, "acc": 0.8999932408332825, "length": 3.8938052654266357, "mode": "test", "epoch": 84}
{"loss": 0.14450210332870483, "acc": 0.949026346206665, "length": 3.906618356704712, "mode": "train", "epoch": 85}
{"loss": 0.2989598214626312, "acc": 0.9115471839904785, "length": 3.9026548862457275, "mode": "test", "epoch": 85}
{"loss": 0.14269709587097168, "acc": 0.9435080289840698, "length": 3.915627956390381, "mode": "train", "epoch": 86}
{"loss": 0.2740711569786072, "acc": 0.9154279828071594, "length": 3.9115045070648193, "mode": "test", "epoch": 86}
{"loss": 0.12675833702087402, "acc": 0.9455754160881042, "length": 3.916330099105835, "mode": "train", "epoch": 87}
{"loss": 0.30166149139404297, "acc": 0.9098200798034668, "length": 3.8761062622070312, "mode": "test", "epoch": 87}
{"loss": 0.12697838246822357, "acc": 0.9527444839477539, "length": 3.892512798309326, "mode": "train", "epoch": 88}
{"loss": 0.2944597005844116, "acc": 0.9171645045280457, "length": 3.8672566413879395, "mode": "test", "epoch": 88}
{"loss": 0.1478050798177719, "acc": 0.9469341039657593, "length": 3.902329921722412, "mode": "train", "epoch": 89}
{"loss": 0.30096250772476196, "acc": 0.9031656980514526, "length": 3.929203510284424, "mode": "test", "epoch": 89}
{"loss": 0.14787736535072327, "acc": 0.9453114867210388, "length": 3.937175750732422, "mode": "train", "epoch": 90}
{"loss": 0.31449052691459656, "acc": 0.9148949980735779, "length": 3.9115045070648193, "mode": "test", "epoch": 90}
{"loss": 0.13021163642406464, "acc": 0.9529431462287903, "length": 3.911445140838623, "mode": "train", "epoch": 91}
{"loss": 0.3244759142398834, "acc": 0.9131362438201904, "length": 3.884955644607544, "mode": "test", "epoch": 91}
{"loss": 0.13480326533317566, "acc": 0.9512360095977783, "length": 3.894657611846924, "mode": "train", "epoch": 92}
{"loss": 0.30701398849487305, "acc": 0.9052037596702576, "length": 3.884955644607544, "mode": "test", "epoch": 92}
{"loss": 0.14891010522842407, "acc": 0.9509134292602539, "length": 3.8966588973999023, "mode": "train", "epoch": 93}
{"loss": 0.30973073840141296, "acc": 0.9099036455154419, "length": 3.8761062622070312, "mode": "test", "epoch": 93}
{"loss": 0.1260409653186798, "acc": 0.945092499256134, "length": 3.908733606338501, "mode": "train", "epoch": 94}
{"loss": 0.30067557096481323, "acc": 0.9041779637336731, "length": 3.8938052654266357, "mode": "test", "epoch": 94}
{"loss": 0.1360720545053482, "acc": 0.9453331828117371, "length": 3.929804563522339, "mode": "train", "epoch": 95}
{"loss": 0.3358429968357086, "acc": 0.9064136743545532, "length": 3.8672566413879395, "mode": "test", "epoch": 95}
{"loss": 0.15172597765922546, "acc": 0.9468874931335449, "length": 3.904163122177124, "mode": "train", "epoch": 96}
{"loss": 0.30700168013572693, "acc": 0.9046905636787415, "length": 3.8938052654266357, "mode": "test", "epoch": 96}
{"loss": 0.13606807589530945, "acc": 0.9551039934158325, "length": 3.9039466381073, "mode": "train", "epoch": 97}
{"loss": 0.28370407223701477, "acc": 0.9271160364151001, "length": 3.8938052654266357, "mode": "test", "epoch": 97}
{"loss": 0.13869021832942963, "acc": 0.948859453201294, "length": 3.8893160820007324, "mode": "train", "epoch": 98}
{"loss": 0.2987767159938812, "acc": 0.9203680753707886, "length": 3.8584070205688477, "mode": "test", "epoch": 98}
{"loss": 0.13057000935077667, "acc": 0.9540120363235474, "length": 3.886260986328125, "mode": "train", "epoch": 99}
{"loss": 0.3297179043292999, "acc": 0.8927704691886902, "length": 3.9026548862457275, "mode": "test", "epoch": 99}
{"loss": 0.1496892273426056, "acc": 0.9467325210571289, "length": 3.9004905223846436, "mode": "train", "epoch": 100}
{"loss": 0.30166852474212646, "acc": 0.8996477127075195, "length": 3.9026548862457275, "mode": "test", "epoch": 100}
test accuracy: 0.8212890625
