# ["--attributes=3", "--values=4", "--game_size=10", "--vocab_size_factor=3", "--n_epochs=60", "--batch_size=32", "--learning_rate=0.001", "--hidden_size=128", "--temp_update=0.97", "--temperature=1.5"]
Creating train_ds and val_ds...

Creating test_ds...
{"loss": 0.6773115992546082, "acc": 0.5606833696365356, "length": 3.354978084564209, "mode": "train", "epoch": 1}
{"loss": 0.6214072108268738, "acc": 0.6703992486000061, "length": 4.0, "mode": "test", "epoch": 1}
{"loss": 0.5715447664260864, "acc": 0.6985312700271606, "length": 3.953350067138672, "mode": "train", "epoch": 2}
{"loss": 0.5637223124504089, "acc": 0.6904513835906982, "length": 4.0, "mode": "test", "epoch": 2}
{"loss": 0.5059819221496582, "acc": 0.7603617906570435, "length": 3.991448163986206, "mode": "train", "epoch": 3}
{"loss": 0.5584151148796082, "acc": 0.7519098520278931, "length": 4.0, "mode": "test", "epoch": 3}
{"loss": 0.4917495846748352, "acc": 0.7705814838409424, "length": 3.9958298206329346, "mode": "train", "epoch": 4}
{"loss": 0.49508360028266907, "acc": 0.7665798664093018, "length": 4.0, "mode": "test", "epoch": 4}
{"loss": 0.47203925251960754, "acc": 0.7923611998558044, "length": 3.9973955154418945, "mode": "train", "epoch": 5}
{"loss": 0.47476664185523987, "acc": 0.7959201335906982, "length": 4.0, "mode": "test", "epoch": 5}
{"loss": 0.4550841450691223, "acc": 0.8031992316246033, "length": 3.9982426166534424, "mode": "train", "epoch": 6}
{"loss": 0.5126288533210754, "acc": 0.7776040434837341, "length": 4.0, "mode": "test", "epoch": 6}
{"loss": 0.45023760199546814, "acc": 0.8073287606239319, "length": 3.9989562034606934, "mode": "train", "epoch": 7}
{"loss": 0.45858901739120483, "acc": 0.7936630845069885, "length": 4.0, "mode": "test", "epoch": 7}
{"loss": 0.43709295988082886, "acc": 0.8054725527763367, "length": 3.9993667602539062, "mode": "train", "epoch": 8}
{"loss": 0.44187650084495544, "acc": 0.8020833134651184, "length": 4.0, "mode": "test", "epoch": 8}
{"loss": 0.492220014333725, "acc": 0.7628341913223267, "length": 3.999164342880249, "mode": "train", "epoch": 9}
{"loss": 0.5047466158866882, "acc": 0.7477430105209351, "length": 4.0, "mode": "test", "epoch": 9}
{"loss": 0.48603904247283936, "acc": 0.7594372034072876, "length": 3.998539447784424, "mode": "train", "epoch": 10}
{"loss": 0.4976626932621002, "acc": 0.7486979961395264, "length": 4.0, "mode": "test", "epoch": 10}
{"loss": 0.48062556982040405, "acc": 0.7564975023269653, "length": 3.998760461807251, "mode": "train", "epoch": 11}
{"loss": 0.49543046951293945, "acc": 0.7420138120651245, "length": 4.0, "mode": "test", "epoch": 11}
{"loss": 0.4761221408843994, "acc": 0.7619506120681763, "length": 3.9987471103668213, "mode": "train", "epoch": 12}
{"loss": 0.4823185205459595, "acc": 0.7671874165534973, "length": 4.0, "mode": "test", "epoch": 12}
{"loss": 0.4498662054538727, "acc": 0.7881551384925842, "length": 3.9990639686584473, "mode": "train", "epoch": 13}
{"loss": 0.4638137221336365, "acc": 0.7728297710418701, "length": 4.0, "mode": "test", "epoch": 13}
{"loss": 0.4238550066947937, "acc": 0.8058351874351501, "length": 3.999317169189453, "mode": "train", "epoch": 14}
{"loss": 0.4259224534034729, "acc": 0.798611044883728, "length": 4.0, "mode": "test", "epoch": 14}
{"loss": 0.3973393738269806, "acc": 0.8070316314697266, "length": 3.999764919281006, "mode": "train", "epoch": 15}
{"loss": 0.3968108892440796, "acc": 0.7987847924232483, "length": 4.0, "mode": "test", "epoch": 15}
{"loss": 0.3812384307384491, "acc": 0.8080878853797913, "length": 3.9996697902679443, "mode": "train", "epoch": 16}
{"loss": 0.39303910732269287, "acc": 0.8064236044883728, "length": 4.0, "mode": "test", "epoch": 16}
{"loss": 0.380460262298584, "acc": 0.8113393187522888, "length": 3.999774694442749, "mode": "train", "epoch": 17}
{"loss": 0.39354264736175537, "acc": 0.8120659589767456, "length": 4.0, "mode": "test", "epoch": 17}
{"loss": 0.37462857365608215, "acc": 0.8147298097610474, "length": 3.99963116645813, "mode": "train", "epoch": 18}
{"loss": 0.3931565284729004, "acc": 0.8105035424232483, "length": 4.0, "mode": "test", "epoch": 18}
{"loss": 0.37380874156951904, "acc": 0.8123400211334229, "length": 3.999843120574951, "mode": "train", "epoch": 19}
{"loss": 0.3935295641422272, "acc": 0.8079860210418701, "length": 4.0, "mode": "test", "epoch": 19}
{"loss": 0.3752793073654175, "acc": 0.813062846660614, "length": 3.9998769760131836, "mode": "train", "epoch": 20}
{"loss": 0.3916539251804352, "acc": 0.8038194179534912, "length": 4.0, "mode": "test", "epoch": 20}
{"loss": 0.3760862946510315, "acc": 0.813007116317749, "length": 3.9999825954437256, "mode": "train", "epoch": 21}
{"loss": 0.3879290819168091, "acc": 0.8054687976837158, "length": 4.0, "mode": "test", "epoch": 21}
{"loss": 0.37104132771492004, "acc": 0.8142579793930054, "length": 3.999990701675415, "mode": "train", "epoch": 22}
{"loss": 0.3832941949367523, "acc": 0.8004340529441833, "length": 4.0, "mode": "test", "epoch": 22}
{"loss": 0.36871302127838135, "acc": 0.8116731643676758, "length": 3.999988555908203, "mode": "train", "epoch": 23}
{"loss": 0.3785880208015442, "acc": 0.8073785305023193, "length": 4.0, "mode": "test", "epoch": 23}
{"loss": 0.36050117015838623, "acc": 0.815008282661438, "length": 3.999990940093994, "mode": "train", "epoch": 24}
{"loss": 0.37898755073547363, "acc": 0.8144098520278931, "length": 4.0, "mode": "test", "epoch": 24}
{"loss": 0.36292174458503723, "acc": 0.8143691420555115, "length": 3.9999923706054688, "mode": "train", "epoch": 25}
{"loss": 0.3757361173629761, "acc": 0.8065105080604553, "length": 4.0, "mode": "test", "epoch": 25}
{"loss": 0.3737238049507141, "acc": 0.8115056753158569, "length": 3.9998698234558105, "mode": "train", "epoch": 26}
{"loss": 0.39160916209220886, "acc": 0.8099826574325562, "length": 4.0, "mode": "test", "epoch": 26}
{"loss": 0.3723437786102295, "acc": 0.8116454482078552, "length": 3.999983787536621, "mode": "train", "epoch": 27}
{"loss": 0.38686713576316833, "acc": 0.8067708015441895, "length": 4.0, "mode": "test", "epoch": 27}
{"loss": 0.36647817492485046, "acc": 0.8116434812545776, "length": 3.999189615249634, "mode": "train", "epoch": 28}
{"loss": 0.38090524077415466, "acc": 0.8042535185813904, "length": 4.0, "mode": "test", "epoch": 28}
{"loss": 0.36017680168151855, "acc": 0.8164814114570618, "length": 3.9999988079071045, "mode": "train", "epoch": 29}
{"loss": 0.372768372297287, "acc": 0.8145833015441895, "length": 4.0, "mode": "test", "epoch": 29}
{"loss": 0.35732075572013855, "acc": 0.8148410320281982, "length": 3.9999234676361084, "mode": "train", "epoch": 30}
{"loss": 0.3753790557384491, "acc": 0.8073785305023193, "length": 4.0, "mode": "test", "epoch": 30}
{"loss": 0.3537842631340027, "acc": 0.815119743347168, "length": 3.999983072280884, "mode": "train", "epoch": 31}
{"loss": 0.3734373152256012, "acc": 0.8137152194976807, "length": 4.0, "mode": "test", "epoch": 31}
{"loss": 0.35322046279907227, "acc": 0.8147581219673157, "length": 4.0, "mode": "train", "epoch": 32}
{"loss": 0.3796246349811554, "acc": 0.8072917461395264, "length": 4.0, "mode": "test", "epoch": 32}
{"loss": 0.36253657937049866, "acc": 0.8137854337692261, "length": 3.999997854232788, "mode": "train", "epoch": 33}
{"loss": 0.3745020031929016, "acc": 0.8134548664093018, "length": 4.0, "mode": "test", "epoch": 33}
{"loss": 0.35411378741264343, "acc": 0.8162868022918701, "length": 3.999992847442627, "mode": "train", "epoch": 34}
{"loss": 0.3647814989089966, "acc": 0.8032985925674438, "length": 4.0, "mode": "test", "epoch": 34}
{"loss": 0.3435418903827667, "acc": 0.8184548020362854, "length": 3.9999961853027344, "mode": "train", "epoch": 35}
{"loss": 0.3566555976867676, "acc": 0.8149304986000061, "length": 4.0, "mode": "test", "epoch": 35}
{"loss": 0.3453364372253418, "acc": 0.8187605142593384, "length": 3.999988555908203, "mode": "train", "epoch": 36}
{"loss": 0.3562244474887848, "acc": 0.813281238079071, "length": 4.0, "mode": "test", "epoch": 36}
{"loss": 0.3411106765270233, "acc": 0.8228182792663574, "length": 3.9999988079071045, "mode": "train", "epoch": 37}
{"loss": 0.35473963618278503, "acc": 0.8172743320465088, "length": 4.0, "mode": "test", "epoch": 37}
{"loss": 0.33802786469459534, "acc": 0.8233462572097778, "length": 4.0, "mode": "train", "epoch": 38}
{"loss": 0.3706805109977722, "acc": 0.8116319179534912, "length": 4.0, "mode": "test", "epoch": 38}
{"loss": 0.36019572615623474, "acc": 0.8136186599731445, "length": 3.9999988079071045, "mode": "train", "epoch": 39}
{"loss": 0.42180338501930237, "acc": 0.8071179389953613, "length": 4.0, "mode": "test", "epoch": 39}
{"loss": 0.4081665277481079, "acc": 0.8140354156494141, "length": 3.9999940395355225, "mode": "train", "epoch": 40}
{"loss": 0.42219430208206177, "acc": 0.8053818941116333, "length": 4.0, "mode": "test", "epoch": 40}
{"loss": 0.3956497609615326, "acc": 0.8162869215011597, "length": 3.9999985694885254, "mode": "train", "epoch": 41}
{"loss": 0.4073694944381714, "acc": 0.8126736879348755, "length": 4.0, "mode": "test", "epoch": 41}
{"loss": 0.3937724828720093, "acc": 0.8117287158966064, "length": 3.9999964237213135, "mode": "train", "epoch": 42}
{"loss": 0.42279261350631714, "acc": 0.8129341006278992, "length": 4.0, "mode": "test", "epoch": 42}
{"loss": 0.40386998653411865, "acc": 0.8171484470367432, "length": 3.999999761581421, "mode": "train", "epoch": 43}
{"loss": 0.4137383997440338, "acc": 0.8091146349906921, "length": 4.0, "mode": "test", "epoch": 43}
{"loss": 0.40587079524993896, "acc": 0.8165091276168823, "length": 4.0, "mode": "train", "epoch": 44}
{"loss": 0.4207208454608917, "acc": 0.810329794883728, "length": 4.0, "mode": "test", "epoch": 44}
{"loss": 0.4041948914527893, "acc": 0.8142301440238953, "length": 3.999999761581421, "mode": "train", "epoch": 45}
{"loss": 0.42726126313209534, "acc": 0.7995660305023193, "length": 4.0, "mode": "test", "epoch": 45}
{"loss": 0.3949326276779175, "acc": 0.815008282661438, "length": 4.0, "mode": "train", "epoch": 46}
{"loss": 0.4043309986591339, "acc": 0.8164931535720825, "length": 4.0, "mode": "test", "epoch": 46}
{"loss": 0.385840505361557, "acc": 0.8243186473846436, "length": 3.9996719360351562, "mode": "train", "epoch": 47}
{"loss": 0.4048382043838501, "acc": 0.8185763359069824, "length": 4.0, "mode": "test", "epoch": 47}
{"loss": 0.37782022356987, "acc": 0.8251528143882751, "length": 3.999999761581421, "mode": "train", "epoch": 48}
{"loss": 0.39764299988746643, "acc": 0.8223089575767517, "length": 4.0, "mode": "test", "epoch": 48}
{"loss": 0.3813670575618744, "acc": 0.8259866237640381, "length": 3.9999983310699463, "mode": "train", "epoch": 49}
{"loss": 0.38801130652427673, "acc": 0.8230035305023193, "length": 4.0, "mode": "test", "epoch": 49}
{"loss": 0.37531179189682007, "acc": 0.8296552300453186, "length": 3.9999964237213135, "mode": "train", "epoch": 50}
{"loss": 0.3947121798992157, "acc": 0.8201388120651245, "length": 4.0, "mode": "test", "epoch": 50}
{"loss": 0.3799491822719574, "acc": 0.8285436034202576, "length": 4.0, "mode": "train", "epoch": 51}
{"loss": 0.39909711480140686, "acc": 0.8160590529441833, "length": 4.0, "mode": "test", "epoch": 51}
{"loss": 0.39118802547454834, "acc": 0.8205949068069458, "length": 3.9999818801879883, "mode": "train", "epoch": 52}
{"loss": 0.40808460116386414, "acc": 0.8173611164093018, "length": 4.0, "mode": "test", "epoch": 52}
{"loss": 0.3907777965068817, "acc": 0.8250135183334351, "length": 3.9999797344207764, "mode": "train", "epoch": 53}
{"loss": 0.4111323058605194, "acc": 0.8183160424232483, "length": 4.0, "mode": "test", "epoch": 53}
{"loss": 0.38922959566116333, "acc": 0.8200944066047668, "length": 3.9999988079071045, "mode": "train", "epoch": 54}
{"loss": 0.4043155312538147, "acc": 0.8079862594604492, "length": 4.0, "mode": "test", "epoch": 54}
{"loss": 0.3788963258266449, "acc": 0.826598048210144, "length": 3.9999828338623047, "mode": "train", "epoch": 55}
{"loss": 0.40127167105674744, "acc": 0.8209202289581299, "length": 4.0, "mode": "test", "epoch": 55}
{"loss": 0.37170547246932983, "acc": 0.8285157680511475, "length": 3.999971866607666, "mode": "train", "epoch": 56}
{"loss": 0.39929404854774475, "acc": 0.8205728530883789, "length": 4.0, "mode": "test", "epoch": 56}
{"loss": 0.3747125566005707, "acc": 0.8284879922866821, "length": 3.999999761581421, "mode": "train", "epoch": 57}
{"loss": 0.39452773332595825, "acc": 0.8220486044883728, "length": 4.0, "mode": "test", "epoch": 57}
{"loss": 0.3751122057437897, "acc": 0.8262922763824463, "length": 3.9999940395355225, "mode": "train", "epoch": 58}
{"loss": 0.3934076726436615, "acc": 0.8209202289581299, "length": 4.0, "mode": "test", "epoch": 58}
{"loss": 0.3707244098186493, "acc": 0.8307948112487793, "length": 4.0, "mode": "train", "epoch": 59}
{"loss": 0.38542425632476807, "acc": 0.8238715529441833, "length": 4.0, "mode": "test", "epoch": 59}
{"loss": 0.36643972992897034, "acc": 0.8300444483757019, "length": 4.0, "mode": "train", "epoch": 60}
{"loss": 0.39297521114349365, "acc": 0.8179686665534973, "length": 4.0, "mode": "test", "epoch": 60}
test accuracy: 0.7166666388511658
