# ["--attributes=3", "--values=4", "--game_size=10", "--vocab_size_factor=3", "--n_epochs=60", "--batch_size=32", "--learning_rate=0.001", "--hidden_size=128", "--temp_update=0.99", "--temperature=1.5"]
Creating train_ds and val_ds...

Creating test_ds...
{"loss": 0.6792044043540955, "acc": 0.5438600182533264, "length": 3.4190893173217773, "mode": "train", "epoch": 1}
{"loss": 0.6105860471725464, "acc": 0.6566612124443054, "length": 4.0, "mode": "test", "epoch": 1}
{"loss": 0.5787853598594666, "acc": 0.6971051096916199, "length": 3.933340549468994, "mode": "train", "epoch": 2}
{"loss": 0.5771069526672363, "acc": 0.7052631974220276, "length": 4.0, "mode": "test", "epoch": 2}
{"loss": 0.5188820958137512, "acc": 0.7474079132080078, "length": 3.9805798530578613, "mode": "train", "epoch": 3}
{"loss": 0.4925285279750824, "acc": 0.7746710777282715, "length": 4.0, "mode": "test", "epoch": 3}
{"loss": 0.47810232639312744, "acc": 0.7803542613983154, "length": 3.9929399490356445, "mode": "train", "epoch": 4}
{"loss": 0.47592294216156006, "acc": 0.7758223414421082, "length": 4.0, "mode": "test", "epoch": 4}
{"loss": 0.4531886577606201, "acc": 0.7928121089935303, "length": 3.9945313930511475, "mode": "train", "epoch": 5}
{"loss": 0.450241357088089, "acc": 0.7928454875946045, "length": 4.0, "mode": "test", "epoch": 5}
{"loss": 0.4318090081214905, "acc": 0.8049777746200562, "length": 3.9962968826293945, "mode": "train", "epoch": 6}
{"loss": 0.4167557656764984, "acc": 0.8161184191703796, "length": 4.0, "mode": "test", "epoch": 6}
{"loss": 0.4005579352378845, "acc": 0.8246592879295349, "length": 3.9945106506347656, "mode": "train", "epoch": 7}
{"loss": 0.3944377303123474, "acc": 0.8256579041481018, "length": 4.0, "mode": "test", "epoch": 7}
{"loss": 0.38028278946876526, "acc": 0.8350141048431396, "length": 3.9968738555908203, "mode": "train", "epoch": 8}
{"loss": 0.37913793325424194, "acc": 0.8348685503005981, "length": 4.0, "mode": "test", "epoch": 8}
{"loss": 0.36863264441490173, "acc": 0.8398898243904114, "length": 3.997843027114868, "mode": "train", "epoch": 9}
{"loss": 0.379451721906662, "acc": 0.8359374403953552, "length": 4.0, "mode": "test", "epoch": 9}
{"loss": 0.355086088180542, "acc": 0.8467024564743042, "length": 3.9981601238250732, "mode": "train", "epoch": 10}
{"loss": 0.37497854232788086, "acc": 0.8413651585578918, "length": 4.0, "mode": "test", "epoch": 10}
{"loss": 0.3522205054759979, "acc": 0.846951425075531, "length": 3.9977920055389404, "mode": "train", "epoch": 11}
{"loss": 0.36747828125953674, "acc": 0.8446545600891113, "length": 4.0, "mode": "test", "epoch": 11}
{"loss": 0.33654940128326416, "acc": 0.8569736480712891, "length": 3.9986817836761475, "mode": "train", "epoch": 12}
{"loss": 0.3617732524871826, "acc": 0.8453124165534973, "length": 4.0, "mode": "test", "epoch": 12}
{"loss": 0.324848473072052, "acc": 0.865180253982544, "length": 3.998802661895752, "mode": "train", "epoch": 13}
{"loss": 0.33282795548439026, "acc": 0.8638980388641357, "length": 4.0, "mode": "test", "epoch": 13}
{"loss": 0.31670376658439636, "acc": 0.8677930235862732, "length": 3.9991226196289062, "mode": "train", "epoch": 14}
{"loss": 0.3366716802120209, "acc": 0.8596216440200806, "length": 4.0, "mode": "test", "epoch": 14}
{"loss": 0.3072240948677063, "acc": 0.8711989521980286, "length": 3.9992706775665283, "mode": "train", "epoch": 15}
{"loss": 0.3125112056732178, "acc": 0.870394766330719, "length": 4.0, "mode": "test", "epoch": 15}
{"loss": 0.3006786108016968, "acc": 0.8760756254196167, "length": 3.9988937377929688, "mode": "train", "epoch": 16}
{"loss": 0.31469112634658813, "acc": 0.8732730746269226, "length": 4.0, "mode": "test", "epoch": 16}
{"loss": 0.2969484329223633, "acc": 0.878771960735321, "length": 3.999302387237549, "mode": "train", "epoch": 17}
{"loss": 0.3134852349758148, "acc": 0.8671875, "length": 4.0, "mode": "test", "epoch": 17}
{"loss": 0.29169991612434387, "acc": 0.8796213865280151, "length": 3.9992806911468506, "mode": "train", "epoch": 18}
{"loss": 0.29320645332336426, "acc": 0.8807565569877625, "length": 4.0, "mode": "test", "epoch": 18}
{"loss": 0.2846469283103943, "acc": 0.8815461993217468, "length": 3.9993977546691895, "mode": "train", "epoch": 19}
{"loss": 0.290296345949173, "acc": 0.8818256258964539, "length": 4.0, "mode": "test", "epoch": 19}
{"loss": 0.2767866253852844, "acc": 0.8874472379684448, "length": 3.9995594024658203, "mode": "train", "epoch": 20}
{"loss": 0.2872007489204407, "acc": 0.8791118264198303, "length": 4.0, "mode": "test", "epoch": 20}
{"loss": 0.27160006761550903, "acc": 0.8878344297409058, "length": 3.9996776580810547, "mode": "train", "epoch": 21}
{"loss": 0.2778511643409729, "acc": 0.883470356464386, "length": 4.0, "mode": "test", "epoch": 21}
{"loss": 0.26548296213150024, "acc": 0.8912661671638489, "length": 3.9997379779815674, "mode": "train", "epoch": 22}
{"loss": 0.2755661606788635, "acc": 0.8850329518318176, "length": 4.0, "mode": "test", "epoch": 22}
{"loss": 0.25995302200317383, "acc": 0.894886314868927, "length": 3.9997024536132812, "mode": "train", "epoch": 23}
{"loss": 0.2670044004917145, "acc": 0.8941611051559448, "length": 4.0, "mode": "test", "epoch": 23}
{"loss": 0.26458606123924255, "acc": 0.894173264503479, "length": 3.999706745147705, "mode": "train", "epoch": 24}
{"loss": 0.31474536657333374, "acc": 0.876809298992157, "length": 4.0, "mode": "test", "epoch": 24}
{"loss": 0.264087975025177, "acc": 0.8912378549575806, "length": 3.999727249145508, "mode": "train", "epoch": 25}
{"loss": 0.28152143955230713, "acc": 0.8865132331848145, "length": 4.0, "mode": "test", "epoch": 25}
{"loss": 0.25521013140678406, "acc": 0.8962045311927795, "length": 3.9997293949127197, "mode": "train", "epoch": 26}
{"loss": 0.2661977708339691, "acc": 0.8888979554176331, "length": 4.0, "mode": "test", "epoch": 26}
{"loss": 0.24697768688201904, "acc": 0.9002984166145325, "length": 3.9998841285705566, "mode": "train", "epoch": 27}
{"loss": 0.2656502425670624, "acc": 0.8923519253730774, "length": 4.0, "mode": "test", "epoch": 27}
{"loss": 0.24390651285648346, "acc": 0.9019137024879456, "length": 3.9997689723968506, "mode": "train", "epoch": 28}
{"loss": 0.25492432713508606, "acc": 0.8973684906959534, "length": 4.0, "mode": "test", "epoch": 28}
{"loss": 0.23836322128772736, "acc": 0.9049909114837646, "length": 3.999901533126831, "mode": "train", "epoch": 29}
{"loss": 0.25096020102500916, "acc": 0.8992598652839661, "length": 4.0, "mode": "test", "epoch": 29}
{"loss": 0.2311854064464569, "acc": 0.9086410403251648, "length": 3.9999115467071533, "mode": "train", "epoch": 30}
{"loss": 0.24474816024303436, "acc": 0.9039474129676819, "length": 4.0, "mode": "test", "epoch": 30}
{"loss": 0.23048657178878784, "acc": 0.9085846543312073, "length": 3.9998698234558105, "mode": "train", "epoch": 31}
{"loss": 0.24492627382278442, "acc": 0.9013978242874146, "length": 4.0, "mode": "test", "epoch": 31}
{"loss": 0.22189059853553772, "acc": 0.913551926612854, "length": 3.9998743534088135, "mode": "train", "epoch": 32}
{"loss": 0.2416560798883438, "acc": 0.9037006497383118, "length": 4.0, "mode": "test", "epoch": 32}
{"loss": 0.22683697938919067, "acc": 0.9106711149215698, "length": 3.9998831748962402, "mode": "train", "epoch": 33}
{"loss": 0.25698384642601013, "acc": 0.8947368264198303, "length": 4.0, "mode": "test", "epoch": 33}
{"loss": 0.22591277956962585, "acc": 0.9117664098739624, "length": 3.9998281002044678, "mode": "train", "epoch": 34}
{"loss": 0.24609623849391937, "acc": 0.9054276347160339, "length": 4.0, "mode": "test", "epoch": 34}
{"loss": 0.2209482640028, "acc": 0.9142951369285583, "length": 3.999950408935547, "mode": "train", "epoch": 35}
{"loss": 0.24369528889656067, "acc": 0.9082236886024475, "length": 4.0, "mode": "test", "epoch": 35}
{"loss": 0.24897584319114685, "acc": 0.9053452014923096, "length": 3.9998230934143066, "mode": "train", "epoch": 36}
{"loss": 0.28598663210868835, "acc": 0.892105221748352, "length": 4.0, "mode": "test", "epoch": 36}
{"loss": 0.25934386253356934, "acc": 0.9000793099403381, "length": 3.9999372959136963, "mode": "train", "epoch": 37}
{"loss": 0.2859273850917816, "acc": 0.8886513710021973, "length": 4.0, "mode": "test", "epoch": 37}
{"loss": 0.2350255399942398, "acc": 0.9061883091926575, "length": 3.9995486736297607, "mode": "train", "epoch": 38}
{"loss": 0.2519829273223877, "acc": 0.9032894968986511, "length": 4.0, "mode": "test", "epoch": 38}
{"loss": 0.22550185024738312, "acc": 0.9111117720603943, "length": 3.9999306201934814, "mode": "train", "epoch": 39}
{"loss": 0.2511790692806244, "acc": 0.9028782844543457, "length": 4.0, "mode": "test", "epoch": 39}
{"loss": 0.2232159525156021, "acc": 0.9140738248825073, "length": 3.999915838241577, "mode": "train", "epoch": 40}
{"loss": 0.2490488886833191, "acc": 0.9073190093040466, "length": 4.0, "mode": "test", "epoch": 40}
{"loss": 0.21227961778640747, "acc": 0.9188371300697327, "length": 3.9994657039642334, "mode": "train", "epoch": 41}
{"loss": 0.23476764559745789, "acc": 0.9121711254119873, "length": 4.0, "mode": "test", "epoch": 41}
{"loss": 0.20905505120754242, "acc": 0.9189591407775879, "length": 3.9999115467071533, "mode": "train", "epoch": 42}
{"loss": 0.239167258143425, "acc": 0.9121711254119873, "length": 4.0, "mode": "test", "epoch": 42}
{"loss": 0.22385145723819733, "acc": 0.9104804992675781, "length": 3.9999382495880127, "mode": "train", "epoch": 43}
{"loss": 0.2339055985212326, "acc": 0.916694164276123, "length": 4.0, "mode": "test", "epoch": 43}
{"loss": 0.20339787006378174, "acc": 0.9218428134918213, "length": 3.9999704360961914, "mode": "train", "epoch": 44}
{"loss": 0.23612037301063538, "acc": 0.9119242429733276, "length": 4.0, "mode": "test", "epoch": 44}
{"loss": 0.20945006608963013, "acc": 0.9184662699699402, "length": 3.9999425411224365, "mode": "train", "epoch": 45}
{"loss": 0.23180796205997467, "acc": 0.9137335419654846, "length": 4.0, "mode": "test", "epoch": 45}
{"loss": 0.19761037826538086, "acc": 0.9237369298934937, "length": 3.9999818801879883, "mode": "train", "epoch": 46}
{"loss": 0.2131303995847702, "acc": 0.9206414222717285, "length": 4.0, "mode": "test", "epoch": 46}
{"loss": 0.1968766450881958, "acc": 0.923149049282074, "length": 3.999788999557495, "mode": "train", "epoch": 47}
{"loss": 0.20636779069900513, "acc": 0.9243420958518982, "length": 4.0, "mode": "test", "epoch": 47}
{"loss": 0.19289259612560272, "acc": 0.9262868762016296, "length": 3.9999403953552246, "mode": "train", "epoch": 48}
{"loss": 0.20838750898838043, "acc": 0.923684298992157, "length": 4.0, "mode": "test", "epoch": 48}
{"loss": 0.18854691088199615, "acc": 0.9276596903800964, "length": 3.9999618530273438, "mode": "train", "epoch": 49}
{"loss": 0.20124372839927673, "acc": 0.9262334704399109, "length": 4.0, "mode": "test", "epoch": 49}
{"loss": 0.18254874646663666, "acc": 0.9292804002761841, "length": 3.9999845027923584, "mode": "train", "epoch": 50}
{"loss": 0.20374642312526703, "acc": 0.9273025989532471, "length": 4.0, "mode": "test", "epoch": 50}
{"loss": 0.18685361742973328, "acc": 0.9279223680496216, "length": 3.999774932861328, "mode": "train", "epoch": 51}
{"loss": 0.23298713564872742, "acc": 0.9143091440200806, "length": 4.0, "mode": "test", "epoch": 51}
{"loss": 0.20626763999462128, "acc": 0.9198093414306641, "length": 3.9997775554656982, "mode": "train", "epoch": 52}
{"loss": 0.22511018812656403, "acc": 0.9209704399108887, "length": 4.0, "mode": "test", "epoch": 52}
{"loss": 0.18597933650016785, "acc": 0.9291408061981201, "length": 3.9999337196350098, "mode": "train", "epoch": 53}
{"loss": 0.19156412780284882, "acc": 0.9324012398719788, "length": 4.0, "mode": "test", "epoch": 53}
{"loss": 0.17991892993450165, "acc": 0.932735800743103, "length": 3.999929189682007, "mode": "train", "epoch": 54}
{"loss": 0.19857463240623474, "acc": 0.931167721748352, "length": 4.0, "mode": "test", "epoch": 54}
{"loss": 0.17977868020534515, "acc": 0.9328471422195435, "length": 3.999969482421875, "mode": "train", "epoch": 55}
{"loss": 0.1919333040714264, "acc": 0.9339638948440552, "length": 4.0, "mode": "test", "epoch": 55}
{"loss": 0.17141488194465637, "acc": 0.9356189370155334, "length": 3.9999682903289795, "mode": "train", "epoch": 56}
{"loss": 0.19440773129463196, "acc": 0.9320722818374634, "length": 4.0, "mode": "test", "epoch": 56}
{"loss": 0.16945357620716095, "acc": 0.9360591173171997, "length": 3.9999961853027344, "mode": "train", "epoch": 57}
{"loss": 0.18708448112010956, "acc": 0.9304276704788208, "length": 4.0, "mode": "test", "epoch": 57}
{"loss": 0.16353195905685425, "acc": 0.9386374354362488, "length": 3.9999566078186035, "mode": "train", "epoch": 58}
{"loss": 0.18919329345226288, "acc": 0.932319164276123, "length": 4.0, "mode": "test", "epoch": 58}
{"loss": 0.16620197892189026, "acc": 0.9374027252197266, "length": 3.999979257583618, "mode": "train", "epoch": 59}
{"loss": 0.1865614503622055, "acc": 0.9320724010467529, "length": 4.0, "mode": "test", "epoch": 59}
{"loss": 0.17032591998577118, "acc": 0.9354554414749146, "length": 3.9999964237213135, "mode": "train", "epoch": 60}
{"loss": 0.19251012802124023, "acc": 0.9326480031013489, "length": 4.0, "mode": "test", "epoch": 60}
test accuracy: 0.7853507995605469
