# ["--attributes=3", "--values=4", "--game_size=10", "--vocab_size_factor=3", "--n_epochs=60", "--batch_size=32", "--learning_rate=0.0005", "--hidden_size=128", "--temp_update=0.97", "--temperature=2"]
Creating train_ds and val_ds...

Creating test_ds...
{"loss": 0.6902220249176025, "acc": 0.5309988260269165, "length": 3.652060031890869, "mode": "train", "epoch": 1}
{"loss": 0.6690704822540283, "acc": 0.6197048425674438, "length": 4.0, "mode": "test", "epoch": 1}
{"loss": 0.6221125721931458, "acc": 0.6560069918632507, "length": 3.9150733947753906, "mode": "train", "epoch": 2}
{"loss": 0.6231804490089417, "acc": 0.6470485925674438, "length": 4.0, "mode": "test", "epoch": 2}
{"loss": 0.5806273221969604, "acc": 0.6924015283584595, "length": 3.9530439376831055, "mode": "train", "epoch": 3}
{"loss": 0.6768506169319153, "acc": 0.6088541150093079, "length": 4.0, "mode": "test", "epoch": 3}
{"loss": 0.5616154074668884, "acc": 0.7131448984146118, "length": 3.98140287399292, "mode": "train", "epoch": 4}
{"loss": 0.6123907566070557, "acc": 0.6705729365348816, "length": 4.0, "mode": "test", "epoch": 4}
{"loss": 0.5540524125099182, "acc": 0.7186024188995361, "length": 3.990971565246582, "mode": "train", "epoch": 5}
{"loss": 0.6334875822067261, "acc": 0.6421007513999939, "length": 4.0, "mode": "test", "epoch": 5}
{"loss": 0.5528821349143982, "acc": 0.7182062864303589, "length": 3.9948174953460693, "mode": "train", "epoch": 6}
{"loss": 0.6061112880706787, "acc": 0.6599826812744141, "length": 4.0, "mode": "test", "epoch": 6}
{"loss": 0.5454972386360168, "acc": 0.7248872518539429, "length": 3.9964773654937744, "mode": "train", "epoch": 7}
{"loss": 0.5822088718414307, "acc": 0.703385591506958, "length": 4.0, "mode": "test", "epoch": 7}
{"loss": 0.5418269038200378, "acc": 0.7278370261192322, "length": 3.9976985454559326, "mode": "train", "epoch": 8}
{"loss": 0.5880579352378845, "acc": 0.7078993320465088, "length": 4.0, "mode": "test", "epoch": 8}
{"loss": 0.5370910167694092, "acc": 0.7310917377471924, "length": 3.998283863067627, "mode": "train", "epoch": 9}
{"loss": 0.5736246109008789, "acc": 0.7064236402511597, "length": 4.0, "mode": "test", "epoch": 9}
{"loss": 0.5268288850784302, "acc": 0.734745442867279, "length": 3.9987266063690186, "mode": "train", "epoch": 10}
{"loss": 0.5601158142089844, "acc": 0.7083333134651184, "length": 4.0, "mode": "test", "epoch": 10}
{"loss": 0.513299286365509, "acc": 0.7450593709945679, "length": 3.9984586238861084, "mode": "train", "epoch": 11}
{"loss": 0.5568302869796753, "acc": 0.7278645634651184, "length": 4.0, "mode": "test", "epoch": 11}
{"loss": 0.48298120498657227, "acc": 0.7688090801239014, "length": 3.997194528579712, "mode": "train", "epoch": 12}
{"loss": 0.5340062379837036, "acc": 0.7484376430511475, "length": 4.0, "mode": "test", "epoch": 12}
{"loss": 0.4493955373764038, "acc": 0.795998752117157, "length": 3.9976298809051514, "mode": "train", "epoch": 13}
{"loss": 0.47119608521461487, "acc": 0.7874132394790649, "length": 4.0, "mode": "test", "epoch": 13}
{"loss": 0.42349135875701904, "acc": 0.806218147277832, "length": 3.9989383220672607, "mode": "train", "epoch": 14}
{"loss": 0.449108749628067, "acc": 0.792187511920929, "length": 4.0, "mode": "test", "epoch": 14}
{"loss": 0.4025470018386841, "acc": 0.8147836327552795, "length": 3.998886823654175, "mode": "train", "epoch": 15}
{"loss": 0.4184301495552063, "acc": 0.8138021230697632, "length": 4.0, "mode": "test", "epoch": 15}
{"loss": 0.3890307545661926, "acc": 0.8237974047660828, "length": 3.998844623565674, "mode": "train", "epoch": 16}
{"loss": 0.40377077460289, "acc": 0.8243055939674377, "length": 4.0, "mode": "test", "epoch": 16}
{"loss": 0.37607771158218384, "acc": 0.8300804495811462, "length": 3.9983468055725098, "mode": "train", "epoch": 17}
{"loss": 0.4002920687198639, "acc": 0.8175346851348877, "length": 4.0, "mode": "test", "epoch": 17}
{"loss": 0.3674823045730591, "acc": 0.834929347038269, "length": 3.9989068508148193, "mode": "train", "epoch": 18}
{"loss": 0.3904798924922943, "acc": 0.8257811665534973, "length": 4.0, "mode": "test", "epoch": 18}
{"loss": 0.3539087474346161, "acc": 0.8392146229743958, "length": 3.9994943141937256, "mode": "train", "epoch": 19}
{"loss": 0.3749534487724304, "acc": 0.8315106630325317, "length": 4.0, "mode": "test", "epoch": 19}
{"loss": 0.3503095209598541, "acc": 0.8412285447120667, "length": 3.999674081802368, "mode": "train", "epoch": 20}
{"loss": 0.37665385007858276, "acc": 0.8322049975395203, "length": 4.0, "mode": "test", "epoch": 20}
{"loss": 0.3479479253292084, "acc": 0.8425812721252441, "length": 3.999577045440674, "mode": "train", "epoch": 21}
{"loss": 0.3745822012424469, "acc": 0.8251736164093018, "length": 4.0, "mode": "test", "epoch": 21}
{"loss": 0.3399678170681, "acc": 0.8462061285972595, "length": 3.999814987182617, "mode": "train", "epoch": 22}
{"loss": 0.3544670641422272, "acc": 0.8430556654930115, "length": 4.0, "mode": "test", "epoch": 22}
{"loss": 0.3311821520328522, "acc": 0.8531877994537354, "length": 3.999823808670044, "mode": "train", "epoch": 23}
{"loss": 0.34062498807907104, "acc": 0.8498263955116272, "length": 4.0, "mode": "test", "epoch": 23}
{"loss": 0.32489413022994995, "acc": 0.8551677465438843, "length": 3.9998576641082764, "mode": "train", "epoch": 24}
{"loss": 0.3392944037914276, "acc": 0.8531249165534973, "length": 4.0, "mode": "test", "epoch": 24}
{"loss": 0.32372844219207764, "acc": 0.8576857447624207, "length": 3.999937057495117, "mode": "train", "epoch": 25}
{"loss": 0.3237975835800171, "acc": 0.857638955116272, "length": 4.0, "mode": "test", "epoch": 25}
{"loss": 0.3133985996246338, "acc": 0.8597207069396973, "length": 3.9999349117279053, "mode": "train", "epoch": 26}
{"loss": 0.3339249789714813, "acc": 0.8550347089767456, "length": 4.0, "mode": "test", "epoch": 26}
{"loss": 0.3052923083305359, "acc": 0.864694356918335, "length": 3.9999027252197266, "mode": "train", "epoch": 27}
{"loss": 0.3147588074207306, "acc": 0.8654513955116272, "length": 4.0, "mode": "test", "epoch": 27}
{"loss": 0.3000428080558777, "acc": 0.8692192435264587, "length": 3.999979257583618, "mode": "train", "epoch": 28}
{"loss": 0.3097318708896637, "acc": 0.8631944060325623, "length": 4.0, "mode": "test", "epoch": 28}
{"loss": 0.3025909662246704, "acc": 0.8669019341468811, "length": 3.999992847442627, "mode": "train", "epoch": 29}
{"loss": 0.312604695558548, "acc": 0.8706597089767456, "length": 4.0, "mode": "test", "epoch": 29}
{"loss": 0.29291433095932007, "acc": 0.8722994923591614, "length": 3.9999513626098633, "mode": "train", "epoch": 30}
{"loss": 0.30795344710350037, "acc": 0.8695313334465027, "length": 4.0, "mode": "test", "epoch": 30}
{"loss": 0.2906206548213959, "acc": 0.8723848462104797, "length": 3.9999818801879883, "mode": "train", "epoch": 31}
{"loss": 0.306083619594574, "acc": 0.8698785305023193, "length": 4.0, "mode": "test", "epoch": 31}
{"loss": 0.290583074092865, "acc": 0.873996376991272, "length": 3.9999947547912598, "mode": "train", "epoch": 32}
{"loss": 0.3123534321784973, "acc": 0.8657985925674438, "length": 4.0, "mode": "test", "epoch": 32}
{"loss": 0.29414141178131104, "acc": 0.8698132634162903, "length": 3.999997854232788, "mode": "train", "epoch": 33}
{"loss": 0.3131727874279022, "acc": 0.8673611879348755, "length": 4.0, "mode": "test", "epoch": 33}
{"loss": 0.2883983850479126, "acc": 0.8713958263397217, "length": 3.9999783039093018, "mode": "train", "epoch": 34}
{"loss": 0.30623799562454224, "acc": 0.8668403029441833, "length": 4.0, "mode": "test", "epoch": 34}
{"loss": 0.28492283821105957, "acc": 0.8745618462562561, "length": 3.999995470046997, "mode": "train", "epoch": 35}
{"loss": 0.30254945158958435, "acc": 0.8719618320465088, "length": 4.0, "mode": "test", "epoch": 35}
{"loss": 0.2843547463417053, "acc": 0.8752400875091553, "length": 3.999997138977051, "mode": "train", "epoch": 36}
{"loss": 0.30204492807388306, "acc": 0.8716146349906921, "length": 4.0, "mode": "test", "epoch": 36}
{"loss": 0.2911006808280945, "acc": 0.8698981404304504, "length": 3.999998092651367, "mode": "train", "epoch": 37}
{"loss": 0.3077138364315033, "acc": 0.8714408874511719, "length": 4.0, "mode": "test", "epoch": 37}
{"loss": 0.2914045751094818, "acc": 0.8724416494369507, "length": 3.9999897480010986, "mode": "train", "epoch": 38}
{"loss": 0.30316290259361267, "acc": 0.8712674379348755, "length": 4.0, "mode": "test", "epoch": 38}
{"loss": 0.2982553541660309, "acc": 0.8685692548751831, "length": 3.999974012374878, "mode": "train", "epoch": 39}
{"loss": 0.313810795545578, "acc": 0.8717014789581299, "length": 4.0, "mode": "test", "epoch": 39}
{"loss": 0.28648948669433594, "acc": 0.8744770884513855, "length": 3.999997854232788, "mode": "train", "epoch": 40}
{"loss": 0.30445799231529236, "acc": 0.8723958134651184, "length": 4.0, "mode": "test", "epoch": 40}
{"loss": 0.2821272313594818, "acc": 0.8770492076873779, "length": 3.999999523162842, "mode": "train", "epoch": 41}
{"loss": 0.2981880307197571, "acc": 0.8731770515441895, "length": 4.0, "mode": "test", "epoch": 41}
{"loss": 0.2802751064300537, "acc": 0.8729790449142456, "length": 3.9999988079071045, "mode": "train", "epoch": 42}
{"loss": 0.2950859069824219, "acc": 0.8715278506278992, "length": 4.0, "mode": "test", "epoch": 42}
{"loss": 0.27528685331344604, "acc": 0.8781232237815857, "length": 3.9999992847442627, "mode": "train", "epoch": 43}
{"loss": 0.29788103699684143, "acc": 0.8730902075767517, "length": 4.0, "mode": "test", "epoch": 43}
{"loss": 0.27398309111595154, "acc": 0.8802148103713989, "length": 4.0, "mode": "train", "epoch": 44}
{"loss": 0.29814475774765015, "acc": 0.8729166984558105, "length": 4.0, "mode": "test", "epoch": 44}
{"loss": 0.27600008249282837, "acc": 0.8795363903045654, "length": 4.0, "mode": "train", "epoch": 45}
{"loss": 0.3025400638580322, "acc": 0.870312511920929, "length": 4.0, "mode": "test", "epoch": 45}
{"loss": 0.27425655722618103, "acc": 0.8819106817245483, "length": 4.0, "mode": "train", "epoch": 46}
{"loss": 0.28776147961616516, "acc": 0.8802083134651184, "length": 4.0, "mode": "test", "epoch": 46}
{"loss": 0.26564693450927734, "acc": 0.88609379529953, "length": 3.999999523162842, "mode": "train", "epoch": 47}
{"loss": 0.29272961616516113, "acc": 0.875, "length": 4.0, "mode": "test", "epoch": 47}
{"loss": 0.3014114797115326, "acc": 0.865375816822052, "length": 4.0, "mode": "train", "epoch": 48}
{"loss": 0.3234841525554657, "acc": 0.8568576574325562, "length": 4.0, "mode": "test", "epoch": 48}
{"loss": 0.2975414991378784, "acc": 0.8639060854911804, "length": 4.0, "mode": "train", "epoch": 49}
{"loss": 0.3220846652984619, "acc": 0.8628472685813904, "length": 4.0, "mode": "test", "epoch": 49}
{"loss": 0.2810061573982239, "acc": 0.8771622776985168, "length": 3.999999761581421, "mode": "train", "epoch": 50}
{"loss": 0.3103788495063782, "acc": 0.8727430105209351, "length": 4.0, "mode": "test", "epoch": 50}
{"loss": 0.2774575352668762, "acc": 0.8797904849052429, "length": 3.9999656677246094, "mode": "train", "epoch": 51}
{"loss": 0.307748943567276, "acc": 0.8754341006278992, "length": 4.0, "mode": "test", "epoch": 51}
{"loss": 0.27074676752090454, "acc": 0.8824476599693298, "length": 4.0, "mode": "train", "epoch": 52}
{"loss": 0.2965313792228699, "acc": 0.8753471970558167, "length": 4.0, "mode": "test", "epoch": 52}
{"loss": 0.27310633659362793, "acc": 0.8829845786094666, "length": 4.0, "mode": "train", "epoch": 53}
{"loss": 0.30298909544944763, "acc": 0.8692708015441895, "length": 4.0, "mode": "test", "epoch": 53}
{"loss": 0.2718662619590759, "acc": 0.8823630213737488, "length": 4.0, "mode": "train", "epoch": 54}
{"loss": 0.2969835698604584, "acc": 0.8784722089767456, "length": 4.0, "mode": "test", "epoch": 54}
{"loss": 0.2617274522781372, "acc": 0.8884396553039551, "length": 3.9999985694885254, "mode": "train", "epoch": 55}
{"loss": 0.2861756384372711, "acc": 0.8847222924232483, "length": 4.0, "mode": "test", "epoch": 55}
{"loss": 0.26402992010116577, "acc": 0.8870829343795776, "length": 3.9999959468841553, "mode": "train", "epoch": 56}
{"loss": 0.2890649735927582, "acc": 0.8808161020278931, "length": 4.0, "mode": "test", "epoch": 56}
{"loss": 0.2581579387187958, "acc": 0.8910118341445923, "length": 4.0, "mode": "train", "epoch": 57}
{"loss": 0.27387407422065735, "acc": 0.8813367486000061, "length": 4.0, "mode": "test", "epoch": 57}
{"loss": 0.26234742999076843, "acc": 0.8882419466972351, "length": 4.0, "mode": "train", "epoch": 58}
{"loss": 0.27619946002960205, "acc": 0.8850695490837097, "length": 4.0, "mode": "test", "epoch": 58}
{"loss": 0.2556936740875244, "acc": 0.8927643895149231, "length": 3.999999761581421, "mode": "train", "epoch": 59}
{"loss": 0.2893607020378113, "acc": 0.8812501430511475, "length": 4.0, "mode": "test", "epoch": 59}
{"loss": 0.2665244936943054, "acc": 0.8850481510162354, "length": 3.9999992847442627, "mode": "train", "epoch": 60}
{"loss": 0.2870607376098633, "acc": 0.8835068941116333, "length": 4.0, "mode": "test", "epoch": 60}
test accuracy: 0.8789061307907104
