# ["--attributes=3", "--values=4", "--game_size=10", "--vocab_size_factor=3", "--n_epochs=60", "--batch_size=32", "--learning_rate=0.001", "--hidden_size=256", "--temp_update=0.99", "--temperature=2"]
Creating train_ds and val_ds...

Creating test_ds...
{"loss": 0.6964482069015503, "acc": 0.5019365549087524, "length": 1.547884225845337, "mode": "train", "epoch": 1}
{"loss": 0.6925033330917358, "acc": 0.5131076574325562, "length": 1.0, "mode": "test", "epoch": 1}
{"loss": 0.6934918761253357, "acc": 0.5100706219673157, "length": 1.013075828552246, "mode": "train", "epoch": 2}
{"loss": 0.6929487586021423, "acc": 0.5083333849906921, "length": 1.0, "mode": "test", "epoch": 2}
{"loss": 0.6801430583000183, "acc": 0.5416276454925537, "length": 1.5028786659240723, "mode": "train", "epoch": 3}
{"loss": 0.6399912238121033, "acc": 0.6440104246139526, "length": 2.40625, "mode": "test", "epoch": 3}
{"loss": 0.610977292060852, "acc": 0.6549724340438843, "length": 2.4735054969787598, "mode": "train", "epoch": 4}
{"loss": 0.6019170880317688, "acc": 0.6558213829994202, "length": 3.1302082538604736, "mode": "test", "epoch": 4}
{"loss": 0.5557591915130615, "acc": 0.7178939580917358, "length": 3.256065607070923, "mode": "train", "epoch": 5}
{"loss": 0.5365415215492249, "acc": 0.7398545742034912, "length": 3.2552082538604736, "mode": "test", "epoch": 5}
{"loss": 0.5232968926429749, "acc": 0.7412180304527283, "length": 3.4009785652160645, "mode": "train", "epoch": 6}
{"loss": 0.49013975262641907, "acc": 0.7705946564674377, "length": 3.3385417461395264, "mode": "test", "epoch": 6}
{"loss": 0.48148733377456665, "acc": 0.7684732675552368, "length": 3.5833723545074463, "mode": "train", "epoch": 7}
{"loss": 0.4438101351261139, "acc": 0.7970593571662903, "length": 3.678819417953491, "mode": "test", "epoch": 7}
{"loss": 0.43580007553100586, "acc": 0.8006922006607056, "length": 3.7201526165008545, "mode": "train", "epoch": 8}
{"loss": 0.4332199692726135, "acc": 0.8025038242340088, "length": 3.7048611640930176, "mode": "test", "epoch": 8}
{"loss": 0.40248918533325195, "acc": 0.8200885057449341, "length": 3.806091070175171, "mode": "train", "epoch": 9}
{"loss": 0.4006029963493347, "acc": 0.8286458253860474, "length": 3.8767361640930176, "mode": "test", "epoch": 9}
{"loss": 0.3722742199897766, "acc": 0.8390917181968689, "length": 3.9348390102386475, "mode": "train", "epoch": 10}
{"loss": 0.35818007588386536, "acc": 0.8491320013999939, "length": 4.0, "mode": "test", "epoch": 10}
{"loss": 0.34923937916755676, "acc": 0.8466631770133972, "length": 3.9888031482696533, "mode": "train", "epoch": 11}
{"loss": 0.34573352336883545, "acc": 0.8405381441116333, "length": 4.0, "mode": "test", "epoch": 11}
{"loss": 0.3401314914226532, "acc": 0.8494585156440735, "length": 3.990058422088623, "mode": "train", "epoch": 12}
{"loss": 0.34140846133232117, "acc": 0.8536458015441895, "length": 4.0, "mode": "test", "epoch": 12}
{"loss": 0.32192689180374146, "acc": 0.8594849109649658, "length": 3.9935286045074463, "mode": "train", "epoch": 13}
{"loss": 0.32333558797836304, "acc": 0.859375, "length": 4.0, "mode": "test", "epoch": 13}
{"loss": 0.31129786372184753, "acc": 0.8626567721366882, "length": 3.9954164028167725, "mode": "train", "epoch": 14}
{"loss": 0.32208770513534546, "acc": 0.8627603650093079, "length": 4.0, "mode": "test", "epoch": 14}
{"loss": 0.30460548400878906, "acc": 0.8649837970733643, "length": 3.995396852493286, "mode": "train", "epoch": 15}
{"loss": 0.3126651644706726, "acc": 0.8647570013999939, "length": 4.0, "mode": "test", "epoch": 15}
{"loss": 0.30100396275520325, "acc": 0.8691036105155945, "length": 3.9958245754241943, "mode": "train", "epoch": 16}
{"loss": 0.3121739625930786, "acc": 0.8668402433395386, "length": 4.0, "mode": "test", "epoch": 16}
{"loss": 0.2973197102546692, "acc": 0.8709959387779236, "length": 3.996994733810425, "mode": "train", "epoch": 17}
{"loss": 0.31673887372016907, "acc": 0.8696179986000061, "length": 4.0, "mode": "test", "epoch": 17}
{"loss": 0.2915397882461548, "acc": 0.8717270493507385, "length": 3.997732400894165, "mode": "train", "epoch": 18}
{"loss": 0.30252158641815186, "acc": 0.8729166984558105, "length": 4.0, "mode": "test", "epoch": 18}
{"loss": 0.2852358818054199, "acc": 0.8749938607215881, "length": 3.9981069564819336, "mode": "train", "epoch": 19}
{"loss": 0.2972360849380493, "acc": 0.8667535185813904, "length": 4.0, "mode": "test", "epoch": 19}
{"loss": 0.28530266880989075, "acc": 0.8732753396034241, "length": 3.997767925262451, "mode": "train", "epoch": 20}
{"loss": 0.3319995403289795, "acc": 0.8613714575767517, "length": 4.0, "mode": "test", "epoch": 20}
{"loss": 0.2866354286670685, "acc": 0.8747384548187256, "length": 3.9977149963378906, "mode": "train", "epoch": 21}
{"loss": 0.30187490582466125, "acc": 0.874131977558136, "length": 4.0, "mode": "test", "epoch": 21}
{"loss": 0.275572806596756, "acc": 0.8785319924354553, "length": 3.998300313949585, "mode": "train", "epoch": 22}
{"loss": 0.28490301966667175, "acc": 0.8787325620651245, "length": 4.0, "mode": "test", "epoch": 22}
{"loss": 0.26927146315574646, "acc": 0.8811346292495728, "length": 3.998506784439087, "mode": "train", "epoch": 23}
{"loss": 0.2900753319263458, "acc": 0.874218761920929, "length": 4.0, "mode": "test", "epoch": 23}
{"loss": 0.26427003741264343, "acc": 0.8841485977172852, "length": 3.9982845783233643, "mode": "train", "epoch": 24}
{"loss": 0.2941875159740448, "acc": 0.8700520396232605, "length": 4.0, "mode": "test", "epoch": 24}
{"loss": 0.2621634602546692, "acc": 0.8868569731712341, "length": 3.998455762863159, "mode": "train", "epoch": 25}
{"loss": 0.2845069169998169, "acc": 0.8822915554046631, "length": 4.0, "mode": "test", "epoch": 25}
{"loss": 0.2594185471534729, "acc": 0.8874927759170532, "length": 3.998459815979004, "mode": "train", "epoch": 26}
{"loss": 0.29040399193763733, "acc": 0.8790799975395203, "length": 4.0, "mode": "test", "epoch": 26}
{"loss": 0.256258487701416, "acc": 0.8929061889648438, "length": 3.998389959335327, "mode": "train", "epoch": 27}
{"loss": 0.28871122002601624, "acc": 0.8809896111488342, "length": 4.0, "mode": "test", "epoch": 27}
{"loss": 0.25058603286743164, "acc": 0.8943273425102234, "length": 3.998756170272827, "mode": "train", "epoch": 28}
{"loss": 0.2849806249141693, "acc": 0.8899306058883667, "length": 4.0, "mode": "test", "epoch": 28}
{"loss": 0.24537158012390137, "acc": 0.896963357925415, "length": 3.9992313385009766, "mode": "train", "epoch": 29}
{"loss": 0.2657570242881775, "acc": 0.8901041746139526, "length": 4.0, "mode": "test", "epoch": 29}
{"loss": 0.2446291744709015, "acc": 0.8987550139427185, "length": 3.999072551727295, "mode": "train", "epoch": 30}
{"loss": 0.25653275847435, "acc": 0.8989584445953369, "length": 4.0, "mode": "test", "epoch": 30}
{"loss": 0.22974029183387756, "acc": 0.9071952104568481, "length": 3.9991228580474854, "mode": "train", "epoch": 31}
{"loss": 0.25561603903770447, "acc": 0.9032986164093018, "length": 4.0, "mode": "test", "epoch": 31}
{"loss": 0.23164880275726318, "acc": 0.9080249071121216, "length": 3.9992969036102295, "mode": "train", "epoch": 32}
{"loss": 0.24772824347019196, "acc": 0.9033854603767395, "length": 4.0, "mode": "test", "epoch": 32}
{"loss": 0.2225784957408905, "acc": 0.910851001739502, "length": 3.9992940425872803, "mode": "train", "epoch": 33}
{"loss": 0.250356525182724, "acc": 0.9006944298744202, "length": 4.0, "mode": "test", "epoch": 33}
{"loss": 0.20868554711341858, "acc": 0.9166057109832764, "length": 3.999361991882324, "mode": "train", "epoch": 34}
{"loss": 0.23996400833129883, "acc": 0.9068577289581299, "length": 4.0, "mode": "test", "epoch": 34}
{"loss": 0.20540371537208557, "acc": 0.9189814925193787, "length": 3.9993557929992676, "mode": "train", "epoch": 35}
{"loss": 0.2524398863315582, "acc": 0.9097222089767456, "length": 4.0, "mode": "test", "epoch": 35}
{"loss": 0.20900143682956696, "acc": 0.9207475781440735, "length": 3.9992940425872803, "mode": "train", "epoch": 36}
{"loss": 0.2585352659225464, "acc": 0.9046007990837097, "length": 4.0, "mode": "test", "epoch": 36}
{"loss": 0.19701866805553436, "acc": 0.9263222217559814, "length": 3.9995479583740234, "mode": "train", "epoch": 37}
{"loss": 0.22918476164340973, "acc": 0.9194445013999939, "length": 4.0, "mode": "test", "epoch": 37}
{"loss": 0.19621041417121887, "acc": 0.925690770149231, "length": 3.999645709991455, "mode": "train", "epoch": 38}
{"loss": 0.22836759686470032, "acc": 0.9151909351348877, "length": 4.0, "mode": "test", "epoch": 38}
{"loss": 0.18316814303398132, "acc": 0.9308047890663147, "length": 3.9995336532592773, "mode": "train", "epoch": 39}
{"loss": 0.21637262403964996, "acc": 0.9191840291023254, "length": 4.0, "mode": "test", "epoch": 39}
{"loss": 0.1791890263557434, "acc": 0.9339882731437683, "length": 3.9995524883270264, "mode": "train", "epoch": 40}
{"loss": 0.20910750329494476, "acc": 0.9232638478279114, "length": 4.0, "mode": "test", "epoch": 40}
{"loss": 0.17225633561611176, "acc": 0.9362889528274536, "length": 3.9996538162231445, "mode": "train", "epoch": 41}
{"loss": 0.21204254031181335, "acc": 0.9243924021720886, "length": 4.0, "mode": "test", "epoch": 41}
{"loss": 0.17009668052196503, "acc": 0.9358490705490112, "length": 3.9997243881225586, "mode": "train", "epoch": 42}
{"loss": 0.22282817959785461, "acc": 0.9243054986000061, "length": 4.0, "mode": "test", "epoch": 42}
{"loss": 0.1720874011516571, "acc": 0.935900092124939, "length": 3.9996862411499023, "mode": "train", "epoch": 43}
{"loss": 0.23609717190265656, "acc": 0.9154513478279114, "length": 4.0, "mode": "test", "epoch": 43}
{"loss": 0.16958385705947876, "acc": 0.9375629425048828, "length": 3.9997034072875977, "mode": "train", "epoch": 44}
{"loss": 0.23292003571987152, "acc": 0.9247395396232605, "length": 4.0, "mode": "test", "epoch": 44}
{"loss": 0.15705706179141998, "acc": 0.9424652457237244, "length": 3.9998245239257812, "mode": "train", "epoch": 45}
{"loss": 0.20877902209758759, "acc": 0.9284722208976746, "length": 4.0, "mode": "test", "epoch": 45}
{"loss": 0.150991752743721, "acc": 0.9459149241447449, "length": 3.9996979236602783, "mode": "train", "epoch": 46}
{"loss": 0.20058093965053558, "acc": 0.9321179986000061, "length": 4.0, "mode": "test", "epoch": 46}
{"loss": 0.14921629428863525, "acc": 0.9483588337898254, "length": 3.9998536109924316, "mode": "train", "epoch": 47}
{"loss": 0.19174189865589142, "acc": 0.937586784362793, "length": 4.0, "mode": "test", "epoch": 47}
{"loss": 0.1381596177816391, "acc": 0.9517359733581543, "length": 3.9998695850372314, "mode": "train", "epoch": 48}
{"loss": 0.18026264011859894, "acc": 0.9417535066604614, "length": 4.0, "mode": "test", "epoch": 48}
{"loss": 0.13480044901371002, "acc": 0.9552221298217773, "length": 3.999873161315918, "mode": "train", "epoch": 49}
{"loss": 0.2225717157125473, "acc": 0.9341146945953369, "length": 4.0, "mode": "test", "epoch": 49}
{"loss": 0.1362317055463791, "acc": 0.95411616563797, "length": 3.9998867511749268, "mode": "train", "epoch": 50}
{"loss": 0.20515477657318115, "acc": 0.9344618320465088, "length": 4.0, "mode": "test", "epoch": 50}
{"loss": 0.16684533655643463, "acc": 0.9430447220802307, "length": 3.9998176097869873, "mode": "train", "epoch": 51}
{"loss": 0.22153086960315704, "acc": 0.9274305701255798, "length": 4.0, "mode": "test", "epoch": 51}
{"loss": 0.16822940111160278, "acc": 0.9437637329101562, "length": 3.999814987182617, "mode": "train", "epoch": 52}
{"loss": 0.2384735494852066, "acc": 0.9286457896232605, "length": 4.0, "mode": "test", "epoch": 52}
{"loss": 0.14175823330879211, "acc": 0.9507697820663452, "length": 3.9999005794525146, "mode": "train", "epoch": 53}
{"loss": 0.19862154126167297, "acc": 0.9355902075767517, "length": 4.0, "mode": "test", "epoch": 53}
{"loss": 0.1305009424686432, "acc": 0.9540889263153076, "length": 3.999891757965088, "mode": "train", "epoch": 54}
{"loss": 0.18970423936843872, "acc": 0.9407985210418701, "length": 4.0, "mode": "test", "epoch": 54}
{"loss": 0.1266271322965622, "acc": 0.957687258720398, "length": 3.9999091625213623, "mode": "train", "epoch": 55}
{"loss": 0.20029322803020477, "acc": 0.9416666030883789, "length": 4.0, "mode": "test", "epoch": 55}
{"loss": 0.12023121118545532, "acc": 0.9610074758529663, "length": 3.9999160766601562, "mode": "train", "epoch": 56}
{"loss": 0.1862955391407013, "acc": 0.9460068941116333, "length": 4.0, "mode": "test", "epoch": 56}
{"loss": 0.11600370705127716, "acc": 0.9629461765289307, "length": 3.999938488006592, "mode": "train", "epoch": 57}
{"loss": 0.17128854990005493, "acc": 0.9497395753860474, "length": 4.0, "mode": "test", "epoch": 57}
{"loss": 0.11133575439453125, "acc": 0.9648007154464722, "length": 3.999952793121338, "mode": "train", "epoch": 58}
{"loss": 0.16582001745700836, "acc": 0.9495660066604614, "length": 4.0, "mode": "test", "epoch": 58}
{"loss": 0.14652186632156372, "acc": 0.9509590864181519, "length": 3.9997751712799072, "mode": "train", "epoch": 59}
{"loss": 0.19430573284626007, "acc": 0.9344618320465088, "length": 4.0, "mode": "test", "epoch": 59}
{"loss": 0.1453561931848526, "acc": 0.951795756816864, "length": 3.9999465942382812, "mode": "train", "epoch": 60}
{"loss": 0.18144561350345612, "acc": 0.9406250715255737, "length": 4.0, "mode": "test", "epoch": 60}
test accuracy: 0.8172034025192261
