# ["--attributes=3", "--values=4", "--game_size=10", "--vocab_size_factor=3", "--n_epochs=60", "--batch_size=32", "--learning_rate=0.0005", "--hidden_size=128", "--temp_update=0.99", "--temperature=1"]
Creating train_ds and val_ds...

Creating test_ds...
{"loss": 0.6904796361923218, "acc": 0.5262469053268433, "length": 3.63645339012146, "mode": "train", "epoch": 1}
{"loss": 0.6722383499145508, "acc": 0.6083332300186157, "length": 4.0, "mode": "test", "epoch": 1}
{"loss": 0.6176444292068481, "acc": 0.6556944847106934, "length": 3.962787389755249, "mode": "train", "epoch": 2}
{"loss": 0.6033680438995361, "acc": 0.6682290434837341, "length": 4.0, "mode": "test", "epoch": 2}
{"loss": 0.5801928639411926, "acc": 0.6895712614059448, "length": 3.9817965030670166, "mode": "train", "epoch": 3}
{"loss": 0.6072813868522644, "acc": 0.6578992605209351, "length": 4.0, "mode": "test", "epoch": 3}
{"loss": 0.563664436340332, "acc": 0.7152561545372009, "length": 3.9880008697509766, "mode": "train", "epoch": 4}
{"loss": 0.5820609331130981, "acc": 0.6805555820465088, "length": 4.0, "mode": "test", "epoch": 4}
{"loss": 0.5458517074584961, "acc": 0.7309728860855103, "length": 3.9964840412139893, "mode": "train", "epoch": 5}
{"loss": 0.553820013999939, "acc": 0.7308160066604614, "length": 4.0, "mode": "test", "epoch": 5}
{"loss": 0.524495005607605, "acc": 0.7539788484573364, "length": 3.997891664505005, "mode": "train", "epoch": 6}
{"loss": 0.5227596163749695, "acc": 0.7649306058883667, "length": 4.0, "mode": "test", "epoch": 6}
{"loss": 0.4925641417503357, "acc": 0.77197265625, "length": 3.999084949493408, "mode": "train", "epoch": 7}
{"loss": 0.4955170452594757, "acc": 0.7776910066604614, "length": 4.0, "mode": "test", "epoch": 7}
{"loss": 0.4680100977420807, "acc": 0.78553706407547, "length": 3.999027967453003, "mode": "train", "epoch": 8}
{"loss": 0.4792495369911194, "acc": 0.7838542461395264, "length": 4.0, "mode": "test", "epoch": 8}
{"loss": 0.4542354941368103, "acc": 0.7916693091392517, "length": 3.999253749847412, "mode": "train", "epoch": 9}
{"loss": 0.4746902883052826, "acc": 0.7811631560325623, "length": 4.0, "mode": "test", "epoch": 9}
{"loss": 0.44545143842697144, "acc": 0.7981606125831604, "length": 3.9991400241851807, "mode": "train", "epoch": 10}
{"loss": 0.46693292260169983, "acc": 0.7850694060325623, "length": 4.0, "mode": "test", "epoch": 10}
{"loss": 0.4354516863822937, "acc": 0.7999456524848938, "length": 3.998244285583496, "mode": "train", "epoch": 11}
{"loss": 0.450869083404541, "acc": 0.7934896349906921, "length": 4.0, "mode": "test", "epoch": 11}
{"loss": 0.42625659704208374, "acc": 0.8028894066810608, "length": 3.9983654022216797, "mode": "train", "epoch": 12}
{"loss": 0.44387462735176086, "acc": 0.7965278625488281, "length": 4.0, "mode": "test", "epoch": 12}
{"loss": 0.4207451641559601, "acc": 0.8054816126823425, "length": 3.9968905448913574, "mode": "train", "epoch": 13}
{"loss": 0.43628883361816406, "acc": 0.8008680939674377, "length": 4.0, "mode": "test", "epoch": 13}
{"loss": 0.40923672914505005, "acc": 0.8146496415138245, "length": 3.9981584548950195, "mode": "train", "epoch": 14}
{"loss": 0.4394059181213379, "acc": 0.8023436665534973, "length": 4.0, "mode": "test", "epoch": 14}
{"loss": 0.404725581407547, "acc": 0.8161884546279907, "length": 3.998931407928467, "mode": "train", "epoch": 15}
{"loss": 0.4277040362358093, "acc": 0.8023436665534973, "length": 4.0, "mode": "test", "epoch": 15}
{"loss": 0.3966261148452759, "acc": 0.8199468851089478, "length": 3.999058246612549, "mode": "train", "epoch": 16}
{"loss": 0.4192495346069336, "acc": 0.8217014074325562, "length": 4.0, "mode": "test", "epoch": 16}
{"loss": 0.39085355401039124, "acc": 0.8237205147743225, "length": 3.9994702339172363, "mode": "train", "epoch": 17}
{"loss": 0.41258299350738525, "acc": 0.8147569894790649, "length": 4.0, "mode": "test", "epoch": 17}
{"loss": 0.3861454725265503, "acc": 0.8288455605506897, "length": 3.99904727935791, "mode": "train", "epoch": 18}
{"loss": 0.4070826470851898, "acc": 0.8190972805023193, "length": 4.0, "mode": "test", "epoch": 18}
{"loss": 0.3827340006828308, "acc": 0.831039309501648, "length": 3.999518394470215, "mode": "train", "epoch": 19}
{"loss": 0.4142519533634186, "acc": 0.8223089575767517, "length": 4.0, "mode": "test", "epoch": 19}
{"loss": 0.37432563304901123, "acc": 0.8348197340965271, "length": 3.999445676803589, "mode": "train", "epoch": 20}
{"loss": 0.3904266655445099, "acc": 0.8322916030883789, "length": 4.0, "mode": "test", "epoch": 20}
{"loss": 0.3651125133037567, "acc": 0.841033935546875, "length": 3.999263286590576, "mode": "train", "epoch": 21}
{"loss": 0.3861822485923767, "acc": 0.8330729603767395, "length": 4.0, "mode": "test", "epoch": 21}
{"loss": 0.36380112171173096, "acc": 0.8409667015075684, "length": 3.9997472763061523, "mode": "train", "epoch": 22}
{"loss": 0.38597527146339417, "acc": 0.8323784470558167, "length": 4.0, "mode": "test", "epoch": 22}
{"loss": 0.3493994474411011, "acc": 0.8484615683555603, "length": 3.9994709491729736, "mode": "train", "epoch": 23}
{"loss": 0.3687056601047516, "acc": 0.8398436903953552, "length": 4.0, "mode": "test", "epoch": 23}
{"loss": 0.3505484461784363, "acc": 0.8504874110221863, "length": 3.9987964630126953, "mode": "train", "epoch": 24}
{"loss": 0.37998703122138977, "acc": 0.8407118320465088, "length": 4.0, "mode": "test", "epoch": 24}
{"loss": 0.3444965183734894, "acc": 0.8539615869522095, "length": 3.999691963195801, "mode": "train", "epoch": 25}
{"loss": 0.36344045400619507, "acc": 0.8465278148651123, "length": 4.0, "mode": "test", "epoch": 25}
{"loss": 0.34333106875419617, "acc": 0.8553540706634521, "length": 3.999793767929077, "mode": "train", "epoch": 26}
{"loss": 0.36353492736816406, "acc": 0.8525173664093018, "length": 4.0, "mode": "test", "epoch": 26}
{"loss": 0.33735910058021545, "acc": 0.8603612184524536, "length": 3.9998602867126465, "mode": "train", "epoch": 27}
{"loss": 0.3523762822151184, "acc": 0.8507812023162842, "length": 4.0, "mode": "test", "epoch": 27}
{"loss": 0.33319270610809326, "acc": 0.862036406993866, "length": 3.9999349117279053, "mode": "train", "epoch": 28}
{"loss": 0.3448141813278198, "acc": 0.8557290434837341, "length": 4.0, "mode": "test", "epoch": 28}
{"loss": 0.3288951516151428, "acc": 0.8631442189216614, "length": 3.9997451305389404, "mode": "train", "epoch": 29}
{"loss": 0.3417932987213135, "acc": 0.8539929986000061, "length": 4.0, "mode": "test", "epoch": 29}
{"loss": 0.3266967833042145, "acc": 0.8638754487037659, "length": 3.9999682903289795, "mode": "train", "epoch": 30}
{"loss": 0.35525956749916077, "acc": 0.8491320013999939, "length": 4.0, "mode": "test", "epoch": 30}
{"loss": 0.3240722119808197, "acc": 0.8624911308288574, "length": 3.9999752044677734, "mode": "train", "epoch": 31}
{"loss": 0.3439081907272339, "acc": 0.8628472089767456, "length": 4.0, "mode": "test", "epoch": 31}
{"loss": 0.3114601969718933, "acc": 0.8699503540992737, "length": 3.9999539852142334, "mode": "train", "epoch": 32}
{"loss": 0.33020421862602234, "acc": 0.8635416030883789, "length": 4.0, "mode": "test", "epoch": 32}
{"loss": 0.3117743134498596, "acc": 0.8717062473297119, "length": 3.9999876022338867, "mode": "train", "epoch": 33}
{"loss": 0.3412875235080719, "acc": 0.8622395396232605, "length": 4.0, "mode": "test", "epoch": 33}
{"loss": 0.3093149662017822, "acc": 0.872042715549469, "length": 3.999943733215332, "mode": "train", "epoch": 34}
{"loss": 0.32076817750930786, "acc": 0.8671875, "length": 4.0, "mode": "test", "epoch": 34}
{"loss": 0.30271196365356445, "acc": 0.8743918538093567, "length": 3.999995231628418, "mode": "train", "epoch": 35}
{"loss": 0.3265090882778168, "acc": 0.8677083253860474, "length": 4.0, "mode": "test", "epoch": 35}
{"loss": 0.3148456811904907, "acc": 0.871254026889801, "length": 3.999988317489624, "mode": "train", "epoch": 36}
{"loss": 0.3816889822483063, "acc": 0.8461804986000061, "length": 4.0, "mode": "test", "epoch": 36}
{"loss": 0.31243428587913513, "acc": 0.8696436285972595, "length": 3.999995470046997, "mode": "train", "epoch": 37}
{"loss": 0.32603201270103455, "acc": 0.8661457896232605, "length": 4.0, "mode": "test", "epoch": 37}
{"loss": 0.29798877239227295, "acc": 0.8783209323883057, "length": 3.999997854232788, "mode": "train", "epoch": 38}
{"loss": 0.3106870949268341, "acc": 0.8756077289581299, "length": 4.0, "mode": "test", "epoch": 38}
{"loss": 0.29493600130081177, "acc": 0.8797337412834167, "length": 3.9999923706054688, "mode": "train", "epoch": 39}
{"loss": 0.32577604055404663, "acc": 0.8651042580604553, "length": 4.0, "mode": "test", "epoch": 39}
{"loss": 0.2930453419685364, "acc": 0.8786031603813171, "length": 3.999994993209839, "mode": "train", "epoch": 40}
{"loss": 0.318472295999527, "acc": 0.8683159351348877, "length": 4.0, "mode": "test", "epoch": 40}
{"loss": 0.2927407920360565, "acc": 0.8781791925430298, "length": 3.999992847442627, "mode": "train", "epoch": 41}
{"loss": 0.30927035212516785, "acc": 0.8768229484558105, "length": 4.0, "mode": "test", "epoch": 41}
{"loss": 0.285908579826355, "acc": 0.8819387555122375, "length": 3.9999966621398926, "mode": "train", "epoch": 42}
{"loss": 0.3138096332550049, "acc": 0.8743922710418701, "length": 4.0, "mode": "test", "epoch": 42}
{"loss": 0.2876881957054138, "acc": 0.8825587034225464, "length": 3.9999735355377197, "mode": "train", "epoch": 43}
{"loss": 0.31040158867836, "acc": 0.8761284351348877, "length": 4.0, "mode": "test", "epoch": 43}
{"loss": 0.2898101210594177, "acc": 0.8814016580581665, "length": 3.999997615814209, "mode": "train", "epoch": 44}
{"loss": 0.3122706115245819, "acc": 0.8772569894790649, "length": 4.0, "mode": "test", "epoch": 44}
{"loss": 0.28920114040374756, "acc": 0.8807764053344727, "length": 3.9999442100524902, "mode": "train", "epoch": 45}
{"loss": 0.3049251139163971, "acc": 0.8784722685813904, "length": 4.0, "mode": "test", "epoch": 45}
{"loss": 0.28246253728866577, "acc": 0.8862912058830261, "length": 3.999993085861206, "mode": "train", "epoch": 46}
{"loss": 0.30681049823760986, "acc": 0.8820313215255737, "length": 4.0, "mode": "test", "epoch": 46}
{"loss": 0.28419986367225647, "acc": 0.8831261396408081, "length": 3.9999983310699463, "mode": "train", "epoch": 47}
{"loss": 0.30885547399520874, "acc": 0.8763020634651184, "length": 4.0, "mode": "test", "epoch": 47}
{"loss": 0.28591570258140564, "acc": 0.8836541771888733, "length": 3.999918222427368, "mode": "train", "epoch": 48}
{"loss": 0.317680299282074, "acc": 0.8726561069488525, "length": 4.0, "mode": "test", "epoch": 48}
{"loss": 0.2927386164665222, "acc": 0.8814456462860107, "length": 3.998836040496826, "mode": "train", "epoch": 49}
{"loss": 0.30531632900238037, "acc": 0.8798611164093018, "length": 4.0, "mode": "test", "epoch": 49}
{"loss": 0.28536757826805115, "acc": 0.8858392238616943, "length": 3.9999966621398926, "mode": "train", "epoch": 50}
{"loss": 0.3138582408428192, "acc": 0.8811632990837097, "length": 4.0, "mode": "test", "epoch": 50}
{"loss": 0.2808961570262909, "acc": 0.8887506723403931, "length": 3.9999988079071045, "mode": "train", "epoch": 51}
{"loss": 0.3013118803501129, "acc": 0.8831596970558167, "length": 4.0, "mode": "test", "epoch": 51}
{"loss": 0.27787643671035767, "acc": 0.8879591822624207, "length": 3.999999523162842, "mode": "train", "epoch": 52}
{"loss": 0.3065749704837799, "acc": 0.8776910305023193, "length": 4.0, "mode": "test", "epoch": 52}
{"loss": 0.27935561537742615, "acc": 0.8873375058174133, "length": 4.0, "mode": "train", "epoch": 53}
{"loss": 0.31406569480895996, "acc": 0.8763889074325562, "length": 4.0, "mode": "test", "epoch": 53}
{"loss": 0.2755779027938843, "acc": 0.8883264064788818, "length": 3.999997615814209, "mode": "train", "epoch": 54}
{"loss": 0.30780741572380066, "acc": 0.8709200024604797, "length": 4.0, "mode": "test", "epoch": 54}
{"loss": 0.27338865399360657, "acc": 0.8894572257995605, "length": 4.0, "mode": "train", "epoch": 55}
{"loss": 0.3284657895565033, "acc": 0.8627603650093079, "length": 4.0, "mode": "test", "epoch": 55}
{"loss": 0.30472466349601746, "acc": 0.8782925605773926, "length": 3.9999961853027344, "mode": "train", "epoch": 56}
{"loss": 0.32871630787849426, "acc": 0.8723089694976807, "length": 4.0, "mode": "test", "epoch": 56}
{"loss": 0.2868451178073883, "acc": 0.883747935295105, "length": 3.999999761581421, "mode": "train", "epoch": 57}
{"loss": 0.3219417333602905, "acc": 0.8736110925674438, "length": 4.0, "mode": "test", "epoch": 57}
{"loss": 0.28188130259513855, "acc": 0.8856980204582214, "length": 3.9999992847442627, "mode": "train", "epoch": 58}
{"loss": 0.31872403621673584, "acc": 0.8777778148651123, "length": 4.0, "mode": "test", "epoch": 58}
{"loss": 0.28022074699401855, "acc": 0.8864611387252808, "length": 3.9999983310699463, "mode": "train", "epoch": 59}
{"loss": 0.3154428005218506, "acc": 0.8802083134651184, "length": 4.0, "mode": "test", "epoch": 59}
{"loss": 0.28019246459007263, "acc": 0.8872244358062744, "length": 3.9999988079071045, "mode": "train", "epoch": 60}
{"loss": 0.3152548372745514, "acc": 0.8756943941116333, "length": 4.0, "mode": "test", "epoch": 60}
test accuracy: 0.8753906488418579
