# ["--attributes=3", "--values=4", "--game_size=10", "--vocab_size_factor=3", "--n_epochs=60", "--batch_size=64", "--learning_rate=0.001", "--hidden_size=256", "--temp_update=0.97", "--temperature=1.5"]
Creating train_ds and val_ds...

Creating test_ds...
{"loss": 0.7001573443412781, "acc": 0.5018646121025085, "length": 2.055342435836792, "mode": "train", "epoch": 1}
{"loss": 0.6930559277534485, "acc": 0.5, "length": 1.0, "mode": "test", "epoch": 1}
{"loss": 0.6929360628128052, "acc": 0.5081048607826233, "length": 1.0032819509506226, "mode": "train", "epoch": 2}
{"loss": 0.6928147077560425, "acc": 0.5065972805023193, "length": 1.0, "mode": "test", "epoch": 2}
{"loss": 0.6928213238716125, "acc": 0.5144264698028564, "length": 1.0022023916244507, "mode": "train", "epoch": 3}
{"loss": 0.6926524639129639, "acc": 0.5083333849906921, "length": 1.0, "mode": "test", "epoch": 3}
{"loss": 0.6929214000701904, "acc": 0.5132830739021301, "length": 1.0011440515518188, "mode": "train", "epoch": 4}
{"loss": 0.6929944753646851, "acc": 0.5051214694976807, "length": 1.0, "mode": "test", "epoch": 4}
{"loss": 0.6931127309799194, "acc": 0.5071792602539062, "length": 1.0009064674377441, "mode": "train", "epoch": 5}
{"loss": 0.6931656002998352, "acc": 0.5022569894790649, "length": 1.0, "mode": "test", "epoch": 5}
{"loss": 0.6929531693458557, "acc": 0.5092681646347046, "length": 1.0006130933761597, "mode": "train", "epoch": 6}
{"loss": 0.6926126480102539, "acc": 0.5049479007720947, "length": 1.0, "mode": "test", "epoch": 6}
{"loss": 0.6929399967193604, "acc": 0.514876127243042, "length": 1.0005093812942505, "mode": "train", "epoch": 7}
{"loss": 0.6932370066642761, "acc": 0.48854154348373413, "length": 1.0, "mode": "test", "epoch": 7}
{"loss": 0.692606508731842, "acc": 0.506330132484436, "length": 1.0004079341888428, "mode": "train", "epoch": 8}
{"loss": 0.6920830607414246, "acc": 0.5110242962837219, "length": 1.0, "mode": "test", "epoch": 8}
{"loss": 0.6932095885276794, "acc": 0.5037089586257935, "length": 1.0004169940948486, "mode": "train", "epoch": 9}
{"loss": 0.6928268671035767, "acc": 0.49661460518836975, "length": 1.0, "mode": "test", "epoch": 9}
{"loss": 0.6926189661026001, "acc": 0.5113152265548706, "length": 1.0003619194030762, "mode": "train", "epoch": 10}
{"loss": 0.6920250654220581, "acc": 0.5037326216697693, "length": 1.0, "mode": "test", "epoch": 10}
{"loss": 0.69284588098526, "acc": 0.5088367462158203, "length": 1.0001192092895508, "mode": "train", "epoch": 11}
{"loss": 0.6929180026054382, "acc": 0.5078992247581482, "length": 1.0, "mode": "test", "epoch": 11}
{"loss": 0.6928463578224182, "acc": 0.5116024017333984, "length": 1.0000962018966675, "mode": "train", "epoch": 12}
{"loss": 0.6930203437805176, "acc": 0.4977431297302246, "length": 1.0, "mode": "test", "epoch": 12}
{"loss": 0.6930784583091736, "acc": 0.5064422488212585, "length": 1.0000497102737427, "mode": "train", "epoch": 13}
{"loss": 0.6924026012420654, "acc": 0.5021701455116272, "length": 1.0, "mode": "test", "epoch": 13}
{"loss": 0.6926282644271851, "acc": 0.5032784938812256, "length": 1.0000375509262085, "mode": "train", "epoch": 14}
{"loss": 0.6923266649246216, "acc": 0.5059895515441895, "length": 1.0, "mode": "test", "epoch": 14}
{"loss": 0.6925035119056702, "acc": 0.511915385723114, "length": 1.0000375509262085, "mode": "train", "epoch": 15}
{"loss": 0.692638099193573, "acc": 0.502951443195343, "length": 1.0, "mode": "test", "epoch": 15}
{"loss": 0.692808210849762, "acc": 0.5047913789749146, "length": 1.0002100467681885, "mode": "train", "epoch": 16}
{"loss": 0.6928859353065491, "acc": 0.5037326216697693, "length": 1.0, "mode": "test", "epoch": 16}
{"loss": 0.6927487850189209, "acc": 0.5125995874404907, "length": 1.0000196695327759, "mode": "train", "epoch": 17}
{"loss": 0.6926348209381104, "acc": 0.5065972805023193, "length": 1.0, "mode": "test", "epoch": 17}
{"loss": 0.6924452185630798, "acc": 0.5127423405647278, "length": 1.0000133514404297, "mode": "train", "epoch": 18}
{"loss": 0.6926662921905518, "acc": 0.5074651837348938, "length": 1.0, "mode": "test", "epoch": 18}
{"loss": 0.6926377415657043, "acc": 0.5086374282836914, "length": 1.0000064373016357, "mode": "train", "epoch": 19}
{"loss": 0.6926506757736206, "acc": 0.49470484256744385, "length": 1.0, "mode": "test", "epoch": 19}
{"loss": 0.6927617192268372, "acc": 0.5103193521499634, "length": 1.0000038146972656, "mode": "train", "epoch": 20}
{"loss": 0.6923956871032715, "acc": 0.49609375, "length": 1.0, "mode": "test", "epoch": 20}
{"loss": 0.6925696134567261, "acc": 0.5056442618370056, "length": 1.0000029802322388, "mode": "train", "epoch": 21}
{"loss": 0.6926468014717102, "acc": 0.4998262822628021, "length": 1.0, "mode": "test", "epoch": 21}
{"loss": 0.6927908062934875, "acc": 0.5102623105049133, "length": 1.0000019073486328, "mode": "train", "epoch": 22}
{"loss": 0.6924740076065063, "acc": 0.5034721493721008, "length": 1.0, "mode": "test", "epoch": 22}
{"loss": 0.6927767992019653, "acc": 0.5120296478271484, "length": 1.0000015497207642, "mode": "train", "epoch": 23}
{"loss": 0.6928936243057251, "acc": 0.49210065603256226, "length": 1.0, "mode": "test", "epoch": 23}
{"loss": 0.6924970149993896, "acc": 0.5046464800834656, "length": 1.0000016689300537, "mode": "train", "epoch": 24}
{"loss": 0.6929831504821777, "acc": 0.5006076097488403, "length": 1.0, "mode": "test", "epoch": 24}
{"loss": 0.6927516460418701, "acc": 0.5082098841667175, "length": 1.000000238418579, "mode": "train", "epoch": 25}
{"loss": 0.6927237510681152, "acc": 0.4921875596046448, "length": 1.0, "mode": "test", "epoch": 25}
{"loss": 0.692470133304596, "acc": 0.5047605633735657, "length": 1.0000005960464478, "mode": "train", "epoch": 26}
{"loss": 0.6924514174461365, "acc": 0.4917534589767456, "length": 1.0, "mode": "test", "epoch": 26}
{"loss": 0.6926432847976685, "acc": 0.5089223980903625, "length": 1.000000238418579, "mode": "train", "epoch": 27}
{"loss": 0.6926208138465881, "acc": 0.5091146230697632, "length": 1.0, "mode": "test", "epoch": 27}
{"loss": 0.6924461722373962, "acc": 0.5058438777923584, "length": 1.000001072883606, "mode": "train", "epoch": 28}
{"loss": 0.6925837397575378, "acc": 0.4967881739139557, "length": 1.0, "mode": "test", "epoch": 28}
{"loss": 0.6924025416374207, "acc": 0.5052165389060974, "length": 1.000001072883606, "mode": "train", "epoch": 29}
{"loss": 0.692686915397644, "acc": 0.497829794883728, "length": 1.0, "mode": "test", "epoch": 29}
{"loss": 0.6924384236335754, "acc": 0.5073831677436829, "length": 1.0000009536743164, "mode": "train", "epoch": 30}
{"loss": 0.6924506425857544, "acc": 0.5060763955116272, "length": 1.0, "mode": "test", "epoch": 30}
{"loss": 0.6925662755966187, "acc": 0.511060357093811, "length": 1.0000001192092896, "mode": "train", "epoch": 31}
{"loss": 0.6927684545516968, "acc": 0.5038194060325623, "length": 1.0, "mode": "test", "epoch": 31}
{"loss": 0.6925756335258484, "acc": 0.5129703283309937, "length": 1.0000001192092896, "mode": "train", "epoch": 32}
{"loss": 0.6926639080047607, "acc": 0.5065104365348816, "length": 1.0, "mode": "test", "epoch": 32}
{"loss": 0.6926985383033752, "acc": 0.5072407126426697, "length": 1.0000001192092896, "mode": "train", "epoch": 33}
{"loss": 0.6927376985549927, "acc": 0.49531257152557373, "length": 1.0, "mode": "test", "epoch": 33}
{"loss": 0.6926811337471008, "acc": 0.4995439052581787, "length": 1.0000005960464478, "mode": "train", "epoch": 34}
{"loss": 0.6927431225776672, "acc": 0.506076455116272, "length": 1.0, "mode": "test", "epoch": 34}
{"loss": 0.6928969025611877, "acc": 0.518614649772644, "length": 1.0000001192092896, "mode": "train", "epoch": 35}
{"loss": 0.6928433775901794, "acc": 0.5085069537162781, "length": 1.0, "mode": "test", "epoch": 35}
{"loss": 0.692402720451355, "acc": 0.5057297348976135, "length": 1.0000007152557373, "mode": "train", "epoch": 36}
{"loss": 0.6926988959312439, "acc": 0.4917534589767456, "length": 1.0, "mode": "test", "epoch": 36}
{"loss": 0.6926019787788391, "acc": 0.5112599730491638, "length": 1.0000001192092896, "mode": "train", "epoch": 37}
{"loss": 0.6925358176231384, "acc": 0.4965277910232544, "length": 1.0, "mode": "test", "epoch": 37}
{"loss": 0.6926953792572021, "acc": 0.5116020441055298, "length": 1.0000094175338745, "mode": "train", "epoch": 38}
{"loss": 0.6923626661300659, "acc": 0.5026041269302368, "length": 1.0, "mode": "test", "epoch": 38}
{"loss": 0.6924871802330017, "acc": 0.5169327855110168, "length": 1.0, "mode": "train", "epoch": 39}
{"loss": 0.6927595138549805, "acc": 0.49010419845581055, "length": 1.0, "mode": "test", "epoch": 39}
{"loss": 0.6927164793014526, "acc": 0.5055301785469055, "length": 1.0, "mode": "train", "epoch": 40}
{"loss": 0.6928654909133911, "acc": 0.49244797229766846, "length": 1.0, "mode": "test", "epoch": 40}
{"loss": 0.692391574382782, "acc": 0.5135975480079651, "length": 1.0000001192092896, "mode": "train", "epoch": 41}
{"loss": 0.692296028137207, "acc": 0.504687488079071, "length": 1.0, "mode": "test", "epoch": 41}
{"loss": 0.6925851702690125, "acc": 0.5106328129768372, "length": 1.000002384185791, "mode": "train", "epoch": 42}
{"loss": 0.69269198179245, "acc": 0.5005208849906921, "length": 1.0, "mode": "test", "epoch": 42}
{"loss": 0.6923877000808716, "acc": 0.5072691440582275, "length": 1.0, "mode": "train", "epoch": 43}
{"loss": 0.6923410892486572, "acc": 0.49383676052093506, "length": 1.0, "mode": "test", "epoch": 43}
{"loss": 0.6923816800117493, "acc": 0.5043899416923523, "length": 1.0000001192092896, "mode": "train", "epoch": 44}
{"loss": 0.6926156878471375, "acc": 0.49227434396743774, "length": 1.0, "mode": "test", "epoch": 44}
{"loss": 0.6925095319747925, "acc": 0.5068129897117615, "length": 1.0000051259994507, "mode": "train", "epoch": 45}
{"loss": 0.6924909353256226, "acc": 0.5039930939674377, "length": 1.0, "mode": "test", "epoch": 45}
{"loss": 0.6924611330032349, "acc": 0.5124857425689697, "length": 1.0000001192092896, "mode": "train", "epoch": 46}
{"loss": 0.6927708983421326, "acc": 0.5067708492279053, "length": 1.0, "mode": "test", "epoch": 46}
{"loss": 0.692584216594696, "acc": 0.5091789960861206, "length": 1.0, "mode": "train", "epoch": 47}
{"loss": 0.6924899220466614, "acc": 0.5, "length": 1.0, "mode": "test", "epoch": 47}
{"loss": 0.6924999952316284, "acc": 0.5082098841667175, "length": 1.0000026226043701, "mode": "train", "epoch": 48}
{"loss": 0.6927813291549683, "acc": 0.494270920753479, "length": 1.0, "mode": "test", "epoch": 48}
{"loss": 0.6924356818199158, "acc": 0.5062998533248901, "length": 1.0000001192092896, "mode": "train", "epoch": 49}
{"loss": 0.6929923295974731, "acc": 0.5077256560325623, "length": 1.0, "mode": "test", "epoch": 49}
{"loss": 0.6923297643661499, "acc": 0.5149372816085815, "length": 1.0000001192092896, "mode": "train", "epoch": 50}
{"loss": 0.6924750804901123, "acc": 0.5043402910232544, "length": 1.0, "mode": "test", "epoch": 50}
{"loss": 0.6926335692405701, "acc": 0.505074143409729, "length": 1.0, "mode": "train", "epoch": 51}
{"loss": 0.6925590634346008, "acc": 0.5060763359069824, "length": 1.0, "mode": "test", "epoch": 51}
{"loss": 0.6927207112312317, "acc": 0.5112600326538086, "length": 1.000000238418579, "mode": "train", "epoch": 52}
{"loss": 0.6928362250328064, "acc": 0.5001736283302307, "length": 1.0, "mode": "test", "epoch": 52}
{"loss": 0.6923944354057312, "acc": 0.505131185054779, "length": 1.0, "mode": "train", "epoch": 53}
{"loss": 0.6926268339157104, "acc": 0.5011284351348877, "length": 1.0, "mode": "test", "epoch": 53}
{"loss": 0.6925762295722961, "acc": 0.5090079307556152, "length": 1.0000014305114746, "mode": "train", "epoch": 54}
{"loss": 0.6924602389335632, "acc": 0.4956596791744232, "length": 1.0, "mode": "test", "epoch": 54}
{"loss": 0.6926825642585754, "acc": 0.5046749711036682, "length": 1.0, "mode": "train", "epoch": 55}
{"loss": 0.6926262974739075, "acc": 0.49314239621162415, "length": 1.0, "mode": "test", "epoch": 55}
{"loss": 0.6925503015518188, "acc": 0.5121151804924011, "length": 1.0, "mode": "train", "epoch": 56}
{"loss": 0.6927557587623596, "acc": 0.5030381679534912, "length": 1.0, "mode": "test", "epoch": 56}
{"loss": 0.692359209060669, "acc": 0.5094070434570312, "length": 1.0, "mode": "train", "epoch": 57}
{"loss": 0.6928941607475281, "acc": 0.49296870827674866, "length": 1.0, "mode": "test", "epoch": 57}
{"loss": 0.6924053430557251, "acc": 0.5058721899986267, "length": 1.0, "mode": "train", "epoch": 58}
{"loss": 0.692387044429779, "acc": 0.49288198351860046, "length": 1.0, "mode": "test", "epoch": 58}
{"loss": 0.6923336386680603, "acc": 0.4993157684803009, "length": 1.0, "mode": "train", "epoch": 59}
{"loss": 0.6923995614051819, "acc": 0.4947916567325592, "length": 1.0, "mode": "test", "epoch": 59}
{"loss": 0.6924793720245361, "acc": 0.5067559480667114, "length": 1.0, "mode": "train", "epoch": 60}
{"loss": 0.6925093531608582, "acc": 0.5004341006278992, "length": 1.0, "mode": "test", "epoch": 60}
test accuracy: 0.47909098863601685
