# ["--attributes=3", "--values=4", "--game_size=10", "--vocab_size_factor=3", "--n_epochs=60", "--batch_size=128", "--learning_rate=0.0005", "--hidden_size=256", "--temp_update=0.99", "--temperature=2"]
Creating train_ds and val_ds...

Creating test_ds...
{"loss": 0.7001475095748901, "acc": 0.5052226781845093, "length": 3.5634169578552246, "mode": "train", "epoch": 1}
{"loss": 0.6931217908859253, "acc": 0.50244140625, "length": 1.0, "mode": "test", "epoch": 1}
{"loss": 0.6940573453903198, "acc": 0.5060411095619202, "length": 3.2296478748321533, "mode": "train", "epoch": 2}
{"loss": 0.6934361457824707, "acc": 0.49599605798721313, "length": 1.0, "mode": "test", "epoch": 2}
{"loss": 0.6859875321388245, "acc": 0.5634515881538391, "length": 2.4080889225006104, "mode": "train", "epoch": 3}
{"loss": 0.6704817414283752, "acc": 0.636847734451294, "length": 2.53515625, "mode": "test", "epoch": 3}
{"loss": 0.6476341485977173, "acc": 0.6619492769241333, "length": 2.6074717044830322, "mode": "train", "epoch": 4}
{"loss": 0.6305371522903442, "acc": 0.6486793756484985, "length": 2.51171875, "mode": "test", "epoch": 4}
{"loss": 0.613183856010437, "acc": 0.6668226718902588, "length": 2.5610499382019043, "mode": "train", "epoch": 5}
{"loss": 0.6161600947380066, "acc": 0.6628692746162415, "length": 2.587890625, "mode": "test", "epoch": 5}
{"loss": 0.5987014174461365, "acc": 0.6863994598388672, "length": 2.917565107345581, "mode": "train", "epoch": 6}
{"loss": 0.6035194396972656, "acc": 0.6801704168319702, "length": 2.91796875, "mode": "test", "epoch": 6}
{"loss": 0.5720612406730652, "acc": 0.7048730254173279, "length": 3.424278497695923, "mode": "train", "epoch": 7}
{"loss": 0.5860547423362732, "acc": 0.6740232706069946, "length": 4.0, "mode": "test", "epoch": 7}
{"loss": 0.5484508275985718, "acc": 0.7229436039924622, "length": 3.9179563522338867, "mode": "train", "epoch": 8}
{"loss": 0.5719746351242065, "acc": 0.6839843392372131, "length": 4.0, "mode": "test", "epoch": 8}
{"loss": 0.5166857838630676, "acc": 0.739077091217041, "length": 3.979222059249878, "mode": "train", "epoch": 9}
{"loss": 0.5658115148544312, "acc": 0.7205077409744263, "length": 4.0, "mode": "test", "epoch": 9}
{"loss": 0.49962279200553894, "acc": 0.7573392987251282, "length": 3.9830613136291504, "mode": "train", "epoch": 10}
{"loss": 0.5368452072143555, "acc": 0.7330078482627869, "length": 4.0, "mode": "test", "epoch": 10}
{"loss": 0.4849652647972107, "acc": 0.7721160650253296, "length": 3.9872400760650635, "mode": "train", "epoch": 11}
{"loss": 0.5409046411514282, "acc": 0.7297850847244263, "length": 4.0, "mode": "test", "epoch": 11}
{"loss": 0.46902796626091003, "acc": 0.7805849313735962, "length": 3.989614486694336, "mode": "train", "epoch": 12}
{"loss": 0.5129084587097168, "acc": 0.7416991591453552, "length": 4.0, "mode": "test", "epoch": 12}
{"loss": 0.4573829472064972, "acc": 0.791077196598053, "length": 3.9922385215759277, "mode": "train", "epoch": 13}
{"loss": 0.5024564266204834, "acc": 0.7637696266174316, "length": 4.0, "mode": "test", "epoch": 13}
{"loss": 0.43615472316741943, "acc": 0.7993438839912415, "length": 3.9934277534484863, "mode": "train", "epoch": 14}
{"loss": 0.49728894233703613, "acc": 0.7767577767372131, "length": 4.0, "mode": "test", "epoch": 14}
{"loss": 0.4302007257938385, "acc": 0.8060786128044128, "length": 3.994932174682617, "mode": "train", "epoch": 15}
{"loss": 0.48831331729888916, "acc": 0.7822265625, "length": 4.0, "mode": "test", "epoch": 15}
{"loss": 0.41855114698410034, "acc": 0.807361364364624, "length": 3.9955332279205322, "mode": "train", "epoch": 16}
{"loss": 0.4653887450695038, "acc": 0.7785155773162842, "length": 4.0, "mode": "test", "epoch": 16}
{"loss": 0.41392242908477783, "acc": 0.8217335939407349, "length": 3.996731996536255, "mode": "train", "epoch": 17}
{"loss": 0.4513590931892395, "acc": 0.7898437976837158, "length": 4.0, "mode": "test", "epoch": 17}
{"loss": 0.4084916412830353, "acc": 0.82262122631073, "length": 3.9968581199645996, "mode": "train", "epoch": 18}
{"loss": 0.44895195960998535, "acc": 0.7958984971046448, "length": 4.0, "mode": "test", "epoch": 18}
{"loss": 0.4027215540409088, "acc": 0.82868891954422, "length": 3.997530460357666, "mode": "train", "epoch": 19}
{"loss": 0.45686858892440796, "acc": 0.7848633527755737, "length": 4.0, "mode": "test", "epoch": 19}
{"loss": 0.39947959780693054, "acc": 0.8283640742301941, "length": 3.99771785736084, "mode": "train", "epoch": 20}
{"loss": 0.4437791407108307, "acc": 0.7920899391174316, "length": 4.0, "mode": "test", "epoch": 20}
{"loss": 0.38954612612724304, "acc": 0.8331601023674011, "length": 3.9981892108917236, "mode": "train", "epoch": 21}
{"loss": 0.4362409710884094, "acc": 0.8056641221046448, "length": 4.0, "mode": "test", "epoch": 21}
{"loss": 0.38590162992477417, "acc": 0.8382982015609741, "length": 3.9980270862579346, "mode": "train", "epoch": 22}
{"loss": 0.42020899057388306, "acc": 0.8190430998802185, "length": 4.0, "mode": "test", "epoch": 22}
{"loss": 0.38354310393333435, "acc": 0.8399126529693604, "length": 3.9983906745910645, "mode": "train", "epoch": 23}
{"loss": 0.4379408359527588, "acc": 0.7971680164337158, "length": 4.0, "mode": "test", "epoch": 23}
{"loss": 0.37550896406173706, "acc": 0.8377741575241089, "length": 3.9982082843780518, "mode": "train", "epoch": 24}
{"loss": 0.4193200469017029, "acc": 0.8244141340255737, "length": 4.0, "mode": "test", "epoch": 24}
{"loss": 0.3712292015552521, "acc": 0.8425857424736023, "length": 3.998149871826172, "mode": "train", "epoch": 25}
{"loss": 0.4055335819721222, "acc": 0.8094725608825684, "length": 4.0, "mode": "test", "epoch": 25}
{"loss": 0.3606416881084442, "acc": 0.8465865850448608, "length": 3.9988088607788086, "mode": "train", "epoch": 26}
{"loss": 0.39629387855529785, "acc": 0.8363280892372131, "length": 4.0, "mode": "test", "epoch": 26}
{"loss": 0.357247918844223, "acc": 0.8512911796569824, "length": 3.9989194869995117, "mode": "train", "epoch": 27}
{"loss": 0.38842618465423584, "acc": 0.8351563215255737, "length": 4.0, "mode": "test", "epoch": 27}
{"loss": 0.34475043416023254, "acc": 0.8557997941970825, "length": 3.9989287853240967, "mode": "train", "epoch": 28}
{"loss": 0.3890340030193329, "acc": 0.8296874761581421, "length": 4.0, "mode": "test", "epoch": 28}
{"loss": 0.3429242968559265, "acc": 0.8582707643508911, "length": 3.999173402786255, "mode": "train", "epoch": 29}
{"loss": 0.3940281867980957, "acc": 0.8128906488418579, "length": 4.0, "mode": "test", "epoch": 29}
{"loss": 0.3377343416213989, "acc": 0.8602808117866516, "length": 3.999001979827881, "mode": "train", "epoch": 30}
{"loss": 0.3765108585357666, "acc": 0.8350585699081421, "length": 4.0, "mode": "test", "epoch": 30}
{"loss": 0.33659303188323975, "acc": 0.8610357046127319, "length": 3.9991567134857178, "mode": "train", "epoch": 31}
{"loss": 0.3685598373413086, "acc": 0.8423829674720764, "length": 4.0, "mode": "test", "epoch": 31}
{"loss": 0.33218327164649963, "acc": 0.8628402948379517, "length": 3.9993739128112793, "mode": "train", "epoch": 32}
{"loss": 0.37391188740730286, "acc": 0.834863543510437, "length": 4.0, "mode": "test", "epoch": 32}
{"loss": 0.32348841428756714, "acc": 0.8679916262626648, "length": 3.9995076656341553, "mode": "train", "epoch": 33}
{"loss": 0.36643102765083313, "acc": 0.8423828482627869, "length": 4.0, "mode": "test", "epoch": 33}
{"loss": 0.3252386450767517, "acc": 0.871677041053772, "length": 3.9996440410614014, "mode": "train", "epoch": 34}
{"loss": 0.3581758737564087, "acc": 0.8458985090255737, "length": 4.0, "mode": "test", "epoch": 34}
{"loss": 0.30841386318206787, "acc": 0.8734197616577148, "length": 3.999650001525879, "mode": "train", "epoch": 35}
{"loss": 0.3600468635559082, "acc": 0.8478517532348633, "length": 4.0, "mode": "test", "epoch": 35}
{"loss": 0.3044635057449341, "acc": 0.8742778301239014, "length": 3.999677896499634, "mode": "train", "epoch": 36}
{"loss": 0.36481890082359314, "acc": 0.8418945074081421, "length": 4.0, "mode": "test", "epoch": 36}
{"loss": 0.3109844923019409, "acc": 0.8743637204170227, "length": 3.9997191429138184, "mode": "train", "epoch": 37}
{"loss": 0.34281831979751587, "acc": 0.8547850847244263, "length": 4.0, "mode": "test", "epoch": 37}
{"loss": 0.30667299032211304, "acc": 0.8730388283729553, "length": 3.999788761138916, "mode": "train", "epoch": 38}
{"loss": 0.35789796710014343, "acc": 0.8458008170127869, "length": 4.0, "mode": "test", "epoch": 38}
{"loss": 0.30514341592788696, "acc": 0.877271294593811, "length": 3.999770402908325, "mode": "train", "epoch": 39}
{"loss": 0.33321747183799744, "acc": 0.8592772483825684, "length": 4.0, "mode": "test", "epoch": 39}
{"loss": 0.3014200031757355, "acc": 0.881439208984375, "length": 3.9996259212493896, "mode": "train", "epoch": 40}
{"loss": 0.3526804745197296, "acc": 0.8508790731430054, "length": 4.0, "mode": "test", "epoch": 40}
{"loss": 0.3101491332054138, "acc": 0.8768585324287415, "length": 3.9998273849487305, "mode": "train", "epoch": 41}
{"loss": 0.32553666830062866, "acc": 0.8678708672523499, "length": 4.0, "mode": "test", "epoch": 41}
{"loss": 0.29613617062568665, "acc": 0.8804532885551453, "length": 3.9997904300689697, "mode": "train", "epoch": 42}
{"loss": 0.32922038435935974, "acc": 0.8646484613418579, "length": 4.0, "mode": "test", "epoch": 42}
{"loss": 0.2969496548175812, "acc": 0.8824470043182373, "length": 3.999804735183716, "mode": "train", "epoch": 43}
{"loss": 0.3247596323490143, "acc": 0.8695311546325684, "length": 4.0, "mode": "test", "epoch": 43}
{"loss": 0.2900765836238861, "acc": 0.8867055177688599, "length": 3.9997775554656982, "mode": "train", "epoch": 44}
{"loss": 0.3174781799316406, "acc": 0.8723632097244263, "length": 4.0, "mode": "test", "epoch": 44}
{"loss": 0.2879960536956787, "acc": 0.8828929662704468, "length": 3.9998722076416016, "mode": "train", "epoch": 45}
{"loss": 0.3186264932155609, "acc": 0.8650389313697815, "length": 4.0, "mode": "test", "epoch": 45}
{"loss": 0.2792459726333618, "acc": 0.8873478770256042, "length": 3.9998838901519775, "mode": "train", "epoch": 46}
{"loss": 0.30682235956192017, "acc": 0.8833007216453552, "length": 4.0, "mode": "test", "epoch": 46}
{"loss": 0.2787393033504486, "acc": 0.8884630799293518, "length": 3.9995243549346924, "mode": "train", "epoch": 47}
{"loss": 0.3080344796180725, "acc": 0.8771485090255737, "length": 4.0, "mode": "test", "epoch": 47}
{"loss": 0.2682160437107086, "acc": 0.8931589722633362, "length": 3.9998931884765625, "mode": "train", "epoch": 48}
{"loss": 0.31437426805496216, "acc": 0.8760742545127869, "length": 4.0, "mode": "test", "epoch": 48}
{"loss": 0.2713572382926941, "acc": 0.8934369683265686, "length": 3.9999094009399414, "mode": "train", "epoch": 49}
{"loss": 0.30600979924201965, "acc": 0.8781250715255737, "length": 4.0, "mode": "test", "epoch": 49}
{"loss": 0.2642919719219208, "acc": 0.8937127590179443, "length": 3.9998860359191895, "mode": "train", "epoch": 50}
{"loss": 0.3026161193847656, "acc": 0.8805665373802185, "length": 4.0, "mode": "test", "epoch": 50}
{"loss": 0.2544182240962982, "acc": 0.8954010605812073, "length": 3.9999067783355713, "mode": "train", "epoch": 51}
{"loss": 0.29728323221206665, "acc": 0.8864259123802185, "length": 4.0, "mode": "test", "epoch": 51}
{"loss": 0.25678619742393494, "acc": 0.8969510197639465, "length": 3.9999141693115234, "mode": "train", "epoch": 52}
{"loss": 0.3030073344707489, "acc": 0.8785156011581421, "length": 4.0, "mode": "test", "epoch": 52}
{"loss": 0.2544633150100708, "acc": 0.8974238634109497, "length": 3.999953031539917, "mode": "train", "epoch": 53}
{"loss": 0.294523149728775, "acc": 0.8840819597244263, "length": 4.0, "mode": "test", "epoch": 53}
{"loss": 0.24766269326210022, "acc": 0.9007152915000916, "length": 3.9999325275421143, "mode": "train", "epoch": 54}
{"loss": 0.3013124167919159, "acc": 0.8806639313697815, "length": 4.0, "mode": "test", "epoch": 54}
{"loss": 0.2529972791671753, "acc": 0.9015732407569885, "length": 3.999941825866699, "mode": "train", "epoch": 55}
{"loss": 0.3002623915672302, "acc": 0.8782225251197815, "length": 4.0, "mode": "test", "epoch": 55}
{"loss": 0.24224244058132172, "acc": 0.9010211229324341, "length": 3.9999582767486572, "mode": "train", "epoch": 56}
{"loss": 0.2961375415325165, "acc": 0.8828124403953552, "length": 4.0, "mode": "test", "epoch": 56}
{"loss": 0.24687819182872772, "acc": 0.9024595618247986, "length": 3.99995493888855, "mode": "train", "epoch": 57}
{"loss": 0.28308430314064026, "acc": 0.8876952528953552, "length": 4.0, "mode": "test", "epoch": 57}
{"loss": 0.2405872344970703, "acc": 0.9069982767105103, "length": 3.999964952468872, "mode": "train", "epoch": 58}
{"loss": 0.29162365198135376, "acc": 0.8803710341453552, "length": 4.0, "mode": "test", "epoch": 58}
{"loss": 0.23983730375766754, "acc": 0.9057508707046509, "length": 3.9999327659606934, "mode": "train", "epoch": 59}
{"loss": 0.28857922554016113, "acc": 0.8874024748802185, "length": 4.0, "mode": "test", "epoch": 59}
{"loss": 0.2373381108045578, "acc": 0.9050333499908447, "length": 3.9999592304229736, "mode": "train", "epoch": 60}
{"loss": 0.28428182005882263, "acc": 0.8781250715255737, "length": 4.0, "mode": "test", "epoch": 60}
test accuracy: 0.8440678715705872
