# ["--attributes=3", "--values=16", "--game_size=10", "--vocab_size_factor=3", "--n_epochs=60", "--batch_size=32", "--learning_rate=0.0005", "--hidden_size=256", "--temp_update=0.97", "--temperature=1"]
Creating train_ds and val_ds...

Creating test_ds...
{"loss": 0.451587051153183, "acc": 0.788774847984314, "length": 3.947331190109253, "mode": "train", "epoch": 1}
{"loss": 0.3665948808193207, "acc": 0.847179651260376, "length": 4.0, "mode": "test", "epoch": 1}
{"loss": 0.34136444330215454, "acc": 0.8554043173789978, "length": 3.999979257583618, "mode": "train", "epoch": 2}
{"loss": 0.329402357339859, "acc": 0.8607321381568909, "length": 4.0, "mode": "test", "epoch": 2}
{"loss": 0.3292357921600342, "acc": 0.8594763278961182, "length": 3.999997854232788, "mode": "train", "epoch": 3}
{"loss": 0.3243595361709595, "acc": 0.8631613850593567, "length": 4.0, "mode": "test", "epoch": 3}
{"loss": 0.31908947229385376, "acc": 0.8656571507453918, "length": 3.9999969005584717, "mode": "train", "epoch": 4}
{"loss": 0.30716705322265625, "acc": 0.873426616191864, "length": 4.0, "mode": "test", "epoch": 4}
{"loss": 0.2989768981933594, "acc": 0.8780620098114014, "length": 4.0, "mode": "train", "epoch": 5}
{"loss": 0.2914665937423706, "acc": 0.8836506009101868, "length": 4.0, "mode": "test", "epoch": 5}
{"loss": 0.2861945331096649, "acc": 0.8867822885513306, "length": 4.0, "mode": "train", "epoch": 6}
{"loss": 0.28199997544288635, "acc": 0.8889884352684021, "length": 4.0, "mode": "test", "epoch": 6}
{"loss": 0.2825528085231781, "acc": 0.8888649940490723, "length": 4.0, "mode": "train", "epoch": 7}
{"loss": 0.28060317039489746, "acc": 0.8917639255523682, "length": 4.0, "mode": "test", "epoch": 7}
{"loss": 0.2752043604850769, "acc": 0.893236517906189, "length": 4.0, "mode": "train", "epoch": 8}
{"loss": 0.27633580565452576, "acc": 0.8912827968597412, "length": 4.0, "mode": "test", "epoch": 8}
{"loss": 0.26483774185180664, "acc": 0.8976983428001404, "length": 4.0, "mode": "train", "epoch": 9}
{"loss": 0.25879397988319397, "acc": 0.9010992646217346, "length": 4.0, "mode": "test", "epoch": 9}
{"loss": 0.25174373388290405, "acc": 0.9044880867004395, "length": 4.0, "mode": "train", "epoch": 10}
{"loss": 0.25004953145980835, "acc": 0.9055526256561279, "length": 4.0, "mode": "test", "epoch": 10}
{"loss": 0.25132033228874207, "acc": 0.9049463272094727, "length": 4.0, "mode": "train", "epoch": 11}
{"loss": 0.24839933216571808, "acc": 0.9072825908660889, "length": 4.0, "mode": "test", "epoch": 11}
{"loss": 0.24427559971809387, "acc": 0.9078112840652466, "length": 4.0, "mode": "train", "epoch": 12}
{"loss": 0.2849087715148926, "acc": 0.9010957479476929, "length": 4.0, "mode": "test", "epoch": 12}
{"loss": 0.2406950145959854, "acc": 0.9091714024543762, "length": 4.0, "mode": "train", "epoch": 13}
{"loss": 0.24207812547683716, "acc": 0.9084091186523438, "length": 4.0, "mode": "test", "epoch": 13}
{"loss": 0.23760144412517548, "acc": 0.90994793176651, "length": 4.0, "mode": "train", "epoch": 14}
{"loss": 0.23880401253700256, "acc": 0.9098508358001709, "length": 4.0, "mode": "test", "epoch": 14}
{"loss": 0.2384144365787506, "acc": 0.9103243947029114, "length": 4.0, "mode": "train", "epoch": 15}
{"loss": 0.23556196689605713, "acc": 0.9114729166030884, "length": 4.0, "mode": "test", "epoch": 15}
{"loss": 0.23424284160137177, "acc": 0.9115098118782043, "length": 4.0, "mode": "train", "epoch": 16}
{"loss": 0.23371703922748566, "acc": 0.9116348624229431, "length": 4.0, "mode": "test", "epoch": 16}
{"loss": 0.2368948608636856, "acc": 0.9104865193367004, "length": 4.0, "mode": "train", "epoch": 17}
{"loss": 0.23989765346050262, "acc": 0.9086163640022278, "length": 4.0, "mode": "test", "epoch": 17}
{"loss": 0.2328888326883316, "acc": 0.9122393131256104, "length": 4.0, "mode": "train", "epoch": 18}
{"loss": 0.23646219074726105, "acc": 0.9124799966812134, "length": 4.0, "mode": "test", "epoch": 18}
{"loss": 0.23569227755069733, "acc": 0.9111465215682983, "length": 4.0, "mode": "train", "epoch": 19}
{"loss": 0.23387522995471954, "acc": 0.9129378795623779, "length": 4.0, "mode": "test", "epoch": 19}
{"loss": 0.23550008237361908, "acc": 0.9114022850990295, "length": 4.0, "mode": "train", "epoch": 20}
{"loss": 0.2374386489391327, "acc": 0.9118097424507141, "length": 4.0, "mode": "test", "epoch": 20}
{"loss": 0.23710958659648895, "acc": 0.9106528759002686, "length": 4.0, "mode": "train", "epoch": 21}
{"loss": 0.23758625984191895, "acc": 0.91220623254776, "length": 4.0, "mode": "test", "epoch": 21}
{"loss": 0.2341010868549347, "acc": 0.91165691614151, "length": 4.0, "mode": "train", "epoch": 22}
{"loss": 0.24059829115867615, "acc": 0.9087713360786438, "length": 4.0, "mode": "test", "epoch": 22}
{"loss": 0.23280712962150574, "acc": 0.9118412137031555, "length": 4.0, "mode": "train", "epoch": 23}
{"loss": 0.23237664997577667, "acc": 0.9137814044952393, "length": 4.0, "mode": "test", "epoch": 23}
{"loss": 0.23096594214439392, "acc": 0.9133617877960205, "length": 4.0, "mode": "train", "epoch": 24}
{"loss": 0.23444055020809174, "acc": 0.913114607334137, "length": 4.0, "mode": "test", "epoch": 24}
{"loss": 0.2276465892791748, "acc": 0.9154670834541321, "length": 4.0, "mode": "train", "epoch": 25}
{"loss": 0.22440855205059052, "acc": 0.9168576598167419, "length": 4.0, "mode": "test", "epoch": 25}
{"loss": 0.2228844314813614, "acc": 0.9177747964859009, "length": 4.0, "mode": "train", "epoch": 26}
{"loss": 0.22562627494335175, "acc": 0.9174578785896301, "length": 4.0, "mode": "test", "epoch": 26}
{"loss": 0.21884813904762268, "acc": 0.9205142855644226, "length": 4.0, "mode": "train", "epoch": 27}
{"loss": 0.22512054443359375, "acc": 0.9191429018974304, "length": 4.0, "mode": "test", "epoch": 27}
{"loss": 0.21756461262702942, "acc": 0.9217140078544617, "length": 4.0, "mode": "train", "epoch": 28}
{"loss": 0.2146032154560089, "acc": 0.924221396446228, "length": 4.0, "mode": "test", "epoch": 28}
{"loss": 0.21214354038238525, "acc": 0.9243689775466919, "length": 4.0, "mode": "train", "epoch": 29}
{"loss": 0.20767644047737122, "acc": 0.9262976050376892, "length": 4.0, "mode": "test", "epoch": 29}
{"loss": 0.2094409465789795, "acc": 0.9259170293807983, "length": 4.0, "mode": "train", "epoch": 30}
{"loss": 0.20832715928554535, "acc": 0.9274078011512756, "length": 4.0, "mode": "test", "epoch": 30}
{"loss": 0.2043420374393463, "acc": 0.9286510944366455, "length": 4.0, "mode": "train", "epoch": 31}
{"loss": 0.20458067953586578, "acc": 0.9290260672569275, "length": 4.0, "mode": "test", "epoch": 31}
{"loss": 0.20599831640720367, "acc": 0.9278637766838074, "length": 4.0, "mode": "train", "epoch": 32}
{"loss": 0.2072255164384842, "acc": 0.927375316619873, "length": 4.0, "mode": "test", "epoch": 32}
{"loss": 0.20310191810131073, "acc": 0.929033637046814, "length": 4.0, "mode": "train", "epoch": 33}
{"loss": 0.19982615113258362, "acc": 0.9324178099632263, "length": 4.0, "mode": "test", "epoch": 33}
{"loss": 0.1998540759086609, "acc": 0.9309653639793396, "length": 4.0, "mode": "train", "epoch": 34}
{"loss": 0.19963066279888153, "acc": 0.9315635561943054, "length": 4.0, "mode": "test", "epoch": 34}
{"loss": 0.20272071659564972, "acc": 0.9298965334892273, "length": 4.0, "mode": "train", "epoch": 35}
{"loss": 0.20582880079746246, "acc": 0.9286856055259705, "length": 4.0, "mode": "test", "epoch": 35}
{"loss": 0.2011733204126358, "acc": 0.930901050567627, "length": 4.0, "mode": "train", "epoch": 36}
{"loss": 0.2028200328350067, "acc": 0.9310734272003174, "length": 4.0, "mode": "test", "epoch": 36}
{"loss": 0.1981576383113861, "acc": 0.9320601224899292, "length": 4.0, "mode": "train", "epoch": 37}
{"loss": 0.19853784143924713, "acc": 0.9322611093521118, "length": 4.0, "mode": "test", "epoch": 37}
{"loss": 0.19601738452911377, "acc": 0.932352602481842, "length": 4.0, "mode": "train", "epoch": 38}
{"loss": 0.19631195068359375, "acc": 0.9332919120788574, "length": 4.0, "mode": "test", "epoch": 38}
{"loss": 0.19308462738990784, "acc": 0.9337414503097534, "length": 4.0, "mode": "train", "epoch": 39}
{"loss": 0.196184441447258, "acc": 0.933735191822052, "length": 4.0, "mode": "test", "epoch": 39}
{"loss": 0.19466933608055115, "acc": 0.9337810277938843, "length": 4.0, "mode": "train", "epoch": 40}
{"loss": 0.19414915144443512, "acc": 0.9349318742752075, "length": 4.0, "mode": "test", "epoch": 40}
{"loss": 0.1910662204027176, "acc": 0.9354745149612427, "length": 4.0, "mode": "train", "epoch": 41}
{"loss": 0.1935715526342392, "acc": 0.9358184933662415, "length": 4.0, "mode": "test", "epoch": 41}
{"loss": 0.19061093032360077, "acc": 0.9357465505599976, "length": 4.0, "mode": "train", "epoch": 42}
{"loss": 0.19147266447544098, "acc": 0.9363430738449097, "length": 4.0, "mode": "test", "epoch": 42}
{"loss": 0.19240230321884155, "acc": 0.9351027607917786, "length": 4.0, "mode": "train", "epoch": 43}
{"loss": 0.1925840526819229, "acc": 0.9363229870796204, "length": 4.0, "mode": "test", "epoch": 43}
{"loss": 0.19429796934127808, "acc": 0.934347927570343, "length": 4.0, "mode": "train", "epoch": 44}
{"loss": 0.19618314504623413, "acc": 0.9343191385269165, "length": 4.0, "mode": "test", "epoch": 44}
{"loss": 0.19098737835884094, "acc": 0.9352222084999084, "length": 4.0, "mode": "train", "epoch": 45}
{"loss": 0.1921757459640503, "acc": 0.9356527328491211, "length": 4.0, "mode": "test", "epoch": 45}
{"loss": 0.18835735321044922, "acc": 0.9365518689155579, "length": 4.0, "mode": "train", "epoch": 46}
{"loss": 0.19597160816192627, "acc": 0.9355139136314392, "length": 4.0, "mode": "test", "epoch": 46}
{"loss": 0.19003696739673615, "acc": 0.936126708984375, "length": 4.0, "mode": "train", "epoch": 47}
{"loss": 0.19570817053318024, "acc": 0.9346489906311035, "length": 4.0, "mode": "test", "epoch": 47}
{"loss": 0.18888908624649048, "acc": 0.9367685914039612, "length": 4.0, "mode": "train", "epoch": 48}
{"loss": 0.19563832879066467, "acc": 0.9344019889831543, "length": 4.0, "mode": "test", "epoch": 48}
{"loss": 0.18724755942821503, "acc": 0.9372327923774719, "length": 4.0, "mode": "train", "epoch": 49}
{"loss": 0.1936877816915512, "acc": 0.9354491829872131, "length": 4.0, "mode": "test", "epoch": 49}
{"loss": 0.1884644329547882, "acc": 0.9372063875198364, "length": 4.0, "mode": "train", "epoch": 50}
{"loss": 0.1846790760755539, "acc": 0.9393941164016724, "length": 4.0, "mode": "test", "epoch": 50}
{"loss": 0.1857268512248993, "acc": 0.9383306503295898, "length": 4.0, "mode": "train", "epoch": 51}
{"loss": 0.19612696766853333, "acc": 0.934780478477478, "length": 4.0, "mode": "test", "epoch": 51}
{"loss": 0.1846764087677002, "acc": 0.9383894205093384, "length": 4.0, "mode": "train", "epoch": 52}
{"loss": 0.18294668197631836, "acc": 0.9392246007919312, "length": 4.0, "mode": "test", "epoch": 52}
{"loss": 0.18279501795768738, "acc": 0.9383412599563599, "length": 4.0, "mode": "train", "epoch": 53}
{"loss": 0.18642586469650269, "acc": 0.9378188848495483, "length": 4.0, "mode": "test", "epoch": 53}
{"loss": 0.18511256575584412, "acc": 0.9379443526268005, "length": 4.0, "mode": "train", "epoch": 54}
{"loss": 0.19132961332798004, "acc": 0.9361771941184998, "length": 4.0, "mode": "test", "epoch": 54}
{"loss": 0.18311069905757904, "acc": 0.9383233189582825, "length": 4.0, "mode": "train", "epoch": 55}
{"loss": 0.18352602422237396, "acc": 0.9397311806678772, "length": 4.0, "mode": "test", "epoch": 55}
{"loss": 0.17969627678394318, "acc": 0.9397932291030884, "length": 4.0, "mode": "train", "epoch": 56}
{"loss": 0.1855742335319519, "acc": 0.9383578300476074, "length": 4.0, "mode": "test", "epoch": 56}
{"loss": 0.1814229041337967, "acc": 0.9392912983894348, "length": 4.0, "mode": "train", "epoch": 57}
{"loss": 0.18536661565303802, "acc": 0.9386624097824097, "length": 4.0, "mode": "test", "epoch": 57}
{"loss": 0.1842651665210724, "acc": 0.9387496709823608, "length": 4.0, "mode": "train", "epoch": 58}
{"loss": 0.1847648024559021, "acc": 0.9387560486793518, "length": 4.0, "mode": "test", "epoch": 58}
{"loss": 0.1817207932472229, "acc": 0.9390828609466553, "length": 4.0, "mode": "train", "epoch": 59}
{"loss": 0.1856827735900879, "acc": 0.9385164976119995, "length": 4.0, "mode": "test", "epoch": 59}
{"loss": 0.18465813994407654, "acc": 0.9381623268127441, "length": 4.0, "mode": "train", "epoch": 60}
{"loss": 0.18491430580615997, "acc": 0.9393923282623291, "length": 4.0, "mode": "test", "epoch": 60}
test accuracy: 0.9377744197845459
