# ["--attributes=3", "--values=16", "--game_size=10", "--vocab_size_factor=3", "--n_epochs=60", "--batch_size=32", "--learning_rate=0.0005", "--hidden_size=256", "--temp_update=0.97", "--temperature=1.5"]
Creating train_ds and val_ds...

Creating test_ds...
{"loss": 0.406297892332077, "acc": 0.8195447325706482, "length": 3.9930100440979004, "mode": "train", "epoch": 1}
{"loss": 0.2971438467502594, "acc": 0.8882461190223694, "length": 4.0, "mode": "test", "epoch": 1}
{"loss": 0.25040510296821594, "acc": 0.907410204410553, "length": 3.999988317489624, "mode": "train", "epoch": 2}
{"loss": 0.25421857833862305, "acc": 0.9039917588233948, "length": 4.0, "mode": "test", "epoch": 2}
{"loss": 0.2198537439107895, "acc": 0.9214671850204468, "length": 3.9999992847442627, "mode": "train", "epoch": 3}
{"loss": 0.22879262268543243, "acc": 0.9188851118087769, "length": 4.0, "mode": "test", "epoch": 3}
{"loss": 0.20347556471824646, "acc": 0.9289951920509338, "length": 4.0, "mode": "train", "epoch": 4}
{"loss": 0.20765411853790283, "acc": 0.9276725649833679, "length": 4.0, "mode": "test", "epoch": 4}
{"loss": 0.19664613902568817, "acc": 0.9320117235183716, "length": 4.0, "mode": "train", "epoch": 5}
{"loss": 0.2006300687789917, "acc": 0.9316861629486084, "length": 4.0, "mode": "test", "epoch": 5}
{"loss": 0.19048702716827393, "acc": 0.934321403503418, "length": 4.0, "mode": "train", "epoch": 6}
{"loss": 0.19152897596359253, "acc": 0.9345281720161438, "length": 4.0, "mode": "test", "epoch": 6}
{"loss": 0.18930649757385254, "acc": 0.9347406625747681, "length": 4.0, "mode": "train", "epoch": 7}
{"loss": 0.19078321754932404, "acc": 0.934598445892334, "length": 4.0, "mode": "test", "epoch": 7}
{"loss": 0.18765617907047272, "acc": 0.9352920651435852, "length": 4.0, "mode": "train", "epoch": 8}
{"loss": 0.19365644454956055, "acc": 0.9339244365692139, "length": 4.0, "mode": "test", "epoch": 8}
{"loss": 0.18549686670303345, "acc": 0.9359584450721741, "length": 4.0, "mode": "train", "epoch": 9}
{"loss": 0.19808915257453918, "acc": 0.9325746893882751, "length": 4.0, "mode": "test", "epoch": 9}
{"loss": 0.19287271797657013, "acc": 0.932720959186554, "length": 4.0, "mode": "train", "epoch": 10}
{"loss": 0.1976913958787918, "acc": 0.9311850666999817, "length": 4.0, "mode": "test", "epoch": 10}
{"loss": 0.1848783940076828, "acc": 0.9359585642814636, "length": 4.0, "mode": "train", "epoch": 11}
{"loss": 0.2038544863462448, "acc": 0.9297001957893372, "length": 4.0, "mode": "test", "epoch": 11}
{"loss": 0.18479910492897034, "acc": 0.9357322454452515, "length": 4.0, "mode": "train", "epoch": 12}
{"loss": 0.19105131924152374, "acc": 0.9343154430389404, "length": 4.0, "mode": "test", "epoch": 12}
{"loss": 0.18275998532772064, "acc": 0.9364564418792725, "length": 4.0, "mode": "train", "epoch": 13}
{"loss": 0.18259717524051666, "acc": 0.9372819662094116, "length": 4.0, "mode": "test", "epoch": 13}
{"loss": 0.1804562509059906, "acc": 0.9371764659881592, "length": 4.0, "mode": "train", "epoch": 14}
{"loss": 0.18535752594470978, "acc": 0.9362384676933289, "length": 4.0, "mode": "test", "epoch": 14}
{"loss": 0.18238569796085358, "acc": 0.9366438388824463, "length": 4.0, "mode": "train", "epoch": 15}
{"loss": 0.1861218959093094, "acc": 0.9362599849700928, "length": 4.0, "mode": "test", "epoch": 15}
{"loss": 0.18170060217380524, "acc": 0.9366941452026367, "length": 4.0, "mode": "train", "epoch": 16}
{"loss": 0.18815094232559204, "acc": 0.9348670244216919, "length": 4.0, "mode": "test", "epoch": 16}
{"loss": 0.18170768022537231, "acc": 0.936359703540802, "length": 4.0, "mode": "train", "epoch": 17}
{"loss": 0.18498007953166962, "acc": 0.9351931810379028, "length": 4.0, "mode": "test", "epoch": 17}
{"loss": 0.17089244723320007, "acc": 0.941279411315918, "length": 4.0, "mode": "train", "epoch": 18}
{"loss": 0.16755355894565582, "acc": 0.9459882974624634, "length": 4.0, "mode": "test", "epoch": 18}
{"loss": 0.1585264801979065, "acc": 0.9492276310920715, "length": 4.0, "mode": "train", "epoch": 19}
{"loss": 0.1569392830133438, "acc": 0.9504342675209045, "length": 4.0, "mode": "test", "epoch": 19}
{"loss": 0.15595126152038574, "acc": 0.9506996273994446, "length": 4.0, "mode": "train", "epoch": 20}
{"loss": 0.1596156358718872, "acc": 0.9503530859947205, "length": 4.0, "mode": "test", "epoch": 20}
{"loss": 0.15367065370082855, "acc": 0.9516761898994446, "length": 4.0, "mode": "train", "epoch": 21}
{"loss": 0.15479497611522675, "acc": 0.9527627825737, "length": 4.0, "mode": "test", "epoch": 21}
{"loss": 0.1523219347000122, "acc": 0.9520995616912842, "length": 4.0, "mode": "train", "epoch": 22}
{"loss": 0.15082040429115295, "acc": 0.9529593586921692, "length": 4.0, "mode": "test", "epoch": 22}
{"loss": 0.15343384444713593, "acc": 0.9516214728355408, "length": 4.0, "mode": "train", "epoch": 23}
{"loss": 0.16757889091968536, "acc": 0.9475454688072205, "length": 4.0, "mode": "test", "epoch": 23}
{"loss": 0.15331785380840302, "acc": 0.9516281485557556, "length": 4.0, "mode": "train", "epoch": 24}
{"loss": 0.152770534157753, "acc": 0.9530006051063538, "length": 4.0, "mode": "test", "epoch": 24}
{"loss": 0.14981521666049957, "acc": 0.9531643390655518, "length": 4.0, "mode": "train", "epoch": 25}
{"loss": 0.15000735223293304, "acc": 0.9536296129226685, "length": 4.0, "mode": "test", "epoch": 25}
{"loss": 0.15082481503486633, "acc": 0.952882707118988, "length": 4.0, "mode": "train", "epoch": 26}
{"loss": 0.15414035320281982, "acc": 0.9525337815284729, "length": 4.0, "mode": "test", "epoch": 26}
{"loss": 0.14968152344226837, "acc": 0.9531625509262085, "length": 4.0, "mode": "train", "epoch": 27}
{"loss": 0.15664488077163696, "acc": 0.9517338871955872, "length": 4.0, "mode": "test", "epoch": 27}
{"loss": 0.1509133130311966, "acc": 0.9528555870056152, "length": 4.0, "mode": "train", "epoch": 28}
{"loss": 0.15216608345508575, "acc": 0.9528961777687073, "length": 4.0, "mode": "test", "epoch": 28}
{"loss": 0.15548484027385712, "acc": 0.9508827924728394, "length": 4.0, "mode": "train", "epoch": 29}
{"loss": 0.1547180563211441, "acc": 0.952357292175293, "length": 4.0, "mode": "test", "epoch": 29}
{"loss": 0.15384000539779663, "acc": 0.9512616991996765, "length": 4.0, "mode": "train", "epoch": 30}
{"loss": 0.155141681432724, "acc": 0.9526383876800537, "length": 4.0, "mode": "test", "epoch": 30}
{"loss": 0.150747150182724, "acc": 0.9531300663948059, "length": 4.0, "mode": "train", "epoch": 31}
{"loss": 0.15286678075790405, "acc": 0.9526997208595276, "length": 4.0, "mode": "test", "epoch": 31}
{"loss": 0.15137620270252228, "acc": 0.9525007009506226, "length": 4.0, "mode": "train", "epoch": 32}
{"loss": 0.16477465629577637, "acc": 0.9470371007919312, "length": 4.0, "mode": "test", "epoch": 32}
{"loss": 0.1519928276538849, "acc": 0.9520443081855774, "length": 4.0, "mode": "train", "epoch": 33}
{"loss": 0.15427890419960022, "acc": 0.9526599049568176, "length": 4.0, "mode": "test", "epoch": 33}
{"loss": 0.14837083220481873, "acc": 0.9536940455436707, "length": 4.0, "mode": "train", "epoch": 34}
{"loss": 0.1550755500793457, "acc": 0.9520959854125977, "length": 4.0, "mode": "test", "epoch": 34}
{"loss": 0.15185289084911346, "acc": 0.952447235584259, "length": 4.0, "mode": "train", "epoch": 35}
{"loss": 0.15045364201068878, "acc": 0.9531502723693848, "length": 4.0, "mode": "test", "epoch": 35}
{"loss": 0.15272754430770874, "acc": 0.9516767263412476, "length": 4.0, "mode": "train", "epoch": 36}
{"loss": 0.1515985131263733, "acc": 0.9529232382774353, "length": 4.0, "mode": "test", "epoch": 36}
{"loss": 0.15067410469055176, "acc": 0.9529572129249573, "length": 4.0, "mode": "train", "epoch": 37}
{"loss": 0.15423497557640076, "acc": 0.9525448083877563, "length": 4.0, "mode": "test", "epoch": 37}
{"loss": 0.14754045009613037, "acc": 0.9538393020629883, "length": 4.0, "mode": "train", "epoch": 38}
{"loss": 0.15326248109340668, "acc": 0.9517823457717896, "length": 4.0, "mode": "test", "epoch": 38}
{"loss": 0.1508011370897293, "acc": 0.9527271389961243, "length": 4.0, "mode": "train", "epoch": 39}
{"loss": 0.15762674808502197, "acc": 0.9510650038719177, "length": 4.0, "mode": "test", "epoch": 39}
{"loss": 0.15092869102954865, "acc": 0.9526310563087463, "length": 4.0, "mode": "train", "epoch": 40}
{"loss": 0.15231221914291382, "acc": 0.9525753259658813, "length": 4.0, "mode": "test", "epoch": 40}
{"loss": 0.15073533356189728, "acc": 0.9526688456535339, "length": 4.0, "mode": "train", "epoch": 41}
{"loss": 0.15455283224582672, "acc": 0.9523968696594238, "length": 4.0, "mode": "test", "epoch": 41}
{"loss": 0.14816626906394958, "acc": 0.9533509612083435, "length": 4.0, "mode": "train", "epoch": 42}
{"loss": 0.14807473123073578, "acc": 0.9540008306503296, "length": 4.0, "mode": "test", "epoch": 42}
{"loss": 0.14605797827243805, "acc": 0.954216480255127, "length": 4.0, "mode": "train", "epoch": 43}
{"loss": 0.15270400047302246, "acc": 0.9532296061515808, "length": 4.0, "mode": "test", "epoch": 43}
{"loss": 0.14945407211780548, "acc": 0.9533204436302185, "length": 4.0, "mode": "train", "epoch": 44}
{"loss": 0.15770912170410156, "acc": 0.9505603909492493, "length": 4.0, "mode": "test", "epoch": 44}
{"loss": 0.15245838463306427, "acc": 0.9520987868309021, "length": 4.0, "mode": "train", "epoch": 45}
{"loss": 0.150215744972229, "acc": 0.9532439112663269, "length": 4.0, "mode": "test", "epoch": 45}
{"loss": 0.1558140367269516, "acc": 0.9504762887954712, "length": 4.0, "mode": "train", "epoch": 46}
{"loss": 0.15829357504844666, "acc": 0.9497836828231812, "length": 4.0, "mode": "test", "epoch": 46}
{"loss": 0.15557868778705597, "acc": 0.9502384066581726, "length": 4.0, "mode": "train", "epoch": 47}
{"loss": 0.15736135840415955, "acc": 0.9502972960472107, "length": 4.0, "mode": "test", "epoch": 47}
{"loss": 0.15391388535499573, "acc": 0.9508486390113831, "length": 4.0, "mode": "train", "epoch": 48}
{"loss": 0.15523594617843628, "acc": 0.9516760110855103, "length": 4.0, "mode": "test", "epoch": 48}
{"loss": 0.15190577507019043, "acc": 0.9519678950309753, "length": 4.0, "mode": "train", "epoch": 49}
{"loss": 0.1542883813381195, "acc": 0.9517102837562561, "length": 4.0, "mode": "test", "epoch": 49}
{"loss": 0.1530340015888214, "acc": 0.9514875411987305, "length": 4.0, "mode": "train", "epoch": 50}
{"loss": 0.15440547466278076, "acc": 0.9516940116882324, "length": 4.0, "mode": "test", "epoch": 50}
{"loss": 0.15378981828689575, "acc": 0.9514340758323669, "length": 4.0, "mode": "train", "epoch": 51}
{"loss": 0.1558101624250412, "acc": 0.9511426091194153, "length": 4.0, "mode": "test", "epoch": 51}
{"loss": 0.15406575798988342, "acc": 0.9513944983482361, "length": 4.0, "mode": "train", "epoch": 52}
{"loss": 0.15484486520290375, "acc": 0.9513803720474243, "length": 4.0, "mode": "test", "epoch": 52}
{"loss": 0.15271921455860138, "acc": 0.9517986178398132, "length": 4.0, "mode": "train", "epoch": 53}
{"loss": 0.15525221824645996, "acc": 0.9515012502670288, "length": 4.0, "mode": "test", "epoch": 53}
{"loss": 0.15335392951965332, "acc": 0.9517782926559448, "length": 4.0, "mode": "train", "epoch": 54}
{"loss": 0.15869155526161194, "acc": 0.9506615400314331, "length": 4.0, "mode": "test", "epoch": 54}
{"loss": 0.15222792327404022, "acc": 0.9522035121917725, "length": 4.0, "mode": "train", "epoch": 55}
{"loss": 0.17903122305870056, "acc": 0.9430254697799683, "length": 4.0, "mode": "test", "epoch": 55}
{"loss": 0.15418154001235962, "acc": 0.9515860676765442, "length": 4.0, "mode": "train", "epoch": 56}
{"loss": 0.15163692831993103, "acc": 0.953067421913147, "length": 4.0, "mode": "test", "epoch": 56}
{"loss": 0.15062716603279114, "acc": 0.9525529742240906, "length": 4.0, "mode": "train", "epoch": 57}
{"loss": 0.1553194522857666, "acc": 0.9519140124320984, "length": 4.0, "mode": "test", "epoch": 57}
{"loss": 0.15044793486595154, "acc": 0.9527451395988464, "length": 4.0, "mode": "train", "epoch": 58}
{"loss": 0.1535971462726593, "acc": 0.952049195766449, "length": 4.0, "mode": "test", "epoch": 58}
{"loss": 0.1528739184141159, "acc": 0.9516599178314209, "length": 4.0, "mode": "train", "epoch": 59}
{"loss": 0.15651167929172516, "acc": 0.9508362412452698, "length": 4.0, "mode": "test", "epoch": 59}
{"loss": 0.1504177749156952, "acc": 0.9526328444480896, "length": 4.0, "mode": "train", "epoch": 60}
{"loss": 0.15117399394512177, "acc": 0.9537468552589417, "length": 4.0, "mode": "test", "epoch": 60}
test accuracy: 0.9523563385009766
