# ["--attributes=3", "--values=16", "--game_size=10", "--vocab_size_factor=3", "--n_epochs=60", "--batch_size=64", "--learning_rate=0.0005", "--hidden_size=128", "--temp_update=0.99", "--temperature=1"]
Creating train_ds and val_ds...

Creating test_ds...
{"loss": 0.4971102774143219, "acc": 0.7639921307563782, "length": 3.992177724838257, "mode": "train", "epoch": 1}
{"loss": 0.41494113206863403, "acc": 0.8263346552848816, "length": 4.0, "mode": "test", "epoch": 1}
{"loss": 0.35845714807510376, "acc": 0.8535986542701721, "length": 3.9997620582580566, "mode": "train", "epoch": 2}
{"loss": 0.3153793215751648, "acc": 0.8740397691726685, "length": 4.0, "mode": "test", "epoch": 2}
{"loss": 0.2926797866821289, "acc": 0.8845524787902832, "length": 3.999948024749756, "mode": "train", "epoch": 3}
{"loss": 0.2749602496623993, "acc": 0.8924769163131714, "length": 4.0, "mode": "test", "epoch": 3}
{"loss": 0.27124282717704773, "acc": 0.8937897682189941, "length": 3.9999895095825195, "mode": "train", "epoch": 4}
{"loss": 0.2622578740119934, "acc": 0.8992043137550354, "length": 4.0, "mode": "test", "epoch": 4}
{"loss": 0.2577761113643646, "acc": 0.9002611637115479, "length": 3.9999923706054688, "mode": "train", "epoch": 5}
{"loss": 0.2519039511680603, "acc": 0.9046839475631714, "length": 4.0, "mode": "test", "epoch": 5}
{"loss": 0.2459375560283661, "acc": 0.9060584902763367, "length": 3.9999969005584717, "mode": "train", "epoch": 6}
{"loss": 0.23956100642681122, "acc": 0.9104040861129761, "length": 4.0, "mode": "test", "epoch": 6}
{"loss": 0.23682624101638794, "acc": 0.9105827808380127, "length": 3.9999988079071045, "mode": "train", "epoch": 7}
{"loss": 0.23457899689674377, "acc": 0.9135307669639587, "length": 4.0, "mode": "test", "epoch": 7}
{"loss": 0.23082208633422852, "acc": 0.9133321642875671, "length": 3.9999988079071045, "mode": "train", "epoch": 8}
{"loss": 0.22663772106170654, "acc": 0.9164586663246155, "length": 4.0, "mode": "test", "epoch": 8}
{"loss": 0.22804300487041473, "acc": 0.9142205715179443, "length": 4.0, "mode": "train", "epoch": 9}
{"loss": 0.22115710377693176, "acc": 0.9183773994445801, "length": 4.0, "mode": "test", "epoch": 9}
{"loss": 0.22214145958423615, "acc": 0.9170223474502563, "length": 4.0, "mode": "train", "epoch": 10}
{"loss": 0.22594304382801056, "acc": 0.9187157154083252, "length": 4.0, "mode": "test", "epoch": 10}
{"loss": 0.2236621081829071, "acc": 0.9166577458381653, "length": 4.0, "mode": "train", "epoch": 11}
{"loss": 0.2288399338722229, "acc": 0.9150734543800354, "length": 4.0, "mode": "test", "epoch": 11}
{"loss": 0.21823835372924805, "acc": 0.91909259557724, "length": 4.0, "mode": "train", "epoch": 12}
{"loss": 0.2182023823261261, "acc": 0.9197590947151184, "length": 4.0, "mode": "test", "epoch": 12}
{"loss": 0.22069495916366577, "acc": 0.9180183410644531, "length": 4.0, "mode": "train", "epoch": 13}
{"loss": 0.23174263536930084, "acc": 0.9162651300430298, "length": 4.0, "mode": "test", "epoch": 13}
{"loss": 0.2188229113817215, "acc": 0.919137179851532, "length": 4.0, "mode": "train", "epoch": 14}
{"loss": 0.21729937195777893, "acc": 0.9210413694381714, "length": 4.0, "mode": "test", "epoch": 14}
{"loss": 0.2160990685224533, "acc": 0.9199322462081909, "length": 4.0, "mode": "train", "epoch": 15}
{"loss": 0.2142419070005417, "acc": 0.9225857853889465, "length": 4.0, "mode": "test", "epoch": 15}
{"loss": 0.21302267909049988, "acc": 0.9212626218795776, "length": 4.0, "mode": "train", "epoch": 16}
{"loss": 0.2112015336751938, "acc": 0.9228352308273315, "length": 4.0, "mode": "test", "epoch": 16}
{"loss": 0.21041303873062134, "acc": 0.9219706654548645, "length": 4.0, "mode": "train", "epoch": 17}
{"loss": 0.21040773391723633, "acc": 0.9231500029563904, "length": 4.0, "mode": "test", "epoch": 17}
{"loss": 0.211356982588768, "acc": 0.9216746091842651, "length": 3.999999523162842, "mode": "train", "epoch": 18}
{"loss": 0.20800793170928955, "acc": 0.9243543148040771, "length": 4.0, "mode": "test", "epoch": 18}
{"loss": 0.20788204669952393, "acc": 0.9233529567718506, "length": 4.0, "mode": "train", "epoch": 19}
{"loss": 0.20602913200855255, "acc": 0.9253616333007812, "length": 4.0, "mode": "test", "epoch": 19}
{"loss": 0.20814990997314453, "acc": 0.9237046241760254, "length": 4.0, "mode": "train", "epoch": 20}
{"loss": 0.20838196575641632, "acc": 0.9252206087112427, "length": 4.0, "mode": "test", "epoch": 20}
{"loss": 0.2090807557106018, "acc": 0.9235249161720276, "length": 4.0, "mode": "train", "epoch": 21}
{"loss": 0.20411211252212524, "acc": 0.9270941615104675, "length": 4.0, "mode": "test", "epoch": 21}
{"loss": 0.20667588710784912, "acc": 0.9243656992912292, "length": 4.0, "mode": "train", "epoch": 22}
{"loss": 0.20502899587154388, "acc": 0.9265244603157043, "length": 4.0, "mode": "test", "epoch": 22}
{"loss": 0.20462456345558167, "acc": 0.9252656102180481, "length": 4.0, "mode": "train", "epoch": 23}
{"loss": 0.20117197930812836, "acc": 0.9272695183753967, "length": 4.0, "mode": "test", "epoch": 23}
{"loss": 0.20411337912082672, "acc": 0.9255849719047546, "length": 4.0, "mode": "train", "epoch": 24}
{"loss": 0.20504304766654968, "acc": 0.9264413118362427, "length": 4.0, "mode": "test", "epoch": 24}
{"loss": 0.20752790570259094, "acc": 0.924124538898468, "length": 4.0, "mode": "train", "epoch": 25}
{"loss": 0.20680780708789825, "acc": 0.9259060621261597, "length": 4.0, "mode": "test", "epoch": 25}
{"loss": 0.20197543501853943, "acc": 0.9268191456794739, "length": 4.0, "mode": "train", "epoch": 26}
{"loss": 0.20343588292598724, "acc": 0.9274035096168518, "length": 4.0, "mode": "test", "epoch": 26}
{"loss": 0.2015107274055481, "acc": 0.9267228841781616, "length": 4.0, "mode": "train", "epoch": 27}
{"loss": 0.20264491438865662, "acc": 0.9279912114143372, "length": 4.0, "mode": "test", "epoch": 27}
{"loss": 0.20359213650226593, "acc": 0.9263018369674683, "length": 4.0, "mode": "train", "epoch": 28}
{"loss": 0.2017541229724884, "acc": 0.9281214475631714, "length": 4.0, "mode": "test", "epoch": 28}
{"loss": 0.20574788749217987, "acc": 0.9256210327148438, "length": 4.0, "mode": "train", "epoch": 29}
{"loss": 0.20468512177467346, "acc": 0.9266456365585327, "length": 4.0, "mode": "test", "epoch": 29}
{"loss": 0.2019093632698059, "acc": 0.9272937178611755, "length": 4.0, "mode": "train", "epoch": 30}
{"loss": 0.20142552256584167, "acc": 0.9287272691726685, "length": 4.0, "mode": "test", "epoch": 30}
