# ["--attributes=3", "--values=16", "--game_size=10", "--vocab_size_factor=3", "--n_epochs=60", "--batch_size=32", "--learning_rate=0.0005", "--hidden_size=256", "--temp_update=0.99", "--temperature=1.5"]
Creating train_ds and val_ds...

Creating test_ds...
{"loss": 0.39609360694885254, "acc": 0.8245781660079956, "length": 3.9906039237976074, "mode": "train", "epoch": 1}
{"loss": 0.29631307721138, "acc": 0.8849849104881287, "length": 4.0, "mode": "test", "epoch": 1}
{"loss": 0.2377452850341797, "acc": 0.9134334921836853, "length": 3.9999706745147705, "mode": "train", "epoch": 2}
{"loss": 0.23117400705814362, "acc": 0.9175447225570679, "length": 4.0, "mode": "test", "epoch": 2}
{"loss": 0.2091684192419052, "acc": 0.9272411465644836, "length": 3.999993324279785, "mode": "train", "epoch": 3}
{"loss": 0.21250082552433014, "acc": 0.9257288575172424, "length": 4.0, "mode": "test", "epoch": 3}
{"loss": 0.20604383945465088, "acc": 0.927716851234436, "length": 3.9999985694885254, "mode": "train", "epoch": 4}
{"loss": 0.2008487731218338, "acc": 0.9302992820739746, "length": 4.0, "mode": "test", "epoch": 4}
{"loss": 0.19401948153972626, "acc": 0.9330371618270874, "length": 4.0, "mode": "train", "epoch": 5}
{"loss": 0.19974865019321442, "acc": 0.9312138557434082, "length": 4.0, "mode": "test", "epoch": 5}
{"loss": 0.18528230488300323, "acc": 0.9366166591644287, "length": 4.0, "mode": "train", "epoch": 6}
{"loss": 0.18534070253372192, "acc": 0.9373268485069275, "length": 4.0, "mode": "test", "epoch": 6}
{"loss": 0.1835050880908966, "acc": 0.9373819231987, "length": 4.0, "mode": "train", "epoch": 7}
{"loss": 0.1869991421699524, "acc": 0.9352752566337585, "length": 4.0, "mode": "test", "epoch": 7}
{"loss": 0.17957106232643127, "acc": 0.9385924935340881, "length": 4.0, "mode": "train", "epoch": 8}
{"loss": 0.1830952912569046, "acc": 0.9382830858230591, "length": 4.0, "mode": "test", "epoch": 8}
{"loss": 0.17767591774463654, "acc": 0.9392061829566956, "length": 4.0, "mode": "train", "epoch": 9}
{"loss": 0.1813155561685562, "acc": 0.9391273856163025, "length": 4.0, "mode": "test", "epoch": 9}
{"loss": 0.1735411286354065, "acc": 0.9406319856643677, "length": 4.0, "mode": "train", "epoch": 10}
{"loss": 0.18317507207393646, "acc": 0.9370813369750977, "length": 4.0, "mode": "test", "epoch": 10}
{"loss": 0.17116078734397888, "acc": 0.9419369101524353, "length": 4.0, "mode": "train", "epoch": 11}
{"loss": 0.1782636046409607, "acc": 0.9394864439964294, "length": 4.0, "mode": "test", "epoch": 11}
{"loss": 0.16691826283931732, "acc": 0.9438124299049377, "length": 4.0, "mode": "train", "epoch": 12}
{"loss": 0.16980376839637756, "acc": 0.9426422715187073, "length": 4.0, "mode": "test", "epoch": 12}
{"loss": 0.16562122106552124, "acc": 0.9442054629325867, "length": 4.0, "mode": "train", "epoch": 13}
{"loss": 0.1736338883638382, "acc": 0.9422397613525391, "length": 4.0, "mode": "test", "epoch": 13}
{"loss": 0.1646975427865982, "acc": 0.9443948268890381, "length": 4.0, "mode": "train", "epoch": 14}
{"loss": 0.17365264892578125, "acc": 0.9396795034408569, "length": 4.0, "mode": "test", "epoch": 14}
{"loss": 0.16278523206710815, "acc": 0.9448444247245789, "length": 4.0, "mode": "train", "epoch": 15}
{"loss": 0.16708287596702576, "acc": 0.9439176917076111, "length": 4.0, "mode": "test", "epoch": 15}
{"loss": 0.1639043539762497, "acc": 0.9446244239807129, "length": 4.0, "mode": "train", "epoch": 16}
{"loss": 0.16807615756988525, "acc": 0.9440585970878601, "length": 4.0, "mode": "test", "epoch": 16}
{"loss": 0.1628224402666092, "acc": 0.9448816180229187, "length": 4.0, "mode": "train", "epoch": 17}
{"loss": 0.16390112042427063, "acc": 0.945068895816803, "length": 4.0, "mode": "test", "epoch": 17}
{"loss": 0.16224738955497742, "acc": 0.9450331926345825, "length": 4.0, "mode": "train", "epoch": 18}
{"loss": 0.16826602816581726, "acc": 0.943831205368042, "length": 4.0, "mode": "test", "epoch": 18}
{"loss": 0.16358330845832825, "acc": 0.9446345567703247, "length": 4.0, "mode": "train", "epoch": 19}
{"loss": 0.16564176976680756, "acc": 0.9440963864326477, "length": 4.0, "mode": "test", "epoch": 19}
{"loss": 0.16132961213588715, "acc": 0.9451882243156433, "length": 4.0, "mode": "train", "epoch": 20}
{"loss": 0.16696928441524506, "acc": 0.9441722631454468, "length": 4.0, "mode": "test", "epoch": 20}
{"loss": 0.16121326386928558, "acc": 0.9452387690544128, "length": 4.0, "mode": "train", "epoch": 21}
{"loss": 0.16434119641780853, "acc": 0.9442784786224365, "length": 4.0, "mode": "test", "epoch": 21}
{"loss": 0.1605834662914276, "acc": 0.94533371925354, "length": 4.0, "mode": "train", "epoch": 22}
{"loss": 0.1668051928281784, "acc": 0.9440134167671204, "length": 4.0, "mode": "test", "epoch": 22}
{"loss": 0.1604948490858078, "acc": 0.9452940821647644, "length": 4.0, "mode": "train", "epoch": 23}
{"loss": 0.16614887118339539, "acc": 0.9437084794044495, "length": 4.0, "mode": "test", "epoch": 23}
{"loss": 0.16062664985656738, "acc": 0.9452959895133972, "length": 4.0, "mode": "train", "epoch": 24}
{"loss": 0.16213487088680267, "acc": 0.9457635879516602, "length": 4.0, "mode": "test", "epoch": 24}
{"loss": 0.15953123569488525, "acc": 0.9453872442245483, "length": 4.0, "mode": "train", "epoch": 25}
{"loss": 0.16278810799121857, "acc": 0.9447729587554932, "length": 4.0, "mode": "test", "epoch": 25}
{"loss": 0.14843827486038208, "acc": 0.9507495760917664, "length": 4.0, "mode": "train", "epoch": 26}
{"loss": 0.14858734607696533, "acc": 0.9530636072158813, "length": 4.0, "mode": "test", "epoch": 26}
{"loss": 0.14344905316829681, "acc": 0.9541468620300293, "length": 4.0, "mode": "train", "epoch": 27}
{"loss": 0.14620284736156464, "acc": 0.9533830881118774, "length": 4.0, "mode": "test", "epoch": 27}
{"loss": 0.13989487290382385, "acc": 0.9558913111686707, "length": 4.0, "mode": "train", "epoch": 28}
{"loss": 0.14179803431034088, "acc": 0.9561454057693481, "length": 4.0, "mode": "test", "epoch": 28}
{"loss": 0.1379244029521942, "acc": 0.9567070603370667, "length": 4.0, "mode": "train", "epoch": 29}
{"loss": 0.14206500351428986, "acc": 0.9556853175163269, "length": 4.0, "mode": "test", "epoch": 29}
{"loss": 0.1366933286190033, "acc": 0.9570610523223877, "length": 4.0, "mode": "train", "epoch": 30}
{"loss": 0.14080160856246948, "acc": 0.9557827711105347, "length": 4.0, "mode": "test", "epoch": 30}
{"loss": 0.13509343564510345, "acc": 0.9577198028564453, "length": 4.0, "mode": "train", "epoch": 31}
{"loss": 0.13802462816238403, "acc": 0.9578216075897217, "length": 4.0, "mode": "test", "epoch": 31}
{"loss": 0.13203974068164825, "acc": 0.9594725966453552, "length": 4.0, "mode": "train", "epoch": 32}
{"loss": 0.13606369495391846, "acc": 0.9591748118400574, "length": 4.0, "mode": "test", "epoch": 32}
{"loss": 0.12766841053962708, "acc": 0.9611899852752686, "length": 4.0, "mode": "train", "epoch": 33}
{"loss": 0.13405190408229828, "acc": 0.9596619606018066, "length": 4.0, "mode": "test", "epoch": 33}
{"loss": 0.12621177732944489, "acc": 0.9616353511810303, "length": 4.0, "mode": "train", "epoch": 34}
{"loss": 0.13829614222049713, "acc": 0.9585846662521362, "length": 4.0, "mode": "test", "epoch": 34}
{"loss": 0.1285579800605774, "acc": 0.9610745310783386, "length": 4.0, "mode": "train", "epoch": 35}
{"loss": 0.13596691191196442, "acc": 0.9589202404022217, "length": 4.0, "mode": "test", "epoch": 35}
{"loss": 0.12575440108776093, "acc": 0.9621214866638184, "length": 4.0, "mode": "train", "epoch": 36}
{"loss": 0.12941202521324158, "acc": 0.9617314338684082, "length": 4.0, "mode": "test", "epoch": 36}
{"loss": 0.12443193048238754, "acc": 0.9626042246818542, "length": 4.0, "mode": "train", "epoch": 37}
{"loss": 0.1276562362909317, "acc": 0.9623556137084961, "length": 4.0, "mode": "test", "epoch": 37}
{"loss": 0.12437638640403748, "acc": 0.9624473452568054, "length": 4.0, "mode": "train", "epoch": 38}
{"loss": 0.13009338080883026, "acc": 0.9615617394447327, "length": 4.0, "mode": "test", "epoch": 38}
{"loss": 0.12305805087089539, "acc": 0.9630677103996277, "length": 4.0, "mode": "train", "epoch": 39}
{"loss": 0.1303945928812027, "acc": 0.9620218873023987, "length": 4.0, "mode": "test", "epoch": 39}
{"loss": 0.12528328597545624, "acc": 0.9622321724891663, "length": 4.0, "mode": "train", "epoch": 40}
{"loss": 0.13323189318180084, "acc": 0.9606001973152161, "length": 4.0, "mode": "test", "epoch": 40}
{"loss": 0.12558141350746155, "acc": 0.9621636271476746, "length": 4.0, "mode": "train", "epoch": 41}
{"loss": 0.12853418290615082, "acc": 0.9619045257568359, "length": 4.0, "mode": "test", "epoch": 41}
{"loss": 0.12530842423439026, "acc": 0.9624186158180237, "length": 4.0, "mode": "train", "epoch": 42}
{"loss": 0.1295577734708786, "acc": 0.9616646766662598, "length": 4.0, "mode": "test", "epoch": 42}
{"loss": 0.12487426400184631, "acc": 0.9625225067138672, "length": 4.0, "mode": "train", "epoch": 43}
{"loss": 0.1337815225124359, "acc": 0.9599469304084778, "length": 4.0, "mode": "test", "epoch": 43}
{"loss": 0.12621404230594635, "acc": 0.9620933532714844, "length": 4.0, "mode": "train", "epoch": 44}
{"loss": 0.1425733119249344, "acc": 0.9574066400527954, "length": 4.0, "mode": "test", "epoch": 44}
{"loss": 0.12429703027009964, "acc": 0.9626036286354065, "length": 4.0, "mode": "train", "epoch": 45}
{"loss": 0.12600988149642944, "acc": 0.9627507925033569, "length": 4.0, "mode": "test", "epoch": 45}
{"loss": 0.12662868201732635, "acc": 0.9617789387702942, "length": 4.0, "mode": "train", "epoch": 46}
{"loss": 0.13515587151050568, "acc": 0.95914226770401, "length": 4.0, "mode": "test", "epoch": 46}
{"loss": 0.12379423528909683, "acc": 0.9626914858818054, "length": 4.0, "mode": "train", "epoch": 47}
{"loss": 0.1288985311985016, "acc": 0.9614517092704773, "length": 4.0, "mode": "test", "epoch": 47}
{"loss": 0.12647438049316406, "acc": 0.9618521928787231, "length": 4.0, "mode": "train", "epoch": 48}
{"loss": 0.13135802745819092, "acc": 0.9608996510505676, "length": 4.0, "mode": "test", "epoch": 48}
{"loss": 0.12512736022472382, "acc": 0.9623055458068848, "length": 4.0, "mode": "train", "epoch": 49}
{"loss": 0.1278563141822815, "acc": 0.9622799158096313, "length": 4.0, "mode": "test", "epoch": 49}
{"loss": 0.12506167590618134, "acc": 0.9623355865478516, "length": 4.0, "mode": "train", "epoch": 50}
{"loss": 0.13156644999980927, "acc": 0.9613072872161865, "length": 4.0, "mode": "test", "epoch": 50}
{"loss": 0.12459956109523773, "acc": 0.962405264377594, "length": 4.0, "mode": "train", "epoch": 51}
{"loss": 0.13011153042316437, "acc": 0.9612514972686768, "length": 4.0, "mode": "test", "epoch": 51}
{"loss": 0.12362587451934814, "acc": 0.9624208807945251, "length": 4.0, "mode": "train", "epoch": 52}
{"loss": 0.1242576390504837, "acc": 0.9628933668136597, "length": 4.0, "mode": "test", "epoch": 52}
{"loss": 0.12347400188446045, "acc": 0.9627298712730408, "length": 4.0, "mode": "train", "epoch": 53}
{"loss": 0.1276053637266159, "acc": 0.9624746441841125, "length": 4.0, "mode": "test", "epoch": 53}
{"loss": 0.12240970134735107, "acc": 0.9631856679916382, "length": 4.0, "mode": "train", "epoch": 54}
{"loss": 0.12766696512699127, "acc": 0.9618521928787231, "length": 4.0, "mode": "test", "epoch": 54}
{"loss": 0.12304604053497314, "acc": 0.9628110527992249, "length": 4.0, "mode": "train", "epoch": 55}
{"loss": 0.13094082474708557, "acc": 0.9610349535942078, "length": 4.0, "mode": "test", "epoch": 55}
{"loss": 0.12747064232826233, "acc": 0.9613768458366394, "length": 4.0, "mode": "train", "epoch": 56}
{"loss": 0.12805192172527313, "acc": 0.9619062542915344, "length": 4.0, "mode": "test", "epoch": 56}
{"loss": 0.123829685151577, "acc": 0.9625334143638611, "length": 4.0, "mode": "train", "epoch": 57}
{"loss": 0.1337057203054428, "acc": 0.9598098397254944, "length": 4.0, "mode": "test", "epoch": 57}
{"loss": 0.12923161685466766, "acc": 0.9606489539146423, "length": 4.0, "mode": "train", "epoch": 58}
{"loss": 0.13197045028209686, "acc": 0.9604628682136536, "length": 4.0, "mode": "test", "epoch": 58}
{"loss": 0.1254824995994568, "acc": 0.9620801210403442, "length": 4.0, "mode": "train", "epoch": 59}
{"loss": 0.12780331075191498, "acc": 0.9621626138687134, "length": 4.0, "mode": "test", "epoch": 59}
{"loss": 0.12126541137695312, "acc": 0.9635564088821411, "length": 4.0, "mode": "train", "epoch": 60}
{"loss": 0.12753932178020477, "acc": 0.9622400999069214, "length": 4.0, "mode": "test", "epoch": 60}
test accuracy: 0.9608485698699951
