# ["--attributes=3", "--values=16", "--game_size=10", "--vocab_size_factor=3", "--n_epochs=60", "--batch_size=128", "--learning_rate=0.0005", "--hidden_size=256", "--temp_update=0.99", "--temperature=1.5"]
Creating train_ds and val_ds...

Creating test_ds...
{"loss": 0.4964962899684906, "acc": 0.7659072279930115, "length": 3.9435853958129883, "mode": "train", "epoch": 1}
{"loss": 0.40666094422340393, "acc": 0.8309624791145325, "length": 4.0, "mode": "test", "epoch": 1}
{"loss": 0.3535098433494568, "acc": 0.8640918135643005, "length": 3.9998998641967773, "mode": "train", "epoch": 2}
{"loss": 0.35155120491981506, "acc": 0.8549153804779053, "length": 4.0, "mode": "test", "epoch": 2}
{"loss": 0.29822880029678345, "acc": 0.8875731825828552, "length": 3.9999518394470215, "mode": "train", "epoch": 3}
{"loss": 0.3198987543582916, "acc": 0.8723579049110413, "length": 4.0, "mode": "test", "epoch": 3}
{"loss": 0.2595066428184509, "acc": 0.9016326665878296, "length": 3.999973773956299, "mode": "train", "epoch": 4}
{"loss": 0.2682766020298004, "acc": 0.8958332538604736, "length": 4.0, "mode": "test", "epoch": 4}
{"loss": 0.23960041999816895, "acc": 0.9089639782905579, "length": 3.999983787536621, "mode": "train", "epoch": 5}
{"loss": 0.2537936270236969, "acc": 0.9042426347732544, "length": 4.0, "mode": "test", "epoch": 5}
{"loss": 0.22202908992767334, "acc": 0.9167358875274658, "length": 3.9999916553497314, "mode": "train", "epoch": 6}
{"loss": 0.2318747341632843, "acc": 0.9174118041992188, "length": 4.0, "mode": "test", "epoch": 6}
{"loss": 0.20599918067455292, "acc": 0.9262664914131165, "length": 3.9999947547912598, "mode": "train", "epoch": 7}
{"loss": 0.21878592669963837, "acc": 0.9207229614257812, "length": 4.0, "mode": "test", "epoch": 7}
{"loss": 0.1940833479166031, "acc": 0.9313899278640747, "length": 3.999998092651367, "mode": "train", "epoch": 8}
{"loss": 0.20420895516872406, "acc": 0.9286350607872009, "length": 4.0, "mode": "test", "epoch": 8}
{"loss": 0.18807624280452728, "acc": 0.9341756105422974, "length": 3.9999992847442627, "mode": "train", "epoch": 9}
{"loss": 0.2036125212907791, "acc": 0.9264938235282898, "length": 4.0, "mode": "test", "epoch": 9}
{"loss": 0.18106454610824585, "acc": 0.9367090463638306, "length": 4.0, "mode": "train", "epoch": 10}
{"loss": 0.21385353803634644, "acc": 0.9253055453300476, "length": 4.0, "mode": "test", "epoch": 10}
{"loss": 0.17748290300369263, "acc": 0.9380021691322327, "length": 4.0, "mode": "train", "epoch": 11}
{"loss": 0.18493139743804932, "acc": 0.9352123141288757, "length": 4.0, "mode": "test", "epoch": 11}
{"loss": 0.17430907487869263, "acc": 0.9396352767944336, "length": 4.0, "mode": "train", "epoch": 12}
{"loss": 0.1772850602865219, "acc": 0.9391005039215088, "length": 4.0, "mode": "test", "epoch": 12}
{"loss": 0.16643279790878296, "acc": 0.9429776668548584, "length": 4.0, "mode": "train", "epoch": 13}
{"loss": 0.192337304353714, "acc": 0.9336208701133728, "length": 4.0, "mode": "test", "epoch": 13}
{"loss": 0.1675180196762085, "acc": 0.9428611993789673, "length": 4.0, "mode": "train", "epoch": 14}
{"loss": 0.1715654879808426, "acc": 0.9430248141288757, "length": 4.0, "mode": "test", "epoch": 14}
{"loss": 0.15955902636051178, "acc": 0.9457973837852478, "length": 4.0, "mode": "train", "epoch": 15}
{"loss": 0.16720454394817352, "acc": 0.9437537789344788, "length": 4.0, "mode": "test", "epoch": 15}
{"loss": 0.15814420580863953, "acc": 0.9464040994644165, "length": 4.0, "mode": "train", "epoch": 16}
{"loss": 0.16084203124046326, "acc": 0.9465947151184082, "length": 4.0, "mode": "test", "epoch": 16}
{"loss": 0.15649861097335815, "acc": 0.9470042586326599, "length": 4.0, "mode": "train", "epoch": 17}
{"loss": 0.16185826063156128, "acc": 0.945598304271698, "length": 4.0, "mode": "test", "epoch": 17}
{"loss": 0.15267154574394226, "acc": 0.9483087062835693, "length": 4.0, "mode": "train", "epoch": 18}
{"loss": 0.1555071473121643, "acc": 0.9485440850257874, "length": 4.0, "mode": "test", "epoch": 18}
{"loss": 0.1505618393421173, "acc": 0.9493013620376587, "length": 4.0, "mode": "train", "epoch": 19}
{"loss": 0.168555349111557, "acc": 0.9446235299110413, "length": 4.0, "mode": "test", "epoch": 19}
{"loss": 0.14901763200759888, "acc": 0.9499825835227966, "length": 4.0, "mode": "train", "epoch": 20}
{"loss": 0.15379421412944794, "acc": 0.9494086503982544, "length": 4.0, "mode": "test", "epoch": 20}
{"loss": 0.14508135616779327, "acc": 0.9512301087379456, "length": 4.0, "mode": "train", "epoch": 21}
{"loss": 0.15616221725940704, "acc": 0.948932945728302, "length": 4.0, "mode": "test", "epoch": 21}
{"loss": 0.1487131416797638, "acc": 0.9502384066581726, "length": 4.0, "mode": "train", "epoch": 22}
{"loss": 0.15362566709518433, "acc": 0.9505208134651184, "length": 4.0, "mode": "test", "epoch": 22}
{"loss": 0.14328038692474365, "acc": 0.9521843194961548, "length": 4.0, "mode": "train", "epoch": 23}
{"loss": 0.15133848786354065, "acc": 0.9522569179534912, "length": 4.0, "mode": "test", "epoch": 23}
{"loss": 0.14161252975463867, "acc": 0.9526667594909668, "length": 4.0, "mode": "train", "epoch": 24}
{"loss": 0.15498469769954681, "acc": 0.9493941068649292, "length": 4.0, "mode": "test", "epoch": 24}
{"loss": 0.14324317872524261, "acc": 0.9519879817962646, "length": 4.0, "mode": "train", "epoch": 25}
{"loss": 0.1508001834154129, "acc": 0.9497250914573669, "length": 4.0, "mode": "test", "epoch": 25}
{"loss": 0.14173951745033264, "acc": 0.952584445476532, "length": 4.0, "mode": "train", "epoch": 26}
{"loss": 0.14369411766529083, "acc": 0.9530960321426392, "length": 4.0, "mode": "test", "epoch": 26}
{"loss": 0.13781104981899261, "acc": 0.9537957906723022, "length": 4.0, "mode": "train", "epoch": 27}
{"loss": 0.1443936824798584, "acc": 0.9527327418327332, "length": 4.0, "mode": "test", "epoch": 27}
{"loss": 0.1401149034500122, "acc": 0.9530516266822815, "length": 4.0, "mode": "train", "epoch": 28}
{"loss": 0.14423181116580963, "acc": 0.9527469873428345, "length": 4.0, "mode": "test", "epoch": 28}
{"loss": 0.13905100524425507, "acc": 0.9533669352531433, "length": 4.0, "mode": "train", "epoch": 29}
{"loss": 0.14376488327980042, "acc": 0.9521338939666748, "length": 4.0, "mode": "test", "epoch": 29}
{"loss": 0.13593542575836182, "acc": 0.9542739391326904, "length": 4.0, "mode": "train", "epoch": 30}
{"loss": 0.14061781764030457, "acc": 0.9541033506393433, "length": 4.0, "mode": "test", "epoch": 30}
{"loss": 0.1409950852394104, "acc": 0.9526829123497009, "length": 4.0, "mode": "train", "epoch": 31}
{"loss": 0.14747023582458496, "acc": 0.9520977139472961, "length": 4.0, "mode": "test", "epoch": 31}
{"loss": 0.1419319063425064, "acc": 0.9528258442878723, "length": 4.0, "mode": "train", "epoch": 32}
{"loss": 0.1441119760274887, "acc": 0.952730655670166, "length": 4.0, "mode": "test", "epoch": 32}
{"loss": 0.13445255160331726, "acc": 0.9547507762908936, "length": 4.0, "mode": "train", "epoch": 33}
{"loss": 0.13754884898662567, "acc": 0.9548774361610413, "length": 4.0, "mode": "test", "epoch": 33}
{"loss": 0.1338752806186676, "acc": 0.9548198580741882, "length": 4.0, "mode": "train", "epoch": 34}
{"loss": 0.1442648321390152, "acc": 0.9529514312744141, "length": 4.0, "mode": "test", "epoch": 34}
{"loss": 0.14776180684566498, "acc": 0.9488613605499268, "length": 4.0, "mode": "train", "epoch": 35}
{"loss": 0.15487810969352722, "acc": 0.9486003518104553, "length": 4.0, "mode": "test", "epoch": 35}
{"loss": 0.14701269567012787, "acc": 0.9498361349105835, "length": 4.0, "mode": "train", "epoch": 36}
{"loss": 0.146235853433609, "acc": 0.9514737129211426, "length": 4.0, "mode": "test", "epoch": 36}
{"loss": 0.13797730207443237, "acc": 0.9537045955657959, "length": 4.0, "mode": "train", "epoch": 37}
{"loss": 0.13981667160987854, "acc": 0.9544071555137634, "length": 4.0, "mode": "test", "epoch": 37}
{"loss": 0.13347117602825165, "acc": 0.9555760622024536, "length": 4.0, "mode": "train", "epoch": 38}
{"loss": 0.13573677837848663, "acc": 0.956096351146698, "length": 4.0, "mode": "test", "epoch": 38}
{"loss": 0.1292591691017151, "acc": 0.9568433165550232, "length": 4.0, "mode": "train", "epoch": 39}
{"loss": 0.13253074884414673, "acc": 0.9570096135139465, "length": 4.0, "mode": "test", "epoch": 39}
{"loss": 0.12783274054527283, "acc": 0.95738685131073, "length": 4.0, "mode": "train", "epoch": 40}
{"loss": 0.13726121187210083, "acc": 0.9558411240577698, "length": 4.0, "mode": "test", "epoch": 40}
{"loss": 0.1408577859401703, "acc": 0.953220546245575, "length": 4.0, "mode": "train", "epoch": 41}
{"loss": 0.13736042380332947, "acc": 0.9563784599304199, "length": 4.0, "mode": "test", "epoch": 41}
{"loss": 0.12824030220508575, "acc": 0.9572721719741821, "length": 4.0, "mode": "train", "epoch": 42}
{"loss": 0.13164667785167694, "acc": 0.9573783278465271, "length": 4.0, "mode": "test", "epoch": 42}
{"loss": 0.12863634526729584, "acc": 0.957025945186615, "length": 4.0, "mode": "train", "epoch": 43}
{"loss": 0.13282710313796997, "acc": 0.9572048187255859, "length": 4.0, "mode": "test", "epoch": 43}
{"loss": 0.12887625396251678, "acc": 0.9570780992507935, "length": 4.0, "mode": "train", "epoch": 44}
{"loss": 0.13326585292816162, "acc": 0.9569805264472961, "length": 4.0, "mode": "test", "epoch": 44}
{"loss": 0.12935484945774078, "acc": 0.9569838047027588, "length": 4.0, "mode": "train", "epoch": 45}
{"loss": 0.13314099609851837, "acc": 0.9572844505310059, "length": 4.0, "mode": "test", "epoch": 45}
{"loss": 0.12943172454833984, "acc": 0.9568313360214233, "length": 4.0, "mode": "train", "epoch": 46}
{"loss": 0.1356656849384308, "acc": 0.956027626991272, "length": 4.0, "mode": "test", "epoch": 46}
{"loss": 0.1273195892572403, "acc": 0.9575976729393005, "length": 4.0, "mode": "train", "epoch": 47}
{"loss": 0.1309727281332016, "acc": 0.957181453704834, "length": 4.0, "mode": "test", "epoch": 47}
{"loss": 0.12522132694721222, "acc": 0.9580247402191162, "length": 4.0, "mode": "train", "epoch": 48}
{"loss": 0.1291910856962204, "acc": 0.9582012295722961, "length": 4.0, "mode": "test", "epoch": 48}
{"loss": 0.12807999551296234, "acc": 0.9574295878410339, "length": 4.0, "mode": "train", "epoch": 49}
{"loss": 0.1539611518383026, "acc": 0.9514827728271484, "length": 4.0, "mode": "test", "epoch": 49}
{"loss": 0.13251447677612305, "acc": 0.9560961127281189, "length": 4.0, "mode": "train", "epoch": 50}
{"loss": 0.13058961927890778, "acc": 0.9577330350875854, "length": 4.0, "mode": "test", "epoch": 50}
{"loss": 0.12490372359752655, "acc": 0.9582241773605347, "length": 4.0, "mode": "train", "epoch": 51}
{"loss": 0.13396494090557098, "acc": 0.9564090967178345, "length": 4.0, "mode": "test", "epoch": 51}
{"loss": 0.1244073361158371, "acc": 0.9583773016929626, "length": 4.0, "mode": "train", "epoch": 52}
{"loss": 0.12981389462947845, "acc": 0.9582428932189941, "length": 4.0, "mode": "test", "epoch": 52}
{"loss": 0.12657980620861053, "acc": 0.9577166438102722, "length": 4.0, "mode": "train", "epoch": 53}
{"loss": 0.13499727845191956, "acc": 0.9563857316970825, "length": 4.0, "mode": "test", "epoch": 53}
{"loss": 0.12706433236598969, "acc": 0.9575772881507874, "length": 4.0, "mode": "train", "epoch": 54}
{"loss": 0.13370755314826965, "acc": 0.9569915533065796, "length": 4.0, "mode": "test", "epoch": 54}
{"loss": 0.12552982568740845, "acc": 0.9581153988838196, "length": 4.0, "mode": "train", "epoch": 55}
{"loss": 0.12846703827381134, "acc": 0.9581055045127869, "length": 4.0, "mode": "test", "epoch": 55}
{"loss": 0.12809915840625763, "acc": 0.9572889804840088, "length": 4.0, "mode": "train", "epoch": 56}
{"loss": 0.13106206059455872, "acc": 0.9578595757484436, "length": 4.0, "mode": "test", "epoch": 56}
{"loss": 0.12461871653795242, "acc": 0.9583885669708252, "length": 4.0, "mode": "train", "epoch": 57}
{"loss": 0.13090167939662933, "acc": 0.9579156041145325, "length": 4.0, "mode": "test", "epoch": 57}
{"loss": 0.1283261626958847, "acc": 0.9574097990989685, "length": 4.0, "mode": "train", "epoch": 58}
{"loss": 0.1338818222284317, "acc": 0.9572861790657043, "length": 4.0, "mode": "test", "epoch": 58}
{"loss": 0.1279284954071045, "acc": 0.9575322270393372, "length": 4.0, "mode": "train", "epoch": 59}
{"loss": 0.13693781197071075, "acc": 0.9559659361839294, "length": 4.0, "mode": "test", "epoch": 59}
{"loss": 0.12477211654186249, "acc": 0.9581887125968933, "length": 4.0, "mode": "train", "epoch": 60}
{"loss": 0.1278247982263565, "acc": 0.9585106372833252, "length": 4.0, "mode": "test", "epoch": 60}
test accuracy: 0.9516593813896179
