# ["--attributes=3", "--values=16", "--game_size=10", "--vocab_size_factor=3", "--n_epochs=60", "--batch_size=128", "--learning_rate=0.001", "--hidden_size=128", "--temp_update=0.99", "--temperature=1.5"]
Creating train_ds and val_ds...

Creating test_ds...
{"loss": 0.49339979887008667, "acc": 0.7692712545394897, "length": 3.9846270084381104, "mode": "train", "epoch": 1}
{"loss": 0.439466267824173, "acc": 0.8023473024368286, "length": 4.0, "mode": "test", "epoch": 1}
{"loss": 0.35249650478363037, "acc": 0.8547922968864441, "length": 3.9999005794525146, "mode": "train", "epoch": 2}
{"loss": 0.3685750961303711, "acc": 0.8326244950294495, "length": 4.0, "mode": "test", "epoch": 2}
{"loss": 0.30469194054603577, "acc": 0.8777337074279785, "length": 3.9999706745147705, "mode": "train", "epoch": 3}
{"loss": 0.30662184953689575, "acc": 0.872896671295166, "length": 4.0, "mode": "test", "epoch": 3}
{"loss": 0.2702701985836029, "acc": 0.8946343660354614, "length": 3.9999828338623047, "mode": "train", "epoch": 4}
{"loss": 0.27676013112068176, "acc": 0.8920519351959229, "length": 4.0, "mode": "test", "epoch": 4}
{"loss": 0.24375878274440765, "acc": 0.9080225825309753, "length": 3.999993324279785, "mode": "train", "epoch": 5}
{"loss": 0.25756314396858215, "acc": 0.9036368727684021, "length": 4.0, "mode": "test", "epoch": 5}
{"loss": 0.22904452681541443, "acc": 0.9149779677391052, "length": 3.9999961853027344, "mode": "train", "epoch": 6}
{"loss": 0.23783665895462036, "acc": 0.9122233986854553, "length": 4.0, "mode": "test", "epoch": 6}
{"loss": 0.2218879610300064, "acc": 0.9180212616920471, "length": 3.9999985694885254, "mode": "train", "epoch": 7}
{"loss": 0.2260787934064865, "acc": 0.9177029728889465, "length": 4.0, "mode": "test", "epoch": 7}
{"loss": 0.23245234787464142, "acc": 0.9126632809638977, "length": 3.9999992847442627, "mode": "train", "epoch": 8}
{"loss": 0.23966240882873535, "acc": 0.9139050841331482, "length": 4.0, "mode": "test", "epoch": 8}
{"loss": 0.21803954243659973, "acc": 0.9204815030097961, "length": 4.0, "mode": "train", "epoch": 9}
{"loss": 0.2222932130098343, "acc": 0.9195005893707275, "length": 4.0, "mode": "test", "epoch": 9}
{"loss": 0.21330110728740692, "acc": 0.9222849607467651, "length": 4.0, "mode": "train", "epoch": 10}
{"loss": 0.2202843278646469, "acc": 0.9211752414703369, "length": 4.0, "mode": "test", "epoch": 10}
{"loss": 0.2077077180147171, "acc": 0.9240967631340027, "length": 4.0, "mode": "train", "epoch": 11}
{"loss": 0.22233828902244568, "acc": 0.9196289777755737, "length": 4.0, "mode": "test", "epoch": 11}
{"loss": 0.2067583054304123, "acc": 0.9248233437538147, "length": 4.0, "mode": "train", "epoch": 12}
{"loss": 0.20759588479995728, "acc": 0.9260271787643433, "length": 4.0, "mode": "test", "epoch": 12}
{"loss": 0.199615478515625, "acc": 0.9281344413757324, "length": 4.0, "mode": "train", "epoch": 13}
{"loss": 0.21064633131027222, "acc": 0.925095796585083, "length": 4.0, "mode": "test", "epoch": 13}
{"loss": 0.20204800367355347, "acc": 0.9278382062911987, "length": 4.0, "mode": "train", "epoch": 14}
{"loss": 0.20952624082565308, "acc": 0.9266204237937927, "length": 4.0, "mode": "test", "epoch": 14}
{"loss": 0.19824402034282684, "acc": 0.929375410079956, "length": 4.0, "mode": "train", "epoch": 15}
{"loss": 0.20691914856433868, "acc": 0.9268861413002014, "length": 4.0, "mode": "test", "epoch": 15}
{"loss": 0.19314810633659363, "acc": 0.9317328333854675, "length": 4.0, "mode": "train", "epoch": 16}
{"loss": 0.1968761384487152, "acc": 0.9315829277038574, "length": 4.0, "mode": "test", "epoch": 16}
{"loss": 0.188190296292305, "acc": 0.9334786534309387, "length": 4.0, "mode": "train", "epoch": 17}
{"loss": 0.19321072101593018, "acc": 0.9327310919761658, "length": 4.0, "mode": "test", "epoch": 17}
{"loss": 0.18708392977714539, "acc": 0.9340975284576416, "length": 4.0, "mode": "train", "epoch": 18}
{"loss": 0.1933313012123108, "acc": 0.9324272871017456, "length": 4.0, "mode": "test", "epoch": 18}
{"loss": 0.18514123558998108, "acc": 0.9352681040763855, "length": 4.0, "mode": "train", "epoch": 19}
{"loss": 0.19308248162269592, "acc": 0.93379807472229, "length": 4.0, "mode": "test", "epoch": 19}
{"loss": 0.18303173780441284, "acc": 0.9361274242401123, "length": 4.0, "mode": "train", "epoch": 20}
{"loss": 0.19081616401672363, "acc": 0.934326171875, "length": 4.0, "mode": "test", "epoch": 20}
{"loss": 0.1824943721294403, "acc": 0.9363565444946289, "length": 4.0, "mode": "train", "epoch": 21}
{"loss": 0.18560791015625, "acc": 0.9360857605934143, "length": 4.0, "mode": "test", "epoch": 21}
{"loss": 0.1786383092403412, "acc": 0.9378395080566406, "length": 4.0, "mode": "train", "epoch": 22}
{"loss": 0.18939825892448425, "acc": 0.9350711703300476, "length": 4.0, "mode": "test", "epoch": 22}
{"loss": 0.18320591747760773, "acc": 0.9360384941101074, "length": 4.0, "mode": "train", "epoch": 23}
{"loss": 0.1903131753206253, "acc": 0.9339210391044617, "length": 4.0, "mode": "test", "epoch": 23}
{"loss": 0.18118013441562653, "acc": 0.9366430044174194, "length": 4.0, "mode": "train", "epoch": 24}
{"loss": 0.18674108386039734, "acc": 0.9356191158294678, "length": 4.0, "mode": "test", "epoch": 24}
{"loss": 0.1849479228258133, "acc": 0.9347933530807495, "length": 4.0, "mode": "train", "epoch": 25}
{"loss": 0.19297826290130615, "acc": 0.933836042881012, "length": 4.0, "mode": "test", "epoch": 25}
{"loss": 0.17993366718292236, "acc": 0.9368786811828613, "length": 4.0, "mode": "train", "epoch": 26}
{"loss": 0.19100484251976013, "acc": 0.9338144659996033, "length": 4.0, "mode": "test", "epoch": 26}
{"loss": 0.17554494738578796, "acc": 0.9385582208633423, "length": 4.0, "mode": "train", "epoch": 27}
{"loss": 0.18186751008033752, "acc": 0.9376899003982544, "length": 4.0, "mode": "test", "epoch": 27}
{"loss": 0.17877115309238434, "acc": 0.9373490810394287, "length": 4.0, "mode": "train", "epoch": 28}
{"loss": 0.19183196127414703, "acc": 0.9330331087112427, "length": 4.0, "mode": "test", "epoch": 28}
{"loss": 0.17448227107524872, "acc": 0.93912672996521, "length": 4.0, "mode": "train", "epoch": 29}
{"loss": 0.18056920170783997, "acc": 0.937349796295166, "length": 4.0, "mode": "test", "epoch": 29}
{"loss": 0.17540819942951202, "acc": 0.9389842748641968, "length": 4.0, "mode": "train", "epoch": 30}
{"loss": 0.18220633268356323, "acc": 0.9373354911804199, "length": 4.0, "mode": "test", "epoch": 30}
{"loss": 0.1745644062757492, "acc": 0.9389206171035767, "length": 4.0, "mode": "train", "epoch": 31}
{"loss": 0.18844899535179138, "acc": 0.9341670870780945, "length": 4.0, "mode": "test", "epoch": 31}
{"loss": 0.17459017038345337, "acc": 0.9386873841285706, "length": 4.0, "mode": "train", "epoch": 32}
{"loss": 0.17740033566951752, "acc": 0.9391692876815796, "length": 4.0, "mode": "test", "epoch": 32}
{"loss": 0.17288166284561157, "acc": 0.9400041103363037, "length": 4.0, "mode": "train", "epoch": 33}
{"loss": 0.17729978263378143, "acc": 0.9389703273773193, "length": 4.0, "mode": "test", "epoch": 33}
{"loss": 0.1693587601184845, "acc": 0.9412786364555359, "length": 4.0, "mode": "train", "epoch": 34}
{"loss": 0.17502275109291077, "acc": 0.9404749274253845, "length": 4.0, "mode": "test", "epoch": 34}
{"loss": 0.16808433830738068, "acc": 0.9421572089195251, "length": 4.0, "mode": "train", "epoch": 35}
{"loss": 0.17592275142669678, "acc": 0.940824031829834, "length": 4.0, "mode": "test", "epoch": 35}
{"loss": 0.1692425012588501, "acc": 0.9416764974594116, "length": 4.0, "mode": "train", "epoch": 36}
{"loss": 0.18006448447704315, "acc": 0.9399287104606628, "length": 4.0, "mode": "test", "epoch": 36}
{"loss": 0.1702672243118286, "acc": 0.9412798881530762, "length": 4.0, "mode": "train", "epoch": 37}
{"loss": 0.17778070271015167, "acc": 0.940030038356781, "length": 4.0, "mode": "test", "epoch": 37}
{"loss": 0.16832496225833893, "acc": 0.9420856833457947, "length": 4.0, "mode": "train", "epoch": 38}
{"loss": 0.19354093074798584, "acc": 0.9335106015205383, "length": 4.0, "mode": "test", "epoch": 38}
{"loss": 0.17129051685333252, "acc": 0.9407636523246765, "length": 4.0, "mode": "train", "epoch": 39}
{"loss": 0.181913360953331, "acc": 0.9377983212471008, "length": 4.0, "mode": "test", "epoch": 39}
{"loss": 0.1661016047000885, "acc": 0.9427046179771423, "length": 4.0, "mode": "train", "epoch": 40}
{"loss": 0.17237307131290436, "acc": 0.9416938424110413, "length": 4.0, "mode": "test", "epoch": 40}
{"loss": 0.1662713885307312, "acc": 0.9433350563049316, "length": 4.0, "mode": "train", "epoch": 41}
{"loss": 0.17051778733730316, "acc": 0.9424514770507812, "length": 4.0, "mode": "test", "epoch": 41}
{"loss": 0.1631738543510437, "acc": 0.944179356098175, "length": 4.0, "mode": "train", "epoch": 42}
{"loss": 0.17605796456336975, "acc": 0.9409287571907043, "length": 4.0, "mode": "test", "epoch": 42}
{"loss": 0.1657606065273285, "acc": 0.9434695839881897, "length": 4.0, "mode": "train", "epoch": 43}
{"loss": 0.1724596917629242, "acc": 0.9421097636222839, "length": 4.0, "mode": "test", "epoch": 43}
{"loss": 0.16260559856891632, "acc": 0.9442490339279175, "length": 4.0, "mode": "train", "epoch": 44}
{"loss": 0.17133350670337677, "acc": 0.9421349763870239, "length": 4.0, "mode": "test", "epoch": 44}
{"loss": 0.16408278048038483, "acc": 0.9437172412872314, "length": 4.0, "mode": "train", "epoch": 45}
{"loss": 0.1678435355424881, "acc": 0.9433176517486572, "length": 4.0, "mode": "test", "epoch": 45}
{"loss": 0.16109885275363922, "acc": 0.9449389576911926, "length": 4.0, "mode": "train", "epoch": 46}
{"loss": 0.16783376038074493, "acc": 0.9439182281494141, "length": 4.0, "mode": "test", "epoch": 46}
{"loss": 0.1608082503080368, "acc": 0.9451037049293518, "length": 4.0, "mode": "train", "epoch": 47}
{"loss": 0.1704818457365036, "acc": 0.9423720240592957, "length": 4.0, "mode": "test", "epoch": 47}
{"loss": 0.16919714212417603, "acc": 0.9418501853942871, "length": 4.0, "mode": "train", "epoch": 48}
{"loss": 0.1717381775379181, "acc": 0.9418367743492126, "length": 4.0, "mode": "test", "epoch": 48}
{"loss": 0.16250061988830566, "acc": 0.9445405006408691, "length": 4.0, "mode": "train", "epoch": 49}
{"loss": 0.17263925075531006, "acc": 0.9429886341094971, "length": 4.0, "mode": "test", "epoch": 49}
{"loss": 0.16265150904655457, "acc": 0.9445470571517944, "length": 4.0, "mode": "train", "epoch": 50}
{"loss": 0.1646185964345932, "acc": 0.9446415901184082, "length": 4.0, "mode": "test", "epoch": 50}
{"loss": 0.1594783514738083, "acc": 0.9454029202461243, "length": 4.0, "mode": "train", "epoch": 51}
{"loss": 0.16473375260829926, "acc": 0.9447084069252014, "length": 4.0, "mode": "test", "epoch": 51}
{"loss": 0.15919595956802368, "acc": 0.9457099437713623, "length": 4.0, "mode": "train", "epoch": 52}
{"loss": 0.16883261501789093, "acc": 0.944068193435669, "length": 4.0, "mode": "test", "epoch": 52}
{"loss": 0.16302116215229034, "acc": 0.9444389939308167, "length": 4.0, "mode": "train", "epoch": 53}
{"loss": 0.16710445284843445, "acc": 0.9444931149482727, "length": 4.0, "mode": "test", "epoch": 53}
{"loss": 0.16367287933826447, "acc": 0.9442387819290161, "length": 4.0, "mode": "train", "epoch": 54}
{"loss": 0.16843070089817047, "acc": 0.9438584446907043, "length": 4.0, "mode": "test", "epoch": 54}
{"loss": 0.16566646099090576, "acc": 0.9437106251716614, "length": 4.0, "mode": "train", "epoch": 55}
{"loss": 0.16719385981559753, "acc": 0.9440719485282898, "length": 4.0, "mode": "test", "epoch": 55}
{"loss": 0.16325190663337708, "acc": 0.944579005241394, "length": 4.0, "mode": "train", "epoch": 56}
{"loss": 0.16695080697536469, "acc": 0.9449473023414612, "length": 4.0, "mode": "test", "epoch": 56}
{"loss": 0.16089265048503876, "acc": 0.9451786279678345, "length": 4.0, "mode": "train", "epoch": 57}
{"loss": 0.16661812365055084, "acc": 0.9438170194625854, "length": 4.0, "mode": "test", "epoch": 57}
{"loss": 0.15881595015525818, "acc": 0.9461996555328369, "length": 4.0, "mode": "train", "epoch": 58}
{"loss": 0.1625935435295105, "acc": 0.9456380009651184, "length": 4.0, "mode": "test", "epoch": 58}
{"loss": 0.16089150309562683, "acc": 0.9455626606941223, "length": 4.0, "mode": "train", "epoch": 59}
{"loss": 0.16482260823249817, "acc": 0.946021318435669, "length": 4.0, "mode": "test", "epoch": 59}
{"loss": 0.15924391150474548, "acc": 0.9462772011756897, "length": 4.0, "mode": "train", "epoch": 60}
{"loss": 0.16759821772575378, "acc": 0.9440376162528992, "length": 4.0, "mode": "test", "epoch": 60}
test accuracy: 0.941572904586792
