# ["--attributes=5", "--values=4", "--game_size=10", "--vocab_size_factor=3", "--n_epochs=60", "--batch_size=32", "--learning_rate=0.0005", "--hidden_size=256", "--temp_update=0.97", "--temperature=1.5"]
Creating train_ds and val_ds...

Creating test_ds...
{"loss": 0.3999188244342804, "acc": 0.8061635494232178, "length": 5.6578192710876465, "mode": "train", "epoch": 1}
{"loss": 0.3185518682003021, "acc": 0.8512643575668335, "length": 6.0, "mode": "test", "epoch": 1}
{"loss": 0.2922920286655426, "acc": 0.8708539009094238, "length": 5.99967622756958, "mode": "train", "epoch": 2}
{"loss": 0.2626923620700836, "acc": 0.8875520825386047, "length": 6.0, "mode": "test", "epoch": 2}
{"loss": 0.24599489569664001, "acc": 0.8911593556404114, "length": 5.999927997589111, "mode": "train", "epoch": 3}
{"loss": 0.24961552023887634, "acc": 0.8884962797164917, "length": 6.0, "mode": "test", "epoch": 3}
{"loss": 0.24140962958335876, "acc": 0.8924176692962646, "length": 5.999981880187988, "mode": "train", "epoch": 4}
{"loss": 0.23765191435813904, "acc": 0.8945043087005615, "length": 6.0, "mode": "test", "epoch": 4}
{"loss": 0.22565829753875732, "acc": 0.9010226130485535, "length": 5.999993801116943, "mode": "train", "epoch": 5}
{"loss": 0.25684911012649536, "acc": 0.8858954310417175, "length": 6.0, "mode": "test", "epoch": 5}
{"loss": 0.22937698662281036, "acc": 0.8989644050598145, "length": 5.999998569488525, "mode": "train", "epoch": 6}
{"loss": 0.2286594808101654, "acc": 0.8995617032051086, "length": 6.0, "mode": "test", "epoch": 6}
{"loss": 0.21257029473781586, "acc": 0.9089732766151428, "length": 6.0, "mode": "train", "epoch": 7}
{"loss": 0.2028331309556961, "acc": 0.9135742783546448, "length": 6.0, "mode": "test", "epoch": 7}
{"loss": 0.20309679210186005, "acc": 0.9136294722557068, "length": 6.0, "mode": "train", "epoch": 8}
{"loss": 0.2051040083169937, "acc": 0.9129120707511902, "length": 6.0, "mode": "test", "epoch": 8}
{"loss": 0.19555406272411346, "acc": 0.9179145693778992, "length": 6.0, "mode": "train", "epoch": 9}
{"loss": 0.19635054469108582, "acc": 0.9167214035987854, "length": 6.0, "mode": "test", "epoch": 9}
{"loss": 0.19418177008628845, "acc": 0.9177837371826172, "length": 6.0, "mode": "train", "epoch": 10}
{"loss": 0.1906108260154724, "acc": 0.9190841317176819, "length": 6.0, "mode": "test", "epoch": 10}
{"loss": 0.18491490185260773, "acc": 0.9216979742050171, "length": 6.0, "mode": "train", "epoch": 11}
{"loss": 0.1940770149230957, "acc": 0.9165132641792297, "length": 6.0, "mode": "test", "epoch": 11}
{"loss": 0.18353097140789032, "acc": 0.9220787882804871, "length": 6.0, "mode": "train", "epoch": 12}
{"loss": 0.18148641288280487, "acc": 0.9233595132827759, "length": 6.0, "mode": "test", "epoch": 12}
{"loss": 0.185524582862854, "acc": 0.9219579100608826, "length": 6.0, "mode": "train", "epoch": 13}
{"loss": 0.1853616088628769, "acc": 0.923249363899231, "length": 6.0, "mode": "test", "epoch": 13}
{"loss": 0.18166999518871307, "acc": 0.9231343269348145, "length": 6.0, "mode": "train", "epoch": 14}
{"loss": 0.18095552921295166, "acc": 0.9241318106651306, "length": 6.0, "mode": "test", "epoch": 14}
{"loss": 0.18334034085273743, "acc": 0.9227688312530518, "length": 6.0, "mode": "train", "epoch": 15}
{"loss": 0.18333235383033752, "acc": 0.923321545124054, "length": 6.0, "mode": "test", "epoch": 15}
{"loss": 0.18082404136657715, "acc": 0.9236870408058167, "length": 6.0, "mode": "train", "epoch": 16}
{"loss": 0.18373680114746094, "acc": 0.9241397976875305, "length": 6.0, "mode": "test", "epoch": 16}
{"loss": 0.1808834969997406, "acc": 0.9237323999404907, "length": 6.0, "mode": "train", "epoch": 17}
{"loss": 0.18437519669532776, "acc": 0.9228953123092651, "length": 6.0, "mode": "test", "epoch": 17}
{"loss": 0.1806265264749527, "acc": 0.9237604141235352, "length": 6.0, "mode": "train", "epoch": 18}
{"loss": 0.18192696571350098, "acc": 0.92300945520401, "length": 6.0, "mode": "test", "epoch": 18}
{"loss": 0.18138359487056732, "acc": 0.9236164093017578, "length": 6.0, "mode": "train", "epoch": 19}
{"loss": 0.18825627863407135, "acc": 0.9221070408821106, "length": 6.0, "mode": "test", "epoch": 19}
{"loss": 0.1856529861688614, "acc": 0.9215046167373657, "length": 6.0, "mode": "train", "epoch": 20}
{"loss": 0.18471185863018036, "acc": 0.9241676926612854, "length": 6.0, "mode": "test", "epoch": 20}
{"loss": 0.18188603222370148, "acc": 0.9234822988510132, "length": 6.0, "mode": "train", "epoch": 21}
{"loss": 0.17971467971801758, "acc": 0.9241837859153748, "length": 6.0, "mode": "test", "epoch": 21}
{"loss": 0.18061578273773193, "acc": 0.9240604639053345, "length": 6.0, "mode": "train", "epoch": 22}
{"loss": 0.18370898067951202, "acc": 0.9242417216300964, "length": 6.0, "mode": "test", "epoch": 22}
{"loss": 0.18379248678684235, "acc": 0.9234896898269653, "length": 6.0, "mode": "train", "epoch": 23}
{"loss": 0.18302159011363983, "acc": 0.9235256314277649, "length": 6.0, "mode": "test", "epoch": 23}
{"loss": 0.1873253434896469, "acc": 0.9218592643737793, "length": 6.0, "mode": "train", "epoch": 24}
{"loss": 0.1952829211950302, "acc": 0.9189579486846924, "length": 6.0, "mode": "test", "epoch": 24}
{"loss": 0.1861182302236557, "acc": 0.9221540093421936, "length": 6.0, "mode": "train", "epoch": 25}
{"loss": 0.18348239362239838, "acc": 0.924119770526886, "length": 6.0, "mode": "test", "epoch": 25}
{"loss": 0.18868400156497955, "acc": 0.9208991527557373, "length": 6.0, "mode": "train", "epoch": 26}
{"loss": 0.18384310603141785, "acc": 0.9235016107559204, "length": 6.0, "mode": "test", "epoch": 26}
{"loss": 0.18754857778549194, "acc": 0.920834481716156, "length": 6.0, "mode": "train", "epoch": 27}
{"loss": 0.1862926185131073, "acc": 0.9220209717750549, "length": 6.0, "mode": "test", "epoch": 27}
{"loss": 0.18993885815143585, "acc": 0.9202096462249756, "length": 6.0, "mode": "train", "epoch": 28}
{"loss": 0.1879601627588272, "acc": 0.9221291542053223, "length": 6.0, "mode": "test", "epoch": 28}
{"loss": 0.19013719260692596, "acc": 0.9198795557022095, "length": 5.999998569488525, "mode": "train", "epoch": 29}
{"loss": 0.22108420729637146, "acc": 0.9028229713439941, "length": 6.0, "mode": "test", "epoch": 29}
{"loss": 0.20851461589336395, "acc": 0.9117065668106079, "length": 5.999999046325684, "mode": "train", "epoch": 30}
{"loss": 0.20603086054325104, "acc": 0.9114497303962708, "length": 6.0, "mode": "test", "epoch": 30}
{"loss": 0.1900792121887207, "acc": 0.9213085174560547, "length": 6.0, "mode": "train", "epoch": 31}
{"loss": 0.19170106947422028, "acc": 0.9221411943435669, "length": 6.0, "mode": "test", "epoch": 31}
{"loss": 0.18743404746055603, "acc": 0.9229016900062561, "length": 6.0, "mode": "train", "epoch": 32}
{"loss": 0.19285424053668976, "acc": 0.9207366108894348, "length": 6.0, "mode": "test", "epoch": 32}
{"loss": 0.18790006637573242, "acc": 0.9221587181091309, "length": 6.0, "mode": "train", "epoch": 33}
{"loss": 0.18973925709724426, "acc": 0.9219530820846558, "length": 6.0, "mode": "test", "epoch": 33}
{"loss": 0.19050361216068268, "acc": 0.9206324219703674, "length": 6.0, "mode": "train", "epoch": 34}
{"loss": 0.2094845175743103, "acc": 0.9121038317680359, "length": 6.0, "mode": "test", "epoch": 34}
{"loss": 0.19549036026000977, "acc": 0.919590950012207, "length": 6.0, "mode": "train", "epoch": 35}
{"loss": 0.1927955448627472, "acc": 0.9203064441680908, "length": 6.0, "mode": "test", "epoch": 35}
{"loss": 0.19609814882278442, "acc": 0.9192687273025513, "length": 6.0, "mode": "train", "epoch": 36}
{"loss": 0.19439490139484406, "acc": 0.9201303720474243, "length": 6.0, "mode": "test", "epoch": 36}
{"loss": 0.19290952384471893, "acc": 0.9204177260398865, "length": 6.0, "mode": "train", "epoch": 37}
{"loss": 0.20191174745559692, "acc": 0.9165632724761963, "length": 6.0, "mode": "test", "epoch": 37}
{"loss": 0.19909493625164032, "acc": 0.9175557494163513, "length": 6.0, "mode": "train", "epoch": 38}
{"loss": 0.1987752467393875, "acc": 0.9183138608932495, "length": 6.0, "mode": "test", "epoch": 38}
{"loss": 0.19299021363258362, "acc": 0.9202849864959717, "length": 6.0, "mode": "train", "epoch": 39}
{"loss": 0.19437140226364136, "acc": 0.9207366108894348, "length": 6.0, "mode": "test", "epoch": 39}
{"loss": 0.19685564935207367, "acc": 0.9185153245925903, "length": 6.0, "mode": "train", "epoch": 40}
{"loss": 0.20529061555862427, "acc": 0.915278971195221, "length": 6.0, "mode": "test", "epoch": 40}
{"loss": 0.20722569525241852, "acc": 0.9141356348991394, "length": 6.0, "mode": "train", "epoch": 41}
{"loss": 0.20086587965488434, "acc": 0.9174536466598511, "length": 6.0, "mode": "test", "epoch": 41}
{"loss": 0.20897553861141205, "acc": 0.9129427671432495, "length": 6.0, "mode": "train", "epoch": 42}
{"loss": 0.20697467029094696, "acc": 0.9157611131668091, "length": 6.0, "mode": "test", "epoch": 42}
{"loss": 0.20889022946357727, "acc": 0.9135894775390625, "length": 6.0, "mode": "train", "epoch": 43}
{"loss": 0.21016131341457367, "acc": 0.9119858741760254, "length": 6.0, "mode": "test", "epoch": 43}
{"loss": 0.19998668134212494, "acc": 0.9171776175498962, "length": 6.0, "mode": "train", "epoch": 44}
{"loss": 0.19965620338916779, "acc": 0.9166771769523621, "length": 6.0, "mode": "test", "epoch": 44}
{"loss": 0.19717243313789368, "acc": 0.9187073707580566, "length": 6.0, "mode": "train", "epoch": 45}
{"loss": 0.20043762028217316, "acc": 0.9176856279373169, "length": 6.0, "mode": "test", "epoch": 45}
{"loss": 0.19864830374717712, "acc": 0.9182331562042236, "length": 6.0, "mode": "train", "epoch": 46}
{"loss": 0.19922421872615814, "acc": 0.9191482067108154, "length": 6.0, "mode": "test", "epoch": 46}
{"loss": 0.2016216665506363, "acc": 0.9173596501350403, "length": 6.0, "mode": "train", "epoch": 47}
{"loss": 0.20543840527534485, "acc": 0.9171996116638184, "length": 6.0, "mode": "test", "epoch": 47}
{"loss": 0.19830335676670074, "acc": 0.9188746809959412, "length": 6.0, "mode": "train", "epoch": 48}
{"loss": 0.20015613734722137, "acc": 0.9185700416564941, "length": 6.0, "mode": "test", "epoch": 48}
{"loss": 0.2062312513589859, "acc": 0.9143911004066467, "length": 6.0, "mode": "train", "epoch": 49}
{"loss": 0.20837710797786713, "acc": 0.9158990383148193, "length": 6.0, "mode": "test", "epoch": 49}
{"loss": 0.2141914665699005, "acc": 0.9112256169319153, "length": 6.0, "mode": "train", "epoch": 50}
{"loss": 0.21457019448280334, "acc": 0.9117056727409363, "length": 6.0, "mode": "test", "epoch": 50}
{"loss": 0.20097316801548004, "acc": 0.9177976846694946, "length": 6.0, "mode": "train", "epoch": 51}
{"loss": 0.20236997306346893, "acc": 0.9168573021888733, "length": 6.0, "mode": "test", "epoch": 51}
{"loss": 0.19810444116592407, "acc": 0.9188993573188782, "length": 6.0, "mode": "train", "epoch": 52}
{"loss": 0.1961585283279419, "acc": 0.9210008382797241, "length": 6.0, "mode": "test", "epoch": 52}
{"loss": 0.1924714595079422, "acc": 0.9205223321914673, "length": 6.0, "mode": "train", "epoch": 53}
{"loss": 0.19835393130779266, "acc": 0.9171094298362732, "length": 6.0, "mode": "test", "epoch": 53}
{"loss": 0.2024899572134018, "acc": 0.9163289070129395, "length": 6.0, "mode": "train", "epoch": 54}
{"loss": 0.2093857228755951, "acc": 0.9135264158248901, "length": 6.0, "mode": "test", "epoch": 54}
{"loss": 0.1997002214193344, "acc": 0.9176676273345947, "length": 6.0, "mode": "train", "epoch": 55}
{"loss": 0.19153502583503723, "acc": 0.9210606813430786, "length": 6.0, "mode": "test", "epoch": 55}
{"loss": 0.19091711938381195, "acc": 0.9212718605995178, "length": 6.0, "mode": "train", "epoch": 56}
{"loss": 0.19335289299488068, "acc": 0.9200403690338135, "length": 6.0, "mode": "test", "epoch": 56}
{"loss": 0.19451485574245453, "acc": 0.9201862812042236, "length": 6.0, "mode": "train", "epoch": 57}
{"loss": 0.19404226541519165, "acc": 0.9216329455375671, "length": 6.0, "mode": "test", "epoch": 57}
{"loss": 0.1903979331254959, "acc": 0.9213578104972839, "length": 6.0, "mode": "train", "epoch": 58}
{"loss": 0.19105257093906403, "acc": 0.921248733997345, "length": 6.0, "mode": "test", "epoch": 58}
{"loss": 0.19560305774211884, "acc": 0.9192874431610107, "length": 6.0, "mode": "train", "epoch": 59}
{"loss": 0.1992892473936081, "acc": 0.9183558225631714, "length": 6.0, "mode": "test", "epoch": 59}
{"loss": 0.19571863114833832, "acc": 0.9188207983970642, "length": 6.0, "mode": "train", "epoch": 60}
{"loss": 0.20303502678871155, "acc": 0.9150108695030212, "length": 6.0, "mode": "test", "epoch": 60}
test accuracy: 0.912945568561554
