# ["--attributes=5", "--values=4", "--game_size=10", "--vocab_size_factor=3", "--n_epochs=60", "--batch_size=32", "--learning_rate=0.001", "--hidden_size=128", "--temp_update=0.99", "--temperature=1"]
Creating train_ds and val_ds...

Creating test_ds...
{"loss": 0.46131187677383423, "acc": 0.7677266001701355, "length": 5.438727378845215, "mode": "train", "epoch": 1}
{"loss": 0.3988524079322815, "acc": 0.8103473782539368, "length": 6.0, "mode": "test", "epoch": 1}
{"loss": 0.3871404230594635, "acc": 0.8181036114692688, "length": 5.9998250007629395, "mode": "train", "epoch": 2}
{"loss": 0.3656885623931885, "acc": 0.83735191822052, "length": 6.0, "mode": "test", "epoch": 2}
{"loss": 0.357607364654541, "acc": 0.8397068381309509, "length": 5.999877452850342, "mode": "train", "epoch": 3}
{"loss": 0.32433071732521057, "acc": 0.8593130111694336, "length": 6.0, "mode": "test", "epoch": 3}
{"loss": 0.3083045184612274, "acc": 0.8644808530807495, "length": 5.999951362609863, "mode": "train", "epoch": 4}
{"loss": 0.30064713954925537, "acc": 0.8672194480895996, "length": 6.0, "mode": "test", "epoch": 4}
{"loss": 0.2987775504589081, "acc": 0.8672099709510803, "length": 5.999984264373779, "mode": "train", "epoch": 5}
{"loss": 0.30747145414352417, "acc": 0.8648807406425476, "length": 6.0, "mode": "test", "epoch": 5}
{"loss": 0.29787904024124146, "acc": 0.8666204214096069, "length": 5.999988079071045, "mode": "train", "epoch": 6}
{"loss": 0.29839980602264404, "acc": 0.8672094345092773, "length": 6.0, "mode": "test", "epoch": 6}
{"loss": 0.28939342498779297, "acc": 0.8700293302536011, "length": 5.999993801116943, "mode": "train", "epoch": 7}
{"loss": 0.28811317682266235, "acc": 0.870074450969696, "length": 6.0, "mode": "test", "epoch": 7}
{"loss": 0.2873613238334656, "acc": 0.8707501888275146, "length": 5.999997615814209, "mode": "train", "epoch": 8}
{"loss": 0.3013143241405487, "acc": 0.8658510446548462, "length": 6.0, "mode": "test", "epoch": 8}
{"loss": 0.2850457429885864, "acc": 0.8718220591545105, "length": 5.999999523162842, "mode": "train", "epoch": 9}
{"loss": 0.288453608751297, "acc": 0.86961430311203, "length": 6.0, "mode": "test", "epoch": 9}
{"loss": 0.2801224887371063, "acc": 0.874221682548523, "length": 6.0, "mode": "train", "epoch": 10}
{"loss": 0.26905620098114014, "acc": 0.8831466436386108, "length": 6.0, "mode": "test", "epoch": 10}
{"loss": 0.25880300998687744, "acc": 0.8871654272079468, "length": 5.999999523162842, "mode": "train", "epoch": 11}
{"loss": 0.262269526720047, "acc": 0.8857153654098511, "length": 6.0, "mode": "test", "epoch": 11}
{"loss": 0.256085067987442, "acc": 0.8879068493843079, "length": 6.0, "mode": "train", "epoch": 12}
{"loss": 0.26912733912467957, "acc": 0.8822603821754456, "length": 6.0, "mode": "test", "epoch": 12}
{"loss": 0.2549905776977539, "acc": 0.8877890110015869, "length": 6.0, "mode": "train", "epoch": 13}
{"loss": 0.2615415155887604, "acc": 0.8850293159484863, "length": 6.0, "mode": "test", "epoch": 13}
{"loss": 0.25241389870643616, "acc": 0.8890306353569031, "length": 6.0, "mode": "train", "epoch": 14}
{"loss": 0.25884002447128296, "acc": 0.8850471377372742, "length": 6.0, "mode": "test", "epoch": 14}
{"loss": 0.2503030598163605, "acc": 0.8893057107925415, "length": 6.0, "mode": "train", "epoch": 15}
{"loss": 0.2698685824871063, "acc": 0.8784230351448059, "length": 6.0, "mode": "test", "epoch": 15}
{"loss": 0.24589599668979645, "acc": 0.8913307785987854, "length": 5.999999523162842, "mode": "train", "epoch": 16}
{"loss": 0.24651989340782166, "acc": 0.8918034434318542, "length": 6.0, "mode": "test", "epoch": 16}
{"loss": 0.24037809669971466, "acc": 0.8953096270561218, "length": 6.0, "mode": "train", "epoch": 17}
{"loss": 0.245940700173378, "acc": 0.8927397131919861, "length": 6.0, "mode": "test", "epoch": 17}
{"loss": 0.23580405116081238, "acc": 0.8980814218521118, "length": 5.999998569488525, "mode": "train", "epoch": 18}
{"loss": 0.23767094314098358, "acc": 0.8983815312385559, "length": 6.0, "mode": "test", "epoch": 18}
{"loss": 0.23391349613666534, "acc": 0.9004776477813721, "length": 5.999999046325684, "mode": "train", "epoch": 19}
{"loss": 0.23823608458042145, "acc": 0.897865355014801, "length": 6.0, "mode": "test", "epoch": 19}
{"loss": 0.23208223283290863, "acc": 0.900925874710083, "length": 5.999999046325684, "mode": "train", "epoch": 20}
{"loss": 0.2352767437696457, "acc": 0.9003701210021973, "length": 6.0, "mode": "test", "epoch": 20}
{"loss": 0.22526146471500397, "acc": 0.9043072462081909, "length": 6.0, "mode": "train", "epoch": 21}
{"loss": 0.22561131417751312, "acc": 0.905285656452179, "length": 6.0, "mode": "test", "epoch": 21}
{"loss": 0.2294187992811203, "acc": 0.9025506377220154, "length": 6.0, "mode": "train", "epoch": 22}
{"loss": 0.22843189537525177, "acc": 0.9043654799461365, "length": 6.0, "mode": "test", "epoch": 22}
{"loss": 0.2284531146287918, "acc": 0.9039189219474792, "length": 6.0, "mode": "train", "epoch": 23}
{"loss": 0.22525207698345184, "acc": 0.9062260985374451, "length": 6.0, "mode": "test", "epoch": 23}
{"loss": 0.22293725609779358, "acc": 0.907306969165802, "length": 6.0, "mode": "train", "epoch": 24}
{"loss": 0.23336000740528107, "acc": 0.9040273427963257, "length": 6.0, "mode": "test", "epoch": 24}
{"loss": 0.2195843905210495, "acc": 0.9088683724403381, "length": 6.0, "mode": "train", "epoch": 25}
{"loss": 0.2428703010082245, "acc": 0.8993977904319763, "length": 6.0, "mode": "test", "epoch": 25}
{"loss": 0.22155308723449707, "acc": 0.9083015322685242, "length": 6.0, "mode": "train", "epoch": 26}
{"loss": 0.2328570932149887, "acc": 0.9062880873680115, "length": 6.0, "mode": "test", "epoch": 26}
{"loss": 0.22291019558906555, "acc": 0.9085353016853333, "length": 6.0, "mode": "train", "epoch": 27}
{"loss": 0.2275802344083786, "acc": 0.9060779809951782, "length": 6.0, "mode": "test", "epoch": 27}
{"loss": 0.2209576815366745, "acc": 0.9094512462615967, "length": 6.0, "mode": "train", "epoch": 28}
{"loss": 0.22483377158641815, "acc": 0.9072263836860657, "length": 6.0, "mode": "test", "epoch": 28}
{"loss": 0.21764136850833893, "acc": 0.9116461873054504, "length": 6.0, "mode": "train", "epoch": 29}
{"loss": 0.2251414656639099, "acc": 0.9092008471488953, "length": 6.0, "mode": "test", "epoch": 29}
{"loss": 0.2137337177991867, "acc": 0.9140881896018982, "length": 6.0, "mode": "train", "epoch": 30}
{"loss": 0.22954823076725006, "acc": 0.9077163934707642, "length": 6.0, "mode": "test", "epoch": 30}
{"loss": 0.22039446234703064, "acc": 0.9109460711479187, "length": 6.0, "mode": "train", "epoch": 31}
{"loss": 0.23217058181762695, "acc": 0.9051255583763123, "length": 6.0, "mode": "test", "epoch": 31}
{"loss": 0.22171072661876678, "acc": 0.9104503393173218, "length": 6.0, "mode": "train", "epoch": 32}
{"loss": 0.22378531098365784, "acc": 0.9099312424659729, "length": 6.0, "mode": "test", "epoch": 32}
{"loss": 0.21602763235569, "acc": 0.9125954508781433, "length": 6.0, "mode": "train", "epoch": 33}
{"loss": 0.21734341979026794, "acc": 0.9121799468994141, "length": 6.0, "mode": "test", "epoch": 33}
{"loss": 0.21466268599033356, "acc": 0.9129990935325623, "length": 6.0, "mode": "train", "epoch": 34}
{"loss": 0.21878278255462646, "acc": 0.9115457534790039, "length": 6.0, "mode": "test", "epoch": 34}
{"loss": 0.2162342071533203, "acc": 0.9124181866645813, "length": 6.0, "mode": "train", "epoch": 35}
{"loss": 0.2291322946548462, "acc": 0.9076966643333435, "length": 6.0, "mode": "test", "epoch": 35}
{"loss": 0.21803557872772217, "acc": 0.9118101000785828, "length": 6.0, "mode": "train", "epoch": 36}
{"loss": 0.22663289308547974, "acc": 0.9072683453559875, "length": 6.0, "mode": "test", "epoch": 36}
{"loss": 0.22973743081092834, "acc": 0.9062723517417908, "length": 6.0, "mode": "train", "epoch": 37}
{"loss": 0.2625189423561096, "acc": 0.8903210163116455, "length": 6.0, "mode": "test", "epoch": 37}
{"loss": 0.24209964275360107, "acc": 0.9008634090423584, "length": 6.0, "mode": "train", "epoch": 38}
{"loss": 0.23248672485351562, "acc": 0.9047595262527466, "length": 6.0, "mode": "test", "epoch": 38}
{"loss": 0.2267409712076187, "acc": 0.907282292842865, "length": 6.0, "mode": "train", "epoch": 39}
{"loss": 0.2289137840270996, "acc": 0.907264232635498, "length": 6.0, "mode": "test", "epoch": 39}
{"loss": 0.21824072301387787, "acc": 0.9120897650718689, "length": 6.0, "mode": "train", "epoch": 40}
{"loss": 0.22466857731342316, "acc": 0.9100950360298157, "length": 6.0, "mode": "test", "epoch": 40}
{"loss": 0.21616359055042267, "acc": 0.9130837917327881, "length": 6.0, "mode": "train", "epoch": 41}
{"loss": 0.2330576330423355, "acc": 0.9048295617103577, "length": 6.0, "mode": "test", "epoch": 41}
{"loss": 0.22765223681926727, "acc": 0.9078606367111206, "length": 6.0, "mode": "train", "epoch": 42}
{"loss": 0.23386351764202118, "acc": 0.9057398438453674, "length": 6.0, "mode": "test", "epoch": 42}
{"loss": 0.2249794900417328, "acc": 0.9084373712539673, "length": 6.0, "mode": "train", "epoch": 43}
{"loss": 0.23604053258895874, "acc": 0.9026868939399719, "length": 6.0, "mode": "test", "epoch": 43}
{"loss": 0.2234344184398651, "acc": 0.909250020980835, "length": 6.0, "mode": "train", "epoch": 44}
{"loss": 0.2315383404493332, "acc": 0.9050776958465576, "length": 6.0, "mode": "test", "epoch": 44}
{"loss": 0.22436746954917908, "acc": 0.9094725847244263, "length": 6.0, "mode": "train", "epoch": 45}
{"loss": 0.22447732090950012, "acc": 0.909561038017273, "length": 6.0, "mode": "test", "epoch": 45}
{"loss": 0.22036311030387878, "acc": 0.910236656665802, "length": 6.0, "mode": "train", "epoch": 46}
{"loss": 0.22903423011302948, "acc": 0.9073003530502319, "length": 6.0, "mode": "test", "epoch": 46}
{"loss": 0.23217320442199707, "acc": 0.9057247638702393, "length": 6.0, "mode": "train", "epoch": 47}
{"loss": 0.23658210039138794, "acc": 0.904143214225769, "length": 6.0, "mode": "test", "epoch": 47}
{"loss": 0.22839327156543732, "acc": 0.9074255228042603, "length": 6.0, "mode": "train", "epoch": 48}
{"loss": 0.23354355990886688, "acc": 0.9051396250724792, "length": 6.0, "mode": "test", "epoch": 48}
{"loss": 0.2340589016675949, "acc": 0.9049728512763977, "length": 6.0, "mode": "train", "epoch": 49}
{"loss": 0.23470942676067352, "acc": 0.9053377509117126, "length": 6.0, "mode": "test", "epoch": 49}
{"loss": 0.2317826747894287, "acc": 0.9056389927864075, "length": 6.0, "mode": "train", "epoch": 50}
{"loss": 0.25146177411079407, "acc": 0.8962687849998474, "length": 6.0, "mode": "test", "epoch": 50}
{"loss": 0.2467283308506012, "acc": 0.8984299302101135, "length": 6.0, "mode": "train", "epoch": 51}
{"loss": 0.24992570281028748, "acc": 0.8976611495018005, "length": 6.0, "mode": "test", "epoch": 51}
{"loss": 0.24301031231880188, "acc": 0.9006260633468628, "length": 6.0, "mode": "train", "epoch": 52}
{"loss": 0.24416247010231018, "acc": 0.9002761244773865, "length": 6.0, "mode": "test", "epoch": 52}
{"loss": 0.23838113248348236, "acc": 0.9022576212882996, "length": 6.0, "mode": "train", "epoch": 53}
{"loss": 0.25881922245025635, "acc": 0.8944042325019836, "length": 6.0, "mode": "test", "epoch": 53}
{"loss": 0.2507670223712921, "acc": 0.8974553346633911, "length": 6.0, "mode": "train", "epoch": 54}
{"loss": 0.2631624639034271, "acc": 0.8906210660934448, "length": 6.0, "mode": "test", "epoch": 54}
{"loss": 0.2504631578922272, "acc": 0.8974306583404541, "length": 6.0, "mode": "train", "epoch": 55}
{"loss": 0.26176217198371887, "acc": 0.8923736214637756, "length": 6.0, "mode": "test", "epoch": 55}
{"loss": 0.24440662562847137, "acc": 0.8994651436805725, "length": 6.0, "mode": "train", "epoch": 56}
{"loss": 0.2523845434188843, "acc": 0.8958165645599365, "length": 6.0, "mode": "test", "epoch": 56}
{"loss": 0.24762655794620514, "acc": 0.8980927467346191, "length": 5.999995708465576, "mode": "train", "epoch": 57}
{"loss": 0.26297101378440857, "acc": 0.8915314078330994, "length": 6.0, "mode": "test", "epoch": 57}
{"loss": 0.2539703845977783, "acc": 0.8953708410263062, "length": 6.0, "mode": "train", "epoch": 58}
{"loss": 0.25929516553878784, "acc": 0.8935120105743408, "length": 6.0, "mode": "test", "epoch": 58}
{"loss": 0.24895977973937988, "acc": 0.8975759148597717, "length": 6.0, "mode": "train", "epoch": 59}
{"loss": 0.2702936828136444, "acc": 0.8863595724105835, "length": 6.0, "mode": "test", "epoch": 59}
{"loss": 0.2559325098991394, "acc": 0.8939267992973328, "length": 6.0, "mode": "train", "epoch": 60}
{"loss": 0.2647971212863922, "acc": 0.8916653394699097, "length": 6.0, "mode": "test", "epoch": 60}
test accuracy: 0.8897051215171814
