# ["--attributes=5", "--values=4", "--game_size=10", "--vocab_size_factor=3", "--n_epochs=60", "--batch_size=32", "--learning_rate=0.001", "--hidden_size=128", "--temp_update=0.99", "--temperature=1.5"]
Creating train_ds and val_ds...

Creating test_ds...
{"loss": 0.39408546686172485, "acc": 0.8126314282417297, "length": 5.846951007843018, "mode": "train", "epoch": 1}
{"loss": 0.31347769498825073, "acc": 0.8617735505104065, "length": 6.0, "mode": "test", "epoch": 1}
{"loss": 0.289459228515625, "acc": 0.8729923963546753, "length": 5.9995317459106445, "mode": "train", "epoch": 2}
{"loss": 0.2786043882369995, "acc": 0.8775539398193359, "length": 6.0, "mode": "test", "epoch": 2}
{"loss": 0.2512280344963074, "acc": 0.8925915360450745, "length": 5.999866485595703, "mode": "train", "epoch": 3}
{"loss": 0.24184665083885193, "acc": 0.8971158266067505, "length": 6.0, "mode": "test", "epoch": 3}
{"loss": 0.24224422872066498, "acc": 0.8951446413993835, "length": 5.999950408935547, "mode": "train", "epoch": 4}
{"loss": 0.2365185171365738, "acc": 0.9005095362663269, "length": 6.0, "mode": "test", "epoch": 4}
{"loss": 0.2257540076971054, "acc": 0.9029922485351562, "length": 5.999975204467773, "mode": "train", "epoch": 5}
{"loss": 0.23117639124393463, "acc": 0.9016859531402588, "length": 6.0, "mode": "test", "epoch": 5}
{"loss": 0.21024517714977264, "acc": 0.9114988446235657, "length": 5.99998140335083, "mode": "train", "epoch": 6}
{"loss": 0.2225884050130844, "acc": 0.9089550375938416, "length": 6.0, "mode": "test", "epoch": 6}
{"loss": 0.1977081596851349, "acc": 0.917627215385437, "length": 5.99998664855957, "mode": "train", "epoch": 7}
{"loss": 0.2050582617521286, "acc": 0.9143669605255127, "length": 6.0, "mode": "test", "epoch": 7}
{"loss": 0.19771349430084229, "acc": 0.9184580445289612, "length": 5.999992370605469, "mode": "train", "epoch": 8}
{"loss": 0.19855600595474243, "acc": 0.9189351797103882, "length": 6.0, "mode": "test", "epoch": 8}
{"loss": 0.1900448501110077, "acc": 0.9221086502075195, "length": 5.999995231628418, "mode": "train", "epoch": 9}
{"loss": 0.2045043408870697, "acc": 0.9189928770065308, "length": 6.0, "mode": "test", "epoch": 9}
{"loss": 0.1844913214445114, "acc": 0.9250320792198181, "length": 5.999997615814209, "mode": "train", "epoch": 10}
{"loss": 0.19009986519813538, "acc": 0.9216480255126953, "length": 6.0, "mode": "test", "epoch": 10}
{"loss": 0.18375225365161896, "acc": 0.9255515933036804, "length": 5.999999046325684, "mode": "train", "epoch": 11}
{"loss": 0.18848103284835815, "acc": 0.9235132336616516, "length": 6.0, "mode": "test", "epoch": 11}
{"loss": 0.17948246002197266, "acc": 0.9271653294563293, "length": 5.999999046325684, "mode": "train", "epoch": 12}
{"loss": 0.18452250957489014, "acc": 0.9263415932655334, "length": 6.0, "mode": "test", "epoch": 12}
{"loss": 0.17851382493972778, "acc": 0.9282394051551819, "length": 6.0, "mode": "train", "epoch": 13}
{"loss": 0.18203939497470856, "acc": 0.9276154637336731, "length": 6.0, "mode": "test", "epoch": 13}
{"loss": 0.1774894744157791, "acc": 0.928678035736084, "length": 6.0, "mode": "train", "epoch": 14}
{"loss": 0.18323099613189697, "acc": 0.9252766966819763, "length": 6.0, "mode": "test", "epoch": 14}
{"loss": 0.1746271401643753, "acc": 0.9300276637077332, "length": 6.0, "mode": "train", "epoch": 15}
{"loss": 0.187150239944458, "acc": 0.9261027574539185, "length": 6.0, "mode": "test", "epoch": 15}
{"loss": 0.17644889652729034, "acc": 0.929892897605896, "length": 6.0, "mode": "train", "epoch": 16}
{"loss": 0.18151617050170898, "acc": 0.9286604523658752, "length": 6.0, "mode": "test", "epoch": 16}
{"loss": 0.17248211801052094, "acc": 0.9313220977783203, "length": 6.0, "mode": "train", "epoch": 17}
{"loss": 0.178145170211792, "acc": 0.9288434982299805, "length": 6.0, "mode": "test", "epoch": 17}
{"loss": 0.17359904944896698, "acc": 0.9307315945625305, "length": 6.0, "mode": "train", "epoch": 18}
{"loss": 0.1896224468946457, "acc": 0.9253801107406616, "length": 6.0, "mode": "test", "epoch": 18}
{"loss": 0.1750345677137375, "acc": 0.9302897453308105, "length": 6.0, "mode": "train", "epoch": 19}
{"loss": 0.1827061027288437, "acc": 0.9275377988815308, "length": 6.0, "mode": "test", "epoch": 19}
{"loss": 0.1727944016456604, "acc": 0.9310998320579529, "length": 6.0, "mode": "train", "epoch": 20}
{"loss": 0.18291468918323517, "acc": 0.9284415245056152, "length": 6.0, "mode": "test", "epoch": 20}
{"loss": 0.1722303181886673, "acc": 0.9307389259338379, "length": 6.0, "mode": "train", "epoch": 21}
{"loss": 0.1728503555059433, "acc": 0.93049556016922, "length": 6.0, "mode": "test", "epoch": 21}
{"loss": 0.16849738359451294, "acc": 0.9329509139060974, "length": 6.0, "mode": "train", "epoch": 22}
{"loss": 0.17105142772197723, "acc": 0.9338555335998535, "length": 6.0, "mode": "test", "epoch": 22}
{"loss": 0.16573502123355865, "acc": 0.9343681335449219, "length": 6.0, "mode": "train", "epoch": 23}
{"loss": 0.17296075820922852, "acc": 0.9297212362289429, "length": 6.0, "mode": "test", "epoch": 23}
{"loss": 0.16238704323768616, "acc": 0.9355564713478088, "length": 6.0, "mode": "train", "epoch": 24}
{"loss": 0.1718382090330124, "acc": 0.9300875067710876, "length": 6.0, "mode": "test", "epoch": 24}
{"loss": 0.15749642252922058, "acc": 0.9378753900527954, "length": 6.0, "mode": "train", "epoch": 25}
{"loss": 0.1618650257587433, "acc": 0.9358717203140259, "length": 6.0, "mode": "test", "epoch": 25}
{"loss": 0.1583842784166336, "acc": 0.9378654360771179, "length": 6.0, "mode": "train", "epoch": 26}
{"loss": 0.1554332673549652, "acc": 0.9391899108886719, "length": 6.0, "mode": "test", "epoch": 26}
{"loss": 0.15696123242378235, "acc": 0.9379370808601379, "length": 6.0, "mode": "train", "epoch": 27}
{"loss": 0.1622595191001892, "acc": 0.9366998076438904, "length": 6.0, "mode": "test", "epoch": 27}
{"loss": 0.15587563812732697, "acc": 0.9388082027435303, "length": 6.0, "mode": "train", "epoch": 28}
{"loss": 0.15807555615901947, "acc": 0.9388355612754822, "length": 6.0, "mode": "test", "epoch": 28}
{"loss": 0.15577159821987152, "acc": 0.9389835000038147, "length": 6.0, "mode": "train", "epoch": 29}
{"loss": 0.1569642722606659, "acc": 0.9387479424476624, "length": 6.0, "mode": "test", "epoch": 29}
{"loss": 0.1551351696252823, "acc": 0.9385779500007629, "length": 6.0, "mode": "train", "epoch": 30}
{"loss": 0.163931742310524, "acc": 0.935772180557251, "length": 6.0, "mode": "test", "epoch": 30}
{"loss": 0.15468455851078033, "acc": 0.9389541745185852, "length": 6.0, "mode": "train", "epoch": 31}
{"loss": 0.15927258133888245, "acc": 0.9376133680343628, "length": 6.0, "mode": "test", "epoch": 31}
{"loss": 0.15390700101852417, "acc": 0.9394797682762146, "length": 6.0, "mode": "train", "epoch": 32}
{"loss": 0.16837692260742188, "acc": 0.9324859976768494, "length": 6.0, "mode": "test", "epoch": 32}
{"loss": 0.1587136834859848, "acc": 0.937627911567688, "length": 6.0, "mode": "train", "epoch": 33}
{"loss": 0.1683090329170227, "acc": 0.934685468673706, "length": 6.0, "mode": "test", "epoch": 33}
{"loss": 0.15602290630340576, "acc": 0.9394556283950806, "length": 5.999998569488525, "mode": "train", "epoch": 34}
{"loss": 0.15882572531700134, "acc": 0.9393151998519897, "length": 6.0, "mode": "test", "epoch": 34}
{"loss": 0.1522369235754013, "acc": 0.9411152005195618, "length": 6.0, "mode": "train", "epoch": 35}
{"loss": 0.15899254381656647, "acc": 0.9398624897003174, "length": 6.0, "mode": "test", "epoch": 35}
{"loss": 0.15169496834278107, "acc": 0.9419795870780945, "length": 6.0, "mode": "train", "epoch": 36}
{"loss": 0.15626463294029236, "acc": 0.940545380115509, "length": 6.0, "mode": "test", "epoch": 36}
{"loss": 0.15290723741054535, "acc": 0.9415163993835449, "length": 6.0, "mode": "train", "epoch": 37}
{"loss": 0.15644091367721558, "acc": 0.9408817887306213, "length": 6.0, "mode": "test", "epoch": 37}
{"loss": 0.16253657639026642, "acc": 0.9380976557731628, "length": 6.0, "mode": "train", "epoch": 38}
{"loss": 0.17871303856372833, "acc": 0.9330413937568665, "length": 6.0, "mode": "test", "epoch": 38}
{"loss": 0.16216790676116943, "acc": 0.938726007938385, "length": 6.0, "mode": "train", "epoch": 39}
{"loss": 0.16344322264194489, "acc": 0.9395003318786621, "length": 6.0, "mode": "test", "epoch": 39}
{"loss": 0.1537507325410843, "acc": 0.9420766234397888, "length": 6.0, "mode": "train", "epoch": 40}
{"loss": 0.15520690381526947, "acc": 0.9416899085044861, "length": 6.0, "mode": "test", "epoch": 40}
{"loss": 0.15097975730895996, "acc": 0.9435601830482483, "length": 6.0, "mode": "train", "epoch": 41}
{"loss": 0.1526646763086319, "acc": 0.9433538317680359, "length": 6.0, "mode": "test", "epoch": 41}
{"loss": 0.15329258143901825, "acc": 0.9429827928543091, "length": 6.0, "mode": "train", "epoch": 42}
{"loss": 0.15654721856117249, "acc": 0.9425000548362732, "length": 6.0, "mode": "test", "epoch": 42}
{"loss": 0.15022027492523193, "acc": 0.944418728351593, "length": 6.0, "mode": "train", "epoch": 43}
{"loss": 0.1533861607313156, "acc": 0.9438653588294983, "length": 6.0, "mode": "test", "epoch": 43}
{"loss": 0.15001781284809113, "acc": 0.9446887373924255, "length": 6.0, "mode": "train", "epoch": 44}
{"loss": 0.15653328597545624, "acc": 0.9434475302696228, "length": 6.0, "mode": "test", "epoch": 44}
{"loss": 0.15284132957458496, "acc": 0.9435031414031982, "length": 6.0, "mode": "train", "epoch": 45}
{"loss": 0.1619047075510025, "acc": 0.9405592083930969, "length": 6.0, "mode": "test", "epoch": 45}
{"loss": 0.1563752293586731, "acc": 0.9425902366638184, "length": 6.0, "mode": "train", "epoch": 46}
{"loss": 0.1641855686903, "acc": 0.9406010508537292, "length": 6.0, "mode": "test", "epoch": 46}
{"loss": 0.15594546496868134, "acc": 0.9422736167907715, "length": 6.0, "mode": "train", "epoch": 47}
{"loss": 0.17621169984340668, "acc": 0.9348129034042358, "length": 6.0, "mode": "test", "epoch": 47}
{"loss": 0.1549660563468933, "acc": 0.9420375227928162, "length": 6.0, "mode": "train", "epoch": 48}
{"loss": 0.15801000595092773, "acc": 0.9415525197982788, "length": 6.0, "mode": "test", "epoch": 48}
{"loss": 0.15133808553218842, "acc": 0.9441089034080505, "length": 6.0, "mode": "train", "epoch": 49}
{"loss": 0.15762536227703094, "acc": 0.9432087540626526, "length": 6.0, "mode": "test", "epoch": 49}
{"loss": 0.1528393030166626, "acc": 0.9433226585388184, "length": 6.0, "mode": "train", "epoch": 50}
{"loss": 0.15347464382648468, "acc": 0.944478452205658, "length": 6.0, "mode": "test", "epoch": 50}
{"loss": 0.14803355932235718, "acc": 0.945669412612915, "length": 6.0, "mode": "train", "epoch": 51}
{"loss": 0.1573437750339508, "acc": 0.9430572390556335, "length": 6.0, "mode": "test", "epoch": 51}
{"loss": 0.15067842602729797, "acc": 0.9440305233001709, "length": 6.0, "mode": "train", "epoch": 52}
{"loss": 0.1569368839263916, "acc": 0.9430932402610779, "length": 6.0, "mode": "test", "epoch": 52}
{"loss": 0.15123800933361053, "acc": 0.9448009133338928, "length": 6.0, "mode": "train", "epoch": 53}
{"loss": 0.1647576540708542, "acc": 0.9405234456062317, "length": 6.0, "mode": "test", "epoch": 53}
{"loss": 0.14891843497753143, "acc": 0.9455400705337524, "length": 6.0, "mode": "train", "epoch": 54}
{"loss": 0.1553041934967041, "acc": 0.9444546699523926, "length": 6.0, "mode": "test", "epoch": 54}
{"loss": 0.14848238229751587, "acc": 0.9454969167709351, "length": 6.0, "mode": "train", "epoch": 55}
{"loss": 0.1684100329875946, "acc": 0.9394246935844421, "length": 6.0, "mode": "test", "epoch": 55}
{"loss": 0.15166597068309784, "acc": 0.9443084597587585, "length": 6.0, "mode": "train", "epoch": 56}
{"loss": 0.15420164167881012, "acc": 0.9432562589645386, "length": 6.0, "mode": "test", "epoch": 56}
{"loss": 0.14931540191173553, "acc": 0.9440696835517883, "length": 6.0, "mode": "train", "epoch": 57}
{"loss": 0.15603013336658478, "acc": 0.9424103498458862, "length": 6.0, "mode": "test", "epoch": 57}
{"loss": 0.14774996042251587, "acc": 0.9456023573875427, "length": 6.0, "mode": "train", "epoch": 58}
{"loss": 0.1666923314332962, "acc": 0.9381806254386902, "length": 6.0, "mode": "test", "epoch": 58}
{"loss": 0.1482667773962021, "acc": 0.9449421763420105, "length": 6.0, "mode": "train", "epoch": 59}
{"loss": 0.1532750278711319, "acc": 0.9434553384780884, "length": 6.0, "mode": "test", "epoch": 59}
{"loss": 0.15145041048526764, "acc": 0.9433644413948059, "length": 6.0, "mode": "train", "epoch": 60}
{"loss": 0.15330034494400024, "acc": 0.9429974555969238, "length": 6.0, "mode": "test", "epoch": 60}
test accuracy: 0.937921941280365
