# ["--attributes=5", "--values=4", "--game_size=10", "--vocab_size_factor=3", "--n_epochs=60", "--batch_size=64", "--learning_rate=0.0005", "--hidden_size=128", "--temp_update=0.99", "--temperature=2"]
Creating train_ds and val_ds...

Creating test_ds...
{"loss": 0.5327997803688049, "acc": 0.7197538614273071, "length": 5.883219242095947, "mode": "train", "epoch": 1}
{"loss": 0.48046785593032837, "acc": 0.7489669322967529, "length": 6.0, "mode": "test", "epoch": 1}
{"loss": 0.38860267400741577, "acc": 0.8162724375724792, "length": 5.998948097229004, "mode": "train", "epoch": 2}
{"loss": 0.37575197219848633, "acc": 0.822920024394989, "length": 6.0, "mode": "test", "epoch": 2}
{"loss": 0.33513155579566956, "acc": 0.8465715050697327, "length": 5.999824523925781, "mode": "train", "epoch": 3}
{"loss": 0.3302461504936218, "acc": 0.8488830924034119, "length": 6.0, "mode": "test", "epoch": 3}
{"loss": 0.29720842838287354, "acc": 0.8698773384094238, "length": 5.999912738800049, "mode": "train", "epoch": 4}
{"loss": 0.2940637767314911, "acc": 0.8719049096107483, "length": 6.0, "mode": "test", "epoch": 4}
{"loss": 0.27324751019477844, "acc": 0.8824317455291748, "length": 5.9999518394470215, "mode": "train", "epoch": 5}
{"loss": 0.28525301814079285, "acc": 0.8749082088470459, "length": 6.0, "mode": "test", "epoch": 5}
{"loss": 0.25803887844085693, "acc": 0.8892262578010559, "length": 5.999985218048096, "mode": "train", "epoch": 6}
{"loss": 0.27420860528945923, "acc": 0.8794916272163391, "length": 6.0, "mode": "test", "epoch": 6}
{"loss": 0.2503417432308197, "acc": 0.8924208283424377, "length": 5.999994277954102, "mode": "train", "epoch": 7}
{"loss": 0.260542631149292, "acc": 0.8879795074462891, "length": 6.0, "mode": "test", "epoch": 7}
{"loss": 0.24128708243370056, "acc": 0.8957374095916748, "length": 5.999998569488525, "mode": "train", "epoch": 8}
{"loss": 0.2614598572254181, "acc": 0.8809882998466492, "length": 6.0, "mode": "test", "epoch": 8}
{"loss": 0.23744088411331177, "acc": 0.8968871831893921, "length": 5.999999046325684, "mode": "train", "epoch": 9}
{"loss": 0.26295724511146545, "acc": 0.8791421055793762, "length": 6.0, "mode": "test", "epoch": 9}
{"loss": 0.23351894319057465, "acc": 0.8980141282081604, "length": 6.0, "mode": "train", "epoch": 10}
{"loss": 0.24186068773269653, "acc": 0.8960778117179871, "length": 6.0, "mode": "test", "epoch": 10}
{"loss": 0.2320379912853241, "acc": 0.8982269763946533, "length": 6.0, "mode": "train", "epoch": 11}
{"loss": 0.2426183521747589, "acc": 0.8917298913002014, "length": 6.0, "mode": "test", "epoch": 11}
{"loss": 0.2348887026309967, "acc": 0.896221935749054, "length": 6.0, "mode": "train", "epoch": 12}
{"loss": 0.25784173607826233, "acc": 0.8879356384277344, "length": 6.0, "mode": "test", "epoch": 12}
{"loss": 0.2379142791032791, "acc": 0.8958505988121033, "length": 6.0, "mode": "train", "epoch": 13}
{"loss": 0.24305519461631775, "acc": 0.8945432901382446, "length": 6.0, "mode": "test", "epoch": 13}
{"loss": 0.23067088425159454, "acc": 0.8985465168952942, "length": 6.0, "mode": "train", "epoch": 14}
{"loss": 0.23620790243148804, "acc": 0.8930925726890564, "length": 6.0, "mode": "test", "epoch": 14}
{"loss": 0.23034235835075378, "acc": 0.8983029127120972, "length": 6.0, "mode": "train", "epoch": 15}
{"loss": 0.23784008622169495, "acc": 0.8943954706192017, "length": 6.0, "mode": "test", "epoch": 15}
{"loss": 0.2311473786830902, "acc": 0.8979083895683289, "length": 6.0, "mode": "train", "epoch": 16}
{"loss": 0.23405735194683075, "acc": 0.8977242708206177, "length": 6.0, "mode": "test", "epoch": 16}
{"loss": 0.22741545736789703, "acc": 0.8994810581207275, "length": 6.0, "mode": "train", "epoch": 17}
{"loss": 0.24085451662540436, "acc": 0.8918638229370117, "length": 6.0, "mode": "test", "epoch": 17}
{"loss": 0.23026621341705322, "acc": 0.8982629776000977, "length": 6.0, "mode": "train", "epoch": 18}
{"loss": 0.23020638525485992, "acc": 0.8995064496994019, "length": 6.0, "mode": "test", "epoch": 18}
{"loss": 0.22473591566085815, "acc": 0.900371253490448, "length": 6.0, "mode": "train", "epoch": 19}
{"loss": 0.23176071047782898, "acc": 0.8981658220291138, "length": 6.0, "mode": "test", "epoch": 19}
{"loss": 0.23055697977542877, "acc": 0.898185133934021, "length": 6.0, "mode": "train", "epoch": 20}
{"loss": 0.24988257884979248, "acc": 0.889216423034668, "length": 6.0, "mode": "test", "epoch": 20}
{"loss": 0.22696460783481598, "acc": 0.89994215965271, "length": 6.0, "mode": "train", "epoch": 21}
{"loss": 0.23087210953235626, "acc": 0.8989749550819397, "length": 6.0, "mode": "test", "epoch": 21}
{"loss": 0.22641003131866455, "acc": 0.9000126123428345, "length": 6.0, "mode": "train", "epoch": 22}
{"loss": 0.23421528935432434, "acc": 0.8934822082519531, "length": 6.0, "mode": "test", "epoch": 22}
{"loss": 0.2254009246826172, "acc": 0.9001263380050659, "length": 6.0, "mode": "train", "epoch": 23}
{"loss": 0.2295255959033966, "acc": 0.8987672328948975, "length": 6.0, "mode": "test", "epoch": 23}
{"loss": 0.2236725389957428, "acc": 0.9006526470184326, "length": 6.0, "mode": "train", "epoch": 24}
{"loss": 0.23079606890678406, "acc": 0.8978860974311829, "length": 6.0, "mode": "test", "epoch": 24}
{"loss": 0.2254026234149933, "acc": 0.8997571468353271, "length": 6.0, "mode": "train", "epoch": 25}
{"loss": 0.22758013010025024, "acc": 0.899092972278595, "length": 6.0, "mode": "test", "epoch": 25}
{"loss": 0.22812393307685852, "acc": 0.8982204794883728, "length": 6.0, "mode": "train", "epoch": 26}
{"loss": 0.2518768310546875, "acc": 0.8871164321899414, "length": 6.0, "mode": "test", "epoch": 26}
{"loss": 0.23837123811244965, "acc": 0.8949133157730103, "length": 6.0, "mode": "train", "epoch": 27}
{"loss": 0.24358199536800385, "acc": 0.8916459679603577, "length": 6.0, "mode": "test", "epoch": 27}
{"loss": 0.22256211936473846, "acc": 0.9015194773674011, "length": 6.0, "mode": "train", "epoch": 28}
{"loss": 0.22631573677062988, "acc": 0.9014526605606079, "length": 6.0, "mode": "test", "epoch": 28}
{"loss": 0.2217826098203659, "acc": 0.901791512966156, "length": 6.0, "mode": "train", "epoch": 29}
{"loss": 0.22552745044231415, "acc": 0.9003736972808838, "length": 6.0, "mode": "test", "epoch": 29}
{"loss": 0.22117161750793457, "acc": 0.9019572138786316, "length": 6.0, "mode": "train", "epoch": 30}
{"loss": 0.22050055861473083, "acc": 0.9033087491989136, "length": 6.0, "mode": "test", "epoch": 30}
{"loss": 0.20815862715244293, "acc": 0.9105033874511719, "length": 6.0, "mode": "train", "epoch": 31}
{"loss": 0.21102052927017212, "acc": 0.9118646383285522, "length": 6.0, "mode": "test", "epoch": 31}
{"loss": 0.19774091243743896, "acc": 0.9185113310813904, "length": 6.0, "mode": "train", "epoch": 32}
{"loss": 0.20244985818862915, "acc": 0.9184823036193848, "length": 6.0, "mode": "test", "epoch": 32}
{"loss": 0.18713851273059845, "acc": 0.9251607060432434, "length": 6.0, "mode": "train", "epoch": 33}
{"loss": 0.19668594002723694, "acc": 0.9217352271080017, "length": 6.0, "mode": "test", "epoch": 33}
{"loss": 0.18052594363689423, "acc": 0.9287105798721313, "length": 6.0, "mode": "train", "epoch": 34}
{"loss": 0.1901712566614151, "acc": 0.9252399206161499, "length": 6.0, "mode": "test", "epoch": 34}
{"loss": 0.17814268171787262, "acc": 0.930132269859314, "length": 6.0, "mode": "train", "epoch": 35}
{"loss": 0.1897195279598236, "acc": 0.9263606667518616, "length": 6.0, "mode": "test", "epoch": 35}
{"loss": 0.17329759895801544, "acc": 0.9322345852851868, "length": 6.0, "mode": "train", "epoch": 36}
{"loss": 0.18166199326515198, "acc": 0.9298254251480103, "length": 6.0, "mode": "test", "epoch": 36}
{"loss": 0.17052075266838074, "acc": 0.9334006905555725, "length": 6.0, "mode": "train", "epoch": 37}
{"loss": 0.18264952301979065, "acc": 0.9305546879768372, "length": 6.0, "mode": "test", "epoch": 37}
{"loss": 0.17067252099514008, "acc": 0.9337367415428162, "length": 6.0, "mode": "train", "epoch": 38}
{"loss": 0.1773962825536728, "acc": 0.9322469830513, "length": 6.0, "mode": "test", "epoch": 38}
{"loss": 0.16916368901729584, "acc": 0.9347092509269714, "length": 6.0, "mode": "train", "epoch": 39}
{"loss": 0.1871279776096344, "acc": 0.9265824556350708, "length": 6.0, "mode": "test", "epoch": 39}
{"loss": 0.16559863090515137, "acc": 0.9365494847297668, "length": 6.0, "mode": "train", "epoch": 40}
{"loss": 0.1721329540014267, "acc": 0.9353401064872742, "length": 6.0, "mode": "test", "epoch": 40}
{"loss": 0.1620771437883377, "acc": 0.9380537271499634, "length": 6.0, "mode": "train", "epoch": 41}
{"loss": 0.17288200557231903, "acc": 0.9340652227401733, "length": 6.0, "mode": "test", "epoch": 41}
{"loss": 0.16272428631782532, "acc": 0.9382166266441345, "length": 6.0, "mode": "train", "epoch": 42}
{"loss": 0.18073013424873352, "acc": 0.9294257760047913, "length": 6.0, "mode": "test", "epoch": 42}
{"loss": 0.159149169921875, "acc": 0.9397467374801636, "length": 6.0, "mode": "train", "epoch": 43}
{"loss": 0.16664999723434448, "acc": 0.9377017021179199, "length": 6.0, "mode": "test", "epoch": 43}
{"loss": 0.15592911839485168, "acc": 0.9410195350646973, "length": 6.0, "mode": "train", "epoch": 44}
{"loss": 0.16624890267848969, "acc": 0.9376959204673767, "length": 6.0, "mode": "test", "epoch": 44}
{"loss": 0.15833936631679535, "acc": 0.9398818016052246, "length": 6.0, "mode": "train", "epoch": 45}
{"loss": 0.16547726094722748, "acc": 0.9377956390380859, "length": 6.0, "mode": "test", "epoch": 45}
{"loss": 0.15647032856941223, "acc": 0.9408692121505737, "length": 6.0, "mode": "train", "epoch": 46}
{"loss": 0.16735728085041046, "acc": 0.9378695487976074, "length": 6.0, "mode": "test", "epoch": 46}
{"loss": 0.16492672264575958, "acc": 0.9374855756759644, "length": 6.0, "mode": "train", "epoch": 47}
{"loss": 0.16437555849552155, "acc": 0.9388606548309326, "length": 6.0, "mode": "test", "epoch": 47}
{"loss": 0.15330155193805695, "acc": 0.9417625069618225, "length": 6.0, "mode": "train", "epoch": 48}
{"loss": 0.1669398546218872, "acc": 0.9367246627807617, "length": 6.0, "mode": "test", "epoch": 48}
{"loss": 0.1628519594669342, "acc": 0.937768280506134, "length": 6.0, "mode": "train", "epoch": 49}
{"loss": 0.174021378159523, "acc": 0.9336037635803223, "length": 6.0, "mode": "test", "epoch": 49}
{"loss": 0.1555924415588379, "acc": 0.9409902095794678, "length": 6.0, "mode": "train", "epoch": 50}
{"loss": 0.1612948775291443, "acc": 0.9401194453239441, "length": 6.0, "mode": "test", "epoch": 50}
{"loss": 0.16792534291744232, "acc": 0.9351438879966736, "length": 6.0, "mode": "train", "epoch": 51}
{"loss": 0.17822803556919098, "acc": 0.9299592971801758, "length": 6.0, "mode": "test", "epoch": 51}
{"loss": 0.16814279556274414, "acc": 0.9351969957351685, "length": 6.0, "mode": "train", "epoch": 52}
{"loss": 0.17375385761260986, "acc": 0.9342870116233826, "length": 6.0, "mode": "test", "epoch": 52}
{"loss": 0.16371478140354156, "acc": 0.9381143450737, "length": 6.0, "mode": "train", "epoch": 53}
{"loss": 0.17381761968135834, "acc": 0.9328004717826843, "length": 6.0, "mode": "test", "epoch": 53}
{"loss": 0.15993183851242065, "acc": 0.9399862289428711, "length": 6.0, "mode": "train", "epoch": 54}
{"loss": 0.17539289593696594, "acc": 0.932610809803009, "length": 6.0, "mode": "test", "epoch": 54}
{"loss": 0.15604695677757263, "acc": 0.9415982961654663, "length": 6.0, "mode": "train", "epoch": 55}
{"loss": 0.1644231528043747, "acc": 0.939490020275116, "length": 6.0, "mode": "test", "epoch": 55}
{"loss": 0.17494924366474152, "acc": 0.93173748254776, "length": 6.0, "mode": "train", "epoch": 56}
{"loss": 0.18237721920013428, "acc": 0.9296955466270447, "length": 6.0, "mode": "test", "epoch": 56}
{"loss": 0.16859915852546692, "acc": 0.9352615475654602, "length": 6.0, "mode": "train", "epoch": 57}
{"loss": 0.1806168258190155, "acc": 0.9310023188591003, "length": 6.0, "mode": "test", "epoch": 57}
{"loss": 0.16583949327468872, "acc": 0.9373777508735657, "length": 6.0, "mode": "train", "epoch": 58}
{"loss": 0.17317616939544678, "acc": 0.9348225593566895, "length": 6.0, "mode": "test", "epoch": 58}
{"loss": 0.15970417857170105, "acc": 0.9402005076408386, "length": 6.0, "mode": "train", "epoch": 59}
{"loss": 0.16820067167282104, "acc": 0.9388867020606995, "length": 6.0, "mode": "test", "epoch": 59}
{"loss": 0.15471437573432922, "acc": 0.9421823620796204, "length": 6.0, "mode": "train", "epoch": 60}
{"loss": 0.16363251209259033, "acc": 0.9388867020606995, "length": 6.0, "mode": "test", "epoch": 60}
test accuracy: 0.9368030428886414
