# ["--attributes=5", "--values=4", "--game_size=10", "--vocab_size_factor=3", "--n_epochs=60", "--batch_size=64", "--learning_rate=0.0005", "--hidden_size=256", "--temp_update=0.97", "--temperature=1"]
Creating train_ds and val_ds...

Creating test_ds...
{"loss": 0.4643326997756958, "acc": 0.7659187316894531, "length": 5.325053691864014, "mode": "train", "epoch": 1}
{"loss": 0.349372535943985, "acc": 0.8426802158355713, "length": 6.0, "mode": "test", "epoch": 1}
{"loss": 0.30661892890930176, "acc": 0.8643531799316406, "length": 5.999420166015625, "mode": "train", "epoch": 2}
{"loss": 0.2799186706542969, "acc": 0.8808073401451111, "length": 6.0, "mode": "test", "epoch": 2}
{"loss": 0.2562297582626343, "acc": 0.8916676044464111, "length": 5.999960899353027, "mode": "train", "epoch": 3}
{"loss": 0.25577354431152344, "acc": 0.8944850564002991, "length": 6.0, "mode": "test", "epoch": 3}
{"loss": 0.24643488228321075, "acc": 0.8955157399177551, "length": 5.999967098236084, "mode": "train", "epoch": 4}
{"loss": 0.263657808303833, "acc": 0.8875119686126709, "length": 6.0, "mode": "test", "epoch": 4}
{"loss": 0.24723991751670837, "acc": 0.8949486613273621, "length": 5.99998664855957, "mode": "train", "epoch": 5}
{"loss": 0.24362097680568695, "acc": 0.8984937071800232, "length": 6.0, "mode": "test", "epoch": 5}
{"loss": 0.23941078782081604, "acc": 0.8989337682723999, "length": 5.999994277954102, "mode": "train", "epoch": 6}
{"loss": 0.23443305492401123, "acc": 0.9010016322135925, "length": 6.0, "mode": "test", "epoch": 6}
{"loss": 0.23058246076107025, "acc": 0.9017630815505981, "length": 5.999997615814209, "mode": "train", "epoch": 7}
{"loss": 0.23314328491687775, "acc": 0.8995311856269836, "length": 6.0, "mode": "test", "epoch": 7}
{"loss": 0.22880493104457855, "acc": 0.9020559787750244, "length": 5.999996185302734, "mode": "train", "epoch": 8}
{"loss": 0.24055659770965576, "acc": 0.8993250131607056, "length": 6.0, "mode": "test", "epoch": 8}
{"loss": 0.2313372939825058, "acc": 0.9009317755699158, "length": 5.999995708465576, "mode": "train", "epoch": 9}
{"loss": 0.23063018918037415, "acc": 0.9013761281967163, "length": 6.0, "mode": "test", "epoch": 9}
{"loss": 0.22644071280956268, "acc": 0.9034110903739929, "length": 5.999999046325684, "mode": "train", "epoch": 10}
{"loss": 0.23184071481227875, "acc": 0.903469443321228, "length": 6.0, "mode": "test", "epoch": 10}
{"loss": 0.23370884358882904, "acc": 0.8998491168022156, "length": 5.999996185302734, "mode": "train", "epoch": 11}
{"loss": 0.23834563791751862, "acc": 0.8990323543548584, "length": 6.0, "mode": "test", "epoch": 11}
{"loss": 0.2466096580028534, "acc": 0.8918296098709106, "length": 6.0, "mode": "train", "epoch": 12}
{"loss": 0.25020334124565125, "acc": 0.8917468190193176, "length": 6.0, "mode": "test", "epoch": 12}
{"loss": 0.23794083297252655, "acc": 0.896602988243103, "length": 5.999998569488525, "mode": "train", "epoch": 13}
{"loss": 0.2306007593870163, "acc": 0.9027864336967468, "length": 6.0, "mode": "test", "epoch": 13}
{"loss": 0.2229934185743332, "acc": 0.9043377041816711, "length": 6.0, "mode": "train", "epoch": 14}
{"loss": 0.2321883887052536, "acc": 0.9013201594352722, "length": 6.0, "mode": "test", "epoch": 14}
{"loss": 0.2235129028558731, "acc": 0.9039101004600525, "length": 6.0, "mode": "train", "epoch": 15}
{"loss": 0.22979193925857544, "acc": 0.9018248915672302, "length": 6.0, "mode": "test", "epoch": 15}
{"loss": 0.2221662700176239, "acc": 0.9045692086219788, "length": 6.0, "mode": "train", "epoch": 16}
{"loss": 0.21948538720607758, "acc": 0.9060758352279663, "length": 6.0, "mode": "test", "epoch": 16}
{"loss": 0.22658954560756683, "acc": 0.9017878770828247, "length": 6.0, "mode": "train", "epoch": 17}
{"loss": 0.25209474563598633, "acc": 0.8864202499389648, "length": 6.0, "mode": "test", "epoch": 17}
{"loss": 0.2321687489748001, "acc": 0.899093508720398, "length": 6.0, "mode": "train", "epoch": 18}
{"loss": 0.23737142980098724, "acc": 0.8976923823356628, "length": 6.0, "mode": "test", "epoch": 18}
{"loss": 0.22827251255512238, "acc": 0.9014410972595215, "length": 6.0, "mode": "train", "epoch": 19}
{"loss": 0.24832092225551605, "acc": 0.8950100541114807, "length": 6.0, "mode": "test", "epoch": 19}
{"loss": 0.22667300701141357, "acc": 0.9027899503707886, "length": 6.0, "mode": "train", "epoch": 20}
{"loss": 0.22300772368907928, "acc": 0.9042287468910217, "length": 6.0, "mode": "test", "epoch": 20}
{"loss": 0.2232891470193863, "acc": 0.9042462706565857, "length": 6.0, "mode": "train", "epoch": 21}
{"loss": 0.22481966018676758, "acc": 0.9049840569496155, "length": 6.0, "mode": "test", "epoch": 21}
{"loss": 0.21894632279872894, "acc": 0.9057673811912537, "length": 6.0, "mode": "train", "epoch": 22}
{"loss": 0.2189922332763672, "acc": 0.9061799049377441, "length": 6.0, "mode": "test", "epoch": 22}
{"loss": 0.21497546136379242, "acc": 0.9073865413665771, "length": 6.0, "mode": "train", "epoch": 23}
{"loss": 0.2189328372478485, "acc": 0.9065003395080566, "length": 6.0, "mode": "test", "epoch": 23}
{"loss": 0.22538670897483826, "acc": 0.9029200673103333, "length": 6.0, "mode": "train", "epoch": 24}
{"loss": 0.22062604129314423, "acc": 0.9058032035827637, "length": 6.0, "mode": "test", "epoch": 24}
{"loss": 0.2196362316608429, "acc": 0.9056779146194458, "length": 5.999998569488525, "mode": "train", "epoch": 25}
{"loss": 0.22189615666866302, "acc": 0.9054105877876282, "length": 6.0, "mode": "test", "epoch": 25}
{"loss": 0.2120470404624939, "acc": 0.909548819065094, "length": 6.0, "mode": "train", "epoch": 26}
{"loss": 0.2125343233346939, "acc": 0.9101281762123108, "length": 6.0, "mode": "test", "epoch": 26}
{"loss": 0.2163422554731369, "acc": 0.9084013104438782, "length": 6.0, "mode": "train", "epoch": 27}
{"loss": 0.21160854399204254, "acc": 0.9117106795310974, "length": 6.0, "mode": "test", "epoch": 27}
{"loss": 0.20312748849391937, "acc": 0.914958655834198, "length": 6.0, "mode": "train", "epoch": 28}
{"loss": 0.20658522844314575, "acc": 0.9155988693237305, "length": 6.0, "mode": "test", "epoch": 28}
{"loss": 0.20152060687541962, "acc": 0.9166691303253174, "length": 5.999999523162842, "mode": "train", "epoch": 29}
{"loss": 0.2169279307126999, "acc": 0.9099258780479431, "length": 6.0, "mode": "test", "epoch": 29}
{"loss": 0.2135571539402008, "acc": 0.9110151529312134, "length": 5.999999523162842, "mode": "train", "epoch": 30}
{"loss": 0.20800846815109253, "acc": 0.9144431352615356, "length": 6.0, "mode": "test", "epoch": 30}
{"loss": 0.20160749554634094, "acc": 0.9174256324768066, "length": 6.0, "mode": "train", "epoch": 31}
{"loss": 0.20392920076847076, "acc": 0.9173678159713745, "length": 6.0, "mode": "test", "epoch": 31}
{"loss": 0.20149709284305573, "acc": 0.9173555374145508, "length": 6.0, "mode": "train", "epoch": 32}
{"loss": 0.19971908628940582, "acc": 0.9192026853561401, "length": 6.0, "mode": "test", "epoch": 32}
{"loss": 0.20026078820228577, "acc": 0.9181287884712219, "length": 5.999999046325684, "mode": "train", "epoch": 33}
{"loss": 0.19866295158863068, "acc": 0.9189022183418274, "length": 6.0, "mode": "test", "epoch": 33}
{"loss": 0.1964312046766281, "acc": 0.9192909598350525, "length": 6.0, "mode": "train", "epoch": 34}
{"loss": 0.19833360612392426, "acc": 0.9189563989639282, "length": 6.0, "mode": "test", "epoch": 34}
{"loss": 0.20683784782886505, "acc": 0.9146317839622498, "length": 5.999999046325684, "mode": "train", "epoch": 35}
{"loss": 0.2040088027715683, "acc": 0.9169371128082275, "length": 6.0, "mode": "test", "epoch": 35}
{"loss": 0.19703280925750732, "acc": 0.9197572469711304, "length": 5.999999523162842, "mode": "train", "epoch": 36}
{"loss": 0.20032905042171478, "acc": 0.9203144311904907, "length": 6.0, "mode": "test", "epoch": 36}
{"loss": 0.19468599557876587, "acc": 0.9210289716720581, "length": 6.0, "mode": "train", "epoch": 37}
{"loss": 0.19918137788772583, "acc": 0.9191024899482727, "length": 6.0, "mode": "test", "epoch": 37}
{"loss": 0.1967039406299591, "acc": 0.9199160933494568, "length": 6.0, "mode": "train", "epoch": 38}
{"loss": 0.19673460721969604, "acc": 0.9202824234962463, "length": 6.0, "mode": "test", "epoch": 38}
{"loss": 0.189249649643898, "acc": 0.9229361414909363, "length": 6.0, "mode": "train", "epoch": 39}
{"loss": 0.19131538271903992, "acc": 0.9237399101257324, "length": 6.0, "mode": "test", "epoch": 39}
{"loss": 0.19898931682109833, "acc": 0.9199426770210266, "length": 6.0, "mode": "train", "epoch": 40}
{"loss": 0.20413236320018768, "acc": 0.9190424084663391, "length": 6.0, "mode": "test", "epoch": 40}
{"loss": 0.2030600756406784, "acc": 0.9190635085105896, "length": 6.0, "mode": "train", "epoch": 41}
{"loss": 0.21043474972248077, "acc": 0.9163743257522583, "length": 6.0, "mode": "test", "epoch": 41}
{"loss": 0.20545245707035065, "acc": 0.9179120063781738, "length": 6.0, "mode": "train", "epoch": 42}
{"loss": 0.20236054062843323, "acc": 0.9195632338523865, "length": 6.0, "mode": "test", "epoch": 42}
{"loss": 0.1987842321395874, "acc": 0.9203411936759949, "length": 6.0, "mode": "train", "epoch": 43}
{"loss": 0.19621579349040985, "acc": 0.9224520921707153, "length": 6.0, "mode": "test", "epoch": 43}
{"loss": 0.19244590401649475, "acc": 0.9223992228507996, "length": 6.0, "mode": "train", "epoch": 44}
{"loss": 0.1976938098669052, "acc": 0.9206830859184265, "length": 6.0, "mode": "test", "epoch": 44}
{"loss": 0.21108895540237427, "acc": 0.9135147929191589, "length": 6.0, "mode": "train", "epoch": 45}
{"loss": 0.20687828958034515, "acc": 0.9179667830467224, "length": 6.0, "mode": "test", "epoch": 45}
{"loss": 0.20595064759254456, "acc": 0.9173409342765808, "length": 6.0, "mode": "train", "epoch": 46}
{"loss": 0.20235559344291687, "acc": 0.9198856949806213, "length": 6.0, "mode": "test", "epoch": 46}
{"loss": 0.19319650530815125, "acc": 0.922657310962677, "length": 6.0, "mode": "train", "epoch": 47}
{"loss": 0.19194746017456055, "acc": 0.9239001870155334, "length": 6.0, "mode": "test", "epoch": 47}
{"loss": 0.18610529601573944, "acc": 0.9255594611167908, "length": 5.999999523162842, "mode": "train", "epoch": 48}
{"loss": 0.18872886896133423, "acc": 0.9256991744041443, "length": 6.0, "mode": "test", "epoch": 48}
{"loss": 0.18887309730052948, "acc": 0.9247280359268188, "length": 6.0, "mode": "train", "epoch": 49}
{"loss": 0.1913090944290161, "acc": 0.9242768883705139, "length": 6.0, "mode": "test", "epoch": 49}
{"loss": 0.19145140051841736, "acc": 0.9235098958015442, "length": 6.0, "mode": "train", "epoch": 50}
{"loss": 0.19664306938648224, "acc": 0.9222117066383362, "length": 6.0, "mode": "test", "epoch": 50}
{"loss": 0.19228895008563995, "acc": 0.9233058094978333, "length": 5.999999523162842, "mode": "train", "epoch": 51}
{"loss": 0.19420821964740753, "acc": 0.9235137104988098, "length": 6.0, "mode": "test", "epoch": 51}
{"loss": 0.18706747889518738, "acc": 0.9252431988716125, "length": 6.0, "mode": "train", "epoch": 52}
{"loss": 0.18846584856510162, "acc": 0.926342248916626, "length": 6.0, "mode": "test", "epoch": 52}
{"loss": 0.18249911069869995, "acc": 0.9280985593795776, "length": 6.0, "mode": "train", "epoch": 53}
{"loss": 0.1913718581199646, "acc": 0.9249579906463623, "length": 6.0, "mode": "test", "epoch": 53}
{"loss": 0.18596768379211426, "acc": 0.9264547228813171, "length": 6.0, "mode": "train", "epoch": 54}
{"loss": 0.18724210560321808, "acc": 0.925941526889801, "length": 6.0, "mode": "test", "epoch": 54}
{"loss": 0.18325884640216827, "acc": 0.9268162846565247, "length": 6.0, "mode": "train", "epoch": 55}
{"loss": 0.1926780492067337, "acc": 0.924515426158905, "length": 6.0, "mode": "test", "epoch": 55}
{"loss": 0.18457120656967163, "acc": 0.9264273643493652, "length": 6.0, "mode": "train", "epoch": 56}
{"loss": 0.18107880651950836, "acc": 0.9286819696426392, "length": 6.0, "mode": "test", "epoch": 56}
{"loss": 0.1781332790851593, "acc": 0.9298210144042969, "length": 6.0, "mode": "train", "epoch": 57}
{"loss": 0.1800832599401474, "acc": 0.9292067289352417, "length": 6.0, "mode": "test", "epoch": 57}
{"loss": 0.18281084299087524, "acc": 0.9276261329650879, "length": 6.0, "mode": "train", "epoch": 58}
{"loss": 0.19199074804782867, "acc": 0.9236798286437988, "length": 6.0, "mode": "test", "epoch": 58}
{"loss": 0.18933948874473572, "acc": 0.9241443872451782, "length": 6.0, "mode": "train", "epoch": 59}
{"loss": 0.19386158883571625, "acc": 0.923649787902832, "length": 6.0, "mode": "test", "epoch": 59}
{"loss": 0.18987779319286346, "acc": 0.9240082502365112, "length": 6.0, "mode": "train", "epoch": 60}
{"loss": 0.2091580182313919, "acc": 0.9170111417770386, "length": 6.0, "mode": "test", "epoch": 60}
test accuracy: 0.9119904637336731
