# ["--attributes=5", "--values=4", "--game_size=10", "--vocab_size_factor=3", "--n_epochs=60", "--batch_size=64", "--learning_rate=0.0005", "--hidden_size=256", "--temp_update=0.99", "--temperature=1"]
Creating train_ds and val_ds...

Creating test_ds...
{"loss": 0.44044700264930725, "acc": 0.7836111187934875, "length": 5.915350914001465, "mode": "train", "epoch": 1}
{"loss": 0.36842453479766846, "acc": 0.8279408812522888, "length": 6.0, "mode": "test", "epoch": 1}
{"loss": 0.3364099860191345, "acc": 0.8466216325759888, "length": 5.999381065368652, "mode": "train", "epoch": 2}
{"loss": 0.30523982644081116, "acc": 0.8659535646438599, "length": 6.0, "mode": "test", "epoch": 2}
{"loss": 0.2815830111503601, "acc": 0.8788765668869019, "length": 5.999850749969482, "mode": "train", "epoch": 3}
{"loss": 0.26319846510887146, "acc": 0.891710638999939, "length": 6.0, "mode": "test", "epoch": 3}
{"loss": 0.25314638018608093, "acc": 0.8936448693275452, "length": 5.999913215637207, "mode": "train", "epoch": 4}
{"loss": 0.26463279128074646, "acc": 0.8878105878829956, "length": 6.0, "mode": "test", "epoch": 4}
{"loss": 0.23608504235744476, "acc": 0.9017873406410217, "length": 5.9999589920043945, "mode": "train", "epoch": 5}
{"loss": 0.2405034452676773, "acc": 0.8998297452926636, "length": 6.0, "mode": "test", "epoch": 5}
{"loss": 0.22725337743759155, "acc": 0.9064568877220154, "length": 5.999985694885254, "mode": "train", "epoch": 6}
{"loss": 0.22031976282596588, "acc": 0.9099459052085876, "length": 6.0, "mode": "test", "epoch": 6}
{"loss": 0.22215397655963898, "acc": 0.9100301861763, "length": 5.999995708465576, "mode": "train", "epoch": 7}
{"loss": 0.2189977467060089, "acc": 0.9093788862228394, "length": 6.0, "mode": "test", "epoch": 7}
{"loss": 0.212728813290596, "acc": 0.9145210385322571, "length": 5.999993324279785, "mode": "train", "epoch": 8}
{"loss": 0.21556447446346283, "acc": 0.9127242565155029, "length": 6.0, "mode": "test", "epoch": 8}
{"loss": 0.22662131488323212, "acc": 0.9065098762512207, "length": 5.999998569488525, "mode": "train", "epoch": 9}
{"loss": 0.2118840366601944, "acc": 0.9139403700828552, "length": 6.0, "mode": "test", "epoch": 9}
{"loss": 0.21072573959827423, "acc": 0.9144694805145264, "length": 5.999999046325684, "mode": "train", "epoch": 10}
{"loss": 0.20579089224338531, "acc": 0.9164323806762695, "length": 6.0, "mode": "test", "epoch": 10}
{"loss": 0.2060455083847046, "acc": 0.9167745113372803, "length": 6.0, "mode": "train", "epoch": 11}
{"loss": 0.21500232815742493, "acc": 0.9131930470466614, "length": 6.0, "mode": "test", "epoch": 11}
{"loss": 0.2018149048089981, "acc": 0.9194228649139404, "length": 5.999999046325684, "mode": "train", "epoch": 12}
{"loss": 0.1917320340871811, "acc": 0.9232452511787415, "length": 6.0, "mode": "test", "epoch": 12}
{"loss": 0.18881669640541077, "acc": 0.9257754683494568, "length": 6.0, "mode": "train", "epoch": 13}
{"loss": 0.19575557112693787, "acc": 0.9203664660453796, "length": 6.0, "mode": "test", "epoch": 13}
{"loss": 0.18246623873710632, "acc": 0.9288364052772522, "length": 6.0, "mode": "train", "epoch": 14}
{"loss": 0.1925860196352005, "acc": 0.926237940788269, "length": 6.0, "mode": "test", "epoch": 14}
{"loss": 0.17856158316135406, "acc": 0.9308244585990906, "length": 5.999999523162842, "mode": "train", "epoch": 15}
{"loss": 0.17921902239322662, "acc": 0.9292448163032532, "length": 6.0, "mode": "test", "epoch": 15}
{"loss": 0.1746872216463089, "acc": 0.9320959448814392, "length": 6.0, "mode": "train", "epoch": 16}
{"loss": 0.17161010205745697, "acc": 0.9341065287590027, "length": 6.0, "mode": "test", "epoch": 16}
{"loss": 0.17392738163471222, "acc": 0.932624340057373, "length": 6.0, "mode": "train", "epoch": 17}
{"loss": 0.187763512134552, "acc": 0.9275602102279663, "length": 6.0, "mode": "test", "epoch": 17}
{"loss": 0.17288590967655182, "acc": 0.9330887794494629, "length": 6.0, "mode": "train", "epoch": 18}
{"loss": 0.1715286374092102, "acc": 0.9324098825454712, "length": 6.0, "mode": "test", "epoch": 18}
{"loss": 0.1695125848054886, "acc": 0.9345523715019226, "length": 6.0, "mode": "train", "epoch": 19}
{"loss": 0.1756560504436493, "acc": 0.932105302810669, "length": 6.0, "mode": "test", "epoch": 19}
{"loss": 0.1673172563314438, "acc": 0.9356585144996643, "length": 6.0, "mode": "train", "epoch": 20}
{"loss": 0.16403864324092865, "acc": 0.9376501441001892, "length": 6.0, "mode": "test", "epoch": 20}
{"loss": 0.16913235187530518, "acc": 0.9349213242530823, "length": 6.0, "mode": "train", "epoch": 21}
{"loss": 0.1754307746887207, "acc": 0.9336197376251221, "length": 6.0, "mode": "test", "epoch": 21}
{"loss": 0.16712458431720734, "acc": 0.9361989498138428, "length": 6.0, "mode": "train", "epoch": 22}
{"loss": 0.16691435873508453, "acc": 0.9361077547073364, "length": 6.0, "mode": "test", "epoch": 22}
{"loss": 0.16500963270664215, "acc": 0.9376412630081177, "length": 6.0, "mode": "train", "epoch": 23}
{"loss": 0.1613161861896515, "acc": 0.940625011920929, "length": 6.0, "mode": "test", "epoch": 23}
{"loss": 0.1693929135799408, "acc": 0.9355296492576599, "length": 6.0, "mode": "train", "epoch": 24}
{"loss": 0.1773880273103714, "acc": 0.9345352649688721, "length": 6.0, "mode": "test", "epoch": 24}
{"loss": 0.16393500566482544, "acc": 0.9383558034896851, "length": 6.0, "mode": "train", "epoch": 25}
{"loss": 0.18416301906108856, "acc": 0.9285556674003601, "length": 6.0, "mode": "test", "epoch": 25}
{"loss": 0.1620515137910843, "acc": 0.9389667510986328, "length": 6.0, "mode": "train", "epoch": 26}
{"loss": 0.15913473069667816, "acc": 0.9409616589546204, "length": 6.0, "mode": "test", "epoch": 26}
{"loss": 0.15642204880714417, "acc": 0.9412416815757751, "length": 6.0, "mode": "train", "epoch": 27}
{"loss": 0.16644315421581268, "acc": 0.9382792711257935, "length": 6.0, "mode": "test", "epoch": 27}
{"loss": 0.16183961927890778, "acc": 0.9389289021492004, "length": 6.0, "mode": "train", "epoch": 28}
{"loss": 0.16280214488506317, "acc": 0.9398237466812134, "length": 6.0, "mode": "test", "epoch": 28}
{"loss": 0.1583445966243744, "acc": 0.9403625726699829, "length": 6.0, "mode": "train", "epoch": 29}
{"loss": 0.15586012601852417, "acc": 0.9426783919334412, "length": 6.0, "mode": "test", "epoch": 29}
{"loss": 0.15804630517959595, "acc": 0.9404264688491821, "length": 6.0, "mode": "train", "epoch": 30}
{"loss": 0.1634884774684906, "acc": 0.9386818408966064, "length": 6.0, "mode": "test", "epoch": 30}
{"loss": 0.1575474590063095, "acc": 0.9407140612602234, "length": 6.0, "mode": "train", "epoch": 31}
{"loss": 0.15544895827770233, "acc": 0.9421975016593933, "length": 6.0, "mode": "test", "epoch": 31}
{"loss": 0.15595154464244843, "acc": 0.9413172006607056, "length": 6.0, "mode": "train", "epoch": 32}
{"loss": 0.15628157556056976, "acc": 0.9420492053031921, "length": 6.0, "mode": "test", "epoch": 32}
{"loss": 0.15990141034126282, "acc": 0.9388961791992188, "length": 6.0, "mode": "train", "epoch": 33}
{"loss": 0.16006608307361603, "acc": 0.9403506517410278, "length": 6.0, "mode": "test", "epoch": 33}
{"loss": 0.1539333015680313, "acc": 0.9417234063148499, "length": 6.0, "mode": "train", "epoch": 34}
{"loss": 0.15833604335784912, "acc": 0.9409796595573425, "length": 6.0, "mode": "test", "epoch": 34}
{"loss": 0.1581600159406662, "acc": 0.9397161602973938, "length": 6.0, "mode": "train", "epoch": 35}
{"loss": 0.16243158280849457, "acc": 0.9385075569152832, "length": 6.0, "mode": "test", "epoch": 35}
{"loss": 0.16139191389083862, "acc": 0.9382230043411255, "length": 6.0, "mode": "train", "epoch": 36}
{"loss": 0.15695078670978546, "acc": 0.9404487609863281, "length": 6.0, "mode": "test", "epoch": 36}
{"loss": 0.15245603024959564, "acc": 0.9419415593147278, "length": 6.0, "mode": "train", "epoch": 37}
{"loss": 0.14947232604026794, "acc": 0.94427490234375, "length": 6.0, "mode": "test", "epoch": 37}
{"loss": 0.1556270271539688, "acc": 0.941209077835083, "length": 6.0, "mode": "train", "epoch": 38}
{"loss": 0.15399371087551117, "acc": 0.9434335827827454, "length": 6.0, "mode": "test", "epoch": 38}
{"loss": 0.1491771936416626, "acc": 0.9442098736763, "length": 6.0, "mode": "train", "epoch": 39}
{"loss": 0.14680473506450653, "acc": 0.9460016489028931, "length": 6.0, "mode": "test", "epoch": 39}
{"loss": 0.1483260989189148, "acc": 0.9445981383323669, "length": 6.0, "mode": "train", "epoch": 40}
{"loss": 0.15505637228488922, "acc": 0.942205548286438, "length": 6.0, "mode": "test", "epoch": 40}
{"loss": 0.14745843410491943, "acc": 0.944926381111145, "length": 5.999999046325684, "mode": "train", "epoch": 41}
{"loss": 0.1507313996553421, "acc": 0.9435397386550903, "length": 6.0, "mode": "test", "epoch": 41}
{"loss": 0.14940118789672852, "acc": 0.944047212600708, "length": 6.0, "mode": "train", "epoch": 42}
{"loss": 0.1548890322446823, "acc": 0.9419532418251038, "length": 6.0, "mode": "test", "epoch": 42}
{"loss": 0.1506829857826233, "acc": 0.9440844655036926, "length": 6.0, "mode": "train", "epoch": 43}
{"loss": 0.15186171233654022, "acc": 0.9436898231506348, "length": 6.0, "mode": "test", "epoch": 43}
{"loss": 0.14811943471431732, "acc": 0.9449850916862488, "length": 6.0, "mode": "train", "epoch": 44}
{"loss": 0.14360705018043518, "acc": 0.9472055435180664, "length": 6.0, "mode": "test", "epoch": 44}
{"loss": 0.14418667554855347, "acc": 0.946733832359314, "length": 6.0, "mode": "train", "epoch": 45}
{"loss": 0.14256814122200012, "acc": 0.9486719369888306, "length": 6.0, "mode": "test", "epoch": 45}
{"loss": 0.1469414383172989, "acc": 0.9456801414489746, "length": 6.0, "mode": "train", "epoch": 46}
{"loss": 0.1491057127714157, "acc": 0.9462000131607056, "length": 6.0, "mode": "test", "epoch": 46}
{"loss": 0.1487722545862198, "acc": 0.9449698328971863, "length": 6.0, "mode": "train", "epoch": 47}
{"loss": 0.14785248041152954, "acc": 0.9455289244651794, "length": 6.0, "mode": "test", "epoch": 47}
{"loss": 0.14308372139930725, "acc": 0.9473767876625061, "length": 6.0, "mode": "train", "epoch": 48}
{"loss": 0.14340969920158386, "acc": 0.9482872486114502, "length": 6.0, "mode": "test", "epoch": 48}
{"loss": 0.147938534617424, "acc": 0.9452999830245972, "length": 6.0, "mode": "train", "epoch": 49}
{"loss": 0.15614615380764008, "acc": 0.9425241351127625, "length": 6.0, "mode": "test", "epoch": 49}
{"loss": 0.14793425798416138, "acc": 0.9450291991233826, "length": 6.0, "mode": "train", "epoch": 50}
{"loss": 0.1447623074054718, "acc": 0.9468168616294861, "length": 6.0, "mode": "test", "epoch": 50}
{"loss": 0.14619189500808716, "acc": 0.9463748335838318, "length": 6.0, "mode": "train", "epoch": 51}
{"loss": 0.14561893045902252, "acc": 0.947726309299469, "length": 6.0, "mode": "test", "epoch": 51}
{"loss": 0.14484640955924988, "acc": 0.9468818306922913, "length": 6.0, "mode": "train", "epoch": 52}
{"loss": 0.16983585059642792, "acc": 0.9351423978805542, "length": 6.0, "mode": "test", "epoch": 52}
{"loss": 0.15583039820194244, "acc": 0.9411190152168274, "length": 6.0, "mode": "train", "epoch": 53}
{"loss": 0.1738017201423645, "acc": 0.9321333765983582, "length": 6.0, "mode": "test", "epoch": 53}
{"loss": 0.15062104165554047, "acc": 0.9428362846374512, "length": 6.0, "mode": "train", "epoch": 54}
{"loss": 0.15027065575122833, "acc": 0.9435276985168457, "length": 6.0, "mode": "test", "epoch": 54}
{"loss": 0.15007248520851135, "acc": 0.9439317584037781, "length": 6.0, "mode": "train", "epoch": 55}
{"loss": 0.1520804762840271, "acc": 0.943668007850647, "length": 6.0, "mode": "test", "epoch": 55}
{"loss": 0.1489264965057373, "acc": 0.944399356842041, "length": 5.999998569488525, "mode": "train", "epoch": 56}
{"loss": 0.14757761359214783, "acc": 0.9457372426986694, "length": 6.0, "mode": "test", "epoch": 56}
{"loss": 0.14496411383152008, "acc": 0.9464101791381836, "length": 6.0, "mode": "train", "epoch": 57}
{"loss": 0.1532106101512909, "acc": 0.9449299573898315, "length": 6.0, "mode": "test", "epoch": 57}
{"loss": 0.1442839652299881, "acc": 0.9469792246818542, "length": 6.0, "mode": "train", "epoch": 58}
{"loss": 0.150582417845726, "acc": 0.9438163042068481, "length": 6.0, "mode": "test", "epoch": 58}
{"loss": 0.1504139006137848, "acc": 0.944022536277771, "length": 6.0, "mode": "train", "epoch": 59}
{"loss": 0.15304189920425415, "acc": 0.9429147839546204, "length": 6.0, "mode": "test", "epoch": 59}
{"loss": 0.14544649422168732, "acc": 0.9461860060691833, "length": 6.0, "mode": "train", "epoch": 60}
{"loss": 0.14232803881168365, "acc": 0.9484795331954956, "length": 6.0, "mode": "test", "epoch": 60}
test accuracy: 0.9458239078521729
