# ["--attributes=5", "--values=4", "--game_size=10", "--vocab_size_factor=3", "--n_epochs=60", "--batch_size=64", "--learning_rate=0.001", "--hidden_size=128", "--temp_update=0.99", "--temperature=1"]
Creating train_ds and val_ds...

Creating test_ds...
{"loss": 0.44177043437957764, "acc": 0.7853152751922607, "length": 5.768451690673828, "mode": "train", "epoch": 1}
{"loss": 0.3400716483592987, "acc": 0.8519642353057861, "length": 6.0, "mode": "test", "epoch": 1}
{"loss": 0.29100900888442993, "acc": 0.8742889165878296, "length": 5.9992876052856445, "mode": "train", "epoch": 2}
{"loss": 0.27534955739974976, "acc": 0.881547212600708, "length": 6.0, "mode": "test", "epoch": 2}
{"loss": 0.25793299078941345, "acc": 0.8888097405433655, "length": 5.999773025512695, "mode": "train", "epoch": 3}
{"loss": 0.25933051109313965, "acc": 0.8864978551864624, "length": 6.0, "mode": "test", "epoch": 3}
{"loss": 0.2501366138458252, "acc": 0.8920632004737854, "length": 5.999897480010986, "mode": "train", "epoch": 4}
{"loss": 0.2495822012424469, "acc": 0.8911912441253662, "length": 6.0, "mode": "test", "epoch": 4}
{"loss": 0.24327567219734192, "acc": 0.8966782689094543, "length": 5.999944686889648, "mode": "train", "epoch": 5}
{"loss": 0.24156039953231812, "acc": 0.8989759087562561, "length": 6.0, "mode": "test", "epoch": 5}
{"loss": 0.22563469409942627, "acc": 0.9062280654907227, "length": 5.999965190887451, "mode": "train", "epoch": 6}
{"loss": 0.22216665744781494, "acc": 0.9069188833236694, "length": 6.0, "mode": "test", "epoch": 6}
{"loss": 0.2167355865240097, "acc": 0.9113483428955078, "length": 5.999979019165039, "mode": "train", "epoch": 7}
{"loss": 0.24452748894691467, "acc": 0.899222731590271, "length": 6.0, "mode": "test", "epoch": 7}
{"loss": 0.21381008625030518, "acc": 0.9125196933746338, "length": 5.999971866607666, "mode": "train", "epoch": 8}
{"loss": 0.20750175416469574, "acc": 0.9144240021705627, "length": 6.0, "mode": "test", "epoch": 8}
{"loss": 0.21210965514183044, "acc": 0.9126277565956116, "length": 5.999995231628418, "mode": "train", "epoch": 9}
{"loss": 0.22030213475227356, "acc": 0.9093649387359619, "length": 6.0, "mode": "test", "epoch": 9}
{"loss": 0.20624925196170807, "acc": 0.9155696630477905, "length": 5.999996662139893, "mode": "train", "epoch": 10}
{"loss": 0.21817030012607574, "acc": 0.9117227792739868, "length": 6.0, "mode": "test", "epoch": 10}
{"loss": 0.20207670331001282, "acc": 0.9174251556396484, "length": 5.999999046325684, "mode": "train", "epoch": 11}
{"loss": 0.21615688502788544, "acc": 0.9114577770233154, "length": 6.0, "mode": "test", "epoch": 11}
{"loss": 0.20658598840236664, "acc": 0.9149513244628906, "length": 5.999972343444824, "mode": "train", "epoch": 12}
{"loss": 0.20800384879112244, "acc": 0.9158198237419128, "length": 6.0, "mode": "test", "epoch": 12}
{"loss": 0.21182531118392944, "acc": 0.9132497906684875, "length": 5.999994277954102, "mode": "train", "epoch": 13}
{"loss": 0.2093416452407837, "acc": 0.9145205020904541, "length": 6.0, "mode": "test", "epoch": 13}
{"loss": 0.2009592354297638, "acc": 0.9184592962265015, "length": 5.999996662139893, "mode": "train", "epoch": 14}
{"loss": 0.20724374055862427, "acc": 0.9149481654167175, "length": 6.0, "mode": "test", "epoch": 14}
{"loss": 0.20141002535820007, "acc": 0.9182736873626709, "length": 5.99999475479126, "mode": "train", "epoch": 15}
{"loss": 0.20879462361335754, "acc": 0.9162577986717224, "length": 6.0, "mode": "test", "epoch": 15}
{"loss": 0.1961224377155304, "acc": 0.9197072982788086, "length": 5.999992370605469, "mode": "train", "epoch": 16}
{"loss": 0.20645861327648163, "acc": 0.915317714214325, "length": 6.0, "mode": "test", "epoch": 16}
{"loss": 0.19190385937690735, "acc": 0.9211567640304565, "length": 5.999999046325684, "mode": "train", "epoch": 17}
{"loss": 0.1873963475227356, "acc": 0.9241424798965454, "length": 6.0, "mode": "test", "epoch": 17}
{"loss": 0.18194036185741425, "acc": 0.9267244935035706, "length": 6.0, "mode": "train", "epoch": 18}
{"loss": 0.18856987357139587, "acc": 0.9246203303337097, "length": 6.0, "mode": "test", "epoch": 18}
{"loss": 0.18639838695526123, "acc": 0.9255285263061523, "length": 6.0, "mode": "train", "epoch": 19}
{"loss": 0.21614843606948853, "acc": 0.913140594959259, "length": 6.0, "mode": "test", "epoch": 19}
{"loss": 0.18793469667434692, "acc": 0.9246999025344849, "length": 6.0, "mode": "train", "epoch": 20}
{"loss": 0.18093332648277283, "acc": 0.9285346865653992, "length": 6.0, "mode": "test", "epoch": 20}
{"loss": 0.17530973255634308, "acc": 0.9307821989059448, "length": 5.999999523162842, "mode": "train", "epoch": 21}
{"loss": 0.2012016475200653, "acc": 0.9216378927230835, "length": 6.0, "mode": "test", "epoch": 21}
{"loss": 0.17380787432193756, "acc": 0.930993914604187, "length": 6.0, "mode": "train", "epoch": 22}
{"loss": 0.18169067800045013, "acc": 0.9288780093193054, "length": 6.0, "mode": "test", "epoch": 22}
{"loss": 0.17316249012947083, "acc": 0.9308028817176819, "length": 5.999998092651367, "mode": "train", "epoch": 23}
{"loss": 0.17993493378162384, "acc": 0.9294807314872742, "length": 6.0, "mode": "test", "epoch": 23}
{"loss": 0.1742388755083084, "acc": 0.9303204417228699, "length": 6.0, "mode": "train", "epoch": 24}
{"loss": 0.17711445689201355, "acc": 0.9293901920318604, "length": 6.0, "mode": "test", "epoch": 24}
{"loss": 0.17686611413955688, "acc": 0.9285986423492432, "length": 6.0, "mode": "train", "epoch": 25}
{"loss": 0.20195546746253967, "acc": 0.919468879699707, "length": 6.0, "mode": "test", "epoch": 25}
{"loss": 0.17428520321846008, "acc": 0.9305062890052795, "length": 6.0, "mode": "train", "epoch": 26}
{"loss": 0.17324897646903992, "acc": 0.9326838850975037, "length": 6.0, "mode": "test", "epoch": 26}
{"loss": 0.16587862372398376, "acc": 0.934138834476471, "length": 6.0, "mode": "train", "epoch": 27}
{"loss": 0.176889568567276, "acc": 0.9300953149795532, "length": 6.0, "mode": "test", "epoch": 27}
{"loss": 0.1676546335220337, "acc": 0.9333418607711792, "length": 6.0, "mode": "train", "epoch": 28}
{"loss": 0.17011703550815582, "acc": 0.9320132732391357, "length": 6.0, "mode": "test", "epoch": 28}
{"loss": 0.17357759177684784, "acc": 0.9297999143600464, "length": 6.0, "mode": "train", "epoch": 29}
{"loss": 0.1700502336025238, "acc": 0.9319407939910889, "length": 6.0, "mode": "test", "epoch": 29}
{"loss": 0.16552144289016724, "acc": 0.9346774220466614, "length": 6.0, "mode": "train", "epoch": 30}
{"loss": 0.16837148368358612, "acc": 0.9342624545097351, "length": 6.0, "mode": "test", "epoch": 30}
{"loss": 0.1755608320236206, "acc": 0.930742621421814, "length": 6.0, "mode": "train", "epoch": 31}
{"loss": 0.17020371556282043, "acc": 0.9331298470497131, "length": 6.0, "mode": "test", "epoch": 31}
{"loss": 0.16949477791786194, "acc": 0.9334367513656616, "length": 6.0, "mode": "train", "epoch": 32}
{"loss": 0.167615607380867, "acc": 0.9339191913604736, "length": 6.0, "mode": "test", "epoch": 32}
{"loss": 0.16951251029968262, "acc": 0.933236837387085, "length": 6.0, "mode": "train", "epoch": 33}
{"loss": 0.17330683767795563, "acc": 0.9316155314445496, "length": 6.0, "mode": "test", "epoch": 33}
{"loss": 0.1658524125814438, "acc": 0.9340327382087708, "length": 6.0, "mode": "train", "epoch": 34}
{"loss": 0.18297062814235687, "acc": 0.9255361557006836, "length": 6.0, "mode": "test", "epoch": 34}
{"loss": 0.18364115059375763, "acc": 0.9246698021888733, "length": 6.0, "mode": "train", "epoch": 35}
{"loss": 0.1742124706506729, "acc": 0.9302157759666443, "length": 6.0, "mode": "test", "epoch": 35}
{"loss": 0.18300607800483704, "acc": 0.9257650971412659, "length": 6.0, "mode": "train", "epoch": 36}
{"loss": 0.1823612004518509, "acc": 0.926329493522644, "length": 6.0, "mode": "test", "epoch": 36}
{"loss": 0.17510341107845306, "acc": 0.9292040467262268, "length": 6.0, "mode": "train", "epoch": 37}
{"loss": 0.18074637651443481, "acc": 0.9267714619636536, "length": 6.0, "mode": "test", "epoch": 37}
{"loss": 0.1713007092475891, "acc": 0.9314836859703064, "length": 6.0, "mode": "train", "epoch": 38}
{"loss": 0.1700466275215149, "acc": 0.9332160949707031, "length": 6.0, "mode": "test", "epoch": 38}
{"loss": 0.16437260806560516, "acc": 0.9355327486991882, "length": 6.0, "mode": "train", "epoch": 39}
{"loss": 0.17074863612651825, "acc": 0.9332704544067383, "length": 6.0, "mode": "test", "epoch": 39}
{"loss": 0.17840974032878876, "acc": 0.9303103089332581, "length": 6.0, "mode": "train", "epoch": 40}
{"loss": 0.17900341749191284, "acc": 0.9297037124633789, "length": 6.0, "mode": "test", "epoch": 40}
{"loss": 0.17636558413505554, "acc": 0.9306653141975403, "length": 6.0, "mode": "train", "epoch": 41}
{"loss": 0.1834445297718048, "acc": 0.9292939305305481, "length": 6.0, "mode": "test", "epoch": 41}
{"loss": 0.18020562827587128, "acc": 0.9294211864471436, "length": 6.0, "mode": "train", "epoch": 42}
{"loss": 0.18713048100471497, "acc": 0.9269340634346008, "length": 6.0, "mode": "test", "epoch": 42}
{"loss": 0.1766621470451355, "acc": 0.9307166337966919, "length": 6.0, "mode": "train", "epoch": 43}
{"loss": 0.17915712296962738, "acc": 0.9293580651283264, "length": 6.0, "mode": "test", "epoch": 43}
{"loss": 0.17313414812088013, "acc": 0.9316312670707703, "length": 6.0, "mode": "train", "epoch": 44}
{"loss": 0.19269032776355743, "acc": 0.9236685633659363, "length": 6.0, "mode": "test", "epoch": 44}
{"loss": 0.18237613141536713, "acc": 0.9284147620201111, "length": 6.0, "mode": "train", "epoch": 45}
{"loss": 0.19549432396888733, "acc": 0.9221199154853821, "length": 6.0, "mode": "test", "epoch": 45}
{"loss": 0.1898801177740097, "acc": 0.9240232110023499, "length": 6.0, "mode": "train", "epoch": 46}
{"loss": 0.19612909853458405, "acc": 0.9218286275863647, "length": 6.0, "mode": "test", "epoch": 46}
{"loss": 0.18010810017585754, "acc": 0.9286541938781738, "length": 6.0, "mode": "train", "epoch": 47}
{"loss": 0.17607571184635162, "acc": 0.9312679767608643, "length": 6.0, "mode": "test", "epoch": 47}
{"loss": 0.1755264699459076, "acc": 0.9302695989608765, "length": 6.0, "mode": "train", "epoch": 48}
{"loss": 0.18263711035251617, "acc": 0.9272493124008179, "length": 6.0, "mode": "test", "epoch": 48}
{"loss": 0.17413301765918732, "acc": 0.9310561418533325, "length": 6.0, "mode": "train", "epoch": 49}
{"loss": 0.18040402233600616, "acc": 0.929305911064148, "length": 6.0, "mode": "test", "epoch": 49}
{"loss": 0.17034120857715607, "acc": 0.9331426620483398, "length": 6.0, "mode": "train", "epoch": 50}
{"loss": 0.1747138649225235, "acc": 0.9318445324897766, "length": 6.0, "mode": "test", "epoch": 50}
{"loss": 0.1798473447561264, "acc": 0.9286246299743652, "length": 6.0, "mode": "train", "epoch": 51}
{"loss": 0.1963299959897995, "acc": 0.9212083220481873, "length": 6.0, "mode": "test", "epoch": 51}
{"loss": 0.19627420604228973, "acc": 0.9206851720809937, "length": 6.0, "mode": "train", "epoch": 52}
{"loss": 0.19035831093788147, "acc": 0.924216628074646, "length": 6.0, "mode": "test", "epoch": 52}
{"loss": 0.19457454979419708, "acc": 0.9212343096733093, "length": 6.0, "mode": "train", "epoch": 53}
{"loss": 0.2142605483531952, "acc": 0.911803126335144, "length": 6.0, "mode": "test", "epoch": 53}
{"loss": 0.21052084863185883, "acc": 0.9145048260688782, "length": 6.0, "mode": "train", "epoch": 54}
{"loss": 0.20814934372901917, "acc": 0.9160508513450623, "length": 6.0, "mode": "test", "epoch": 54}
{"loss": 0.20005521178245544, "acc": 0.9193241596221924, "length": 6.0, "mode": "train", "epoch": 55}
{"loss": 0.19676171243190765, "acc": 0.9201217889785767, "length": 6.0, "mode": "test", "epoch": 55}
{"loss": 0.18763303756713867, "acc": 0.9255339503288269, "length": 6.0, "mode": "train", "epoch": 56}
{"loss": 0.18762122094631195, "acc": 0.9262412190437317, "length": 6.0, "mode": "test", "epoch": 56}
{"loss": 0.19417832791805267, "acc": 0.9234490990638733, "length": 6.0, "mode": "train", "epoch": 57}
{"loss": 0.21529173851013184, "acc": 0.9148015379905701, "length": 6.0, "mode": "test", "epoch": 57}
{"loss": 0.21081259846687317, "acc": 0.9149470329284668, "length": 6.0, "mode": "train", "epoch": 58}
{"loss": 0.2041911780834198, "acc": 0.91730797290802, "length": 6.0, "mode": "test", "epoch": 58}
{"loss": 0.18984806537628174, "acc": 0.9244133234024048, "length": 6.0, "mode": "train", "epoch": 59}
{"loss": 0.1950562745332718, "acc": 0.9221481084823608, "length": 6.0, "mode": "test", "epoch": 59}
{"loss": 0.1827160120010376, "acc": 0.9269483089447021, "length": 6.0, "mode": "train", "epoch": 60}
{"loss": 0.1832006871700287, "acc": 0.9278057813644409, "length": 6.0, "mode": "test", "epoch": 60}
test accuracy: 0.9250277876853943
