# ["--attributes=5", "--values=4", "--game_size=10", "--vocab_size_factor=3", "--n_epochs=60", "--batch_size=64", "--learning_rate=0.001", "--hidden_size=128", "--temp_update=0.99", "--temperature=2"]
Creating train_ds and val_ds...

Creating test_ds...
{"loss": 0.5082699656486511, "acc": 0.7346550226211548, "length": 5.8999481201171875, "mode": "train", "epoch": 1}
{"loss": 0.45354533195495605, "acc": 0.7469369173049927, "length": 6.0, "mode": "test", "epoch": 1}
{"loss": 0.4283069372177124, "acc": 0.7585241198539734, "length": 5.9987945556640625, "mode": "train", "epoch": 2}
{"loss": 0.43229183554649353, "acc": 0.7513447403907776, "length": 6.0, "mode": "test", "epoch": 2}
{"loss": 0.4216989278793335, "acc": 0.7611136436462402, "length": 5.9995903968811035, "mode": "train", "epoch": 3}
{"loss": 0.4237702786922455, "acc": 0.7611373662948608, "length": 6.0, "mode": "test", "epoch": 3}
{"loss": 0.4147404432296753, "acc": 0.7667548656463623, "length": 5.99976110458374, "mode": "train", "epoch": 4}
{"loss": 0.413015753030777, "acc": 0.7766245007514954, "length": 6.0, "mode": "test", "epoch": 4}
{"loss": 0.35574910044670105, "acc": 0.8259689211845398, "length": 5.999881744384766, "mode": "train", "epoch": 5}
{"loss": 0.3407480716705322, "acc": 0.8411685228347778, "length": 6.0, "mode": "test", "epoch": 5}
{"loss": 0.3038495182991028, "acc": 0.8609576225280762, "length": 5.999925136566162, "mode": "train", "epoch": 6}
{"loss": 0.31610530614852905, "acc": 0.8548113107681274, "length": 6.0, "mode": "test", "epoch": 6}
{"loss": 0.2932306230068207, "acc": 0.8664655089378357, "length": 5.999964237213135, "mode": "train", "epoch": 7}
{"loss": 0.3032456338405609, "acc": 0.8547294735908508, "length": 6.0, "mode": "test", "epoch": 7}
{"loss": 0.2808155417442322, "acc": 0.8718299269676208, "length": 5.999983310699463, "mode": "train", "epoch": 8}
{"loss": 0.2974022328853607, "acc": 0.8602622151374817, "length": 6.0, "mode": "test", "epoch": 8}
{"loss": 0.2739447355270386, "acc": 0.8744078278541565, "length": 5.999990463256836, "mode": "train", "epoch": 9}
{"loss": 0.2776099443435669, "acc": 0.871815025806427, "length": 6.0, "mode": "test", "epoch": 9}
{"loss": 0.2553703188896179, "acc": 0.8846076726913452, "length": 5.999995231628418, "mode": "train", "epoch": 10}
{"loss": 0.2620505094528198, "acc": 0.8800051808357239, "length": 6.0, "mode": "test", "epoch": 10}
{"loss": 0.2536778450012207, "acc": 0.8856220841407776, "length": 5.999992847442627, "mode": "train", "epoch": 11}
{"loss": 0.2560344636440277, "acc": 0.8867606520652771, "length": 6.0, "mode": "test", "epoch": 11}
{"loss": 0.2482772320508957, "acc": 0.8907173275947571, "length": 5.999997615814209, "mode": "train", "epoch": 12}
{"loss": 0.25482141971588135, "acc": 0.8866388201713562, "length": 6.0, "mode": "test", "epoch": 12}
{"loss": 0.24122026562690735, "acc": 0.8953732848167419, "length": 5.999998569488525, "mode": "train", "epoch": 13}
{"loss": 0.2458537369966507, "acc": 0.8918518424034119, "length": 6.0, "mode": "test", "epoch": 13}
{"loss": 0.23547214269638062, "acc": 0.8982420563697815, "length": 5.999999523162842, "mode": "train", "epoch": 14}
{"loss": 0.24639268219470978, "acc": 0.8915821313858032, "length": 6.0, "mode": "test", "epoch": 14}
{"loss": 0.23123547434806824, "acc": 0.9004925489425659, "length": 6.0, "mode": "train", "epoch": 15}
{"loss": 0.23857112228870392, "acc": 0.8995924592018127, "length": 6.0, "mode": "test", "epoch": 15}
{"loss": 0.23006556928157806, "acc": 0.9005783796310425, "length": 6.0, "mode": "train", "epoch": 16}
{"loss": 0.23490649461746216, "acc": 0.8964992761611938, "length": 6.0, "mode": "test", "epoch": 16}
{"loss": 0.22624088823795319, "acc": 0.901729166507721, "length": 6.0, "mode": "train", "epoch": 17}
{"loss": 0.2345447540283203, "acc": 0.8979598879814148, "length": 6.0, "mode": "test", "epoch": 17}
{"loss": 0.22736021876335144, "acc": 0.9013685584068298, "length": 6.0, "mode": "train", "epoch": 18}
{"loss": 0.2302079200744629, "acc": 0.9008491039276123, "length": 6.0, "mode": "test", "epoch": 18}
{"loss": 0.22698043286800385, "acc": 0.9012559652328491, "length": 6.0, "mode": "train", "epoch": 19}
{"loss": 0.2326953262090683, "acc": 0.8993946313858032, "length": 6.0, "mode": "test", "epoch": 19}
{"loss": 0.22649425268173218, "acc": 0.9014683365821838, "length": 6.0, "mode": "train", "epoch": 20}
{"loss": 0.23443813621997833, "acc": 0.8988690376281738, "length": 6.0, "mode": "test", "epoch": 20}
{"loss": 0.2233954519033432, "acc": 0.9026011824607849, "length": 6.0, "mode": "train", "epoch": 21}
{"loss": 0.23251137137413025, "acc": 0.9003956317901611, "length": 6.0, "mode": "test", "epoch": 21}
{"loss": 0.22556813061237335, "acc": 0.9017618894577026, "length": 6.0, "mode": "train", "epoch": 22}
{"loss": 0.23278915882110596, "acc": 0.8999979496002197, "length": 6.0, "mode": "test", "epoch": 22}
{"loss": 0.22517752647399902, "acc": 0.9019935131072998, "length": 6.0, "mode": "train", "epoch": 23}
{"loss": 0.24072015285491943, "acc": 0.8948309421539307, "length": 6.0, "mode": "test", "epoch": 23}
{"loss": 0.22369150817394257, "acc": 0.9025073051452637, "length": 6.0, "mode": "train", "epoch": 24}
{"loss": 0.23130765557289124, "acc": 0.9007871747016907, "length": 6.0, "mode": "test", "epoch": 24}
{"loss": 0.2230018675327301, "acc": 0.9028027653694153, "length": 6.0, "mode": "train", "epoch": 25}
{"loss": 0.2299722284078598, "acc": 0.8995383977890015, "length": 6.0, "mode": "test", "epoch": 25}
{"loss": 0.22398334741592407, "acc": 0.9024381041526794, "length": 6.0, "mode": "train", "epoch": 26}
{"loss": 0.22744077444076538, "acc": 0.9023117423057556, "length": 6.0, "mode": "test", "epoch": 26}
{"loss": 0.22379891574382782, "acc": 0.9021892547607422, "length": 6.0, "mode": "train", "epoch": 27}
{"loss": 0.22654010355472565, "acc": 0.9017124176025391, "length": 6.0, "mode": "test", "epoch": 27}
{"loss": 0.22420591115951538, "acc": 0.9020820260047913, "length": 6.0, "mode": "train", "epoch": 28}
{"loss": 0.22956091165542603, "acc": 0.9021520018577576, "length": 6.0, "mode": "test", "epoch": 28}
{"loss": 0.2247922122478485, "acc": 0.9020081758499146, "length": 6.0, "mode": "train", "epoch": 29}
{"loss": 0.22752265632152557, "acc": 0.9020439386367798, "length": 6.0, "mode": "test", "epoch": 29}
{"loss": 0.22169949114322662, "acc": 0.903188943862915, "length": 6.0, "mode": "train", "epoch": 30}
{"loss": 0.2425341010093689, "acc": 0.8932663798332214, "length": 6.0, "mode": "test", "epoch": 30}
{"loss": 0.22475431859493256, "acc": 0.901814341545105, "length": 6.0, "mode": "train", "epoch": 31}
{"loss": 0.22952893376350403, "acc": 0.9012209177017212, "length": 6.0, "mode": "test", "epoch": 31}
{"loss": 0.22400367259979248, "acc": 0.902038037776947, "length": 6.0, "mode": "train", "epoch": 32}
{"loss": 0.22895364463329315, "acc": 0.9019502401351929, "length": 6.0, "mode": "test", "epoch": 32}
{"loss": 0.221202090382576, "acc": 0.9032780528068542, "length": 6.0, "mode": "train", "epoch": 33}
{"loss": 0.22650384902954102, "acc": 0.9025754928588867, "length": 6.0, "mode": "test", "epoch": 33}
{"loss": 0.22233830392360687, "acc": 0.9027688503265381, "length": 6.0, "mode": "train", "epoch": 34}
{"loss": 0.22580233216285706, "acc": 0.902070164680481, "length": 6.0, "mode": "test", "epoch": 34}
{"loss": 0.22306422889232635, "acc": 0.9024367928504944, "length": 6.0, "mode": "train", "epoch": 35}
{"loss": 0.22857388854026794, "acc": 0.9015625715255737, "length": 6.0, "mode": "test", "epoch": 35}
{"loss": 0.22263437509536743, "acc": 0.9025864601135254, "length": 6.0, "mode": "train", "epoch": 36}
{"loss": 0.22966869175434113, "acc": 0.9005335569381714, "length": 6.0, "mode": "test", "epoch": 36}
{"loss": 0.22348302602767944, "acc": 0.9022750854492188, "length": 6.0, "mode": "train", "epoch": 37}
{"loss": 0.2276390641927719, "acc": 0.9012067914009094, "length": 6.0, "mode": "test", "epoch": 37}
{"loss": 0.22331075370311737, "acc": 0.9021478891372681, "length": 6.0, "mode": "train", "epoch": 38}
{"loss": 0.22801914811134338, "acc": 0.9023776054382324, "length": 6.0, "mode": "test", "epoch": 38}
{"loss": 0.2242245227098465, "acc": 0.9021965265274048, "length": 6.0, "mode": "train", "epoch": 39}
{"loss": 0.22507014870643616, "acc": 0.9023898243904114, "length": 6.0, "mode": "test", "epoch": 39}
{"loss": 0.22174550592899323, "acc": 0.9030052423477173, "length": 5.999999523162842, "mode": "train", "epoch": 40}
{"loss": 0.22532270848751068, "acc": 0.9023714661598206, "length": 5.999959945678711, "mode": "test", "epoch": 40}
{"loss": 0.22180616855621338, "acc": 0.9028387665748596, "length": 5.999999046325684, "mode": "train", "epoch": 41}
{"loss": 0.22836005687713623, "acc": 0.900743305683136, "length": 6.0, "mode": "test", "epoch": 41}
{"loss": 0.22235369682312012, "acc": 0.9030677676200867, "length": 6.0, "mode": "train", "epoch": 42}
{"loss": 0.22572572529315948, "acc": 0.9026733636856079, "length": 6.0, "mode": "test", "epoch": 42}
{"loss": 0.22448284924030304, "acc": 0.9021352529525757, "length": 6.0, "mode": "train", "epoch": 43}
{"loss": 0.2290305346250534, "acc": 0.901360809803009, "length": 6.0, "mode": "test", "epoch": 43}
{"loss": 0.22263206541538239, "acc": 0.9027689695358276, "length": 6.0, "mode": "train", "epoch": 44}
{"loss": 0.23573854565620422, "acc": 0.8978341817855835, "length": 6.0, "mode": "test", "epoch": 44}
{"loss": 0.2237982302904129, "acc": 0.9025412797927856, "length": 6.0, "mode": "train", "epoch": 45}
{"loss": 0.23181961476802826, "acc": 0.8993825316429138, "length": 6.0, "mode": "test", "epoch": 45}
{"loss": 0.22304271161556244, "acc": 0.9027323722839355, "length": 6.0, "mode": "train", "epoch": 46}
{"loss": 0.22918088734149933, "acc": 0.9010090827941895, "length": 6.0, "mode": "test", "epoch": 46}
{"loss": 0.22088083624839783, "acc": 0.9035763144493103, "length": 6.0, "mode": "train", "epoch": 47}
{"loss": 0.21999689936637878, "acc": 0.9068355560302734, "length": 6.0, "mode": "test", "epoch": 47}
{"loss": 0.20870864391326904, "acc": 0.9113306999206543, "length": 6.0, "mode": "train", "epoch": 48}
{"loss": 0.21541540324687958, "acc": 0.9100543856620789, "length": 6.0, "mode": "test", "epoch": 48}
{"loss": 0.2046760618686676, "acc": 0.9133515357971191, "length": 5.999999046325684, "mode": "train", "epoch": 49}
{"loss": 0.2136654257774353, "acc": 0.9086715579032898, "length": 6.0, "mode": "test", "epoch": 49}
{"loss": 0.20696330070495605, "acc": 0.9117512702941895, "length": 6.0, "mode": "train", "epoch": 50}
{"loss": 0.21608009934425354, "acc": 0.9083318114280701, "length": 6.0, "mode": "test", "epoch": 50}
{"loss": 0.20492030680179596, "acc": 0.9131172299385071, "length": 5.999999046325684, "mode": "train", "epoch": 51}
{"loss": 0.20699356496334076, "acc": 0.9132813215255737, "length": 6.0, "mode": "test", "epoch": 51}
{"loss": 0.20325873792171478, "acc": 0.9140137434005737, "length": 5.999999046325684, "mode": "train", "epoch": 52}
{"loss": 0.20299330353736877, "acc": 0.9148458242416382, "length": 6.0, "mode": "test", "epoch": 52}
{"loss": 0.20176202058792114, "acc": 0.9141501784324646, "length": 6.0, "mode": "train", "epoch": 53}
{"loss": 0.21403169631958008, "acc": 0.9108874797821045, "length": 6.0, "mode": "test", "epoch": 53}
{"loss": 0.20287394523620605, "acc": 0.9137302041053772, "length": 6.0, "mode": "train", "epoch": 54}
{"loss": 0.22380509972572327, "acc": 0.9069892764091492, "length": 6.0, "mode": "test", "epoch": 54}
{"loss": 0.20477886497974396, "acc": 0.9132349491119385, "length": 5.999999046325684, "mode": "train", "epoch": 55}
{"loss": 0.20596450567245483, "acc": 0.9136390089988708, "length": 6.0, "mode": "test", "epoch": 55}
{"loss": 0.2045450657606125, "acc": 0.9136648774147034, "length": 6.0, "mode": "train", "epoch": 56}
{"loss": 0.20597869157791138, "acc": 0.9136129021644592, "length": 6.0, "mode": "test", "epoch": 56}
{"loss": 0.2002272605895996, "acc": 0.9147952198982239, "length": 6.0, "mode": "train", "epoch": 57}
{"loss": 0.20518095791339874, "acc": 0.9140444993972778, "length": 6.0, "mode": "test", "epoch": 57}
{"loss": 0.20079122483730316, "acc": 0.9146254658699036, "length": 5.999998569488525, "mode": "train", "epoch": 58}
{"loss": 0.2091202735900879, "acc": 0.9119006395339966, "length": 6.0, "mode": "test", "epoch": 58}
{"loss": 0.20163372159004211, "acc": 0.9141666889190674, "length": 6.0, "mode": "train", "epoch": 59}
{"loss": 0.20452772080898285, "acc": 0.914016604423523, "length": 6.0, "mode": "test", "epoch": 59}
{"loss": 0.20017914474010468, "acc": 0.9144717454910278, "length": 5.999999523162842, "mode": "train", "epoch": 60}
{"loss": 0.20549282431602478, "acc": 0.913059413433075, "length": 6.0, "mode": "test", "epoch": 60}
test accuracy: 0.9070793986320496
