# ["--attributes=5", "--values=4", "--game_size=10", "--vocab_size_factor=3", "--n_epochs=60", "--batch_size=64", "--learning_rate=0.001", "--hidden_size=256", "--temp_update=0.97", "--temperature=1"]
Creating train_ds and val_ds...

Creating test_ds...
{"loss": 0.6935549974441528, "acc": 0.5011467337608337, "length": 1.0271697044372559, "mode": "train", "epoch": 1}
{"loss": 0.6932398080825806, "acc": 0.5028960108757019, "length": 1.0, "mode": "test", "epoch": 1}
{"loss": 0.693184494972229, "acc": 0.5029885172843933, "length": 1.0000520944595337, "mode": "train", "epoch": 2}
{"loss": 0.693140983581543, "acc": 0.5026329755783081, "length": 1.0, "mode": "test", "epoch": 2}
{"loss": 0.6931346654891968, "acc": 0.5026023387908936, "length": 1.0000360012054443, "mode": "train", "epoch": 3}
{"loss": 0.6931204795837402, "acc": 0.5043060183525085, "length": 1.0, "mode": "test", "epoch": 3}
{"loss": 0.6931115388870239, "acc": 0.5037825703620911, "length": 1.0000157356262207, "mode": "train", "epoch": 4}
{"loss": 0.6931250095367432, "acc": 0.5022855401039124, "length": 1.0, "mode": "test", "epoch": 4}
{"loss": 0.6931053400039673, "acc": 0.5041179656982422, "length": 1.0000553131103516, "mode": "train", "epoch": 5}
{"loss": 0.6931425333023071, "acc": 0.5037797689437866, "length": 1.0, "mode": "test", "epoch": 5}
{"loss": 0.6930949091911316, "acc": 0.5054891109466553, "length": 1.0000125169754028, "mode": "train", "epoch": 6}
{"loss": 0.6931257247924805, "acc": 0.5041190981864929, "length": 1.0, "mode": "test", "epoch": 6}
{"loss": 0.6930945515632629, "acc": 0.5050860643386841, "length": 1.0000004768371582, "mode": "train", "epoch": 7}
{"loss": 0.6931291818618774, "acc": 0.5039925575256348, "length": 1.0, "mode": "test", "epoch": 7}
{"loss": 0.693088948726654, "acc": 0.5051403045654297, "length": 1.0, "mode": "train", "epoch": 8}
{"loss": 0.6931355595588684, "acc": 0.5037094354629517, "length": 1.0, "mode": "test", "epoch": 8}
{"loss": 0.6930795311927795, "acc": 0.5049059987068176, "length": 1.0000001192092896, "mode": "train", "epoch": 9}
{"loss": 0.6931203603744507, "acc": 0.5039545297622681, "length": 1.0, "mode": "test", "epoch": 9}
{"loss": 0.6930892467498779, "acc": 0.5056558847427368, "length": 1.0, "mode": "train", "epoch": 10}
{"loss": 0.6931095123291016, "acc": 0.5041592717170715, "length": 1.0, "mode": "test", "epoch": 10}
{"loss": 0.6930871605873108, "acc": 0.5050726532936096, "length": 1.0, "mode": "train", "epoch": 11}
{"loss": 0.6931096911430359, "acc": 0.5039203763008118, "length": 1.0, "mode": "test", "epoch": 11}
{"loss": 0.6930778622627258, "acc": 0.5058218836784363, "length": 1.0, "mode": "train", "epoch": 12}
{"loss": 0.6931130290031433, "acc": 0.5035287141799927, "length": 1.0, "mode": "test", "epoch": 12}
{"loss": 0.6930797100067139, "acc": 0.505221962928772, "length": 1.0, "mode": "train", "epoch": 13}
{"loss": 0.6930990219116211, "acc": 0.5038319230079651, "length": 1.0, "mode": "test", "epoch": 13}
{"loss": 0.693067193031311, "acc": 0.5049581527709961, "length": 1.000000238418579, "mode": "train", "epoch": 14}
{"loss": 0.6931071281433105, "acc": 0.5049446225166321, "length": 1.0, "mode": "test", "epoch": 14}
{"loss": 0.6930707097053528, "acc": 0.5054363012313843, "length": 1.0, "mode": "train", "epoch": 15}
{"loss": 0.6930922269821167, "acc": 0.5044083595275879, "length": 1.0, "mode": "test", "epoch": 15}
{"loss": 0.6930288672447205, "acc": 0.506281852722168, "length": 1.0, "mode": "train", "epoch": 16}
{"loss": 0.6930155754089355, "acc": 0.5043179392814636, "length": 1.0, "mode": "test", "epoch": 16}
{"loss": 0.6929760575294495, "acc": 0.5059804916381836, "length": 1.0, "mode": "train", "epoch": 17}
{"loss": 0.6930038928985596, "acc": 0.5066677331924438, "length": 1.0, "mode": "test", "epoch": 17}
{"loss": 0.6929506659507751, "acc": 0.5069579482078552, "length": 1.0, "mode": "train", "epoch": 18}
{"loss": 0.6929275989532471, "acc": 0.5064226984977722, "length": 1.0, "mode": "test", "epoch": 18}
{"loss": 0.6929271817207336, "acc": 0.5067604780197144, "length": 1.0, "mode": "train", "epoch": 19}
{"loss": 0.6930561065673828, "acc": 0.502884030342102, "length": 1.0, "mode": "test", "epoch": 19}
{"loss": 0.6929133534431458, "acc": 0.5067926049232483, "length": 1.0, "mode": "train", "epoch": 20}
{"loss": 0.6928807497024536, "acc": 0.5070111751556396, "length": 1.0, "mode": "test", "epoch": 20}
{"loss": 0.6928755044937134, "acc": 0.5074474215507507, "length": 1.0, "mode": "train", "epoch": 21}
{"loss": 0.6928606033325195, "acc": 0.5064367651939392, "length": 1.0, "mode": "test", "epoch": 21}
{"loss": 0.6928642988204956, "acc": 0.5079789161682129, "length": 1.0, "mode": "train", "epoch": 22}
{"loss": 0.6929296851158142, "acc": 0.5062640905380249, "length": 1.0, "mode": "test", "epoch": 22}
{"loss": 0.6928437352180481, "acc": 0.5078229904174805, "length": 1.0, "mode": "train", "epoch": 23}
{"loss": 0.6928366422653198, "acc": 0.506890594959259, "length": 1.0, "mode": "test", "epoch": 23}
{"loss": 0.6928264498710632, "acc": 0.5078905820846558, "length": 1.0, "mode": "train", "epoch": 24}
{"loss": 0.692805826663971, "acc": 0.508184015750885, "length": 1.0, "mode": "test", "epoch": 24}
{"loss": 0.6928101778030396, "acc": 0.5082929134368896, "length": 1.0, "mode": "train", "epoch": 25}
{"loss": 0.6928706169128418, "acc": 0.5087002515792847, "length": 1.0, "mode": "test", "epoch": 25}
{"loss": 0.6928024888038635, "acc": 0.5086665749549866, "length": 1.0, "mode": "train", "epoch": 26}
{"loss": 0.6927838325500488, "acc": 0.5086961388587952, "length": 1.0, "mode": "test", "epoch": 26}
{"loss": 0.6927922368049622, "acc": 0.5088492631912231, "length": 1.0, "mode": "train", "epoch": 27}
{"loss": 0.6927803158760071, "acc": 0.508593738079071, "length": 1.0, "mode": "test", "epoch": 27}
{"loss": 0.6927735805511475, "acc": 0.5085104703903198, "length": 1.0, "mode": "train", "epoch": 28}
{"loss": 0.6928132176399231, "acc": 0.5086841583251953, "length": 1.0, "mode": "test", "epoch": 28}
{"loss": 0.6927750706672668, "acc": 0.5082406997680664, "length": 1.0, "mode": "train", "epoch": 29}
{"loss": 0.6929329633712769, "acc": 0.5075975656509399, "length": 1.0, "mode": "test", "epoch": 29}
{"loss": 0.6927670240402222, "acc": 0.50864577293396, "length": 1.0, "mode": "train", "epoch": 30}
{"loss": 0.6928151845932007, "acc": 0.5074731111526489, "length": 1.0, "mode": "test", "epoch": 30}
{"loss": 0.6927545070648193, "acc": 0.5083276629447937, "length": 1.0, "mode": "train", "epoch": 31}
{"loss": 0.6927742958068848, "acc": 0.5071337223052979, "length": 1.0, "mode": "test", "epoch": 31}
{"loss": 0.6927438974380493, "acc": 0.5085272789001465, "length": 1.0, "mode": "train", "epoch": 32}
{"loss": 0.6927271485328674, "acc": 0.5084772706031799, "length": 1.0, "mode": "test", "epoch": 32}
{"loss": 0.6927317380905151, "acc": 0.5086765289306641, "length": 1.0, "mode": "train", "epoch": 33}
{"loss": 0.6927987337112427, "acc": 0.5071015954017639, "length": 1.0, "mode": "test", "epoch": 33}
{"loss": 0.6927217245101929, "acc": 0.5088003873825073, "length": 1.0, "mode": "train", "epoch": 34}
{"loss": 0.6928067803382874, "acc": 0.5087504386901855, "length": 1.0, "mode": "test", "epoch": 34}
{"loss": 0.692716658115387, "acc": 0.5087917447090149, "length": 1.0, "mode": "train", "epoch": 35}
{"loss": 0.6927794814109802, "acc": 0.5081398487091064, "length": 1.0, "mode": "test", "epoch": 35}
{"loss": 0.6927013993263245, "acc": 0.5093300342559814, "length": 1.0, "mode": "train", "epoch": 36}
{"loss": 0.6927254796028137, "acc": 0.5100719332695007, "length": 1.0, "mode": "test", "epoch": 36}
{"loss": 0.6926806569099426, "acc": 0.5101293325424194, "length": 1.0, "mode": "train", "epoch": 37}
{"loss": 0.6927508115768433, "acc": 0.5091139078140259, "length": 1.0, "mode": "test", "epoch": 37}
{"loss": 0.6926501989364624, "acc": 0.5101534724235535, "length": 1.0, "mode": "train", "epoch": 38}
{"loss": 0.6928113102912903, "acc": 0.5079029202461243, "length": 1.0, "mode": "test", "epoch": 38}
{"loss": 0.6926262974739075, "acc": 0.5103529691696167, "length": 1.0, "mode": "train", "epoch": 39}
{"loss": 0.6926986575126648, "acc": 0.5102466344833374, "length": 1.0, "mode": "test", "epoch": 39}
{"loss": 0.692583441734314, "acc": 0.5109046101570129, "length": 1.0, "mode": "train", "epoch": 40}
{"loss": 0.6927515864372253, "acc": 0.50965416431427, "length": 1.0, "mode": "test", "epoch": 40}
{"loss": 0.6925814747810364, "acc": 0.5108015537261963, "length": 1.0, "mode": "train", "epoch": 41}
{"loss": 0.6927344799041748, "acc": 0.5107668042182922, "length": 1.0, "mode": "test", "epoch": 41}
{"loss": 0.6925520300865173, "acc": 0.5112346410751343, "length": 1.0, "mode": "train", "epoch": 42}
{"loss": 0.6926088333129883, "acc": 0.5106382966041565, "length": 1.0, "mode": "test", "epoch": 42}
{"loss": 0.6925222277641296, "acc": 0.5108397603034973, "length": 1.0, "mode": "train", "epoch": 43}
{"loss": 0.6926321983337402, "acc": 0.5114657282829285, "length": 1.0, "mode": "test", "epoch": 43}
{"loss": 0.6925058364868164, "acc": 0.511389970779419, "length": 1.0, "mode": "train", "epoch": 44}
{"loss": 0.6925607919692993, "acc": 0.5106743574142456, "length": 1.0, "mode": "test", "epoch": 44}
{"loss": 0.6924742460250854, "acc": 0.5120969414710999, "length": 1.0, "mode": "train", "epoch": 45}
{"loss": 0.6925405263900757, "acc": 0.5108912587165833, "length": 1.0, "mode": "test", "epoch": 45}
{"loss": 0.6924237012863159, "acc": 0.5124638080596924, "length": 1.0, "mode": "train", "epoch": 46}
{"loss": 0.6925320029258728, "acc": 0.511620283126831, "length": 1.0, "mode": "test", "epoch": 46}
{"loss": 0.6923931837081909, "acc": 0.5132793188095093, "length": 1.0, "mode": "train", "epoch": 47}
{"loss": 0.6925306916236877, "acc": 0.5118473768234253, "length": 1.0, "mode": "test", "epoch": 47}
{"loss": 0.692365825176239, "acc": 0.5129927396774292, "length": 1.0, "mode": "train", "epoch": 48}
{"loss": 0.6925567984580994, "acc": 0.5117548704147339, "length": 1.0, "mode": "test", "epoch": 48}
{"loss": 0.6923454999923706, "acc": 0.5136039853096008, "length": 1.0, "mode": "train", "epoch": 49}
{"loss": 0.692493200302124, "acc": 0.5123212933540344, "length": 1.0, "mode": "test", "epoch": 49}
{"loss": 0.6922840476036072, "acc": 0.5137633085250854, "length": 1.0, "mode": "train", "epoch": 50}
{"loss": 0.6924116611480713, "acc": 0.5125342011451721, "length": 1.0, "mode": "test", "epoch": 50}
{"loss": 0.6922626495361328, "acc": 0.5147755742073059, "length": 1.0, "mode": "train", "epoch": 51}
{"loss": 0.6923896074295044, "acc": 0.512791097164154, "length": 1.0, "mode": "test", "epoch": 51}
{"loss": 0.6922237873077393, "acc": 0.515042781829834, "length": 1.0, "mode": "train", "epoch": 52}
{"loss": 0.6923961639404297, "acc": 0.5128917098045349, "length": 1.0, "mode": "test", "epoch": 52}
{"loss": 0.6921783685684204, "acc": 0.5155220627784729, "length": 1.0, "mode": "train", "epoch": 53}
{"loss": 0.6923962831497192, "acc": 0.5127370357513428, "length": 1.0, "mode": "test", "epoch": 53}
{"loss": 0.6921355128288269, "acc": 0.5157778263092041, "length": 1.0, "mode": "train", "epoch": 54}
{"loss": 0.6923932433128357, "acc": 0.5134037137031555, "length": 1.0, "mode": "test", "epoch": 54}
{"loss": 0.6921054124832153, "acc": 0.5158863067626953, "length": 1.0, "mode": "train", "epoch": 55}
{"loss": 0.6922336220741272, "acc": 0.5138074159622192, "length": 1.0, "mode": "test", "epoch": 55}
{"loss": 0.6920533776283264, "acc": 0.516295313835144, "length": 1.0, "mode": "train", "epoch": 56}
{"loss": 0.6922484040260315, "acc": 0.5157374143600464, "length": 1.0, "mode": "test", "epoch": 56}
{"loss": 0.692007303237915, "acc": 0.5170591473579407, "length": 1.0, "mode": "train", "epoch": 57}
{"loss": 0.6922518610954285, "acc": 0.5162957310676575, "length": 1.0, "mode": "test", "epoch": 57}
{"loss": 0.6919671297073364, "acc": 0.516761302947998, "length": 1.0, "mode": "train", "epoch": 58}
{"loss": 0.692284345626831, "acc": 0.5157636404037476, "length": 1.0, "mode": "test", "epoch": 58}
{"loss": 0.6919276118278503, "acc": 0.5176262855529785, "length": 1.0, "mode": "train", "epoch": 59}
{"loss": 0.6923282146453857, "acc": 0.51216059923172, "length": 1.0, "mode": "test", "epoch": 59}
{"loss": 0.6918641924858093, "acc": 0.5178465247154236, "length": 1.0, "mode": "train", "epoch": 60}
{"loss": 0.6920714378356934, "acc": 0.5153096914291382, "length": 1.0, "mode": "test", "epoch": 60}
test accuracy: 0.43299758434295654
