# ["--attributes=5", "--values=4", "--game_size=10", "--vocab_size_factor=3", "--n_epochs=60", "--batch_size=64", "--learning_rate=0.001", "--hidden_size=256", "--temp_update=0.97", "--temperature=2"]
Creating train_ds and val_ds...

Creating test_ds...
{"loss": 0.5302215814590454, "acc": 0.6942134499549866, "length": 4.329043388366699, "mode": "train", "epoch": 1}
{"loss": 0.3655990958213806, "acc": 0.8309609293937683, "length": 6.0, "mode": "test", "epoch": 1}
{"loss": 0.2931359112262726, "acc": 0.8703427314758301, "length": 5.999566555023193, "mode": "train", "epoch": 2}
{"loss": 0.2840912938117981, "acc": 0.8790298700332642, "length": 6.0, "mode": "test", "epoch": 2}
{"loss": 0.2514038681983948, "acc": 0.8919219970703125, "length": 5.999825477600098, "mode": "train", "epoch": 3}
{"loss": 0.25313568115234375, "acc": 0.8956812620162964, "length": 6.0, "mode": "test", "epoch": 3}
{"loss": 0.22262533009052277, "acc": 0.9103033542633057, "length": 5.999911308288574, "mode": "train", "epoch": 4}
{"loss": 0.22487273812294006, "acc": 0.9095065593719482, "length": 6.0, "mode": "test", "epoch": 4}
{"loss": 0.2022646963596344, "acc": 0.9188106656074524, "length": 5.999962329864502, "mode": "train", "epoch": 5}
{"loss": 0.2095191329717636, "acc": 0.9152203798294067, "length": 6.0, "mode": "test", "epoch": 5}
{"loss": 0.18644987046718597, "acc": 0.9264969825744629, "length": 5.999971866607666, "mode": "train", "epoch": 6}
{"loss": 0.19872337579727173, "acc": 0.9197245240211487, "length": 6.0, "mode": "test", "epoch": 6}
{"loss": 0.17289772629737854, "acc": 0.9329068660736084, "length": 5.999989986419678, "mode": "train", "epoch": 7}
{"loss": 0.18839329481124878, "acc": 0.9274592399597168, "length": 6.0, "mode": "test", "epoch": 7}
{"loss": 0.1635216474533081, "acc": 0.9390336871147156, "length": 5.999995231628418, "mode": "train", "epoch": 8}
{"loss": 0.16897636651992798, "acc": 0.9366090893745422, "length": 6.0, "mode": "test", "epoch": 8}
{"loss": 0.15770933032035828, "acc": 0.9416272640228271, "length": 5.999999046325684, "mode": "train", "epoch": 9}
{"loss": 0.1710679978132248, "acc": 0.9367685317993164, "length": 6.0, "mode": "test", "epoch": 9}
{"loss": 0.15414731204509735, "acc": 0.9430794715881348, "length": 6.0, "mode": "train", "epoch": 10}
{"loss": 0.16426633298397064, "acc": 0.9409398436546326, "length": 6.0, "mode": "test", "epoch": 10}
{"loss": 0.16321007907390594, "acc": 0.9382302165031433, "length": 6.0, "mode": "train", "epoch": 11}
{"loss": 0.1744222342967987, "acc": 0.9342434406280518, "length": 6.0, "mode": "test", "epoch": 11}
{"loss": 0.1538999080657959, "acc": 0.9429398775100708, "length": 6.0, "mode": "train", "epoch": 12}
{"loss": 0.15975289046764374, "acc": 0.940449595451355, "length": 6.0, "mode": "test", "epoch": 12}
{"loss": 0.15091454982757568, "acc": 0.9442167282104492, "length": 6.0, "mode": "train", "epoch": 13}
{"loss": 0.15683691203594208, "acc": 0.9439154863357544, "length": 6.0, "mode": "test", "epoch": 13}
{"loss": 0.15222007036209106, "acc": 0.9433059692382812, "length": 6.0, "mode": "train", "epoch": 14}
{"loss": 0.15879103541374207, "acc": 0.9415319561958313, "length": 6.0, "mode": "test", "epoch": 14}
{"loss": 0.1551249921321869, "acc": 0.9422849416732788, "length": 6.0, "mode": "train", "epoch": 15}
{"loss": 0.1639154702425003, "acc": 0.9402962327003479, "length": 6.0, "mode": "test", "epoch": 15}
{"loss": 0.15347270667552948, "acc": 0.94300776720047, "length": 6.0, "mode": "train", "epoch": 16}
{"loss": 0.16050079464912415, "acc": 0.9405930042266846, "length": 6.0, "mode": "test", "epoch": 16}
{"loss": 0.15210629999637604, "acc": 0.9434640407562256, "length": 6.0, "mode": "train", "epoch": 17}
{"loss": 0.1581699103116989, "acc": 0.9421775937080383, "length": 6.0, "mode": "test", "epoch": 17}
{"loss": 0.15106791257858276, "acc": 0.9433711171150208, "length": 6.0, "mode": "train", "epoch": 18}
{"loss": 0.15778738260269165, "acc": 0.9415398240089417, "length": 6.0, "mode": "test", "epoch": 18}
{"loss": 0.14777183532714844, "acc": 0.9445542693138123, "length": 6.0, "mode": "train", "epoch": 19}
{"loss": 0.15135948359966278, "acc": 0.9447743892669678, "length": 6.0, "mode": "test", "epoch": 19}
{"loss": 0.14577065408229828, "acc": 0.9453161358833313, "length": 6.0, "mode": "train", "epoch": 20}
{"loss": 0.15115569531917572, "acc": 0.9438178539276123, "length": 6.0, "mode": "test", "epoch": 20}
{"loss": 0.1511489897966385, "acc": 0.9430249929428101, "length": 6.0, "mode": "train", "epoch": 21}
{"loss": 0.1631566882133484, "acc": 0.9380320310592651, "length": 6.0, "mode": "test", "epoch": 21}
{"loss": 0.15735173225402832, "acc": 0.9402888417243958, "length": 6.0, "mode": "train", "epoch": 22}
{"loss": 0.16176056861877441, "acc": 0.9398398399353027, "length": 6.0, "mode": "test", "epoch": 22}
{"loss": 0.15079320967197418, "acc": 0.9430966973304749, "length": 6.0, "mode": "train", "epoch": 23}
{"loss": 0.16312618553638458, "acc": 0.9397978782653809, "length": 6.0, "mode": "test", "epoch": 23}
{"loss": 0.1469545066356659, "acc": 0.9449501633644104, "length": 6.0, "mode": "train", "epoch": 24}
{"loss": 0.16192074120044708, "acc": 0.9398437142372131, "length": 6.0, "mode": "test", "epoch": 24}
{"loss": 0.14750510454177856, "acc": 0.9441820979118347, "length": 6.0, "mode": "train", "epoch": 25}
{"loss": 0.15215131640434265, "acc": 0.9444295167922974, "length": 6.0, "mode": "test", "epoch": 25}
{"loss": 0.1458612084388733, "acc": 0.9450682997703552, "length": 6.0, "mode": "train", "epoch": 26}
{"loss": 0.15428748726844788, "acc": 0.9428312182426453, "length": 6.0, "mode": "test", "epoch": 26}
{"loss": 0.15070171654224396, "acc": 0.9433432221412659, "length": 6.0, "mode": "train", "epoch": 27}
{"loss": 0.15983512997627258, "acc": 0.9403281211853027, "length": 6.0, "mode": "test", "epoch": 27}
{"loss": 0.15412704646587372, "acc": 0.9421168565750122, "length": 6.0, "mode": "train", "epoch": 28}
{"loss": 0.15907175838947296, "acc": 0.9400349855422974, "length": 6.0, "mode": "test", "epoch": 28}
{"loss": 0.14834114909172058, "acc": 0.9443469047546387, "length": 6.0, "mode": "train", "epoch": 29}
{"loss": 0.15586207807064056, "acc": 0.9419224858283997, "length": 6.0, "mode": "test", "epoch": 29}
{"loss": 0.1515752077102661, "acc": 0.9428489208221436, "length": 6.0, "mode": "train", "epoch": 30}
{"loss": 0.16111688315868378, "acc": 0.9389410018920898, "length": 6.0, "mode": "test", "epoch": 30}
{"loss": 0.15183664858341217, "acc": 0.9426656365394592, "length": 6.0, "mode": "train", "epoch": 31}
{"loss": 0.16936685144901276, "acc": 0.9376375675201416, "length": 6.0, "mode": "test", "epoch": 31}
{"loss": 0.15910091996192932, "acc": 0.9398868680000305, "length": 6.0, "mode": "train", "epoch": 32}
{"loss": 0.1624254733324051, "acc": 0.9403937458992004, "length": 6.0, "mode": "test", "epoch": 32}
{"loss": 0.16046731173992157, "acc": 0.9394158124923706, "length": 6.0, "mode": "train", "epoch": 33}
{"loss": 0.16421514749526978, "acc": 0.9386080503463745, "length": 6.0, "mode": "test", "epoch": 33}
{"loss": 0.16067612171173096, "acc": 0.9394213557243347, "length": 6.0, "mode": "train", "epoch": 34}
{"loss": 0.17099221050739288, "acc": 0.9365552663803101, "length": 6.0, "mode": "test", "epoch": 34}
{"loss": 0.15964902937412262, "acc": 0.9396869540214539, "length": 6.0, "mode": "train", "epoch": 35}
{"loss": 0.1929057389497757, "acc": 0.9264727234840393, "length": 6.0, "mode": "test", "epoch": 35}
{"loss": 0.17452165484428406, "acc": 0.9325326085090637, "length": 6.0, "mode": "train", "epoch": 36}
{"loss": 0.1780388504266739, "acc": 0.9306560158729553, "length": 6.0, "mode": "test", "epoch": 36}
{"loss": 0.16376298666000366, "acc": 0.9376509189605713, "length": 6.0, "mode": "train", "epoch": 37}
{"loss": 0.17210757732391357, "acc": 0.9361965656280518, "length": 6.0, "mode": "test", "epoch": 37}
{"loss": 0.1626873016357422, "acc": 0.938289225101471, "length": 6.0, "mode": "train", "epoch": 38}
{"loss": 0.16573895514011383, "acc": 0.9380499124526978, "length": 6.0, "mode": "test", "epoch": 38}
{"loss": 0.1632968783378601, "acc": 0.938406229019165, "length": 6.0, "mode": "train", "epoch": 39}
{"loss": 0.16742795705795288, "acc": 0.9380342364311218, "length": 6.0, "mode": "test", "epoch": 39}
{"loss": 0.17000824213027954, "acc": 0.9357498288154602, "length": 6.0, "mode": "train", "epoch": 40}
{"loss": 0.20148013532161713, "acc": 0.9243603348731995, "length": 6.0, "mode": "test", "epoch": 40}
{"loss": 0.175959974527359, "acc": 0.9336758852005005, "length": 6.0, "mode": "train", "epoch": 41}
{"loss": 0.17548221349716187, "acc": 0.934197723865509, "length": 6.0, "mode": "test", "epoch": 41}
{"loss": 0.17744159698486328, "acc": 0.9328215718269348, "length": 6.0, "mode": "train", "epoch": 42}
{"loss": 0.17724856734275818, "acc": 0.9330376386642456, "length": 6.0, "mode": "test", "epoch": 42}
{"loss": 0.16838306188583374, "acc": 0.9366472363471985, "length": 6.0, "mode": "train", "epoch": 43}
{"loss": 0.17699559032917023, "acc": 0.9332209825515747, "length": 6.0, "mode": "test", "epoch": 43}
{"loss": 0.1719323694705963, "acc": 0.9349014163017273, "length": 6.0, "mode": "train", "epoch": 44}
{"loss": 0.17782633006572723, "acc": 0.9334403872489929, "length": 6.0, "mode": "test", "epoch": 44}
{"loss": 0.1717456877231598, "acc": 0.935590386390686, "length": 6.0, "mode": "train", "epoch": 45}
{"loss": 0.1722652018070221, "acc": 0.9356086254119873, "length": 6.0, "mode": "test", "epoch": 45}
{"loss": 0.1730358749628067, "acc": 0.934743344783783, "length": 6.0, "mode": "train", "epoch": 46}
{"loss": 0.22676526010036469, "acc": 0.9091457724571228, "length": 6.0, "mode": "test", "epoch": 46}
{"loss": 0.19718030095100403, "acc": 0.9227596521377563, "length": 6.0, "mode": "train", "epoch": 47}
{"loss": 0.19952625036239624, "acc": 0.9231724143028259, "length": 6.0, "mode": "test", "epoch": 47}
{"loss": 0.19092436134815216, "acc": 0.9260146021842957, "length": 6.0, "mode": "train", "epoch": 48}
{"loss": 0.20090752840042114, "acc": 0.9221739768981934, "length": 6.0, "mode": "test", "epoch": 48}
{"loss": 0.18814079463481903, "acc": 0.9277783036231995, "length": 6.0, "mode": "train", "epoch": 49}
{"loss": 0.20265506207942963, "acc": 0.9220762252807617, "length": 6.0, "mode": "test", "epoch": 49}
{"loss": 0.19836920499801636, "acc": 0.9224068522453308, "length": 6.0, "mode": "train", "epoch": 50}
{"loss": 0.18948815762996674, "acc": 0.9273775815963745, "length": 6.0, "mode": "test", "epoch": 50}
{"loss": 0.18364228308200836, "acc": 0.9294954538345337, "length": 6.0, "mode": "train", "epoch": 51}
{"loss": 0.18212413787841797, "acc": 0.9307437539100647, "length": 6.0, "mode": "test", "epoch": 51}
{"loss": 0.19493362307548523, "acc": 0.9237017035484314, "length": 6.0, "mode": "train", "epoch": 52}
{"loss": 0.2009168118238449, "acc": 0.9210000038146973, "length": 6.0, "mode": "test", "epoch": 52}
{"loss": 0.197254478931427, "acc": 0.9227311015129089, "length": 6.0, "mode": "train", "epoch": 53}
{"loss": 0.19410349428653717, "acc": 0.9243025779724121, "length": 6.0, "mode": "test", "epoch": 53}
{"loss": 0.18819642066955566, "acc": 0.9266676902770996, "length": 6.0, "mode": "train", "epoch": 54}
{"loss": 0.19373801350593567, "acc": 0.9243543148040771, "length": 6.0, "mode": "test", "epoch": 54}
{"loss": 0.1851702183485031, "acc": 0.9278826117515564, "length": 6.0, "mode": "train", "epoch": 55}
{"loss": 0.18932640552520752, "acc": 0.9262675642967224, "length": 6.0, "mode": "test", "epoch": 55}
{"loss": 0.18358537554740906, "acc": 0.9287183880805969, "length": 6.0, "mode": "train", "epoch": 56}
{"loss": 0.1905493140220642, "acc": 0.92574542760849, "length": 6.0, "mode": "test", "epoch": 56}
{"loss": 0.18876884877681732, "acc": 0.9259768724441528, "length": 6.0, "mode": "train", "epoch": 57}
{"loss": 0.2109217494726181, "acc": 0.9167709946632385, "length": 6.0, "mode": "test", "epoch": 57}
{"loss": 0.2051091343164444, "acc": 0.9191612005233765, "length": 6.0, "mode": "train", "epoch": 58}
{"loss": 0.2128535807132721, "acc": 0.9164222478866577, "length": 6.0, "mode": "test", "epoch": 58}
{"loss": 0.19638001918792725, "acc": 0.9235780835151672, "length": 6.0, "mode": "train", "epoch": 59}
{"loss": 0.19500409066677094, "acc": 0.9243901968002319, "length": 6.0, "mode": "test", "epoch": 59}
{"loss": 0.18239685893058777, "acc": 0.930306613445282, "length": 6.0, "mode": "train", "epoch": 60}
{"loss": 0.18058770895004272, "acc": 0.9317461848258972, "length": 6.0, "mode": "test", "epoch": 60}
test accuracy: 0.9261770248413086
