# ["--attributes=5", "--values=4", "--game_size=10", "--vocab_size_factor=3", "--n_epochs=60", "--batch_size=128", "--learning_rate=0.0005", "--hidden_size=128", "--temp_update=0.97", "--temperature=1"]
Creating train_ds and val_ds...

Creating test_ds...
{"loss": 0.5129178166389465, "acc": 0.7360764145851135, "length": 5.81697416305542, "mode": "train", "epoch": 1}
{"loss": 0.42537081241607666, "acc": 0.803990364074707, "length": 6.0, "mode": "test", "epoch": 1}
{"loss": 0.3865148723125458, "acc": 0.8261346817016602, "length": 5.99944543838501, "mode": "train", "epoch": 2}
{"loss": 0.352701336145401, "acc": 0.8445754051208496, "length": 6.0, "mode": "test", "epoch": 2}
{"loss": 0.33307015895843506, "acc": 0.852849006652832, "length": 5.999792098999023, "mode": "train", "epoch": 3}
{"loss": 0.3183344304561615, "acc": 0.8623958230018616, "length": 6.0, "mode": "test", "epoch": 3}
{"loss": 0.2983075976371765, "acc": 0.872771680355072, "length": 5.999935626983643, "mode": "train", "epoch": 4}
{"loss": 0.28749868273735046, "acc": 0.8783954381942749, "length": 6.0, "mode": "test", "epoch": 4}
{"loss": 0.2757745385169983, "acc": 0.8846652507781982, "length": 5.999971866607666, "mode": "train", "epoch": 5}
{"loss": 0.2760606110095978, "acc": 0.8839262127876282, "length": 6.0, "mode": "test", "epoch": 5}
{"loss": 0.26343080401420593, "acc": 0.8910233974456787, "length": 5.9999799728393555, "mode": "train", "epoch": 6}
{"loss": 0.2612729072570801, "acc": 0.8918910622596741, "length": 6.0, "mode": "test", "epoch": 6}
{"loss": 0.25814422965049744, "acc": 0.8930549025535583, "length": 5.999972343444824, "mode": "train", "epoch": 7}
{"loss": 0.2530292570590973, "acc": 0.8951783776283264, "length": 6.0, "mode": "test", "epoch": 7}
{"loss": 0.24667906761169434, "acc": 0.8982557654380798, "length": 5.999988555908203, "mode": "train", "epoch": 8}
{"loss": 0.2453836053609848, "acc": 0.8995273113250732, "length": 6.0, "mode": "test", "epoch": 8}
{"loss": 0.24264001846313477, "acc": 0.9004307389259338, "length": 5.999996662139893, "mode": "train", "epoch": 9}
{"loss": 0.23695483803749084, "acc": 0.9032371044158936, "length": 6.0, "mode": "test", "epoch": 9}
{"loss": 0.23561054468154907, "acc": 0.9042250514030457, "length": 5.999997138977051, "mode": "train", "epoch": 10}
{"loss": 0.2347373068332672, "acc": 0.9047456383705139, "length": 6.0, "mode": "test", "epoch": 10}
{"loss": 0.22699479758739471, "acc": 0.90761798620224, "length": 5.999998092651367, "mode": "train", "epoch": 11}
{"loss": 0.23300817608833313, "acc": 0.9060297012329102, "length": 6.0, "mode": "test", "epoch": 11}
{"loss": 0.22130919992923737, "acc": 0.9094618558883667, "length": 5.999998569488525, "mode": "train", "epoch": 12}
{"loss": 0.21475635468959808, "acc": 0.9126883745193481, "length": 6.0, "mode": "test", "epoch": 12}
{"loss": 0.21751393377780914, "acc": 0.9114013314247131, "length": 5.99998664855957, "mode": "train", "epoch": 13}
{"loss": 0.2133791744709015, "acc": 0.9130628705024719, "length": 6.0, "mode": "test", "epoch": 13}
{"loss": 0.2126884162425995, "acc": 0.9132298827171326, "length": 5.999998569488525, "mode": "train", "epoch": 14}
{"loss": 0.21860341727733612, "acc": 0.9112699627876282, "length": 6.0, "mode": "test", "epoch": 14}
{"loss": 0.2197979837656021, "acc": 0.9097973704338074, "length": 5.999999523162842, "mode": "train", "epoch": 15}
{"loss": 0.2418304979801178, "acc": 0.8998598456382751, "length": 6.0, "mode": "test", "epoch": 15}
{"loss": 0.22667349874973297, "acc": 0.9050024151802063, "length": 5.999998569488525, "mode": "train", "epoch": 16}
{"loss": 0.22143588960170746, "acc": 0.9081210494041443, "length": 6.0, "mode": "test", "epoch": 16}
{"loss": 0.21747656166553497, "acc": 0.9104598760604858, "length": 5.999997615814209, "mode": "train", "epoch": 17}
{"loss": 0.2222396582365036, "acc": 0.9094631671905518, "length": 6.0, "mode": "test", "epoch": 17}
{"loss": 0.23312142491340637, "acc": 0.9049006700515747, "length": 5.9999918937683105, "mode": "train", "epoch": 18}
{"loss": 0.2229406237602234, "acc": 0.9112799763679504, "length": 6.0, "mode": "test", "epoch": 18}
{"loss": 0.21139048039913177, "acc": 0.9142281413078308, "length": 6.0, "mode": "train", "epoch": 19}
{"loss": 0.20800724625587463, "acc": 0.9163180589675903, "length": 6.0, "mode": "test", "epoch": 19}
{"loss": 0.2175455540418625, "acc": 0.9121655821800232, "length": 6.0, "mode": "train", "epoch": 20}
{"loss": 0.2155073583126068, "acc": 0.9125520586967468, "length": 6.0, "mode": "test", "epoch": 20}
{"loss": 0.20949038863182068, "acc": 0.9148621559143066, "length": 6.0, "mode": "train", "epoch": 21}
{"loss": 0.21177907288074493, "acc": 0.9135997891426086, "length": 6.0, "mode": "test", "epoch": 21}
{"loss": 0.21911095082759857, "acc": 0.91083163022995, "length": 5.999998569488525, "mode": "train", "epoch": 22}
{"loss": 0.23727869987487793, "acc": 0.9003084897994995, "length": 6.0, "mode": "test", "epoch": 22}
{"loss": 0.22493688762187958, "acc": 0.9062469601631165, "length": 6.0, "mode": "train", "epoch": 23}
{"loss": 0.2255241721868515, "acc": 0.9070273637771606, "length": 6.0, "mode": "test", "epoch": 23}
{"loss": 0.2277088761329651, "acc": 0.9076148867607117, "length": 6.0, "mode": "train", "epoch": 24}
{"loss": 0.212768092751503, "acc": 0.9150159955024719, "length": 6.0, "mode": "test", "epoch": 24}
{"loss": 0.2177378535270691, "acc": 0.912172257900238, "length": 5.999998569488525, "mode": "train", "epoch": 25}
{"loss": 0.2036726027727127, "acc": 0.9188640713691711, "length": 6.0, "mode": "test", "epoch": 25}
{"loss": 0.2090342789888382, "acc": 0.9158937335014343, "length": 6.0, "mode": "train", "epoch": 26}
{"loss": 0.20401769876480103, "acc": 0.918944239616394, "length": 6.0, "mode": "test", "epoch": 26}
{"loss": 0.211085245013237, "acc": 0.9153085350990295, "length": 6.0, "mode": "train", "epoch": 27}
{"loss": 0.22392064332962036, "acc": 0.9086078405380249, "length": 6.0, "mode": "test", "epoch": 27}
{"loss": 0.21427492797374725, "acc": 0.9134613275527954, "length": 5.999999046325684, "mode": "train", "epoch": 28}
{"loss": 0.20638185739517212, "acc": 0.9173817038536072, "length": 6.0, "mode": "test", "epoch": 28}
{"loss": 0.20540772378444672, "acc": 0.9172667860984802, "length": 5.999996662139893, "mode": "train", "epoch": 29}
{"loss": 0.1992207169532776, "acc": 0.9194872975349426, "length": 6.0, "mode": "test", "epoch": 29}
{"loss": 0.21850715577602386, "acc": 0.9120187759399414, "length": 6.0, "mode": "train", "epoch": 30}
{"loss": 0.20916366577148438, "acc": 0.9164704084396362, "length": 6.0, "mode": "test", "epoch": 30}
{"loss": 0.21972811222076416, "acc": 0.9118887782096863, "length": 6.0, "mode": "train", "epoch": 31}
{"loss": 0.22687235474586487, "acc": 0.9089803099632263, "length": 6.0, "mode": "test", "epoch": 31}
{"loss": 0.21873080730438232, "acc": 0.9120969772338867, "length": 5.999999523162842, "mode": "train", "epoch": 32}
{"loss": 0.22654521465301514, "acc": 0.9070092439651489, "length": 6.0, "mode": "test", "epoch": 32}
{"loss": 0.22076433897018433, "acc": 0.9114664196968079, "length": 6.0, "mode": "train", "epoch": 33}
{"loss": 0.2053815722465515, "acc": 0.917954683303833, "length": 6.0, "mode": "test", "epoch": 33}
{"loss": 0.2063337117433548, "acc": 0.917734682559967, "length": 5.999999046325684, "mode": "train", "epoch": 34}
{"loss": 0.20817208290100098, "acc": 0.9173438549041748, "length": 6.0, "mode": "test", "epoch": 34}
{"loss": 0.22986336052417755, "acc": 0.9074807167053223, "length": 5.999999046325684, "mode": "train", "epoch": 35}
{"loss": 0.266120046377182, "acc": 0.8893610239028931, "length": 6.0, "mode": "test", "epoch": 35}
{"loss": 0.24598786234855652, "acc": 0.8994421362876892, "length": 5.999999523162842, "mode": "train", "epoch": 36}
{"loss": 0.23152881860733032, "acc": 0.9058234095573425, "length": 6.0, "mode": "test", "epoch": 36}
{"loss": 0.22056737542152405, "acc": 0.9108655452728271, "length": 5.999995231628418, "mode": "train", "epoch": 37}
{"loss": 0.22259089350700378, "acc": 0.9094511866569519, "length": 6.0, "mode": "test", "epoch": 37}
{"loss": 0.21658508479595184, "acc": 0.9126240015029907, "length": 5.999998092651367, "mode": "train", "epoch": 38}
{"loss": 0.22047527134418488, "acc": 0.9120011329650879, "length": 6.0, "mode": "test", "epoch": 38}
{"loss": 0.21835359930992126, "acc": 0.9123280048370361, "length": 5.999993801116943, "mode": "train", "epoch": 39}
{"loss": 0.2193567007780075, "acc": 0.9111238718032837, "length": 6.0, "mode": "test", "epoch": 39}
{"loss": 0.21863339841365814, "acc": 0.9116658568382263, "length": 6.0, "mode": "train", "epoch": 40}
{"loss": 0.22611373662948608, "acc": 0.9074077606201172, "length": 6.0, "mode": "test", "epoch": 40}
{"loss": 0.2116682529449463, "acc": 0.9141694903373718, "length": 5.999998569488525, "mode": "train", "epoch": 41}
{"loss": 0.2057056725025177, "acc": 0.9173316359519958, "length": 6.0, "mode": "test", "epoch": 41}
{"loss": 0.21804241836071014, "acc": 0.9126746654510498, "length": 5.999998569488525, "mode": "train", "epoch": 42}
{"loss": 0.2172170877456665, "acc": 0.9125539660453796, "length": 6.0, "mode": "test", "epoch": 42}
{"loss": 0.20704899728298187, "acc": 0.9172704219818115, "length": 6.0, "mode": "train", "epoch": 43}
{"loss": 0.19997824728488922, "acc": 0.9206569790840149, "length": 6.0, "mode": "test", "epoch": 43}
{"loss": 0.19976112246513367, "acc": 0.9201876521110535, "length": 6.0, "mode": "train", "epoch": 44}
{"loss": 0.20476819574832916, "acc": 0.9181531071662903, "length": 6.0, "mode": "test", "epoch": 44}
{"loss": 0.20329433679580688, "acc": 0.9186937808990479, "length": 5.999989986419678, "mode": "train", "epoch": 45}
{"loss": 0.1999116837978363, "acc": 0.920378565788269, "length": 6.0, "mode": "test", "epoch": 45}
{"loss": 0.1993122100830078, "acc": 0.9207067489624023, "length": 6.0, "mode": "train", "epoch": 46}
{"loss": 0.2026364505290985, "acc": 0.9197554588317871, "length": 6.0, "mode": "test", "epoch": 46}
{"loss": 0.2061423808336258, "acc": 0.9176138639450073, "length": 6.0, "mode": "train", "epoch": 47}
{"loss": 0.20590443909168243, "acc": 0.9171774983406067, "length": 6.0, "mode": "test", "epoch": 47}
{"loss": 0.2189679592847824, "acc": 0.911777913570404, "length": 5.9999918937683105, "mode": "train", "epoch": 48}
{"loss": 0.23140506446361542, "acc": 0.906810998916626, "length": 6.0, "mode": "test", "epoch": 48}
{"loss": 0.22669091820716858, "acc": 0.9079718589782715, "length": 6.0, "mode": "train", "epoch": 49}
{"loss": 0.2212792932987213, "acc": 0.9098037481307983, "length": 6.0, "mode": "test", "epoch": 49}
{"loss": 0.2365390658378601, "acc": 0.9023640751838684, "length": 6.0, "mode": "train", "epoch": 50}
{"loss": 0.24985788762569427, "acc": 0.8963322043418884, "length": 6.0, "mode": "test", "epoch": 50}
{"loss": 0.25273293256759644, "acc": 0.8947558403015137, "length": 5.999999046325684, "mode": "train", "epoch": 51}
{"loss": 0.25441429018974304, "acc": 0.8948798775672913, "length": 6.0, "mode": "test", "epoch": 51}
{"loss": 0.2578560411930084, "acc": 0.8927500247955322, "length": 6.0, "mode": "train", "epoch": 52}
{"loss": 0.31362059712409973, "acc": 0.8708673715591431, "length": 6.0, "mode": "test", "epoch": 52}
{"loss": 0.25191012024879456, "acc": 0.8957067728042603, "length": 5.999999046325684, "mode": "train", "epoch": 53}
{"loss": 0.2313930243253708, "acc": 0.9050642251968384, "length": 6.0, "mode": "test", "epoch": 53}
{"loss": 0.23407422006130219, "acc": 0.9049617648124695, "length": 6.0, "mode": "train", "epoch": 54}
{"loss": 0.22510108351707458, "acc": 0.9089223146438599, "length": 6.0, "mode": "test", "epoch": 54}
{"loss": 0.2233126312494278, "acc": 0.910061776638031, "length": 6.0, "mode": "train", "epoch": 55}
{"loss": 0.21750681102275848, "acc": 0.9123697280883789, "length": 6.0, "mode": "test", "epoch": 55}
{"loss": 0.22048790752887726, "acc": 0.9109932780265808, "length": 6.0, "mode": "train", "epoch": 56}
{"loss": 0.2236073613166809, "acc": 0.9107252359390259, "length": 6.0, "mode": "test", "epoch": 56}
{"loss": 0.22789685428142548, "acc": 0.9069762825965881, "length": 6.0, "mode": "train", "epoch": 57}
{"loss": 0.22929027676582336, "acc": 0.9063402414321899, "length": 6.0, "mode": "test", "epoch": 57}
{"loss": 0.22668422758579254, "acc": 0.9067927598953247, "length": 5.999999046325684, "mode": "train", "epoch": 58}
{"loss": 0.22230108082294464, "acc": 0.908926248550415, "length": 6.0, "mode": "test", "epoch": 58}
{"loss": 0.21494273841381073, "acc": 0.9119640588760376, "length": 5.999998569488525, "mode": "train", "epoch": 59}
{"loss": 0.20956194400787354, "acc": 0.914839506149292, "length": 6.0, "mode": "test", "epoch": 59}
{"loss": 0.21920181810855865, "acc": 0.910679042339325, "length": 6.0, "mode": "train", "epoch": 60}
{"loss": 0.2108781337738037, "acc": 0.9156751036643982, "length": 6.0, "mode": "test", "epoch": 60}
test accuracy: 0.9105459451675415
