# ["--attributes=5", "--values=4", "--game_size=10", "--vocab_size_factor=3", "--n_epochs=60", "--batch_size=128", "--learning_rate=0.0005", "--hidden_size=128", "--temp_update=0.99", "--temperature=1"]
Creating train_ds and val_ds...

Creating test_ds...
{"loss": 0.5074895620346069, "acc": 0.7406117916107178, "length": 5.857027530670166, "mode": "train", "epoch": 1}
{"loss": 0.4319005608558655, "acc": 0.7956750392913818, "length": 6.0, "mode": "test", "epoch": 1}
{"loss": 0.38327351212501526, "acc": 0.8211474418640137, "length": 5.999722957611084, "mode": "train", "epoch": 2}
{"loss": 0.36455509066581726, "acc": 0.8301802277565002, "length": 6.0, "mode": "test", "epoch": 2}
{"loss": 0.3415195941925049, "acc": 0.8429995775222778, "length": 5.999913692474365, "mode": "train", "epoch": 3}
{"loss": 0.3260875344276428, "acc": 0.8483994007110596, "length": 6.0, "mode": "test", "epoch": 3}
{"loss": 0.3146880269050598, "acc": 0.857789158821106, "length": 5.999939918518066, "mode": "train", "epoch": 4}
{"loss": 0.3127802014350891, "acc": 0.8568809032440186, "length": 6.0, "mode": "test", "epoch": 4}
{"loss": 0.3005695939064026, "acc": 0.8688872456550598, "length": 5.9999494552612305, "mode": "train", "epoch": 5}
{"loss": 0.2895573079586029, "acc": 0.8754506707191467, "length": 6.0, "mode": "test", "epoch": 5}
{"loss": 0.2786065638065338, "acc": 0.8804534077644348, "length": 5.999988079071045, "mode": "train", "epoch": 6}
{"loss": 0.2793990671634674, "acc": 0.8799117803573608, "length": 6.0, "mode": "test", "epoch": 6}
{"loss": 0.26581913232803345, "acc": 0.8857577443122864, "length": 5.999971866607666, "mode": "train", "epoch": 7}
{"loss": 0.2669220566749573, "acc": 0.8844670057296753, "length": 6.0, "mode": "test", "epoch": 7}
{"loss": 0.2706657946109772, "acc": 0.8835498690605164, "length": 5.999969005584717, "mode": "train", "epoch": 8}
{"loss": 0.25623270869255066, "acc": 0.8891225457191467, "length": 6.0, "mode": "test", "epoch": 8}
{"loss": 0.2560473084449768, "acc": 0.8881838917732239, "length": 5.999969959259033, "mode": "train", "epoch": 9}
{"loss": 0.25728145241737366, "acc": 0.8866347074508667, "length": 6.0, "mode": "test", "epoch": 9}
{"loss": 0.24920742213726044, "acc": 0.8903048634529114, "length": 5.999995231628418, "mode": "train", "epoch": 10}
{"loss": 0.24434025585651398, "acc": 0.8923739194869995, "length": 6.0, "mode": "test", "epoch": 10}
{"loss": 0.2455167919397354, "acc": 0.8919220566749573, "length": 5.999995231628418, "mode": "train", "epoch": 11}
{"loss": 0.24755693972110748, "acc": 0.89142245054245, "length": 6.0, "mode": "test", "epoch": 11}
{"loss": 0.2410251498222351, "acc": 0.8936356902122498, "length": 5.999997615814209, "mode": "train", "epoch": 12}
{"loss": 0.2430504858493805, "acc": 0.8959053754806519, "length": 6.0, "mode": "test", "epoch": 12}
{"loss": 0.24909521639347076, "acc": 0.8912866711616516, "length": 5.999994277954102, "mode": "train", "epoch": 13}
{"loss": 0.24799275398254395, "acc": 0.893223226070404, "length": 6.0, "mode": "test", "epoch": 13}
{"loss": 0.24135419726371765, "acc": 0.8937980532646179, "length": 5.999998092651367, "mode": "train", "epoch": 14}
{"loss": 0.23556196689605713, "acc": 0.8952824473381042, "length": 6.0, "mode": "test", "epoch": 14}
{"loss": 0.23393282294273376, "acc": 0.8961242437362671, "length": 5.999997615814209, "mode": "train", "epoch": 15}
{"loss": 0.2385960817337036, "acc": 0.8963380455970764, "length": 6.0, "mode": "test", "epoch": 15}
{"loss": 0.24591663479804993, "acc": 0.8923680782318115, "length": 6.0, "mode": "train", "epoch": 16}
{"loss": 0.26648983359336853, "acc": 0.8872396349906921, "length": 6.0, "mode": "test", "epoch": 16}
{"loss": 0.2541366517543793, "acc": 0.8885204195976257, "length": 5.999999046325684, "mode": "train", "epoch": 17}
{"loss": 0.24856537580490112, "acc": 0.8931109309196472, "length": 6.0, "mode": "test", "epoch": 17}
{"loss": 0.23910968005657196, "acc": 0.8945848941802979, "length": 5.999995231628418, "mode": "train", "epoch": 18}
{"loss": 0.246226504445076, "acc": 0.8924698829650879, "length": 6.0, "mode": "test", "epoch": 18}
{"loss": 0.24935683608055115, "acc": 0.8910355567932129, "length": 5.999999523162842, "mode": "train", "epoch": 19}
{"loss": 0.2335852086544037, "acc": 0.8983973860740662, "length": 6.0, "mode": "test", "epoch": 19}
{"loss": 0.2312963306903839, "acc": 0.89747554063797, "length": 6.0, "mode": "train", "epoch": 20}
{"loss": 0.22943946719169617, "acc": 0.8979806900024414, "length": 6.0, "mode": "test", "epoch": 20}
{"loss": 0.24417702853679657, "acc": 0.892875611782074, "length": 5.999999046325684, "mode": "train", "epoch": 21}
{"loss": 0.24070797860622406, "acc": 0.8944371938705444, "length": 6.0, "mode": "test", "epoch": 21}
{"loss": 0.23986218869686127, "acc": 0.8945977687835693, "length": 6.0, "mode": "train", "epoch": 22}
{"loss": 0.235016867518425, "acc": 0.8965144753456116, "length": 6.0, "mode": "test", "epoch": 22}
{"loss": 0.2297876477241516, "acc": 0.8980622887611389, "length": 6.0, "mode": "train", "epoch": 23}
{"loss": 0.22592222690582275, "acc": 0.9001282453536987, "length": 6.0, "mode": "test", "epoch": 23}
{"loss": 0.22823575139045715, "acc": 0.8981313705444336, "length": 6.0, "mode": "train", "epoch": 24}
{"loss": 0.2284899801015854, "acc": 0.8988742828369141, "length": 6.0, "mode": "test", "epoch": 24}
{"loss": 0.23297180235385895, "acc": 0.8967717885971069, "length": 6.0, "mode": "train", "epoch": 25}
{"loss": 0.22564099729061127, "acc": 0.8998517394065857, "length": 6.0, "mode": "test", "epoch": 25}
{"loss": 0.22736674547195435, "acc": 0.8987453579902649, "length": 6.0, "mode": "train", "epoch": 26}
{"loss": 0.22647875547409058, "acc": 0.8995612263679504, "length": 6.0, "mode": "test", "epoch": 26}
{"loss": 0.23077337443828583, "acc": 0.8975228071212769, "length": 6.0, "mode": "train", "epoch": 27}
{"loss": 0.24691082537174225, "acc": 0.8918129801750183, "length": 6.0, "mode": "test", "epoch": 27}
{"loss": 0.22933414578437805, "acc": 0.8982298374176025, "length": 6.0, "mode": "train", "epoch": 28}
{"loss": 0.22633196413516998, "acc": 0.899723470211029, "length": 6.0, "mode": "test", "epoch": 28}
{"loss": 0.23612280189990997, "acc": 0.8947661519050598, "length": 6.0, "mode": "train", "epoch": 29}
{"loss": 0.2501593828201294, "acc": 0.8877723813056946, "length": 6.0, "mode": "test", "epoch": 29}
{"loss": 0.2553290128707886, "acc": 0.8862215280532837, "length": 6.0, "mode": "train", "epoch": 30}
{"loss": 0.26456671953201294, "acc": 0.8856250643730164, "length": 6.0, "mode": "test", "epoch": 30}
{"loss": 0.24342849850654602, "acc": 0.8923048973083496, "length": 6.0, "mode": "train", "epoch": 31}
{"loss": 0.2331937998533249, "acc": 0.8960056304931641, "length": 6.0, "mode": "test", "epoch": 31}
{"loss": 0.23018811643123627, "acc": 0.8976718783378601, "length": 6.0, "mode": "train", "epoch": 32}
{"loss": 0.22696645557880402, "acc": 0.8985536098480225, "length": 6.0, "mode": "test", "epoch": 32}
{"loss": 0.22607173025608063, "acc": 0.8993913531303406, "length": 6.0, "mode": "train", "epoch": 33}
{"loss": 0.22336970269680023, "acc": 0.9007531404495239, "length": 6.0, "mode": "test", "epoch": 33}
{"loss": 0.22868770360946655, "acc": 0.8977162837982178, "length": 6.0, "mode": "train", "epoch": 34}
{"loss": 0.23088772594928741, "acc": 0.8991084694862366, "length": 6.0, "mode": "test", "epoch": 34}
{"loss": 0.2638729214668274, "acc": 0.8807871341705322, "length": 5.999995231628418, "mode": "train", "epoch": 35}
{"loss": 0.3014422059059143, "acc": 0.8614463806152344, "length": 6.0, "mode": "test", "epoch": 35}
{"loss": 0.2935316860675812, "acc": 0.864858090877533, "length": 6.0, "mode": "train", "epoch": 36}
{"loss": 0.2737995684146881, "acc": 0.8751803040504456, "length": 6.0, "mode": "test", "epoch": 36}
{"loss": 0.2718421518802643, "acc": 0.8784291744232178, "length": 5.999993324279785, "mode": "train", "epoch": 37}
{"loss": 0.2555376887321472, "acc": 0.8870492577552795, "length": 6.0, "mode": "test", "epoch": 37}
{"loss": 0.25325489044189453, "acc": 0.8886632323265076, "length": 5.999999046325684, "mode": "train", "epoch": 38}
{"loss": 0.24118398129940033, "acc": 0.8937661051750183, "length": 6.0, "mode": "test", "epoch": 38}
{"loss": 0.24601809680461884, "acc": 0.8912457227706909, "length": 6.0, "mode": "train", "epoch": 39}
{"loss": 0.23615536093711853, "acc": 0.8969851732254028, "length": 6.0, "mode": "test", "epoch": 39}
{"loss": 0.2375699281692505, "acc": 0.8945179581642151, "length": 6.0, "mode": "train", "epoch": 40}
{"loss": 0.23296216130256653, "acc": 0.8974478840827942, "length": 6.0, "mode": "test", "epoch": 40}
{"loss": 0.24741578102111816, "acc": 0.889218270778656, "length": 6.0, "mode": "train", "epoch": 41}
{"loss": 0.23422503471374512, "acc": 0.8981450796127319, "length": 6.0, "mode": "test", "epoch": 41}
{"loss": 0.24725888669490814, "acc": 0.89129239320755, "length": 6.0, "mode": "train", "epoch": 42}
{"loss": 0.2389240562915802, "acc": 0.895306408405304, "length": 6.0, "mode": "test", "epoch": 42}
{"loss": 0.23830154538154602, "acc": 0.8949950337409973, "length": 6.0, "mode": "train", "epoch": 43}
{"loss": 0.23519489169120789, "acc": 0.8960798382759094, "length": 6.0, "mode": "test", "epoch": 43}
{"loss": 0.2353329211473465, "acc": 0.8965063095092773, "length": 6.0, "mode": "train", "epoch": 44}
{"loss": 0.2296295464038849, "acc": 0.8985576629638672, "length": 6.0, "mode": "test", "epoch": 44}
{"loss": 0.23559273779392242, "acc": 0.895711362361908, "length": 6.0, "mode": "train", "epoch": 45}
{"loss": 0.227976456284523, "acc": 0.899459183216095, "length": 6.0, "mode": "test", "epoch": 45}
{"loss": 0.229459747672081, "acc": 0.8987840414047241, "length": 6.0, "mode": "train", "epoch": 46}
{"loss": 0.22342485189437866, "acc": 0.9014862179756165, "length": 6.0, "mode": "test", "epoch": 46}
{"loss": 0.2389436513185501, "acc": 0.895936906337738, "length": 6.0, "mode": "train", "epoch": 47}
{"loss": 0.2373645156621933, "acc": 0.8977323174476624, "length": 6.0, "mode": "test", "epoch": 47}
{"loss": 0.23177407681941986, "acc": 0.8982484340667725, "length": 6.0, "mode": "train", "epoch": 48}
{"loss": 0.22453810274600983, "acc": 0.9011456370353699, "length": 6.0, "mode": "test", "epoch": 48}
{"loss": 0.2273983508348465, "acc": 0.8991385698318481, "length": 6.0, "mode": "train", "epoch": 49}
{"loss": 0.22467820346355438, "acc": 0.9004946947097778, "length": 6.0, "mode": "test", "epoch": 49}
{"loss": 0.24231842160224915, "acc": 0.892084002494812, "length": 6.0, "mode": "train", "epoch": 50}
{"loss": 0.25220027565956116, "acc": 0.8878825902938843, "length": 6.0, "mode": "test", "epoch": 50}
{"loss": 0.2507474720478058, "acc": 0.888475239276886, "length": 6.0, "mode": "train", "epoch": 51}
{"loss": 0.24165891110897064, "acc": 0.8940542936325073, "length": 6.0, "mode": "test", "epoch": 51}
{"loss": 0.2646526098251343, "acc": 0.883766770362854, "length": 6.0, "mode": "train", "epoch": 52}
{"loss": 0.26745906472206116, "acc": 0.8806710243225098, "length": 6.0, "mode": "test", "epoch": 52}
{"loss": 0.24877919256687164, "acc": 0.8896061778068542, "length": 6.0, "mode": "train", "epoch": 53}
{"loss": 0.22930511832237244, "acc": 0.8998857736587524, "length": 6.0, "mode": "test", "epoch": 53}
{"loss": 0.22775332629680634, "acc": 0.8996028900146484, "length": 6.0, "mode": "train", "epoch": 54}
{"loss": 0.22307716310024261, "acc": 0.9018670320510864, "length": 6.0, "mode": "test", "epoch": 54}
{"loss": 0.24289505183696747, "acc": 0.8917659521102905, "length": 6.0, "mode": "train", "epoch": 55}
{"loss": 0.24145328998565674, "acc": 0.8943228721618652, "length": 6.0, "mode": "test", "epoch": 55}
{"loss": 0.23380351066589355, "acc": 0.8966726064682007, "length": 6.0, "mode": "train", "epoch": 56}
{"loss": 0.22386179864406586, "acc": 0.9013781547546387, "length": 6.0, "mode": "test", "epoch": 56}
{"loss": 0.22998932003974915, "acc": 0.8979464769363403, "length": 6.0, "mode": "train", "epoch": 57}
{"loss": 0.2257373034954071, "acc": 0.900214433670044, "length": 6.0, "mode": "test", "epoch": 57}
{"loss": 0.22541266679763794, "acc": 0.899867594242096, "length": 6.0, "mode": "train", "epoch": 58}
{"loss": 0.2271673083305359, "acc": 0.9001964330673218, "length": 6.0, "mode": "test", "epoch": 58}
{"loss": 0.22597762942314148, "acc": 0.8998677134513855, "length": 6.0, "mode": "train", "epoch": 59}
{"loss": 0.22173894941806793, "acc": 0.9019631147384644, "length": 6.0, "mode": "test", "epoch": 59}
{"loss": 0.2331494390964508, "acc": 0.8968083262443542, "length": 6.0, "mode": "train", "epoch": 60}
{"loss": 0.23211859166622162, "acc": 0.896546483039856, "length": 6.0, "mode": "test", "epoch": 60}
test accuracy: 0.8906577825546265
