# ["--attributes=5", "--values=4", "--game_size=10", "--vocab_size_factor=3", "--n_epochs=60", "--batch_size=128", "--learning_rate=0.0005", "--hidden_size=256", "--temp_update=0.99", "--temperature=1.5"]
Creating train_ds and val_ds...

Creating test_ds...
{"loss": 0.5151153802871704, "acc": 0.7346786856651306, "length": 4.976377964019775, "mode": "train", "epoch": 1}
{"loss": 0.39889848232269287, "acc": 0.8226248025894165, "length": 5.999118804931641, "mode": "test", "epoch": 1}
{"loss": 0.3327818214893341, "acc": 0.8519527316093445, "length": 5.997710227966309, "mode": "train", "epoch": 2}
{"loss": 0.3086264431476593, "acc": 0.8634615540504456, "length": 6.0, "mode": "test", "epoch": 2}
{"loss": 0.26784321665763855, "acc": 0.885456383228302, "length": 5.9996466636657715, "mode": "train", "epoch": 3}
{"loss": 0.270653635263443, "acc": 0.8815624713897705, "length": 6.0, "mode": "test", "epoch": 3}
{"loss": 0.24099083244800568, "acc": 0.8986411094665527, "length": 5.999800682067871, "mode": "train", "epoch": 4}
{"loss": 0.2546767294406891, "acc": 0.898597776889801, "length": 6.0, "mode": "test", "epoch": 4}
{"loss": 0.228378027677536, "acc": 0.9032757878303528, "length": 5.9998884201049805, "mode": "train", "epoch": 5}
{"loss": 0.23148614168167114, "acc": 0.9031230211257935, "length": 6.0, "mode": "test", "epoch": 5}
{"loss": 0.22060951590538025, "acc": 0.9060021042823792, "length": 5.999934196472168, "mode": "train", "epoch": 6}
{"loss": 0.22866618633270264, "acc": 0.9003625512123108, "length": 6.0, "mode": "test", "epoch": 6}
{"loss": 0.21352191269397736, "acc": 0.9084539413452148, "length": 5.999952793121338, "mode": "train", "epoch": 7}
{"loss": 0.2168249785900116, "acc": 0.9088780879974365, "length": 6.0, "mode": "test", "epoch": 7}
{"loss": 0.20601969957351685, "acc": 0.9128005504608154, "length": 5.999969005584717, "mode": "train", "epoch": 8}
{"loss": 0.21318404376506805, "acc": 0.9113141894340515, "length": 6.0, "mode": "test", "epoch": 8}
{"loss": 0.19452859461307526, "acc": 0.9200674295425415, "length": 5.999974727630615, "mode": "train", "epoch": 9}
{"loss": 0.20205490291118622, "acc": 0.9184595346450806, "length": 6.0, "mode": "test", "epoch": 9}
{"loss": 0.18301188945770264, "acc": 0.9261699318885803, "length": 5.999978542327881, "mode": "train", "epoch": 10}
{"loss": 0.19345201551914215, "acc": 0.9213782548904419, "length": 6.0, "mode": "test", "epoch": 10}
{"loss": 0.1806102693080902, "acc": 0.9267836809158325, "length": 5.999988555908203, "mode": "train", "epoch": 11}
{"loss": 0.18523196876049042, "acc": 0.9251922369003296, "length": 6.0, "mode": "test", "epoch": 11}
{"loss": 0.17646808922290802, "acc": 0.9287286996841431, "length": 5.999990940093994, "mode": "train", "epoch": 12}
{"loss": 0.18098649382591248, "acc": 0.9279366731643677, "length": 6.0, "mode": "test", "epoch": 12}
{"loss": 0.1736336201429367, "acc": 0.929747998714447, "length": 5.999993324279785, "mode": "train", "epoch": 13}
{"loss": 0.17664572596549988, "acc": 0.9285096526145935, "length": 6.0, "mode": "test", "epoch": 13}
{"loss": 0.174088716506958, "acc": 0.9298278093338013, "length": 5.999989032745361, "mode": "train", "epoch": 14}
{"loss": 0.17662976682186127, "acc": 0.9278885126113892, "length": 6.0, "mode": "test", "epoch": 14}
{"loss": 0.1690746694803238, "acc": 0.9317372441291809, "length": 5.999996662139893, "mode": "train", "epoch": 15}
{"loss": 0.1738831251859665, "acc": 0.9308354258537292, "length": 6.0, "mode": "test", "epoch": 15}
{"loss": 0.16930195689201355, "acc": 0.9315540194511414, "length": 5.999999046325684, "mode": "train", "epoch": 16}
{"loss": 0.17417004704475403, "acc": 0.9282832741737366, "length": 6.0, "mode": "test", "epoch": 16}
{"loss": 0.16813348233699799, "acc": 0.9319980144500732, "length": 5.999999046325684, "mode": "train", "epoch": 17}
{"loss": 0.17519201338291168, "acc": 0.9308674335479736, "length": 6.0, "mode": "test", "epoch": 17}
{"loss": 0.16679160296916962, "acc": 0.932663083076477, "length": 5.999999046325684, "mode": "train", "epoch": 18}
{"loss": 0.16923388838768005, "acc": 0.9315805435180664, "length": 6.0, "mode": "test", "epoch": 18}
{"loss": 0.16218487918376923, "acc": 0.9344413876533508, "length": 5.999999046325684, "mode": "train", "epoch": 19}
{"loss": 0.16664321720600128, "acc": 0.9323678612709045, "length": 6.0, "mode": "test", "epoch": 19}
{"loss": 0.1562928408384323, "acc": 0.9370636343955994, "length": 5.999999523162842, "mode": "train", "epoch": 20}
{"loss": 0.1616799682378769, "acc": 0.9358012080192566, "length": 6.0, "mode": "test", "epoch": 20}
{"loss": 0.1502877026796341, "acc": 0.940821647644043, "length": 6.0, "mode": "train", "epoch": 21}
{"loss": 0.16073504090309143, "acc": 0.9385796785354614, "length": 6.0, "mode": "test", "epoch": 21}
{"loss": 0.14422404766082764, "acc": 0.9445309638977051, "length": 6.0, "mode": "train", "epoch": 22}
{"loss": 0.1545458734035492, "acc": 0.9405369162559509, "length": 6.0, "mode": "test", "epoch": 22}
{"loss": 0.15656928718090057, "acc": 0.9398531913757324, "length": 6.0, "mode": "train", "epoch": 23}
{"loss": 0.18981201946735382, "acc": 0.9273878931999207, "length": 6.0, "mode": "test", "epoch": 23}
{"loss": 0.15447396039962769, "acc": 0.94081711769104, "length": 6.0, "mode": "train", "epoch": 24}
{"loss": 0.1534043401479721, "acc": 0.9418932199478149, "length": 6.0, "mode": "test", "epoch": 24}
{"loss": 0.13147611916065216, "acc": 0.9516150951385498, "length": 6.0, "mode": "train", "epoch": 25}
{"loss": 0.1430954486131668, "acc": 0.9466226696968079, "length": 6.0, "mode": "test", "epoch": 25}
{"loss": 0.1251491755247116, "acc": 0.9549196362495422, "length": 6.0, "mode": "train", "epoch": 26}
{"loss": 0.13561996817588806, "acc": 0.9513401985168457, "length": 6.0, "mode": "test", "epoch": 26}
{"loss": 0.12134602665901184, "acc": 0.957034707069397, "length": 6.0, "mode": "train", "epoch": 27}
{"loss": 0.14226071536540985, "acc": 0.9490704536437988, "length": 6.0, "mode": "test", "epoch": 27}
{"loss": 0.11878999322652817, "acc": 0.9583944082260132, "length": 6.0, "mode": "train", "epoch": 28}
{"loss": 0.13902485370635986, "acc": 0.9500720500946045, "length": 6.0, "mode": "test", "epoch": 28}
{"loss": 0.12120397388935089, "acc": 0.9575539827346802, "length": 6.0, "mode": "train", "epoch": 29}
{"loss": 0.1278693675994873, "acc": 0.954555332660675, "length": 6.0, "mode": "test", "epoch": 29}
{"loss": 0.11041858792304993, "acc": 0.9617512226104736, "length": 6.0, "mode": "train", "epoch": 30}
{"loss": 0.12308284640312195, "acc": 0.9568268656730652, "length": 6.0, "mode": "test", "epoch": 30}
{"loss": 0.10705476254224777, "acc": 0.9632468819618225, "length": 6.0, "mode": "train", "epoch": 31}
{"loss": 0.12098576873540878, "acc": 0.9569911360740662, "length": 6.0, "mode": "test", "epoch": 31}
{"loss": 0.1026715636253357, "acc": 0.965128481388092, "length": 6.0, "mode": "train", "epoch": 32}
{"loss": 0.11108171939849854, "acc": 0.9623837471008301, "length": 6.0, "mode": "test", "epoch": 32}
{"loss": 0.09810210019350052, "acc": 0.9669934511184692, "length": 6.0, "mode": "train", "epoch": 33}
{"loss": 0.1185925155878067, "acc": 0.9589022994041443, "length": 6.0, "mode": "test", "epoch": 33}
{"loss": 0.09874116629362106, "acc": 0.9669800996780396, "length": 6.0, "mode": "train", "epoch": 34}
{"loss": 0.11650122702121735, "acc": 0.9598218202590942, "length": 6.0, "mode": "test", "epoch": 34}
{"loss": 0.11021507531404495, "acc": 0.963016927242279, "length": 6.0, "mode": "train", "epoch": 35}
{"loss": 0.11503993719816208, "acc": 0.9606531262397766, "length": 6.0, "mode": "test", "epoch": 35}
{"loss": 0.1046944335103035, "acc": 0.9650658965110779, "length": 6.0, "mode": "train", "epoch": 36}
{"loss": 0.11446530371904373, "acc": 0.9613300561904907, "length": 6.0, "mode": "test", "epoch": 36}
{"loss": 0.09822843223810196, "acc": 0.9679847359657288, "length": 6.0, "mode": "train", "epoch": 37}
{"loss": 0.11043135076761246, "acc": 0.9617449045181274, "length": 6.0, "mode": "test", "epoch": 37}
{"loss": 0.0889885425567627, "acc": 0.9715198874473572, "length": 6.0, "mode": "train", "epoch": 38}
{"loss": 0.10114669799804688, "acc": 0.9676221013069153, "length": 6.0, "mode": "test", "epoch": 38}
{"loss": 0.08742757886648178, "acc": 0.9726997017860413, "length": 6.0, "mode": "train", "epoch": 39}
{"loss": 0.10030879825353622, "acc": 0.9675862789154053, "length": 6.0, "mode": "test", "epoch": 39}
{"loss": 0.08428546786308289, "acc": 0.9738641381263733, "length": 6.0, "mode": "train", "epoch": 40}
{"loss": 0.10074131935834885, "acc": 0.9678024053573608, "length": 6.0, "mode": "test", "epoch": 40}
{"loss": 0.092327781021595, "acc": 0.970832109451294, "length": 6.0, "mode": "train", "epoch": 41}
{"loss": 0.0992908626794815, "acc": 0.9688521027565002, "length": 6.0, "mode": "test", "epoch": 41}
{"loss": 0.08518249541521072, "acc": 0.9735722541809082, "length": 6.0, "mode": "train", "epoch": 42}
{"loss": 0.09445681422948837, "acc": 0.970611035823822, "length": 6.0, "mode": "test", "epoch": 42}
{"loss": 0.08356059342622757, "acc": 0.9745386838912964, "length": 6.0, "mode": "train", "epoch": 43}
{"loss": 0.09289444237947464, "acc": 0.9707631468772888, "length": 6.0, "mode": "test", "epoch": 43}
{"loss": 0.08142008632421494, "acc": 0.9753379225730896, "length": 6.0, "mode": "train", "epoch": 44}
{"loss": 0.08861706405878067, "acc": 0.9722275137901306, "length": 6.0, "mode": "test", "epoch": 44}
{"loss": 0.08622431010007858, "acc": 0.973260223865509, "length": 6.0, "mode": "train", "epoch": 45}
{"loss": 0.09842775762081146, "acc": 0.9683392643928528, "length": 6.0, "mode": "test", "epoch": 45}
{"loss": 0.08224578201770782, "acc": 0.9750266671180725, "length": 6.0, "mode": "train", "epoch": 46}
{"loss": 0.09196562319993973, "acc": 0.9718590378761292, "length": 6.0, "mode": "test", "epoch": 46}
{"loss": 0.07862736284732819, "acc": 0.9764030575752258, "length": 6.0, "mode": "train", "epoch": 47}
{"loss": 0.08518333733081818, "acc": 0.9744892716407776, "length": 6.0, "mode": "test", "epoch": 47}
{"loss": 0.07591281831264496, "acc": 0.9773627519607544, "length": 6.0, "mode": "train", "epoch": 48}
{"loss": 0.08764263987541199, "acc": 0.9735596776008606, "length": 6.0, "mode": "test", "epoch": 48}
{"loss": 0.08264323323965073, "acc": 0.9749174118041992, "length": 6.0, "mode": "train", "epoch": 49}
{"loss": 0.11125951260328293, "acc": 0.9635655879974365, "length": 6.0, "mode": "test", "epoch": 49}
{"loss": 0.08984807878732681, "acc": 0.9719691872596741, "length": 6.0, "mode": "train", "epoch": 50}
{"loss": 0.08903252333402634, "acc": 0.973557710647583, "length": 6.0, "mode": "test", "epoch": 50}
{"loss": 0.0848088338971138, "acc": 0.9740661978721619, "length": 6.0, "mode": "train", "epoch": 51}
{"loss": 0.10773854702711105, "acc": 0.965671181678772, "length": 6.0, "mode": "test", "epoch": 51}
{"loss": 0.07964562624692917, "acc": 0.9762397408485413, "length": 6.0, "mode": "train", "epoch": 52}
{"loss": 0.0897960215806961, "acc": 0.9727002382278442, "length": 6.0, "mode": "test", "epoch": 52}
{"loss": 0.07390394061803818, "acc": 0.9780306816101074, "length": 6.0, "mode": "train", "epoch": 53}
{"loss": 0.0815245658159256, "acc": 0.975913405418396, "length": 6.0, "mode": "test", "epoch": 53}
{"loss": 0.07893810421228409, "acc": 0.9762071371078491, "length": 6.0, "mode": "train", "epoch": 54}
{"loss": 0.08161793649196625, "acc": 0.9758753180503845, "length": 6.0, "mode": "test", "epoch": 54}
{"loss": 0.07500007748603821, "acc": 0.9775801301002502, "length": 6.0, "mode": "train", "epoch": 55}
{"loss": 0.07761000841856003, "acc": 0.9773496985435486, "length": 6.0, "mode": "test", "epoch": 55}
{"loss": 0.07354574650526047, "acc": 0.9780094027519226, "length": 6.0, "mode": "train", "epoch": 56}
{"loss": 0.07871432602405548, "acc": 0.9768669009208679, "length": 6.0, "mode": "test", "epoch": 56}
{"loss": 0.07478918135166168, "acc": 0.9777175188064575, "length": 6.0, "mode": "train", "epoch": 57}
{"loss": 0.0905529335141182, "acc": 0.9731751084327698, "length": 6.0, "mode": "test", "epoch": 57}
{"loss": 0.07726103812456131, "acc": 0.9767342209815979, "length": 6.0, "mode": "train", "epoch": 58}
{"loss": 0.07955674082040787, "acc": 0.9767788052558899, "length": 6.0, "mode": "test", "epoch": 58}
{"loss": 0.08506954461336136, "acc": 0.973886251449585, "length": 6.0, "mode": "train", "epoch": 59}
{"loss": 0.09472163766622543, "acc": 0.9702123999595642, "length": 6.0, "mode": "test", "epoch": 59}
{"loss": 0.07593528181314468, "acc": 0.9771376252174377, "length": 6.0, "mode": "train", "epoch": 60}
{"loss": 0.07554339617490768, "acc": 0.9781551361083984, "length": 6.0, "mode": "test", "epoch": 60}
test accuracy: 0.9758806824684143
