# ["--attributes=3", "--values=4", "--game_size=10", "--vocab_size_factor=3", "--n_epochs=60", "--batch_size=64", "--learning_rate=0.0005", "--hidden_size=128", "--temp_update=0.97", "--temperature=1.5"]
Creating train_ds and val_ds...

Creating test_ds...
{"loss": 0.6926084160804749, "acc": 0.5157545208930969, "length": 3.6544950008392334, "mode": "train", "epoch": 1}
{"loss": 0.6855887174606323, "acc": 0.5685722231864929, "length": 3.996527671813965, "mode": "test", "epoch": 1}
{"loss": 0.6888642311096191, "acc": 0.5374333262443542, "length": 3.6938729286193848, "mode": "train", "epoch": 2}
{"loss": 0.6773086190223694, "acc": 0.5901042222976685, "length": 4.0, "mode": "test", "epoch": 2}
{"loss": 0.6496084928512573, "acc": 0.6374880075454712, "length": 3.9281561374664307, "mode": "train", "epoch": 3}
{"loss": 0.5904694199562073, "acc": 0.7105033993721008, "length": 4.0, "mode": "test", "epoch": 3}
{"loss": 0.5428844094276428, "acc": 0.7381406426429749, "length": 3.9908039569854736, "mode": "train", "epoch": 4}
{"loss": 0.5356094837188721, "acc": 0.7444444894790649, "length": 4.0, "mode": "test", "epoch": 4}
{"loss": 0.5146970748901367, "acc": 0.7678787112236023, "length": 3.994344472885132, "mode": "train", "epoch": 5}
{"loss": 0.5270349383354187, "acc": 0.7629339694976807, "length": 4.0, "mode": "test", "epoch": 5}
{"loss": 0.4989530146121979, "acc": 0.7783353924751282, "length": 3.994673252105713, "mode": "train", "epoch": 6}
{"loss": 0.5177702903747559, "acc": 0.7747395634651184, "length": 4.0, "mode": "test", "epoch": 6}
{"loss": 0.48671525716781616, "acc": 0.7908108830451965, "length": 3.996985673904419, "mode": "train", "epoch": 7}
{"loss": 0.5157138705253601, "acc": 0.7723091244697571, "length": 4.0, "mode": "test", "epoch": 7}
{"loss": 0.4764561951160431, "acc": 0.7926655411720276, "length": 3.997551202774048, "mode": "train", "epoch": 8}
{"loss": 0.5106118321418762, "acc": 0.7782986164093018, "length": 4.0, "mode": "test", "epoch": 8}
{"loss": 0.4691742956638336, "acc": 0.7997920513153076, "length": 3.998767137527466, "mode": "train", "epoch": 9}
{"loss": 0.5018289685249329, "acc": 0.7940971255302429, "length": 4.0, "mode": "test", "epoch": 9}
{"loss": 0.4588457942008972, "acc": 0.8066897392272949, "length": 3.999171257019043, "mode": "train", "epoch": 10}
{"loss": 0.490310937166214, "acc": 0.7890624403953552, "length": 4.0, "mode": "test", "epoch": 10}
{"loss": 0.4532434344291687, "acc": 0.8060170412063599, "length": 3.9990808963775635, "mode": "train", "epoch": 11}
{"loss": 0.4931829869747162, "acc": 0.7743055820465088, "length": 4.0, "mode": "test", "epoch": 11}
{"loss": 0.44601723551750183, "acc": 0.8079782128334045, "length": 3.9991812705993652, "mode": "train", "epoch": 12}
{"loss": 0.487038254737854, "acc": 0.7840278148651123, "length": 4.0, "mode": "test", "epoch": 12}
{"loss": 0.441838800907135, "acc": 0.8101136088371277, "length": 3.9996354579925537, "mode": "train", "epoch": 13}
{"loss": 0.47500336170196533, "acc": 0.7853296995162964, "length": 4.0, "mode": "test", "epoch": 13}
{"loss": 0.4310511648654938, "acc": 0.8145366907119751, "length": 3.9994566440582275, "mode": "train", "epoch": 14}
{"loss": 0.46542537212371826, "acc": 0.7941839694976807, "length": 4.0, "mode": "test", "epoch": 14}
{"loss": 0.42129048705101013, "acc": 0.8172556161880493, "length": 3.9993884563446045, "mode": "train", "epoch": 15}
{"loss": 0.45178985595703125, "acc": 0.795138955116272, "length": 4.0, "mode": "test", "epoch": 15}
{"loss": 0.41185706853866577, "acc": 0.8208206295967102, "length": 3.9997689723968506, "mode": "train", "epoch": 16}
{"loss": 0.4450339674949646, "acc": 0.8013889789581299, "length": 4.0, "mode": "test", "epoch": 16}
{"loss": 0.4042283892631531, "acc": 0.8236240148544312, "length": 3.999737501144409, "mode": "train", "epoch": 17}
{"loss": 0.4392435848712921, "acc": 0.8095486164093018, "length": 4.0, "mode": "test", "epoch": 17}
{"loss": 0.3982173800468445, "acc": 0.8247450590133667, "length": 3.999753475189209, "mode": "train", "epoch": 18}
{"loss": 0.4152188301086426, "acc": 0.8230034708976746, "length": 4.0, "mode": "test", "epoch": 18}
{"loss": 0.38496583700180054, "acc": 0.8316648602485657, "length": 3.9997036457061768, "mode": "train", "epoch": 19}
{"loss": 0.4052889049053192, "acc": 0.8268229365348816, "length": 4.0, "mode": "test", "epoch": 19}
{"loss": 0.37439441680908203, "acc": 0.8392056226730347, "length": 3.999819040298462, "mode": "train", "epoch": 20}
{"loss": 0.39151814579963684, "acc": 0.8315103650093079, "length": 4.0, "mode": "test", "epoch": 20}
{"loss": 0.3635163903236389, "acc": 0.8445504307746887, "length": 3.9989922046661377, "mode": "train", "epoch": 21}
{"loss": 0.38390445709228516, "acc": 0.8380208015441895, "length": 4.0, "mode": "test", "epoch": 21}
{"loss": 0.3486170470714569, "acc": 0.8518686294555664, "length": 3.9996726512908936, "mode": "train", "epoch": 22}
{"loss": 0.37104764580726624, "acc": 0.8432291150093079, "length": 4.0, "mode": "test", "epoch": 22}
{"loss": 0.343780517578125, "acc": 0.8527174592018127, "length": 3.999957323074341, "mode": "train", "epoch": 23}
{"loss": 0.36639901995658875, "acc": 0.8434028029441833, "length": 4.0, "mode": "test", "epoch": 23}
{"loss": 0.3368866741657257, "acc": 0.8560242056846619, "length": 3.9999468326568604, "mode": "train", "epoch": 24}
{"loss": 0.3556112051010132, "acc": 0.8460938334465027, "length": 4.0, "mode": "test", "epoch": 24}
{"loss": 0.3305172622203827, "acc": 0.8605605959892273, "length": 3.9987549781799316, "mode": "train", "epoch": 25}
{"loss": 0.3587433099746704, "acc": 0.8480034470558167, "length": 4.0, "mode": "test", "epoch": 25}
{"loss": 0.33423617482185364, "acc": 0.858603835105896, "length": 3.9999818801879883, "mode": "train", "epoch": 26}
{"loss": 0.34775763750076294, "acc": 0.8519965410232544, "length": 4.0, "mode": "test", "epoch": 26}
{"loss": 0.3231692314147949, "acc": 0.8638449311256409, "length": 3.999988555908203, "mode": "train", "epoch": 27}
{"loss": 0.3465747833251953, "acc": 0.8502604961395264, "length": 4.0, "mode": "test", "epoch": 27}
{"loss": 0.3183364272117615, "acc": 0.8644028306007385, "length": 3.9999446868896484, "mode": "train", "epoch": 28}
{"loss": 0.34444430470466614, "acc": 0.854687511920929, "length": 4.0, "mode": "test", "epoch": 28}
{"loss": 0.318332701921463, "acc": 0.8660284876823425, "length": 3.9999022483825684, "mode": "train", "epoch": 29}
{"loss": 0.33862531185150146, "acc": 0.8566839694976807, "length": 4.0, "mode": "test", "epoch": 29}
{"loss": 0.31746068596839905, "acc": 0.8652459383010864, "length": 3.9999728202819824, "mode": "train", "epoch": 30}
{"loss": 0.3477693796157837, "acc": 0.850781261920929, "length": 4.0, "mode": "test", "epoch": 30}
{"loss": 0.3195445239543915, "acc": 0.8657790422439575, "length": 3.9999961853027344, "mode": "train", "epoch": 31}
{"loss": 0.3395980894565582, "acc": 0.8552950620651245, "length": 4.0, "mode": "test", "epoch": 31}
{"loss": 0.31343773007392883, "acc": 0.866787850856781, "length": 3.9999923706054688, "mode": "train", "epoch": 32}
{"loss": 0.3371815085411072, "acc": 0.8578125834465027, "length": 4.0, "mode": "test", "epoch": 32}
{"loss": 0.3119070529937744, "acc": 0.8669279217720032, "length": 3.9999911785125732, "mode": "train", "epoch": 33}
{"loss": 0.3361203670501709, "acc": 0.8591147065162659, "length": 4.0, "mode": "test", "epoch": 33}
{"loss": 0.3096303343772888, "acc": 0.8694503903388977, "length": 3.9999890327453613, "mode": "train", "epoch": 34}
{"loss": 0.3321269154548645, "acc": 0.8638887405395508, "length": 4.0, "mode": "test", "epoch": 34}
{"loss": 0.30706289410591125, "acc": 0.8707392811775208, "length": 3.9999611377716064, "mode": "train", "epoch": 35}
{"loss": 0.3316746950149536, "acc": 0.8625868558883667, "length": 4.0, "mode": "test", "epoch": 35}
{"loss": 0.30429938435554504, "acc": 0.8739627003669739, "length": 3.999988555908203, "mode": "train", "epoch": 36}
{"loss": 0.33306169509887695, "acc": 0.8587672710418701, "length": 4.0, "mode": "test", "epoch": 36}
{"loss": 0.3069574534893036, "acc": 0.8705716729164124, "length": 3.999999523162842, "mode": "train", "epoch": 37}
{"loss": 0.32861587405204773, "acc": 0.8601561784744263, "length": 4.0, "mode": "test", "epoch": 37}
{"loss": 0.30457764863967896, "acc": 0.8720851540565491, "length": 3.9999988079071045, "mode": "train", "epoch": 38}
{"loss": 0.3347908556461334, "acc": 0.8541667461395264, "length": 4.0, "mode": "test", "epoch": 38}
{"loss": 0.3027685284614563, "acc": 0.8720847964286804, "length": 3.9999923706054688, "mode": "train", "epoch": 39}
{"loss": 0.32867205142974854, "acc": 0.859375, "length": 4.0, "mode": "test", "epoch": 39}
{"loss": 0.29825401306152344, "acc": 0.8741590976715088, "length": 3.9999966621398926, "mode": "train", "epoch": 40}
{"loss": 0.3264836072921753, "acc": 0.8590278029441833, "length": 4.0, "mode": "test", "epoch": 40}
{"loss": 0.30906373262405396, "acc": 0.8701232075691223, "length": 3.9999988079071045, "mode": "train", "epoch": 41}
{"loss": 0.3295745551586151, "acc": 0.8574651479721069, "length": 4.0, "mode": "test", "epoch": 41}
{"loss": 0.30180519819259644, "acc": 0.872925877571106, "length": 4.0, "mode": "train", "epoch": 42}
{"loss": 0.3332847058773041, "acc": 0.8598090410232544, "length": 4.0, "mode": "test", "epoch": 42}
{"loss": 0.3019339144229889, "acc": 0.8732062578201294, "length": 3.999998092651367, "mode": "train", "epoch": 43}
{"loss": 0.3575076460838318, "acc": 0.8566839694976807, "length": 4.0, "mode": "test", "epoch": 43}
{"loss": 0.31614282727241516, "acc": 0.8685532212257385, "length": 3.9999783039093018, "mode": "train", "epoch": 44}
{"loss": 0.34400367736816406, "acc": 0.8573786020278931, "length": 4.0, "mode": "test", "epoch": 44}
{"loss": 0.3096778392791748, "acc": 0.8713277578353882, "length": 3.9999802112579346, "mode": "train", "epoch": 45}
{"loss": 0.3277747929096222, "acc": 0.8629340529441833, "length": 4.0, "mode": "test", "epoch": 45}
{"loss": 0.29565319418907166, "acc": 0.8780549168586731, "length": 3.999999761581421, "mode": "train", "epoch": 46}
{"loss": 0.32072022557258606, "acc": 0.8660590648651123, "length": 4.0, "mode": "test", "epoch": 46}
{"loss": 0.2937660813331604, "acc": 0.8777746558189392, "length": 3.999997854232788, "mode": "train", "epoch": 47}
{"loss": 0.31783196330070496, "acc": 0.8679686784744263, "length": 4.0, "mode": "test", "epoch": 47}
{"loss": 0.2900148034095764, "acc": 0.8801009654998779, "length": 4.0, "mode": "train", "epoch": 48}
{"loss": 0.3284696936607361, "acc": 0.8618054389953613, "length": 4.0, "mode": "test", "epoch": 48}
{"loss": 0.2944898009300232, "acc": 0.8784021139144897, "length": 3.9993648529052734, "mode": "train", "epoch": 49}
{"loss": 0.3172712028026581, "acc": 0.8697048425674438, "length": 4.0, "mode": "test", "epoch": 49}
{"loss": 0.29196590185165405, "acc": 0.8793708682060242, "length": 3.9999799728393555, "mode": "train", "epoch": 50}
{"loss": 0.32292962074279785, "acc": 0.8657116889953613, "length": 4.0, "mode": "test", "epoch": 50}
{"loss": 0.31768563389778137, "acc": 0.8659753203392029, "length": 3.9999983310699463, "mode": "train", "epoch": 51}
{"loss": 0.3405619263648987, "acc": 0.8597220778465271, "length": 4.0, "mode": "test", "epoch": 51}
{"loss": 0.3034347891807556, "acc": 0.8754763603210449, "length": 3.999999761581421, "mode": "train", "epoch": 52}
{"loss": 0.3332773447036743, "acc": 0.8626735210418701, "length": 4.0, "mode": "test", "epoch": 52}
{"loss": 0.29682841897010803, "acc": 0.8769898414611816, "length": 4.0, "mode": "train", "epoch": 53}
{"loss": 0.32652631402015686, "acc": 0.8677952289581299, "length": 4.0, "mode": "test", "epoch": 53}
{"loss": 0.2869260609149933, "acc": 0.8826794028282166, "length": 4.0, "mode": "train", "epoch": 54}
{"loss": 0.31678617000579834, "acc": 0.8715277314186096, "length": 4.0, "mode": "test", "epoch": 54}
{"loss": 0.2840108573436737, "acc": 0.8834360837936401, "length": 4.0, "mode": "train", "epoch": 55}
{"loss": 0.31797531247138977, "acc": 0.8663194179534912, "length": 4.0, "mode": "test", "epoch": 55}
{"loss": 0.2824710011482239, "acc": 0.8845011591911316, "length": 4.0, "mode": "train", "epoch": 56}
{"loss": 0.31072044372558594, "acc": 0.874218761920929, "length": 4.0, "mode": "test", "epoch": 56}
{"loss": 0.2820367217063904, "acc": 0.882903516292572, "length": 3.9999992847442627, "mode": "train", "epoch": 57}
{"loss": 0.3128570020198822, "acc": 0.8690972924232483, "length": 4.0, "mode": "test", "epoch": 57}
{"loss": 0.27805933356285095, "acc": 0.8868272304534912, "length": 3.999998092651367, "mode": "train", "epoch": 58}
{"loss": 0.30949169397354126, "acc": 0.8697916269302368, "length": 4.0, "mode": "test", "epoch": 58}
{"loss": 0.2777637541294098, "acc": 0.8846691250801086, "length": 3.9999966621398926, "mode": "train", "epoch": 59}
{"loss": 0.3081956207752228, "acc": 0.8716145753860474, "length": 4.0, "mode": "test", "epoch": 59}
{"loss": 0.2764418423175812, "acc": 0.8860426545143127, "length": 4.0, "mode": "train", "epoch": 60}
{"loss": 0.3065081834793091, "acc": 0.8734376430511475, "length": 4.0, "mode": "test", "epoch": 60}
test accuracy: 0.8323385715484619
