# ["--attributes=3", "--values=4", "--game_size=10", "--vocab_size_factor=3", "--n_epochs=60", "--batch_size=64", "--learning_rate=0.0005", "--hidden_size=128", "--temp_update=0.97", "--temperature=2"]
Creating train_ds and val_ds...

Creating test_ds...
{"loss": 0.6938273310661316, "acc": 0.5049174427986145, "length": 3.618326425552368, "mode": "train", "epoch": 1}
{"loss": 0.6909391283988953, "acc": 0.5381958484649658, "length": 1.5677083730697632, "mode": "test", "epoch": 1}
{"loss": 0.6905100345611572, "acc": 0.5303065180778503, "length": 3.5882534980773926, "mode": "train", "epoch": 2}
{"loss": 0.6771737337112427, "acc": 0.6073580980300903, "length": 3.8697917461395264, "mode": "test", "epoch": 2}
{"loss": 0.6491591334342957, "acc": 0.6384962201118469, "length": 3.8223090171813965, "mode": "train", "epoch": 3}
{"loss": 0.6314982175827026, "acc": 0.6433160305023193, "length": 4.0, "mode": "test", "epoch": 3}
{"loss": 0.5994794964790344, "acc": 0.6619511246681213, "length": 3.9048781394958496, "mode": "train", "epoch": 4}
{"loss": 0.622526228427887, "acc": 0.6515625715255737, "length": 4.0, "mode": "test", "epoch": 4}
{"loss": 0.5743198990821838, "acc": 0.7130551934242249, "length": 3.946420669555664, "mode": "train", "epoch": 5}
{"loss": 0.6848874092102051, "acc": 0.6010416150093079, "length": 4.0, "mode": "test", "epoch": 5}
{"loss": 0.562677800655365, "acc": 0.7219212651252747, "length": 3.974100112915039, "mode": "train", "epoch": 6}
{"loss": 0.5905643701553345, "acc": 0.6969617605209351, "length": 4.0, "mode": "test", "epoch": 6}
{"loss": 0.5418128371238708, "acc": 0.7351483702659607, "length": 3.9844017028808594, "mode": "train", "epoch": 7}
{"loss": 0.5780290961265564, "acc": 0.7089410424232483, "length": 4.0, "mode": "test", "epoch": 7}
{"loss": 0.5273119211196899, "acc": 0.7370890378952026, "length": 3.9916298389434814, "mode": "train", "epoch": 8}
{"loss": 0.562386155128479, "acc": 0.7037327289581299, "length": 4.0, "mode": "test", "epoch": 8}
{"loss": 0.5110971331596375, "acc": 0.7449854016304016, "length": 3.994767904281616, "mode": "train", "epoch": 9}
{"loss": 0.5708396434783936, "acc": 0.7172742486000061, "length": 4.0, "mode": "test", "epoch": 9}
{"loss": 0.5083625316619873, "acc": 0.7523130774497986, "length": 3.9960601329803467, "mode": "train", "epoch": 10}
{"loss": 0.5393701195716858, "acc": 0.743923544883728, "length": 4.0, "mode": "test", "epoch": 10}
{"loss": 0.49720466136932373, "acc": 0.7693873643875122, "length": 3.9975030422210693, "mode": "train", "epoch": 11}
{"loss": 0.5282225012779236, "acc": 0.7470486760139465, "length": 4.0, "mode": "test", "epoch": 11}
{"loss": 0.4757106900215149, "acc": 0.7905282974243164, "length": 3.9982333183288574, "mode": "train", "epoch": 12}
{"loss": 0.49677562713623047, "acc": 0.7692708969116211, "length": 4.0, "mode": "test", "epoch": 12}
{"loss": 0.4487330913543701, "acc": 0.8078224658966064, "length": 3.9986722469329834, "mode": "train", "epoch": 13}
{"loss": 0.4892406463623047, "acc": 0.7722222805023193, "length": 4.0, "mode": "test", "epoch": 13}
{"loss": 0.4285939633846283, "acc": 0.8172352313995361, "length": 3.9986207485198975, "mode": "train", "epoch": 14}
{"loss": 0.4817543625831604, "acc": 0.7789930701255798, "length": 4.0, "mode": "test", "epoch": 14}
{"loss": 0.42068955302238464, "acc": 0.822354257106781, "length": 3.9986400604248047, "mode": "train", "epoch": 15}
{"loss": 0.4636021852493286, "acc": 0.7954861521720886, "length": 4.0, "mode": "test", "epoch": 15}
{"loss": 0.41253089904785156, "acc": 0.8246305584907532, "length": 3.9988596439361572, "mode": "train", "epoch": 16}
{"loss": 0.4554359018802643, "acc": 0.8070313930511475, "length": 4.0, "mode": "test", "epoch": 16}
{"loss": 0.40722909569740295, "acc": 0.8257918357849121, "length": 3.998605489730835, "mode": "train", "epoch": 17}
{"loss": 0.4421516954898834, "acc": 0.8162325024604797, "length": 4.0, "mode": "test", "epoch": 17}
{"loss": 0.40189898014068604, "acc": 0.8285571336746216, "length": 3.9981510639190674, "mode": "train", "epoch": 18}
{"loss": 0.43216827511787415, "acc": 0.8198785185813904, "length": 4.0, "mode": "test", "epoch": 18}
{"loss": 0.39837437868118286, "acc": 0.8309103846549988, "length": 3.9988787174224854, "mode": "train", "epoch": 19}
{"loss": 0.4483172595500946, "acc": 0.7933159470558167, "length": 4.0, "mode": "test", "epoch": 19}
{"loss": 0.39525777101516724, "acc": 0.8319958448410034, "length": 3.9986889362335205, "mode": "train", "epoch": 20}
{"loss": 0.4269503355026245, "acc": 0.8134548664093018, "length": 4.0, "mode": "test", "epoch": 20}
{"loss": 0.3823980689048767, "acc": 0.837230920791626, "length": 3.999366521835327, "mode": "train", "epoch": 21}
{"loss": 0.41943657398223877, "acc": 0.821093738079071, "length": 4.0, "mode": "test", "epoch": 21}
{"loss": 0.37923112511634827, "acc": 0.8398861885070801, "length": 3.9991402626037598, "mode": "train", "epoch": 22}
{"loss": 0.4019685387611389, "acc": 0.8322049975395203, "length": 4.0, "mode": "test", "epoch": 22}
{"loss": 0.37099143862724304, "acc": 0.8414033651351929, "length": 3.999394416809082, "mode": "train", "epoch": 23}
{"loss": 0.39700713753700256, "acc": 0.8270832896232605, "length": 4.0, "mode": "test", "epoch": 23}
{"loss": 0.36582377552986145, "acc": 0.8463953137397766, "length": 3.9996135234832764, "mode": "train", "epoch": 24}
{"loss": 0.39440491795539856, "acc": 0.8360244035720825, "length": 4.0, "mode": "test", "epoch": 24}
{"loss": 0.35445088148117065, "acc": 0.8502971529960632, "length": 3.999648332595825, "mode": "train", "epoch": 25}
{"loss": 0.38327330350875854, "acc": 0.8324652910232544, "length": 4.0, "mode": "test", "epoch": 25}
{"loss": 0.34803736209869385, "acc": 0.8522312045097351, "length": 3.9996094703674316, "mode": "train", "epoch": 26}
{"loss": 0.3792271316051483, "acc": 0.8306423425674438, "length": 4.0, "mode": "test", "epoch": 26}
{"loss": 0.3464546501636505, "acc": 0.853172242641449, "length": 3.999687671661377, "mode": "train", "epoch": 27}
{"loss": 0.36986956000328064, "acc": 0.840711772441864, "length": 4.0, "mode": "test", "epoch": 27}
{"loss": 0.33905869722366333, "acc": 0.8593147397041321, "length": 3.9997177124023438, "mode": "train", "epoch": 28}
{"loss": 0.36430037021636963, "acc": 0.8467013835906982, "length": 4.0, "mode": "test", "epoch": 28}
{"loss": 0.33874616026878357, "acc": 0.8570247888565063, "length": 3.999851703643799, "mode": "train", "epoch": 29}
{"loss": 0.3604115843772888, "acc": 0.8461804389953613, "length": 4.0, "mode": "test", "epoch": 29}
{"loss": 0.32701942324638367, "acc": 0.8628906011581421, "length": 3.9999070167541504, "mode": "train", "epoch": 30}
{"loss": 0.3608953654766083, "acc": 0.8546006679534912, "length": 4.0, "mode": "test", "epoch": 30}
{"loss": 0.32410165667533875, "acc": 0.866597056388855, "length": 3.9996750354766846, "mode": "train", "epoch": 31}
{"loss": 0.3505852222442627, "acc": 0.8578125834465027, "length": 4.0, "mode": "test", "epoch": 31}
{"loss": 0.3253784477710724, "acc": 0.8670958876609802, "length": 3.999847650527954, "mode": "train", "epoch": 32}
{"loss": 0.3531118631362915, "acc": 0.850781261920929, "length": 4.0, "mode": "test", "epoch": 32}
{"loss": 0.3198298215866089, "acc": 0.8701935410499573, "length": 3.999880075454712, "mode": "train", "epoch": 33}
{"loss": 0.3458690941333771, "acc": 0.8591146469116211, "length": 4.0, "mode": "test", "epoch": 33}
{"loss": 0.3158448338508606, "acc": 0.8715525269508362, "length": 3.9999008178710938, "mode": "train", "epoch": 34}
{"loss": 0.342881977558136, "acc": 0.8573783040046692, "length": 4.0, "mode": "test", "epoch": 34}
{"loss": 0.3120107650756836, "acc": 0.87343430519104, "length": 3.9999215602874756, "mode": "train", "epoch": 35}
{"loss": 0.33484551310539246, "acc": 0.8605033755302429, "length": 4.0, "mode": "test", "epoch": 35}
{"loss": 0.3057388961315155, "acc": 0.8748897910118103, "length": 3.9997501373291016, "mode": "train", "epoch": 36}
{"loss": 0.3325440287590027, "acc": 0.8619791865348816, "length": 4.0, "mode": "test", "epoch": 36}
{"loss": 0.30609533190727234, "acc": 0.8744022846221924, "length": 3.999913454055786, "mode": "train", "epoch": 37}
{"loss": 0.3371995985507965, "acc": 0.8614583015441895, "length": 4.0, "mode": "test", "epoch": 37}
{"loss": 0.3089539408683777, "acc": 0.8734349012374878, "length": 3.999969244003296, "mode": "train", "epoch": 38}
{"loss": 0.32968762516975403, "acc": 0.8684027194976807, "length": 4.0, "mode": "test", "epoch": 38}
{"loss": 0.3049218952655792, "acc": 0.8741827011108398, "length": 3.9999794960021973, "mode": "train", "epoch": 39}
{"loss": 0.3242664635181427, "acc": 0.8687499165534973, "length": 4.0, "mode": "test", "epoch": 39}
{"loss": 0.30113309621810913, "acc": 0.8769505620002747, "length": 3.9999914169311523, "mode": "train", "epoch": 40}
{"loss": 0.3241640627384186, "acc": 0.8700522184371948, "length": 4.0, "mode": "test", "epoch": 40}
{"loss": 0.30304503440856934, "acc": 0.8769502639770508, "length": 3.999986410140991, "mode": "train", "epoch": 41}
{"loss": 0.3253357410430908, "acc": 0.8701388835906982, "length": 4.0, "mode": "test", "epoch": 41}
{"loss": 0.298554003238678, "acc": 0.8769032955169678, "length": 3.9997358322143555, "mode": "train", "epoch": 42}
{"loss": 0.336037278175354, "acc": 0.8476561903953552, "length": 4.0, "mode": "test", "epoch": 42}
{"loss": 0.29574424028396606, "acc": 0.8766735792160034, "length": 3.9999895095825195, "mode": "train", "epoch": 43}
{"loss": 0.3250776529312134, "acc": 0.8698785305023193, "length": 4.0, "mode": "test", "epoch": 43}
{"loss": 0.2910704016685486, "acc": 0.8798560500144958, "length": 3.999997854232788, "mode": "train", "epoch": 44}
{"loss": 0.32176661491394043, "acc": 0.8673611879348755, "length": 4.0, "mode": "test", "epoch": 44}
{"loss": 0.2915297746658325, "acc": 0.8812946081161499, "length": 3.999990463256836, "mode": "train", "epoch": 45}
{"loss": 0.3124828040599823, "acc": 0.8703993558883667, "length": 4.0, "mode": "test", "epoch": 45}
{"loss": 0.2831171751022339, "acc": 0.8837536573410034, "length": 3.999879837036133, "mode": "train", "epoch": 46}
{"loss": 0.31110575795173645, "acc": 0.8740451335906982, "length": 4.0, "mode": "test", "epoch": 46}
{"loss": 0.2840372920036316, "acc": 0.8831487894058228, "length": 3.99999737739563, "mode": "train", "epoch": 47}
{"loss": 0.3089461326599121, "acc": 0.8760417103767395, "length": 4.0, "mode": "test", "epoch": 47}
{"loss": 0.28080853819847107, "acc": 0.8870223164558411, "length": 3.999992609024048, "mode": "train", "epoch": 48}
{"loss": 0.3091740608215332, "acc": 0.8778644800186157, "length": 4.0, "mode": "test", "epoch": 48}
{"loss": 0.27654364705085754, "acc": 0.886745810508728, "length": 3.9999966621398926, "mode": "train", "epoch": 49}
{"loss": 0.30510106682777405, "acc": 0.8797743320465088, "length": 4.0, "mode": "test", "epoch": 49}
{"loss": 0.27583205699920654, "acc": 0.8882124423980713, "length": 3.99999737739563, "mode": "train", "epoch": 50}
{"loss": 0.30363714694976807, "acc": 0.8784722089767456, "length": 4.0, "mode": "test", "epoch": 50}
{"loss": 0.27978289127349854, "acc": 0.8850575089454651, "length": 3.9999895095825195, "mode": "train", "epoch": 51}
{"loss": 0.30803215503692627, "acc": 0.8788194060325623, "length": 4.0, "mode": "test", "epoch": 51}
{"loss": 0.2715890407562256, "acc": 0.8882401585578918, "length": 3.9988455772399902, "mode": "train", "epoch": 52}
{"loss": 0.30506011843681335, "acc": 0.881683886051178, "length": 4.0, "mode": "test", "epoch": 52}
{"loss": 0.27180129289627075, "acc": 0.8883506059646606, "length": 3.999993085861206, "mode": "train", "epoch": 53}
{"loss": 0.3089403510093689, "acc": 0.8760417103767395, "length": 4.0, "mode": "test", "epoch": 53}
{"loss": 0.27142807841300964, "acc": 0.8896235227584839, "length": 3.9999876022338867, "mode": "train", "epoch": 54}
{"loss": 0.3009624481201172, "acc": 0.8809026479721069, "length": 4.0, "mode": "test", "epoch": 54}
{"loss": 0.26750004291534424, "acc": 0.8908132314682007, "length": 3.9999918937683105, "mode": "train", "epoch": 55}
{"loss": 0.29570892453193665, "acc": 0.8829859495162964, "length": 4.0, "mode": "test", "epoch": 55}
{"loss": 0.2712668776512146, "acc": 0.890447199344635, "length": 3.998955249786377, "mode": "train", "epoch": 56}
{"loss": 0.3098345994949341, "acc": 0.8816841244697571, "length": 4.0, "mode": "test", "epoch": 56}
{"loss": 0.26880210638046265, "acc": 0.8900662064552307, "length": 3.9999911785125732, "mode": "train", "epoch": 57}
{"loss": 0.29672154784202576, "acc": 0.8844618201255798, "length": 4.0, "mode": "test", "epoch": 57}
{"loss": 0.2607809603214264, "acc": 0.8954620361328125, "length": 3.9999983310699463, "mode": "train", "epoch": 58}
{"loss": 0.29639506340026855, "acc": 0.8818576335906982, "length": 4.0, "mode": "test", "epoch": 58}
{"loss": 0.26259616017341614, "acc": 0.8929160237312317, "length": 3.999987840652466, "mode": "train", "epoch": 59}
{"loss": 0.28624358773231506, "acc": 0.8857638835906982, "length": 4.0, "mode": "test", "epoch": 59}
{"loss": 0.26033908128738403, "acc": 0.8958494067192078, "length": 3.999997615814209, "mode": "train", "epoch": 60}
{"loss": 0.2950250804424286, "acc": 0.8795139789581299, "length": 4.0, "mode": "test", "epoch": 60}
test accuracy: 0.8121184706687927
