# ["--attributes=3", "--values=4", "--game_size=10", "--vocab_size_factor=3", "--n_epochs=60", "--batch_size=64", "--learning_rate=0.0005", "--hidden_size=128", "--temp_update=0.99", "--temperature=1.5"]
Creating train_ds and val_ds...

Creating test_ds...
{"loss": 0.6934378147125244, "acc": 0.5128346681594849, "length": 3.6285207271575928, "mode": "train", "epoch": 1}
{"loss": 0.6860028505325317, "acc": 0.5729925632476807, "length": 2.887152671813965, "mode": "test", "epoch": 1}
{"loss": 0.6837349534034729, "acc": 0.5737559795379639, "length": 3.604910135269165, "mode": "train", "epoch": 2}
{"loss": 0.6559145450592041, "acc": 0.6668403744697571, "length": 4.0, "mode": "test", "epoch": 2}
{"loss": 0.6202628016471863, "acc": 0.657315731048584, "length": 3.9210965633392334, "mode": "train", "epoch": 3}
{"loss": 0.6068176031112671, "acc": 0.6598089933395386, "length": 4.0, "mode": "test", "epoch": 3}
{"loss": 0.5849452018737793, "acc": 0.6885282397270203, "length": 3.9548017978668213, "mode": "train", "epoch": 4}
{"loss": 0.5939503312110901, "acc": 0.6736979484558105, "length": 4.0, "mode": "test", "epoch": 4}
{"loss": 0.5647346377372742, "acc": 0.7184342741966248, "length": 3.960705041885376, "mode": "train", "epoch": 5}
{"loss": 0.5960270762443542, "acc": 0.6545138955116272, "length": 4.0, "mode": "test", "epoch": 5}
{"loss": 0.551230788230896, "acc": 0.7223280072212219, "length": 3.976365089416504, "mode": "train", "epoch": 6}
{"loss": 0.5790902376174927, "acc": 0.7007811069488525, "length": 4.0, "mode": "test", "epoch": 6}
{"loss": 0.5440331101417542, "acc": 0.7258399128913879, "length": 3.9846577644348145, "mode": "train", "epoch": 7}
{"loss": 0.5910376310348511, "acc": 0.6851561069488525, "length": 4.0, "mode": "test", "epoch": 7}
{"loss": 0.5347379446029663, "acc": 0.7306237816810608, "length": 3.9897942543029785, "mode": "train", "epoch": 8}
{"loss": 0.5733408331871033, "acc": 0.7100694179534912, "length": 4.0, "mode": "test", "epoch": 8}
{"loss": 0.5272519588470459, "acc": 0.7374159097671509, "length": 3.9928128719329834, "mode": "train", "epoch": 9}
{"loss": 0.5429028272628784, "acc": 0.7329860925674438, "length": 4.0, "mode": "test", "epoch": 9}
{"loss": 0.5170833468437195, "acc": 0.7470728158950806, "length": 3.994807481765747, "mode": "train", "epoch": 10}
{"loss": 0.5448237061500549, "acc": 0.7431423664093018, "length": 4.0, "mode": "test", "epoch": 10}
{"loss": 0.5107779502868652, "acc": 0.7528340220451355, "length": 3.996748685836792, "mode": "train", "epoch": 11}
{"loss": 0.532357931137085, "acc": 0.7493922710418701, "length": 4.0, "mode": "test", "epoch": 11}
{"loss": 0.502914547920227, "acc": 0.7683045864105225, "length": 3.9976603984832764, "mode": "train", "epoch": 12}
{"loss": 0.5218576192855835, "acc": 0.7631945013999939, "length": 4.0, "mode": "test", "epoch": 12}
{"loss": 0.5003663897514343, "acc": 0.7711302042007446, "length": 3.998013734817505, "mode": "train", "epoch": 13}
{"loss": 0.5201447010040283, "acc": 0.7540799379348755, "length": 4.0, "mode": "test", "epoch": 13}
{"loss": 0.48781174421310425, "acc": 0.779056191444397, "length": 3.998173713684082, "mode": "train", "epoch": 14}
{"loss": 0.5061028599739075, "acc": 0.7693575024604797, "length": 4.0, "mode": "test", "epoch": 14}
{"loss": 0.4688087999820709, "acc": 0.7886040210723877, "length": 3.9987947940826416, "mode": "train", "epoch": 15}
{"loss": 0.5004558563232422, "acc": 0.7789930701255798, "length": 4.0, "mode": "test", "epoch": 15}
{"loss": 0.45288774371147156, "acc": 0.7989757061004639, "length": 3.9988269805908203, "mode": "train", "epoch": 16}
{"loss": 0.48016050457954407, "acc": 0.7795138955116272, "length": 4.0, "mode": "test", "epoch": 16}
{"loss": 0.44545674324035645, "acc": 0.8039783835411072, "length": 3.9988598823547363, "mode": "train", "epoch": 17}
{"loss": 0.47587087750434875, "acc": 0.7776909470558167, "length": 4.0, "mode": "test", "epoch": 17}
{"loss": 0.4380508363246918, "acc": 0.8040048480033875, "length": 3.9988465309143066, "mode": "train", "epoch": 18}
{"loss": 0.47488683462142944, "acc": 0.7940104603767395, "length": 4.0, "mode": "test", "epoch": 18}
{"loss": 0.431749165058136, "acc": 0.8103124499320984, "length": 3.998964309692383, "mode": "train", "epoch": 19}
{"loss": 0.4468947649002075, "acc": 0.8040797710418701, "length": 4.0, "mode": "test", "epoch": 19}
{"loss": 0.4230053722858429, "acc": 0.8132067322731018, "length": 3.998652696609497, "mode": "train", "epoch": 20}
{"loss": 0.4346206486225128, "acc": 0.8030382394790649, "length": 4.0, "mode": "test", "epoch": 20}
{"loss": 0.41987794637680054, "acc": 0.8133363127708435, "length": 3.999070644378662, "mode": "train", "epoch": 21}
{"loss": 0.4292624890804291, "acc": 0.8111979961395264, "length": 4.0, "mode": "test", "epoch": 21}
{"loss": 0.40948063135147095, "acc": 0.8183804750442505, "length": 3.9994325637817383, "mode": "train", "epoch": 22}
{"loss": 0.4328545331954956, "acc": 0.8057292103767395, "length": 4.0, "mode": "test", "epoch": 22}
{"loss": 0.40960755944252014, "acc": 0.8198748826980591, "length": 3.9994444847106934, "mode": "train", "epoch": 23}
{"loss": 0.4207158386707306, "acc": 0.8147569894790649, "length": 4.0, "mode": "test", "epoch": 23}
{"loss": 0.4004465639591217, "acc": 0.8204280138015747, "length": 3.9994051456451416, "mode": "train", "epoch": 24}
{"loss": 0.41760361194610596, "acc": 0.8166666030883789, "length": 4.0, "mode": "test", "epoch": 24}
{"loss": 0.3982125222682953, "acc": 0.8232818841934204, "length": 3.9995899200439453, "mode": "train", "epoch": 25}
{"loss": 0.40949133038520813, "acc": 0.8238716721534729, "length": 4.0, "mode": "test", "epoch": 25}
{"loss": 0.39004257321357727, "acc": 0.8295645713806152, "length": 3.9996378421783447, "mode": "train", "epoch": 26}
{"loss": 0.40676307678222656, "acc": 0.823437511920929, "length": 4.0, "mode": "test", "epoch": 26}
{"loss": 0.38576915860176086, "acc": 0.8314167261123657, "length": 3.999615430831909, "mode": "train", "epoch": 27}
{"loss": 0.40207257866859436, "acc": 0.8305554986000061, "length": 4.0, "mode": "test", "epoch": 27}
{"loss": 0.38355278968811035, "acc": 0.8328040838241577, "length": 3.999713182449341, "mode": "train", "epoch": 28}
{"loss": 0.3972269296646118, "acc": 0.8323784470558167, "length": 4.0, "mode": "test", "epoch": 28}
{"loss": 0.374740868806839, "acc": 0.8365706205368042, "length": 3.999786615371704, "mode": "train", "epoch": 29}
{"loss": 0.39544132351875305, "acc": 0.8321180939674377, "length": 4.0, "mode": "test", "epoch": 29}
{"loss": 0.3688493072986603, "acc": 0.8394978642463684, "length": 3.9995176792144775, "mode": "train", "epoch": 30}
{"loss": 0.3891374468803406, "acc": 0.8330729603767395, "length": 4.0, "mode": "test", "epoch": 30}
{"loss": 0.3679295480251312, "acc": 0.8409966826438904, "length": 3.9997756481170654, "mode": "train", "epoch": 31}
{"loss": 0.39124035835266113, "acc": 0.8345485925674438, "length": 4.0, "mode": "test", "epoch": 31}
{"loss": 0.36556941270828247, "acc": 0.8407221436500549, "length": 3.999833106994629, "mode": "train", "epoch": 32}
{"loss": 0.3775772750377655, "acc": 0.8417535424232483, "length": 4.0, "mode": "test", "epoch": 32}
{"loss": 0.3626645505428314, "acc": 0.844954788684845, "length": 3.9998326301574707, "mode": "train", "epoch": 33}
{"loss": 0.380647748708725, "acc": 0.8414061665534973, "length": 4.0, "mode": "test", "epoch": 33}
{"loss": 0.3569808900356293, "acc": 0.8456740975379944, "length": 3.999843120574951, "mode": "train", "epoch": 34}
{"loss": 0.37741759419441223, "acc": 0.83984375, "length": 4.0, "mode": "test", "epoch": 34}
{"loss": 0.3567448854446411, "acc": 0.8468073010444641, "length": 3.9997267723083496, "mode": "train", "epoch": 35}
{"loss": 0.3665071725845337, "acc": 0.8419269919395447, "length": 4.0, "mode": "test", "epoch": 35}
{"loss": 0.3477115333080292, "acc": 0.8484176993370056, "length": 3.9999101161956787, "mode": "train", "epoch": 36}
{"loss": 0.371832013130188, "acc": 0.8448783755302429, "length": 4.0, "mode": "test", "epoch": 36}
{"loss": 0.35310614109039307, "acc": 0.8471715450286865, "length": 3.9998884201049805, "mode": "train", "epoch": 37}
{"loss": 0.36788782477378845, "acc": 0.8481771349906921, "length": 4.0, "mode": "test", "epoch": 37}
{"loss": 0.3467971980571747, "acc": 0.8483350276947021, "length": 3.999915599822998, "mode": "train", "epoch": 38}
{"loss": 0.3636678457260132, "acc": 0.8480902910232544, "length": 4.0, "mode": "test", "epoch": 38}
{"loss": 0.34427762031555176, "acc": 0.8514053821563721, "length": 3.999912977218628, "mode": "train", "epoch": 39}
{"loss": 0.3630228340625763, "acc": 0.850694477558136, "length": 4.0, "mode": "test", "epoch": 39}
{"loss": 0.34118250012397766, "acc": 0.8545303344726562, "length": 3.9998772144317627, "mode": "train", "epoch": 40}
{"loss": 0.3648928999900818, "acc": 0.8475694060325623, "length": 4.0, "mode": "test", "epoch": 40}
{"loss": 0.338346391916275, "acc": 0.8562775254249573, "length": 3.9999470710754395, "mode": "train", "epoch": 41}
{"loss": 0.3610508441925049, "acc": 0.8538194894790649, "length": 4.0, "mode": "test", "epoch": 41}
{"loss": 0.342250257730484, "acc": 0.8538955450057983, "length": 3.9998998641967773, "mode": "train", "epoch": 42}
{"loss": 0.35264313220977783, "acc": 0.8559895753860474, "length": 4.0, "mode": "test", "epoch": 42}
{"loss": 0.3461599051952362, "acc": 0.851544201374054, "length": 3.9999163150787354, "mode": "train", "epoch": 43}
{"loss": 0.3559861481189728, "acc": 0.8532116413116455, "length": 4.0, "mode": "test", "epoch": 43}
{"loss": 0.3352352976799011, "acc": 0.8558596968650818, "length": 3.9999070167541504, "mode": "train", "epoch": 44}
{"loss": 0.36100706458091736, "acc": 0.8473091125488281, "length": 4.0, "mode": "test", "epoch": 44}
{"loss": 0.33036497235298157, "acc": 0.8576889634132385, "length": 3.999951124191284, "mode": "train", "epoch": 45}
{"loss": 0.352024108171463, "acc": 0.8557291030883789, "length": 4.0, "mode": "test", "epoch": 45}
{"loss": 0.3258850872516632, "acc": 0.8623086810112, "length": 3.9999306201934814, "mode": "train", "epoch": 46}
{"loss": 0.34872499108314514, "acc": 0.8547744154930115, "length": 4.0, "mode": "test", "epoch": 46}
{"loss": 0.32129788398742676, "acc": 0.8636382818222046, "length": 3.9999592304229736, "mode": "train", "epoch": 47}
{"loss": 0.3466189503669739, "acc": 0.854600727558136, "length": 4.0, "mode": "test", "epoch": 47}
{"loss": 0.31842178106307983, "acc": 0.8642475008964539, "length": 3.9999642372131348, "mode": "train", "epoch": 48}
{"loss": 0.3385094404220581, "acc": 0.8637152314186096, "length": 4.0, "mode": "test", "epoch": 48}
{"loss": 0.31751954555511475, "acc": 0.8684225082397461, "length": 3.9999094009399414, "mode": "train", "epoch": 49}
{"loss": 0.33298835158348083, "acc": 0.8649304509162903, "length": 4.0, "mode": "test", "epoch": 49}
{"loss": 0.3179877996444702, "acc": 0.8703848123550415, "length": 3.999884843826294, "mode": "train", "epoch": 50}
{"loss": 0.33229196071624756, "acc": 0.8666666150093079, "length": 4.0, "mode": "test", "epoch": 50}
{"loss": 0.3113325834274292, "acc": 0.8714069128036499, "length": 3.999894618988037, "mode": "train", "epoch": 51}
{"loss": 0.32287895679473877, "acc": 0.8684027194976807, "length": 4.0, "mode": "test", "epoch": 51}
{"loss": 0.306265264749527, "acc": 0.8758973479270935, "length": 3.999974489212036, "mode": "train", "epoch": 52}
{"loss": 0.3350942134857178, "acc": 0.8706597089767456, "length": 4.0, "mode": "test", "epoch": 52}
{"loss": 0.32424989342689514, "acc": 0.8681169152259827, "length": 3.999903440475464, "mode": "train", "epoch": 53}
{"loss": 0.3328019678592682, "acc": 0.8661457300186157, "length": 4.0, "mode": "test", "epoch": 53}
{"loss": 0.3087988495826721, "acc": 0.873489499092102, "length": 3.9999678134918213, "mode": "train", "epoch": 54}
{"loss": 0.3183150589466095, "acc": 0.8742188215255737, "length": 4.0, "mode": "test", "epoch": 54}
{"loss": 0.3007414638996124, "acc": 0.8777497410774231, "length": 3.999957323074341, "mode": "train", "epoch": 55}
{"loss": 0.31751498579978943, "acc": 0.8762152194976807, "length": 4.0, "mode": "test", "epoch": 55}
{"loss": 0.2982465922832489, "acc": 0.8793708682060242, "length": 3.9998292922973633, "mode": "train", "epoch": 56}
{"loss": 0.3249644339084625, "acc": 0.8716146349906921, "length": 4.0, "mode": "test", "epoch": 56}
{"loss": 0.3018157184123993, "acc": 0.8810433745384216, "length": 3.999971866607666, "mode": "train", "epoch": 57}
{"loss": 0.31700992584228516, "acc": 0.8721354603767395, "length": 4.0, "mode": "test", "epoch": 57}
{"loss": 0.2900177836418152, "acc": 0.8842258453369141, "length": 3.9999752044677734, "mode": "train", "epoch": 58}
{"loss": 0.3122578561306, "acc": 0.8763020038604736, "length": 4.0, "mode": "test", "epoch": 58}
{"loss": 0.2912040650844574, "acc": 0.8846120834350586, "length": 3.999959707260132, "mode": "train", "epoch": 59}
{"loss": 0.31331324577331543, "acc": 0.879687488079071, "length": 4.0, "mode": "test", "epoch": 59}
{"loss": 0.2887150049209595, "acc": 0.8860257863998413, "length": 3.999990701675415, "mode": "train", "epoch": 60}
{"loss": 0.3105168342590332, "acc": 0.8802951574325562, "length": 4.0, "mode": "test", "epoch": 60}
test accuracy: 0.8078814148902893
