# ["--attributes=3", "--values=4", "--game_size=10", "--vocab_size_factor=3", "--n_epochs=60", "--batch_size=64", "--learning_rate=0.001", "--hidden_size=256", "--temp_update=0.97", "--temperature=1"]
Creating train_ds and val_ds...

Creating test_ds...
{"loss": 0.6986303925514221, "acc": 0.5072890520095825, "length": 1.8085331916809082, "mode": "train", "epoch": 1}
{"loss": 0.6937599182128906, "acc": 0.5018229484558105, "length": 1.0, "mode": "test", "epoch": 1}
{"loss": 0.69265216588974, "acc": 0.5202579498291016, "length": 1.0002115964889526, "mode": "train", "epoch": 2}
{"loss": 0.6940211057662964, "acc": 0.4940972328186035, "length": 1.0, "mode": "test", "epoch": 2}
{"loss": 0.6929709911346436, "acc": 0.5223749876022339, "length": 1.0001075267791748, "mode": "train", "epoch": 3}
{"loss": 0.6948131918907166, "acc": 0.5157118439674377, "length": 1.0, "mode": "test", "epoch": 3}
{"loss": 0.6922838091850281, "acc": 0.5256339907646179, "length": 1.0002386569976807, "mode": "train", "epoch": 4}
{"loss": 0.6941454410552979, "acc": 0.5065104365348816, "length": 1.0, "mode": "test", "epoch": 4}
{"loss": 0.6929879188537598, "acc": 0.5214836001396179, "length": 1.0000553131103516, "mode": "train", "epoch": 5}
{"loss": 0.6946836709976196, "acc": 0.49531254172325134, "length": 1.0, "mode": "test", "epoch": 5}
{"loss": 0.6925612092018127, "acc": 0.519288182258606, "length": 1.000038981437683, "mode": "train", "epoch": 6}
{"loss": 0.693950891494751, "acc": 0.4920138716697693, "length": 1.0, "mode": "test", "epoch": 6}
{"loss": 0.6918837428092957, "acc": 0.5203721523284912, "length": 1.000049352645874, "mode": "train", "epoch": 7}
{"loss": 0.6946805715560913, "acc": 0.49644094705581665, "length": 1.0, "mode": "test", "epoch": 7}
{"loss": 0.692646861076355, "acc": 0.5217621326446533, "length": 1.000023365020752, "mode": "train", "epoch": 8}
{"loss": 0.6954870223999023, "acc": 0.4871527850627899, "length": 1.0, "mode": "test", "epoch": 8}
{"loss": 0.6930855512619019, "acc": 0.5124513506889343, "length": 1.0000214576721191, "mode": "train", "epoch": 9}
{"loss": 0.6943827867507935, "acc": 0.510937511920929, "length": 1.0, "mode": "test", "epoch": 9}
{"loss": 0.6923861503601074, "acc": 0.5197597146034241, "length": 1.0000710487365723, "mode": "train", "epoch": 10}
{"loss": 0.6948959827423096, "acc": 0.49210065603256226, "length": 1.0, "mode": "test", "epoch": 10}
{"loss": 0.69251549243927, "acc": 0.525402307510376, "length": 1.000100016593933, "mode": "train", "epoch": 11}
{"loss": 0.6944513916969299, "acc": 0.5, "length": 1.0, "mode": "test", "epoch": 11}
{"loss": 0.692041277885437, "acc": 0.5225124955177307, "length": 1.0000078678131104, "mode": "train", "epoch": 12}
{"loss": 0.695067286491394, "acc": 0.49730899930000305, "length": 1.0, "mode": "test", "epoch": 12}
{"loss": 0.692376971244812, "acc": 0.5237075686454773, "length": 1.000006079673767, "mode": "train", "epoch": 13}
{"loss": 0.694513738155365, "acc": 0.4982638955116272, "length": 1.0, "mode": "test", "epoch": 13}
{"loss": 0.6920669674873352, "acc": 0.5195386409759521, "length": 1.0000016689300537, "mode": "train", "epoch": 14}
{"loss": 0.6946018934249878, "acc": 0.490451455116272, "length": 1.0, "mode": "test", "epoch": 14}
{"loss": 0.692351758480072, "acc": 0.5229015350341797, "length": 1.0000451803207397, "mode": "train", "epoch": 15}
{"loss": 0.6946361064910889, "acc": 0.494357705116272, "length": 1.0, "mode": "test", "epoch": 15}
{"loss": 0.6918709874153137, "acc": 0.5190383791923523, "length": 1.0000009536743164, "mode": "train", "epoch": 16}
{"loss": 0.6950118541717529, "acc": 0.49600690603256226, "length": 1.0, "mode": "test", "epoch": 16}
{"loss": 0.6926866173744202, "acc": 0.5223178863525391, "length": 1.0000014305114746, "mode": "train", "epoch": 17}
{"loss": 0.6943599581718445, "acc": 0.4993923604488373, "length": 1.0, "mode": "test", "epoch": 17}
{"loss": 0.6922064423561096, "acc": 0.524763822555542, "length": 1.0000087022781372, "mode": "train", "epoch": 18}
{"loss": 0.6941691040992737, "acc": 0.49531254172325134, "length": 1.0, "mode": "test", "epoch": 18}
{"loss": 0.6919385194778442, "acc": 0.5227067470550537, "length": 1.0000345706939697, "mode": "train", "epoch": 19}
{"loss": 0.6947425603866577, "acc": 0.49027764797210693, "length": 1.0, "mode": "test", "epoch": 19}
{"loss": 0.6926210522651672, "acc": 0.5156753659248352, "length": 1.0000017881393433, "mode": "train", "epoch": 20}
{"loss": 0.6946718692779541, "acc": 0.49531254172325134, "length": 1.0, "mode": "test", "epoch": 20}
{"loss": 0.6919695734977722, "acc": 0.5229572057723999, "length": 1.000000238418579, "mode": "train", "epoch": 21}
{"loss": 0.6943938732147217, "acc": 0.49270835518836975, "length": 1.0, "mode": "test", "epoch": 21}
{"loss": 0.6922622323036194, "acc": 0.5206225514411926, "length": 1.0000033378601074, "mode": "train", "epoch": 22}
{"loss": 0.6947072744369507, "acc": 0.4887152910232544, "length": 1.0, "mode": "test", "epoch": 22}
{"loss": 0.6925405859947205, "acc": 0.5221512317657471, "length": 1.0000001192092896, "mode": "train", "epoch": 23}
{"loss": 0.694415271282196, "acc": 0.49079859256744385, "length": 1.0, "mode": "test", "epoch": 23}
{"loss": 0.692596971988678, "acc": 0.5224291682243347, "length": 1.0000054836273193, "mode": "train", "epoch": 24}
{"loss": 0.6945540308952332, "acc": 0.49444448947906494, "length": 1.0, "mode": "test", "epoch": 24}
{"loss": 0.6923522353172302, "acc": 0.5235408544540405, "length": 1.0000056028366089, "mode": "train", "epoch": 25}
{"loss": 0.6943469643592834, "acc": 0.502170205116272, "length": 1.0, "mode": "test", "epoch": 25}
{"loss": 0.6922493577003479, "acc": 0.5254308581352234, "length": 1.0000001192092896, "mode": "train", "epoch": 26}
{"loss": 0.6944499611854553, "acc": 0.49097225069999695, "length": 1.0, "mode": "test", "epoch": 26}
{"loss": 0.6917933821678162, "acc": 0.5225958824157715, "length": 1.000000238418579, "mode": "train", "epoch": 27}
{"loss": 0.694622814655304, "acc": 0.5040798187255859, "length": 1.0, "mode": "test", "epoch": 27}
{"loss": 0.6927533745765686, "acc": 0.521206259727478, "length": 1.0, "mode": "train", "epoch": 28}
{"loss": 0.6948167085647583, "acc": 0.5057291984558105, "length": 1.0, "mode": "test", "epoch": 28}
{"loss": 0.6919904351234436, "acc": 0.523679792881012, "length": 1.0000041723251343, "mode": "train", "epoch": 29}
{"loss": 0.6944981813430786, "acc": 0.49079859256744385, "length": 1.0, "mode": "test", "epoch": 29}
{"loss": 0.6923536062240601, "acc": 0.5239856243133545, "length": 1.000000238418579, "mode": "train", "epoch": 30}
{"loss": 0.6944806575775146, "acc": 0.49401044845581055, "length": 1.0, "mode": "test", "epoch": 30}
{"loss": 0.692171037197113, "acc": 0.524624764919281, "length": 1.0, "mode": "train", "epoch": 31}
{"loss": 0.6942942142486572, "acc": 0.49574655294418335, "length": 1.0, "mode": "test", "epoch": 31}
{"loss": 0.6921459436416626, "acc": 0.521206259727478, "length": 1.000001311302185, "mode": "train", "epoch": 32}
{"loss": 0.6943171620368958, "acc": 0.4914930760860443, "length": 1.0, "mode": "test", "epoch": 32}
{"loss": 0.6920921206474304, "acc": 0.52609783411026, "length": 1.000000238418579, "mode": "train", "epoch": 33}
{"loss": 0.6944106221199036, "acc": 0.49270835518836975, "length": 1.0, "mode": "test", "epoch": 33}
{"loss": 0.6921477317810059, "acc": 0.5219288468360901, "length": 1.0, "mode": "train", "epoch": 34}
{"loss": 0.6947267651557922, "acc": 0.48645830154418945, "length": 1.0, "mode": "test", "epoch": 34}
{"loss": 0.6923108100891113, "acc": 0.5167593359947205, "length": 1.0000008344650269, "mode": "train", "epoch": 35}
{"loss": 0.6944773197174072, "acc": 0.49210065603256226, "length": 1.0, "mode": "test", "epoch": 35}
{"loss": 0.6925920844078064, "acc": 0.5261534452438354, "length": 1.000001311302185, "mode": "train", "epoch": 36}
{"loss": 0.6948345899581909, "acc": 0.4956597089767456, "length": 1.0, "mode": "test", "epoch": 36}
{"loss": 0.6923294067382812, "acc": 0.5264313220977783, "length": 1.000000238418579, "mode": "train", "epoch": 37}
{"loss": 0.6948157548904419, "acc": 0.49904510378837585, "length": 1.0, "mode": "test", "epoch": 37}
{"loss": 0.6923441886901855, "acc": 0.5235686898231506, "length": 1.0, "mode": "train", "epoch": 38}
{"loss": 0.6944741606712341, "acc": 0.4930555522441864, "length": 1.0, "mode": "test", "epoch": 38}
{"loss": 0.6915992498397827, "acc": 0.5292662978172302, "length": 1.0000001192092896, "mode": "train", "epoch": 39}
{"loss": 0.6946414709091187, "acc": 0.5013889074325562, "length": 1.0, "mode": "test", "epoch": 39}
{"loss": 0.6920433640480042, "acc": 0.5295437574386597, "length": 1.0000386238098145, "mode": "train", "epoch": 40}
{"loss": 0.695029079914093, "acc": 0.4986978769302368, "length": 1.0, "mode": "test", "epoch": 40}
{"loss": 0.6917625069618225, "acc": 0.523930013179779, "length": 1.0, "mode": "train", "epoch": 41}
{"loss": 0.6943995356559753, "acc": 0.49513885378837585, "length": 1.0, "mode": "test", "epoch": 41}
{"loss": 0.6920112371444702, "acc": 0.5240411162376404, "length": 1.0000001192092896, "mode": "train", "epoch": 42}
{"loss": 0.6947683095932007, "acc": 0.5000868439674377, "length": 1.0, "mode": "test", "epoch": 42}
{"loss": 0.6916736960411072, "acc": 0.524457573890686, "length": 1.0000319480895996, "mode": "train", "epoch": 43}
{"loss": 0.694572389125824, "acc": 0.49748265743255615, "length": 1.0, "mode": "test", "epoch": 43}
{"loss": 0.692003071308136, "acc": 0.5213452577590942, "length": 1.000000238418579, "mode": "train", "epoch": 44}
{"loss": 0.694858193397522, "acc": 0.49557289481163025, "length": 1.0, "mode": "test", "epoch": 44}
{"loss": 0.6923820376396179, "acc": 0.524238646030426, "length": 1.0002384185791016, "mode": "train", "epoch": 45}
{"loss": 0.6946008205413818, "acc": 0.5019965767860413, "length": 1.0, "mode": "test", "epoch": 45}
{"loss": 0.6922857761383057, "acc": 0.5244857668876648, "length": 1.0000005960464478, "mode": "train", "epoch": 46}
{"loss": 0.6942700147628784, "acc": 0.49583327770233154, "length": 1.0, "mode": "test", "epoch": 46}
{"loss": 0.6917629837989807, "acc": 0.521289050579071, "length": 1.000105381011963, "mode": "train", "epoch": 47}
{"loss": 0.6941984295845032, "acc": 0.4959201216697693, "length": 1.0, "mode": "test", "epoch": 47}
{"loss": 0.6917887330055237, "acc": 0.5235130786895752, "length": 1.000000238418579, "mode": "train", "epoch": 48}
{"loss": 0.6949230432510376, "acc": 0.49114587903022766, "length": 1.0, "mode": "test", "epoch": 48}
{"loss": 0.6923000812530518, "acc": 0.5185380578041077, "length": 1.000001311302185, "mode": "train", "epoch": 49}
{"loss": 0.6945064067840576, "acc": 0.4936631917953491, "length": 1.0, "mode": "test", "epoch": 49}
{"loss": 0.6921606659889221, "acc": 0.5222067832946777, "length": 1.0000001192092896, "mode": "train", "epoch": 50}
{"loss": 0.6947161555290222, "acc": 0.49531254172325134, "length": 1.0, "mode": "test", "epoch": 50}
{"loss": 0.6917976140975952, "acc": 0.5233463048934937, "length": 1.0000016689300537, "mode": "train", "epoch": 51}
{"loss": 0.6942400932312012, "acc": 0.49670135974884033, "length": 1.0, "mode": "test", "epoch": 51}
{"loss": 0.6920371055603027, "acc": 0.5233185291290283, "length": 1.0000001192092896, "mode": "train", "epoch": 52}
{"loss": 0.6945974230766296, "acc": 0.4964408874511719, "length": 1.0, "mode": "test", "epoch": 52}
{"loss": 0.6919199228286743, "acc": 0.5227625966072083, "length": 1.0000001192092896, "mode": "train", "epoch": 53}
{"loss": 0.6943147778511047, "acc": 0.5028645992279053, "length": 1.0, "mode": "test", "epoch": 53}
{"loss": 0.6913758516311646, "acc": 0.5215675234794617, "length": 1.0000040531158447, "mode": "train", "epoch": 54}
{"loss": 0.6947500705718994, "acc": 0.4953993260860443, "length": 1.0, "mode": "test", "epoch": 54}
{"loss": 0.6921055912971497, "acc": 0.524847149848938, "length": 1.0000001192092896, "mode": "train", "epoch": 55}
{"loss": 0.6953751444816589, "acc": 0.5009548664093018, "length": 1.0, "mode": "test", "epoch": 55}
{"loss": 0.6918359398841858, "acc": 0.5225124955177307, "length": 1.0000007152557373, "mode": "train", "epoch": 56}
{"loss": 0.694535493850708, "acc": 0.49791669845581055, "length": 1.0, "mode": "test", "epoch": 56}
{"loss": 0.6917420029640198, "acc": 0.5233184099197388, "length": 1.0000001192092896, "mode": "train", "epoch": 57}
{"loss": 0.6944001913070679, "acc": 0.4933159649372101, "length": 1.0, "mode": "test", "epoch": 57}
{"loss": 0.6912018060684204, "acc": 0.5211506485939026, "length": 1.000000238418579, "mode": "train", "epoch": 58}
{"loss": 0.6950464248657227, "acc": 0.48923614621162415, "length": 1.0, "mode": "test", "epoch": 58}
{"loss": 0.6916338205337524, "acc": 0.5209560990333557, "length": 1.0000001192092896, "mode": "train", "epoch": 59}
{"loss": 0.6952351331710815, "acc": 0.49270835518836975, "length": 1.0, "mode": "test", "epoch": 59}
{"loss": 0.6917388439178467, "acc": 0.5186214447021484, "length": 1.0000008344650269, "mode": "train", "epoch": 60}
{"loss": 0.6951050162315369, "acc": 0.4908854067325592, "length": 1.0, "mode": "test", "epoch": 60}
test accuracy: 0.43641677498817444
