# ["--attributes=3", "--values=4", "--game_size=10", "--vocab_size_factor=3", "--n_epochs=60", "--batch_size=128", "--learning_rate=0.0005", "--hidden_size=128", "--temp_update=0.99", "--temperature=1.5"]
Creating train_ds and val_ds...

Creating test_ds...
{"loss": 0.6912208199501038, "acc": 0.5252153873443604, "length": 3.6287338733673096, "mode": "train", "epoch": 1}
{"loss": 0.6922987103462219, "acc": 0.52099609375, "length": 4.0, "mode": "test", "epoch": 1}
{"loss": 0.6901339888572693, "acc": 0.5409196019172668, "length": 3.684936046600342, "mode": "train", "epoch": 2}
{"loss": 0.691527247428894, "acc": 0.5336914658546448, "length": 4.0, "mode": "test", "epoch": 2}
{"loss": 0.6877422332763672, "acc": 0.5496309995651245, "length": 3.7393250465393066, "mode": "train", "epoch": 3}
{"loss": 0.6839982271194458, "acc": 0.5568358898162842, "length": 4.0, "mode": "test", "epoch": 3}
{"loss": 0.6719774007797241, "acc": 0.6041387915611267, "length": 3.8774309158325195, "mode": "train", "epoch": 4}
{"loss": 0.6525352597236633, "acc": 0.6357420086860657, "length": 4.0, "mode": "test", "epoch": 4}
{"loss": 0.611923098564148, "acc": 0.6829282641410828, "length": 3.969369888305664, "mode": "train", "epoch": 5}
{"loss": 0.6040801405906677, "acc": 0.6656251549720764, "length": 4.0, "mode": "test", "epoch": 5}
{"loss": 0.5816224217414856, "acc": 0.6904779076576233, "length": 3.9904584884643555, "mode": "train", "epoch": 6}
{"loss": 0.5978218913078308, "acc": 0.6938477158546448, "length": 4.0, "mode": "test", "epoch": 6}
{"loss": 0.5753202438354492, "acc": 0.7041516900062561, "length": 3.9904239177703857, "mode": "train", "epoch": 7}
{"loss": 0.5936524271965027, "acc": 0.6948241591453552, "length": 4.0, "mode": "test", "epoch": 7}
{"loss": 0.5729731321334839, "acc": 0.7011130452156067, "length": 3.9922590255737305, "mode": "train", "epoch": 8}
{"loss": 0.595148503780365, "acc": 0.6916994452476501, "length": 4.0, "mode": "test", "epoch": 8}
{"loss": 0.5759037733078003, "acc": 0.7025395035743713, "length": 3.9945337772369385, "mode": "train", "epoch": 9}
{"loss": 0.5958273410797119, "acc": 0.69873046875, "length": 4.0, "mode": "test", "epoch": 9}
{"loss": 0.5730770826339722, "acc": 0.7014243602752686, "length": 3.9938466548919678, "mode": "train", "epoch": 10}
{"loss": 0.5951460003852844, "acc": 0.6974610090255737, "length": 4.0, "mode": "test", "epoch": 10}
{"loss": 0.5680118203163147, "acc": 0.7044256329536438, "length": 3.9895105361938477, "mode": "train", "epoch": 11}
{"loss": 0.5953459739685059, "acc": 0.6988281011581421, "length": 4.0, "mode": "test", "epoch": 11}
{"loss": 0.5604230165481567, "acc": 0.7088358402252197, "length": 3.990236759185791, "mode": "train", "epoch": 12}
{"loss": 0.5902800559997559, "acc": 0.6892578601837158, "length": 4.0, "mode": "test", "epoch": 12}
{"loss": 0.5529239773750305, "acc": 0.7252280712127686, "length": 3.9902002811431885, "mode": "train", "epoch": 13}
{"loss": 0.593728244304657, "acc": 0.7024413347244263, "length": 4.0, "mode": "test", "epoch": 13}
{"loss": 0.5457156300544739, "acc": 0.7259261608123779, "length": 3.9932377338409424, "mode": "train", "epoch": 14}
{"loss": 0.5779839158058167, "acc": 0.7066407203674316, "length": 4.0, "mode": "test", "epoch": 14}
{"loss": 0.5385907292366028, "acc": 0.7258716821670532, "length": 3.9952762126922607, "mode": "train", "epoch": 15}
{"loss": 0.5802494883537292, "acc": 0.7168945670127869, "length": 4.0, "mode": "test", "epoch": 15}
{"loss": 0.5375071167945862, "acc": 0.7284401655197144, "length": 3.9973833560943604, "mode": "train", "epoch": 16}
{"loss": 0.5816477537155151, "acc": 0.7107423543930054, "length": 4.0, "mode": "test", "epoch": 16}
{"loss": 0.5345934629440308, "acc": 0.7343313097953796, "length": 3.997483253479004, "mode": "train", "epoch": 17}
{"loss": 0.5663608908653259, "acc": 0.7179688215255737, "length": 4.0, "mode": "test", "epoch": 17}
{"loss": 0.5266379714012146, "acc": 0.733726441860199, "length": 3.9980030059814453, "mode": "train", "epoch": 18}
{"loss": 0.5653680562973022, "acc": 0.7216797471046448, "length": 4.0, "mode": "test", "epoch": 18}
{"loss": 0.5281490683555603, "acc": 0.7282196879386902, "length": 3.9979586601257324, "mode": "train", "epoch": 19}
{"loss": 0.5525351166725159, "acc": 0.7126952409744263, "length": 4.0, "mode": "test", "epoch": 19}
{"loss": 0.5315836668014526, "acc": 0.7280271649360657, "length": 3.9980123043060303, "mode": "train", "epoch": 20}
{"loss": 0.5596690773963928, "acc": 0.7205078601837158, "length": 4.0, "mode": "test", "epoch": 20}
{"loss": 0.5243831872940063, "acc": 0.7332899570465088, "length": 3.9983010292053223, "mode": "train", "epoch": 21}
{"loss": 0.5540863871574402, "acc": 0.7144531607627869, "length": 4.0, "mode": "test", "epoch": 21}
{"loss": 0.5210932493209839, "acc": 0.7306175231933594, "length": 3.9986765384674072, "mode": "train", "epoch": 22}
{"loss": 0.5558693408966064, "acc": 0.7269530892372131, "length": 4.0, "mode": "test", "epoch": 22}
{"loss": 0.5188443660736084, "acc": 0.7330949306488037, "length": 3.9986860752105713, "mode": "train", "epoch": 23}
{"loss": 0.5585010051727295, "acc": 0.7239257097244263, "length": 4.0, "mode": "test", "epoch": 23}
{"loss": 0.5152348875999451, "acc": 0.7392421960830688, "length": 3.999075412750244, "mode": "train", "epoch": 24}
{"loss": 0.5574020743370056, "acc": 0.7287110686302185, "length": 4.0, "mode": "test", "epoch": 24}
{"loss": 0.5151830911636353, "acc": 0.7445318102836609, "length": 3.999117612838745, "mode": "train", "epoch": 25}
{"loss": 0.5530371069908142, "acc": 0.7283203601837158, "length": 4.0, "mode": "test", "epoch": 25}
{"loss": 0.512270450592041, "acc": 0.7500172853469849, "length": 3.999155282974243, "mode": "train", "epoch": 26}
{"loss": 0.5488141775131226, "acc": 0.7282227277755737, "length": 4.0, "mode": "test", "epoch": 26}
{"loss": 0.5027459859848022, "acc": 0.7584680914878845, "length": 3.9986095428466797, "mode": "train", "epoch": 27}
{"loss": 0.5397957563400269, "acc": 0.7367187142372131, "length": 4.0, "mode": "test", "epoch": 27}
{"loss": 0.49683231115341187, "acc": 0.7634109854698181, "length": 3.998927593231201, "mode": "train", "epoch": 28}
{"loss": 0.533642053604126, "acc": 0.7448242902755737, "length": 4.0, "mode": "test", "epoch": 28}
{"loss": 0.48493725061416626, "acc": 0.7795059680938721, "length": 3.999199628829956, "mode": "train", "epoch": 29}
{"loss": 0.521642804145813, "acc": 0.7522463202476501, "length": 4.0, "mode": "test", "epoch": 29}
{"loss": 0.4703582525253296, "acc": 0.7841075658798218, "length": 3.9989092350006104, "mode": "train", "epoch": 30}
{"loss": 0.49768394231796265, "acc": 0.7802734375, "length": 4.0, "mode": "test", "epoch": 30}
{"loss": 0.44934120774269104, "acc": 0.7948024868965149, "length": 3.9991188049316406, "mode": "train", "epoch": 31}
{"loss": 0.480485200881958, "acc": 0.7786134481430054, "length": 4.0, "mode": "test", "epoch": 31}
{"loss": 0.4333449602127075, "acc": 0.7985763549804688, "length": 3.9990336894989014, "mode": "train", "epoch": 32}
{"loss": 0.4675751328468323, "acc": 0.7874022126197815, "length": 4.0, "mode": "test", "epoch": 32}
{"loss": 0.421723335981369, "acc": 0.80811607837677, "length": 3.998422384262085, "mode": "train", "epoch": 33}
{"loss": 0.457892507314682, "acc": 0.7875975966453552, "length": 4.0, "mode": "test", "epoch": 33}
{"loss": 0.4116854965686798, "acc": 0.8104133605957031, "length": 3.9987716674804688, "mode": "train", "epoch": 34}
{"loss": 0.4500713646411896, "acc": 0.7988280653953552, "length": 4.0, "mode": "test", "epoch": 34}
{"loss": 0.40693986415863037, "acc": 0.8163800239562988, "length": 3.9993064403533936, "mode": "train", "epoch": 35}
{"loss": 0.4484139084815979, "acc": 0.7927733063697815, "length": 4.0, "mode": "test", "epoch": 35}
{"loss": 0.398380309343338, "acc": 0.8185652494430542, "length": 3.9995322227478027, "mode": "train", "epoch": 36}
{"loss": 0.4383595585823059, "acc": 0.7975587248802185, "length": 4.0, "mode": "test", "epoch": 36}
{"loss": 0.3929428458213806, "acc": 0.8208940625190735, "length": 3.9990322589874268, "mode": "train", "epoch": 37}
{"loss": 0.42561274766921997, "acc": 0.7982421517372131, "length": 4.0, "mode": "test", "epoch": 37}
{"loss": 0.38499099016189575, "acc": 0.8207141160964966, "length": 3.999542713165283, "mode": "train", "epoch": 38}
{"loss": 0.42714568972587585, "acc": 0.7967773079872131, "length": 4.0, "mode": "test", "epoch": 38}
{"loss": 0.3844105899333954, "acc": 0.823559045791626, "length": 3.999661445617676, "mode": "train", "epoch": 39}
{"loss": 0.4149906039237976, "acc": 0.806640625, "length": 4.0, "mode": "test", "epoch": 39}
{"loss": 0.3791370689868927, "acc": 0.8258461952209473, "length": 3.9996659755706787, "mode": "train", "epoch": 40}
{"loss": 0.40546053647994995, "acc": 0.8111329078674316, "length": 4.0, "mode": "test", "epoch": 40}
{"loss": 0.37665385007858276, "acc": 0.8275564908981323, "length": 3.9997072219848633, "mode": "train", "epoch": 41}
{"loss": 0.3967446982860565, "acc": 0.8167968392372131, "length": 4.0, "mode": "test", "epoch": 41}
{"loss": 0.3628368377685547, "acc": 0.8296249508857727, "length": 3.99967622756958, "mode": "train", "epoch": 42}
{"loss": 0.39359402656555176, "acc": 0.8168944716453552, "length": 4.0, "mode": "test", "epoch": 42}
{"loss": 0.3555968105792999, "acc": 0.8287137746810913, "length": 3.999530076980591, "mode": "train", "epoch": 43}
{"loss": 0.3902529180049896, "acc": 0.8194336891174316, "length": 4.0, "mode": "test", "epoch": 43}
{"loss": 0.3561156094074249, "acc": 0.8365657329559326, "length": 3.999412775039673, "mode": "train", "epoch": 44}
{"loss": 0.37873172760009766, "acc": 0.8218750357627869, "length": 4.0, "mode": "test", "epoch": 44}
{"loss": 0.3556309640407562, "acc": 0.8340897560119629, "length": 3.9996862411499023, "mode": "train", "epoch": 45}
{"loss": 0.3786364793777466, "acc": 0.8264647722244263, "length": 4.0, "mode": "test", "epoch": 45}
{"loss": 0.34964144229888916, "acc": 0.8372039794921875, "length": 3.999567747116089, "mode": "train", "epoch": 46}
{"loss": 0.38053464889526367, "acc": 0.8229492902755737, "length": 4.0, "mode": "test", "epoch": 46}
{"loss": 0.3469134271144867, "acc": 0.8407341241836548, "length": 3.9997637271881104, "mode": "train", "epoch": 47}
{"loss": 0.37167805433273315, "acc": 0.8268555402755737, "length": 4.0, "mode": "test", "epoch": 47}
{"loss": 0.3434872031211853, "acc": 0.8445926308631897, "length": 3.9997332096099854, "mode": "train", "epoch": 48}
{"loss": 0.3636356592178345, "acc": 0.8379883170127869, "length": 4.0, "mode": "test", "epoch": 48}
{"loss": 0.3373136818408966, "acc": 0.8471521139144897, "length": 3.999640941619873, "mode": "train", "epoch": 49}
{"loss": 0.3630691170692444, "acc": 0.8317381143569946, "length": 4.0, "mode": "test", "epoch": 49}
{"loss": 0.3367026150226593, "acc": 0.84886634349823, "length": 3.999872922897339, "mode": "train", "epoch": 50}
{"loss": 0.3592936396598816, "acc": 0.8409180045127869, "length": 4.0, "mode": "test", "epoch": 50}
{"loss": 0.33737847208976746, "acc": 0.8504085540771484, "length": 3.9998059272766113, "mode": "train", "epoch": 51}
{"loss": 0.3580934703350067, "acc": 0.8441405892372131, "length": 4.0, "mode": "test", "epoch": 51}
{"loss": 0.33091872930526733, "acc": 0.8536345958709717, "length": 3.9997801780700684, "mode": "train", "epoch": 52}
{"loss": 0.3575310707092285, "acc": 0.8399414420127869, "length": 4.0, "mode": "test", "epoch": 52}
{"loss": 0.33119139075279236, "acc": 0.8548752665519714, "length": 3.999873399734497, "mode": "train", "epoch": 53}
{"loss": 0.3554609417915344, "acc": 0.8404296636581421, "length": 4.0, "mode": "test", "epoch": 53}
{"loss": 0.3260112404823303, "acc": 0.85528963804245, "length": 3.9999163150787354, "mode": "train", "epoch": 54}
{"loss": 0.3480091392993927, "acc": 0.84619140625, "length": 4.0, "mode": "test", "epoch": 54}
{"loss": 0.3157833516597748, "acc": 0.8573576807975769, "length": 3.9999265670776367, "mode": "train", "epoch": 55}
{"loss": 0.3473729193210602, "acc": 0.8476561903953552, "length": 4.0, "mode": "test", "epoch": 55}
{"loss": 0.3172399401664734, "acc": 0.8581282496452332, "length": 3.999886989593506, "mode": "train", "epoch": 56}
{"loss": 0.3476000130176544, "acc": 0.8438476920127869, "length": 4.0, "mode": "test", "epoch": 56}
{"loss": 0.31654149293899536, "acc": 0.8584318161010742, "length": 3.999887704849243, "mode": "train", "epoch": 57}
{"loss": 0.3463122546672821, "acc": 0.8478513956069946, "length": 4.0, "mode": "test", "epoch": 57}
{"loss": 0.3139117658138275, "acc": 0.8601682782173157, "length": 3.999903917312622, "mode": "train", "epoch": 58}
{"loss": 0.34483444690704346, "acc": 0.8496093153953552, "length": 4.0, "mode": "test", "epoch": 58}
{"loss": 0.310724675655365, "acc": 0.8620956540107727, "length": 3.9998013973236084, "mode": "train", "epoch": 59}
{"loss": 0.33989211916923523, "acc": 0.8488279581069946, "length": 4.0, "mode": "test", "epoch": 59}
{"loss": 0.30900290608406067, "acc": 0.8584886789321899, "length": 3.9999618530273438, "mode": "train", "epoch": 60}
{"loss": 0.3324657380580902, "acc": 0.8487305641174316, "length": 4.0, "mode": "test", "epoch": 60}
test accuracy: 0.7976722717285156
