# ["--attributes=3", "--values=4", "--game_size=10", "--vocab_size_factor=3", "--n_epochs=60", "--batch_size=128", "--learning_rate=0.001", "--hidden_size=256", "--temp_update=0.97", "--temperature=2"]
Creating train_ds and val_ds...

Creating test_ds...
{"loss": 0.7078880667686462, "acc": 0.501322865486145, "length": 3.300274133682251, "mode": "train", "epoch": 1}
{"loss": 0.6944630742073059, "acc": 0.5126953125, "length": 1.0, "mode": "test", "epoch": 1}
{"loss": 0.6942861676216125, "acc": 0.5071032047271729, "length": 1.1675342321395874, "mode": "train", "epoch": 2}
{"loss": 0.6929805278778076, "acc": 0.5156249403953552, "length": 1.0, "mode": "test", "epoch": 2}
{"loss": 0.692489504814148, "acc": 0.511788547039032, "length": 1.0406421422958374, "mode": "train", "epoch": 3}
{"loss": 0.6924220323562622, "acc": 0.5152344107627869, "length": 1.0, "mode": "test", "epoch": 3}
{"loss": 0.6921839714050293, "acc": 0.5114720463752747, "length": 1.0464954376220703, "mode": "train", "epoch": 4}
{"loss": 0.6923144459724426, "acc": 0.5130859017372131, "length": 1.0, "mode": "test", "epoch": 4}
{"loss": 0.6856114268302917, "acc": 0.5446353554725647, "length": 1.5106627941131592, "mode": "train", "epoch": 5}
{"loss": 0.6585643291473389, "acc": 0.6261695623397827, "length": 2.677734375, "mode": "test", "epoch": 5}
{"loss": 0.6344848871231079, "acc": 0.6453892588615417, "length": 2.533973217010498, "mode": "train", "epoch": 6}
{"loss": 0.6349099278450012, "acc": 0.6590956449508667, "length": 2.587890625, "mode": "test", "epoch": 6}
{"loss": 0.6124449372291565, "acc": 0.6660575270652771, "length": 2.564849853515625, "mode": "train", "epoch": 7}
{"loss": 0.617296576499939, "acc": 0.6708770990371704, "length": 2.6640625, "mode": "test", "epoch": 7}
{"loss": 0.6002693176269531, "acc": 0.6805146336555481, "length": 2.5243661403656006, "mode": "train", "epoch": 8}
{"loss": 0.6188450455665588, "acc": 0.6697737574577332, "length": 2.892578125, "mode": "test", "epoch": 8}
{"loss": 0.5800461173057556, "acc": 0.7007746696472168, "length": 3.011343479156494, "mode": "train", "epoch": 9}
{"loss": 0.5971173644065857, "acc": 0.6800811886787415, "length": 2.95703125, "mode": "test", "epoch": 9}
{"loss": 0.5625327825546265, "acc": 0.7179286479949951, "length": 3.075054168701172, "mode": "train", "epoch": 10}
{"loss": 0.5733516216278076, "acc": 0.6997947692871094, "length": 3.115234375, "mode": "test", "epoch": 10}
{"loss": 0.5426910519599915, "acc": 0.7213044762611389, "length": 3.3890297412872314, "mode": "train", "epoch": 11}
{"loss": 0.5572406649589539, "acc": 0.7184028029441833, "length": 3.255859375, "mode": "test", "epoch": 11}
{"loss": 0.5232436656951904, "acc": 0.7372453808784485, "length": 3.5167763233184814, "mode": "train", "epoch": 12}
{"loss": 0.5423996448516846, "acc": 0.7291763424873352, "length": 3.291015625, "mode": "test", "epoch": 12}
{"loss": 0.5042703151702881, "acc": 0.7555573582649231, "length": 3.543898105621338, "mode": "train", "epoch": 13}
{"loss": 0.5067808032035828, "acc": 0.7504562139511108, "length": 3.578125, "mode": "test", "epoch": 13}
{"loss": 0.4710310101509094, "acc": 0.7753573656082153, "length": 3.6241841316223145, "mode": "train", "epoch": 14}
{"loss": 0.4770526587963104, "acc": 0.7686317563056946, "length": 3.654296875, "mode": "test", "epoch": 14}
{"loss": 0.45188459753990173, "acc": 0.7889326214790344, "length": 3.6456756591796875, "mode": "train", "epoch": 15}
{"loss": 0.4551481306552887, "acc": 0.7772315144538879, "length": 3.630859375, "mode": "test", "epoch": 15}
{"loss": 0.43428948521614075, "acc": 0.7974497675895691, "length": 3.686248540878296, "mode": "train", "epoch": 16}
{"loss": 0.4423872232437134, "acc": 0.785987913608551, "length": 3.783203125, "mode": "test", "epoch": 16}
{"loss": 0.42082294821739197, "acc": 0.8008605241775513, "length": 3.796473979949951, "mode": "train", "epoch": 17}
{"loss": 0.43470364809036255, "acc": 0.7929382920265198, "length": 3.935546875, "mode": "test", "epoch": 17}
{"loss": 0.41131800413131714, "acc": 0.8135668039321899, "length": 3.879453659057617, "mode": "train", "epoch": 18}
{"loss": 0.4264078140258789, "acc": 0.8057037591934204, "length": 3.958984375, "mode": "test", "epoch": 18}
{"loss": 0.3956771790981293, "acc": 0.8220994472503662, "length": 3.9525084495544434, "mode": "train", "epoch": 19}
{"loss": 0.4297211170196533, "acc": 0.8029627203941345, "length": 3.986328125, "mode": "test", "epoch": 19}
{"loss": 0.39131927490234375, "acc": 0.8256476521492004, "length": 3.9807968139648438, "mode": "train", "epoch": 20}
{"loss": 0.43500202894210815, "acc": 0.8044920563697815, "length": 4.0, "mode": "test", "epoch": 20}
{"loss": 0.3795800805091858, "acc": 0.8331456184387207, "length": 3.991154432296753, "mode": "train", "epoch": 21}
{"loss": 0.38340115547180176, "acc": 0.8302735090255737, "length": 4.0, "mode": "test", "epoch": 21}
{"loss": 0.3648698627948761, "acc": 0.8434135913848877, "length": 3.9957218170166016, "mode": "train", "epoch": 22}
{"loss": 0.38403457403182983, "acc": 0.82958984375, "length": 4.0, "mode": "test", "epoch": 22}
{"loss": 0.3476324677467346, "acc": 0.8476846814155579, "length": 3.9979004859924316, "mode": "train", "epoch": 23}
{"loss": 0.36448726058006287, "acc": 0.8396483659744263, "length": 4.0, "mode": "test", "epoch": 23}
{"loss": 0.3379519581794739, "acc": 0.8506520390510559, "length": 3.9969534873962402, "mode": "train", "epoch": 24}
{"loss": 0.3651741147041321, "acc": 0.8333007097244263, "length": 4.0, "mode": "test", "epoch": 24}
{"loss": 0.3381763994693756, "acc": 0.8478808403015137, "length": 3.998868465423584, "mode": "train", "epoch": 25}
{"loss": 0.36335596442222595, "acc": 0.8350585699081421, "length": 4.0, "mode": "test", "epoch": 25}
{"loss": 0.3367820680141449, "acc": 0.8506567478179932, "length": 3.9985857009887695, "mode": "train", "epoch": 26}
{"loss": 0.3515496850013733, "acc": 0.8416991829872131, "length": 4.0, "mode": "test", "epoch": 26}
{"loss": 0.3492775857448578, "acc": 0.8426596522331238, "length": 3.9986393451690674, "mode": "train", "epoch": 27}
{"loss": 0.3799731433391571, "acc": 0.8126953840255737, "length": 4.0, "mode": "test", "epoch": 27}
{"loss": 0.343193918466568, "acc": 0.8489812612533569, "length": 3.998685598373413, "mode": "train", "epoch": 28}
{"loss": 0.36662670969963074, "acc": 0.8331055045127869, "length": 4.0, "mode": "test", "epoch": 28}
{"loss": 0.3331068158149719, "acc": 0.855301558971405, "length": 3.9982104301452637, "mode": "train", "epoch": 29}
{"loss": 0.3499491512775421, "acc": 0.8409180045127869, "length": 4.0, "mode": "test", "epoch": 29}
{"loss": 0.3223021328449249, "acc": 0.8554978370666504, "length": 3.9996843338012695, "mode": "train", "epoch": 30}
{"loss": 0.34662067890167236, "acc": 0.8422850966453552, "length": 4.0, "mode": "test", "epoch": 30}
{"loss": 0.3196532130241394, "acc": 0.8568601608276367, "length": 3.9992098808288574, "mode": "train", "epoch": 31}
{"loss": 0.3443034291267395, "acc": 0.8416014909744263, "length": 4.0, "mode": "test", "epoch": 31}
{"loss": 0.31805843114852905, "acc": 0.8580291271209717, "length": 3.9999234676361084, "mode": "train", "epoch": 32}
{"loss": 0.3490158021450043, "acc": 0.8449220061302185, "length": 4.0, "mode": "test", "epoch": 32}
{"loss": 0.32056528329849243, "acc": 0.8576852679252625, "length": 3.999784469604492, "mode": "train", "epoch": 33}
{"loss": 0.37644731998443604, "acc": 0.8309569954872131, "length": 4.0, "mode": "test", "epoch": 33}
{"loss": 0.33588847517967224, "acc": 0.848521888256073, "length": 3.9997761249542236, "mode": "train", "epoch": 34}
{"loss": 0.36583977937698364, "acc": 0.8390625715255737, "length": 4.0, "mode": "test", "epoch": 34}
{"loss": 0.3278346359729767, "acc": 0.85317462682724, "length": 3.9998302459716797, "mode": "train", "epoch": 35}
{"loss": 0.35262101888656616, "acc": 0.8419922590255737, "length": 4.0, "mode": "test", "epoch": 35}
{"loss": 0.32192930579185486, "acc": 0.8553775548934937, "length": 3.999293088912964, "mode": "train", "epoch": 36}
{"loss": 0.36419880390167236, "acc": 0.8315430879592896, "length": 4.0, "mode": "test", "epoch": 36}
{"loss": 0.32353082299232483, "acc": 0.8538286089897156, "length": 3.9998719692230225, "mode": "train", "epoch": 37}
{"loss": 0.3469034433364868, "acc": 0.8414062857627869, "length": 4.0, "mode": "test", "epoch": 37}
{"loss": 0.3206329643726349, "acc": 0.8550792336463928, "length": 3.9999868869781494, "mode": "train", "epoch": 38}
{"loss": 0.3553832471370697, "acc": 0.8408203721046448, "length": 4.0, "mode": "test", "epoch": 38}
{"loss": 0.31984037160873413, "acc": 0.8558163642883301, "length": 3.9999372959136963, "mode": "train", "epoch": 39}
{"loss": 0.35447365045547485, "acc": 0.8431639671325684, "length": 4.0, "mode": "test", "epoch": 39}
{"loss": 0.32393956184387207, "acc": 0.8532838225364685, "length": 3.999098539352417, "mode": "train", "epoch": 40}
{"loss": 0.3720090985298157, "acc": 0.8378905653953552, "length": 4.0, "mode": "test", "epoch": 40}
{"loss": 0.31989678740501404, "acc": 0.8577457070350647, "length": 3.9999468326568604, "mode": "train", "epoch": 41}
{"loss": 0.3402560353279114, "acc": 0.8452149033546448, "length": 4.0, "mode": "test", "epoch": 41}
{"loss": 0.32288435101509094, "acc": 0.85649573802948, "length": 3.999880075454712, "mode": "train", "epoch": 42}
{"loss": 0.3838333487510681, "acc": 0.8307619094848633, "length": 4.0, "mode": "test", "epoch": 42}
{"loss": 0.32369229197502136, "acc": 0.8579445481300354, "length": 3.999958038330078, "mode": "train", "epoch": 43}
{"loss": 0.36379775404930115, "acc": 0.8451171517372131, "length": 4.0, "mode": "test", "epoch": 43}
{"loss": 0.31834787130355835, "acc": 0.8601019978523254, "length": 3.999992847442627, "mode": "train", "epoch": 44}
{"loss": 0.368476927280426, "acc": 0.8408202528953552, "length": 4.0, "mode": "test", "epoch": 44}
{"loss": 0.3160214126110077, "acc": 0.858569860458374, "length": 3.9999985694885254, "mode": "train", "epoch": 45}
{"loss": 0.35417187213897705, "acc": 0.8418945670127869, "length": 4.0, "mode": "test", "epoch": 45}
{"loss": 0.31374591588974, "acc": 0.8584845662117004, "length": 3.9999985694885254, "mode": "train", "epoch": 46}
{"loss": 0.3561757802963257, "acc": 0.8448242545127869, "length": 4.0, "mode": "test", "epoch": 46}
{"loss": 0.31708139181137085, "acc": 0.8571789264678955, "length": 3.999993324279785, "mode": "train", "epoch": 47}
{"loss": 0.36511683464050293, "acc": 0.8367186188697815, "length": 4.0, "mode": "test", "epoch": 47}
{"loss": 0.3205856680870056, "acc": 0.8553616404533386, "length": 3.9998297691345215, "mode": "train", "epoch": 48}
{"loss": 0.36207258701324463, "acc": 0.8403319716453552, "length": 4.0, "mode": "test", "epoch": 48}
{"loss": 0.3149365484714508, "acc": 0.8586264848709106, "length": 4.0, "mode": "train", "epoch": 49}
{"loss": 0.3508669137954712, "acc": 0.84423828125, "length": 4.0, "mode": "test", "epoch": 49}
{"loss": 0.3138273060321808, "acc": 0.858427882194519, "length": 3.999999761581421, "mode": "train", "epoch": 50}
{"loss": 0.34729647636413574, "acc": 0.8384765982627869, "length": 4.0, "mode": "test", "epoch": 50}
{"loss": 0.31342169642448425, "acc": 0.858172595500946, "length": 3.9999966621398926, "mode": "train", "epoch": 51}
{"loss": 0.3451169431209564, "acc": 0.8407226204872131, "length": 4.0, "mode": "test", "epoch": 51}
{"loss": 0.311795711517334, "acc": 0.858739972114563, "length": 3.9999961853027344, "mode": "train", "epoch": 52}
{"loss": 0.3550354242324829, "acc": 0.8429685235023499, "length": 4.0, "mode": "test", "epoch": 52}
{"loss": 0.3110755980014801, "acc": 0.8588252067565918, "length": 3.9999992847442627, "mode": "train", "epoch": 53}
{"loss": 0.3441428542137146, "acc": 0.8471680283546448, "length": 4.0, "mode": "test", "epoch": 53}
{"loss": 0.31064772605895996, "acc": 0.8591087460517883, "length": 3.99998140335083, "mode": "train", "epoch": 54}
{"loss": 0.3419184982776642, "acc": 0.8457030653953552, "length": 4.0, "mode": "test", "epoch": 54}
{"loss": 0.30965226888656616, "acc": 0.8592790365219116, "length": 3.9999964237213135, "mode": "train", "epoch": 55}
{"loss": 0.34105879068374634, "acc": 0.8464843034744263, "length": 4.0, "mode": "test", "epoch": 55}
{"loss": 0.307030588388443, "acc": 0.8596764802932739, "length": 3.999999523162842, "mode": "train", "epoch": 56}
{"loss": 0.3482275605201721, "acc": 0.84423828125, "length": 4.0, "mode": "test", "epoch": 56}
{"loss": 0.3069489598274231, "acc": 0.8609251379966736, "length": 3.9999988079071045, "mode": "train", "epoch": 57}
{"loss": 0.36434707045555115, "acc": 0.8411131501197815, "length": 4.0, "mode": "test", "epoch": 57}
{"loss": 0.31298038363456726, "acc": 0.8587398529052734, "length": 3.9999985694885254, "mode": "train", "epoch": 58}
{"loss": 0.3616284430027008, "acc": 0.8397459983825684, "length": 4.0, "mode": "test", "epoch": 58}
{"loss": 0.31079748272895813, "acc": 0.8594775795936584, "length": 3.9999961853027344, "mode": "train", "epoch": 59}
{"loss": 0.36085009574890137, "acc": 0.8418946266174316, "length": 4.0, "mode": "test", "epoch": 59}
{"loss": 0.3098350167274475, "acc": 0.8610946536064148, "length": 3.99993896484375, "mode": "train", "epoch": 60}
{"loss": 0.3432895243167877, "acc": 0.8454099893569946, "length": 4.0, "mode": "test", "epoch": 60}
test accuracy: 0.7926921248435974
