# ["--attributes=3", "--values=16", "--game_size=10", "--vocab_size_factor=3", "--n_epochs=60", "--batch_size=32", "--learning_rate=0.001", "--hidden_size=256", "--temp_update=0.99", "--temperature=1.5"]
Creating train_ds and val_ds...

Creating test_ds...
{"loss": 0.43334275484085083, "acc": 0.7986236810684204, "length": 3.916703462600708, "mode": "train", "epoch": 1}
{"loss": 0.3257443904876709, "acc": 0.8645725846290588, "length": 4.0, "mode": "test", "epoch": 1}
{"loss": 0.3007642924785614, "acc": 0.8781806826591492, "length": 3.999890089035034, "mode": "train", "epoch": 2}
{"loss": 0.28213539719581604, "acc": 0.8874189257621765, "length": 4.0, "mode": "test", "epoch": 2}
{"loss": 0.25590404868125916, "acc": 0.9030826687812805, "length": 3.9999687671661377, "mode": "train", "epoch": 3}
{"loss": 0.24921497702598572, "acc": 0.9058607816696167, "length": 4.0, "mode": "test", "epoch": 3}
{"loss": 0.23770096898078918, "acc": 0.9112380743026733, "length": 3.9999916553497314, "mode": "train", "epoch": 4}
{"loss": 0.2472921758890152, "acc": 0.906682550907135, "length": 4.0, "mode": "test", "epoch": 4}
{"loss": 0.231916606426239, "acc": 0.9138103127479553, "length": 3.999997854232788, "mode": "train", "epoch": 5}
{"loss": 0.2302047163248062, "acc": 0.9137865900993347, "length": 4.0, "mode": "test", "epoch": 5}
{"loss": 0.22510398924350739, "acc": 0.9170751571655273, "length": 4.0, "mode": "train", "epoch": 6}
{"loss": 0.2268553078174591, "acc": 0.9180544018745422, "length": 4.0, "mode": "test", "epoch": 6}
{"loss": 0.20916801691055298, "acc": 0.9254869818687439, "length": 4.0, "mode": "train", "epoch": 7}
{"loss": 0.20244474709033966, "acc": 0.9305723309516907, "length": 4.0, "mode": "test", "epoch": 7}
{"loss": 0.19426997005939484, "acc": 0.9332820773124695, "length": 4.0, "mode": "train", "epoch": 8}
{"loss": 0.19935590028762817, "acc": 0.9323727488517761, "length": 4.0, "mode": "test", "epoch": 8}
{"loss": 0.19166187942028046, "acc": 0.9344987869262695, "length": 4.0, "mode": "train", "epoch": 9}
{"loss": 0.19332745671272278, "acc": 0.9351138472557068, "length": 4.0, "mode": "test", "epoch": 9}
{"loss": 0.18701915442943573, "acc": 0.9373012781143188, "length": 4.0, "mode": "train", "epoch": 10}
{"loss": 0.1905413269996643, "acc": 0.9371160268783569, "length": 4.0, "mode": "test", "epoch": 10}
{"loss": 0.1856425404548645, "acc": 0.9380152225494385, "length": 4.0, "mode": "train", "epoch": 11}
{"loss": 0.1959928572177887, "acc": 0.9350941181182861, "length": 4.0, "mode": "test", "epoch": 11}
{"loss": 0.18206506967544556, "acc": 0.9396918416023254, "length": 4.0, "mode": "train", "epoch": 12}
{"loss": 0.1895141452550888, "acc": 0.9377037882804871, "length": 4.0, "mode": "test", "epoch": 12}
{"loss": 0.18389339745044708, "acc": 0.9387924075126648, "length": 4.0, "mode": "train", "epoch": 13}
{"loss": 0.19964465498924255, "acc": 0.9323186874389648, "length": 4.0, "mode": "test", "epoch": 13}
{"loss": 0.18089060485363007, "acc": 0.9398539662361145, "length": 4.0, "mode": "train", "epoch": 14}
{"loss": 0.1835867315530777, "acc": 0.9408105611801147, "length": 4.0, "mode": "test", "epoch": 14}
{"loss": 0.17814770340919495, "acc": 0.9412080645561218, "length": 4.0, "mode": "train", "epoch": 15}
{"loss": 0.17933468520641327, "acc": 0.9417802691459656, "length": 4.0, "mode": "test", "epoch": 15}
{"loss": 0.17851027846336365, "acc": 0.9412111043930054, "length": 4.0, "mode": "train", "epoch": 16}
{"loss": 0.1780831664800644, "acc": 0.9420722126960754, "length": 4.0, "mode": "test", "epoch": 16}
{"loss": 0.1761280745267868, "acc": 0.9423598051071167, "length": 4.0, "mode": "train", "epoch": 17}
{"loss": 0.1820596307516098, "acc": 0.9416197538375854, "length": 4.0, "mode": "test", "epoch": 17}
{"loss": 0.1784961074590683, "acc": 0.9414224028587341, "length": 4.0, "mode": "train", "epoch": 18}
{"loss": 0.1830410212278366, "acc": 0.9413549900054932, "length": 4.0, "mode": "test", "epoch": 18}
{"loss": 0.17481526732444763, "acc": 0.9429627656936646, "length": 4.0, "mode": "train", "epoch": 19}
{"loss": 0.17861472070217133, "acc": 0.9413712024688721, "length": 4.0, "mode": "test", "epoch": 19}
{"loss": 0.1738661676645279, "acc": 0.9428744912147522, "length": 4.0, "mode": "train", "epoch": 20}
{"loss": 0.17600958049297333, "acc": 0.9428958296775818, "length": 4.0, "mode": "test", "epoch": 20}
{"loss": 0.1734166443347931, "acc": 0.9431302547454834, "length": 4.0, "mode": "train", "epoch": 21}
{"loss": 0.17905515432357788, "acc": 0.9424092173576355, "length": 4.0, "mode": "test", "epoch": 21}
{"loss": 0.17461910843849182, "acc": 0.9427093267440796, "length": 4.0, "mode": "train", "epoch": 22}
{"loss": 0.18617857992649078, "acc": 0.9395004510879517, "length": 4.0, "mode": "test", "epoch": 22}
{"loss": 0.17315925657749176, "acc": 0.9434617161750793, "length": 4.0, "mode": "train", "epoch": 23}
{"loss": 0.1778961718082428, "acc": 0.9434977769851685, "length": 4.0, "mode": "test", "epoch": 23}
{"loss": 0.1733560562133789, "acc": 0.943396270275116, "length": 4.0, "mode": "train", "epoch": 24}
{"loss": 0.17754484713077545, "acc": 0.9427876472473145, "length": 4.0, "mode": "test", "epoch": 24}
{"loss": 0.1717153787612915, "acc": 0.9440888166427612, "length": 4.0, "mode": "train", "epoch": 25}
{"loss": 0.1763973981142044, "acc": 0.9438022971153259, "length": 4.0, "mode": "test", "epoch": 25}
{"loss": 0.17335832118988037, "acc": 0.9433081746101379, "length": 4.0, "mode": "train", "epoch": 26}
{"loss": 0.17448017001152039, "acc": 0.9437013268470764, "length": 4.0, "mode": "test", "epoch": 26}
{"loss": 0.1743297129869461, "acc": 0.9427939653396606, "length": 4.0, "mode": "train", "epoch": 27}
{"loss": 0.17782942950725555, "acc": 0.9429154992103577, "length": 4.0, "mode": "test", "epoch": 27}
{"loss": 0.17286735773086548, "acc": 0.9432252049446106, "length": 4.0, "mode": "train", "epoch": 28}
{"loss": 0.1782820224761963, "acc": 0.9423731565475464, "length": 4.0, "mode": "test", "epoch": 28}
{"loss": 0.175785630941391, "acc": 0.9418271780014038, "length": 4.0, "mode": "train", "epoch": 29}
{"loss": 0.17467044293880463, "acc": 0.9435409903526306, "length": 4.0, "mode": "test", "epoch": 29}
{"loss": 0.17314055562019348, "acc": 0.9432028532028198, "length": 4.0, "mode": "train", "epoch": 30}
{"loss": 0.18119929730892181, "acc": 0.9419801831245422, "length": 4.0, "mode": "test", "epoch": 30}
{"loss": 0.17269134521484375, "acc": 0.9434250593185425, "length": 4.0, "mode": "train", "epoch": 31}
{"loss": 0.17986206710338593, "acc": 0.9432309865951538, "length": 4.0, "mode": "test", "epoch": 31}
{"loss": 0.16754354536533356, "acc": 0.9457610845565796, "length": 4.0, "mode": "train", "epoch": 32}
{"loss": 0.17608632147312164, "acc": 0.9429786801338196, "length": 4.0, "mode": "test", "epoch": 32}
{"loss": 0.16791944205760956, "acc": 0.9460313320159912, "length": 4.0, "mode": "train", "epoch": 33}
{"loss": 0.17011041939258575, "acc": 0.946080207824707, "length": 4.0, "mode": "test", "epoch": 33}
{"loss": 0.16485118865966797, "acc": 0.9473956823348999, "length": 4.0, "mode": "train", "epoch": 34}
{"loss": 0.17009586095809937, "acc": 0.9464784264564514, "length": 4.0, "mode": "test", "epoch": 34}
{"loss": 0.16319170594215393, "acc": 0.947973370552063, "length": 4.0, "mode": "train", "epoch": 35}
{"loss": 0.16667123138904572, "acc": 0.9477832913398743, "length": 4.0, "mode": "test", "epoch": 35}
{"loss": 0.15990668535232544, "acc": 0.9492457509040833, "length": 4.0, "mode": "train", "epoch": 36}
{"loss": 0.16397690773010254, "acc": 0.9482355117797852, "length": 4.0, "mode": "test", "epoch": 36}
{"loss": 0.16312772035598755, "acc": 0.9478092789649963, "length": 4.0, "mode": "train", "epoch": 37}
{"loss": 0.16605781018733978, "acc": 0.9474949240684509, "length": 4.0, "mode": "test", "epoch": 37}
{"loss": 0.16108421981334686, "acc": 0.9485966563224792, "length": 4.0, "mode": "train", "epoch": 38}
{"loss": 0.1646585464477539, "acc": 0.9484375715255737, "length": 4.0, "mode": "test", "epoch": 38}
{"loss": 0.16069959104061127, "acc": 0.9485587477684021, "length": 4.0, "mode": "train", "epoch": 39}
{"loss": 0.16654090583324432, "acc": 0.9467199444770813, "length": 4.0, "mode": "test", "epoch": 39}
{"loss": 0.16282188892364502, "acc": 0.9475908279418945, "length": 4.0, "mode": "train", "epoch": 40}
{"loss": 0.16979287564754486, "acc": 0.9462118148803711, "length": 4.0, "mode": "test", "epoch": 40}
{"loss": 0.16172726452350616, "acc": 0.9480687975883484, "length": 4.0, "mode": "train", "epoch": 41}
{"loss": 0.1709350198507309, "acc": 0.9446601867675781, "length": 4.0, "mode": "test", "epoch": 41}
{"loss": 0.16118216514587402, "acc": 0.9482933282852173, "length": 4.0, "mode": "train", "epoch": 42}
{"loss": 0.16443197429180145, "acc": 0.9478157758712769, "length": 4.0, "mode": "test", "epoch": 42}
{"loss": 0.15970884263515472, "acc": 0.9488685727119446, "length": 4.0, "mode": "train", "epoch": 43}
{"loss": 0.1702899932861328, "acc": 0.9460063576698303, "length": 4.0, "mode": "test", "epoch": 43}
{"loss": 0.16066724061965942, "acc": 0.9488691687583923, "length": 4.0, "mode": "train", "epoch": 44}
{"loss": 0.16739366948604584, "acc": 0.9476408362388611, "length": 4.0, "mode": "test", "epoch": 44}
{"loss": 0.16222608089447021, "acc": 0.9478808641433716, "length": 4.0, "mode": "train", "epoch": 45}
{"loss": 0.16532428562641144, "acc": 0.9481328725814819, "length": 4.0, "mode": "test", "epoch": 45}
{"loss": 0.16019907593727112, "acc": 0.9485732316970825, "length": 4.0, "mode": "train", "epoch": 46}
{"loss": 0.1677897870540619, "acc": 0.9465632438659668, "length": 4.0, "mode": "test", "epoch": 46}
{"loss": 0.16036300361156464, "acc": 0.9483540058135986, "length": 4.0, "mode": "train", "epoch": 47}
{"loss": 0.1660590022802353, "acc": 0.9473652243614197, "length": 4.0, "mode": "test", "epoch": 47}
{"loss": 0.16230440139770508, "acc": 0.9478346109390259, "length": 4.0, "mode": "train", "epoch": 48}
{"loss": 0.17244434356689453, "acc": 0.9443898797035217, "length": 4.0, "mode": "test", "epoch": 48}
{"loss": 0.1610223799943924, "acc": 0.9485822319984436, "length": 4.0, "mode": "train", "epoch": 49}
{"loss": 0.16579851508140564, "acc": 0.9473507404327393, "length": 4.0, "mode": "test", "epoch": 49}
{"loss": 0.16158245503902435, "acc": 0.948234498500824, "length": 4.0, "mode": "train", "epoch": 50}
{"loss": 0.1678425669670105, "acc": 0.9470911622047424, "length": 4.0, "mode": "test", "epoch": 50}
{"loss": 0.16093023121356964, "acc": 0.9481949210166931, "length": 4.0, "mode": "train", "epoch": 51}
{"loss": 0.1701306402683258, "acc": 0.9456334710121155, "length": 4.0, "mode": "test", "epoch": 51}
{"loss": 0.16037532687187195, "acc": 0.9483377933502197, "length": 4.0, "mode": "train", "epoch": 52}
{"loss": 0.16616889834403992, "acc": 0.9475777745246887, "length": 4.0, "mode": "test", "epoch": 52}
{"loss": 0.1618403047323227, "acc": 0.9482189416885376, "length": 4.0, "mode": "train", "epoch": 53}
{"loss": 0.1684339940547943, "acc": 0.9471399784088135, "length": 4.0, "mode": "test", "epoch": 53}
{"loss": 0.1606644093990326, "acc": 0.9483504891395569, "length": 4.0, "mode": "train", "epoch": 54}
{"loss": 0.16769206523895264, "acc": 0.9475184082984924, "length": 4.0, "mode": "test", "epoch": 54}
{"loss": 0.15998099744319916, "acc": 0.9487845301628113, "length": 4.0, "mode": "train", "epoch": 55}
{"loss": 0.16700337827205658, "acc": 0.9474696516990662, "length": 4.0, "mode": "test", "epoch": 55}
{"loss": 0.1631999909877777, "acc": 0.9473384618759155, "length": 4.0, "mode": "train", "epoch": 56}
{"loss": 0.16978266835212708, "acc": 0.9463740587234497, "length": 4.0, "mode": "test", "epoch": 56}
{"loss": 0.16433283686637878, "acc": 0.9468768239021301, "length": 4.0, "mode": "train", "epoch": 57}
{"loss": 0.16908633708953857, "acc": 0.946260392665863, "length": 4.0, "mode": "test", "epoch": 57}
{"loss": 0.16243451833724976, "acc": 0.9475775957107544, "length": 4.0, "mode": "train", "epoch": 58}
{"loss": 0.17427384853363037, "acc": 0.9433210492134094, "length": 4.0, "mode": "test", "epoch": 58}
{"loss": 0.16374315321445465, "acc": 0.9466864466667175, "length": 4.0, "mode": "train", "epoch": 59}
{"loss": 0.1733940839767456, "acc": 0.9444529414176941, "length": 4.0, "mode": "test", "epoch": 59}
{"loss": 0.16701923310756683, "acc": 0.9454222917556763, "length": 4.0, "mode": "train", "epoch": 60}
{"loss": 0.17599889636039734, "acc": 0.9429966807365417, "length": 4.0, "mode": "test", "epoch": 60}
test accuracy: 0.9387471675872803
