# ["--attributes=3", "--values=4", "--game_size=10", "--vocab_size_factor=3", "--n_epochs=60", "--batch_size=32", "--learning_rate=0.0005", "--hidden_size=256", "--temp_update=0.99", "--temperature=2"]
Creating train_ds and val_ds...

Creating test_ds...
{"loss": 0.6830956935882568, "acc": 0.5514277815818787, "length": 3.2979657649993896, "mode": "train", "epoch": 1}
{"loss": 0.6116712093353271, "acc": 0.6712048649787903, "length": 3.9739582538604736, "mode": "test", "epoch": 1}
{"loss": 0.5844727158546448, "acc": 0.6836659908294678, "length": 3.9122135639190674, "mode": "train", "epoch": 2}
{"loss": 0.5865799784660339, "acc": 0.6802083849906921, "length": 4.0, "mode": "test", "epoch": 2}
{"loss": 0.5565477609634399, "acc": 0.7193814516067505, "length": 3.9742231369018555, "mode": "train", "epoch": 3}
{"loss": 0.5759534239768982, "acc": 0.705295205116272, "length": 4.0, "mode": "test", "epoch": 3}
{"loss": 0.5401906967163086, "acc": 0.7296614646911621, "length": 3.9856293201446533, "mode": "train", "epoch": 4}
{"loss": 0.55987948179245, "acc": 0.7225694060325623, "length": 4.0, "mode": "test", "epoch": 4}
{"loss": 0.5175867676734924, "acc": 0.7568124532699585, "length": 3.990917682647705, "mode": "train", "epoch": 5}
{"loss": 0.525572657585144, "acc": 0.7779514789581299, "length": 4.0, "mode": "test", "epoch": 5}
{"loss": 0.47833216190338135, "acc": 0.7824752926826477, "length": 3.9928431510925293, "mode": "train", "epoch": 6}
{"loss": 0.47217288613319397, "acc": 0.7869791984558105, "length": 4.0, "mode": "test", "epoch": 6}
{"loss": 0.4495134949684143, "acc": 0.7979472875595093, "length": 3.9929094314575195, "mode": "train", "epoch": 7}
{"loss": 0.43071919679641724, "acc": 0.8123265504837036, "length": 4.0, "mode": "test", "epoch": 7}
{"loss": 0.4102669954299927, "acc": 0.8242910504341125, "length": 3.9943737983703613, "mode": "train", "epoch": 8}
{"loss": 0.42199742794036865, "acc": 0.8240450024604797, "length": 4.0, "mode": "test", "epoch": 8}
{"loss": 0.38311079144477844, "acc": 0.8403143286705017, "length": 3.9968173503875732, "mode": "train", "epoch": 9}
{"loss": 0.4079299867153168, "acc": 0.8178820013999939, "length": 4.0, "mode": "test", "epoch": 9}
{"loss": 0.36215174198150635, "acc": 0.8469562530517578, "length": 3.997169017791748, "mode": "train", "epoch": 10}
{"loss": 0.3988921344280243, "acc": 0.8198784589767456, "length": 4.0, "mode": "test", "epoch": 10}
{"loss": 0.34983983635902405, "acc": 0.8491165041923523, "length": 3.9977200031280518, "mode": "train", "epoch": 11}
{"loss": 0.3597259521484375, "acc": 0.8350694179534912, "length": 4.0, "mode": "test", "epoch": 11}
{"loss": 0.3352530300617218, "acc": 0.8536304235458374, "length": 3.997584819793701, "mode": "train", "epoch": 12}
{"loss": 0.3516312837600708, "acc": 0.8416666984558105, "length": 4.0, "mode": "test", "epoch": 12}
{"loss": 0.33100852370262146, "acc": 0.8548157811164856, "length": 3.998075246810913, "mode": "train", "epoch": 13}
{"loss": 0.3564206659793854, "acc": 0.8448783755302429, "length": 4.0, "mode": "test", "epoch": 13}
{"loss": 0.3190803527832031, "acc": 0.8597795367240906, "length": 3.998581647872925, "mode": "train", "epoch": 14}
{"loss": 0.3534752130508423, "acc": 0.8386285305023193, "length": 4.0, "mode": "test", "epoch": 14}
{"loss": 0.3130990266799927, "acc": 0.8617296814918518, "length": 3.9990522861480713, "mode": "train", "epoch": 15}
{"loss": 0.34896349906921387, "acc": 0.8319444060325623, "length": 4.0, "mode": "test", "epoch": 15}
{"loss": 0.3137689530849457, "acc": 0.8597438931465149, "length": 3.999128580093384, "mode": "train", "epoch": 16}
{"loss": 0.34841790795326233, "acc": 0.8388888835906982, "length": 4.0, "mode": "test", "epoch": 16}
{"loss": 0.30671226978302, "acc": 0.8643672466278076, "length": 3.999335289001465, "mode": "train", "epoch": 17}
{"loss": 0.3388575613498688, "acc": 0.8420138955116272, "length": 4.0, "mode": "test", "epoch": 17}
{"loss": 0.30292612314224243, "acc": 0.8642857074737549, "length": 3.999396324157715, "mode": "train", "epoch": 18}
{"loss": 0.33639490604400635, "acc": 0.8546006679534912, "length": 4.0, "mode": "test", "epoch": 18}
{"loss": 0.2958465814590454, "acc": 0.8672546744346619, "length": 3.999582529067993, "mode": "train", "epoch": 19}
{"loss": 0.34018397331237793, "acc": 0.8456597924232483, "length": 4.0, "mode": "test", "epoch": 19}
{"loss": 0.2896044850349426, "acc": 0.8710744380950928, "length": 3.99967360496521, "mode": "train", "epoch": 20}
{"loss": 0.33768928050994873, "acc": 0.8369792103767395, "length": 4.0, "mode": "test", "epoch": 20}
{"loss": 0.29437339305877686, "acc": 0.8693863749504089, "length": 3.999678134918213, "mode": "train", "epoch": 21}
{"loss": 0.3508565127849579, "acc": 0.8427951335906982, "length": 4.0, "mode": "test", "epoch": 21}
{"loss": 0.2907335162162781, "acc": 0.8704670071601868, "length": 3.9997050762176514, "mode": "train", "epoch": 22}
{"loss": 0.31638696789741516, "acc": 0.8546006679534912, "length": 4.0, "mode": "test", "epoch": 22}
{"loss": 0.2866255044937134, "acc": 0.8704968690872192, "length": 3.9997615814208984, "mode": "train", "epoch": 23}
{"loss": 0.3205026388168335, "acc": 0.8620660305023193, "length": 4.0, "mode": "test", "epoch": 23}
{"loss": 0.29918473958969116, "acc": 0.8680068850517273, "length": 3.9997804164886475, "mode": "train", "epoch": 24}
{"loss": 0.3387662172317505, "acc": 0.8602430820465088, "length": 4.0, "mode": "test", "epoch": 24}
{"loss": 0.2945272624492645, "acc": 0.869170069694519, "length": 3.9998300075531006, "mode": "train", "epoch": 25}
{"loss": 0.33442699909210205, "acc": 0.8560764789581299, "length": 4.0, "mode": "test", "epoch": 25}
{"loss": 0.28529927134513855, "acc": 0.8773041367530823, "length": 3.999648094177246, "mode": "train", "epoch": 26}
{"loss": 0.3120151460170746, "acc": 0.860243022441864, "length": 4.0, "mode": "test", "epoch": 26}
{"loss": 0.27711188793182373, "acc": 0.8804304003715515, "length": 3.999826431274414, "mode": "train", "epoch": 27}
{"loss": 0.31460434198379517, "acc": 0.866406261920929, "length": 4.0, "mode": "test", "epoch": 27}
{"loss": 0.27240630984306335, "acc": 0.8837226629257202, "length": 3.999798536300659, "mode": "train", "epoch": 28}
{"loss": 0.3089940845966339, "acc": 0.8676215410232544, "length": 4.0, "mode": "test", "epoch": 28}
{"loss": 0.2749246060848236, "acc": 0.8821771144866943, "length": 3.999908208847046, "mode": "train", "epoch": 29}
{"loss": 0.3211800754070282, "acc": 0.8675346970558167, "length": 4.0, "mode": "test", "epoch": 29}
{"loss": 0.27219250798225403, "acc": 0.8836992979049683, "length": 3.9999067783355713, "mode": "train", "epoch": 30}
{"loss": 0.32391810417175293, "acc": 0.8613714575767517, "length": 4.0, "mode": "test", "epoch": 30}
{"loss": 0.2666982412338257, "acc": 0.8861343264579773, "length": 3.9998984336853027, "mode": "train", "epoch": 31}
{"loss": 0.312095046043396, "acc": 0.8665797710418701, "length": 4.0, "mode": "test", "epoch": 31}
{"loss": 0.267709344625473, "acc": 0.8859674334526062, "length": 3.9998779296875, "mode": "train", "epoch": 32}
{"loss": 0.3011947274208069, "acc": 0.8755208849906921, "length": 4.0, "mode": "test", "epoch": 32}
{"loss": 0.26536500453948975, "acc": 0.8865228295326233, "length": 3.9999425411224365, "mode": "train", "epoch": 33}
{"loss": 0.2997221052646637, "acc": 0.8744791150093079, "length": 4.0, "mode": "test", "epoch": 33}
{"loss": 0.2629571259021759, "acc": 0.8897041082382202, "length": 3.9997520446777344, "mode": "train", "epoch": 34}
{"loss": 0.30795806646347046, "acc": 0.874218761920929, "length": 4.0, "mode": "test", "epoch": 34}
{"loss": 0.27011269330978394, "acc": 0.8862171769142151, "length": 3.999915361404419, "mode": "train", "epoch": 35}
{"loss": 0.3028067350387573, "acc": 0.8740451335906982, "length": 4.0, "mode": "test", "epoch": 35}
{"loss": 0.2561771273612976, "acc": 0.8942413330078125, "length": 3.9999232292175293, "mode": "train", "epoch": 36}
{"loss": 0.30256715416908264, "acc": 0.8797743320465088, "length": 4.0, "mode": "test", "epoch": 36}
{"loss": 0.24848663806915283, "acc": 0.8983927965164185, "length": 3.9999454021453857, "mode": "train", "epoch": 37}
{"loss": 0.29327329993247986, "acc": 0.8853298425674438, "length": 4.0, "mode": "test", "epoch": 37}
{"loss": 0.24489165842533112, "acc": 0.9003557562828064, "length": 3.999920129776001, "mode": "train", "epoch": 38}
{"loss": 0.2922782897949219, "acc": 0.8863715529441833, "length": 4.0, "mode": "test", "epoch": 38}
{"loss": 0.23842307925224304, "acc": 0.9009925127029419, "length": 3.9999287128448486, "mode": "train", "epoch": 39}
{"loss": 0.2919377088546753, "acc": 0.8858506679534912, "length": 4.0, "mode": "test", "epoch": 39}
{"loss": 0.2578440308570862, "acc": 0.8948504328727722, "length": 3.9999358654022217, "mode": "train", "epoch": 40}
{"loss": 0.31697410345077515, "acc": 0.8755208849906921, "length": 4.0, "mode": "test", "epoch": 40}
{"loss": 0.24229393899440765, "acc": 0.8976133465766907, "length": 3.9998679161071777, "mode": "train", "epoch": 41}
{"loss": 0.29895585775375366, "acc": 0.8798611164093018, "length": 4.0, "mode": "test", "epoch": 41}
{"loss": 0.2291538566350937, "acc": 0.9067485332489014, "length": 3.99993896484375, "mode": "train", "epoch": 42}
{"loss": 0.2757836580276489, "acc": 0.8926214575767517, "length": 4.0, "mode": "test", "epoch": 42}
{"loss": 0.22766953706741333, "acc": 0.9078832268714905, "length": 3.999945640563965, "mode": "train", "epoch": 43}
{"loss": 0.27685949206352234, "acc": 0.8931424021720886, "length": 4.0, "mode": "test", "epoch": 43}
{"loss": 0.2316671907901764, "acc": 0.90580815076828, "length": 3.9999494552612305, "mode": "train", "epoch": 44}
{"loss": 0.2983670234680176, "acc": 0.8881945013999939, "length": 4.0, "mode": "test", "epoch": 44}
{"loss": 0.22088542580604553, "acc": 0.9111489653587341, "length": 3.9999582767486572, "mode": "train", "epoch": 45}
{"loss": 0.289515882730484, "acc": 0.891059160232544, "length": 4.0, "mode": "test", "epoch": 45}
{"loss": 0.22390751540660858, "acc": 0.9115629196166992, "length": 3.9999427795410156, "mode": "train", "epoch": 46}
{"loss": 0.2871161103248596, "acc": 0.8953993916511536, "length": 4.0, "mode": "test", "epoch": 46}
{"loss": 0.21524080634117126, "acc": 0.9147185683250427, "length": 3.999964952468872, "mode": "train", "epoch": 47}
{"loss": 0.2686847150325775, "acc": 0.9004339575767517, "length": 4.0, "mode": "test", "epoch": 47}
{"loss": 0.2117493897676468, "acc": 0.9172090291976929, "length": 3.9999659061431885, "mode": "train", "epoch": 48}
{"loss": 0.2640262544155121, "acc": 0.8962673544883728, "length": 4.0, "mode": "test", "epoch": 48}
{"loss": 0.21263697743415833, "acc": 0.9142477512359619, "length": 3.999953269958496, "mode": "train", "epoch": 49}
{"loss": 0.2566322386264801, "acc": 0.8957465291023254, "length": 4.0, "mode": "test", "epoch": 49}
{"loss": 0.21292728185653687, "acc": 0.9153547883033752, "length": 3.9999632835388184, "mode": "train", "epoch": 50}
{"loss": 0.2690160870552063, "acc": 0.9019097089767456, "length": 4.0, "mode": "test", "epoch": 50}
{"loss": 0.20780257880687714, "acc": 0.9159269332885742, "length": 3.9998416900634766, "mode": "train", "epoch": 51}
{"loss": 0.2684656083583832, "acc": 0.8996527791023254, "length": 4.0, "mode": "test", "epoch": 51}
{"loss": 0.20239463448524475, "acc": 0.919837474822998, "length": 3.9999687671661377, "mode": "train", "epoch": 52}
{"loss": 0.24352604150772095, "acc": 0.9064236879348755, "length": 4.0, "mode": "test", "epoch": 52}
{"loss": 0.19623702764511108, "acc": 0.9220796823501587, "length": 3.9999821186065674, "mode": "train", "epoch": 53}
{"loss": 0.25198882818222046, "acc": 0.9058159589767456, "length": 4.0, "mode": "test", "epoch": 53}
{"loss": 0.2132977843284607, "acc": 0.9148261547088623, "length": 3.9999217987060547, "mode": "train", "epoch": 54}
{"loss": 0.26514732837677, "acc": 0.8966144919395447, "length": 4.0, "mode": "test", "epoch": 54}
{"loss": 0.20945274829864502, "acc": 0.9159640669822693, "length": 3.9999752044677734, "mode": "train", "epoch": 55}
{"loss": 0.2516486346721649, "acc": 0.9032983779907227, "length": 4.0, "mode": "test", "epoch": 55}
{"loss": 0.20635616779327393, "acc": 0.918561577796936, "length": 3.999925374984741, "mode": "train", "epoch": 56}
{"loss": 0.26008179783821106, "acc": 0.8980900645256042, "length": 4.0, "mode": "test", "epoch": 56}
{"loss": 0.19894281029701233, "acc": 0.9221073389053345, "length": 3.9999821186065674, "mode": "train", "epoch": 57}
{"loss": 0.25321072340011597, "acc": 0.9025174379348755, "length": 4.0, "mode": "test", "epoch": 57}
{"loss": 0.18741026520729065, "acc": 0.9273083209991455, "length": 3.999969720840454, "mode": "train", "epoch": 58}
{"loss": 0.2538342773914337, "acc": 0.9027777910232544, "length": 4.0, "mode": "test", "epoch": 58}
{"loss": 0.1870630383491516, "acc": 0.9268945455551147, "length": 3.9999876022338867, "mode": "train", "epoch": 59}
{"loss": 0.2537175714969635, "acc": 0.9093749523162842, "length": 4.0, "mode": "test", "epoch": 59}
{"loss": 0.1842351257801056, "acc": 0.9291905760765076, "length": 3.9999778270721436, "mode": "train", "epoch": 60}
{"loss": 0.23693402111530304, "acc": 0.9124131798744202, "length": 4.0, "mode": "test", "epoch": 60}
test accuracy: 0.8342373967170715
