# ["--attributes=3", "--values=4", "--game_size=10", "--vocab_size_factor=3", "--n_epochs=60", "--batch_size=32", "--learning_rate=0.001", "--hidden_size=128", "--temp_update=0.99", "--temperature=1.5"]
Creating train_ds and val_ds...

Creating test_ds...
{"loss": 0.6924041509628296, "acc": 0.5246564149856567, "length": 2.981314182281494, "mode": "train", "epoch": 1}
{"loss": 0.6743837594985962, "acc": 0.6288140416145325, "length": 3.8263888359069824, "mode": "test", "epoch": 1}
{"loss": 0.6164449453353882, "acc": 0.654609203338623, "length": 3.9083898067474365, "mode": "train", "epoch": 2}
{"loss": 0.6017673015594482, "acc": 0.6565103530883789, "length": 4.0, "mode": "test", "epoch": 2}
{"loss": 0.5728585124015808, "acc": 0.7071065902709961, "length": 3.987274646759033, "mode": "train", "epoch": 3}
{"loss": 0.5924546718597412, "acc": 0.6879340410232544, "length": 4.0, "mode": "test", "epoch": 3}
{"loss": 0.544105052947998, "acc": 0.737168550491333, "length": 3.9947144985198975, "mode": "train", "epoch": 4}
{"loss": 0.5446934700012207, "acc": 0.7348089814186096, "length": 4.0, "mode": "test", "epoch": 4}
{"loss": 0.48440539836883545, "acc": 0.7854834198951721, "length": 3.996938943862915, "mode": "train", "epoch": 5}
{"loss": 0.4845590591430664, "acc": 0.7900173664093018, "length": 4.0, "mode": "test", "epoch": 5}
{"loss": 0.42499133944511414, "acc": 0.8150689005851746, "length": 3.9984114170074463, "mode": "train", "epoch": 6}
{"loss": 0.44226405024528503, "acc": 0.796875, "length": 4.0, "mode": "test", "epoch": 6}
{"loss": 0.3923334777355194, "acc": 0.8310777544975281, "length": 3.998640775680542, "mode": "train", "epoch": 7}
{"loss": 0.4341789782047272, "acc": 0.8037326335906982, "length": 4.0, "mode": "test", "epoch": 7}
{"loss": 0.36844849586486816, "acc": 0.8434835076332092, "length": 3.9990315437316895, "mode": "train", "epoch": 8}
{"loss": 0.36704328656196594, "acc": 0.8451389074325562, "length": 4.0, "mode": "test", "epoch": 8}
{"loss": 0.3393777012825012, "acc": 0.8532114624977112, "length": 3.9987916946411133, "mode": "train", "epoch": 9}
{"loss": 0.3525802195072174, "acc": 0.8526042103767395, "length": 4.0, "mode": "test", "epoch": 9}
{"loss": 0.32857808470726013, "acc": 0.8586872220039368, "length": 3.9991493225097656, "mode": "train", "epoch": 10}
{"loss": 0.33650174736976624, "acc": 0.8602430820465088, "length": 4.0, "mode": "test", "epoch": 10}
{"loss": 0.32455992698669434, "acc": 0.8620784878730774, "length": 3.9992475509643555, "mode": "train", "epoch": 11}
{"loss": 0.34146690368652344, "acc": 0.8532986044883728, "length": 4.0, "mode": "test", "epoch": 11}
{"loss": 0.31096407771110535, "acc": 0.8691350817680359, "length": 3.999190092086792, "mode": "train", "epoch": 12}
{"loss": 0.3255583345890045, "acc": 0.868923544883728, "length": 4.0, "mode": "test", "epoch": 12}
{"loss": 0.3017019033432007, "acc": 0.875029981136322, "length": 3.999433994293213, "mode": "train", "epoch": 13}
{"loss": 0.3201197385787964, "acc": 0.8700520396232605, "length": 4.0, "mode": "test", "epoch": 13}
{"loss": 0.295349657535553, "acc": 0.8782814741134644, "length": 3.9995017051696777, "mode": "train", "epoch": 14}
{"loss": 0.314526230096817, "acc": 0.8720486164093018, "length": 4.0, "mode": "test", "epoch": 14}
{"loss": 0.28512924909591675, "acc": 0.8838129639625549, "length": 3.9995555877685547, "mode": "train", "epoch": 15}
{"loss": 0.34065988659858704, "acc": 0.8636284470558167, "length": 4.0, "mode": "test", "epoch": 15}
{"loss": 0.28216585516929626, "acc": 0.8858727216720581, "length": 3.999645233154297, "mode": "train", "epoch": 16}
{"loss": 0.33224356174468994, "acc": 0.8558159470558167, "length": 4.0, "mode": "test", "epoch": 16}
{"loss": 0.263007253408432, "acc": 0.8958460688591003, "length": 3.9994986057281494, "mode": "train", "epoch": 17}
{"loss": 0.28284671902656555, "acc": 0.8851563334465027, "length": 4.0, "mode": "test", "epoch": 17}
{"loss": 0.26173678040504456, "acc": 0.895323634147644, "length": 3.999788761138916, "mode": "train", "epoch": 18}
{"loss": 0.27447134256362915, "acc": 0.8959200978279114, "length": 4.0, "mode": "test", "epoch": 18}
{"loss": 0.2478662133216858, "acc": 0.9022171497344971, "length": 3.9998300075531006, "mode": "train", "epoch": 19}
{"loss": 0.27892106771469116, "acc": 0.8894097208976746, "length": 4.0, "mode": "test", "epoch": 19}
{"loss": 0.24637183547019958, "acc": 0.9024938344955444, "length": 3.9998230934143066, "mode": "train", "epoch": 20}
{"loss": 0.25843381881713867, "acc": 0.8978297710418701, "length": 4.0, "mode": "test", "epoch": 20}
{"loss": 0.2376735359430313, "acc": 0.9067190885543823, "length": 3.999831199645996, "mode": "train", "epoch": 21}
{"loss": 0.28506407141685486, "acc": 0.8909722566604614, "length": 4.0, "mode": "test", "epoch": 21}
{"loss": 0.25040867924690247, "acc": 0.9040798544883728, "length": 3.999875783920288, "mode": "train", "epoch": 22}
{"loss": 0.2759033739566803, "acc": 0.8914929628372192, "length": 4.0, "mode": "test", "epoch": 22}
{"loss": 0.23397035896778107, "acc": 0.9072760939598083, "length": 3.999887704849243, "mode": "train", "epoch": 23}
{"loss": 0.26796799898147583, "acc": 0.8993055820465088, "length": 4.0, "mode": "test", "epoch": 23}
{"loss": 0.22845454514026642, "acc": 0.9121672511100769, "length": 3.9998738765716553, "mode": "train", "epoch": 24}
{"loss": 0.2729428708553314, "acc": 0.8967013955116272, "length": 4.0, "mode": "test", "epoch": 24}
{"loss": 0.23650455474853516, "acc": 0.905636191368103, "length": 3.99985933303833, "mode": "train", "epoch": 25}
{"loss": 0.25499117374420166, "acc": 0.8999999165534973, "length": 4.0, "mode": "test", "epoch": 25}
{"loss": 0.22925741970539093, "acc": 0.910751461982727, "length": 3.999915838241577, "mode": "train", "epoch": 26}
{"loss": 0.25684547424316406, "acc": 0.9016493558883667, "length": 4.0, "mode": "test", "epoch": 26}
{"loss": 0.2322462648153305, "acc": 0.9086096882820129, "length": 3.9998457431793213, "mode": "train", "epoch": 27}
{"loss": 0.2682293653488159, "acc": 0.8928819298744202, "length": 4.0, "mode": "test", "epoch": 27}
{"loss": 0.2272099107503891, "acc": 0.9115251898765564, "length": 3.999877691268921, "mode": "train", "epoch": 28}
{"loss": 0.24924318492412567, "acc": 0.9048611521720886, "length": 4.0, "mode": "test", "epoch": 28}
{"loss": 0.2148262858390808, "acc": 0.9165877103805542, "length": 3.999925374984741, "mode": "train", "epoch": 29}
{"loss": 0.2580377757549286, "acc": 0.9023436307907104, "length": 4.0, "mode": "test", "epoch": 29}
{"loss": 0.2172517329454422, "acc": 0.9168121814727783, "length": 3.9999547004699707, "mode": "train", "epoch": 30}
{"loss": 0.24476438760757446, "acc": 0.9098958969116211, "length": 4.0, "mode": "test", "epoch": 30}
{"loss": 0.21519502997398376, "acc": 0.9177010655403137, "length": 3.999939203262329, "mode": "train", "epoch": 31}
{"loss": 0.22933462262153625, "acc": 0.9098958969116211, "length": 4.0, "mode": "test", "epoch": 31}
{"loss": 0.2151794284582138, "acc": 0.9153717756271362, "length": 3.999591827392578, "mode": "train", "epoch": 32}
{"loss": 0.2344270497560501, "acc": 0.9114583134651184, "length": 4.0, "mode": "test", "epoch": 32}
{"loss": 0.20872503519058228, "acc": 0.9192572236061096, "length": 3.999948263168335, "mode": "train", "epoch": 33}
{"loss": 0.2261994481086731, "acc": 0.9131945371627808, "length": 4.0, "mode": "test", "epoch": 33}
{"loss": 0.20450197160243988, "acc": 0.9198042750358582, "length": 3.999793291091919, "mode": "train", "epoch": 34}
{"loss": 0.21713438630104065, "acc": 0.9149305820465088, "length": 4.0, "mode": "test", "epoch": 34}
{"loss": 0.19427920877933502, "acc": 0.9245057106018066, "length": 3.999901294708252, "mode": "train", "epoch": 35}
{"loss": 0.2176235169172287, "acc": 0.9170141220092773, "length": 4.0, "mode": "test", "epoch": 35}
{"loss": 0.18780303001403809, "acc": 0.9269559383392334, "length": 3.9999349117279053, "mode": "train", "epoch": 36}
{"loss": 0.21259087324142456, "acc": 0.9224827289581299, "length": 4.0, "mode": "test", "epoch": 36}
{"loss": 0.19525893032550812, "acc": 0.9235928058624268, "length": 3.9999451637268066, "mode": "train", "epoch": 37}
{"loss": 0.21554388105869293, "acc": 0.9201388955116272, "length": 4.0, "mode": "test", "epoch": 37}
{"loss": 0.18498626351356506, "acc": 0.9282620549201965, "length": 3.999953269958496, "mode": "train", "epoch": 38}
{"loss": 0.20744992792606354, "acc": 0.9286457896232605, "length": 4.0, "mode": "test", "epoch": 38}
{"loss": 0.17856939136981964, "acc": 0.9319014549255371, "length": 3.9999310970306396, "mode": "train", "epoch": 39}
{"loss": 0.20296615362167358, "acc": 0.9249131679534912, "length": 4.0, "mode": "test", "epoch": 39}
{"loss": 0.18195508420467377, "acc": 0.9313194155693054, "length": 3.999955177307129, "mode": "train", "epoch": 40}
{"loss": 0.20647349953651428, "acc": 0.9282117486000061, "length": 4.0, "mode": "test", "epoch": 40}
{"loss": 0.1706182211637497, "acc": 0.9364346265792847, "length": 3.9999728202819824, "mode": "train", "epoch": 41}
{"loss": 0.1974945217370987, "acc": 0.9302952289581299, "length": 4.0, "mode": "test", "epoch": 41}
{"loss": 0.168641597032547, "acc": 0.9384902715682983, "length": 3.9999642372131348, "mode": "train", "epoch": 42}
{"loss": 0.18903015553951263, "acc": 0.9329860210418701, "length": 4.0, "mode": "test", "epoch": 42}
{"loss": 0.18025684356689453, "acc": 0.9315115809440613, "length": 3.9999358654022217, "mode": "train", "epoch": 43}
{"loss": 0.23586729168891907, "acc": 0.9169270396232605, "length": 4.0, "mode": "test", "epoch": 43}
{"loss": 0.19807599484920502, "acc": 0.9249276518821716, "length": 3.9999537467956543, "mode": "train", "epoch": 44}
{"loss": 0.1933826357126236, "acc": 0.9315972924232483, "length": 4.0, "mode": "test", "epoch": 44}
{"loss": 0.18322178721427917, "acc": 0.9315993189811707, "length": 3.9999804496765137, "mode": "train", "epoch": 45}
{"loss": 0.2026313692331314, "acc": 0.9274305701255798, "length": 4.0, "mode": "test", "epoch": 45}
{"loss": 0.18297915160655975, "acc": 0.9316824078559875, "length": 3.9999756813049316, "mode": "train", "epoch": 46}
{"loss": 0.20191234350204468, "acc": 0.9291665554046631, "length": 4.0, "mode": "test", "epoch": 46}
{"loss": 0.18420477211475372, "acc": 0.9330453276634216, "length": 3.999990224838257, "mode": "train", "epoch": 47}
{"loss": 0.2007552832365036, "acc": 0.929774284362793, "length": 4.0, "mode": "test", "epoch": 47}
{"loss": 0.16821439564228058, "acc": 0.9388539791107178, "length": 3.999990463256836, "mode": "train", "epoch": 48}
{"loss": 0.1859823614358902, "acc": 0.9303818941116333, "length": 4.0, "mode": "test", "epoch": 48}
{"loss": 0.16306164860725403, "acc": 0.9398550391197205, "length": 3.9999942779541016, "mode": "train", "epoch": 49}
{"loss": 0.1901315301656723, "acc": 0.9310763478279114, "length": 4.0, "mode": "test", "epoch": 49}
{"loss": 0.1581268012523651, "acc": 0.9424787759780884, "length": 3.999523162841797, "mode": "train", "epoch": 50}
{"loss": 0.17950530350208282, "acc": 0.934895932674408, "length": 4.0, "mode": "test", "epoch": 50}
{"loss": 0.16054865717887878, "acc": 0.9399940371513367, "length": 3.9999940395355225, "mode": "train", "epoch": 51}
{"loss": 0.2055961936712265, "acc": 0.9260416030883789, "length": 4.0, "mode": "test", "epoch": 51}
{"loss": 0.17020182311534882, "acc": 0.9353525638580322, "length": 3.999995231628418, "mode": "train", "epoch": 52}
{"loss": 0.1875653713941574, "acc": 0.9292534589767456, "length": 4.0, "mode": "test", "epoch": 52}
{"loss": 0.16723623871803284, "acc": 0.9361587166786194, "length": 3.99999737739563, "mode": "train", "epoch": 53}
{"loss": 0.1982346773147583, "acc": 0.9316839575767517, "length": 4.0, "mode": "test", "epoch": 53}
{"loss": 0.16337494552135468, "acc": 0.9400213360786438, "length": 3.999985933303833, "mode": "train", "epoch": 54}
{"loss": 0.19097000360488892, "acc": 0.9314236044883728, "length": 4.0, "mode": "test", "epoch": 54}
{"loss": 0.15976178646087646, "acc": 0.9412431120872498, "length": 3.9999818801879883, "mode": "train", "epoch": 55}
{"loss": 0.1780581921339035, "acc": 0.9339411854743958, "length": 4.0, "mode": "test", "epoch": 55}
{"loss": 0.1551709920167923, "acc": 0.9410502910614014, "length": 3.9999964237213135, "mode": "train", "epoch": 56}
{"loss": 0.18864159286022186, "acc": 0.9308159351348877, "length": 4.0, "mode": "test", "epoch": 56}
{"loss": 0.16378751397132874, "acc": 0.9385191798210144, "length": 3.999973773956299, "mode": "train", "epoch": 57}
{"loss": 0.18064440786838531, "acc": 0.9368056058883667, "length": 4.0, "mode": "test", "epoch": 57}
{"loss": 0.16632042825222015, "acc": 0.9381600022315979, "length": 3.9999988079071045, "mode": "train", "epoch": 58}
{"loss": 0.20155292749404907, "acc": 0.933333158493042, "length": 4.0, "mode": "test", "epoch": 58}
{"loss": 0.16039040684700012, "acc": 0.9413835406303406, "length": 3.999995231628418, "mode": "train", "epoch": 59}
{"loss": 0.184602290391922, "acc": 0.9355035424232483, "length": 4.0, "mode": "test", "epoch": 59}
{"loss": 0.16388222575187683, "acc": 0.9394928812980652, "length": 3.9999895095825195, "mode": "train", "epoch": 60}
{"loss": 0.19011054933071136, "acc": 0.9307292103767395, "length": 4.0, "mode": "test", "epoch": 60}
test accuracy: 0.8438333868980408
