# ["--attributes=3", "--values=4", "--game_size=10", "--vocab_size_factor=3", "--n_epochs=60", "--batch_size=64", "--learning_rate=0.0005", "--hidden_size=128", "--temp_update=0.99", "--temperature=2"]
Creating train_ds and val_ds...

Creating test_ds...
{"loss": 0.6933923959732056, "acc": 0.505914568901062, "length": 3.665943145751953, "mode": "train", "epoch": 1}
{"loss": 0.6879476308822632, "acc": 0.5532118678092957, "length": 4.0, "mode": "test", "epoch": 1}
{"loss": 0.6908451318740845, "acc": 0.5246325731277466, "length": 3.6712613105773926, "mode": "train", "epoch": 2}
{"loss": 0.6806747913360596, "acc": 0.5638020634651184, "length": 4.0, "mode": "test", "epoch": 2}
{"loss": 0.6537415385246277, "acc": 0.6290720105171204, "length": 3.800752878189087, "mode": "train", "epoch": 3}
{"loss": 0.6091962456703186, "acc": 0.6670138835906982, "length": 4.0, "mode": "test", "epoch": 3}
{"loss": 0.5736265778541565, "acc": 0.6872873902320862, "length": 3.947983503341675, "mode": "train", "epoch": 4}
{"loss": 0.5611444711685181, "acc": 0.7282986044883728, "length": 4.0, "mode": "test", "epoch": 4}
{"loss": 0.5175666213035583, "acc": 0.7574713826179504, "length": 3.9737496376037598, "mode": "train", "epoch": 5}
{"loss": 0.5202727913856506, "acc": 0.7470486164093018, "length": 4.0, "mode": "test", "epoch": 5}
{"loss": 0.4636895954608917, "acc": 0.7904070615768433, "length": 3.986236333847046, "mode": "train", "epoch": 6}
{"loss": 0.5333746671676636, "acc": 0.7435763478279114, "length": 4.0, "mode": "test", "epoch": 6}
{"loss": 0.4420086443424225, "acc": 0.8024069666862488, "length": 3.9904229640960693, "mode": "train", "epoch": 7}
{"loss": 0.4903489649295807, "acc": 0.7735243439674377, "length": 4.0, "mode": "test", "epoch": 7}
{"loss": 0.4247124493122101, "acc": 0.8121675848960876, "length": 3.9932262897491455, "mode": "train", "epoch": 8}
{"loss": 0.4780166447162628, "acc": 0.7783854603767395, "length": 4.0, "mode": "test", "epoch": 8}
{"loss": 0.4057152569293976, "acc": 0.8303078413009644, "length": 3.9950122833251953, "mode": "train", "epoch": 9}
{"loss": 0.4614703357219696, "acc": 0.8017361164093018, "length": 4.0, "mode": "test", "epoch": 9}
{"loss": 0.3937560021877289, "acc": 0.8352128863334656, "length": 3.9961607456207275, "mode": "train", "epoch": 10}
{"loss": 0.4670308530330658, "acc": 0.7968749403953552, "length": 4.0, "mode": "test", "epoch": 10}
{"loss": 0.38878950476646423, "acc": 0.8385258913040161, "length": 3.996934413909912, "mode": "train", "epoch": 11}
{"loss": 0.457344651222229, "acc": 0.8046875, "length": 4.0, "mode": "test", "epoch": 11}
{"loss": 0.3806903660297394, "acc": 0.8410256505012512, "length": 3.9973409175872803, "mode": "train", "epoch": 12}
{"loss": 0.4524197578430176, "acc": 0.8025173544883728, "length": 4.0, "mode": "test", "epoch": 12}
{"loss": 0.37473782896995544, "acc": 0.8432087898254395, "length": 3.9977872371673584, "mode": "train", "epoch": 13}
{"loss": 0.4389076232910156, "acc": 0.8126736879348755, "length": 4.0, "mode": "test", "epoch": 13}
{"loss": 0.3704361915588379, "acc": 0.8458367586135864, "length": 3.9979565143585205, "mode": "train", "epoch": 14}
{"loss": 0.4549856185913086, "acc": 0.785937488079071, "length": 4.0, "mode": "test", "epoch": 14}
{"loss": 0.36528703570365906, "acc": 0.8466506004333496, "length": 3.9980759620666504, "mode": "train", "epoch": 15}
{"loss": 0.4330926239490509, "acc": 0.8154513239860535, "length": 4.0, "mode": "test", "epoch": 15}
{"loss": 0.3560415804386139, "acc": 0.8517259955406189, "length": 3.9981307983398438, "mode": "train", "epoch": 16}
{"loss": 0.4300529956817627, "acc": 0.8206596970558167, "length": 4.0, "mode": "test", "epoch": 16}
{"loss": 0.35350605845451355, "acc": 0.8538256883621216, "length": 3.998417615890503, "mode": "train", "epoch": 17}
{"loss": 0.41489601135253906, "acc": 0.8266491889953613, "length": 4.0, "mode": "test", "epoch": 17}
{"loss": 0.3503308594226837, "acc": 0.8531661033630371, "length": 3.9986538887023926, "mode": "train", "epoch": 18}
{"loss": 0.3948218822479248, "acc": 0.8342882394790649, "length": 4.0, "mode": "test", "epoch": 18}
{"loss": 0.34181103110313416, "acc": 0.8585241436958313, "length": 3.9987285137176514, "mode": "train", "epoch": 19}
{"loss": 0.38777491450309753, "acc": 0.8414930105209351, "length": 4.0, "mode": "test", "epoch": 19}
{"loss": 0.33442941308021545, "acc": 0.861035943031311, "length": 3.998774766921997, "mode": "train", "epoch": 20}
{"loss": 0.397626668214798, "acc": 0.8315103650093079, "length": 4.0, "mode": "test", "epoch": 20}
{"loss": 0.3287382423877716, "acc": 0.8621015548706055, "length": 3.9989352226257324, "mode": "train", "epoch": 21}
{"loss": 0.3829885721206665, "acc": 0.8325520753860474, "length": 4.0, "mode": "test", "epoch": 21}
{"loss": 0.3228313624858856, "acc": 0.8661105036735535, "length": 3.998875379562378, "mode": "train", "epoch": 22}
{"loss": 0.37566307187080383, "acc": 0.8401041030883789, "length": 4.0, "mode": "test", "epoch": 22}
{"loss": 0.31604018807411194, "acc": 0.8668164610862732, "length": 3.999032497406006, "mode": "train", "epoch": 23}
{"loss": 0.3659643232822418, "acc": 0.8393228650093079, "length": 4.0, "mode": "test", "epoch": 23}
{"loss": 0.30848100781440735, "acc": 0.8714730143547058, "length": 3.9990365505218506, "mode": "train", "epoch": 24}
{"loss": 0.35556215047836304, "acc": 0.8514756560325623, "length": 4.0, "mode": "test", "epoch": 24}
{"loss": 0.30902010202407837, "acc": 0.8703386187553406, "length": 3.9991934299468994, "mode": "train", "epoch": 25}
{"loss": 0.3679056167602539, "acc": 0.8440103530883789, "length": 4.0, "mode": "test", "epoch": 25}
{"loss": 0.3005926012992859, "acc": 0.8755785226821899, "length": 3.999176263809204, "mode": "train", "epoch": 26}
{"loss": 0.3401210904121399, "acc": 0.8627603054046631, "length": 4.0, "mode": "test", "epoch": 26}
{"loss": 0.2955131530761719, "acc": 0.8778395652770996, "length": 3.9991633892059326, "mode": "train", "epoch": 27}
{"loss": 0.3450419008731842, "acc": 0.8564236164093018, "length": 4.0, "mode": "test", "epoch": 27}
{"loss": 0.2882710099220276, "acc": 0.8816034197807312, "length": 3.999178647994995, "mode": "train", "epoch": 28}
{"loss": 0.3418053388595581, "acc": 0.8638889789581299, "length": 4.0, "mode": "test", "epoch": 28}
{"loss": 0.2852262556552887, "acc": 0.881945788860321, "length": 3.999358892440796, "mode": "train", "epoch": 29}
{"loss": 0.33322861790657043, "acc": 0.8670137524604797, "length": 4.0, "mode": "test", "epoch": 29}
{"loss": 0.2824031114578247, "acc": 0.8835070729255676, "length": 3.999333620071411, "mode": "train", "epoch": 30}
{"loss": 0.3279687166213989, "acc": 0.8710069060325623, "length": 4.0, "mode": "test", "epoch": 30}
{"loss": 0.27888116240501404, "acc": 0.8842125535011292, "length": 3.999492645263672, "mode": "train", "epoch": 31}
{"loss": 0.3252241313457489, "acc": 0.8703124523162842, "length": 4.0, "mode": "test", "epoch": 31}
{"loss": 0.2756386697292328, "acc": 0.887723982334137, "length": 3.9994454383850098, "mode": "train", "epoch": 32}
{"loss": 0.3192655146121979, "acc": 0.8758680820465088, "length": 4.0, "mode": "test", "epoch": 32}
{"loss": 0.26999226212501526, "acc": 0.8904908299446106, "length": 3.999555826187134, "mode": "train", "epoch": 33}
{"loss": 0.32494014501571655, "acc": 0.871874988079071, "length": 4.0, "mode": "test", "epoch": 33}
{"loss": 0.2721457779407501, "acc": 0.8895673155784607, "length": 3.999479293823242, "mode": "train", "epoch": 34}
{"loss": 0.3354357182979584, "acc": 0.8739582300186157, "length": 4.0, "mode": "test", "epoch": 34}
{"loss": 0.2779925465583801, "acc": 0.8881736397743225, "length": 3.9995529651641846, "mode": "train", "epoch": 35}
{"loss": 0.3155655860900879, "acc": 0.8735242486000061, "length": 4.0, "mode": "test", "epoch": 35}
{"loss": 0.26578783988952637, "acc": 0.8924707770347595, "length": 3.9995648860931396, "mode": "train", "epoch": 36}
{"loss": 0.3074992001056671, "acc": 0.8761283755302429, "length": 4.0, "mode": "test", "epoch": 36}
{"loss": 0.2592112421989441, "acc": 0.8945897221565247, "length": 3.999533176422119, "mode": "train", "epoch": 37}
{"loss": 0.305673211812973, "acc": 0.8815104365348816, "length": 4.0, "mode": "test", "epoch": 37}
{"loss": 0.2567395269870758, "acc": 0.895064651966095, "length": 3.9995434284210205, "mode": "train", "epoch": 38}
{"loss": 0.3143308460712433, "acc": 0.8736979365348816, "length": 4.0, "mode": "test", "epoch": 38}
{"loss": 0.25574368238449097, "acc": 0.896600067615509, "length": 3.999565362930298, "mode": "train", "epoch": 39}
{"loss": 0.30446022748947144, "acc": 0.8814234733581543, "length": 4.0, "mode": "test", "epoch": 39}
{"loss": 0.25226932764053345, "acc": 0.8990569710731506, "length": 3.9996073246002197, "mode": "train", "epoch": 40}
{"loss": 0.3048142194747925, "acc": 0.8835068941116333, "length": 4.0, "mode": "test", "epoch": 40}
{"loss": 0.24875546991825104, "acc": 0.9004553556442261, "length": 3.9996438026428223, "mode": "train", "epoch": 41}
{"loss": 0.2866480350494385, "acc": 0.8869791030883789, "length": 4.0, "mode": "test", "epoch": 41}
{"loss": 0.24889293313026428, "acc": 0.8984218835830688, "length": 3.99973464012146, "mode": "train", "epoch": 42}
{"loss": 0.2892707288265228, "acc": 0.8853298425674438, "length": 4.0, "mode": "test", "epoch": 42}
{"loss": 0.24233447015285492, "acc": 0.9026921391487122, "length": 3.9997305870056152, "mode": "train", "epoch": 43}
{"loss": 0.29472625255584717, "acc": 0.8858506679534912, "length": 4.0, "mode": "test", "epoch": 43}
{"loss": 0.23957155644893646, "acc": 0.904950737953186, "length": 3.9997239112854004, "mode": "train", "epoch": 44}
{"loss": 0.2917477488517761, "acc": 0.887499988079071, "length": 4.0, "mode": "test", "epoch": 44}
{"loss": 0.24176163971424103, "acc": 0.9035468101501465, "length": 3.9995522499084473, "mode": "train", "epoch": 45}
{"loss": 0.28074967861175537, "acc": 0.8880208730697632, "length": 4.0, "mode": "test", "epoch": 45}
{"loss": 0.23617330193519592, "acc": 0.9061479568481445, "length": 3.999666929244995, "mode": "train", "epoch": 46}
{"loss": 0.2902301549911499, "acc": 0.8852429986000061, "length": 4.0, "mode": "test", "epoch": 46}
{"loss": 0.23510034382343292, "acc": 0.9075965881347656, "length": 3.9996626377105713, "mode": "train", "epoch": 47}
{"loss": 0.2762754559516907, "acc": 0.8931424021720886, "length": 4.0, "mode": "test", "epoch": 47}
{"loss": 0.23557960987091064, "acc": 0.9074615240097046, "length": 3.99971342086792, "mode": "train", "epoch": 48}
{"loss": 0.2782444357872009, "acc": 0.8967879414558411, "length": 4.0, "mode": "test", "epoch": 48}
{"loss": 0.231642946600914, "acc": 0.9077665209770203, "length": 3.999685049057007, "mode": "train", "epoch": 49}
{"loss": 0.28680676221847534, "acc": 0.8908853530883789, "length": 4.0, "mode": "test", "epoch": 49}
{"loss": 0.22746038436889648, "acc": 0.9113686680793762, "length": 3.9997172355651855, "mode": "train", "epoch": 50}
{"loss": 0.2857476472854614, "acc": 0.8888020515441895, "length": 4.0, "mode": "test", "epoch": 50}
{"loss": 0.2244221717119217, "acc": 0.9124330878257751, "length": 3.999797821044922, "mode": "train", "epoch": 51}
{"loss": 0.27499160170555115, "acc": 0.8950518369674683, "length": 4.0, "mode": "test", "epoch": 51}
{"loss": 0.22608241438865662, "acc": 0.9114288687705994, "length": 3.9998092651367188, "mode": "train", "epoch": 52}
{"loss": 0.26938071846961975, "acc": 0.8953992128372192, "length": 4.0, "mode": "test", "epoch": 52}
{"loss": 0.2248823642730713, "acc": 0.9115918278694153, "length": 3.9997494220733643, "mode": "train", "epoch": 53}
{"loss": 0.274630069732666, "acc": 0.8963541388511658, "length": 4.0, "mode": "test", "epoch": 53}
{"loss": 0.22168336808681488, "acc": 0.9130501747131348, "length": 3.9998772144317627, "mode": "train", "epoch": 54}
{"loss": 0.26513123512268066, "acc": 0.8993924260139465, "length": 4.0, "mode": "test", "epoch": 54}
{"loss": 0.21940365433692932, "acc": 0.9152536392211914, "length": 3.999857187271118, "mode": "train", "epoch": 55}
{"loss": 0.26526859402656555, "acc": 0.8969617486000061, "length": 4.0, "mode": "test", "epoch": 55}
{"loss": 0.2165997326374054, "acc": 0.9174436330795288, "length": 3.999600648880005, "mode": "train", "epoch": 56}
{"loss": 0.2598828375339508, "acc": 0.9009549021720886, "length": 4.0, "mode": "test", "epoch": 56}
{"loss": 0.2127857655286789, "acc": 0.9197720885276794, "length": 3.999859571456909, "mode": "train", "epoch": 57}
{"loss": 0.2609016001224518, "acc": 0.9013888239860535, "length": 4.0, "mode": "test", "epoch": 57}
{"loss": 0.21523146331310272, "acc": 0.9164264798164368, "length": 3.9998793601989746, "mode": "train", "epoch": 58}
{"loss": 0.25961631536483765, "acc": 0.9019097089767456, "length": 4.0, "mode": "test", "epoch": 58}
{"loss": 0.21138428151607513, "acc": 0.919217586517334, "length": 3.999901056289673, "mode": "train", "epoch": 59}
{"loss": 0.26073944568634033, "acc": 0.9022568464279175, "length": 4.0, "mode": "test", "epoch": 59}
{"loss": 0.21024683117866516, "acc": 0.919357180595398, "length": 3.9998931884765625, "mode": "train", "epoch": 60}
{"loss": 0.26459941267967224, "acc": 0.9002603888511658, "length": 4.0, "mode": "test", "epoch": 60}
test accuracy: 0.854098379611969
