# ["--attributes=3", "--values=4", "--game_size=10", "--vocab_size_factor=3", "--n_epochs=60", "--batch_size=64", "--learning_rate=0.001", "--hidden_size=128", "--temp_update=0.97", "--temperature=1.5"]
Creating train_ds and val_ds...

Creating test_ds...
{"loss": 0.6927328705787659, "acc": 0.5141096115112305, "length": 3.5186703205108643, "mode": "train", "epoch": 1}
{"loss": 0.6875271797180176, "acc": 0.5761501789093018, "length": 1.7708333730697632, "mode": "test", "epoch": 1}
{"loss": 0.6651983857154846, "acc": 0.6035841107368469, "length": 2.8988184928894043, "mode": "train", "epoch": 2}
{"loss": 0.6205114722251892, "acc": 0.6660915613174438, "length": 3.3142361640930176, "mode": "test", "epoch": 2}
{"loss": 0.5735389590263367, "acc": 0.7052214741706848, "length": 3.7195792198181152, "mode": "train", "epoch": 3}
{"loss": 0.5316040515899658, "acc": 0.7463541030883789, "length": 4.0, "mode": "test", "epoch": 3}
{"loss": 0.4920732080936432, "acc": 0.7710387110710144, "length": 3.9572906494140625, "mode": "train", "epoch": 4}
{"loss": 0.500481367111206, "acc": 0.7624131441116333, "length": 4.0, "mode": "test", "epoch": 4}
{"loss": 0.4638943672180176, "acc": 0.7905842661857605, "length": 3.981417417526245, "mode": "train", "epoch": 5}
{"loss": 0.46390125155448914, "acc": 0.8006075024604797, "length": 4.0, "mode": "test", "epoch": 5}
{"loss": 0.43233370780944824, "acc": 0.8126686811447144, "length": 3.991530179977417, "mode": "train", "epoch": 6}
{"loss": 0.43364688754081726, "acc": 0.8150172829627991, "length": 4.0, "mode": "test", "epoch": 6}
{"loss": 0.4073788523674011, "acc": 0.830409049987793, "length": 3.9962992668151855, "mode": "train", "epoch": 7}
{"loss": 0.43431612849235535, "acc": 0.8187500834465027, "length": 4.0, "mode": "test", "epoch": 7}
{"loss": 0.39608970284461975, "acc": 0.8347194790840149, "length": 3.9972891807556152, "mode": "train", "epoch": 8}
{"loss": 0.417529433965683, "acc": 0.824826180934906, "length": 4.0, "mode": "test", "epoch": 8}
{"loss": 0.38813140988349915, "acc": 0.8409745097160339, "length": 3.9978556632995605, "mode": "train", "epoch": 9}
{"loss": 0.4203658103942871, "acc": 0.8328993320465088, "length": 4.0, "mode": "test", "epoch": 9}
{"loss": 0.38270798325538635, "acc": 0.8433030247688293, "length": 3.998448610305786, "mode": "train", "epoch": 10}
{"loss": 0.40628781914711, "acc": 0.8297742605209351, "length": 4.0, "mode": "test", "epoch": 10}
{"loss": 0.37813109159469604, "acc": 0.845862865447998, "length": 3.9979774951934814, "mode": "train", "epoch": 11}
{"loss": 0.395907998085022, "acc": 0.8402778506278992, "length": 4.0, "mode": "test", "epoch": 11}
{"loss": 0.37380242347717285, "acc": 0.8458754420280457, "length": 3.998410940170288, "mode": "train", "epoch": 12}
{"loss": 0.3981398344039917, "acc": 0.8421875834465027, "length": 4.0, "mode": "test", "epoch": 12}
{"loss": 0.3683280348777771, "acc": 0.8471636176109314, "length": 3.998666524887085, "mode": "train", "epoch": 13}
{"loss": 0.38478368520736694, "acc": 0.8430556058883667, "length": 4.0, "mode": "test", "epoch": 13}
{"loss": 0.36279919743537903, "acc": 0.8496615290641785, "length": 3.9981231689453125, "mode": "train", "epoch": 14}
{"loss": 0.38287150859832764, "acc": 0.8437500596046448, "length": 4.0, "mode": "test", "epoch": 14}
{"loss": 0.3568381369113922, "acc": 0.8503212332725525, "length": 3.9991955757141113, "mode": "train", "epoch": 15}
{"loss": 0.38042572140693665, "acc": 0.8431422710418701, "length": 4.0, "mode": "test", "epoch": 15}
{"loss": 0.35318484902381897, "acc": 0.8511435389518738, "length": 3.998934268951416, "mode": "train", "epoch": 16}
{"loss": 0.3747539222240448, "acc": 0.8494791984558105, "length": 4.0, "mode": "test", "epoch": 16}
{"loss": 0.3504398465156555, "acc": 0.8544852137565613, "length": 3.999290943145752, "mode": "train", "epoch": 17}
{"loss": 0.3668680489063263, "acc": 0.8460069894790649, "length": 4.0, "mode": "test", "epoch": 17}
{"loss": 0.3466065227985382, "acc": 0.8547372817993164, "length": 3.99961519241333, "mode": "train", "epoch": 18}
{"loss": 0.36982461810112, "acc": 0.8476561903953552, "length": 4.0, "mode": "test", "epoch": 18}
{"loss": 0.34386777877807617, "acc": 0.8567455410957336, "length": 3.9996726512908936, "mode": "train", "epoch": 19}
{"loss": 0.37398749589920044, "acc": 0.848437488079071, "length": 4.0, "mode": "test", "epoch": 19}
{"loss": 0.3419244587421417, "acc": 0.8577521443367004, "length": 3.9997620582580566, "mode": "train", "epoch": 20}
{"loss": 0.3517812490463257, "acc": 0.8569445610046387, "length": 4.0, "mode": "test", "epoch": 20}
{"loss": 0.330850213766098, "acc": 0.8602103590965271, "length": 3.9988820552825928, "mode": "train", "epoch": 21}
{"loss": 0.3503152132034302, "acc": 0.8548610210418701, "length": 4.0, "mode": "test", "epoch": 21}
{"loss": 0.33024707436561584, "acc": 0.8622361421585083, "length": 3.9993789196014404, "mode": "train", "epoch": 22}
{"loss": 0.337986558675766, "acc": 0.8585069179534912, "length": 4.0, "mode": "test", "epoch": 22}
{"loss": 0.32403048872947693, "acc": 0.8645305633544922, "length": 3.999774694442749, "mode": "train", "epoch": 23}
{"loss": 0.3360624313354492, "acc": 0.8647570013999939, "length": 4.0, "mode": "test", "epoch": 23}
{"loss": 0.3192148506641388, "acc": 0.8659448623657227, "length": 3.9991862773895264, "mode": "train", "epoch": 24}
{"loss": 0.3376151919364929, "acc": 0.8650174140930176, "length": 4.0, "mode": "test", "epoch": 24}
{"loss": 0.31541380286216736, "acc": 0.8701969981193542, "length": 3.999818801879883, "mode": "train", "epoch": 25}
{"loss": 0.3310397267341614, "acc": 0.860243022441864, "length": 4.0, "mode": "test", "epoch": 25}
{"loss": 0.3149510324001312, "acc": 0.8678795695304871, "length": 3.999798059463501, "mode": "train", "epoch": 26}
{"loss": 0.3440397083759308, "acc": 0.8571180105209351, "length": 4.0, "mode": "test", "epoch": 26}
{"loss": 0.3146118223667145, "acc": 0.8687744736671448, "length": 3.9998586177825928, "mode": "train", "epoch": 27}
{"loss": 0.3272538483142853, "acc": 0.8715277910232544, "length": 4.0, "mode": "test", "epoch": 27}
{"loss": 0.30763188004493713, "acc": 0.8730025291442871, "length": 3.9992923736572266, "mode": "train", "epoch": 28}
{"loss": 0.3193267583847046, "acc": 0.8675346970558167, "length": 4.0, "mode": "test", "epoch": 28}
{"loss": 0.3012925088405609, "acc": 0.8760284185409546, "length": 3.9998936653137207, "mode": "train", "epoch": 29}
{"loss": 0.32741400599479675, "acc": 0.8620660305023193, "length": 4.0, "mode": "test", "epoch": 29}
{"loss": 0.2978436052799225, "acc": 0.8771997690200806, "length": 3.9998526573181152, "mode": "train", "epoch": 30}
{"loss": 0.31863996386528015, "acc": 0.8730902075767517, "length": 4.0, "mode": "test", "epoch": 30}
{"loss": 0.2935750484466553, "acc": 0.8798457384109497, "length": 3.999541759490967, "mode": "train", "epoch": 31}
{"loss": 0.32178354263305664, "acc": 0.8755209445953369, "length": 4.0, "mode": "test", "epoch": 31}
{"loss": 0.3096310794353485, "acc": 0.874663770198822, "length": 3.9999444484710693, "mode": "train", "epoch": 32}
{"loss": 0.315952867269516, "acc": 0.8838540315628052, "length": 4.0, "mode": "test", "epoch": 32}
{"loss": 0.28732919692993164, "acc": 0.8843383193016052, "length": 3.999744415283203, "mode": "train", "epoch": 33}
{"loss": 0.3120540380477905, "acc": 0.8783853650093079, "length": 4.0, "mode": "test", "epoch": 33}
{"loss": 0.28662198781967163, "acc": 0.885819137096405, "length": 3.999811887741089, "mode": "train", "epoch": 34}
{"loss": 0.3060840666294098, "acc": 0.883073091506958, "length": 4.0, "mode": "test", "epoch": 34}
{"loss": 0.28126904368400574, "acc": 0.8895612359046936, "length": 3.9998679161071777, "mode": "train", "epoch": 35}
{"loss": 0.3045634329319, "acc": 0.8808161020278931, "length": 4.0, "mode": "test", "epoch": 35}
{"loss": 0.27515825629234314, "acc": 0.891706109046936, "length": 3.999816417694092, "mode": "train", "epoch": 36}
{"loss": 0.29593339562416077, "acc": 0.8873264789581299, "length": 4.0, "mode": "test", "epoch": 36}
{"loss": 0.27302414178848267, "acc": 0.893833339214325, "length": 3.999988079071045, "mode": "train", "epoch": 37}
{"loss": 0.30192577838897705, "acc": 0.8843749165534973, "length": 4.0, "mode": "test", "epoch": 37}
{"loss": 0.26765313744544983, "acc": 0.8965118527412415, "length": 3.999987840652466, "mode": "train", "epoch": 38}
{"loss": 0.2989736795425415, "acc": 0.8884548544883728, "length": 4.0, "mode": "test", "epoch": 38}
{"loss": 0.2805714011192322, "acc": 0.8890566229820251, "length": 3.9986283779144287, "mode": "train", "epoch": 39}
{"loss": 0.34696996212005615, "acc": 0.856249988079071, "length": 4.0, "mode": "test", "epoch": 39}
{"loss": 0.3055254817008972, "acc": 0.8736291527748108, "length": 3.9998531341552734, "mode": "train", "epoch": 40}
{"loss": 0.3055632710456848, "acc": 0.8792534470558167, "length": 4.0, "mode": "test", "epoch": 40}
{"loss": 0.28663307428359985, "acc": 0.8833145499229431, "length": 3.999995470046997, "mode": "train", "epoch": 41}
{"loss": 0.2893284559249878, "acc": 0.8839411735534668, "length": 4.0, "mode": "test", "epoch": 41}
{"loss": 0.266613632440567, "acc": 0.8944196105003357, "length": 3.999998092651367, "mode": "train", "epoch": 42}
{"loss": 0.2809423804283142, "acc": 0.8908853530883789, "length": 4.0, "mode": "test", "epoch": 42}
{"loss": 0.2597856819629669, "acc": 0.8983528017997742, "length": 3.9999797344207764, "mode": "train", "epoch": 43}
{"loss": 0.2776722311973572, "acc": 0.891927182674408, "length": 4.0, "mode": "test", "epoch": 43}
{"loss": 0.25653401017189026, "acc": 0.9006137251853943, "length": 3.9999961853027344, "mode": "train", "epoch": 44}
{"loss": 0.27288171648979187, "acc": 0.8975695371627808, "length": 4.0, "mode": "test", "epoch": 44}
{"loss": 0.25468000769615173, "acc": 0.9015902876853943, "length": 3.999998092651367, "mode": "train", "epoch": 45}
{"loss": 0.27507996559143066, "acc": 0.8940972089767456, "length": 4.0, "mode": "test", "epoch": 45}
{"loss": 0.25075745582580566, "acc": 0.9027244448661804, "length": 3.999751567840576, "mode": "train", "epoch": 46}
{"loss": 0.28152358531951904, "acc": 0.8922743201255798, "length": 4.0, "mode": "test", "epoch": 46}
{"loss": 0.24749325215816498, "acc": 0.9035434722900391, "length": 3.9999988079071045, "mode": "train", "epoch": 47}
{"loss": 0.26800695061683655, "acc": 0.8924477100372314, "length": 4.0, "mode": "test", "epoch": 47}
{"loss": 0.24289430677890778, "acc": 0.9055244326591492, "length": 3.9999988079071045, "mode": "train", "epoch": 48}
{"loss": 0.2687186002731323, "acc": 0.8953992128372192, "length": 4.0, "mode": "test", "epoch": 48}
{"loss": 0.245332270860672, "acc": 0.9046874642372131, "length": 3.9999992847442627, "mode": "train", "epoch": 49}
{"loss": 0.27410605549812317, "acc": 0.8907986879348755, "length": 4.0, "mode": "test", "epoch": 49}
{"loss": 0.24604196846485138, "acc": 0.9048270583152771, "length": 4.0, "mode": "train", "epoch": 50}
{"loss": 0.26473724842071533, "acc": 0.8981771469116211, "length": 4.0, "mode": "test", "epoch": 50}
{"loss": 0.23928117752075195, "acc": 0.9070591926574707, "length": 3.999999523162842, "mode": "train", "epoch": 51}
{"loss": 0.25841936469078064, "acc": 0.9019964933395386, "length": 4.0, "mode": "test", "epoch": 51}
{"loss": 0.23626920580863953, "acc": 0.9077008366584778, "length": 4.0, "mode": "train", "epoch": 52}
{"loss": 0.2578340768814087, "acc": 0.9035589694976807, "length": 4.0, "mode": "test", "epoch": 52}
{"loss": 0.23132672905921936, "acc": 0.9112997055053711, "length": 3.9999868869781494, "mode": "train", "epoch": 53}
{"loss": 0.2523120045661926, "acc": 0.9047742486000061, "length": 4.0, "mode": "test", "epoch": 53}
{"loss": 0.22913751006126404, "acc": 0.9140624403953552, "length": 3.9999983310699463, "mode": "train", "epoch": 54}
{"loss": 0.2504873275756836, "acc": 0.9031249284744263, "length": 4.0, "mode": "test", "epoch": 54}
{"loss": 0.23748286068439484, "acc": 0.906305730342865, "length": 3.999997854232788, "mode": "train", "epoch": 55}
{"loss": 0.27352094650268555, "acc": 0.8921007513999939, "length": 4.0, "mode": "test", "epoch": 55}
{"loss": 0.26390501856803894, "acc": 0.8934150338172913, "length": 3.999994993209839, "mode": "train", "epoch": 56}
{"loss": 0.28442683815956116, "acc": 0.8855035305023193, "length": 4.0, "mode": "test", "epoch": 56}
{"loss": 0.2523253262042999, "acc": 0.8993842005729675, "length": 3.999950408935547, "mode": "train", "epoch": 57}
{"loss": 0.26303935050964355, "acc": 0.8956596851348877, "length": 4.0, "mode": "test", "epoch": 57}
{"loss": 0.2458891123533249, "acc": 0.9045200347900391, "length": 3.9999983310699463, "mode": "train", "epoch": 58}
{"loss": 0.2678169012069702, "acc": 0.8979169130325317, "length": 4.0, "mode": "test", "epoch": 58}
{"loss": 0.2395574152469635, "acc": 0.9090680480003357, "length": 4.0, "mode": "train", "epoch": 59}
{"loss": 0.2651835083961487, "acc": 0.8967881798744202, "length": 4.0, "mode": "test", "epoch": 59}
{"loss": 0.23905150592327118, "acc": 0.9063615798950195, "length": 4.0, "mode": "train", "epoch": 60}
{"loss": 0.25784605741500854, "acc": 0.8956596851348877, "length": 4.0, "mode": "test", "epoch": 60}
test accuracy: 0.8537705540657043
