# ["--attributes=3", "--values=4", "--game_size=10", "--vocab_size_factor=3", "--n_epochs=60", "--batch_size=64", "--learning_rate=0.001", "--hidden_size=256", "--temp_update=0.97", "--temperature=2"]
Creating train_ds and val_ds...

Creating test_ds...
{"loss": 0.6988178491592407, "acc": 0.5026770830154419, "length": 2.3385250568389893, "mode": "train", "epoch": 1}
{"loss": 0.6925966739654541, "acc": 0.5065972805023193, "length": 1.0, "mode": "test", "epoch": 1}
{"loss": 0.6588143110275269, "acc": 0.6120877265930176, "length": 2.455143690109253, "mode": "train", "epoch": 2}
{"loss": 0.6368064880371094, "acc": 0.6427544355392456, "length": 2.7326388359069824, "mode": "test", "epoch": 2}
{"loss": 0.6049417853355408, "acc": 0.6579622626304626, "length": 2.7409372329711914, "mode": "train", "epoch": 3}
{"loss": 0.6991886496543884, "acc": 0.6281887292861938, "length": 2.112847328186035, "mode": "test", "epoch": 3}
{"loss": 0.5741081833839417, "acc": 0.7106392979621887, "length": 2.893617868423462, "mode": "train", "epoch": 4}
{"loss": 0.6149024367332458, "acc": 0.65790194272995, "length": 2.6302082538604736, "mode": "test", "epoch": 4}
{"loss": 0.5348098874092102, "acc": 0.7386518120765686, "length": 3.2576823234558105, "mode": "train", "epoch": 5}
{"loss": 0.5403239727020264, "acc": 0.7173041105270386, "length": 3.3958332538604736, "mode": "test", "epoch": 5}
{"loss": 0.4922844469547272, "acc": 0.766455352306366, "length": 3.3623485565185547, "mode": "train", "epoch": 6}
{"loss": 0.5008982419967651, "acc": 0.7474148869514465, "length": 3.2760417461395264, "mode": "test", "epoch": 6}
{"loss": 0.46326813101768494, "acc": 0.7862489223480225, "length": 3.367769956588745, "mode": "train", "epoch": 7}
{"loss": 0.47606128454208374, "acc": 0.7878038287162781, "length": 3.25, "mode": "test", "epoch": 7}
{"loss": 0.4457755386829376, "acc": 0.7950835824012756, "length": 3.344202995300293, "mode": "train", "epoch": 8}
{"loss": 0.4680570960044861, "acc": 0.793830156326294, "length": 3.265625, "mode": "test", "epoch": 8}
{"loss": 0.43122029304504395, "acc": 0.8026745915412903, "length": 3.3409721851348877, "mode": "train", "epoch": 9}
{"loss": 0.45741087198257446, "acc": 0.7986137866973877, "length": 3.2708332538604736, "mode": "test", "epoch": 9}
{"loss": 0.4198000729084015, "acc": 0.809630811214447, "length": 3.3441858291625977, "mode": "train", "epoch": 10}
{"loss": 0.42894113063812256, "acc": 0.8122544884681702, "length": 3.2708332538604736, "mode": "test", "epoch": 10}
{"loss": 0.4066619873046875, "acc": 0.813078761100769, "length": 3.3672354221343994, "mode": "train", "epoch": 11}
{"loss": 0.43901026248931885, "acc": 0.8092963695526123, "length": 3.2708332538604736, "mode": "test", "epoch": 11}
{"loss": 0.3954445421695709, "acc": 0.8190743327140808, "length": 3.348994255065918, "mode": "train", "epoch": 12}
{"loss": 0.42504656314849854, "acc": 0.8151204586029053, "length": 3.2708332538604736, "mode": "test", "epoch": 12}
{"loss": 0.3827227056026459, "acc": 0.8255526423454285, "length": 3.410979986190796, "mode": "train", "epoch": 13}
{"loss": 0.395197331905365, "acc": 0.8340426087379456, "length": 3.2760417461395264, "mode": "test", "epoch": 13}
{"loss": 0.3665941059589386, "acc": 0.8338081240653992, "length": 3.5352001190185547, "mode": "train", "epoch": 14}
{"loss": 0.3962478041648865, "acc": 0.822047233581543, "length": 3.65625, "mode": "test", "epoch": 14}
{"loss": 0.34506526589393616, "acc": 0.8446205258369446, "length": 3.835780620574951, "mode": "train", "epoch": 15}
{"loss": 0.3526553809642792, "acc": 0.8533800840377808, "length": 3.9739582538604736, "mode": "test", "epoch": 15}
{"loss": 0.3241726756095886, "acc": 0.8547162413597107, "length": 3.9785397052764893, "mode": "train", "epoch": 16}
{"loss": 0.34072911739349365, "acc": 0.8496526479721069, "length": 4.0, "mode": "test", "epoch": 16}
{"loss": 0.3133205771446228, "acc": 0.866113007068634, "length": 3.995581865310669, "mode": "train", "epoch": 17}
{"loss": 0.3225055932998657, "acc": 0.8659722805023193, "length": 4.0, "mode": "test", "epoch": 17}
{"loss": 0.30369406938552856, "acc": 0.871982753276825, "length": 3.9987850189208984, "mode": "train", "epoch": 18}
{"loss": 0.3143680989742279, "acc": 0.8671874403953552, "length": 4.0, "mode": "test", "epoch": 18}
{"loss": 0.28652626276016235, "acc": 0.8806665539741516, "length": 3.9986767768859863, "mode": "train", "epoch": 19}
{"loss": 0.289914071559906, "acc": 0.8794270753860474, "length": 4.0, "mode": "test", "epoch": 19}
{"loss": 0.2716215252876282, "acc": 0.8864989280700684, "length": 3.9989399909973145, "mode": "train", "epoch": 20}
{"loss": 0.28444960713386536, "acc": 0.8821181058883667, "length": 4.0, "mode": "test", "epoch": 20}
{"loss": 0.2626860737800598, "acc": 0.8917909264564514, "length": 3.99910044670105, "mode": "train", "epoch": 21}
{"loss": 0.2648029327392578, "acc": 0.8896700739860535, "length": 4.0, "mode": "test", "epoch": 21}
{"loss": 0.2498338520526886, "acc": 0.8973681926727295, "length": 3.9994709491729736, "mode": "train", "epoch": 22}
{"loss": 0.252462774515152, "acc": 0.8954861760139465, "length": 4.0, "mode": "test", "epoch": 22}
{"loss": 0.24103319644927979, "acc": 0.9008436799049377, "length": 3.9990203380584717, "mode": "train", "epoch": 23}
{"loss": 0.2473328411579132, "acc": 0.8990452289581299, "length": 4.0, "mode": "test", "epoch": 23}
{"loss": 0.23172111809253693, "acc": 0.909429132938385, "length": 3.999119520187378, "mode": "train", "epoch": 24}
{"loss": 0.2626733183860779, "acc": 0.894618034362793, "length": 4.0, "mode": "test", "epoch": 24}
{"loss": 0.22532519698143005, "acc": 0.9134670495986938, "length": 3.9996538162231445, "mode": "train", "epoch": 25}
{"loss": 0.23533402383327484, "acc": 0.9111979603767395, "length": 4.0, "mode": "test", "epoch": 25}
{"loss": 0.2106221616268158, "acc": 0.9197449088096619, "length": 3.9997894763946533, "mode": "train", "epoch": 26}
{"loss": 0.22043736279010773, "acc": 0.9117186665534973, "length": 4.0, "mode": "test", "epoch": 26}
{"loss": 0.20607034862041473, "acc": 0.9211183786392212, "length": 3.998899459838867, "mode": "train", "epoch": 27}
{"loss": 0.22801777720451355, "acc": 0.9093747735023499, "length": 4.0, "mode": "test", "epoch": 27}
{"loss": 0.20269198715686798, "acc": 0.9254045486450195, "length": 3.999918222427368, "mode": "train", "epoch": 28}
{"loss": 0.22783438861370087, "acc": 0.9090278148651123, "length": 4.0, "mode": "test", "epoch": 28}
{"loss": 0.19639654457569122, "acc": 0.9258005023002625, "length": 3.999959945678711, "mode": "train", "epoch": 29}
{"loss": 0.21911543607711792, "acc": 0.9155382513999939, "length": 4.0, "mode": "test", "epoch": 29}
{"loss": 0.1945277452468872, "acc": 0.9267846941947937, "length": 3.9999427795410156, "mode": "train", "epoch": 30}
{"loss": 0.2134760171175003, "acc": 0.9202257990837097, "length": 4.0, "mode": "test", "epoch": 30}
{"loss": 0.2028484046459198, "acc": 0.9246932864189148, "length": 3.999682664871216, "mode": "train", "epoch": 31}
{"loss": 0.22887250781059265, "acc": 0.9106768369674683, "length": 4.0, "mode": "test", "epoch": 31}
{"loss": 0.19266770780086517, "acc": 0.9267273545265198, "length": 3.99989652633667, "mode": "train", "epoch": 32}
{"loss": 0.20252090692520142, "acc": 0.9254339933395386, "length": 4.0, "mode": "test", "epoch": 32}
{"loss": 0.17577648162841797, "acc": 0.9348032474517822, "length": 3.9999260902404785, "mode": "train", "epoch": 33}
{"loss": 0.22059713304042816, "acc": 0.9147568941116333, "length": 4.0, "mode": "test", "epoch": 33}
{"loss": 0.18463052809238434, "acc": 0.9304984211921692, "length": 3.999941110610962, "mode": "train", "epoch": 34}
{"loss": 0.21646997332572937, "acc": 0.9215277433395386, "length": 4.0, "mode": "test", "epoch": 34}
{"loss": 0.18181972205638885, "acc": 0.9340131878852844, "length": 3.9999003410339355, "mode": "train", "epoch": 35}
{"loss": 0.22072848677635193, "acc": 0.9163191914558411, "length": 4.0, "mode": "test", "epoch": 35}
{"loss": 0.18743371963500977, "acc": 0.9281085729598999, "length": 3.999983072280884, "mode": "train", "epoch": 36}
{"loss": 0.20946386456489563, "acc": 0.9225692749023438, "length": 4.0, "mode": "test", "epoch": 36}
{"loss": 0.17975547909736633, "acc": 0.9326953887939453, "length": 3.9999935626983643, "mode": "train", "epoch": 37}
{"loss": 0.22182250022888184, "acc": 0.9153645634651184, "length": 4.0, "mode": "test", "epoch": 37}
{"loss": 0.17999424040317535, "acc": 0.9315632581710815, "length": 3.999846935272217, "mode": "train", "epoch": 38}
{"loss": 0.1902572512626648, "acc": 0.929774284362793, "length": 4.0, "mode": "test", "epoch": 38}
{"loss": 0.16689153015613556, "acc": 0.9397276043891907, "length": 3.9999544620513916, "mode": "train", "epoch": 39}
{"loss": 0.20346800982952118, "acc": 0.9206597208976746, "length": 4.0, "mode": "test", "epoch": 39}
{"loss": 0.16865535080432892, "acc": 0.9379568696022034, "length": 3.9999923706054688, "mode": "train", "epoch": 40}
{"loss": 0.196750208735466, "acc": 0.926215410232544, "length": 4.0, "mode": "test", "epoch": 40}
{"loss": 0.16941677033901215, "acc": 0.9388013482093811, "length": 4.0, "mode": "train", "epoch": 41}
{"loss": 0.24609310925006866, "acc": 0.9098091125488281, "length": 4.0, "mode": "test", "epoch": 41}
{"loss": 0.18964266777038574, "acc": 0.9306976795196533, "length": 3.9999988079071045, "mode": "train", "epoch": 42}
{"loss": 0.2053626924753189, "acc": 0.9221353530883789, "length": 4.0, "mode": "test", "epoch": 42}
{"loss": 0.1756463348865509, "acc": 0.9359846115112305, "length": 3.9999537467956543, "mode": "train", "epoch": 43}
{"loss": 0.20650118589401245, "acc": 0.9236111044883728, "length": 4.0, "mode": "test", "epoch": 43}
{"loss": 0.17844605445861816, "acc": 0.9338485598564148, "length": 3.9999802112579346, "mode": "train", "epoch": 44}
{"loss": 0.2175491601228714, "acc": 0.9217013120651245, "length": 4.0, "mode": "test", "epoch": 44}
{"loss": 0.1765071600675583, "acc": 0.9361844062805176, "length": 3.999999523162842, "mode": "train", "epoch": 45}
{"loss": 0.2105630487203598, "acc": 0.9243054986000061, "length": 4.0, "mode": "test", "epoch": 45}
{"loss": 0.1739184558391571, "acc": 0.939026415348053, "length": 3.9999985694885254, "mode": "train", "epoch": 46}
{"loss": 0.1957215815782547, "acc": 0.9276910424232483, "length": 4.0, "mode": "test", "epoch": 46}
{"loss": 0.1628098487854004, "acc": 0.9392234086990356, "length": 3.999999761581421, "mode": "train", "epoch": 47}
{"loss": 0.19929854571819305, "acc": 0.9272570013999939, "length": 4.0, "mode": "test", "epoch": 47}
{"loss": 0.15825073421001434, "acc": 0.9409375190734863, "length": 3.9999585151672363, "mode": "train", "epoch": 48}
{"loss": 0.19649337232112885, "acc": 0.9298611879348755, "length": 4.0, "mode": "test", "epoch": 48}
{"loss": 0.15332376956939697, "acc": 0.9428530931472778, "length": 3.999999761581421, "mode": "train", "epoch": 49}
{"loss": 0.20483584702014923, "acc": 0.9203992486000061, "length": 4.0, "mode": "test", "epoch": 49}
{"loss": 0.1648876667022705, "acc": 0.9392513632774353, "length": 3.9999992847442627, "mode": "train", "epoch": 50}
{"loss": 0.20501548051834106, "acc": 0.9248263239860535, "length": 4.0, "mode": "test", "epoch": 50}
{"loss": 0.15852750837802887, "acc": 0.9406021237373352, "length": 3.999999761581421, "mode": "train", "epoch": 51}
{"loss": 0.1940116137266159, "acc": 0.9305555820465088, "length": 4.0, "mode": "test", "epoch": 51}
{"loss": 0.1545451134443283, "acc": 0.943274736404419, "length": 3.9999921321868896, "mode": "train", "epoch": 52}
{"loss": 0.1983584314584732, "acc": 0.9286457896232605, "length": 4.0, "mode": "test", "epoch": 52}
{"loss": 0.1565057784318924, "acc": 0.9414743781089783, "length": 3.999999761581421, "mode": "train", "epoch": 53}
{"loss": 0.18583734333515167, "acc": 0.9322049021720886, "length": 4.0, "mode": "test", "epoch": 53}
{"loss": 0.15491315722465515, "acc": 0.9414430260658264, "length": 3.9990293979644775, "mode": "train", "epoch": 54}
{"loss": 0.2221757173538208, "acc": 0.9117186665534973, "length": 4.0, "mode": "test", "epoch": 54}
{"loss": 0.1681019514799118, "acc": 0.936987578868866, "length": 3.9997687339782715, "mode": "train", "epoch": 55}
{"loss": 0.214120551943779, "acc": 0.9250868558883667, "length": 4.0, "mode": "test", "epoch": 55}
{"loss": 0.1641731560230255, "acc": 0.9411648511886597, "length": 4.0, "mode": "train", "epoch": 56}
{"loss": 0.19270232319831848, "acc": 0.9315105080604553, "length": 4.0, "mode": "test", "epoch": 56}
{"loss": 0.15498292446136475, "acc": 0.9415024518966675, "length": 4.0, "mode": "train", "epoch": 57}
{"loss": 0.18279971182346344, "acc": 0.9331598281860352, "length": 4.0, "mode": "test", "epoch": 57}
{"loss": 0.1460961103439331, "acc": 0.9450759887695312, "length": 4.0, "mode": "train", "epoch": 58}
{"loss": 0.1720382273197174, "acc": 0.9382812976837158, "length": 4.0, "mode": "test", "epoch": 58}
{"loss": 0.1422036737203598, "acc": 0.9469050765037537, "length": 4.0, "mode": "train", "epoch": 59}
{"loss": 0.18395370244979858, "acc": 0.9320313334465027, "length": 4.0, "mode": "test", "epoch": 59}
{"loss": 0.13272114098072052, "acc": 0.9519695043563843, "length": 4.0, "mode": "train", "epoch": 60}
{"loss": 0.17210951447486877, "acc": 0.9368056058883667, "length": 4.0, "mode": "test", "epoch": 60}
test accuracy: 0.8383334875106812
