# ["--attributes=3", "--values=4", "--game_size=10", "--vocab_size_factor=3", "--n_epochs=60", "--batch_size=128", "--learning_rate=0.0005", "--hidden_size=128", "--temp_update=0.99", "--temperature=1"]
Creating train_ds and val_ds...

Creating test_ds...
{"loss": 0.6936436295509338, "acc": 0.5040069222450256, "length": 3.594611406326294, "mode": "train", "epoch": 1}
{"loss": 0.6928821802139282, "acc": 0.5175780653953552, "length": 1.0, "mode": "test", "epoch": 1}
{"loss": 0.6922979950904846, "acc": 0.51235032081604, "length": 3.575753927230835, "mode": "train", "epoch": 2}
{"loss": 0.6896470189094543, "acc": 0.5455977916717529, "length": 1.580078125, "mode": "test", "epoch": 2}
{"loss": 0.6908032298088074, "acc": 0.5223507285118103, "length": 3.541592836380005, "mode": "train", "epoch": 3}
{"loss": 0.6843444108963013, "acc": 0.5817992687225342, "length": 3.794921875, "mode": "test", "epoch": 3}
{"loss": 0.686215341091156, "acc": 0.5510682463645935, "length": 3.676506996154785, "mode": "train", "epoch": 4}
{"loss": 0.672243058681488, "acc": 0.6224610209465027, "length": 4.0, "mode": "test", "epoch": 4}
{"loss": 0.6576864719390869, "acc": 0.6654279232025146, "length": 3.9160964488983154, "mode": "train", "epoch": 5}
{"loss": 0.6234826445579529, "acc": 0.7138671278953552, "length": 4.0, "mode": "test", "epoch": 5}
{"loss": 0.5919225215911865, "acc": 0.7013022303581238, "length": 3.9892876148223877, "mode": "train", "epoch": 6}
{"loss": 0.5725853443145752, "acc": 0.7151368856430054, "length": 4.0, "mode": "test", "epoch": 6}
{"loss": 0.5700120329856873, "acc": 0.7063471674919128, "length": 3.9943056106567383, "mode": "train", "epoch": 7}
{"loss": 0.5455369353294373, "acc": 0.7324218153953552, "length": 4.0, "mode": "test", "epoch": 7}
{"loss": 0.5304513573646545, "acc": 0.7442213296890259, "length": 3.9935030937194824, "mode": "train", "epoch": 8}
{"loss": 0.5064731240272522, "acc": 0.7655273079872131, "length": 4.0, "mode": "test", "epoch": 8}
{"loss": 0.4946999251842499, "acc": 0.7726750373840332, "length": 3.995405435562134, "mode": "train", "epoch": 9}
{"loss": 0.48231422901153564, "acc": 0.7820311784744263, "length": 4.0, "mode": "test", "epoch": 9}
{"loss": 0.47830724716186523, "acc": 0.7837990522384644, "length": 3.9972474575042725, "mode": "train", "epoch": 10}
{"loss": 0.47312131524086, "acc": 0.7866211533546448, "length": 4.0, "mode": "test", "epoch": 10}
{"loss": 0.46001526713371277, "acc": 0.7890623807907104, "length": 3.996783971786499, "mode": "train", "epoch": 11}
{"loss": 0.4697856903076172, "acc": 0.7884765267372131, "length": 4.0, "mode": "test", "epoch": 11}
{"loss": 0.46019288897514343, "acc": 0.7971594929695129, "length": 3.9977500438690186, "mode": "train", "epoch": 12}
{"loss": 0.4658622145652771, "acc": 0.7844725251197815, "length": 4.0, "mode": "test", "epoch": 12}
{"loss": 0.44762009382247925, "acc": 0.7981220483779907, "length": 3.9987752437591553, "mode": "train", "epoch": 13}
{"loss": 0.45851653814315796, "acc": 0.7972655892372131, "length": 4.0, "mode": "test", "epoch": 13}
{"loss": 0.4387955963611603, "acc": 0.807266354560852, "length": 3.9989609718322754, "mode": "train", "epoch": 14}
{"loss": 0.45546358823776245, "acc": 0.8001952171325684, "length": 4.0, "mode": "test", "epoch": 14}
{"loss": 0.44403141736984253, "acc": 0.8078750967979431, "length": 3.9986166954040527, "mode": "train", "epoch": 15}
{"loss": 0.4500200152397156, "acc": 0.8014646768569946, "length": 4.0, "mode": "test", "epoch": 15}
{"loss": 0.4235464036464691, "acc": 0.8112965822219849, "length": 3.99890398979187, "mode": "train", "epoch": 16}
{"loss": 0.44135648012161255, "acc": 0.8138672113418579, "length": 4.0, "mode": "test", "epoch": 16}
{"loss": 0.4267335534095764, "acc": 0.8151261210441589, "length": 3.998866081237793, "mode": "train", "epoch": 17}
{"loss": 0.43926113843917847, "acc": 0.8083983063697815, "length": 4.0, "mode": "test", "epoch": 17}
{"loss": 0.4198853373527527, "acc": 0.8146865367889404, "length": 3.9976208209991455, "mode": "train", "epoch": 18}
{"loss": 0.4427611231803894, "acc": 0.8039063811302185, "length": 4.0, "mode": "test", "epoch": 18}
{"loss": 0.4220260679721832, "acc": 0.8161107897758484, "length": 3.99924635887146, "mode": "train", "epoch": 19}
{"loss": 0.4299858808517456, "acc": 0.8108400106430054, "length": 4.0, "mode": "test", "epoch": 19}
{"loss": 0.40609243512153625, "acc": 0.817430853843689, "length": 3.998563051223755, "mode": "train", "epoch": 20}
{"loss": 0.4311748147010803, "acc": 0.8097657561302185, "length": 4.0, "mode": "test", "epoch": 20}
{"loss": 0.4128086268901825, "acc": 0.817358672618866, "length": 3.999333620071411, "mode": "train", "epoch": 21}
{"loss": 0.42124849557876587, "acc": 0.8154296278953552, "length": 4.0, "mode": "test", "epoch": 21}
{"loss": 0.41543859243392944, "acc": 0.8178397417068481, "length": 3.9985742568969727, "mode": "train", "epoch": 22}
{"loss": 0.41778331995010376, "acc": 0.8192381262779236, "length": 4.0, "mode": "test", "epoch": 22}
{"loss": 0.41038191318511963, "acc": 0.8199465870857239, "length": 3.999399185180664, "mode": "train", "epoch": 23}
{"loss": 0.41301512718200684, "acc": 0.8147459626197815, "length": 4.0, "mode": "test", "epoch": 23}
{"loss": 0.40024808049201965, "acc": 0.8215253353118896, "length": 3.9989919662475586, "mode": "train", "epoch": 24}
{"loss": 0.40389373898506165, "acc": 0.8198242783546448, "length": 4.0, "mode": "test", "epoch": 24}
{"loss": 0.40108391642570496, "acc": 0.8249518275260925, "length": 3.9996249675750732, "mode": "train", "epoch": 25}
{"loss": 0.4033275544643402, "acc": 0.82421875, "length": 4.0, "mode": "test", "epoch": 25}
{"loss": 0.40171462297439575, "acc": 0.8223128318786621, "length": 3.999490976333618, "mode": "train", "epoch": 26}
{"loss": 0.39641696214675903, "acc": 0.8256834745407104, "length": 4.0, "mode": "test", "epoch": 26}
{"loss": 0.3939383924007416, "acc": 0.8284530639648438, "length": 3.9992692470550537, "mode": "train", "epoch": 27}
{"loss": 0.39134305715560913, "acc": 0.8304685950279236, "length": 4.0, "mode": "test", "epoch": 27}
{"loss": 0.3926314413547516, "acc": 0.8332049250602722, "length": 3.99954891204834, "mode": "train", "epoch": 28}
{"loss": 0.38623425364494324, "acc": 0.83056640625, "length": 4.0, "mode": "test", "epoch": 28}
{"loss": 0.3743267059326172, "acc": 0.8348193764686584, "length": 3.99959659576416, "mode": "train", "epoch": 29}
{"loss": 0.3765345811843872, "acc": 0.8423828482627869, "length": 4.0, "mode": "test", "epoch": 29}
{"loss": 0.3759229779243469, "acc": 0.8367933034896851, "length": 3.9996721744537354, "mode": "train", "epoch": 30}
{"loss": 0.3712061643600464, "acc": 0.8486328721046448, "length": 4.0, "mode": "test", "epoch": 30}
{"loss": 0.3678371012210846, "acc": 0.8388440012931824, "length": 3.9992427825927734, "mode": "train", "epoch": 31}
{"loss": 0.3652598261833191, "acc": 0.8445311784744263, "length": 4.0, "mode": "test", "epoch": 31}
{"loss": 0.3548440635204315, "acc": 0.8414903879165649, "length": 3.999650716781616, "mode": "train", "epoch": 32}
{"loss": 0.35700517892837524, "acc": 0.8478516340255737, "length": 4.0, "mode": "test", "epoch": 32}
{"loss": 0.3606092035770416, "acc": 0.842602014541626, "length": 3.999829053878784, "mode": "train", "epoch": 33}
{"loss": 0.3566570281982422, "acc": 0.8472656011581421, "length": 4.0, "mode": "test", "epoch": 33}
{"loss": 0.36260461807250977, "acc": 0.8425869941711426, "length": 3.999114990234375, "mode": "train", "epoch": 34}
{"loss": 0.35999253392219543, "acc": 0.8446288704872131, "length": 4.0, "mode": "test", "epoch": 34}
{"loss": 0.35566747188568115, "acc": 0.846799373626709, "length": 3.999810218811035, "mode": "train", "epoch": 35}
{"loss": 0.3545336127281189, "acc": 0.8441405892372131, "length": 4.0, "mode": "test", "epoch": 35}
{"loss": 0.3641032874584198, "acc": 0.8419845104217529, "length": 3.999505043029785, "mode": "train", "epoch": 36}
{"loss": 0.3557411730289459, "acc": 0.8444336652755737, "length": 4.0, "mode": "test", "epoch": 36}
{"loss": 0.34637054800987244, "acc": 0.8427385687828064, "length": 3.9994568824768066, "mode": "train", "epoch": 37}
{"loss": 0.3513182997703552, "acc": 0.8463867902755737, "length": 4.0, "mode": "test", "epoch": 37}
{"loss": 0.35250774025917053, "acc": 0.8454761505126953, "length": 3.999274730682373, "mode": "train", "epoch": 38}
{"loss": 0.3478320837020874, "acc": 0.8449217081069946, "length": 4.0, "mode": "test", "epoch": 38}
{"loss": 0.3447421193122864, "acc": 0.8454647660255432, "length": 3.999851703643799, "mode": "train", "epoch": 39}
{"loss": 0.3502264618873596, "acc": 0.8445314168930054, "length": 4.0, "mode": "test", "epoch": 39}
{"loss": 0.35310015082359314, "acc": 0.8488027453422546, "length": 3.9999136924743652, "mode": "train", "epoch": 40}
{"loss": 0.34986814856529236, "acc": 0.8418945670127869, "length": 4.0, "mode": "test", "epoch": 40}
{"loss": 0.3554437756538391, "acc": 0.841882586479187, "length": 3.9999094009399414, "mode": "train", "epoch": 41}
{"loss": 0.34800946712493896, "acc": 0.8490234017372131, "length": 4.0, "mode": "test", "epoch": 41}
{"loss": 0.34401264786720276, "acc": 0.8472636938095093, "length": 3.99878191947937, "mode": "train", "epoch": 42}
{"loss": 0.3443368673324585, "acc": 0.8464842438697815, "length": 4.0, "mode": "test", "epoch": 42}
{"loss": 0.3356662094593048, "acc": 0.8495421409606934, "length": 3.999328851699829, "mode": "train", "epoch": 43}
{"loss": 0.3412435054779053, "acc": 0.8475586175918579, "length": 4.0, "mode": "test", "epoch": 43}
{"loss": 0.34304723143577576, "acc": 0.8512023091316223, "length": 3.9992716312408447, "mode": "train", "epoch": 44}
{"loss": 0.3374021053314209, "acc": 0.8498047590255737, "length": 4.0, "mode": "test", "epoch": 44}
{"loss": 0.33405643701553345, "acc": 0.8538610339164734, "length": 3.999924898147583, "mode": "train", "epoch": 45}
{"loss": 0.33665943145751953, "acc": 0.8513671159744263, "length": 4.0, "mode": "test", "epoch": 45}
{"loss": 0.34130921959877014, "acc": 0.8538572788238525, "length": 3.9997432231903076, "mode": "train", "epoch": 46}
{"loss": 0.3368205726146698, "acc": 0.8522461652755737, "length": 4.0, "mode": "test", "epoch": 46}
{"loss": 0.32591694593429565, "acc": 0.8511341214179993, "length": 3.9997644424438477, "mode": "train", "epoch": 47}
{"loss": 0.33805927634239197, "acc": 0.8487306237220764, "length": 4.0, "mode": "test", "epoch": 47}
{"loss": 0.32248756289482117, "acc": 0.8536108136177063, "length": 3.9999210834503174, "mode": "train", "epoch": 48}
{"loss": 0.33757251501083374, "acc": 0.8443359732627869, "length": 4.0, "mode": "test", "epoch": 48}
{"loss": 0.3293011784553528, "acc": 0.8557786345481873, "length": 3.999932050704956, "mode": "train", "epoch": 49}
{"loss": 0.3285292387008667, "acc": 0.8516601920127869, "length": 4.0, "mode": "test", "epoch": 49}
{"loss": 0.3356580436229706, "acc": 0.8576081395149231, "length": 3.9998228549957275, "mode": "train", "epoch": 50}
{"loss": 0.32572072744369507, "acc": 0.8536133766174316, "length": 4.0, "mode": "test", "epoch": 50}
{"loss": 0.3238305449485779, "acc": 0.8587252497673035, "length": 3.9999139308929443, "mode": "train", "epoch": 51}
{"loss": 0.33163145184516907, "acc": 0.8558593392372131, "length": 4.0, "mode": "test", "epoch": 51}
{"loss": 0.3223157227039337, "acc": 0.8583372235298157, "length": 3.999978542327881, "mode": "train", "epoch": 52}
{"loss": 0.322617769241333, "acc": 0.8591796159744263, "length": 4.0, "mode": "test", "epoch": 52}
{"loss": 0.3188866674900055, "acc": 0.8619779944419861, "length": 3.99997615814209, "mode": "train", "epoch": 53}
{"loss": 0.32231101393699646, "acc": 0.8575195670127869, "length": 4.0, "mode": "test", "epoch": 53}
{"loss": 0.324832946062088, "acc": 0.8578915596008301, "length": 3.9999396800994873, "mode": "train", "epoch": 54}
{"loss": 0.3230152428150177, "acc": 0.8597655892372131, "length": 4.0, "mode": "test", "epoch": 54}
{"loss": 0.331133633852005, "acc": 0.8610038757324219, "length": 3.999932050704956, "mode": "train", "epoch": 55}
{"loss": 0.3174549341201782, "acc": 0.85986328125, "length": 4.0, "mode": "test", "epoch": 55}
{"loss": 0.31510835886001587, "acc": 0.8613106608390808, "length": 3.9999513626098633, "mode": "train", "epoch": 56}
{"loss": 0.3341124355792999, "acc": 0.8546875715255737, "length": 4.0, "mode": "test", "epoch": 56}
{"loss": 0.32339608669281006, "acc": 0.8612270355224609, "length": 3.99996280670166, "mode": "train", "epoch": 57}
{"loss": 0.31738290190696716, "acc": 0.8630858659744263, "length": 4.0, "mode": "test", "epoch": 57}
{"loss": 0.3073207139968872, "acc": 0.8622831106185913, "length": 3.9999659061431885, "mode": "train", "epoch": 58}
{"loss": 0.32020482420921326, "acc": 0.8567382097244263, "length": 4.0, "mode": "test", "epoch": 58}
{"loss": 0.30991044640541077, "acc": 0.8623616695404053, "length": 3.9998536109924316, "mode": "train", "epoch": 59}
{"loss": 0.3181091248989105, "acc": 0.8609375357627869, "length": 4.0, "mode": "test", "epoch": 59}
{"loss": 0.3143759071826935, "acc": 0.8612828254699707, "length": 3.999976396560669, "mode": "train", "epoch": 60}
{"loss": 0.3179788887500763, "acc": 0.8602538704872131, "length": 4.0, "mode": "test", "epoch": 60}
test accuracy: 0.8127498626708984
