# ["--attributes=3", "--values=4", "--game_size=10", "--vocab_size_factor=3", "--n_epochs=60", "--batch_size=128", "--learning_rate=0.0005", "--hidden_size=256", "--temp_update=0.99", "--temperature=1"]
Creating train_ds and val_ds...

Creating test_ds...
{"loss": 0.6964917182922363, "acc": 0.502170205116272, "length": 3.561173677444458, "mode": "train", "epoch": 1}
{"loss": 0.6927290558815002, "acc": 0.5121093392372131, "length": 1.0, "mode": "test", "epoch": 1}
{"loss": 0.6921375393867493, "acc": 0.5216297507286072, "length": 2.7837774753570557, "mode": "train", "epoch": 2}
{"loss": 0.6918303966522217, "acc": 0.5188369750976562, "length": 1.01953125, "mode": "test", "epoch": 2}
{"loss": 0.6809437870979309, "acc": 0.578975260257721, "length": 2.2974889278411865, "mode": "train", "epoch": 3}
{"loss": 0.6711963415145874, "acc": 0.5980514287948608, "length": 2.421875, "mode": "test", "epoch": 3}
{"loss": 0.6484462022781372, "acc": 0.6366720199584961, "length": 2.8635504245758057, "mode": "train", "epoch": 4}
{"loss": 0.6360365748405457, "acc": 0.61892169713974, "length": 2.984375, "mode": "test", "epoch": 4}
{"loss": 0.6115251183509827, "acc": 0.6548304557800293, "length": 3.0488853454589844, "mode": "train", "epoch": 5}
{"loss": 0.6218790411949158, "acc": 0.6351944208145142, "length": 3.314453125, "mode": "test", "epoch": 5}
{"loss": 0.5851670503616333, "acc": 0.6903437376022339, "length": 3.5214684009552, "mode": "train", "epoch": 6}
{"loss": 0.6136074066162109, "acc": 0.6454375982284546, "length": 3.6875, "mode": "test", "epoch": 6}
{"loss": 0.5536181926727295, "acc": 0.7228562235832214, "length": 3.653606414794922, "mode": "train", "epoch": 7}
{"loss": 0.5752763748168945, "acc": 0.6899764537811279, "length": 3.732421875, "mode": "test", "epoch": 7}
{"loss": 0.5137277245521545, "acc": 0.7510210275650024, "length": 3.7650082111358643, "mode": "train", "epoch": 8}
{"loss": 0.5324265956878662, "acc": 0.7440589666366577, "length": 3.830078125, "mode": "test", "epoch": 8}
{"loss": 0.4860164523124695, "acc": 0.7802853584289551, "length": 3.802825450897217, "mode": "train", "epoch": 9}
{"loss": 0.5157750844955444, "acc": 0.7310813665390015, "length": 3.828125, "mode": "test", "epoch": 9}
{"loss": 0.4620528519153595, "acc": 0.7967486381530762, "length": 3.8192598819732666, "mode": "train", "epoch": 10}
{"loss": 0.4882226586341858, "acc": 0.7642402052879333, "length": 3.80859375, "mode": "test", "epoch": 10}
{"loss": 0.4423580765724182, "acc": 0.8042181134223938, "length": 3.827894926071167, "mode": "train", "epoch": 11}
{"loss": 0.4659378230571747, "acc": 0.7945395708084106, "length": 3.822265625, "mode": "test", "epoch": 11}
{"loss": 0.42450329661369324, "acc": 0.8102805018424988, "length": 3.8367879390716553, "mode": "train", "epoch": 12}
{"loss": 0.44732213020324707, "acc": 0.796521782875061, "length": 3.833984375, "mode": "test", "epoch": 12}
{"loss": 0.40715593099594116, "acc": 0.8215235471725464, "length": 3.8599026203155518, "mode": "train", "epoch": 13}
{"loss": 0.4248182773590088, "acc": 0.821675181388855, "length": 3.828125, "mode": "test", "epoch": 13}
{"loss": 0.3841903805732727, "acc": 0.8369975686073303, "length": 3.8382608890533447, "mode": "train", "epoch": 14}
{"loss": 0.3967990279197693, "acc": 0.8330023288726807, "length": 3.845703125, "mode": "test", "epoch": 14}
{"loss": 0.36820271611213684, "acc": 0.8423557877540588, "length": 3.855680465698242, "mode": "train", "epoch": 15}
{"loss": 0.394677996635437, "acc": 0.8285011053085327, "length": 3.8515625, "mode": "test", "epoch": 15}
{"loss": 0.357759028673172, "acc": 0.8479357361793518, "length": 3.8507683277130127, "mode": "train", "epoch": 16}
{"loss": 0.37795490026474, "acc": 0.8407415747642517, "length": 3.8671875, "mode": "test", "epoch": 16}
{"loss": 0.34445807337760925, "acc": 0.8543992638587952, "length": 3.8625433444976807, "mode": "train", "epoch": 17}
{"loss": 0.37164822220802307, "acc": 0.8417502641677856, "length": 3.849609375, "mode": "test", "epoch": 17}
{"loss": 0.33650991320610046, "acc": 0.8590116500854492, "length": 3.8656599521636963, "mode": "train", "epoch": 18}
{"loss": 0.3544061779975891, "acc": 0.851377010345459, "length": 3.873046875, "mode": "test", "epoch": 18}
{"loss": 0.3279137909412384, "acc": 0.8643764853477478, "length": 3.869429111480713, "mode": "train", "epoch": 19}
{"loss": 0.35289058089256287, "acc": 0.850041925907135, "length": 3.857421875, "mode": "test", "epoch": 19}
{"loss": 0.3195190131664276, "acc": 0.8676282167434692, "length": 3.868912935256958, "mode": "train", "epoch": 20}
{"loss": 0.3441007733345032, "acc": 0.8607276678085327, "length": 3.875, "mode": "test", "epoch": 20}
{"loss": 0.311322957277298, "acc": 0.870552122592926, "length": 3.883514404296875, "mode": "train", "epoch": 21}
{"loss": 0.33946341276168823, "acc": 0.8601760268211365, "length": 3.873046875, "mode": "test", "epoch": 21}
{"loss": 0.30368635058403015, "acc": 0.8751058578491211, "length": 3.8701632022857666, "mode": "train", "epoch": 22}
{"loss": 0.32522663474082947, "acc": 0.8636741042137146, "length": 3.873046875, "mode": "test", "epoch": 22}
{"loss": 0.29615241289138794, "acc": 0.8773857355117798, "length": 3.8800952434539795, "mode": "train", "epoch": 23}
{"loss": 0.32518893480300903, "acc": 0.8664839863777161, "length": 3.892578125, "mode": "test", "epoch": 23}
{"loss": 0.2922298014163971, "acc": 0.878208339214325, "length": 3.885551929473877, "mode": "train", "epoch": 24}
{"loss": 0.3230037987232208, "acc": 0.8646774291992188, "length": 3.888671875, "mode": "test", "epoch": 24}
{"loss": 0.2904438376426697, "acc": 0.8790976405143738, "length": 3.8769097328186035, "mode": "train", "epoch": 25}
{"loss": 0.31885743141174316, "acc": 0.8666901588439941, "length": 3.88671875, "mode": "test", "epoch": 25}
{"loss": 0.2840617895126343, "acc": 0.882980227470398, "length": 3.8909380435943604, "mode": "train", "epoch": 26}
{"loss": 0.3183439075946808, "acc": 0.8669456839561462, "length": 3.875, "mode": "test", "epoch": 26}
{"loss": 0.2800602316856384, "acc": 0.8842624425888062, "length": 3.8812365531921387, "mode": "train", "epoch": 27}
{"loss": 0.3048110604286194, "acc": 0.870448112487793, "length": 3.8828125, "mode": "test", "epoch": 27}
{"loss": 0.2701191306114197, "acc": 0.8900836706161499, "length": 3.902139663696289, "mode": "train", "epoch": 28}
{"loss": 0.3102843165397644, "acc": 0.8719697594642639, "length": 3.921875, "mode": "test", "epoch": 28}
{"loss": 0.2673494815826416, "acc": 0.8922093510627747, "length": 3.8897132873535156, "mode": "train", "epoch": 29}
{"loss": 0.29567185044288635, "acc": 0.8769203424453735, "length": 3.880859375, "mode": "test", "epoch": 29}
{"loss": 0.26702195405960083, "acc": 0.8900818824768066, "length": 3.885676145553589, "mode": "train", "epoch": 30}
{"loss": 0.29196247458457947, "acc": 0.8822959661483765, "length": 3.876953125, "mode": "test", "epoch": 30}
{"loss": 0.25922051072120667, "acc": 0.8960670828819275, "length": 3.9034409523010254, "mode": "train", "epoch": 31}
{"loss": 0.29424554109573364, "acc": 0.8830764293670654, "length": 3.93359375, "mode": "test", "epoch": 31}
{"loss": 0.2577303349971771, "acc": 0.8961127996444702, "length": 3.932271957397461, "mode": "train", "epoch": 32}
{"loss": 0.2874997854232788, "acc": 0.8875839710235596, "length": 3.9375, "mode": "test", "epoch": 32}
{"loss": 0.2519473433494568, "acc": 0.8995916247367859, "length": 3.931091547012329, "mode": "train", "epoch": 33}
{"loss": 0.2844298779964447, "acc": 0.8862684965133667, "length": 3.94921875, "mode": "test", "epoch": 33}
{"loss": 0.25110048055648804, "acc": 0.9001684784889221, "length": 3.9425277709960938, "mode": "train", "epoch": 34}
{"loss": 0.27877533435821533, "acc": 0.889657735824585, "length": 3.958984375, "mode": "test", "epoch": 34}
{"loss": 0.2511434853076935, "acc": 0.8984304070472717, "length": 3.945197343826294, "mode": "train", "epoch": 35}
{"loss": 0.2826678454875946, "acc": 0.8863332867622375, "length": 3.955078125, "mode": "test", "epoch": 35}
{"loss": 0.24952125549316406, "acc": 0.9006446003913879, "length": 3.936288833618164, "mode": "train", "epoch": 36}
{"loss": 0.2890181541442871, "acc": 0.8880127668380737, "length": 3.935546875, "mode": "test", "epoch": 36}
{"loss": 0.24656881392002106, "acc": 0.9032576680183411, "length": 3.9363152980804443, "mode": "train", "epoch": 37}
{"loss": 0.2792161703109741, "acc": 0.89043128490448, "length": 3.95703125, "mode": "test", "epoch": 37}
{"loss": 0.2400243580341339, "acc": 0.9046235084533691, "length": 3.961116313934326, "mode": "train", "epoch": 38}
{"loss": 0.2673213481903076, "acc": 0.8932555317878723, "length": 3.982421875, "mode": "test", "epoch": 38}
{"loss": 0.23848731815814972, "acc": 0.9065591096878052, "length": 3.9678759574890137, "mode": "train", "epoch": 39}
{"loss": 0.26748040318489075, "acc": 0.895200252532959, "length": 3.9765625, "mode": "test", "epoch": 39}
{"loss": 0.2336609661579132, "acc": 0.9071308374404907, "length": 3.983461380004883, "mode": "train", "epoch": 40}
{"loss": 0.2665278911590576, "acc": 0.8948649168014526, "length": 3.9921875, "mode": "test", "epoch": 40}
{"loss": 0.23379626870155334, "acc": 0.908989429473877, "length": 3.978006362915039, "mode": "train", "epoch": 41}
{"loss": 0.26827144622802734, "acc": 0.8947181105613708, "length": 3.97265625, "mode": "test", "epoch": 41}
{"loss": 0.22980420291423798, "acc": 0.9123071432113647, "length": 3.969980001449585, "mode": "train", "epoch": 42}
{"loss": 0.27353769540786743, "acc": 0.8931794166564941, "length": 3.98828125, "mode": "test", "epoch": 42}
{"loss": 0.22711262106895447, "acc": 0.9115957617759705, "length": 3.9789602756500244, "mode": "train", "epoch": 43}
{"loss": 0.2690788507461548, "acc": 0.8935487270355225, "length": 3.97265625, "mode": "test", "epoch": 43}
{"loss": 0.22507135570049286, "acc": 0.913146436214447, "length": 3.969996213912964, "mode": "train", "epoch": 44}
{"loss": 0.24976690113544464, "acc": 0.9024869799613953, "length": 3.99609375, "mode": "test", "epoch": 44}
{"loss": 0.21977922320365906, "acc": 0.9170159697532654, "length": 3.9948363304138184, "mode": "train", "epoch": 45}
{"loss": 0.2601641118526459, "acc": 0.8970494866371155, "length": 3.99609375, "mode": "test", "epoch": 45}
{"loss": 0.2196856439113617, "acc": 0.9157513380050659, "length": 3.9908196926116943, "mode": "train", "epoch": 46}
{"loss": 0.2674110233783722, "acc": 0.8981668949127197, "length": 3.994140625, "mode": "test", "epoch": 46}
{"loss": 0.21925409138202667, "acc": 0.9177088737487793, "length": 3.989999294281006, "mode": "train", "epoch": 47}
{"loss": 0.255614697933197, "acc": 0.9016677737236023, "length": 3.984375, "mode": "test", "epoch": 47}
{"loss": 0.21850727498531342, "acc": 0.9173887372016907, "length": 3.984621047973633, "mode": "train", "epoch": 48}
{"loss": 0.24321578443050385, "acc": 0.9083121418952942, "length": 3.982421875, "mode": "test", "epoch": 48}
{"loss": 0.21301008760929108, "acc": 0.9207502603530884, "length": 3.989744186401367, "mode": "train", "epoch": 49}
{"loss": 0.25434762239456177, "acc": 0.9042840003967285, "length": 3.9921875, "mode": "test", "epoch": 49}
{"loss": 0.2072286605834961, "acc": 0.921264111995697, "length": 3.9916460514068604, "mode": "train", "epoch": 50}
{"loss": 0.2617388069629669, "acc": 0.9023391008377075, "length": 3.9921875, "mode": "test", "epoch": 50}
{"loss": 0.20613785088062286, "acc": 0.9230484366416931, "length": 3.99336838722229, "mode": "train", "epoch": 51}
{"loss": 0.2548642158508301, "acc": 0.9003897905349731, "length": 3.9921875, "mode": "test", "epoch": 51}
{"loss": 0.21387110650539398, "acc": 0.9185857176780701, "length": 3.9947102069854736, "mode": "train", "epoch": 52}
{"loss": 0.26241397857666016, "acc": 0.9020849466323853, "length": 3.99609375, "mode": "test", "epoch": 52}
{"loss": 0.21017347276210785, "acc": 0.9204472303390503, "length": 3.9934654235839844, "mode": "train", "epoch": 53}
{"loss": 0.2582632005214691, "acc": 0.9061164259910583, "length": 3.99609375, "mode": "test", "epoch": 53}
{"loss": 0.20568372309207916, "acc": 0.9235250353813171, "length": 3.9934139251708984, "mode": "train", "epoch": 54}
{"loss": 0.24451258778572083, "acc": 0.9044920206069946, "length": 4.0, "mode": "test", "epoch": 54}
{"loss": 0.2034914791584015, "acc": 0.9236662983894348, "length": 3.996809720993042, "mode": "train", "epoch": 55}
{"loss": 0.23822128772735596, "acc": 0.9071136713027954, "length": 3.998046875, "mode": "test", "epoch": 55}
{"loss": 0.19709685444831848, "acc": 0.9274054169654846, "length": 3.995992422103882, "mode": "train", "epoch": 56}
{"loss": 0.23879817128181458, "acc": 0.9092499613761902, "length": 3.998046875, "mode": "test", "epoch": 56}
{"loss": 0.1967182457447052, "acc": 0.9264665842056274, "length": 3.994884490966797, "mode": "train", "epoch": 57}
{"loss": 0.25439101457595825, "acc": 0.9045141935348511, "length": 3.99609375, "mode": "test", "epoch": 57}
{"loss": 0.19194099307060242, "acc": 0.9287336468696594, "length": 3.9947431087493896, "mode": "train", "epoch": 58}
{"loss": 0.23869401216506958, "acc": 0.9106694459915161, "length": 3.99609375, "mode": "test", "epoch": 58}
{"loss": 0.18910488486289978, "acc": 0.9297614097595215, "length": 3.992509126663208, "mode": "train", "epoch": 59}
{"loss": 0.24232202768325806, "acc": 0.9085059762001038, "length": 3.99609375, "mode": "test", "epoch": 59}
{"loss": 0.19244150817394257, "acc": 0.9276770949363708, "length": 3.997551679611206, "mode": "train", "epoch": 60}
{"loss": 0.2439824491739273, "acc": 0.9103392958641052, "length": 3.98828125, "mode": "test", "epoch": 60}
test accuracy: 0.8424889445304871
