# ["--attributes=3", "--values=4", "--game_size=10", "--vocab_size_factor=3", "--n_epochs=60", "--batch_size=128", "--learning_rate=0.001", "--hidden_size=128", "--temp_update=0.99", "--temperature=1.5"]
Creating train_ds and val_ds...

Creating test_ds...
{"loss": 0.6946123838424683, "acc": 0.5074146389961243, "length": 3.5540342330932617, "mode": "train", "epoch": 1}
{"loss": 0.6925932765007019, "acc": 0.5126953125, "length": 1.0, "mode": "test", "epoch": 1}
{"loss": 0.690726637840271, "acc": 0.5363593697547913, "length": 3.414499044418335, "mode": "train", "epoch": 2}
{"loss": 0.6860383749008179, "acc": 0.5486449599266052, "length": 3.40234375, "mode": "test", "epoch": 2}
{"loss": 0.6751413345336914, "acc": 0.5821811556816101, "length": 3.745267629623413, "mode": "train", "epoch": 3}
{"loss": 0.65372234582901, "acc": 0.629135251045227, "length": 3.990234375, "mode": "test", "epoch": 3}
{"loss": 0.6258105039596558, "acc": 0.6470898985862732, "length": 3.9289357662200928, "mode": "train", "epoch": 4}
{"loss": 0.6310667395591736, "acc": 0.6405272483825684, "length": 4.0, "mode": "test", "epoch": 4}
{"loss": 0.5992135405540466, "acc": 0.6616211533546448, "length": 3.935563087463379, "mode": "train", "epoch": 5}
{"loss": 0.6024686098098755, "acc": 0.6654298305511475, "length": 4.0, "mode": "test", "epoch": 5}
{"loss": 0.5833743214607239, "acc": 0.708681583404541, "length": 3.955686330795288, "mode": "train", "epoch": 6}
{"loss": 0.566858172416687, "acc": 0.7146483659744263, "length": 4.0, "mode": "test", "epoch": 6}
{"loss": 0.5541079044342041, "acc": 0.7164871096611023, "length": 3.9758028984069824, "mode": "train", "epoch": 7}
{"loss": 0.5566501021385193, "acc": 0.7287108898162842, "length": 4.0, "mode": "test", "epoch": 7}
{"loss": 0.543140172958374, "acc": 0.7307888269424438, "length": 3.9842076301574707, "mode": "train", "epoch": 8}
{"loss": 0.5361166000366211, "acc": 0.7338867783546448, "length": 4.0, "mode": "test", "epoch": 8}
{"loss": 0.5245347619056702, "acc": 0.7494381666183472, "length": 3.9858791828155518, "mode": "train", "epoch": 9}
{"loss": 0.5299263596534729, "acc": 0.7543945908546448, "length": 4.0, "mode": "test", "epoch": 9}
{"loss": 0.5081036686897278, "acc": 0.7779684066772461, "length": 3.984818935394287, "mode": "train", "epoch": 10}
{"loss": 0.5198929309844971, "acc": 0.7456054091453552, "length": 4.0, "mode": "test", "epoch": 10}
{"loss": 0.4819774031639099, "acc": 0.7849306464195251, "length": 3.9921388626098633, "mode": "train", "epoch": 11}
{"loss": 0.4914998710155487, "acc": 0.7747069001197815, "length": 4.0, "mode": "test", "epoch": 11}
{"loss": 0.47075095772743225, "acc": 0.7907143235206604, "length": 3.995199680328369, "mode": "train", "epoch": 12}
{"loss": 0.48968079686164856, "acc": 0.7645509243011475, "length": 4.0, "mode": "test", "epoch": 12}
{"loss": 0.46233290433883667, "acc": 0.7971909046173096, "length": 3.996767520904541, "mode": "train", "epoch": 13}
{"loss": 0.4817129075527191, "acc": 0.7671873569488525, "length": 4.0, "mode": "test", "epoch": 13}
{"loss": 0.44871270656585693, "acc": 0.8043185472488403, "length": 3.9978859424591064, "mode": "train", "epoch": 14}
{"loss": 0.4730725884437561, "acc": 0.7725586295127869, "length": 4.0, "mode": "test", "epoch": 14}
{"loss": 0.43404191732406616, "acc": 0.8115792274475098, "length": 3.998366355895996, "mode": "train", "epoch": 15}
{"loss": 0.4866926074028015, "acc": 0.7672851085662842, "length": 4.0, "mode": "test", "epoch": 15}
{"loss": 0.42460715770721436, "acc": 0.814171552658081, "length": 3.998201370239258, "mode": "train", "epoch": 16}
{"loss": 0.4380638599395752, "acc": 0.8054686784744263, "length": 4.0, "mode": "test", "epoch": 16}
{"loss": 0.42139846086502075, "acc": 0.8171179294586182, "length": 3.9986279010772705, "mode": "train", "epoch": 17}
{"loss": 0.43428391218185425, "acc": 0.8168944716453552, "length": 4.0, "mode": "test", "epoch": 17}
{"loss": 0.408660352230072, "acc": 0.8282982707023621, "length": 3.998994827270508, "mode": "train", "epoch": 18}
{"loss": 0.41029930114746094, "acc": 0.8194336891174316, "length": 4.0, "mode": "test", "epoch": 18}
{"loss": 0.39602088928222656, "acc": 0.829327404499054, "length": 3.9991042613983154, "mode": "train", "epoch": 19}
{"loss": 0.4182308614253998, "acc": 0.8249998688697815, "length": 4.0, "mode": "test", "epoch": 19}
{"loss": 0.3888283967971802, "acc": 0.8273584246635437, "length": 3.9992828369140625, "mode": "train", "epoch": 20}
{"loss": 0.4175271987915039, "acc": 0.8194335699081421, "length": 4.0, "mode": "test", "epoch": 20}
{"loss": 0.37269294261932373, "acc": 0.8336341977119446, "length": 3.9989991188049316, "mode": "train", "epoch": 21}
{"loss": 0.39230477809906006, "acc": 0.8297852277755737, "length": 4.0, "mode": "test", "epoch": 21}
{"loss": 0.36252689361572266, "acc": 0.8467610478401184, "length": 3.9995176792144775, "mode": "train", "epoch": 22}
{"loss": 0.3769015073776245, "acc": 0.8396483659744263, "length": 4.0, "mode": "test", "epoch": 22}
{"loss": 0.3505915701389313, "acc": 0.8522337079048157, "length": 3.999413013458252, "mode": "train", "epoch": 23}
{"loss": 0.3542712330818176, "acc": 0.8471679091453552, "length": 4.0, "mode": "test", "epoch": 23}
{"loss": 0.33214226365089417, "acc": 0.8546259999275208, "length": 3.9987952709198, "mode": "train", "epoch": 24}
{"loss": 0.34751826524734497, "acc": 0.8555665612220764, "length": 4.0, "mode": "test", "epoch": 24}
{"loss": 0.34080249071121216, "acc": 0.8566561937332153, "length": 3.999568462371826, "mode": "train", "epoch": 25}
{"loss": 0.3445885479450226, "acc": 0.8582030534744263, "length": 4.0, "mode": "test", "epoch": 25}
{"loss": 0.33737361431121826, "acc": 0.8609655499458313, "length": 3.999603271484375, "mode": "train", "epoch": 26}
{"loss": 0.3501684069633484, "acc": 0.8582033514976501, "length": 4.0, "mode": "test", "epoch": 26}
{"loss": 0.3230903744697571, "acc": 0.8651903867721558, "length": 3.99967098236084, "mode": "train", "epoch": 27}
{"loss": 0.32875126600265503, "acc": 0.8631836175918579, "length": 4.0, "mode": "test", "epoch": 27}
{"loss": 0.30917075276374817, "acc": 0.863937258720398, "length": 3.9994583129882812, "mode": "train", "epoch": 28}
{"loss": 0.32173410058021545, "acc": 0.8714842796325684, "length": 4.0, "mode": "test", "epoch": 28}
{"loss": 0.3152899444103241, "acc": 0.8674726486206055, "length": 3.999736785888672, "mode": "train", "epoch": 29}
{"loss": 0.3242136836051941, "acc": 0.8664060831069946, "length": 4.0, "mode": "test", "epoch": 29}
{"loss": 0.3114939033985138, "acc": 0.8701942563056946, "length": 3.999656915664673, "mode": "train", "epoch": 30}
{"loss": 0.31686675548553467, "acc": 0.8673828840255737, "length": 4.0, "mode": "test", "epoch": 30}
{"loss": 0.3045674264431, "acc": 0.8695522546768188, "length": 3.9995079040527344, "mode": "train", "epoch": 31}
{"loss": 0.31268197298049927, "acc": 0.8695312142372131, "length": 4.0, "mode": "test", "epoch": 31}
{"loss": 0.3111456334590912, "acc": 0.8709976673126221, "length": 3.9994733333587646, "mode": "train", "epoch": 32}
{"loss": 0.317381888628006, "acc": 0.8696288466453552, "length": 4.0, "mode": "test", "epoch": 32}
{"loss": 0.3026949465274811, "acc": 0.8736337423324585, "length": 3.999429225921631, "mode": "train", "epoch": 33}
{"loss": 0.30296626687049866, "acc": 0.8786133527755737, "length": 4.0, "mode": "test", "epoch": 33}
{"loss": 0.2961166203022003, "acc": 0.8781094551086426, "length": 3.99936580657959, "mode": "train", "epoch": 34}
{"loss": 0.29330989718437195, "acc": 0.8829101920127869, "length": 4.0, "mode": "test", "epoch": 34}
{"loss": 0.2903187870979309, "acc": 0.8752545118331909, "length": 3.999704599380493, "mode": "train", "epoch": 35}
{"loss": 0.30489176511764526, "acc": 0.8762694597244263, "length": 4.0, "mode": "test", "epoch": 35}
{"loss": 0.2942374646663666, "acc": 0.8777819871902466, "length": 3.9995357990264893, "mode": "train", "epoch": 36}
{"loss": 0.28699254989624023, "acc": 0.8875976204872131, "length": 4.0, "mode": "test", "epoch": 36}
{"loss": 0.29508671164512634, "acc": 0.8814222812652588, "length": 3.999687433242798, "mode": "train", "epoch": 37}
{"loss": 0.2836797535419464, "acc": 0.8849607706069946, "length": 4.0, "mode": "test", "epoch": 37}
{"loss": 0.28961268067359924, "acc": 0.8827841877937317, "length": 3.999633550643921, "mode": "train", "epoch": 38}
{"loss": 0.2943592667579651, "acc": 0.8850584626197815, "length": 4.0, "mode": "test", "epoch": 38}
{"loss": 0.27789124846458435, "acc": 0.8845057487487793, "length": 3.9996442794799805, "mode": "train", "epoch": 39}
{"loss": 0.2932719588279724, "acc": 0.8872069716453552, "length": 4.0, "mode": "test", "epoch": 39}
{"loss": 0.2781235873699188, "acc": 0.8845338821411133, "length": 3.999675989151001, "mode": "train", "epoch": 40}
{"loss": 0.29187992215156555, "acc": 0.886816143989563, "length": 4.0, "mode": "test", "epoch": 40}
{"loss": 0.27188920974731445, "acc": 0.887860894203186, "length": 3.9990789890289307, "mode": "train", "epoch": 41}
{"loss": 0.2827187776565552, "acc": 0.8934568762779236, "length": 4.0, "mode": "test", "epoch": 41}
{"loss": 0.27037662267684937, "acc": 0.8861789107322693, "length": 3.999709129333496, "mode": "train", "epoch": 42}
{"loss": 0.28051528334617615, "acc": 0.8879881501197815, "length": 4.0, "mode": "test", "epoch": 42}
{"loss": 0.26769983768463135, "acc": 0.8869873881340027, "length": 3.999854564666748, "mode": "train", "epoch": 43}
{"loss": 0.2859247922897339, "acc": 0.8827147483825684, "length": 4.0, "mode": "test", "epoch": 43}
{"loss": 0.2710566818714142, "acc": 0.888903796672821, "length": 3.9998066425323486, "mode": "train", "epoch": 44}
{"loss": 0.2700900733470917, "acc": 0.8983398079872131, "length": 4.0, "mode": "test", "epoch": 44}
{"loss": 0.26819610595703125, "acc": 0.8910441994667053, "length": 3.999814033508301, "mode": "train", "epoch": 45}
{"loss": 0.2636236250400543, "acc": 0.8978515267372131, "length": 4.0, "mode": "test", "epoch": 45}
{"loss": 0.2627536356449127, "acc": 0.8935334086418152, "length": 3.9996085166931152, "mode": "train", "epoch": 46}
{"loss": 0.2664424180984497, "acc": 0.8962889909744263, "length": 4.0, "mode": "test", "epoch": 46}
{"loss": 0.2523821294307709, "acc": 0.8923466801643372, "length": 3.9998021125793457, "mode": "train", "epoch": 47}
{"loss": 0.27205711603164673, "acc": 0.8958007097244263, "length": 4.0, "mode": "test", "epoch": 47}
{"loss": 0.25191453099250793, "acc": 0.8962160348892212, "length": 3.9999191761016846, "mode": "train", "epoch": 48}
{"loss": 0.26228436827659607, "acc": 0.9007811546325684, "length": 4.0, "mode": "test", "epoch": 48}
{"loss": 0.2556178867816925, "acc": 0.8987718820571899, "length": 3.9998879432678223, "mode": "train", "epoch": 49}
{"loss": 0.2572189271450043, "acc": 0.9033203721046448, "length": 4.0, "mode": "test", "epoch": 49}
{"loss": 0.2565697431564331, "acc": 0.8973850011825562, "length": 3.9999282360076904, "mode": "train", "epoch": 50}
{"loss": 0.25539448857307434, "acc": 0.9016600847244263, "length": 4.0, "mode": "test", "epoch": 50}
{"loss": 0.2472122758626938, "acc": 0.8986055850982666, "length": 3.999891996383667, "mode": "train", "epoch": 51}
{"loss": 0.2502812147140503, "acc": 0.9083008766174316, "length": 4.0, "mode": "test", "epoch": 51}
{"loss": 0.25197702646255493, "acc": 0.902582049369812, "length": 3.9999234676361084, "mode": "train", "epoch": 52}
{"loss": 0.25259771943092346, "acc": 0.9077147841453552, "length": 4.0, "mode": "test", "epoch": 52}
{"loss": 0.23123176395893097, "acc": 0.9038330912590027, "length": 3.999940872192383, "mode": "train", "epoch": 53}
{"loss": 0.2522660195827484, "acc": 0.9018553495407104, "length": 4.0, "mode": "test", "epoch": 53}
{"loss": 0.23564210534095764, "acc": 0.9014971256256104, "length": 3.9999051094055176, "mode": "train", "epoch": 54}
{"loss": 0.26212120056152344, "acc": 0.9000977277755737, "length": 4.0, "mode": "test", "epoch": 54}
{"loss": 0.23470015823841095, "acc": 0.9022492170333862, "length": 3.9999465942382812, "mode": "train", "epoch": 55}
{"loss": 0.24476858973503113, "acc": 0.9060544967651367, "length": 4.0, "mode": "test", "epoch": 55}
{"loss": 0.24499990046024323, "acc": 0.905691921710968, "length": 3.999880313873291, "mode": "train", "epoch": 56}
{"loss": 0.2514644265174866, "acc": 0.9050780534744263, "length": 4.0, "mode": "test", "epoch": 56}
{"loss": 0.22837530076503754, "acc": 0.9072974920272827, "length": 3.9996933937072754, "mode": "train", "epoch": 57}
{"loss": 0.24413242936134338, "acc": 0.9127930998802185, "length": 4.0, "mode": "test", "epoch": 57}
{"loss": 0.22689706087112427, "acc": 0.9111132025718689, "length": 3.9999141693115234, "mode": "train", "epoch": 58}
{"loss": 0.2428273856639862, "acc": 0.906152606010437, "length": 4.0, "mode": "test", "epoch": 58}
{"loss": 0.2348036766052246, "acc": 0.9098063707351685, "length": 3.999929666519165, "mode": "train", "epoch": 59}
{"loss": 0.240447998046875, "acc": 0.9111326932907104, "length": 4.0, "mode": "test", "epoch": 59}
{"loss": 0.2526959776878357, "acc": 0.891185462474823, "length": 3.9999005794525146, "mode": "train", "epoch": 60}
{"loss": 0.2609504759311676, "acc": 0.8893553018569946, "length": 4.0, "mode": "test", "epoch": 60}
test accuracy: 0.8616666793823242
