# ["--attributes=3", "--values=16", "--game_size=10", "--vocab_size_factor=3", "--n_epochs=60", "--batch_size=32", "--learning_rate=0.0005", "--hidden_size=128", "--temp_update=0.99", "--temperature=1"]
Creating train_ds and val_ds...

Creating test_ds...
{"loss": 0.47589901089668274, "acc": 0.7707718014717102, "length": 3.9956727027893066, "mode": "train", "epoch": 1}
{"loss": 0.34871289134025574, "acc": 0.8602678179740906, "length": 4.0, "mode": "test", "epoch": 1}
{"loss": 0.3286530077457428, "acc": 0.8683322072029114, "length": 3.999973773956299, "mode": "train", "epoch": 2}
{"loss": 0.3148733377456665, "acc": 0.8758478164672852, "length": 4.0, "mode": "test", "epoch": 2}
{"loss": 0.30690446496009827, "acc": 0.8797507286071777, "length": 3.9999916553497314, "mode": "train", "epoch": 3}
{"loss": 0.2947068214416504, "acc": 0.8861967325210571, "length": 4.0, "mode": "test", "epoch": 3}
{"loss": 0.29252636432647705, "acc": 0.8857951164245605, "length": 3.9999969005584717, "mode": "train", "epoch": 4}
{"loss": 0.28873759508132935, "acc": 0.8871004581451416, "length": 4.0, "mode": "test", "epoch": 4}
{"loss": 0.2839003801345825, "acc": 0.8888717889785767, "length": 3.9999992847442627, "mode": "train", "epoch": 5}
{"loss": 0.28479641675949097, "acc": 0.890331506729126, "length": 4.0, "mode": "test", "epoch": 5}
{"loss": 0.2830877900123596, "acc": 0.8897927403450012, "length": 3.9999947547912598, "mode": "train", "epoch": 6}
{"loss": 0.2761506736278534, "acc": 0.8945727348327637, "length": 4.0, "mode": "test", "epoch": 6}
{"loss": 0.2692866027355194, "acc": 0.8975035548210144, "length": 4.0, "mode": "train", "epoch": 7}
{"loss": 0.26204124093055725, "acc": 0.9005994200706482, "length": 4.0, "mode": "test", "epoch": 7}
{"loss": 0.26305973529815674, "acc": 0.8998668193817139, "length": 4.0, "mode": "train", "epoch": 8}
{"loss": 0.2677253484725952, "acc": 0.8983240127563477, "length": 4.0, "mode": "test", "epoch": 8}
{"loss": 0.2588607966899872, "acc": 0.9012207388877869, "length": 3.999995231628418, "mode": "train", "epoch": 9}
{"loss": 0.26098135113716125, "acc": 0.9017424583435059, "length": 4.0, "mode": "test", "epoch": 9}
{"loss": 0.2543182075023651, "acc": 0.9024215340614319, "length": 4.0, "mode": "train", "epoch": 10}
{"loss": 0.26915520429611206, "acc": 0.898696780204773, "length": 4.0, "mode": "test", "epoch": 10}
{"loss": 0.2540104389190674, "acc": 0.9030141830444336, "length": 4.0, "mode": "train", "epoch": 11}
{"loss": 0.2594917118549347, "acc": 0.901780366897583, "length": 4.0, "mode": "test", "epoch": 11}
{"loss": 0.2536275088787079, "acc": 0.9025677442550659, "length": 4.0, "mode": "train", "epoch": 12}
{"loss": 0.25228989124298096, "acc": 0.9036145806312561, "length": 4.0, "mode": "test", "epoch": 12}
{"loss": 0.2554517090320587, "acc": 0.901748776435852, "length": 4.0, "mode": "train", "epoch": 13}
{"loss": 0.2550642192363739, "acc": 0.903281569480896, "length": 4.0, "mode": "test", "epoch": 13}
{"loss": 0.25823333859443665, "acc": 0.9001367688179016, "length": 4.0, "mode": "train", "epoch": 14}
{"loss": 0.2613884210586548, "acc": 0.8988983035087585, "length": 4.0, "mode": "test", "epoch": 14}
{"loss": 0.24879954755306244, "acc": 0.9051674604415894, "length": 4.0, "mode": "train", "epoch": 15}
{"loss": 0.2478729635477066, "acc": 0.9071248173713684, "length": 4.0, "mode": "test", "epoch": 15}
{"loss": 0.24247397482395172, "acc": 0.9080802798271179, "length": 4.0, "mode": "train", "epoch": 16}
{"loss": 0.24798019230365753, "acc": 0.9079691171646118, "length": 4.0, "mode": "test", "epoch": 16}
{"loss": 0.237791046500206, "acc": 0.910489022731781, "length": 4.0, "mode": "train", "epoch": 17}
{"loss": 0.23661872744560242, "acc": 0.91087806224823, "length": 4.0, "mode": "test", "epoch": 17}
{"loss": 0.23650319874286652, "acc": 0.9108784794807434, "length": 4.0, "mode": "train", "epoch": 18}
{"loss": 0.23937450349330902, "acc": 0.9108060598373413, "length": 4.0, "mode": "test", "epoch": 18}
{"loss": 0.23619577288627625, "acc": 0.9108670353889465, "length": 4.0, "mode": "train", "epoch": 19}
{"loss": 0.23565508425235748, "acc": 0.911146342754364, "length": 4.0, "mode": "test", "epoch": 19}
{"loss": 0.2355576753616333, "acc": 0.9110656380653381, "length": 4.0, "mode": "train", "epoch": 20}
{"loss": 0.23673562705516815, "acc": 0.9111913442611694, "length": 4.0, "mode": "test", "epoch": 20}
{"loss": 0.2363181710243225, "acc": 0.9106504917144775, "length": 4.0, "mode": "train", "epoch": 21}
{"loss": 0.23640111088752747, "acc": 0.9113948345184326, "length": 4.0, "mode": "test", "epoch": 21}
{"loss": 0.23575334250926971, "acc": 0.9110188484191895, "length": 4.0, "mode": "train", "epoch": 22}
{"loss": 0.2359214425086975, "acc": 0.9122318625450134, "length": 4.0, "mode": "test", "epoch": 22}
{"loss": 0.231373131275177, "acc": 0.9124053716659546, "length": 4.0, "mode": "train", "epoch": 23}
{"loss": 0.23331977427005768, "acc": 0.9127771854400635, "length": 4.0, "mode": "test", "epoch": 23}
{"loss": 0.23092268407344818, "acc": 0.9127689599990845, "length": 4.0, "mode": "train", "epoch": 24}
{"loss": 0.23219765722751617, "acc": 0.9131606817245483, "length": 4.0, "mode": "test", "epoch": 24}
{"loss": 0.23142141103744507, "acc": 0.9125714898109436, "length": 4.0, "mode": "train", "epoch": 25}
{"loss": 0.23537735641002655, "acc": 0.9122928977012634, "length": 4.0, "mode": "test", "epoch": 25}
{"loss": 0.23158949613571167, "acc": 0.9125469326972961, "length": 4.0, "mode": "train", "epoch": 26}
{"loss": 0.2332870066165924, "acc": 0.9127880930900574, "length": 4.0, "mode": "test", "epoch": 26}
{"loss": 0.22907356917858124, "acc": 0.9133646488189697, "length": 4.0, "mode": "train", "epoch": 27}
{"loss": 0.23132140934467316, "acc": 0.9134089946746826, "length": 4.0, "mode": "test", "epoch": 27}
{"loss": 0.23141027987003326, "acc": 0.9121953248977661, "length": 4.0, "mode": "train", "epoch": 28}
{"loss": 0.23647014796733856, "acc": 0.9123253226280212, "length": 4.0, "mode": "test", "epoch": 28}
{"loss": 0.23035284876823425, "acc": 0.912936270236969, "length": 4.0, "mode": "train", "epoch": 29}
{"loss": 0.23267845809459686, "acc": 0.9131731986999512, "length": 4.0, "mode": "test", "epoch": 29}
{"loss": 0.22995014488697052, "acc": 0.9129273295402527, "length": 4.0, "mode": "train", "epoch": 30}
{"loss": 0.23226352035999298, "acc": 0.9129067659378052, "length": 4.0, "mode": "test", "epoch": 30}
{"loss": 0.23485131561756134, "acc": 0.9106979370117188, "length": 4.0, "mode": "train", "epoch": 31}
{"loss": 0.234556183218956, "acc": 0.9122388958930969, "length": 4.0, "mode": "test", "epoch": 31}
{"loss": 0.23019468784332275, "acc": 0.9124899506568909, "length": 4.0, "mode": "train", "epoch": 32}
{"loss": 0.23344527184963226, "acc": 0.9127214550971985, "length": 4.0, "mode": "test", "epoch": 32}
{"loss": 0.23113317787647247, "acc": 0.9124323129653931, "length": 4.0, "mode": "train", "epoch": 33}
{"loss": 0.2354036122560501, "acc": 0.9116593599319458, "length": 4.0, "mode": "test", "epoch": 33}
{"loss": 0.22885540127754211, "acc": 0.9132896661758423, "length": 4.0, "mode": "train", "epoch": 34}
{"loss": 0.2318381369113922, "acc": 0.9130256772041321, "length": 4.0, "mode": "test", "epoch": 34}
{"loss": 0.22958704829216003, "acc": 0.9129382371902466, "length": 4.0, "mode": "train", "epoch": 35}
{"loss": 0.23777607083320618, "acc": 0.9096667170524597, "length": 4.0, "mode": "test", "epoch": 35}
{"loss": 0.22754353284835815, "acc": 0.9135494232177734, "length": 4.0, "mode": "train", "epoch": 36}
{"loss": 0.22914691269397736, "acc": 0.9138267040252686, "length": 4.0, "mode": "test", "epoch": 36}
{"loss": 0.2285091131925583, "acc": 0.9132795333862305, "length": 4.0, "mode": "train", "epoch": 37}
{"loss": 0.23129156231880188, "acc": 0.9130436778068542, "length": 4.0, "mode": "test", "epoch": 37}
{"loss": 0.2289804071187973, "acc": 0.912903904914856, "length": 4.0, "mode": "train", "epoch": 38}
{"loss": 0.23516620695590973, "acc": 0.9119383692741394, "length": 4.0, "mode": "test", "epoch": 38}
{"loss": 0.22840562462806702, "acc": 0.9130778908729553, "length": 4.0, "mode": "train", "epoch": 39}
{"loss": 0.23400819301605225, "acc": 0.9123398661613464, "length": 4.0, "mode": "test", "epoch": 39}
{"loss": 0.23206867277622223, "acc": 0.9118647575378418, "length": 4.0, "mode": "train", "epoch": 40}
{"loss": 0.23890066146850586, "acc": 0.9103487730026245, "length": 4.0, "mode": "test", "epoch": 40}
{"loss": 0.23072057962417603, "acc": 0.9121953845024109, "length": 4.0, "mode": "train", "epoch": 41}
{"loss": 0.23567721247673035, "acc": 0.9121561646461487, "length": 4.0, "mode": "test", "epoch": 41}
{"loss": 0.22872260212898254, "acc": 0.9130587577819824, "length": 4.0, "mode": "train", "epoch": 42}
{"loss": 0.22946254909038544, "acc": 0.9136322140693665, "length": 4.0, "mode": "test", "epoch": 42}
{"loss": 0.2292095273733139, "acc": 0.9125732183456421, "length": 4.0, "mode": "train", "epoch": 43}
{"loss": 0.2348979413509369, "acc": 0.9105775356292725, "length": 4.0, "mode": "test", "epoch": 43}
{"loss": 0.22653590142726898, "acc": 0.9135848879814148, "length": 4.0, "mode": "train", "epoch": 44}
{"loss": 0.22781507670879364, "acc": 0.9137204885482788, "length": 4.0, "mode": "test", "epoch": 44}
{"loss": 0.22763459384441376, "acc": 0.9133047461509705, "length": 4.0, "mode": "train", "epoch": 45}
{"loss": 0.23122873902320862, "acc": 0.9126332402229309, "length": 4.0, "mode": "test", "epoch": 45}
{"loss": 0.22722144424915314, "acc": 0.9141703844070435, "length": 4.0, "mode": "train", "epoch": 46}
{"loss": 0.23186485469341278, "acc": 0.9132416844367981, "length": 4.0, "mode": "test", "epoch": 46}
{"loss": 0.2252829223871231, "acc": 0.9151011109352112, "length": 4.0, "mode": "train", "epoch": 47}
{"loss": 0.22948195040225983, "acc": 0.914093017578125, "length": 4.0, "mode": "test", "epoch": 47}
{"loss": 0.2244800180196762, "acc": 0.9153800010681152, "length": 4.0, "mode": "train", "epoch": 48}
{"loss": 0.22645068168640137, "acc": 0.9153172373771667, "length": 4.0, "mode": "test", "epoch": 48}
{"loss": 0.22334729135036469, "acc": 0.9156326055526733, "length": 4.0, "mode": "train", "epoch": 49}
{"loss": 0.22545993328094482, "acc": 0.9154846668243408, "length": 4.0, "mode": "test", "epoch": 49}
{"loss": 0.2220359444618225, "acc": 0.9163902401924133, "length": 4.0, "mode": "train", "epoch": 50}
{"loss": 0.22531746327877045, "acc": 0.9159993529319763, "length": 4.0, "mode": "test", "epoch": 50}
{"loss": 0.22493678331375122, "acc": 0.9152052998542786, "length": 4.0, "mode": "train", "epoch": 51}
{"loss": 0.23006795346736908, "acc": 0.9146350622177124, "length": 4.0, "mode": "test", "epoch": 51}
{"loss": 0.2213817685842514, "acc": 0.9165936708450317, "length": 4.0, "mode": "train", "epoch": 52}
{"loss": 0.2257319688796997, "acc": 0.9162604212760925, "length": 4.0, "mode": "test", "epoch": 52}
{"loss": 0.22117866575717926, "acc": 0.9167154431343079, "length": 4.0, "mode": "train", "epoch": 53}
{"loss": 0.22783593833446503, "acc": 0.915648341178894, "length": 4.0, "mode": "test", "epoch": 53}
{"loss": 0.2181660234928131, "acc": 0.9183647632598877, "length": 4.0, "mode": "train", "epoch": 54}
{"loss": 0.22326689958572388, "acc": 0.917335033416748, "length": 4.0, "mode": "test", "epoch": 54}
{"loss": 0.21812236309051514, "acc": 0.9181937575340271, "length": 4.0, "mode": "train", "epoch": 55}
{"loss": 0.22704234719276428, "acc": 0.9163684248924255, "length": 4.0, "mode": "test", "epoch": 55}
{"loss": 0.2162395715713501, "acc": 0.9195034503936768, "length": 4.0, "mode": "train", "epoch": 56}
{"loss": 0.22075781226158142, "acc": 0.9193493723869324, "length": 4.0, "mode": "test", "epoch": 56}
{"loss": 0.21534788608551025, "acc": 0.9202163219451904, "length": 4.0, "mode": "train", "epoch": 57}
{"loss": 0.21811217069625854, "acc": 0.9205626845359802, "length": 4.0, "mode": "test", "epoch": 57}
{"loss": 0.21729932725429535, "acc": 0.9190636277198792, "length": 4.0, "mode": "train", "epoch": 58}
{"loss": 0.22241663932800293, "acc": 0.9180317521095276, "length": 4.0, "mode": "test", "epoch": 58}
{"loss": 0.21753089129924774, "acc": 0.9194145798683167, "length": 4.0, "mode": "train", "epoch": 59}
{"loss": 0.21877925097942352, "acc": 0.9201883673667908, "length": 4.0, "mode": "test", "epoch": 59}
{"loss": 0.2163274735212326, "acc": 0.9204034805297852, "length": 4.0, "mode": "train", "epoch": 60}
{"loss": 0.22149081528186798, "acc": 0.9198750853538513, "length": 4.0, "mode": "test", "epoch": 60}
test accuracy: 0.9168314933776855
