# ["--attributes=3", "--values=16", "--game_size=10", "--vocab_size_factor=3", "--n_epochs=60", "--batch_size=32", "--learning_rate=0.0005", "--hidden_size=128", "--temp_update=0.99", "--temperature=1.5"]
Creating train_ds and val_ds...

Creating test_ds...
{"loss": 0.4819182753562927, "acc": 0.772524893283844, "length": 3.9943954944610596, "mode": "train", "epoch": 1}
{"loss": 0.39169007539749146, "acc": 0.8304288983345032, "length": 4.0, "mode": "test", "epoch": 1}
{"loss": 0.31803974509239197, "acc": 0.8741462230682373, "length": 3.999974489212036, "mode": "train", "epoch": 2}
{"loss": 0.3101782202720642, "acc": 0.878909707069397, "length": 4.0, "mode": "test", "epoch": 2}
{"loss": 0.28031235933303833, "acc": 0.893328845500946, "length": 3.9999961853027344, "mode": "train", "epoch": 3}
{"loss": 0.27571606636047363, "acc": 0.8966206908226013, "length": 4.0, "mode": "test", "epoch": 3}
{"loss": 0.25978872179985046, "acc": 0.9035146236419678, "length": 3.9999992847442627, "mode": "train", "epoch": 4}
{"loss": 0.2685239911079407, "acc": 0.9029986262321472, "length": 4.0, "mode": "test", "epoch": 4}
{"loss": 0.246850848197937, "acc": 0.9087887406349182, "length": 4.0, "mode": "train", "epoch": 5}
{"loss": 0.2545161843299866, "acc": 0.9069175720214844, "length": 4.0, "mode": "test", "epoch": 5}
{"loss": 0.24338455498218536, "acc": 0.9101188778877258, "length": 4.0, "mode": "train", "epoch": 6}
{"loss": 0.2610403895378113, "acc": 0.903563380241394, "length": 4.0, "mode": "test", "epoch": 6}
{"loss": 0.24082715809345245, "acc": 0.911308765411377, "length": 4.0, "mode": "train", "epoch": 7}
{"loss": 0.2521659731864929, "acc": 0.9066722393035889, "length": 4.0, "mode": "test", "epoch": 7}
{"loss": 0.23966258764266968, "acc": 0.9113767147064209, "length": 4.0, "mode": "train", "epoch": 8}
{"loss": 0.2714569866657257, "acc": 0.8999459147453308, "length": 4.0, "mode": "test", "epoch": 8}
{"loss": 0.23514078557491302, "acc": 0.9126791954040527, "length": 4.0, "mode": "train", "epoch": 9}
{"loss": 0.23758003115653992, "acc": 0.9120903611183167, "length": 4.0, "mode": "test", "epoch": 9}
{"loss": 0.23109161853790283, "acc": 0.9144716858863831, "length": 4.0, "mode": "train", "epoch": 10}
{"loss": 0.23851265013217926, "acc": 0.9145369529724121, "length": 4.0, "mode": "test", "epoch": 10}
{"loss": 0.22956059873104095, "acc": 0.9157795310020447, "length": 4.0, "mode": "train", "epoch": 11}
{"loss": 0.22954116761684418, "acc": 0.9173642992973328, "length": 4.0, "mode": "test", "epoch": 11}
{"loss": 0.22469136118888855, "acc": 0.9183549284934998, "length": 4.0, "mode": "train", "epoch": 12}
{"loss": 0.23200370371341705, "acc": 0.9155364632606506, "length": 4.0, "mode": "test", "epoch": 12}
{"loss": 0.21895329654216766, "acc": 0.920606255531311, "length": 4.0, "mode": "train", "epoch": 13}
{"loss": 0.22921721637248993, "acc": 0.9184017777442932, "length": 4.0, "mode": "test", "epoch": 13}
{"loss": 0.21757684648036957, "acc": 0.9218804240226746, "length": 4.0, "mode": "train", "epoch": 14}
{"loss": 0.2224128097295761, "acc": 0.9193994998931885, "length": 4.0, "mode": "test", "epoch": 14}
{"loss": 0.21717269718647003, "acc": 0.921730101108551, "length": 4.0, "mode": "train", "epoch": 15}
{"loss": 0.2185308039188385, "acc": 0.9214996099472046, "length": 4.0, "mode": "test", "epoch": 15}
{"loss": 0.2132822871208191, "acc": 0.9233729243278503, "length": 4.0, "mode": "train", "epoch": 16}
{"loss": 0.2166532576084137, "acc": 0.9229828715324402, "length": 4.0, "mode": "test", "epoch": 16}
{"loss": 0.21155640482902527, "acc": 0.924027144908905, "length": 4.0, "mode": "train", "epoch": 17}
{"loss": 0.21413306891918182, "acc": 0.9233418107032776, "length": 4.0, "mode": "test", "epoch": 17}
{"loss": 0.2100890725851059, "acc": 0.9245899319648743, "length": 4.0, "mode": "train", "epoch": 18}
{"loss": 0.21514484286308289, "acc": 0.923383355140686, "length": 4.0, "mode": "test", "epoch": 18}
{"loss": 0.21182729303836823, "acc": 0.9238695502281189, "length": 4.0, "mode": "train", "epoch": 19}
{"loss": 0.21639972925186157, "acc": 0.9225841760635376, "length": 4.0, "mode": "test", "epoch": 19}
{"loss": 0.20977795124053955, "acc": 0.9246729612350464, "length": 4.0, "mode": "train", "epoch": 20}
{"loss": 0.21608513593673706, "acc": 0.9234915971755981, "length": 4.0, "mode": "test", "epoch": 20}
{"loss": 0.21043001115322113, "acc": 0.9245074987411499, "length": 4.0, "mode": "train", "epoch": 21}
{"loss": 0.2168625146150589, "acc": 0.9236737489700317, "length": 4.0, "mode": "test", "epoch": 21}
{"loss": 0.20859061181545258, "acc": 0.9251737594604492, "length": 4.0, "mode": "train", "epoch": 22}
{"loss": 0.220272034406662, "acc": 0.9217414259910583, "length": 4.0, "mode": "test", "epoch": 22}
{"loss": 0.20819859206676483, "acc": 0.9251592755317688, "length": 4.0, "mode": "train", "epoch": 23}
{"loss": 0.21646130084991455, "acc": 0.9227537512779236, "length": 4.0, "mode": "test", "epoch": 23}
{"loss": 0.20618706941604614, "acc": 0.9260505437850952, "length": 4.0, "mode": "train", "epoch": 24}
{"loss": 0.21860921382904053, "acc": 0.9208500981330872, "length": 4.0, "mode": "test", "epoch": 24}
{"loss": 0.21101301908493042, "acc": 0.9241930246353149, "length": 4.0, "mode": "train", "epoch": 25}
{"loss": 0.21126563847064972, "acc": 0.924260139465332, "length": 4.0, "mode": "test", "epoch": 25}
{"loss": 0.20277531445026398, "acc": 0.9280359745025635, "length": 4.0, "mode": "train", "epoch": 26}
{"loss": 0.20849591493606567, "acc": 0.9264994263648987, "length": 4.0, "mode": "test", "epoch": 26}
{"loss": 0.2017732858657837, "acc": 0.9285909533500671, "length": 4.0, "mode": "train", "epoch": 27}
{"loss": 0.2043956071138382, "acc": 0.928693413734436, "length": 4.0, "mode": "test", "epoch": 27}
{"loss": 0.19878800213336945, "acc": 0.9298423528671265, "length": 4.0, "mode": "train", "epoch": 28}
{"loss": 0.20377005636692047, "acc": 0.9293825626373291, "length": 4.0, "mode": "test", "epoch": 28}
{"loss": 0.1956724226474762, "acc": 0.9315398931503296, "length": 4.0, "mode": "train", "epoch": 29}
{"loss": 0.20421741902828217, "acc": 0.9289026260375977, "length": 4.0, "mode": "test", "epoch": 29}
{"loss": 0.19468773901462555, "acc": 0.9321494698524475, "length": 4.0, "mode": "train", "epoch": 30}
{"loss": 0.20043335855007172, "acc": 0.9315025806427002, "length": 4.0, "mode": "test", "epoch": 30}
{"loss": 0.19261972606182098, "acc": 0.9331194758415222, "length": 4.0, "mode": "train", "epoch": 31}
{"loss": 0.19248363375663757, "acc": 0.933479905128479, "length": 4.0, "mode": "test", "epoch": 31}
{"loss": 0.18926727771759033, "acc": 0.9342054128646851, "length": 4.0, "mode": "train", "epoch": 32}
{"loss": 0.1960863620042801, "acc": 0.9326590299606323, "length": 4.0, "mode": "test", "epoch": 32}
{"loss": 0.1900516301393509, "acc": 0.9338366985321045, "length": 4.0, "mode": "train", "epoch": 33}
{"loss": 0.19624686241149902, "acc": 0.9326392412185669, "length": 4.0, "mode": "test", "epoch": 33}
{"loss": 0.18838542699813843, "acc": 0.9345017075538635, "length": 4.0, "mode": "train", "epoch": 34}
{"loss": 0.19427604973316193, "acc": 0.9331877827644348, "length": 4.0, "mode": "test", "epoch": 34}
{"loss": 0.18772894144058228, "acc": 0.9348777532577515, "length": 4.0, "mode": "train", "epoch": 35}
{"loss": 0.19398823380470276, "acc": 0.9329657554626465, "length": 4.0, "mode": "test", "epoch": 35}
{"loss": 0.1888643503189087, "acc": 0.9346503615379333, "length": 4.0, "mode": "train", "epoch": 36}
{"loss": 0.19293974339962006, "acc": 0.934373140335083, "length": 4.0, "mode": "test", "epoch": 36}
{"loss": 0.1902676522731781, "acc": 0.9340695142745972, "length": 4.0, "mode": "train", "epoch": 37}
{"loss": 0.20536307990550995, "acc": 0.9292815327644348, "length": 4.0, "mode": "test", "epoch": 37}
{"loss": 0.1906101256608963, "acc": 0.9340081810951233, "length": 4.0, "mode": "train", "epoch": 38}
{"loss": 0.20028896629810333, "acc": 0.9321268200874329, "length": 4.0, "mode": "test", "epoch": 38}
{"loss": 0.18835431337356567, "acc": 0.9348337650299072, "length": 4.0, "mode": "train", "epoch": 39}
{"loss": 0.19502376019954681, "acc": 0.9331444501876831, "length": 4.0, "mode": "test", "epoch": 39}
{"loss": 0.19178596138954163, "acc": 0.9334964156150818, "length": 4.0, "mode": "train", "epoch": 40}
{"loss": 0.19470708072185516, "acc": 0.9326951503753662, "length": 4.0, "mode": "test", "epoch": 40}
{"loss": 0.1888623833656311, "acc": 0.9345079064369202, "length": 4.0, "mode": "train", "epoch": 41}
{"loss": 0.1945367008447647, "acc": 0.9334872364997864, "length": 4.0, "mode": "test", "epoch": 41}
{"loss": 0.186242938041687, "acc": 0.9353389739990234, "length": 4.0, "mode": "train", "epoch": 42}
{"loss": 0.19681458175182343, "acc": 0.9333087205886841, "length": 4.0, "mode": "test", "epoch": 42}
{"loss": 0.1856587529182434, "acc": 0.9356191158294678, "length": 4.0, "mode": "train", "epoch": 43}
{"loss": 0.18990913033485413, "acc": 0.9346367120742798, "length": 4.0, "mode": "test", "epoch": 43}
{"loss": 0.18635320663452148, "acc": 0.9355055093765259, "length": 4.0, "mode": "train", "epoch": 44}
{"loss": 0.19559511542320251, "acc": 0.9331138730049133, "length": 4.0, "mode": "test", "epoch": 44}
{"loss": 0.18858104944229126, "acc": 0.9348284006118774, "length": 4.0, "mode": "train", "epoch": 45}
{"loss": 0.19424687325954437, "acc": 0.9334656596183777, "length": 4.0, "mode": "test", "epoch": 45}
{"loss": 0.18685805797576904, "acc": 0.9353497624397278, "length": 4.0, "mode": "train", "epoch": 46}
{"loss": 0.19078481197357178, "acc": 0.934741199016571, "length": 4.0, "mode": "test", "epoch": 46}
{"loss": 0.18678130209445953, "acc": 0.9351909756660461, "length": 4.0, "mode": "train", "epoch": 47}
{"loss": 0.1933678537607193, "acc": 0.9336027503013611, "length": 4.0, "mode": "test", "epoch": 47}
{"loss": 0.1867823302745819, "acc": 0.9351596236228943, "length": 4.0, "mode": "train", "epoch": 48}
{"loss": 0.18779294192790985, "acc": 0.9354413747787476, "length": 4.0, "mode": "test", "epoch": 48}
{"loss": 0.1850014626979828, "acc": 0.935736358165741, "length": 4.0, "mode": "train", "epoch": 49}
{"loss": 0.19415441155433655, "acc": 0.9335250854492188, "length": 4.0, "mode": "test", "epoch": 49}
{"loss": 0.187661275267601, "acc": 0.9349624514579773, "length": 4.0, "mode": "train", "epoch": 50}
{"loss": 0.19466546177864075, "acc": 0.9333738088607788, "length": 4.0, "mode": "test", "epoch": 50}
{"loss": 0.18590818345546722, "acc": 0.9355108737945557, "length": 4.0, "mode": "train", "epoch": 51}
{"loss": 0.193839430809021, "acc": 0.9331715106964111, "length": 4.0, "mode": "test", "epoch": 51}
{"loss": 0.18761767446994781, "acc": 0.9350424408912659, "length": 4.0, "mode": "train", "epoch": 52}
{"loss": 0.1921583116054535, "acc": 0.9342523217201233, "length": 4.0, "mode": "test", "epoch": 52}
{"loss": 0.1852644979953766, "acc": 0.9357682466506958, "length": 4.0, "mode": "train", "epoch": 53}
{"loss": 0.1929386854171753, "acc": 0.9337218403816223, "length": 4.0, "mode": "test", "epoch": 53}
{"loss": 0.18615511059761047, "acc": 0.9352943897247314, "length": 4.0, "mode": "train", "epoch": 54}
{"loss": 0.19032612442970276, "acc": 0.9351273775100708, "length": 4.0, "mode": "test", "epoch": 54}
{"loss": 0.18402186036109924, "acc": 0.936127781867981, "length": 4.0, "mode": "train", "epoch": 55}
{"loss": 0.18928958475589752, "acc": 0.9355260729789734, "length": 4.0, "mode": "test", "epoch": 55}
{"loss": 0.18556031584739685, "acc": 0.9357495307922363, "length": 4.0, "mode": "train", "epoch": 56}
{"loss": 0.1910466104745865, "acc": 0.9340448379516602, "length": 4.0, "mode": "test", "epoch": 56}
{"loss": 0.1860874444246292, "acc": 0.9353779554367065, "length": 4.0, "mode": "train", "epoch": 57}
{"loss": 0.19050925970077515, "acc": 0.9345879554748535, "length": 4.0, "mode": "test", "epoch": 57}
{"loss": 0.1879601776599884, "acc": 0.9347339868545532, "length": 4.0, "mode": "train", "epoch": 58}
{"loss": 0.19356292486190796, "acc": 0.9333916306495667, "length": 4.0, "mode": "test", "epoch": 58}
{"loss": 0.18695661425590515, "acc": 0.9352486729621887, "length": 4.0, "mode": "train", "epoch": 59}
{"loss": 0.1924423724412918, "acc": 0.933822751045227, "length": 4.0, "mode": "test", "epoch": 59}
{"loss": 0.1871885061264038, "acc": 0.9350977540016174, "length": 4.0, "mode": "train", "epoch": 60}
{"loss": 0.18889378011226654, "acc": 0.9348872303962708, "length": 4.0, "mode": "test", "epoch": 60}
test accuracy: 0.9355008006095886
