# ["--attributes=3", "--values=16", "--game_size=10", "--vocab_size_factor=3", "--n_epochs=60", "--batch_size=32", "--learning_rate=0.0005", "--hidden_size=128", "--temp_update=0.99", "--temperature=2"]
Creating train_ds and val_ds...

Creating test_ds...
{"loss": 0.5091003179550171, "acc": 0.7563464045524597, "length": 3.9943950176239014, "mode": "train", "epoch": 1}
{"loss": 0.428627610206604, "acc": 0.8138604760169983, "length": 4.0, "mode": "test", "epoch": 1}
{"loss": 0.3612764775753021, "acc": 0.847305953502655, "length": 3.999966859817505, "mode": "train", "epoch": 2}
{"loss": 0.3537300229072571, "acc": 0.8507326245307922, "length": 4.0, "mode": "test", "epoch": 2}
{"loss": 0.3144398033618927, "acc": 0.8724632859230042, "length": 3.999995470046997, "mode": "train", "epoch": 3}
{"loss": 0.3518366515636444, "acc": 0.8505700826644897, "length": 4.0, "mode": "test", "epoch": 3}
{"loss": 0.2771855890750885, "acc": 0.8916034698486328, "length": 3.999999523162842, "mode": "train", "epoch": 4}
{"loss": 0.3136894702911377, "acc": 0.8765211701393127, "length": 4.0, "mode": "test", "epoch": 4}
{"loss": 0.25540032982826233, "acc": 0.9019832015037537, "length": 4.0, "mode": "train", "epoch": 5}
{"loss": 0.2749202847480774, "acc": 0.8935136198997498, "length": 4.0, "mode": "test", "epoch": 5}
{"loss": 0.24395793676376343, "acc": 0.9073091149330139, "length": 4.0, "mode": "train", "epoch": 6}
{"loss": 0.2670803964138031, "acc": 0.8943653702735901, "length": 4.0, "mode": "test", "epoch": 6}
{"loss": 0.2362784445285797, "acc": 0.9104607105255127, "length": 4.0, "mode": "train", "epoch": 7}
{"loss": 0.26024550199508667, "acc": 0.9016491770744324, "length": 4.0, "mode": "test", "epoch": 7}
{"loss": 0.22951985895633698, "acc": 0.9130270481109619, "length": 4.0, "mode": "train", "epoch": 8}
{"loss": 0.25114327669143677, "acc": 0.9049184918403625, "length": 4.0, "mode": "test", "epoch": 8}
{"loss": 0.22457890212535858, "acc": 0.9150245189666748, "length": 4.0, "mode": "train", "epoch": 9}
{"loss": 0.23655636608600616, "acc": 0.9106236100196838, "length": 4.0, "mode": "test", "epoch": 9}
{"loss": 0.2209688425064087, "acc": 0.9162511825561523, "length": 4.0, "mode": "train", "epoch": 10}
{"loss": 0.2428116500377655, "acc": 0.9079224467277527, "length": 4.0, "mode": "test", "epoch": 10}
{"loss": 0.22142411768436432, "acc": 0.9162031412124634, "length": 4.0, "mode": "train", "epoch": 11}
{"loss": 0.23521608114242554, "acc": 0.9117925763130188, "length": 4.0, "mode": "test", "epoch": 11}
{"loss": 0.21793748438358307, "acc": 0.9171796441078186, "length": 4.0, "mode": "train", "epoch": 12}
{"loss": 0.23690222203731537, "acc": 0.911393940448761, "length": 4.0, "mode": "test", "epoch": 12}
{"loss": 0.21545422077178955, "acc": 0.9178606271743774, "length": 4.0, "mode": "train", "epoch": 13}
{"loss": 0.23349393904209137, "acc": 0.9120832681655884, "length": 4.0, "mode": "test", "epoch": 13}
{"loss": 0.21509906649589539, "acc": 0.9179851412773132, "length": 4.0, "mode": "train", "epoch": 14}
{"loss": 0.22210092842578888, "acc": 0.9166245460510254, "length": 4.0, "mode": "test", "epoch": 14}
{"loss": 0.2130916714668274, "acc": 0.9184802770614624, "length": 4.0, "mode": "train", "epoch": 15}
{"loss": 0.22470635175704956, "acc": 0.9154822826385498, "length": 4.0, "mode": "test", "epoch": 15}
{"loss": 0.2128509283065796, "acc": 0.9184892177581787, "length": 4.0, "mode": "train", "epoch": 16}
{"loss": 0.22239874303340912, "acc": 0.915520429611206, "length": 4.0, "mode": "test", "epoch": 16}
{"loss": 0.21254444122314453, "acc": 0.9183629751205444, "length": 4.0, "mode": "train", "epoch": 17}
{"loss": 0.22120848298072815, "acc": 0.9170142412185669, "length": 4.0, "mode": "test", "epoch": 17}
{"loss": 0.21126605570316315, "acc": 0.9188835024833679, "length": 4.0, "mode": "train", "epoch": 18}
{"loss": 0.22319796681404114, "acc": 0.9169836640357971, "length": 4.0, "mode": "test", "epoch": 18}
{"loss": 0.21164104342460632, "acc": 0.9185042381286621, "length": 4.0, "mode": "train", "epoch": 19}
{"loss": 0.21705923974514008, "acc": 0.9176998734474182, "length": 4.0, "mode": "test", "epoch": 19}
{"loss": 0.20920485258102417, "acc": 0.9193702340126038, "length": 4.0, "mode": "train", "epoch": 20}
{"loss": 0.22382090985774994, "acc": 0.9157946109771729, "length": 4.0, "mode": "test", "epoch": 20}
{"loss": 0.21120668947696686, "acc": 0.9184441566467285, "length": 4.0, "mode": "train", "epoch": 21}
{"loss": 0.2210942506790161, "acc": 0.9154553413391113, "length": 4.0, "mode": "test", "epoch": 21}
{"loss": 0.20874789357185364, "acc": 0.9191984534263611, "length": 4.0, "mode": "train", "epoch": 22}
{"loss": 0.21743834018707275, "acc": 0.916658878326416, "length": 4.0, "mode": "test", "epoch": 22}
{"loss": 0.2056908756494522, "acc": 0.9202128052711487, "length": 4.0, "mode": "train", "epoch": 23}
{"loss": 0.21493321657180786, "acc": 0.9181780219078064, "length": 4.0, "mode": "test", "epoch": 23}
{"loss": 0.19821955263614655, "acc": 0.9256336688995361, "length": 4.0, "mode": "train", "epoch": 24}
{"loss": 0.20712947845458984, "acc": 0.9241213202476501, "length": 4.0, "mode": "test", "epoch": 24}
{"loss": 0.1908244490623474, "acc": 0.9302498698234558, "length": 4.0, "mode": "train", "epoch": 25}
{"loss": 0.2040230631828308, "acc": 0.927702784538269, "length": 4.0, "mode": "test", "epoch": 25}
{"loss": 0.18479026854038239, "acc": 0.9336521029472351, "length": 4.0, "mode": "train", "epoch": 26}
{"loss": 0.19750173389911652, "acc": 0.9298210740089417, "length": 4.0, "mode": "test", "epoch": 26}
{"loss": 0.18546339869499207, "acc": 0.9340096712112427, "length": 4.0, "mode": "train", "epoch": 27}
{"loss": 0.20502535998821259, "acc": 0.9273978471755981, "length": 4.0, "mode": "test", "epoch": 27}
{"loss": 0.18283510208129883, "acc": 0.9353600144386292, "length": 4.0, "mode": "train", "epoch": 28}
{"loss": 0.1896676868200302, "acc": 0.9342613816261292, "length": 4.0, "mode": "test", "epoch": 28}
{"loss": 0.1738692671060562, "acc": 0.9389575719833374, "length": 4.0, "mode": "train", "epoch": 29}
{"loss": 0.1864256113767624, "acc": 0.9349288940429688, "length": 4.0, "mode": "test", "epoch": 29}
{"loss": 0.17203956842422485, "acc": 0.9396823048591614, "length": 4.0, "mode": "train", "epoch": 30}
{"loss": 0.18160729110240936, "acc": 0.9375613927841187, "length": 4.0, "mode": "test", "epoch": 30}
{"loss": 0.1715884804725647, "acc": 0.9397711753845215, "length": 4.0, "mode": "train", "epoch": 31}
{"loss": 0.1783415973186493, "acc": 0.9391852617263794, "length": 4.0, "mode": "test", "epoch": 31}
{"loss": 0.16707563400268555, "acc": 0.9416096806526184, "length": 4.0, "mode": "train", "epoch": 32}
{"loss": 0.17905060946941376, "acc": 0.9387935996055603, "length": 4.0, "mode": "test", "epoch": 32}
{"loss": 0.1574530452489853, "acc": 0.9466705322265625, "length": 4.0, "mode": "train", "epoch": 33}
{"loss": 0.16543592512607574, "acc": 0.9451626539230347, "length": 4.0, "mode": "test", "epoch": 33}
{"loss": 0.14973591268062592, "acc": 0.9513646960258484, "length": 4.0, "mode": "train", "epoch": 34}
{"loss": 0.1567882001399994, "acc": 0.9502382278442383, "length": 4.0, "mode": "test", "epoch": 34}
{"loss": 0.14402218163013458, "acc": 0.9546077251434326, "length": 4.0, "mode": "train", "epoch": 35}
{"loss": 0.1488347351551056, "acc": 0.9538918137550354, "length": 4.0, "mode": "test", "epoch": 35}
{"loss": 0.13953061401844025, "acc": 0.9565002918243408, "length": 4.0, "mode": "train", "epoch": 36}
{"loss": 0.15284723043441772, "acc": 0.9527984857559204, "length": 4.0, "mode": "test", "epoch": 36}
{"loss": 0.137502983212471, "acc": 0.9575831890106201, "length": 4.0, "mode": "train", "epoch": 37}
{"loss": 0.1499822437763214, "acc": 0.9537419676780701, "length": 4.0, "mode": "test", "epoch": 37}
{"loss": 0.13569952547550201, "acc": 0.9581127166748047, "length": 4.0, "mode": "train", "epoch": 38}
{"loss": 0.14349117875099182, "acc": 0.9576970934867859, "length": 4.0, "mode": "test", "epoch": 38}
{"loss": 0.1342248022556305, "acc": 0.9588285088539124, "length": 4.0, "mode": "train", "epoch": 39}
{"loss": 0.1415700763463974, "acc": 0.9575995802879333, "length": 4.0, "mode": "test", "epoch": 39}
{"loss": 0.13392364978790283, "acc": 0.9588842988014221, "length": 4.0, "mode": "train", "epoch": 40}
{"loss": 0.15206019580364227, "acc": 0.9530510902404785, "length": 4.0, "mode": "test", "epoch": 40}
{"loss": 0.13395041227340698, "acc": 0.958875834941864, "length": 4.0, "mode": "train", "epoch": 41}
{"loss": 0.13758033514022827, "acc": 0.9595950841903687, "length": 4.0, "mode": "test", "epoch": 41}
{"loss": 0.13695280253887177, "acc": 0.9579185843467712, "length": 4.0, "mode": "train", "epoch": 42}
{"loss": 0.14324279129505157, "acc": 0.9575038552284241, "length": 4.0, "mode": "test", "epoch": 42}
{"loss": 0.13517852127552032, "acc": 0.9588627219200134, "length": 4.0, "mode": "train", "epoch": 43}
{"loss": 0.13740184903144836, "acc": 0.9589383006095886, "length": 4.0, "mode": "test", "epoch": 43}
{"loss": 0.130873903632164, "acc": 0.960223376750946, "length": 4.0, "mode": "train", "epoch": 44}
{"loss": 0.13541141152381897, "acc": 0.9598657488822937, "length": 4.0, "mode": "test", "epoch": 44}
{"loss": 0.1295483112335205, "acc": 0.9606542587280273, "length": 4.0, "mode": "train", "epoch": 45}
{"loss": 0.1367669701576233, "acc": 0.9591817855834961, "length": 4.0, "mode": "test", "epoch": 45}
{"loss": 0.1270250678062439, "acc": 0.9615887403488159, "length": 4.0, "mode": "train", "epoch": 46}
{"loss": 0.1333322525024414, "acc": 0.9604972004890442, "length": 4.0, "mode": "test", "epoch": 46}
{"loss": 0.13071155548095703, "acc": 0.9603116512298584, "length": 4.0, "mode": "train", "epoch": 47}
{"loss": 0.14269979298114777, "acc": 0.9569608569145203, "length": 4.0, "mode": "test", "epoch": 47}
{"loss": 0.13491353392601013, "acc": 0.9588219523429871, "length": 4.0, "mode": "train", "epoch": 48}
{"loss": 0.13790704309940338, "acc": 0.9594652652740479, "length": 4.0, "mode": "test", "epoch": 48}
{"loss": 0.1276012510061264, "acc": 0.9613195061683655, "length": 4.0, "mode": "train", "epoch": 49}
{"loss": 0.1346569061279297, "acc": 0.960789680480957, "length": 4.0, "mode": "test", "epoch": 49}
{"loss": 0.1263500452041626, "acc": 0.9618483781814575, "length": 4.0, "mode": "train", "epoch": 50}
{"loss": 0.13310369849205017, "acc": 0.9604611396789551, "length": 4.0, "mode": "test", "epoch": 50}
{"loss": 0.13044530153274536, "acc": 0.9605334401130676, "length": 4.0, "mode": "train", "epoch": 51}
{"loss": 0.13378779590129852, "acc": 0.9606794118881226, "length": 4.0, "mode": "test", "epoch": 51}
{"loss": 0.12645697593688965, "acc": 0.9619373083114624, "length": 4.0, "mode": "train", "epoch": 52}
{"loss": 0.13247069716453552, "acc": 0.9615058898925781, "length": 4.0, "mode": "test", "epoch": 52}
{"loss": 0.1259276419878006, "acc": 0.9619793891906738, "length": 4.0, "mode": "train", "epoch": 53}
{"loss": 0.13149143755435944, "acc": 0.9615311622619629, "length": 4.0, "mode": "test", "epoch": 53}
{"loss": 0.12915782630443573, "acc": 0.960548996925354, "length": 4.0, "mode": "train", "epoch": 54}
{"loss": 0.13690681755542755, "acc": 0.9600100517272949, "length": 4.0, "mode": "test", "epoch": 54}
{"loss": 0.1260494440793991, "acc": 0.9620875120162964, "length": 4.0, "mode": "train", "epoch": 55}
{"loss": 0.13410110771656036, "acc": 0.9609663486480713, "length": 4.0, "mode": "test", "epoch": 55}
{"loss": 0.12511295080184937, "acc": 0.9622630476951599, "length": 4.0, "mode": "train", "epoch": 56}
{"loss": 0.13279928267002106, "acc": 0.9612008929252625, "length": 4.0, "mode": "test", "epoch": 56}
{"loss": 0.12677505612373352, "acc": 0.9616909027099609, "length": 4.0, "mode": "train", "epoch": 57}
{"loss": 0.13310179114341736, "acc": 0.9610853791236877, "length": 4.0, "mode": "test", "epoch": 57}
{"loss": 0.12647007405757904, "acc": 0.9618159532546997, "length": 4.0, "mode": "train", "epoch": 58}
{"loss": 0.1314065009355545, "acc": 0.9612424373626709, "length": 4.0, "mode": "test", "epoch": 58}
{"loss": 0.1258755326271057, "acc": 0.9619985818862915, "length": 4.0, "mode": "train", "epoch": 59}
{"loss": 0.1328929364681244, "acc": 0.9614642858505249, "length": 4.0, "mode": "test", "epoch": 59}
{"loss": 0.1289236843585968, "acc": 0.9607005715370178, "length": 4.0, "mode": "train", "epoch": 60}
{"loss": 0.14729881286621094, "acc": 0.9556347131729126, "length": 4.0, "mode": "test", "epoch": 60}
test accuracy: 0.9544891715049744
