# ["--attributes=3", "--values=16", "--game_size=10", "--vocab_size_factor=3", "--n_epochs=60", "--batch_size=32", "--learning_rate=0.0005", "--hidden_size=256", "--temp_update=0.99", "--temperature=1"]
Creating train_ds and val_ds...

Creating test_ds...
{"loss": 0.4569355249404907, "acc": 0.7930871844291687, "length": 3.9958460330963135, "mode": "train", "epoch": 1}
{"loss": 0.3569633960723877, "acc": 0.8630431890487671, "length": 4.0, "mode": "test", "epoch": 1}
{"loss": 0.3190341889858246, "acc": 0.881244421005249, "length": 3.999990224838257, "mode": "train", "epoch": 2}
{"loss": 0.2882387638092041, "acc": 0.893095076084137, "length": 4.0, "mode": "test", "epoch": 2}
{"loss": 0.27383992075920105, "acc": 0.8980503678321838, "length": 3.999993324279785, "mode": "train", "epoch": 3}
{"loss": 0.2688071131706238, "acc": 0.9023491144180298, "length": 4.0, "mode": "test", "epoch": 3}
{"loss": 0.26031729578971863, "acc": 0.9028083682060242, "length": 3.9999969005584717, "mode": "train", "epoch": 4}
{"loss": 0.2637885808944702, "acc": 0.902004599571228, "length": 4.0, "mode": "test", "epoch": 4}
{"loss": 0.2513875663280487, "acc": 0.906151533126831, "length": 4.0, "mode": "train", "epoch": 5}
{"loss": 0.2435692548751831, "acc": 0.9093443751335144, "length": 4.0, "mode": "test", "epoch": 5}
{"loss": 0.2543940246105194, "acc": 0.9046921730041504, "length": 4.0, "mode": "train", "epoch": 6}
{"loss": 0.248622864484787, "acc": 0.9071827530860901, "length": 4.0, "mode": "test", "epoch": 6}
{"loss": 0.2416265606880188, "acc": 0.9100668430328369, "length": 4.0, "mode": "train", "epoch": 7}
{"loss": 0.23446807265281677, "acc": 0.9131531119346619, "length": 4.0, "mode": "test", "epoch": 7}
{"loss": 0.2350238710641861, "acc": 0.913533091545105, "length": 4.0, "mode": "train", "epoch": 8}
{"loss": 0.2421521544456482, "acc": 0.910778820514679, "length": 4.0, "mode": "test", "epoch": 8}
{"loss": 0.23243431746959686, "acc": 0.9145426750183105, "length": 4.0, "mode": "train", "epoch": 9}
{"loss": 0.2329891473054886, "acc": 0.9160309433937073, "length": 4.0, "mode": "test", "epoch": 9}
{"loss": 0.2290372997522354, "acc": 0.9163493514060974, "length": 4.0, "mode": "train", "epoch": 10}
{"loss": 0.22822870314121246, "acc": 0.9176602363586426, "length": 4.0, "mode": "test", "epoch": 10}
{"loss": 0.23328188061714172, "acc": 0.9141645431518555, "length": 4.0, "mode": "train", "epoch": 11}
{"loss": 0.24083979427814484, "acc": 0.91229248046875, "length": 4.0, "mode": "test", "epoch": 11}
{"loss": 0.23231403529644012, "acc": 0.9145005941390991, "length": 4.0, "mode": "train", "epoch": 12}
{"loss": 0.22913651168346405, "acc": 0.9158973693847656, "length": 4.0, "mode": "test", "epoch": 12}
{"loss": 0.22626808285713196, "acc": 0.9168437123298645, "length": 4.0, "mode": "train", "epoch": 13}
{"loss": 0.2262800931930542, "acc": 0.9183223247528076, "length": 4.0, "mode": "test", "epoch": 13}
{"loss": 0.22448256611824036, "acc": 0.9173576831817627, "length": 4.0, "mode": "train", "epoch": 14}
{"loss": 0.22641825675964355, "acc": 0.9178171753883362, "length": 4.0, "mode": "test", "epoch": 14}
{"loss": 0.22446168959140778, "acc": 0.9173852801322937, "length": 4.0, "mode": "train", "epoch": 15}
{"loss": 0.22198891639709473, "acc": 0.9182321429252625, "length": 4.0, "mode": "test", "epoch": 15}
{"loss": 0.22226481139659882, "acc": 0.9183046817779541, "length": 4.0, "mode": "train", "epoch": 16}
{"loss": 0.22444471716880798, "acc": 0.9177594780921936, "length": 4.0, "mode": "test", "epoch": 16}
{"loss": 0.22433187067508698, "acc": 0.9173775911331177, "length": 4.0, "mode": "train", "epoch": 17}
{"loss": 0.22488315403461456, "acc": 0.9174347519874573, "length": 4.0, "mode": "test", "epoch": 17}
{"loss": 0.2211133986711502, "acc": 0.9186156392097473, "length": 4.0, "mode": "train", "epoch": 18}
{"loss": 0.22217194736003876, "acc": 0.9190152883529663, "length": 4.0, "mode": "test", "epoch": 18}
{"loss": 0.21964122354984283, "acc": 0.9187989234924316, "length": 4.0, "mode": "train", "epoch": 19}
{"loss": 0.21971426904201508, "acc": 0.9193617105484009, "length": 4.0, "mode": "test", "epoch": 19}
{"loss": 0.21960791945457458, "acc": 0.9186438322067261, "length": 4.0, "mode": "train", "epoch": 20}
{"loss": 0.21805624663829803, "acc": 0.9193271994590759, "length": 4.0, "mode": "test", "epoch": 20}
{"loss": 0.21763281524181366, "acc": 0.9191441535949707, "length": 4.0, "mode": "train", "epoch": 21}
{"loss": 0.21690349280834198, "acc": 0.9201862215995789, "length": 4.0, "mode": "test", "epoch": 21}
{"loss": 0.2162986546754837, "acc": 0.9199780225753784, "length": 4.0, "mode": "train", "epoch": 22}
{"loss": 0.21587547659873962, "acc": 0.9209566116333008, "length": 4.0, "mode": "test", "epoch": 22}
{"loss": 0.21713702380657196, "acc": 0.9197428822517395, "length": 4.0, "mode": "train", "epoch": 23}
{"loss": 0.22252556681632996, "acc": 0.9178189039230347, "length": 4.0, "mode": "test", "epoch": 23}
{"loss": 0.21245929598808289, "acc": 0.9221695065498352, "length": 4.0, "mode": "train", "epoch": 24}
{"loss": 0.21287110447883606, "acc": 0.9232949018478394, "length": 4.0, "mode": "test", "epoch": 24}
{"loss": 0.21104660630226135, "acc": 0.9236727356910706, "length": 4.0, "mode": "train", "epoch": 25}
{"loss": 0.2103595733642578, "acc": 0.9251261949539185, "length": 4.0, "mode": "test", "epoch": 25}
{"loss": 0.20777565240859985, "acc": 0.9251067638397217, "length": 4.0, "mode": "train", "epoch": 26}
{"loss": 0.20755498111248016, "acc": 0.9263478517532349, "length": 4.0, "mode": "test", "epoch": 26}
{"loss": 0.20924831926822662, "acc": 0.9242475032806396, "length": 4.0, "mode": "train", "epoch": 27}
{"loss": 0.2103138118982315, "acc": 0.9248934984207153, "length": 4.0, "mode": "test", "epoch": 27}
{"loss": 0.207483172416687, "acc": 0.9246203303337097, "length": 4.0, "mode": "train", "epoch": 28}
{"loss": 0.21105636656284332, "acc": 0.9242746829986572, "length": 4.0, "mode": "test", "epoch": 28}
{"loss": 0.2071569412946701, "acc": 0.9249944090843201, "length": 4.0, "mode": "train", "epoch": 29}
{"loss": 0.20672395825386047, "acc": 0.927426815032959, "length": 4.0, "mode": "test", "epoch": 29}
{"loss": 0.20485617220401764, "acc": 0.9262106418609619, "length": 4.0, "mode": "train", "epoch": 30}
{"loss": 0.20369258522987366, "acc": 0.9284498691558838, "length": 4.0, "mode": "test", "epoch": 30}
{"loss": 0.1973050832748413, "acc": 0.9306252002716064, "length": 4.0, "mode": "train", "epoch": 31}
{"loss": 0.19965854287147522, "acc": 0.9315261244773865, "length": 4.0, "mode": "test", "epoch": 31}
{"loss": 0.1956208497285843, "acc": 0.9322617053985596, "length": 4.0, "mode": "train", "epoch": 32}
{"loss": 0.19108901917934418, "acc": 0.9364607334136963, "length": 4.0, "mode": "test", "epoch": 32}
{"loss": 0.18667426705360413, "acc": 0.9371986389160156, "length": 4.0, "mode": "train", "epoch": 33}
{"loss": 0.1836632490158081, "acc": 0.940385103225708, "length": 4.0, "mode": "test", "epoch": 33}
{"loss": 0.18179212510585785, "acc": 0.9393475651741028, "length": 4.0, "mode": "train", "epoch": 34}
{"loss": 0.17935867607593536, "acc": 0.9416282773017883, "length": 4.0, "mode": "test", "epoch": 34}
{"loss": 0.17984554171562195, "acc": 0.9407172203063965, "length": 4.0, "mode": "train", "epoch": 35}
{"loss": 0.18968403339385986, "acc": 0.9383534789085388, "length": 4.0, "mode": "test", "epoch": 35}
{"loss": 0.17624665796756744, "acc": 0.9424265623092651, "length": 4.0, "mode": "train", "epoch": 36}
{"loss": 0.18129800260066986, "acc": 0.9424419403076172, "length": 4.0, "mode": "test", "epoch": 36}
{"loss": 0.17326055467128754, "acc": 0.9435189962387085, "length": 4.0, "mode": "train", "epoch": 37}
{"loss": 0.17499931156635284, "acc": 0.9444735050201416, "length": 4.0, "mode": "test", "epoch": 37}
{"loss": 0.17236757278442383, "acc": 0.94405597448349, "length": 4.0, "mode": "train", "epoch": 38}
{"loss": 0.17072637379169464, "acc": 0.9461046457290649, "length": 4.0, "mode": "test", "epoch": 38}
{"loss": 0.17134124040603638, "acc": 0.9448442459106445, "length": 4.0, "mode": "train", "epoch": 39}
{"loss": 0.1703314632177353, "acc": 0.9457058906555176, "length": 4.0, "mode": "test", "epoch": 39}
{"loss": 0.17108450829982758, "acc": 0.9451267719268799, "length": 4.0, "mode": "train", "epoch": 40}
{"loss": 0.17161057889461517, "acc": 0.9458572864532471, "length": 4.0, "mode": "test", "epoch": 40}
{"loss": 0.16928532719612122, "acc": 0.9457796812057495, "length": 4.0, "mode": "train", "epoch": 41}
{"loss": 0.17047825455665588, "acc": 0.9461820721626282, "length": 4.0, "mode": "test", "epoch": 41}
{"loss": 0.1705365777015686, "acc": 0.9451424479484558, "length": 4.0, "mode": "train", "epoch": 42}
{"loss": 0.17178292572498322, "acc": 0.9455956816673279, "length": 4.0, "mode": "test", "epoch": 42}
{"loss": 0.16921161115169525, "acc": 0.9457172155380249, "length": 4.0, "mode": "train", "epoch": 43}
{"loss": 0.17021293938159943, "acc": 0.9455217719078064, "length": 4.0, "mode": "test", "epoch": 43}
{"loss": 0.16863341629505157, "acc": 0.9459018111228943, "length": 4.0, "mode": "train", "epoch": 44}
{"loss": 0.17000854015350342, "acc": 0.9469706416130066, "length": 4.0, "mode": "test", "epoch": 44}
{"loss": 0.16931714117527008, "acc": 0.9457136392593384, "length": 4.0, "mode": "train", "epoch": 45}
{"loss": 0.17002609372138977, "acc": 0.9467757344245911, "length": 4.0, "mode": "test", "epoch": 45}
{"loss": 0.16725502908229828, "acc": 0.9465223550796509, "length": 4.0, "mode": "train", "epoch": 46}
{"loss": 0.1690010130405426, "acc": 0.9465394020080566, "length": 4.0, "mode": "test", "epoch": 46}
{"loss": 0.1660950630903244, "acc": 0.9468380212783813, "length": 4.0, "mode": "train", "epoch": 47}
{"loss": 0.16820858418941498, "acc": 0.9473909139633179, "length": 4.0, "mode": "test", "epoch": 47}
{"loss": 0.16977225244045258, "acc": 0.945630669593811, "length": 4.0, "mode": "train", "epoch": 48}
{"loss": 0.17022809386253357, "acc": 0.9461352229118347, "length": 4.0, "mode": "test", "epoch": 48}
{"loss": 0.16861341893672943, "acc": 0.9458886981010437, "length": 4.0, "mode": "train", "epoch": 49}
{"loss": 0.1765889972448349, "acc": 0.9441775679588318, "length": 4.0, "mode": "test", "epoch": 49}
{"loss": 0.1670917421579361, "acc": 0.9466317892074585, "length": 4.0, "mode": "train", "epoch": 50}
{"loss": 0.1762523055076599, "acc": 0.944080114364624, "length": 4.0, "mode": "test", "epoch": 50}
{"loss": 0.16711336374282837, "acc": 0.9466774463653564, "length": 4.0, "mode": "train", "epoch": 51}
{"loss": 0.1684398651123047, "acc": 0.9474270343780518, "length": 4.0, "mode": "test", "epoch": 51}
{"loss": 0.16600562632083893, "acc": 0.9469780921936035, "length": 4.0, "mode": "train", "epoch": 52}
{"loss": 0.16989432275295258, "acc": 0.9467649459838867, "length": 4.0, "mode": "test", "epoch": 52}
{"loss": 0.16651280224323273, "acc": 0.9466738700866699, "length": 4.0, "mode": "train", "epoch": 53}
{"loss": 0.17299269139766693, "acc": 0.946333646774292, "length": 4.0, "mode": "test", "epoch": 53}
{"loss": 0.16914799809455872, "acc": 0.9458717703819275, "length": 4.0, "mode": "train", "epoch": 54}
{"loss": 0.16995732486248016, "acc": 0.9459367394447327, "length": 4.0, "mode": "test", "epoch": 54}
{"loss": 0.16566340625286102, "acc": 0.9469690322875977, "length": 4.0, "mode": "train", "epoch": 55}
{"loss": 0.17032672464847565, "acc": 0.9461442232131958, "length": 4.0, "mode": "test", "epoch": 55}
{"loss": 0.16577254235744476, "acc": 0.9470592737197876, "length": 4.0, "mode": "train", "epoch": 56}
{"loss": 0.17610977590084076, "acc": 0.9446702003479004, "length": 4.0, "mode": "test", "epoch": 56}
{"loss": 0.166665717959404, "acc": 0.946562647819519, "length": 4.0, "mode": "train", "epoch": 57}
{"loss": 0.1711028814315796, "acc": 0.945749044418335, "length": 4.0, "mode": "test", "epoch": 57}
{"loss": 0.16712747514247894, "acc": 0.9464544057846069, "length": 4.0, "mode": "train", "epoch": 58}
{"loss": 0.16748541593551636, "acc": 0.947134792804718, "length": 4.0, "mode": "test", "epoch": 58}
{"loss": 0.16710196435451508, "acc": 0.9464741349220276, "length": 4.0, "mode": "train", "epoch": 59}
{"loss": 0.16911959648132324, "acc": 0.9461389183998108, "length": 4.0, "mode": "test", "epoch": 59}
{"loss": 0.16550254821777344, "acc": 0.9468801021575928, "length": 4.0, "mode": "train", "epoch": 60}
{"loss": 0.16555480659008026, "acc": 0.9481000900268555, "length": 4.0, "mode": "test", "epoch": 60}
test accuracy: 0.9451166987419128
