# ["--attributes=3", "--values=16", "--game_size=10", "--vocab_size_factor=3", "--n_epochs=60", "--batch_size=32", "--learning_rate=0.001", "--hidden_size=128", "--temp_update=0.97", "--temperature=1.5"]
Creating train_ds and val_ds...

Creating test_ds...
{"loss": 0.4299923777580261, "acc": 0.8027542233467102, "length": 3.9953291416168213, "mode": "train", "epoch": 1}
{"loss": 0.3409559726715088, "acc": 0.8560676574707031, "length": 4.0, "mode": "test", "epoch": 1}
{"loss": 0.31233641505241394, "acc": 0.8736079931259155, "length": 3.9999940395355225, "mode": "train", "epoch": 2}
{"loss": 0.31790509819984436, "acc": 0.8747798204421997, "length": 4.0, "mode": "test", "epoch": 2}
{"loss": 0.2898912727832794, "acc": 0.8847072720527649, "length": 3.9999985694885254, "mode": "train", "epoch": 3}
{"loss": 0.33047816157341003, "acc": 0.8715484738349915, "length": 4.0, "mode": "test", "epoch": 3}
{"loss": 0.27126121520996094, "acc": 0.8953759074211121, "length": 3.999999523162842, "mode": "train", "epoch": 4}
{"loss": 0.2796171009540558, "acc": 0.8911375403404236, "length": 4.0, "mode": "test", "epoch": 4}
{"loss": 0.262446790933609, "acc": 0.9000786542892456, "length": 4.0, "mode": "train", "epoch": 5}
{"loss": 0.2671378254890442, "acc": 0.899022102355957, "length": 4.0, "mode": "test", "epoch": 5}
{"loss": 0.2589621841907501, "acc": 0.9010494351387024, "length": 4.0, "mode": "train", "epoch": 6}
{"loss": 0.26093924045562744, "acc": 0.9017483592033386, "length": 4.0, "mode": "test", "epoch": 6}
{"loss": 0.2527286410331726, "acc": 0.9034280180931091, "length": 4.0, "mode": "train", "epoch": 7}
{"loss": 0.2622067630290985, "acc": 0.9002003073692322, "length": 4.0, "mode": "test", "epoch": 7}
{"loss": 0.25010278820991516, "acc": 0.9042606353759766, "length": 4.0, "mode": "train", "epoch": 8}
{"loss": 0.250008761882782, "acc": 0.9056400656700134, "length": 4.0, "mode": "test", "epoch": 8}
{"loss": 0.24734000861644745, "acc": 0.9061740636825562, "length": 4.0, "mode": "train", "epoch": 9}
{"loss": 0.24405118823051453, "acc": 0.9083051085472107, "length": 4.0, "mode": "test", "epoch": 9}
{"loss": 0.24317046999931335, "acc": 0.9077438712120056, "length": 4.0, "mode": "train", "epoch": 10}
{"loss": 0.26000314950942993, "acc": 0.90234375, "length": 4.0, "mode": "test", "epoch": 10}
{"loss": 0.24124114215373993, "acc": 0.9084076881408691, "length": 4.0, "mode": "train", "epoch": 11}
{"loss": 0.24814824759960175, "acc": 0.9077078104019165, "length": 4.0, "mode": "test", "epoch": 11}
{"loss": 0.23918157815933228, "acc": 0.9090741872787476, "length": 4.0, "mode": "train", "epoch": 12}
{"loss": 0.24741072952747345, "acc": 0.9073055982589722, "length": 4.0, "mode": "test", "epoch": 12}
{"loss": 0.2362358123064041, "acc": 0.9108636975288391, "length": 4.0, "mode": "train", "epoch": 13}
{"loss": 0.23762765526771545, "acc": 0.9119099378585815, "length": 4.0, "mode": "test", "epoch": 13}
{"loss": 0.22986912727355957, "acc": 0.9148983955383301, "length": 4.0, "mode": "train", "epoch": 14}
{"loss": 0.228046715259552, "acc": 0.9173896312713623, "length": 4.0, "mode": "test", "epoch": 14}
{"loss": 0.2264096587896347, "acc": 0.9172149300575256, "length": 4.0, "mode": "train", "epoch": 15}
{"loss": 0.22861045598983765, "acc": 0.9181960225105286, "length": 4.0, "mode": "test", "epoch": 15}
{"loss": 0.2211485505104065, "acc": 0.9199857115745544, "length": 4.0, "mode": "train", "epoch": 16}
{"loss": 0.23353850841522217, "acc": 0.9147047996520996, "length": 4.0, "mode": "test", "epoch": 16}
{"loss": 0.21854276955127716, "acc": 0.9207979440689087, "length": 4.0, "mode": "train", "epoch": 17}
{"loss": 0.23765216767787933, "acc": 0.9154535531997681, "length": 4.0, "mode": "test", "epoch": 17}
{"loss": 0.2199282944202423, "acc": 0.9205906987190247, "length": 4.0, "mode": "train", "epoch": 18}
{"loss": 0.21703849732875824, "acc": 0.922459602355957, "length": 4.0, "mode": "test", "epoch": 18}
{"loss": 0.21539844572544098, "acc": 0.922788143157959, "length": 4.0, "mode": "train", "epoch": 19}
{"loss": 0.2214806079864502, "acc": 0.9204623103141785, "length": 4.0, "mode": "test", "epoch": 19}
{"loss": 0.21309545636177063, "acc": 0.9242565035820007, "length": 4.0, "mode": "train", "epoch": 20}
{"loss": 0.21480409801006317, "acc": 0.9238560199737549, "length": 4.0, "mode": "test", "epoch": 20}
{"loss": 0.20738117396831512, "acc": 0.9265928864479065, "length": 3.9999992847442627, "mode": "train", "epoch": 21}
{"loss": 0.21468253433704376, "acc": 0.9254907965660095, "length": 4.0, "mode": "test", "epoch": 21}
{"loss": 0.20753544569015503, "acc": 0.9274003505706787, "length": 4.0, "mode": "train", "epoch": 22}
{"loss": 0.21774274110794067, "acc": 0.9243163466453552, "length": 4.0, "mode": "test", "epoch": 22}
{"loss": 0.20805206894874573, "acc": 0.9271444082260132, "length": 4.0, "mode": "train", "epoch": 23}
{"loss": 0.20929698646068573, "acc": 0.9283145070075989, "length": 4.0, "mode": "test", "epoch": 23}
{"loss": 0.2048494517803192, "acc": 0.928315281867981, "length": 4.0, "mode": "train", "epoch": 24}
{"loss": 0.21072271466255188, "acc": 0.9276378750801086, "length": 4.0, "mode": "test", "epoch": 24}
{"loss": 0.2023530900478363, "acc": 0.9295884966850281, "length": 4.0, "mode": "train", "epoch": 25}
{"loss": 0.2168879508972168, "acc": 0.9248250126838684, "length": 4.0, "mode": "test", "epoch": 25}
{"loss": 0.20531365275382996, "acc": 0.9285286664962769, "length": 4.0, "mode": "train", "epoch": 26}
{"loss": 0.22382299602031708, "acc": 0.9228746294975281, "length": 4.0, "mode": "test", "epoch": 26}
{"loss": 0.206496924161911, "acc": 0.9289880990982056, "length": 4.0, "mode": "train", "epoch": 27}
{"loss": 0.2121732085943222, "acc": 0.9269054532051086, "length": 4.0, "mode": "test", "epoch": 27}
{"loss": 0.20430797338485718, "acc": 0.930099606513977, "length": 4.0, "mode": "train", "epoch": 28}
{"loss": 0.20744562149047852, "acc": 0.9293068647384644, "length": 4.0, "mode": "test", "epoch": 28}
{"loss": 0.20559336245059967, "acc": 0.9289665818214417, "length": 4.0, "mode": "train", "epoch": 29}
{"loss": 0.2101087123155594, "acc": 0.9280744791030884, "length": 4.0, "mode": "test", "epoch": 29}
{"loss": 0.20576927065849304, "acc": 0.9287893772125244, "length": 4.0, "mode": "train", "epoch": 30}
{"loss": 0.21765990555286407, "acc": 0.924372136592865, "length": 4.0, "mode": "test", "epoch": 30}
{"loss": 0.2075032889842987, "acc": 0.9279085993766785, "length": 4.0, "mode": "train", "epoch": 31}
{"loss": 0.2120049148797989, "acc": 0.9271199107170105, "length": 4.0, "mode": "test", "epoch": 31}
{"loss": 0.2082025408744812, "acc": 0.9270326495170593, "length": 4.0, "mode": "train", "epoch": 32}
{"loss": 0.21246172487735748, "acc": 0.9250324964523315, "length": 4.0, "mode": "test", "epoch": 32}
{"loss": 0.20754410326480865, "acc": 0.9266073703765869, "length": 4.0, "mode": "train", "epoch": 33}
{"loss": 0.21386322379112244, "acc": 0.9250631928443909, "length": 4.0, "mode": "test", "epoch": 33}
{"loss": 0.20914331078529358, "acc": 0.9258941411972046, "length": 4.0, "mode": "train", "epoch": 34}
{"loss": 0.2235095500946045, "acc": 0.9221546649932861, "length": 4.0, "mode": "test", "epoch": 34}
{"loss": 0.2122838944196701, "acc": 0.9244289398193359, "length": 4.0, "mode": "train", "epoch": 35}
{"loss": 0.21667982637882233, "acc": 0.9239426255226135, "length": 4.0, "mode": "test", "epoch": 35}
{"loss": 0.20890867710113525, "acc": 0.9263225793838501, "length": 4.0, "mode": "train", "epoch": 36}
{"loss": 0.2123509645462036, "acc": 0.9252868294715881, "length": 4.0, "mode": "test", "epoch": 36}
{"loss": 0.20803798735141754, "acc": 0.9262198805809021, "length": 4.0, "mode": "train", "epoch": 37}
{"loss": 0.2187093198299408, "acc": 0.9220536947250366, "length": 4.0, "mode": "test", "epoch": 37}
{"loss": 0.21390998363494873, "acc": 0.9235710501670837, "length": 4.0, "mode": "train", "epoch": 38}
{"loss": 0.22434815764427185, "acc": 0.91871577501297, "length": 4.0, "mode": "test", "epoch": 38}
{"loss": 0.21969276666641235, "acc": 0.9200944900512695, "length": 4.0, "mode": "train", "epoch": 39}
{"loss": 0.21901455521583557, "acc": 0.9219544529914856, "length": 4.0, "mode": "test", "epoch": 39}
{"loss": 0.21369878947734833, "acc": 0.9229571223258972, "length": 4.0, "mode": "train", "epoch": 40}
{"loss": 0.22174528241157532, "acc": 0.9196341633796692, "length": 4.0, "mode": "test", "epoch": 40}
{"loss": 0.21317821741104126, "acc": 0.9228032827377319, "length": 4.0, "mode": "train", "epoch": 41}
{"loss": 0.2191438227891922, "acc": 0.9207075834274292, "length": 4.0, "mode": "test", "epoch": 41}
{"loss": 0.21612413227558136, "acc": 0.9212971329689026, "length": 4.0, "mode": "train", "epoch": 42}
{"loss": 0.21810346841812134, "acc": 0.9204964637756348, "length": 4.0, "mode": "test", "epoch": 42}
{"loss": 0.21432897448539734, "acc": 0.9223443269729614, "length": 4.0, "mode": "train", "epoch": 43}
{"loss": 0.2167353630065918, "acc": 0.9214329719543457, "length": 4.0, "mode": "test", "epoch": 43}
{"loss": 0.20994514226913452, "acc": 0.9237422347068787, "length": 4.0, "mode": "train", "epoch": 44}
{"loss": 0.2162221372127533, "acc": 0.9215429425239563, "length": 4.0, "mode": "test", "epoch": 44}
{"loss": 0.20883578062057495, "acc": 0.9238155484199524, "length": 4.0, "mode": "train", "epoch": 45}
{"loss": 0.21152417361736298, "acc": 0.9237226247787476, "length": 4.0, "mode": "test", "epoch": 45}
{"loss": 0.2091682106256485, "acc": 0.9238329529762268, "length": 4.0, "mode": "train", "epoch": 46}
{"loss": 0.21555426716804504, "acc": 0.9223079681396484, "length": 4.0, "mode": "test", "epoch": 46}
{"loss": 0.21041765809059143, "acc": 0.9230707287788391, "length": 4.0, "mode": "train", "epoch": 47}
{"loss": 0.21344855427742004, "acc": 0.9226328134536743, "length": 4.0, "mode": "test", "epoch": 47}
{"loss": 0.20772142708301544, "acc": 0.9243857264518738, "length": 4.0, "mode": "train", "epoch": 48}
{"loss": 0.20865608751773834, "acc": 0.923598051071167, "length": 4.0, "mode": "test", "epoch": 48}
{"loss": 0.204915851354599, "acc": 0.92519611120224, "length": 4.0, "mode": "train", "epoch": 49}
{"loss": 0.20933592319488525, "acc": 0.9245724081993103, "length": 4.0, "mode": "test", "epoch": 49}
{"loss": 0.2075592577457428, "acc": 0.9239981174468994, "length": 4.0, "mode": "train", "epoch": 50}
{"loss": 0.2125665545463562, "acc": 0.9221727848052979, "length": 4.0, "mode": "test", "epoch": 50}
{"loss": 0.2073042094707489, "acc": 0.9238547086715698, "length": 4.0, "mode": "train", "epoch": 51}
{"loss": 0.21254092454910278, "acc": 0.9218371510505676, "length": 4.0, "mode": "test", "epoch": 51}
{"loss": 0.2094114124774933, "acc": 0.9223911762237549, "length": 4.0, "mode": "train", "epoch": 52}
{"loss": 0.2218237817287445, "acc": 0.9171009659767151, "length": 4.0, "mode": "test", "epoch": 52}
{"loss": 0.2126312106847763, "acc": 0.9204049706459045, "length": 4.0, "mode": "train", "epoch": 53}
{"loss": 0.21216678619384766, "acc": 0.9223658442497253, "length": 4.0, "mode": "test", "epoch": 53}
{"loss": 0.2056279331445694, "acc": 0.9239009022712708, "length": 4.0, "mode": "train", "epoch": 54}
{"loss": 0.21646349132061005, "acc": 0.9204279184341431, "length": 4.0, "mode": "test", "epoch": 54}
{"loss": 0.20691919326782227, "acc": 0.9233793616294861, "length": 4.0, "mode": "train", "epoch": 55}
{"loss": 0.2116047590970993, "acc": 0.9235203266143799, "length": 4.0, "mode": "test", "epoch": 55}
{"loss": 0.20849595963954926, "acc": 0.9229300022125244, "length": 4.0, "mode": "train", "epoch": 56}
{"loss": 0.2161731719970703, "acc": 0.920301616191864, "length": 4.0, "mode": "test", "epoch": 56}
{"loss": 0.20969446003437042, "acc": 0.9220907092094421, "length": 4.0, "mode": "train", "epoch": 57}
{"loss": 0.2099219113588333, "acc": 0.9233347177505493, "length": 4.0, "mode": "test", "epoch": 57}
{"loss": 0.20543792843818665, "acc": 0.9240991473197937, "length": 4.0, "mode": "train", "epoch": 58}
{"loss": 0.21167993545532227, "acc": 0.9222503900527954, "length": 4.0, "mode": "test", "epoch": 58}
{"loss": 0.20556220412254333, "acc": 0.9238306879997253, "length": 4.0, "mode": "train", "epoch": 59}
{"loss": 0.21397344768047333, "acc": 0.9208863377571106, "length": 4.0, "mode": "test", "epoch": 59}
{"loss": 0.20368991792201996, "acc": 0.9246223568916321, "length": 4.0, "mode": "train", "epoch": 60}
{"loss": 0.21171361207962036, "acc": 0.9229360222816467, "length": 4.0, "mode": "test", "epoch": 60}
test accuracy: 0.9092358350753784
