# ["--attributes=3", "--values=16", "--game_size=10", "--vocab_size_factor=3", "--n_epochs=60", "--batch_size=32", "--learning_rate=0.001", "--hidden_size=128", "--temp_update=0.99", "--temperature=2"]
Creating train_ds and val_ds...

Creating test_ds...
{"loss": 0.4006044268608093, "acc": 0.8220739364624023, "length": 3.9908411502838135, "mode": "train", "epoch": 1}
{"loss": 0.338192880153656, "acc": 0.869940459728241, "length": 4.0, "mode": "test", "epoch": 1}
{"loss": 0.27860167622566223, "acc": 0.8948233127593994, "length": 3.999955654144287, "mode": "train", "epoch": 2}
{"loss": 0.29494988918304443, "acc": 0.884645938873291, "length": 4.0, "mode": "test", "epoch": 2}
{"loss": 0.25009557604789734, "acc": 0.9078190326690674, "length": 3.9999914169311523, "mode": "train", "epoch": 3}
{"loss": 0.28077787160873413, "acc": 0.8892593383789062, "length": 4.0, "mode": "test", "epoch": 3}
{"loss": 0.24006885290145874, "acc": 0.9120008945465088, "length": 3.9999985694885254, "mode": "train", "epoch": 4}
{"loss": 0.26872286200523376, "acc": 0.8948952555656433, "length": 4.0, "mode": "test", "epoch": 4}
{"loss": 0.23293933272361755, "acc": 0.914726972579956, "length": 4.0, "mode": "train", "epoch": 5}
{"loss": 0.2575306296348572, "acc": 0.9035477042198181, "length": 4.0, "mode": "test", "epoch": 5}
{"loss": 0.22947093844413757, "acc": 0.9157682657241821, "length": 4.0, "mode": "train", "epoch": 6}
{"loss": 0.24424783885478973, "acc": 0.9107731580734253, "length": 4.0, "mode": "test", "epoch": 6}
{"loss": 0.2279382199048996, "acc": 0.9160746932029724, "length": 4.0, "mode": "train", "epoch": 7}
{"loss": 0.24015235900878906, "acc": 0.9092070460319519, "length": 4.0, "mode": "test", "epoch": 7}
{"loss": 0.22730931639671326, "acc": 0.9164098501205444, "length": 4.0, "mode": "train", "epoch": 8}
{"loss": 0.23093640804290771, "acc": 0.9158236980438232, "length": 4.0, "mode": "test", "epoch": 8}
{"loss": 0.22506415843963623, "acc": 0.9168890118598938, "length": 4.0, "mode": "train", "epoch": 9}
{"loss": 0.2317439466714859, "acc": 0.9149277806282043, "length": 4.0, "mode": "test", "epoch": 9}
{"loss": 0.22230231761932373, "acc": 0.917420506477356, "length": 4.0, "mode": "train", "epoch": 10}
{"loss": 0.24663473665714264, "acc": 0.9079768657684326, "length": 4.0, "mode": "test", "epoch": 10}
{"loss": 0.21152248978614807, "acc": 0.9227479696273804, "length": 4.0, "mode": "train", "epoch": 11}
{"loss": 0.22381186485290527, "acc": 0.918809711933136, "length": 4.0, "mode": "test", "epoch": 11}
{"loss": 0.19943810999393463, "acc": 0.9287447333335876, "length": 4.0, "mode": "train", "epoch": 12}
{"loss": 0.23150713741779327, "acc": 0.9127275347709656, "length": 4.0, "mode": "test", "epoch": 12}
{"loss": 0.19049657881259918, "acc": 0.9340897798538208, "length": 4.0, "mode": "train", "epoch": 13}
{"loss": 0.2111789584159851, "acc": 0.9279606342315674, "length": 4.0, "mode": "test", "epoch": 13}
{"loss": 0.1849696934223175, "acc": 0.9369686245918274, "length": 4.0, "mode": "train", "epoch": 14}
{"loss": 0.20969146490097046, "acc": 0.9267955422401428, "length": 4.0, "mode": "test", "epoch": 14}
{"loss": 0.18073861300945282, "acc": 0.939395546913147, "length": 4.0, "mode": "train", "epoch": 15}
{"loss": 0.2186802476644516, "acc": 0.9289144277572632, "length": 4.0, "mode": "test", "epoch": 15}
{"loss": 0.1824515461921692, "acc": 0.9386076927185059, "length": 4.0, "mode": "train", "epoch": 16}
{"loss": 0.19354170560836792, "acc": 0.9334231615066528, "length": 4.0, "mode": "test", "epoch": 16}
{"loss": 0.17850254476070404, "acc": 0.9398535490036011, "length": 4.0, "mode": "train", "epoch": 17}
{"loss": 0.19213362038135529, "acc": 0.9364197254180908, "length": 4.0, "mode": "test", "epoch": 17}
{"loss": 0.1756087988615036, "acc": 0.9412915706634521, "length": 4.0, "mode": "train", "epoch": 18}
{"loss": 0.2157476544380188, "acc": 0.9250722527503967, "length": 4.0, "mode": "test", "epoch": 18}
{"loss": 0.17835243046283722, "acc": 0.9402304291725159, "length": 4.0, "mode": "train", "epoch": 19}
{"loss": 0.19939759373664856, "acc": 0.9319220185279846, "length": 4.0, "mode": "test", "epoch": 19}
{"loss": 0.17365528643131256, "acc": 0.9423465728759766, "length": 4.0, "mode": "train", "epoch": 20}
{"loss": 0.19362200796604156, "acc": 0.9328955411911011, "length": 4.0, "mode": "test", "epoch": 20}
{"loss": 0.17338252067565918, "acc": 0.9416593909263611, "length": 4.0, "mode": "train", "epoch": 21}
{"loss": 0.19848103821277618, "acc": 0.932973325252533, "length": 4.0, "mode": "test", "epoch": 21}
{"loss": 0.1711776703596115, "acc": 0.9425249099731445, "length": 4.0, "mode": "train", "epoch": 22}
{"loss": 0.18544834852218628, "acc": 0.9378703832626343, "length": 4.0, "mode": "test", "epoch": 22}
{"loss": 0.16827908158302307, "acc": 0.944149374961853, "length": 4.0, "mode": "train", "epoch": 23}
{"loss": 0.2058345377445221, "acc": 0.9292268753051758, "length": 4.0, "mode": "test", "epoch": 23}
{"loss": 0.1700258105993271, "acc": 0.9433705806732178, "length": 4.0, "mode": "train", "epoch": 24}
{"loss": 0.1827232390642166, "acc": 0.9378828406333923, "length": 4.0, "mode": "test", "epoch": 24}
{"loss": 0.16695073246955872, "acc": 0.9446364045143127, "length": 4.0, "mode": "train", "epoch": 25}
{"loss": 0.18463748693466187, "acc": 0.9387248158454895, "length": 4.0, "mode": "test", "epoch": 25}
{"loss": 0.16917842626571655, "acc": 0.9442030191421509, "length": 4.0, "mode": "train", "epoch": 26}
{"loss": 0.19052079319953918, "acc": 0.9355635046958923, "length": 4.0, "mode": "test", "epoch": 26}
{"loss": 0.16678805649280548, "acc": 0.9443902373313904, "length": 4.0, "mode": "train", "epoch": 27}
{"loss": 0.18119627237319946, "acc": 0.9388384819030762, "length": 4.0, "mode": "test", "epoch": 27}
{"loss": 0.16783352196216583, "acc": 0.9440717101097107, "length": 4.0, "mode": "train", "epoch": 28}
{"loss": 0.18986940383911133, "acc": 0.9355526566505432, "length": 4.0, "mode": "test", "epoch": 28}
{"loss": 0.16653579473495483, "acc": 0.9444659948348999, "length": 4.0, "mode": "train", "epoch": 29}
{"loss": 0.18473011255264282, "acc": 0.9376823902130127, "length": 4.0, "mode": "test", "epoch": 29}
{"loss": 0.16301563382148743, "acc": 0.9453670382499695, "length": 4.0, "mode": "train", "epoch": 30}
{"loss": 0.17777128517627716, "acc": 0.9403738975524902, "length": 4.0, "mode": "test", "epoch": 30}
{"loss": 0.16196373105049133, "acc": 0.9460081458091736, "length": 4.0, "mode": "train", "epoch": 31}
{"loss": 0.1821001172065735, "acc": 0.9380781054496765, "length": 4.0, "mode": "test", "epoch": 31}
{"loss": 0.16145706176757812, "acc": 0.9468356966972351, "length": 4.0, "mode": "train", "epoch": 32}
{"loss": 0.17826835811138153, "acc": 0.9399168491363525, "length": 4.0, "mode": "test", "epoch": 32}
{"loss": 0.15885712206363678, "acc": 0.9475345611572266, "length": 4.0, "mode": "train", "epoch": 33}
{"loss": 0.17545950412750244, "acc": 0.9422995448112488, "length": 4.0, "mode": "test", "epoch": 33}
{"loss": 0.15783973038196564, "acc": 0.9479656219482422, "length": 4.0, "mode": "train", "epoch": 34}
{"loss": 0.182075634598732, "acc": 0.9397055506706238, "length": 4.0, "mode": "test", "epoch": 34}
{"loss": 0.1591533124446869, "acc": 0.9471337199211121, "length": 4.0, "mode": "train", "epoch": 35}
{"loss": 0.18445852398872375, "acc": 0.9396929740905762, "length": 4.0, "mode": "test", "epoch": 35}
{"loss": 0.15967735648155212, "acc": 0.9465925693511963, "length": 4.0, "mode": "train", "epoch": 36}
{"loss": 0.1813860982656479, "acc": 0.9380743503570557, "length": 4.0, "mode": "test", "epoch": 36}
{"loss": 0.16004669666290283, "acc": 0.9465612769126892, "length": 4.0, "mode": "train", "epoch": 37}
{"loss": 0.18665634095668793, "acc": 0.9354262351989746, "length": 4.0, "mode": "test", "epoch": 37}
{"loss": 0.16112709045410156, "acc": 0.9457975029945374, "length": 4.0, "mode": "train", "epoch": 38}
{"loss": 0.1762927621603012, "acc": 0.9397813677787781, "length": 4.0, "mode": "test", "epoch": 38}
{"loss": 0.1558978408575058, "acc": 0.9476484060287476, "length": 4.0, "mode": "train", "epoch": 39}
{"loss": 0.18156488239765167, "acc": 0.9370375871658325, "length": 4.0, "mode": "test", "epoch": 39}
{"loss": 0.15480729937553406, "acc": 0.9483988881111145, "length": 4.0, "mode": "train", "epoch": 40}
{"loss": 0.1683540791273117, "acc": 0.9437229037284851, "length": 4.0, "mode": "test", "epoch": 40}
{"loss": 0.15006932616233826, "acc": 0.9504700899124146, "length": 4.0, "mode": "train", "epoch": 41}
{"loss": 0.16990788280963898, "acc": 0.9436994791030884, "length": 4.0, "mode": "test", "epoch": 41}
{"loss": 0.14974911510944366, "acc": 0.9509058594703674, "length": 4.0, "mode": "train", "epoch": 42}
{"loss": 0.1673516035079956, "acc": 0.9455761909484863, "length": 4.0, "mode": "test", "epoch": 42}
{"loss": 0.15188127756118774, "acc": 0.9498669505119324, "length": 4.0, "mode": "train", "epoch": 43}
{"loss": 0.19009090960025787, "acc": 0.9335242509841919, "length": 4.0, "mode": "test", "epoch": 43}
{"loss": 0.1625816524028778, "acc": 0.9450457096099854, "length": 4.0, "mode": "train", "epoch": 44}
{"loss": 0.18122194707393646, "acc": 0.9387300610542297, "length": 4.0, "mode": "test", "epoch": 44}
{"loss": 0.15407058596611023, "acc": 0.9484127759933472, "length": 4.0, "mode": "train", "epoch": 45}
{"loss": 0.17453964054584503, "acc": 0.9425470232963562, "length": 4.0, "mode": "test", "epoch": 45}
{"loss": 0.15404213964939117, "acc": 0.9481599926948547, "length": 4.0, "mode": "train", "epoch": 46}
{"loss": 0.179109588265419, "acc": 0.9380835294723511, "length": 4.0, "mode": "test", "epoch": 46}
{"loss": 0.15414360165596008, "acc": 0.9479992985725403, "length": 4.0, "mode": "train", "epoch": 47}
{"loss": 0.1761171519756317, "acc": 0.94097900390625, "length": 4.0, "mode": "test", "epoch": 47}
{"loss": 0.1537896990776062, "acc": 0.9485487937927246, "length": 4.0, "mode": "train", "epoch": 48}
{"loss": 0.17036747932434082, "acc": 0.9419291019439697, "length": 4.0, "mode": "test", "epoch": 48}
{"loss": 0.15271733701229095, "acc": 0.9487456679344177, "length": 4.0, "mode": "train", "epoch": 49}
{"loss": 0.17238621413707733, "acc": 0.9407406449317932, "length": 4.0, "mode": "test", "epoch": 49}
{"loss": 0.1574161946773529, "acc": 0.9464390873908997, "length": 4.0, "mode": "train", "epoch": 50}
{"loss": 0.1718183010816574, "acc": 0.9418622851371765, "length": 4.0, "mode": "test", "epoch": 50}
{"loss": 0.15654417872428894, "acc": 0.9468188881874084, "length": 4.0, "mode": "train", "epoch": 51}
{"loss": 0.1759362369775772, "acc": 0.9389054179191589, "length": 4.0, "mode": "test", "epoch": 51}
{"loss": 0.1549006849527359, "acc": 0.9472565054893494, "length": 4.0, "mode": "train", "epoch": 52}
{"loss": 0.1730605661869049, "acc": 0.9409013390541077, "length": 4.0, "mode": "test", "epoch": 52}
{"loss": 0.15410834550857544, "acc": 0.9477694034576416, "length": 4.0, "mode": "train", "epoch": 53}
{"loss": 0.17520694434642792, "acc": 0.940032422542572, "length": 4.0, "mode": "test", "epoch": 53}
{"loss": 0.1543065458536148, "acc": 0.947672426700592, "length": 4.0, "mode": "train", "epoch": 54}
{"loss": 0.16850797832012177, "acc": 0.9428089261054993, "length": 4.0, "mode": "test", "epoch": 54}
{"loss": 0.15549354255199432, "acc": 0.9467629790306091, "length": 4.0, "mode": "train", "epoch": 55}
{"loss": 0.17057465016841888, "acc": 0.9412211179733276, "length": 4.0, "mode": "test", "epoch": 55}
{"loss": 0.15431754291057587, "acc": 0.9473094344139099, "length": 4.0, "mode": "train", "epoch": 56}
{"loss": 0.1688818484544754, "acc": 0.9418262243270874, "length": 4.0, "mode": "test", "epoch": 56}
{"loss": 0.15350903570652008, "acc": 0.9478867650032043, "length": 4.0, "mode": "train", "epoch": 57}
{"loss": 0.1680639386177063, "acc": 0.9434411525726318, "length": 4.0, "mode": "test", "epoch": 57}
{"loss": 0.1501498967409134, "acc": 0.9493534564971924, "length": 4.0, "mode": "train", "epoch": 58}
{"loss": 0.16326376795768738, "acc": 0.9453993439674377, "length": 4.0, "mode": "test", "epoch": 58}
{"loss": 0.14936301112174988, "acc": 0.9498639702796936, "length": 4.0, "mode": "train", "epoch": 59}
{"loss": 0.16988426446914673, "acc": 0.9423229694366455, "length": 4.0, "mode": "test", "epoch": 59}
{"loss": 0.14922063052654266, "acc": 0.9502118825912476, "length": 4.0, "mode": "train", "epoch": 60}
{"loss": 0.16251100599765778, "acc": 0.9459086060523987, "length": 4.0, "mode": "test", "epoch": 60}
test accuracy: 0.9390791058540344
