# ["--attributes=3", "--values=16", "--game_size=10", "--vocab_size_factor=3", "--n_epochs=60", "--batch_size=32", "--learning_rate=0.001", "--hidden_size=256", "--temp_update=0.97", "--temperature=1"]
Creating train_ds and val_ds...

Creating test_ds...
{"loss": 0.3904169499874115, "acc": 0.8301385045051575, "length": 3.9517784118652344, "mode": "train", "epoch": 1}
{"loss": 0.3109096884727478, "acc": 0.8742215037345886, "length": 4.0, "mode": "test", "epoch": 1}
{"loss": 0.30492520332336426, "acc": 0.8754991292953491, "length": 3.9999706745147705, "mode": "train", "epoch": 2}
{"loss": 0.2917160093784332, "acc": 0.8791239857673645, "length": 4.0, "mode": "test", "epoch": 2}
{"loss": 0.2973170280456543, "acc": 0.877461850643158, "length": 3.9999895095825195, "mode": "train", "epoch": 3}
{"loss": 0.29442694783210754, "acc": 0.8774422407150269, "length": 4.0, "mode": "test", "epoch": 3}
{"loss": 0.29300516843795776, "acc": 0.8786185383796692, "length": 3.9999961853027344, "mode": "train", "epoch": 4}
{"loss": 0.2936929762363434, "acc": 0.8779877424240112, "length": 4.0, "mode": "test", "epoch": 4}
{"loss": 0.29065176844596863, "acc": 0.879609227180481, "length": 3.9999966621398926, "mode": "train", "epoch": 5}
{"loss": 0.28984925150871277, "acc": 0.8806973099708557, "length": 4.0, "mode": "test", "epoch": 5}
{"loss": 0.29091697931289673, "acc": 0.8791625499725342, "length": 3.9999992847442627, "mode": "train", "epoch": 6}
{"loss": 0.2960534989833832, "acc": 0.8775432705879211, "length": 4.0, "mode": "test", "epoch": 6}
{"loss": 0.2897018492221832, "acc": 0.8795436024665833, "length": 4.0, "mode": "train", "epoch": 7}
{"loss": 0.2900320291519165, "acc": 0.8799188137054443, "length": 4.0, "mode": "test", "epoch": 7}
{"loss": 0.290031760931015, "acc": 0.8796489238739014, "length": 4.0, "mode": "train", "epoch": 8}
{"loss": 0.2927880883216858, "acc": 0.8790608644485474, "length": 4.0, "mode": "test", "epoch": 8}
{"loss": 0.28972476720809937, "acc": 0.8795393705368042, "length": 4.0, "mode": "train", "epoch": 9}
{"loss": 0.29198890924453735, "acc": 0.8784970641136169, "length": 4.0, "mode": "test", "epoch": 9}
{"loss": 0.2888540029525757, "acc": 0.8799238801002502, "length": 4.0, "mode": "train", "epoch": 10}
{"loss": 0.28900477290153503, "acc": 0.8804624676704407, "length": 4.0, "mode": "test", "epoch": 10}
{"loss": 0.28858938813209534, "acc": 0.8800840973854065, "length": 4.0, "mode": "train", "epoch": 11}
{"loss": 0.29368823766708374, "acc": 0.878598153591156, "length": 4.0, "mode": "test", "epoch": 11}
{"loss": 0.2868957221508026, "acc": 0.8809716701507568, "length": 4.0, "mode": "train", "epoch": 12}
{"loss": 0.28652554750442505, "acc": 0.8822688460350037, "length": 4.0, "mode": "test", "epoch": 12}
{"loss": 0.28741732239723206, "acc": 0.8808284401893616, "length": 4.0, "mode": "train", "epoch": 13}
{"loss": 0.2920823395252228, "acc": 0.8804948329925537, "length": 4.0, "mode": "test", "epoch": 13}
{"loss": 0.2858004570007324, "acc": 0.8820831775665283, "length": 4.0, "mode": "train", "epoch": 14}
{"loss": 0.28672999143600464, "acc": 0.8828504085540771, "length": 4.0, "mode": "test", "epoch": 14}
{"loss": 0.2823205292224884, "acc": 0.8845619559288025, "length": 3.9999992847442627, "mode": "train", "epoch": 15}
{"loss": 0.2777842581272125, "acc": 0.8877962827682495, "length": 4.0, "mode": "test", "epoch": 15}
{"loss": 0.2710816264152527, "acc": 0.8910006284713745, "length": 4.0, "mode": "train", "epoch": 16}
{"loss": 0.26427850127220154, "acc": 0.894866406917572, "length": 4.0, "mode": "test", "epoch": 16}
{"loss": 0.2636203467845917, "acc": 0.8971378207206726, "length": 4.0, "mode": "train", "epoch": 17}
{"loss": 0.2627718150615692, "acc": 0.8999061584472656, "length": 4.0, "mode": "test", "epoch": 17}
{"loss": 0.24821507930755615, "acc": 0.9084222316741943, "length": 4.0, "mode": "train", "epoch": 18}
{"loss": 0.24079729616641998, "acc": 0.913896381855011, "length": 4.0, "mode": "test", "epoch": 18}
{"loss": 0.2401956170797348, "acc": 0.9136211276054382, "length": 4.0, "mode": "train", "epoch": 19}
{"loss": 0.2486342340707779, "acc": 0.9100162982940674, "length": 4.0, "mode": "test", "epoch": 19}
{"loss": 0.23604586720466614, "acc": 0.914850115776062, "length": 4.0, "mode": "train", "epoch": 20}
{"loss": 0.23113177716732025, "acc": 0.9170808792114258, "length": 4.0, "mode": "test", "epoch": 20}
{"loss": 0.23372459411621094, "acc": 0.9155907034873962, "length": 4.0, "mode": "train", "epoch": 21}
{"loss": 0.23493917286396027, "acc": 0.9154280424118042, "length": 4.0, "mode": "test", "epoch": 21}
{"loss": 0.2331007570028305, "acc": 0.9161847829818726, "length": 4.0, "mode": "train", "epoch": 22}
{"loss": 0.23109041154384613, "acc": 0.9174692630767822, "length": 4.0, "mode": "test", "epoch": 22}
{"loss": 0.2298889458179474, "acc": 0.9168587923049927, "length": 4.0, "mode": "train", "epoch": 23}
{"loss": 0.23014101386070251, "acc": 0.9162446856498718, "length": 4.0, "mode": "test", "epoch": 23}
{"loss": 0.22494415938854218, "acc": 0.9188947677612305, "length": 4.0, "mode": "train", "epoch": 24}
{"loss": 0.2295873910188675, "acc": 0.9164215326309204, "length": 4.0, "mode": "test", "epoch": 24}
{"loss": 0.22480535507202148, "acc": 0.9187430739402771, "length": 4.0, "mode": "train", "epoch": 25}
{"loss": 0.22053192555904388, "acc": 0.9208109974861145, "length": 4.0, "mode": "test", "epoch": 25}
{"loss": 0.22073355317115784, "acc": 0.9203690886497498, "length": 4.0, "mode": "train", "epoch": 26}
{"loss": 0.22095438838005066, "acc": 0.9205653667449951, "length": 4.0, "mode": "test", "epoch": 26}
{"loss": 0.22287961840629578, "acc": 0.9193460941314697, "length": 4.0, "mode": "train", "epoch": 27}
{"loss": 0.22290998697280884, "acc": 0.9213205575942993, "length": 4.0, "mode": "test", "epoch": 27}
{"loss": 0.21909736096858978, "acc": 0.9223750829696655, "length": 4.0, "mode": "train", "epoch": 28}
{"loss": 0.21523253619670868, "acc": 0.9230546355247498, "length": 4.0, "mode": "test", "epoch": 28}
{"loss": 0.21451984345912933, "acc": 0.9241670966148376, "length": 4.0, "mode": "train", "epoch": 29}
{"loss": 0.22019678354263306, "acc": 0.92131507396698, "length": 4.0, "mode": "test", "epoch": 29}
{"loss": 0.21325138211250305, "acc": 0.9243561029434204, "length": 4.0, "mode": "train", "epoch": 30}
{"loss": 0.21609410643577576, "acc": 0.9240624308586121, "length": 4.0, "mode": "test", "epoch": 30}
{"loss": 0.21292263269424438, "acc": 0.924004077911377, "length": 4.0, "mode": "train", "epoch": 31}
{"loss": 0.20564134418964386, "acc": 0.9273391366004944, "length": 4.0, "mode": "test", "epoch": 31}
{"loss": 0.20811185240745544, "acc": 0.9260013699531555, "length": 4.0, "mode": "train", "epoch": 32}
{"loss": 0.20602358877658844, "acc": 0.9274729490280151, "length": 4.0, "mode": "test", "epoch": 32}
{"loss": 0.20973989367485046, "acc": 0.9254645705223083, "length": 4.0, "mode": "train", "epoch": 33}
{"loss": 0.21102264523506165, "acc": 0.9248645305633545, "length": 4.0, "mode": "test", "epoch": 33}
{"loss": 0.20886120200157166, "acc": 0.9261216521263123, "length": 4.0, "mode": "train", "epoch": 34}
{"loss": 0.21131184697151184, "acc": 0.9249259829521179, "length": 4.0, "mode": "test", "epoch": 34}
{"loss": 0.20457033812999725, "acc": 0.9277472496032715, "length": 4.0, "mode": "train", "epoch": 35}
{"loss": 0.20708726346492767, "acc": 0.9261469841003418, "length": 4.0, "mode": "test", "epoch": 35}
{"loss": 0.20613525807857513, "acc": 0.9271513819694519, "length": 4.0, "mode": "train", "epoch": 36}
{"loss": 0.2032427340745926, "acc": 0.9284176826477051, "length": 4.0, "mode": "test", "epoch": 36}
{"loss": 0.2024843841791153, "acc": 0.9283688068389893, "length": 4.0, "mode": "train", "epoch": 37}
{"loss": 0.212432399392128, "acc": 0.9248680472373962, "length": 4.0, "mode": "test", "epoch": 37}
{"loss": 0.20324869453907013, "acc": 0.9278706312179565, "length": 4.0, "mode": "train", "epoch": 38}
{"loss": 0.2100697010755539, "acc": 0.9249908924102783, "length": 4.0, "mode": "test", "epoch": 38}
{"loss": 0.20486924052238464, "acc": 0.9268866181373596, "length": 4.0, "mode": "train", "epoch": 39}
{"loss": 0.22213990986347198, "acc": 0.9193496108055115, "length": 4.0, "mode": "test", "epoch": 39}
{"loss": 0.2136770337820053, "acc": 0.9226818084716797, "length": 4.0, "mode": "train", "epoch": 40}
{"loss": 0.22651205956935883, "acc": 0.9174240827560425, "length": 4.0, "mode": "test", "epoch": 40}
{"loss": 0.21292929351329803, "acc": 0.9230712652206421, "length": 4.0, "mode": "train", "epoch": 41}
{"loss": 0.21342293918132782, "acc": 0.923708438873291, "length": 4.0, "mode": "test", "epoch": 41}
{"loss": 0.21514484286308289, "acc": 0.9219512343406677, "length": 4.0, "mode": "train", "epoch": 42}
{"loss": 0.21545657515525818, "acc": 0.922431468963623, "length": 4.0, "mode": "test", "epoch": 42}
{"loss": 0.20985157787799835, "acc": 0.9243561029434204, "length": 4.0, "mode": "train", "epoch": 43}
{"loss": 0.20749138295650482, "acc": 0.9260171055793762, "length": 4.0, "mode": "test", "epoch": 43}
{"loss": 0.20980820059776306, "acc": 0.9238367080688477, "length": 4.0, "mode": "train", "epoch": 44}
{"loss": 0.2125634402036667, "acc": 0.9240318536758423, "length": 4.0, "mode": "test", "epoch": 44}
{"loss": 0.2063899040222168, "acc": 0.9257493019104004, "length": 4.0, "mode": "train", "epoch": 45}
{"loss": 0.20664875209331512, "acc": 0.925720751285553, "length": 4.0, "mode": "test", "epoch": 45}
{"loss": 0.20335644483566284, "acc": 0.9269057512283325, "length": 4.0, "mode": "train", "epoch": 46}
{"loss": 0.21766334772109985, "acc": 0.9231593012809753, "length": 4.0, "mode": "test", "epoch": 46}
{"loss": 0.20594877004623413, "acc": 0.925995945930481, "length": 4.0, "mode": "train", "epoch": 47}
{"loss": 0.21411146223545074, "acc": 0.9216617941856384, "length": 4.0, "mode": "test", "epoch": 47}
{"loss": 0.2048301249742508, "acc": 0.9262891411781311, "length": 4.0, "mode": "train", "epoch": 48}
{"loss": 0.20639748871326447, "acc": 0.9269418120384216, "length": 4.0, "mode": "test", "epoch": 48}
{"loss": 0.20537470281124115, "acc": 0.9263467788696289, "length": 4.0, "mode": "train", "epoch": 49}
{"loss": 0.20879007875919342, "acc": 0.9264287948608398, "length": 4.0, "mode": "test", "epoch": 49}
{"loss": 0.20308396220207214, "acc": 0.927372932434082, "length": 4.0, "mode": "train", "epoch": 50}
{"loss": 0.2232837975025177, "acc": 0.9188259243965149, "length": 4.0, "mode": "test", "epoch": 50}
{"loss": 0.20676276087760925, "acc": 0.9253081679344177, "length": 4.0, "mode": "train", "epoch": 51}
{"loss": 0.2098313421010971, "acc": 0.9240370988845825, "length": 4.0, "mode": "test", "epoch": 51}
{"loss": 0.20712104439735413, "acc": 0.9248181581497192, "length": 4.0, "mode": "train", "epoch": 52}
{"loss": 0.20868830382823944, "acc": 0.9256864190101624, "length": 4.0, "mode": "test", "epoch": 52}
{"loss": 0.2013002187013626, "acc": 0.9281468987464905, "length": 4.0, "mode": "train", "epoch": 53}
{"loss": 0.20638658106327057, "acc": 0.9265281558036804, "length": 4.0, "mode": "test", "epoch": 53}
{"loss": 0.2036130428314209, "acc": 0.9272248148918152, "length": 4.0, "mode": "train", "epoch": 54}
{"loss": 0.20973119139671326, "acc": 0.9254245162010193, "length": 4.0, "mode": "test", "epoch": 54}
{"loss": 0.2047516107559204, "acc": 0.9266170263290405, "length": 4.0, "mode": "train", "epoch": 55}
{"loss": 0.20915891230106354, "acc": 0.9252077341079712, "length": 4.0, "mode": "test", "epoch": 55}
{"loss": 0.20407746732234955, "acc": 0.9268108010292053, "length": 4.0, "mode": "train", "epoch": 56}
{"loss": 0.21080219745635986, "acc": 0.92451411485672, "length": 4.0, "mode": "test", "epoch": 56}
{"loss": 0.2069031149148941, "acc": 0.9249740839004517, "length": 4.0, "mode": "train", "epoch": 57}
{"loss": 0.20806950330734253, "acc": 0.9249494671821594, "length": 4.0, "mode": "test", "epoch": 57}
{"loss": 0.20540565252304077, "acc": 0.9255777597427368, "length": 4.0, "mode": "train", "epoch": 58}
{"loss": 0.20350345969200134, "acc": 0.9266039729118347, "length": 4.0, "mode": "test", "epoch": 58}
{"loss": 0.20211704075336456, "acc": 0.9268909096717834, "length": 4.0, "mode": "train", "epoch": 59}
{"loss": 0.20796406269073486, "acc": 0.9249746799468994, "length": 4.0, "mode": "test", "epoch": 59}
{"loss": 0.2017492800951004, "acc": 0.9274469017982483, "length": 4.0, "mode": "train", "epoch": 60}
{"loss": 0.20111824572086334, "acc": 0.9284049868583679, "length": 4.0, "mode": "test", "epoch": 60}
test accuracy: 0.9212705492973328
