# ["--attributes=3", "--values=16", "--game_size=10", "--vocab_size_factor=3", "--n_epochs=60", "--batch_size=32", "--learning_rate=0.001", "--hidden_size=256", "--temp_update=0.97", "--temperature=1.5"]
Creating train_ds and val_ds...

Creating test_ds...
{"loss": 0.422990620136261, "acc": 0.8126969337463379, "length": 3.9342312812805176, "mode": "train", "epoch": 1}
{"loss": 0.32521986961364746, "acc": 0.8681804537773132, "length": 4.0, "mode": "test", "epoch": 1}
{"loss": 0.2679067850112915, "acc": 0.9012601375579834, "length": 3.999966859817505, "mode": "train", "epoch": 2}
{"loss": 0.25266510248184204, "acc": 0.9084271192550659, "length": 4.0, "mode": "test", "epoch": 2}
{"loss": 0.23233646154403687, "acc": 0.9164692163467407, "length": 3.9999947547912598, "mode": "train", "epoch": 3}
{"loss": 0.2325381189584732, "acc": 0.9165260195732117, "length": 4.0, "mode": "test", "epoch": 3}
{"loss": 0.22526167333126068, "acc": 0.919278621673584, "length": 3.9999988079071045, "mode": "train", "epoch": 4}
{"loss": 0.22679297626018524, "acc": 0.9178308248519897, "length": 4.0, "mode": "test", "epoch": 4}
{"loss": 0.21547357738018036, "acc": 0.9227586984634399, "length": 4.0, "mode": "train", "epoch": 5}
{"loss": 0.2129429280757904, "acc": 0.925517201423645, "length": 4.0, "mode": "test", "epoch": 5}
{"loss": 0.2106761932373047, "acc": 0.9249796867370605, "length": 4.0, "mode": "train", "epoch": 6}
{"loss": 0.21678240597248077, "acc": 0.9248269200325012, "length": 4.0, "mode": "test", "epoch": 6}
{"loss": 0.2042577862739563, "acc": 0.928902268409729, "length": 4.0, "mode": "train", "epoch": 7}
{"loss": 0.2019321620464325, "acc": 0.9304011464118958, "length": 4.0, "mode": "test", "epoch": 7}
{"loss": 0.19818666577339172, "acc": 0.9318210482597351, "length": 4.0, "mode": "train", "epoch": 8}
{"loss": 0.21099047362804413, "acc": 0.9279736876487732, "length": 4.0, "mode": "test", "epoch": 8}
{"loss": 0.19915762543678284, "acc": 0.9314913153648376, "length": 4.0, "mode": "train", "epoch": 9}
{"loss": 0.202070951461792, "acc": 0.9309508204460144, "length": 4.0, "mode": "test", "epoch": 9}
{"loss": 0.19701620936393738, "acc": 0.9323570132255554, "length": 4.0, "mode": "train", "epoch": 10}
{"loss": 0.20145539939403534, "acc": 0.9317004680633545, "length": 4.0, "mode": "test", "epoch": 10}
{"loss": 0.1968248188495636, "acc": 0.9320236444473267, "length": 4.0, "mode": "train", "epoch": 11}
{"loss": 0.19863386452198029, "acc": 0.932518720626831, "length": 4.0, "mode": "test", "epoch": 11}
{"loss": 0.1966055929660797, "acc": 0.9322446584701538, "length": 4.0, "mode": "train", "epoch": 12}
{"loss": 0.19529478251934052, "acc": 0.9334214925765991, "length": 4.0, "mode": "test", "epoch": 12}
{"loss": 0.19304543733596802, "acc": 0.9337403774261475, "length": 4.0, "mode": "train", "epoch": 13}
{"loss": 0.20004206895828247, "acc": 0.9316391944885254, "length": 4.0, "mode": "test", "epoch": 13}
{"loss": 0.1945257931947708, "acc": 0.932897686958313, "length": 4.0, "mode": "train", "epoch": 14}
{"loss": 0.20190049707889557, "acc": 0.9304066300392151, "length": 4.0, "mode": "test", "epoch": 14}
{"loss": 0.19340839982032776, "acc": 0.9334899187088013, "length": 4.0, "mode": "train", "epoch": 15}
{"loss": 0.1933044046163559, "acc": 0.9345317482948303, "length": 4.0, "mode": "test", "epoch": 15}
{"loss": 0.18877030909061432, "acc": 0.9353563785552979, "length": 4.0, "mode": "train", "epoch": 16}
{"loss": 0.19391284883022308, "acc": 0.9356274604797363, "length": 4.0, "mode": "test", "epoch": 16}
{"loss": 0.1897772252559662, "acc": 0.935504674911499, "length": 4.0, "mode": "train", "epoch": 17}
{"loss": 0.18919025361537933, "acc": 0.9367774128913879, "length": 4.0, "mode": "test", "epoch": 17}
{"loss": 0.18682906031608582, "acc": 0.9362615942955017, "length": 4.0, "mode": "train", "epoch": 18}
{"loss": 0.1909569799900055, "acc": 0.9355969429016113, "length": 4.0, "mode": "test", "epoch": 18}
{"loss": 0.18556061387062073, "acc": 0.9367691874504089, "length": 4.0, "mode": "train", "epoch": 19}
{"loss": 0.1954110711812973, "acc": 0.9349516034126282, "length": 4.0, "mode": "test", "epoch": 19}
{"loss": 0.18437275290489197, "acc": 0.9378018379211426, "length": 4.0, "mode": "train", "epoch": 20}
{"loss": 0.18508392572402954, "acc": 0.9386551380157471, "length": 4.0, "mode": "test", "epoch": 20}
{"loss": 0.18436498939990997, "acc": 0.9377868175506592, "length": 4.0, "mode": "train", "epoch": 21}
{"loss": 0.1861289143562317, "acc": 0.9382119178771973, "length": 4.0, "mode": "test", "epoch": 21}
{"loss": 0.1835279017686844, "acc": 0.9379472732543945, "length": 4.0, "mode": "train", "epoch": 22}
{"loss": 0.18300889432430267, "acc": 0.9399059414863586, "length": 4.0, "mode": "test", "epoch": 22}
{"loss": 0.18303446471691132, "acc": 0.9381845593452454, "length": 4.0, "mode": "train", "epoch": 23}
{"loss": 0.18575961887836456, "acc": 0.9379290342330933, "length": 4.0, "mode": "test", "epoch": 23}
{"loss": 0.18332073092460632, "acc": 0.9387581944465637, "length": 4.0, "mode": "train", "epoch": 24}
{"loss": 0.18447494506835938, "acc": 0.9392102956771851, "length": 4.0, "mode": "test", "epoch": 24}
{"loss": 0.18027132749557495, "acc": 0.9407519102096558, "length": 4.0, "mode": "train", "epoch": 25}
{"loss": 0.18559087812900543, "acc": 0.9398823976516724, "length": 4.0, "mode": "test", "epoch": 25}
{"loss": 0.17753879725933075, "acc": 0.9418716430664062, "length": 4.0, "mode": "train", "epoch": 26}
{"loss": 0.18388321995735168, "acc": 0.9394608736038208, "length": 4.0, "mode": "test", "epoch": 26}
{"loss": 0.1835702508687973, "acc": 0.939723014831543, "length": 4.0, "mode": "train", "epoch": 27}
{"loss": 0.17926065623760223, "acc": 0.9437733888626099, "length": 4.0, "mode": "test", "epoch": 27}
{"loss": 0.1784892976284027, "acc": 0.9418548941612244, "length": 4.0, "mode": "train", "epoch": 28}
{"loss": 0.18976040184497833, "acc": 0.938361406326294, "length": 4.0, "mode": "test", "epoch": 28}
{"loss": 0.1792031228542328, "acc": 0.9422309994697571, "length": 4.0, "mode": "train", "epoch": 29}
{"loss": 0.1802077740430832, "acc": 0.9416883587837219, "length": 4.0, "mode": "test", "epoch": 29}
{"loss": 0.17927509546279907, "acc": 0.9413766860961914, "length": 4.0, "mode": "train", "epoch": 30}
{"loss": 0.1816374510526657, "acc": 0.9420775771141052, "length": 4.0, "mode": "test", "epoch": 30}
{"loss": 0.17870408296585083, "acc": 0.9423335790634155, "length": 4.0, "mode": "train", "epoch": 31}
{"loss": 0.18870289623737335, "acc": 0.9395239949226379, "length": 4.0, "mode": "test", "epoch": 31}
{"loss": 0.17721745371818542, "acc": 0.9425306916236877, "length": 4.0, "mode": "train", "epoch": 32}
{"loss": 0.17423593997955322, "acc": 0.9447663426399231, "length": 4.0, "mode": "test", "epoch": 32}
{"loss": 0.17148275673389435, "acc": 0.9451258182525635, "length": 4.0, "mode": "train", "epoch": 33}
{"loss": 0.1749947965145111, "acc": 0.9448060989379883, "length": 4.0, "mode": "test", "epoch": 33}
{"loss": 0.17366145551204681, "acc": 0.9442655444145203, "length": 4.0, "mode": "train", "epoch": 34}
{"loss": 0.17497028410434723, "acc": 0.9441410899162292, "length": 4.0, "mode": "test", "epoch": 34}
{"loss": 0.17290478944778442, "acc": 0.9443899393081665, "length": 4.0, "mode": "train", "epoch": 35}
{"loss": 0.17314177751541138, "acc": 0.9458369016647339, "length": 4.0, "mode": "test", "epoch": 35}
{"loss": 0.17339643836021423, "acc": 0.9442325234413147, "length": 4.0, "mode": "train", "epoch": 36}
{"loss": 0.17717327177524567, "acc": 0.9428362250328064, "length": 4.0, "mode": "test", "epoch": 36}
{"loss": 0.1754906177520752, "acc": 0.943168044090271, "length": 4.0, "mode": "train", "epoch": 37}
{"loss": 0.18687237799167633, "acc": 0.9390283226966858, "length": 4.0, "mode": "test", "epoch": 37}
{"loss": 0.17925670742988586, "acc": 0.9410739541053772, "length": 4.0, "mode": "train", "epoch": 38}
{"loss": 0.1767842173576355, "acc": 0.9433157444000244, "length": 4.0, "mode": "test", "epoch": 38}
{"loss": 0.1752224862575531, "acc": 0.9428407549858093, "length": 4.0, "mode": "train", "epoch": 39}
{"loss": 0.1742955446243286, "acc": 0.9445555210113525, "length": 4.0, "mode": "test", "epoch": 39}
{"loss": 0.1776757389307022, "acc": 0.9421426653862, "length": 4.0, "mode": "train", "epoch": 40}
{"loss": 0.18092063069343567, "acc": 0.9410088062286377, "length": 4.0, "mode": "test", "epoch": 40}
{"loss": 0.17489595711231232, "acc": 0.9427757859230042, "length": 4.0, "mode": "train", "epoch": 41}
{"loss": 0.1790314018726349, "acc": 0.9415459036827087, "length": 4.0, "mode": "test", "epoch": 41}
{"loss": 0.17748597264289856, "acc": 0.9410427212715149, "length": 4.0, "mode": "train", "epoch": 42}
{"loss": 0.1878175437450409, "acc": 0.9367683529853821, "length": 4.0, "mode": "test", "epoch": 42}
{"loss": 0.17617392539978027, "acc": 0.941027045249939, "length": 4.0, "mode": "train", "epoch": 43}
{"loss": 0.18327121436595917, "acc": 0.9384804368019104, "length": 4.0, "mode": "test", "epoch": 43}
{"loss": 0.18466828763484955, "acc": 0.9367156624794006, "length": 4.0, "mode": "train", "epoch": 44}
{"loss": 0.18741174042224884, "acc": 0.936988115310669, "length": 4.0, "mode": "test", "epoch": 44}
{"loss": 0.1841363161802292, "acc": 0.9371861219406128, "length": 4.0, "mode": "train", "epoch": 45}
{"loss": 0.19083069264888763, "acc": 0.9357861876487732, "length": 4.0, "mode": "test", "epoch": 45}
{"loss": 0.17937709391117096, "acc": 0.9392159581184387, "length": 4.0, "mode": "train", "epoch": 46}
{"loss": 0.18950243294239044, "acc": 0.9348200559616089, "length": 4.0, "mode": "test", "epoch": 46}
{"loss": 0.1814449280500412, "acc": 0.9382644295692444, "length": 4.0, "mode": "train", "epoch": 47}
{"loss": 0.1823878288269043, "acc": 0.9384298920631409, "length": 4.0, "mode": "test", "epoch": 47}
{"loss": 0.18333084881305695, "acc": 0.9370299577713013, "length": 4.0, "mode": "train", "epoch": 48}
{"loss": 0.1988523304462433, "acc": 0.9314338564872742, "length": 4.0, "mode": "test", "epoch": 48}
{"loss": 0.18485325574874878, "acc": 0.9364292025566101, "length": 4.0, "mode": "train", "epoch": 49}
{"loss": 0.1846129596233368, "acc": 0.9373666048049927, "length": 4.0, "mode": "test", "epoch": 49}
{"loss": 0.1842130571603775, "acc": 0.9367902278900146, "length": 4.0, "mode": "train", "epoch": 50}
{"loss": 0.18892258405685425, "acc": 0.9365448355674744, "length": 4.0, "mode": "test", "epoch": 50}
{"loss": 0.18694300949573517, "acc": 0.9359511137008667, "length": 4.0, "mode": "train", "epoch": 51}
{"loss": 0.18870526552200317, "acc": 0.9360185265541077, "length": 4.0, "mode": "test", "epoch": 51}
{"loss": 0.18855784833431244, "acc": 0.9345898032188416, "length": 4.0, "mode": "train", "epoch": 52}
{"loss": 0.19615912437438965, "acc": 0.9323710203170776, "length": 4.0, "mode": "test", "epoch": 52}
{"loss": 0.18831917643547058, "acc": 0.9341831207275391, "length": 4.0, "mode": "train", "epoch": 53}
{"loss": 0.2045770287513733, "acc": 0.9279879331588745, "length": 4.0, "mode": "test", "epoch": 53}
{"loss": 0.18844760954380035, "acc": 0.9340293407440186, "length": 4.0, "mode": "train", "epoch": 54}
{"loss": 0.19491927325725555, "acc": 0.9316338896751404, "length": 4.0, "mode": "test", "epoch": 54}
{"loss": 0.1873837113380432, "acc": 0.9342762231826782, "length": 4.0, "mode": "train", "epoch": 55}
{"loss": 0.19066333770751953, "acc": 0.9327475428581238, "length": 4.0, "mode": "test", "epoch": 55}
{"loss": 0.19048470258712769, "acc": 0.9324807524681091, "length": 4.0, "mode": "train", "epoch": 56}
{"loss": 0.20510809123516083, "acc": 0.9257820844650269, "length": 4.0, "mode": "test", "epoch": 56}
{"loss": 0.19341126084327698, "acc": 0.9304209351539612, "length": 4.0, "mode": "train", "epoch": 57}
{"loss": 0.1952090561389923, "acc": 0.9303216934204102, "length": 4.0, "mode": "test", "epoch": 57}
{"loss": 0.19402644038200378, "acc": 0.9303890466690063, "length": 4.0, "mode": "train", "epoch": 58}
{"loss": 0.19423715770244598, "acc": 0.9315419793128967, "length": 4.0, "mode": "test", "epoch": 58}
{"loss": 0.19450265169143677, "acc": 0.930255651473999, "length": 4.0, "mode": "train", "epoch": 59}
{"loss": 0.20035819709300995, "acc": 0.9281448721885681, "length": 4.0, "mode": "test", "epoch": 59}
{"loss": 0.19255994260311127, "acc": 0.9309417009353638, "length": 4.0, "mode": "train", "epoch": 60}
{"loss": 0.2023964822292328, "acc": 0.9275104999542236, "length": 4.0, "mode": "test", "epoch": 60}
test accuracy: 0.918505847454071
