# ["--attributes=3", "--values=4", "--game_size=10", "--vocab_size_factor=3", "--n_epochs=60", "--batch_size=32", "--learning_rate=0.0005", "--hidden_size=128", "--temp_update=0.97", "--temperature=1.5"]
Creating train_ds and val_ds...

Creating test_ds...
{"loss": 0.6924534440040588, "acc": 0.5174435973167419, "length": 3.571896553039551, "mode": "train", "epoch": 1}
{"loss": 0.6785223484039307, "acc": 0.5906168818473816, "length": 3.90625, "mode": "test", "epoch": 1}
{"loss": 0.6347230672836304, "acc": 0.6368215084075928, "length": 3.8657186031341553, "mode": "train", "epoch": 2}
{"loss": 0.5981597900390625, "acc": 0.6893230080604553, "length": 4.0, "mode": "test", "epoch": 2}
{"loss": 0.5846427083015442, "acc": 0.6893928050994873, "length": 3.9620630741119385, "mode": "train", "epoch": 3}
{"loss": 0.5936573147773743, "acc": 0.6947050094604492, "length": 4.0, "mode": "test", "epoch": 3}
{"loss": 0.5720874667167664, "acc": 0.708926260471344, "length": 3.969094753265381, "mode": "train", "epoch": 4}
{"loss": 0.5925036668777466, "acc": 0.6982638835906982, "length": 4.0, "mode": "test", "epoch": 4}
{"loss": 0.5560532212257385, "acc": 0.7164848446846008, "length": 3.9796838760375977, "mode": "train", "epoch": 5}
{"loss": 0.5829888582229614, "acc": 0.6859375834465027, "length": 4.0, "mode": "test", "epoch": 5}
{"loss": 0.5547855496406555, "acc": 0.7165350914001465, "length": 3.9883761405944824, "mode": "train", "epoch": 6}
{"loss": 0.5702406764030457, "acc": 0.7143228650093079, "length": 4.0, "mode": "test", "epoch": 6}
{"loss": 0.5428075194358826, "acc": 0.7200644612312317, "length": 3.995126247406006, "mode": "train", "epoch": 7}
{"loss": 0.5591896176338196, "acc": 0.7088541984558105, "length": 4.0, "mode": "test", "epoch": 7}
{"loss": 0.5308642983436584, "acc": 0.7319536209106445, "length": 3.9963836669921875, "mode": "train", "epoch": 8}
{"loss": 0.5419400334358215, "acc": 0.7183159589767456, "length": 4.0, "mode": "test", "epoch": 8}
{"loss": 0.51999831199646, "acc": 0.7359097003936768, "length": 3.997274160385132, "mode": "train", "epoch": 9}
{"loss": 0.5294598937034607, "acc": 0.7391493320465088, "length": 4.0, "mode": "test", "epoch": 9}
{"loss": 0.4983510971069336, "acc": 0.7604612708091736, "length": 3.9988975524902344, "mode": "train", "epoch": 10}
{"loss": 0.5036783218383789, "acc": 0.7572916150093079, "length": 4.0, "mode": "test", "epoch": 10}
{"loss": 0.48181113600730896, "acc": 0.7750764489173889, "length": 3.9991588592529297, "mode": "train", "epoch": 11}
{"loss": 0.4968213140964508, "acc": 0.7549480199813843, "length": 4.0, "mode": "test", "epoch": 11}
{"loss": 0.46868813037872314, "acc": 0.7781684398651123, "length": 3.9990615844726562, "mode": "train", "epoch": 12}
{"loss": 0.47572222352027893, "acc": 0.7655380964279175, "length": 4.0, "mode": "test", "epoch": 12}
{"loss": 0.44854164123535156, "acc": 0.7895213961601257, "length": 3.999312162399292, "mode": "train", "epoch": 13}
{"loss": 0.4682852327823639, "acc": 0.7679688930511475, "length": 4.0, "mode": "test", "epoch": 13}
{"loss": 0.43608856201171875, "acc": 0.797696590423584, "length": 3.999554395675659, "mode": "train", "epoch": 14}
{"loss": 0.4483770430088043, "acc": 0.7895833849906921, "length": 4.0, "mode": "test", "epoch": 14}
{"loss": 0.41121599078178406, "acc": 0.8121116161346436, "length": 3.9995920658111572, "mode": "train", "epoch": 15}
{"loss": 0.42284291982650757, "acc": 0.811718761920929, "length": 4.0, "mode": "test", "epoch": 15}
{"loss": 0.3864421546459198, "acc": 0.827235221862793, "length": 3.9995243549346924, "mode": "train", "epoch": 16}
{"loss": 0.39995571970939636, "acc": 0.8167534470558167, "length": 4.0, "mode": "test", "epoch": 16}
{"loss": 0.3749806582927704, "acc": 0.834963858127594, "length": 3.99873423576355, "mode": "train", "epoch": 17}
{"loss": 0.3896154463291168, "acc": 0.8267360925674438, "length": 4.0, "mode": "test", "epoch": 17}
{"loss": 0.3688896596431732, "acc": 0.8393498659133911, "length": 3.999554395675659, "mode": "train", "epoch": 18}
{"loss": 0.3744889795780182, "acc": 0.8380208611488342, "length": 4.0, "mode": "test", "epoch": 18}
{"loss": 0.3546302914619446, "acc": 0.8455879092216492, "length": 3.9995217323303223, "mode": "train", "epoch": 19}
{"loss": 0.36557304859161377, "acc": 0.8426215648651123, "length": 4.0, "mode": "test", "epoch": 19}
{"loss": 0.3549237847328186, "acc": 0.8486273884773254, "length": 3.99939227104187, "mode": "train", "epoch": 20}
{"loss": 0.35409846901893616, "acc": 0.8435763120651245, "length": 4.0, "mode": "test", "epoch": 20}
{"loss": 0.3422302305698395, "acc": 0.8507962822914124, "length": 3.9991254806518555, "mode": "train", "epoch": 21}
{"loss": 0.3372674286365509, "acc": 0.8559896945953369, "length": 4.0, "mode": "test", "epoch": 21}
{"loss": 0.3305853307247162, "acc": 0.8585264086723328, "length": 3.9992828369140625, "mode": "train", "epoch": 22}
{"loss": 0.3337811529636383, "acc": 0.8600693941116333, "length": 4.0, "mode": "test", "epoch": 22}
{"loss": 0.32353830337524414, "acc": 0.8638936877250671, "length": 3.9998154640197754, "mode": "train", "epoch": 23}
{"loss": 0.32078251242637634, "acc": 0.8696179986000061, "length": 4.0, "mode": "test", "epoch": 23}
{"loss": 0.312971293926239, "acc": 0.8691222071647644, "length": 3.9998908042907715, "mode": "train", "epoch": 24}
{"loss": 0.3082427978515625, "acc": 0.8731770515441895, "length": 4.0, "mode": "test", "epoch": 24}
{"loss": 0.3034510314464569, "acc": 0.8728347420692444, "length": 3.999833345413208, "mode": "train", "epoch": 25}
{"loss": 0.3142930567264557, "acc": 0.8668403029441833, "length": 4.0, "mode": "test", "epoch": 25}
{"loss": 0.30524390935897827, "acc": 0.8703129291534424, "length": 3.999920129776001, "mode": "train", "epoch": 26}
{"loss": 0.30775338411331177, "acc": 0.8764757513999939, "length": 4.0, "mode": "test", "epoch": 26}
{"loss": 0.2940604090690613, "acc": 0.8766172528266907, "length": 3.9993515014648438, "mode": "train", "epoch": 27}
{"loss": 0.30846846103668213, "acc": 0.8763021230697632, "length": 4.0, "mode": "test", "epoch": 27}
{"loss": 0.286702036857605, "acc": 0.8798786997795105, "length": 3.9999618530273438, "mode": "train", "epoch": 28}
{"loss": 0.29980525374412537, "acc": 0.874739408493042, "length": 4.0, "mode": "test", "epoch": 28}
{"loss": 0.28032371401786804, "acc": 0.884641706943512, "length": 3.99991512298584, "mode": "train", "epoch": 29}
{"loss": 0.28256773948669434, "acc": 0.8786459565162659, "length": 4.0, "mode": "test", "epoch": 29}
{"loss": 0.2789452075958252, "acc": 0.8854570388793945, "length": 3.999742031097412, "mode": "train", "epoch": 30}
{"loss": 0.2911003828048706, "acc": 0.8854166269302368, "length": 4.0, "mode": "test", "epoch": 30}
{"loss": 0.28332027792930603, "acc": 0.8832828998565674, "length": 3.9999332427978516, "mode": "train", "epoch": 31}
{"loss": 0.29819416999816895, "acc": 0.8829861879348755, "length": 4.0, "mode": "test", "epoch": 31}
{"loss": 0.2667773365974426, "acc": 0.8885067701339722, "length": 3.9999914169311523, "mode": "train", "epoch": 32}
{"loss": 0.29062092304229736, "acc": 0.8822916150093079, "length": 4.0, "mode": "test", "epoch": 32}
{"loss": 0.2729271352291107, "acc": 0.8891594409942627, "length": 3.9999921321868896, "mode": "train", "epoch": 33}
{"loss": 0.2767718732357025, "acc": 0.8904513120651245, "length": 4.0, "mode": "test", "epoch": 33}
{"loss": 0.2646743357181549, "acc": 0.8922229409217834, "length": 3.9999783039093018, "mode": "train", "epoch": 34}
{"loss": 0.27261826395988464, "acc": 0.8957464694976807, "length": 4.0, "mode": "test", "epoch": 34}
{"loss": 0.2551743984222412, "acc": 0.8957717418670654, "length": 3.999997615814209, "mode": "train", "epoch": 35}
{"loss": 0.2765626013278961, "acc": 0.8939235210418701, "length": 4.0, "mode": "test", "epoch": 35}
{"loss": 0.2639487683773041, "acc": 0.8933023810386658, "length": 3.9999911785125732, "mode": "train", "epoch": 36}
{"loss": 0.27976855635643005, "acc": 0.8901909589767456, "length": 4.0, "mode": "test", "epoch": 36}
{"loss": 0.27316156029701233, "acc": 0.8860666751861572, "length": 3.999995470046997, "mode": "train", "epoch": 37}
{"loss": 0.2669805884361267, "acc": 0.8940972089767456, "length": 4.0, "mode": "test", "epoch": 37}
{"loss": 0.2527126669883728, "acc": 0.8981554508209229, "length": 3.9999988079071045, "mode": "train", "epoch": 38}
{"loss": 0.2606166899204254, "acc": 0.8999132513999939, "length": 4.0, "mode": "test", "epoch": 38}
{"loss": 0.2451034039258957, "acc": 0.9015034437179565, "length": 3.9999938011169434, "mode": "train", "epoch": 39}
{"loss": 0.2660343050956726, "acc": 0.8957464694976807, "length": 4.0, "mode": "test", "epoch": 39}
{"loss": 0.2463969737291336, "acc": 0.8993755578994751, "length": 3.999998092651367, "mode": "train", "epoch": 40}
{"loss": 0.2618449032306671, "acc": 0.8993923664093018, "length": 4.0, "mode": "test", "epoch": 40}
{"loss": 0.25650668144226074, "acc": 0.8994885087013245, "length": 3.9999897480010986, "mode": "train", "epoch": 41}
{"loss": 0.27468904852867126, "acc": 0.8978297710418701, "length": 4.0, "mode": "test", "epoch": 41}
{"loss": 0.2389356642961502, "acc": 0.9058446288108826, "length": 3.999976396560669, "mode": "train", "epoch": 42}
{"loss": 0.25567683577537537, "acc": 0.9033854603767395, "length": 4.0, "mode": "test", "epoch": 42}
{"loss": 0.2387019693851471, "acc": 0.9058927893638611, "length": 3.9998536109924316, "mode": "train", "epoch": 43}
{"loss": 0.26609644293785095, "acc": 0.8960070013999939, "length": 4.0, "mode": "test", "epoch": 43}
{"loss": 0.2412693053483963, "acc": 0.9046818017959595, "length": 3.999993324279785, "mode": "train", "epoch": 44}
{"loss": 0.2565707862377167, "acc": 0.9013020396232605, "length": 4.0, "mode": "test", "epoch": 44}
{"loss": 0.23375734686851501, "acc": 0.9080873131752014, "length": 3.9999988079071045, "mode": "train", "epoch": 45}
{"loss": 0.258603036403656, "acc": 0.9004339575767517, "length": 4.0, "mode": "test", "epoch": 45}
{"loss": 0.23054416477680206, "acc": 0.9079425930976868, "length": 3.9999706745147705, "mode": "train", "epoch": 46}
{"loss": 0.2483883500099182, "acc": 0.9036458134651184, "length": 4.0, "mode": "test", "epoch": 46}
{"loss": 0.23128773272037506, "acc": 0.9121636152267456, "length": 3.9995195865631104, "mode": "train", "epoch": 47}
{"loss": 0.2567787170410156, "acc": 0.9018229246139526, "length": 4.0, "mode": "test", "epoch": 47}
{"loss": 0.22844953835010529, "acc": 0.9136207699775696, "length": 3.9999988079071045, "mode": "train", "epoch": 48}
{"loss": 0.2505711317062378, "acc": 0.9050347208976746, "length": 4.0, "mode": "test", "epoch": 48}
{"loss": 0.22638091444969177, "acc": 0.9137729406356812, "length": 3.9996697902679443, "mode": "train", "epoch": 49}
{"loss": 0.2524228096008301, "acc": 0.9052950739860535, "length": 4.0, "mode": "test", "epoch": 49}
{"loss": 0.22911958396434784, "acc": 0.9120599031448364, "length": 3.999997138977051, "mode": "train", "epoch": 50}
{"loss": 0.2476707100868225, "acc": 0.9082464575767517, "length": 4.0, "mode": "test", "epoch": 50}
{"loss": 0.23973169922828674, "acc": 0.907799243927002, "length": 3.9999356269836426, "mode": "train", "epoch": 51}
{"loss": 0.267515629529953, "acc": 0.8947049379348755, "length": 4.0, "mode": "test", "epoch": 51}
{"loss": 0.24081338942050934, "acc": 0.9050226211547852, "length": 3.9999985694885254, "mode": "train", "epoch": 52}
{"loss": 0.25240573287010193, "acc": 0.9038195013999939, "length": 4.0, "mode": "test", "epoch": 52}
{"loss": 0.23038740456104279, "acc": 0.912031352519989, "length": 3.9999911785125732, "mode": "train", "epoch": 53}
{"loss": 0.24240858852863312, "acc": 0.9102431535720825, "length": 4.0, "mode": "test", "epoch": 53}
{"loss": 0.22393597662448883, "acc": 0.9148387908935547, "length": 3.99996018409729, "mode": "train", "epoch": 54}
{"loss": 0.24132302403450012, "acc": 0.9103299379348755, "length": 4.0, "mode": "test", "epoch": 54}
{"loss": 0.21614664793014526, "acc": 0.9162880778312683, "length": 3.9999964237213135, "mode": "train", "epoch": 55}
{"loss": 0.24086345732212067, "acc": 0.9096354246139526, "length": 4.0, "mode": "test", "epoch": 55}
{"loss": 0.2215392291545868, "acc": 0.9148123860359192, "length": 3.9999914169311523, "mode": "train", "epoch": 56}
{"loss": 0.24147102236747742, "acc": 0.9092881679534912, "length": 4.0, "mode": "test", "epoch": 56}
{"loss": 0.2152344435453415, "acc": 0.9140462875366211, "length": 3.9999964237213135, "mode": "train", "epoch": 57}
{"loss": 0.24297578632831573, "acc": 0.9069443941116333, "length": 4.0, "mode": "test", "epoch": 57}
{"loss": 0.21460136771202087, "acc": 0.9161743521690369, "length": 3.999992847442627, "mode": "train", "epoch": 58}
{"loss": 0.2441001683473587, "acc": 0.9069443941116333, "length": 4.0, "mode": "test", "epoch": 58}
{"loss": 0.21958735585212708, "acc": 0.9155789017677307, "length": 4.0, "mode": "train", "epoch": 59}
{"loss": 0.24171479046344757, "acc": 0.9078124165534973, "length": 4.0, "mode": "test", "epoch": 59}
{"loss": 0.2149316370487213, "acc": 0.9169692397117615, "length": 3.9999983310699463, "mode": "train", "epoch": 60}
{"loss": 0.25821003317832947, "acc": 0.9032118320465088, "length": 4.0, "mode": "test", "epoch": 60}
test accuracy: 0.8498461842536926
