# ["--attributes=3", "--values=4", "--game_size=10", "--vocab_size_factor=3", "--n_epochs=60", "--batch_size=128", "--learning_rate=0.0005", "--hidden_size=128", "--temp_update=0.97", "--temperature=1"]
Creating train_ds and val_ds...

Creating test_ds...
{"loss": 0.6939548254013062, "acc": 0.5014356374740601, "length": 3.6341049671173096, "mode": "train", "epoch": 1}
{"loss": 0.6921234130859375, "acc": 0.5171592235565186, "length": 3.970703125, "mode": "test", "epoch": 1}
{"loss": 0.692767322063446, "acc": 0.5039205551147461, "length": 3.627793312072754, "mode": "train", "epoch": 2}
{"loss": 0.6902300119400024, "acc": 0.49628907442092896, "length": 4.0, "mode": "test", "epoch": 2}
{"loss": 0.691805362701416, "acc": 0.5197816491127014, "length": 3.6810874938964844, "mode": "train", "epoch": 3}
{"loss": 0.6876659989356995, "acc": 0.5298507213592529, "length": 3.935546875, "mode": "test", "epoch": 3}
{"loss": 0.6836950778961182, "acc": 0.5638117790222168, "length": 3.828965902328491, "mode": "train", "epoch": 4}
{"loss": 0.6680079698562622, "acc": 0.6558594107627869, "length": 4.0, "mode": "test", "epoch": 4}
{"loss": 0.6494932174682617, "acc": 0.6696440577507019, "length": 3.943570375442505, "mode": "train", "epoch": 5}
{"loss": 0.6120357513427734, "acc": 0.7091798186302185, "length": 4.0, "mode": "test", "epoch": 5}
{"loss": 0.5967060923576355, "acc": 0.6876688599586487, "length": 3.9919955730438232, "mode": "train", "epoch": 6}
{"loss": 0.5823423862457275, "acc": 0.6924804449081421, "length": 4.0, "mode": "test", "epoch": 6}
{"loss": 0.5731390118598938, "acc": 0.7046003937721252, "length": 3.996584177017212, "mode": "train", "epoch": 7}
{"loss": 0.5726101398468018, "acc": 0.6870116591453552, "length": 4.0, "mode": "test", "epoch": 7}
{"loss": 0.5646682381629944, "acc": 0.7200353741645813, "length": 3.9978253841400146, "mode": "train", "epoch": 8}
{"loss": 0.5619796514511108, "acc": 0.7132812142372131, "length": 4.0, "mode": "test", "epoch": 8}
{"loss": 0.5485721230506897, "acc": 0.7346917390823364, "length": 3.9977822303771973, "mode": "train", "epoch": 9}
{"loss": 0.5397050976753235, "acc": 0.7387695908546448, "length": 4.0, "mode": "test", "epoch": 9}
{"loss": 0.5254576206207275, "acc": 0.7440558671951294, "length": 3.999180316925049, "mode": "train", "epoch": 10}
{"loss": 0.5129151344299316, "acc": 0.7572264075279236, "length": 4.0, "mode": "test", "epoch": 10}
{"loss": 0.5021508932113647, "acc": 0.7526301741600037, "length": 3.9974751472473145, "mode": "train", "epoch": 11}
{"loss": 0.49336832761764526, "acc": 0.7700194716453552, "length": 4.0, "mode": "test", "epoch": 11}
{"loss": 0.49329328536987305, "acc": 0.7678260207176208, "length": 3.9968996047973633, "mode": "train", "epoch": 12}
{"loss": 0.4900169372558594, "acc": 0.7743163704872131, "length": 4.0, "mode": "test", "epoch": 12}
{"loss": 0.4809073805809021, "acc": 0.7815669178962708, "length": 3.997042655944824, "mode": "train", "epoch": 13}
{"loss": 0.4774187207221985, "acc": 0.7925782203674316, "length": 4.0, "mode": "test", "epoch": 13}
{"loss": 0.47438526153564453, "acc": 0.7881149649620056, "length": 3.996718645095825, "mode": "train", "epoch": 14}
{"loss": 0.46593761444091797, "acc": 0.8029298186302185, "length": 4.0, "mode": "test", "epoch": 14}
{"loss": 0.47303420305252075, "acc": 0.7936800718307495, "length": 3.99885892868042, "mode": "train", "epoch": 15}
{"loss": 0.45953309535980225, "acc": 0.8031248450279236, "length": 4.0, "mode": "test", "epoch": 15}
{"loss": 0.46209996938705444, "acc": 0.794664740562439, "length": 3.999704360961914, "mode": "train", "epoch": 16}
{"loss": 0.4501543641090393, "acc": 0.8092774152755737, "length": 4.0, "mode": "test", "epoch": 16}
{"loss": 0.4571671485900879, "acc": 0.797174334526062, "length": 3.9966928958892822, "mode": "train", "epoch": 17}
{"loss": 0.4472225606441498, "acc": 0.8052734732627869, "length": 4.0, "mode": "test", "epoch": 17}
{"loss": 0.45235681533813477, "acc": 0.8006916642189026, "length": 3.9982669353485107, "mode": "train", "epoch": 18}
{"loss": 0.43825873732566833, "acc": 0.8119140267372131, "length": 4.0, "mode": "test", "epoch": 18}
{"loss": 0.4462578594684601, "acc": 0.8025966286659241, "length": 3.9977123737335205, "mode": "train", "epoch": 19}
{"loss": 0.43338024616241455, "acc": 0.8125976324081421, "length": 4.0, "mode": "test", "epoch": 19}
{"loss": 0.44206956028938293, "acc": 0.8017205595970154, "length": 3.9978246688842773, "mode": "train", "epoch": 20}
{"loss": 0.43080270290374756, "acc": 0.8115233778953552, "length": 4.0, "mode": "test", "epoch": 20}
{"loss": 0.44039440155029297, "acc": 0.8013066649436951, "length": 3.9971578121185303, "mode": "train", "epoch": 21}
{"loss": 0.42877352237701416, "acc": 0.8118165731430054, "length": 4.0, "mode": "test", "epoch": 21}
{"loss": 0.4334757924079895, "acc": 0.8077684044837952, "length": 3.997570037841797, "mode": "train", "epoch": 22}
{"loss": 0.4205326735973358, "acc": 0.8140625357627869, "length": 4.0, "mode": "test", "epoch": 22}
{"loss": 0.43134936690330505, "acc": 0.8051966428756714, "length": 3.997640609741211, "mode": "train", "epoch": 23}
{"loss": 0.4171324372291565, "acc": 0.8146485686302185, "length": 4.0, "mode": "test", "epoch": 23}
{"loss": 0.432746559381485, "acc": 0.8079257607460022, "length": 3.9998385906219482, "mode": "train", "epoch": 24}
{"loss": 0.4127034544944763, "acc": 0.8175781965255737, "length": 4.0, "mode": "test", "epoch": 24}
{"loss": 0.42682287096977234, "acc": 0.808058500289917, "length": 3.9994537830352783, "mode": "train", "epoch": 25}
{"loss": 0.41465917229652405, "acc": 0.8144530653953552, "length": 4.0, "mode": "test", "epoch": 25}
{"loss": 0.42556995153427124, "acc": 0.8083880543708801, "length": 3.999603271484375, "mode": "train", "epoch": 26}
{"loss": 0.4124133586883545, "acc": 0.8131834268569946, "length": 4.0, "mode": "test", "epoch": 26}
{"loss": 0.4174453616142273, "acc": 0.8099494576454163, "length": 3.999871015548706, "mode": "train", "epoch": 27}
{"loss": 0.40790820121765137, "acc": 0.8177732825279236, "length": 4.0, "mode": "test", "epoch": 27}
{"loss": 0.42082154750823975, "acc": 0.8105471134185791, "length": 3.999865770339966, "mode": "train", "epoch": 28}
{"loss": 0.4076898694038391, "acc": 0.8176757097244263, "length": 4.0, "mode": "test", "epoch": 28}
{"loss": 0.4226824641227722, "acc": 0.8105785846710205, "length": 3.9999115467071533, "mode": "train", "epoch": 29}
{"loss": 0.40597963333129883, "acc": 0.8153320550918579, "length": 4.0, "mode": "test", "epoch": 29}
{"loss": 0.41829532384872437, "acc": 0.8103058338165283, "length": 3.9998934268951416, "mode": "train", "epoch": 30}
{"loss": 0.40232670307159424, "acc": 0.8196287751197815, "length": 4.0, "mode": "test", "epoch": 30}
{"loss": 0.41509586572647095, "acc": 0.8123138546943665, "length": 3.9987845420837402, "mode": "train", "epoch": 31}
{"loss": 0.4015899896621704, "acc": 0.8215819597244263, "length": 4.0, "mode": "test", "epoch": 31}
{"loss": 0.41225266456604004, "acc": 0.8124649524688721, "length": 3.9998369216918945, "mode": "train", "epoch": 32}
{"loss": 0.40299922227859497, "acc": 0.8206053972244263, "length": 4.0, "mode": "test", "epoch": 32}
{"loss": 0.412891149520874, "acc": 0.8115341663360596, "length": 3.9999430179595947, "mode": "train", "epoch": 33}
{"loss": 0.3989756107330322, "acc": 0.8190428018569946, "length": 4.0, "mode": "test", "epoch": 33}
{"loss": 0.414551705121994, "acc": 0.8124921917915344, "length": 3.999957799911499, "mode": "train", "epoch": 34}
{"loss": 0.3973766565322876, "acc": 0.8196288347244263, "length": 4.0, "mode": "test", "epoch": 34}
{"loss": 0.41469261050224304, "acc": 0.8124379515647888, "length": 3.9998574256896973, "mode": "train", "epoch": 35}
{"loss": 0.3977033495903015, "acc": 0.8224611282348633, "length": 4.0, "mode": "test", "epoch": 35}
{"loss": 0.405852347612381, "acc": 0.8148983120918274, "length": 3.9999465942382812, "mode": "train", "epoch": 36}
{"loss": 0.39563649892807007, "acc": 0.8201171159744263, "length": 4.0, "mode": "test", "epoch": 36}
{"loss": 0.4047665596008301, "acc": 0.8139626383781433, "length": 3.9998104572296143, "mode": "train", "epoch": 37}
{"loss": 0.4033934772014618, "acc": 0.8220702409744263, "length": 4.0, "mode": "test", "epoch": 37}
{"loss": 0.40663841366767883, "acc": 0.8144340515136719, "length": 3.9999918937683105, "mode": "train", "epoch": 38}
{"loss": 0.39272448420524597, "acc": 0.8241209983825684, "length": 4.0, "mode": "test", "epoch": 38}
{"loss": 0.4059181809425354, "acc": 0.8139412999153137, "length": 3.9999547004699707, "mode": "train", "epoch": 39}
{"loss": 0.39409032464027405, "acc": 0.8229493498802185, "length": 4.0, "mode": "test", "epoch": 39}
{"loss": 0.4080965518951416, "acc": 0.8126018643379211, "length": 3.9998912811279297, "mode": "train", "epoch": 40}
{"loss": 0.3890684247016907, "acc": 0.8232421278953552, "length": 4.0, "mode": "test", "epoch": 40}
{"loss": 0.4042791724205017, "acc": 0.8152256011962891, "length": 3.999957323074341, "mode": "train", "epoch": 41}
{"loss": 0.3899610936641693, "acc": 0.8238281607627869, "length": 4.0, "mode": "test", "epoch": 41}
{"loss": 0.398622065782547, "acc": 0.816292941570282, "length": 3.9999890327453613, "mode": "train", "epoch": 42}
{"loss": 0.3855811357498169, "acc": 0.8245118856430054, "length": 4.0, "mode": "test", "epoch": 42}
{"loss": 0.39868104457855225, "acc": 0.8154447674751282, "length": 3.9999778270721436, "mode": "train", "epoch": 43}
{"loss": 0.3881164789199829, "acc": 0.8231444954872131, "length": 4.0, "mode": "test", "epoch": 43}
{"loss": 0.399452805519104, "acc": 0.8157327175140381, "length": 3.998450517654419, "mode": "train", "epoch": 44}
{"loss": 0.3932676613330841, "acc": 0.8220702409744263, "length": 4.0, "mode": "test", "epoch": 44}
{"loss": 0.399458110332489, "acc": 0.8143244981765747, "length": 3.9999687671661377, "mode": "train", "epoch": 45}
{"loss": 0.38776737451553345, "acc": 0.8226562142372131, "length": 4.0, "mode": "test", "epoch": 45}
{"loss": 0.3953615128993988, "acc": 0.8150885701179504, "length": 3.999783754348755, "mode": "train", "epoch": 46}
{"loss": 0.3835528492927551, "acc": 0.8255858421325684, "length": 4.0, "mode": "test", "epoch": 46}
{"loss": 0.3886629343032837, "acc": 0.8155270218849182, "length": 3.999974012374878, "mode": "train", "epoch": 47}
{"loss": 0.3801591098308563, "acc": 0.8281249403953552, "length": 4.0, "mode": "test", "epoch": 47}
{"loss": 0.392755389213562, "acc": 0.8187488317489624, "length": 3.999863624572754, "mode": "train", "epoch": 48}
{"loss": 0.37402021884918213, "acc": 0.8298827409744263, "length": 4.0, "mode": "test", "epoch": 48}
{"loss": 0.38924747705459595, "acc": 0.8194352984428406, "length": 3.999809503555298, "mode": "train", "epoch": 49}
{"loss": 0.37815940380096436, "acc": 0.8295899033546448, "length": 4.0, "mode": "test", "epoch": 49}
{"loss": 0.3820178508758545, "acc": 0.8239467144012451, "length": 3.9999802112579346, "mode": "train", "epoch": 50}
{"loss": 0.3774580657482147, "acc": 0.8285155892372131, "length": 4.0, "mode": "test", "epoch": 50}
{"loss": 0.3809588551521301, "acc": 0.8253841400146484, "length": 3.9996938705444336, "mode": "train", "epoch": 51}
{"loss": 0.36859628558158875, "acc": 0.8381834626197815, "length": 4.0, "mode": "test", "epoch": 51}
{"loss": 0.37559691071510315, "acc": 0.8319915533065796, "length": 3.9995620250701904, "mode": "train", "epoch": 52}
{"loss": 0.3806833326816559, "acc": 0.83837890625, "length": 4.0, "mode": "test", "epoch": 52}
{"loss": 0.37824803590774536, "acc": 0.8282343745231628, "length": 3.9999167919158936, "mode": "train", "epoch": 53}
{"loss": 0.37057602405548096, "acc": 0.8399415016174316, "length": 4.0, "mode": "test", "epoch": 53}
{"loss": 0.38120967149734497, "acc": 0.831709086894989, "length": 3.99996018409729, "mode": "train", "epoch": 54}
{"loss": 0.3621539771556854, "acc": 0.8443359732627869, "length": 4.0, "mode": "test", "epoch": 54}
{"loss": 0.3755224347114563, "acc": 0.8395828604698181, "length": 3.9999678134918213, "mode": "train", "epoch": 55}
{"loss": 0.36064600944519043, "acc": 0.844335675239563, "length": 4.0, "mode": "test", "epoch": 55}
{"loss": 0.36924925446510315, "acc": 0.837309718132019, "length": 3.9999172687530518, "mode": "train", "epoch": 56}
{"loss": 0.35742148756980896, "acc": 0.8481444716453552, "length": 4.0, "mode": "test", "epoch": 56}
{"loss": 0.36761581897735596, "acc": 0.843657374382019, "length": 3.999995708465576, "mode": "train", "epoch": 57}
{"loss": 0.3552009165287018, "acc": 0.8518553376197815, "length": 4.0, "mode": "test", "epoch": 57}
{"loss": 0.37034231424331665, "acc": 0.842755138874054, "length": 3.999993085861206, "mode": "train", "epoch": 58}
{"loss": 0.35663408041000366, "acc": 0.8473633527755737, "length": 4.0, "mode": "test", "epoch": 58}
{"loss": 0.36218029260635376, "acc": 0.8433557748794556, "length": 3.9999823570251465, "mode": "train", "epoch": 59}
{"loss": 0.3536163866519928, "acc": 0.8524413704872131, "length": 4.0, "mode": "test", "epoch": 59}
{"loss": 0.36246323585510254, "acc": 0.8429356813430786, "length": 3.9997081756591797, "mode": "train", "epoch": 60}
{"loss": 0.3509274423122406, "acc": 0.8538085222244263, "length": 4.0, "mode": "test", "epoch": 60}
test accuracy: 0.8161605000495911
