# ["--attributes=3", "--values=4", "--game_size=10", "--vocab_size_factor=3", "--n_epochs=60", "--batch_size=32", "--learning_rate=0.0005", "--hidden_size=128", "--temp_update=0.99", "--temperature=2"]
Creating train_ds and val_ds...

Creating test_ds...
{"loss": 0.6931420564651489, "acc": 0.5084155201911926, "length": 3.625108480453491, "mode": "train", "epoch": 1}
{"loss": 0.681460440158844, "acc": 0.6217990517616272, "length": 3.8802082538604736, "mode": "test", "epoch": 1}
{"loss": 0.6292858123779297, "acc": 0.6559193730354309, "length": 3.892066240310669, "mode": "train", "epoch": 2}
{"loss": 0.5757663249969482, "acc": 0.7011285424232483, "length": 4.0, "mode": "test", "epoch": 2}
{"loss": 0.5404924750328064, "acc": 0.7282743453979492, "length": 3.9808104038238525, "mode": "train", "epoch": 3}
{"loss": 0.5444790124893188, "acc": 0.7183159589767456, "length": 4.0, "mode": "test", "epoch": 3}
{"loss": 0.5046947598457336, "acc": 0.7638923525810242, "length": 3.9923253059387207, "mode": "train", "epoch": 4}
{"loss": 0.5375764966011047, "acc": 0.7287326455116272, "length": 4.0, "mode": "test", "epoch": 4}
{"loss": 0.4907609224319458, "acc": 0.7761692404747009, "length": 3.995903253555298, "mode": "train", "epoch": 5}
{"loss": 0.5370166301727295, "acc": 0.7164061665534973, "length": 4.0, "mode": "test", "epoch": 5}
{"loss": 0.47869762778282166, "acc": 0.7837744951248169, "length": 3.9970109462738037, "mode": "train", "epoch": 6}
{"loss": 0.5334697961807251, "acc": 0.7214410305023193, "length": 4.0, "mode": "test", "epoch": 6}
{"loss": 0.46400561928749084, "acc": 0.7967756986618042, "length": 3.99761962890625, "mode": "train", "epoch": 7}
{"loss": 0.5270877480506897, "acc": 0.7232639789581299, "length": 4.0, "mode": "test", "epoch": 7}
{"loss": 0.45495861768722534, "acc": 0.797663152217865, "length": 3.998286485671997, "mode": "train", "epoch": 8}
{"loss": 0.5117896795272827, "acc": 0.7424478530883789, "length": 4.0, "mode": "test", "epoch": 8}
{"loss": 0.4435954988002777, "acc": 0.8026683926582336, "length": 3.998767375946045, "mode": "train", "epoch": 9}
{"loss": 0.4690113067626953, "acc": 0.7846353650093079, "length": 4.0, "mode": "test", "epoch": 9}
{"loss": 0.44143223762512207, "acc": 0.8042389154434204, "length": 3.999009370803833, "mode": "train", "epoch": 10}
{"loss": 0.4517008066177368, "acc": 0.7953992486000061, "length": 4.0, "mode": "test", "epoch": 10}
{"loss": 0.43360331654548645, "acc": 0.8058866858482361, "length": 3.999103546142578, "mode": "train", "epoch": 11}
{"loss": 0.4517216682434082, "acc": 0.7953992486000061, "length": 4.0, "mode": "test", "epoch": 11}
{"loss": 0.43242254853248596, "acc": 0.8027955889701843, "length": 3.999237060546875, "mode": "train", "epoch": 12}
{"loss": 0.4592984616756439, "acc": 0.7903645634651184, "length": 4.0, "mode": "test", "epoch": 12}
{"loss": 0.432610422372818, "acc": 0.80327308177948, "length": 3.999295473098755, "mode": "train", "epoch": 13}
{"loss": 0.4587051570415497, "acc": 0.7915798425674438, "length": 4.0, "mode": "test", "epoch": 13}
{"loss": 0.42993563413619995, "acc": 0.8033886551856995, "length": 3.999448776245117, "mode": "train", "epoch": 14}
{"loss": 0.4540873169898987, "acc": 0.7933159470558167, "length": 4.0, "mode": "test", "epoch": 14}
{"loss": 0.42433419823646545, "acc": 0.8043964505195618, "length": 3.999516725540161, "mode": "train", "epoch": 15}
{"loss": 0.4465804696083069, "acc": 0.7815102934837341, "length": 4.0, "mode": "test", "epoch": 15}
{"loss": 0.41940465569496155, "acc": 0.803254246711731, "length": 3.999568223953247, "mode": "train", "epoch": 16}
{"loss": 0.4348427355289459, "acc": 0.7924478650093079, "length": 4.0, "mode": "test", "epoch": 16}
{"loss": 0.41001975536346436, "acc": 0.8025290369987488, "length": 3.9995932579040527, "mode": "train", "epoch": 17}
{"loss": 0.42708051204681396, "acc": 0.7918403148651123, "length": 4.0, "mode": "test", "epoch": 17}
{"loss": 0.40513402223587036, "acc": 0.8033944964408875, "length": 3.999650478363037, "mode": "train", "epoch": 18}
{"loss": 0.42145025730133057, "acc": 0.7899305820465088, "length": 4.0, "mode": "test", "epoch": 18}
{"loss": 0.39585036039352417, "acc": 0.8026142120361328, "length": 3.999704122543335, "mode": "train", "epoch": 19}
{"loss": 0.4109369218349457, "acc": 0.7927950024604797, "length": 4.0, "mode": "test", "epoch": 19}
{"loss": 0.3888099789619446, "acc": 0.805069088935852, "length": 3.999683380126953, "mode": "train", "epoch": 20}
{"loss": 0.4105033576488495, "acc": 0.7944445013999939, "length": 4.0, "mode": "test", "epoch": 20}
{"loss": 0.38453930616378784, "acc": 0.8058229088783264, "length": 3.999751567840576, "mode": "train", "epoch": 21}
{"loss": 0.4108346700668335, "acc": 0.7907117605209351, "length": 4.0, "mode": "test", "epoch": 21}
{"loss": 0.38133737444877625, "acc": 0.8086598515510559, "length": 3.9996492862701416, "mode": "train", "epoch": 22}
{"loss": 0.4047431945800781, "acc": 0.797656238079071, "length": 4.0, "mode": "test", "epoch": 22}
{"loss": 0.3819431960582733, "acc": 0.8061596751213074, "length": 3.999804973602295, "mode": "train", "epoch": 23}
{"loss": 0.405830979347229, "acc": 0.7995660305023193, "length": 4.0, "mode": "test", "epoch": 23}
{"loss": 0.3787744343280792, "acc": 0.8084481358528137, "length": 3.9998276233673096, "mode": "train", "epoch": 24}
{"loss": 0.4001684784889221, "acc": 0.8006075620651245, "length": 4.0, "mode": "test", "epoch": 24}
{"loss": 0.3766253888607025, "acc": 0.8082246780395508, "length": 3.9998278617858887, "mode": "train", "epoch": 25}
{"loss": 0.3975408971309662, "acc": 0.8038194179534912, "length": 4.0, "mode": "test", "epoch": 25}
{"loss": 0.3750779926776886, "acc": 0.8117970824241638, "length": 3.9998605251312256, "mode": "train", "epoch": 26}
{"loss": 0.4173060655593872, "acc": 0.7841145396232605, "length": 4.0, "mode": "test", "epoch": 26}
{"loss": 0.3753487467765808, "acc": 0.8107370734214783, "length": 3.9998629093170166, "mode": "train", "epoch": 27}
{"loss": 0.40805989503860474, "acc": 0.8016493320465088, "length": 4.0, "mode": "test", "epoch": 27}
{"loss": 0.37137606739997864, "acc": 0.8106551170349121, "length": 3.99989914894104, "mode": "train", "epoch": 28}
{"loss": 0.38858866691589355, "acc": 0.8032985925674438, "length": 4.0, "mode": "test", "epoch": 28}
{"loss": 0.3660045266151428, "acc": 0.8106251358985901, "length": 3.9998583793640137, "mode": "train", "epoch": 29}
{"loss": 0.387832373380661, "acc": 0.7988714575767517, "length": 4.0, "mode": "test", "epoch": 29}
{"loss": 0.36298367381095886, "acc": 0.8129702210426331, "length": 3.9998819828033447, "mode": "train", "epoch": 30}
{"loss": 0.38345420360565186, "acc": 0.8034722805023193, "length": 4.0, "mode": "test", "epoch": 30}
{"loss": 0.36006566882133484, "acc": 0.8146166205406189, "length": 3.999908924102783, "mode": "train", "epoch": 31}
{"loss": 0.38361477851867676, "acc": 0.8063367605209351, "length": 4.0, "mode": "test", "epoch": 31}
{"loss": 0.36245259642601013, "acc": 0.8128024339675903, "length": 3.9998953342437744, "mode": "train", "epoch": 32}
{"loss": 0.39440059661865234, "acc": 0.7964410185813904, "length": 4.0, "mode": "test", "epoch": 32}
{"loss": 0.3568726181983948, "acc": 0.8165420889854431, "length": 3.999901533126831, "mode": "train", "epoch": 33}
{"loss": 0.382463663816452, "acc": 0.8032117486000061, "length": 4.0, "mode": "test", "epoch": 33}
{"loss": 0.3610214293003082, "acc": 0.8128604292869568, "length": 3.9999423027038574, "mode": "train", "epoch": 34}
{"loss": 0.3887580931186676, "acc": 0.8014756441116333, "length": 4.0, "mode": "test", "epoch": 34}
{"loss": 0.35437384247779846, "acc": 0.8191108703613281, "length": 3.999957323074341, "mode": "train", "epoch": 35}
{"loss": 0.3826321065425873, "acc": 0.8114582896232605, "length": 4.0, "mode": "test", "epoch": 35}
{"loss": 0.353181928396225, "acc": 0.8145074844360352, "length": 3.999959707260132, "mode": "train", "epoch": 36}
{"loss": 0.37556278705596924, "acc": 0.8118056058883667, "length": 4.0, "mode": "test", "epoch": 36}
{"loss": 0.3488962948322296, "acc": 0.8198086619377136, "length": 3.999962329864502, "mode": "train", "epoch": 37}
{"loss": 0.3749474883079529, "acc": 0.8121528029441833, "length": 4.0, "mode": "test", "epoch": 37}
{"loss": 0.3523835241794586, "acc": 0.8193067908287048, "length": 3.999962568283081, "mode": "train", "epoch": 38}
{"loss": 0.3814539611339569, "acc": 0.8057292103767395, "length": 4.0, "mode": "test", "epoch": 38}
{"loss": 0.35880497097969055, "acc": 0.8153719902038574, "length": 3.9999492168426514, "mode": "train", "epoch": 39}
{"loss": 0.38017207384109497, "acc": 0.8098957538604736, "length": 4.0, "mode": "test", "epoch": 39}
{"loss": 0.35040250420570374, "acc": 0.8213436007499695, "length": 3.9999639987945557, "mode": "train", "epoch": 40}
{"loss": 0.37168601155281067, "acc": 0.8106770515441895, "length": 4.0, "mode": "test", "epoch": 40}
{"loss": 0.3450429141521454, "acc": 0.8224597573280334, "length": 3.999969005584717, "mode": "train", "epoch": 41}
{"loss": 0.3801968991756439, "acc": 0.8059027194976807, "length": 4.0, "mode": "test", "epoch": 41}
{"loss": 0.343213826417923, "acc": 0.8224601149559021, "length": 3.999976634979248, "mode": "train", "epoch": 42}
{"loss": 0.3733159601688385, "acc": 0.8151042461395264, "length": 4.0, "mode": "test", "epoch": 42}
{"loss": 0.34281793236732483, "acc": 0.8234909176826477, "length": 3.999927043914795, "mode": "train", "epoch": 43}
{"loss": 0.38432732224464417, "acc": 0.8100693225860596, "length": 4.0, "mode": "test", "epoch": 43}
{"loss": 0.348089337348938, "acc": 0.8230453133583069, "length": 3.999948740005493, "mode": "train", "epoch": 44}
{"loss": 0.37084928154945374, "acc": 0.8119791150093079, "length": 4.0, "mode": "test", "epoch": 44}
{"loss": 0.33985573053359985, "acc": 0.8237716555595398, "length": 3.9999754428863525, "mode": "train", "epoch": 45}
{"loss": 0.3729388117790222, "acc": 0.8121528029441833, "length": 4.0, "mode": "test", "epoch": 45}
{"loss": 0.33818522095680237, "acc": 0.8239112496376038, "length": 3.99998140335083, "mode": "train", "epoch": 46}
{"loss": 0.36241215467453003, "acc": 0.8125868439674377, "length": 4.0, "mode": "test", "epoch": 46}
{"loss": 0.3350239098072052, "acc": 0.8268685340881348, "length": 3.9999794960021973, "mode": "train", "epoch": 47}
{"loss": 0.36522147059440613, "acc": 0.8141492605209351, "length": 4.0, "mode": "test", "epoch": 47}
{"loss": 0.3347877860069275, "acc": 0.8255574107170105, "length": 3.99998140335083, "mode": "train", "epoch": 48}
{"loss": 0.35957545042037964, "acc": 0.80859375, "length": 4.0, "mode": "test", "epoch": 48}
{"loss": 0.3340407907962799, "acc": 0.8245527148246765, "length": 3.9999783039093018, "mode": "train", "epoch": 49}
{"loss": 0.3636026680469513, "acc": 0.8084200620651245, "length": 4.0, "mode": "test", "epoch": 49}
{"loss": 0.3335224688053131, "acc": 0.8246926069259644, "length": 3.9999821186065674, "mode": "train", "epoch": 50}
{"loss": 0.36179056763648987, "acc": 0.816493034362793, "length": 4.0, "mode": "test", "epoch": 50}
{"loss": 0.3317681849002838, "acc": 0.8254179358482361, "length": 3.9999821186065674, "mode": "train", "epoch": 51}
{"loss": 0.3615974485874176, "acc": 0.8158854246139526, "length": 4.0, "mode": "test", "epoch": 51}
{"loss": 0.33259955048561096, "acc": 0.8241620659828186, "length": 3.999976634979248, "mode": "train", "epoch": 52}
{"loss": 0.3588722050189972, "acc": 0.8146701455116272, "length": 4.0, "mode": "test", "epoch": 52}
{"loss": 0.32964858412742615, "acc": 0.8270081281661987, "length": 3.9999825954437256, "mode": "train", "epoch": 53}
{"loss": 0.3532616198062897, "acc": 0.81640625, "length": 4.0, "mode": "test", "epoch": 53}
{"loss": 0.3308044373989105, "acc": 0.8288776278495789, "length": 3.9999868869781494, "mode": "train", "epoch": 54}
{"loss": 0.35607922077178955, "acc": 0.8152778148651123, "length": 4.0, "mode": "test", "epoch": 54}
{"loss": 0.33533841371536255, "acc": 0.8255015015602112, "length": 3.9999868869781494, "mode": "train", "epoch": 55}
{"loss": 0.3619488775730133, "acc": 0.810763955116272, "length": 4.0, "mode": "test", "epoch": 55}
{"loss": 0.33578380942344666, "acc": 0.8252506852149963, "length": 3.9999868869781494, "mode": "train", "epoch": 56}
{"loss": 0.43038931488990784, "acc": 0.7677951455116272, "length": 4.0, "mode": "test", "epoch": 56}
{"loss": 0.37847331166267395, "acc": 0.8048262596130371, "length": 3.999983549118042, "mode": "train", "epoch": 57}
{"loss": 0.4114854037761688, "acc": 0.7849825620651245, "length": 4.0, "mode": "test", "epoch": 57}
{"loss": 0.34911003708839417, "acc": 0.8119415640830994, "length": 3.999990224838257, "mode": "train", "epoch": 58}
{"loss": 0.3712823688983917, "acc": 0.8014756441116333, "length": 4.0, "mode": "test", "epoch": 58}
{"loss": 0.33630242943763733, "acc": 0.8239952921867371, "length": 3.9999940395355225, "mode": "train", "epoch": 59}
{"loss": 0.3621455132961273, "acc": 0.8149304986000061, "length": 4.0, "mode": "test", "epoch": 59}
{"loss": 0.33437150716781616, "acc": 0.8283200860023499, "length": 3.999995708465576, "mode": "train", "epoch": 60}
{"loss": 0.3569665253162384, "acc": 0.8198785185813904, "length": 4.0, "mode": "test", "epoch": 60}
test accuracy: 0.7224590182304382
