# ["--attributes=3", "--values=4", "--game_size=10", "--vocab_size_factor=3", "--n_epochs=60", "--batch_size=128", "--learning_rate=0.0005", "--hidden_size=128", "--temp_update=0.99", "--temperature=1"]
Creating train_ds and val_ds...

Creating test_ds...
{"loss": 0.6937167644500732, "acc": 0.49720436334609985, "length": 3.6477291584014893, "mode": "train", "epoch": 1}
{"loss": 0.6910820603370667, "acc": 0.542773425579071, "length": 4.0, "mode": "test", "epoch": 1}
{"loss": 0.6925579905509949, "acc": 0.5140670537948608, "length": 3.6406166553497314, "mode": "train", "epoch": 2}
{"loss": 0.6906530857086182, "acc": 0.5239593386650085, "length": 3.935546875, "mode": "test", "epoch": 2}
{"loss": 0.6909435987472534, "acc": 0.5252557992935181, "length": 3.603123664855957, "mode": "train", "epoch": 3}
{"loss": 0.6860730051994324, "acc": 0.5600959658622742, "length": 3.89453125, "mode": "test", "epoch": 3}
{"loss": 0.6839210391044617, "acc": 0.5654479265213013, "length": 3.5466647148132324, "mode": "train", "epoch": 4}
{"loss": 0.6716270446777344, "acc": 0.5948241353034973, "length": 4.0, "mode": "test", "epoch": 4}
{"loss": 0.6573638916015625, "acc": 0.6318482160568237, "length": 3.8728599548339844, "mode": "train", "epoch": 5}
{"loss": 0.6310502290725708, "acc": 0.6361327767372131, "length": 4.0, "mode": "test", "epoch": 5}
{"loss": 0.6159565448760986, "acc": 0.6494818925857544, "length": 3.969367265701294, "mode": "train", "epoch": 6}
{"loss": 0.6090753078460693, "acc": 0.6624999642372131, "length": 4.0, "mode": "test", "epoch": 6}
{"loss": 0.5939220786094666, "acc": 0.6744170188903809, "length": 3.9725985527038574, "mode": "train", "epoch": 7}
{"loss": 0.5859786868095398, "acc": 0.6896483898162842, "length": 4.0, "mode": "test", "epoch": 7}
{"loss": 0.5818984508514404, "acc": 0.7031844258308411, "length": 3.988231897354126, "mode": "train", "epoch": 8}
{"loss": 0.5784313678741455, "acc": 0.6830077767372131, "length": 4.0, "mode": "test", "epoch": 8}
{"loss": 0.574481189250946, "acc": 0.7101614475250244, "length": 3.990041732788086, "mode": "train", "epoch": 9}
{"loss": 0.5666749477386475, "acc": 0.7127929925918579, "length": 4.0, "mode": "test", "epoch": 9}
{"loss": 0.5624300837516785, "acc": 0.7214479446411133, "length": 3.992049217224121, "mode": "train", "epoch": 10}
{"loss": 0.5563469529151917, "acc": 0.7297853231430054, "length": 4.0, "mode": "test", "epoch": 10}
{"loss": 0.550098180770874, "acc": 0.7356245517730713, "length": 3.9939799308776855, "mode": "train", "epoch": 11}
{"loss": 0.5460853576660156, "acc": 0.7417969107627869, "length": 4.0, "mode": "test", "epoch": 11}
{"loss": 0.5393620729446411, "acc": 0.7445260286331177, "length": 3.99727463722229, "mode": "train", "epoch": 12}
{"loss": 0.5336702466011047, "acc": 0.7406250238418579, "length": 4.0, "mode": "test", "epoch": 12}
{"loss": 0.5249384641647339, "acc": 0.7563471794128418, "length": 3.9977610111236572, "mode": "train", "epoch": 13}
{"loss": 0.5227996110916138, "acc": 0.7529297471046448, "length": 4.0, "mode": "test", "epoch": 13}
{"loss": 0.5092599391937256, "acc": 0.7644136548042297, "length": 3.9982895851135254, "mode": "train", "epoch": 14}
{"loss": 0.509024977684021, "acc": 0.7708984017372131, "length": 4.0, "mode": "test", "epoch": 14}
{"loss": 0.49687087535858154, "acc": 0.7730552554130554, "length": 3.9982335567474365, "mode": "train", "epoch": 15}
{"loss": 0.4919891059398651, "acc": 0.7789063453674316, "length": 4.0, "mode": "test", "epoch": 15}
{"loss": 0.4832616150379181, "acc": 0.7825310230255127, "length": 3.9988036155700684, "mode": "train", "epoch": 16}
{"loss": 0.4830528199672699, "acc": 0.7859375476837158, "length": 4.0, "mode": "test", "epoch": 16}
{"loss": 0.47616061568260193, "acc": 0.7879388928413391, "length": 3.9992947578430176, "mode": "train", "epoch": 17}
{"loss": 0.4738132655620575, "acc": 0.7880858778953552, "length": 4.0, "mode": "test", "epoch": 17}
{"loss": 0.4706195890903473, "acc": 0.7911922931671143, "length": 3.9993960857391357, "mode": "train", "epoch": 18}
{"loss": 0.46797215938568115, "acc": 0.7917967438697815, "length": 4.0, "mode": "test", "epoch": 18}
{"loss": 0.4624645709991455, "acc": 0.7949947714805603, "length": 3.9987900257110596, "mode": "train", "epoch": 19}
{"loss": 0.46423107385635376, "acc": 0.7921872735023499, "length": 4.0, "mode": "test", "epoch": 19}
{"loss": 0.4551687240600586, "acc": 0.7999762296676636, "length": 3.9963724613189697, "mode": "train", "epoch": 20}
{"loss": 0.45762690901756287, "acc": 0.8049803972244263, "length": 4.0, "mode": "test", "epoch": 20}
{"loss": 0.45167216658592224, "acc": 0.8029302358627319, "length": 3.9990968704223633, "mode": "train", "epoch": 21}
{"loss": 0.4540242850780487, "acc": 0.7987304925918579, "length": 4.0, "mode": "test", "epoch": 21}
{"loss": 0.44800451397895813, "acc": 0.8020278811454773, "length": 3.9996800422668457, "mode": "train", "epoch": 22}
{"loss": 0.45856451988220215, "acc": 0.7948241829872131, "length": 4.0, "mode": "test", "epoch": 22}
{"loss": 0.4451651871204376, "acc": 0.8052752017974854, "length": 3.9996497631073, "mode": "train", "epoch": 23}
{"loss": 0.4488607943058014, "acc": 0.8053712248802185, "length": 4.0, "mode": "test", "epoch": 23}
{"loss": 0.44168272614479065, "acc": 0.804735004901886, "length": 3.9988605976104736, "mode": "train", "epoch": 24}
{"loss": 0.44618287682533264, "acc": 0.8107422590255737, "length": 4.0, "mode": "test", "epoch": 24}
{"loss": 0.4372812807559967, "acc": 0.8064945936203003, "length": 3.99597430229187, "mode": "train", "epoch": 25}
{"loss": 0.4430403411388397, "acc": 0.8111329078674316, "length": 4.0, "mode": "test", "epoch": 25}
{"loss": 0.43915072083473206, "acc": 0.809856116771698, "length": 3.9997305870056152, "mode": "train", "epoch": 26}
{"loss": 0.43459951877593994, "acc": 0.814453125, "length": 4.0, "mode": "test", "epoch": 26}
{"loss": 0.43016162514686584, "acc": 0.8102184534072876, "length": 3.9993391036987305, "mode": "train", "epoch": 27}
{"loss": 0.43388962745666504, "acc": 0.8107423186302185, "length": 4.0, "mode": "test", "epoch": 27}
{"loss": 0.41993096470832825, "acc": 0.8163987994194031, "length": 3.9990148544311523, "mode": "train", "epoch": 28}
{"loss": 0.4295008182525635, "acc": 0.8118163347244263, "length": 4.0, "mode": "test", "epoch": 28}
{"loss": 0.41361624002456665, "acc": 0.8180707693099976, "length": 3.999032735824585, "mode": "train", "epoch": 29}
{"loss": 0.41748282313346863, "acc": 0.81591796875, "length": 4.0, "mode": "test", "epoch": 29}
{"loss": 0.4033533036708832, "acc": 0.8199798464775085, "length": 3.9983503818511963, "mode": "train", "epoch": 30}
{"loss": 0.4084371328353882, "acc": 0.8230470418930054, "length": 4.0, "mode": "test", "epoch": 30}
{"loss": 0.39895591139793396, "acc": 0.823840320110321, "length": 3.9994893074035645, "mode": "train", "epoch": 31}
{"loss": 0.4050248861312866, "acc": 0.8301758170127869, "length": 4.0, "mode": "test", "epoch": 31}
{"loss": 0.39331886172294617, "acc": 0.8266511559486389, "length": 3.998370885848999, "mode": "train", "epoch": 32}
{"loss": 0.4033415913581848, "acc": 0.8267579078674316, "length": 4.0, "mode": "test", "epoch": 32}
{"loss": 0.3877902328968048, "acc": 0.8291975259780884, "length": 3.998950242996216, "mode": "train", "epoch": 33}
{"loss": 0.3992517292499542, "acc": 0.8308593034744263, "length": 4.0, "mode": "test", "epoch": 33}
{"loss": 0.38564303517341614, "acc": 0.8332255482673645, "length": 3.9996047019958496, "mode": "train", "epoch": 34}
{"loss": 0.3996806740760803, "acc": 0.830175518989563, "length": 4.0, "mode": "test", "epoch": 34}
{"loss": 0.38059279322624207, "acc": 0.8366813659667969, "length": 3.9998204708099365, "mode": "train", "epoch": 35}
{"loss": 0.3973962664604187, "acc": 0.8327149152755737, "length": 4.0, "mode": "test", "epoch": 35}
{"loss": 0.3775063455104828, "acc": 0.8364007472991943, "length": 3.9999022483825684, "mode": "train", "epoch": 36}
{"loss": 0.38671231269836426, "acc": 0.8288087248802185, "length": 4.0, "mode": "test", "epoch": 36}
{"loss": 0.377890020608902, "acc": 0.8343918323516846, "length": 3.999826669692993, "mode": "train", "epoch": 37}
{"loss": 0.3904907703399658, "acc": 0.8333009481430054, "length": 4.0, "mode": "test", "epoch": 37}
{"loss": 0.3771830201148987, "acc": 0.8354374766349792, "length": 3.99971342086792, "mode": "train", "epoch": 38}
{"loss": 0.38978099822998047, "acc": 0.8285155892372131, "length": 4.0, "mode": "test", "epoch": 38}
{"loss": 0.3707931637763977, "acc": 0.8373346328735352, "length": 3.999919891357422, "mode": "train", "epoch": 39}
{"loss": 0.38874340057373047, "acc": 0.8286132216453552, "length": 4.0, "mode": "test", "epoch": 39}
{"loss": 0.37221238017082214, "acc": 0.8374754786491394, "length": 3.999915838241577, "mode": "train", "epoch": 40}
{"loss": 0.3848113715648651, "acc": 0.8324218392372131, "length": 4.0, "mode": "test", "epoch": 40}
{"loss": 0.3734044134616852, "acc": 0.8386003971099854, "length": 3.9997596740722656, "mode": "train", "epoch": 41}
{"loss": 0.3839176893234253, "acc": 0.8344725966453552, "length": 4.0, "mode": "test", "epoch": 41}
{"loss": 0.3683215081691742, "acc": 0.8386042714118958, "length": 3.999809503555298, "mode": "train", "epoch": 42}
{"loss": 0.38058629631996155, "acc": 0.8297852873802185, "length": 4.0, "mode": "test", "epoch": 42}
{"loss": 0.36278143525123596, "acc": 0.8404428362846375, "length": 3.9999146461486816, "mode": "train", "epoch": 43}
{"loss": 0.39229971170425415, "acc": 0.83056640625, "length": 4.0, "mode": "test", "epoch": 43}
{"loss": 0.36249908804893494, "acc": 0.8395682573318481, "length": 3.999950408935547, "mode": "train", "epoch": 44}
{"loss": 0.3801691234111786, "acc": 0.8327149152755737, "length": 4.0, "mode": "test", "epoch": 44}
{"loss": 0.36230990290641785, "acc": 0.8401895761489868, "length": 3.999943256378174, "mode": "train", "epoch": 45}
{"loss": 0.37698909640312195, "acc": 0.8336914777755737, "length": 4.0, "mode": "test", "epoch": 45}
{"loss": 0.3599695563316345, "acc": 0.84284508228302, "length": 3.9998903274536133, "mode": "train", "epoch": 46}
{"loss": 0.3806445002555847, "acc": 0.8347654938697815, "length": 4.0, "mode": "test", "epoch": 46}
{"loss": 0.3578735888004303, "acc": 0.8417459726333618, "length": 3.999983549118042, "mode": "train", "epoch": 47}
{"loss": 0.379550576210022, "acc": 0.830469012260437, "length": 4.0, "mode": "test", "epoch": 47}
{"loss": 0.36027657985687256, "acc": 0.8403611779212952, "length": 3.9999845027923584, "mode": "train", "epoch": 48}
{"loss": 0.3787081837654114, "acc": 0.8348632454872131, "length": 4.0, "mode": "test", "epoch": 48}
{"loss": 0.3567112684249878, "acc": 0.8427905440330505, "length": 3.999932289123535, "mode": "train", "epoch": 49}
{"loss": 0.3741368055343628, "acc": 0.8353515267372131, "length": 4.0, "mode": "test", "epoch": 49}
{"loss": 0.3555353283882141, "acc": 0.8431870341300964, "length": 3.9994499683380127, "mode": "train", "epoch": 50}
{"loss": 0.3760945498943329, "acc": 0.8359374403953552, "length": 4.0, "mode": "test", "epoch": 50}
{"loss": 0.35370782017707825, "acc": 0.8432445526123047, "length": 3.9999961853027344, "mode": "train", "epoch": 51}
{"loss": 0.3782415986061096, "acc": 0.8335939049720764, "length": 4.0, "mode": "test", "epoch": 51}
{"loss": 0.35516348481178284, "acc": 0.8431028723716736, "length": 3.9999873638153076, "mode": "train", "epoch": 52}
{"loss": 0.37926334142684937, "acc": 0.8368163704872131, "length": 4.0, "mode": "test", "epoch": 52}
{"loss": 0.3553107976913452, "acc": 0.8439226746559143, "length": 3.9999942779541016, "mode": "train", "epoch": 53}
{"loss": 0.3784480392932892, "acc": 0.837793231010437, "length": 4.0, "mode": "test", "epoch": 53}
{"loss": 0.3543660342693329, "acc": 0.8431013226509094, "length": 3.99994158744812, "mode": "train", "epoch": 54}
{"loss": 0.38283079862594604, "acc": 0.832616925239563, "length": 4.0, "mode": "test", "epoch": 54}
{"loss": 0.35525041818618774, "acc": 0.8427349328994751, "length": 3.9999806880950928, "mode": "train", "epoch": 55}
{"loss": 0.37827497720718384, "acc": 0.8350586295127869, "length": 4.0, "mode": "test", "epoch": 55}
{"loss": 0.35528260469436646, "acc": 0.8437533974647522, "length": 3.9999959468841553, "mode": "train", "epoch": 56}
{"loss": 0.3791814148426056, "acc": 0.8327149152755737, "length": 4.0, "mode": "test", "epoch": 56}
{"loss": 0.35486647486686707, "acc": 0.8433859348297119, "length": 3.9999983310699463, "mode": "train", "epoch": 57}
{"loss": 0.37387263774871826, "acc": 0.8367186784744263, "length": 4.0, "mode": "test", "epoch": 57}
{"loss": 0.3520246148109436, "acc": 0.8450536727905273, "length": 4.0, "mode": "train", "epoch": 58}
{"loss": 0.3725230097770691, "acc": 0.8374999761581421, "length": 4.0, "mode": "test", "epoch": 58}
{"loss": 0.35183414816856384, "acc": 0.8448840975761414, "length": 3.9999992847442627, "mode": "train", "epoch": 59}
{"loss": 0.3835929036140442, "acc": 0.8358398079872131, "length": 4.0, "mode": "test", "epoch": 59}
{"loss": 0.35147541761398315, "acc": 0.8445165753364563, "length": 3.999999523162842, "mode": "train", "epoch": 60}
{"loss": 0.37364375591278076, "acc": 0.8375977277755737, "length": 4.0, "mode": "test", "epoch": 60}
test accuracy: 0.8352343440055847
