# ["--attributes=3", "--values=16", "--game_size=10", "--vocab_size_factor=3", "--n_epochs=60", "--batch_size=32", "--learning_rate=0.0005", "--hidden_size=128", "--temp_update=0.99", "--temperature=2"]
Creating train_ds and val_ds...

Creating test_ds...
{"loss": 0.4240041673183441, "acc": 0.8063808679580688, "length": 3.99361252784729, "mode": "train", "epoch": 1}
{"loss": 0.40466582775115967, "acc": 0.8270742297172546, "length": 4.0, "mode": "test", "epoch": 1}
{"loss": 0.30996283888816833, "acc": 0.8776043653488159, "length": 3.999955654144287, "mode": "train", "epoch": 2}
{"loss": 0.3847973346710205, "acc": 0.8353337049484253, "length": 4.0, "mode": "test", "epoch": 2}
{"loss": 0.2892632484436035, "acc": 0.8873708844184875, "length": 3.9999887943267822, "mode": "train", "epoch": 3}
{"loss": 0.33794477581977844, "acc": 0.8619593977928162, "length": 4.0, "mode": "test", "epoch": 3}
{"loss": 0.2793653607368469, "acc": 0.8920265436172485, "length": 3.9999935626983643, "mode": "train", "epoch": 4}
{"loss": 0.3098217844963074, "acc": 0.8772004246711731, "length": 4.0, "mode": "test", "epoch": 4}
{"loss": 0.2822210490703583, "acc": 0.8905903100967407, "length": 3.9999940395355225, "mode": "train", "epoch": 5}
{"loss": 0.3162250816822052, "acc": 0.8706116676330566, "length": 4.0, "mode": "test", "epoch": 5}
{"loss": 0.2660457193851471, "acc": 0.8972795605659485, "length": 3.9999988079071045, "mode": "train", "epoch": 6}
{"loss": 0.29517480731010437, "acc": 0.8783215284347534, "length": 4.0, "mode": "test", "epoch": 6}
{"loss": 0.2602123022079468, "acc": 0.8995456099510193, "length": 4.0, "mode": "train", "epoch": 7}
{"loss": 0.29718708992004395, "acc": 0.8827639222145081, "length": 4.0, "mode": "test", "epoch": 7}
{"loss": 0.25738903880119324, "acc": 0.9005883932113647, "length": 4.0, "mode": "train", "epoch": 8}
{"loss": 0.2710527777671814, "acc": 0.8926146626472473, "length": 4.0, "mode": "test", "epoch": 8}
{"loss": 0.25376012921333313, "acc": 0.9016481637954712, "length": 4.0, "mode": "train", "epoch": 9}
{"loss": 0.27122068405151367, "acc": 0.8903313279151917, "length": 4.0, "mode": "test", "epoch": 9}
{"loss": 0.24885329604148865, "acc": 0.9038365483283997, "length": 4.0, "mode": "train", "epoch": 10}
{"loss": 0.2625654339790344, "acc": 0.8976337909698486, "length": 4.0, "mode": "test", "epoch": 10}
{"loss": 0.24966399371623993, "acc": 0.9034737348556519, "length": 4.0, "mode": "train", "epoch": 11}
{"loss": 0.27086982131004333, "acc": 0.8938636183738708, "length": 4.0, "mode": "test", "epoch": 11}
{"loss": 0.24028179049491882, "acc": 0.9074904918670654, "length": 4.0, "mode": "train", "epoch": 12}
{"loss": 0.2478608787059784, "acc": 0.9051651358604431, "length": 4.0, "mode": "test", "epoch": 12}
{"loss": 0.2339104264974594, "acc": 0.9113894701004028, "length": 4.0, "mode": "train", "epoch": 13}
{"loss": 0.24167175590991974, "acc": 0.9085460305213928, "length": 4.0, "mode": "test", "epoch": 13}
{"loss": 0.23016716539859772, "acc": 0.9128525257110596, "length": 4.0, "mode": "train", "epoch": 14}
{"loss": 0.2581092119216919, "acc": 0.896916389465332, "length": 4.0, "mode": "test", "epoch": 14}
{"loss": 0.2294185608625412, "acc": 0.9132980108261108, "length": 4.0, "mode": "train", "epoch": 15}
{"loss": 0.24254366755485535, "acc": 0.9090145826339722, "length": 4.0, "mode": "test", "epoch": 15}
{"loss": 0.2273605763912201, "acc": 0.9137603044509888, "length": 4.0, "mode": "train", "epoch": 16}
{"loss": 0.24465800821781158, "acc": 0.9085730910301208, "length": 4.0, "mode": "test", "epoch": 16}
{"loss": 0.2262907326221466, "acc": 0.9142761826515198, "length": 4.0, "mode": "train", "epoch": 17}
{"loss": 0.2319919317960739, "acc": 0.9141255617141724, "length": 4.0, "mode": "test", "epoch": 17}
{"loss": 0.2237592190504074, "acc": 0.9150463938713074, "length": 4.0, "mode": "train", "epoch": 18}
{"loss": 0.2342444211244583, "acc": 0.9125902056694031, "length": 4.0, "mode": "test", "epoch": 18}
{"loss": 0.22297173738479614, "acc": 0.9153003096580505, "length": 4.0, "mode": "train", "epoch": 19}
{"loss": 0.23405267298221588, "acc": 0.9116655588150024, "length": 4.0, "mode": "test", "epoch": 19}
{"loss": 0.22483210265636444, "acc": 0.9145702719688416, "length": 4.0, "mode": "train", "epoch": 20}
{"loss": 0.2368427813053131, "acc": 0.9118170142173767, "length": 4.0, "mode": "test", "epoch": 20}
{"loss": 0.2231031209230423, "acc": 0.9151737093925476, "length": 4.0, "mode": "train", "epoch": 21}
{"loss": 0.23270967602729797, "acc": 0.9129919409751892, "length": 4.0, "mode": "test", "epoch": 21}
{"loss": 0.2222568392753601, "acc": 0.9153430461883545, "length": 4.0, "mode": "train", "epoch": 22}
{"loss": 0.23124203085899353, "acc": 0.9139904379844666, "length": 4.0, "mode": "test", "epoch": 22}
{"loss": 0.22344808280467987, "acc": 0.9148056507110596, "length": 4.0, "mode": "train", "epoch": 23}
{"loss": 0.2302357256412506, "acc": 0.91350919008255, "length": 4.0, "mode": "test", "epoch": 23}
{"loss": 0.22205956280231476, "acc": 0.9152007102966309, "length": 4.0, "mode": "train", "epoch": 24}
{"loss": 0.22953684628009796, "acc": 0.9138750433921814, "length": 4.0, "mode": "test", "epoch": 24}
{"loss": 0.2239236831665039, "acc": 0.9147552847862244, "length": 4.0, "mode": "train", "epoch": 25}
{"loss": 0.23464958369731903, "acc": 0.9119414687156677, "length": 4.0, "mode": "test", "epoch": 25}
{"loss": 0.22060351073741913, "acc": 0.9158300161361694, "length": 4.0, "mode": "train", "epoch": 26}
{"loss": 0.2317819893360138, "acc": 0.909967839717865, "length": 4.0, "mode": "test", "epoch": 26}
{"loss": 0.21803033351898193, "acc": 0.9171705842018127, "length": 4.0, "mode": "train", "epoch": 27}
{"loss": 0.2229868769645691, "acc": 0.9173101186752319, "length": 4.0, "mode": "test", "epoch": 27}
{"loss": 0.2152538001537323, "acc": 0.9190714359283447, "length": 4.0, "mode": "train", "epoch": 28}
{"loss": 0.23116883635520935, "acc": 0.9152754545211792, "length": 4.0, "mode": "test", "epoch": 28}
{"loss": 0.2104048728942871, "acc": 0.9217767715454102, "length": 4.0, "mode": "train", "epoch": 29}
{"loss": 0.21525034308433533, "acc": 0.9217020273208618, "length": 4.0, "mode": "test", "epoch": 29}
{"loss": 0.20832550525665283, "acc": 0.9229427576065063, "length": 4.0, "mode": "train", "epoch": 30}
{"loss": 0.21353067457675934, "acc": 0.9229328036308289, "length": 4.0, "mode": "test", "epoch": 30}
{"loss": 0.2063908874988556, "acc": 0.9240948557853699, "length": 4.0, "mode": "train", "epoch": 31}
{"loss": 0.21001359820365906, "acc": 0.9244773983955383, "length": 4.0, "mode": "test", "epoch": 31}
{"loss": 0.20229189097881317, "acc": 0.9259098172187805, "length": 4.0, "mode": "train", "epoch": 32}
{"loss": 0.2111966907978058, "acc": 0.922896683216095, "length": 4.0, "mode": "test", "epoch": 32}
{"loss": 0.20035050809383392, "acc": 0.926448404788971, "length": 4.0, "mode": "train", "epoch": 33}
{"loss": 0.2061024308204651, "acc": 0.9263732433319092, "length": 4.0, "mode": "test", "epoch": 33}
{"loss": 0.200147807598114, "acc": 0.926924467086792, "length": 4.0, "mode": "train", "epoch": 34}
{"loss": 0.22040624916553497, "acc": 0.9220443964004517, "length": 4.0, "mode": "test", "epoch": 34}
{"loss": 0.19777460396289825, "acc": 0.9279134273529053, "length": 4.0, "mode": "train", "epoch": 35}
{"loss": 0.20736944675445557, "acc": 0.9257424473762512, "length": 4.0, "mode": "test", "epoch": 35}
{"loss": 0.1961086243391037, "acc": 0.928693950176239, "length": 4.0, "mode": "train", "epoch": 36}
{"loss": 0.20799019932746887, "acc": 0.9257892966270447, "length": 4.0, "mode": "test", "epoch": 36}
{"loss": 0.19666710495948792, "acc": 0.9286428093910217, "length": 4.0, "mode": "train", "epoch": 37}
{"loss": 0.20235557854175568, "acc": 0.928166389465332, "length": 4.0, "mode": "test", "epoch": 37}
{"loss": 0.19607508182525635, "acc": 0.9288049936294556, "length": 4.0, "mode": "train", "epoch": 38}
{"loss": 0.20253263413906097, "acc": 0.9278437495231628, "length": 4.0, "mode": "test", "epoch": 38}
{"loss": 0.19524890184402466, "acc": 0.9291874170303345, "length": 4.0, "mode": "train", "epoch": 39}
{"loss": 0.2011098712682724, "acc": 0.9284818172454834, "length": 4.0, "mode": "test", "epoch": 39}
{"loss": 0.1958693265914917, "acc": 0.928900420665741, "length": 4.0, "mode": "train", "epoch": 40}
{"loss": 0.20015883445739746, "acc": 0.9284675121307373, "length": 4.0, "mode": "test", "epoch": 40}
{"loss": 0.1934245526790619, "acc": 0.9297679662704468, "length": 4.0, "mode": "train", "epoch": 41}
{"loss": 0.19881047308444977, "acc": 0.9290531873703003, "length": 4.0, "mode": "test", "epoch": 41}
{"loss": 0.19455628097057343, "acc": 0.9293771982192993, "length": 4.0, "mode": "train", "epoch": 42}
{"loss": 0.19785112142562866, "acc": 0.9295397996902466, "length": 4.0, "mode": "test", "epoch": 42}
{"loss": 0.19336353242397308, "acc": 0.9296971559524536, "length": 4.0, "mode": "train", "epoch": 43}
{"loss": 0.19826571643352509, "acc": 0.9293991327285767, "length": 4.0, "mode": "test", "epoch": 43}
{"loss": 0.19137324392795563, "acc": 0.9305300116539001, "length": 4.0, "mode": "train", "epoch": 44}
{"loss": 0.19521887600421906, "acc": 0.9305147528648376, "length": 4.0, "mode": "test", "epoch": 44}
{"loss": 0.19086450338363647, "acc": 0.9307994246482849, "length": 4.0, "mode": "train", "epoch": 45}
{"loss": 0.1934477984905243, "acc": 0.9308986067771912, "length": 4.0, "mode": "test", "epoch": 45}
{"loss": 0.1932109296321869, "acc": 0.9300076961517334, "length": 4.0, "mode": "train", "epoch": 46}
{"loss": 0.19817088544368744, "acc": 0.9296008944511414, "length": 4.0, "mode": "test", "epoch": 46}
{"loss": 0.19131313264369965, "acc": 0.93059241771698, "length": 4.0, "mode": "train", "epoch": 47}
{"loss": 0.21491917967796326, "acc": 0.9257045984268188, "length": 4.0, "mode": "test", "epoch": 47}
{"loss": 0.1915467083454132, "acc": 0.9304891228675842, "length": 4.0, "mode": "train", "epoch": 48}
{"loss": 0.20060931146144867, "acc": 0.9292514324188232, "length": 4.0, "mode": "test", "epoch": 48}
{"loss": 0.19068101048469543, "acc": 0.9306613802909851, "length": 4.0, "mode": "train", "epoch": 49}
{"loss": 0.1956300437450409, "acc": 0.931062638759613, "length": 4.0, "mode": "test", "epoch": 49}
{"loss": 0.18870694935321808, "acc": 0.9314810037612915, "length": 4.0, "mode": "train", "epoch": 50}
{"loss": 0.19121582806110382, "acc": 0.9321330189704895, "length": 4.0, "mode": "test", "epoch": 50}
{"loss": 0.18926449120044708, "acc": 0.9317054748535156, "length": 4.0, "mode": "train", "epoch": 51}
{"loss": 0.1920311599969864, "acc": 0.9324178099632263, "length": 4.0, "mode": "test", "epoch": 51}
{"loss": 0.18791760504245758, "acc": 0.9325094223022461, "length": 4.0, "mode": "train", "epoch": 52}
{"loss": 0.19577094912528992, "acc": 0.9311310052871704, "length": 4.0, "mode": "test", "epoch": 52}
{"loss": 0.18547892570495605, "acc": 0.9338506460189819, "length": 4.0, "mode": "train", "epoch": 53}
{"loss": 0.19680942595005035, "acc": 0.9302136301994324, "length": 4.0, "mode": "test", "epoch": 53}
{"loss": 0.18955352902412415, "acc": 0.9324038028717041, "length": 4.0, "mode": "train", "epoch": 54}
{"loss": 0.19806653261184692, "acc": 0.9306102991104126, "length": 4.0, "mode": "test", "epoch": 54}
{"loss": 0.1866857260465622, "acc": 0.9335169792175293, "length": 4.0, "mode": "train", "epoch": 55}
{"loss": 0.18724718689918518, "acc": 0.9353175759315491, "length": 4.0, "mode": "test", "epoch": 55}
{"loss": 0.18241925537586212, "acc": 0.9352304339408875, "length": 4.0, "mode": "train", "epoch": 56}
{"loss": 0.19032582640647888, "acc": 0.9334883689880371, "length": 4.0, "mode": "test", "epoch": 56}
{"loss": 0.1835917830467224, "acc": 0.9348917007446289, "length": 4.0, "mode": "train", "epoch": 57}
{"loss": 0.18723130226135254, "acc": 0.933933436870575, "length": 4.0, "mode": "test", "epoch": 57}
{"loss": 0.18111570179462433, "acc": 0.9354110360145569, "length": 4.0, "mode": "train", "epoch": 58}
{"loss": 0.18532712757587433, "acc": 0.9350850582122803, "length": 4.0, "mode": "test", "epoch": 58}
{"loss": 0.17816057801246643, "acc": 0.9373431205749512, "length": 4.0, "mode": "train", "epoch": 59}
{"loss": 0.1827189177274704, "acc": 0.9377577900886536, "length": 4.0, "mode": "test", "epoch": 59}
{"loss": 0.17927300930023193, "acc": 0.9372776746749878, "length": 4.0, "mode": "train", "epoch": 60}
{"loss": 0.18725734949111938, "acc": 0.9345641732215881, "length": 4.0, "mode": "test", "epoch": 60}
test accuracy: 0.9314882755279541
