# ["--attributes=3", "--values=16", "--game_size=10", "--vocab_size_factor=3", "--n_epochs=60", "--batch_size=32", "--learning_rate=0.0005", "--hidden_size=256", "--temp_update=0.99", "--temperature=1.5"]
Creating train_ds and val_ds...

Creating test_ds...
{"loss": 0.41267234086990356, "acc": 0.8151208162307739, "length": 3.9503934383392334, "mode": "train", "epoch": 1}
{"loss": 0.3231366276741028, "acc": 0.8689824342727661, "length": 4.0, "mode": "test", "epoch": 1}
{"loss": 0.2784962058067322, "acc": 0.8906880021095276, "length": 3.9999046325683594, "mode": "train", "epoch": 2}
{"loss": 0.28520673513412476, "acc": 0.8867214918136597, "length": 4.0, "mode": "test", "epoch": 2}
{"loss": 0.2519296407699585, "acc": 0.901318371295929, "length": 3.999971389770508, "mode": "train", "epoch": 3}
{"loss": 0.2483806014060974, "acc": 0.9043036103248596, "length": 4.0, "mode": "test", "epoch": 3}
{"loss": 0.2341957688331604, "acc": 0.9090650081634521, "length": 3.999993324279785, "mode": "train", "epoch": 4}
{"loss": 0.23390281200408936, "acc": 0.9082053899765015, "length": 4.0, "mode": "test", "epoch": 4}
{"loss": 0.22527483105659485, "acc": 0.912973165512085, "length": 3.999997854232788, "mode": "train", "epoch": 5}
{"loss": 0.2393350601196289, "acc": 0.907490074634552, "length": 4.0, "mode": "test", "epoch": 5}
{"loss": 0.21110452711582184, "acc": 0.9210310578346252, "length": 4.0, "mode": "train", "epoch": 6}
{"loss": 0.2065308690071106, "acc": 0.9248215556144714, "length": 4.0, "mode": "test", "epoch": 6}
{"loss": 0.18570703268051147, "acc": 0.9337355494499207, "length": 4.0, "mode": "train", "epoch": 7}
{"loss": 0.1932142972946167, "acc": 0.9343569278717041, "length": 4.0, "mode": "test", "epoch": 7}
{"loss": 0.16971167922019958, "acc": 0.9428274631500244, "length": 4.0, "mode": "train", "epoch": 8}
{"loss": 0.16692125797271729, "acc": 0.9458603858947754, "length": 4.0, "mode": "test", "epoch": 8}
{"loss": 0.159353107213974, "acc": 0.9479861259460449, "length": 4.0, "mode": "train", "epoch": 9}
{"loss": 0.16364873945713043, "acc": 0.9480625987052917, "length": 4.0, "mode": "test", "epoch": 9}
{"loss": 0.156776562333107, "acc": 0.9490374326705933, "length": 4.0, "mode": "train", "epoch": 10}
{"loss": 0.1604236364364624, "acc": 0.9487925171852112, "length": 4.0, "mode": "test", "epoch": 10}
{"loss": 0.15513749420642853, "acc": 0.9498932957649231, "length": 4.0, "mode": "train", "epoch": 11}
{"loss": 0.15870803594589233, "acc": 0.9489944577217102, "length": 4.0, "mode": "test", "epoch": 11}
{"loss": 0.1566361039876938, "acc": 0.9483910799026489, "length": 4.0, "mode": "train", "epoch": 12}
{"loss": 0.16143761575222015, "acc": 0.9472823739051819, "length": 4.0, "mode": "test", "epoch": 12}
{"loss": 0.15383955836296082, "acc": 0.950002908706665, "length": 4.0, "mode": "train", "epoch": 13}
{"loss": 0.15680131316184998, "acc": 0.949897289276123, "length": 4.0, "mode": "test", "epoch": 13}
{"loss": 0.15171419084072113, "acc": 0.9509518146514893, "length": 4.0, "mode": "train", "epoch": 14}
{"loss": 0.1525706946849823, "acc": 0.9514634609222412, "length": 4.0, "mode": "test", "epoch": 14}
{"loss": 0.14860175549983978, "acc": 0.9518982172012329, "length": 4.0, "mode": "train", "epoch": 15}
{"loss": 0.15619966387748718, "acc": 0.9507713913917542, "length": 4.0, "mode": "test", "epoch": 15}
{"loss": 0.1480911374092102, "acc": 0.9521573781967163, "length": 4.0, "mode": "train", "epoch": 16}
{"loss": 0.1615017056465149, "acc": 0.9471722841262817, "length": 4.0, "mode": "test", "epoch": 16}
{"loss": 0.14801201224327087, "acc": 0.9522264003753662, "length": 4.0, "mode": "train", "epoch": 17}
{"loss": 0.1522708237171173, "acc": 0.9522113800048828, "length": 4.0, "mode": "test", "epoch": 17}
{"loss": 0.14717723429203033, "acc": 0.9524814486503601, "length": 4.0, "mode": "train", "epoch": 18}
{"loss": 0.15424934029579163, "acc": 0.9513319134712219, "length": 4.0, "mode": "test", "epoch": 18}
{"loss": 0.145774707198143, "acc": 0.9528247714042664, "length": 4.0, "mode": "train", "epoch": 19}
{"loss": 0.150527223944664, "acc": 0.9526311755180359, "length": 4.0, "mode": "test", "epoch": 19}
{"loss": 0.14508281648159027, "acc": 0.9530881643295288, "length": 4.0, "mode": "train", "epoch": 20}
{"loss": 0.1446884125471115, "acc": 0.953768253326416, "length": 4.0, "mode": "test", "epoch": 20}
{"loss": 0.14482486248016357, "acc": 0.953020453453064, "length": 4.0, "mode": "train", "epoch": 21}
{"loss": 0.14962457120418549, "acc": 0.9521247744560242, "length": 4.0, "mode": "test", "epoch": 21}
{"loss": 0.14547179639339447, "acc": 0.9528673887252808, "length": 4.0, "mode": "train", "epoch": 22}
{"loss": 0.15232227742671967, "acc": 0.9520201683044434, "length": 4.0, "mode": "test", "epoch": 22}
{"loss": 0.14397364854812622, "acc": 0.9532609581947327, "length": 4.0, "mode": "train", "epoch": 23}
{"loss": 0.1499939113855362, "acc": 0.9517355561256409, "length": 4.0, "mode": "test", "epoch": 23}
{"loss": 0.1448163092136383, "acc": 0.9530419111251831, "length": 4.0, "mode": "train", "epoch": 24}
{"loss": 0.14814259111881256, "acc": 0.9525357484817505, "length": 4.0, "mode": "test", "epoch": 24}
{"loss": 0.1442158818244934, "acc": 0.9530168175697327, "length": 4.0, "mode": "train", "epoch": 25}
{"loss": 0.14960557222366333, "acc": 0.952049195766449, "length": 4.0, "mode": "test", "epoch": 25}
{"loss": 0.14414122700691223, "acc": 0.9530965685844421, "length": 4.0, "mode": "train", "epoch": 26}
{"loss": 0.14381133019924164, "acc": 0.9538493752479553, "length": 4.0, "mode": "test", "epoch": 26}
{"loss": 0.1435275375843048, "acc": 0.9533841013908386, "length": 4.0, "mode": "train", "epoch": 27}
{"loss": 0.1471482366323471, "acc": 0.9535052180290222, "length": 4.0, "mode": "test", "epoch": 27}
{"loss": 0.14246465265750885, "acc": 0.9537031650543213, "length": 4.0, "mode": "train", "epoch": 28}
{"loss": 0.14680659770965576, "acc": 0.9531808495521545, "length": 4.0, "mode": "test", "epoch": 28}
{"loss": 0.14400345087051392, "acc": 0.9531686305999756, "length": 4.0, "mode": "train", "epoch": 29}
{"loss": 0.14340679347515106, "acc": 0.9540351033210754, "length": 4.0, "mode": "test", "epoch": 29}
{"loss": 0.14300188422203064, "acc": 0.953374981880188, "length": 4.0, "mode": "train", "epoch": 30}
{"loss": 0.14629773795604706, "acc": 0.952847421169281, "length": 4.0, "mode": "test", "epoch": 30}
{"loss": 0.14189238846302032, "acc": 0.9537243843078613, "length": 4.0, "mode": "train", "epoch": 31}
{"loss": 0.14489158987998962, "acc": 0.9537089467048645, "length": 4.0, "mode": "test", "epoch": 31}
{"loss": 0.14235924184322357, "acc": 0.9537429213523865, "length": 4.0, "mode": "train", "epoch": 32}
{"loss": 0.14564906060695648, "acc": 0.9537540078163147, "length": 4.0, "mode": "test", "epoch": 32}
{"loss": 0.14383819699287415, "acc": 0.9531770348548889, "length": 4.0, "mode": "train", "epoch": 33}
{"loss": 0.151248037815094, "acc": 0.9520111083984375, "length": 4.0, "mode": "test", "epoch": 33}
{"loss": 0.14367614686489105, "acc": 0.9532268047332764, "length": 4.0, "mode": "train", "epoch": 34}
{"loss": 0.14601165056228638, "acc": 0.9537214636802673, "length": 4.0, "mode": "test", "epoch": 34}
{"loss": 0.14296269416809082, "acc": 0.9533895254135132, "length": 4.0, "mode": "train", "epoch": 35}
{"loss": 0.1450488269329071, "acc": 0.9534943699836731, "length": 4.0, "mode": "test", "epoch": 35}
{"loss": 0.1429269015789032, "acc": 0.953452467918396, "length": 4.0, "mode": "train", "epoch": 36}
{"loss": 0.14502424001693726, "acc": 0.9535214304924011, "length": 4.0, "mode": "test", "epoch": 36}
{"loss": 0.14203378558158875, "acc": 0.9537201523780823, "length": 4.0, "mode": "train", "epoch": 37}
{"loss": 0.14310956001281738, "acc": 0.9538278579711914, "length": 4.0, "mode": "test", "epoch": 37}
{"loss": 0.1421893686056137, "acc": 0.9536048769950867, "length": 4.0, "mode": "train", "epoch": 38}
{"loss": 0.14507555961608887, "acc": 0.9536730051040649, "length": 4.0, "mode": "test", "epoch": 38}
{"loss": 0.14429563283920288, "acc": 0.9529477953910828, "length": 4.0, "mode": "train", "epoch": 39}
{"loss": 0.14681462943553925, "acc": 0.9526799321174622, "length": 4.0, "mode": "test", "epoch": 39}
{"loss": 0.1452244520187378, "acc": 0.9525882601737976, "length": 4.0, "mode": "train", "epoch": 40}
{"loss": 0.15000419318675995, "acc": 0.9515373110771179, "length": 4.0, "mode": "test", "epoch": 40}
{"loss": 0.14569087326526642, "acc": 0.9524964690208435, "length": 4.0, "mode": "train", "epoch": 41}
{"loss": 0.1496630162000656, "acc": 0.9521049857139587, "length": 4.0, "mode": "test", "epoch": 41}
{"loss": 0.1430155634880066, "acc": 0.9532724022865295, "length": 4.0, "mode": "train", "epoch": 42}
{"loss": 0.1505921185016632, "acc": 0.9516257047653198, "length": 4.0, "mode": "test", "epoch": 42}
{"loss": 0.14457058906555176, "acc": 0.9525853395462036, "length": 4.0, "mode": "train", "epoch": 43}
{"loss": 0.14581555128097534, "acc": 0.95322585105896, "length": 4.0, "mode": "test", "epoch": 43}
{"loss": 0.14196264743804932, "acc": 0.9535191059112549, "length": 4.0, "mode": "train", "epoch": 44}
{"loss": 0.14388932287693024, "acc": 0.9535790681838989, "length": 4.0, "mode": "test", "epoch": 44}
{"loss": 0.1420593559741974, "acc": 0.9534728527069092, "length": 4.0, "mode": "train", "epoch": 45}
{"loss": 0.1452111303806305, "acc": 0.9531412720680237, "length": 4.0, "mode": "test", "epoch": 45}
{"loss": 0.14281471073627472, "acc": 0.9532292485237122, "length": 4.0, "mode": "train", "epoch": 46}
{"loss": 0.14469990134239197, "acc": 0.9535970687866211, "length": 4.0, "mode": "test", "epoch": 46}
{"loss": 0.1414218544960022, "acc": 0.9536204934120178, "length": 4.0, "mode": "train", "epoch": 47}
{"loss": 0.15021193027496338, "acc": 0.9519012570381165, "length": 4.0, "mode": "test", "epoch": 47}
{"loss": 0.1409268081188202, "acc": 0.9538569450378418, "length": 4.0, "mode": "train", "epoch": 48}
{"loss": 0.1433839350938797, "acc": 0.9538621306419373, "length": 4.0, "mode": "test", "epoch": 48}
{"loss": 0.1435975283384323, "acc": 0.9529238939285278, "length": 4.0, "mode": "train", "epoch": 49}
{"loss": 0.14701373875141144, "acc": 0.9522149562835693, "length": 4.0, "mode": "test", "epoch": 49}
{"loss": 0.14254292845726013, "acc": 0.9532604217529297, "length": 4.0, "mode": "train", "epoch": 50}
{"loss": 0.14480271935462952, "acc": 0.9533628225326538, "length": 4.0, "mode": "test", "epoch": 50}
{"loss": 0.14328081905841827, "acc": 0.953112781047821, "length": 4.0, "mode": "train", "epoch": 51}
{"loss": 0.14747583866119385, "acc": 0.952820360660553, "length": 4.0, "mode": "test", "epoch": 51}
{"loss": 0.14138489961624146, "acc": 0.953708827495575, "length": 4.0, "mode": "train", "epoch": 52}
{"loss": 0.1474151313304901, "acc": 0.9519373178482056, "length": 4.0, "mode": "test", "epoch": 52}
{"loss": 0.14389066398143768, "acc": 0.9527083039283752, "length": 4.0, "mode": "train", "epoch": 53}
{"loss": 0.1465773582458496, "acc": 0.9522383809089661, "length": 4.0, "mode": "test", "epoch": 53}
{"loss": 0.14263412356376648, "acc": 0.9532526135444641, "length": 4.0, "mode": "train", "epoch": 54}
{"loss": 0.15025442838668823, "acc": 0.9521663188934326, "length": 4.0, "mode": "test", "epoch": 54}
{"loss": 0.1431891769170761, "acc": 0.953048586845398, "length": 4.0, "mode": "train", "epoch": 55}
{"loss": 0.1439458131790161, "acc": 0.9533214569091797, "length": 4.0, "mode": "test", "epoch": 55}
{"loss": 0.14111709594726562, "acc": 0.9538119435310364, "length": 4.0, "mode": "train", "epoch": 56}
{"loss": 0.14197565615177155, "acc": 0.9541955590248108, "length": 4.0, "mode": "test", "epoch": 56}
{"loss": 0.1415567398071289, "acc": 0.9535364508628845, "length": 4.0, "mode": "train", "epoch": 57}
{"loss": 0.14681531488895416, "acc": 0.9529392719268799, "length": 4.0, "mode": "test", "epoch": 57}
{"loss": 0.14269383251667023, "acc": 0.9531368017196655, "length": 4.0, "mode": "train", "epoch": 58}
{"loss": 0.14798814058303833, "acc": 0.9520418643951416, "length": 4.0, "mode": "test", "epoch": 58}
{"loss": 0.14305299520492554, "acc": 0.9532490372657776, "length": 4.0, "mode": "train", "epoch": 59}
{"loss": 0.1431785225868225, "acc": 0.9538476467132568, "length": 4.0, "mode": "test", "epoch": 59}
{"loss": 0.14214959740638733, "acc": 0.9536211490631104, "length": 4.0, "mode": "train", "epoch": 60}
{"loss": 0.14652520418167114, "acc": 0.9528492093086243, "length": 4.0, "mode": "test", "epoch": 60}
test accuracy: 0.9531975984573364
