# ["--attributes=3", "--values=16", "--game_size=10", "--vocab_size_factor=3", "--n_epochs=60", "--batch_size=32", "--learning_rate=0.001", "--hidden_size=128", "--temp_update=0.97", "--temperature=1"]
Creating train_ds and val_ds...

Creating test_ds...
{"loss": 0.45845380425453186, "acc": 0.7872346639633179, "length": 3.9966323375701904, "mode": "train", "epoch": 1}
{"loss": 0.3669765889644623, "acc": 0.8482030034065247, "length": 4.0, "mode": "test", "epoch": 1}
{"loss": 0.32939955592155457, "acc": 0.8691797256469727, "length": 3.9999783039093018, "mode": "train", "epoch": 2}
{"loss": 0.3075064718723297, "acc": 0.8810804486274719, "length": 4.0, "mode": "test", "epoch": 2}
{"loss": 0.2888042628765106, "acc": 0.8904111385345459, "length": 3.9999961853027344, "mode": "train", "epoch": 3}
{"loss": 0.2746681869029999, "acc": 0.899117648601532, "length": 4.0, "mode": "test", "epoch": 3}
{"loss": 0.27127668261528015, "acc": 0.8994284868240356, "length": 3.9999992847442627, "mode": "train", "epoch": 4}
{"loss": 0.2727315127849579, "acc": 0.9004168510437012, "length": 4.0, "mode": "test", "epoch": 4}
{"loss": 0.2656347155570984, "acc": 0.9020163416862488, "length": 3.999999523162842, "mode": "train", "epoch": 5}
{"loss": 0.2624654471874237, "acc": 0.9051800966262817, "length": 4.0, "mode": "test", "epoch": 5}
{"loss": 0.2593921720981598, "acc": 0.9053935408592224, "length": 4.0, "mode": "train", "epoch": 6}
{"loss": 0.2641936242580414, "acc": 0.9058495163917542, "length": 4.0, "mode": "test", "epoch": 6}
{"loss": 0.25162050127983093, "acc": 0.9090659022331238, "length": 4.0, "mode": "train", "epoch": 7}
{"loss": 0.25059616565704346, "acc": 0.9105947613716125, "length": 4.0, "mode": "test", "epoch": 7}
{"loss": 0.250689834356308, "acc": 0.9092785120010376, "length": 4.0, "mode": "train", "epoch": 8}
{"loss": 0.250213086605072, "acc": 0.9107967615127563, "length": 4.0, "mode": "test", "epoch": 8}
{"loss": 0.24646389484405518, "acc": 0.9108275175094604, "length": 4.0, "mode": "train", "epoch": 9}
{"loss": 0.24914635717868805, "acc": 0.9093876481056213, "length": 4.0, "mode": "test", "epoch": 9}
{"loss": 0.2460288405418396, "acc": 0.909083902835846, "length": 4.0, "mode": "train", "epoch": 10}
{"loss": 0.24679549038410187, "acc": 0.9087886810302734, "length": 4.0, "mode": "test", "epoch": 10}
{"loss": 0.24275708198547363, "acc": 0.9105637073516846, "length": 4.0, "mode": "train", "epoch": 11}
{"loss": 0.2438201755285263, "acc": 0.9102176427841187, "length": 4.0, "mode": "test", "epoch": 11}
{"loss": 0.23942716419696808, "acc": 0.9116097092628479, "length": 4.0, "mode": "train", "epoch": 12}
{"loss": 0.24170754849910736, "acc": 0.9120597839355469, "length": 4.0, "mode": "test", "epoch": 12}
{"loss": 0.23435333371162415, "acc": 0.914499044418335, "length": 4.0, "mode": "train", "epoch": 13}
{"loss": 0.24407467246055603, "acc": 0.9121013283729553, "length": 4.0, "mode": "test", "epoch": 13}
{"loss": 0.23774336278438568, "acc": 0.9128750562667847, "length": 4.0, "mode": "train", "epoch": 14}
{"loss": 0.23584437370300293, "acc": 0.9142574667930603, "length": 4.0, "mode": "test", "epoch": 14}
{"loss": 0.23396554589271545, "acc": 0.9138502478599548, "length": 4.0, "mode": "train", "epoch": 15}
{"loss": 0.23749126493930817, "acc": 0.9133100509643555, "length": 4.0, "mode": "test", "epoch": 15}
{"loss": 0.22723139822483063, "acc": 0.9169644117355347, "length": 4.0, "mode": "train", "epoch": 16}
{"loss": 0.22573594748973846, "acc": 0.9183962941169739, "length": 4.0, "mode": "test", "epoch": 16}
{"loss": 0.22958391904830933, "acc": 0.91561359167099, "length": 4.0, "mode": "train", "epoch": 17}
{"loss": 0.22984954714775085, "acc": 0.9163324236869812, "length": 4.0, "mode": "test", "epoch": 17}
{"loss": 0.22236035764217377, "acc": 0.9184044599533081, "length": 4.0, "mode": "train", "epoch": 18}
{"loss": 0.22927051782608032, "acc": 0.917770266532898, "length": 4.0, "mode": "test", "epoch": 18}
{"loss": 0.21914802491664886, "acc": 0.919858455657959, "length": 4.0, "mode": "train", "epoch": 19}
{"loss": 0.22124367952346802, "acc": 0.9207528233528137, "length": 4.0, "mode": "test", "epoch": 19}
{"loss": 0.2201642543077469, "acc": 0.9190329313278198, "length": 4.0, "mode": "train", "epoch": 20}
{"loss": 0.2187204509973526, "acc": 0.9197765588760376, "length": 4.0, "mode": "test", "epoch": 20}
{"loss": 0.21466106176376343, "acc": 0.9212614297866821, "length": 4.0, "mode": "train", "epoch": 21}
{"loss": 0.2229088991880417, "acc": 0.9186471104621887, "length": 4.0, "mode": "test", "epoch": 21}
{"loss": 0.21690110862255096, "acc": 0.9204406142234802, "length": 4.0, "mode": "train", "epoch": 22}
{"loss": 0.22185342013835907, "acc": 0.9194915890693665, "length": 4.0, "mode": "test", "epoch": 22}
{"loss": 0.2149692177772522, "acc": 0.9215479493141174, "length": 4.0, "mode": "train", "epoch": 23}
{"loss": 0.2176944613456726, "acc": 0.9193292260169983, "length": 4.0, "mode": "test", "epoch": 23}
{"loss": 0.2146373689174652, "acc": 0.9214350581169128, "length": 4.0, "mode": "train", "epoch": 24}
{"loss": 0.2187553346157074, "acc": 0.9222142696380615, "length": 4.0, "mode": "test", "epoch": 24}
{"loss": 0.21456025540828705, "acc": 0.9208382964134216, "length": 4.0, "mode": "train", "epoch": 25}
{"loss": 0.21790246665477753, "acc": 0.9199118614196777, "length": 4.0, "mode": "test", "epoch": 25}
{"loss": 0.21296264231204987, "acc": 0.9213706851005554, "length": 4.0, "mode": "train", "epoch": 26}
{"loss": 0.21462051570415497, "acc": 0.9221311211585999, "length": 4.0, "mode": "test", "epoch": 26}
{"loss": 0.2118048071861267, "acc": 0.9219024181365967, "length": 4.0, "mode": "train", "epoch": 27}
{"loss": 0.20729519426822662, "acc": 0.9244877696037292, "length": 4.0, "mode": "test", "epoch": 27}
{"loss": 0.20928457379341125, "acc": 0.9227285385131836, "length": 4.0, "mode": "train", "epoch": 28}
{"loss": 0.21682004630565643, "acc": 0.9192497730255127, "length": 4.0, "mode": "test", "epoch": 28}
{"loss": 0.20650729537010193, "acc": 0.9234862327575684, "length": 4.0, "mode": "train", "epoch": 29}
{"loss": 0.21260391175746918, "acc": 0.9228168725967407, "length": 4.0, "mode": "test", "epoch": 29}
{"loss": 0.2087101936340332, "acc": 0.9229273796081543, "length": 4.0, "mode": "train", "epoch": 30}
{"loss": 0.2105284333229065, "acc": 0.9232587814331055, "length": 4.0, "mode": "test", "epoch": 30}
{"loss": 0.2038901150226593, "acc": 0.9252004027366638, "length": 4.0, "mode": "train", "epoch": 31}
{"loss": 0.2185027152299881, "acc": 0.9187392592430115, "length": 4.0, "mode": "test", "epoch": 31}
{"loss": 0.20476192235946655, "acc": 0.9246699810028076, "length": 4.0, "mode": "train", "epoch": 32}
{"loss": 0.21140128374099731, "acc": 0.9233201742172241, "length": 4.0, "mode": "test", "epoch": 32}
{"loss": 0.2003515660762787, "acc": 0.9263635277748108, "length": 4.0, "mode": "train", "epoch": 33}
{"loss": 0.20788413286209106, "acc": 0.9240022897720337, "length": 4.0, "mode": "test", "epoch": 33}
{"loss": 0.2012706845998764, "acc": 0.9254724383354187, "length": 4.0, "mode": "train", "epoch": 34}
{"loss": 0.20547744631767273, "acc": 0.9249981641769409, "length": 4.0, "mode": "test", "epoch": 34}
{"loss": 0.19781716167926788, "acc": 0.9267734289169312, "length": 4.0, "mode": "train", "epoch": 35}
{"loss": 0.20028086006641388, "acc": 0.9272732734680176, "length": 4.0, "mode": "test", "epoch": 35}
{"loss": 0.19953525066375732, "acc": 0.9260541200637817, "length": 4.0, "mode": "train", "epoch": 36}
{"loss": 0.20759965479373932, "acc": 0.923940896987915, "length": 4.0, "mode": "test", "epoch": 36}
{"loss": 0.20109479129314423, "acc": 0.9252339005470276, "length": 3.9999992847442627, "mode": "train", "epoch": 37}
{"loss": 0.208088681101799, "acc": 0.9229017496109009, "length": 4.0, "mode": "test", "epoch": 37}
{"loss": 0.20094579458236694, "acc": 0.9253439903259277, "length": 4.0, "mode": "train", "epoch": 38}
{"loss": 0.2111196666955948, "acc": 0.9217504858970642, "length": 4.0, "mode": "test", "epoch": 38}
{"loss": 0.20575915277004242, "acc": 0.922869086265564, "length": 4.0, "mode": "train", "epoch": 39}
{"loss": 0.2115832269191742, "acc": 0.9215052127838135, "length": 4.0, "mode": "test", "epoch": 39}
{"loss": 0.2092912197113037, "acc": 0.9215455651283264, "length": 4.0, "mode": "train", "epoch": 40}
{"loss": 0.21424192190170288, "acc": 0.9201987981796265, "length": 4.0, "mode": "test", "epoch": 40}
{"loss": 0.21061791479587555, "acc": 0.9209219217300415, "length": 4.0, "mode": "train", "epoch": 41}
{"loss": 0.2119453251361847, "acc": 0.9198993444442749, "length": 4.0, "mode": "test", "epoch": 41}
{"loss": 0.20697443187236786, "acc": 0.922040581703186, "length": 4.0, "mode": "train", "epoch": 42}
{"loss": 0.21103855967521667, "acc": 0.921239972114563, "length": 4.0, "mode": "test", "epoch": 42}
{"loss": 0.20433828234672546, "acc": 0.922717273235321, "length": 4.0, "mode": "train", "epoch": 43}
{"loss": 0.21107284724712372, "acc": 0.9207004904747009, "length": 4.0, "mode": "test", "epoch": 43}
{"loss": 0.20657281577587128, "acc": 0.9224047660827637, "length": 4.0, "mode": "train", "epoch": 44}
{"loss": 0.21069353818893433, "acc": 0.9213482141494751, "length": 4.0, "mode": "test", "epoch": 44}
{"loss": 0.2025698572397232, "acc": 0.9239500164985657, "length": 4.0, "mode": "train", "epoch": 45}
{"loss": 0.2041039615869522, "acc": 0.9257288575172424, "length": 4.0, "mode": "test", "epoch": 45}
{"loss": 0.20496214926242828, "acc": 0.9227580428123474, "length": 4.0, "mode": "train", "epoch": 46}
{"loss": 0.20760861039161682, "acc": 0.923035204410553, "length": 4.0, "mode": "test", "epoch": 46}
{"loss": 0.2035537213087082, "acc": 0.9231762290000916, "length": 4.0, "mode": "train", "epoch": 47}
{"loss": 0.21000245213508606, "acc": 0.9206318259239197, "length": 4.0, "mode": "test", "epoch": 47}
{"loss": 0.20382820069789886, "acc": 0.9230777025222778, "length": 4.0, "mode": "train", "epoch": 48}
{"loss": 0.2086697369813919, "acc": 0.9214076399803162, "length": 4.0, "mode": "test", "epoch": 48}
{"loss": 0.20619316399097443, "acc": 0.9216567277908325, "length": 4.0, "mode": "train", "epoch": 49}
{"loss": 0.21436390280723572, "acc": 0.9193850755691528, "length": 4.0, "mode": "test", "epoch": 49}
{"loss": 0.2071479707956314, "acc": 0.9216459393501282, "length": 4.0, "mode": "train", "epoch": 50}
{"loss": 0.21087779104709625, "acc": 0.9211335778236389, "length": 4.0, "mode": "test", "epoch": 50}
{"loss": 0.2045741230249405, "acc": 0.9233936667442322, "length": 4.0, "mode": "train", "epoch": 51}
{"loss": 0.2099897265434265, "acc": 0.9211750030517578, "length": 4.0, "mode": "test", "epoch": 51}
{"loss": 0.20272213220596313, "acc": 0.923976480960846, "length": 4.0, "mode": "train", "epoch": 52}
{"loss": 0.2083939164876938, "acc": 0.9226959347724915, "length": 4.0, "mode": "test", "epoch": 52}
{"loss": 0.20333339273929596, "acc": 0.9240077137947083, "length": 4.0, "mode": "train", "epoch": 53}
{"loss": 0.21170496940612793, "acc": 0.9210973978042603, "length": 4.0, "mode": "test", "epoch": 53}
{"loss": 0.20049792528152466, "acc": 0.924467921257019, "length": 4.0, "mode": "train", "epoch": 54}
{"loss": 0.21010857820510864, "acc": 0.9207057356834412, "length": 4.0, "mode": "test", "epoch": 54}
{"loss": 0.20957504212856293, "acc": 0.9207855463027954, "length": 4.0, "mode": "train", "epoch": 55}
{"loss": 0.2141094207763672, "acc": 0.9187987446784973, "length": 4.0, "mode": "test", "epoch": 55}
{"loss": 0.20491772890090942, "acc": 0.9229789972305298, "length": 4.0, "mode": "train", "epoch": 56}
{"loss": 0.20935048162937164, "acc": 0.92144376039505, "length": 4.0, "mode": "test", "epoch": 56}
{"loss": 0.20017236471176147, "acc": 0.9246686697006226, "length": 4.0, "mode": "train", "epoch": 57}
{"loss": 0.2041230946779251, "acc": 0.9233599901199341, "length": 4.0, "mode": "test", "epoch": 57}
{"loss": 0.19918523728847504, "acc": 0.9248741269111633, "length": 4.0, "mode": "train", "epoch": 58}
{"loss": 0.20422445237636566, "acc": 0.923152506351471, "length": 4.0, "mode": "test", "epoch": 58}
{"loss": 0.2049824744462967, "acc": 0.9226067066192627, "length": 4.0, "mode": "train", "epoch": 59}
{"loss": 0.21062077581882477, "acc": 0.9206498861312866, "length": 4.0, "mode": "test", "epoch": 59}
{"loss": 0.2066018432378769, "acc": 0.921530544757843, "length": 4.0, "mode": "train", "epoch": 60}
{"loss": 0.205640971660614, "acc": 0.9232354760169983, "length": 4.0, "mode": "test", "epoch": 60}
test accuracy: 0.9142507910728455
