# ["--attributes=3", "--values=16", "--game_size=10", "--vocab_size_factor=3", "--n_epochs=60", "--batch_size=32", "--learning_rate=0.001", "--hidden_size=256", "--temp_update=0.99", "--temperature=1.5"]
Creating train_ds and val_ds...

Creating test_ds...
{"loss": 0.4988671541213989, "acc": 0.7283212542533875, "length": 3.19124436378479, "mode": "train", "epoch": 1}
{"loss": 0.34150072932243347, "acc": 0.8638243079185486, "length": 4.0, "mode": "test", "epoch": 1}
{"loss": 0.28828245401382446, "acc": 0.8916852474212646, "length": 3.999976396560669, "mode": "train", "epoch": 2}
{"loss": 0.269597589969635, "acc": 0.9024898409843445, "length": 4.0, "mode": "test", "epoch": 2}
{"loss": 0.2439596951007843, "acc": 0.9136598706245422, "length": 3.9999959468841553, "mode": "train", "epoch": 3}
{"loss": 0.2401471734046936, "acc": 0.9182158708572388, "length": 4.0, "mode": "test", "epoch": 3}
{"loss": 0.2254454493522644, "acc": 0.9225800037384033, "length": 3.9999992847442627, "mode": "train", "epoch": 4}
{"loss": 0.22803421318531036, "acc": 0.9247745275497437, "length": 4.0, "mode": "test", "epoch": 4}
{"loss": 0.2180941253900528, "acc": 0.9256089329719543, "length": 4.0, "mode": "train", "epoch": 5}
{"loss": 0.22045017778873444, "acc": 0.9256766438484192, "length": 4.0, "mode": "test", "epoch": 5}
{"loss": 0.2113266885280609, "acc": 0.9287128448486328, "length": 4.0, "mode": "train", "epoch": 6}
{"loss": 0.21480315923690796, "acc": 0.9276451468467712, "length": 4.0, "mode": "test", "epoch": 6}
{"loss": 0.20870667695999146, "acc": 0.9290558695793152, "length": 4.0, "mode": "train", "epoch": 7}
{"loss": 0.23031675815582275, "acc": 0.9207870960235596, "length": 4.0, "mode": "test", "epoch": 7}
{"loss": 0.20558302104473114, "acc": 0.9305837750434875, "length": 4.0, "mode": "train", "epoch": 8}
{"loss": 0.21135342121124268, "acc": 0.9288647770881653, "length": 4.0, "mode": "test", "epoch": 8}
{"loss": 0.2017609179019928, "acc": 0.9317450523376465, "length": 4.0, "mode": "train", "epoch": 9}
{"loss": 0.21041810512542725, "acc": 0.9280310869216919, "length": 4.0, "mode": "test", "epoch": 9}
{"loss": 0.19949457049369812, "acc": 0.9327618479728699, "length": 4.0, "mode": "train", "epoch": 10}
{"loss": 0.20695967972278595, "acc": 0.9314880967140198, "length": 4.0, "mode": "test", "epoch": 10}
{"loss": 0.1989813894033432, "acc": 0.9331018924713135, "length": 4.0, "mode": "train", "epoch": 11}
{"loss": 0.2083200365304947, "acc": 0.9311416745185852, "length": 4.0, "mode": "test", "epoch": 11}
{"loss": 0.198521688580513, "acc": 0.9330116510391235, "length": 4.0, "mode": "train", "epoch": 12}
{"loss": 0.20288875699043274, "acc": 0.9336243271827698, "length": 4.0, "mode": "test", "epoch": 12}
{"loss": 0.19557106494903564, "acc": 0.9340997934341431, "length": 4.0, "mode": "train", "epoch": 13}
{"loss": 0.20086397230625153, "acc": 0.9336515665054321, "length": 4.0, "mode": "test", "epoch": 13}
{"loss": 0.19618846476078033, "acc": 0.9338443875312805, "length": 4.0, "mode": "train", "epoch": 14}
{"loss": 0.2005435824394226, "acc": 0.9326951503753662, "length": 4.0, "mode": "test", "epoch": 14}
{"loss": 0.19660215079784393, "acc": 0.9333582520484924, "length": 4.0, "mode": "train", "epoch": 15}
{"loss": 0.2056751847267151, "acc": 0.929714560508728, "length": 4.0, "mode": "test", "epoch": 15}
{"loss": 0.19433808326721191, "acc": 0.9339677095413208, "length": 4.0, "mode": "train", "epoch": 16}
{"loss": 0.1972576230764389, "acc": 0.9338229298591614, "length": 4.0, "mode": "test", "epoch": 16}
{"loss": 0.19351384043693542, "acc": 0.9342403411865234, "length": 4.0, "mode": "train", "epoch": 17}
{"loss": 0.20490717887878418, "acc": 0.9301891922950745, "length": 4.0, "mode": "test", "epoch": 17}
{"loss": 0.19256378710269928, "acc": 0.9342501163482666, "length": 4.0, "mode": "train", "epoch": 18}
{"loss": 0.20070867240428925, "acc": 0.9318075180053711, "length": 4.0, "mode": "test", "epoch": 18}
{"loss": 0.18929553031921387, "acc": 0.9356680512428284, "length": 4.0, "mode": "train", "epoch": 19}
{"loss": 0.19619499146938324, "acc": 0.9332131147384644, "length": 4.0, "mode": "test", "epoch": 19}
{"loss": 0.1860182136297226, "acc": 0.9368882775306702, "length": 4.0, "mode": "train", "epoch": 20}
{"loss": 0.2021910399198532, "acc": 0.9331878423690796, "length": 4.0, "mode": "test", "epoch": 20}
{"loss": 0.181374192237854, "acc": 0.9393822550773621, "length": 4.0, "mode": "train", "epoch": 21}
{"loss": 0.19671247899532318, "acc": 0.9345753192901611, "length": 4.0, "mode": "test", "epoch": 21}
{"loss": 0.17609478533267975, "acc": 0.9414929747581482, "length": 4.0, "mode": "train", "epoch": 22}
{"loss": 0.19212867319583893, "acc": 0.9365887641906738, "length": 4.0, "mode": "test", "epoch": 22}
{"loss": 0.1723019927740097, "acc": 0.9433530569076538, "length": 4.0, "mode": "train", "epoch": 23}
{"loss": 0.18392594158649445, "acc": 0.9401883482933044, "length": 4.0, "mode": "test", "epoch": 23}
{"loss": 0.1717168390750885, "acc": 0.9434810876846313, "length": 4.0, "mode": "train", "epoch": 24}
{"loss": 0.18991675972938538, "acc": 0.938957929611206, "length": 4.0, "mode": "test", "epoch": 24}
{"loss": 0.17128325998783112, "acc": 0.9440512657165527, "length": 4.0, "mode": "train", "epoch": 25}
{"loss": 0.1901165246963501, "acc": 0.9377688765525818, "length": 4.0, "mode": "test", "epoch": 25}
{"loss": 0.16806462407112122, "acc": 0.9453399777412415, "length": 4.0, "mode": "train", "epoch": 26}
{"loss": 0.18740402162075043, "acc": 0.9381802678108215, "length": 4.0, "mode": "test", "epoch": 26}
{"loss": 0.1635921448469162, "acc": 0.9475756287574768, "length": 4.0, "mode": "train", "epoch": 27}
{"loss": 0.18430384993553162, "acc": 0.9404770731925964, "length": 4.0, "mode": "test", "epoch": 27}
{"loss": 0.16201859712600708, "acc": 0.9479849338531494, "length": 4.0, "mode": "train", "epoch": 28}
{"loss": 0.17766638100147247, "acc": 0.9433277249336243, "length": 4.0, "mode": "test", "epoch": 28}
{"loss": 0.1647811084985733, "acc": 0.9469472169876099, "length": 4.0, "mode": "train", "epoch": 29}
{"loss": 0.1811344474554062, "acc": 0.9410489201545715, "length": 4.0, "mode": "test", "epoch": 29}
{"loss": 0.1628585159778595, "acc": 0.947490930557251, "length": 4.0, "mode": "train", "epoch": 30}
{"loss": 0.1727161556482315, "acc": 0.945018470287323, "length": 4.0, "mode": "test", "epoch": 30}
{"loss": 0.1612812876701355, "acc": 0.9485262632369995, "length": 4.0, "mode": "train", "epoch": 31}
{"loss": 0.18606829643249512, "acc": 0.9399989247322083, "length": 4.0, "mode": "test", "epoch": 31}
{"loss": 0.16393019258975983, "acc": 0.9468660950660706, "length": 4.0, "mode": "train", "epoch": 32}
{"loss": 0.1816786229610443, "acc": 0.9426729083061218, "length": 4.0, "mode": "test", "epoch": 32}
{"loss": 0.16412603855133057, "acc": 0.9468480944633484, "length": 4.0, "mode": "train", "epoch": 33}
{"loss": 0.18309234082698822, "acc": 0.9398149847984314, "length": 4.0, "mode": "test", "epoch": 33}
{"loss": 0.16334335505962372, "acc": 0.9466126561164856, "length": 4.0, "mode": "train", "epoch": 34}
{"loss": 0.177429661154747, "acc": 0.942716121673584, "length": 4.0, "mode": "test", "epoch": 34}
{"loss": 0.15974943339824677, "acc": 0.9483364224433899, "length": 4.0, "mode": "train", "epoch": 35}
{"loss": 0.17862170934677124, "acc": 0.9412275552749634, "length": 4.0, "mode": "test", "epoch": 35}
{"loss": 0.1582767814397812, "acc": 0.9490387439727783, "length": 4.0, "mode": "train", "epoch": 36}
{"loss": 0.17433182895183563, "acc": 0.94394850730896, "length": 4.0, "mode": "test", "epoch": 36}
{"loss": 0.16213543713092804, "acc": 0.9470698237419128, "length": 4.0, "mode": "train", "epoch": 37}
{"loss": 0.17969849705696106, "acc": 0.941303551197052, "length": 4.0, "mode": "test", "epoch": 37}
{"loss": 0.16260942816734314, "acc": 0.9468554258346558, "length": 4.0, "mode": "train", "epoch": 38}
{"loss": 0.17078204452991486, "acc": 0.9448884725570679, "length": 4.0, "mode": "test", "epoch": 38}
{"loss": 0.161697655916214, "acc": 0.9472261071205139, "length": 4.0, "mode": "train", "epoch": 39}
{"loss": 0.18832378089427948, "acc": 0.9374621510505676, "length": 4.0, "mode": "test", "epoch": 39}
{"loss": 0.16609643399715424, "acc": 0.9449890851974487, "length": 4.0, "mode": "train", "epoch": 40}
{"loss": 0.18182756006717682, "acc": 0.939583957195282, "length": 4.0, "mode": "test", "epoch": 40}
{"loss": 0.16433002054691315, "acc": 0.9455311298370361, "length": 4.0, "mode": "train", "epoch": 41}
{"loss": 0.18538795411586761, "acc": 0.9383227229118347, "length": 4.0, "mode": "test", "epoch": 41}
{"loss": 0.1639159917831421, "acc": 0.9459067583084106, "length": 4.0, "mode": "train", "epoch": 42}
{"loss": 0.18256829679012299, "acc": 0.9396218061447144, "length": 4.0, "mode": "test", "epoch": 42}
{"loss": 0.16256791353225708, "acc": 0.946833610534668, "length": 4.0, "mode": "train", "epoch": 43}
{"loss": 0.17174452543258667, "acc": 0.943932294845581, "length": 4.0, "mode": "test", "epoch": 43}
{"loss": 0.1637197881937027, "acc": 0.9459787607192993, "length": 4.0, "mode": "train", "epoch": 44}
{"loss": 0.17857661843299866, "acc": 0.9415450096130371, "length": 4.0, "mode": "test", "epoch": 44}
{"loss": 0.1647046059370041, "acc": 0.944835901260376, "length": 4.0, "mode": "train", "epoch": 45}
{"loss": 0.18603017926216125, "acc": 0.936366856098175, "length": 4.0, "mode": "test", "epoch": 45}
{"loss": 0.16543957591056824, "acc": 0.944130539894104, "length": 4.0, "mode": "train", "epoch": 46}
{"loss": 0.17341086268424988, "acc": 0.9418087005615234, "length": 4.0, "mode": "test", "epoch": 46}
{"loss": 0.16304902732372284, "acc": 0.9454374313354492, "length": 4.0, "mode": "train", "epoch": 47}
{"loss": 0.17358574271202087, "acc": 0.9425321817398071, "length": 4.0, "mode": "test", "epoch": 47}
{"loss": 0.16338852047920227, "acc": 0.9453797340393066, "length": 4.0, "mode": "train", "epoch": 48}
{"loss": 0.17291568219661713, "acc": 0.9423319101333618, "length": 4.0, "mode": "test", "epoch": 48}
{"loss": 0.16183939576148987, "acc": 0.9459547400474548, "length": 4.0, "mode": "train", "epoch": 49}
{"loss": 0.1791124939918518, "acc": 0.9397390484809875, "length": 4.0, "mode": "test", "epoch": 49}
{"loss": 0.16017036139965057, "acc": 0.9468391537666321, "length": 4.0, "mode": "train", "epoch": 50}
{"loss": 0.17690935730934143, "acc": 0.9412962198257446, "length": 4.0, "mode": "test", "epoch": 50}
{"loss": 0.16151198744773865, "acc": 0.9461222290992737, "length": 4.0, "mode": "train", "epoch": 51}
{"loss": 0.1813594102859497, "acc": 0.9393711090087891, "length": 4.0, "mode": "test", "epoch": 51}
{"loss": 0.16443109512329102, "acc": 0.9442363381385803, "length": 4.0, "mode": "train", "epoch": 52}
{"loss": 0.1788797825574875, "acc": 0.9392175674438477, "length": 4.0, "mode": "test", "epoch": 52}
{"loss": 0.16184905171394348, "acc": 0.9454770684242249, "length": 4.0, "mode": "train", "epoch": 53}
{"loss": 0.17533907294273376, "acc": 0.9413989782333374, "length": 4.0, "mode": "test", "epoch": 53}
{"loss": 0.16510066390037537, "acc": 0.9438601136207581, "length": 4.0, "mode": "train", "epoch": 54}
{"loss": 0.18206526339054108, "acc": 0.9375197887420654, "length": 4.0, "mode": "test", "epoch": 54}
{"loss": 0.16485852003097534, "acc": 0.9441275596618652, "length": 4.0, "mode": "train", "epoch": 55}
{"loss": 0.1793825477361679, "acc": 0.9392303228378296, "length": 4.0, "mode": "test", "epoch": 55}
{"loss": 0.16512615978717804, "acc": 0.943422794342041, "length": 4.0, "mode": "train", "epoch": 56}
{"loss": 0.17899170517921448, "acc": 0.9392321109771729, "length": 4.0, "mode": "test", "epoch": 56}
{"loss": 0.16627448797225952, "acc": 0.9432544708251953, "length": 4.0, "mode": "train", "epoch": 57}
{"loss": 0.17844904959201813, "acc": 0.9391383528709412, "length": 4.0, "mode": "test", "epoch": 57}
{"loss": 0.16202320158481598, "acc": 0.9447025656700134, "length": 4.0, "mode": "train", "epoch": 58}
{"loss": 0.1783953607082367, "acc": 0.9386330246925354, "length": 4.0, "mode": "test", "epoch": 58}
{"loss": 0.1615137755870819, "acc": 0.944707989692688, "length": 4.0, "mode": "train", "epoch": 59}
{"loss": 0.17261852324008942, "acc": 0.9412943124771118, "length": 4.0, "mode": "test", "epoch": 59}
{"loss": 0.16295123100280762, "acc": 0.9437327980995178, "length": 4.0, "mode": "train", "epoch": 60}
{"loss": 0.17673757672309875, "acc": 0.9390787482261658, "length": 4.0, "mode": "test", "epoch": 60}
test accuracy: 0.9252306818962097
