# ["--attributes=3", "--values=16", "--game_size=10", "--vocab_size_factor=3", "--n_epochs=60", "--batch_size=64", "--learning_rate=0.0005", "--hidden_size=128", "--temp_update=0.97", "--temperature=1"]
Creating train_ds and val_ds...

Creating test_ds...
{"loss": 0.4678032100200653, "acc": 0.7764684557914734, "length": 3.982083320617676, "mode": "train", "epoch": 1}
{"loss": 0.38728269934654236, "acc": 0.8406214118003845, "length": 4.0, "mode": "test", "epoch": 1}
{"loss": 0.35491493344306946, "acc": 0.8531649112701416, "length": 3.999897003173828, "mode": "train", "epoch": 2}
{"loss": 0.32813751697540283, "acc": 0.866413414478302, "length": 4.0, "mode": "test", "epoch": 2}
{"loss": 0.32048460841178894, "acc": 0.8680974245071411, "length": 3.9999682903289795, "mode": "train", "epoch": 3}
{"loss": 0.32332685589790344, "acc": 0.8670284152030945, "length": 4.0, "mode": "test", "epoch": 3}
{"loss": 0.301935613155365, "acc": 0.8772742748260498, "length": 3.9999895095825195, "mode": "train", "epoch": 4}
{"loss": 0.2963297367095947, "acc": 0.8798031806945801, "length": 4.0, "mode": "test", "epoch": 4}
{"loss": 0.30610191822052, "acc": 0.8761942982673645, "length": 3.999998092651367, "mode": "train", "epoch": 5}
{"loss": 0.310210645198822, "acc": 0.8748914003372192, "length": 4.0, "mode": "test", "epoch": 5}
{"loss": 0.3101254105567932, "acc": 0.8730604648590088, "length": 3.9999992847442627, "mode": "train", "epoch": 6}
{"loss": 0.3057507872581482, "acc": 0.8757884502410889, "length": 4.0, "mode": "test", "epoch": 6}
{"loss": 0.2991153299808502, "acc": 0.8797459006309509, "length": 4.0, "mode": "train", "epoch": 7}
{"loss": 0.2958471477031708, "acc": 0.8823043704032898, "length": 4.0, "mode": "test", "epoch": 7}
{"loss": 0.2885691821575165, "acc": 0.8839226365089417, "length": 3.9999992847442627, "mode": "train", "epoch": 8}
{"loss": 0.2841637134552002, "acc": 0.8853839635848999, "length": 4.0, "mode": "test", "epoch": 8}
{"loss": 0.2809678614139557, "acc": 0.8857608437538147, "length": 4.0, "mode": "train", "epoch": 9}
{"loss": 0.2852226495742798, "acc": 0.8838741183280945, "length": 4.0, "mode": "test", "epoch": 9}
{"loss": 0.2763950228691101, "acc": 0.8873653411865234, "length": 4.0, "mode": "train", "epoch": 10}
{"loss": 0.2762942910194397, "acc": 0.8875868320465088, "length": 4.0, "mode": "test", "epoch": 10}
{"loss": 0.278269499540329, "acc": 0.8874917030334473, "length": 4.0, "mode": "train", "epoch": 11}
{"loss": 0.26903316378593445, "acc": 0.8919813632965088, "length": 4.0, "mode": "test", "epoch": 11}
{"loss": 0.2756189703941345, "acc": 0.8894056677818298, "length": 4.0, "mode": "train", "epoch": 12}
{"loss": 0.28442874550819397, "acc": 0.888272225856781, "length": 4.0, "mode": "test", "epoch": 12}
{"loss": 0.2703803777694702, "acc": 0.8928521275520325, "length": 3.9999947547912598, "mode": "train", "epoch": 13}
{"loss": 0.27107468247413635, "acc": 0.8926015496253967, "length": 4.0, "mode": "test", "epoch": 13}
{"loss": 0.2618606388568878, "acc": 0.8949775099754333, "length": 3.9999985694885254, "mode": "train", "epoch": 14}
{"loss": 0.26369091868400574, "acc": 0.8956090211868286, "length": 4.0, "mode": "test", "epoch": 14}
{"loss": 0.25615501403808594, "acc": 0.8975029587745667, "length": 4.0, "mode": "train", "epoch": 15}
{"loss": 0.2617713212966919, "acc": 0.8973343372344971, "length": 4.0, "mode": "test", "epoch": 15}
{"loss": 0.2624450623989105, "acc": 0.895436704158783, "length": 4.0, "mode": "train", "epoch": 16}
{"loss": 0.26769107580184937, "acc": 0.8964969515800476, "length": 4.0, "mode": "test", "epoch": 16}
{"loss": 0.26216715574264526, "acc": 0.8955288529396057, "length": 4.0, "mode": "train", "epoch": 17}
{"loss": 0.26289960741996765, "acc": 0.8960556983947754, "length": 4.0, "mode": "test", "epoch": 17}
{"loss": 0.25654053688049316, "acc": 0.8977826833724976, "length": 4.0, "mode": "train", "epoch": 18}
{"loss": 0.25731053948402405, "acc": 0.8987522125244141, "length": 4.0, "mode": "test", "epoch": 18}
{"loss": 0.2667710483074188, "acc": 0.8940169811248779, "length": 4.0, "mode": "train", "epoch": 19}
{"loss": 0.2583310008049011, "acc": 0.8978515267372131, "length": 4.0, "mode": "test", "epoch": 19}
{"loss": 0.2548654079437256, "acc": 0.8977906107902527, "length": 4.0, "mode": "train", "epoch": 20}
{"loss": 0.2546260356903076, "acc": 0.8986907005310059, "length": 4.0, "mode": "test", "epoch": 20}
{"loss": 0.2558729350566864, "acc": 0.8975161910057068, "length": 4.0, "mode": "train", "epoch": 21}
{"loss": 0.26689496636390686, "acc": 0.8969420194625854, "length": 4.0, "mode": "test", "epoch": 21}
{"loss": 0.2558692693710327, "acc": 0.8975595235824585, "length": 4.0, "mode": "train", "epoch": 22}
{"loss": 0.2550335228443146, "acc": 0.8982800841331482, "length": 4.0, "mode": "test", "epoch": 22}
{"loss": 0.2604140341281891, "acc": 0.8957406282424927, "length": 4.0, "mode": "train", "epoch": 23}
{"loss": 0.2636635899543762, "acc": 0.8952438235282898, "length": 4.0, "mode": "test", "epoch": 23}
{"loss": 0.2588930130004883, "acc": 0.8966621160507202, "length": 4.0, "mode": "train", "epoch": 24}
{"loss": 0.2543383836746216, "acc": 0.8984375, "length": 4.0, "mode": "test", "epoch": 24}
{"loss": 0.2551288306713104, "acc": 0.8975648283958435, "length": 4.0, "mode": "train", "epoch": 25}
{"loss": 0.25250035524368286, "acc": 0.898884117603302, "length": 4.0, "mode": "test", "epoch": 25}
{"loss": 0.2561248540878296, "acc": 0.8974764943122864, "length": 4.0, "mode": "train", "epoch": 26}
{"loss": 0.25624004006385803, "acc": 0.8986472487449646, "length": 4.0, "mode": "test", "epoch": 26}
{"loss": 0.25659164786338806, "acc": 0.8969438076019287, "length": 4.0, "mode": "train", "epoch": 27}
{"loss": 0.2584937512874603, "acc": 0.8957592248916626, "length": 4.0, "mode": "test", "epoch": 27}
{"loss": 0.25562578439712524, "acc": 0.8969775438308716, "length": 4.0, "mode": "train", "epoch": 28}
{"loss": 0.2552862763404846, "acc": 0.8986020088195801, "length": 4.0, "mode": "test", "epoch": 28}
{"loss": 0.25566065311431885, "acc": 0.8974836468696594, "length": 4.0, "mode": "train", "epoch": 29}
{"loss": 0.2628670930862427, "acc": 0.8938168883323669, "length": 4.0, "mode": "test", "epoch": 29}
{"loss": 0.25530052185058594, "acc": 0.8968517184257507, "length": 4.0, "mode": "train", "epoch": 30}
{"loss": 0.25362429022789, "acc": 0.8987956643104553, "length": 4.0, "mode": "test", "epoch": 30}
{"loss": 0.25420719385147095, "acc": 0.8971737027168274, "length": 4.0, "mode": "train", "epoch": 31}
{"loss": 0.25586503744125366, "acc": 0.8980504274368286, "length": 4.0, "mode": "test", "epoch": 31}
{"loss": 0.25289055705070496, "acc": 0.898479163646698, "length": 4.0, "mode": "train", "epoch": 32}
{"loss": 0.2543904483318329, "acc": 0.898348867893219, "length": 4.0, "mode": "test", "epoch": 32}
{"loss": 0.2527432441711426, "acc": 0.8980138301849365, "length": 4.0, "mode": "train", "epoch": 33}
{"loss": 0.2612862288951874, "acc": 0.8951315879821777, "length": 4.0, "mode": "test", "epoch": 33}
{"loss": 0.2517489194869995, "acc": 0.8984917402267456, "length": 4.0, "mode": "train", "epoch": 34}
{"loss": 0.252777636051178, "acc": 0.898683488368988, "length": 4.0, "mode": "test", "epoch": 34}
{"loss": 0.2542213201522827, "acc": 0.897960901260376, "length": 4.0, "mode": "train", "epoch": 35}
{"loss": 0.2536625564098358, "acc": 0.8984664082527161, "length": 4.0, "mode": "test", "epoch": 35}
{"loss": 0.2504270076751709, "acc": 0.8985776901245117, "length": 4.0, "mode": "train", "epoch": 36}
{"loss": 0.2518984079360962, "acc": 0.8989167213439941, "length": 4.0, "mode": "test", "epoch": 36}
{"loss": 0.25259390473365784, "acc": 0.897726833820343, "length": 4.0, "mode": "train", "epoch": 37}
{"loss": 0.2516533434391022, "acc": 0.8990216851234436, "length": 4.0, "mode": "test", "epoch": 37}
{"loss": 0.2512471377849579, "acc": 0.8986572623252869, "length": 4.0, "mode": "train", "epoch": 38}
{"loss": 0.28891974687576294, "acc": 0.8909831643104553, "length": 4.0, "mode": "test", "epoch": 38}
{"loss": 0.25175604224205017, "acc": 0.8983647227287292, "length": 4.0, "mode": "train", "epoch": 39}
{"loss": 0.25474655628204346, "acc": 0.898343563079834, "length": 4.0, "mode": "test", "epoch": 39}
{"loss": 0.25054946541786194, "acc": 0.8987686038017273, "length": 4.0, "mode": "train", "epoch": 40}
{"loss": 0.25456470251083374, "acc": 0.8988715410232544, "length": 4.0, "mode": "test", "epoch": 40}
{"loss": 0.25163087248802185, "acc": 0.8984272480010986, "length": 4.0, "mode": "train", "epoch": 41}
{"loss": 0.25303494930267334, "acc": 0.8983345031738281, "length": 4.0, "mode": "test", "epoch": 41}
{"loss": 0.25543633103370667, "acc": 0.895672082901001, "length": 4.0, "mode": "train", "epoch": 42}
{"loss": 0.2556847333908081, "acc": 0.8970901966094971, "length": 4.0, "mode": "test", "epoch": 42}
{"loss": 0.2531508505344391, "acc": 0.8981035947799683, "length": 4.0, "mode": "train", "epoch": 43}
{"loss": 0.2542436122894287, "acc": 0.899142861366272, "length": 4.0, "mode": "test", "epoch": 43}
{"loss": 0.2494421750307083, "acc": 0.8988961577415466, "length": 4.0, "mode": "train", "epoch": 44}
{"loss": 0.25456616282463074, "acc": 0.8971408009529114, "length": 4.0, "mode": "test", "epoch": 44}
{"loss": 0.2539038360118866, "acc": 0.8966025114059448, "length": 4.0, "mode": "train", "epoch": 45}
{"loss": 0.2605842649936676, "acc": 0.8933630585670471, "length": 4.0, "mode": "test", "epoch": 45}
{"loss": 0.25315603613853455, "acc": 0.897205114364624, "length": 4.0, "mode": "train", "epoch": 46}
{"loss": 0.2510938048362732, "acc": 0.8999420404434204, "length": 4.0, "mode": "test", "epoch": 46}
{"loss": 0.25276291370391846, "acc": 0.8978339433670044, "length": 4.0, "mode": "train", "epoch": 47}
{"loss": 0.2639665901660919, "acc": 0.8950139284133911, "length": 4.0, "mode": "test", "epoch": 47}
{"loss": 0.25381582975387573, "acc": 0.8978778719902039, "length": 4.0, "mode": "train", "epoch": 48}
{"loss": 0.25002023577690125, "acc": 0.8998174071311951, "length": 4.0, "mode": "test", "epoch": 48}
{"loss": 0.24795247614383698, "acc": 0.8994956016540527, "length": 4.0, "mode": "train", "epoch": 49}
{"loss": 0.2487277239561081, "acc": 0.9001808762550354, "length": 4.0, "mode": "test", "epoch": 49}
{"loss": 0.2475796341896057, "acc": 0.8996853232383728, "length": 4.0, "mode": "train", "epoch": 50}
{"loss": 0.25155875086784363, "acc": 0.9001301527023315, "length": 4.0, "mode": "test", "epoch": 50}
{"loss": 0.24758349359035492, "acc": 0.8995961546897888, "length": 4.0, "mode": "train", "epoch": 51}
{"loss": 0.24819353222846985, "acc": 0.8996185064315796, "length": 4.0, "mode": "test", "epoch": 51}
{"loss": 0.2465384602546692, "acc": 0.8997299075126648, "length": 4.0, "mode": "train", "epoch": 52}
{"loss": 0.2467164248228073, "acc": 0.9007757902145386, "length": 4.0, "mode": "test", "epoch": 52}
{"loss": 0.244919553399086, "acc": 0.9007329940795898, "length": 4.0, "mode": "train", "epoch": 53}
{"loss": 0.249005526304245, "acc": 0.8997649550437927, "length": 4.0, "mode": "test", "epoch": 53}
{"loss": 0.24556317925453186, "acc": 0.9003785848617554, "length": 4.0, "mode": "train", "epoch": 54}
{"loss": 0.2469450980424881, "acc": 0.9014214873313904, "length": 4.0, "mode": "test", "epoch": 54}
{"loss": 0.243364617228508, "acc": 0.9013915657997131, "length": 4.0, "mode": "train", "epoch": 55}
{"loss": 0.245072141289711, "acc": 0.9014648795127869, "length": 4.0, "mode": "test", "epoch": 55}
{"loss": 0.24391072988510132, "acc": 0.9008684158325195, "length": 4.0, "mode": "train", "epoch": 56}
{"loss": 0.26006951928138733, "acc": 0.899014413356781, "length": 4.0, "mode": "test", "epoch": 56}
{"loss": 0.24512848258018494, "acc": 0.90048748254776, "length": 4.0, "mode": "train", "epoch": 57}
{"loss": 0.24968940019607544, "acc": 0.9003707766532898, "length": 4.0, "mode": "test", "epoch": 57}
{"loss": 0.24435174465179443, "acc": 0.901219367980957, "length": 4.0, "mode": "train", "epoch": 58}
{"loss": 0.24725674092769623, "acc": 0.90157151222229, "length": 4.0, "mode": "test", "epoch": 58}
{"loss": 0.24524535238742828, "acc": 0.900483250617981, "length": 4.0, "mode": "train", "epoch": 59}
{"loss": 0.2545068860054016, "acc": 0.8966615200042725, "length": 4.0, "mode": "test", "epoch": 59}
{"loss": 0.2487049549818039, "acc": 0.8988776206970215, "length": 4.0, "mode": "train", "epoch": 60}
{"loss": 0.24635732173919678, "acc": 0.9017017483711243, "length": 4.0, "mode": "test", "epoch": 60}
test accuracy: 0.901619017124176
