# ["--attributes=3", "--values=16", "--game_size=10", "--vocab_size_factor=3", "--n_epochs=60", "--batch_size=64", "--learning_rate=0.001", "--hidden_size=128", "--temp_update=0.99", "--temperature=1"]
Creating train_ds and val_ds...

Creating test_ds...
{"loss": 0.4502125084400177, "acc": 0.7930706739425659, "length": 3.9907822608947754, "mode": "train", "epoch": 1}
{"loss": 0.367157906293869, "acc": 0.8525350689888, "length": 4.0, "mode": "test", "epoch": 1}
{"loss": 0.3373391628265381, "acc": 0.8614595532417297, "length": 3.999969482421875, "mode": "train", "epoch": 2}
{"loss": 0.319021075963974, "acc": 0.868537187576294, "length": 4.0, "mode": "test", "epoch": 2}
{"loss": 0.3125101923942566, "acc": 0.8702914118766785, "length": 3.999990940093994, "mode": "train", "epoch": 3}
{"loss": 0.3189230263233185, "acc": 0.8701428174972534, "length": 4.0, "mode": "test", "epoch": 3}
{"loss": 0.30610865354537964, "acc": 0.8743675351142883, "length": 3.999995470046997, "mode": "train", "epoch": 4}
{"loss": 0.3029254078865051, "acc": 0.8751479983329773, "length": 4.0, "mode": "test", "epoch": 4}
{"loss": 0.3053712248802185, "acc": 0.8750616312026978, "length": 3.999993324279785, "mode": "train", "epoch": 5}
{"loss": 0.3049589991569519, "acc": 0.8752382397651672, "length": 4.0, "mode": "test", "epoch": 5}
{"loss": 0.29512855410575867, "acc": 0.8786342740058899, "length": 3.9999992847442627, "mode": "train", "epoch": 6}
{"loss": 0.29929885268211365, "acc": 0.8775151968002319, "length": 4.0, "mode": "test", "epoch": 6}
{"loss": 0.2880609333515167, "acc": 0.8838426470756531, "length": 3.9999985694885254, "mode": "train", "epoch": 7}
{"loss": 0.28851351141929626, "acc": 0.8874404430389404, "length": 4.0, "mode": "test", "epoch": 7}
{"loss": 0.2645737826824188, "acc": 0.8993693590164185, "length": 3.999999523162842, "mode": "train", "epoch": 8}
{"loss": 0.25885963439941406, "acc": 0.9041552543640137, "length": 4.0, "mode": "test", "epoch": 8}
{"loss": 0.2547273337841034, "acc": 0.9047828912734985, "length": 4.0, "mode": "train", "epoch": 9}
{"loss": 0.24915088713169098, "acc": 0.9082311987876892, "length": 4.0, "mode": "test", "epoch": 9}
{"loss": 0.25112026929855347, "acc": 0.9064532518386841, "length": 4.0, "mode": "train", "epoch": 10}
{"loss": 0.2500186562538147, "acc": 0.9079803228378296, "length": 4.0, "mode": "test", "epoch": 10}
{"loss": 0.25008198618888855, "acc": 0.9067147374153137, "length": 4.0, "mode": "train", "epoch": 11}
{"loss": 0.24788706004619598, "acc": 0.9084746241569519, "length": 4.0, "mode": "test", "epoch": 11}
{"loss": 0.2484482079744339, "acc": 0.9065608978271484, "length": 4.0, "mode": "train", "epoch": 12}
{"loss": 0.24889542162418365, "acc": 0.9063780903816223, "length": 4.0, "mode": "test", "epoch": 12}
{"loss": 0.24471372365951538, "acc": 0.9068512916564941, "length": 4.0, "mode": "train", "epoch": 13}
{"loss": 0.24363338947296143, "acc": 0.9095302224159241, "length": 4.0, "mode": "test", "epoch": 13}
{"loss": 0.2409927397966385, "acc": 0.9082991480827332, "length": 4.0, "mode": "train", "epoch": 14}
{"loss": 0.23511448502540588, "acc": 0.9122492074966431, "length": 4.0, "mode": "test", "epoch": 14}
{"loss": 0.2388419359922409, "acc": 0.9093596339225769, "length": 4.0, "mode": "train", "epoch": 15}
{"loss": 0.23987145721912384, "acc": 0.9114896655082703, "length": 4.0, "mode": "test", "epoch": 15}
{"loss": 0.23789431154727936, "acc": 0.9106621146202087, "length": 4.0, "mode": "train", "epoch": 16}
{"loss": 0.23675647377967834, "acc": 0.911828875541687, "length": 4.0, "mode": "test", "epoch": 16}
{"loss": 0.23300211131572723, "acc": 0.913276195526123, "length": 4.0, "mode": "train", "epoch": 17}
{"loss": 0.23860977590084076, "acc": 0.9119749069213867, "length": 4.0, "mode": "test", "epoch": 17}
{"loss": 0.22978484630584717, "acc": 0.9149323105812073, "length": 4.0, "mode": "train", "epoch": 18}
{"loss": 0.23452524840831757, "acc": 0.9143729209899902, "length": 4.0, "mode": "test", "epoch": 18}
{"loss": 0.22758927941322327, "acc": 0.9165660738945007, "length": 4.0, "mode": "train", "epoch": 19}
{"loss": 0.23127657175064087, "acc": 0.9155979156494141, "length": 4.0, "mode": "test", "epoch": 19}
{"loss": 0.22431518137454987, "acc": 0.917833685874939, "length": 4.0, "mode": "train", "epoch": 20}
{"loss": 0.2278263419866562, "acc": 0.9170215129852295, "length": 4.0, "mode": "test", "epoch": 20}
{"loss": 0.2219463586807251, "acc": 0.9182449579238892, "length": 4.0, "mode": "train", "epoch": 21}
{"loss": 0.22560691833496094, "acc": 0.9180607199668884, "length": 4.0, "mode": "test", "epoch": 21}
{"loss": 0.21785788238048553, "acc": 0.920914351940155, "length": 4.0, "mode": "train", "epoch": 22}
{"loss": 0.2183062732219696, "acc": 0.9214274287223816, "length": 4.0, "mode": "test", "epoch": 22}
{"loss": 0.21563945710659027, "acc": 0.9219433665275574, "length": 4.0, "mode": "train", "epoch": 23}
{"loss": 0.217600017786026, "acc": 0.922528088092804, "length": 4.0, "mode": "test", "epoch": 23}
{"loss": 0.21252180635929108, "acc": 0.9238548278808594, "length": 4.0, "mode": "train", "epoch": 24}
{"loss": 0.21108150482177734, "acc": 0.9252687692642212, "length": 4.0, "mode": "test", "epoch": 24}
{"loss": 0.2067534625530243, "acc": 0.9267378449440002, "length": 4.0, "mode": "train", "epoch": 25}
{"loss": 0.2089502066373825, "acc": 0.9260591268539429, "length": 4.0, "mode": "test", "epoch": 25}
{"loss": 0.20580969750881195, "acc": 0.9271367788314819, "length": 4.0, "mode": "train", "epoch": 26}
{"loss": 0.21128986775875092, "acc": 0.9257993698120117, "length": 4.0, "mode": "test", "epoch": 26}
{"loss": 0.2052530199289322, "acc": 0.9275395274162292, "length": 4.0, "mode": "train", "epoch": 27}
{"loss": 0.2059110701084137, "acc": 0.9283108711242676, "length": 4.0, "mode": "test", "epoch": 27}
{"loss": 0.20061910152435303, "acc": 0.9293615818023682, "length": 4.0, "mode": "train", "epoch": 28}
{"loss": 0.20070302486419678, "acc": 0.9295865297317505, "length": 4.0, "mode": "test", "epoch": 28}
{"loss": 0.19968360662460327, "acc": 0.9296627044677734, "length": 4.0, "mode": "train", "epoch": 29}
{"loss": 0.20139774680137634, "acc": 0.9290993213653564, "length": 4.0, "mode": "test", "epoch": 29}
{"loss": 0.19466227293014526, "acc": 0.9320687651634216, "length": 4.0, "mode": "train", "epoch": 30}
{"loss": 0.20122544467449188, "acc": 0.9316884875297546, "length": 4.0, "mode": "test", "epoch": 30}
{"loss": 0.1918233186006546, "acc": 0.9340205192565918, "length": 4.0, "mode": "train", "epoch": 31}
{"loss": 0.19256094098091125, "acc": 0.9353762865066528, "length": 4.0, "mode": "test", "epoch": 31}
{"loss": 0.18745243549346924, "acc": 0.9361539483070374, "length": 4.0, "mode": "train", "epoch": 32}
{"loss": 0.18801210820674896, "acc": 0.936863124370575, "length": 4.0, "mode": "test", "epoch": 32}
{"loss": 0.19135871529579163, "acc": 0.9341947436332703, "length": 4.0, "mode": "train", "epoch": 33}
{"loss": 0.19895480573177338, "acc": 0.9320763945579529, "length": 4.0, "mode": "test", "epoch": 33}
{"loss": 0.19007766246795654, "acc": 0.9347442984580994, "length": 4.0, "mode": "train", "epoch": 34}
{"loss": 0.18939800560474396, "acc": 0.9361287355422974, "length": 4.0, "mode": "test", "epoch": 34}
{"loss": 0.19413405656814575, "acc": 0.9325093626976013, "length": 4.0, "mode": "train", "epoch": 35}
{"loss": 0.1989135444164276, "acc": 0.9310587644577026, "length": 4.0, "mode": "test", "epoch": 35}
{"loss": 0.19011662900447845, "acc": 0.9341918230056763, "length": 4.0, "mode": "train", "epoch": 36}
{"loss": 0.19172921776771545, "acc": 0.9347106218338013, "length": 4.0, "mode": "test", "epoch": 36}
{"loss": 0.18691565096378326, "acc": 0.9366311430931091, "length": 4.0, "mode": "train", "epoch": 37}
{"loss": 0.18544508516788483, "acc": 0.9383877515792847, "length": 4.0, "mode": "test", "epoch": 37}
{"loss": 0.18694695830345154, "acc": 0.936575174331665, "length": 4.0, "mode": "train", "epoch": 38}
{"loss": 0.188493013381958, "acc": 0.9369930624961853, "length": 4.0, "mode": "test", "epoch": 38}
{"loss": 0.18285328149795532, "acc": 0.9382349252700806, "length": 4.0, "mode": "train", "epoch": 39}
{"loss": 0.18870721757411957, "acc": 0.9362533092498779, "length": 4.0, "mode": "test", "epoch": 39}
{"loss": 0.1832340806722641, "acc": 0.9381440281867981, "length": 4.0, "mode": "train", "epoch": 40}
{"loss": 0.18251080811023712, "acc": 0.9404625296592712, "length": 4.0, "mode": "test", "epoch": 40}
{"loss": 0.18036799132823944, "acc": 0.939544677734375, "length": 4.0, "mode": "train", "epoch": 41}
{"loss": 0.1845703274011612, "acc": 0.9385482668876648, "length": 4.0, "mode": "test", "epoch": 41}
{"loss": 0.18243668973445892, "acc": 0.9384745955467224, "length": 4.0, "mode": "train", "epoch": 42}
{"loss": 0.18933998048305511, "acc": 0.936996579170227, "length": 4.0, "mode": "test", "epoch": 42}
{"loss": 0.1792975813150406, "acc": 0.9394670724868774, "length": 4.0, "mode": "train", "epoch": 43}
{"loss": 0.18947991728782654, "acc": 0.9361016750335693, "length": 4.0, "mode": "test", "epoch": 43}
{"loss": 0.18355214595794678, "acc": 0.9375784397125244, "length": 4.0, "mode": "train", "epoch": 44}
{"loss": 0.18003711104393005, "acc": 0.9405690431594849, "length": 4.0, "mode": "test", "epoch": 44}
{"loss": 0.1788952499628067, "acc": 0.9398391842842102, "length": 4.0, "mode": "train", "epoch": 45}
{"loss": 0.18994170427322388, "acc": 0.9358130097389221, "length": 4.0, "mode": "test", "epoch": 45}
{"loss": 0.18189384043216705, "acc": 0.9380455613136292, "length": 4.0, "mode": "train", "epoch": 46}
{"loss": 0.17947758734226227, "acc": 0.9402261972427368, "length": 4.0, "mode": "test", "epoch": 46}
{"loss": 0.18011194467544556, "acc": 0.938603937625885, "length": 4.0, "mode": "train", "epoch": 47}
{"loss": 0.1880486160516739, "acc": 0.9353223443031311, "length": 4.0, "mode": "test", "epoch": 47}
{"loss": 0.1844935566186905, "acc": 0.937232255935669, "length": 4.0, "mode": "train", "epoch": 48}
{"loss": 0.1835455447435379, "acc": 0.9385229349136353, "length": 4.0, "mode": "test", "epoch": 48}
{"loss": 0.1826215386390686, "acc": 0.937805712223053, "length": 4.0, "mode": "train", "epoch": 49}
{"loss": 0.19401510059833527, "acc": 0.9330145716667175, "length": 4.0, "mode": "test", "epoch": 49}
{"loss": 0.1880824714899063, "acc": 0.9346919655799866, "length": 4.0, "mode": "train", "epoch": 50}
{"loss": 0.19666318595409393, "acc": 0.9319213628768921, "length": 4.0, "mode": "test", "epoch": 50}
{"loss": 0.18177393078804016, "acc": 0.9373452067375183, "length": 4.0, "mode": "train", "epoch": 51}
{"loss": 0.18540093302726746, "acc": 0.9365419745445251, "length": 4.0, "mode": "test", "epoch": 51}
{"loss": 0.18411125242710114, "acc": 0.9360997676849365, "length": 4.0, "mode": "train", "epoch": 52}
{"loss": 0.19304651021957397, "acc": 0.9337487816810608, "length": 4.0, "mode": "test", "epoch": 52}
{"loss": 0.18757568299770355, "acc": 0.9340837597846985, "length": 4.0, "mode": "train", "epoch": 53}
{"loss": 0.197745680809021, "acc": 0.9306384325027466, "length": 4.0, "mode": "test", "epoch": 53}
{"loss": 0.18829979002475739, "acc": 0.9338059425354004, "length": 4.0, "mode": "train", "epoch": 54}
{"loss": 0.18277300894260406, "acc": 0.9369082450866699, "length": 4.0, "mode": "test", "epoch": 54}
{"loss": 0.17896731197834015, "acc": 0.9378554821014404, "length": 4.0, "mode": "train", "epoch": 55}
{"loss": 0.18142089247703552, "acc": 0.9373681545257568, "length": 4.0, "mode": "test", "epoch": 55}
{"loss": 0.18236377835273743, "acc": 0.936450183391571, "length": 4.0, "mode": "train", "epoch": 56}
{"loss": 0.19132526218891144, "acc": 0.9327818155288696, "length": 4.0, "mode": "test", "epoch": 56}
{"loss": 0.1853264719247818, "acc": 0.9356609582901001, "length": 4.0, "mode": "train", "epoch": 57}
{"loss": 0.18370085954666138, "acc": 0.9370850324630737, "length": 4.0, "mode": "test", "epoch": 57}
{"loss": 0.18234692513942719, "acc": 0.936917781829834, "length": 4.0, "mode": "train", "epoch": 58}
{"loss": 0.1887865960597992, "acc": 0.9351128339767456, "length": 4.0, "mode": "test", "epoch": 58}
{"loss": 0.1874942183494568, "acc": 0.9345903396606445, "length": 4.0, "mode": "train", "epoch": 59}
{"loss": 0.1979876458644867, "acc": 0.9304633140563965, "length": 4.0, "mode": "test", "epoch": 59}
{"loss": 0.1873255968093872, "acc": 0.9345027208328247, "length": 4.0, "mode": "train", "epoch": 60}
{"loss": 0.18803974986076355, "acc": 0.9342758655548096, "length": 4.0, "mode": "test", "epoch": 60}
test accuracy: 0.9296747446060181
