# ["--attributes=3", "--values=16", "--game_size=10", "--vocab_size_factor=3", "--n_epochs=60", "--batch_size=64", "--learning_rate=0.001", "--hidden_size=128", "--temp_update=0.99", "--temperature=2"]
Creating train_ds and val_ds...

Creating test_ds...
{"loss": 0.44417646527290344, "acc": 0.7927212715148926, "length": 3.9921610355377197, "mode": "train", "epoch": 1}
{"loss": 0.4585510194301605, "acc": 0.7953829765319824, "length": 4.0, "mode": "test", "epoch": 1}
{"loss": 0.31940698623657227, "acc": 0.8694496154785156, "length": 3.999934434890747, "mode": "train", "epoch": 2}
{"loss": 0.4220450222492218, "acc": 0.8291281461715698, "length": 4.0, "mode": "test", "epoch": 2}
{"loss": 0.2990133762359619, "acc": 0.8775759339332581, "length": 3.9999706745147705, "mode": "train", "epoch": 3}
{"loss": 0.33965370059013367, "acc": 0.8581515550613403, "length": 4.0, "mode": "test", "epoch": 3}
{"loss": 0.287524938583374, "acc": 0.883769690990448, "length": 3.9999845027923584, "mode": "train", "epoch": 4}
{"loss": 0.3161165416240692, "acc": 0.866629958152771, "length": 4.0, "mode": "test", "epoch": 4}
{"loss": 0.28161385655403137, "acc": 0.8864145874977112, "length": 3.999992609024048, "mode": "train", "epoch": 5}
{"loss": 0.31196925044059753, "acc": 0.8713588714599609, "length": 4.0, "mode": "test", "epoch": 5}
{"loss": 0.27229785919189453, "acc": 0.8901158571243286, "length": 3.999995470046997, "mode": "train", "epoch": 6}
{"loss": 0.28068840503692627, "acc": 0.8864192962646484, "length": 4.0, "mode": "test", "epoch": 6}
{"loss": 0.2625657021999359, "acc": 0.8942965865135193, "length": 3.9999985694885254, "mode": "train", "epoch": 7}
{"loss": 0.27177292108535767, "acc": 0.8918554186820984, "length": 4.0, "mode": "test", "epoch": 7}
{"loss": 0.24888022243976593, "acc": 0.9017190337181091, "length": 4.0, "mode": "train", "epoch": 8}
{"loss": 0.2658037543296814, "acc": 0.8925067782402039, "length": 4.0, "mode": "test", "epoch": 8}
{"loss": 0.2440948188304901, "acc": 0.9054314494132996, "length": 4.0, "mode": "train", "epoch": 9}
{"loss": 0.25465941429138184, "acc": 0.9020876288414001, "length": 4.0, "mode": "test", "epoch": 9}
{"loss": 0.23184184730052948, "acc": 0.9120188355445862, "length": 4.0, "mode": "train", "epoch": 10}
{"loss": 0.2530241012573242, "acc": 0.9024934768676758, "length": 4.0, "mode": "test", "epoch": 10}
{"loss": 0.22833363711833954, "acc": 0.913715124130249, "length": 4.0, "mode": "train", "epoch": 11}
{"loss": 0.2482210248708725, "acc": 0.9072423577308655, "length": 4.0, "mode": "test", "epoch": 11}
{"loss": 0.2231723964214325, "acc": 0.9160889983177185, "length": 4.0, "mode": "train", "epoch": 12}
{"loss": 0.23606429994106293, "acc": 0.9096726179122925, "length": 4.0, "mode": "test", "epoch": 12}
{"loss": 0.22370673716068268, "acc": 0.9156622886657715, "length": 4.0, "mode": "train", "epoch": 13}
{"loss": 0.23448295891284943, "acc": 0.9108960032463074, "length": 4.0, "mode": "test", "epoch": 13}
{"loss": 0.21729473769664764, "acc": 0.9178566932678223, "length": 4.0, "mode": "train", "epoch": 14}
{"loss": 0.2358623594045639, "acc": 0.9104629755020142, "length": 4.0, "mode": "test", "epoch": 14}
{"loss": 0.20481348037719727, "acc": 0.9244861602783203, "length": 4.0, "mode": "train", "epoch": 15}
{"loss": 0.21581673622131348, "acc": 0.9216747879981995, "length": 4.0, "mode": "test", "epoch": 15}
{"loss": 0.19604873657226562, "acc": 0.9293233156204224, "length": 4.0, "mode": "train", "epoch": 16}
{"loss": 0.21167321503162384, "acc": 0.9238235354423523, "length": 4.0, "mode": "test", "epoch": 16}
{"loss": 0.1830853819847107, "acc": 0.9368616938591003, "length": 4.0, "mode": "train", "epoch": 17}
{"loss": 0.21086736023426056, "acc": 0.9255682826042175, "length": 4.0, "mode": "test", "epoch": 17}
{"loss": 0.17583006620407104, "acc": 0.9409298896789551, "length": 4.0, "mode": "train", "epoch": 18}
{"loss": 0.1934165358543396, "acc": 0.9346277117729187, "length": 4.0, "mode": "test", "epoch": 18}
{"loss": 0.17332425713539124, "acc": 0.9423788785934448, "length": 4.0, "mode": "train", "epoch": 19}
{"loss": 0.18702222406864166, "acc": 0.9383625388145447, "length": 4.0, "mode": "test", "epoch": 19}
{"loss": 0.1680201292037964, "acc": 0.9446591734886169, "length": 4.0, "mode": "train", "epoch": 20}
{"loss": 0.19267797470092773, "acc": 0.9361559152603149, "length": 4.0, "mode": "test", "epoch": 20}
{"loss": 0.16816331446170807, "acc": 0.9445415735244751, "length": 4.0, "mode": "train", "epoch": 21}
{"loss": 0.2060808539390564, "acc": 0.929564893245697, "length": 4.0, "mode": "test", "epoch": 21}
{"loss": 0.1760781854391098, "acc": 0.9413140416145325, "length": 4.0, "mode": "train", "epoch": 22}
{"loss": 0.1900881677865982, "acc": 0.936145007610321, "length": 4.0, "mode": "test", "epoch": 22}
{"loss": 0.16345645487308502, "acc": 0.9466795325279236, "length": 4.0, "mode": "train", "epoch": 23}
{"loss": 0.1780100166797638, "acc": 0.9417004585266113, "length": 4.0, "mode": "test", "epoch": 23}
{"loss": 0.17723779380321503, "acc": 0.9406665563583374, "length": 4.0, "mode": "train", "epoch": 24}
{"loss": 0.19478370249271393, "acc": 0.9352103471755981, "length": 4.0, "mode": "test", "epoch": 24}
{"loss": 0.16628433763980865, "acc": 0.945958137512207, "length": 4.0, "mode": "train", "epoch": 25}
{"loss": 0.1764122098684311, "acc": 0.9417292475700378, "length": 4.0, "mode": "test", "epoch": 25}
{"loss": 0.1646876484155655, "acc": 0.946852445602417, "length": 4.0, "mode": "train", "epoch": 26}
{"loss": 0.18359695374965668, "acc": 0.9409173130989075, "length": 4.0, "mode": "test", "epoch": 26}
{"loss": 0.16320058703422546, "acc": 0.9475727081298828, "length": 4.0, "mode": "train", "epoch": 27}
{"loss": 0.17011675238609314, "acc": 0.945586621761322, "length": 4.0, "mode": "test", "epoch": 27}
{"loss": 0.15732528269290924, "acc": 0.9495101571083069, "length": 4.0, "mode": "train", "epoch": 28}
{"loss": 0.17397388815879822, "acc": 0.9445348978042603, "length": 4.0, "mode": "test", "epoch": 28}
{"loss": 0.161232128739357, "acc": 0.9476513266563416, "length": 4.0, "mode": "train", "epoch": 29}
{"loss": 0.1708385944366455, "acc": 0.9456733465194702, "length": 4.0, "mode": "test", "epoch": 29}
{"loss": 0.1573292464017868, "acc": 0.9493955373764038, "length": 4.0, "mode": "train", "epoch": 30}
{"loss": 0.17781896889209747, "acc": 0.9421785473823547, "length": 4.0, "mode": "test", "epoch": 30}
{"loss": 0.15706880390644073, "acc": 0.9496817588806152, "length": 4.0, "mode": "train", "epoch": 31}
{"loss": 0.16777268052101135, "acc": 0.9469815492630005, "length": 4.0, "mode": "test", "epoch": 31}
{"loss": 0.15812833607196808, "acc": 0.949628472328186, "length": 4.0, "mode": "train", "epoch": 32}
{"loss": 0.17804983258247375, "acc": 0.9432341456413269, "length": 4.0, "mode": "test", "epoch": 32}
{"loss": 0.15806519985198975, "acc": 0.9493409395217896, "length": 4.0, "mode": "train", "epoch": 33}
{"loss": 0.17113101482391357, "acc": 0.945604681968689, "length": 4.0, "mode": "test", "epoch": 33}
{"loss": 0.156259685754776, "acc": 0.9501681327819824, "length": 4.0, "mode": "train", "epoch": 34}
{"loss": 0.16444773972034454, "acc": 0.9479106068611145, "length": 4.0, "mode": "test", "epoch": 34}
{"loss": 0.15590733289718628, "acc": 0.9502586126327515, "length": 4.0, "mode": "train", "epoch": 35}
{"loss": 0.16735948622226715, "acc": 0.9471834301948547, "length": 4.0, "mode": "test", "epoch": 35}
{"loss": 0.15666602551937103, "acc": 0.9500786662101746, "length": 4.0, "mode": "train", "epoch": 36}
{"loss": 0.16690467298030853, "acc": 0.9469453692436218, "length": 4.0, "mode": "test", "epoch": 36}
{"loss": 0.1531095653772354, "acc": 0.9514837861061096, "length": 4.0, "mode": "train", "epoch": 37}
{"loss": 0.16787169873714447, "acc": 0.9459476470947266, "length": 4.0, "mode": "test", "epoch": 37}
{"loss": 0.15637187659740448, "acc": 0.9501458406448364, "length": 4.0, "mode": "train", "epoch": 38}
{"loss": 0.16846853494644165, "acc": 0.9470952749252319, "length": 4.0, "mode": "test", "epoch": 38}
{"loss": 0.1569979190826416, "acc": 0.9502299427986145, "length": 4.0, "mode": "train", "epoch": 39}
{"loss": 0.17041350901126862, "acc": 0.9466132521629333, "length": 4.0, "mode": "test", "epoch": 39}
{"loss": 0.15823690593242645, "acc": 0.9496452808380127, "length": 4.0, "mode": "train", "epoch": 40}
{"loss": 0.16524991393089294, "acc": 0.9475172162055969, "length": 4.0, "mode": "test", "epoch": 40}
{"loss": 0.158433735370636, "acc": 0.9493463635444641, "length": 4.0, "mode": "train", "epoch": 41}
{"loss": 0.1849864423274994, "acc": 0.937373697757721, "length": 4.0, "mode": "test", "epoch": 41}
{"loss": 0.15913470089435577, "acc": 0.9490455389022827, "length": 4.0, "mode": "train", "epoch": 42}
{"loss": 0.17117320001125336, "acc": 0.9460287094116211, "length": 4.0, "mode": "test", "epoch": 42}
{"loss": 0.15602248907089233, "acc": 0.9504519104957581, "length": 4.0, "mode": "train", "epoch": 43}
{"loss": 0.16465693712234497, "acc": 0.9488453269004822, "length": 4.0, "mode": "test", "epoch": 43}
{"loss": 0.15802346169948578, "acc": 0.9495090246200562, "length": 4.0, "mode": "train", "epoch": 44}
{"loss": 0.16548965871334076, "acc": 0.9485258460044861, "length": 4.0, "mode": "test", "epoch": 44}
{"loss": 0.15283623337745667, "acc": 0.9515371918678284, "length": 4.0, "mode": "train", "epoch": 45}
{"loss": 0.16175051033496857, "acc": 0.9491500854492188, "length": 4.0, "mode": "test", "epoch": 45}
{"loss": 0.15551897883415222, "acc": 0.9504580497741699, "length": 4.0, "mode": "train", "epoch": 46}
{"loss": 0.17166878283023834, "acc": 0.9452691674232483, "length": 4.0, "mode": "test", "epoch": 46}
{"loss": 0.15417487919330597, "acc": 0.9509639739990234, "length": 4.0, "mode": "train", "epoch": 47}
{"loss": 0.16652119159698486, "acc": 0.9476996660232544, "length": 4.0, "mode": "test", "epoch": 47}
{"loss": 0.15593871474266052, "acc": 0.9504202604293823, "length": 4.0, "mode": "train", "epoch": 48}
{"loss": 0.16667386889457703, "acc": 0.9473838806152344, "length": 4.0, "mode": "test", "epoch": 48}
{"loss": 0.15389814972877502, "acc": 0.9512394666671753, "length": 4.0, "mode": "train", "epoch": 49}
{"loss": 0.16318581998348236, "acc": 0.9490167498588562, "length": 4.0, "mode": "test", "epoch": 49}
{"loss": 0.15450917184352875, "acc": 0.9507280588150024, "length": 4.0, "mode": "train", "epoch": 50}
{"loss": 0.16259795427322388, "acc": 0.9486233592033386, "length": 4.0, "mode": "test", "epoch": 50}
{"loss": 0.15318262577056885, "acc": 0.9512088894844055, "length": 4.0, "mode": "train", "epoch": 51}
{"loss": 0.16611658036708832, "acc": 0.9470661878585815, "length": 4.0, "mode": "test", "epoch": 51}
{"loss": 0.15484686195850372, "acc": 0.9505431056022644, "length": 4.0, "mode": "train", "epoch": 52}
{"loss": 0.16341565549373627, "acc": 0.9486088156700134, "length": 4.0, "mode": "test", "epoch": 52}
{"loss": 0.15134882926940918, "acc": 0.9519597291946411, "length": 4.0, "mode": "train", "epoch": 53}
{"loss": 0.16080638766288757, "acc": 0.9495615363121033, "length": 4.0, "mode": "test", "epoch": 53}
{"loss": 0.15165798366069794, "acc": 0.9517484307289124, "length": 4.0, "mode": "train", "epoch": 54}
{"loss": 0.16003766655921936, "acc": 0.9496337175369263, "length": 4.0, "mode": "test", "epoch": 54}
{"loss": 0.1561703085899353, "acc": 0.9503056406974792, "length": 4.0, "mode": "train", "epoch": 55}
{"loss": 0.1657761037349701, "acc": 0.9484103322029114, "length": 4.0, "mode": "test", "epoch": 55}
{"loss": 0.1512194573879242, "acc": 0.9520593881607056, "length": 4.0, "mode": "train", "epoch": 56}
{"loss": 0.16139790415763855, "acc": 0.949631929397583, "length": 4.0, "mode": "test", "epoch": 56}
{"loss": 0.15473859012126923, "acc": 0.9508739709854126, "length": 4.0, "mode": "train", "epoch": 57}
{"loss": 0.17118199169635773, "acc": 0.9440567493438721, "length": 4.0, "mode": "test", "epoch": 57}
{"loss": 0.15765494108200073, "acc": 0.9496176242828369, "length": 4.0, "mode": "train", "epoch": 58}
{"loss": 0.17230477929115295, "acc": 0.9452927112579346, "length": 4.0, "mode": "test", "epoch": 58}
{"loss": 0.15727384388446808, "acc": 0.9499958753585815, "length": 4.0, "mode": "train", "epoch": 59}
{"loss": 0.16694329679012299, "acc": 0.947309672832489, "length": 4.0, "mode": "test", "epoch": 59}
{"loss": 0.15553240478038788, "acc": 0.9503661394119263, "length": 4.0, "mode": "train", "epoch": 60}
{"loss": 0.1613907516002655, "acc": 0.9492024779319763, "length": 4.0, "mode": "test", "epoch": 60}
test accuracy: 0.9429510831832886
