# ["--attributes=3", "--values=16", "--game_size=10", "--vocab_size_factor=3", "--n_epochs=60", "--batch_size=64", "--learning_rate=0.001", "--hidden_size=256", "--temp_update=0.97", "--temperature=1"]
Creating train_ds and val_ds...

Creating test_ds...
{"loss": 0.4967484474182129, "acc": 0.7485226392745972, "length": 3.6775763034820557, "mode": "train", "epoch": 1}
{"loss": 0.34595775604248047, "acc": 0.8635315299034119, "length": 4.0, "mode": "test", "epoch": 1}
{"loss": 0.32854214310646057, "acc": 0.8707188367843628, "length": 3.9999115467071533, "mode": "train", "epoch": 2}
{"loss": 0.3112000524997711, "acc": 0.8793490529060364, "length": 4.0, "mode": "test", "epoch": 2}
{"loss": 0.29449188709259033, "acc": 0.88763427734375, "length": 3.9999759197235107, "mode": "train", "epoch": 3}
{"loss": 0.3097408711910248, "acc": 0.8851760029792786, "length": 4.0, "mode": "test", "epoch": 3}
{"loss": 0.28086593747138977, "acc": 0.8965443968772888, "length": 3.9999876022338867, "mode": "train", "epoch": 4}
{"loss": 0.27279600501060486, "acc": 0.9018937349319458, "length": 4.0, "mode": "test", "epoch": 4}
{"loss": 0.27375367283821106, "acc": 0.8997625708580017, "length": 3.9999969005584717, "mode": "train", "epoch": 5}
{"loss": 0.2733317017555237, "acc": 0.8999748229980469, "length": 4.0, "mode": "test", "epoch": 5}
{"loss": 0.2759369909763336, "acc": 0.898615300655365, "length": 3.9999940395355225, "mode": "train", "epoch": 6}
{"loss": 0.2681516110897064, "acc": 0.9032240509986877, "length": 4.0, "mode": "test", "epoch": 6}
{"loss": 0.2764831781387329, "acc": 0.898353636264801, "length": 4.0, "mode": "train", "epoch": 7}
{"loss": 0.2781059741973877, "acc": 0.8977319598197937, "length": 4.0, "mode": "test", "epoch": 7}
{"loss": 0.27725255489349365, "acc": 0.89710533618927, "length": 3.9999961853027344, "mode": "train", "epoch": 8}
{"loss": 0.2790073752403259, "acc": 0.8980989456176758, "length": 4.0, "mode": "test", "epoch": 8}
{"loss": 0.27895858883857727, "acc": 0.8965076804161072, "length": 4.0, "mode": "train", "epoch": 9}
{"loss": 0.28770774602890015, "acc": 0.8939534425735474, "length": 4.0, "mode": "test", "epoch": 9}
{"loss": 0.2786109447479248, "acc": 0.896368682384491, "length": 4.0, "mode": "train", "epoch": 10}
{"loss": 0.26809677481651306, "acc": 0.9014617204666138, "length": 4.0, "mode": "test", "epoch": 10}
{"loss": 0.2701173424720764, "acc": 0.89996337890625, "length": 4.0, "mode": "train", "epoch": 11}
{"loss": 0.26775282621383667, "acc": 0.9021654725074768, "length": 4.0, "mode": "test", "epoch": 11}
{"loss": 0.2724290192127228, "acc": 0.8984856605529785, "length": 4.0, "mode": "train", "epoch": 12}
{"loss": 0.2621319890022278, "acc": 0.9035948514938354, "length": 4.0, "mode": "test", "epoch": 12}
{"loss": 0.2654537558555603, "acc": 0.9020419716835022, "length": 4.0, "mode": "train", "epoch": 13}
{"loss": 0.25779980421066284, "acc": 0.9062229990959167, "length": 4.0, "mode": "test", "epoch": 13}
{"loss": 0.2699585258960724, "acc": 0.899826169013977, "length": 4.0, "mode": "train", "epoch": 14}
{"loss": 0.2742713391780853, "acc": 0.898653507232666, "length": 4.0, "mode": "test", "epoch": 14}
{"loss": 0.26882895827293396, "acc": 0.8999753594398499, "length": 4.0, "mode": "train", "epoch": 15}
{"loss": 0.26596778631210327, "acc": 0.9016129374504089, "length": 4.0, "mode": "test", "epoch": 15}
{"loss": 0.2723051905632019, "acc": 0.8980282545089722, "length": 4.0, "mode": "train", "epoch": 16}
{"loss": 0.2796964943408966, "acc": 0.8953844904899597, "length": 4.0, "mode": "test", "epoch": 16}
{"loss": 0.26974478363990784, "acc": 0.8995731472969055, "length": 4.0, "mode": "train", "epoch": 17}
{"loss": 0.27188387513160706, "acc": 0.89836186170578, "length": 4.0, "mode": "test", "epoch": 17}
{"loss": 0.2694181501865387, "acc": 0.8997734189033508, "length": 4.0, "mode": "train", "epoch": 18}
{"loss": 0.26877254247665405, "acc": 0.9008551239967346, "length": 4.0, "mode": "test", "epoch": 18}
{"loss": 0.26723480224609375, "acc": 0.8996875882148743, "length": 4.0, "mode": "train", "epoch": 19}
{"loss": 0.25987544655799866, "acc": 0.9029054641723633, "length": 4.0, "mode": "test", "epoch": 19}
{"loss": 0.263180136680603, "acc": 0.902463972568512, "length": 4.0, "mode": "train", "epoch": 20}
{"loss": 0.27324965596199036, "acc": 0.8995968103408813, "length": 4.0, "mode": "test", "epoch": 20}
{"loss": 0.2670806050300598, "acc": 0.9026402831077576, "length": 4.0, "mode": "train", "epoch": 21}
{"loss": 0.26633158326148987, "acc": 0.9035894870758057, "length": 4.0, "mode": "test", "epoch": 21}
{"loss": 0.2696945071220398, "acc": 0.9008644819259644, "length": 4.0, "mode": "train", "epoch": 22}
{"loss": 0.26845860481262207, "acc": 0.902662456035614, "length": 4.0, "mode": "test", "epoch": 22}
{"loss": 0.2648026943206787, "acc": 0.9025797843933105, "length": 4.0, "mode": "train", "epoch": 23}
{"loss": 0.2558900713920593, "acc": 0.9066945314407349, "length": 4.0, "mode": "test", "epoch": 23}
{"loss": 0.2624574601650238, "acc": 0.9037865996360779, "length": 4.0, "mode": "train", "epoch": 24}
{"loss": 0.2667138874530792, "acc": 0.9016237854957581, "length": 4.0, "mode": "test", "epoch": 24}
{"loss": 0.26596540212631226, "acc": 0.9022554755210876, "length": 4.0, "mode": "train", "epoch": 25}
{"loss": 0.26009783148765564, "acc": 0.9067180752754211, "length": 4.0, "mode": "test", "epoch": 25}
{"loss": 0.26627787947654724, "acc": 0.9020311236381531, "length": 4.0, "mode": "train", "epoch": 26}
{"loss": 0.258353054523468, "acc": 0.9066442847251892, "length": 4.0, "mode": "test", "epoch": 26}
{"loss": 0.2690922021865845, "acc": 0.9003980755805969, "length": 4.0, "mode": "train", "epoch": 27}
{"loss": 0.2706584930419922, "acc": 0.899324893951416, "length": 4.0, "mode": "test", "epoch": 27}
{"loss": 0.2661551535129547, "acc": 0.9020383358001709, "length": 4.0, "mode": "train", "epoch": 28}
{"loss": 0.2585392892360687, "acc": 0.9061167240142822, "length": 4.0, "mode": "test", "epoch": 28}
{"loss": 0.26203691959381104, "acc": 0.902969479560852, "length": 4.0, "mode": "train", "epoch": 29}
{"loss": 0.2564683258533478, "acc": 0.9066999554634094, "length": 4.0, "mode": "test", "epoch": 29}
{"loss": 0.2575160264968872, "acc": 0.9057344198226929, "length": 4.0, "mode": "train", "epoch": 30}
{"loss": 0.25172603130340576, "acc": 0.9087916612625122, "length": 4.0, "mode": "test", "epoch": 30}
{"loss": 0.2580760717391968, "acc": 0.9048621654510498, "length": 4.0, "mode": "train", "epoch": 31}
{"loss": 0.24973386526107788, "acc": 0.9099637269973755, "length": 4.0, "mode": "test", "epoch": 31}
{"loss": 0.25418350100517273, "acc": 0.9059725403785706, "length": 4.0, "mode": "train", "epoch": 32}
{"loss": 0.24470390379428864, "acc": 0.91143798828125, "length": 4.0, "mode": "test", "epoch": 32}
{"loss": 0.24811510741710663, "acc": 0.9083640575408936, "length": 4.0, "mode": "train", "epoch": 33}
{"loss": 0.24378348886966705, "acc": 0.9125701785087585, "length": 4.0, "mode": "test", "epoch": 33}
{"loss": 0.2501218914985657, "acc": 0.907535970211029, "length": 4.0, "mode": "train", "epoch": 34}
{"loss": 0.2570950388908386, "acc": 0.9036145806312561, "length": 4.0, "mode": "test", "epoch": 34}
{"loss": 0.24601024389266968, "acc": 0.9087968468666077, "length": 4.0, "mode": "train", "epoch": 35}
{"loss": 0.24743326008319855, "acc": 0.9083904027938843, "length": 4.0, "mode": "test", "epoch": 35}
{"loss": 0.24548062682151794, "acc": 0.9088346362113953, "length": 4.0, "mode": "train", "epoch": 36}
{"loss": 0.2451498657464981, "acc": 0.9092399477958679, "length": 4.0, "mode": "test", "epoch": 36}
{"loss": 0.24899886548519135, "acc": 0.9069623351097107, "length": 4.0, "mode": "train", "epoch": 37}
{"loss": 0.2460814267396927, "acc": 0.9096954464912415, "length": 4.0, "mode": "test", "epoch": 37}
{"loss": 0.24763305485248566, "acc": 0.9074850082397461, "length": 4.0, "mode": "train", "epoch": 38}
{"loss": 0.253586083650589, "acc": 0.9043473601341248, "length": 4.0, "mode": "test", "epoch": 38}
{"loss": 0.24849237501621246, "acc": 0.9064953327178955, "length": 4.0, "mode": "train", "epoch": 39}
{"loss": 0.23849229514598846, "acc": 0.9126548767089844, "length": 4.0, "mode": "test", "epoch": 39}
{"loss": 0.24459482729434967, "acc": 0.9082524180412292, "length": 4.0, "mode": "train", "epoch": 40}
{"loss": 0.24070951342582703, "acc": 0.9112778306007385, "length": 4.0, "mode": "test", "epoch": 40}
{"loss": 0.2422795444726944, "acc": 0.9089719653129578, "length": 4.0, "mode": "train", "epoch": 41}
{"loss": 0.24794821441173553, "acc": 0.9078736305236816, "length": 4.0, "mode": "test", "epoch": 41}
{"loss": 0.2460131198167801, "acc": 0.9069533348083496, "length": 4.0, "mode": "train", "epoch": 42}
{"loss": 0.2423533946275711, "acc": 0.909477710723877, "length": 4.0, "mode": "test", "epoch": 42}
{"loss": 0.24425330758094788, "acc": 0.907916784286499, "length": 4.0, "mode": "train", "epoch": 43}
{"loss": 0.24838489294052124, "acc": 0.9073030948638916, "length": 4.0, "mode": "test", "epoch": 43}
{"loss": 0.24945782124996185, "acc": 0.9052619934082031, "length": 4.0, "mode": "train", "epoch": 44}
{"loss": 0.24529628455638885, "acc": 0.9073211550712585, "length": 4.0, "mode": "test", "epoch": 44}
{"loss": 0.24353310465812683, "acc": 0.9071247577667236, "length": 4.0, "mode": "train", "epoch": 45}
{"loss": 0.24085842072963715, "acc": 0.9091516733169556, "length": 4.0, "mode": "test", "epoch": 45}
{"loss": 0.23828692734241486, "acc": 0.9092044234275818, "length": 4.0, "mode": "train", "epoch": 46}
{"loss": 0.23979389667510986, "acc": 0.909160852432251, "length": 4.0, "mode": "test", "epoch": 46}
{"loss": 0.23831436038017273, "acc": 0.9088298678398132, "length": 4.0, "mode": "train", "epoch": 47}
{"loss": 0.2455289661884308, "acc": 0.9069735407829285, "length": 4.0, "mode": "test", "epoch": 47}
{"loss": 0.23705366253852844, "acc": 0.9091590046882629, "length": 4.0, "mode": "train", "epoch": 48}
{"loss": 0.23415295779705048, "acc": 0.9113443493843079, "length": 4.0, "mode": "test", "epoch": 48}
{"loss": 0.23995377123355865, "acc": 0.908418595790863, "length": 4.0, "mode": "train", "epoch": 49}
{"loss": 0.24145901203155518, "acc": 0.9096234440803528, "length": 4.0, "mode": "test", "epoch": 49}
{"loss": 0.23523807525634766, "acc": 0.9098424911499023, "length": 4.0, "mode": "train", "epoch": 50}
{"loss": 0.23208436369895935, "acc": 0.9124513268470764, "length": 4.0, "mode": "test", "epoch": 50}
{"loss": 0.22859807312488556, "acc": 0.9129533767700195, "length": 4.0, "mode": "train", "epoch": 51}
{"loss": 0.2313951551914215, "acc": 0.9125449061393738, "length": 4.0, "mode": "test", "epoch": 51}
{"loss": 0.22888489067554474, "acc": 0.9129886627197266, "length": 4.0, "mode": "train", "epoch": 52}
{"loss": 0.23110440373420715, "acc": 0.9118555784225464, "length": 4.0, "mode": "test", "epoch": 52}
{"loss": 0.22671885788440704, "acc": 0.9133196473121643, "length": 4.0, "mode": "train", "epoch": 53}
{"loss": 0.2264966517686844, "acc": 0.9138537049293518, "length": 4.0, "mode": "test", "epoch": 53}
{"loss": 0.2244187295436859, "acc": 0.9145139455795288, "length": 4.0, "mode": "train", "epoch": 54}
{"loss": 0.22148413956165314, "acc": 0.9169264435768127, "length": 4.0, "mode": "test", "epoch": 54}
{"loss": 0.22334183752536774, "acc": 0.9149749875068665, "length": 4.0, "mode": "train", "epoch": 55}
{"loss": 0.22993478178977966, "acc": 0.9133009910583496, "length": 4.0, "mode": "test", "epoch": 55}
{"loss": 0.22379858791828156, "acc": 0.9151644110679626, "length": 4.0, "mode": "train", "epoch": 56}
{"loss": 0.2244560271501541, "acc": 0.9145665168762207, "length": 4.0, "mode": "test", "epoch": 56}
{"loss": 0.22170324623584747, "acc": 0.9157345294952393, "length": 4.0, "mode": "train", "epoch": 57}
{"loss": 0.22509603202342987, "acc": 0.9155458211898804, "length": 4.0, "mode": "test", "epoch": 57}
{"loss": 0.21843166649341583, "acc": 0.9171297550201416, "length": 4.0, "mode": "train", "epoch": 58}
{"loss": 0.21808160841464996, "acc": 0.918660044670105, "length": 4.0, "mode": "test", "epoch": 58}
{"loss": 0.21979199349880219, "acc": 0.9166039228439331, "length": 4.0, "mode": "train", "epoch": 59}
{"loss": 0.22779731452465057, "acc": 0.9132146835327148, "length": 4.0, "mode": "test", "epoch": 59}
{"loss": 0.2189978063106537, "acc": 0.9166362285614014, "length": 4.0, "mode": "train", "epoch": 60}
{"loss": 0.21634171903133392, "acc": 0.9189172983169556, "length": 4.0, "mode": "test", "epoch": 60}
test accuracy: 0.9025236368179321
