# ["--attributes=3", "--values=4", "--game_size=10", "--vocab_size_factor=3", "--n_epochs=60", "--batch_size=32", "--learning_rate=0.0005", "--hidden_size=128", "--temp_update=0.99", "--temperature=1.5"]
Creating train_ds and val_ds...

Creating test_ds...
{"loss": 0.6958343982696533, "acc": 0.5010578036308289, "length": 3.5377910137176514, "mode": "train", "epoch": 1}
{"loss": 0.6802148818969727, "acc": 0.5443152785301208, "length": 1.972696304321289, "mode": "test", "epoch": 1}
{"loss": 0.6822733283042908, "acc": 0.5669148564338684, "length": 3.3297829627990723, "mode": "train", "epoch": 2}
{"loss": 0.628900408744812, "acc": 0.6940433382987976, "length": 3.9897611141204834, "mode": "test", "epoch": 2}
{"loss": 0.6014585494995117, "acc": 0.6839072704315186, "length": 3.738089084625244, "mode": "train", "epoch": 3}
{"loss": 0.5701289772987366, "acc": 0.7046074271202087, "length": 4.0, "mode": "test", "epoch": 3}
{"loss": 0.5531903505325317, "acc": 0.7236481308937073, "length": 3.920229434967041, "mode": "train", "epoch": 4}
{"loss": 0.5260429382324219, "acc": 0.7303754687309265, "length": 4.0, "mode": "test", "epoch": 4}
{"loss": 0.4949761927127838, "acc": 0.7686336040496826, "length": 3.947200298309326, "mode": "train", "epoch": 5}
{"loss": 0.4585607051849365, "acc": 0.8030716776847839, "length": 4.0, "mode": "test", "epoch": 5}
{"loss": 0.44837334752082825, "acc": 0.8047194480895996, "length": 3.9756410121917725, "mode": "train", "epoch": 6}
{"loss": 0.4413416087627411, "acc": 0.8003413677215576, "length": 4.0, "mode": "test", "epoch": 6}
{"loss": 0.4279889762401581, "acc": 0.814861536026001, "length": 3.9832611083984375, "mode": "train", "epoch": 7}
{"loss": 0.43095681071281433, "acc": 0.8075085282325745, "length": 4.0, "mode": "test", "epoch": 7}
{"loss": 0.41599133610725403, "acc": 0.8229307532310486, "length": 3.983682155609131, "mode": "train", "epoch": 8}
{"loss": 0.42639413475990295, "acc": 0.802047848701477, "length": 4.0, "mode": "test", "epoch": 8}
{"loss": 0.3997267782688141, "acc": 0.8303653001785278, "length": 3.9884090423583984, "mode": "train", "epoch": 9}
{"loss": 0.4319610297679901, "acc": 0.8105801939964294, "length": 4.0, "mode": "test", "epoch": 9}
{"loss": 0.37750017642974854, "acc": 0.8402079939842224, "length": 3.990081310272217, "mode": "train", "epoch": 10}
{"loss": 0.40089520812034607, "acc": 0.8249146938323975, "length": 4.0, "mode": "test", "epoch": 10}
{"loss": 0.35537299513816833, "acc": 0.8494860529899597, "length": 3.991621732711792, "mode": "train", "epoch": 11}
{"loss": 0.3827509582042694, "acc": 0.8320819139480591, "length": 4.0, "mode": "test", "epoch": 11}
{"loss": 0.33320409059524536, "acc": 0.8593111038208008, "length": 3.9908785820007324, "mode": "train", "epoch": 12}
{"loss": 0.36082133650779724, "acc": 0.8383958339691162, "length": 4.0, "mode": "test", "epoch": 12}
{"loss": 0.31773343682289124, "acc": 0.867473840713501, "length": 3.994180679321289, "mode": "train", "epoch": 13}
{"loss": 0.3489241302013397, "acc": 0.8520476818084717, "length": 4.0, "mode": "test", "epoch": 13}
{"loss": 0.3044166564941406, "acc": 0.8749338984489441, "length": 3.9957034587860107, "mode": "train", "epoch": 14}
{"loss": 0.3323145806789398, "acc": 0.8568259477615356, "length": 4.0, "mode": "test", "epoch": 14}
{"loss": 0.2944610118865967, "acc": 0.8801710605621338, "length": 3.996135950088501, "mode": "train", "epoch": 15}
{"loss": 0.30583617091178894, "acc": 0.8658703565597534, "length": 4.0, "mode": "test", "epoch": 15}
{"loss": 0.28268325328826904, "acc": 0.8827227354049683, "length": 3.9973373413085938, "mode": "train", "epoch": 16}
{"loss": 0.3096884787082672, "acc": 0.8610921502113342, "length": 4.0, "mode": "test", "epoch": 16}
{"loss": 0.2716309130191803, "acc": 0.8915079832077026, "length": 3.997964382171631, "mode": "train", "epoch": 17}
{"loss": 0.2830304503440857, "acc": 0.8793514966964722, "length": 4.0, "mode": "test", "epoch": 17}
{"loss": 0.26155269145965576, "acc": 0.8912428021430969, "length": 3.99822735786438, "mode": "train", "epoch": 18}
{"loss": 0.27105411887168884, "acc": 0.8802047371864319, "length": 4.0, "mode": "test", "epoch": 18}
{"loss": 0.2497093826532364, "acc": 0.8997403979301453, "length": 3.998851776123047, "mode": "train", "epoch": 19}
{"loss": 0.25894832611083984, "acc": 0.8866893649101257, "length": 4.0, "mode": "test", "epoch": 19}
{"loss": 0.24126243591308594, "acc": 0.9019594192504883, "length": 3.9987845420837402, "mode": "train", "epoch": 20}
{"loss": 0.25577685236930847, "acc": 0.8890784978866577, "length": 4.0, "mode": "test", "epoch": 20}
{"loss": 0.23684029281139374, "acc": 0.9048802256584167, "length": 3.999246120452881, "mode": "train", "epoch": 21}
{"loss": 0.25281068682670593, "acc": 0.8940273523330688, "length": 4.0, "mode": "test", "epoch": 21}
{"loss": 0.2284749448299408, "acc": 0.9099427461624146, "length": 3.999086618423462, "mode": "train", "epoch": 22}
{"loss": 0.23925219476222992, "acc": 0.8962458372116089, "length": 4.0, "mode": "test", "epoch": 22}
{"loss": 0.22656793892383575, "acc": 0.9104069471359253, "length": 3.9991955757141113, "mode": "train", "epoch": 23}
{"loss": 0.2359834909439087, "acc": 0.8977816104888916, "length": 4.0, "mode": "test", "epoch": 23}
{"loss": 0.2271420657634735, "acc": 0.9122310876846313, "length": 3.9992969036102295, "mode": "train", "epoch": 24}
{"loss": 0.2459830492734909, "acc": 0.8935155272483826, "length": 4.0, "mode": "test", "epoch": 24}
{"loss": 0.2158532589673996, "acc": 0.913152277469635, "length": 3.9993889331817627, "mode": "train", "epoch": 25}
{"loss": 0.23468123376369476, "acc": 0.8916382193565369, "length": 4.0, "mode": "test", "epoch": 25}
{"loss": 0.21446871757507324, "acc": 0.9182289242744446, "length": 3.999589443206787, "mode": "train", "epoch": 26}
{"loss": 0.22502906620502472, "acc": 0.9042661786079407, "length": 4.0, "mode": "test", "epoch": 26}
{"loss": 0.20197059214115143, "acc": 0.9203960299491882, "length": 3.9995548725128174, "mode": "train", "epoch": 27}
{"loss": 0.22365811467170715, "acc": 0.9023891687393188, "length": 4.0, "mode": "test", "epoch": 27}
{"loss": 0.2042631208896637, "acc": 0.9172621965408325, "length": 3.9995203018188477, "mode": "train", "epoch": 28}
{"loss": 0.21265371143817902, "acc": 0.9069966673851013, "length": 4.0, "mode": "test", "epoch": 28}
{"loss": 0.1951361745595932, "acc": 0.9243309497833252, "length": 3.999631643295288, "mode": "train", "epoch": 29}
{"loss": 0.20848572254180908, "acc": 0.917064905166626, "length": 4.0, "mode": "test", "epoch": 29}
{"loss": 0.193307563662529, "acc": 0.9263277649879456, "length": 3.999664783477783, "mode": "train", "epoch": 30}
{"loss": 0.21196825802326202, "acc": 0.9172354936599731, "length": 4.0, "mode": "test", "epoch": 30}
{"loss": 0.18153147399425507, "acc": 0.9267699122428894, "length": 3.999387264251709, "mode": "train", "epoch": 31}
{"loss": 0.21044932305812836, "acc": 0.9179181456565857, "length": 4.0, "mode": "test", "epoch": 31}
{"loss": 0.18760806322097778, "acc": 0.9250696897506714, "length": 3.9994330406188965, "mode": "train", "epoch": 32}
{"loss": 0.2139386683702469, "acc": 0.9143345355987549, "length": 4.0, "mode": "test", "epoch": 32}
{"loss": 0.17735902965068817, "acc": 0.9308318495750427, "length": 3.9997196197509766, "mode": "train", "epoch": 33}
{"loss": 0.18132303655147552, "acc": 0.921330988407135, "length": 4.0, "mode": "test", "epoch": 33}
{"loss": 0.17369972169399261, "acc": 0.9347116351127625, "length": 3.9997658729553223, "mode": "train", "epoch": 34}
{"loss": 0.18087123334407806, "acc": 0.9293516278266907, "length": 4.0, "mode": "test", "epoch": 34}
{"loss": 0.17006108164787292, "acc": 0.935279905796051, "length": 3.9997382164001465, "mode": "train", "epoch": 35}
{"loss": 0.18698614835739136, "acc": 0.9252560138702393, "length": 4.0, "mode": "test", "epoch": 35}
{"loss": 0.16747337579727173, "acc": 0.9352772831916809, "length": 3.9997193813323975, "mode": "train", "epoch": 36}
{"loss": 0.1717948466539383, "acc": 0.9298633933067322, "length": 4.0, "mode": "test", "epoch": 36}
{"loss": 0.1580788791179657, "acc": 0.940072774887085, "length": 3.999849557876587, "mode": "train", "epoch": 37}
{"loss": 0.16558612883090973, "acc": 0.9356656074523926, "length": 4.0, "mode": "test", "epoch": 37}
{"loss": 0.14773529767990112, "acc": 0.9422938227653503, "length": 3.999774694442749, "mode": "train", "epoch": 38}
{"loss": 0.17898258566856384, "acc": 0.9278157353401184, "length": 4.0, "mode": "test", "epoch": 38}
{"loss": 0.14594440162181854, "acc": 0.9450330138206482, "length": 3.9998583793640137, "mode": "train", "epoch": 39}
{"loss": 0.16807250678539276, "acc": 0.9394198060035706, "length": 4.0, "mode": "test", "epoch": 39}
{"loss": 0.1398002952337265, "acc": 0.9485659599304199, "length": 3.9996848106384277, "mode": "train", "epoch": 40}
{"loss": 0.14692392945289612, "acc": 0.946416437625885, "length": 4.0, "mode": "test", "epoch": 40}
{"loss": 0.1293899267911911, "acc": 0.9536964893341064, "length": 3.9997897148132324, "mode": "train", "epoch": 41}
{"loss": 0.14753586053848267, "acc": 0.944027304649353, "length": 4.0, "mode": "test", "epoch": 41}
{"loss": 0.12423783540725708, "acc": 0.9562647938728333, "length": 3.9998724460601807, "mode": "train", "epoch": 42}
{"loss": 0.1473398506641388, "acc": 0.946416437625885, "length": 4.0, "mode": "test", "epoch": 42}
{"loss": 0.12262148410081863, "acc": 0.9560374021530151, "length": 3.999884843826294, "mode": "train", "epoch": 43}
{"loss": 0.15023289620876312, "acc": 0.9438567161560059, "length": 4.0, "mode": "test", "epoch": 43}
{"loss": 0.12304544448852539, "acc": 0.9527860879898071, "length": 3.9998574256896973, "mode": "train", "epoch": 44}
{"loss": 0.1424926370382309, "acc": 0.944880485534668, "length": 4.0, "mode": "test", "epoch": 44}
{"loss": 0.11177710443735123, "acc": 0.9591024518013, "length": 3.999751091003418, "mode": "train", "epoch": 45}
{"loss": 0.13272307813167572, "acc": 0.9486349821090698, "length": 4.0, "mode": "test", "epoch": 45}
{"loss": 0.11343665421009064, "acc": 0.9559189677238464, "length": 3.9997918605804443, "mode": "train", "epoch": 46}
{"loss": 0.13948558270931244, "acc": 0.9399316906929016, "length": 4.0, "mode": "test", "epoch": 46}
{"loss": 0.1167423352599144, "acc": 0.9572916626930237, "length": 3.9998903274536133, "mode": "train", "epoch": 47}
{"loss": 0.144357368350029, "acc": 0.9416382908821106, "length": 4.0, "mode": "test", "epoch": 47}
{"loss": 0.10534720867872238, "acc": 0.9611133933067322, "length": 3.999917507171631, "mode": "train", "epoch": 48}
{"loss": 0.1254052370786667, "acc": 0.9443687200546265, "length": 4.0, "mode": "test", "epoch": 48}
{"loss": 0.10494264960289001, "acc": 0.9616214036941528, "length": 3.999854803085327, "mode": "train", "epoch": 49}
{"loss": 0.12104926258325577, "acc": 0.9522184133529663, "length": 4.0, "mode": "test", "epoch": 49}
{"loss": 0.0951995924115181, "acc": 0.9621917605400085, "length": 3.999777317047119, "mode": "train", "epoch": 50}
{"loss": 0.1124224066734314, "acc": 0.9510238766670227, "length": 4.0, "mode": "test", "epoch": 50}
{"loss": 0.09677138924598694, "acc": 0.9647639989852905, "length": 3.999955415725708, "mode": "train", "epoch": 51}
{"loss": 0.13175839185714722, "acc": 0.9568259716033936, "length": 4.0, "mode": "test", "epoch": 51}
{"loss": 0.09807988256216049, "acc": 0.9655608534812927, "length": 3.999948740005493, "mode": "train", "epoch": 52}
{"loss": 0.11229415982961655, "acc": 0.9597269296646118, "length": 4.0, "mode": "test", "epoch": 52}
{"loss": 0.08681650459766388, "acc": 0.9705206751823425, "length": 3.9999372959136963, "mode": "train", "epoch": 53}
{"loss": 0.13280992209911346, "acc": 0.9503413438796997, "length": 4.0, "mode": "test", "epoch": 53}
{"loss": 0.09114199131727219, "acc": 0.9658468961715698, "length": 3.999965190887451, "mode": "train", "epoch": 54}
{"loss": 0.11197393387556076, "acc": 0.9593855738639832, "length": 4.0, "mode": "test", "epoch": 54}
{"loss": 0.0845738872885704, "acc": 0.9716053605079651, "length": 3.9999632835388184, "mode": "train", "epoch": 55}
{"loss": 0.09980707615613937, "acc": 0.9616041779518127, "length": 4.0, "mode": "test", "epoch": 55}
{"loss": 0.08108720183372498, "acc": 0.970294713973999, "length": 3.9999678134918213, "mode": "train", "epoch": 56}
{"loss": 0.10425543040037155, "acc": 0.9568259716033936, "length": 4.0, "mode": "test", "epoch": 56}
{"loss": 0.08155690133571625, "acc": 0.9718340635299683, "length": 3.9999749660491943, "mode": "train", "epoch": 57}
{"loss": 0.11287350952625275, "acc": 0.9587031602859497, "length": 4.0, "mode": "test", "epoch": 57}
{"loss": 0.09382651746273041, "acc": 0.9700086116790771, "length": 3.99992036819458, "mode": "train", "epoch": 58}
{"loss": 0.13074171543121338, "acc": 0.9493175148963928, "length": 4.0, "mode": "test", "epoch": 58}
{"loss": 0.08647017925977707, "acc": 0.9677785634994507, "length": 3.9998714923858643, "mode": "train", "epoch": 59}
{"loss": 0.11873383820056915, "acc": 0.9571672677993774, "length": 4.0, "mode": "test", "epoch": 59}
{"loss": 0.07574006915092468, "acc": 0.9728031158447266, "length": 3.999967098236084, "mode": "train", "epoch": 60}
{"loss": 0.11908817291259766, "acc": 0.9535835981369019, "length": 4.0, "mode": "test", "epoch": 60}
test accuracy: 0.8125926852226257
