# ["--attributes=3", "--values=4", "--game_size=10", "--vocab_size_factor=3", "--n_epochs=60", "--batch_size=128", "--learning_rate=0.001", "--hidden_size=128", "--temp_update=0.99", "--temperature=1.5"]
Creating train_ds and val_ds...

Creating test_ds...
{"loss": 0.6987826824188232, "acc": 0.5092277526855469, "length": 3.558384656906128, "mode": "train", "epoch": 1}
{"loss": 0.6940733194351196, "acc": 0.5068739652633667, "length": 1.0104166269302368, "mode": "test", "epoch": 1}
{"loss": 0.6939846873283386, "acc": 0.5204598903656006, "length": 3.3957276344299316, "mode": "train", "epoch": 2}
{"loss": 0.6943219900131226, "acc": 0.4803711175918579, "length": 1.0208333730697632, "mode": "test", "epoch": 2}
{"loss": 0.6859414577484131, "acc": 0.5510820150375366, "length": 3.042401075363159, "mode": "train", "epoch": 3}
{"loss": 0.6745381355285645, "acc": 0.5890530943870544, "length": 1.84375, "mode": "test", "epoch": 3}
{"loss": 0.6652864813804626, "acc": 0.6237521767616272, "length": 2.9521541595458984, "mode": "train", "epoch": 4}
{"loss": 0.6441150307655334, "acc": 0.6589545011520386, "length": 2.5625, "mode": "test", "epoch": 4}
{"loss": 0.623051643371582, "acc": 0.7011710405349731, "length": 3.0914835929870605, "mode": "train", "epoch": 5}
{"loss": 0.5796319246292114, "acc": 0.7220554351806641, "length": 3.9791667461395264, "mode": "test", "epoch": 5}
{"loss": 0.5655919313430786, "acc": 0.7256669998168945, "length": 3.456374168395996, "mode": "train", "epoch": 6}
{"loss": 0.5635867118835449, "acc": 0.7355902194976807, "length": 4.0, "mode": "test", "epoch": 6}
{"loss": 0.5291188359260559, "acc": 0.7376841902732849, "length": 3.804021120071411, "mode": "train", "epoch": 7}
{"loss": 0.5183302164077759, "acc": 0.7425346970558167, "length": 4.0, "mode": "test", "epoch": 7}
{"loss": 0.49640119075775146, "acc": 0.7657872438430786, "length": 3.907491445541382, "mode": "train", "epoch": 8}
{"loss": 0.501671314239502, "acc": 0.7583333849906921, "length": 4.0, "mode": "test", "epoch": 8}
{"loss": 0.47696927189826965, "acc": 0.784592866897583, "length": 3.946362018585205, "mode": "train", "epoch": 9}
{"loss": 0.49480685591697693, "acc": 0.7782986164093018, "length": 4.0, "mode": "test", "epoch": 9}
{"loss": 0.4558802545070648, "acc": 0.7948299646377563, "length": 3.9667184352874756, "mode": "train", "epoch": 10}
{"loss": 0.46860405802726746, "acc": 0.7821180820465088, "length": 4.0, "mode": "test", "epoch": 10}
{"loss": 0.43495506048202515, "acc": 0.8094528317451477, "length": 3.9727578163146973, "mode": "train", "epoch": 11}
{"loss": 0.4456758499145508, "acc": 0.8145833015441895, "length": 4.0, "mode": "test", "epoch": 11}
{"loss": 0.4156530499458313, "acc": 0.8250423073768616, "length": 3.980417251586914, "mode": "train", "epoch": 12}
{"loss": 0.4526784121990204, "acc": 0.8151041269302368, "length": 4.0, "mode": "test", "epoch": 12}
{"loss": 0.40707749128341675, "acc": 0.8242083191871643, "length": 3.9799046516418457, "mode": "train", "epoch": 13}
{"loss": 0.4498041868209839, "acc": 0.7998263835906982, "length": 4.0, "mode": "test", "epoch": 13}
{"loss": 0.39255955815315247, "acc": 0.8255550265312195, "length": 3.9857985973358154, "mode": "train", "epoch": 14}
{"loss": 0.4389943480491638, "acc": 0.8065973520278931, "length": 4.0, "mode": "test", "epoch": 14}
{"loss": 0.38346508145332336, "acc": 0.8312106132507324, "length": 3.9892218112945557, "mode": "train", "epoch": 15}
{"loss": 0.4439041316509247, "acc": 0.8159721493721008, "length": 4.0, "mode": "test", "epoch": 15}
{"loss": 0.37637224793434143, "acc": 0.8346520662307739, "length": 3.9903554916381836, "mode": "train", "epoch": 16}
{"loss": 0.4184412956237793, "acc": 0.8180555105209351, "length": 4.0, "mode": "test", "epoch": 16}
{"loss": 0.36923468112945557, "acc": 0.8398004174232483, "length": 3.9918923377990723, "mode": "train", "epoch": 17}
{"loss": 0.43245285749435425, "acc": 0.8201388120651245, "length": 4.0, "mode": "test", "epoch": 17}
{"loss": 0.3564416766166687, "acc": 0.8416256904602051, "length": 3.9941515922546387, "mode": "train", "epoch": 18}
{"loss": 0.3924570083618164, "acc": 0.8336805105209351, "length": 4.0, "mode": "test", "epoch": 18}
{"loss": 0.35304829478263855, "acc": 0.8451496958732605, "length": 3.9936490058898926, "mode": "train", "epoch": 19}
{"loss": 0.3896110951900482, "acc": 0.8314235210418701, "length": 4.0, "mode": "test", "epoch": 19}
{"loss": 0.33810967206954956, "acc": 0.8556793332099915, "length": 3.995694160461426, "mode": "train", "epoch": 20}
{"loss": 0.367307186126709, "acc": 0.8427082896232605, "length": 4.0, "mode": "test", "epoch": 20}
{"loss": 0.32935354113578796, "acc": 0.8557985424995422, "length": 3.9960293769836426, "mode": "train", "epoch": 21}
{"loss": 0.35539504885673523, "acc": 0.8413195013999939, "length": 4.0, "mode": "test", "epoch": 21}
{"loss": 0.3237024247646332, "acc": 0.8546310663223267, "length": 3.995089530944824, "mode": "train", "epoch": 22}
{"loss": 0.3440312147140503, "acc": 0.8550347685813904, "length": 4.0, "mode": "test", "epoch": 22}
{"loss": 0.31140196323394775, "acc": 0.8660644888877869, "length": 3.996408224105835, "mode": "train", "epoch": 23}
{"loss": 0.32591870427131653, "acc": 0.858506977558136, "length": 4.0, "mode": "test", "epoch": 23}
{"loss": 0.30338501930236816, "acc": 0.8722177743911743, "length": 3.9969394207000732, "mode": "train", "epoch": 24}
{"loss": 0.3278364837169647, "acc": 0.8531248569488525, "length": 4.0, "mode": "test", "epoch": 24}
{"loss": 0.28697478771209717, "acc": 0.8802374601364136, "length": 3.99812912940979, "mode": "train", "epoch": 25}
{"loss": 0.31016677618026733, "acc": 0.8682292103767395, "length": 4.0, "mode": "test", "epoch": 25}
{"loss": 0.28298670053482056, "acc": 0.8811101913452148, "length": 3.9983408451080322, "mode": "train", "epoch": 26}
{"loss": 0.2737739086151123, "acc": 0.8909722566604614, "length": 4.0, "mode": "test", "epoch": 26}
{"loss": 0.2728424668312073, "acc": 0.8905519247055054, "length": 3.9976208209991455, "mode": "train", "epoch": 27}
{"loss": 0.27866992354393005, "acc": 0.8824653029441833, "length": 4.0, "mode": "test", "epoch": 27}
{"loss": 0.25940489768981934, "acc": 0.894919753074646, "length": 3.9988362789154053, "mode": "train", "epoch": 28}
{"loss": 0.27368226647377014, "acc": 0.8935763239860535, "length": 4.0, "mode": "test", "epoch": 28}
{"loss": 0.24852341413497925, "acc": 0.8983980417251587, "length": 3.9987401962280273, "mode": "train", "epoch": 29}
{"loss": 0.2555622458457947, "acc": 0.8951389789581299, "length": 4.0, "mode": "test", "epoch": 29}
{"loss": 0.237669438123703, "acc": 0.9077462553977966, "length": 3.9990177154541016, "mode": "train", "epoch": 30}
{"loss": 0.24475699663162231, "acc": 0.8961805701255798, "length": 4.0, "mode": "test", "epoch": 30}
{"loss": 0.22319242358207703, "acc": 0.9148099422454834, "length": 3.99885630607605, "mode": "train", "epoch": 31}
{"loss": 0.24190513789653778, "acc": 0.9006944298744202, "length": 4.0, "mode": "test", "epoch": 31}
{"loss": 0.21510417759418488, "acc": 0.919343113899231, "length": 3.9990475177764893, "mode": "train", "epoch": 32}
{"loss": 0.24126014113426208, "acc": 0.9034721851348877, "length": 4.0, "mode": "test", "epoch": 32}
{"loss": 0.20555619895458221, "acc": 0.9175691604614258, "length": 3.9983270168304443, "mode": "train", "epoch": 33}
{"loss": 0.22830915451049805, "acc": 0.9055556058883667, "length": 4.0, "mode": "test", "epoch": 33}
{"loss": 0.20033511519432068, "acc": 0.9237203598022461, "length": 3.9982988834381104, "mode": "train", "epoch": 34}
{"loss": 0.22484242916107178, "acc": 0.9114582538604736, "length": 4.0, "mode": "test", "epoch": 34}
{"loss": 0.19372513890266418, "acc": 0.9255868196487427, "length": 3.9986917972564697, "mode": "train", "epoch": 35}
{"loss": 0.2081533670425415, "acc": 0.9203125834465027, "length": 4.0, "mode": "test", "epoch": 35}
{"loss": 0.18388299643993378, "acc": 0.9329698085784912, "length": 3.999154567718506, "mode": "train", "epoch": 36}
{"loss": 0.19383256137371063, "acc": 0.9225693941116333, "length": 4.0, "mode": "test", "epoch": 36}
{"loss": 0.17897985875606537, "acc": 0.9335904121398926, "length": 3.9989356994628906, "mode": "train", "epoch": 37}
{"loss": 0.1968396008014679, "acc": 0.9164929986000061, "length": 4.0, "mode": "test", "epoch": 37}
{"loss": 0.1831684559583664, "acc": 0.9306216239929199, "length": 3.9985806941986084, "mode": "train", "epoch": 38}
{"loss": 0.19288358092308044, "acc": 0.9217013120651245, "length": 4.0, "mode": "test", "epoch": 38}
{"loss": 0.17395339906215668, "acc": 0.9340000152587891, "length": 3.998901128768921, "mode": "train", "epoch": 39}
{"loss": 0.17954698204994202, "acc": 0.9204861521720886, "length": 4.0, "mode": "test", "epoch": 39}
{"loss": 0.1699201464653015, "acc": 0.9344221949577332, "length": 3.9993252754211426, "mode": "train", "epoch": 40}
{"loss": 0.1788523644208908, "acc": 0.9241319298744202, "length": 4.0, "mode": "test", "epoch": 40}
{"loss": 0.16780491173267365, "acc": 0.937213659286499, "length": 3.996408462524414, "mode": "train", "epoch": 41}
{"loss": 0.17570242285728455, "acc": 0.9262152910232544, "length": 4.0, "mode": "test", "epoch": 41}
{"loss": 0.16067413985729218, "acc": 0.940022349357605, "length": 3.998872756958008, "mode": "train", "epoch": 42}
{"loss": 0.1750091314315796, "acc": 0.9276041388511658, "length": 4.0, "mode": "test", "epoch": 42}
{"loss": 0.15882351994514465, "acc": 0.9379652738571167, "length": 3.9995129108428955, "mode": "train", "epoch": 43}
{"loss": 0.17753306031227112, "acc": 0.9239583611488342, "length": 4.0, "mode": "test", "epoch": 43}
{"loss": 0.1517098844051361, "acc": 0.9422332644462585, "length": 3.999013900756836, "mode": "train", "epoch": 44}
{"loss": 0.16898366808891296, "acc": 0.9317710399627686, "length": 4.0, "mode": "test", "epoch": 44}
{"loss": 0.14625531435012817, "acc": 0.9457322955131531, "length": 3.999276876449585, "mode": "train", "epoch": 45}
{"loss": 0.17694687843322754, "acc": 0.9282985329627991, "length": 4.0, "mode": "test", "epoch": 45}
{"loss": 0.14182882010936737, "acc": 0.9499043226242065, "length": 3.9993832111358643, "mode": "train", "epoch": 46}
{"loss": 0.16134965419769287, "acc": 0.9317707419395447, "length": 4.0, "mode": "test", "epoch": 46}
{"loss": 0.14056606590747833, "acc": 0.9468916058540344, "length": 3.999343156814575, "mode": "train", "epoch": 47}
{"loss": 0.17006276547908783, "acc": 0.9326388835906982, "length": 4.0, "mode": "test", "epoch": 47}
{"loss": 0.1383737325668335, "acc": 0.9488577246665955, "length": 3.99770450592041, "mode": "train", "epoch": 48}
{"loss": 0.14951783418655396, "acc": 0.9383681416511536, "length": 4.0, "mode": "test", "epoch": 48}
{"loss": 0.1371142566204071, "acc": 0.9492846131324768, "length": 3.9962892532348633, "mode": "train", "epoch": 49}
{"loss": 0.14785847067832947, "acc": 0.9401041865348816, "length": 4.0, "mode": "test", "epoch": 49}
{"loss": 0.13024884462356567, "acc": 0.957020103931427, "length": 3.999194860458374, "mode": "train", "epoch": 50}
{"loss": 0.14137977361679077, "acc": 0.9399304986000061, "length": 4.0, "mode": "test", "epoch": 50}
{"loss": 0.12410076707601547, "acc": 0.9541851878166199, "length": 3.9989657402038574, "mode": "train", "epoch": 51}
{"loss": 0.15884250402450562, "acc": 0.9388888478279114, "length": 4.0, "mode": "test", "epoch": 51}
{"loss": 0.11976058036088943, "acc": 0.9553207159042358, "length": 3.9997246265411377, "mode": "train", "epoch": 52}
{"loss": 0.14223787188529968, "acc": 0.9399304986000061, "length": 4.0, "mode": "test", "epoch": 52}
{"loss": 0.12447263300418854, "acc": 0.9564186930656433, "length": 3.9996674060821533, "mode": "train", "epoch": 53}
{"loss": 0.14045511186122894, "acc": 0.9425346851348877, "length": 4.0, "mode": "test", "epoch": 53}
{"loss": 0.11706378310918808, "acc": 0.9591768383979797, "length": 3.9988157749176025, "mode": "train", "epoch": 54}
{"loss": 0.1367729753255844, "acc": 0.9456597566604614, "length": 4.0, "mode": "test", "epoch": 54}
{"loss": 0.12157747894525528, "acc": 0.9556288719177246, "length": 3.9970803260803223, "mode": "train", "epoch": 55}
{"loss": 0.1295064389705658, "acc": 0.9440972208976746, "length": 4.0, "mode": "test", "epoch": 55}
{"loss": 0.11542824655771255, "acc": 0.9574657082557678, "length": 3.9997127056121826, "mode": "train", "epoch": 56}
{"loss": 0.12452162802219391, "acc": 0.9505207538604736, "length": 4.0, "mode": "test", "epoch": 56}
{"loss": 0.10386696457862854, "acc": 0.9653623104095459, "length": 3.999835729598999, "mode": "train", "epoch": 57}
{"loss": 0.12705647945404053, "acc": 0.9477429986000061, "length": 4.0, "mode": "test", "epoch": 57}
{"loss": 0.1018170416355133, "acc": 0.9651241302490234, "length": 3.9997408390045166, "mode": "train", "epoch": 58}
{"loss": 0.12751764059066772, "acc": 0.9468749165534973, "length": 4.0, "mode": "test", "epoch": 58}
{"loss": 0.10455426573753357, "acc": 0.961807370185852, "length": 3.996610403060913, "mode": "train", "epoch": 59}
{"loss": 0.12782028317451477, "acc": 0.9463542103767395, "length": 4.0, "mode": "test", "epoch": 59}
{"loss": 0.09936316311359406, "acc": 0.9663488864898682, "length": 3.999866485595703, "mode": "train", "epoch": 60}
{"loss": 0.12876233458518982, "acc": 0.9467013478279114, "length": 4.0, "mode": "test", "epoch": 60}
test accuracy: 0.8431034088134766
