# ["--attributes=3", "--values=16", "--game_size=10", "--vocab_size_factor=3", "--n_epochs=60", "--batch_size=32", "--learning_rate=0.001", "--hidden_size=256", "--temp_update=0.97", "--temperature=1.5"]
Creating train_ds and val_ds...

Creating test_ds...
{"loss": 0.7044563293457031, "acc": 0.5130321979522705, "length": 1.7724900245666504, "mode": "train", "epoch": 1}
{"loss": 0.695672333240509, "acc": 0.5008680820465088, "length": 1.0, "mode": "test", "epoch": 1}
{"loss": 0.6937851905822754, "acc": 0.525026798248291, "length": 1.004896879196167, "mode": "train", "epoch": 2}
{"loss": 0.6957712173461914, "acc": 0.5208333134651184, "length": 1.0, "mode": "test", "epoch": 2}
{"loss": 0.6720700263977051, "acc": 0.5714294910430908, "length": 1.4746254682540894, "mode": "train", "epoch": 3}
{"loss": 0.6043963432312012, "acc": 0.6914985179901123, "length": 2.715277671813965, "mode": "test", "epoch": 3}
{"loss": 0.5749448537826538, "acc": 0.7075386047363281, "length": 2.383531093597412, "mode": "train", "epoch": 4}
{"loss": 0.5493505597114563, "acc": 0.7412760257720947, "length": 2.78125, "mode": "test", "epoch": 4}
{"loss": 0.49519219994544983, "acc": 0.7729170918464661, "length": 2.6917223930358887, "mode": "train", "epoch": 5}
{"loss": 0.5316407084465027, "acc": 0.776719868183136, "length": 3.0833332538604736, "mode": "test", "epoch": 5}
{"loss": 0.4370732605457306, "acc": 0.8068482279777527, "length": 3.0213892459869385, "mode": "train", "epoch": 6}
{"loss": 0.4491501450538635, "acc": 0.7922037243843079, "length": 3.1770832538604736, "mode": "test", "epoch": 6}
{"loss": 0.4111887216567993, "acc": 0.8055498003959656, "length": 3.0785181522369385, "mode": "train", "epoch": 7}
{"loss": 0.4590418040752411, "acc": 0.795632541179657, "length": 3.1875, "mode": "test", "epoch": 7}
{"loss": 0.400619238615036, "acc": 0.8075558543205261, "length": 3.112327814102173, "mode": "train", "epoch": 8}
{"loss": 0.42527738213539124, "acc": 0.8128635883331299, "length": 3.1979167461395264, "mode": "test", "epoch": 8}
{"loss": 0.3332708775997162, "acc": 0.8585242629051208, "length": 3.1657955646514893, "mode": "train", "epoch": 9}
{"loss": 0.33581680059432983, "acc": 0.8586914539337158, "length": 3.2083332538604736, "mode": "test", "epoch": 9}
{"loss": 0.28927361965179443, "acc": 0.8822197318077087, "length": 3.1623942852020264, "mode": "train", "epoch": 10}
{"loss": 0.33257240056991577, "acc": 0.8633083701133728, "length": 3.2916667461395264, "mode": "test", "epoch": 10}
{"loss": 0.26942503452301025, "acc": 0.8930972814559937, "length": 3.279428005218506, "mode": "train", "epoch": 11}
{"loss": 0.3028411865234375, "acc": 0.8916992545127869, "length": 3.2916667461395264, "mode": "test", "epoch": 11}
{"loss": 0.2497967630624771, "acc": 0.9062033891677856, "length": 3.3481900691986084, "mode": "train", "epoch": 12}
{"loss": 0.2942291796207428, "acc": 0.8973144888877869, "length": 3.5104167461395264, "mode": "test", "epoch": 12}
{"loss": 0.23260372877120972, "acc": 0.9175801873207092, "length": 3.665181875228882, "mode": "train", "epoch": 13}
{"loss": 0.2516166865825653, "acc": 0.9181315302848816, "length": 3.9895832538604736, "mode": "test", "epoch": 13}
{"loss": 0.20547160506248474, "acc": 0.9253362417221069, "length": 3.9521942138671875, "mode": "train", "epoch": 14}
{"loss": 0.2412908375263214, "acc": 0.918402910232544, "length": 4.0, "mode": "test", "epoch": 14}
{"loss": 0.2013704776763916, "acc": 0.926109790802002, "length": 3.991051435470581, "mode": "train", "epoch": 15}
{"loss": 0.2746621072292328, "acc": 0.9053819179534912, "length": 4.0, "mode": "test", "epoch": 15}
{"loss": 0.19669866561889648, "acc": 0.927929162979126, "length": 3.997131824493408, "mode": "train", "epoch": 16}
{"loss": 0.2155419886112213, "acc": 0.9232638478279114, "length": 4.0, "mode": "test", "epoch": 16}
{"loss": 0.18870793282985687, "acc": 0.9326078295707703, "length": 3.994595766067505, "mode": "train", "epoch": 17}
{"loss": 0.2238702028989792, "acc": 0.9199652075767517, "length": 4.0, "mode": "test", "epoch": 17}
{"loss": 0.17667920887470245, "acc": 0.9383140802383423, "length": 3.9952356815338135, "mode": "train", "epoch": 18}
{"loss": 0.21030589938163757, "acc": 0.9267361164093018, "length": 4.0, "mode": "test", "epoch": 18}
{"loss": 0.17313238978385925, "acc": 0.9350228309631348, "length": 3.9983508586883545, "mode": "train", "epoch": 19}
{"loss": 0.23689453303813934, "acc": 0.9190971851348877, "length": 4.0, "mode": "test", "epoch": 19}
{"loss": 0.16469164192676544, "acc": 0.9419116377830505, "length": 3.99796462059021, "mode": "train", "epoch": 20}
{"loss": 0.23975174129009247, "acc": 0.9206597208976746, "length": 4.0, "mode": "test", "epoch": 20}
{"loss": 0.17102812230587006, "acc": 0.9385074973106384, "length": 3.9993064403533936, "mode": "train", "epoch": 21}
{"loss": 0.24159574508666992, "acc": 0.9272570013999939, "length": 4.0, "mode": "test", "epoch": 21}
{"loss": 0.1891254037618637, "acc": 0.9302807450294495, "length": 3.9970085620880127, "mode": "train", "epoch": 22}
{"loss": 0.21737416088581085, "acc": 0.9156249165534973, "length": 4.0, "mode": "test", "epoch": 22}
{"loss": 0.1604132205247879, "acc": 0.9406914114952087, "length": 3.998713493347168, "mode": "train", "epoch": 23}
{"loss": 0.18452903628349304, "acc": 0.9368056058883667, "length": 4.0, "mode": "test", "epoch": 23}
{"loss": 0.14939548075199127, "acc": 0.9418264031410217, "length": 3.998910665512085, "mode": "train", "epoch": 24}
{"loss": 0.1944500356912613, "acc": 0.9258681535720825, "length": 4.0, "mode": "test", "epoch": 24}
{"loss": 0.13845886290073395, "acc": 0.9459974765777588, "length": 3.9998843669891357, "mode": "train", "epoch": 25}
{"loss": 0.16994769871234894, "acc": 0.9369791746139526, "length": 4.0, "mode": "test", "epoch": 25}
{"loss": 0.15055198967456818, "acc": 0.9444775581359863, "length": 3.997898578643799, "mode": "train", "epoch": 26}
{"loss": 0.21929354965686798, "acc": 0.9253472089767456, "length": 4.0, "mode": "test", "epoch": 26}
{"loss": 0.14519664645195007, "acc": 0.9473587870597839, "length": 3.997764825820923, "mode": "train", "epoch": 27}
{"loss": 0.18340392410755157, "acc": 0.9371528625488281, "length": 4.0, "mode": "test", "epoch": 27}
{"loss": 0.14325544238090515, "acc": 0.9442399144172668, "length": 3.999070405960083, "mode": "train", "epoch": 28}
{"loss": 0.22286240756511688, "acc": 0.9251735210418701, "length": 4.0, "mode": "test", "epoch": 28}
{"loss": 0.14442478120326996, "acc": 0.9450680017471313, "length": 3.9994983673095703, "mode": "train", "epoch": 29}
{"loss": 0.2352437525987625, "acc": 0.9288194179534912, "length": 4.0, "mode": "test", "epoch": 29}
{"loss": 0.14777375757694244, "acc": 0.9443702697753906, "length": 3.999293088912964, "mode": "train", "epoch": 30}
{"loss": 0.1563674360513687, "acc": 0.9486110210418701, "length": 4.0, "mode": "test", "epoch": 30}
{"loss": 0.12819524109363556, "acc": 0.9535965919494629, "length": 3.9993951320648193, "mode": "train", "epoch": 31}
{"loss": 0.1743149757385254, "acc": 0.9465277791023254, "length": 4.0, "mode": "test", "epoch": 31}
{"loss": 0.12057454884052277, "acc": 0.9594395756721497, "length": 3.999145269393921, "mode": "train", "epoch": 32}
{"loss": 0.15983858704566956, "acc": 0.9463542103767395, "length": 4.0, "mode": "test", "epoch": 32}
{"loss": 0.10779183357954025, "acc": 0.9629294872283936, "length": 3.9990968704223633, "mode": "train", "epoch": 33}
{"loss": 0.14665374159812927, "acc": 0.9519097805023193, "length": 4.0, "mode": "test", "epoch": 33}
{"loss": 0.10827293992042542, "acc": 0.9611353278160095, "length": 3.9999022483825684, "mode": "train", "epoch": 34}
{"loss": 0.16267816722393036, "acc": 0.9446181058883667, "length": 4.0, "mode": "test", "epoch": 34}
{"loss": 0.1119028702378273, "acc": 0.9584682583808899, "length": 3.9998879432678223, "mode": "train", "epoch": 35}
{"loss": 0.1855815351009369, "acc": 0.9394097924232483, "length": 4.0, "mode": "test", "epoch": 35}
{"loss": 0.11365990340709686, "acc": 0.9611948132514954, "length": 3.9999642372131348, "mode": "train", "epoch": 36}
{"loss": 0.21533340215682983, "acc": 0.9340277910232544, "length": 4.0, "mode": "test", "epoch": 36}
{"loss": 0.12043919414281845, "acc": 0.9593386650085449, "length": 3.999987840652466, "mode": "train", "epoch": 37}
{"loss": 0.1562364101409912, "acc": 0.9401041865348816, "length": 4.0, "mode": "test", "epoch": 37}
{"loss": 0.11379244923591614, "acc": 0.9583517909049988, "length": 3.999429941177368, "mode": "train", "epoch": 38}
{"loss": 0.19319003820419312, "acc": 0.9395832419395447, "length": 4.0, "mode": "test", "epoch": 38}
{"loss": 0.11154302209615707, "acc": 0.9643851518630981, "length": 3.999986410140991, "mode": "train", "epoch": 39}
{"loss": 0.16600008308887482, "acc": 0.9458334445953369, "length": 4.0, "mode": "test", "epoch": 39}
{"loss": 0.10980630666017532, "acc": 0.9617167711257935, "length": 3.999920129776001, "mode": "train", "epoch": 40}
{"loss": 0.14399811625480652, "acc": 0.9501736164093018, "length": 4.0, "mode": "test", "epoch": 40}
{"loss": 0.1166086345911026, "acc": 0.9632247686386108, "length": 3.9999654293060303, "mode": "train", "epoch": 41}
{"loss": 0.15286853909492493, "acc": 0.9555554986000061, "length": 4.0, "mode": "test", "epoch": 41}
{"loss": 0.09446531534194946, "acc": 0.9694315195083618, "length": 3.9999659061431885, "mode": "train", "epoch": 42}
{"loss": 0.15612441301345825, "acc": 0.9512152075767517, "length": 4.0, "mode": "test", "epoch": 42}
{"loss": 0.08878451585769653, "acc": 0.9708221554756165, "length": 3.9998042583465576, "mode": "train", "epoch": 43}
{"loss": 0.14166434109210968, "acc": 0.9598957896232605, "length": 4.0, "mode": "test", "epoch": 43}
{"loss": 0.08553849905729294, "acc": 0.9740141034126282, "length": 3.999957799911499, "mode": "train", "epoch": 44}
{"loss": 0.1317075788974762, "acc": 0.9604165554046631, "length": 4.0, "mode": "test", "epoch": 44}
{"loss": 0.10437740385532379, "acc": 0.9648417234420776, "length": 3.999436378479004, "mode": "train", "epoch": 45}
{"loss": 0.15262781083583832, "acc": 0.9559028148651123, "length": 4.0, "mode": "test", "epoch": 45}
{"loss": 0.10195470601320267, "acc": 0.9651959538459778, "length": 3.9995484352111816, "mode": "train", "epoch": 46}
{"loss": 0.21174964308738708, "acc": 0.933680534362793, "length": 4.0, "mode": "test", "epoch": 46}
{"loss": 0.15946733951568604, "acc": 0.9476186037063599, "length": 3.9997291564941406, "mode": "train", "epoch": 47}
{"loss": 0.16111047565937042, "acc": 0.9482638835906982, "length": 4.0, "mode": "test", "epoch": 47}
{"loss": 0.10583224892616272, "acc": 0.9660001397132874, "length": 3.999624490737915, "mode": "train", "epoch": 48}
{"loss": 0.16036656498908997, "acc": 0.9472222924232483, "length": 4.0, "mode": "test", "epoch": 48}
{"loss": 0.08713849633932114, "acc": 0.9708123207092285, "length": 3.9995172023773193, "mode": "train", "epoch": 49}
{"loss": 0.13684673607349396, "acc": 0.9536458253860474, "length": 4.0, "mode": "test", "epoch": 49}
{"loss": 0.08994654566049576, "acc": 0.9722157120704651, "length": 3.999992609024048, "mode": "train", "epoch": 50}
{"loss": 0.12612706422805786, "acc": 0.9597222208976746, "length": 4.0, "mode": "test", "epoch": 50}
{"loss": 0.08197466284036636, "acc": 0.9725638628005981, "length": 3.9999282360076904, "mode": "train", "epoch": 51}
{"loss": 0.13598445057868958, "acc": 0.9588541388511658, "length": 4.0, "mode": "test", "epoch": 51}
{"loss": 0.07215014845132828, "acc": 0.9764506816864014, "length": 3.999765396118164, "mode": "train", "epoch": 52}
{"loss": 0.09747982770204544, "acc": 0.9720485210418701, "length": 4.0, "mode": "test", "epoch": 52}
{"loss": 0.07211767137050629, "acc": 0.9782475233078003, "length": 3.9999337196350098, "mode": "train", "epoch": 53}
{"loss": 0.13196487724781036, "acc": 0.9612847566604614, "length": 4.0, "mode": "test", "epoch": 53}
{"loss": 0.07440213114023209, "acc": 0.9779505729675293, "length": 3.9996211528778076, "mode": "train", "epoch": 54}
{"loss": 0.1357918083667755, "acc": 0.9605902433395386, "length": 4.0, "mode": "test", "epoch": 54}
{"loss": 0.07431106269359589, "acc": 0.9791722893714905, "length": 3.999781608581543, "mode": "train", "epoch": 55}
{"loss": 0.11254865676164627, "acc": 0.9678819179534912, "length": 4.0, "mode": "test", "epoch": 55}
{"loss": 0.06807682663202286, "acc": 0.9770300984382629, "length": 3.999985933303833, "mode": "train", "epoch": 56}
{"loss": 0.12715545296669006, "acc": 0.9600694179534912, "length": 4.0, "mode": "test", "epoch": 56}
{"loss": 0.07065548747777939, "acc": 0.9777878522872925, "length": 3.9991791248321533, "mode": "train", "epoch": 57}
{"loss": 0.1346755027770996, "acc": 0.9644097089767456, "length": 4.0, "mode": "test", "epoch": 57}
{"loss": 0.06973565369844437, "acc": 0.9787701964378357, "length": 3.999906063079834, "mode": "train", "epoch": 58}
{"loss": 0.08604899048805237, "acc": 0.9729166030883789, "length": 4.0, "mode": "test", "epoch": 58}
{"loss": 0.0654587373137474, "acc": 0.9805682301521301, "length": 3.9999806880950928, "mode": "train", "epoch": 59}
{"loss": 0.10088716447353363, "acc": 0.9699652791023254, "length": 4.0, "mode": "test", "epoch": 59}
{"loss": 0.0951913446187973, "acc": 0.9740138053894043, "length": 3.9999988079071045, "mode": "train", "epoch": 60}
{"loss": 0.1568039208650589, "acc": 0.9600694179534912, "length": 4.0, "mode": "test", "epoch": 60}
test accuracy: 0.7836207151412964
