# ["--attributes=3", "--values=16", "--game_size=10", "--vocab_size_factor=3", "--n_epochs=60", "--batch_size=64", "--learning_rate=0.0005", "--hidden_size=128", "--temp_update=0.97", "--temperature=1.5"]
Creating train_ds and val_ds...

Creating test_ds...
{"loss": 0.6938156485557556, "acc": 0.5081905126571655, "length": 3.5574228763580322, "mode": "train", "epoch": 1}
{"loss": 0.6734284162521362, "acc": 0.5916237235069275, "length": 2.9662163257598877, "mode": "test", "epoch": 1}
{"loss": 0.6913043260574341, "acc": 0.5380435585975647, "length": 3.5185818672180176, "mode": "train", "epoch": 2}
{"loss": 0.6710144281387329, "acc": 0.6204650402069092, "length": 2.3074324131011963, "mode": "test", "epoch": 2}
{"loss": 0.6815879344940186, "acc": 0.5796189308166504, "length": 3.2370145320892334, "mode": "train", "epoch": 3}
{"loss": 0.6582202315330505, "acc": 0.6734765768051147, "length": 2.4898648262023926, "mode": "test", "epoch": 3}
{"loss": 0.6488726735115051, "acc": 0.6620653867721558, "length": 3.044543504714966, "mode": "train", "epoch": 4}
{"loss": 0.625463604927063, "acc": 0.6631402969360352, "length": 2.6655404567718506, "mode": "test", "epoch": 4}
{"loss": 0.598979651927948, "acc": 0.6913521885871887, "length": 3.1748218536376953, "mode": "train", "epoch": 5}
{"loss": 0.586769163608551, "acc": 0.6848527789115906, "length": 3.996621608734131, "mode": "test", "epoch": 5}
{"loss": 0.5660150051116943, "acc": 0.6934286952018738, "length": 3.682624578475952, "mode": "train", "epoch": 6}
{"loss": 0.5729696154594421, "acc": 0.7407094240188599, "length": 4.0, "mode": "test", "epoch": 6}
{"loss": 0.5419976115226746, "acc": 0.7296953797340393, "length": 3.907975912094116, "mode": "train", "epoch": 7}
{"loss": 0.5470200181007385, "acc": 0.7624998688697815, "length": 4.0, "mode": "test", "epoch": 7}
{"loss": 0.5049779415130615, "acc": 0.7761958241462708, "length": 3.945453643798828, "mode": "train", "epoch": 8}
{"loss": 0.5256075263023376, "acc": 0.7587836980819702, "length": 4.0, "mode": "test", "epoch": 8}
{"loss": 0.46484673023223877, "acc": 0.788305401802063, "length": 3.9629642963409424, "mode": "train", "epoch": 9}
{"loss": 0.503821074962616, "acc": 0.7562499642372131, "length": 4.0, "mode": "test", "epoch": 9}
{"loss": 0.43455758690834045, "acc": 0.794018030166626, "length": 3.9682087898254395, "mode": "train", "epoch": 10}
{"loss": 0.4827200472354889, "acc": 0.7800676226615906, "length": 4.0, "mode": "test", "epoch": 10}
{"loss": 0.4124620258808136, "acc": 0.8100484013557434, "length": 3.977530002593994, "mode": "train", "epoch": 11}
{"loss": 0.45994168519973755, "acc": 0.7951012849807739, "length": 4.0, "mode": "test", "epoch": 11}
{"loss": 0.38540011644363403, "acc": 0.8305266499519348, "length": 3.9833149909973145, "mode": "train", "epoch": 12}
{"loss": 0.42996150255203247, "acc": 0.8123310208320618, "length": 4.0, "mode": "test", "epoch": 12}
{"loss": 0.36758485436439514, "acc": 0.8440179824829102, "length": 3.989520788192749, "mode": "train", "epoch": 13}
{"loss": 0.40151333808898926, "acc": 0.8143581748008728, "length": 4.0, "mode": "test", "epoch": 13}
{"loss": 0.3473247289657593, "acc": 0.8472696542739868, "length": 3.9891793727874756, "mode": "train", "epoch": 14}
{"loss": 0.3816491365432739, "acc": 0.8332770466804504, "length": 4.0, "mode": "test", "epoch": 14}
{"loss": 0.32511407136917114, "acc": 0.8593865036964417, "length": 3.993922710418701, "mode": "train", "epoch": 15}
{"loss": 0.3877701759338379, "acc": 0.84375, "length": 4.0, "mode": "test", "epoch": 15}
{"loss": 0.3114978075027466, "acc": 0.8658829927444458, "length": 3.993955612182617, "mode": "train", "epoch": 16}
{"loss": 0.3608672618865967, "acc": 0.855067789554596, "length": 4.0, "mode": "test", "epoch": 16}
{"loss": 0.2924286425113678, "acc": 0.8799817562103271, "length": 3.996066093444824, "mode": "train", "epoch": 17}
{"loss": 0.3483816981315613, "acc": 0.8626688718795776, "length": 4.0, "mode": "test", "epoch": 17}
{"loss": 0.28165334463119507, "acc": 0.8843578696250916, "length": 3.994586706161499, "mode": "train", "epoch": 18}
{"loss": 0.34633028507232666, "acc": 0.8694257140159607, "length": 4.0, "mode": "test", "epoch": 18}
{"loss": 0.2712719440460205, "acc": 0.890677273273468, "length": 3.996689796447754, "mode": "train", "epoch": 19}
{"loss": 0.31673988699913025, "acc": 0.8702701926231384, "length": 4.0, "mode": "test", "epoch": 19}
{"loss": 0.258212685585022, "acc": 0.8961113095283508, "length": 3.9972429275512695, "mode": "train", "epoch": 20}
{"loss": 0.3023180365562439, "acc": 0.8795607089996338, "length": 4.0, "mode": "test", "epoch": 20}
{"loss": 0.2524990737438202, "acc": 0.8995814919471741, "length": 3.9978396892547607, "mode": "train", "epoch": 21}
{"loss": 0.30107882618904114, "acc": 0.8746621608734131, "length": 4.0, "mode": "test", "epoch": 21}
{"loss": 0.24179589748382568, "acc": 0.9050645232200623, "length": 3.998533010482788, "mode": "train", "epoch": 22}
{"loss": 0.27392491698265076, "acc": 0.8939189314842224, "length": 4.0, "mode": "test", "epoch": 22}
{"loss": 0.240409255027771, "acc": 0.9046447277069092, "length": 3.996354818344116, "mode": "train", "epoch": 23}
{"loss": 0.27272140979766846, "acc": 0.8988176584243774, "length": 4.0, "mode": "test", "epoch": 23}
{"loss": 0.23555317521095276, "acc": 0.906315803527832, "length": 3.9984636306762695, "mode": "train", "epoch": 24}
{"loss": 0.2661639153957367, "acc": 0.9013515114784241, "length": 4.0, "mode": "test", "epoch": 24}
{"loss": 0.22144663333892822, "acc": 0.9134312868118286, "length": 3.9984142780303955, "mode": "train", "epoch": 25}
{"loss": 0.2549448311328888, "acc": 0.9016891717910767, "length": 4.0, "mode": "test", "epoch": 25}
{"loss": 0.21596162021160126, "acc": 0.9151961803436279, "length": 3.9987218379974365, "mode": "train", "epoch": 26}
{"loss": 0.24376170337200165, "acc": 0.9162161350250244, "length": 4.0, "mode": "test", "epoch": 26}
{"loss": 0.2107963263988495, "acc": 0.9173458218574524, "length": 3.9957447052001953, "mode": "train", "epoch": 27}
{"loss": 0.2484407275915146, "acc": 0.9084460139274597, "length": 4.0, "mode": "test", "epoch": 27}
{"loss": 0.20178362727165222, "acc": 0.9223318099975586, "length": 3.999452590942383, "mode": "train", "epoch": 28}
{"loss": 0.2352677583694458, "acc": 0.9076011180877686, "length": 4.0, "mode": "test", "epoch": 28}
{"loss": 0.20018337666988373, "acc": 0.9247736930847168, "length": 3.996000289916992, "mode": "train", "epoch": 29}
{"loss": 0.241921529173851, "acc": 0.9104728698730469, "length": 4.0, "mode": "test", "epoch": 29}
{"loss": 0.1948581486940384, "acc": 0.9267345666885376, "length": 3.9984512329101562, "mode": "train", "epoch": 30}
{"loss": 0.22408945858478546, "acc": 0.9153715372085571, "length": 4.0, "mode": "test", "epoch": 30}
{"loss": 0.1903579980134964, "acc": 0.9309322237968445, "length": 3.999436855316162, "mode": "train", "epoch": 31}
{"loss": 0.22481708228588104, "acc": 0.9211149215698242, "length": 4.0, "mode": "test", "epoch": 31}
{"loss": 0.18133500218391418, "acc": 0.9313889741897583, "length": 3.9998514652252197, "mode": "train", "epoch": 32}
{"loss": 0.20960357785224915, "acc": 0.9261823892593384, "length": 4.0, "mode": "test", "epoch": 32}
{"loss": 0.17499378323554993, "acc": 0.9355115294456482, "length": 3.998082160949707, "mode": "train", "epoch": 33}
{"loss": 0.20283186435699463, "acc": 0.9261823892593384, "length": 4.0, "mode": "test", "epoch": 33}
{"loss": 0.16822446882724762, "acc": 0.9391162991523743, "length": 3.9978344440460205, "mode": "train", "epoch": 34}
{"loss": 0.19368980824947357, "acc": 0.9324323534965515, "length": 4.0, "mode": "test", "epoch": 34}
{"loss": 0.170219287276268, "acc": 0.9399031400680542, "length": 3.99798583984375, "mode": "train", "epoch": 35}
{"loss": 0.19139426946640015, "acc": 0.9307432174682617, "length": 4.0, "mode": "test", "epoch": 35}
{"loss": 0.15909603238105774, "acc": 0.9440202116966248, "length": 3.997939109802246, "mode": "train", "epoch": 36}
{"loss": 0.18881522119045258, "acc": 0.9347972273826599, "length": 4.0, "mode": "test", "epoch": 36}
{"loss": 0.15747013688087463, "acc": 0.9454617500305176, "length": 3.999380350112915, "mode": "train", "epoch": 37}
{"loss": 0.18947026133537292, "acc": 0.9351351857185364, "length": 4.0, "mode": "test", "epoch": 37}
{"loss": 0.1570090353488922, "acc": 0.9409300088882446, "length": 3.9981746673583984, "mode": "train", "epoch": 38}
{"loss": 0.18454325199127197, "acc": 0.9353040456771851, "length": 4.0, "mode": "test", "epoch": 38}
{"loss": 0.1545521467924118, "acc": 0.9456962943077087, "length": 3.999720573425293, "mode": "train", "epoch": 39}
{"loss": 0.17990578711032867, "acc": 0.9388513565063477, "length": 4.0, "mode": "test", "epoch": 39}
{"loss": 0.14391538500785828, "acc": 0.9511571526527405, "length": 3.997375249862671, "mode": "train", "epoch": 40}
{"loss": 0.17929676175117493, "acc": 0.9403715133666992, "length": 4.0, "mode": "test", "epoch": 40}
{"loss": 0.14932486414909363, "acc": 0.9482434988021851, "length": 3.9999325275421143, "mode": "train", "epoch": 41}
{"loss": 0.182813823223114, "acc": 0.9398648142814636, "length": 4.0, "mode": "test", "epoch": 41}
{"loss": 0.1478271782398224, "acc": 0.9457311630249023, "length": 3.998732805252075, "mode": "train", "epoch": 42}
{"loss": 0.19047972559928894, "acc": 0.9346283674240112, "length": 4.0, "mode": "test", "epoch": 42}
{"loss": 0.14802239835262299, "acc": 0.9494669437408447, "length": 3.9982006549835205, "mode": "train", "epoch": 43}
{"loss": 0.1771855354309082, "acc": 0.9420608282089233, "length": 4.0, "mode": "test", "epoch": 43}
{"loss": 0.14269404113292694, "acc": 0.9508248567581177, "length": 3.9987974166870117, "mode": "train", "epoch": 44}
{"loss": 0.17235736548900604, "acc": 0.9423986077308655, "length": 4.0, "mode": "test", "epoch": 44}
{"loss": 0.1394651234149933, "acc": 0.9534472823143005, "length": 3.9998791217803955, "mode": "train", "epoch": 45}
{"loss": 0.18802407383918762, "acc": 0.9337835311889648, "length": 4.0, "mode": "test", "epoch": 45}
{"loss": 0.1372666358947754, "acc": 0.9528253674507141, "length": 3.999880790710449, "mode": "train", "epoch": 46}
{"loss": 0.17728005349636078, "acc": 0.9400336742401123, "length": 4.0, "mode": "test", "epoch": 46}
{"loss": 0.13647568225860596, "acc": 0.9532225728034973, "length": 3.9999277591705322, "mode": "train", "epoch": 47}
{"loss": 0.17740535736083984, "acc": 0.9396960139274597, "length": 4.0, "mode": "test", "epoch": 47}
{"loss": 0.1380741000175476, "acc": 0.952711820602417, "length": 3.9996345043182373, "mode": "train", "epoch": 48}
{"loss": 0.1694103479385376, "acc": 0.9454392194747925, "length": 4.0, "mode": "test", "epoch": 48}
{"loss": 0.13642936944961548, "acc": 0.9521483778953552, "length": 3.999936580657959, "mode": "train", "epoch": 49}
{"loss": 0.1741989105939865, "acc": 0.9396959543228149, "length": 4.0, "mode": "test", "epoch": 49}
{"loss": 0.13247956335544586, "acc": 0.9550899267196655, "length": 3.9999823570251465, "mode": "train", "epoch": 50}
{"loss": 0.17342974245548248, "acc": 0.9440878033638, "length": 4.0, "mode": "test", "epoch": 50}
{"loss": 0.1333138346672058, "acc": 0.9531098008155823, "length": 3.999969005584717, "mode": "train", "epoch": 51}
{"loss": 0.17151521146297455, "acc": 0.9423986077308655, "length": 4.0, "mode": "test", "epoch": 51}
{"loss": 0.1270754337310791, "acc": 0.9570131897926331, "length": 3.9999802112579346, "mode": "train", "epoch": 52}
{"loss": 0.1747150421142578, "acc": 0.9415540099143982, "length": 4.0, "mode": "test", "epoch": 52}
{"loss": 0.13293442130088806, "acc": 0.9517526030540466, "length": 3.9999542236328125, "mode": "train", "epoch": 53}
{"loss": 0.17128247022628784, "acc": 0.9454391002655029, "length": 4.0, "mode": "test", "epoch": 53}
{"loss": 0.13207899034023285, "acc": 0.9515830874443054, "length": 3.99996018409729, "mode": "train", "epoch": 54}
{"loss": 0.172474667429924, "acc": 0.9407094120979309, "length": 4.0, "mode": "test", "epoch": 54}
{"loss": 0.12890319526195526, "acc": 0.9549768567085266, "length": 3.9999771118164062, "mode": "train", "epoch": 55}
{"loss": 0.1726997345685959, "acc": 0.9386824369430542, "length": 4.0, "mode": "test", "epoch": 55}
{"loss": 0.12497468292713165, "acc": 0.9544090032577515, "length": 3.999713897705078, "mode": "train", "epoch": 56}
{"loss": 0.16904085874557495, "acc": 0.9423986077308655, "length": 4.0, "mode": "test", "epoch": 56}
{"loss": 0.1249610185623169, "acc": 0.9566721320152283, "length": 3.9999382495880127, "mode": "train", "epoch": 57}
{"loss": 0.17486713826656342, "acc": 0.9410473704338074, "length": 4.0, "mode": "test", "epoch": 57}
{"loss": 0.12743547558784485, "acc": 0.9535518288612366, "length": 3.9994101524353027, "mode": "train", "epoch": 58}
{"loss": 0.16622106730937958, "acc": 0.9427365660667419, "length": 4.0, "mode": "test", "epoch": 58}
{"loss": 0.12872204184532166, "acc": 0.9542416930198669, "length": 3.9999732971191406, "mode": "train", "epoch": 59}
{"loss": 0.20069122314453125, "acc": 0.9324324131011963, "length": 4.0, "mode": "test", "epoch": 59}
{"loss": 0.12295614182949066, "acc": 0.957634449005127, "length": 3.999950647354126, "mode": "train", "epoch": 60}
{"loss": 0.16276799142360687, "acc": 0.9462836980819702, "length": 4.0, "mode": "test", "epoch": 60}
test accuracy: 0.8467307090759277
