# ["--attributes=3", "--values=16", "--game_size=10", "--vocab_size_factor=3", "--n_epochs=60", "--batch_size=64", "--learning_rate=0.0005", "--hidden_size=128", "--temp_update=0.99", "--temperature=1.5"]
Creating train_ds and val_ds...

Creating test_ds...
{"loss": 0.6992519497871399, "acc": 0.4995954930782318, "length": 3.5110561847686768, "mode": "train", "epoch": 1}
{"loss": 0.6893925070762634, "acc": 0.5298912525177002, "length": 1.0, "mode": "test", "epoch": 1}
{"loss": 0.6900337338447571, "acc": 0.5305174589157104, "length": 3.4414050579071045, "mode": "train", "epoch": 2}
{"loss": 0.6881319880485535, "acc": 0.5521711111068726, "length": 1.0253623723983765, "mode": "test", "epoch": 2}
{"loss": 0.6877641677856445, "acc": 0.5406187176704407, "length": 3.3731112480163574, "mode": "train", "epoch": 3}
{"loss": 0.6720802187919617, "acc": 0.6038689017295837, "length": 2.2971014976501465, "mode": "test", "epoch": 3}
{"loss": 0.6776942014694214, "acc": 0.5780951976776123, "length": 3.425260066986084, "mode": "train", "epoch": 4}
{"loss": 0.6477884650230408, "acc": 0.6578459143638611, "length": 3.8586957454681396, "mode": "test", "epoch": 4}
{"loss": 0.6442015767097473, "acc": 0.6842537522315979, "length": 3.6999576091766357, "mode": "train", "epoch": 5}
{"loss": 0.604396402835846, "acc": 0.7266303300857544, "length": 4.0, "mode": "test", "epoch": 5}
{"loss": 0.581856906414032, "acc": 0.722808837890625, "length": 3.8461124897003174, "mode": "train", "epoch": 6}
{"loss": 0.5522268414497375, "acc": 0.7376811504364014, "length": 4.0, "mode": "test", "epoch": 6}
{"loss": 0.5285497903823853, "acc": 0.7443054914474487, "length": 3.9067165851593018, "mode": "train", "epoch": 7}
{"loss": 0.4978773295879364, "acc": 0.7621377110481262, "length": 4.0, "mode": "test", "epoch": 7}
{"loss": 0.4703204333782196, "acc": 0.789953351020813, "length": 3.939897298812866, "mode": "train", "epoch": 8}
{"loss": 0.4428558945655823, "acc": 0.8012680411338806, "length": 4.0, "mode": "test", "epoch": 8}
{"loss": 0.43220096826553345, "acc": 0.8108029961585999, "length": 3.9607796669006348, "mode": "train", "epoch": 9}
{"loss": 0.4353514313697815, "acc": 0.8123189210891724, "length": 4.0, "mode": "test", "epoch": 9}
{"loss": 0.41566577553749084, "acc": 0.8147523999214172, "length": 3.975613832473755, "mode": "train", "epoch": 10}
{"loss": 0.42712029814720154, "acc": 0.815942108631134, "length": 4.0, "mode": "test", "epoch": 10}
{"loss": 0.3945288062095642, "acc": 0.8218673467636108, "length": 3.979417324066162, "mode": "train", "epoch": 11}
{"loss": 0.407705694437027, "acc": 0.8322464227676392, "length": 4.0, "mode": "test", "epoch": 11}
{"loss": 0.37110212445259094, "acc": 0.8335321545600891, "length": 3.983407974243164, "mode": "train", "epoch": 12}
{"loss": 0.3843061327934265, "acc": 0.8326087594032288, "length": 4.0, "mode": "test", "epoch": 12}
{"loss": 0.34523481130599976, "acc": 0.8497222661972046, "length": 3.9845714569091797, "mode": "train", "epoch": 13}
{"loss": 0.377966970205307, "acc": 0.8369563817977905, "length": 4.0, "mode": "test", "epoch": 13}
{"loss": 0.33209937810897827, "acc": 0.8584103584289551, "length": 3.9902729988098145, "mode": "train", "epoch": 14}
{"loss": 0.3644738793373108, "acc": 0.8351450562477112, "length": 4.0, "mode": "test", "epoch": 14}
{"loss": 0.3160732090473175, "acc": 0.8645318746566772, "length": 3.9916763305664062, "mode": "train", "epoch": 15}
{"loss": 0.36806368827819824, "acc": 0.8333333134651184, "length": 4.0, "mode": "test", "epoch": 15}
{"loss": 0.30663323402404785, "acc": 0.8721175789833069, "length": 3.991919755935669, "mode": "train", "epoch": 16}
{"loss": 0.35065218806266785, "acc": 0.8500000238418579, "length": 4.0, "mode": "test", "epoch": 16}
{"loss": 0.3040929436683655, "acc": 0.8724731206893921, "length": 3.9924802780151367, "mode": "train", "epoch": 17}
{"loss": 0.35438811779022217, "acc": 0.8463768362998962, "length": 4.0, "mode": "test", "epoch": 17}
{"loss": 0.2956514358520508, "acc": 0.8731086254119873, "length": 3.994297981262207, "mode": "train", "epoch": 18}
{"loss": 0.3491005599498749, "acc": 0.8536232113838196, "length": 4.0, "mode": "test", "epoch": 18}
{"loss": 0.29254090785980225, "acc": 0.8764879703521729, "length": 3.9937987327575684, "mode": "train", "epoch": 19}
{"loss": 0.3402993381023407, "acc": 0.8637681007385254, "length": 4.0, "mode": "test", "epoch": 19}
{"loss": 0.282916396856308, "acc": 0.883597195148468, "length": 3.9950785636901855, "mode": "train", "epoch": 20}
{"loss": 0.3454383313655853, "acc": 0.8632246851921082, "length": 4.0, "mode": "test", "epoch": 20}
{"loss": 0.2799017131328583, "acc": 0.8808223605155945, "length": 3.9956541061401367, "mode": "train", "epoch": 21}
{"loss": 0.35539737343788147, "acc": 0.8612319827079773, "length": 4.0, "mode": "test", "epoch": 21}
{"loss": 0.27524521946907043, "acc": 0.8829473257064819, "length": 3.9967153072357178, "mode": "train", "epoch": 22}
{"loss": 0.3432135283946991, "acc": 0.8610507845878601, "length": 4.0, "mode": "test", "epoch": 22}
{"loss": 0.27340438961982727, "acc": 0.8833089470863342, "length": 3.9959640502929688, "mode": "train", "epoch": 23}
{"loss": 0.3474902808666229, "acc": 0.8603261113166809, "length": 4.0, "mode": "test", "epoch": 23}
{"loss": 0.27653297781944275, "acc": 0.8848495483398438, "length": 3.996946096420288, "mode": "train", "epoch": 24}
{"loss": 0.33932608366012573, "acc": 0.8637681603431702, "length": 4.0, "mode": "test", "epoch": 24}
{"loss": 0.2674280107021332, "acc": 0.8854938745498657, "length": 3.996305227279663, "mode": "train", "epoch": 25}
{"loss": 0.34034547209739685, "acc": 0.8715579509735107, "length": 4.0, "mode": "test", "epoch": 25}
{"loss": 0.2645246088504791, "acc": 0.8872120976448059, "length": 3.9968481063842773, "mode": "train", "epoch": 26}
{"loss": 0.3105652332305908, "acc": 0.8634058237075806, "length": 4.0, "mode": "test", "epoch": 26}
{"loss": 0.2585299611091614, "acc": 0.8889020681381226, "length": 3.996687173843384, "mode": "train", "epoch": 27}
{"loss": 0.3029916286468506, "acc": 0.8722826242446899, "length": 4.0, "mode": "test", "epoch": 27}
{"loss": 0.25365322828292847, "acc": 0.8902091383934021, "length": 3.998490333557129, "mode": "train", "epoch": 28}
{"loss": 0.29636049270629883, "acc": 0.8811593651771545, "length": 4.0, "mode": "test", "epoch": 28}
{"loss": 0.2458612471818924, "acc": 0.8979156613349915, "length": 3.9985146522521973, "mode": "train", "epoch": 29}
{"loss": 0.29450106620788574, "acc": 0.8778986930847168, "length": 4.0, "mode": "test", "epoch": 29}
{"loss": 0.24203334748744965, "acc": 0.895844042301178, "length": 3.9978904724121094, "mode": "train", "epoch": 30}
{"loss": 0.3027895390987396, "acc": 0.8795290589332581, "length": 4.0, "mode": "test", "epoch": 30}
{"loss": 0.23647242784500122, "acc": 0.9004322290420532, "length": 3.9979286193847656, "mode": "train", "epoch": 31}
{"loss": 0.28812259435653687, "acc": 0.8849637508392334, "length": 4.0, "mode": "test", "epoch": 31}
{"loss": 0.23250368237495422, "acc": 0.9022881984710693, "length": 3.9987704753875732, "mode": "train", "epoch": 32}
{"loss": 0.27432915568351746, "acc": 0.8867754936218262, "length": 4.0, "mode": "test", "epoch": 32}
{"loss": 0.2364380806684494, "acc": 0.9022235870361328, "length": 3.9986228942871094, "mode": "train", "epoch": 33}
{"loss": 0.27888306975364685, "acc": 0.8929347991943359, "length": 4.0, "mode": "test", "epoch": 33}
{"loss": 0.23577484488487244, "acc": 0.9015440940856934, "length": 3.9982728958129883, "mode": "train", "epoch": 34}
{"loss": 0.26947686076164246, "acc": 0.8922101259231567, "length": 4.0, "mode": "test", "epoch": 34}
{"loss": 0.22996342182159424, "acc": 0.9047670364379883, "length": 3.99821400642395, "mode": "train", "epoch": 35}
{"loss": 0.26847830414772034, "acc": 0.8943842053413391, "length": 4.0, "mode": "test", "epoch": 35}
{"loss": 0.22471147775650024, "acc": 0.9101621508598328, "length": 3.9985580444335938, "mode": "train", "epoch": 36}
{"loss": 0.2686963975429535, "acc": 0.8965579867362976, "length": 4.0, "mode": "test", "epoch": 36}
{"loss": 0.21596768498420715, "acc": 0.9073874950408936, "length": 3.9985525608062744, "mode": "train", "epoch": 37}
{"loss": 0.26775023341178894, "acc": 0.8905796408653259, "length": 4.0, "mode": "test", "epoch": 37}
{"loss": 0.21946538984775543, "acc": 0.9150834083557129, "length": 3.998715400695801, "mode": "train", "epoch": 38}
{"loss": 0.27247461676597595, "acc": 0.8956522345542908, "length": 4.0, "mode": "test", "epoch": 38}
{"loss": 0.21001550555229187, "acc": 0.9173893332481384, "length": 3.998667001724243, "mode": "train", "epoch": 39}
{"loss": 0.2638448178768158, "acc": 0.8931159377098083, "length": 4.0, "mode": "test", "epoch": 39}
{"loss": 0.20674021542072296, "acc": 0.9219065308570862, "length": 3.9981272220611572, "mode": "train", "epoch": 40}
{"loss": 0.2706998586654663, "acc": 0.895108699798584, "length": 4.0, "mode": "test", "epoch": 40}
{"loss": 0.20027656853199005, "acc": 0.9218849539756775, "length": 3.9991307258605957, "mode": "train", "epoch": 41}
{"loss": 0.25648459792137146, "acc": 0.9010869264602661, "length": 4.0, "mode": "test", "epoch": 41}
{"loss": 0.1983751356601715, "acc": 0.919525146484375, "length": 3.9992008209228516, "mode": "train", "epoch": 42}
{"loss": 0.25328728556632996, "acc": 0.9043479561805725, "length": 4.0, "mode": "test", "epoch": 42}
{"loss": 0.18818897008895874, "acc": 0.9256502389907837, "length": 3.999049186706543, "mode": "train", "epoch": 43}
{"loss": 0.2588370144367218, "acc": 0.8972825407981873, "length": 4.0, "mode": "test", "epoch": 43}
{"loss": 0.19019174575805664, "acc": 0.9297100305557251, "length": 3.99910569190979, "mode": "train", "epoch": 44}
{"loss": 0.26370665431022644, "acc": 0.9014493227005005, "length": 4.0, "mode": "test", "epoch": 44}
{"loss": 0.1841641664505005, "acc": 0.9294014573097229, "length": 3.998922109603882, "mode": "train", "epoch": 45}
{"loss": 0.2461218386888504, "acc": 0.9086955785751343, "length": 4.0, "mode": "test", "epoch": 45}
{"loss": 0.18230803310871124, "acc": 0.9318265914916992, "length": 3.9988656044006348, "mode": "train", "epoch": 46}
{"loss": 0.23216286301612854, "acc": 0.9135869741439819, "length": 4.0, "mode": "test", "epoch": 46}
{"loss": 0.1750306487083435, "acc": 0.9349005222320557, "length": 3.998558282852173, "mode": "train", "epoch": 47}
{"loss": 0.2283693552017212, "acc": 0.9166667461395264, "length": 4.0, "mode": "test", "epoch": 47}
{"loss": 0.175650954246521, "acc": 0.9330745935440063, "length": 3.9974756240844727, "mode": "train", "epoch": 48}
{"loss": 0.23256419599056244, "acc": 0.9112318754196167, "length": 4.0, "mode": "test", "epoch": 48}
{"loss": 0.17283110320568085, "acc": 0.9317156672477722, "length": 3.999224901199341, "mode": "train", "epoch": 49}
{"loss": 0.22195212543010712, "acc": 0.9181158542633057, "length": 4.0, "mode": "test", "epoch": 49}
{"loss": 0.16394177079200745, "acc": 0.9378084540367126, "length": 3.998552083969116, "mode": "train", "epoch": 50}
{"loss": 0.22789673507213593, "acc": 0.905434787273407, "length": 4.0, "mode": "test", "epoch": 50}
{"loss": 0.1651242971420288, "acc": 0.9353963732719421, "length": 3.9988021850585938, "mode": "train", "epoch": 51}
{"loss": 0.2284795343875885, "acc": 0.9153985977172852, "length": 4.0, "mode": "test", "epoch": 51}
{"loss": 0.1572645902633667, "acc": 0.9377208948135376, "length": 3.9992928504943848, "mode": "train", "epoch": 52}
{"loss": 0.23474852740764618, "acc": 0.911594033241272, "length": 4.0, "mode": "test", "epoch": 52}
{"loss": 0.1563671976327896, "acc": 0.9368126392364502, "length": 3.9992589950561523, "mode": "train", "epoch": 53}
{"loss": 0.23227249085903168, "acc": 0.9172101020812988, "length": 4.0, "mode": "test", "epoch": 53}
{"loss": 0.1490321308374405, "acc": 0.9428744912147522, "length": 3.9991331100463867, "mode": "train", "epoch": 54}
{"loss": 0.2187701314687729, "acc": 0.9221014976501465, "length": 4.0, "mode": "test", "epoch": 54}
{"loss": 0.15284192562103271, "acc": 0.9382046461105347, "length": 3.9985592365264893, "mode": "train", "epoch": 55}
{"loss": 0.21915028989315033, "acc": 0.9213768839836121, "length": 4.0, "mode": "test", "epoch": 55}
{"loss": 0.15314339101314545, "acc": 0.9430429935455322, "length": 3.998936653137207, "mode": "train", "epoch": 56}
{"loss": 0.2068680375814438, "acc": 0.9219202399253845, "length": 4.0, "mode": "test", "epoch": 56}
{"loss": 0.1472713053226471, "acc": 0.9434542655944824, "length": 3.998278856277466, "mode": "train", "epoch": 57}
{"loss": 0.22747604548931122, "acc": 0.9222826957702637, "length": 4.0, "mode": "test", "epoch": 57}
{"loss": 0.1427762806415558, "acc": 0.9406284093856812, "length": 3.998204231262207, "mode": "train", "epoch": 58}
{"loss": 0.19651451706886292, "acc": 0.9324275851249695, "length": 4.0, "mode": "test", "epoch": 58}
{"loss": 0.14630818367004395, "acc": 0.9434037208557129, "length": 3.99885630607605, "mode": "train", "epoch": 59}
{"loss": 0.1823570281267166, "acc": 0.9302535057067871, "length": 4.0, "mode": "test", "epoch": 59}
{"loss": 0.13486787676811218, "acc": 0.9487075805664062, "length": 3.9993624687194824, "mode": "train", "epoch": 60}
{"loss": 0.20295658707618713, "acc": 0.9335145950317383, "length": 4.0, "mode": "test", "epoch": 60}
test accuracy: 0.8351470232009888
