# ["--attributes=3", "--values=16", "--game_size=10", "--vocab_size_factor=3", "--n_epochs=60", "--batch_size=64", "--learning_rate=0.0005", "--hidden_size=256", "--temp_update=0.97", "--temperature=1.5"]
Creating train_ds and val_ds...

Creating test_ds...
{"loss": 0.701571524143219, "acc": 0.5084114670753479, "length": 3.5006704330444336, "mode": "train", "epoch": 1}
{"loss": 0.6941688656806946, "acc": 0.4983985424041748, "length": 1.0, "mode": "test", "epoch": 1}
{"loss": 0.6914255619049072, "acc": 0.5360580086708069, "length": 2.8012149333953857, "mode": "train", "epoch": 2}
{"loss": 0.6878030896186829, "acc": 0.5285587310791016, "length": 1.1494661569595337, "mode": "test", "epoch": 2}
{"loss": 0.6501958966255188, "acc": 0.6548576354980469, "length": 2.7383975982666016, "mode": "train", "epoch": 3}
{"loss": 0.5701596140861511, "acc": 0.770196795463562, "length": 3.4412810802459717, "mode": "test", "epoch": 3}
{"loss": 0.5285996198654175, "acc": 0.7881409525871277, "length": 3.335753917694092, "mode": "train", "epoch": 4}
{"loss": 0.4752424359321594, "acc": 0.7777064442634583, "length": 3.829181432723999, "mode": "test", "epoch": 4}
{"loss": 0.418817400932312, "acc": 0.819884717464447, "length": 3.5786855220794678, "mode": "train", "epoch": 5}
{"loss": 0.44582247734069824, "acc": 0.8168783187866211, "length": 3.683274030685425, "mode": "test", "epoch": 5}
{"loss": 0.3662913739681244, "acc": 0.849536120891571, "length": 3.529341697692871, "mode": "train", "epoch": 6}
{"loss": 0.4364389479160309, "acc": 0.8230380415916443, "length": 3.676156520843506, "mode": "test", "epoch": 6}
{"loss": 0.3335648775100708, "acc": 0.8643946647644043, "length": 3.542125940322876, "mode": "train", "epoch": 7}
{"loss": 0.4208548963069916, "acc": 0.8437348008155823, "length": 3.761565923690796, "mode": "test", "epoch": 7}
{"loss": 0.3078729212284088, "acc": 0.8704692125320435, "length": 3.671123743057251, "mode": "train", "epoch": 8}
{"loss": 0.40807539224624634, "acc": 0.8418517112731934, "length": 3.7758007049560547, "mode": "test", "epoch": 8}
{"loss": 0.27669739723205566, "acc": 0.8828201293945312, "length": 3.65342378616333, "mode": "train", "epoch": 9}
{"loss": 0.37564289569854736, "acc": 0.8507319688796997, "length": 3.7686831951141357, "mode": "test", "epoch": 9}
{"loss": 0.26374971866607666, "acc": 0.8980368971824646, "length": 3.6822004318237305, "mode": "train", "epoch": 10}
{"loss": 0.3638143837451935, "acc": 0.8539837598800659, "length": 3.822064161300659, "mode": "test", "epoch": 10}
{"loss": 0.24238702654838562, "acc": 0.9050689935684204, "length": 3.7224864959716797, "mode": "train", "epoch": 11}
{"loss": 0.3339909017086029, "acc": 0.8744094967842102, "length": 3.7793593406677246, "mode": "test", "epoch": 11}
{"loss": 0.23850414156913757, "acc": 0.9065735936164856, "length": 3.7562742233276367, "mode": "train", "epoch": 12}
{"loss": 0.30336952209472656, "acc": 0.877037763595581, "length": 3.8007116317749023, "mode": "test", "epoch": 12}
{"loss": 0.22227318584918976, "acc": 0.9074981212615967, "length": 3.7042815685272217, "mode": "train", "epoch": 13}
{"loss": 0.29133784770965576, "acc": 0.8824880719184875, "length": 3.822064161300659, "mode": "test", "epoch": 13}
{"loss": 0.23046894371509552, "acc": 0.9149252772331238, "length": 3.7614288330078125, "mode": "train", "epoch": 14}
{"loss": 0.2951415479183197, "acc": 0.8840612769126892, "length": 3.8149466514587402, "mode": "test", "epoch": 14}
{"loss": 0.22033528983592987, "acc": 0.9128926992416382, "length": 3.75186824798584, "mode": "train", "epoch": 15}
{"loss": 0.29589542746543884, "acc": 0.8863961696624756, "length": 3.8576512336730957, "mode": "test", "epoch": 15}
{"loss": 0.207948699593544, "acc": 0.9210107326507568, "length": 3.8130290508270264, "mode": "train", "epoch": 16}
{"loss": 0.2629140615463257, "acc": 0.9038468599319458, "length": 3.8505337238311768, "mode": "test", "epoch": 16}
{"loss": 0.20115062594413757, "acc": 0.9253147840499878, "length": 3.7919468879699707, "mode": "train", "epoch": 17}
{"loss": 0.26719680428504944, "acc": 0.9029026031494141, "length": 3.843416452407837, "mode": "test", "epoch": 17}
{"loss": 0.18813420832157135, "acc": 0.9279912710189819, "length": 3.8336169719696045, "mode": "train", "epoch": 18}
{"loss": 0.23180651664733887, "acc": 0.9117522835731506, "length": 3.8754448890686035, "mode": "test", "epoch": 18}
{"loss": 0.18639153242111206, "acc": 0.9275909662246704, "length": 3.834369659423828, "mode": "train", "epoch": 19}
{"loss": 0.23126791417598724, "acc": 0.9169468879699707, "length": 3.8754448890686035, "mode": "test", "epoch": 19}
{"loss": 0.18544933199882507, "acc": 0.9321122765541077, "length": 3.8447649478912354, "mode": "train", "epoch": 20}
{"loss": 0.2343856543302536, "acc": 0.9103856682777405, "length": 3.8612098693847656, "mode": "test", "epoch": 20}
{"loss": 0.17281702160835266, "acc": 0.9353640675544739, "length": 3.832892656326294, "mode": "train", "epoch": 21}
{"loss": 0.23830516636371613, "acc": 0.9151350855827332, "length": 3.846975088119507, "mode": "test", "epoch": 21}
{"loss": 0.1906459927558899, "acc": 0.928259015083313, "length": 3.8129525184631348, "mode": "train", "epoch": 22}
{"loss": 0.2277940958738327, "acc": 0.9166028499603271, "length": 3.90747332572937, "mode": "test", "epoch": 22}
{"loss": 0.190303772687912, "acc": 0.9327926635742188, "length": 3.8567938804626465, "mode": "train", "epoch": 23}
{"loss": 0.24107317626476288, "acc": 0.9080227613449097, "length": 3.921708106994629, "mode": "test", "epoch": 23}
{"loss": 0.19316764175891876, "acc": 0.9253966808319092, "length": 3.9193496704101562, "mode": "train", "epoch": 24}
{"loss": 0.23029570281505585, "acc": 0.9193429946899414, "length": 3.935943126678467, "mode": "test", "epoch": 24}
{"loss": 0.16501837968826294, "acc": 0.9387260675430298, "length": 3.9036130905151367, "mode": "train", "epoch": 25}
{"loss": 0.20536325871944427, "acc": 0.9174741506576538, "length": 3.9501779079437256, "mode": "test", "epoch": 25}
{"loss": 0.15020617842674255, "acc": 0.9418248534202576, "length": 3.9214484691619873, "mode": "train", "epoch": 26}
{"loss": 0.195245161652565, "acc": 0.9216811656951904, "length": 3.9608540534973145, "mode": "test", "epoch": 26}
{"loss": 0.15892140567302704, "acc": 0.9409446716308594, "length": 3.9328484535217285, "mode": "train", "epoch": 27}
{"loss": 0.18898668885231018, "acc": 0.9321672320365906, "length": 3.9608540534973145, "mode": "test", "epoch": 27}
{"loss": 0.1536751687526703, "acc": 0.9441466331481934, "length": 3.946012020111084, "mode": "train", "epoch": 28}
{"loss": 0.22186501324176788, "acc": 0.9188639521598816, "length": 3.982206344604492, "mode": "test", "epoch": 28}
{"loss": 0.1533714234828949, "acc": 0.939917266368866, "length": 3.950456380844116, "mode": "train", "epoch": 29}
{"loss": 0.2080651819705963, "acc": 0.9243800640106201, "length": 3.989323854446411, "mode": "test", "epoch": 29}
{"loss": 0.15016919374465942, "acc": 0.9474259614944458, "length": 3.9617245197296143, "mode": "train", "epoch": 30}
{"loss": 0.18466871976852417, "acc": 0.9271852970123291, "length": 3.992882490158081, "mode": "test", "epoch": 30}
{"loss": 0.14264100790023804, "acc": 0.9494588375091553, "length": 3.954108476638794, "mode": "train", "epoch": 31}
{"loss": 0.19662536680698395, "acc": 0.9256229996681213, "length": 4.0, "mode": "test", "epoch": 31}
{"loss": 0.14986580610275269, "acc": 0.944106936454773, "length": 3.9628894329071045, "mode": "train", "epoch": 32}
{"loss": 0.1955472081899643, "acc": 0.9204626083374023, "length": 4.0, "mode": "test", "epoch": 32}
{"loss": 0.14235137403011322, "acc": 0.9428648948669434, "length": 3.9701497554779053, "mode": "train", "epoch": 33}
{"loss": 0.19850072264671326, "acc": 0.9240214228630066, "length": 4.0, "mode": "test", "epoch": 33}
{"loss": 0.1358635574579239, "acc": 0.9462597370147705, "length": 3.9876151084899902, "mode": "train", "epoch": 34}
{"loss": 0.16977109014987946, "acc": 0.9311387538909912, "length": 4.0, "mode": "test", "epoch": 34}
{"loss": 0.13966046273708344, "acc": 0.9485419988632202, "length": 3.9866366386413574, "mode": "train", "epoch": 35}
{"loss": 0.1681309938430786, "acc": 0.9348753690719604, "length": 4.0, "mode": "test", "epoch": 35}
{"loss": 0.14614854753017426, "acc": 0.94298255443573, "length": 3.984990119934082, "mode": "train", "epoch": 36}
{"loss": 0.18105463683605194, "acc": 0.9291815161705017, "length": 4.0, "mode": "test", "epoch": 36}
{"loss": 0.13744008541107178, "acc": 0.9500009417533875, "length": 3.9850337505340576, "mode": "train", "epoch": 37}
{"loss": 0.17747017741203308, "acc": 0.9311388731002808, "length": 4.0, "mode": "test", "epoch": 37}
{"loss": 0.13072234392166138, "acc": 0.9537903666496277, "length": 3.988471508026123, "mode": "train", "epoch": 38}
{"loss": 0.18954171240329742, "acc": 0.9293594360351562, "length": 4.0, "mode": "test", "epoch": 38}
{"loss": 0.12837111949920654, "acc": 0.9560691714286804, "length": 3.9901692867279053, "mode": "train", "epoch": 39}
{"loss": 0.1616203635931015, "acc": 0.9341638088226318, "length": 4.0, "mode": "test", "epoch": 39}
{"loss": 0.12302525341510773, "acc": 0.9563872814178467, "length": 3.9923410415649414, "mode": "train", "epoch": 40}
{"loss": 0.16661183536052704, "acc": 0.9405694603919983, "length": 4.0, "mode": "test", "epoch": 40}
{"loss": 0.11814814805984497, "acc": 0.9568589925765991, "length": 3.995978593826294, "mode": "train", "epoch": 41}
{"loss": 0.1620331108570099, "acc": 0.9387899041175842, "length": 4.0, "mode": "test", "epoch": 41}
{"loss": 0.11085977405309677, "acc": 0.959805965423584, "length": 3.998434543609619, "mode": "train", "epoch": 42}
{"loss": 0.1637788712978363, "acc": 0.9346973896026611, "length": 4.0, "mode": "test", "epoch": 42}
{"loss": 0.12177135050296783, "acc": 0.9580717086791992, "length": 3.9924707412719727, "mode": "train", "epoch": 43}
{"loss": 0.16090424358844757, "acc": 0.9373665452003479, "length": 4.0, "mode": "test", "epoch": 43}
{"loss": 0.12264955788850784, "acc": 0.9605903625488281, "length": 3.998230457305908, "mode": "train", "epoch": 44}
{"loss": 0.17888513207435608, "acc": 0.9346975088119507, "length": 4.0, "mode": "test", "epoch": 44}
{"loss": 0.11670837551355362, "acc": 0.9571099877357483, "length": 3.9945414066314697, "mode": "train", "epoch": 45}
{"loss": 0.1620914340019226, "acc": 0.9409252405166626, "length": 4.0, "mode": "test", "epoch": 45}
{"loss": 0.12153495103120804, "acc": 0.9558799266815186, "length": 3.9969515800476074, "mode": "train", "epoch": 46}
{"loss": 0.16554947197437286, "acc": 0.9393237829208374, "length": 4.0, "mode": "test", "epoch": 46}
{"loss": 0.11485167592763901, "acc": 0.956248939037323, "length": 3.9939258098602295, "mode": "train", "epoch": 47}
{"loss": 0.16271106898784637, "acc": 0.9366547465324402, "length": 4.0, "mode": "test", "epoch": 47}
{"loss": 0.1157282367348671, "acc": 0.9570176005363464, "length": 3.995961904525757, "mode": "train", "epoch": 48}
{"loss": 0.166690394282341, "acc": 0.9327402114868164, "length": 4.0, "mode": "test", "epoch": 48}
{"loss": 0.10827703773975372, "acc": 0.9589672088623047, "length": 3.9974403381347656, "mode": "train", "epoch": 49}
{"loss": 0.1816057413816452, "acc": 0.9320284724235535, "length": 4.0, "mode": "test", "epoch": 49}
{"loss": 0.1098993569612503, "acc": 0.9614808559417725, "length": 3.9975876808166504, "mode": "train", "epoch": 50}
{"loss": 0.16634459793567657, "acc": 0.941281259059906, "length": 4.0, "mode": "test", "epoch": 50}
{"loss": 0.10317130386829376, "acc": 0.962972104549408, "length": 3.9902307987213135, "mode": "train", "epoch": 51}
{"loss": 0.17419245839118958, "acc": 0.9323843121528625, "length": 4.0, "mode": "test", "epoch": 51}
{"loss": 0.1057109460234642, "acc": 0.9594298005104065, "length": 3.9911062717437744, "mode": "train", "epoch": 52}
{"loss": 0.1551923006772995, "acc": 0.9402135610580444, "length": 4.0, "mode": "test", "epoch": 52}
{"loss": 0.10109398514032364, "acc": 0.9601308703422546, "length": 3.994532346725464, "mode": "train", "epoch": 53}
{"loss": 0.15621089935302734, "acc": 0.9446619749069214, "length": 4.0, "mode": "test", "epoch": 53}
{"loss": 0.10080539435148239, "acc": 0.9633564949035645, "length": 3.994536876678467, "mode": "train", "epoch": 54}
{"loss": 0.1577582210302353, "acc": 0.9439501762390137, "length": 4.0, "mode": "test", "epoch": 54}
{"loss": 0.10291972011327744, "acc": 0.9648215174674988, "length": 3.9947962760925293, "mode": "train", "epoch": 55}
{"loss": 0.17358306050300598, "acc": 0.9412810206413269, "length": 4.0, "mode": "test", "epoch": 55}
{"loss": 0.10255023092031479, "acc": 0.95946204662323, "length": 3.9977526664733887, "mode": "train", "epoch": 56}
{"loss": 0.18844735622406006, "acc": 0.9416370391845703, "length": 4.0, "mode": "test", "epoch": 56}
{"loss": 0.09961331635713577, "acc": 0.965345025062561, "length": 3.9975574016571045, "mode": "train", "epoch": 57}
{"loss": 0.1537773311138153, "acc": 0.9443060755729675, "length": 4.0, "mode": "test", "epoch": 57}
{"loss": 0.10411848872900009, "acc": 0.9654004573822021, "length": 3.9971542358398438, "mode": "train", "epoch": 58}
{"loss": 0.16340923309326172, "acc": 0.9444838762283325, "length": 4.0, "mode": "test", "epoch": 58}
{"loss": 0.09825782477855682, "acc": 0.9629635810852051, "length": 3.9983739852905273, "mode": "train", "epoch": 59}
{"loss": 0.2071644365787506, "acc": 0.9396798014640808, "length": 4.0, "mode": "test", "epoch": 59}
{"loss": 0.09616906195878983, "acc": 0.9640311598777771, "length": 3.9969322681427, "mode": "train", "epoch": 60}
{"loss": 0.17169690132141113, "acc": 0.9391458630561829, "length": 4.0, "mode": "test", "epoch": 60}
test accuracy: 0.8864062428474426
