# ["--attributes=3", "--values=16", "--game_size=10", "--vocab_size_factor=3", "--n_epochs=60", "--batch_size=64", "--learning_rate=0.001", "--hidden_size=256", "--temp_update=0.97", "--temperature=1.5"]
Creating train_ds and val_ds...

Creating test_ds...
{"loss": 0.7055990695953369, "acc": 0.4936804473400116, "length": 2.6258492469787598, "mode": "train", "epoch": 1}
{"loss": 0.6891677975654602, "acc": 0.534641683101654, "length": 1.0, "mode": "test", "epoch": 1}
{"loss": 0.6708048582077026, "acc": 0.5902000665664673, "length": 1.9208630323410034, "mode": "train", "epoch": 2}
{"loss": 0.6210036277770996, "acc": 0.7018669247627258, "length": 2.1979522705078125, "mode": "test", "epoch": 2}
{"loss": 0.5514488220214844, "acc": 0.7335449457168579, "length": 2.6373355388641357, "mode": "train", "epoch": 3}
{"loss": 0.5025331377983093, "acc": 0.7719448804855347, "length": 3.047781467437744, "mode": "test", "epoch": 3}
{"loss": 0.468688428401947, "acc": 0.7884432673454285, "length": 3.0908284187316895, "mode": "train", "epoch": 4}
{"loss": 0.49319466948509216, "acc": 0.796046793460846, "length": 3.0068259239196777, "mode": "test", "epoch": 4}
{"loss": 0.4404817819595337, "acc": 0.8075191974639893, "length": 3.0623726844787598, "mode": "train", "epoch": 5}
{"loss": 0.464175283908844, "acc": 0.8028928637504578, "length": 3.3549487590789795, "mode": "test", "epoch": 5}
{"loss": 0.4174741506576538, "acc": 0.823233962059021, "length": 3.1149120330810547, "mode": "train", "epoch": 6}
{"loss": 0.448659747838974, "acc": 0.796624481678009, "length": 3.3754265308380127, "mode": "test", "epoch": 6}
{"loss": 0.38905516266822815, "acc": 0.8385704159736633, "length": 3.223015308380127, "mode": "train", "epoch": 7}
{"loss": 0.4061138331890106, "acc": 0.8322197794914246, "length": 3.600682497024536, "mode": "test", "epoch": 7}
{"loss": 0.3639792203903198, "acc": 0.8485194444656372, "length": 3.4094583988189697, "mode": "train", "epoch": 8}
{"loss": 0.40273913741111755, "acc": 0.8375822901725769, "length": 3.6382253170013428, "mode": "test", "epoch": 8}
{"loss": 0.3530358672142029, "acc": 0.8591555953025818, "length": 3.383894205093384, "mode": "train", "epoch": 9}
{"loss": 0.39294570684432983, "acc": 0.8353728652000427, "length": 3.447098970413208, "mode": "test", "epoch": 9}
{"loss": 0.33509907126426697, "acc": 0.8645942211151123, "length": 3.4474871158599854, "mode": "train", "epoch": 10}
{"loss": 0.37471339106559753, "acc": 0.8530914783477783, "length": 3.4573378562927246, "mode": "test", "epoch": 10}
{"loss": 0.312974214553833, "acc": 0.8727900385856628, "length": 3.401082992553711, "mode": "train", "epoch": 11}
{"loss": 0.3559529483318329, "acc": 0.8587005138397217, "length": 3.4880545139312744, "mode": "test", "epoch": 11}
{"loss": 0.3018879294395447, "acc": 0.8792873620986938, "length": 3.384195566177368, "mode": "train", "epoch": 12}
{"loss": 0.33496519923210144, "acc": 0.8723825812339783, "length": 3.5938565731048584, "mode": "test", "epoch": 12}
{"loss": 0.2901405096054077, "acc": 0.8841915130615234, "length": 3.483044385910034, "mode": "train", "epoch": 13}
{"loss": 0.30687642097473145, "acc": 0.8710643649101257, "length": 3.426621198654175, "mode": "test", "epoch": 13}
{"loss": 0.2806088626384735, "acc": 0.886172354221344, "length": 3.5235674381256104, "mode": "train", "epoch": 14}
{"loss": 0.2971908748149872, "acc": 0.885139524936676, "length": 3.4402730464935303, "mode": "test", "epoch": 14}
{"loss": 0.27328652143478394, "acc": 0.8923900723457336, "length": 3.4903717041015625, "mode": "train", "epoch": 15}
{"loss": 0.27980396151542664, "acc": 0.8929341435432434, "length": 3.4573378562927246, "mode": "test", "epoch": 15}
{"loss": 0.2625424563884735, "acc": 0.8935660719871521, "length": 3.5167434215545654, "mode": "train", "epoch": 16}
{"loss": 0.28539586067199707, "acc": 0.8894723057746887, "length": 3.477815628051758, "mode": "test", "epoch": 16}
{"loss": 0.2565065324306488, "acc": 0.8999101519584656, "length": 3.551600217819214, "mode": "train", "epoch": 17}
{"loss": 0.28100886940956116, "acc": 0.8912622332572937, "length": 3.5870306491851807, "mode": "test", "epoch": 17}
{"loss": 0.24455684423446655, "acc": 0.9044378995895386, "length": 3.5576834678649902, "mode": "train", "epoch": 18}
{"loss": 0.2626112401485443, "acc": 0.8978455066680908, "length": 3.580204725265503, "mode": "test", "epoch": 18}
{"loss": 0.2308952957391739, "acc": 0.9114913940429688, "length": 3.5867972373962402, "mode": "train", "epoch": 19}
{"loss": 0.24017193913459778, "acc": 0.9072360396385193, "length": 3.5358362197875977, "mode": "test", "epoch": 19}
{"loss": 0.21869131922721863, "acc": 0.9114934802055359, "length": 3.6485283374786377, "mode": "train", "epoch": 20}
{"loss": 0.2336333990097046, "acc": 0.8930084109306335, "length": 3.689419746398926, "mode": "test", "epoch": 20}
{"loss": 0.20886565744876862, "acc": 0.917080283164978, "length": 3.68227481842041, "mode": "train", "epoch": 21}
{"loss": 0.2305683195590973, "acc": 0.9103845357894897, "length": 3.7235496044158936, "mode": "test", "epoch": 21}
{"loss": 0.19377213716506958, "acc": 0.9214775562286377, "length": 3.6763229370117188, "mode": "train", "epoch": 22}
{"loss": 0.23321810364723206, "acc": 0.899441123008728, "length": 3.6518771648406982, "mode": "test", "epoch": 22}
{"loss": 0.1823757290840149, "acc": 0.9282870888710022, "length": 3.6718811988830566, "mode": "train", "epoch": 23}
{"loss": 0.24458856880664825, "acc": 0.8915514349937439, "length": 3.7952218055725098, "mode": "test", "epoch": 23}
{"loss": 0.17040154337882996, "acc": 0.9336332678794861, "length": 3.745786190032959, "mode": "train", "epoch": 24}
{"loss": 0.2219551056623459, "acc": 0.918298602104187, "length": 3.6962456703186035, "mode": "test", "epoch": 24}
{"loss": 0.17200258374214172, "acc": 0.9344127774238586, "length": 3.7257277965545654, "mode": "train", "epoch": 25}
{"loss": 0.22008152306079865, "acc": 0.9231866598129272, "length": 3.6996586322784424, "mode": "test", "epoch": 25}
{"loss": 0.17978796362876892, "acc": 0.929491400718689, "length": 3.7477428913116455, "mode": "train", "epoch": 26}
{"loss": 0.22365839779376984, "acc": 0.9111334085464478, "length": 3.8498294353485107, "mode": "test", "epoch": 26}
{"loss": 0.15813392400741577, "acc": 0.9380699396133423, "length": 3.800567626953125, "mode": "train", "epoch": 27}
{"loss": 0.18409214913845062, "acc": 0.923886775970459, "length": 3.7781569957733154, "mode": "test", "epoch": 27}
{"loss": 0.15605267882347107, "acc": 0.9388831257820129, "length": 3.8029236793518066, "mode": "train", "epoch": 28}
{"loss": 0.16535182297229767, "acc": 0.9325428009033203, "length": 3.7815699577331543, "mode": "test", "epoch": 28}
{"loss": 0.15654630959033966, "acc": 0.9408358335494995, "length": 3.8185884952545166, "mode": "train", "epoch": 29}
{"loss": 0.17299026250839233, "acc": 0.9346009492874146, "length": 3.7952218055725098, "mode": "test", "epoch": 29}
{"loss": 0.14776811003684998, "acc": 0.9430140852928162, "length": 3.816047430038452, "mode": "train", "epoch": 30}
{"loss": 0.18076591193675995, "acc": 0.9348320364952087, "length": 3.846416473388672, "mode": "test", "epoch": 30}
{"loss": 0.16823318600654602, "acc": 0.9386072158813477, "length": 3.86387038230896, "mode": "train", "epoch": 31}
{"loss": 0.1937873661518097, "acc": 0.9255645871162415, "length": 3.839590549468994, "mode": "test", "epoch": 31}
{"loss": 0.15523698925971985, "acc": 0.9389856457710266, "length": 3.876187324523926, "mode": "train", "epoch": 32}
{"loss": 0.18470798432826996, "acc": 0.9321662187576294, "length": 3.812286615371704, "mode": "test", "epoch": 32}
{"loss": 0.1301068514585495, "acc": 0.94740891456604, "length": 3.855746030807495, "mode": "train", "epoch": 33}
{"loss": 0.1859261691570282, "acc": 0.927678108215332, "length": 3.8361775875091553, "mode": "test", "epoch": 33}
{"loss": 0.12900236248970032, "acc": 0.9510918259620667, "length": 3.8854098320007324, "mode": "train", "epoch": 34}
{"loss": 0.15542708337306976, "acc": 0.943242073059082, "length": 3.8600683212280273, "mode": "test", "epoch": 34}
{"loss": 0.11707300692796707, "acc": 0.9576438069343567, "length": 3.8978395462036133, "mode": "train", "epoch": 35}
{"loss": 0.1376834362745285, "acc": 0.9468222260475159, "length": 3.9351534843444824, "mode": "test", "epoch": 35}
{"loss": 0.1259121298789978, "acc": 0.9517868161201477, "length": 3.9262890815734863, "mode": "train", "epoch": 36}
{"loss": 0.13601726293563843, "acc": 0.9472669959068298, "length": 3.9044368267059326, "mode": "test", "epoch": 36}
{"loss": 0.11263503134250641, "acc": 0.957747757434845, "length": 3.9433414936065674, "mode": "train", "epoch": 37}
{"loss": 0.15159045159816742, "acc": 0.94614177942276, "length": 3.921501636505127, "mode": "test", "epoch": 37}
{"loss": 0.12558519840240479, "acc": 0.9526079297065735, "length": 3.912233829498291, "mode": "train", "epoch": 38}
{"loss": 0.18202903866767883, "acc": 0.939475417137146, "length": 3.866894245147705, "mode": "test", "epoch": 38}
{"loss": 0.13541507720947266, "acc": 0.9485448598861694, "length": 3.89156436920166, "mode": "train", "epoch": 39}
{"loss": 0.16095875203609467, "acc": 0.9393232464790344, "length": 3.839590549468994, "mode": "test", "epoch": 39}
{"loss": 0.1295335739850998, "acc": 0.9492113590240479, "length": 3.9001412391662598, "mode": "train", "epoch": 40}
{"loss": 0.1485402137041092, "acc": 0.9430866837501526, "length": 3.897610902786255, "mode": "test", "epoch": 40}
{"loss": 0.1154508888721466, "acc": 0.9569778442382812, "length": 3.946070432662964, "mode": "train", "epoch": 41}
{"loss": 0.15899470448493958, "acc": 0.9401847124099731, "length": 3.9556314945220947, "mode": "test", "epoch": 41}
{"loss": 0.12380079925060272, "acc": 0.9541297554969788, "length": 3.9631431102752686, "mode": "train", "epoch": 42}
{"loss": 0.12678460776805878, "acc": 0.9512454867362976, "length": 3.9624574184417725, "mode": "test", "epoch": 42}
{"loss": 0.103450246155262, "acc": 0.9581559896469116, "length": 3.967761754989624, "mode": "train", "epoch": 43}
{"loss": 0.15376371145248413, "acc": 0.9406552910804749, "length": 3.9556314945220947, "mode": "test", "epoch": 43}
{"loss": 0.1327711045742035, "acc": 0.9558491110801697, "length": 3.9413230419158936, "mode": "train", "epoch": 44}
{"loss": 0.17403073608875275, "acc": 0.9291545152664185, "length": 3.948805570602417, "mode": "test", "epoch": 44}
{"loss": 0.1442377269268036, "acc": 0.9440979957580566, "length": 3.9520769119262695, "mode": "train", "epoch": 45}
{"loss": 0.1888108104467392, "acc": 0.9162178039550781, "length": 3.952218532562256, "mode": "test", "epoch": 45}
{"loss": 0.14633208513259888, "acc": 0.9438789486885071, "length": 3.9523508548736572, "mode": "train", "epoch": 46}
{"loss": 0.16596269607543945, "acc": 0.9356499910354614, "length": 3.952218532562256, "mode": "test", "epoch": 46}
{"loss": 0.11104746162891388, "acc": 0.957563579082489, "length": 3.95758318901062, "mode": "train", "epoch": 47}
{"loss": 0.13935323059558868, "acc": 0.9449838995933533, "length": 3.9351534843444824, "mode": "test", "epoch": 47}
{"loss": 0.09824753552675247, "acc": 0.9628961086273193, "length": 3.957240104675293, "mode": "train", "epoch": 48}
{"loss": 0.16868212819099426, "acc": 0.939441442489624, "length": 3.952218532562256, "mode": "test", "epoch": 48}
{"loss": 0.11622409522533417, "acc": 0.9567635655403137, "length": 3.9790093898773193, "mode": "train", "epoch": 49}
{"loss": 0.15041597187519073, "acc": 0.9486348628997803, "length": 4.0, "mode": "test", "epoch": 49}
{"loss": 0.10462579876184464, "acc": 0.961467981338501, "length": 3.994534492492676, "mode": "train", "epoch": 50}
{"loss": 0.15672992169857025, "acc": 0.9527305364608765, "length": 4.0, "mode": "test", "epoch": 50}
{"loss": 0.10062261670827866, "acc": 0.9630715847015381, "length": 3.993107318878174, "mode": "train", "epoch": 51}
{"loss": 0.14409968256950378, "acc": 0.9479522109031677, "length": 4.0, "mode": "test", "epoch": 51}
{"loss": 0.08193282037973404, "acc": 0.9689438939094543, "length": 3.9916493892669678, "mode": "train", "epoch": 52}
{"loss": 0.13328859210014343, "acc": 0.9528796076774597, "length": 3.996587038040161, "mode": "test", "epoch": 52}
{"loss": 0.07479962706565857, "acc": 0.9724516272544861, "length": 3.985511064529419, "mode": "train", "epoch": 53}
{"loss": 0.15438006818294525, "acc": 0.9536768198013306, "length": 3.9931740760803223, "mode": "test", "epoch": 53}
{"loss": 0.07952418923377991, "acc": 0.9697215557098389, "length": 3.9804561138153076, "mode": "train", "epoch": 54}
{"loss": 0.1567021906375885, "acc": 0.9477816224098206, "length": 4.0, "mode": "test", "epoch": 54}
{"loss": 0.08290153741836548, "acc": 0.9728190898895264, "length": 3.989419460296631, "mode": "train", "epoch": 55}
{"loss": 0.1266334503889084, "acc": 0.9559728503227234, "length": 4.0, "mode": "test", "epoch": 55}
{"loss": 0.07805579900741577, "acc": 0.9733796715736389, "length": 3.9956302642822266, "mode": "train", "epoch": 56}
{"loss": 0.14278872311115265, "acc": 0.9474171996116638, "length": 3.996587038040161, "mode": "test", "epoch": 56}
{"loss": 0.07132872194051743, "acc": 0.9761895537376404, "length": 3.98966646194458, "mode": "train", "epoch": 57}
{"loss": 0.11155930906534195, "acc": 0.9596203565597534, "length": 3.9829351902008057, "mode": "test", "epoch": 57}
{"loss": 0.07191532105207443, "acc": 0.9759826064109802, "length": 3.9802446365356445, "mode": "train", "epoch": 58}
{"loss": 0.12019038200378418, "acc": 0.9596695303916931, "length": 3.9624574184417725, "mode": "test", "epoch": 58}
{"loss": 0.07943375408649445, "acc": 0.9702243208885193, "length": 3.9709908962249756, "mode": "train", "epoch": 59}
{"loss": 0.17804549634456635, "acc": 0.9462429285049438, "length": 3.96928334236145, "mode": "test", "epoch": 59}
{"loss": 0.09500245004892349, "acc": 0.9674345850944519, "length": 3.986907482147217, "mode": "train", "epoch": 60}
{"loss": 0.11474376171827316, "acc": 0.9571565389633179, "length": 3.9829351902008057, "mode": "test", "epoch": 60}
test accuracy: 0.7822163701057434
