# ["--attributes=3", "--values=16", "--game_size=10", "--vocab_size_factor=3", "--n_epochs=60", "--batch_size=128", "--learning_rate=0.001", "--hidden_size=256", "--temp_update=0.97", "--temperature=1.5"]
Creating train_ds and val_ds...

Creating test_ds...
{"loss": 0.7200037240982056, "acc": 0.5145755410194397, "length": 3.31683349609375, "mode": "train", "epoch": 1}
{"loss": 0.6951352953910828, "acc": 0.5160071849822998, "length": 1.0, "mode": "test", "epoch": 1}
{"loss": 0.6978777647018433, "acc": 0.5168680548667908, "length": 1.6166247129440308, "mode": "train", "epoch": 2}
{"loss": 0.693619966506958, "acc": 0.49928054213523865, "length": 1.0, "mode": "test", "epoch": 2}
{"loss": 0.6914571523666382, "acc": 0.5201100707054138, "length": 1.0428063869476318, "mode": "train", "epoch": 3}
{"loss": 0.6937305331230164, "acc": 0.5332733392715454, "length": 1.0, "mode": "test", "epoch": 3}
{"loss": 0.6893394589424133, "acc": 0.5510644316673279, "length": 1.0558630228042603, "mode": "train", "epoch": 4}
{"loss": 0.692814826965332, "acc": 0.5370504260063171, "length": 1.0, "mode": "test", "epoch": 4}
{"loss": 0.6726025938987732, "acc": 0.5910252928733826, "length": 1.610555648803711, "mode": "train", "epoch": 5}
{"loss": 0.6387651562690735, "acc": 0.671104371547699, "length": 1.6546763181686401, "mode": "test", "epoch": 5}
{"loss": 0.623315691947937, "acc": 0.6956669688224792, "length": 2.30247163772583, "mode": "train", "epoch": 6}
{"loss": 0.5624063014984131, "acc": 0.7636352777481079, "length": 2.5863308906555176, "mode": "test", "epoch": 6}
{"loss": 0.5451227426528931, "acc": 0.7485238313674927, "length": 2.7199313640594482, "mode": "train", "epoch": 7}
{"loss": 0.5015870332717896, "acc": 0.7914527654647827, "length": 3.0611510276794434, "mode": "test", "epoch": 7}
{"loss": 0.4815400540828705, "acc": 0.7793267965316772, "length": 2.95804500579834, "mode": "train", "epoch": 8}
{"loss": 0.4663889408111572, "acc": 0.8150068521499634, "length": 3.2230215072631836, "mode": "test", "epoch": 8}
{"loss": 0.4604721665382385, "acc": 0.7967231273651123, "length": 3.016751766204834, "mode": "train", "epoch": 9}
{"loss": 0.4543321132659912, "acc": 0.8197728991508484, "length": 3.2122302055358887, "mode": "test", "epoch": 9}
{"loss": 0.4334156811237335, "acc": 0.8087725043296814, "length": 3.0264647006988525, "mode": "train", "epoch": 10}
{"loss": 0.42397674918174744, "acc": 0.8124138712882996, "length": 3.2122302055358887, "mode": "test", "epoch": 10}
{"loss": 0.41728657484054565, "acc": 0.811774492263794, "length": 3.0227291584014893, "mode": "train", "epoch": 11}
{"loss": 0.4146260917186737, "acc": 0.8051546216011047, "length": 3.1906473636627197, "mode": "test", "epoch": 11}
{"loss": 0.39974674582481384, "acc": 0.8160862326622009, "length": 2.9315202236175537, "mode": "train", "epoch": 12}
{"loss": 0.39837998151779175, "acc": 0.8118746280670166, "length": 3.3093526363372803, "mode": "test", "epoch": 12}
{"loss": 0.39775487780570984, "acc": 0.8220600485801697, "length": 3.095163583755493, "mode": "train", "epoch": 13}
{"loss": 0.40796637535095215, "acc": 0.8163228034973145, "length": 3.0971221923828125, "mode": "test", "epoch": 13}
{"loss": 0.38537606596946716, "acc": 0.8280957937240601, "length": 3.0236268043518066, "mode": "train", "epoch": 14}
{"loss": 0.38661694526672363, "acc": 0.8174811005592346, "length": 3.327338218688965, "mode": "test", "epoch": 14}
{"loss": 0.37796977162361145, "acc": 0.8265075087547302, "length": 3.0444118976593018, "mode": "train", "epoch": 15}
{"loss": 0.38128775358200073, "acc": 0.8194631934165955, "length": 3.2661869525909424, "mode": "test", "epoch": 15}
{"loss": 0.37058165669441223, "acc": 0.8322131633758545, "length": 3.0990500450134277, "mode": "train", "epoch": 16}
{"loss": 0.3793390989303589, "acc": 0.8311376571655273, "length": 3.258992910385132, "mode": "test", "epoch": 16}
{"loss": 0.3655559718608856, "acc": 0.8317019939422607, "length": 3.0570719242095947, "mode": "train", "epoch": 17}
{"loss": 0.3783699870109558, "acc": 0.8316900134086609, "length": 3.2877697944641113, "mode": "test", "epoch": 17}
{"loss": 0.3604371249675751, "acc": 0.8361440300941467, "length": 3.1276423931121826, "mode": "train", "epoch": 18}
{"loss": 0.3590693473815918, "acc": 0.8410248160362244, "length": 3.1294963359832764, "mode": "test", "epoch": 18}
{"loss": 0.3457818329334259, "acc": 0.8473345041275024, "length": 3.0506985187530518, "mode": "train", "epoch": 19}
{"loss": 0.34582847356796265, "acc": 0.8504235744476318, "length": 3.2194244861602783, "mode": "test", "epoch": 19}
{"loss": 0.33614128828048706, "acc": 0.8496711254119873, "length": 3.133680820465088, "mode": "train", "epoch": 20}
{"loss": 0.3057926893234253, "acc": 0.8723396062850952, "length": 3.215827226638794, "mode": "test", "epoch": 20}
{"loss": 0.31051287055015564, "acc": 0.8651109933853149, "length": 3.19020676612854, "mode": "train", "epoch": 21}
{"loss": 0.29188698530197144, "acc": 0.8789340257644653, "length": 3.2913668155670166, "mode": "test", "epoch": 21}
{"loss": 0.295724481344223, "acc": 0.8728429079055786, "length": 3.2079505920410156, "mode": "train", "epoch": 22}
{"loss": 0.29270702600479126, "acc": 0.8840086460113525, "length": 3.327338218688965, "mode": "test", "epoch": 22}
{"loss": 0.2883780896663666, "acc": 0.8745177984237671, "length": 3.395622730255127, "mode": "train", "epoch": 23}
{"loss": 0.27863165736198425, "acc": 0.8877308368682861, "length": 3.3561151027679443, "mode": "test", "epoch": 23}
{"loss": 0.27741870284080505, "acc": 0.8843821883201599, "length": 3.3812010288238525, "mode": "train", "epoch": 24}
{"loss": 0.27097395062446594, "acc": 0.8936585187911987, "length": 3.5071942806243896, "mode": "test", "epoch": 24}
{"loss": 0.27060097455978394, "acc": 0.8880026340484619, "length": 3.4350216388702393, "mode": "train", "epoch": 25}
{"loss": 0.2617175579071045, "acc": 0.8890634179115295, "length": 3.420863389968872, "mode": "test", "epoch": 25}
{"loss": 0.2619195282459259, "acc": 0.8937254548072815, "length": 3.417231321334839, "mode": "train", "epoch": 26}
{"loss": 0.26350972056388855, "acc": 0.8943561315536499, "length": 3.395683526992798, "mode": "test", "epoch": 26}
{"loss": 0.25145354866981506, "acc": 0.9042632579803467, "length": 3.3747057914733887, "mode": "train", "epoch": 27}
{"loss": 0.2582279443740845, "acc": 0.9006865620613098, "length": 3.2805755138397217, "mode": "test", "epoch": 27}
{"loss": 0.250963032245636, "acc": 0.8984689116477966, "length": 3.43955135345459, "mode": "train", "epoch": 28}
{"loss": 0.24071383476257324, "acc": 0.9063659310340881, "length": 3.579136610031128, "mode": "test", "epoch": 28}
{"loss": 0.24695365130901337, "acc": 0.9029203057289124, "length": 3.5679640769958496, "mode": "train", "epoch": 29}
{"loss": 0.25159284472465515, "acc": 0.9031713008880615, "length": 3.568345308303833, "mode": "test", "epoch": 29}
{"loss": 0.23193605244159698, "acc": 0.9057340621948242, "length": 3.5074076652526855, "mode": "train", "epoch": 30}
{"loss": 0.23165246844291687, "acc": 0.9140008091926575, "length": 3.464028835296631, "mode": "test", "epoch": 30}
{"loss": 0.23102320730686188, "acc": 0.9093703031539917, "length": 3.538567543029785, "mode": "train", "epoch": 31}
{"loss": 0.2312418818473816, "acc": 0.9124749302864075, "length": 3.442445993423462, "mode": "test", "epoch": 31}
{"loss": 0.2217332422733307, "acc": 0.917108952999115, "length": 3.5394327640533447, "mode": "train", "epoch": 32}
{"loss": 0.21142300963401794, "acc": 0.9245312213897705, "length": 3.525179862976074, "mode": "test", "epoch": 32}
{"loss": 0.20695526897907257, "acc": 0.9225255250930786, "length": 3.5538668632507324, "mode": "train", "epoch": 33}
{"loss": 0.21290555596351624, "acc": 0.9166735410690308, "length": 3.4172661304473877, "mode": "test", "epoch": 33}
{"loss": 0.19890250265598297, "acc": 0.9248741865158081, "length": 3.5277013778686523, "mode": "train", "epoch": 34}
{"loss": 0.19808292388916016, "acc": 0.9274247884750366, "length": 3.4388489723205566, "mode": "test", "epoch": 34}
{"loss": 0.19520527124404907, "acc": 0.9260817170143127, "length": 3.528808116912842, "mode": "train", "epoch": 35}
{"loss": 0.18679998815059662, "acc": 0.933462917804718, "length": 3.543165445327759, "mode": "test", "epoch": 35}
{"loss": 0.1815008670091629, "acc": 0.9350229501724243, "length": 3.6192593574523926, "mode": "train", "epoch": 36}
{"loss": 0.18526610732078552, "acc": 0.9302434921264648, "length": 3.604316473007202, "mode": "test", "epoch": 36}
{"loss": 0.18497894704341888, "acc": 0.9321755766868591, "length": 3.58807373046875, "mode": "train", "epoch": 37}
{"loss": 0.1760992854833603, "acc": 0.9304945468902588, "length": 3.521582841873169, "mode": "test", "epoch": 37}
{"loss": 0.17307451367378235, "acc": 0.9346699118614197, "length": 3.5882062911987305, "mode": "train", "epoch": 38}
{"loss": 0.18927745521068573, "acc": 0.9300532937049866, "length": 3.521582841873169, "mode": "test", "epoch": 38}
{"loss": 0.17194350063800812, "acc": 0.9367656707763672, "length": 3.573411226272583, "mode": "train", "epoch": 39}
{"loss": 0.17289350926876068, "acc": 0.932099461555481, "length": 3.521582841873169, "mode": "test", "epoch": 39}
{"loss": 0.16514834761619568, "acc": 0.9386320114135742, "length": 3.5773723125457764, "mode": "train", "epoch": 40}
{"loss": 0.18523448705673218, "acc": 0.9298557043075562, "length": 3.647481918334961, "mode": "test", "epoch": 40}
{"loss": 0.171535924077034, "acc": 0.9354628324508667, "length": 3.6477460861206055, "mode": "train", "epoch": 41}
{"loss": 0.18630234897136688, "acc": 0.9284878969192505, "length": 3.5755395889282227, "mode": "test", "epoch": 41}
{"loss": 0.1692049205303192, "acc": 0.9384979009628296, "length": 3.6287286281585693, "mode": "train", "epoch": 42}
{"loss": 0.17667584121227264, "acc": 0.9290494918823242, "length": 3.6906473636627197, "mode": "test", "epoch": 42}
{"loss": 0.1749892681837082, "acc": 0.9363568425178528, "length": 3.6986172199249268, "mode": "train", "epoch": 43}
{"loss": 0.18233680725097656, "acc": 0.9253208637237549, "length": 3.647481918334961, "mode": "test", "epoch": 43}
{"loss": 0.16775928437709808, "acc": 0.9388821721076965, "length": 3.7213757038116455, "mode": "train", "epoch": 44}
{"loss": 0.18221738934516907, "acc": 0.9317993521690369, "length": 3.6762590408325195, "mode": "test", "epoch": 44}
{"loss": 0.172312393784523, "acc": 0.9367696046829224, "length": 3.668900728225708, "mode": "train", "epoch": 45}
{"loss": 0.18198558688163757, "acc": 0.9317032098770142, "length": 3.636690616607666, "mode": "test", "epoch": 45}
{"loss": 0.16230344772338867, "acc": 0.9397869110107422, "length": 3.616452217102051, "mode": "train", "epoch": 46}
{"loss": 0.1865271031856537, "acc": 0.9312201738357544, "length": 3.6079137325286865, "mode": "test", "epoch": 46}
{"loss": 0.15707604587078094, "acc": 0.9450549483299255, "length": 3.6646323204040527, "mode": "train", "epoch": 47}
{"loss": 0.15427350997924805, "acc": 0.9420814514160156, "length": 3.683453321456909, "mode": "test", "epoch": 47}
{"loss": 0.15116243064403534, "acc": 0.9486773014068604, "length": 3.6722681522369385, "mode": "train", "epoch": 48}
{"loss": 0.1776844561100006, "acc": 0.9381591081619263, "length": 3.6187050342559814, "mode": "test", "epoch": 48}
{"loss": 0.14876215159893036, "acc": 0.9502344727516174, "length": 3.63205623626709, "mode": "train", "epoch": 49}
{"loss": 0.1576572060585022, "acc": 0.9415704607963562, "length": 3.600719451904297, "mode": "test", "epoch": 49}
{"loss": 0.1424495279788971, "acc": 0.9517835974693298, "length": 3.661597967147827, "mode": "train", "epoch": 50}
{"loss": 0.16383610665798187, "acc": 0.9438362121582031, "length": 3.705035924911499, "mode": "test", "epoch": 50}
{"loss": 0.1435357630252838, "acc": 0.9520047903060913, "length": 3.6789233684539795, "mode": "train", "epoch": 51}
{"loss": 0.1545017510652542, "acc": 0.9454396367073059, "length": 3.615108013153076, "mode": "test", "epoch": 51}
{"loss": 0.13728883862495422, "acc": 0.9526022672653198, "length": 3.6661152839660645, "mode": "train", "epoch": 52}
{"loss": 0.15137982368469238, "acc": 0.9434998631477356, "length": 3.6223020553588867, "mode": "test", "epoch": 52}
{"loss": 0.13422444462776184, "acc": 0.9527709484100342, "length": 3.664423704147339, "mode": "train", "epoch": 53}
{"loss": 0.14824524521827698, "acc": 0.9489868879318237, "length": 3.6294963359832764, "mode": "test", "epoch": 53}
{"loss": 0.13145220279693604, "acc": 0.9545766115188599, "length": 3.6712706089019775, "mode": "train", "epoch": 54}
{"loss": 0.14825397729873657, "acc": 0.9434511661529541, "length": 3.6654677391052246, "mode": "test", "epoch": 54}
{"loss": 0.13298454880714417, "acc": 0.9544041752815247, "length": 3.7011327743530273, "mode": "train", "epoch": 55}
{"loss": 0.15864449739456177, "acc": 0.941062867641449, "length": 3.647481918334961, "mode": "test", "epoch": 55}
{"loss": 0.13426616787910461, "acc": 0.9523266553878784, "length": 3.667114734649658, "mode": "train", "epoch": 56}
{"loss": 0.17860077321529388, "acc": 0.9435884952545166, "length": 3.694244623184204, "mode": "test", "epoch": 56}
{"loss": 0.1429435759782791, "acc": 0.9512034058570862, "length": 3.704779624938965, "mode": "train", "epoch": 57}
{"loss": 0.16578027606010437, "acc": 0.9366722702980042, "length": 3.672661781311035, "mode": "test", "epoch": 57}
{"loss": 0.13596920669078827, "acc": 0.9501041769981384, "length": 3.6460037231445312, "mode": "train", "epoch": 58}
{"loss": 0.1595347821712494, "acc": 0.9424263834953308, "length": 3.6223020553588867, "mode": "test", "epoch": 58}
{"loss": 0.13328999280929565, "acc": 0.9562374353408813, "length": 3.641510486602783, "mode": "train", "epoch": 59}
{"loss": 0.15103748440742493, "acc": 0.9459631443023682, "length": 3.589928150177002, "mode": "test", "epoch": 59}
{"loss": 0.13444583117961884, "acc": 0.9549698233604431, "length": 3.657752752304077, "mode": "train", "epoch": 60}
{"loss": 0.15486185252666473, "acc": 0.9412558674812317, "length": 3.7014389038085938, "mode": "test", "epoch": 60}
test accuracy: 0.850803792476654
