# ["--attributes=5", "--values=4", "--game_size=10", "--vocab_size_factor=3", "--n_epochs=60", "--batch_size=32", "--learning_rate=0.0005", "--hidden_size=128", "--temp_update=0.97", "--temperature=1.5"]
Creating train_ds and val_ds...

Creating test_ds...
{"loss": 0.6949763298034668, "acc": 0.5100882053375244, "length": 3.5350747108459473, "mode": "train", "epoch": 1}
{"loss": 0.6736116409301758, "acc": 0.5977322459220886, "length": 2.472222328186035, "mode": "test", "epoch": 1}
{"loss": 0.6838718056678772, "acc": 0.5513400435447693, "length": 3.3410935401916504, "mode": "train", "epoch": 2}
{"loss": 0.6492836475372314, "acc": 0.6622450351715088, "length": 3.399305582046509, "mode": "test", "epoch": 2}
{"loss": 0.6256813406944275, "acc": 0.6678634881973267, "length": 3.5431711673736572, "mode": "train", "epoch": 3}
{"loss": 0.5704485774040222, "acc": 0.6717014312744141, "length": 4.0, "mode": "test", "epoch": 3}
{"loss": 0.569441020488739, "acc": 0.6897608637809753, "length": 3.8908731937408447, "mode": "train", "epoch": 4}
{"loss": 0.524920642375946, "acc": 0.7630208134651184, "length": 4.0, "mode": "test", "epoch": 4}
{"loss": 0.5126639008522034, "acc": 0.7697300910949707, "length": 3.898411989212036, "mode": "train", "epoch": 5}
{"loss": 0.47528696060180664, "acc": 0.7918403744697571, "length": 4.0, "mode": "test", "epoch": 5}
{"loss": 0.45998483896255493, "acc": 0.7923938632011414, "length": 3.974297523498535, "mode": "train", "epoch": 6}
{"loss": 0.46547386050224304, "acc": 0.8050346970558167, "length": 4.0, "mode": "test", "epoch": 6}
{"loss": 0.44164079427719116, "acc": 0.809830367565155, "length": 3.9814016819000244, "mode": "train", "epoch": 7}
{"loss": 0.44874870777130127, "acc": 0.8121528029441833, "length": 4.0, "mode": "test", "epoch": 7}
{"loss": 0.42731982469558716, "acc": 0.8149285912513733, "length": 3.9865331649780273, "mode": "train", "epoch": 8}
{"loss": 0.4425579309463501, "acc": 0.8126736879348755, "length": 4.0, "mode": "test", "epoch": 8}
{"loss": 0.4067234992980957, "acc": 0.829402506351471, "length": 3.990281105041504, "mode": "train", "epoch": 9}
{"loss": 0.4302857220172882, "acc": 0.8223958611488342, "length": 4.0, "mode": "test", "epoch": 9}
{"loss": 0.394729346036911, "acc": 0.834801435470581, "length": 3.990816354751587, "mode": "train", "epoch": 10}
{"loss": 0.42818379402160645, "acc": 0.8265626430511475, "length": 4.0, "mode": "test", "epoch": 10}
{"loss": 0.39191365242004395, "acc": 0.8327596187591553, "length": 3.991393566131592, "mode": "train", "epoch": 11}
{"loss": 0.4156181812286377, "acc": 0.8197916150093079, "length": 4.0, "mode": "test", "epoch": 11}
{"loss": 0.3717663288116455, "acc": 0.8417713046073914, "length": 3.9938573837280273, "mode": "train", "epoch": 12}
{"loss": 0.39154282212257385, "acc": 0.8317708969116211, "length": 4.0, "mode": "test", "epoch": 12}
{"loss": 0.35759276151657104, "acc": 0.8433284163475037, "length": 3.995176315307617, "mode": "train", "epoch": 13}
{"loss": 0.3834559917449951, "acc": 0.8394097089767456, "length": 4.0, "mode": "test", "epoch": 13}
{"loss": 0.3470836877822876, "acc": 0.8450533151626587, "length": 3.9930994510650635, "mode": "train", "epoch": 14}
{"loss": 0.35823848843574524, "acc": 0.8467013835906982, "length": 4.0, "mode": "test", "epoch": 14}
{"loss": 0.3314540982246399, "acc": 0.857209324836731, "length": 3.995753288269043, "mode": "train", "epoch": 15}
{"loss": 0.34927305579185486, "acc": 0.8538194894790649, "length": 4.0, "mode": "test", "epoch": 15}
{"loss": 0.325783908367157, "acc": 0.8582241535186768, "length": 3.9927961826324463, "mode": "train", "epoch": 16}
{"loss": 0.3409228026866913, "acc": 0.8550347685813904, "length": 4.0, "mode": "test", "epoch": 16}
{"loss": 0.30842283368110657, "acc": 0.8698921799659729, "length": 3.9970638751983643, "mode": "train", "epoch": 17}
{"loss": 0.310922235250473, "acc": 0.865451455116272, "length": 4.0, "mode": "test", "epoch": 17}
{"loss": 0.2912098169326782, "acc": 0.8792970180511475, "length": 3.9975104331970215, "mode": "train", "epoch": 18}
{"loss": 0.3172862231731415, "acc": 0.8616319894790649, "length": 4.0, "mode": "test", "epoch": 18}
{"loss": 0.2817043364048004, "acc": 0.8890506625175476, "length": 3.998206377029419, "mode": "train", "epoch": 19}
{"loss": 0.29449501633644104, "acc": 0.8763889074325562, "length": 4.0, "mode": "test", "epoch": 19}
{"loss": 0.27116885781288147, "acc": 0.892678439617157, "length": 3.994938850402832, "mode": "train", "epoch": 20}
{"loss": 0.2812648117542267, "acc": 0.8763889074325562, "length": 4.0, "mode": "test", "epoch": 20}
{"loss": 0.25386229157447815, "acc": 0.9007810354232788, "length": 3.9987475872039795, "mode": "train", "epoch": 21}
{"loss": 0.2795446813106537, "acc": 0.8838542699813843, "length": 4.0, "mode": "test", "epoch": 21}
{"loss": 0.24551542103290558, "acc": 0.8994990587234497, "length": 3.998605728149414, "mode": "train", "epoch": 22}
{"loss": 0.2572114169597626, "acc": 0.8970486521720886, "length": 4.0, "mode": "test", "epoch": 22}
{"loss": 0.24045221507549286, "acc": 0.90826416015625, "length": 3.998624563217163, "mode": "train", "epoch": 23}
{"loss": 0.24116910994052887, "acc": 0.902256965637207, "length": 4.0, "mode": "test", "epoch": 23}
{"loss": 0.22973191738128662, "acc": 0.9128003716468811, "length": 3.9993324279785156, "mode": "train", "epoch": 24}
{"loss": 0.21696408092975616, "acc": 0.9171874523162842, "length": 4.0, "mode": "test", "epoch": 24}
{"loss": 0.23261815309524536, "acc": 0.9115793704986572, "length": 3.9993515014648438, "mode": "train", "epoch": 25}
{"loss": 0.21329407393932343, "acc": 0.9180556535720825, "length": 4.0, "mode": "test", "epoch": 25}
{"loss": 0.2195163071155548, "acc": 0.9161484837532043, "length": 3.9992387294769287, "mode": "train", "epoch": 26}
{"loss": 0.21734288334846497, "acc": 0.9088541865348816, "length": 4.0, "mode": "test", "epoch": 26}
{"loss": 0.20810405910015106, "acc": 0.9231942892074585, "length": 3.9979374408721924, "mode": "train", "epoch": 27}
{"loss": 0.21566157042980194, "acc": 0.918055534362793, "length": 4.0, "mode": "test", "epoch": 27}
{"loss": 0.21331433951854706, "acc": 0.9200436472892761, "length": 3.999415874481201, "mode": "train", "epoch": 28}
{"loss": 0.19092650711536407, "acc": 0.9314236044883728, "length": 4.0, "mode": "test", "epoch": 28}
{"loss": 0.1986316591501236, "acc": 0.9259437918663025, "length": 3.999014139175415, "mode": "train", "epoch": 29}
{"loss": 0.1901923418045044, "acc": 0.9270833134651184, "length": 4.0, "mode": "test", "epoch": 29}
{"loss": 0.19406135380268097, "acc": 0.9261223673820496, "length": 3.9993643760681152, "mode": "train", "epoch": 30}
{"loss": 0.19782869517803192, "acc": 0.9251735210418701, "length": 4.0, "mode": "test", "epoch": 30}
{"loss": 0.18671196699142456, "acc": 0.929481029510498, "length": 3.9985055923461914, "mode": "train", "epoch": 31}
{"loss": 0.16879959404468536, "acc": 0.9376736879348755, "length": 4.0, "mode": "test", "epoch": 31}
{"loss": 0.1783720850944519, "acc": 0.9386111497879028, "length": 3.9995174407958984, "mode": "train", "epoch": 32}
{"loss": 0.17523249983787537, "acc": 0.9369791746139526, "length": 4.0, "mode": "test", "epoch": 32}
{"loss": 0.17664724588394165, "acc": 0.9327426552772522, "length": 3.999234437942505, "mode": "train", "epoch": 33}
{"loss": 0.18605412542819977, "acc": 0.934895932674408, "length": 4.0, "mode": "test", "epoch": 33}
{"loss": 0.17885111272335052, "acc": 0.938569188117981, "length": 3.997731924057007, "mode": "train", "epoch": 34}
{"loss": 0.16242395341396332, "acc": 0.9467013478279114, "length": 4.0, "mode": "test", "epoch": 34}
{"loss": 0.17428277432918549, "acc": 0.9356454610824585, "length": 3.9988625049591064, "mode": "train", "epoch": 35}
{"loss": 0.1710461974143982, "acc": 0.9420139789581299, "length": 4.0, "mode": "test", "epoch": 35}
{"loss": 0.16517019271850586, "acc": 0.9409354329109192, "length": 3.9997353553771973, "mode": "train", "epoch": 36}
{"loss": 0.15776686370372772, "acc": 0.9446181058883667, "length": 4.0, "mode": "test", "epoch": 36}
{"loss": 0.16163760423660278, "acc": 0.9424200654029846, "length": 3.999350070953369, "mode": "train", "epoch": 37}
{"loss": 0.15696807205677032, "acc": 0.9453125, "length": 4.0, "mode": "test", "epoch": 37}
{"loss": 0.15924523770809174, "acc": 0.9449502825737, "length": 3.999854803085327, "mode": "train", "epoch": 38}
{"loss": 0.15334826707839966, "acc": 0.9468749165534973, "length": 4.0, "mode": "test", "epoch": 38}
{"loss": 0.15564802289009094, "acc": 0.9448735117912292, "length": 3.999512195587158, "mode": "train", "epoch": 39}
{"loss": 0.1432456374168396, "acc": 0.9461805820465088, "length": 4.0, "mode": "test", "epoch": 39}
{"loss": 0.14769546687602997, "acc": 0.9471489191055298, "length": 3.9998104572296143, "mode": "train", "epoch": 40}
{"loss": 0.14796455204486847, "acc": 0.9480903148651123, "length": 4.0, "mode": "test", "epoch": 40}
{"loss": 0.15814554691314697, "acc": 0.9423877596855164, "length": 3.9997270107269287, "mode": "train", "epoch": 41}
{"loss": 0.16290737688541412, "acc": 0.9461805820465088, "length": 4.0, "mode": "test", "epoch": 41}
{"loss": 0.15241514146327972, "acc": 0.9443491697311401, "length": 3.999645948410034, "mode": "train", "epoch": 42}
{"loss": 0.14212581515312195, "acc": 0.9522569179534912, "length": 4.0, "mode": "test", "epoch": 42}
{"loss": 0.14554236829280853, "acc": 0.945824146270752, "length": 3.998680830001831, "mode": "train", "epoch": 43}
{"loss": 0.14125898480415344, "acc": 0.9513888955116272, "length": 4.0, "mode": "test", "epoch": 43}
{"loss": 0.1408299207687378, "acc": 0.9537689685821533, "length": 3.999979257583618, "mode": "train", "epoch": 44}
{"loss": 0.14287936687469482, "acc": 0.9501736760139465, "length": 4.0, "mode": "test", "epoch": 44}
{"loss": 0.1312885582447052, "acc": 0.9549791216850281, "length": 3.999835729598999, "mode": "train", "epoch": 45}
{"loss": 0.13208846747875214, "acc": 0.9496527910232544, "length": 4.0, "mode": "test", "epoch": 45}
{"loss": 0.1318022906780243, "acc": 0.9550848007202148, "length": 3.9994399547576904, "mode": "train", "epoch": 46}
{"loss": 0.1347854882478714, "acc": 0.9534721374511719, "length": 4.0, "mode": "test", "epoch": 46}
{"loss": 0.1331077665090561, "acc": 0.9542331695556641, "length": 3.9999680519104004, "mode": "train", "epoch": 47}
{"loss": 0.13615481555461884, "acc": 0.9557291865348816, "length": 4.0, "mode": "test", "epoch": 47}
{"loss": 0.1321505308151245, "acc": 0.9543231725692749, "length": 3.999392509460449, "mode": "train", "epoch": 48}
{"loss": 0.13742917776107788, "acc": 0.9588542580604553, "length": 4.0, "mode": "test", "epoch": 48}
{"loss": 0.12422478944063187, "acc": 0.959408700466156, "length": 3.999221086502075, "mode": "train", "epoch": 49}
{"loss": 0.13036459684371948, "acc": 0.9496527910232544, "length": 4.0, "mode": "test", "epoch": 49}
{"loss": 0.11784858256578445, "acc": 0.9617739915847778, "length": 3.999987840652466, "mode": "train", "epoch": 50}
{"loss": 0.12860818207263947, "acc": 0.9574652910232544, "length": 4.0, "mode": "test", "epoch": 50}
{"loss": 0.12121697515249252, "acc": 0.9581775069236755, "length": 3.9999587535858154, "mode": "train", "epoch": 51}
{"loss": 0.12350589781999588, "acc": 0.9572916030883789, "length": 4.0, "mode": "test", "epoch": 51}
{"loss": 0.10970064252614975, "acc": 0.9633243083953857, "length": 3.9998087882995605, "mode": "train", "epoch": 52}
{"loss": 0.12794722616672516, "acc": 0.9543402791023254, "length": 4.0, "mode": "test", "epoch": 52}
{"loss": 0.11496292054653168, "acc": 0.9623527526855469, "length": 3.9999680519104004, "mode": "train", "epoch": 53}
{"loss": 0.12441211193799973, "acc": 0.9628472924232483, "length": 4.0, "mode": "test", "epoch": 53}
{"loss": 0.11065272986888885, "acc": 0.9609128832817078, "length": 3.9995272159576416, "mode": "train", "epoch": 54}
{"loss": 0.11863473802804947, "acc": 0.9600693583488464, "length": 4.0, "mode": "test", "epoch": 54}
{"loss": 0.10706895589828491, "acc": 0.9648089408874512, "length": 3.9995057582855225, "mode": "train", "epoch": 55}
{"loss": 0.10640445351600647, "acc": 0.9630208611488342, "length": 4.0, "mode": "test", "epoch": 55}
{"loss": 0.0993989109992981, "acc": 0.9660025835037231, "length": 3.9999332427978516, "mode": "train", "epoch": 56}
{"loss": 0.10272717475891113, "acc": 0.96875, "length": 4.0, "mode": "test", "epoch": 56}
{"loss": 0.10335276275873184, "acc": 0.9639732837677002, "length": 3.9999167919158936, "mode": "train", "epoch": 57}
{"loss": 0.10283797979354858, "acc": 0.9638888835906982, "length": 4.0, "mode": "test", "epoch": 57}
{"loss": 0.10807870328426361, "acc": 0.9610785245895386, "length": 3.9999964237213135, "mode": "train", "epoch": 58}
{"loss": 0.10610519349575043, "acc": 0.9663195013999939, "length": 4.0, "mode": "test", "epoch": 58}
{"loss": 0.10001285374164581, "acc": 0.96635901927948, "length": 3.9994170665740967, "mode": "train", "epoch": 59}
{"loss": 0.1131872907280922, "acc": 0.9592013955116272, "length": 4.0, "mode": "test", "epoch": 59}
{"loss": 0.10433811694383621, "acc": 0.9633400440216064, "length": 3.999986171722412, "mode": "train", "epoch": 60}
{"loss": 0.1129515990614891, "acc": 0.9598957896232605, "length": 4.0, "mode": "test", "epoch": 60}
test accuracy: 0.8703449368476868
