# ["--attributes=5", "--values=4", "--game_size=10", "--vocab_size_factor=3", "--n_epochs=60", "--batch_size=32", "--learning_rate=0.001", "--hidden_size=128", "--temp_update=0.99", "--temperature=1.5"]
Creating train_ds and val_ds...

Creating test_ds...
{"loss": 0.6923931837081909, "acc": 0.5308334827423096, "length": 3.079963445663452, "mode": "train", "epoch": 1}
{"loss": 0.6868964433670044, "acc": 0.5546128153800964, "length": 1.268551230430603, "mode": "test", "epoch": 1}
{"loss": 0.6302531361579895, "acc": 0.6574109196662903, "length": 2.4795138835906982, "mode": "train", "epoch": 2}
{"loss": 0.5674144625663757, "acc": 0.729242742061615, "length": 2.579505205154419, "mode": "test", "epoch": 2}
{"loss": 0.5244056582450867, "acc": 0.7629925608634949, "length": 2.7859771251678467, "mode": "train", "epoch": 3}
{"loss": 0.5003879070281982, "acc": 0.7751480937004089, "length": 3.1625442504882812, "mode": "test", "epoch": 3}
{"loss": 0.4540765881538391, "acc": 0.8030935525894165, "length": 3.058283567428589, "mode": "train", "epoch": 4}
{"loss": 0.4553755819797516, "acc": 0.8041243553161621, "length": 3.2402827739715576, "mode": "test", "epoch": 4}
{"loss": 0.3913702964782715, "acc": 0.8332790732383728, "length": 3.2578086853027344, "mode": "train", "epoch": 5}
{"loss": 0.44151777029037476, "acc": 0.8164573311805725, "length": 3.20141339302063, "mode": "test", "epoch": 5}
{"loss": 0.3556453585624695, "acc": 0.8496696352958679, "length": 3.2886033058166504, "mode": "train", "epoch": 6}
{"loss": 0.43259182572364807, "acc": 0.8288695812225342, "length": 3.229681968688965, "mode": "test", "epoch": 6}
{"loss": 0.3312145471572876, "acc": 0.8584985733032227, "length": 3.482187271118164, "mode": "train", "epoch": 7}
{"loss": 0.4131663739681244, "acc": 0.8465468287467957, "length": 3.770318031311035, "mode": "test", "epoch": 7}
{"loss": 0.3045397996902466, "acc": 0.8731058239936829, "length": 3.7302772998809814, "mode": "train", "epoch": 8}
{"loss": 0.3918345272541046, "acc": 0.8415194153785706, "length": 4.0, "mode": "test", "epoch": 8}
{"loss": 0.2857014834880829, "acc": 0.8826872706413269, "length": 3.8789327144622803, "mode": "train", "epoch": 9}
{"loss": 0.37559396028518677, "acc": 0.8507066965103149, "length": 4.0, "mode": "test", "epoch": 9}
{"loss": 0.27774545550346375, "acc": 0.8875205516815186, "length": 3.9475433826446533, "mode": "train", "epoch": 10}
{"loss": 0.3641376793384552, "acc": 0.8568905591964722, "length": 4.0, "mode": "test", "epoch": 10}
{"loss": 0.2523665726184845, "acc": 0.8981373906135559, "length": 3.9528629779815674, "mode": "train", "epoch": 11}
{"loss": 0.34558290243148804, "acc": 0.8712013363838196, "length": 4.0, "mode": "test", "epoch": 11}
{"loss": 0.23574377596378326, "acc": 0.9065960049629211, "length": 3.9651858806610107, "mode": "train", "epoch": 12}
{"loss": 0.34300732612609863, "acc": 0.8678445816040039, "length": 4.0, "mode": "test", "epoch": 12}
{"loss": 0.22988387942314148, "acc": 0.9130269289016724, "length": 3.97491717338562, "mode": "train", "epoch": 13}
{"loss": 0.34456390142440796, "acc": 0.8763251304626465, "length": 4.0, "mode": "test", "epoch": 13}
{"loss": 0.2181616574525833, "acc": 0.9165775775909424, "length": 3.985910654067993, "mode": "train", "epoch": 14}
{"loss": 0.32862165570259094, "acc": 0.8763251900672913, "length": 4.0, "mode": "test", "epoch": 14}
{"loss": 0.2120269387960434, "acc": 0.9216690063476562, "length": 3.9786977767944336, "mode": "train", "epoch": 15}
{"loss": 0.32757988572120667, "acc": 0.8789753317832947, "length": 4.0, "mode": "test", "epoch": 15}
{"loss": 0.19888180494308472, "acc": 0.9240516424179077, "length": 3.9869203567504883, "mode": "train", "epoch": 16}
{"loss": 0.31842249631881714, "acc": 0.8835689425468445, "length": 4.0, "mode": "test", "epoch": 16}
{"loss": 0.18913646042346954, "acc": 0.9278799891471863, "length": 3.9899115562438965, "mode": "train", "epoch": 17}
{"loss": 0.3317784368991852, "acc": 0.8754416108131409, "length": 4.0, "mode": "test", "epoch": 17}
{"loss": 0.18400560319423676, "acc": 0.9333633780479431, "length": 3.991387367248535, "mode": "train", "epoch": 18}
{"loss": 0.3082531988620758, "acc": 0.8964663743972778, "length": 4.0, "mode": "test", "epoch": 18}
{"loss": 0.17610307037830353, "acc": 0.9327223300933838, "length": 3.992448091506958, "mode": "train", "epoch": 19}
{"loss": 0.30102068185806274, "acc": 0.8893994092941284, "length": 4.0, "mode": "test", "epoch": 19}
{"loss": 0.16482992470264435, "acc": 0.9391926527023315, "length": 3.992549419403076, "mode": "train", "epoch": 20}
{"loss": 0.281935453414917, "acc": 0.9054771661758423, "length": 4.0, "mode": "test", "epoch": 20}
{"loss": 0.14849664270877838, "acc": 0.9459545612335205, "length": 3.994879722595215, "mode": "train", "epoch": 21}
{"loss": 0.2753276228904724, "acc": 0.9063605070114136, "length": 4.0, "mode": "test", "epoch": 21}
{"loss": 0.14797529578208923, "acc": 0.943626880645752, "length": 3.9933063983917236, "mode": "train", "epoch": 22}
{"loss": 0.2966848313808441, "acc": 0.9008833169937134, "length": 4.0, "mode": "test", "epoch": 22}
{"loss": 0.14769087731838226, "acc": 0.9438066482543945, "length": 3.9942970275878906, "mode": "train", "epoch": 23}
{"loss": 0.2575576901435852, "acc": 0.9150177240371704, "length": 4.0, "mode": "test", "epoch": 23}
{"loss": 0.12358187884092331, "acc": 0.9547547698020935, "length": 3.994338035583496, "mode": "train", "epoch": 24}
{"loss": 0.22639431059360504, "acc": 0.9231449961662292, "length": 4.0, "mode": "test", "epoch": 24}
{"loss": 0.11940938234329224, "acc": 0.9543330073356628, "length": 3.9957141876220703, "mode": "train", "epoch": 25}
{"loss": 0.2099333107471466, "acc": 0.9238515496253967, "length": 4.0, "mode": "test", "epoch": 25}
{"loss": 0.1092657670378685, "acc": 0.9601275324821472, "length": 3.9961962699890137, "mode": "train", "epoch": 26}
{"loss": 0.24368882179260254, "acc": 0.9190812110900879, "length": 4.0, "mode": "test", "epoch": 26}
{"loss": 0.09817150980234146, "acc": 0.9658548831939697, "length": 3.9964606761932373, "mode": "train", "epoch": 27}
{"loss": 0.20613768696784973, "acc": 0.9296818971633911, "length": 4.0, "mode": "test", "epoch": 27}
{"loss": 0.09333047270774841, "acc": 0.9641934037208557, "length": 3.9954841136932373, "mode": "train", "epoch": 28}
{"loss": 0.21674582362174988, "acc": 0.920318067073822, "length": 4.0, "mode": "test", "epoch": 28}
{"loss": 0.09193578362464905, "acc": 0.9651471376419067, "length": 3.9966952800750732, "mode": "train", "epoch": 29}
{"loss": 0.2549543082714081, "acc": 0.9217313528060913, "length": 4.0, "mode": "test", "epoch": 29}
{"loss": 0.08426371216773987, "acc": 0.9712532162666321, "length": 3.9975228309631348, "mode": "train", "epoch": 30}
{"loss": 0.2076529711484909, "acc": 0.9340988397598267, "length": 4.0, "mode": "test", "epoch": 30}
{"loss": 0.08881603181362152, "acc": 0.9684828519821167, "length": 3.997925281524658, "mode": "train", "epoch": 31}
{"loss": 0.23674358427524567, "acc": 0.9257950782775879, "length": 4.0, "mode": "test", "epoch": 31}
{"loss": 0.08263494074344635, "acc": 0.9703063368797302, "length": 3.9976260662078857, "mode": "train", "epoch": 32}
{"loss": 0.21016950905323029, "acc": 0.9372791647911072, "length": 4.0, "mode": "test", "epoch": 32}
{"loss": 0.08206149190664291, "acc": 0.9711069464683533, "length": 3.9967973232269287, "mode": "train", "epoch": 33}
{"loss": 0.21128150820732117, "acc": 0.941519558429718, "length": 4.0, "mode": "test", "epoch": 33}
{"loss": 0.07329792529344559, "acc": 0.9747545123100281, "length": 3.9984748363494873, "mode": "train", "epoch": 34}
{"loss": 0.18302050232887268, "acc": 0.9452297687530518, "length": 4.0, "mode": "test", "epoch": 34}
{"loss": 0.06792295724153519, "acc": 0.976300060749054, "length": 3.998891592025757, "mode": "train", "epoch": 35}
{"loss": 0.1904415637254715, "acc": 0.9466431736946106, "length": 4.0, "mode": "test", "epoch": 35}
{"loss": 0.06160387769341469, "acc": 0.9790759682655334, "length": 3.9988813400268555, "mode": "train", "epoch": 36}
{"loss": 0.2027517408132553, "acc": 0.9372791647911072, "length": 4.0, "mode": "test", "epoch": 36}
{"loss": 0.06452784687280655, "acc": 0.9785974621772766, "length": 3.998929977416992, "mode": "train", "epoch": 37}
{"loss": 0.16617760062217712, "acc": 0.9475264549255371, "length": 4.0, "mode": "test", "epoch": 37}
{"loss": 0.05695941671729088, "acc": 0.9826573729515076, "length": 3.998807430267334, "mode": "train", "epoch": 38}
{"loss": 0.16822989284992218, "acc": 0.9484098553657532, "length": 4.0, "mode": "test", "epoch": 38}
{"loss": 0.057310014963150024, "acc": 0.9799038767814636, "length": 3.9991116523742676, "mode": "train", "epoch": 39}
{"loss": 0.16332153975963593, "acc": 0.9475264549255371, "length": 4.0, "mode": "test", "epoch": 39}
{"loss": 0.055729854851961136, "acc": 0.9806194305419922, "length": 3.9992799758911133, "mode": "train", "epoch": 40}
{"loss": 0.16889193654060364, "acc": 0.9545937180519104, "length": 4.0, "mode": "test", "epoch": 40}
{"loss": 0.05855182558298111, "acc": 0.9803757667541504, "length": 3.9991047382354736, "mode": "train", "epoch": 41}
{"loss": 0.16602998971939087, "acc": 0.9499999284744263, "length": 4.0, "mode": "test", "epoch": 41}
{"loss": 0.05084700882434845, "acc": 0.981202244758606, "length": 3.9989678859710693, "mode": "train", "epoch": 42}
{"loss": 0.14848093688488007, "acc": 0.9517669081687927, "length": 4.0, "mode": "test", "epoch": 42}
{"loss": 0.04782363772392273, "acc": 0.9824495315551758, "length": 3.999300479888916, "mode": "train", "epoch": 43}
{"loss": 0.17171688377857208, "acc": 0.9531803131103516, "length": 4.0, "mode": "test", "epoch": 43}
{"loss": 0.05089094862341881, "acc": 0.9814436435699463, "length": 3.997499704360962, "mode": "train", "epoch": 44}
{"loss": 0.1499311476945877, "acc": 0.9611308574676514, "length": 4.0, "mode": "test", "epoch": 44}
{"loss": 0.05438367649912834, "acc": 0.9804967641830444, "length": 3.9989259243011475, "mode": "train", "epoch": 45}
{"loss": 0.15617315471172333, "acc": 0.959010660648346, "length": 4.0, "mode": "test", "epoch": 45}
{"loss": 0.043447043746709824, "acc": 0.9853942394256592, "length": 3.9992496967315674, "mode": "train", "epoch": 46}
{"loss": 0.16261854767799377, "acc": 0.9583038091659546, "length": 4.0, "mode": "test", "epoch": 46}
{"loss": 0.044745512306690216, "acc": 0.9851624965667725, "length": 3.9993045330047607, "mode": "train", "epoch": 47}
{"loss": 0.13859301805496216, "acc": 0.9588338136672974, "length": 4.0, "mode": "test", "epoch": 47}
{"loss": 0.04545004665851593, "acc": 0.9833905696868896, "length": 3.9992237091064453, "mode": "train", "epoch": 48}
{"loss": 0.12022820115089417, "acc": 0.9611307382583618, "length": 4.0, "mode": "test", "epoch": 48}
{"loss": 0.039044350385665894, "acc": 0.9883593916893005, "length": 3.999621629714966, "mode": "train", "epoch": 49}
{"loss": 0.14498396217823029, "acc": 0.9567137956619263, "length": 4.0, "mode": "test", "epoch": 49}
{"loss": 0.03322761878371239, "acc": 0.9895982146263123, "length": 3.9996023178100586, "mode": "train", "epoch": 50}
{"loss": 0.1569310575723648, "acc": 0.9567137956619263, "length": 4.0, "mode": "test", "epoch": 50}
{"loss": 0.04168454930186272, "acc": 0.9882380962371826, "length": 3.9995853900909424, "mode": "train", "epoch": 51}
{"loss": 0.1184215322136879, "acc": 0.9627208709716797, "length": 4.0, "mode": "test", "epoch": 51}
{"loss": 0.04506860300898552, "acc": 0.9869447350502014, "length": 3.999720335006714, "mode": "train", "epoch": 52}
{"loss": 0.14389429986476898, "acc": 0.9570671319961548, "length": 4.0, "mode": "test", "epoch": 52}
{"loss": 0.03979572281241417, "acc": 0.9862990975379944, "length": 3.997192859649658, "mode": "train", "epoch": 53}
{"loss": 0.1520005613565445, "acc": 0.9644876718521118, "length": 4.0, "mode": "test", "epoch": 53}
{"loss": 0.031180070713162422, "acc": 0.9904224276542664, "length": 3.9996418952941895, "mode": "train", "epoch": 54}
{"loss": 0.13450710475444794, "acc": 0.9621908664703369, "length": 4.0, "mode": "test", "epoch": 54}
{"loss": 0.030297067016363144, "acc": 0.9900739789009094, "length": 3.9996511936187744, "mode": "train", "epoch": 55}
{"loss": 0.11896485835313797, "acc": 0.9694347381591797, "length": 4.0, "mode": "test", "epoch": 55}
{"loss": 0.028198793530464172, "acc": 0.9914867877960205, "length": 3.999591827392578, "mode": "train", "epoch": 56}
{"loss": 0.13861314952373505, "acc": 0.9659009575843811, "length": 4.0, "mode": "test", "epoch": 56}
{"loss": 0.029945407062768936, "acc": 0.9918482899665833, "length": 3.999868154525757, "mode": "train", "epoch": 57}
{"loss": 0.14130201935768127, "acc": 0.9648409485816956, "length": 4.0, "mode": "test", "epoch": 57}
{"loss": 0.028918268159031868, "acc": 0.9927273988723755, "length": 3.9997305870056152, "mode": "train", "epoch": 58}
{"loss": 0.11991491913795471, "acc": 0.9720847010612488, "length": 4.0, "mode": "test", "epoch": 58}
{"loss": 0.02318997122347355, "acc": 0.9934964179992676, "length": 3.9996988773345947, "mode": "train", "epoch": 59}
{"loss": 0.1263069212436676, "acc": 0.9697880148887634, "length": 4.0, "mode": "test", "epoch": 59}
{"loss": 0.026674877852201462, "acc": 0.9928491115570068, "length": 3.999627113342285, "mode": "train", "epoch": 60}
{"loss": 0.14590637385845184, "acc": 0.9685511589050293, "length": 4.0, "mode": "test", "epoch": 60}
test accuracy: 0.808387279510498
