# ["--attributes=5", "--values=4", "--game_size=10", "--vocab_size_factor=3", "--n_epochs=60", "--batch_size=64", "--learning_rate=0.0005", "--hidden_size=128", "--temp_update=0.97", "--temperature=1.5"]
Creating train_ds and val_ds...

Creating test_ds...
{"loss": 0.6936621069908142, "acc": 0.522519588470459, "length": 3.52186918258667, "mode": "train", "epoch": 1}
{"loss": 0.6943538784980774, "acc": 0.4931095540523529, "length": 1.0, "mode": "test", "epoch": 1}
{"loss": 0.6904312372207642, "acc": 0.5340526700019836, "length": 3.41957426071167, "mode": "train", "epoch": 2}
{"loss": 0.6876544952392578, "acc": 0.5460816621780396, "length": 1.325088381767273, "mode": "test", "epoch": 2}
{"loss": 0.6838253140449524, "acc": 0.5518080592155457, "length": 3.28475022315979, "mode": "train", "epoch": 3}
{"loss": 0.66960209608078, "acc": 0.6572999358177185, "length": 2.6148409843444824, "mode": "test", "epoch": 3}
{"loss": 0.660580039024353, "acc": 0.6176541447639465, "length": 3.2617251873016357, "mode": "train", "epoch": 4}
{"loss": 0.6326920390129089, "acc": 0.670621395111084, "length": 3.3957598209381104, "mode": "test", "epoch": 4}
{"loss": 0.6009768843650818, "acc": 0.6908574104309082, "length": 3.48544979095459, "mode": "train", "epoch": 5}
{"loss": 0.5767414569854736, "acc": 0.6784453392028809, "length": 4.0, "mode": "test", "epoch": 5}
{"loss": 0.5683995485305786, "acc": 0.697368323802948, "length": 3.8387255668640137, "mode": "train", "epoch": 6}
{"loss": 0.5729884505271912, "acc": 0.7067137360572815, "length": 4.0, "mode": "test", "epoch": 6}
{"loss": 0.5359136462211609, "acc": 0.7211086750030518, "length": 3.936051368713379, "mode": "train", "epoch": 7}
{"loss": 0.554473876953125, "acc": 0.6968198418617249, "length": 4.0, "mode": "test", "epoch": 7}
{"loss": 0.5112783312797546, "acc": 0.7440246939659119, "length": 3.955292224884033, "mode": "train", "epoch": 8}
{"loss": 0.5179382562637329, "acc": 0.7650176882743835, "length": 4.0, "mode": "test", "epoch": 8}
{"loss": 0.476667582988739, "acc": 0.7820144891738892, "length": 3.96804141998291, "mode": "train", "epoch": 9}
{"loss": 0.4782990515232086, "acc": 0.7803888916969299, "length": 4.0, "mode": "test", "epoch": 9}
{"loss": 0.44739046692848206, "acc": 0.7955636382102966, "length": 3.98122501373291, "mode": "train", "epoch": 10}
{"loss": 0.4533814489841461, "acc": 0.8007067441940308, "length": 4.0, "mode": "test", "epoch": 10}
{"loss": 0.4167482256889343, "acc": 0.8123123049736023, "length": 3.9894235134124756, "mode": "train", "epoch": 11}
{"loss": 0.43770191073417664, "acc": 0.8166077733039856, "length": 4.0, "mode": "test", "epoch": 11}
{"loss": 0.3889544904232025, "acc": 0.8263718485832214, "length": 3.991321325302124, "mode": "train", "epoch": 12}
{"loss": 0.42507877945899963, "acc": 0.8265016674995422, "length": 4.0, "mode": "test", "epoch": 12}
{"loss": 0.3830682337284088, "acc": 0.8281041979789734, "length": 3.992421865463257, "mode": "train", "epoch": 13}
{"loss": 0.42941614985466003, "acc": 0.8249115943908691, "length": 4.0, "mode": "test", "epoch": 13}
{"loss": 0.37335044145584106, "acc": 0.8375870585441589, "length": 3.9935388565063477, "mode": "train", "epoch": 14}
{"loss": 0.3846381604671478, "acc": 0.8390459418296814, "length": 4.0, "mode": "test", "epoch": 14}
{"loss": 0.3657762110233307, "acc": 0.8408446907997131, "length": 3.9947171211242676, "mode": "train", "epoch": 15}
{"loss": 0.3836959898471832, "acc": 0.8378092050552368, "length": 4.0, "mode": "test", "epoch": 15}
{"loss": 0.35723525285720825, "acc": 0.8421857357025146, "length": 3.9895851612091064, "mode": "train", "epoch": 16}
{"loss": 0.3693270683288574, "acc": 0.8369258642196655, "length": 4.0, "mode": "test", "epoch": 16}
{"loss": 0.3490648567676544, "acc": 0.8470208644866943, "length": 3.995478868484497, "mode": "train", "epoch": 17}
{"loss": 0.3550989031791687, "acc": 0.850883424282074, "length": 4.0, "mode": "test", "epoch": 17}
{"loss": 0.344169557094574, "acc": 0.8503143191337585, "length": 3.994746446609497, "mode": "train", "epoch": 18}
{"loss": 0.3601488173007965, "acc": 0.8477032780647278, "length": 4.0, "mode": "test", "epoch": 18}
{"loss": 0.3369176983833313, "acc": 0.8585055470466614, "length": 3.9951424598693848, "mode": "train", "epoch": 19}
{"loss": 0.3459169566631317, "acc": 0.84840989112854, "length": 4.0, "mode": "test", "epoch": 19}
{"loss": 0.32917651534080505, "acc": 0.8606828451156616, "length": 3.9917666912078857, "mode": "train", "epoch": 20}
{"loss": 0.3402431905269623, "acc": 0.8427560925483704, "length": 4.0, "mode": "test", "epoch": 20}
{"loss": 0.3201286494731903, "acc": 0.8675336241722107, "length": 3.99446177482605, "mode": "train", "epoch": 21}
{"loss": 0.3376779854297638, "acc": 0.8482332229614258, "length": 4.0, "mode": "test", "epoch": 21}
{"loss": 0.3202161192893982, "acc": 0.8665491938591003, "length": 3.995678424835205, "mode": "train", "epoch": 22}
{"loss": 0.33140668272972107, "acc": 0.8533570766448975, "length": 4.0, "mode": "test", "epoch": 22}
{"loss": 0.3169206380844116, "acc": 0.8698789477348328, "length": 3.9966607093811035, "mode": "train", "epoch": 23}
{"loss": 0.3298410177230835, "acc": 0.8556536436080933, "length": 4.0, "mode": "test", "epoch": 23}
{"loss": 0.30667582154273987, "acc": 0.8700729608535767, "length": 3.998018980026245, "mode": "train", "epoch": 24}
{"loss": 0.32706889510154724, "acc": 0.8579505085945129, "length": 4.0, "mode": "test", "epoch": 24}
{"loss": 0.2956690490245819, "acc": 0.8810449838638306, "length": 3.9983134269714355, "mode": "train", "epoch": 25}
{"loss": 0.3231935203075409, "acc": 0.8641342520713806, "length": 4.0, "mode": "test", "epoch": 25}
{"loss": 0.2913800776004791, "acc": 0.8781207203865051, "length": 3.9976837635040283, "mode": "train", "epoch": 26}
{"loss": 0.3100756108760834, "acc": 0.866077721118927, "length": 4.0, "mode": "test", "epoch": 26}
{"loss": 0.2847778797149658, "acc": 0.8833428621292114, "length": 3.9996402263641357, "mode": "train", "epoch": 27}
{"loss": 0.317030668258667, "acc": 0.8701412677764893, "length": 4.0, "mode": "test", "epoch": 27}
{"loss": 0.2740277945995331, "acc": 0.8900098204612732, "length": 3.997743844985962, "mode": "train", "epoch": 28}
{"loss": 0.3005083501338959, "acc": 0.879505455493927, "length": 4.0, "mode": "test", "epoch": 28}
{"loss": 0.274184912443161, "acc": 0.8871725797653198, "length": 3.999403238296509, "mode": "train", "epoch": 29}
{"loss": 0.2994789183139801, "acc": 0.8770317435264587, "length": 4.0, "mode": "test", "epoch": 29}
{"loss": 0.27265557646751404, "acc": 0.8859912157058716, "length": 3.998999834060669, "mode": "train", "epoch": 30}
{"loss": 0.2826058268547058, "acc": 0.8862190246582031, "length": 4.0, "mode": "test", "epoch": 30}
{"loss": 0.2637414038181305, "acc": 0.8968164324760437, "length": 3.9985246658325195, "mode": "train", "epoch": 31}
{"loss": 0.3010106086730957, "acc": 0.8750883340835571, "length": 4.0, "mode": "test", "epoch": 31}
{"loss": 0.26020967960357666, "acc": 0.894288182258606, "length": 3.9979586601257324, "mode": "train", "epoch": 32}
{"loss": 0.29047736525535583, "acc": 0.8795053958892822, "length": 4.0, "mode": "test", "epoch": 32}
{"loss": 0.25289690494537354, "acc": 0.8984891176223755, "length": 3.9992215633392334, "mode": "train", "epoch": 33}
{"loss": 0.266185998916626, "acc": 0.8959363102912903, "length": 4.0, "mode": "test", "epoch": 33}
{"loss": 0.2438538670539856, "acc": 0.9008777737617493, "length": 3.999542474746704, "mode": "train", "epoch": 34}
{"loss": 0.2658478915691376, "acc": 0.8973498940467834, "length": 4.0, "mode": "test", "epoch": 34}
{"loss": 0.24090251326560974, "acc": 0.9041709899902344, "length": 3.9995474815368652, "mode": "train", "epoch": 35}
{"loss": 0.26788246631622314, "acc": 0.8977032899856567, "length": 4.0, "mode": "test", "epoch": 35}
{"loss": 0.2432079017162323, "acc": 0.9067825078964233, "length": 3.9998373985290527, "mode": "train", "epoch": 36}
{"loss": 0.26563555002212524, "acc": 0.9010600447654724, "length": 4.0, "mode": "test", "epoch": 36}
{"loss": 0.25252336263656616, "acc": 0.8989884853363037, "length": 3.999828815460205, "mode": "train", "epoch": 37}
{"loss": 0.2760199308395386, "acc": 0.8984097242355347, "length": 4.0, "mode": "test", "epoch": 37}
{"loss": 0.2372467964887619, "acc": 0.9069023132324219, "length": 3.9998841285705566, "mode": "train", "epoch": 38}
{"loss": 0.2562214434146881, "acc": 0.9054771661758423, "length": 4.0, "mode": "test", "epoch": 38}
{"loss": 0.22961930930614471, "acc": 0.9104479551315308, "length": 3.9999797344207764, "mode": "train", "epoch": 39}
{"loss": 0.25869104266166687, "acc": 0.9074204564094543, "length": 4.0, "mode": "test", "epoch": 39}
{"loss": 0.2330811619758606, "acc": 0.9112725257873535, "length": 3.999875783920288, "mode": "train", "epoch": 40}
{"loss": 0.244989275932312, "acc": 0.9079506993293762, "length": 4.0, "mode": "test", "epoch": 40}
{"loss": 0.2321624904870987, "acc": 0.9052762985229492, "length": 3.998192071914673, "mode": "train", "epoch": 41}
{"loss": 0.2500532865524292, "acc": 0.9038869738578796, "length": 4.0, "mode": "test", "epoch": 41}
{"loss": 0.2268870621919632, "acc": 0.910148024559021, "length": 3.999868631362915, "mode": "train", "epoch": 42}
{"loss": 0.24569173157215118, "acc": 0.9093639850616455, "length": 4.0, "mode": "test", "epoch": 42}
{"loss": 0.2259170114994049, "acc": 0.9020653963088989, "length": 3.999969244003296, "mode": "train", "epoch": 43}
{"loss": 0.25397565960884094, "acc": 0.9042403101921082, "length": 4.0, "mode": "test", "epoch": 43}
{"loss": 0.2250785082578659, "acc": 0.9130436182022095, "length": 3.999936103820801, "mode": "train", "epoch": 44}
{"loss": 0.2411430925130844, "acc": 0.9090107083320618, "length": 4.0, "mode": "test", "epoch": 44}
{"loss": 0.20942476391792297, "acc": 0.9157266020774841, "length": 3.998940944671631, "mode": "train", "epoch": 45}
{"loss": 0.23994915187358856, "acc": 0.9091874361038208, "length": 4.0, "mode": "test", "epoch": 45}
{"loss": 0.21065856516361237, "acc": 0.9152821898460388, "length": 3.9996743202209473, "mode": "train", "epoch": 46}
{"loss": 0.25032830238342285, "acc": 0.9075973033905029, "length": 4.0, "mode": "test", "epoch": 46}
{"loss": 0.21333102881908417, "acc": 0.9171463847160339, "length": 3.999436140060425, "mode": "train", "epoch": 47}
{"loss": 0.23476596176624298, "acc": 0.9072439074516296, "length": 4.0, "mode": "test", "epoch": 47}
{"loss": 0.20319193601608276, "acc": 0.9177449941635132, "length": 3.9988908767700195, "mode": "train", "epoch": 48}
{"loss": 0.2344190925359726, "acc": 0.9107775092124939, "length": 4.0, "mode": "test", "epoch": 48}
{"loss": 0.20584699511528015, "acc": 0.9206587672233582, "length": 3.9999420642852783, "mode": "train", "epoch": 49}
{"loss": 0.23184767365455627, "acc": 0.9107771515846252, "length": 4.0, "mode": "test", "epoch": 49}
{"loss": 0.19838304817676544, "acc": 0.9209452867507935, "length": 3.9977784156799316, "mode": "train", "epoch": 50}
{"loss": 0.24709437787532806, "acc": 0.9091872572898865, "length": 4.0, "mode": "test", "epoch": 50}
{"loss": 0.20301511883735657, "acc": 0.92314612865448, "length": 3.999173879623413, "mode": "train", "epoch": 51}
{"loss": 0.2202785760164261, "acc": 0.919611394405365, "length": 4.0, "mode": "test", "epoch": 51}
{"loss": 0.19234810769557953, "acc": 0.9239071011543274, "length": 3.999983549118042, "mode": "train", "epoch": 52}
{"loss": 0.2254941314458847, "acc": 0.9151943325996399, "length": 4.0, "mode": "test", "epoch": 52}
{"loss": 0.18897780776023865, "acc": 0.9243106842041016, "length": 3.9997341632843018, "mode": "train", "epoch": 53}
{"loss": 0.22498157620429993, "acc": 0.9107773900032043, "length": 4.0, "mode": "test", "epoch": 53}
{"loss": 0.18883343040943146, "acc": 0.9248506426811218, "length": 3.9999654293060303, "mode": "train", "epoch": 54}
{"loss": 0.24630574882030487, "acc": 0.9010600447654724, "length": 4.0, "mode": "test", "epoch": 54}
{"loss": 0.1921459138393402, "acc": 0.9271196126937866, "length": 3.9975030422210693, "mode": "train", "epoch": 55}
{"loss": 0.24073536694049835, "acc": 0.9130741953849792, "length": 4.0, "mode": "test", "epoch": 55}
{"loss": 0.18712283670902252, "acc": 0.9241287112236023, "length": 3.9994730949401855, "mode": "train", "epoch": 56}
{"loss": 0.22815333306789398, "acc": 0.91166090965271, "length": 4.0, "mode": "test", "epoch": 56}
{"loss": 0.1842399537563324, "acc": 0.9265629649162292, "length": 3.9999754428863525, "mode": "train", "epoch": 57}
{"loss": 0.2271338701248169, "acc": 0.9148409962654114, "length": 4.0, "mode": "test", "epoch": 57}
{"loss": 0.18545199930667877, "acc": 0.9251343011856079, "length": 3.999782085418701, "mode": "train", "epoch": 58}
{"loss": 0.24063749611377716, "acc": 0.9118375182151794, "length": 4.0, "mode": "test", "epoch": 58}
{"loss": 0.19010718166828156, "acc": 0.9283623695373535, "length": 3.9989113807678223, "mode": "train", "epoch": 59}
{"loss": 0.2523685395717621, "acc": 0.9065371751785278, "length": 4.0, "mode": "test", "epoch": 59}
{"loss": 0.18757854402065277, "acc": 0.9278147220611572, "length": 3.9988677501678467, "mode": "train", "epoch": 60}
{"loss": 0.22362716495990753, "acc": 0.912720799446106, "length": 4.0, "mode": "test", "epoch": 60}
test accuracy: 0.8396773934364319
