# ["--attributes=5", "--values=4", "--game_size=10", "--vocab_size_factor=3", "--n_epochs=60", "--batch_size=128", "--learning_rate=0.0005", "--hidden_size=256", "--temp_update=0.99", "--temperature=1.5"]
Creating train_ds and val_ds...

Creating test_ds...
{"loss": 0.7409844994544983, "acc": 0.501194179058075, "length": 3.4872992038726807, "mode": "train", "epoch": 1}
{"loss": 0.6928345561027527, "acc": 0.48817571997642517, "length": 1.0, "mode": "test", "epoch": 1}
{"loss": 0.7027866840362549, "acc": 0.5215840935707092, "length": 3.119049310684204, "mode": "train", "epoch": 2}
{"loss": 0.6938705444335938, "acc": 0.5057432055473328, "length": 1.0, "mode": "test", "epoch": 2}
{"loss": 0.6931045055389404, "acc": 0.531568169593811, "length": 2.2054083347320557, "mode": "train", "epoch": 3}
{"loss": 0.6939932703971863, "acc": 0.5011823773384094, "length": 1.0, "mode": "test", "epoch": 3}
{"loss": 0.6896663904190063, "acc": 0.5299917459487915, "length": 1.4027528762817383, "mode": "train", "epoch": 4}
{"loss": 0.6933774352073669, "acc": 0.5062499642372131, "length": 1.0, "mode": "test", "epoch": 4}
{"loss": 0.6825144290924072, "acc": 0.5587398409843445, "length": 1.7035022974014282, "mode": "train", "epoch": 5}
{"loss": 0.6828449964523315, "acc": 0.5048949718475342, "length": 1.0574324131011963, "mode": "test", "epoch": 5}
{"loss": 0.6627375483512878, "acc": 0.6225364208221436, "length": 2.209566593170166, "mode": "train", "epoch": 6}
{"loss": 0.6467990875244141, "acc": 0.6273266673088074, "length": 1.7668918371200562, "mode": "test", "epoch": 6}
{"loss": 0.6273883581161499, "acc": 0.7035397291183472, "length": 2.316800117492676, "mode": "train", "epoch": 7}
{"loss": 0.5815224647521973, "acc": 0.7526187896728516, "length": 2.7128379344940186, "mode": "test", "epoch": 7}
{"loss": 0.5766465067863464, "acc": 0.7623843550682068, "length": 2.6396594047546387, "mode": "train", "epoch": 8}
{"loss": 0.5374776721000671, "acc": 0.754159688949585, "length": 2.875, "mode": "test", "epoch": 8}
{"loss": 0.5149503946304321, "acc": 0.7717217206954956, "length": 2.7119381427764893, "mode": "train", "epoch": 9}
{"loss": 0.5089429616928101, "acc": 0.7751775979995728, "length": 2.9662163257598877, "mode": "test", "epoch": 9}
{"loss": 0.4713798463344574, "acc": 0.7865533828735352, "length": 2.7952828407287598, "mode": "train", "epoch": 10}
{"loss": 0.4913042485713959, "acc": 0.7841579914093018, "length": 2.9560811519622803, "mode": "test", "epoch": 10}
{"loss": 0.45351555943489075, "acc": 0.7884007692337036, "length": 2.8171329498291016, "mode": "train", "epoch": 11}
{"loss": 0.4882054328918457, "acc": 0.7957431674003601, "length": 2.976351261138916, "mode": "test", "epoch": 11}
{"loss": 0.4402397871017456, "acc": 0.8028101325035095, "length": 2.773928165435791, "mode": "train", "epoch": 12}
{"loss": 0.4914263188838959, "acc": 0.7946874499320984, "length": 2.9864864349365234, "mode": "test", "epoch": 12}
{"loss": 0.43226033449172974, "acc": 0.804928719997406, "length": 2.8357276916503906, "mode": "train", "epoch": 13}
{"loss": 0.4831776022911072, "acc": 0.7947967052459717, "length": 2.9864864349365234, "mode": "test", "epoch": 13}
{"loss": 0.4230118691921234, "acc": 0.8106000423431396, "length": 2.779501438140869, "mode": "train", "epoch": 14}
{"loss": 0.47230982780456543, "acc": 0.7940759658813477, "length": 2.925675630569458, "mode": "test", "epoch": 14}
{"loss": 0.41642361879348755, "acc": 0.8137190341949463, "length": 2.80885648727417, "mode": "train", "epoch": 15}
{"loss": 0.48053377866744995, "acc": 0.7858341336250305, "length": 3.0067567825317383, "mode": "test", "epoch": 15}
{"loss": 0.4081559479236603, "acc": 0.8157751560211182, "length": 2.826134204864502, "mode": "train", "epoch": 16}
{"loss": 0.4665546119213104, "acc": 0.7984541058540344, "length": 2.9054055213928223, "mode": "test", "epoch": 16}
{"loss": 0.4003484845161438, "acc": 0.8219600915908813, "length": 2.8188626766204834, "mode": "train", "epoch": 17}
{"loss": 0.45895278453826904, "acc": 0.8098048567771912, "length": 2.875, "mode": "test", "epoch": 17}
{"loss": 0.3959110379219055, "acc": 0.8264825940132141, "length": 2.83132004737854, "mode": "train", "epoch": 18}
{"loss": 0.4622690677642822, "acc": 0.8120267987251282, "length": 2.9358108043670654, "mode": "test", "epoch": 18}
{"loss": 0.38969558477401733, "acc": 0.827568531036377, "length": 2.8554232120513916, "mode": "train", "epoch": 19}
{"loss": 0.45511770248413086, "acc": 0.8139992356300354, "length": 2.9155404567718506, "mode": "test", "epoch": 19}
{"loss": 0.3834354281425476, "acc": 0.833471953868866, "length": 2.871255874633789, "mode": "train", "epoch": 20}
{"loss": 0.44668540358543396, "acc": 0.8192246556282043, "length": 2.925675630569458, "mode": "test", "epoch": 20}
{"loss": 0.3800986111164093, "acc": 0.8380735516548157, "length": 2.9228992462158203, "mode": "train", "epoch": 21}
{"loss": 0.45174551010131836, "acc": 0.8204444646835327, "length": 2.9155404567718506, "mode": "test", "epoch": 21}
{"loss": 0.3743283450603485, "acc": 0.8420849442481995, "length": 2.9387266635894775, "mode": "train", "epoch": 22}
{"loss": 0.44394946098327637, "acc": 0.8173879384994507, "length": 3.1081080436706543, "mode": "test", "epoch": 22}
{"loss": 0.36776572465896606, "acc": 0.846019983291626, "length": 3.0185558795928955, "mode": "train", "epoch": 23}
{"loss": 0.43285155296325684, "acc": 0.8220090270042419, "length": 3.047297239303589, "mode": "test", "epoch": 23}
{"loss": 0.3630017042160034, "acc": 0.849274218082428, "length": 3.0134387016296387, "mode": "train", "epoch": 24}
{"loss": 0.43227285146713257, "acc": 0.8262404799461365, "length": 3.097972869873047, "mode": "test", "epoch": 24}
{"loss": 0.354598730802536, "acc": 0.8509662747383118, "length": 3.0950748920440674, "mode": "train", "epoch": 25}
{"loss": 0.42142266035079956, "acc": 0.8280966877937317, "length": 3.0878379344940186, "mode": "test", "epoch": 25}
{"loss": 0.3500365614891052, "acc": 0.8522123694419861, "length": 3.0969016551971436, "mode": "train", "epoch": 26}
{"loss": 0.43087834119796753, "acc": 0.8287416100502014, "length": 3.0878379344940186, "mode": "test", "epoch": 26}
{"loss": 0.34704354405403137, "acc": 0.8572718501091003, "length": 3.0742435455322266, "mode": "train", "epoch": 27}
{"loss": 0.4263795018196106, "acc": 0.8232464790344238, "length": 3.1081080436706543, "mode": "test", "epoch": 27}
{"loss": 0.345085471868515, "acc": 0.8528267741203308, "length": 3.1037001609802246, "mode": "train", "epoch": 28}
{"loss": 0.4200687110424042, "acc": 0.824055016040802, "length": 3.148648738861084, "mode": "test", "epoch": 28}
{"loss": 0.33988723158836365, "acc": 0.8588175773620605, "length": 3.149752378463745, "mode": "train", "epoch": 29}
{"loss": 0.4119090437889099, "acc": 0.8308282494544983, "length": 3.077702760696411, "mode": "test", "epoch": 29}
{"loss": 0.33791714906692505, "acc": 0.857657253742218, "length": 3.133103132247925, "mode": "train", "epoch": 30}
{"loss": 0.41716331243515015, "acc": 0.8325789570808411, "length": 3.1385135650634766, "mode": "test", "epoch": 30}
{"loss": 0.33143627643585205, "acc": 0.8620021343231201, "length": 3.15342378616333, "mode": "train", "epoch": 31}
{"loss": 0.416642963886261, "acc": 0.8261812329292297, "length": 3.1385135650634766, "mode": "test", "epoch": 31}
{"loss": 0.33344313502311707, "acc": 0.8590534329414368, "length": 3.145679235458374, "mode": "train", "epoch": 32}
{"loss": 0.4174686670303345, "acc": 0.8383302688598633, "length": 3.0878379344940186, "mode": "test", "epoch": 32}
{"loss": 0.3305785655975342, "acc": 0.8637778759002686, "length": 3.1573898792266846, "mode": "train", "epoch": 33}
{"loss": 0.4055446982383728, "acc": 0.8332981467247009, "length": 3.128378391265869, "mode": "test", "epoch": 33}
{"loss": 0.3252291679382324, "acc": 0.864627480506897, "length": 3.138772487640381, "mode": "train", "epoch": 34}
{"loss": 0.41038426756858826, "acc": 0.8330764770507812, "length": 3.148648738861084, "mode": "test", "epoch": 34}
{"loss": 0.32411596179008484, "acc": 0.8662776350975037, "length": 3.154409885406494, "mode": "train", "epoch": 35}
{"loss": 0.4047814607620239, "acc": 0.8360522389411926, "length": 3.1182432174682617, "mode": "test", "epoch": 35}
{"loss": 0.31896910071372986, "acc": 0.8679283261299133, "length": 3.154555559158325, "mode": "train", "epoch": 36}
{"loss": 0.4025576710700989, "acc": 0.836336076259613, "length": 3.128378391265869, "mode": "test", "epoch": 36}
{"loss": 0.31744083762168884, "acc": 0.8680357933044434, "length": 3.159343719482422, "mode": "train", "epoch": 37}
{"loss": 0.3988758325576782, "acc": 0.8363860845565796, "length": 3.148648738861084, "mode": "test", "epoch": 37}
{"loss": 0.3123888075351715, "acc": 0.8714831471443176, "length": 3.1821706295013428, "mode": "train", "epoch": 38}
{"loss": 0.3968183994293213, "acc": 0.8388904333114624, "length": 3.097972869873047, "mode": "test", "epoch": 38}
{"loss": 0.3155934512615204, "acc": 0.8685423135757446, "length": 3.1484265327453613, "mode": "train", "epoch": 39}
{"loss": 0.40013939142227173, "acc": 0.8341675996780396, "length": 3.128378391265869, "mode": "test", "epoch": 39}
{"loss": 0.3105938136577606, "acc": 0.8691681027412415, "length": 3.1613829135894775, "mode": "train", "epoch": 40}
{"loss": 0.4028630256652832, "acc": 0.8398370742797852, "length": 3.1587836742401123, "mode": "test", "epoch": 40}
{"loss": 0.30283498764038086, "acc": 0.8723551630973816, "length": 3.1517293453216553, "mode": "train", "epoch": 41}
{"loss": 0.3929244875907898, "acc": 0.8394769430160522, "length": 3.1587836742401123, "mode": "test", "epoch": 41}
{"loss": 0.3056730329990387, "acc": 0.8710585236549377, "length": 3.178873300552368, "mode": "train", "epoch": 42}
{"loss": 0.3994245231151581, "acc": 0.8428707718849182, "length": 3.1081080436706543, "mode": "test", "epoch": 42}
{"loss": 0.30372506380081177, "acc": 0.8745771050453186, "length": 3.1650424003601074, "mode": "train", "epoch": 43}
{"loss": 0.3938082456588745, "acc": 0.8448191285133362, "length": 3.270270347595215, "mode": "test", "epoch": 43}
{"loss": 0.301005482673645, "acc": 0.8769329786300659, "length": 3.1822731494903564, "mode": "train", "epoch": 44}
{"loss": 0.3927568197250366, "acc": 0.845008909702301, "length": 3.148648738861084, "mode": "test", "epoch": 44}
{"loss": 0.29592272639274597, "acc": 0.8765469193458557, "length": 3.184453010559082, "mode": "train", "epoch": 45}
{"loss": 0.3844664990901947, "acc": 0.8519373536109924, "length": 3.179054021835327, "mode": "test", "epoch": 45}
{"loss": 0.29501649737358093, "acc": 0.8772082924842834, "length": 3.2195818424224854, "mode": "train", "epoch": 46}
{"loss": 0.372816264629364, "acc": 0.8554129600524902, "length": 3.229729652404785, "mode": "test", "epoch": 46}
{"loss": 0.29408594965934753, "acc": 0.8767474889755249, "length": 3.2825794219970703, "mode": "train", "epoch": 47}
{"loss": 0.3696288466453552, "acc": 0.856731653213501, "length": 3.2905404567718506, "mode": "test", "epoch": 47}
{"loss": 0.28762975335121155, "acc": 0.881861686706543, "length": 3.208280324935913, "mode": "train", "epoch": 48}
{"loss": 0.3635459542274475, "acc": 0.8575436472892761, "length": 3.300675630569458, "mode": "test", "epoch": 48}
{"loss": 0.28241467475891113, "acc": 0.8828272819519043, "length": 3.3026158809661865, "mode": "train", "epoch": 49}
{"loss": 0.3597968816757202, "acc": 0.8674754500389099, "length": 3.2804055213928223, "mode": "test", "epoch": 49}
{"loss": 0.2784087657928467, "acc": 0.8827636241912842, "length": 3.3015761375427246, "mode": "train", "epoch": 50}
{"loss": 0.35081052780151367, "acc": 0.8663716912269592, "length": 3.3614864349365234, "mode": "test", "epoch": 50}
{"loss": 0.27462977170944214, "acc": 0.8869560956954956, "length": 3.326347589492798, "mode": "train", "epoch": 51}
{"loss": 0.3373280167579651, "acc": 0.8685018420219421, "length": 3.371621608734131, "mode": "test", "epoch": 51}
{"loss": 0.26526039838790894, "acc": 0.8898366093635559, "length": 3.399751663208008, "mode": "train", "epoch": 52}
{"loss": 0.33854228258132935, "acc": 0.8694521188735962, "length": 3.472972869873047, "mode": "test", "epoch": 52}
{"loss": 0.25999757647514343, "acc": 0.8917471766471863, "length": 3.3794143199920654, "mode": "train", "epoch": 53}
{"loss": 0.332644522190094, "acc": 0.8773654103279114, "length": 3.3412163257598877, "mode": "test", "epoch": 53}
{"loss": 0.2545768618583679, "acc": 0.8945269584655762, "length": 3.37258243560791, "mode": "train", "epoch": 54}
{"loss": 0.31843388080596924, "acc": 0.8793958425521851, "length": 3.5439188480377197, "mode": "test", "epoch": 54}
{"loss": 0.24470430612564087, "acc": 0.899594247341156, "length": 3.481276273727417, "mode": "train", "epoch": 55}
{"loss": 0.3010178506374359, "acc": 0.8840543627738953, "length": 3.452702760696411, "mode": "test", "epoch": 55}
{"loss": 0.24441207945346832, "acc": 0.8982009291648865, "length": 3.4118447303771973, "mode": "train", "epoch": 56}
{"loss": 0.3040018081665039, "acc": 0.8851022720336914, "length": 3.452702760696411, "mode": "test", "epoch": 56}
{"loss": 0.2339097261428833, "acc": 0.9062355160713196, "length": 3.4564268589019775, "mode": "train", "epoch": 57}
{"loss": 0.2947860360145569, "acc": 0.8860188126564026, "length": 3.574324369430542, "mode": "test", "epoch": 57}
{"loss": 0.23665077984333038, "acc": 0.9041800498962402, "length": 3.494314432144165, "mode": "train", "epoch": 58}
{"loss": 0.29145902395248413, "acc": 0.8853811025619507, "length": 3.554054021835327, "mode": "test", "epoch": 58}
{"loss": 0.22818401455879211, "acc": 0.9064008593559265, "length": 3.502432346343994, "mode": "train", "epoch": 59}
{"loss": 0.2735333740711212, "acc": 0.8809202313423157, "length": 3.5439188480377197, "mode": "test", "epoch": 59}
{"loss": 0.22269651293754578, "acc": 0.9100673198699951, "length": 3.4880340099334717, "mode": "train", "epoch": 60}
{"loss": 0.27266770601272583, "acc": 0.8818187117576599, "length": 3.523648738861084, "mode": "test", "epoch": 60}
test accuracy: 0.6721965670585632
