# ["--attributes=5", "--values=16", "--game_size=10", "--vocab_size_factor=3", "--n_epochs=60", "--batch_size=32", "--learning_rate=0.0005", "--hidden_size=128", "--temp_update=0.97", "--temperature=1.5"]
Creating train_ds and val_ds...

Creating test_ds...
{"loss": 0.695393979549408, "acc": 0.5074135661125183, "length": 3.526435613632202, "mode": "train", "epoch": 1}
{"loss": 0.6784958839416504, "acc": 0.5914888978004456, "length": 2.5174825191497803, "mode": "test", "epoch": 1}
{"loss": 0.680776834487915, "acc": 0.5802629590034485, "length": 3.5188305377960205, "mode": "train", "epoch": 2}
{"loss": 0.648669421672821, "acc": 0.6559677720069885, "length": 3.7587411403656006, "mode": "test", "epoch": 2}
{"loss": 0.6030729413032532, "acc": 0.703700065612793, "length": 3.7971713542938232, "mode": "train", "epoch": 3}
{"loss": 0.5788612365722656, "acc": 0.708741307258606, "length": 4.0, "mode": "test", "epoch": 3}
{"loss": 0.5287340879440308, "acc": 0.740643322467804, "length": 3.9106431007385254, "mode": "train", "epoch": 4}
{"loss": 0.49874094128608704, "acc": 0.7919579744338989, "length": 4.0, "mode": "test", "epoch": 4}
{"loss": 0.4554779529571533, "acc": 0.8025521039962769, "length": 3.938509702682495, "mode": "train", "epoch": 5}
{"loss": 0.45761045813560486, "acc": 0.7987761497497559, "length": 4.0, "mode": "test", "epoch": 5}
{"loss": 0.40679189562797546, "acc": 0.8157492280006409, "length": 3.9498279094696045, "mode": "train", "epoch": 6}
{"loss": 0.41997599601745605, "acc": 0.8183566927909851, "length": 4.0, "mode": "test", "epoch": 6}
{"loss": 0.3657049834728241, "acc": 0.844261646270752, "length": 3.958496570587158, "mode": "train", "epoch": 7}
{"loss": 0.38566356897354126, "acc": 0.8328670859336853, "length": 4.0, "mode": "test", "epoch": 7}
{"loss": 0.3230937123298645, "acc": 0.8759436011314392, "length": 3.979091167449951, "mode": "train", "epoch": 8}
{"loss": 0.38201314210891724, "acc": 0.8569929003715515, "length": 4.0, "mode": "test", "epoch": 8}
{"loss": 0.2918844521045685, "acc": 0.8856492638587952, "length": 3.987717390060425, "mode": "train", "epoch": 9}
{"loss": 0.3422795236110687, "acc": 0.8664336800575256, "length": 4.0, "mode": "test", "epoch": 9}
{"loss": 0.2723854184150696, "acc": 0.8959934711456299, "length": 3.9869532585144043, "mode": "train", "epoch": 10}
{"loss": 0.321079820394516, "acc": 0.8734264969825745, "length": 4.0, "mode": "test", "epoch": 10}
{"loss": 0.24810215830802917, "acc": 0.9113696813583374, "length": 3.9904394149780273, "mode": "train", "epoch": 11}
{"loss": 0.31567755341529846, "acc": 0.8790211081504822, "length": 4.0, "mode": "test", "epoch": 11}
{"loss": 0.241511270403862, "acc": 0.9134408831596375, "length": 3.9943766593933105, "mode": "train", "epoch": 12}
{"loss": 0.28823840618133545, "acc": 0.8930070996284485, "length": 4.0, "mode": "test", "epoch": 12}
{"loss": 0.23633401095867157, "acc": 0.9146573543548584, "length": 3.992936849594116, "mode": "train", "epoch": 13}
{"loss": 0.27446621656417847, "acc": 0.9001748561859131, "length": 4.0, "mode": "test", "epoch": 13}
{"loss": 0.232414111495018, "acc": 0.9169149994850159, "length": 3.9926373958587646, "mode": "train", "epoch": 14}
{"loss": 0.2915513813495636, "acc": 0.8954545855522156, "length": 4.0, "mode": "test", "epoch": 14}
{"loss": 0.22994835674762726, "acc": 0.9187803864479065, "length": 3.9952189922332764, "mode": "train", "epoch": 15}
{"loss": 0.27500009536743164, "acc": 0.8949301838874817, "length": 4.0, "mode": "test", "epoch": 15}
{"loss": 0.22160376608371735, "acc": 0.9225146770477295, "length": 3.9961156845092773, "mode": "train", "epoch": 16}
{"loss": 0.2645217180252075, "acc": 0.9064685106277466, "length": 4.0, "mode": "test", "epoch": 16}
{"loss": 0.21648406982421875, "acc": 0.9259891510009766, "length": 3.996229648590088, "mode": "train", "epoch": 17}
{"loss": 0.2537815272808075, "acc": 0.9139859676361084, "length": 4.0, "mode": "test", "epoch": 17}
{"loss": 0.21410024166107178, "acc": 0.9266709089279175, "length": 3.9953627586364746, "mode": "train", "epoch": 18}
{"loss": 0.25116464495658875, "acc": 0.9124126434326172, "length": 4.0, "mode": "test", "epoch": 18}
{"loss": 0.21191824972629547, "acc": 0.9263836145401001, "length": 3.9980623722076416, "mode": "train", "epoch": 19}
{"loss": 0.25000372529029846, "acc": 0.9122377634048462, "length": 4.0, "mode": "test", "epoch": 19}
{"loss": 0.20878896117210388, "acc": 0.9259682297706604, "length": 3.9978525638580322, "mode": "train", "epoch": 20}
{"loss": 0.23933178186416626, "acc": 0.9188811779022217, "length": 4.0, "mode": "test", "epoch": 20}
{"loss": 0.20737937092781067, "acc": 0.9276741743087769, "length": 3.998750686645508, "mode": "train", "epoch": 21}
{"loss": 0.2487623244524002, "acc": 0.9129371047019958, "length": 4.0, "mode": "test", "epoch": 21}
{"loss": 0.20494906604290009, "acc": 0.9267907738685608, "length": 3.9984631538391113, "mode": "train", "epoch": 22}
{"loss": 0.24001799523830414, "acc": 0.9167832732200623, "length": 4.0, "mode": "test", "epoch": 22}
{"loss": 0.20116707682609558, "acc": 0.9260113835334778, "length": 3.9978511333465576, "mode": "train", "epoch": 23}
{"loss": 0.24869029223918915, "acc": 0.9153845906257629, "length": 4.0, "mode": "test", "epoch": 23}
{"loss": 0.20354056358337402, "acc": 0.9262174367904663, "length": 3.998889684677124, "mode": "train", "epoch": 24}
{"loss": 0.25009360909461975, "acc": 0.9138113260269165, "length": 4.0, "mode": "test", "epoch": 24}
{"loss": 0.20069406926631927, "acc": 0.9248870015144348, "length": 3.997504949569702, "mode": "train", "epoch": 25}
{"loss": 0.24857892096042633, "acc": 0.9125874042510986, "length": 4.0, "mode": "test", "epoch": 25}
{"loss": 0.19401206076145172, "acc": 0.9309014678001404, "length": 3.999257802963257, "mode": "train", "epoch": 26}
{"loss": 0.23908069729804993, "acc": 0.9143356680870056, "length": 4.0, "mode": "test", "epoch": 26}
{"loss": 0.19618657231330872, "acc": 0.9264281988143921, "length": 3.9972009658813477, "mode": "train", "epoch": 27}
{"loss": 0.24850432574748993, "acc": 0.9113634824752808, "length": 4.0, "mode": "test", "epoch": 27}
{"loss": 0.19170042872428894, "acc": 0.9298350811004639, "length": 3.997983932495117, "mode": "train", "epoch": 28}
{"loss": 0.23116329312324524, "acc": 0.9215034246444702, "length": 4.0, "mode": "test", "epoch": 28}
{"loss": 0.1888905167579651, "acc": 0.9305219054222107, "length": 3.9976003170013428, "mode": "train", "epoch": 29}
{"loss": 0.24178476631641388, "acc": 0.9192308783531189, "length": 4.0, "mode": "test", "epoch": 29}
{"loss": 0.18898041546344757, "acc": 0.9314844012260437, "length": 3.99933123588562, "mode": "train", "epoch": 30}
{"loss": 0.22243542969226837, "acc": 0.9237762689590454, "length": 4.0, "mode": "test", "epoch": 30}
{"loss": 0.18464773893356323, "acc": 0.9313188791275024, "length": 3.9997482299804688, "mode": "train", "epoch": 31}
{"loss": 0.2203913927078247, "acc": 0.9276221990585327, "length": 4.0, "mode": "test", "epoch": 31}
{"loss": 0.18457289040088654, "acc": 0.9341898560523987, "length": 3.9998323917388916, "mode": "train", "epoch": 32}
{"loss": 0.2247074693441391, "acc": 0.9256992936134338, "length": 4.0, "mode": "test", "epoch": 32}
{"loss": 0.17940166592597961, "acc": 0.9293545484542847, "length": 3.995701789855957, "mode": "train", "epoch": 33}
{"loss": 0.2240746021270752, "acc": 0.9243008494377136, "length": 4.0, "mode": "test", "epoch": 33}
{"loss": 0.1752147376537323, "acc": 0.937745988368988, "length": 3.9989326000213623, "mode": "train", "epoch": 34}
{"loss": 0.22678960859775543, "acc": 0.9232516884803772, "length": 4.0, "mode": "test", "epoch": 34}
{"loss": 0.17421676218509674, "acc": 0.9347018003463745, "length": 3.9993984699249268, "mode": "train", "epoch": 35}
{"loss": 0.2194768488407135, "acc": 0.9263986349105835, "length": 4.0, "mode": "test", "epoch": 35}
{"loss": 0.17115084826946259, "acc": 0.9328418970108032, "length": 3.9998159408569336, "mode": "train", "epoch": 36}
{"loss": 0.22616560757160187, "acc": 0.9281468987464905, "length": 4.0, "mode": "test", "epoch": 36}
{"loss": 0.1716735064983368, "acc": 0.9385606050491333, "length": 3.9986534118652344, "mode": "train", "epoch": 37}
{"loss": 0.2119700312614441, "acc": 0.9256994128227234, "length": 4.0, "mode": "test", "epoch": 37}
{"loss": 0.17318715155124664, "acc": 0.9358295798301697, "length": 3.9999608993530273, "mode": "train", "epoch": 38}
{"loss": 0.2401181012392044, "acc": 0.9220280051231384, "length": 4.0, "mode": "test", "epoch": 38}
{"loss": 0.18093927204608917, "acc": 0.9322553873062134, "length": 3.99983286857605, "mode": "train", "epoch": 39}
{"loss": 0.24781914055347443, "acc": 0.9075175523757935, "length": 4.0, "mode": "test", "epoch": 39}
{"loss": 0.16926926374435425, "acc": 0.9379613399505615, "length": 3.9986629486083984, "mode": "train", "epoch": 40}
{"loss": 0.20946331322193146, "acc": 0.9274475574493408, "length": 4.0, "mode": "test", "epoch": 40}
{"loss": 0.16192026436328888, "acc": 0.9373533725738525, "length": 3.9999914169311523, "mode": "train", "epoch": 41}
{"loss": 0.21307405829429626, "acc": 0.9248250722885132, "length": 4.0, "mode": "test", "epoch": 41}
{"loss": 0.16015644371509552, "acc": 0.9412149786949158, "length": 3.999856472015381, "mode": "train", "epoch": 42}
{"loss": 0.21639907360076904, "acc": 0.9270979762077332, "length": 4.0, "mode": "test", "epoch": 42}
{"loss": 0.15717501938343048, "acc": 0.9395779967308044, "length": 3.999983310699463, "mode": "train", "epoch": 43}
{"loss": 0.22264793515205383, "acc": 0.9211540222167969, "length": 4.0, "mode": "test", "epoch": 43}
{"loss": 0.1550419181585312, "acc": 0.9418017864227295, "length": 3.9998931884765625, "mode": "train", "epoch": 44}
{"loss": 0.20468738675117493, "acc": 0.9258741736412048, "length": 4.0, "mode": "test", "epoch": 44}
{"loss": 0.15069645643234253, "acc": 0.941685676574707, "length": 3.999986171722412, "mode": "train", "epoch": 45}
{"loss": 0.2150346040725708, "acc": 0.9263986349105835, "length": 4.0, "mode": "test", "epoch": 45}
{"loss": 0.15756481885910034, "acc": 0.940455973148346, "length": 3.9999845027923584, "mode": "train", "epoch": 46}
{"loss": 0.21313799917697906, "acc": 0.9229020476341248, "length": 4.0, "mode": "test", "epoch": 46}
{"loss": 0.1433752179145813, "acc": 0.9458998441696167, "length": 3.999953508377075, "mode": "train", "epoch": 47}
{"loss": 0.190143421292305, "acc": 0.9375873804092407, "length": 4.0, "mode": "test", "epoch": 47}
{"loss": 0.14407850801944733, "acc": 0.9467794299125671, "length": 3.999985933303833, "mode": "train", "epoch": 48}
{"loss": 0.19851194322109222, "acc": 0.9316434860229492, "length": 4.0, "mode": "test", "epoch": 48}
{"loss": 0.15142041444778442, "acc": 0.9451875686645508, "length": 3.9997799396514893, "mode": "train", "epoch": 49}
{"loss": 0.21689946949481964, "acc": 0.9255245327949524, "length": 4.0, "mode": "test", "epoch": 49}
{"loss": 0.1472129225730896, "acc": 0.9484539031982422, "length": 3.9994871616363525, "mode": "train", "epoch": 50}
{"loss": 0.19134528934955597, "acc": 0.9328669905662537, "length": 4.0, "mode": "test", "epoch": 50}
{"loss": 0.13355520367622375, "acc": 0.9527502655982971, "length": 3.999523401260376, "mode": "train", "epoch": 51}
{"loss": 0.18530549108982086, "acc": 0.9375872611999512, "length": 4.0, "mode": "test", "epoch": 51}
{"loss": 0.13989876210689545, "acc": 0.9499998688697815, "length": 3.9999923706054688, "mode": "train", "epoch": 52}
{"loss": 0.2003263533115387, "acc": 0.9353147149085999, "length": 4.0, "mode": "test", "epoch": 52}
{"loss": 0.15303686261177063, "acc": 0.9445226192474365, "length": 3.999248743057251, "mode": "train", "epoch": 53}
{"loss": 0.20574553310871124, "acc": 0.9290210008621216, "length": 4.0, "mode": "test", "epoch": 53}
{"loss": 0.1438634842634201, "acc": 0.94765704870224, "length": 3.999983072280884, "mode": "train", "epoch": 54}
{"loss": 0.1872672289609909, "acc": 0.9346152544021606, "length": 4.0, "mode": "test", "epoch": 54}
{"loss": 0.14145620167255402, "acc": 0.9448632597923279, "length": 3.996915102005005, "mode": "train", "epoch": 55}
{"loss": 0.20493589341640472, "acc": 0.9293705821037292, "length": 4.0, "mode": "test", "epoch": 55}
{"loss": 0.13478876650333405, "acc": 0.9509355425834656, "length": 3.999962329864502, "mode": "train", "epoch": 56}
{"loss": 0.2102086842060089, "acc": 0.9374127388000488, "length": 4.0, "mode": "test", "epoch": 56}
{"loss": 0.13846734166145325, "acc": 0.952394962310791, "length": 3.999844551086426, "mode": "train", "epoch": 57}
{"loss": 0.1988489180803299, "acc": 0.9335664510726929, "length": 4.0, "mode": "test", "epoch": 57}
{"loss": 0.13526055216789246, "acc": 0.9508175253868103, "length": 3.999940872192383, "mode": "train", "epoch": 58}
{"loss": 0.1890433430671692, "acc": 0.9400347471237183, "length": 4.0, "mode": "test", "epoch": 58}
{"loss": 0.13096049427986145, "acc": 0.9527296423912048, "length": 3.9963138103485107, "mode": "train", "epoch": 59}
{"loss": 0.19216454029083252, "acc": 0.9416083693504333, "length": 4.0, "mode": "test", "epoch": 59}
{"loss": 0.12539778649806976, "acc": 0.9553835988044739, "length": 3.9999423027038574, "mode": "train", "epoch": 60}
{"loss": 0.17766593396663666, "acc": 0.9405593276023865, "length": 4.0, "mode": "test", "epoch": 60}
test accuracy: 0.8158333897590637
