# ["--attributes=5", "--values=16", "--game_size=10", "--vocab_size_factor=3", "--n_epochs=60", "--batch_size=32", "--learning_rate=0.001", "--hidden_size=128", "--temp_update=0.97", "--temperature=1.5"]
Creating train_ds and val_ds...

Creating test_ds...
{"loss": 0.6980358958244324, "acc": 0.5066890120506287, "length": 2.792229175567627, "mode": "train", "epoch": 1}
{"loss": 0.6946353316307068, "acc": 0.48839592933654785, "length": 1.0, "mode": "test", "epoch": 1}
{"loss": 0.6613662242889404, "acc": 0.62347811460495, "length": 2.5703272819519043, "mode": "train", "epoch": 2}
{"loss": 0.5812059044837952, "acc": 0.733148455619812, "length": 2.94197940826416, "mode": "test", "epoch": 2}
{"loss": 0.5150229930877686, "acc": 0.7658157348632812, "length": 3.3799445629119873, "mode": "train", "epoch": 3}
{"loss": 0.4283904731273651, "acc": 0.8224135637283325, "length": 3.5187714099884033, "mode": "test", "epoch": 3}
{"loss": 0.39339643716812134, "acc": 0.8349235653877258, "length": 3.5769786834716797, "mode": "train", "epoch": 4}
{"loss": 0.373264342546463, "acc": 0.8533862829208374, "length": 3.7167234420776367, "mode": "test", "epoch": 4}
{"loss": 0.32922953367233276, "acc": 0.8635265231132507, "length": 3.7707738876342773, "mode": "train", "epoch": 5}
{"loss": 0.3470248579978943, "acc": 0.8622813820838928, "length": 3.8839590549468994, "mode": "test", "epoch": 5}
{"loss": 0.28903788328170776, "acc": 0.8851872086524963, "length": 3.903712749481201, "mode": "train", "epoch": 6}
{"loss": 0.316156804561615, "acc": 0.868600606918335, "length": 4.0, "mode": "test", "epoch": 6}
{"loss": 0.27271509170532227, "acc": 0.8894234895706177, "length": 3.960824489593506, "mode": "train", "epoch": 7}
{"loss": 0.32786908745765686, "acc": 0.875597357749939, "length": 4.0, "mode": "test", "epoch": 7}
{"loss": 0.2544059753417969, "acc": 0.8958765268325806, "length": 3.977130651473999, "mode": "train", "epoch": 8}
{"loss": 0.30597278475761414, "acc": 0.8843003511428833, "length": 4.0, "mode": "test", "epoch": 8}
{"loss": 0.24813278019428253, "acc": 0.9009851813316345, "length": 3.984260320663452, "mode": "train", "epoch": 9}
{"loss": 0.26973164081573486, "acc": 0.8911263942718506, "length": 4.0, "mode": "test", "epoch": 9}
{"loss": 0.22517326474189758, "acc": 0.9095832109451294, "length": 3.990295171737671, "mode": "train", "epoch": 10}
{"loss": 0.256439745426178, "acc": 0.894197940826416, "length": 4.0, "mode": "test", "epoch": 10}
{"loss": 0.21028606593608856, "acc": 0.9198857545852661, "length": 3.990445375442505, "mode": "train", "epoch": 11}
{"loss": 0.24651074409484863, "acc": 0.9092150926589966, "length": 4.0, "mode": "test", "epoch": 11}
{"loss": 0.2078803926706314, "acc": 0.9159478545188904, "length": 3.9942662715911865, "mode": "train", "epoch": 12}
{"loss": 0.2315130978822708, "acc": 0.9133105874061584, "length": 4.0, "mode": "test", "epoch": 12}
{"loss": 0.1932530552148819, "acc": 0.9291273355484009, "length": 3.995983839035034, "mode": "train", "epoch": 13}
{"loss": 0.229116752743721, "acc": 0.9165528416633606, "length": 4.0, "mode": "test", "epoch": 13}
{"loss": 0.18966402113437653, "acc": 0.9303050637245178, "length": 3.9957683086395264, "mode": "train", "epoch": 14}
{"loss": 0.2360374927520752, "acc": 0.9143344759941101, "length": 4.0, "mode": "test", "epoch": 14}
{"loss": 0.1802496463060379, "acc": 0.9331084489822388, "length": 3.9961485862731934, "mode": "train", "epoch": 15}
{"loss": 0.2078111469745636, "acc": 0.9203073382377625, "length": 4.0, "mode": "test", "epoch": 15}
{"loss": 0.16857782006263733, "acc": 0.9382061958312988, "length": 3.9971516132354736, "mode": "train", "epoch": 16}
{"loss": 0.20812702178955078, "acc": 0.9250853061676025, "length": 4.0, "mode": "test", "epoch": 16}
{"loss": 0.16613158583641052, "acc": 0.9379876255989075, "length": 3.9976139068603516, "mode": "train", "epoch": 17}
{"loss": 0.1995183676481247, "acc": 0.9245733618736267, "length": 4.0, "mode": "test", "epoch": 17}
{"loss": 0.16750219464302063, "acc": 0.937088131904602, "length": 3.998350143432617, "mode": "train", "epoch": 18}
{"loss": 0.1858946979045868, "acc": 0.9315699934959412, "length": 4.0, "mode": "test", "epoch": 18}
{"loss": 0.16805823147296906, "acc": 0.9369176030158997, "length": 3.998206615447998, "mode": "train", "epoch": 19}
{"loss": 0.19208745658397675, "acc": 0.9274744987487793, "length": 4.0, "mode": "test", "epoch": 19}
{"loss": 0.16854824125766754, "acc": 0.9353919625282288, "length": 3.9978561401367188, "mode": "train", "epoch": 20}
{"loss": 0.2243494987487793, "acc": 0.91825932264328, "length": 4.0, "mode": "test", "epoch": 20}
{"loss": 0.15489952266216278, "acc": 0.9443346858024597, "length": 3.9988577365875244, "mode": "train", "epoch": 21}
{"loss": 0.23483362793922424, "acc": 0.9329351782798767, "length": 4.0, "mode": "test", "epoch": 21}
{"loss": 0.15493281185626984, "acc": 0.9464987516403198, "length": 3.9988601207733154, "mode": "train", "epoch": 22}
{"loss": 0.15120522677898407, "acc": 0.943515419960022, "length": 4.0, "mode": "test", "epoch": 22}
{"loss": 0.13434401154518127, "acc": 0.9533522129058838, "length": 3.999493360519409, "mode": "train", "epoch": 23}
{"loss": 0.1641494482755661, "acc": 0.9511945843696594, "length": 4.0, "mode": "test", "epoch": 23}
{"loss": 0.13831382989883423, "acc": 0.9512481689453125, "length": 3.9996581077575684, "mode": "train", "epoch": 24}
{"loss": 0.1437731683254242, "acc": 0.9525596499443054, "length": 4.0, "mode": "test", "epoch": 24}
{"loss": 0.13137492537498474, "acc": 0.9535858035087585, "length": 3.9997222423553467, "mode": "train", "epoch": 25}
{"loss": 0.15397949516773224, "acc": 0.9510238766670227, "length": 4.0, "mode": "test", "epoch": 25}
{"loss": 0.12110744416713715, "acc": 0.9612665176391602, "length": 3.999112129211426, "mode": "train", "epoch": 26}
{"loss": 0.1417764276266098, "acc": 0.9493173956871033, "length": 4.0, "mode": "test", "epoch": 26}
{"loss": 0.12170831859111786, "acc": 0.9559811949729919, "length": 3.999556303024292, "mode": "train", "epoch": 27}
{"loss": 0.1444569081068039, "acc": 0.9551193714141846, "length": 4.0, "mode": "test", "epoch": 27}
{"loss": 0.11344493925571442, "acc": 0.9618958830833435, "length": 3.9990360736846924, "mode": "train", "epoch": 28}
{"loss": 0.13381294906139374, "acc": 0.953242301940918, "length": 4.0, "mode": "test", "epoch": 28}
{"loss": 0.10114158689975739, "acc": 0.9692354202270508, "length": 3.9987010955810547, "mode": "train", "epoch": 29}
{"loss": 0.12151245027780533, "acc": 0.9602388143539429, "length": 4.0, "mode": "test", "epoch": 29}
{"loss": 0.1080576628446579, "acc": 0.9637355804443359, "length": 3.999760150909424, "mode": "train", "epoch": 30}
{"loss": 0.12354748696088791, "acc": 0.9641638398170471, "length": 4.0, "mode": "test", "epoch": 30}
{"loss": 0.10643698275089264, "acc": 0.9657321572303772, "length": 3.9998269081115723, "mode": "train", "epoch": 31}
{"loss": 0.11023916304111481, "acc": 0.9680887460708618, "length": 4.0, "mode": "test", "epoch": 31}
{"loss": 0.11041060090065002, "acc": 0.9623624086380005, "length": 3.999610185623169, "mode": "train", "epoch": 32}
{"loss": 0.1228591799736023, "acc": 0.9641638398170471, "length": 4.0, "mode": "test", "epoch": 32}
{"loss": 0.10322607308626175, "acc": 0.963567852973938, "length": 3.9999306201934814, "mode": "train", "epoch": 33}
{"loss": 0.11378055810928345, "acc": 0.9670647382736206, "length": 4.0, "mode": "test", "epoch": 33}
{"loss": 0.09126509726047516, "acc": 0.9696090221405029, "length": 3.9998483657836914, "mode": "train", "epoch": 34}
{"loss": 0.11099590361118317, "acc": 0.962116003036499, "length": 4.0, "mode": "test", "epoch": 34}
{"loss": 0.10590174794197083, "acc": 0.9619706869125366, "length": 3.999875783920288, "mode": "train", "epoch": 35}
{"loss": 0.12364726513624191, "acc": 0.9593855738639832, "length": 4.0, "mode": "test", "epoch": 35}
{"loss": 0.09833130985498428, "acc": 0.9669230580329895, "length": 3.9996840953826904, "mode": "train", "epoch": 36}
{"loss": 0.10752331465482712, "acc": 0.962798535823822, "length": 4.0, "mode": "test", "epoch": 36}
{"loss": 0.10799717903137207, "acc": 0.9641953706741333, "length": 3.999964714050293, "mode": "train", "epoch": 37}
{"loss": 0.12273544073104858, "acc": 0.9605803489685059, "length": 4.0, "mode": "test", "epoch": 37}
{"loss": 0.09808652848005295, "acc": 0.9690410494804382, "length": 3.999964475631714, "mode": "train", "epoch": 38}
{"loss": 0.09950605779886246, "acc": 0.9675766825675964, "length": 4.0, "mode": "test", "epoch": 38}
{"loss": 0.08164679259061813, "acc": 0.972059965133667, "length": 3.999436378479004, "mode": "train", "epoch": 39}
{"loss": 0.11173024028539658, "acc": 0.9646757245063782, "length": 4.0, "mode": "test", "epoch": 39}
{"loss": 0.0833461806178093, "acc": 0.9699538350105286, "length": 3.9999771118164062, "mode": "train", "epoch": 40}
{"loss": 0.10669621080160141, "acc": 0.9576790928840637, "length": 4.0, "mode": "test", "epoch": 40}
{"loss": 0.09447713941335678, "acc": 0.9678927063941956, "length": 3.9993014335632324, "mode": "train", "epoch": 41}
{"loss": 0.11108678579330444, "acc": 0.9619452953338623, "length": 4.0, "mode": "test", "epoch": 41}
{"loss": 0.08326828479766846, "acc": 0.9713369011878967, "length": 3.9987099170684814, "mode": "train", "epoch": 42}
{"loss": 0.10840918868780136, "acc": 0.9600683450698853, "length": 4.0, "mode": "test", "epoch": 42}
{"loss": 0.07612632215023041, "acc": 0.9759941101074219, "length": 3.999757766723633, "mode": "train", "epoch": 43}
{"loss": 0.07491432875394821, "acc": 0.9720137119293213, "length": 4.0, "mode": "test", "epoch": 43}
{"loss": 0.0805596336722374, "acc": 0.9738253951072693, "length": 3.999704599380493, "mode": "train", "epoch": 44}
{"loss": 0.09042532742023468, "acc": 0.9692832827568054, "length": 4.0, "mode": "test", "epoch": 44}
{"loss": 0.06518746167421341, "acc": 0.9770751595497131, "length": 3.999556303024292, "mode": "train", "epoch": 45}
{"loss": 0.06856341660022736, "acc": 0.9771331548690796, "length": 4.0, "mode": "test", "epoch": 45}
{"loss": 0.06734564155340195, "acc": 0.9787899851799011, "length": 3.9998817443847656, "mode": "train", "epoch": 46}
{"loss": 0.09433471411466599, "acc": 0.9720137119293213, "length": 4.0, "mode": "test", "epoch": 46}
{"loss": 0.07829713076353073, "acc": 0.9734820127487183, "length": 3.9996469020843506, "mode": "train", "epoch": 47}
{"loss": 0.08182374387979507, "acc": 0.9725257158279419, "length": 4.0, "mode": "test", "epoch": 47}
{"loss": 0.06929823756217957, "acc": 0.9784491062164307, "length": 3.9996042251586914, "mode": "train", "epoch": 48}
{"loss": 0.09392251819372177, "acc": 0.9711604714393616, "length": 4.0, "mode": "test", "epoch": 48}
{"loss": 0.07700852304697037, "acc": 0.9735459089279175, "length": 3.9999780654907227, "mode": "train", "epoch": 49}
{"loss": 0.10854673385620117, "acc": 0.9718430042266846, "length": 4.0, "mode": "test", "epoch": 49}
{"loss": 0.07495161890983582, "acc": 0.9728618860244751, "length": 3.999994993209839, "mode": "train", "epoch": 50}
{"loss": 0.13621307909488678, "acc": 0.9569965600967407, "length": 4.0, "mode": "test", "epoch": 50}
{"loss": 0.06827510893344879, "acc": 0.9761684536933899, "length": 3.9999871253967285, "mode": "train", "epoch": 51}
{"loss": 0.09170186519622803, "acc": 0.9709898829460144, "length": 4.0, "mode": "test", "epoch": 51}
{"loss": 0.07973092794418335, "acc": 0.9697830677032471, "length": 3.999976634979248, "mode": "train", "epoch": 52}
{"loss": 0.0728125348687172, "acc": 0.9716724157333374, "length": 4.0, "mode": "test", "epoch": 52}
{"loss": 0.06827699393033981, "acc": 0.973944365978241, "length": 3.9999544620513916, "mode": "train", "epoch": 53}
{"loss": 0.1133200153708458, "acc": 0.963822603225708, "length": 4.0, "mode": "test", "epoch": 53}
{"loss": 0.06527964770793915, "acc": 0.9781599640846252, "length": 3.9983956813812256, "mode": "train", "epoch": 54}
{"loss": 0.08237706124782562, "acc": 0.9769624471664429, "length": 4.0, "mode": "test", "epoch": 54}
{"loss": 0.04694685712456703, "acc": 0.9834085702896118, "length": 3.9999520778656006, "mode": "train", "epoch": 55}
{"loss": 0.0810607373714447, "acc": 0.980375349521637, "length": 4.0, "mode": "test", "epoch": 55}
{"loss": 0.05727526545524597, "acc": 0.9826667308807373, "length": 3.99992299079895, "mode": "train", "epoch": 56}
{"loss": 0.05777034908533096, "acc": 0.9813993573188782, "length": 4.0, "mode": "test", "epoch": 56}
{"loss": 0.04865575209259987, "acc": 0.9850054383277893, "length": 3.999990701675415, "mode": "train", "epoch": 57}
{"loss": 0.07028680294752121, "acc": 0.9805461168289185, "length": 4.0, "mode": "test", "epoch": 57}
{"loss": 0.049190934747457504, "acc": 0.9832918047904968, "length": 3.999891519546509, "mode": "train", "epoch": 58}
{"loss": 0.12438390403985977, "acc": 0.9713310599327087, "length": 4.0, "mode": "test", "epoch": 58}
{"loss": 0.06537793576717377, "acc": 0.9799270033836365, "length": 3.9998648166656494, "mode": "train", "epoch": 59}
{"loss": 0.07695422321557999, "acc": 0.9790101647377014, "length": 4.0, "mode": "test", "epoch": 59}
{"loss": 0.0908178836107254, "acc": 0.9731465578079224, "length": 3.9999840259552, "mode": "train", "epoch": 60}
{"loss": 0.14439859986305237, "acc": 0.9633105993270874, "length": 4.0, "mode": "test", "epoch": 60}
test accuracy: 0.7718519568443298
