# ["--attributes=5", "--values=16", "--game_size=10", "--vocab_size_factor=3", "--n_epochs=60", "--batch_size=64", "--learning_rate=0.001", "--hidden_size=128", "--temp_update=0.97", "--temperature=1.5"]
Creating train_ds and val_ds...

Creating test_ds...
{"loss": 0.6952899098396301, "acc": 0.5275483727455139, "length": 3.445972442626953, "mode": "train", "epoch": 1}
{"loss": 0.6896442174911499, "acc": 0.5266903638839722, "length": 1.0, "mode": "test", "epoch": 1}
{"loss": 0.685590386390686, "acc": 0.5492095947265625, "length": 2.7425849437713623, "mode": "train", "epoch": 2}
{"loss": 0.6727127432823181, "acc": 0.6305142045021057, "length": 1.9964412450790405, "mode": "test", "epoch": 2}
{"loss": 0.6427320837974548, "acc": 0.675609290599823, "length": 3.2244930267333984, "mode": "train", "epoch": 3}
{"loss": 0.581182599067688, "acc": 0.7404748797416687, "length": 3.743772268295288, "mode": "test", "epoch": 3}
{"loss": 0.5163385272026062, "acc": 0.7510890364646912, "length": 3.607734441757202, "mode": "train", "epoch": 4}
{"loss": 0.5189467072486877, "acc": 0.7524471879005432, "length": 3.7971529960632324, "mode": "test", "epoch": 4}
{"loss": 0.45506584644317627, "acc": 0.7909020781517029, "length": 3.7843868732452393, "mode": "train", "epoch": 5}
{"loss": 0.4962247908115387, "acc": 0.7868075370788574, "length": 3.7758007049560547, "mode": "test", "epoch": 5}
{"loss": 0.4096907675266266, "acc": 0.8192283511161804, "length": 3.8433456420898438, "mode": "train", "epoch": 6}
{"loss": 0.4441215693950653, "acc": 0.8110458850860596, "length": 3.982206344604492, "mode": "test", "epoch": 6}
{"loss": 0.38738343119621277, "acc": 0.8314371705055237, "length": 3.9151604175567627, "mode": "train", "epoch": 7}
{"loss": 0.4372425079345703, "acc": 0.8078292012214661, "length": 4.0, "mode": "test", "epoch": 7}
{"loss": 0.38385477662086487, "acc": 0.8343064188957214, "length": 3.964094400405884, "mode": "train", "epoch": 8}
{"loss": 0.4325411915779114, "acc": 0.8154804706573486, "length": 4.0, "mode": "test", "epoch": 8}
{"loss": 0.36667540669441223, "acc": 0.8453243970870972, "length": 3.9714772701263428, "mode": "train", "epoch": 9}
{"loss": 0.42848140001296997, "acc": 0.8147685527801514, "length": 4.0, "mode": "test", "epoch": 9}
{"loss": 0.3588559329509735, "acc": 0.8425545692443848, "length": 3.973877191543579, "mode": "train", "epoch": 10}
{"loss": 0.410588800907135, "acc": 0.8284696936607361, "length": 4.0, "mode": "test", "epoch": 10}
{"loss": 0.3429175913333893, "acc": 0.8530640006065369, "length": 3.9849586486816406, "mode": "train", "epoch": 11}
{"loss": 0.406461626291275, "acc": 0.8298932313919067, "length": 4.0, "mode": "test", "epoch": 11}
{"loss": 0.33162593841552734, "acc": 0.857517421245575, "length": 3.988790512084961, "mode": "train", "epoch": 12}
{"loss": 0.389618843793869, "acc": 0.8279358744621277, "length": 4.0, "mode": "test", "epoch": 12}
{"loss": 0.3240785002708435, "acc": 0.8610485792160034, "length": 3.987708806991577, "mode": "train", "epoch": 13}
{"loss": 0.38650545477867126, "acc": 0.8387898802757263, "length": 4.0, "mode": "test", "epoch": 13}
{"loss": 0.31023427844047546, "acc": 0.8630796670913696, "length": 3.9864866733551025, "mode": "train", "epoch": 14}
{"loss": 0.3948749899864197, "acc": 0.8286476135253906, "length": 4.0, "mode": "test", "epoch": 14}
{"loss": 0.3127155303955078, "acc": 0.8667441606521606, "length": 3.9927823543548584, "mode": "train", "epoch": 15}
{"loss": 0.3814924359321594, "acc": 0.8334519267082214, "length": 4.0, "mode": "test", "epoch": 15}
{"loss": 0.295075386762619, "acc": 0.8697614669799805, "length": 3.9966211318969727, "mode": "train", "epoch": 16}
{"loss": 0.3750557601451874, "acc": 0.8359431624412537, "length": 4.0, "mode": "test", "epoch": 16}
{"loss": 0.3001025915145874, "acc": 0.869641125202179, "length": 3.9968550205230713, "mode": "train", "epoch": 17}
{"loss": 0.3900105655193329, "acc": 0.8320284485816956, "length": 4.0, "mode": "test", "epoch": 17}
{"loss": 0.2915841042995453, "acc": 0.8739386200904846, "length": 3.9979238510131836, "mode": "train", "epoch": 18}
{"loss": 0.39382144808769226, "acc": 0.829181432723999, "length": 4.0, "mode": "test", "epoch": 18}
{"loss": 0.28814083337783813, "acc": 0.8813842535018921, "length": 3.9983162879943848, "mode": "train", "epoch": 19}
{"loss": 0.36435458064079285, "acc": 0.841280996799469, "length": 4.0, "mode": "test", "epoch": 19}
{"loss": 0.2796335220336914, "acc": 0.8799901008605957, "length": 3.996319532394409, "mode": "train", "epoch": 20}
{"loss": 0.35880929231643677, "acc": 0.8403915166854858, "length": 4.0, "mode": "test", "epoch": 20}
{"loss": 0.2822784185409546, "acc": 0.8881939053535461, "length": 3.9958267211914062, "mode": "train", "epoch": 21}
{"loss": 0.3622354567050934, "acc": 0.8338077068328857, "length": 4.0, "mode": "test", "epoch": 21}
{"loss": 0.2866193354129791, "acc": 0.879050076007843, "length": 3.9962987899780273, "mode": "train", "epoch": 22}
{"loss": 0.33214303851127625, "acc": 0.8608541488647461, "length": 4.0, "mode": "test", "epoch": 22}
{"loss": 0.26894235610961914, "acc": 0.8891351222991943, "length": 3.998523473739624, "mode": "train", "epoch": 23}
{"loss": 0.3241616487503052, "acc": 0.8548043370246887, "length": 4.0, "mode": "test", "epoch": 23}
{"loss": 0.2395479381084442, "acc": 0.8970621824264526, "length": 3.9983856678009033, "mode": "train", "epoch": 24}
{"loss": 0.30857619643211365, "acc": 0.8565834760665894, "length": 4.0, "mode": "test", "epoch": 24}
{"loss": 0.25548771023750305, "acc": 0.9010037183761597, "length": 3.997753620147705, "mode": "train", "epoch": 25}
{"loss": 0.30988532304763794, "acc": 0.8558716773986816, "length": 4.0, "mode": "test", "epoch": 25}
{"loss": 0.23582340776920319, "acc": 0.9047985672950745, "length": 3.9984419345855713, "mode": "train", "epoch": 26}
{"loss": 0.301967591047287, "acc": 0.8768683075904846, "length": 4.0, "mode": "test", "epoch": 26}
{"loss": 0.21732176840305328, "acc": 0.9146502017974854, "length": 3.9994471073150635, "mode": "train", "epoch": 27}
{"loss": 0.2743760049343109, "acc": 0.8841636180877686, "length": 4.0, "mode": "test", "epoch": 27}
{"loss": 0.2209349274635315, "acc": 0.9120842814445496, "length": 3.999420642852783, "mode": "train", "epoch": 28}
{"loss": 0.2479112148284912, "acc": 0.9032028317451477, "length": 4.0, "mode": "test", "epoch": 28}
{"loss": 0.20351523160934448, "acc": 0.9212376475334167, "length": 3.9963538646698, "mode": "train", "epoch": 29}
{"loss": 0.22765593230724335, "acc": 0.9176154732704163, "length": 4.0, "mode": "test", "epoch": 29}
{"loss": 0.18632477521896362, "acc": 0.9225347638130188, "length": 3.9975359439849854, "mode": "train", "epoch": 30}
{"loss": 0.2525055408477783, "acc": 0.9039145708084106, "length": 4.0, "mode": "test", "epoch": 30}
{"loss": 0.19728060066699982, "acc": 0.9201353192329407, "length": 3.995276927947998, "mode": "train", "epoch": 31}
{"loss": 0.22488239407539368, "acc": 0.9119216203689575, "length": 4.0, "mode": "test", "epoch": 31}
{"loss": 0.18590885400772095, "acc": 0.9338173866271973, "length": 3.9987361431121826, "mode": "train", "epoch": 32}
{"loss": 0.21741464734077454, "acc": 0.9167259931564331, "length": 4.0, "mode": "test", "epoch": 32}
{"loss": 0.1924447864294052, "acc": 0.9337161183357239, "length": 3.9993438720703125, "mode": "train", "epoch": 33}
{"loss": 0.2030360996723175, "acc": 0.9254447817802429, "length": 4.0, "mode": "test", "epoch": 33}
{"loss": 0.17706002295017242, "acc": 0.9332314729690552, "length": 3.999256134033203, "mode": "train", "epoch": 34}
{"loss": 0.20692498981952667, "acc": 0.9190391302108765, "length": 4.0, "mode": "test", "epoch": 34}
{"loss": 0.1769823580980301, "acc": 0.9320563673973083, "length": 3.9997055530548096, "mode": "train", "epoch": 35}
{"loss": 0.2047521322965622, "acc": 0.9258008003234863, "length": 4.0, "mode": "test", "epoch": 35}
{"loss": 0.19202139973640442, "acc": 0.9256117343902588, "length": 3.999452829360962, "mode": "train", "epoch": 36}
{"loss": 0.2093689888715744, "acc": 0.9161922335624695, "length": 4.0, "mode": "test", "epoch": 36}
{"loss": 0.20346778631210327, "acc": 0.9110091328620911, "length": 3.9971721172332764, "mode": "train", "epoch": 37}
{"loss": 0.22769050300121307, "acc": 0.9092525839805603, "length": 4.0, "mode": "test", "epoch": 37}
{"loss": 0.17427879571914673, "acc": 0.9304310083389282, "length": 3.994595527648926, "mode": "train", "epoch": 38}
{"loss": 0.22272656857967377, "acc": 0.919039249420166, "length": 4.0, "mode": "test", "epoch": 38}
{"loss": 0.176560178399086, "acc": 0.9263623356819153, "length": 3.998350143432617, "mode": "train", "epoch": 39}
{"loss": 0.19488397240638733, "acc": 0.9225978851318359, "length": 4.0, "mode": "test", "epoch": 39}
{"loss": 0.17575258016586304, "acc": 0.9323471784591675, "length": 3.998060941696167, "mode": "train", "epoch": 40}
{"loss": 0.18779733777046204, "acc": 0.9274019598960876, "length": 4.0, "mode": "test", "epoch": 40}
{"loss": 0.17707698047161102, "acc": 0.9256470799446106, "length": 3.996424674987793, "mode": "train", "epoch": 41}
{"loss": 0.1937272846698761, "acc": 0.9291812777519226, "length": 4.0, "mode": "test", "epoch": 41}
{"loss": 0.17217417061328888, "acc": 0.9354202747344971, "length": 3.996708869934082, "mode": "train", "epoch": 42}
{"loss": 0.18220190703868866, "acc": 0.9313166737556458, "length": 4.0, "mode": "test", "epoch": 42}
{"loss": 0.17261354625225067, "acc": 0.9331592917442322, "length": 3.9986155033111572, "mode": "train", "epoch": 43}
{"loss": 0.18866907060146332, "acc": 0.9281139373779297, "length": 4.0, "mode": "test", "epoch": 43}
{"loss": 0.15335114300251007, "acc": 0.9383141994476318, "length": 3.996297836303711, "mode": "train", "epoch": 44}
{"loss": 0.1794920265674591, "acc": 0.9266904592514038, "length": 4.0, "mode": "test", "epoch": 44}
{"loss": 0.14654812216758728, "acc": 0.9424915909767151, "length": 3.995512008666992, "mode": "train", "epoch": 45}
{"loss": 0.1633458435535431, "acc": 0.9395017623901367, "length": 4.0, "mode": "test", "epoch": 45}
{"loss": 0.13481798768043518, "acc": 0.9459856152534485, "length": 3.9974160194396973, "mode": "train", "epoch": 46}
{"loss": 0.20775218307971954, "acc": 0.9263345003128052, "length": 4.0, "mode": "test", "epoch": 46}
{"loss": 0.13482807576656342, "acc": 0.9475482702255249, "length": 3.9997308254241943, "mode": "train", "epoch": 47}
{"loss": 0.18475109338760376, "acc": 0.9270462393760681, "length": 4.0, "mode": "test", "epoch": 47}
{"loss": 0.1406550109386444, "acc": 0.9480324387550354, "length": 3.999915599822998, "mode": "train", "epoch": 48}
{"loss": 0.20009183883666992, "acc": 0.9225979447364807, "length": 4.0, "mode": "test", "epoch": 48}
{"loss": 0.1310305893421173, "acc": 0.9496693015098572, "length": 3.9985759258270264, "mode": "train", "epoch": 49}
{"loss": 0.1776048243045807, "acc": 0.9361209273338318, "length": 4.0, "mode": "test", "epoch": 49}
{"loss": 0.11669427156448364, "acc": 0.95703125, "length": 3.9999680519104004, "mode": "train", "epoch": 50}
{"loss": 0.14492307603359222, "acc": 0.9459075331687927, "length": 4.0, "mode": "test", "epoch": 50}
{"loss": 0.11952025443315506, "acc": 0.9530300498008728, "length": 3.999737501144409, "mode": "train", "epoch": 51}
{"loss": 0.17459522187709808, "acc": 0.9339858293533325, "length": 4.0, "mode": "test", "epoch": 51}
{"loss": 0.11930269002914429, "acc": 0.9534547924995422, "length": 3.998053789138794, "mode": "train", "epoch": 52}
{"loss": 0.13643097877502441, "acc": 0.9478647112846375, "length": 4.0, "mode": "test", "epoch": 52}
{"loss": 0.11220411211252213, "acc": 0.9583966732025146, "length": 3.9996137619018555, "mode": "train", "epoch": 53}
{"loss": 0.16306309401988983, "acc": 0.9293593168258667, "length": 4.0, "mode": "test", "epoch": 53}
{"loss": 0.10951871424913406, "acc": 0.9574484825134277, "length": 3.9999804496765137, "mode": "train", "epoch": 54}
{"loss": 0.17103791236877441, "acc": 0.9263345003128052, "length": 4.0, "mode": "test", "epoch": 54}
{"loss": 0.10654795914888382, "acc": 0.9602499008178711, "length": 3.999969720840454, "mode": "train", "epoch": 55}
{"loss": 0.15044301748275757, "acc": 0.9421707987785339, "length": 4.0, "mode": "test", "epoch": 55}
{"loss": 0.09895170480012894, "acc": 0.9621496200561523, "length": 3.9997313022613525, "mode": "train", "epoch": 56}
{"loss": 0.13829544186592102, "acc": 0.9428825974464417, "length": 4.0, "mode": "test", "epoch": 56}
{"loss": 0.10612452775239944, "acc": 0.9594739675521851, "length": 3.9999547004699707, "mode": "train", "epoch": 57}
{"loss": 0.1368013620376587, "acc": 0.9485763311386108, "length": 4.0, "mode": "test", "epoch": 57}
{"loss": 0.10793912410736084, "acc": 0.9610176086425781, "length": 3.9992852210998535, "mode": "train", "epoch": 58}
{"loss": 0.1246180534362793, "acc": 0.9505337476730347, "length": 4.0, "mode": "test", "epoch": 58}
{"loss": 0.13591711223125458, "acc": 0.9483907222747803, "length": 3.99997615814209, "mode": "train", "epoch": 59}
{"loss": 0.17836430668830872, "acc": 0.929893434047699, "length": 4.0, "mode": "test", "epoch": 59}
{"loss": 0.12050239741802216, "acc": 0.9569118022918701, "length": 3.999962091445923, "mode": "train", "epoch": 60}
{"loss": 0.1325104832649231, "acc": 0.9473310112953186, "length": 4.0, "mode": "test", "epoch": 60}
test accuracy: 0.8356249928474426
