# ["--attributes=5", "--values=16", "--game_size=10", "--vocab_size_factor=3", "--n_epochs=60", "--batch_size=64", "--learning_rate=0.001", "--hidden_size=256", "--temp_update=0.97", "--temperature=1.5"]
Creating train_ds and val_ds...

Creating test_ds...
{"loss": 0.7084206342697144, "acc": 0.5275654196739197, "length": 2.480344533920288, "mode": "train", "epoch": 1}
{"loss": 0.6855210065841675, "acc": 0.5579038262367249, "length": 1.0, "mode": "test", "epoch": 1}
{"loss": 0.691653847694397, "acc": 0.5227735638618469, "length": 1.0246027708053589, "mode": "train", "epoch": 2}
{"loss": 0.6872243285179138, "acc": 0.5422679781913757, "length": 1.0, "mode": "test", "epoch": 2}
{"loss": 0.6809781193733215, "acc": 0.5617051720619202, "length": 1.2460652589797974, "mode": "train", "epoch": 3}
{"loss": 0.6338993906974792, "acc": 0.6866605281829834, "length": 2.175257682800293, "mode": "test", "epoch": 3}
{"loss": 0.5935996174812317, "acc": 0.6916964650154114, "length": 2.4357008934020996, "mode": "train", "epoch": 4}
{"loss": 0.5333210825920105, "acc": 0.7570024132728577, "length": 3.0618555545806885, "mode": "test", "epoch": 4}
{"loss": 0.4910616874694824, "acc": 0.7737268805503845, "length": 2.9876370429992676, "mode": "train", "epoch": 5}
{"loss": 0.4961167871952057, "acc": 0.7658487558364868, "length": 3.1134021282196045, "mode": "test", "epoch": 5}
{"loss": 0.47243526577949524, "acc": 0.780088484287262, "length": 2.9952945709228516, "mode": "train", "epoch": 6}
{"loss": 0.4820484220981598, "acc": 0.7889727354049683, "length": 3.2061855792999268, "mode": "test", "epoch": 6}
{"loss": 0.449083149433136, "acc": 0.7938516736030579, "length": 3.1179680824279785, "mode": "train", "epoch": 7}
{"loss": 0.47404226660728455, "acc": 0.7730554938316345, "length": 3.3195877075195312, "mode": "test", "epoch": 7}
{"loss": 0.4369339942932129, "acc": 0.7976577281951904, "length": 3.1779580116271973, "mode": "train", "epoch": 8}
{"loss": 0.45287537574768066, "acc": 0.7977423667907715, "length": 3.3402061462402344, "mode": "test", "epoch": 8}
{"loss": 0.42872053384780884, "acc": 0.8010839223861694, "length": 3.225303888320923, "mode": "train", "epoch": 9}
{"loss": 0.4603361189365387, "acc": 0.789490282535553, "length": 3.2886598110198975, "mode": "test", "epoch": 9}
{"loss": 0.42043811082839966, "acc": 0.8052150011062622, "length": 3.1629579067230225, "mode": "train", "epoch": 10}
{"loss": 0.4544200897216797, "acc": 0.7921745777130127, "length": 3.2577319145202637, "mode": "test", "epoch": 10}
{"loss": 0.41988953948020935, "acc": 0.8041937351226807, "length": 3.129437208175659, "mode": "train", "epoch": 11}
{"loss": 0.44933372735977173, "acc": 0.7864893078804016, "length": 3.3092782497406006, "mode": "test", "epoch": 11}
{"loss": 0.4157659709453583, "acc": 0.804780900478363, "length": 3.2006094455718994, "mode": "train", "epoch": 12}
{"loss": 0.4466802775859833, "acc": 0.7938013076782227, "length": 3.298969030380249, "mode": "test", "epoch": 12}
{"loss": 0.41671398282051086, "acc": 0.8036162853240967, "length": 3.154853105545044, "mode": "train", "epoch": 13}
{"loss": 0.4412926733493805, "acc": 0.7865193486213684, "length": 3.2164947986602783, "mode": "test", "epoch": 13}
{"loss": 0.40991032123565674, "acc": 0.8062835335731506, "length": 3.1871299743652344, "mode": "train", "epoch": 14}
{"loss": 0.4400235116481781, "acc": 0.7958222031593323, "length": 3.2061855792999268, "mode": "test", "epoch": 14}
{"loss": 0.39945918321609497, "acc": 0.8141303062438965, "length": 3.1416313648223877, "mode": "train", "epoch": 15}
{"loss": 0.42526179552078247, "acc": 0.8025615811347961, "length": 3.175257682800293, "mode": "test", "epoch": 15}
{"loss": 0.39777806401252747, "acc": 0.8159832954406738, "length": 3.1628880500793457, "mode": "train", "epoch": 16}
{"loss": 0.42441731691360474, "acc": 0.8052858710289001, "length": 3.2061855792999268, "mode": "test", "epoch": 16}
{"loss": 0.3914545774459839, "acc": 0.8182753920555115, "length": 3.2310080528259277, "mode": "train", "epoch": 17}
{"loss": 0.42408376932144165, "acc": 0.7948150634765625, "length": 3.494845390319824, "mode": "test", "epoch": 17}
{"loss": 0.3774826228618622, "acc": 0.8226406574249268, "length": 3.369413375854492, "mode": "train", "epoch": 18}
{"loss": 0.39476490020751953, "acc": 0.8238785266876221, "length": 3.474226713180542, "mode": "test", "epoch": 18}
{"loss": 0.34713584184646606, "acc": 0.8488936424255371, "length": 3.442173719406128, "mode": "train", "epoch": 19}
{"loss": 0.36283138394355774, "acc": 0.8424432873725891, "length": 3.5670104026794434, "mode": "test", "epoch": 19}
{"loss": 0.32188525795936584, "acc": 0.8613278269767761, "length": 3.4715678691864014, "mode": "train", "epoch": 20}
{"loss": 0.3459632992744446, "acc": 0.8514235615730286, "length": 3.6082475185394287, "mode": "test", "epoch": 20}
{"loss": 0.30677661299705505, "acc": 0.8688969016075134, "length": 3.5165464878082275, "mode": "train", "epoch": 21}
{"loss": 0.3408409059047699, "acc": 0.8542565107345581, "length": 3.625429630279541, "mode": "test", "epoch": 21}
{"loss": 0.302948921918869, "acc": 0.8723276853561401, "length": 3.5266244411468506, "mode": "train", "epoch": 22}
{"loss": 0.34640005230903625, "acc": 0.8489778637886047, "length": 3.6872851848602295, "mode": "test", "epoch": 22}
{"loss": 0.3001653552055359, "acc": 0.8719387650489807, "length": 3.6014747619628906, "mode": "train", "epoch": 23}
{"loss": 0.3262769877910614, "acc": 0.8508932590484619, "length": 3.7113401889801025, "mode": "test", "epoch": 23}
{"loss": 0.28781747817993164, "acc": 0.879787027835846, "length": 3.670215129852295, "mode": "train", "epoch": 24}
{"loss": 0.31993862986564636, "acc": 0.8682038187980652, "length": 3.701030969619751, "mode": "test", "epoch": 24}
{"loss": 0.279356986284256, "acc": 0.8820935487747192, "length": 3.679051399230957, "mode": "train", "epoch": 25}
{"loss": 0.31562158465385437, "acc": 0.8725478649139404, "length": 3.7628865242004395, "mode": "test", "epoch": 25}
{"loss": 0.27617236971855164, "acc": 0.8824177980422974, "length": 3.700653076171875, "mode": "train", "epoch": 26}
{"loss": 0.31731316447257996, "acc": 0.8634904623031616, "length": 3.6597938537597656, "mode": "test", "epoch": 26}
{"loss": 0.27152690291404724, "acc": 0.8847789764404297, "length": 3.5958845615386963, "mode": "train", "epoch": 27}
{"loss": 0.3067578971385956, "acc": 0.8672757744789124, "length": 3.577319622039795, "mode": "test", "epoch": 27}
{"loss": 0.26955002546310425, "acc": 0.8826175332069397, "length": 3.5853347778320312, "mode": "train", "epoch": 28}
{"loss": 0.2982313930988312, "acc": 0.877947211265564, "length": 3.6391751766204834, "mode": "test", "epoch": 28}
{"loss": 0.2532469928264618, "acc": 0.890762984752655, "length": 3.556609630584717, "mode": "train", "epoch": 29}
{"loss": 0.28585562109947205, "acc": 0.8808218240737915, "length": 3.5876288414001465, "mode": "test", "epoch": 29}
{"loss": 0.24609751999378204, "acc": 0.8961239457130432, "length": 3.5553319454193115, "mode": "train", "epoch": 30}
{"loss": 0.28011640906333923, "acc": 0.8751656413078308, "length": 3.628865957260132, "mode": "test", "epoch": 30}
{"loss": 0.24460570514202118, "acc": 0.8966396450996399, "length": 3.535693883895874, "mode": "train", "epoch": 31}
{"loss": 0.2726013958454132, "acc": 0.8817976713180542, "length": 3.4845361709594727, "mode": "test", "epoch": 31}
{"loss": 0.2426622062921524, "acc": 0.9023011922836304, "length": 3.497041702270508, "mode": "train", "epoch": 32}
{"loss": 0.2766288220882416, "acc": 0.8804692625999451, "length": 3.5154638290405273, "mode": "test", "epoch": 32}
{"loss": 0.23883098363876343, "acc": 0.900936484336853, "length": 3.5172698497772217, "mode": "train", "epoch": 33}
{"loss": 0.260305792093277, "acc": 0.8898845911026001, "length": 3.474226713180542, "mode": "test", "epoch": 33}
{"loss": 0.23410813510417938, "acc": 0.9034906625747681, "length": 3.4790782928466797, "mode": "train", "epoch": 34}
{"loss": 0.2642889618873596, "acc": 0.8950033783912659, "length": 3.494845390319824, "mode": "test", "epoch": 34}
{"loss": 0.2243829071521759, "acc": 0.9048323035240173, "length": 3.4934635162353516, "mode": "train", "epoch": 35}
{"loss": 0.27533525228500366, "acc": 0.8793010115623474, "length": 3.6116838455200195, "mode": "test", "epoch": 35}
{"loss": 0.23102542757987976, "acc": 0.9048805236816406, "length": 3.578368663787842, "mode": "train", "epoch": 36}
{"loss": 0.2676255404949188, "acc": 0.8855761885643005, "length": 3.6323025226593018, "mode": "test", "epoch": 36}
{"loss": 0.223969966173172, "acc": 0.9069044589996338, "length": 3.5151257514953613, "mode": "train", "epoch": 37}
{"loss": 0.27899712324142456, "acc": 0.8901917934417725, "length": 3.474226713180542, "mode": "test", "epoch": 37}
{"loss": 0.23336701095104218, "acc": 0.9028544425964355, "length": 3.4685001373291016, "mode": "train", "epoch": 38}
{"loss": 0.26445329189300537, "acc": 0.8906327486038208, "length": 3.546391725540161, "mode": "test", "epoch": 38}
{"loss": 0.22541309893131256, "acc": 0.909191906452179, "length": 3.505730152130127, "mode": "train", "epoch": 39}
{"loss": 0.269918292760849, "acc": 0.8895097970962524, "length": 3.4845361709594727, "mode": "test", "epoch": 39}
{"loss": 0.21917463839054108, "acc": 0.9094852805137634, "length": 3.457077980041504, "mode": "train", "epoch": 40}
{"loss": 0.2698676288127899, "acc": 0.8925923109054565, "length": 3.474226713180542, "mode": "test", "epoch": 40}
{"loss": 0.20668774843215942, "acc": 0.9161064624786377, "length": 3.4610965251922607, "mode": "train", "epoch": 41}
{"loss": 0.2478392869234085, "acc": 0.899519681930542, "length": 3.5154638290405273, "mode": "test", "epoch": 41}
{"loss": 0.20620648562908173, "acc": 0.9177650809288025, "length": 3.5301926136016846, "mode": "train", "epoch": 42}
{"loss": 0.2409903109073639, "acc": 0.9122260808944702, "length": 3.549828290939331, "mode": "test", "epoch": 42}
{"loss": 0.19517019391059875, "acc": 0.9224132895469666, "length": 3.5603559017181396, "mode": "train", "epoch": 43}
{"loss": 0.22948038578033447, "acc": 0.9134645462036133, "length": 3.621993064880371, "mode": "test", "epoch": 43}
{"loss": 0.19878871738910675, "acc": 0.9220259785652161, "length": 3.6371560096740723, "mode": "train", "epoch": 44}
{"loss": 0.256502628326416, "acc": 0.9006641507148743, "length": 3.6597938537597656, "mode": "test", "epoch": 44}
{"loss": 0.1921185553073883, "acc": 0.9248073697090149, "length": 3.620676040649414, "mode": "train", "epoch": 45}
{"loss": 0.21740515530109406, "acc": 0.9123602509498596, "length": 3.697594404220581, "mode": "test", "epoch": 45}
{"loss": 0.18289725482463837, "acc": 0.9253035187721252, "length": 3.695479154586792, "mode": "train", "epoch": 46}
{"loss": 0.2213544398546219, "acc": 0.9166001677513123, "length": 3.7113401889801025, "mode": "test", "epoch": 46}
{"loss": 0.18470747768878937, "acc": 0.9276435375213623, "length": 3.6905853748321533, "mode": "train", "epoch": 47}
{"loss": 0.21912029385566711, "acc": 0.9178323149681091, "length": 3.649484634399414, "mode": "test", "epoch": 47}
{"loss": 0.18121282756328583, "acc": 0.9278403520584106, "length": 3.695422649383545, "mode": "train", "epoch": 48}
{"loss": 0.21653853356838226, "acc": 0.9168683290481567, "length": 3.7113401889801025, "mode": "test", "epoch": 48}
{"loss": 0.18326181173324585, "acc": 0.9322536587715149, "length": 3.721851110458374, "mode": "train", "epoch": 49}
{"loss": 0.24629215896129608, "acc": 0.9063804745674133, "length": 3.7422680854797363, "mode": "test", "epoch": 49}
{"loss": 0.1832643449306488, "acc": 0.9271009564399719, "length": 3.7780301570892334, "mode": "train", "epoch": 50}
{"loss": 0.20819039642810822, "acc": 0.9214426279067993, "length": 3.7835052013397217, "mode": "test", "epoch": 50}
{"loss": 0.16826753318309784, "acc": 0.9330654144287109, "length": 3.788597583770752, "mode": "train", "epoch": 51}
{"loss": 0.2212299108505249, "acc": 0.9251525402069092, "length": 3.776632308959961, "mode": "test", "epoch": 51}
{"loss": 0.17097193002700806, "acc": 0.9330126643180847, "length": 3.8041367530822754, "mode": "train", "epoch": 52}
{"loss": 0.2254144251346588, "acc": 0.9148173928260803, "length": 3.7079038619995117, "mode": "test", "epoch": 52}
{"loss": 0.16385194659233093, "acc": 0.9351407885551453, "length": 3.7610692977905273, "mode": "train", "epoch": 53}
{"loss": 0.2057875692844391, "acc": 0.9232196807861328, "length": 3.6941580772399902, "mode": "test", "epoch": 53}
{"loss": 0.1597151756286621, "acc": 0.9396501779556274, "length": 3.708789587020874, "mode": "train", "epoch": 54}
{"loss": 0.20683608949184418, "acc": 0.9240739345550537, "length": 3.6872851848602295, "mode": "test", "epoch": 54}
{"loss": 0.15640538930892944, "acc": 0.9388346672058105, "length": 3.7699098587036133, "mode": "train", "epoch": 55}
{"loss": 0.2047881931066513, "acc": 0.9220834970474243, "length": 3.77319598197937, "mode": "test", "epoch": 55}
{"loss": 0.15901175141334534, "acc": 0.9415369629859924, "length": 3.7994918823242188, "mode": "train", "epoch": 56}
{"loss": 0.19433891773223877, "acc": 0.9289067387580872, "length": 3.745704412460327, "mode": "test", "epoch": 56}
{"loss": 0.15051433444023132, "acc": 0.944654643535614, "length": 3.767207622528076, "mode": "train", "epoch": 57}
{"loss": 0.22280077636241913, "acc": 0.9301067590713501, "length": 3.800687313079834, "mode": "test", "epoch": 57}
{"loss": 0.15800878405570984, "acc": 0.9425634145736694, "length": 3.817596912384033, "mode": "train", "epoch": 58}
{"loss": 0.20395131409168243, "acc": 0.9344016909599304, "length": 3.797250747680664, "mode": "test", "epoch": 58}
{"loss": 0.15881890058517456, "acc": 0.9401982426643372, "length": 3.8032479286193848, "mode": "train", "epoch": 59}
{"loss": 0.20928524434566498, "acc": 0.9264185428619385, "length": 3.7869415283203125, "mode": "test", "epoch": 59}
{"loss": 0.15974879264831543, "acc": 0.9408320784568787, "length": 3.8017454147338867, "mode": "train", "epoch": 60}
{"loss": 0.2085249423980713, "acc": 0.9218972325325012, "length": 3.7938144207000732, "mode": "test", "epoch": 60}
test accuracy: 0.7745126485824585
