# ["--attributes=5", "--values=16", "--game_size=10", "--vocab_size_factor=3", "--n_epochs=60", "--batch_size=128", "--learning_rate=0.0005", "--hidden_size=256", "--temp_update=0.99", "--temperature=1.5"]
Creating train_ds and val_ds...

Creating test_ds...
{"loss": 0.6982237100601196, "acc": 0.5276522636413574, "length": 3.4541242122650146, "mode": "train", "epoch": 1}
{"loss": 0.6910738348960876, "acc": 0.5342905521392822, "length": 1.0, "mode": "test", "epoch": 1}
{"loss": 0.6964096426963806, "acc": 0.510498046875, "length": 3.113266706466675, "mode": "train", "epoch": 2}
{"loss": 0.6930717825889587, "acc": 0.5038851499557495, "length": 1.0, "mode": "test", "epoch": 2}
{"loss": 0.6876189708709717, "acc": 0.5475369691848755, "length": 2.4249167442321777, "mode": "train", "epoch": 3}
{"loss": 0.692223310470581, "acc": 0.5216216444969177, "length": 1.0, "mode": "test", "epoch": 3}
{"loss": 0.676899254322052, "acc": 0.5741333961486816, "length": 2.3109097480773926, "mode": "train", "epoch": 4}
{"loss": 0.6587714552879333, "acc": 0.6108075976371765, "length": 1.6722972393035889, "mode": "test", "epoch": 4}
{"loss": 0.644256591796875, "acc": 0.6418889760971069, "length": 2.7146246433258057, "mode": "train", "epoch": 5}
{"loss": 0.5940651893615723, "acc": 0.7393966317176819, "length": 2.7128379344940186, "mode": "test", "epoch": 5}
{"loss": 0.5906951427459717, "acc": 0.7139201164245605, "length": 2.994037628173828, "mode": "train", "epoch": 6}
{"loss": 0.5517843961715698, "acc": 0.7206437587738037, "length": 2.8885135650634766, "mode": "test", "epoch": 6}
{"loss": 0.5400216579437256, "acc": 0.7369797229766846, "length": 3.2598578929901123, "mode": "train", "epoch": 7}
{"loss": 0.49846553802490234, "acc": 0.7833389639854431, "length": 3.8885135650634766, "mode": "test", "epoch": 7}
{"loss": 0.49430006742477417, "acc": 0.7774108052253723, "length": 3.675416946411133, "mode": "train", "epoch": 8}
{"loss": 0.4724499583244324, "acc": 0.7940879464149475, "length": 4.0, "mode": "test", "epoch": 8}
{"loss": 0.4595206379890442, "acc": 0.79159015417099, "length": 3.875643491744995, "mode": "train", "epoch": 9}
{"loss": 0.4476761817932129, "acc": 0.8084460496902466, "length": 4.0, "mode": "test", "epoch": 9}
{"loss": 0.4183696508407593, "acc": 0.8225142955780029, "length": 3.8971385955810547, "mode": "train", "epoch": 10}
{"loss": 0.39577049016952515, "acc": 0.834797203540802, "length": 4.0, "mode": "test", "epoch": 10}
{"loss": 0.3686891198158264, "acc": 0.8471683859825134, "length": 3.920598030090332, "mode": "train", "epoch": 11}
{"loss": 0.3680180311203003, "acc": 0.8437500596046448, "length": 4.0, "mode": "test", "epoch": 11}
{"loss": 0.33324652910232544, "acc": 0.8618891835212708, "length": 3.9419851303100586, "mode": "train", "epoch": 12}
{"loss": 0.3557344675064087, "acc": 0.846621572971344, "length": 4.0, "mode": "test", "epoch": 12}
{"loss": 0.319320410490036, "acc": 0.8649770021438599, "length": 3.9560301303863525, "mode": "train", "epoch": 13}
{"loss": 0.3583707809448242, "acc": 0.8513513207435608, "length": 4.0, "mode": "test", "epoch": 13}
{"loss": 0.31205689907073975, "acc": 0.8704859614372253, "length": 3.971696615219116, "mode": "train", "epoch": 14}
{"loss": 0.36388450860977173, "acc": 0.8400338888168335, "length": 4.0, "mode": "test", "epoch": 14}
{"loss": 0.2968353033065796, "acc": 0.8809226751327515, "length": 3.9805996417999268, "mode": "train", "epoch": 15}
{"loss": 0.3588511645793915, "acc": 0.8550675511360168, "length": 4.0, "mode": "test", "epoch": 15}
{"loss": 0.29083141684532166, "acc": 0.8816899061203003, "length": 3.9831044673919678, "mode": "train", "epoch": 16}
{"loss": 0.33226242661476135, "acc": 0.8636824488639832, "length": 4.0, "mode": "test", "epoch": 16}
{"loss": 0.27829089760780334, "acc": 0.883872389793396, "length": 3.9847075939178467, "mode": "train", "epoch": 17}
{"loss": 0.3184206485748291, "acc": 0.8665540814399719, "length": 4.0, "mode": "test", "epoch": 17}
{"loss": 0.2717386484146118, "acc": 0.8826665878295898, "length": 3.9893534183502197, "mode": "train", "epoch": 18}
{"loss": 0.32463333010673523, "acc": 0.8636825084686279, "length": 4.0, "mode": "test", "epoch": 18}
{"loss": 0.2666120231151581, "acc": 0.8887123465538025, "length": 3.9885499477386475, "mode": "train", "epoch": 19}
{"loss": 0.28633880615234375, "acc": 0.8709459900856018, "length": 4.0, "mode": "test", "epoch": 19}
{"loss": 0.2559889256954193, "acc": 0.8970589637756348, "length": 3.992461919784546, "mode": "train", "epoch": 20}
{"loss": 0.2855108976364136, "acc": 0.8804054260253906, "length": 4.0, "mode": "test", "epoch": 20}
{"loss": 0.2428235411643982, "acc": 0.9066990613937378, "length": 3.991222620010376, "mode": "train", "epoch": 21}
{"loss": 0.2653997242450714, "acc": 0.8947634100914001, "length": 4.0, "mode": "test", "epoch": 21}
{"loss": 0.23368556797504425, "acc": 0.9111413955688477, "length": 3.9927244186401367, "mode": "train", "epoch": 22}
{"loss": 0.2806668281555176, "acc": 0.8939189314842224, "length": 4.0, "mode": "test", "epoch": 22}
{"loss": 0.22910182178020477, "acc": 0.9115625619888306, "length": 3.994481086730957, "mode": "train", "epoch": 23}
{"loss": 0.27289924025535583, "acc": 0.8981419205665588, "length": 4.0, "mode": "test", "epoch": 23}
{"loss": 0.22288841009140015, "acc": 0.9137577414512634, "length": 3.9947094917297363, "mode": "train", "epoch": 24}
{"loss": 0.2463054358959198, "acc": 0.8994932174682617, "length": 4.0, "mode": "test", "epoch": 24}
{"loss": 0.2152867466211319, "acc": 0.9156522154808044, "length": 3.994938850402832, "mode": "train", "epoch": 25}
{"loss": 0.25252804160118103, "acc": 0.9037162065505981, "length": 4.0, "mode": "test", "epoch": 25}
{"loss": 0.21314388513565063, "acc": 0.9171051383018494, "length": 3.9951012134552, "mode": "train", "epoch": 26}
{"loss": 0.23990902304649353, "acc": 0.9067567586898804, "length": 4.0, "mode": "test", "epoch": 26}
{"loss": 0.20711693167686462, "acc": 0.9174542427062988, "length": 3.9953558444976807, "mode": "train", "epoch": 27}
{"loss": 0.2334301471710205, "acc": 0.9038851857185364, "length": 4.0, "mode": "test", "epoch": 27}
{"loss": 0.2064899057149887, "acc": 0.9219281673431396, "length": 3.99470591545105, "mode": "train", "epoch": 28}
{"loss": 0.22294579446315765, "acc": 0.9123311638832092, "length": 4.0, "mode": "test", "epoch": 28}
{"loss": 0.19443397223949432, "acc": 0.9258332252502441, "length": 3.996662139892578, "mode": "train", "epoch": 29}
{"loss": 0.2322191298007965, "acc": 0.9128378033638, "length": 4.0, "mode": "test", "epoch": 29}
{"loss": 0.1986219435930252, "acc": 0.9258676171302795, "length": 3.9958131313323975, "mode": "train", "epoch": 30}
{"loss": 0.2312544584274292, "acc": 0.909966230392456, "length": 4.0, "mode": "test", "epoch": 30}
{"loss": 0.19361849129199982, "acc": 0.9253880977630615, "length": 3.996854782104492, "mode": "train", "epoch": 31}
{"loss": 0.2242783159017563, "acc": 0.9162161350250244, "length": 4.0, "mode": "test", "epoch": 31}
{"loss": 0.17836500704288483, "acc": 0.9353313446044922, "length": 3.996933937072754, "mode": "train", "epoch": 32}
{"loss": 0.21064279973506927, "acc": 0.9239864945411682, "length": 4.0, "mode": "test", "epoch": 32}
{"loss": 0.1679210513830185, "acc": 0.938614010810852, "length": 3.997297763824463, "mode": "train", "epoch": 33}
{"loss": 0.19876393675804138, "acc": 0.9180742502212524, "length": 4.0, "mode": "test", "epoch": 33}
{"loss": 0.16631168127059937, "acc": 0.9400286078453064, "length": 3.9971280097961426, "mode": "train", "epoch": 34}
{"loss": 0.18356111645698547, "acc": 0.9292230606079102, "length": 4.0, "mode": "test", "epoch": 34}
{"loss": 0.1583496779203415, "acc": 0.9435513615608215, "length": 3.9981164932250977, "mode": "train", "epoch": 35}
{"loss": 0.17610034346580505, "acc": 0.9346285462379456, "length": 4.0, "mode": "test", "epoch": 35}
{"loss": 0.15216200053691864, "acc": 0.9450780153274536, "length": 3.998161792755127, "mode": "train", "epoch": 36}
{"loss": 0.17525015771389008, "acc": 0.9386824369430542, "length": 4.0, "mode": "test", "epoch": 36}
{"loss": 0.13874343037605286, "acc": 0.9532305598258972, "length": 3.9985077381134033, "mode": "train", "epoch": 37}
{"loss": 0.16956406831741333, "acc": 0.9364864230155945, "length": 4.0, "mode": "test", "epoch": 37}
{"loss": 0.13667021691799164, "acc": 0.9549708962440491, "length": 3.997966766357422, "mode": "train", "epoch": 38}
{"loss": 0.1504996418952942, "acc": 0.9457769393920898, "length": 4.0, "mode": "test", "epoch": 38}
{"loss": 0.13030454516410828, "acc": 0.9577924609184265, "length": 3.998148202896118, "mode": "train", "epoch": 39}
{"loss": 0.15253107249736786, "acc": 0.9403715133666992, "length": 4.0, "mode": "test", "epoch": 39}
{"loss": 0.1299809217453003, "acc": 0.9576451778411865, "length": 3.9987707138061523, "mode": "train", "epoch": 40}
{"loss": 0.14656151831150055, "acc": 0.9451014399528503, "length": 4.0, "mode": "test", "epoch": 40}
{"loss": 0.12421644479036331, "acc": 0.9576497077941895, "length": 3.998497247695923, "mode": "train", "epoch": 41}
{"loss": 0.1489710807800293, "acc": 0.950169026851654, "length": 4.0, "mode": "test", "epoch": 41}
{"loss": 0.12330534309148788, "acc": 0.9592316746711731, "length": 3.9988863468170166, "mode": "train", "epoch": 42}
{"loss": 0.1444529891014099, "acc": 0.9533783197402954, "length": 4.0, "mode": "test", "epoch": 42}
{"loss": 0.1200193464756012, "acc": 0.9609516263008118, "length": 3.999265670776367, "mode": "train", "epoch": 43}
{"loss": 0.14721834659576416, "acc": 0.9466215372085571, "length": 4.0, "mode": "test", "epoch": 43}
{"loss": 0.12123139202594757, "acc": 0.9573851227760315, "length": 3.9992499351501465, "mode": "train", "epoch": 44}
{"loss": 0.1530025154352188, "acc": 0.9540538191795349, "length": 4.0, "mode": "test", "epoch": 44}
{"loss": 0.11787392944097519, "acc": 0.9609902501106262, "length": 3.9989585876464844, "mode": "train", "epoch": 45}
{"loss": 0.13853436708450317, "acc": 0.957094669342041, "length": 4.0, "mode": "test", "epoch": 45}
{"loss": 0.11438901722431183, "acc": 0.9608166217803955, "length": 3.9987688064575195, "mode": "train", "epoch": 46}
{"loss": 0.1412547379732132, "acc": 0.9538851380348206, "length": 4.0, "mode": "test", "epoch": 46}
{"loss": 0.1169515997171402, "acc": 0.9603345394134521, "length": 3.997953414916992, "mode": "train", "epoch": 47}
{"loss": 0.12495236843824387, "acc": 0.9603040814399719, "length": 4.0, "mode": "test", "epoch": 47}
{"loss": 0.10803153365850449, "acc": 0.9666706323623657, "length": 3.9996390342712402, "mode": "train", "epoch": 48}
{"loss": 0.13135939836502075, "acc": 0.9577701687812805, "length": 4.0, "mode": "test", "epoch": 48}
{"loss": 0.10517821460962296, "acc": 0.9656993746757507, "length": 3.9994380474090576, "mode": "train", "epoch": 49}
{"loss": 0.12193359434604645, "acc": 0.959797203540802, "length": 4.0, "mode": "test", "epoch": 49}
{"loss": 0.10451063513755798, "acc": 0.9672389030456543, "length": 3.9996635913848877, "mode": "train", "epoch": 50}
{"loss": 0.1243562400341034, "acc": 0.9592905044555664, "length": 4.0, "mode": "test", "epoch": 50}
{"loss": 0.10285522788763046, "acc": 0.965255618095398, "length": 3.9996395111083984, "mode": "train", "epoch": 51}
{"loss": 0.13902506232261658, "acc": 0.9537162780761719, "length": 4.0, "mode": "test", "epoch": 51}
{"loss": 0.11051064729690552, "acc": 0.9637731313705444, "length": 3.9993491172790527, "mode": "train", "epoch": 52}
{"loss": 0.11430882662534714, "acc": 0.9582769870758057, "length": 4.0, "mode": "test", "epoch": 52}
{"loss": 0.10710250586271286, "acc": 0.9646913409233093, "length": 3.999630928039551, "mode": "train", "epoch": 53}
{"loss": 0.13818657398223877, "acc": 0.9591217041015625, "length": 4.0, "mode": "test", "epoch": 53}
{"loss": 0.10447055846452713, "acc": 0.9649797677993774, "length": 3.999752998352051, "mode": "train", "epoch": 54}
{"loss": 0.13710080087184906, "acc": 0.9584459066390991, "length": 4.0, "mode": "test", "epoch": 54}
{"loss": 0.0975094586610794, "acc": 0.9676387310028076, "length": 3.9995486736297607, "mode": "train", "epoch": 55}
{"loss": 0.1308315098285675, "acc": 0.9604730606079102, "length": 4.0, "mode": "test", "epoch": 55}
{"loss": 0.09806113690137863, "acc": 0.9676394462585449, "length": 3.999619483947754, "mode": "train", "epoch": 56}
{"loss": 0.13142158091068268, "acc": 0.9591217041015625, "length": 4.0, "mode": "test", "epoch": 56}
{"loss": 0.0931258276104927, "acc": 0.969054639339447, "length": 3.999814033508301, "mode": "train", "epoch": 57}
{"loss": 0.1283145546913147, "acc": 0.9601351022720337, "length": 4.0, "mode": "test", "epoch": 57}
{"loss": 0.09944300353527069, "acc": 0.9641903042793274, "length": 3.9998273849487305, "mode": "train", "epoch": 58}
{"loss": 0.12315903604030609, "acc": 0.9613176584243774, "length": 4.0, "mode": "test", "epoch": 58}
{"loss": 0.09926872700452805, "acc": 0.9662853479385376, "length": 3.999469518661499, "mode": "train", "epoch": 59}
{"loss": 0.11932525038719177, "acc": 0.9608106017112732, "length": 4.0, "mode": "test", "epoch": 59}
{"loss": 0.09255347400903702, "acc": 0.9691699147224426, "length": 3.999875783920288, "mode": "train", "epoch": 60}
{"loss": 0.12318187952041626, "acc": 0.9603040814399719, "length": 4.0, "mode": "test", "epoch": 60}
test accuracy: 0.8626923561096191
