# ["--attributes=3", "--values=16", "--game_size=10", "--vocab_size_factor=3", "--n_epochs=60", "--batch_size=128", "--learning_rate=0.0005", "--hidden_size=128", "--temp_update=0.97", "--temperature=1.5"]
Creating train_ds and val_ds...

Creating test_ds...
{"loss": 0.5288475155830383, "acc": 0.7295119166374207, "length": 3.9780311584472656, "mode": "train", "epoch": 1}
{"loss": 0.4484543800354004, "acc": 0.8048683404922485, "length": 4.0, "mode": "test", "epoch": 1}
{"loss": 0.3797527849674225, "acc": 0.8400509357452393, "length": 3.999788522720337, "mode": "train", "epoch": 2}
{"loss": 0.36527588963508606, "acc": 0.8465332388877869, "length": 4.0, "mode": "test", "epoch": 2}
{"loss": 0.31807413697242737, "acc": 0.8692728281021118, "length": 3.999922752380371, "mode": "train", "epoch": 3}
{"loss": 0.3392888605594635, "acc": 0.8542553186416626, "length": 4.0, "mode": "test", "epoch": 3}
{"loss": 0.2897129952907562, "acc": 0.8848291635513306, "length": 3.999976634979248, "mode": "train", "epoch": 4}
{"loss": 0.3038307726383209, "acc": 0.8789549469947815, "length": 4.0, "mode": "test", "epoch": 4}
{"loss": 0.26915520429611206, "acc": 0.897291362285614, "length": 3.999988079071045, "mode": "train", "epoch": 5}
{"loss": 0.277375191450119, "acc": 0.8959617018699646, "length": 4.0, "mode": "test", "epoch": 5}
{"loss": 0.25529101490974426, "acc": 0.9046342968940735, "length": 3.999995470046997, "mode": "train", "epoch": 6}
{"loss": 0.2644328773021698, "acc": 0.9025353789329529, "length": 4.0, "mode": "test", "epoch": 6}
{"loss": 0.24583885073661804, "acc": 0.9087363481521606, "length": 3.999997854232788, "mode": "train", "epoch": 7}
{"loss": 0.2567904591560364, "acc": 0.9066280126571655, "length": 4.0, "mode": "test", "epoch": 7}
{"loss": 0.24003154039382935, "acc": 0.9114729762077332, "length": 3.9999992847442627, "mode": "train", "epoch": 8}
{"loss": 0.2507876753807068, "acc": 0.9066677093505859, "length": 4.0, "mode": "test", "epoch": 8}
{"loss": 0.2334730178117752, "acc": 0.9137006402015686, "length": 4.0, "mode": "train", "epoch": 9}
{"loss": 0.24004673957824707, "acc": 0.9123914241790771, "length": 4.0, "mode": "test", "epoch": 9}
{"loss": 0.23566308617591858, "acc": 0.9131377339363098, "length": 4.0, "mode": "train", "epoch": 10}
{"loss": 0.23773209750652313, "acc": 0.9132017493247986, "length": 4.0, "mode": "test", "epoch": 10}
{"loss": 0.22781714797019958, "acc": 0.915891706943512, "length": 4.0, "mode": "train", "epoch": 11}
{"loss": 0.22998560965061188, "acc": 0.9150245189666748, "length": 4.0, "mode": "test", "epoch": 11}
{"loss": 0.2295551896095276, "acc": 0.9152112603187561, "length": 4.0, "mode": "train", "epoch": 12}
{"loss": 0.24245506525039673, "acc": 0.9082827568054199, "length": 4.0, "mode": "test", "epoch": 12}
{"loss": 0.23092590272426605, "acc": 0.9143632054328918, "length": 4.0, "mode": "train", "epoch": 13}
{"loss": 0.2336713969707489, "acc": 0.9138798713684082, "length": 4.0, "mode": "test", "epoch": 13}
{"loss": 0.22608043253421783, "acc": 0.9158916473388672, "length": 4.0, "mode": "train", "epoch": 14}
{"loss": 0.2270154505968094, "acc": 0.9168347716331482, "length": 4.0, "mode": "test", "epoch": 14}
{"loss": 0.2229972928762436, "acc": 0.9174969792366028, "length": 4.0, "mode": "train", "epoch": 15}
{"loss": 0.23007336258888245, "acc": 0.9162361025810242, "length": 4.0, "mode": "test", "epoch": 15}
{"loss": 0.22110295295715332, "acc": 0.918297529220581, "length": 4.0, "mode": "train", "epoch": 16}
{"loss": 0.2237183153629303, "acc": 0.9181640148162842, "length": 4.0, "mode": "test", "epoch": 16}
{"loss": 0.2280610054731369, "acc": 0.9160891175270081, "length": 4.0, "mode": "train", "epoch": 17}
{"loss": 0.23041799664497375, "acc": 0.9157895445823669, "length": 4.0, "mode": "test", "epoch": 17}
{"loss": 0.22372277081012726, "acc": 0.9174638390541077, "length": 3.9999992847442627, "mode": "train", "epoch": 18}
{"loss": 0.226609006524086, "acc": 0.9169616103172302, "length": 4.0, "mode": "test", "epoch": 18}
{"loss": 0.22128382325172424, "acc": 0.9183275699615479, "length": 4.0, "mode": "train", "epoch": 19}
{"loss": 0.22403572499752045, "acc": 0.917724609375, "length": 4.0, "mode": "test", "epoch": 19}
{"loss": 0.2202146053314209, "acc": 0.9187727570533752, "length": 4.0, "mode": "train", "epoch": 20}
{"loss": 0.22166959941387177, "acc": 0.9189488291740417, "length": 4.0, "mode": "test", "epoch": 20}
{"loss": 0.2279263287782669, "acc": 0.9162631630897522, "length": 4.0, "mode": "train", "epoch": 21}
{"loss": 0.23735620081424713, "acc": 0.9145416617393494, "length": 4.0, "mode": "test", "epoch": 21}
{"loss": 0.22638384997844696, "acc": 0.91695636510849, "length": 4.0, "mode": "train", "epoch": 22}
{"loss": 0.22452600300312042, "acc": 0.9181061387062073, "length": 4.0, "mode": "test", "epoch": 22}
{"loss": 0.2204112857580185, "acc": 0.9184849262237549, "length": 4.0, "mode": "train", "epoch": 23}
{"loss": 0.2353014051914215, "acc": 0.9142777323722839, "length": 4.0, "mode": "test", "epoch": 23}
{"loss": 0.22133678197860718, "acc": 0.9183498024940491, "length": 4.0, "mode": "train", "epoch": 24}
{"loss": 0.22350895404815674, "acc": 0.9187265038490295, "length": 4.0, "mode": "test", "epoch": 24}
{"loss": 0.21908777952194214, "acc": 0.9190086722373962, "length": 4.0, "mode": "train", "epoch": 25}
{"loss": 0.22158774733543396, "acc": 0.9185655117034912, "length": 4.0, "mode": "test", "epoch": 25}
{"loss": 0.22403380274772644, "acc": 0.9170289635658264, "length": 4.0, "mode": "train", "epoch": 26}
{"loss": 0.2221958041191101, "acc": 0.9188205003738403, "length": 4.0, "mode": "test", "epoch": 26}
{"loss": 0.2181151807308197, "acc": 0.9190158247947693, "length": 4.0, "mode": "train", "epoch": 27}
{"loss": 0.22082823514938354, "acc": 0.9185600280761719, "length": 4.0, "mode": "test", "epoch": 27}
{"loss": 0.21988993883132935, "acc": 0.9184128046035767, "length": 4.0, "mode": "train", "epoch": 28}
{"loss": 0.2296014130115509, "acc": 0.916706383228302, "length": 4.0, "mode": "test", "epoch": 28}
{"loss": 0.22777801752090454, "acc": 0.9158371686935425, "length": 4.0, "mode": "train", "epoch": 29}
{"loss": 0.2521815299987793, "acc": 0.9072192907333374, "length": 4.0, "mode": "test", "epoch": 29}
{"loss": 0.22982539236545563, "acc": 0.9149484038352966, "length": 4.0, "mode": "train", "epoch": 30}
{"loss": 0.22716259956359863, "acc": 0.9170356392860413, "length": 4.0, "mode": "test", "epoch": 30}
{"loss": 0.21957296133041382, "acc": 0.9187225103378296, "length": 4.0, "mode": "train", "epoch": 31}
{"loss": 0.2179725468158722, "acc": 0.9194841980934143, "length": 4.0, "mode": "test", "epoch": 31}
{"loss": 0.21754755079746246, "acc": 0.9191545844078064, "length": 4.0, "mode": "train", "epoch": 32}
{"loss": 0.22491857409477234, "acc": 0.9166485667228699, "length": 4.0, "mode": "test", "epoch": 32}
{"loss": 0.23588360846042633, "acc": 0.9120886921882629, "length": 4.0, "mode": "train", "epoch": 33}
{"loss": 0.24032242596149445, "acc": 0.9119900465011597, "length": 4.0, "mode": "test", "epoch": 33}
{"loss": 0.23673291504383087, "acc": 0.9123942852020264, "length": 4.0, "mode": "train", "epoch": 34}
{"loss": 0.23392540216445923, "acc": 0.9142488837242126, "length": 4.0, "mode": "test", "epoch": 34}
{"loss": 0.22625921666622162, "acc": 0.9167192578315735, "length": 4.0, "mode": "train", "epoch": 35}
{"loss": 0.225831538438797, "acc": 0.9166106581687927, "length": 4.0, "mode": "test", "epoch": 35}
{"loss": 0.2253367155790329, "acc": 0.9183521866798401, "length": 4.0, "mode": "train", "epoch": 36}
{"loss": 0.21953432261943817, "acc": 0.9211191534996033, "length": 4.0, "mode": "test", "epoch": 36}
{"loss": 0.2183493822813034, "acc": 0.9207568764686584, "length": 4.0, "mode": "train", "epoch": 37}
{"loss": 0.22458399832248688, "acc": 0.9203594326972961, "length": 4.0, "mode": "test", "epoch": 37}
{"loss": 0.2199389934539795, "acc": 0.9200373291969299, "length": 4.0, "mode": "train", "epoch": 38}
{"loss": 0.22201889753341675, "acc": 0.9189435243606567, "length": 4.0, "mode": "test", "epoch": 38}
{"loss": 0.2169756442308426, "acc": 0.921061635017395, "length": 4.0, "mode": "train", "epoch": 39}
{"loss": 0.21622207760810852, "acc": 0.9220883250236511, "length": 4.0, "mode": "test", "epoch": 39}
{"loss": 0.21406035125255585, "acc": 0.9220045208930969, "length": 4.0, "mode": "train", "epoch": 40}
{"loss": 0.2149016261100769, "acc": 0.9221047163009644, "length": 4.0, "mode": "test", "epoch": 40}
{"loss": 0.2152414321899414, "acc": 0.9215351939201355, "length": 4.0, "mode": "train", "epoch": 41}
{"loss": 0.216709703207016, "acc": 0.9228840470314026, "length": 4.0, "mode": "test", "epoch": 41}
{"loss": 0.2133122682571411, "acc": 0.9227132797241211, "length": 4.0, "mode": "train", "epoch": 42}
{"loss": 0.21291834115982056, "acc": 0.9233542680740356, "length": 4.0, "mode": "test", "epoch": 42}
{"loss": 0.21391315758228302, "acc": 0.9221851825714111, "length": 4.0, "mode": "train", "epoch": 43}
{"loss": 0.22213025391101837, "acc": 0.9186722636222839, "length": 4.0, "mode": "test", "epoch": 43}
{"loss": 0.2167588621377945, "acc": 0.9213755130767822, "length": 4.0, "mode": "train", "epoch": 44}
{"loss": 0.21820032596588135, "acc": 0.9215494990348816, "length": 4.0, "mode": "test", "epoch": 44}
{"loss": 0.2163189947605133, "acc": 0.9215813279151917, "length": 4.0, "mode": "train", "epoch": 45}
{"loss": 0.2130502313375473, "acc": 0.923184335231781, "length": 4.0, "mode": "test", "epoch": 45}
{"loss": 0.211908221244812, "acc": 0.9226034879684448, "length": 4.0, "mode": "train", "epoch": 46}
{"loss": 0.21660679578781128, "acc": 0.9214862585067749, "length": 4.0, "mode": "test", "epoch": 46}
{"loss": 0.20933786034584045, "acc": 0.923603892326355, "length": 4.0, "mode": "train", "epoch": 47}
{"loss": 0.21184876561164856, "acc": 0.9233704209327698, "length": 4.0, "mode": "test", "epoch": 47}
{"loss": 0.20962390303611755, "acc": 0.9238463044166565, "length": 4.0, "mode": "train", "epoch": 48}
{"loss": 0.20713189244270325, "acc": 0.924782931804657, "length": 4.0, "mode": "test", "epoch": 48}
{"loss": 0.20678675174713135, "acc": 0.9250638484954834, "length": 4.0, "mode": "train", "epoch": 49}
{"loss": 0.2047867476940155, "acc": 0.9260941743850708, "length": 4.0, "mode": "test", "epoch": 49}
{"loss": 0.2067072093486786, "acc": 0.9249445199966431, "length": 4.0, "mode": "train", "epoch": 50}
{"loss": 0.20832706987857819, "acc": 0.9253308773040771, "length": 4.0, "mode": "test", "epoch": 50}
{"loss": 0.20821447670459747, "acc": 0.9247411489486694, "length": 4.0, "mode": "train", "epoch": 51}
{"loss": 0.20506536960601807, "acc": 0.9260560274124146, "length": 4.0, "mode": "test", "epoch": 51}
{"loss": 0.2059464007616043, "acc": 0.9252967834472656, "length": 4.0, "mode": "train", "epoch": 52}
{"loss": 0.20327027142047882, "acc": 0.9267831444740295, "length": 4.0, "mode": "test", "epoch": 52}
{"loss": 0.2032734602689743, "acc": 0.926661491394043, "length": 4.0, "mode": "train", "epoch": 53}
{"loss": 0.20429445803165436, "acc": 0.9270218014717102, "length": 4.0, "mode": "test", "epoch": 53}
{"loss": 0.20235683023929596, "acc": 0.9265298247337341, "length": 4.0, "mode": "train", "epoch": 54}
{"loss": 0.20672719180583954, "acc": 0.9248552918434143, "length": 4.0, "mode": "test", "epoch": 54}
{"loss": 0.20546004176139832, "acc": 0.9255859851837158, "length": 4.0, "mode": "train", "epoch": 55}
{"loss": 0.20528154075145721, "acc": 0.9273581504821777, "length": 4.0, "mode": "test", "epoch": 55}
{"loss": 0.20443008840084076, "acc": 0.9261638522148132, "length": 4.0, "mode": "train", "epoch": 56}
{"loss": 0.20642822980880737, "acc": 0.925090491771698, "length": 4.0, "mode": "test", "epoch": 56}
{"loss": 0.21091605722904205, "acc": 0.9236488342285156, "length": 4.0, "mode": "train", "epoch": 57}
{"loss": 0.22896918654441833, "acc": 0.9158058762550354, "length": 4.0, "mode": "test", "epoch": 57}
{"loss": 0.22340646386146545, "acc": 0.9191461801528931, "length": 4.0, "mode": "train", "epoch": 58}
{"loss": 0.21527209877967834, "acc": 0.9228731989860535, "length": 4.0, "mode": "test", "epoch": 58}
{"loss": 0.21138082444667816, "acc": 0.9237676858901978, "length": 4.0, "mode": "train", "epoch": 59}
{"loss": 0.2114279717206955, "acc": 0.925491988658905, "length": 4.0, "mode": "test", "epoch": 59}
{"loss": 0.20738229155540466, "acc": 0.925621509552002, "length": 4.0, "mode": "train", "epoch": 60}
{"loss": 0.20954672992229462, "acc": 0.9259005784988403, "length": 4.0, "mode": "test", "epoch": 60}
test accuracy: 0.9244011044502258
