# ["--attributes=3", "--values=16", "--game_size=10", "--vocab_size_factor=3", "--n_epochs=60", "--batch_size=128", "--learning_rate=0.0005", "--hidden_size=256", "--temp_update=0.99", "--temperature=2"]
Creating train_ds and val_ds...

Creating test_ds...
{"loss": 0.47867637872695923, "acc": 0.7708514928817749, "length": 3.9835965633392334, "mode": "train", "epoch": 1}
{"loss": 0.4255654811859131, "acc": 0.8014340400695801, "length": 4.0, "mode": "test", "epoch": 1}
{"loss": 0.34146177768707275, "acc": 0.8602166175842285, "length": 3.999872922897339, "mode": "train", "epoch": 2}
{"loss": 0.35684552788734436, "acc": 0.8503128886222839, "length": 4.0, "mode": "test", "epoch": 2}
{"loss": 0.29701802134513855, "acc": 0.8837087154388428, "length": 3.9999475479125977, "mode": "train", "epoch": 3}
{"loss": 0.3087315261363983, "acc": 0.8817799091339111, "length": 4.0, "mode": "test", "epoch": 3}
{"loss": 0.27216291427612305, "acc": 0.8959789872169495, "length": 3.999966621398926, "mode": "train", "epoch": 4}
{"loss": 0.29053473472595215, "acc": 0.8833857178688049, "length": 4.0, "mode": "test", "epoch": 4}
{"loss": 0.24989821016788483, "acc": 0.9082517623901367, "length": 3.9999804496765137, "mode": "train", "epoch": 5}
{"loss": 0.25791463255882263, "acc": 0.9025138020515442, "length": 4.0, "mode": "test", "epoch": 5}
{"loss": 0.2596084773540497, "acc": 0.9051612615585327, "length": 3.9999895095825195, "mode": "train", "epoch": 6}
{"loss": 0.28944751620292664, "acc": 0.8849826455116272, "length": 4.0, "mode": "test", "epoch": 6}
{"loss": 0.23884353041648865, "acc": 0.9131882190704346, "length": 3.9999935626983643, "mode": "train", "epoch": 7}
{"loss": 0.2522220313549042, "acc": 0.9094346165657043, "length": 4.0, "mode": "test", "epoch": 7}
{"loss": 0.23101192712783813, "acc": 0.9172028303146362, "length": 3.999997854232788, "mode": "train", "epoch": 8}
{"loss": 0.27569738030433655, "acc": 0.8951551914215088, "length": 4.0, "mode": "test", "epoch": 8}
{"loss": 0.22561092674732208, "acc": 0.9185912013053894, "length": 3.9999985694885254, "mode": "train", "epoch": 9}
{"loss": 0.23789221048355103, "acc": 0.9139304161071777, "length": 4.0, "mode": "test", "epoch": 9}
{"loss": 0.21470654010772705, "acc": 0.92242431640625, "length": 3.999999523162842, "mode": "train", "epoch": 10}
{"loss": 0.22522000968456268, "acc": 0.9178783893585205, "length": 4.0, "mode": "test", "epoch": 10}
{"loss": 0.2362346202135086, "acc": 0.9147413969039917, "length": 3.9999992847442627, "mode": "train", "epoch": 11}
{"loss": 0.25678935647010803, "acc": 0.9072954654693604, "length": 4.0, "mode": "test", "epoch": 11}
{"loss": 0.21626049280166626, "acc": 0.9219345450401306, "length": 3.999999523162842, "mode": "train", "epoch": 12}
{"loss": 0.2164340615272522, "acc": 0.9229726195335388, "length": 4.0, "mode": "test", "epoch": 12}
{"loss": 0.20980940759181976, "acc": 0.9237353205680847, "length": 4.0, "mode": "train", "epoch": 13}
{"loss": 0.22033508121967316, "acc": 0.9208695292472839, "length": 4.0, "mode": "test", "epoch": 13}
{"loss": 0.21259212493896484, "acc": 0.9228373169898987, "length": 4.0, "mode": "train", "epoch": 14}
{"loss": 0.21945443749427795, "acc": 0.9217302799224854, "length": 4.0, "mode": "test", "epoch": 14}
{"loss": 0.20909526944160461, "acc": 0.9239777326583862, "length": 4.0, "mode": "train", "epoch": 15}
{"loss": 0.21451428532600403, "acc": 0.9229980111122131, "length": 4.0, "mode": "test", "epoch": 15}
{"loss": 0.20193631947040558, "acc": 0.9270455837249756, "length": 4.0, "mode": "train", "epoch": 16}
{"loss": 0.21157091856002808, "acc": 0.9254341125488281, "length": 4.0, "mode": "test", "epoch": 16}
{"loss": 0.19060321152210236, "acc": 0.9327278137207031, "length": 4.0, "mode": "train", "epoch": 17}
{"loss": 0.21389758586883545, "acc": 0.9280688762664795, "length": 4.0, "mode": "test", "epoch": 17}
{"loss": 0.19472236931324005, "acc": 0.9313846230506897, "length": 4.0, "mode": "train", "epoch": 18}
{"loss": 0.19742923974990845, "acc": 0.9308702945709229, "length": 4.0, "mode": "test", "epoch": 18}
{"loss": 0.1881531924009323, "acc": 0.9342369437217712, "length": 4.0, "mode": "train", "epoch": 19}
{"loss": 0.1903582513332367, "acc": 0.93436598777771, "length": 4.0, "mode": "test", "epoch": 19}
{"loss": 0.18528828024864197, "acc": 0.9360135793685913, "length": 4.0, "mode": "train", "epoch": 20}
{"loss": 0.19040842354297638, "acc": 0.9352864027023315, "length": 4.0, "mode": "test", "epoch": 20}
{"loss": 0.184547558426857, "acc": 0.9364811182022095, "length": 4.0, "mode": "train", "epoch": 21}
{"loss": 0.1904686987400055, "acc": 0.9355541467666626, "length": 4.0, "mode": "test", "epoch": 21}
{"loss": 0.18253564834594727, "acc": 0.9372734427452087, "length": 4.0, "mode": "train", "epoch": 22}
{"loss": 0.19707119464874268, "acc": 0.933396577835083, "length": 4.0, "mode": "test", "epoch": 22}
{"loss": 0.18152010440826416, "acc": 0.9375795125961304, "length": 4.0, "mode": "train", "epoch": 23}
{"loss": 0.18442638218402863, "acc": 0.9377170205116272, "length": 4.0, "mode": "test", "epoch": 23}
{"loss": 0.179613396525383, "acc": 0.9384607076644897, "length": 4.0, "mode": "train", "epoch": 24}
{"loss": 0.18192946910858154, "acc": 0.939302921295166, "length": 4.0, "mode": "test", "epoch": 24}
{"loss": 0.17652779817581177, "acc": 0.939391553401947, "length": 4.0, "mode": "train", "epoch": 25}
{"loss": 0.18652956187725067, "acc": 0.9369664192199707, "length": 4.0, "mode": "test", "epoch": 25}
{"loss": 0.1758832037448883, "acc": 0.9396719932556152, "length": 4.0, "mode": "train", "epoch": 26}
{"loss": 0.17616234719753265, "acc": 0.9405399560928345, "length": 4.0, "mode": "test", "epoch": 26}
{"loss": 0.17586132884025574, "acc": 0.9395987391471863, "length": 4.0, "mode": "train", "epoch": 27}
{"loss": 0.18633893132209778, "acc": 0.9379719495773315, "length": 4.0, "mode": "test", "epoch": 27}
{"loss": 0.1744299978017807, "acc": 0.9401335120201111, "length": 4.0, "mode": "train", "epoch": 28}
{"loss": 0.17590147256851196, "acc": 0.940811276435852, "length": 4.0, "mode": "test", "epoch": 28}
{"loss": 0.17188823223114014, "acc": 0.9409468173980713, "length": 4.0, "mode": "train", "epoch": 29}
{"loss": 0.17413854598999023, "acc": 0.9414116144180298, "length": 4.0, "mode": "test", "epoch": 29}
{"loss": 0.1763869673013687, "acc": 0.9395020604133606, "length": 4.0, "mode": "train", "epoch": 30}
{"loss": 0.18088380992412567, "acc": 0.9398401975631714, "length": 4.0, "mode": "test", "epoch": 30}
{"loss": 0.1719585359096527, "acc": 0.9410446882247925, "length": 4.0, "mode": "train", "epoch": 31}
{"loss": 0.1726766675710678, "acc": 0.9416124820709229, "length": 4.0, "mode": "test", "epoch": 31}
{"loss": 0.17930303514003754, "acc": 0.9387199878692627, "length": 4.0, "mode": "train", "epoch": 32}
{"loss": 0.1844877302646637, "acc": 0.9392886161804199, "length": 4.0, "mode": "test", "epoch": 32}
{"loss": 0.17518465220928192, "acc": 0.9402936697006226, "length": 4.0, "mode": "train", "epoch": 33}
{"loss": 0.18083959817886353, "acc": 0.9385795593261719, "length": 4.0, "mode": "test", "epoch": 33}
{"loss": 0.17235258221626282, "acc": 0.940835177898407, "length": 4.0, "mode": "train", "epoch": 34}
{"loss": 0.17515242099761963, "acc": 0.9410988092422485, "length": 4.0, "mode": "test", "epoch": 34}
{"loss": 0.1707298755645752, "acc": 0.9411184191703796, "length": 4.0, "mode": "train", "epoch": 35}
{"loss": 0.17514130473136902, "acc": 0.9405816197395325, "length": 4.0, "mode": "test", "epoch": 35}
{"loss": 0.17008838057518005, "acc": 0.9413627982139587, "length": 4.0, "mode": "train", "epoch": 36}
{"loss": 0.1716037094593048, "acc": 0.9417064189910889, "length": 4.0, "mode": "test", "epoch": 36}
{"loss": 0.1684909164905548, "acc": 0.9417612552642822, "length": 4.0, "mode": "train", "epoch": 37}
{"loss": 0.17117106914520264, "acc": 0.941315770149231, "length": 4.0, "mode": "test", "epoch": 37}
{"loss": 0.16891808807849884, "acc": 0.9415620565414429, "length": 4.0, "mode": "train", "epoch": 38}
{"loss": 0.17504973709583282, "acc": 0.9414424300193787, "length": 4.0, "mode": "test", "epoch": 38}
{"loss": 0.17376163601875305, "acc": 0.9399144053459167, "length": 4.0, "mode": "train", "epoch": 39}
{"loss": 0.17054499685764313, "acc": 0.9421024918556213, "length": 4.0, "mode": "test", "epoch": 39}
{"loss": 0.177116259932518, "acc": 0.9386335015296936, "length": 4.0, "mode": "train", "epoch": 40}
{"loss": 0.18079325556755066, "acc": 0.9393643736839294, "length": 4.0, "mode": "test", "epoch": 40}
{"loss": 0.1739271581172943, "acc": 0.9401880502700806, "length": 4.0, "mode": "train", "epoch": 41}
{"loss": 0.1732432246208191, "acc": 0.9414604902267456, "length": 4.0, "mode": "test", "epoch": 41}
{"loss": 0.16912904381752014, "acc": 0.9415848851203918, "length": 4.0, "mode": "train", "epoch": 42}
{"loss": 0.17174221575260162, "acc": 0.9412181377410889, "length": 4.0, "mode": "test", "epoch": 42}
{"loss": 0.1684575080871582, "acc": 0.9418476819992065, "length": 4.0, "mode": "train", "epoch": 43}
{"loss": 0.17053689062595367, "acc": 0.9428150653839111, "length": 4.0, "mode": "test", "epoch": 43}
{"loss": 0.1707535684108734, "acc": 0.9418260455131531, "length": 4.0, "mode": "train", "epoch": 44}
{"loss": 0.17031438648700714, "acc": 0.9438024163246155, "length": 4.0, "mode": "test", "epoch": 44}
{"loss": 0.1642141044139862, "acc": 0.9441897869110107, "length": 4.0, "mode": "train", "epoch": 45}
{"loss": 0.1646094024181366, "acc": 0.9448495507240295, "length": 4.0, "mode": "test", "epoch": 45}
{"loss": 0.1624576300382614, "acc": 0.9444713592529297, "length": 4.0, "mode": "train", "epoch": 46}
{"loss": 0.17602293193340302, "acc": 0.9412831664085388, "length": 4.0, "mode": "test", "epoch": 46}
{"loss": 0.1671236753463745, "acc": 0.9434641599655151, "length": 4.0, "mode": "train", "epoch": 47}
{"loss": 0.16626422107219696, "acc": 0.9450882077217102, "length": 4.0, "mode": "test", "epoch": 47}
{"loss": 0.15879301726818085, "acc": 0.9461255073547363, "length": 4.0, "mode": "train", "epoch": 48}
{"loss": 0.16243715584278107, "acc": 0.9463631510734558, "length": 4.0, "mode": "test", "epoch": 48}
{"loss": 0.15983502566814423, "acc": 0.9457821846008301, "length": 4.0, "mode": "train", "epoch": 49}
{"loss": 0.1647314727306366, "acc": 0.9458188414573669, "length": 4.0, "mode": "test", "epoch": 49}
{"loss": 0.1589493453502655, "acc": 0.9464712142944336, "length": 4.0, "mode": "train", "epoch": 50}
{"loss": 0.16212449967861176, "acc": 0.9466904401779175, "length": 4.0, "mode": "test", "epoch": 50}
{"loss": 0.15934623777866364, "acc": 0.946297824382782, "length": 4.0, "mode": "train", "epoch": 51}
{"loss": 0.16845816373825073, "acc": 0.9447230100631714, "length": 4.0, "mode": "test", "epoch": 51}
{"loss": 0.15913842618465424, "acc": 0.9461861252784729, "length": 4.0, "mode": "train", "epoch": 52}
{"loss": 0.15858334302902222, "acc": 0.9471805691719055, "length": 4.0, "mode": "test", "epoch": 52}
{"loss": 0.15663449466228485, "acc": 0.9468625783920288, "length": 4.0, "mode": "train", "epoch": 53}
{"loss": 0.16082479059696198, "acc": 0.9466580152511597, "length": 4.0, "mode": "test", "epoch": 53}
{"loss": 0.15717613697052002, "acc": 0.9465847611427307, "length": 4.0, "mode": "train", "epoch": 54}
{"loss": 0.15786589682102203, "acc": 0.9471967220306396, "length": 4.0, "mode": "test", "epoch": 54}
{"loss": 0.15693384408950806, "acc": 0.9468522667884827, "length": 4.0, "mode": "train", "epoch": 55}
{"loss": 0.16038653254508972, "acc": 0.9468784928321838, "length": 4.0, "mode": "test", "epoch": 55}
{"loss": 0.15569423139095306, "acc": 0.9471591114997864, "length": 4.0, "mode": "train", "epoch": 56}
{"loss": 0.1564932018518448, "acc": 0.9477592706680298, "length": 4.0, "mode": "test", "epoch": 56}
{"loss": 0.15414679050445557, "acc": 0.9475018382072449, "length": 4.0, "mode": "train", "epoch": 57}
{"loss": 0.16934365034103394, "acc": 0.9440538883209229, "length": 4.0, "mode": "test", "epoch": 57}
{"loss": 0.16548070311546326, "acc": 0.9439724683761597, "length": 4.0, "mode": "train", "epoch": 58}
{"loss": 0.17004428803920746, "acc": 0.9441171288490295, "length": 4.0, "mode": "test", "epoch": 58}
{"loss": 0.16150952875614166, "acc": 0.9454370737075806, "length": 4.0, "mode": "train", "epoch": 59}
{"loss": 0.16610103845596313, "acc": 0.9446433186531067, "length": 4.0, "mode": "test", "epoch": 59}
{"loss": 0.15692000091075897, "acc": 0.9466986656188965, "length": 4.0, "mode": "train", "epoch": 60}
{"loss": 0.15876133739948273, "acc": 0.947117269039154, "length": 4.0, "mode": "test", "epoch": 60}
test accuracy: 0.9455949068069458
