# ["--attributes=3", "--values=16", "--game_size=10", "--vocab_size_factor=3", "--n_epochs=60", "--batch_size=128", "--learning_rate=0.001", "--hidden_size=128", "--temp_update=0.97", "--temperature=1"]
Creating train_ds and val_ds...

Creating test_ds...
{"loss": 0.47756072878837585, "acc": 0.7685753703117371, "length": 3.9887659549713135, "mode": "train", "epoch": 1}
{"loss": 0.3855358362197876, "acc": 0.8404502868652344, "length": 4.0, "mode": "test", "epoch": 1}
{"loss": 0.3539435565471649, "acc": 0.8552119135856628, "length": 3.999974012374878, "mode": "train", "epoch": 2}
{"loss": 0.335933655500412, "acc": 0.8638302683830261, "length": 4.0, "mode": "test", "epoch": 2}
{"loss": 0.32734212279319763, "acc": 0.8664953708648682, "length": 3.999983549118042, "mode": "train", "epoch": 3}
{"loss": 0.3202764391899109, "acc": 0.8709352612495422, "length": 4.0, "mode": "test", "epoch": 3}
{"loss": 0.3173432946205139, "acc": 0.8709607720375061, "length": 3.999992847442627, "mode": "train", "epoch": 4}
{"loss": 0.31888166069984436, "acc": 0.8714790344238281, "length": 4.0, "mode": "test", "epoch": 4}
{"loss": 0.304031103849411, "acc": 0.8780616521835327, "length": 3.999969959259033, "mode": "train", "epoch": 5}
{"loss": 0.3484131991863251, "acc": 0.8614541292190552, "length": 4.0, "mode": "test", "epoch": 5}
{"loss": 0.3032269775867462, "acc": 0.8811246156692505, "length": 3.9999940395355225, "mode": "train", "epoch": 6}
{"loss": 0.2889695167541504, "acc": 0.8880274891853333, "length": 4.0, "mode": "test", "epoch": 6}
{"loss": 0.2845633029937744, "acc": 0.8888847827911377, "length": 3.9999969005584717, "mode": "train", "epoch": 7}
{"loss": 0.3050471246242523, "acc": 0.8836225271224976, "length": 4.0, "mode": "test", "epoch": 7}
{"loss": 0.2803785800933838, "acc": 0.8903549909591675, "length": 3.9999959468841553, "mode": "train", "epoch": 8}
{"loss": 0.2740389108657837, "acc": 0.8922217488288879, "length": 4.0, "mode": "test", "epoch": 8}
{"loss": 0.2775498628616333, "acc": 0.8905050158500671, "length": 3.999992847442627, "mode": "train", "epoch": 9}
{"loss": 0.276540607213974, "acc": 0.8919064998626709, "length": 4.0, "mode": "test", "epoch": 9}
{"loss": 0.2725735306739807, "acc": 0.8923113942146301, "length": 4.0, "mode": "train", "epoch": 10}
{"loss": 0.27328377962112427, "acc": 0.892171323299408, "length": 4.0, "mode": "test", "epoch": 10}
{"loss": 0.27163031697273254, "acc": 0.8926351070404053, "length": 3.9999947547912598, "mode": "train", "epoch": 11}
{"loss": 0.2734193801879883, "acc": 0.8927994966506958, "length": 4.0, "mode": "test", "epoch": 11}
{"loss": 0.2768288552761078, "acc": 0.8905921578407288, "length": 3.999998092651367, "mode": "train", "epoch": 12}
{"loss": 0.27492621541023254, "acc": 0.8914654850959778, "length": 4.0, "mode": "test", "epoch": 12}
{"loss": 0.27190011739730835, "acc": 0.8927715420722961, "length": 4.0, "mode": "train", "epoch": 13}
{"loss": 0.2749407887458801, "acc": 0.8928211331367493, "length": 4.0, "mode": "test", "epoch": 13}
{"loss": 0.2749038338661194, "acc": 0.8910950422286987, "length": 3.9999992847442627, "mode": "train", "epoch": 14}
{"loss": 0.273777037858963, "acc": 0.8922647833824158, "length": 4.0, "mode": "test", "epoch": 14}
{"loss": 0.2712680995464325, "acc": 0.8930487036705017, "length": 3.9999988079071045, "mode": "train", "epoch": 15}
{"loss": 0.2682240605354309, "acc": 0.8941604495048523, "length": 4.0, "mode": "test", "epoch": 15}
{"loss": 0.26860833168029785, "acc": 0.8938499689102173, "length": 3.9999992847442627, "mode": "train", "epoch": 16}
{"loss": 0.29687824845314026, "acc": 0.8848646283149719, "length": 4.0, "mode": "test", "epoch": 16}
{"loss": 0.2803058624267578, "acc": 0.8897543549537659, "length": 4.0, "mode": "train", "epoch": 17}
{"loss": 0.27540501952171326, "acc": 0.8924916386604309, "length": 4.0, "mode": "test", "epoch": 17}
{"loss": 0.2755263149738312, "acc": 0.8917837738990784, "length": 4.0, "mode": "train", "epoch": 18}
{"loss": 0.2803361415863037, "acc": 0.8911632895469666, "length": 4.0, "mode": "test", "epoch": 18}
{"loss": 0.27987685799598694, "acc": 0.8904409408569336, "length": 4.0, "mode": "train", "epoch": 19}
{"loss": 0.28111016750335693, "acc": 0.8905476331710815, "length": 4.0, "mode": "test", "epoch": 19}
{"loss": 0.2700881063938141, "acc": 0.893957793712616, "length": 3.999999523162842, "mode": "train", "epoch": 20}
{"loss": 0.2691851556301117, "acc": 0.8944969773292542, "length": 4.0, "mode": "test", "epoch": 20}
{"loss": 0.2769186496734619, "acc": 0.8905194997787476, "length": 4.0, "mode": "train", "epoch": 21}
{"loss": 0.2793395519256592, "acc": 0.889991283416748, "length": 4.0, "mode": "test", "epoch": 21}
{"loss": 0.2713567316532135, "acc": 0.8928736448287964, "length": 4.0, "mode": "train", "epoch": 22}
{"loss": 0.26934435963630676, "acc": 0.894025444984436, "length": 4.0, "mode": "test", "epoch": 22}
{"loss": 0.2729400396347046, "acc": 0.891930878162384, "length": 4.0, "mode": "train", "epoch": 23}
{"loss": 0.28385868668556213, "acc": 0.887042760848999, "length": 4.0, "mode": "test", "epoch": 23}
{"loss": 0.28102755546569824, "acc": 0.8883958458900452, "length": 4.0, "mode": "train", "epoch": 24}
{"loss": 0.27737662196159363, "acc": 0.8913090229034424, "length": 4.0, "mode": "test", "epoch": 24}
{"loss": 0.2723346948623657, "acc": 0.892484724521637, "length": 4.0, "mode": "train", "epoch": 25}
{"loss": 0.2696133553981781, "acc": 0.8937607407569885, "length": 4.0, "mode": "test", "epoch": 25}
{"loss": 0.2662450671195984, "acc": 0.8956354856491089, "length": 3.999995470046997, "mode": "train", "epoch": 26}
{"loss": 0.267947256565094, "acc": 0.8950048089027405, "length": 4.0, "mode": "test", "epoch": 26}
{"loss": 0.27315154671669006, "acc": 0.892985999584198, "length": 3.9999887943267822, "mode": "train", "epoch": 27}
{"loss": 0.2890998125076294, "acc": 0.8865837454795837, "length": 4.0, "mode": "test", "epoch": 27}
{"loss": 0.2745687961578369, "acc": 0.8943490982055664, "length": 3.9999992847442627, "mode": "train", "epoch": 28}
{"loss": 0.2693841755390167, "acc": 0.8968209028244019, "length": 4.0, "mode": "test", "epoch": 28}
{"loss": 0.2746005654335022, "acc": 0.8928026556968689, "length": 4.0, "mode": "train", "epoch": 29}
{"loss": 0.27032536268234253, "acc": 0.8961098790168762, "length": 4.0, "mode": "test", "epoch": 29}
{"loss": 0.26710444688796997, "acc": 0.8961535096168518, "length": 4.0, "mode": "train", "epoch": 30}
{"loss": 0.2666032910346985, "acc": 0.8965148329734802, "length": 4.0, "mode": "test", "epoch": 30}
{"loss": 0.2637632489204407, "acc": 0.8974791765213013, "length": 4.0, "mode": "train", "epoch": 31}
{"loss": 0.26440685987472534, "acc": 0.8976057767868042, "length": 4.0, "mode": "test", "epoch": 31}
{"loss": 0.2561824321746826, "acc": 0.9020366072654724, "length": 3.999969720840454, "mode": "train", "epoch": 32}
{"loss": 0.27301156520843506, "acc": 0.8947616219520569, "length": 4.0, "mode": "test", "epoch": 32}
{"loss": 0.261185884475708, "acc": 0.9012510776519775, "length": 4.0, "mode": "train", "epoch": 33}
{"loss": 0.25858062505722046, "acc": 0.9015752077102661, "length": 4.0, "mode": "test", "epoch": 33}
{"loss": 0.2560187876224518, "acc": 0.902825117111206, "length": 4.0, "mode": "train", "epoch": 34}
{"loss": 0.2611779272556305, "acc": 0.9009161591529846, "length": 4.0, "mode": "test", "epoch": 34}
{"loss": 0.2506900429725647, "acc": 0.9050518274307251, "length": 3.999999523162842, "mode": "train", "epoch": 35}
{"loss": 0.2438054084777832, "acc": 0.9084028005599976, "length": 4.0, "mode": "test", "epoch": 35}
{"loss": 0.24349422752857208, "acc": 0.9085527658462524, "length": 3.999999523162842, "mode": "train", "epoch": 36}
{"loss": 0.25091445446014404, "acc": 0.9071193933486938, "length": 4.0, "mode": "test", "epoch": 36}
{"loss": 0.24244439601898193, "acc": 0.9091701507568359, "length": 4.0, "mode": "train", "epoch": 37}
{"loss": 0.24576744437217712, "acc": 0.9085289239883423, "length": 4.0, "mode": "test", "epoch": 37}
{"loss": 0.23804250359535217, "acc": 0.9120408296585083, "length": 4.0, "mode": "train", "epoch": 38}
{"loss": 0.23258206248283386, "acc": 0.9145485162734985, "length": 4.0, "mode": "test", "epoch": 38}
{"loss": 0.22911617159843445, "acc": 0.917237401008606, "length": 3.9999992847442627, "mode": "train", "epoch": 39}
{"loss": 0.23288048803806305, "acc": 0.9179832339286804, "length": 4.0, "mode": "test", "epoch": 39}
{"loss": 0.2256636917591095, "acc": 0.9193665981292725, "length": 4.0, "mode": "train", "epoch": 40}
{"loss": 0.22875729203224182, "acc": 0.9188435673713684, "length": 4.0, "mode": "test", "epoch": 40}
{"loss": 0.22759738564491272, "acc": 0.9183824062347412, "length": 4.0, "mode": "train", "epoch": 41}
{"loss": 0.2288619726896286, "acc": 0.9185790419578552, "length": 4.0, "mode": "test", "epoch": 41}
{"loss": 0.22238187491893768, "acc": 0.9209452867507935, "length": 4.0, "mode": "train", "epoch": 42}
{"loss": 0.2282162457704544, "acc": 0.9201109409332275, "length": 4.0, "mode": "test", "epoch": 42}
{"loss": 0.2232179492712021, "acc": 0.9211115837097168, "length": 3.999999523162842, "mode": "train", "epoch": 43}
{"loss": 0.22081872820854187, "acc": 0.9232503175735474, "length": 4.0, "mode": "test", "epoch": 43}
{"loss": 0.22160890698432922, "acc": 0.9222397208213806, "length": 4.0, "mode": "train", "epoch": 44}
{"loss": 0.22155699133872986, "acc": 0.9245715141296387, "length": 4.0, "mode": "test", "epoch": 44}
{"loss": 0.22147269546985626, "acc": 0.9224388599395752, "length": 4.0, "mode": "train", "epoch": 45}
{"loss": 0.22110825777053833, "acc": 0.9244400858879089, "length": 4.0, "mode": "test", "epoch": 45}
{"loss": 0.2148340493440628, "acc": 0.9258952736854553, "length": 4.0, "mode": "train", "epoch": 46}
{"loss": 0.21891668438911438, "acc": 0.9259666204452515, "length": 4.0, "mode": "test", "epoch": 46}
{"loss": 0.21204856038093567, "acc": 0.9274014234542847, "length": 4.0, "mode": "train", "epoch": 47}
{"loss": 0.21466563642024994, "acc": 0.9281556606292725, "length": 4.0, "mode": "test", "epoch": 47}
{"loss": 0.21067847311496735, "acc": 0.9279583692550659, "length": 4.0, "mode": "train", "epoch": 48}
{"loss": 0.21279045939445496, "acc": 0.9278388619422913, "length": 4.0, "mode": "test", "epoch": 48}
{"loss": 0.20628254115581512, "acc": 0.9304714202880859, "length": 4.0, "mode": "train", "epoch": 49}
{"loss": 0.2092050313949585, "acc": 0.9298872947692871, "length": 4.0, "mode": "test", "epoch": 49}
{"loss": 0.20539025962352753, "acc": 0.9311590790748596, "length": 4.0, "mode": "train", "epoch": 50}
{"loss": 0.2080419361591339, "acc": 0.9308701157569885, "length": 4.0, "mode": "test", "epoch": 50}
{"loss": 0.2062550038099289, "acc": 0.9308885931968689, "length": 4.0, "mode": "train", "epoch": 51}
{"loss": 0.21189911663532257, "acc": 0.9292247891426086, "length": 4.0, "mode": "test", "epoch": 51}
{"loss": 0.20637601613998413, "acc": 0.9307540059089661, "length": 4.0, "mode": "train", "epoch": 52}
{"loss": 0.21144631505012512, "acc": 0.9304327964782715, "length": 4.0, "mode": "test", "epoch": 52}
{"loss": 0.20942455530166626, "acc": 0.9289910197257996, "length": 4.0, "mode": "train", "epoch": 53}
{"loss": 0.2143230140209198, "acc": 0.9277506470680237, "length": 4.0, "mode": "test", "epoch": 53}
{"loss": 0.2100045382976532, "acc": 0.9289442896842957, "length": 4.0, "mode": "train", "epoch": 54}
{"loss": 0.2109103500843048, "acc": 0.9297217726707458, "length": 4.0, "mode": "test", "epoch": 54}
{"loss": 0.2035411298274994, "acc": 0.9316463470458984, "length": 4.0, "mode": "train", "epoch": 55}
{"loss": 0.20780670642852783, "acc": 0.931001603603363, "length": 4.0, "mode": "test", "epoch": 55}
{"loss": 0.20138120651245117, "acc": 0.9326184391975403, "length": 4.0, "mode": "train", "epoch": 56}
{"loss": 0.20205381512641907, "acc": 0.9332517385482788, "length": 4.0, "mode": "test", "epoch": 56}
{"loss": 0.2003304362297058, "acc": 0.933285653591156, "length": 4.0, "mode": "train", "epoch": 57}
{"loss": 0.20478156208992004, "acc": 0.931939423084259, "length": 4.0, "mode": "test", "epoch": 57}
{"loss": 0.20078352093696594, "acc": 0.9330163598060608, "length": 4.0, "mode": "train", "epoch": 58}
{"loss": 0.20746643841266632, "acc": 0.9311906695365906, "length": 4.0, "mode": "test", "epoch": 58}
{"loss": 0.20192208886146545, "acc": 0.9322463870048523, "length": 4.0, "mode": "train", "epoch": 59}
{"loss": 0.20948578417301178, "acc": 0.9296351671218872, "length": 4.0, "mode": "test", "epoch": 59}
{"loss": 0.21242059767246246, "acc": 0.9270913004875183, "length": 4.0, "mode": "train", "epoch": 60}
{"loss": 0.20892463624477386, "acc": 0.9291654825210571, "length": 4.0, "mode": "test", "epoch": 60}
test accuracy: 0.9267178177833557
