# ["--attributes=3", "--values=16", "--game_size=10", "--vocab_size_factor=3", "--n_epochs=60", "--batch_size=128", "--learning_rate=0.001", "--hidden_size=128", "--temp_update=0.99", "--temperature=1"]
Creating train_ds and val_ds...

Creating test_ds...
{"loss": 0.531114399433136, "acc": 0.7312037348747253, "length": 3.9839024543762207, "mode": "train", "epoch": 1}
{"loss": 0.4340415298938751, "acc": 0.816739022731781, "length": 4.0, "mode": "test", "epoch": 1}
{"loss": 0.4079647958278656, "acc": 0.8216670155525208, "length": 3.9999279975891113, "mode": "train", "epoch": 2}
{"loss": 0.37966686487197876, "acc": 0.8381022810935974, "length": 4.0, "mode": "test", "epoch": 2}
{"loss": 0.3709142208099365, "acc": 0.8439286351203918, "length": 3.999988079071045, "mode": "train", "epoch": 3}
{"loss": 0.35760819911956787, "acc": 0.8565736413002014, "length": 4.0, "mode": "test", "epoch": 3}
{"loss": 0.352361798286438, "acc": 0.856233537197113, "length": 3.99999737739563, "mode": "train", "epoch": 4}
{"loss": 0.3423475921154022, "acc": 0.8627695441246033, "length": 4.0, "mode": "test", "epoch": 4}
{"loss": 0.33082810044288635, "acc": 0.8695496916770935, "length": 3.9999842643737793, "mode": "train", "epoch": 5}
{"loss": 0.31232061982154846, "acc": 0.8794470429420471, "length": 4.0, "mode": "test", "epoch": 5}
{"loss": 0.3179982602596283, "acc": 0.8759221434593201, "length": 3.999998092651367, "mode": "train", "epoch": 6}
{"loss": 0.313716322183609, "acc": 0.8818160891532898, "length": 4.0, "mode": "test", "epoch": 6}
{"loss": 0.30468499660491943, "acc": 0.8824477195739746, "length": 3.9999985694885254, "mode": "train", "epoch": 7}
{"loss": 0.3062474727630615, "acc": 0.8816840052604675, "length": 4.0, "mode": "test", "epoch": 7}
{"loss": 0.3008688688278198, "acc": 0.8842979669570923, "length": 3.9999988079071045, "mode": "train", "epoch": 8}
{"loss": 0.29370951652526855, "acc": 0.8884928226470947, "length": 4.0, "mode": "test", "epoch": 8}
{"loss": 0.2983497977256775, "acc": 0.8855933547019958, "length": 3.9999992847442627, "mode": "train", "epoch": 9}
{"loss": 0.30088895559310913, "acc": 0.8843623995780945, "length": 4.0, "mode": "test", "epoch": 9}
{"loss": 0.30178332328796387, "acc": 0.8837161660194397, "length": 3.999999523162842, "mode": "train", "epoch": 10}
{"loss": 0.30851617455482483, "acc": 0.879727303981781, "length": 4.0, "mode": "test", "epoch": 10}
{"loss": 0.2948668599128723, "acc": 0.8866093754768372, "length": 4.0, "mode": "train", "epoch": 11}
{"loss": 0.2847633957862854, "acc": 0.8914279937744141, "length": 4.0, "mode": "test", "epoch": 11}
{"loss": 0.28710687160491943, "acc": 0.8905354738235474, "length": 4.0, "mode": "train", "epoch": 12}
{"loss": 0.2824713885784149, "acc": 0.8922508358955383, "length": 4.0, "mode": "test", "epoch": 12}
{"loss": 0.284752756357193, "acc": 0.8907803893089294, "length": 4.0, "mode": "train", "epoch": 13}
{"loss": 0.28460127115249634, "acc": 0.8922796845436096, "length": 4.0, "mode": "test", "epoch": 13}
{"loss": 0.2849213778972626, "acc": 0.8915077447891235, "length": 4.0, "mode": "train", "epoch": 14}
{"loss": 0.2842559516429901, "acc": 0.8926991820335388, "length": 4.0, "mode": "test", "epoch": 14}
{"loss": 0.2859777808189392, "acc": 0.8901939392089844, "length": 4.0, "mode": "train", "epoch": 15}
{"loss": 0.28605884313583374, "acc": 0.8914134502410889, "length": 4.0, "mode": "test", "epoch": 15}
{"loss": 0.28901010751724243, "acc": 0.8889555931091309, "length": 4.0, "mode": "train", "epoch": 16}
{"loss": 0.28064337372779846, "acc": 0.8925201892852783, "length": 4.0, "mode": "test", "epoch": 16}
{"loss": 0.27756309509277344, "acc": 0.893784761428833, "length": 4.0, "mode": "train", "epoch": 17}
{"loss": 0.27791112661361694, "acc": 0.8945277333259583, "length": 4.0, "mode": "test", "epoch": 17}
{"loss": 0.27716976404190063, "acc": 0.8942514657974243, "length": 4.0, "mode": "train", "epoch": 18}
{"loss": 0.2765671908855438, "acc": 0.8964861631393433, "length": 4.0, "mode": "test", "epoch": 18}
{"loss": 0.2699846625328064, "acc": 0.89752596616745, "length": 4.0, "mode": "train", "epoch": 19}
{"loss": 0.26300978660583496, "acc": 0.9009730219841003, "length": 4.0, "mode": "test", "epoch": 19}
{"loss": 0.2665899991989136, "acc": 0.8995789885520935, "length": 4.0, "mode": "train", "epoch": 20}
{"loss": 0.2606993317604065, "acc": 0.9032715559005737, "length": 4.0, "mode": "test", "epoch": 20}
{"loss": 0.2645464539527893, "acc": 0.9003422856330872, "length": 4.0, "mode": "train", "epoch": 21}
{"loss": 0.27078384160995483, "acc": 0.8972474336624146, "length": 4.0, "mode": "test", "epoch": 21}
{"loss": 0.2657829523086548, "acc": 0.8997345566749573, "length": 4.0, "mode": "train", "epoch": 22}
{"loss": 0.26116496324539185, "acc": 0.9029713273048401, "length": 4.0, "mode": "test", "epoch": 22}
{"loss": 0.25730112195014954, "acc": 0.9045313596725464, "length": 4.0, "mode": "train", "epoch": 23}
{"loss": 0.25368979573249817, "acc": 0.907474160194397, "length": 4.0, "mode": "test", "epoch": 23}
{"loss": 0.25536006689071655, "acc": 0.9055960178375244, "length": 4.0, "mode": "train", "epoch": 24}
{"loss": 0.25455981492996216, "acc": 0.9062663316726685, "length": 4.0, "mode": "test", "epoch": 24}
{"loss": 0.2592233717441559, "acc": 0.9036641716957092, "length": 4.0, "mode": "train", "epoch": 25}
{"loss": 0.25653794407844543, "acc": 0.9049641489982605, "length": 4.0, "mode": "test", "epoch": 25}
{"loss": 0.26031729578971863, "acc": 0.9029303789138794, "length": 4.0, "mode": "train", "epoch": 26}
{"loss": 0.2654745578765869, "acc": 0.9016565680503845, "length": 4.0, "mode": "test", "epoch": 26}
{"loss": 0.2599870264530182, "acc": 0.9032420516014099, "length": 4.0, "mode": "train", "epoch": 27}
{"loss": 0.256559282541275, "acc": 0.9041557312011719, "length": 4.0, "mode": "test", "epoch": 27}
{"loss": 0.26156848669052124, "acc": 0.9025653600692749, "length": 4.0, "mode": "train", "epoch": 28}
{"loss": 0.2566930949687958, "acc": 0.9057582020759583, "length": 4.0, "mode": "test", "epoch": 28}
{"loss": 0.2583066523075104, "acc": 0.9040540456771851, "length": 4.0, "mode": "train", "epoch": 29}
{"loss": 0.258576899766922, "acc": 0.9051631689071655, "length": 4.0, "mode": "test", "epoch": 29}
{"loss": 0.257933109998703, "acc": 0.9037020802497864, "length": 4.0, "mode": "train", "epoch": 30}
{"loss": 0.2508296072483063, "acc": 0.9074130058288574, "length": 4.0, "mode": "test", "epoch": 30}
{"loss": 0.2521345913410187, "acc": 0.9068319201469421, "length": 4.0, "mode": "train", "epoch": 31}
{"loss": 0.26663365960121155, "acc": 0.901902437210083, "length": 4.0, "mode": "test", "epoch": 31}
{"loss": 0.25617679953575134, "acc": 0.9053775072097778, "length": 4.0, "mode": "train", "epoch": 32}
{"loss": 0.25804370641708374, "acc": 0.9048050045967102, "length": 4.0, "mode": "test", "epoch": 32}
{"loss": 0.2527967691421509, "acc": 0.9072708487510681, "length": 4.0, "mode": "train", "epoch": 33}
{"loss": 0.25237733125686646, "acc": 0.9089264869689941, "length": 4.0, "mode": "test", "epoch": 33}
{"loss": 0.2505093216896057, "acc": 0.9078070521354675, "length": 4.0, "mode": "train", "epoch": 34}
{"loss": 0.2519482970237732, "acc": 0.9085213541984558, "length": 4.0, "mode": "test", "epoch": 34}
{"loss": 0.2529730796813965, "acc": 0.9064012765884399, "length": 4.0, "mode": "train", "epoch": 35}
{"loss": 0.2519832253456116, "acc": 0.9081542491912842, "length": 4.0, "mode": "test", "epoch": 35}
{"loss": 0.25222015380859375, "acc": 0.9067694544792175, "length": 4.0, "mode": "train", "epoch": 36}
{"loss": 0.2600380778312683, "acc": 0.9058919548988342, "length": 4.0, "mode": "test", "epoch": 36}
{"loss": 0.25139251351356506, "acc": 0.9073230028152466, "length": 4.0, "mode": "train", "epoch": 37}
{"loss": 0.24694199860095978, "acc": 0.9105033874511719, "length": 4.0, "mode": "test", "epoch": 37}
{"loss": 0.24153737723827362, "acc": 0.9119523167610168, "length": 4.0, "mode": "train", "epoch": 38}
{"loss": 0.23816096782684326, "acc": 0.9146898984909058, "length": 4.0, "mode": "test", "epoch": 38}
{"loss": 0.2403721958398819, "acc": 0.9123559594154358, "length": 4.0, "mode": "train", "epoch": 39}
{"loss": 0.24021245539188385, "acc": 0.9133066534996033, "length": 4.0, "mode": "test", "epoch": 39}
{"loss": 0.24016639590263367, "acc": 0.912929892539978, "length": 4.0, "mode": "train", "epoch": 40}
{"loss": 0.237774059176445, "acc": 0.9160987734794617, "length": 4.0, "mode": "test", "epoch": 40}
{"loss": 0.24258925020694733, "acc": 0.9116875529289246, "length": 4.0, "mode": "train", "epoch": 41}
{"loss": 0.24122683703899384, "acc": 0.9133499264717102, "length": 4.0, "mode": "test", "epoch": 41}
{"loss": 0.24182702600955963, "acc": 0.9118641018867493, "length": 4.0, "mode": "train", "epoch": 42}
{"loss": 0.24035292863845825, "acc": 0.9129791855812073, "length": 4.0, "mode": "test", "epoch": 42}
{"loss": 0.23561476171016693, "acc": 0.9143770337104797, "length": 4.0, "mode": "train", "epoch": 43}
{"loss": 0.23795929551124573, "acc": 0.9145814180374146, "length": 4.0, "mode": "test", "epoch": 43}
{"loss": 0.23813121020793915, "acc": 0.9133707284927368, "length": 4.0, "mode": "train", "epoch": 44}
{"loss": 0.2370375394821167, "acc": 0.9146412014961243, "length": 4.0, "mode": "test", "epoch": 44}
{"loss": 0.23751577734947205, "acc": 0.9137586951255798, "length": 4.0, "mode": "train", "epoch": 45}
{"loss": 0.2338518351316452, "acc": 0.9156901240348816, "length": 4.0, "mode": "test", "epoch": 45}
{"loss": 0.24225278198719025, "acc": 0.9116676449775696, "length": 4.0, "mode": "train", "epoch": 46}
{"loss": 0.23755624890327454, "acc": 0.9152271747589111, "length": 4.0, "mode": "test", "epoch": 46}
{"loss": 0.23837313055992126, "acc": 0.9138204455375671, "length": 4.0, "mode": "train", "epoch": 47}
{"loss": 0.2387678623199463, "acc": 0.9145146012306213, "length": 4.0, "mode": "test", "epoch": 47}
{"loss": 0.241093248128891, "acc": 0.9123744368553162, "length": 4.0, "mode": "train", "epoch": 48}
{"loss": 0.2374720573425293, "acc": 0.9144909977912903, "length": 4.0, "mode": "test", "epoch": 48}
{"loss": 0.237967848777771, "acc": 0.9132909774780273, "length": 4.0, "mode": "train", "epoch": 49}
{"loss": 0.236507385969162, "acc": 0.9146864414215088, "length": 4.0, "mode": "test", "epoch": 49}
{"loss": 0.23672328889369965, "acc": 0.9131298661231995, "length": 4.0, "mode": "train", "epoch": 50}
{"loss": 0.24266859889030457, "acc": 0.9122703671455383, "length": 4.0, "mode": "test", "epoch": 50}
{"loss": 0.23331695795059204, "acc": 0.9157384634017944, "length": 4.0, "mode": "train", "epoch": 51}
{"loss": 0.22801944613456726, "acc": 0.9181948304176331, "length": 4.0, "mode": "test", "epoch": 51}
{"loss": 0.2304295301437378, "acc": 0.9165239930152893, "length": 4.0, "mode": "train", "epoch": 52}
{"loss": 0.22941341996192932, "acc": 0.9191767573356628, "length": 4.0, "mode": "test", "epoch": 52}
{"loss": 0.23208369314670563, "acc": 0.9158958196640015, "length": 4.0, "mode": "train", "epoch": 53}
{"loss": 0.2347799837589264, "acc": 0.9154296517372131, "length": 4.0, "mode": "test", "epoch": 53}
{"loss": 0.23305803537368774, "acc": 0.9153048992156982, "length": 4.0, "mode": "train", "epoch": 54}
{"loss": 0.23133988678455353, "acc": 0.9170501232147217, "length": 4.0, "mode": "test", "epoch": 54}
{"loss": 0.23164495825767517, "acc": 0.9167628884315491, "length": 4.0, "mode": "train", "epoch": 55}
{"loss": 0.228942409157753, "acc": 0.9180302619934082, "length": 4.0, "mode": "test", "epoch": 55}
{"loss": 0.22844170033931732, "acc": 0.9180960655212402, "length": 4.0, "mode": "train", "epoch": 56}
{"loss": 0.23058855533599854, "acc": 0.9181061387062073, "length": 4.0, "mode": "test", "epoch": 56}
{"loss": 0.23315487802028656, "acc": 0.9165911674499512, "length": 4.0, "mode": "train", "epoch": 57}
{"loss": 0.23357760906219482, "acc": 0.916178286075592, "length": 4.0, "mode": "test", "epoch": 57}
{"loss": 0.23598764836788177, "acc": 0.9151650071144104, "length": 4.0, "mode": "train", "epoch": 58}
{"loss": 0.23380465805530548, "acc": 0.9165365695953369, "length": 4.0, "mode": "test", "epoch": 58}
{"loss": 0.23019422590732574, "acc": 0.9173652529716492, "length": 4.0, "mode": "train", "epoch": 59}
{"loss": 0.23034101724624634, "acc": 0.9187591075897217, "length": 4.0, "mode": "test", "epoch": 59}
{"loss": 0.228505939245224, "acc": 0.9180612564086914, "length": 4.0, "mode": "train", "epoch": 60}
{"loss": 0.23411060869693756, "acc": 0.9159088730812073, "length": 4.0, "mode": "test", "epoch": 60}
test accuracy: 0.9107363224029541
