# ["--attributes=3", "--values=16", "--game_size=10", "--vocab_size_factor=3", "--n_epochs=60", "--batch_size=128", "--learning_rate=0.001", "--hidden_size=256", "--temp_update=0.99", "--temperature=2"]
Creating train_ds and val_ds...

Creating test_ds...
{"loss": 0.5121954679489136, "acc": 0.7432966232299805, "length": 3.8369431495666504, "mode": "train", "epoch": 1}
{"loss": 0.4084298610687256, "acc": 0.8149070143699646, "length": 4.0, "mode": "test", "epoch": 1}
{"loss": 0.3414935767650604, "acc": 0.855136513710022, "length": 3.999678373336792, "mode": "train", "epoch": 2}
{"loss": 0.3525664508342743, "acc": 0.8369683027267456, "length": 4.0, "mode": "test", "epoch": 2}
{"loss": 0.29503369331359863, "acc": 0.8760033249855042, "length": 3.9999032020568848, "mode": "train", "epoch": 3}
{"loss": 0.30199915170669556, "acc": 0.8682780861854553, "length": 4.0, "mode": "test", "epoch": 3}
{"loss": 0.27061939239501953, "acc": 0.8902541399002075, "length": 3.999946355819702, "mode": "train", "epoch": 4}
{"loss": 0.28502243757247925, "acc": 0.883742094039917, "length": 4.0, "mode": "test", "epoch": 4}
{"loss": 0.23306846618652344, "acc": 0.9127208590507507, "length": 3.999969959259033, "mode": "train", "epoch": 5}
{"loss": 0.23858565092086792, "acc": 0.9102087616920471, "length": 4.0, "mode": "test", "epoch": 5}
{"loss": 0.21423466503620148, "acc": 0.9205296635627747, "length": 3.9999845027923584, "mode": "train", "epoch": 6}
{"loss": 0.22280266880989075, "acc": 0.917500376701355, "length": 4.0, "mode": "test", "epoch": 6}
{"loss": 0.20764286816120148, "acc": 0.9221187233924866, "length": 3.999990224838257, "mode": "train", "epoch": 7}
{"loss": 0.22692018747329712, "acc": 0.9140788316726685, "length": 4.0, "mode": "test", "epoch": 7}
{"loss": 0.19419313967227936, "acc": 0.9279987812042236, "length": 3.9999940395355225, "mode": "train", "epoch": 8}
{"loss": 0.20871365070343018, "acc": 0.9234393239021301, "length": 4.0, "mode": "test", "epoch": 8}
{"loss": 0.18969756364822388, "acc": 0.930283784866333, "length": 3.9999961853027344, "mode": "train", "epoch": 9}
{"loss": 0.20607449114322662, "acc": 0.921169638633728, "length": 4.0, "mode": "test", "epoch": 9}
{"loss": 0.1857878565788269, "acc": 0.9318787455558777, "length": 3.999997854232788, "mode": "train", "epoch": 10}
{"loss": 0.20522460341453552, "acc": 0.9251881241798401, "length": 4.0, "mode": "test", "epoch": 10}
{"loss": 0.18233172595500946, "acc": 0.9332815408706665, "length": 3.9999988079071045, "mode": "train", "epoch": 11}
{"loss": 0.19027213752269745, "acc": 0.9310258030891418, "length": 4.0, "mode": "test", "epoch": 11}
{"loss": 0.19664229452610016, "acc": 0.9278801679611206, "length": 3.999995470046997, "mode": "train", "epoch": 12}
{"loss": 0.19952937960624695, "acc": 0.9260488152503967, "length": 4.0, "mode": "test", "epoch": 12}
{"loss": 0.18032315373420715, "acc": 0.934106171131134, "length": 3.999999523162842, "mode": "train", "epoch": 13}
{"loss": 0.19415974617004395, "acc": 0.9292370676994324, "length": 4.0, "mode": "test", "epoch": 13}
{"loss": 0.17753463983535767, "acc": 0.934772789478302, "length": 4.0, "mode": "train", "epoch": 14}
{"loss": 0.1854713410139084, "acc": 0.9324652552604675, "length": 4.0, "mode": "test", "epoch": 14}
{"loss": 0.1775856912136078, "acc": 0.9345079064369202, "length": 4.0, "mode": "train", "epoch": 15}
{"loss": 0.1909332275390625, "acc": 0.9303041100502014, "length": 4.0, "mode": "test", "epoch": 15}
{"loss": 0.17784801125526428, "acc": 0.9347175359725952, "length": 4.0, "mode": "train", "epoch": 16}
{"loss": 0.1830972284078598, "acc": 0.9347313046455383, "length": 4.0, "mode": "test", "epoch": 16}
{"loss": 0.1682358831167221, "acc": 0.9395955204963684, "length": 4.0, "mode": "train", "epoch": 17}
{"loss": 0.1848398745059967, "acc": 0.9345431327819824, "length": 4.0, "mode": "test", "epoch": 17}
{"loss": 0.16568686068058014, "acc": 0.9418585300445557, "length": 4.0, "mode": "train", "epoch": 18}
{"loss": 0.17959997057914734, "acc": 0.9380589127540588, "length": 4.0, "mode": "test", "epoch": 18}
{"loss": 0.15825699269771576, "acc": 0.9449003338813782, "length": 4.0, "mode": "train", "epoch": 19}
{"loss": 0.16520936787128448, "acc": 0.9437445402145386, "length": 4.0, "mode": "test", "epoch": 19}
{"loss": 0.1575208455324173, "acc": 0.9451310634613037, "length": 4.0, "mode": "train", "epoch": 20}
{"loss": 0.16565556824207306, "acc": 0.9430158138275146, "length": 4.0, "mode": "test", "epoch": 20}
{"loss": 0.15464259684085846, "acc": 0.9463294744491577, "length": 4.0, "mode": "train", "epoch": 21}
{"loss": 0.17654724419116974, "acc": 0.9371203184127808, "length": 4.0, "mode": "test", "epoch": 21}
{"loss": 0.15427447855472565, "acc": 0.9465270638465881, "length": 4.0, "mode": "train", "epoch": 22}
{"loss": 0.1623213142156601, "acc": 0.944661557674408, "length": 4.0, "mode": "test", "epoch": 22}
{"loss": 0.15378788113594055, "acc": 0.9465618133544922, "length": 4.0, "mode": "train", "epoch": 23}
{"loss": 0.16635850071907043, "acc": 0.9421911835670471, "length": 4.0, "mode": "test", "epoch": 23}
{"loss": 0.15034684538841248, "acc": 0.9477770328521729, "length": 4.0, "mode": "train", "epoch": 24}
{"loss": 0.1559411585330963, "acc": 0.9460775852203369, "length": 4.0, "mode": "test", "epoch": 24}
{"loss": 0.15176856517791748, "acc": 0.9472211599349976, "length": 4.0, "mode": "train", "epoch": 25}
{"loss": 0.15833063423633575, "acc": 0.9464824795722961, "length": 4.0, "mode": "test", "epoch": 25}
{"loss": 0.15130680799484253, "acc": 0.9473929405212402, "length": 4.0, "mode": "train", "epoch": 26}
{"loss": 0.1650484800338745, "acc": 0.9437606930732727, "length": 4.0, "mode": "test", "epoch": 26}
{"loss": 0.15038736164569855, "acc": 0.9479476809501648, "length": 4.0, "mode": "train", "epoch": 27}
{"loss": 0.1569022834300995, "acc": 0.9472709894180298, "length": 4.0, "mode": "test", "epoch": 27}
{"loss": 0.14454598724842072, "acc": 0.9502768516540527, "length": 4.0, "mode": "train", "epoch": 28}
{"loss": 0.15294380486011505, "acc": 0.9497035145759583, "length": 4.0, "mode": "test", "epoch": 28}
{"loss": 0.1479329764842987, "acc": 0.9495508670806885, "length": 4.0, "mode": "train", "epoch": 29}
{"loss": 0.17136040329933167, "acc": 0.9434261918067932, "length": 4.0, "mode": "test", "epoch": 29}
{"loss": 0.14335042238235474, "acc": 0.9518836140632629, "length": 4.0, "mode": "train", "epoch": 30}
{"loss": 0.14657557010650635, "acc": 0.9523491263389587, "length": 4.0, "mode": "test", "epoch": 30}
{"loss": 0.1410827487707138, "acc": 0.9525824189186096, "length": 4.0, "mode": "train", "epoch": 31}
{"loss": 0.15013739466667175, "acc": 0.9502440690994263, "length": 4.0, "mode": "test", "epoch": 31}
{"loss": 0.14384599030017853, "acc": 0.9516236186027527, "length": 4.0, "mode": "train", "epoch": 32}
{"loss": 0.15506550669670105, "acc": 0.9481337070465088, "length": 4.0, "mode": "test", "epoch": 32}
{"loss": 0.1426158845424652, "acc": 0.9522696733474731, "length": 4.0, "mode": "train", "epoch": 33}
{"loss": 0.15298855304718018, "acc": 0.9500541687011719, "length": 4.0, "mode": "test", "epoch": 33}
{"loss": 0.13847008347511292, "acc": 0.9536404609680176, "length": 4.0, "mode": "train", "epoch": 34}
{"loss": 0.14759624004364014, "acc": 0.9508880376815796, "length": 4.0, "mode": "test", "epoch": 34}
{"loss": 0.13569599390029907, "acc": 0.9544821977615356, "length": 4.0, "mode": "train", "epoch": 35}
{"loss": 0.1436402052640915, "acc": 0.9537997245788574, "length": 4.0, "mode": "test", "epoch": 35}
{"loss": 0.1376284956932068, "acc": 0.9540385007858276, "length": 4.0, "mode": "train", "epoch": 36}
{"loss": 0.15589658915996552, "acc": 0.9482982158660889, "length": 4.0, "mode": "test", "epoch": 36}
{"loss": 0.14215335249900818, "acc": 0.9528299570083618, "length": 4.0, "mode": "train", "epoch": 37}
{"loss": 0.1451749950647354, "acc": 0.9524829983711243, "length": 4.0, "mode": "test", "epoch": 37}
{"loss": 0.14663837850093842, "acc": 0.9503716230392456, "length": 4.0, "mode": "train", "epoch": 38}
{"loss": 0.14728346467018127, "acc": 0.9517577886581421, "length": 4.0, "mode": "test", "epoch": 38}
{"loss": 0.1398657113313675, "acc": 0.9528377056121826, "length": 4.0, "mode": "train", "epoch": 39}
{"loss": 0.14457286894321442, "acc": 0.9528030157089233, "length": 4.0, "mode": "test", "epoch": 39}
{"loss": 0.13640926778316498, "acc": 0.9547236561775208, "length": 4.0, "mode": "train", "epoch": 40}
{"loss": 0.14320264756679535, "acc": 0.9538519382476807, "length": 4.0, "mode": "test", "epoch": 40}
{"loss": 0.1348457634449005, "acc": 0.9554345607757568, "length": 4.0, "mode": "train", "epoch": 41}
{"loss": 0.13867734372615814, "acc": 0.9552012085914612, "length": 4.0, "mode": "test", "epoch": 41}
{"loss": 0.13731718063354492, "acc": 0.9545682072639465, "length": 4.0, "mode": "train", "epoch": 42}
{"loss": 0.14227652549743652, "acc": 0.9544180631637573, "length": 4.0, "mode": "test", "epoch": 42}
{"loss": 0.13102594017982483, "acc": 0.9567687511444092, "length": 4.0, "mode": "train", "epoch": 43}
{"loss": 0.1359861195087433, "acc": 0.9560401439666748, "length": 4.0, "mode": "test", "epoch": 43}
{"loss": 0.13137240707874298, "acc": 0.9568385481834412, "length": 4.0, "mode": "train", "epoch": 44}
{"loss": 0.1406044065952301, "acc": 0.9551396369934082, "length": 4.0, "mode": "test", "epoch": 44}
{"loss": 0.1301756352186203, "acc": 0.9571211934089661, "length": 4.0, "mode": "train", "epoch": 45}
{"loss": 0.13532255589962006, "acc": 0.9568177461624146, "length": 4.0, "mode": "test", "epoch": 45}
{"loss": 0.12872414290905, "acc": 0.9575884342193604, "length": 4.0, "mode": "train", "epoch": 46}
{"loss": 0.13675206899642944, "acc": 0.9563639163970947, "length": 4.0, "mode": "test", "epoch": 46}
{"loss": 0.1318184733390808, "acc": 0.9566342830657959, "length": 4.0, "mode": "train", "epoch": 47}
{"loss": 0.13934455811977386, "acc": 0.9551178216934204, "length": 4.0, "mode": "test", "epoch": 47}
{"loss": 0.13031795620918274, "acc": 0.9573433995246887, "length": 4.0, "mode": "train", "epoch": 48}
{"loss": 0.1379404217004776, "acc": 0.9560818076133728, "length": 4.0, "mode": "test", "epoch": 48}
{"loss": 0.12836231291294098, "acc": 0.9578717947006226, "length": 4.0, "mode": "train", "epoch": 49}
{"loss": 0.135455921292305, "acc": 0.9568468928337097, "length": 4.0, "mode": "test", "epoch": 49}
{"loss": 0.12859539687633514, "acc": 0.9578574299812317, "length": 4.0, "mode": "train", "epoch": 50}
{"loss": 0.13628727197647095, "acc": 0.9566028118133545, "length": 4.0, "mode": "test", "epoch": 50}
{"loss": 0.1314893364906311, "acc": 0.9570840001106262, "length": 4.0, "mode": "train", "epoch": 51}
{"loss": 0.153518944978714, "acc": 0.9512550830841064, "length": 4.0, "mode": "test", "epoch": 51}
{"loss": 0.12959223985671997, "acc": 0.9575050473213196, "length": 4.0, "mode": "train", "epoch": 52}
{"loss": 0.13921329379081726, "acc": 0.9557726383209229, "length": 4.0, "mode": "test", "epoch": 52}
{"loss": 0.1279907375574112, "acc": 0.9580303430557251, "length": 4.0, "mode": "train", "epoch": 53}
{"loss": 0.13343851268291473, "acc": 0.9576244950294495, "length": 4.0, "mode": "test", "epoch": 53}
{"loss": 0.12692299485206604, "acc": 0.9584638476371765, "length": 4.0, "mode": "train", "epoch": 54}
{"loss": 0.13077190518379211, "acc": 0.9575846195220947, "length": 4.0, "mode": "test", "epoch": 54}
{"loss": 0.12762519717216492, "acc": 0.9581713676452637, "length": 4.0, "mode": "train", "epoch": 55}
{"loss": 0.13556531071662903, "acc": 0.9568702578544617, "length": 4.0, "mode": "test", "epoch": 55}
{"loss": 0.1273646503686905, "acc": 0.9583917856216431, "length": 4.0, "mode": "train", "epoch": 56}
{"loss": 0.13420270383358002, "acc": 0.9573856592178345, "length": 4.0, "mode": "test", "epoch": 56}
{"loss": 0.12708154320716858, "acc": 0.9583888053894043, "length": 4.0, "mode": "train", "epoch": 57}
{"loss": 0.13451328873634338, "acc": 0.957396388053894, "length": 4.0, "mode": "test", "epoch": 57}
{"loss": 0.12758737802505493, "acc": 0.9584301710128784, "length": 4.0, "mode": "train", "epoch": 58}
{"loss": 0.13493452966213226, "acc": 0.9574562311172485, "length": 4.0, "mode": "test", "epoch": 58}
{"loss": 0.12595321238040924, "acc": 0.9586457014083862, "length": 4.0, "mode": "train", "epoch": 59}
{"loss": 0.1427728235721588, "acc": 0.9536982178688049, "length": 4.0, "mode": "test", "epoch": 59}
{"loss": 0.12878890335559845, "acc": 0.9580638408660889, "length": 4.0, "mode": "train", "epoch": 60}
{"loss": 0.13340097665786743, "acc": 0.9575448632240295, "length": 4.0, "mode": "test", "epoch": 60}
test accuracy: 0.9485284090042114
