# ["--attributes=3", "--values=16", "--game_size=10", "--vocab_size_factor=3", "--n_epochs=60", "--batch_size=128", "--learning_rate=0.001", "--hidden_size=256", "--temp_update=0.97", "--temperature=2"]
Creating train_ds and val_ds...

Creating test_ds...
{"loss": 0.5172001123428345, "acc": 0.7337150573730469, "length": 3.718383312225342, "mode": "train", "epoch": 1}
{"loss": 0.3880247473716736, "acc": 0.8367820978164673, "length": 4.0, "mode": "test", "epoch": 1}
{"loss": 0.33517327904701233, "acc": 0.8637005686759949, "length": 3.9998912811279297, "mode": "train", "epoch": 2}
{"loss": 0.3204154372215271, "acc": 0.8765518069267273, "length": 4.0, "mode": "test", "epoch": 2}
{"loss": 0.2721329629421234, "acc": 0.8970523476600647, "length": 3.9999732971191406, "mode": "train", "epoch": 3}
{"loss": 0.2764544188976288, "acc": 0.8988697528839111, "length": 4.0, "mode": "test", "epoch": 3}
{"loss": 0.24754281342029572, "acc": 0.9099565148353577, "length": 3.9999871253967285, "mode": "train", "epoch": 4}
{"loss": 0.2484917789697647, "acc": 0.9103134274482727, "length": 4.0, "mode": "test", "epoch": 4}
{"loss": 0.23666790127754211, "acc": 0.9144324064254761, "length": 3.999994993209839, "mode": "train", "epoch": 5}
{"loss": 0.23833218216896057, "acc": 0.9154296517372131, "length": 4.0, "mode": "test", "epoch": 5}
{"loss": 0.23332996666431427, "acc": 0.91595858335495, "length": 3.9999985694885254, "mode": "train", "epoch": 6}
{"loss": 0.2497306615114212, "acc": 0.9136900305747986, "length": 4.0, "mode": "test", "epoch": 6}
{"loss": 0.23224276304244995, "acc": 0.9163696765899658, "length": 3.999999523162842, "mode": "train", "epoch": 7}
{"loss": 0.23305770754814148, "acc": 0.9180049300193787, "length": 4.0, "mode": "test", "epoch": 7}
{"loss": 0.227524995803833, "acc": 0.9179147481918335, "length": 4.0, "mode": "train", "epoch": 8}
{"loss": 0.22590743005275726, "acc": 0.9190194010734558, "length": 4.0, "mode": "test", "epoch": 8}
{"loss": 0.2362784594297409, "acc": 0.9143097996711731, "length": 4.0, "mode": "train", "epoch": 9}
{"loss": 0.23666487634181976, "acc": 0.9150227308273315, "length": 4.0, "mode": "test", "epoch": 9}
{"loss": 0.22666245698928833, "acc": 0.918179452419281, "length": 4.0, "mode": "train", "epoch": 10}
{"loss": 0.22876179218292236, "acc": 0.9184514284133911, "length": 4.0, "mode": "test", "epoch": 10}
{"loss": 0.2260531187057495, "acc": 0.9180495738983154, "length": 4.0, "mode": "train", "epoch": 11}
{"loss": 0.23172953724861145, "acc": 0.9172398447990417, "length": 4.0, "mode": "test", "epoch": 11}
{"loss": 0.22775469720363617, "acc": 0.917767345905304, "length": 4.0, "mode": "train", "epoch": 12}
{"loss": 0.23472584784030914, "acc": 0.9186251759529114, "length": 4.0, "mode": "test", "epoch": 12}
{"loss": 0.23797494173049927, "acc": 0.9129640460014343, "length": 4.0, "mode": "train", "epoch": 13}
{"loss": 0.23985740542411804, "acc": 0.9122613072395325, "length": 4.0, "mode": "test", "epoch": 13}
{"loss": 0.2351769506931305, "acc": 0.9146232604980469, "length": 4.0, "mode": "train", "epoch": 14}
{"loss": 0.23480650782585144, "acc": 0.9169903993606567, "length": 4.0, "mode": "test", "epoch": 14}
{"loss": 0.2354493886232376, "acc": 0.916289210319519, "length": 4.0, "mode": "train", "epoch": 15}
{"loss": 0.22749172151088715, "acc": 0.9199886918067932, "length": 4.0, "mode": "test", "epoch": 15}
{"loss": 0.22377851605415344, "acc": 0.9200543165206909, "length": 4.0, "mode": "train", "epoch": 16}
{"loss": 0.22513054311275482, "acc": 0.9210087060928345, "length": 4.0, "mode": "test", "epoch": 16}
{"loss": 0.22066427767276764, "acc": 0.921217143535614, "length": 4.0, "mode": "train", "epoch": 17}
{"loss": 0.21875321865081787, "acc": 0.922518789768219, "length": 4.0, "mode": "test", "epoch": 17}
{"loss": 0.2157095968723297, "acc": 0.9225084185600281, "length": 4.0, "mode": "train", "epoch": 18}
{"loss": 0.2226262241601944, "acc": 0.9214012622833252, "length": 4.0, "mode": "test", "epoch": 18}
{"loss": 0.21839724481105804, "acc": 0.9218904972076416, "length": 4.0, "mode": "train", "epoch": 19}
{"loss": 0.22066035866737366, "acc": 0.9224679470062256, "length": 4.0, "mode": "test", "epoch": 19}
{"loss": 0.21746638417243958, "acc": 0.9223091006278992, "length": 4.0, "mode": "train", "epoch": 20}
{"loss": 0.21812283992767334, "acc": 0.9230052828788757, "length": 4.0, "mode": "test", "epoch": 20}
{"loss": 0.21986673772335052, "acc": 0.921612560749054, "length": 4.0, "mode": "train", "epoch": 21}
{"loss": 0.21984560787677765, "acc": 0.9228641390800476, "length": 4.0, "mode": "test", "epoch": 21}
{"loss": 0.21745100617408752, "acc": 0.9222604036331177, "length": 4.0, "mode": "train", "epoch": 22}
{"loss": 0.22127504646778107, "acc": 0.9227232336997986, "length": 4.0, "mode": "test", "epoch": 22}
{"loss": 0.2161453515291214, "acc": 0.9227765798568726, "length": 4.0, "mode": "train", "epoch": 23}
{"loss": 0.22122927010059357, "acc": 0.9219509959220886, "length": 4.0, "mode": "test", "epoch": 23}
{"loss": 0.21589498221874237, "acc": 0.9227796196937561, "length": 4.0, "mode": "train", "epoch": 24}
{"loss": 0.21744580566883087, "acc": 0.9232963919639587, "length": 4.0, "mode": "test", "epoch": 24}
{"loss": 0.2145119309425354, "acc": 0.9231706857681274, "length": 4.0, "mode": "train", "epoch": 25}
{"loss": 0.22475144267082214, "acc": 0.9215748310089111, "length": 4.0, "mode": "test", "epoch": 25}
{"loss": 0.2187272310256958, "acc": 0.9216912984848022, "length": 4.0, "mode": "train", "epoch": 26}
{"loss": 0.21711066365242004, "acc": 0.923490047454834, "length": 4.0, "mode": "test", "epoch": 26}
{"loss": 0.21574699878692627, "acc": 0.9227285385131836, "length": 4.0, "mode": "train", "epoch": 27}
{"loss": 0.22568005323410034, "acc": 0.9197590351104736, "length": 4.0, "mode": "test", "epoch": 27}
{"loss": 0.21673811972141266, "acc": 0.9224901795387268, "length": 4.0, "mode": "train", "epoch": 28}
{"loss": 0.21825291216373444, "acc": 0.9230884313583374, "length": 4.0, "mode": "test", "epoch": 28}
{"loss": 0.2174849957227707, "acc": 0.9223735332489014, "length": 4.0, "mode": "train", "epoch": 29}
{"loss": 0.21662233769893646, "acc": 0.9236327409744263, "length": 4.0, "mode": "test", "epoch": 29}
{"loss": 0.21356213092803955, "acc": 0.9235256314277649, "length": 4.0, "mode": "train", "epoch": 30}
{"loss": 0.21754691004753113, "acc": 0.9235676527023315, "length": 4.0, "mode": "test", "epoch": 30}
{"loss": 0.21587897837162018, "acc": 0.9227110743522644, "length": 4.0, "mode": "train", "epoch": 31}
{"loss": 0.2149779051542282, "acc": 0.9246111512184143, "length": 4.0, "mode": "test", "epoch": 31}
{"loss": 0.21587052941322327, "acc": 0.9227814078330994, "length": 4.0, "mode": "train", "epoch": 32}
{"loss": 0.21360597014427185, "acc": 0.9241589903831482, "length": 4.0, "mode": "test", "epoch": 32}
{"loss": 0.21501167118549347, "acc": 0.9229697585105896, "length": 4.0, "mode": "train", "epoch": 33}
{"loss": 0.2153574824333191, "acc": 0.9243869781494141, "length": 4.0, "mode": "test", "epoch": 33}
{"loss": 0.2129046618938446, "acc": 0.9236520528793335, "length": 4.0, "mode": "train", "epoch": 34}
{"loss": 0.21218059957027435, "acc": 0.9250940680503845, "length": 4.0, "mode": "test", "epoch": 34}
{"loss": 0.21304447948932648, "acc": 0.9237675070762634, "length": 4.0, "mode": "train", "epoch": 35}
{"loss": 0.21613065898418427, "acc": 0.9240089058876038, "length": 4.0, "mode": "test", "epoch": 35}
{"loss": 0.21407386660575867, "acc": 0.923315703868866, "length": 4.0, "mode": "train", "epoch": 36}
{"loss": 0.21710443496704102, "acc": 0.9228262305259705, "length": 4.0, "mode": "test", "epoch": 36}
{"loss": 0.21321097016334534, "acc": 0.9234811663627625, "length": 4.0, "mode": "train", "epoch": 37}
{"loss": 0.21517035365104675, "acc": 0.9229927062988281, "length": 4.0, "mode": "test", "epoch": 37}
{"loss": 0.21358269453048706, "acc": 0.9240942597389221, "length": 4.0, "mode": "train", "epoch": 38}
{"loss": 0.21364891529083252, "acc": 0.9252422451972961, "length": 4.0, "mode": "test", "epoch": 38}
{"loss": 0.21392887830734253, "acc": 0.9240527153015137, "length": 4.0, "mode": "train", "epoch": 39}
{"loss": 0.21666252613067627, "acc": 0.9256275296211243, "length": 4.0, "mode": "test", "epoch": 39}
{"loss": 0.2097083032131195, "acc": 0.9267625212669373, "length": 4.0, "mode": "train", "epoch": 40}
{"loss": 0.2076331377029419, "acc": 0.9284396767616272, "length": 4.0, "mode": "test", "epoch": 40}
{"loss": 0.20573242008686066, "acc": 0.9285445809364319, "length": 4.0, "mode": "train", "epoch": 41}
{"loss": 0.21142855286598206, "acc": 0.9273510575294495, "length": 4.0, "mode": "test", "epoch": 41}
{"loss": 0.2059260606765747, "acc": 0.9295762777328491, "length": 4.0, "mode": "train", "epoch": 42}
{"loss": 0.2052651047706604, "acc": 0.9312427639961243, "length": 4.0, "mode": "test", "epoch": 42}
{"loss": 0.20209845900535583, "acc": 0.9315977692604065, "length": 4.0, "mode": "train", "epoch": 43}
{"loss": 0.1978697031736374, "acc": 0.9336262345314026, "length": 4.0, "mode": "test", "epoch": 43}
{"loss": 0.1981135904788971, "acc": 0.9328702092170715, "length": 4.0, "mode": "train", "epoch": 44}
{"loss": 0.20012015104293823, "acc": 0.9334654211997986, "length": 4.0, "mode": "test", "epoch": 44}
{"loss": 0.20419320464134216, "acc": 0.9309848546981812, "length": 4.0, "mode": "train", "epoch": 45}
{"loss": 0.20451392233371735, "acc": 0.9315139651298523, "length": 4.0, "mode": "test", "epoch": 45}
{"loss": 0.1998279094696045, "acc": 0.932503879070282, "length": 4.0, "mode": "train", "epoch": 46}
{"loss": 0.19791026413440704, "acc": 0.9337022304534912, "length": 4.0, "mode": "test", "epoch": 46}
{"loss": 0.20064221322536469, "acc": 0.9320281147956848, "length": 4.0, "mode": "train", "epoch": 47}
{"loss": 0.20729884505271912, "acc": 0.9309335350990295, "length": 4.0, "mode": "test", "epoch": 47}
{"loss": 0.2037661224603653, "acc": 0.9318329691886902, "length": 4.0, "mode": "train", "epoch": 48}
{"loss": 0.20382927358150482, "acc": 0.9325321316719055, "length": 4.0, "mode": "test", "epoch": 48}
{"loss": 0.20241893827915192, "acc": 0.9317627549171448, "length": 4.0, "mode": "train", "epoch": 49}
{"loss": 0.20329520106315613, "acc": 0.9325827956199646, "length": 4.0, "mode": "test", "epoch": 49}
{"loss": 0.2044902890920639, "acc": 0.9313071966171265, "length": 4.0, "mode": "train", "epoch": 50}
{"loss": 0.19835445284843445, "acc": 0.9347077012062073, "length": 4.0, "mode": "test", "epoch": 50}
{"loss": 0.20056983828544617, "acc": 0.9320670366287231, "length": 4.0, "mode": "train", "epoch": 51}
{"loss": 0.20175759494304657, "acc": 0.9332484006881714, "length": 4.0, "mode": "test", "epoch": 51}
{"loss": 0.2004929929971695, "acc": 0.9317812919616699, "length": 4.0, "mode": "train", "epoch": 52}
{"loss": 0.20449186861515045, "acc": 0.9311649203300476, "length": 4.0, "mode": "test", "epoch": 52}
{"loss": 0.20134544372558594, "acc": 0.9315744042396545, "length": 4.0, "mode": "train", "epoch": 53}
{"loss": 0.19774799048900604, "acc": 0.9344871640205383, "length": 4.0, "mode": "test", "epoch": 53}
{"loss": 0.20138370990753174, "acc": 0.9311760663986206, "length": 4.0, "mode": "train", "epoch": 54}
{"loss": 0.2008964568376541, "acc": 0.9323060512542725, "length": 4.0, "mode": "test", "epoch": 54}
{"loss": 0.20059415698051453, "acc": 0.9320966005325317, "length": 4.0, "mode": "train", "epoch": 55}
{"loss": 0.20322275161743164, "acc": 0.9323586225509644, "length": 4.0, "mode": "test", "epoch": 55}
{"loss": 0.19929131865501404, "acc": 0.9327120184898376, "length": 4.0, "mode": "train", "epoch": 56}
{"loss": 0.19625639915466309, "acc": 0.9347330927848816, "length": 4.0, "mode": "test", "epoch": 56}
{"loss": 0.19759300351142883, "acc": 0.9337239265441895, "length": 4.0, "mode": "train", "epoch": 57}
{"loss": 0.19665558636188507, "acc": 0.9347023963928223, "length": 4.0, "mode": "test", "epoch": 57}
{"loss": 0.19530737400054932, "acc": 0.9345855712890625, "length": 4.0, "mode": "train", "epoch": 58}
{"loss": 0.1933853179216385, "acc": 0.9353931546211243, "length": 4.0, "mode": "test", "epoch": 58}
{"loss": 0.19696584343910217, "acc": 0.9337499141693115, "length": 4.0, "mode": "train", "epoch": 59}
{"loss": 0.19877196848392487, "acc": 0.9338070750236511, "length": 4.0, "mode": "test", "epoch": 59}
{"loss": 0.19634924829006195, "acc": 0.934062123298645, "length": 4.0, "mode": "train", "epoch": 60}
{"loss": 0.197563037276268, "acc": 0.9347529411315918, "length": 4.0, "mode": "test", "epoch": 60}
test accuracy: 0.9346004724502563
