# ["--attributes=3", "--values=16", "--game_size=10", "--vocab_size_factor=3", "--n_epochs=60", "--batch_size=128", "--learning_rate=0.001", "--hidden_size=256", "--temp_update=0.99", "--temperature=1"]
Creating train_ds and val_ds...

Creating test_ds...
{"loss": 0.5059201717376709, "acc": 0.7385357022285461, "length": 3.8294601440429688, "mode": "train", "epoch": 1}
{"loss": 0.45454317331314087, "acc": 0.7725481986999512, "length": 4.0, "mode": "test", "epoch": 1}
{"loss": 0.44359588623046875, "acc": 0.7736612558364868, "length": 3.999898672103882, "mode": "train", "epoch": 2}
{"loss": 0.44425514340400696, "acc": 0.7727857828140259, "length": 4.0, "mode": "test", "epoch": 2}
{"loss": 0.43988311290740967, "acc": 0.7742060422897339, "length": 3.999969959259033, "mode": "train", "epoch": 3}
{"loss": 0.44243186712265015, "acc": 0.7725536823272705, "length": 4.0, "mode": "test", "epoch": 3}
{"loss": 0.4350590407848358, "acc": 0.7767449021339417, "length": 3.9999914169311523, "mode": "train", "epoch": 4}
{"loss": 0.43189361691474915, "acc": 0.7787514925003052, "length": 4.0, "mode": "test", "epoch": 4}
{"loss": 0.4073927700519562, "acc": 0.8023501634597778, "length": 3.999981164932251, "mode": "train", "epoch": 5}
{"loss": 0.355503648519516, "acc": 0.8396871089935303, "length": 4.0, "mode": "test", "epoch": 5}
{"loss": 0.3194967806339264, "acc": 0.8656940460205078, "length": 3.999973773956299, "mode": "train", "epoch": 6}
{"loss": 0.30941838026046753, "acc": 0.8741756081581116, "length": 4.0, "mode": "test", "epoch": 6}
{"loss": 0.3031933307647705, "acc": 0.8728036880493164, "length": 3.9999969005584717, "mode": "train", "epoch": 7}
{"loss": 0.3048156797885895, "acc": 0.8713385462760925, "length": 4.0, "mode": "test", "epoch": 7}
{"loss": 0.30496567487716675, "acc": 0.8703101873397827, "length": 3.9999985694885254, "mode": "train", "epoch": 8}
{"loss": 0.3033617436885834, "acc": 0.8721828460693359, "length": 4.0, "mode": "test", "epoch": 8}
{"loss": 0.30147039890289307, "acc": 0.8735542893409729, "length": 3.9999992847442627, "mode": "train", "epoch": 9}
{"loss": 0.29971110820770264, "acc": 0.8769387602806091, "length": 4.0, "mode": "test", "epoch": 9}
{"loss": 0.2918674349784851, "acc": 0.8799309730529785, "length": 3.9999959468841553, "mode": "train", "epoch": 10}
{"loss": 0.2896868586540222, "acc": 0.8812967538833618, "length": 4.0, "mode": "test", "epoch": 10}
{"loss": 0.2855721712112427, "acc": 0.8818975687026978, "length": 3.9999985694885254, "mode": "train", "epoch": 11}
{"loss": 0.2848503291606903, "acc": 0.8817737698554993, "length": 4.0, "mode": "test", "epoch": 11}
{"loss": 0.28494006395339966, "acc": 0.8817698955535889, "length": 4.0, "mode": "train", "epoch": 12}
{"loss": 0.28735724091529846, "acc": 0.8816298842430115, "length": 4.0, "mode": "test", "epoch": 12}
{"loss": 0.2831483781337738, "acc": 0.8826085329055786, "length": 4.0, "mode": "train", "epoch": 13}
{"loss": 0.28555575013160706, "acc": 0.881766676902771, "length": 4.0, "mode": "test", "epoch": 13}
{"loss": 0.2823542058467865, "acc": 0.8829349279403687, "length": 4.0, "mode": "train", "epoch": 14}
{"loss": 0.2815127670764923, "acc": 0.8835307955741882, "length": 4.0, "mode": "test", "epoch": 14}
{"loss": 0.2796403765678406, "acc": 0.8834260106086731, "length": 4.0, "mode": "train", "epoch": 15}
{"loss": 0.2806415855884552, "acc": 0.8830555081367493, "length": 4.0, "mode": "test", "epoch": 15}
{"loss": 0.2783447206020355, "acc": 0.8834776878356934, "length": 4.0, "mode": "train", "epoch": 16}
{"loss": 0.27994778752326965, "acc": 0.8837305307388306, "length": 4.0, "mode": "test", "epoch": 16}
{"loss": 0.2810856103897095, "acc": 0.882597029209137, "length": 4.0, "mode": "train", "epoch": 17}
{"loss": 0.2767657935619354, "acc": 0.8847780823707581, "length": 4.0, "mode": "test", "epoch": 17}
{"loss": 0.2773965299129486, "acc": 0.8845310807228088, "length": 4.0, "mode": "train", "epoch": 18}
{"loss": 0.275693416595459, "acc": 0.8867457509040833, "length": 4.0, "mode": "test", "epoch": 18}
{"loss": 0.27028316259384155, "acc": 0.8883328437805176, "length": 4.0, "mode": "train", "epoch": 19}
{"loss": 0.262715220451355, "acc": 0.8940396904945374, "length": 4.0, "mode": "test", "epoch": 19}
{"loss": 0.2490050345659256, "acc": 0.9036368727684021, "length": 3.999999523162842, "mode": "train", "epoch": 20}
{"loss": 0.24022528529167175, "acc": 0.9103327393531799, "length": 4.0, "mode": "test", "epoch": 20}
{"loss": 0.23873917758464813, "acc": 0.9104794263839722, "length": 4.0, "mode": "train", "epoch": 21}
{"loss": 0.23308789730072021, "acc": 0.9144890308380127, "length": 4.0, "mode": "test", "epoch": 21}
{"loss": 0.22943374514579773, "acc": 0.914513349533081, "length": 4.0, "mode": "train", "epoch": 22}
{"loss": 0.22901034355163574, "acc": 0.9156358242034912, "length": 4.0, "mode": "test", "epoch": 22}
{"loss": 0.22877801954746246, "acc": 0.9148948788642883, "length": 4.0, "mode": "train", "epoch": 23}
{"loss": 0.2293725311756134, "acc": 0.9149103164672852, "length": 4.0, "mode": "test", "epoch": 23}
{"loss": 0.22635085880756378, "acc": 0.9156003594398499, "length": 4.0, "mode": "train", "epoch": 24}
{"loss": 0.23042063415050507, "acc": 0.9168364405632019, "length": 4.0, "mode": "test", "epoch": 24}
{"loss": 0.21618472039699554, "acc": 0.9234288930892944, "length": 3.999999523162842, "mode": "train", "epoch": 25}
{"loss": 0.22268947958946228, "acc": 0.9272608757019043, "length": 4.0, "mode": "test", "epoch": 25}
{"loss": 0.1976928412914276, "acc": 0.9324694275856018, "length": 4.0, "mode": "train", "epoch": 26}
{"loss": 0.19487245380878448, "acc": 0.9350644946098328, "length": 4.0, "mode": "test", "epoch": 26}
{"loss": 0.19053508341312408, "acc": 0.9353863596916199, "length": 4.0, "mode": "train", "epoch": 27}
{"loss": 0.19214242696762085, "acc": 0.9366862773895264, "length": 4.0, "mode": "test", "epoch": 27}
{"loss": 0.1936057060956955, "acc": 0.9341915249824524, "length": 4.0, "mode": "train", "epoch": 28}
{"loss": 0.20057313144207, "acc": 0.9344271421432495, "length": 4.0, "mode": "test", "epoch": 28}
{"loss": 0.19144444167613983, "acc": 0.9351651072502136, "length": 4.0, "mode": "train", "epoch": 29}
{"loss": 0.19529175758361816, "acc": 0.9350590705871582, "length": 4.0, "mode": "test", "epoch": 29}
{"loss": 0.18856503069400787, "acc": 0.9364205598831177, "length": 4.0, "mode": "train", "epoch": 30}
{"loss": 0.19101743400096893, "acc": 0.9377267956733704, "length": 4.0, "mode": "test", "epoch": 30}
{"loss": 0.19575050473213196, "acc": 0.9328550696372986, "length": 4.0, "mode": "train", "epoch": 31}
{"loss": 0.19813847541809082, "acc": 0.9344397783279419, "length": 4.0, "mode": "test", "epoch": 31}
{"loss": 0.1887875199317932, "acc": 0.9357289671897888, "length": 4.0, "mode": "train", "epoch": 32}
{"loss": 0.18982680141925812, "acc": 0.9358204007148743, "length": 4.0, "mode": "test", "epoch": 32}
{"loss": 0.19003404676914215, "acc": 0.93571937084198, "length": 4.0, "mode": "train", "epoch": 33}
{"loss": 0.18814246356487274, "acc": 0.9367258548736572, "length": 4.0, "mode": "test", "epoch": 33}
{"loss": 0.18753860890865326, "acc": 0.9364925026893616, "length": 4.0, "mode": "train", "epoch": 34}
{"loss": 0.18633504211902618, "acc": 0.9380580186843872, "length": 4.0, "mode": "test", "epoch": 34}
{"loss": 0.18400320410728455, "acc": 0.9379587173461914, "length": 4.0, "mode": "train", "epoch": 35}
{"loss": 0.18518954515457153, "acc": 0.9390031099319458, "length": 4.0, "mode": "test", "epoch": 35}
{"loss": 0.18480543792247772, "acc": 0.9375260472297668, "length": 4.0, "mode": "train", "epoch": 36}
{"loss": 0.193794384598732, "acc": 0.9356422424316406, "length": 4.0, "mode": "test", "epoch": 36}
{"loss": 0.1888187825679779, "acc": 0.9365867376327515, "length": 4.0, "mode": "train", "epoch": 37}
{"loss": 0.1906125694513321, "acc": 0.937024712562561, "length": 4.0, "mode": "test", "epoch": 37}
{"loss": 0.18515664339065552, "acc": 0.9380311369895935, "length": 4.0, "mode": "train", "epoch": 38}
{"loss": 0.18508978188037872, "acc": 0.9391470551490784, "length": 4.0, "mode": "test", "epoch": 38}
{"loss": 0.18896956741809845, "acc": 0.9362268447875977, "length": 4.0, "mode": "train", "epoch": 39}
{"loss": 0.18820565938949585, "acc": 0.9388231635093689, "length": 4.0, "mode": "test", "epoch": 39}
{"loss": 0.1862315833568573, "acc": 0.9380719065666199, "length": 4.0, "mode": "train", "epoch": 40}
{"loss": 0.18399880826473236, "acc": 0.9396240711212158, "length": 4.0, "mode": "test", "epoch": 40}
{"loss": 0.18352587521076202, "acc": 0.9392014145851135, "length": 4.0, "mode": "train", "epoch": 41}
{"loss": 0.18754050135612488, "acc": 0.9383713006973267, "length": 4.0, "mode": "test", "epoch": 41}
{"loss": 0.18361856043338776, "acc": 0.9387737512588501, "length": 4.0, "mode": "train", "epoch": 42}
{"loss": 0.18662399053573608, "acc": 0.9387961030006409, "length": 4.0, "mode": "test", "epoch": 42}
{"loss": 0.18341267108917236, "acc": 0.9392176270484924, "length": 4.0, "mode": "train", "epoch": 43}
{"loss": 0.17961619794368744, "acc": 0.9408499598503113, "length": 4.0, "mode": "test", "epoch": 43}
{"loss": 0.18495480716228485, "acc": 0.9382123351097107, "length": 4.0, "mode": "train", "epoch": 44}
{"loss": 0.18276990950107574, "acc": 0.9404324293136597, "length": 4.0, "mode": "test", "epoch": 44}
{"loss": 0.18182340264320374, "acc": 0.939549446105957, "length": 4.0, "mode": "train", "epoch": 45}
{"loss": 0.1803901493549347, "acc": 0.9406699538230896, "length": 4.0, "mode": "test", "epoch": 45}
{"loss": 0.1816643923521042, "acc": 0.9395487904548645, "length": 4.0, "mode": "train", "epoch": 46}
{"loss": 0.18789441883563995, "acc": 0.9387583136558533, "length": 4.0, "mode": "test", "epoch": 46}
{"loss": 0.18474110960960388, "acc": 0.9383478760719299, "length": 4.0, "mode": "train", "epoch": 47}
{"loss": 0.18548350036144257, "acc": 0.9401659369468689, "length": 4.0, "mode": "test", "epoch": 47}
{"loss": 0.18143416941165924, "acc": 0.9398366808891296, "length": 4.0, "mode": "train", "epoch": 48}
{"loss": 0.1803613305091858, "acc": 0.9410011768341064, "length": 4.0, "mode": "test", "epoch": 48}
{"loss": 0.17947964370250702, "acc": 0.9405637383460999, "length": 4.0, "mode": "train", "epoch": 49}
{"loss": 0.1807159036397934, "acc": 0.9408895373344421, "length": 4.0, "mode": "test", "epoch": 49}
{"loss": 0.18341240286827087, "acc": 0.9388877153396606, "length": 4.0, "mode": "train", "epoch": 50}
{"loss": 0.186423197388649, "acc": 0.9392336010932922, "length": 4.0, "mode": "test", "epoch": 50}
{"loss": 0.18252068758010864, "acc": 0.9395900964736938, "length": 4.0, "mode": "train", "epoch": 51}
{"loss": 0.18042480945587158, "acc": 0.9417157769203186, "length": 4.0, "mode": "test", "epoch": 51}
{"loss": 0.18151399493217468, "acc": 0.9399728775024414, "length": 4.0, "mode": "train", "epoch": 52}
{"loss": 0.1865537017583847, "acc": 0.9391093254089355, "length": 4.0, "mode": "test", "epoch": 52}
{"loss": 0.182245135307312, "acc": 0.9399039149284363, "length": 4.0, "mode": "train", "epoch": 53}
{"loss": 0.1792946457862854, "acc": 0.9414817690849304, "length": 4.0, "mode": "test", "epoch": 53}
{"loss": 0.1821664571762085, "acc": 0.9396003484725952, "length": 4.0, "mode": "train", "epoch": 54}
{"loss": 0.19140255451202393, "acc": 0.9359122514724731, "length": 4.0, "mode": "test", "epoch": 54}
{"loss": 0.1881432682275772, "acc": 0.9376814365386963, "length": 4.0, "mode": "train", "epoch": 55}
{"loss": 0.18288572132587433, "acc": 0.941011905670166, "length": 4.0, "mode": "test", "epoch": 55}
{"loss": 0.18251356482505798, "acc": 0.9400053024291992, "length": 4.0, "mode": "train", "epoch": 56}
{"loss": 0.18208961188793182, "acc": 0.941051721572876, "length": 4.0, "mode": "test", "epoch": 56}
{"loss": 0.18396995961666107, "acc": 0.9391331076622009, "length": 4.0, "mode": "train", "epoch": 57}
{"loss": 0.18551118671894073, "acc": 0.9388770461082458, "length": 4.0, "mode": "test", "epoch": 57}
{"loss": 0.1812538504600525, "acc": 0.9399993419647217, "length": 4.0, "mode": "train", "epoch": 58}
{"loss": 0.180218905210495, "acc": 0.941082239151001, "length": 4.0, "mode": "test", "epoch": 58}
{"loss": 0.1784457415342331, "acc": 0.9409997463226318, "length": 4.0, "mode": "train", "epoch": 59}
{"loss": 0.17847569286823273, "acc": 0.9415880441665649, "length": 4.0, "mode": "test", "epoch": 59}
{"loss": 0.1843622624874115, "acc": 0.9389261603355408, "length": 4.0, "mode": "train", "epoch": 60}
{"loss": 0.18480925261974335, "acc": 0.9393416047096252, "length": 4.0, "mode": "test", "epoch": 60}
test accuracy: 0.9360532760620117
