# ["--attributes=3", "--values=16", "--game_size=10", "--vocab_size_factor=3", "--n_epochs=60", "--batch_size=128", "--learning_rate=0.0005", "--hidden_size=256", "--temp_update=0.97", "--temperature=1.5"]
Creating train_ds and val_ds...

Creating test_ds...
{"loss": 0.5227817296981812, "acc": 0.7471371293067932, "length": 3.9333322048187256, "mode": "train", "epoch": 1}
{"loss": 0.4333735704421997, "acc": 0.8199400305747986, "length": 4.0, "mode": "test", "epoch": 1}
{"loss": 0.3770468831062317, "acc": 0.8469482660293579, "length": 3.9997997283935547, "mode": "train", "epoch": 2}
{"loss": 0.363197922706604, "acc": 0.854202926158905, "length": 4.0, "mode": "test", "epoch": 2}
{"loss": 0.31363964080810547, "acc": 0.8787772059440613, "length": 3.9999396800994873, "mode": "train", "epoch": 3}
{"loss": 0.31084123253822327, "acc": 0.8769187331199646, "length": 4.0, "mode": "test", "epoch": 3}
{"loss": 0.26979196071624756, "acc": 0.8986311554908752, "length": 3.9999706745147705, "mode": "train", "epoch": 4}
{"loss": 0.26833924651145935, "acc": 0.8988280892372131, "length": 4.0, "mode": "test", "epoch": 4}
{"loss": 0.24118684232234955, "acc": 0.9106600880622864, "length": 3.999990224838257, "mode": "train", "epoch": 5}
{"loss": 0.2478232979774475, "acc": 0.9069027900695801, "length": 4.0, "mode": "test", "epoch": 5}
{"loss": 0.22166287899017334, "acc": 0.9187082648277283, "length": 3.999995470046997, "mode": "train", "epoch": 6}
{"loss": 0.22984057664871216, "acc": 0.9172688126564026, "length": 4.0, "mode": "test", "epoch": 6}
{"loss": 0.21357488632202148, "acc": 0.921939492225647, "length": 3.999997854232788, "mode": "train", "epoch": 7}
{"loss": 0.22003543376922607, "acc": 0.9207301735877991, "length": 4.0, "mode": "test", "epoch": 7}
{"loss": 0.20665255188941956, "acc": 0.924547016620636, "length": 3.999999523162842, "mode": "train", "epoch": 8}
{"loss": 0.20597392320632935, "acc": 0.9255317449569702, "length": 4.0, "mode": "test", "epoch": 8}
{"loss": 0.20196957886219025, "acc": 0.9261271953582764, "length": 4.0, "mode": "train", "epoch": 9}
{"loss": 0.2072640210390091, "acc": 0.9257416129112244, "length": 4.0, "mode": "test", "epoch": 9}
{"loss": 0.1980573982000351, "acc": 0.9275417923927307, "length": 4.0, "mode": "train", "epoch": 10}
{"loss": 0.20049113035202026, "acc": 0.9277287721633911, "length": 4.0, "mode": "test", "epoch": 10}
{"loss": 0.19615039229393005, "acc": 0.9283813238143921, "length": 4.0, "mode": "train", "epoch": 11}
{"loss": 0.19862772524356842, "acc": 0.9281666278839111, "length": 4.0, "mode": "test", "epoch": 11}
{"loss": 0.1945723444223404, "acc": 0.9289982914924622, "length": 4.0, "mode": "train", "epoch": 12}
{"loss": 0.1966068297624588, "acc": 0.9293150305747986, "length": 4.0, "mode": "test", "epoch": 12}
{"loss": 0.1906750500202179, "acc": 0.930874228477478, "length": 4.0, "mode": "train", "epoch": 13}
{"loss": 0.19102843105793, "acc": 0.9321796298027039, "length": 4.0, "mode": "test", "epoch": 13}
{"loss": 0.18476904928684235, "acc": 0.9343555569648743, "length": 4.0, "mode": "train", "epoch": 14}
{"loss": 0.19059008359909058, "acc": 0.9341887831687927, "length": 4.0, "mode": "test", "epoch": 14}
{"loss": 0.18213523924350739, "acc": 0.9355629086494446, "length": 4.0, "mode": "train", "epoch": 15}
{"loss": 0.19044791162014008, "acc": 0.9327039122581482, "length": 4.0, "mode": "test", "epoch": 15}
{"loss": 0.17962698638439178, "acc": 0.9374898672103882, "length": 4.0, "mode": "train", "epoch": 16}
{"loss": 0.18098366260528564, "acc": 0.9389196038246155, "length": 4.0, "mode": "test", "epoch": 16}
{"loss": 0.17224672436714172, "acc": 0.9410240054130554, "length": 4.0, "mode": "train", "epoch": 17}
{"loss": 0.17341358959674835, "acc": 0.9423320293426514, "length": 4.0, "mode": "test", "epoch": 17}
{"loss": 0.1694195568561554, "acc": 0.9426647424697876, "length": 4.0, "mode": "train", "epoch": 18}
{"loss": 0.16733023524284363, "acc": 0.9451643824577332, "length": 4.0, "mode": "test", "epoch": 18}
{"loss": 0.1635415107011795, "acc": 0.9453184008598328, "length": 4.0, "mode": "train", "epoch": 19}
{"loss": 0.1976860761642456, "acc": 0.9336626529693604, "length": 4.0, "mode": "test", "epoch": 19}
{"loss": 0.16774199903011322, "acc": 0.9440287351608276, "length": 4.0, "mode": "train", "epoch": 20}
{"loss": 0.17163783311843872, "acc": 0.9434552788734436, "length": 4.0, "mode": "test", "epoch": 20}
{"loss": 0.16539157927036285, "acc": 0.9452657103538513, "length": 4.0, "mode": "train", "epoch": 21}
{"loss": 0.1656467318534851, "acc": 0.9469383358955383, "length": 4.0, "mode": "test", "epoch": 21}
{"loss": 0.1575096994638443, "acc": 0.948448657989502, "length": 4.0, "mode": "train", "epoch": 22}
{"loss": 0.15679562091827393, "acc": 0.9501646757125854, "length": 4.0, "mode": "test", "epoch": 22}
{"loss": 0.15449801087379456, "acc": 0.9500876665115356, "length": 4.0, "mode": "train", "epoch": 23}
{"loss": 0.15540574491024017, "acc": 0.9510508179664612, "length": 4.0, "mode": "test", "epoch": 23}
{"loss": 0.15577097237110138, "acc": 0.949468195438385, "length": 4.0, "mode": "train", "epoch": 24}
{"loss": 0.16172076761722565, "acc": 0.9476417303085327, "length": 4.0, "mode": "test", "epoch": 24}
{"loss": 0.15642714500427246, "acc": 0.9493939280509949, "length": 4.0, "mode": "train", "epoch": 25}
{"loss": 0.16505639255046844, "acc": 0.947780966758728, "length": 4.0, "mode": "test", "epoch": 25}
{"loss": 0.1539214551448822, "acc": 0.9502273797988892, "length": 4.0, "mode": "train", "epoch": 26}
{"loss": 0.15329912304878235, "acc": 0.9520308971405029, "length": 4.0, "mode": "test", "epoch": 26}
{"loss": 0.15123897790908813, "acc": 0.9513435959815979, "length": 4.0, "mode": "train", "epoch": 27}
{"loss": 0.15532858669757843, "acc": 0.9518229365348816, "length": 4.0, "mode": "test", "epoch": 27}
{"loss": 0.1501510590314865, "acc": 0.9516035318374634, "length": 4.0, "mode": "train", "epoch": 28}
{"loss": 0.14792272448539734, "acc": 0.9533184170722961, "length": 4.0, "mode": "test", "epoch": 28}
{"loss": 0.15133877098560333, "acc": 0.9515140652656555, "length": 4.0, "mode": "train", "epoch": 29}
{"loss": 0.15220925211906433, "acc": 0.9513599872589111, "length": 4.0, "mode": "test", "epoch": 29}
{"loss": 0.16225646436214447, "acc": 0.9470587372779846, "length": 4.0, "mode": "train", "epoch": 30}
{"loss": 0.17555122077465057, "acc": 0.9428386092185974, "length": 4.0, "mode": "test", "epoch": 30}
{"loss": 0.16648735105991364, "acc": 0.9451991319656372, "length": 4.0, "mode": "train", "epoch": 31}
{"loss": 0.1786780208349228, "acc": 0.9410355687141418, "length": 4.0, "mode": "test", "epoch": 31}
{"loss": 0.16170841455459595, "acc": 0.9474243521690369, "length": 4.0, "mode": "train", "epoch": 32}
{"loss": 0.15791337192058563, "acc": 0.9492332935333252, "length": 4.0, "mode": "test", "epoch": 32}
{"loss": 0.15404348075389862, "acc": 0.9500666260719299, "length": 4.0, "mode": "train", "epoch": 33}
{"loss": 0.16699664294719696, "acc": 0.946574866771698, "length": 4.0, "mode": "test", "epoch": 33}
{"loss": 0.1522882729768753, "acc": 0.9508233666419983, "length": 4.0, "mode": "train", "epoch": 34}
{"loss": 0.15219999849796295, "acc": 0.9523870944976807, "length": 4.0, "mode": "test", "epoch": 34}
{"loss": 0.15390853583812714, "acc": 0.9503486156463623, "length": 4.0, "mode": "train", "epoch": 35}
{"loss": 0.15899154543876648, "acc": 0.9489077925682068, "length": 4.0, "mode": "test", "epoch": 35}
{"loss": 0.1532161682844162, "acc": 0.95095294713974, "length": 4.0, "mode": "train", "epoch": 36}
{"loss": 0.15472352504730225, "acc": 0.9505805969238281, "length": 4.0, "mode": "test", "epoch": 36}
{"loss": 0.1520729959011078, "acc": 0.9514625072479248, "length": 4.0, "mode": "train", "epoch": 37}
{"loss": 0.14776864647865295, "acc": 0.9536693692207336, "length": 4.0, "mode": "test", "epoch": 37}
{"loss": 0.14677052199840546, "acc": 0.953050434589386, "length": 4.0, "mode": "train", "epoch": 38}
{"loss": 0.14536358416080475, "acc": 0.9546259641647339, "length": 4.0, "mode": "test", "epoch": 38}
{"loss": 0.14633136987686157, "acc": 0.953190267086029, "length": 4.0, "mode": "train", "epoch": 39}
{"loss": 0.1469954252243042, "acc": 0.9534306526184082, "length": 4.0, "mode": "test", "epoch": 39}
{"loss": 0.15215720236301422, "acc": 0.9508551359176636, "length": 4.0, "mode": "train", "epoch": 40}
{"loss": 0.15078620612621307, "acc": 0.9523094296455383, "length": 4.0, "mode": "test", "epoch": 40}
{"loss": 0.15139268338680267, "acc": 0.951460599899292, "length": 4.0, "mode": "train", "epoch": 41}
{"loss": 0.1515415757894516, "acc": 0.9523293375968933, "length": 4.0, "mode": "test", "epoch": 41}
{"loss": 0.14819887280464172, "acc": 0.9525991678237915, "length": 4.0, "mode": "train", "epoch": 42}
{"loss": 0.15459126234054565, "acc": 0.9518066048622131, "length": 4.0, "mode": "test", "epoch": 42}
{"loss": 0.14975109696388245, "acc": 0.9520246982574463, "length": 4.0, "mode": "train", "epoch": 43}
{"loss": 0.1457976996898651, "acc": 0.9543349146842957, "length": 4.0, "mode": "test", "epoch": 43}
{"loss": 0.14728327095508575, "acc": 0.9531452655792236, "length": 4.0, "mode": "train", "epoch": 44}
{"loss": 0.1460396945476532, "acc": 0.9541358947753906, "length": 4.0, "mode": "test", "epoch": 44}
{"loss": 0.14624366164207458, "acc": 0.9533456563949585, "length": 4.0, "mode": "train", "epoch": 45}
{"loss": 0.14638422429561615, "acc": 0.9539008736610413, "length": 4.0, "mode": "test", "epoch": 45}
{"loss": 0.14430049061775208, "acc": 0.9539589881896973, "length": 4.0, "mode": "train", "epoch": 46}
{"loss": 0.14469096064567566, "acc": 0.9547797441482544, "length": 4.0, "mode": "test", "epoch": 46}
{"loss": 0.1463320404291153, "acc": 0.9534019827842712, "length": 4.0, "mode": "train", "epoch": 47}
{"loss": 0.1549813151359558, "acc": 0.951618492603302, "length": 4.0, "mode": "test", "epoch": 47}
{"loss": 0.147808238863945, "acc": 0.9527418613433838, "length": 4.0, "mode": "train", "epoch": 48}
{"loss": 0.1444244533777237, "acc": 0.9549135565757751, "length": 4.0, "mode": "test", "epoch": 48}
{"loss": 0.13994266092777252, "acc": 0.9554023742675781, "length": 4.0, "mode": "train", "epoch": 49}
{"loss": 0.1413741260766983, "acc": 0.9562230110168457, "length": 4.0, "mode": "test", "epoch": 49}
{"loss": 0.14119987189769745, "acc": 0.955047070980072, "length": 4.0, "mode": "train", "epoch": 50}
{"loss": 0.14465387165546417, "acc": 0.9550273418426514, "length": 4.0, "mode": "test", "epoch": 50}
{"loss": 0.14285749197006226, "acc": 0.9544011950492859, "length": 4.0, "mode": "train", "epoch": 51}
{"loss": 0.14345280826091766, "acc": 0.9547056555747986, "length": 4.0, "mode": "test", "epoch": 51}
{"loss": 0.1483788639307022, "acc": 0.9523087739944458, "length": 4.0, "mode": "train", "epoch": 52}
{"loss": 0.15016774833202362, "acc": 0.9521122574806213, "length": 4.0, "mode": "test", "epoch": 52}
{"loss": 0.1498282253742218, "acc": 0.952125608921051, "length": 4.0, "mode": "train", "epoch": 53}
{"loss": 0.15413901209831238, "acc": 0.9517415165901184, "length": 4.0, "mode": "test", "epoch": 53}
{"loss": 0.14408069849014282, "acc": 0.9541438817977905, "length": 4.0, "mode": "train", "epoch": 54}
{"loss": 0.14188045263290405, "acc": 0.9556894898414612, "length": 4.0, "mode": "test", "epoch": 54}
{"loss": 0.14217431843280792, "acc": 0.9547631144523621, "length": 4.0, "mode": "train", "epoch": 55}
{"loss": 0.14275462925434113, "acc": 0.9556693434715271, "length": 4.0, "mode": "test", "epoch": 55}
{"loss": 0.1392197608947754, "acc": 0.9557905793190002, "length": 4.0, "mode": "train", "epoch": 56}
{"loss": 0.13982945680618286, "acc": 0.956251859664917, "length": 4.0, "mode": "test", "epoch": 56}
{"loss": 0.1394978016614914, "acc": 0.9555210471153259, "length": 4.0, "mode": "train", "epoch": 57}
{"loss": 0.14490331709384918, "acc": 0.9549949169158936, "length": 4.0, "mode": "test", "epoch": 57}
{"loss": 0.13909189403057098, "acc": 0.9558745622634888, "length": 4.0, "mode": "train", "epoch": 58}
{"loss": 0.1382235586643219, "acc": 0.9570945501327515, "length": 4.0, "mode": "test", "epoch": 58}
{"loss": 0.1355302780866623, "acc": 0.9569456577301025, "length": 4.0, "mode": "train", "epoch": 59}
{"loss": 0.13963329792022705, "acc": 0.9569081664085388, "length": 4.0, "mode": "test", "epoch": 59}
{"loss": 0.14192551374435425, "acc": 0.9549412727355957, "length": 4.0, "mode": "train", "epoch": 60}
{"loss": 0.14118634164333344, "acc": 0.9562011361122131, "length": 4.0, "mode": "test", "epoch": 60}
test accuracy: 0.954529345035553
